[15:35:08] 단지서버(홈넷) Ping 정상! (단지서버 IP-127.0.0.1)
[15:35:08] 단지서버(홈넷) Ping 정상! (단지서버 IP-127.0.0.1)
[15:35:10] 10061 에러!
[15:35:20] 10061 에러!
[15:35:30] 10061 에러!
[15:35:37] 단지서버(홈넷) Ping 정상! (단지서버 IP-127.0.0.1)
[15:35:37] 단지서버(홈넷) Ping 정상! (단지서버 IP-127.0.0.1)
[15:35:39] 10061 에러!
[15:35:40] 홈넷전송가능 LPR: 11
[15:35:42] 10061 에러!
[15:35:44] 홈넷전송가능 LPR: 11
[15:35:46] 10061 에러!
[15:35:49] 10061 에러!
[15:36:29] 단지서버(홈넷) Ping 정상! (단지서버 IP-127.0.0.1)
[15:36:29] 단지서버(홈넷) Ping 정상! (단지서버 IP-10.22.33.1)
[15:36:29] 10.22.33.1:42140 연결
[15:36:32] 홈넷전송가능 LPR: 11
[15:36:32] {"command":"alert_incar","data":[{"dong":"애플","ho":"영업","car_number":"02가9999","date_time":"20200907153632"}]}
[15:38:43] 홈넷전송가능 LPR: 11
[15:38:43] {"command":"alert_incar","data":[{"dong":"811","ho":"101","car_number":"18우2876","date_time":"20200907153843"}]}
[15:39:03] 10053 에러!
[15:39:34] 단지서버(홈넷) Ping 정상! (단지서버 IP-127.0.0.1)
[15:39:34] 단지서버(홈넷) Ping 정상! (단지서버 IP-10.22.33.1)
[15:39:34] 10.22.33.1:42140 연결
[15:39:38] 홈넷전송가능 LPR: 11
[15:39:38] {"command":"alert_incar","data":[{"dong":"811","ho":"101","car_number":"18우2876","date_time":"20200907153938"}]}
[15:40:20] 10061 에러!
[15:40:26] 10061 에러!
[15:40:30] 10061 에러!
[15:40:36] 10061 에러!
[15:40:40] 10061 에러!
[15:40:46] 10061 에러!
[15:40:50] 10061 에러!
[15:40:56] 10061 에러!
[15:41:00] 10061 에러!
[15:41:06] 10061 에러!
[15:41:10] 10061 에러!
[15:41:16] 10061 에러!
[15:41:20] 10061 에러!
[15:41:26] 10061 에러!
[15:41:30] 10061 에러!
[15:41:36] 10061 에러!
[15:41:40] 10061 에러!
[15:41:46] 10061 에러!
[15:41:50] 10061 에러!
[15:41:56] 10061 에러!
[15:42:00] 10061 에러!
[15:42:06] 10061 에러!
[15:42:10] 10061 에러!
[15:42:16] 10061 에러!
[15:42:20] 10061 에러!
[15:42:26] 10061 에러!
[15:42:30] 10061 에러!
[15:42:36] 10061 에러!
[15:42:40] 10061 에러!
[15:42:46] 10061 에러!
[15:42:50] 10061 에러!
[15:42:56] 10061 에러!
[15:43:00] 10061 에러!
[15:43:06] 10061 에러!
[15:43:10] 10061 에러!
[15:43:16] 10061 에러!
[15:43:20] 10061 에러!
[15:43:26] 10061 에러!
[15:43:30] 10061 에러!
[15:43:36] 10061 에러!
[15:43:40] 10061 에러!
[15:43:46] 10061 에러!
[15:43:50] 10061 에러!
[15:43:56] 10061 에러!
[15:44:00] 10061 에러!
[15:44:06] 10061 에러!
[15:44:10] 10061 에러!
[15:44:16] 10061 에러!
[15:44:20] 10061 에러!
[15:44:26] 10061 에러!
[15:44:30] 10061 에러!
[15:44:36] 10061 에러!
[15:44:40] 10061 에러!
[15:44:46] 10061 에러!
[15:44:50] 10061 에러!
[15:44:56] 10061 에러!
[15:45:00] 10061 에러!
[15:45:06] 10061 에러!
[15:45:10] 10061 에러!
[15:45:16] 10061 에러!
[15:45:20] 10061 에러!
[15:45:26] 10061 에러!
[15:45:30] 10061 에러!
[15:45:36] 10061 에러!
[15:45:40] 10061 에러!
[15:45:46] 10061 에러!
[15:45:50] 10061 에러!
[15:45:56] 10061 에러!
[15:46:00] 10061 에러!
[15:46:06] 10061 에러!
[15:46:10] 10061 에러!
[15:46:16] 10061 에러!
[15:46:20] 10061 에러!
[15:46:26] 10061 에러!
[15:46:30] 10061 에러!
[15:46:36] 10061 에러!
[15:46:40] 10061 에러!
[15:46:46] 10061 에러!
[15:46:50] 10061 에러!
[15:46:56] 10061 에러!
[15:47:00] 10061 에러!
[15:47:06] 10061 에러!
[15:47:10] 10061 에러!
[15:47:16] 10061 에러!
[15:47:20] 10061 에러!
[15:47:26] 10061 에러!
[15:47:30] 10061 에러!
[15:47:36] 10061 에러!
[15:47:40] 10061 에러!
[15:47:46] 10061 에러!
[15:47:50] 10061 에러!
[15:47:56] 10061 에러!
[15:48:00] 10061 에러!
[15:48:06] 10061 에러!
[15:48:10] 10061 에러!
[15:48:16] 10061 에러!
[15:48:20] 10061 에러!
[15:48:26] 10061 에러!
[15:48:30] 10061 에러!
[15:48:36] 10061 에러!
[15:48:40] 10061 에러!
[15:48:46] 10061 에러!
[15:48:50] 10061 에러!
[15:48:56] 10061 에러!
[15:49:00] 10061 에러!
[15:49:06] 10061 에러!
[15:49:10] 10061 에러!
[15:49:16] 10061 에러!
[15:49:20] 10061 에러!
[15:49:26] 10061 에러!
[15:49:30] 10061 에러!
[15:49:36] 10061 에러!
[15:49:40] 10061 에러!
[15:49:46] 10061 에러!
[15:49:50] 10061 에러!
[15:49:56] 10061 에러!
[15:50:00] 10061 에러!
[15:50:06] 10061 에러!
[15:50:10] 10061 에러!
[15:50:16] 10061 에러!
[15:50:20] 10061 에러!
[15:50:26] 10061 에러!
[15:50:30] 10061 에러!
[15:50:36] 10061 에러!
[15:50:40] 10061 에러!
[15:50:46] 10061 에러!
[15:50:50] 10061 에러!
[15:50:56] 10061 에러!
[15:51:00] 10061 에러!
[15:51:06] 10061 에러!
[15:51:10] 10061 에러!
[15:51:16] 10061 에러!
[15:51:20] 10061 에러!
[15:51:26] 10061 에러!
[15:51:30] 10061 에러!
[15:51:36] 10061 에러!
[15:51:40] 10061 에러!
[15:51:46] 10061 에러!
[15:51:50] 10061 에러!
[15:51:56] 10061 에러!
[15:52:00] 10061 에러!
[15:52:06] 10061 에러!
[15:52:10] 10061 에러!
[15:52:16] 10061 에러!
[15:52:20] 10061 에러!
[15:52:26] 10061 에러!
[15:52:30] 10061 에러!
[15:52:36] 10061 에러!
[15:52:40] 10061 에러!
[15:52:46] 10061 에러!
[15:52:50] 10061 에러!
[15:52:56] 10061 에러!
[15:53:00] 10061 에러!
[15:53:06] 10061 에러!
[15:53:10] 10061 에러!
[15:53:16] 10061 에러!
[15:53:20] 10061 에러!
[15:53:26] 10061 에러!
[15:53:30] 10061 에러!
[15:53:36] 10061 에러!
[15:53:40] 10061 에러!
[15:53:46] 10061 에러!
[15:53:50] 10061 에러!
[15:53:56] 10061 에러!
[15:54:00] 10061 에러!
[15:54:06] 10061 에러!
[15:54:10] 10061 에러!
[15:54:16] 10061 에러!
[15:54:20] 10061 에러!
[15:54:26] 10061 에러!
[15:54:30] 10061 에러!
[15:54:36] 10061 에러!
[15:54:40] 10061 에러!
[15:54:46] 10061 에러!
[15:54:50] 10061 에러!
[15:54:56] 10061 에러!
[15:55:00] 10061 에러!
[15:55:06] 10061 에러!
[15:55:10] 10061 에러!
[15:55:16] 10061 에러!
[15:55:20] 10061 에러!
[15:55:26] 10061 에러!
[15:55:30] 10061 에러!
[15:55:36] 10061 에러!
[15:55:40] 10061 에러!
[15:55:46] 10061 에러!
[15:55:50] 10061 에러!
[15:55:56] 10061 에러!
[15:56:00] 10061 에러!
[15:56:06] 10061 에러!
[15:56:10] 10061 에러!
[15:56:16] 10061 에러!
[15:56:20] 10061 에러!
[15:56:26] 10061 에러!
[15:56:30] 10061 에러!
[15:56:36] 10061 에러!
[15:56:40] 10061 에러!
[15:56:46] 10061 에러!
[15:56:50] 10061 에러!
[15:56:56] 10061 에러!
[15:57:00] 10061 에러!
[15:57:06] 10061 에러!
[15:57:10] 10061 에러!
[15:57:16] 10061 에러!
[15:57:20] 10061 에러!
[15:57:26] 10061 에러!
[15:57:30] 10061 에러!
[15:57:36] 10061 에러!
[15:57:40] 10061 에러!
[15:57:46] 10061 에러!
[15:57:50] 10061 에러!
[15:57:56] 10061 에러!
[15:58:00] 10061 에러!
[15:58:06] 10061 에러!
[15:58:10] 10061 에러!
[15:58:16] 10061 에러!
[15:58:20] 10061 에러!
[15:58:26] 10061 에러!
[15:58:30] 10061 에러!
[15:58:36] 10061 에러!
[15:58:40] 10061 에러!
[15:58:46] 10061 에러!
[15:58:50] 10061 에러!
[15:58:56] 10061 에러!
[15:59:00] 10061 에러!
[15:59:06] 10061 에러!
[15:59:10] 10061 에러!
[15:59:16] 10061 에러!
[17:08:10] 단지서버(홈넷) Ping 정상! (단지서버 IP-10.22.30.20)
[17:08:10] 단지서버(홈넷) Ping 정상! (단지서버 IP-10.22.31.1)
[17:08:10] 10.22.31.1:42140 연결
[17:09:32] 단지서버(홈넷) Ping 정상! (단지서버 IP-10.22.30.20)
[17:09:32] 단지서버(홈넷) Ping 정상! (단지서버 IP-10.22.31.1)
[17:09:50] 홈넷전송가능 LPR: 11
[17:09:50] 1번재 홈넷프로세스 시작
[17:09:51] 홈넷서버 재연결
[17:09:51] 세대통보 전송준비: 811동 101호 18우2876
[17:09:51] 세대통보 전송: 811동 101호 18우2876
[17:09:51] 응답전문:  (0:정상, 1:지원불가, 2:범위초과, 3:임시사용불가, 4:잘못된파라미터, 5:기기응답없음, 6:서버내부오류, 9:정의되지않은오류, 10:중복입력)
[17:09:51] 2번재 홈넷프로세스 시작
[17:09:51] 홈넷서버 재연결2
[17:09:51] 세대통보 전송준비2: 811동 101호 18우2876
[17:09:51] 세대통보 전송2: 811동 101호 18우2876
[17:16:42] 단지서버(홈넷) Ping 정상! (단지서버 IP-10.22.30.20)
[17:16:42] 단지서버(홈넷) Ping 정상! (단지서버 IP-10.22.31.1)
[17:16:49] 홈넷전송가능 LPR: 11
[17:16:49] 1번재 홈넷프로세스 시작
[17:16:49] 홈넷서버 재연결
[17:16:49] 세대통보 전송준비: 101동 1001호 11가1123
[17:16:49] 세대통보 전송: 101동 1001호 11가1123
[17:16:49] 응답전문: <cmx>
<park>
<dong>101</dong>
<ho>1001</ho>
<car>1123</car>
<inout>in</inout>
<year>2020</year>
<mon>09</mon>
<day>07</day>
<hour>17</hour>
<min>16</min>
<sec>49</sec>
</park>
</cmx>
 (0:정상, 1:지원불가, 2:범위초과, 3:임시사용불가, 4:잘못된파라미터, 5:기기응답없음, 6:서버내부오류, 9:정의되지않은오류, 10:중복입력)
[17:16:49] 2번재 홈넷프로세스 시작
[17:16:49] 홈넷서버 재연결2
[17:16:49] 세대통보 전송준비2: 101동 1001호 11가1123
[17:16:49] 세대통보 전송2: 101동 1001호 11가1123
[17:17:22] 홈넷전송가능 LPR: 11
[17:17:22] 1번재 홈넷프로세스 시작
[17:17:22] 홈넷서버 재연결
[17:17:22] 세대통보 전송준비: 101동 1001호 11가1123
[17:17:22] 세대통보 전송: 101동 1001호 11가1123
[17:17:22] 응답전문: <cmx>
<park>
<dong>101</dong>
<ho>1001</ho>
<car>1123</car>
<inout>in</inout>
<year>2020</year>
<mon>09</mon>
<day>07</day>
<hour>17</hour>
<min>17</min>
<sec>22</sec>
</park>
</cmx>
 (0:정상, 1:지원불가, 2:범위초과, 3:임시사용불가, 4:잘못된파라미터, 5:기기응답없음, 6:서버내부오류, 9:정의되지않은오류, 10:중복입력)
[17:17:22] 2번재 홈넷프로세스 시작
[17:17:22] 홈넷서버 재연결2
[17:17:22] 세대통보 전송준비2: 101동 1001호 11가1123
[17:17:22] 세대통보 전송2: 101동 1001호 11가1123
[17:17:50] 홈넷전송가능 LPR: 11
[17:17:50] 1번재 홈넷프로세스 시작
[17:17:50] 홈넷서버 재연결
[17:17:50] 세대통보 전송준비: 101동 1001호 11가1123
[17:17:50] 세대통보 전송: 101동 1001호 11가1123
[17:17:50] 응답전문: <cmx>
<park>
<dong>101</dong>
<ho>1001</ho>
<car>1123</car>
<inout>in</inout>
<year>2020</year>
<mon>09</mon>
<day>07</day>
<hour>17</hour>
<min>17</min>
<sec>50</sec>
</park>
</cmx>
 (0:정상, 1:지원불가, 2:범위초과, 3:임시사용불가, 4:잘못된파라미터, 5:기기응답없음, 6:서버내부오류, 9:정의되지않은오류, 10:중복입력)
[17:17:50] 2번재 홈넷프로세스 시작
[17:17:50] 홈넷서버 재연결2
[17:17:50] 세대통보 전송준비2: 101동 1001호 11가1123
[17:17:50] 세대통보 전송2: 101동 1001호 11가1123
[17:17:50] 응답전문2: <cmx>
<park>
<dong>101</dong>
<ho>1001</ho>
<car>1123</car>
<inout>in</inout>
<year>2020</year>
<mon>09</mon>
<day>07</day>
<hour>17</hour>
<min>17</min>
<sec>50</sec>
</park>
</cmx>
 (0:정상, 1:지원불가, 2:범위초과, 3:임시사용불가, 4:잘못된파라미터, 5:기기응답없음, 6:서버내부오류, 9:정의되지않은오류, 10:중복입력)
[17:17:50] 소켓 초기화 작업1
[17:17:50] 소켓 초기화 작업2
[17:17:50] 소켓 초기화 작업3
[17:17:50] 소켓 초기화 작업1
[17:17:50] 소켓 초기화 작업2
[17:17:50] 소켓 초기화 작업3
[17:18:33] 홈넷전송가능 LPR: 11
[17:18:33] 1번재 홈넷프로세스 시작
[17:18:33] 홈넷서버 재연결
[17:18:33] 세대통보 전송준비: 101동 1001호 11가1123
[17:18:33] 세대통보 전송: 101동 1001호 11가1123
[17:18:33] 응답전문: <cmx>
<park>
<dong>101</dong>
<ho>1001</ho>
<car>1123</car>
<inout>in</inout>
<year>2020</year>
<mon>09</mon>
<day>07</day>
<hour>17</hour>
<min>18</min>
<sec>33</sec>
</park>
</cmx>
 (0:정상, 1:지원불가, 2:범위초과, 3:임시사용불가, 4:잘못된파라미터, 5:기기응답없음, 6:서버내부오류, 9:정의되지않은오류, 10:중복입력)
[17:18:33] 2번재 홈넷프로세스 시작
[17:18:33] 홈넷서버 재연결2
[17:18:33] 세대통보 전송준비2: 101동 1001호 11가1123
[17:18:33] 세대통보 전송2: 101동 1001호 11가1123
[17:18:33] 응답전문2: <cmx>
<park>
<dong>101</dong>
<ho>1001</ho>
<car>1123</car>
<inout>in</inout>
<year>2020</year>
<mon>09</mon>
<day>07</day>
<hour>17</hour>
<min>18</min>
<sec>33</sec>
</park>
</cmx>
 (0:정상, 1:지원불가, 2:범위초과, 3:임시사용불가, 4:잘못된파라미터, 5:기기응답없음, 6:서버내부오류, 9:정의되지않은오류, 10:중복입력)
[17:18:52] 홈넷전송가능 LPR: 11
[17:18:52] 1번재 홈넷프로세스 시작
[17:18:52] 홈넷서버 재연결
[17:18:52] 세대통보 전송준비: 101동 1001호 11가1123
[17:18:52] 세대통보 전송: 101동 1001호 11가1123
[17:18:52] 응답전문: <cmx>
<park>
<dong>101</dong>
<ho>1001</ho>
<car>1123</car>
<inout>in</inout>
<year>2020</year>
<mon>09</mon>
<day>07</day>
<hour>17</hour>
<min>18</min>
<sec>52</sec>
</park>
</cmx>
 (0:정상, 1:지원불가, 2:범위초과, 3:임시사용불가, 4:잘못된파라미터, 5:기기응답없음, 6:서버내부오류, 9:정의되지않은오류, 10:중복입력)
[17:18:52] 2번재 홈넷프로세스 시작
[17:18:52] 홈넷서버 재연결2
[17:18:52] 세대통보 전송준비2: 101동 1001호 11가1123
[17:18:52] 세대통보 전송2: 101동 1001호 11가1123
[17:18:52] 응답전문2: <cmx>
<park>
<dong>101</dong>
<ho>1001</ho>
<car>1123</car>
<inout>in</inout>
<year>2020</year>
<mon>09</mon>
<day>07</day>
<hour>17</hour>
<min>18</min>
<sec>52</sec>
</park>
</cmx>
 (0:정상, 1:지원불가, 2:범위초과, 3:임시사용불가, 4:잘못된파라미터, 5:기기응답없음, 6:서버내부오류, 9:정의되지않은오류, 10:중복입력)
