**************************************************************
[18:14:52] Program Start!
[18:14:52] 홈넷예외LPR:
[18:14:52] [모니터링 모드]
[18:14:52] TfrmMain.btnModeClick: 유인운영
[18:14:53] 비로그인
[18:14:54] LPR재접속 쓰레드시작
[18:14:54] csInLpr1 접속성공
[18:14:54] [subcsInLpr1] 10.22.30.20:2200 접속성공
[18:14:54] [subcsOutLpr1] 10.22.30.20:3200 접속성공
[18:14:54] csOutLpr1 접속성공
[18:14:56] 단지서버 소켓에러: 10061
[18:15:10] Program Close
**************************************************************
[18:16:31] Program Start!
[18:16:31] 홈넷예외LPR:
[18:16:31] [모니터링 모드]
[18:16:31] TfrmMain.btnModeClick: 유인운영
[18:16:31] 비로그인
[18:16:31] LPR재접속 쓰레드시작
[18:16:32] [subcsInLpr1] 10.22.30.20:2200 접속성공
[18:16:32] csInLpr1 접속성공
[18:16:32] [subcsOutLpr1] 10.22.30.20:3200 접속성공
[18:16:32] csOutLpr1 접속성공
[18:16:34] 단지서버 소켓에러: 10061
[18:16:50] Program Close
**************************************************************
[18:17:12] Program Start!
[18:17:12] 홈넷예외LPR:
[18:17:12] [모니터링 모드]
[18:17:12] TfrmMain.btnModeClick: 유인운영
[18:17:12] 비로그인
[18:17:12] LPR재접속 쓰레드시작
[18:17:12] [subcsInLpr1] 10.22.30.20:2200 접속성공
[18:17:12] [subcsOutLpr1] 10.22.30.20:3200 접속성공
[18:17:12] CVNet단지서버 Connect
[18:17:12] csOutLpr1 접속성공
[18:17:12] csInLpr1 접속성공
[18:17:23] Program Close
**************************************************************
[18:19:13] Program Start!
[18:19:13] 홈넷예외LPR:
[18:19:13] [모니터링 모드]
[18:19:13] TfrmMain.btnModeClick: 유인운영
[18:19:13] 비로그인
[18:19:14] LPR재접속 쓰레드시작
[18:19:14] csInLpr1 접속성공
[18:19:14] [subcsInLpr1] 10.22.30.20:2200 접속성공
[18:19:14] CVNet단지서버 Connect
[18:19:14] [subcsOutLpr1] 10.22.30.20:3200 접속성공
[18:19:14] csOutLpr1 접속성공
**************************************************************
[18:20:03] Program Start!
[18:20:03] 홈넷예외LPR:
[18:20:03] [모니터링 모드]
[18:20:03] TfrmMain.btnModeClick: 유인운영
[18:20:04] 비로그인
[18:20:04] LPR재접속 쓰레드시작
[18:20:05] CVNet단지서버 Connect
[18:20:05] [subcsInLpr1] 10.22.30.20:2200 접속성공
[18:20:05] csInLpr1 접속성공
[18:20:05] csOutLpr1 접속성공
[18:20:05] [subcsOutLpr1] 10.22.30.20:3200 접속성공
**************************************************************
[18:21:33] Program Start!
[18:21:33] 홈넷예외LPR:
[18:21:33] [모니터링 모드]
[18:21:34] TfrmMain.btnModeClick: 유인운영
[18:21:34] 비로그인
[18:21:34] LPR재접속 쓰레드시작
[18:21:35] csInLpr1 접속성공
[18:21:35] [subcsInLpr1] 10.22.30.20:2200 접속성공
[18:21:35] [subcsOutLpr1] 10.22.30.20:3200 접속성공
[18:21:35] CVNet단지서버 Connect
[18:21:35] csOutLpr1 접속성공
**************************************************************
[18:23:15] Program Start!
[18:23:15] 홈넷예외LPR:
[18:23:15] [모니터링 모드]
[18:23:15] TfrmMain.btnModeClick: 유인운영
[18:23:16] 비로그인
[18:23:16] LPR재접속 쓰레드시작
[18:23:17] csInLpr1 접속성공
[18:23:17] [subcsOutLpr1] 10.22.30.20:3200 접속성공
[18:23:17] [subcsInLpr1] 10.22.30.20:2200 접속성공
[18:23:17] CVNet단지서버 Connect
[18:23:17] csOutLpr1 접속성공
**************************************************************
[18:25:29] Program Start!
[18:25:29] 홈넷예외LPR:
[18:25:29] [모니터링 모드]
[18:25:29] TfrmMain.btnModeClick: 유인운영
[18:25:30] 비로그인
[18:25:30] LPR재접속 쓰레드시작
[18:25:31] csInLpr1 접속성공
[18:25:31] [subcsInLpr1] 10.22.30.20:2200 접속성공
[18:25:31] CVNet단지서버 Connect
[18:25:31] [subcsOutLpr1] 10.22.30.20:3200 접속성공
[18:25:31] csOutLpr1 접속성공
**************************************************************
[18:28:42] Program Start!
[18:28:42] 홈넷예외LPR:
[18:28:42] [모니터링 모드]
[18:28:43] TfrmMain.btnModeClick: 유인운영
[18:28:43] 비로그인
[18:28:43] LPR재접속 쓰레드시작
[18:28:44] csInLpr1 접속성공
[18:28:44] [subcsInLpr1] 10.22.30.20:2200 접속성공
[18:28:44] [subcsOutLpr1] 10.22.30.20:3200 접속성공
[18:28:44] csOutLpr1 접속성공
[18:28:44] CVNet단지서버 Connect
**************************************************************
[18:30:02] Program Start!
[18:30:02] 홈넷예외LPR:
[18:30:02] [모니터링 모드]
[18:30:02] TfrmMain.btnModeClick: 유인운영
[18:30:02] 비로그인
[18:30:03] LPR재접속 쓰레드시작
[18:30:03] csInLpr1 접속성공
[18:30:03] [subcsInLpr1] 10.22.30.20:2200 접속성공
[18:30:03] CVNet단지서버 Connect
[18:30:03] csOutLpr1 접속성공
[18:30:03] [subcsOutLpr1] 10.22.30.20:3200 접속성공
**************************************************************
[18:33:42] Program Start!
[18:33:42] 홈넷예외LPR:
[18:33:42] [모니터링 모드]
[18:33:42] TfrmMain.btnModeClick: 유인운영
[18:33:43] 비로그인
[18:33:43] LPR재접속 쓰레드시작
[18:33:44] csInLpr1 접속성공
[18:33:44] [subcsInLpr1] 10.22.30.20:2200 접속성공
[18:33:44] [subcsOutLpr1] 10.22.30.20:3200 접속성공
[18:33:44] csOutLpr1 접속성공
[18:33:44] CVNet단지서버 Connect
**************************************************************
[18:38:49] Program Start!
[18:38:49] 홈넷예외LPR:
[18:38:49] [모니터링 모드]
[18:38:50] TfrmMain.btnModeClick: 유인운영
[18:38:50] 비로그인
[18:38:50] LPR재접속 쓰레드시작
[18:38:51] csInLpr1 접속성공
[18:38:51] [subcsInLpr1] 10.22.30.20:2200 접속성공
[18:38:51] CVNet단지서버 Connect
[18:38:51] csOutLpr1 접속성공
[18:38:51] [subcsOutLpr1] 10.22.30.20:3200 접속성공
**************************************************************
[18:43:30] Program Start!
[18:43:30] 홈넷예외LPR:
[18:43:30] [모니터링 모드]
[18:43:30] TfrmMain.btnModeClick: 유인운영
[18:43:30] 비로그인
[18:43:30] LPR재접속 쓰레드시작
[18:43:31] csInLpr1 접속성공
[18:43:31] [subcsInLpr1] 10.22.30.20:2200 접속성공
[18:43:31] [subcsOutLpr1] 10.22.30.20:3200 접속성공
[18:43:31] CVNet단지서버 Connect
[18:43:31] csOutLpr1 접속성공
**************************************************************
[18:45:28] Program Start!
[18:45:28] 홈넷예외LPR:
[18:45:28] [모니터링 모드]
[18:45:28] TfrmMain.btnModeClick: 유인운영
[18:45:28] 비로그인
[18:45:29] LPR재접속 쓰레드시작
[18:45:29] csInLpr1 접속성공
[18:45:29] [subcsInLpr1] 10.22.30.20:2200 접속성공
[18:45:29] csOutLpr1 접속성공
[18:45:29] [subcsOutLpr1] 10.22.30.20:3200 접속성공
[18:45:29] CVNet단지서버 Connect
**************************************************************
[18:50:01] Program Start!
[18:50:01] 홈넷예외LPR:
[18:50:01] [모니터링 모드]
[18:50:01] TfrmMain.btnModeClick: 유인운영
[18:50:02] 비로그인
[18:50:02] LPR재접속 쓰레드시작
[18:50:03] csInLpr1 접속성공
[18:50:03] [subcsOutLpr1] 10.22.30.20:3200 접속성공
[18:50:03] CVNet단지서버 Connect
[18:50:03] [subcsInLpr1] 10.22.30.20:2200 접속성공
[18:50:03] csOutLpr1 접속성공
**************************************************************
[18:52:44] Program Start!
[18:52:44] 홈넷예외LPR:
[18:52:44] [모니터링 모드]
[18:52:45] TfrmMain.btnModeClick: 유인운영
[18:52:45] 비로그인
[18:52:45] LPR재접속 쓰레드시작
[18:52:46] csInLpr1 접속성공
[18:52:46] [subcsInLpr1] 10.22.30.20:2200 접속성공
[18:52:46] [subcsOutLpr1] 10.22.30.20:3200 접속성공
[18:52:46] csOutLpr1 접속성공
[18:52:46] CVNet단지서버 Connect
**************************************************************
[18:53:59] Program Start!
[18:53:59] 홈넷예외LPR:
[18:53:59] [모니터링 모드]
[18:53:59] TfrmMain.btnModeClick: 유인운영
[18:53:59] 비로그인
[18:54:00] LPR재접속 쓰레드시작
[18:54:00] csInLpr1 접속성공
[18:54:00] [subcsOutLpr1] 10.22.30.20:3200 접속성공
[18:54:00] CVNet단지서버 Connect
[18:54:00] [subcsInLpr1] 10.22.30.20:2200 접속성공
[18:54:00] csOutLpr1 접속성공
**************************************************************
[19:11:36] Program Start!
[19:11:36] 홈넷예외LPR:
[19:11:36] [모니터링 모드]
[19:11:36] TfrmMain.btnModeClick: 유인운영
[19:11:37] 비로그인
[19:11:37] LPR재접속 쓰레드시작
[19:11:38] csInLpr1 접속성공
[19:11:38] [subcsInLpr1] 10.22.30.20:2200 접속성공
[19:11:38] [subcsOutLpr1] 10.22.30.20:3200 접속성공
[19:11:38] csOutLpr1 접속성공
[19:11:38] CVNet단지서버 Connect
[19:12:08] Program Close
**************************************************************
[19:16:45] Program Start!
[19:16:45] 홈넷예외LPR:
[19:16:45] [모니터링 모드]
[19:16:45] TfrmMain.btnModeClick: 유인운영
[19:16:45] 비로그인
[19:16:46] LPR재접속 쓰레드시작
[19:16:46] csInLpr1 접속성공
[19:16:46] [subcsInLpr1] 10.22.30.20:2200 접속성공
[19:16:46] [subcsOutLpr1] 10.22.30.20:3200 접속성공
[19:16:46] csOutLpr1 접속성공
[19:16:48] 단지서버 소켓에러: 10061
[19:18:35] Program Close
