[14:53:37] Program Close
[14:56:04] Program Close
[14:59:52] Program Close
[15:01:13] Program Close
**************************************************************
[15:05:25] Program Start!
[15:05:25] 홈넷예외LPR:
[15:05:25] [DB저장 모드]
[15:05:25] TfrmMain.btnModeClick: 유인운영
[15:05:36] DB Connect Error:로그인에서 요청한 데이터베이스 "PARKING_1_3.0"을(를) 열 수 없습니다. 로그인이 실패했습니다
[15:05:44] Program Close
**************************************************************
[15:13:59] Program Start!
[15:13:59] 홈넷예외LPR:
[15:13:59] [DB저장 모드]
[15:13:59] TfrmMain.btnModeClick: 유인운영
[15:13:59] 비로그인
[15:13:59] 설치된 입구보조 LPR이 없음!
[15:13:59] 설치된 출구보조 LPR이 없음!
[15:13:59] 설치된 출구 LPR이 없음!
[15:13:59] 설치된 출구전광판이 없음!
[15:13:58] LPR재접속 쓰레드시작
[15:13:58] 전광판재접속 쓰레드시작
[15:13:58] 정기권연동 쓰레드시작
[15:14:05] 71번 LPR에 연결된 방문증(시리얼타입) 오픈에러!
[15:14:05] csInLpr1 접속성공
[15:14:05] csInDsp1 접속성공
[15:14:08] Program Close
**************************************************************
[15:16:14] Program Start!
[15:16:14] 홈넷예외LPR:
[15:16:14] [DB저장 모드]
[15:16:14] TfrmMain.btnModeClick: 유인운영
[15:16:14] 비로그인
[15:16:14] 설치된 입구보조 LPR이 없음!
[15:16:14] 설치된 출구보조 LPR이 없음!
[15:16:14] 설치된 출구 LPR이 없음!
[15:16:14] 설치된 출구전광판이 없음!
[15:16:14] LPR재접속 쓰레드시작
[15:16:14] 전광판재접속 쓰레드시작
[15:16:14] 정기권연동 쓰레드시작
[15:16:16] 71번 LPR에 연결된 방문증(시리얼타입) 오픈에러!
[15:16:17] csInLpr1 접속성공
[15:16:17] csInDsp1 접속성공
[15:16:19] Program Close
**************************************************************
[15:21:30] Program Start!
[15:21:30] 홈넷예외LPR:
[15:21:30] [DB저장 모드]
[15:21:30] TfrmMain.btnModeClick: 유인운영
[15:21:31] 비로그인
[15:21:31] 설치된 입구보조 LPR이 없음!
[15:21:31] 설치된 출구보조 LPR이 없음!
[15:21:31] 설치된 출구 LPR이 없음!
[15:21:31] 설치된 출구전광판이 없음!
[15:21:32] LPR재접속 쓰레드시작
[15:21:32] 전광판재접속 쓰레드시작
[15:21:32] 정기권연동 쓰레드시작
[15:21:34] 71번 LPR에 연결된 방문증(시리얼타입) 오픈에러!
**************************************************************
[15:24:09] Program Start!
[15:24:09] 홈넷예외LPR:
[15:24:09] [DB저장 모드]
[15:24:09] TfrmMain.btnModeClick: 유인운영
[15:25:23] 비로그인
**************************************************************
[15:27:08] Program Start!
[15:27:08] 홈넷예외LPR:
[15:27:08] [DB저장 모드]
[15:27:08] TfrmMain.btnModeClick: 유인운영
[15:27:10] 비로그인
[15:27:10] 설치된 입구보조 LPR이 없음!
[15:27:10] 설치된 출구보조 LPR이 없음!
[15:27:10] 설치된 출구 LPR이 없음!
[15:27:10] 설치된 출구전광판이 없음!
[15:27:10] LPR재접속 쓰레드시작
[15:27:10] 전광판재접속 쓰레드시작
[15:27:10] 정기권연동 쓰레드시작
[15:27:12] 71번 LPR에 연결된 방문증(시리얼타입) 오픈에러!
[15:28:25] 10.22.30.10:2000 소켓 연결끊김 = 10049
[15:28:25] csInDsp1 접속성공
[15:28:25] csInLpr1 접속성공
**************************************************************
[15:29:00] Program Start!
[15:29:00] 홈넷예외LPR:
[15:29:00] [DB저장 모드]
[15:29:00] TfrmMain.btnModeClick: 유인운영
[15:30:15] 비로그인
[15:30:38] 설치된 입구보조 LPR이 없음!
[15:30:38] 설치된 출구보조 LPR이 없음!
[15:30:38] 설치된 출구 LPR이 없음!
[15:30:38] 설치된 출구전광판이 없음!
[15:30:39] LPR재접속 쓰레드시작
[15:30:39] 전광판재접속 쓰레드시작
[15:30:39] 정기권연동 쓰레드시작
[15:30:42] 71번 LPR에 연결된 방문증(시리얼타입) 오픈에러!
[15:30:50] csInLpr1 접속성공
[15:30:50] csInDsp1 접속성공
**************************************************************
[15:31:53] Program Start!
[15:31:53] 홈넷예외LPR:
[15:31:53] [DB저장 모드]
[15:31:53] TfrmMain.btnModeClick: 유인운영
[15:31:58] 비로그인
[15:31:59] 설치된 입구보조 LPR이 없음!
[15:31:59] 설치된 출구보조 LPR이 없음!
[15:31:59] 설치된 출구 LPR이 없음!
[15:31:59] 설치된 출구전광판이 없음!
[15:31:59] LPR재접속 쓰레드시작
[15:31:59] 전광판재접속 쓰레드시작
[15:31:59] 정기권연동 쓰레드시작
[15:32:01] 71번 LPR에 연결된 방문증(시리얼타입) 오픈에러!
[15:32:03] csInLpr1 접속성공
[15:32:03] csInDsp1 접속성공
[15:32:07] Program Close
**************************************************************
[15:32:30] Program Start!
[15:32:30] 홈넷예외LPR:
[15:32:30] [DB저장 모드]
[15:32:30] TfrmMain.btnModeClick: 유인운영
[15:32:32] 비로그인
[15:32:34] 설치된 입구보조 LPR이 없음!
[15:32:34] 설치된 출구보조 LPR이 없음!
[15:32:34] 설치된 출구 LPR이 없음!
[15:32:34] 설치된 출구전광판이 없음!
[15:32:34] LPR재접속 쓰레드시작
[15:32:34] 전광판재접속 쓰레드시작
[15:32:34] 정기권연동 쓰레드시작
[15:32:35] 71번 LPR에 연결된 방문증(시리얼타입) 오픈에러!
**************************************************************
[15:54:49] Program Start!
[15:54:49] 홈넷예외LPR:
[15:54:49] [DB저장 모드]
[15:54:49] TfrmMain.btnModeClick: 유인운영
[15:54:49] 비로그인
[15:54:50] 설치된 입구보조 LPR이 없음!
[15:54:50] 설치된 출구보조 LPR이 없음!
[15:54:50] 설치된 출구 LPR이 없음!
[15:54:50] 설치된 출구전광판이 없음!
[15:54:49] LPR재접속 쓰레드시작
[15:54:49] 전광판재접속 쓰레드시작
[15:54:49] 정기권연동 쓰레드시작
[15:54:51] 71번 LPR에 연결된 방문증(시리얼타입) 오픈에러!
[15:54:51] csInLpr1 접속성공
[15:54:51] csInDsp1 접속성공
[15:54:55] Program Close
**************************************************************
[15:55:05] Program Start!
[15:55:05] 홈넷예외LPR:
[15:55:05] [DB저장 모드]
[15:55:05] TfrmMain.btnModeClick: 유인운영
[15:55:06] 비로그인
[15:55:06] 설치된 입구보조 LPR이 없음!
[15:55:06] 설치된 출구보조 LPR이 없음!
[15:55:06] 설치된 출구 LPR이 없음!
[15:55:06] 설치된 출구전광판이 없음!
[15:55:07] LPR재접속 쓰레드시작
[15:55:07] 전광판재접속 쓰레드시작
[15:55:07] 정기권연동 쓰레드시작
[15:55:08] 71번 LPR에 연결된 방문증(시리얼타입) 오픈에러!
**************************************************************
[15:55:43] Program Start!
[15:55:43] 홈넷예외LPR:
[15:55:43] [DB저장 모드]
[15:55:43] TfrmMain.btnModeClick: 유인운영
[15:55:44] 비로그인
[15:55:44] 설치된 입구보조 LPR이 없음!
[15:55:44] 설치된 출구보조 LPR이 없음!
[15:55:44] 설치된 출구 LPR이 없음!
[15:55:44] 설치된 출구전광판이 없음!
[15:55:44] LPR재접속 쓰레드시작
[15:55:44] 전광판재접속 쓰레드시작
[15:55:44] 정기권연동 쓰레드시작
[15:55:46] 71번 LPR에 연결된 방문증(시리얼타입) 오픈에러!
**************************************************************
[16:05:54] Program Start!
[16:05:54] 홈넷예외LPR:
[16:05:54] [DB저장 모드]
[16:05:54] TfrmMain.btnModeClick: 유인운영
[16:05:55] 비로그인
[16:05:55] 설치된 입구보조 LPR이 없음!
[16:05:55] 설치된 출구보조 LPR이 없음!
[16:05:55] 설치된 출구 LPR이 없음!
[16:05:55] 설치된 출구전광판이 없음!
[16:05:56] LPR재접속 쓰레드시작
[16:05:56] 전광판재접속 쓰레드시작
[16:05:56] 정기권연동 쓰레드시작
[16:05:57] 71번 LPR에 연결된 방문증(시리얼타입) 오픈에러!
[16:25:01] 10.22.30.10:2000 소켓 연결끊김 = 10049
[16:25:01] 10.22.30.10:2000 소켓 연결끊김 = 10049
[16:25:01] 10.22.30.10:2000 소켓 연결끊김 = 10049
[16:25:01] SocketError > ErrorNo: [10049] Host: [10.22.30.10] Port: [5000] Name: [csInDsp1] Msg: [컨넥트 하려는 주소가 잘못]
[16:25:01] csInLpr1 접속성공
[16:25:01] csInDsp1 연결끊김
[16:25:31] SocketError > ErrorNo: [10049] Host: [10.22.30.10] Port: [5000] Name: [csInDsp1] Msg: [컨넥트 하려는 주소가 잘못]
[16:25:31] csInDsp1 연결끊김
[16:26:05] SocketError > ErrorNo: [10049] Host: [10.22.30.10] Port: [5000] Name: [csInDsp1] Msg: [컨넥트 하려는 주소가 잘못]
[16:26:05] csInDsp1 연결끊김
[16:26:40] SocketError > ErrorNo: [10049] Host: [10.22.30.10] Port: [5000] Name: [csInDsp1] Msg: [컨넥트 하려는 주소가 잘못]
[16:26:40] csInDsp1 연결끊김
[16:27:14] SocketError > ErrorNo: [10049] Host: [10.22.30.10] Port: [5000] Name: [csInDsp1] Msg: [컨넥트 하려는 주소가 잘못]
[16:27:14] csInDsp1 연결끊김
[16:27:49] SocketError > ErrorNo: [10049] Host: [10.22.30.10] Port: [5000] Name: [csInDsp1] Msg: [컨넥트 하려는 주소가 잘못]
[16:27:49] csInDsp1 연결끊김
[16:28:23] SocketError > ErrorNo: [10049] Host: [10.22.30.10] Port: [5000] Name: [csInDsp1] Msg: [컨넥트 하려는 주소가 잘못]
[16:28:23] csInDsp1 연결끊김
**************************************************************
[17:22:54] Program Start!
[17:22:54] 홈넷예외LPR:
[17:22:54] [DB저장 모드]
[17:22:54] TfrmMain.btnModeClick: 유인운영
[17:22:55] 비로그인
[17:22:55] 설치된 입구보조 LPR이 없음!
[17:22:55] 설치된 출구보조 LPR이 없음!
[17:22:55] 설치된 출구 LPR이 없음!
[17:22:55] 설치된 출구전광판이 없음!
[17:22:55] LPR재접속 쓰레드시작
[17:22:55] 전광판재접속 쓰레드시작
[17:22:55] 정기권연동 쓰레드시작
[17:22:57] 71번 LPR에 연결된 방문증(시리얼타입) 오픈에러!
[17:23:36] 10.22.30.10:2000 소켓 연결끊김 = 10049
[17:23:36] csInDsp1 접속성공
[17:23:36] csInLpr1 접속성공
**************************************************************
[17:25:07] Program Start!
[17:25:07] 홈넷예외LPR:
[17:25:07] [DB저장 모드]
[17:25:07] TfrmMain.btnModeClick: 유인운영
[17:25:07] 비로그인
[17:25:07] 설치된 입구보조 LPR이 없음!
[17:25:07] 설치된 출구보조 LPR이 없음!
[17:25:07] 설치된 출구 LPR이 없음!
[17:25:07] 설치된 출구전광판이 없음!
[17:25:08] LPR재접속 쓰레드시작
[17:25:08] 전광판재접속 쓰레드시작
[17:25:08] 정기권연동 쓰레드시작
[17:25:09] 71번 LPR에 연결된 방문증(시리얼타입) 오픈에러!
[17:26:34] 10.22.30.10:2000 소켓 연결끊김 = 10049
[17:26:34] csInDsp1 접속성공
[17:26:34] csInLpr1 접속성공
**************************************************************
[17:27:03] Program Start!
[17:27:03] 홈넷예외LPR:
[17:27:03] [DB저장 모드]
[17:27:03] TfrmMain.btnModeClick: 유인운영
[17:27:03] 비로그인
[17:27:03] 설치된 입구보조 LPR이 없음!
[17:27:03] 설치된 출구보조 LPR이 없음!
[17:27:03] 설치된 출구 LPR이 없음!
[17:27:03] 설치된 출구전광판이 없음!
[17:27:03] LPR재접속 쓰레드시작
[17:27:03] 전광판재접속 쓰레드시작
[17:27:03] 정기권연동 쓰레드시작
[17:27:04] 71번 LPR에 연결된 방문증(시리얼타입) 오픈에러!
[17:48:33] 10.22.30.10:2000 소켓 연결끊김 = 10049
[17:48:33] SocketError > ErrorNo: [10049] Host: [10.22.30.10] Port: [5000] Name: [csInDsp1] Msg: [컨넥트 하려는 주소가 잘못]
[17:48:33] 10.22.30.10:2000 소켓 연결끊김 = 10049
[17:48:33] 10.22.30.10:2000 소켓 연결끊김 = 10049
[17:48:33] 10.22.30.10:2000 소켓 연결끊김 = 10049
[17:48:33] csInDsp1 접속성공
[17:48:33] csInDsp1 연결끊김
[17:48:47] csInLpr1 접속성공
**************************************************************
[17:49:10] Program Start!
[17:49:10] 홈넷예외LPR:
[17:49:10] [DB저장 모드]
[17:49:10] TfrmMain.btnModeClick: 유인운영
[17:49:10] 비로그인
[17:49:10] 설치된 입구보조 LPR이 없음!
[17:49:10] 설치된 출구보조 LPR이 없음!
[17:49:10] 설치된 출구 LPR이 없음!
[17:49:11] 설치된 출구전광판이 없음!
[17:49:11] LPR재접속 쓰레드시작
[17:49:11] 전광판재접속 쓰레드시작
[17:49:11] 정기권연동 쓰레드시작
[17:49:13] 71번 LPR에 연결된 방문증(시리얼타입) 오픈에러!
[17:49:15] csInLpr1 접속성공
[17:49:15] csInDsp1 접속성공
**************************************************************
[17:50:17] Program Start!
[17:50:17] 홈넷예외LPR:
[17:50:17] [DB저장 모드]
[17:50:17] TfrmMain.btnModeClick: 유인운영
[17:50:17] 비로그인
[17:50:17] 설치된 입구보조 LPR이 없음!
[17:50:17] 설치된 출구보조 LPR이 없음!
[17:50:17] 설치된 출구 LPR이 없음!
[17:50:17] 설치된 출구전광판이 없음!
[17:50:18] LPR재접속 쓰레드시작
[17:50:18] 전광판재접속 쓰레드시작
[17:50:18] 정기권연동 쓰레드시작
[17:50:18] 71번 LPR에 연결된 방문증(시리얼타입) 오픈에러!
**************************************************************
[17:50:22] Program Start!
[17:50:22] 홈넷예외LPR:
[17:50:22] [DB저장 모드]
[17:50:22] TfrmMain.btnModeClick: 유인운영
[17:50:22] 비로그인
[17:50:22] 설치된 입구보조 LPR이 없음!
[17:50:22] 설치된 출구보조 LPR이 없음!
[17:50:22] 설치된 출구 LPR이 없음!
[17:50:22] 설치된 출구전광판이 없음!
[17:50:23] LPR재접속 쓰레드시작
[17:50:23] 전광판재접속 쓰레드시작
[17:50:23] 정기권연동 쓰레드시작
[17:50:23] 71번 LPR에 연결된 방문증(시리얼타입) 오픈에러!
[17:50:23] csInLpr1 접속성공
[17:50:23] csInDsp1 접속성공
**************************************************************
[17:50:39] Program Start!
[17:50:39] 홈넷예외LPR:
[17:50:39] [DB저장 모드]
[17:50:39] TfrmMain.btnModeClick: 유인운영
[17:50:39] 비로그인
[17:50:39] 설치된 입구보조 LPR이 없음!
[17:50:39] 설치된 출구보조 LPR이 없음!
[17:50:39] 설치된 출구 LPR이 없음!
[17:50:39] 설치된 출구전광판이 없음!
[17:50:39] LPR재접속 쓰레드시작
[17:50:39] 전광판재접속 쓰레드시작
[17:50:39] 정기권연동 쓰레드시작
[17:50:39] 71번 LPR에 연결된 방문증(시리얼타입) 오픈에러!
[17:50:39] csInLpr1 접속성공
[17:50:39] csInDsp1 접속성공
[17:51:15] Program Close
**************************************************************
[17:52:46] Program Start!
[17:52:46] 홈넷예외LPR:
[17:52:46] [DB저장 모드]
[17:52:46] TfrmMain.btnModeClick: 유인운영
[17:52:47] 비로그인
[17:52:47] 설치된 입구보조 LPR이 없음!
[17:52:47] 설치된 출구보조 LPR이 없음!
[17:52:47] 설치된 출구 LPR이 없음!
[17:52:47] 설치된 출구전광판이 없음!
[17:52:47] LPR재접속 쓰레드시작
[17:52:47] 전광판재접속 쓰레드시작
[17:52:47] 정기권연동 쓰레드시작
[17:52:47] 71번 LPR에 연결된 방문증(시리얼타입) 오픈에러!
[17:52:47] csInLpr1 접속성공
[17:52:47] csInDsp1 접속성공
[17:57:29] Program Close
**************************************************************
[17:57:40] Program Start!
[17:57:40] 홈넷예외LPR:
[17:57:40] [DB저장 모드]
[17:57:40] TfrmMain.btnModeClick: 유인운영
[17:57:40] 비로그인
[17:57:40] 설치된 입구보조 LPR이 없음!
[17:57:40] 설치된 출구보조 LPR이 없음!
[17:57:40] 설치된 출구 LPR이 없음!
[17:57:40] 설치된 출구전광판이 없음!
[17:57:41] LPR재접속 쓰레드시작
[17:57:41] 전광판재접속 쓰레드시작
[17:57:41] 정기권연동 쓰레드시작
[17:57:41] 71번 LPR에 연결된 방문증(시리얼타입) 오픈에러!
[17:57:41] csInLpr1 접속성공
[17:57:41] csInDsp1 접속성공
[18:45:44] Program Close
