[08:42:25] ´ÜÁö¼­¹ö(È¨³Ý) Ping Á¤»ó! (´ÜÁö¼­¹ö IP-127.0.0.1)
[08:42:25] ´ÜÁö¼­¹ö(È¨³Ý) Ping Á¤»ó! (´ÜÁö¼­¹ö IP-127.0.0.1)
[08:42:27] 10061 ¿¡·¯!
[08:42:37] 10061 ¿¡·¯!
[08:42:47] 10061 ¿¡·¯!
[08:42:57] 10061 ¿¡·¯!
[08:43:07] 10061 ¿¡·¯!
[08:43:17] 10061 ¿¡·¯!
[08:43:27] 10061 ¿¡·¯!
[08:43:37] 10061 ¿¡·¯!
[08:43:47] 10061 ¿¡·¯!
[08:43:57] 10061 ¿¡·¯!
[08:44:07] 10061 ¿¡·¯!
[08:44:17] 10061 ¿¡·¯!
[08:45:09] ´ÜÁö¼­¹ö(È¨³Ý) Ping Á¤»ó! (´ÜÁö¼­¹ö IP-127.0.0.1)
[08:45:09] ´ÜÁö¼­¹ö(È¨³Ý) Ping Á¤»ó! (´ÜÁö¼­¹ö IP-127.0.0.1)
[08:45:12] 10061 ¿¡·¯!
[08:45:21] 10061 ¿¡·¯!
[08:45:31] 10061 ¿¡·¯!
[08:49:33] ´ÜÁö¼­¹ö(È¨³Ý) Ping Á¤»ó! (´ÜÁö¼­¹ö IP-127.0.0.1)
[08:49:33] ´ÜÁö¼­¹ö(È¨³Ý) Ping Á¤»ó! (´ÜÁö¼­¹ö IP-127.0.0.1)
[08:49:35] 10061 ¿¡·¯!
[08:49:45] 10061 ¿¡·¯!
[08:49:55] 10061 ¿¡·¯!
[08:50:05] 10061 ¿¡·¯!
[08:50:15] 10061 ¿¡·¯!
[08:50:25] 10061 ¿¡·¯!
[08:50:35] 10061 ¿¡·¯!
[08:50:45] 10061 ¿¡·¯!
[08:50:55] 10061 ¿¡·¯!
[08:51:05] 10061 ¿¡·¯!
[08:51:15] 10061 ¿¡·¯!
[08:51:15] ´ÜÁö¼­¹ö(È¨³Ý) Ping Á¤»ó! (´ÜÁö¼­¹ö IP-127.0.0.1)
[08:51:15] ´ÜÁö¼­¹ö(È¨³Ý) Ping Á¤»ó! (´ÜÁö¼­¹ö IP-127.0.0.1)
[09:07:23] ´ÜÁö¼­¹ö(È¨³Ý) Ping Á¤»ó! (´ÜÁö¼­¹ö IP-127.0.0.1)
[09:07:23] ´ÜÁö¼­¹ö(È¨³Ý) Ping Á¤»ó! (´ÜÁö¼­¹ö IP-127.0.0.1)
[09:07:25] 10061 ¿¡·¯!
[09:07:35] 10061 ¿¡·¯!
[09:07:45] 10061 ¿¡·¯!
[09:07:55] 10061 ¿¡·¯!
[09:08:05] 10061 ¿¡·¯!
[09:08:15] 10061 ¿¡·¯!
[09:37:20] ´ÜÁö¼­¹ö(È¨³Ý) Ping Á¤»ó! (´ÜÁö¼­¹ö IP-127.0.0.1)
[09:37:20] ´ÜÁö¼­¹ö(È¨³Ý) Ping Á¤»ó! (´ÜÁö¼­¹ö IP-127.0.0.1)
[09:37:23] 10061 ¿¡·¯!
[09:37:32] 10061 ¿¡·¯!
[09:37:42] 10061 ¿¡·¯!
[09:37:52] 10061 ¿¡·¯!
[09:37:58] ´ÜÁö¼­¹ö(È¨³Ý) Ping Á¤»ó! (´ÜÁö¼­¹ö IP-127.0.0.1)
[09:37:58] ´ÜÁö¼­¹ö(È¨³Ý) Ping Á¤»ó! (´ÜÁö¼­¹ö IP-127.0.0.1)
[09:38:01] 10061 ¿¡·¯!
[09:38:10] 10061 ¿¡·¯!
[09:39:45] ´ÜÁö¼­¹ö(È¨³Ý) Ping Á¤»ó! (´ÜÁö¼­¹ö IP-127.0.0.1)
[09:39:45] ´ÜÁö¼­¹ö(È¨³Ý) Ping Á¤»ó! (´ÜÁö¼­¹ö IP-127.0.0.1)
[09:39:48] 10061 ¿¡·¯!
[09:39:57] 10061 ¿¡·¯!
[09:40:07] 10061 ¿¡·¯!
[09:40:17] ´ÜÁö¼­¹ö(È¨³Ý) Ping Á¤»ó! (´ÜÁö¼­¹ö IP-127.0.0.1)
[09:40:17] ´ÜÁö¼­¹ö(È¨³Ý) Ping Á¤»ó! (´ÜÁö¼­¹ö IP-127.0.0.1)
[09:40:20] 10061 ¿¡·¯!
[09:40:29] 10061 ¿¡·¯!
[09:40:39] 10061 ¿¡·¯!
[09:40:45] ´ÜÁö¼­¹ö(È¨³Ý) Ping Á¤»ó! (´ÜÁö¼­¹ö IP-127.0.0.1)
[09:40:45] ´ÜÁö¼­¹ö(È¨³Ý) Ping Á¤»ó! (´ÜÁö¼­¹ö IP-127.0.0.1)
[09:40:48] 10061 ¿¡·¯!
[09:40:57] 10061 ¿¡·¯!
[09:41:07] 10061 ¿¡·¯!
[09:41:17] 10061 ¿¡·¯!
[09:41:27] 10061 ¿¡·¯!
[09:41:37] 10061 ¿¡·¯!
[09:41:47] 10061 ¿¡·¯!
[09:41:57] 10061 ¿¡·¯!
[09:42:07] 10061 ¿¡·¯!
[10:44:40] ´ÜÁö¼­¹ö(È¨³Ý) Ping Á¤»ó! (´ÜÁö¼­¹ö IP-127.0.0.1)
[10:44:40] ´ÜÁö¼­¹ö(È¨³Ý) Ping Á¤»ó! (´ÜÁö¼­¹ö IP-127.0.0.1)
[10:44:43] 10061 ¿¡·¯!
[10:45:00] ´ÜÁö¼­¹ö(È¨³Ý) Ping Á¤»ó! (´ÜÁö¼­¹ö IP-127.0.0.1)
[10:45:00] ´ÜÁö¼­¹ö(È¨³Ý) Ping Á¤»ó! (´ÜÁö¼­¹ö IP-127.0.0.1)
[10:45:03] 10061 ¿¡·¯!
[10:45:12] 10061 ¿¡·¯!
[10:45:23] 10061 ¿¡·¯!
[10:45:32] 10061 ¿¡·¯!
[10:45:42] 10061 ¿¡·¯!
[10:45:50] ´ÜÁö¼­¹ö(È¨³Ý) Ping Á¤»ó! (´ÜÁö¼­¹ö IP-127.0.0.1)
[10:45:50] ´ÜÁö¼­¹ö(È¨³Ý) Ping Á¤»ó! (´ÜÁö¼­¹ö IP-10.22.33.1)
[10:45:51] 10.22.33.1:42140 ¿¬°á
[10:46:23] ¹Ìµé¿þ¾î ¼­¹ö¼ö½Å:{
  "command": "visit_reg",
  "data": {
    "dong": "101",
    "ho": "201",
    "car_number": "11ê°€1111",
    "date": "20201014",
    "term": "1"
  }
}
[10:46:24] {"command":"visit_reg","data":{"reg_no":"0181045890"},"result":{"status":"1","message":"ok"}}
[10:46:24] ¼­¹ö¼ö½Å:{
  "command": "visit_reg",
  "data": {
    "dong": "101",
    "ho": "201",
    "car_number": "11ê°€1111",
    "date": "20201014",
    "term": "1"
  }
}
[10:49:23] ¹Ìµé¿þ¾î ¼­¹ö¼ö½Å:{
  "command": "visit_reg",
  "data": {
    "dong": "101",
    "ho": "201",
    "car_number": "11ê°€1111",
    "date": "20201014",
    "term": "1"
  }
}
[10:49:23] {"command":"visit_reg","data":{"reg_no":"0181225484"},"result":{"status":"1","message":"ok"}}
[10:49:23] ¼­¹ö¼ö½Å:{
  "command": "visit_reg",
  "data": {
    "dong": "101",
    "ho": "201",
    "car_number": "11ê°€1111",
    "date": "20201014",
    "term": "1"
  }
}
[10:55:45] 10053 ¿¡·¯!
[10:55:53] 10061 ¿¡·¯!
[10:55:55] 10061 ¿¡·¯!
[10:55:56] 10061 ¿¡·¯!
[10:56:03] 10061 ¿¡·¯!
[10:56:05] 10061 ¿¡·¯!
[10:56:06] 10061 ¿¡·¯!
[10:56:13] 10061 ¿¡·¯!
[10:56:15] 10061 ¿¡·¯!
[10:56:16] 10061 ¿¡·¯!
[10:56:23] 10061 ¿¡·¯!
[10:56:25] 10061 ¿¡·¯!
[10:56:26] 10061 ¿¡·¯!
[10:56:33] 10061 ¿¡·¯!
[10:56:35] 10061 ¿¡·¯!
[10:56:36] 10061 ¿¡·¯!
[10:56:43] 10061 ¿¡·¯!
[11:55:52] ´ÜÁö¼­¹ö(È¨³Ý) Ping Á¤»ó! (´ÜÁö¼­¹ö IP-127.0.0.1)
[11:55:52] ´ÜÁö¼­¹ö(È¨³Ý) Ping Á¤»ó! (´ÜÁö¼­¹ö IP-10.22.33.1)
[11:55:54] 10.22.33.1:42140 ¿¬°á
[11:56:29] ´ÜÁö¼­¹ö(È¨³Ý) Ping Á¤»ó! (´ÜÁö¼­¹ö IP-127.0.0.1)
[11:56:29] ´ÜÁö¼­¹ö(È¨³Ý) Ping Á¤»ó! (´ÜÁö¼­¹ö IP-10.22.33.1)
[11:56:30] 10.22.33.1:42140 ¿¬°á
[11:58:08] ¹Ìµé¿þ¾î ¼­¹ö¼ö½Å:{
  "command": "visit_reg",
  "data": {
    "dong": "101",
    "ho": "201",
    "car_number": "22ê°€2222",
    "date": "20201014",
    "term": "1"
  }
}
[11:58:08] {"command":"visit_reg","data":{"reg_no":"0185350531"},"result":{"status":"1","message":"ok"}}
[11:58:08] ¼­¹ö¼ö½Å:{
  "command": "visit_reg",
  "data": {
    "dong": "101",
    "ho": "201",
    "car_number": "22ê°€2222",
    "date": "20201014",
    "term": "1"
  }
}
[11:58:44] ¹Ìµé¿þ¾î ¼­¹ö¼ö½Å:{
  "command": "visit_reg",
  "data": {
    "dong": "101",
    "ho": "201",
    "car_number": "22ê°€2222",
    "date": "20201014",
    "term": "1"
  }
}
[11:58:44] {"command":"visit_reg","data":{"reg_no":"0185386546"},"result":{"status":"1","message":"ok"}}
[11:58:44] ¼­¹ö¼ö½Å:{
  "command": "visit_reg",
  "data": {
    "dong": "101",
    "ho": "201",
    "car_number": "22ê°€2222",
    "date": "20201014",
    "term": "1"
  }
}
[12:03:17] ´ÜÁö¼­¹ö(È¨³Ý) Ping Á¤»ó! (´ÜÁö¼­¹ö IP-127.0.0.1)
[12:03:17] ´ÜÁö¼­¹ö(È¨³Ý) Ping Á¤»ó! (´ÜÁö¼­¹ö IP-10.22.33.1)
[12:03:18] 10.22.33.1:42140 ¿¬°á
[12:03:36] ¹Ìµé¿þ¾î ¼­¹ö¼ö½Å:{
  "command": "visit_reg",
  "data": {
    "dong": "101",
    "ho": "201",
    "car_number": "33åª›Â€3333",
    "date": "20201014",
    "term": "1"
  }
}
[12:03:36] {"command":"visit_reg","data":{"reg_no":"0185678171"},"result":{"status":"1","message":"ok"}}
[12:03:36] ¼­¹ö¼ö½Å:{
  "command": "visit_reg",
  "data": {
    "dong": "101",
    "ho": "201",
    "car_number": "33ê°€3333",
    "date": "20201014",
    "term": "1"
  }
}
[12:07:35] ´ÜÁö¼­¹ö(È¨³Ý) Ping Á¤»ó! (´ÜÁö¼­¹ö IP-127.0.0.1)
[12:07:35] ´ÜÁö¼­¹ö(È¨³Ý) Ping Á¤»ó! (´ÜÁö¼­¹ö IP-10.22.33.1)
[12:07:39] 10.22.33.1:42140 ¿¬°á
[12:07:49] ¹Ìµé¿þ¾î ¼­¹ö¼ö½Å:{
  "command": "visit_reg",
  "data": {
    "dong": "101",
    "ho": "201",
    "car_number": "44ê°€4444",
    "date": "20201014",
    "term": "1"
  }
}
[12:07:49] {"command":"visit_reg","data":{"reg_no":"0185931765"},"result":{"status":"1","message":"ok"}}
[12:07:49] ¼­¹ö¼ö½Å:{
  "command": "visit_reg",
  "data": {
    "dong": "101",
    "ho": "201",
    "car_number": "44ê°€4444",
    "date": "20201014",
    "term": "1"
  }
}
[12:20:15] ´ÜÁö¼­¹ö(È¨³Ý) Ping Á¤»ó! (´ÜÁö¼­¹ö IP-127.0.0.1)
[12:20:15] ´ÜÁö¼­¹ö(È¨³Ý) Ping Á¤»ó! (´ÜÁö¼­¹ö IP-10.22.33.1)
[12:20:19] 10.22.33.1:42140 ¿¬°á
[12:20:48] ¹Ìµé¿þ¾î ¼­¹ö¼ö½Å:TStringStream
[12:20:48] {"command":"visit_reg","data":{"reg_no":"0186710281"},"result":{"status":"1","message":"ok"}}
[12:20:48] ¼­¹ö¼ö½Å:{
  "command": "visit_reg",
  "data": {
    "dong": "101",
    "ho": "201",
    "car_number": "44ê°€4444",
    "date": "20201014",
    "term": "1"
  }
}
[12:21:02] 10053 ¿¡·¯!
[12:21:07] 10061 ¿¡·¯!
[12:21:10] 10061 ¿¡·¯!
[12:22:01] ´ÜÁö¼­¹ö(È¨³Ý) Ping Á¤»ó! (´ÜÁö¼­¹ö IP-127.0.0.1)
[12:22:01] ´ÜÁö¼­¹ö(È¨³Ý) Ping Á¤»ó! (´ÜÁö¼­¹ö IP-10.22.33.1)
[12:22:11] 10061 ¿¡·¯!
[12:22:13] 10061 ¿¡·¯!
[12:22:56] ´ÜÁö¼­¹ö(È¨³Ý) Ping Á¤»ó! (´ÜÁö¼­¹ö IP-127.0.0.1)
[12:22:57] ´ÜÁö¼­¹ö(È¨³Ý) Ping Á¤»ó! (´ÜÁö¼­¹ö IP-10.22.33.1)
[12:23:00] 10.22.33.1:42140 ¿¬°á
[12:23:03] ¹Ìµé¿þ¾î ¼­¹ö¼ö½Å:{
  "command": "visit_reg",
  "data": {
    "dong": "101",
    "ho": "201",
    "car_number": "44°¡4444",
    "date": "20201014",
    "term": "1"
  }
}
[12:23:04] {"command":"visit_reg","data":{"reg_no":"0186845765"},"result":{"status":"1","message":"ok"}}
[12:23:04] ¼­¹ö¼ö½Å:{
  "command": "visit_reg",
  "data": {
    "dong": "101",
    "ho": "201",
    "car_number": "44°¡4444",
    "date": "20201014",
    "term": "1"
  }
}
[12:38:11] ´ÜÁö¼­¹ö(È¨³Ý) Ping Á¤»ó! (´ÜÁö¼­¹ö IP-127.0.0.1)
[12:38:11] ´ÜÁö¼­¹ö(È¨³Ý) Ping Á¤»ó! (´ÜÁö¼­¹ö IP-10.22.33.1)
[12:38:15] 10.22.33.1:42140 ¿¬°á
[12:38:19] ¹Ìµé¿þ¾î ¼­¹ö¼ö½Å:{
  "command": "visit_reg",
  "data": {
    "dong": "101",
    "ho": "201",
    "car_number": "55ë„ˆ5555",
    "date": "20201014",
    "term": "1"
  }
}
[12:38:19] {"command":"visit_reg","data":{"reg_no":"0187761187"},"result":{"status":"1","message":"ok"}}
[12:38:19] ¼­¹ö¼ö½Å:{
  "command": "visit_reg",
  "data": {
    "dong": "101",
    "ho": "201",
    "car_number": "55³Ê5555",
    "date": "20201014",
    "term": "1"
  }
}
[12:40:35] ´ÜÁö¼­¹ö(È¨³Ý) Ping Á¤»ó! (´ÜÁö¼­¹ö IP-127.0.0.1)
[12:40:35] ´ÜÁö¼­¹ö(È¨³Ý) Ping Á¤»ó! (´ÜÁö¼­¹ö IP-10.22.33.1)
[12:40:38] 10.22.33.1:42140 ¿¬°á
[12:40:42] ¹Ìµé¿þ¾î ¼­¹ö¼ö½Å:{
  "command": "visit_reg",
  "data": {
    "dong": "101",
    "ho": "201",
    "car_number": "66ìœ¡6666",
    "date": "20201014",
    "term": "1"
  }
}
[12:40:42] {"command":"visit_reg","data":{"reg_no":"0187904000"},"result":{"status":"1","message":"ok"}}
[12:40:42] ¼­¹ö¼ö½Å:{
  "command": "visit_reg",
  "data": {
    "dong": "101",
    "ho": "201",
    "car_number": "66À°6666",
    "date": "20201014",
    "term": "1"
  }
}
[12:41:52] ¹Ìµé¿þ¾î ¼­¹ö¼ö½Å:{
  "command": "visit_del",
  "data": {
    "dong": "101",
    "ho": "201",
    "car_number": "66ìœ¡6666",
    "reg_no": "0187904000"
  }
}
[12:41:52] {"command":"visit_del","result":{"status":"1","message":"ok"}}
[12:41:52] ¼­¹ö¼ö½Å:{
  "command": "visit_del",
  "data": {
    "dong": "101",
    "ho": "201",
    "car_number": "66À°6666",
    "reg_no": "0187904000"
  }
}
[12:43:40] ´ÜÁö¼­¹ö(È¨³Ý) Ping Á¤»ó! (´ÜÁö¼­¹ö IP-127.0.0.1)
[12:43:40] ´ÜÁö¼­¹ö(È¨³Ý) Ping Á¤»ó! (´ÜÁö¼­¹ö IP-10.22.33.1)
[12:43:49] 10061 ¿¡·¯!
[12:43:52] 10061 ¿¡·¯!
[12:44:00] 10.22.33.1:42140 ¿¬°á
[12:44:04] ¹Ìµé¿þ¾î ¼­¹ö¼ö½Å:{
  "command": "visit_del",
  "data": {
    "dong": "101",
    "ho": "201",
    "car_number": "66ìœ¡6666",
    "reg_no": "0187904000"
  }
}
[12:44:04] {"command":"visit_del","result":{"message":"fail"}}
[12:44:04] ¼­¹ö¼ö½Å:{
  "command": "visit_del",
  "data": {
    "dong": "101",
    "ho": "201",
    "car_number": "66À°6666",
    "reg_no": "0187904000"
  }
}
[12:44:35] ¹Ìµé¿þ¾î ¼­¹ö¼ö½Å:{
  "command": "visit_del",
  "data": {
    "dong": "101",
    "ho": "201",
    "car_number": "66ìœ¡6666",
    "reg_no": "0187904000"
  }
}
[12:44:35] {"command":"visit_del","result":{"message":"fail"}}
[12:44:35] ¼­¹ö¼ö½Å:{
  "command": "visit_del",
  "data": {
    "dong": "101",
    "ho": "201",
    "car_number": "66À°6666",
    "reg_no": "0187904000"
  }
}
[12:49:04] ´ÜÁö¼­¹ö(È¨³Ý) Ping Á¤»ó! (´ÜÁö¼­¹ö IP-127.0.0.1)
[12:49:05] ´ÜÁö¼­¹ö(È¨³Ý) Ping Á¤»ó! (´ÜÁö¼­¹ö IP-10.22.33.1)
[12:49:07] 10.22.33.1:42140 ¿¬°á
[12:49:12] ¹Ìµé¿þ¾î ¼­¹ö¼ö½Å:{
  "command": "visit_del",
  "data": {
    "dong": "101",
    "ho": "201",
    "car_number": "66ìœ¡6666",
    "reg_no": "0187904000"
  }
}
[12:49:12] {"command":"visit_del","result":{"status":"0187904000","message":"fail"}}
[12:49:12] ¼­¹ö¼ö½Å:{
  "command": "visit_del",
  "data": {
    "dong": "101",
    "ho": "201",
    "car_number": "66À°6666",
    "reg_no": "0187904000"
  }
}
[12:53:08] ´ÜÁö¼­¹ö(È¨³Ý) Ping Á¤»ó! (´ÜÁö¼­¹ö IP-127.0.0.1)
[12:53:09] ´ÜÁö¼­¹ö(È¨³Ý) Ping Á¤»ó! (´ÜÁö¼­¹ö IP-10.22.33.1)
[12:53:11] 10.22.33.1:42140 ¿¬°á
[12:53:54] ¹Ìµé¿þ¾î ¼­¹ö¼ö½Å:{
  "command": "visit_reg",
  "data": {
    "dong": "101",
    "ho": "201",
    "car_number": "77ì¹ 7777",
    "date": "20201014",
    "term": "2"
  }
}
[12:53:54] {"command":"visit_reg","data":{"reg_no":"0188696640"},"result":{"status":"200","message":"ok"}}
[12:53:54] ¼­¹ö¼ö½Å:{
  "command": "visit_reg",
  "data": {
    "dong": "101",
    "ho": "201",
    "car_number": "77Ä¥7777",
    "date": "20201014",
    "term": "2"
  }
}
[12:54:47] ¹Ìµé¿þ¾î ¼­¹ö¼ö½Å:{
  "command": "visit_del",
  "data": {
    "dong": "101",
    "ho": "201",
    "car_number": "77ì¹ 7777",
    "reg_no": "0188696640"
  }
}
[12:54:47] {"command":"visit_del","result":{"status":"200","message":"ok"}}
[12:54:47] ¼­¹ö¼ö½Å:{
  "command": "visit_del",
  "data": {
    "dong": "101",
    "ho": "201",
    "car_number": "77Ä¥7777",
    "reg_no": "0188696640"
  }
}
[12:56:02] ´ÜÁö¼­¹ö(È¨³Ý) Ping Á¤»ó! (´ÜÁö¼­¹ö IP-127.0.0.1)
[12:56:02] ´ÜÁö¼­¹ö(È¨³Ý) Ping Á¤»ó! (´ÜÁö¼­¹ö IP-10.22.33.1)
[12:56:05] 10.22.33.1:42140 ¿¬°á
[12:56:13] ¹Ìµé¿þ¾î ¼­¹ö¼ö½Å:{
  "command": "visit_reg",
  "data": {
    "dong": "101",
    "ho": "201",
    "car_number": "66À°6666",
    "date": "20201014",
    "term": "2"
  }
}
[12:56:13] ¼­¹ö¼ö½Å:{
  "command": "visit_reg",
  "data": {
    "dong": "101",
    "ho": "201",
    "car_number": "66À°6666",
    "date": "20201014",
    "term": "2"
  }
}
[12:56:34] ¹Ìµé¿þ¾î ¼­¹ö¼ö½Å:{
  "command": "visit_reg",
  "data": {
    "dong": "101",
    "ho": "201",
    "car_number": "66À°6666",
    "date": "20201014",
    "term": "2"
  }
}
[12:56:34] {"command":"visit_reg","data":{"reg_no":"0188856500"},"result":{"status":"200","message":"ok"}}
[12:56:34] ¼­¹ö¼ö½Å:{
  "command": "visit_reg",
  "data": {
    "dong": "101",
    "ho": "201",
    "car_number": "66À°6666",
    "date": "20201014",
    "term": "2"
  }
}
[12:56:52] ´ÜÁö¼­¹ö(È¨³Ý) Ping Á¤»ó! (´ÜÁö¼­¹ö IP-127.0.0.1)
[12:56:52] ´ÜÁö¼­¹ö(È¨³Ý) Ping Á¤»ó! (´ÜÁö¼­¹ö IP-10.22.33.1)
[12:56:56] 10.22.33.1:42140 ¿¬°á
[12:57:08] ¹Ìµé¿þ¾î ¼­¹ö¼ö½Å:{
  "command": "visit_del",
  "data": {
    "dong": "101",
    "ho": "201",
    "car_number": "66À°6666",
    "reg_no": "0188856500"
  }
}
[12:57:09] {"command":"visit_del","result":{"status":"200","message":"ok"}}
[12:57:09] ¼­¹ö¼ö½Å:{
  "command": "visit_del",
  "data": {
    "dong": "101",
    "ho": "201",
    "car_number": "66À°6666",
    "reg_no": "0188856500"
  }
}
[12:57:33] ¹Ìµé¿þ¾î ¼­¹ö¼ö½Å:{
  "command": "visit_del",
  "data": {
    "dong": "101",
    "ho": "201",
    "car_number": "66À°6666",
    "reg_no": "0188856500"
  }
}
[12:57:33] {"command":"visit_del","result":{"status":"204","message":"ÀÌ¹Ì »èÁ¦µÈ µ¥ÀÌÅÍÀÔ´Ï´Ù."}}
[12:57:33] ¼­¹ö¼ö½Å:{
  "command": "visit_del",
  "data": {
    "dong": "101",
    "ho": "201",
    "car_number": "66À°6666",
    "reg_no": "0188856500"
  }
}
[18:17:22] ´ÜÁö¼­¹ö(È¨³Ý) Ping Á¤»ó! (´ÜÁö¼­¹ö IP-127.0.0.1)
[18:17:22] ´ÜÁö¼­¹ö(È¨³Ý) Ping Á¤»ó! (´ÜÁö¼­¹ö IP-10.22.33.1)
[18:17:26] 10061 ¿¡·¯!
[18:17:34] 10061 ¿¡·¯!
[18:17:47] È¨³ÝÀü¼Û°¡´É LPR: 72
[18:17:49] 10061 ¿¡·¯!
[18:17:59] 10061 ¿¡·¯!
[18:17:59] 10061 ¿¡·¯!
[18:18:09] 10061 ¿¡·¯!
[18:18:09] 10061 ¿¡·¯!
[18:19:07] ´ÜÁö¼­¹ö(È¨³Ý) Ping Á¤»ó! (´ÜÁö¼­¹ö IP-127.0.0.1)
[18:19:07] ´ÜÁö¼­¹ö(È¨³Ý) Ping Á¤»ó! (´ÜÁö¼­¹ö IP-10.22.33.1)
[18:19:11] 10061 ¿¡·¯!
[18:19:19] 10061 ¿¡·¯!
[18:20:01] ´ÜÁö¼­¹ö(È¨³Ý) Ping Á¤»ó! (´ÜÁö¼­¹ö IP-127.0.0.1)
[18:20:01] ´ÜÁö¼­¹ö(È¨³Ý) Ping Á¤»ó! (´ÜÁö¼­¹ö IP-10.22.33.1)
[18:20:04] 10061 ¿¡·¯!
[18:20:15] 10061 ¿¡·¯!
[18:20:16] ´ÜÁö¼­¹ö(È¨³Ý) Ping Á¤»ó! (´ÜÁö¼­¹ö IP-127.0.0.1)
[18:20:16] ´ÜÁö¼­¹ö(È¨³Ý) Ping Á¤»ó! (´ÜÁö¼­¹ö IP-10.22.33.1)
[18:20:18] 10061 ¿¡·¯!
[18:20:28] 10061 ¿¡·¯!
[18:20:38] 10061 ¿¡·¯!
[18:20:48] 10061 ¿¡·¯!
[18:20:58] 10061 ¿¡·¯!
[18:21:08] 10061 ¿¡·¯!
[18:21:18] 10061 ¿¡·¯!
[18:21:28] 10061 ¿¡·¯!
[18:21:36] 1110 ¿¡·¯!
[18:21:41] ´ÜÁö¼­¹ö(È¨³Ý) Ping Á¤»ó! (´ÜÁö¼­¹ö IP-127.0.0.1)
[18:21:41] ´ÜÁö¼­¹ö(È¨³Ý) Ping Á¤»ó! (´ÜÁö¼­¹ö IP-10.22.33.1)
[18:21:45] 10061 ¿¡·¯!
[18:21:53] ´ÜÁö¼­¹ö(È¨³Ý) Ping Á¤»ó! (´ÜÁö¼­¹ö IP-127.0.0.1)
[18:21:53] ´ÜÁö¼­¹ö(È¨³Ý) Ping Á¤»ó! (´ÜÁö¼­¹ö IP-10.22.33.1)
[18:21:56] 10061 ¿¡·¯!
[18:22:05] 10061 ¿¡·¯!
[18:23:14] ´ÜÁö¼­¹ö(È¨³Ý) Ping Á¤»ó! (´ÜÁö¼­¹ö IP-127.0.0.1)
[18:23:15] ´ÜÁö¼­¹ö(È¨³Ý) Ping Á¤»ó! (´ÜÁö¼­¹ö IP-10.22.33.1)
[18:23:18] 10061 ¿¡·¯!
[18:23:27] ´ÜÁö¼­¹ö(È¨³Ý) Ping Á¤»ó! (´ÜÁö¼­¹ö IP-127.0.0.1)
[18:23:27] ´ÜÁö¼­¹ö(È¨³Ý) Ping Á¤»ó! (´ÜÁö¼­¹ö IP-10.22.33.1)
[18:23:30] 10061 ¿¡·¯!
[18:23:35] È¨³ÝÀü¼Û°¡´É LPR: 72
[18:23:37] 10061 ¿¡·¯!
[18:23:39] 10061 ¿¡·¯!
[18:23:47] 10061 ¿¡·¯!
[18:23:49] 10061 ¿¡·¯!
[18:23:57] 10061 ¿¡·¯!
[18:23:59] 10061 ¿¡·¯!
[18:24:07] 10061 ¿¡·¯!
[18:24:09] 10061 ¿¡·¯!
[18:24:17] 10061 ¿¡·¯!
[18:24:20] ´ÜÁö¼­¹ö(È¨³Ý) Ping Á¤»ó! (´ÜÁö¼­¹ö IP-127.0.0.1)
[18:24:20] ´ÜÁö¼­¹ö(È¨³Ý) Ping Á¤»ó! (´ÜÁö¼­¹ö IP-10.22.33.1)
[18:24:22] 10061 ¿¡·¯!
[18:24:29] È¨³ÝÀü¼Û°¡´É LPR: 72
[18:24:31] 10061 ¿¡·¯!
[18:24:32] 10061 ¿¡·¯!
[18:24:41] 10061 ¿¡·¯!
[18:24:42] 10061 ¿¡·¯!
