**************************************************************
[08:42:05] Program Start!
[08:42:05] 홈넷예외LPR:
[08:42:05] [DB저장 모드]
[08:42:05] TfrmMain.btnModeClick: 유인운영
[08:42:06] 비로그인
[08:42:06] 설치된 입구보조 LPR이 없음!
[08:42:06] 설치된 출구보조 LPR이 없음!
[08:42:06] 설치된 입구전광판이 없음!
[08:42:06] 설치된 출구전광판이 없음!
[08:42:06] LPR재접속 쓰레드시작
[08:42:06] 전광판재접속 쓰레드시작
[08:42:06] 정기권연동 쓰레드시작
[08:42:08] 71번 LPR에 연결된 방문증(시리얼타입) 오픈에러!
[08:42:08] csOutLpr1 접속성공
[08:42:08] csInLpr1 접속성공
[08:44:16] Program Close
**************************************************************
[08:44:43] Program Start!
[08:44:43] 홈넷예외LPR:
[08:44:44] [DB저장 모드]
[08:44:44] TfrmMain.btnModeClick: 유인운영
[08:44:44] 비로그인
[08:44:44] 설치된 입구보조 LPR이 없음!
[08:44:44] 설치된 출구보조 LPR이 없음!
[08:44:44] 설치된 입구전광판이 없음!
[08:44:44] 설치된 출구전광판이 없음!
[08:44:44] LPR재접속 쓰레드시작
[08:44:44] 전광판재접속 쓰레드시작
[08:44:45] 정기권연동 쓰레드시작
[08:44:46] 71번 LPR에 연결된 방문증(시리얼타입) 오픈에러!
[08:44:47] csInLpr1 접속성공
[08:44:47] csOutLpr1 접속성공
**************************************************************
[08:47:05] Program Start!
[08:47:05] 홈넷예외LPR:
[08:47:05] [DB저장 모드]
[08:47:05] TfrmMain.btnModeClick: 유인운영
[08:47:05] 비로그인
[08:47:05] 설치된 입구보조 LPR이 없음!
[08:47:05] 설치된 출구보조 LPR이 없음!
[08:47:05] 설치된 입구전광판이 없음!
[08:47:05] 설치된 출구전광판이 없음!
[08:47:06] LPR재접속 쓰레드시작
[08:47:06] 전광판재접속 쓰레드시작
[08:47:06] 정기권연동 쓰레드시작
[08:47:08] 71번 LPR에 연결된 방문증(시리얼타입) 오픈에러!
[08:47:08] csInLpr1 접속성공
[08:47:08] csOutLpr1 접속성공
**************************************************************
[08:52:22] Program Start!
[08:52:22] 홈넷예외LPR:
[08:52:22] [DB저장 모드]
[08:52:22] TfrmMain.btnModeClick: 유인운영
[08:52:22] 비로그인
[08:52:22] 설치된 입구보조 LPR이 없음!
[08:52:22] 설치된 출구보조 LPR이 없음!
[08:52:22] 설치된 입구전광판이 없음!
[08:52:22] 설치된 출구전광판이 없음!
[08:52:23] LPR재접속 쓰레드시작
[08:52:23] 전광판재접속 쓰레드시작
[08:52:26] 71번 LPR에 연결된 방문증(시리얼타입) 오픈에러!
[08:52:27] csInLpr1 접속성공
[08:52:27] csOutLpr1 접속성공
**************************************************************
[09:02:18] Program Start!
[09:02:18] 홈넷예외LPR:
[09:02:18] [DB저장 모드]
[09:02:18] TfrmMain.btnModeClick: 유인운영
[09:02:18] 비로그인
[09:02:18] 설치된 입구보조 LPR이 없음!
[09:02:18] 설치된 출구보조 LPR이 없음!
[09:02:18] 설치된 입구전광판이 없음!
[09:02:18] 설치된 출구전광판이 없음!
[09:02:19] LPR재접속 쓰레드시작
[09:02:19] 전광판재접속 쓰레드시작
[09:02:21] 71번 LPR에 연결된 방문증(시리얼타입) 오픈에러!
[09:02:21] csInLpr1 접속성공
[09:02:21] csOutLpr1 접속성공
**************************************************************
[09:03:31] Program Start!
[09:03:31] 홈넷예외LPR:
[09:03:31] [DB저장 모드]
[09:03:31] TfrmMain.btnModeClick: 유인운영
[09:03:32] 비로그인
[09:03:32] 설치된 입구보조 LPR이 없음!
[09:03:32] 설치된 출구보조 LPR이 없음!
[09:03:32] 설치된 입구전광판이 없음!
[09:03:32] 설치된 출구전광판이 없음!
[09:03:32] 전광판재접속 쓰레드시작
[09:03:32] 정기권연동 쓰레드시작
[09:03:37] 71번 LPR에 연결된 방문증(시리얼타입) 오픈에러!
[09:03:37] csInLpr1 접속성공
[09:03:37] csOutLpr1 접속성공
**************************************************************
[09:04:41] Program Start!
[09:04:41] 홈넷예외LPR:
[09:04:41] [DB저장 모드]
[09:04:42] TfrmMain.btnModeClick: 유인운영
[09:04:42] 비로그인
[09:04:42] 설치된 입구보조 LPR이 없음!
[09:04:42] 설치된 출구보조 LPR이 없음!
[09:04:42] 설치된 입구전광판이 없음!
[09:04:42] 설치된 출구전광판이 없음!
[09:04:42] LPR재접속 쓰레드시작
[09:04:43] 전광판재접속 쓰레드시작
[09:04:43] 정기권연동 쓰레드시작
[09:04:44] 71번 LPR에 연결된 방문증(시리얼타입) 오픈에러!
[09:04:45] csInLpr1 접속성공
[09:04:45] csOutLpr1 접속성공
**************************************************************
[09:06:36] Program Start!
[09:06:36] 홈넷예외LPR:
[09:06:36] [DB저장 모드]
[09:06:36] TfrmMain.btnModeClick: 유인운영
[09:06:36] 비로그인
[09:06:36] 설치된 입구보조 LPR이 없음!
[09:06:36] 설치된 출구보조 LPR이 없음!
[09:06:36] 설치된 입구전광판이 없음!
[09:06:36] 설치된 출구전광판이 없음!
[09:06:37] LPR재접속 쓰레드시작
[09:06:37] 전광판재접속 쓰레드시작
[09:06:37] 정기권연동 쓰레드시작
[09:06:38] 71번 LPR에 연결된 방문증(시리얼타입) 오픈에러!
[09:06:39] csInLpr1 접속성공
[09:06:39] csOutLpr1 접속성공
**************************************************************
[09:08:33] Program Start!
[09:08:34] 홈넷예외LPR:
[09:08:34] [DB저장 모드]
[09:08:34] TfrmMain.btnModeClick: 유인운영
[09:08:34] 비로그인
[09:08:34] 설치된 입구보조 LPR이 없음!
[09:08:34] 설치된 출구보조 LPR이 없음!
[09:08:34] 설치된 입구전광판이 없음!
[09:08:34] 설치된 출구전광판이 없음!
[09:08:35] LPR재접속 쓰레드시작
[09:08:35] 전광판재접속 쓰레드시작
[09:08:35] 정기권연동 쓰레드시작
[09:08:36] 71번 LPR에 연결된 방문증(시리얼타입) 오픈에러!
[09:08:37] csInLpr1 접속성공
[09:08:37] csOutLpr1 접속성공
**************************************************************
[09:11:10] Program Start!
[09:11:10] 홈넷예외LPR:
[09:11:10] [DB저장 모드]
[09:11:10] TfrmMain.btnModeClick: 유인운영
[09:11:10] 비로그인
[09:11:11] 설치된 입구보조 LPR이 없음!
[09:11:11] 설치된 출구보조 LPR이 없음!
[09:11:11] 설치된 입구전광판이 없음!
[09:11:11] 설치된 출구전광판이 없음!
[09:11:11] LPR재접속 쓰레드시작
[09:11:11] 전광판재접속 쓰레드시작
[09:11:11] 정기권연동 쓰레드시작
[09:11:14] 71번 LPR에 연결된 방문증(시리얼타입) 오픈에러!
[09:11:15] csInLpr1 접속성공
[09:11:15] csOutLpr1 접속성공
[09:11:21] Program Close
**************************************************************
[09:17:24] Program Start!
[09:17:24] 홈넷예외LPR:
[09:17:24] [DB저장 모드]
[09:17:24] TfrmMain.btnModeClick: 유인운영
[09:17:25] 비로그인
[09:17:25] 설치된 입구보조 LPR이 없음!
[09:17:25] 설치된 출구보조 LPR이 없음!
[09:17:25] 설치된 입구전광판이 없음!
[09:17:25] 설치된 출구전광판이 없음!
[09:17:25] LPR재접속 쓰레드시작
[09:17:25] 전광판재접속 쓰레드시작
[09:17:25] 정기권연동 쓰레드시작
[09:17:27] 71번 LPR에 연결된 방문증(시리얼타입) 오픈에러!
[09:17:28] csInLpr1 접속성공
[09:17:28] csOutLpr1 접속성공
[09:17:37] Program Close
**************************************************************
[12:55:55] Program Start!
[12:55:55] 홈넷예외LPR:
[12:55:55] [DB저장 모드]
[12:55:56] TfrmMain.btnModeClick: 유인운영
[12:55:56] 비로그인
[12:55:57] 설치된 입구보조 LPR이 없음!
[12:55:57] 설치된 출구보조 LPR이 없음!
[12:55:57] 설치된 입구전광판이 없음!
[12:55:57] 설치된 출구전광판이 없음!
[12:55:59] 71번 LPR에 연결된 방문증(시리얼타입) 오픈에러!
[12:56:00] csInLpr1 접속성공
[12:56:00] csOutLpr1 접속성공
[12:59:11] Program Close
**************************************************************
[13:24:15] Program Start!
[13:24:15] 홈넷예외LPR:
[13:24:15] [DB저장 모드]
[13:24:15] TfrmMain.btnModeClick: 유인운영
[13:24:16] 비로그인
[13:24:16] 설치된 입구보조 LPR이 없음!
[13:24:16] 설치된 출구보조 LPR이 없음!
[13:24:16] 설치된 입구전광판이 없음!
[13:24:16] 설치된 출구전광판이 없음!
[13:24:16] LPR재접속 쓰레드시작
[13:24:16] 전광판재접속 쓰레드시작
[13:24:16] 정기권연동 쓰레드시작
[13:24:18] 71번 LPR에 연결된 방문증(시리얼타입) 오픈에러!
[13:24:18] csInLpr1 접속성공
[13:24:18] csOutLpr1 접속성공
[13:24:52] Program Close
**************************************************************
[13:25:01] Program Start!
[13:25:01] 홈넷예외LPR:
[13:25:01] [DB저장 모드]
[13:25:01] TfrmMain.btnModeClick: 유인운영
[13:25:01] 비로그인
[13:25:01] 설치된 입구보조 LPR이 없음!
[13:25:01] 설치된 출구보조 LPR이 없음!
[13:25:01] 설치된 입구전광판이 없음!
[13:25:01] 설치된 출구전광판이 없음!
[13:25:01] LPR재접속 쓰레드시작
[13:25:02] 전광판재접속 쓰레드시작
[13:25:02] 정기권연동 쓰레드시작
[13:25:02] csInLpr1 접속성공
[13:25:02] csOutLpr1 접속성공
[13:25:14] Program Close
**************************************************************
[13:25:33] Program Start!
[13:25:33] 홈넷예외LPR:
[13:25:33] [DB저장 모드]
[13:25:33] TfrmMain.btnModeClick: 유인운영
[13:25:33] 비로그인
[13:25:33] 설치된 입구보조 LPR이 없음!
[13:25:33] 설치된 출구보조 LPR이 없음!
[13:25:33] 설치된 입구전광판이 없음!
[13:25:33] 설치된 출구전광판이 없음!
[13:25:34] LPR재접속 쓰레드시작
[13:25:34] 전광판재접속 쓰레드시작
[13:25:34] 정기권연동 쓰레드시작
[13:25:34] csInLpr1 접속성공
[13:25:34] csOutLpr1 접속성공
[13:25:52] Program Close
**************************************************************
[13:43:48] Program Start!
[13:43:48] 홈넷예외LPR:
[13:43:48] [DB저장 모드]
[13:43:48] TfrmMain.btnModeClick: 유인운영
[13:43:48] 비로그인
[13:43:49] 설치된 입구보조 LPR이 없음!
[13:43:49] 설치된 출구보조 LPR이 없음!
[13:43:49] 설치된 입구전광판이 없음!
[13:43:49] 설치된 출구전광판이 없음!
[13:43:49] LPR재접속 쓰레드시작
[13:43:49] 전광판재접속 쓰레드시작
[13:43:49] 정기권연동 쓰레드시작
[13:43:49] csInLpr1 접속성공
[13:43:49] csOutLpr1 접속성공
**************************************************************
[13:45:09] Program Start!
[13:45:09] 홈넷예외LPR:
[13:45:09] [DB저장 모드]
[13:45:09] TfrmMain.btnModeClick: 유인운영
[13:45:10] 비로그인
[13:45:10] 설치된 입구보조 LPR이 없음!
[13:45:10] 설치된 출구보조 LPR이 없음!
[13:45:10] 설치된 입구전광판이 없음!
[13:45:10] 설치된 출구전광판이 없음!
[13:45:10] LPR재접속 쓰레드시작
[13:45:10] 전광판재접속 쓰레드시작
[13:45:10] 정기권연동 쓰레드시작
[13:45:11] csOutLpr1 접속성공
[13:45:11] csInLpr1 접속성공
**************************************************************
[13:46:34] Program Start!
[13:46:34] 홈넷예외LPR:
[13:46:34] [DB저장 모드]
[13:46:34] TfrmMain.btnModeClick: 유인운영
[13:46:35] 비로그인
[13:46:35] 설치된 입구보조 LPR이 없음!
[13:46:35] 설치된 출구보조 LPR이 없음!
[13:46:35] 설치된 입구전광판이 없음!
[13:46:35] 설치된 출구전광판이 없음!
[13:46:35] LPR재접속 쓰레드시작
[13:46:35] 전광판재접속 쓰레드시작
[13:46:35] 정기권연동 쓰레드시작
[13:46:36] csInLpr1 접속성공
[13:46:36] csOutLpr1 접속성공
**************************************************************
[13:51:03] Program Start!
[13:51:03] 홈넷예외LPR:
[13:51:03] [DB저장 모드]
[13:51:03] TfrmMain.btnModeClick: 유인운영
[13:51:04] 비로그인
[13:51:04] 설치된 입구보조 LPR이 없음!
[13:51:04] 설치된 출구보조 LPR이 없음!
[13:51:04] 설치된 입구전광판이 없음!
[13:51:04] 설치된 출구전광판이 없음!
[13:51:04] LPR재접속 쓰레드시작
[13:51:04] 전광판재접속 쓰레드시작
[13:51:04] 정기권연동 쓰레드시작
[13:51:05] csOutLpr1 접속성공
[13:51:05] csInLpr1 접속성공
**************************************************************
[13:51:32] Program Start!
[13:51:32] 홈넷예외LPR:
[13:51:32] [DB저장 모드]
[13:51:32] TfrmMain.btnModeClick: 유인운영
[13:51:33] 비로그인
[13:51:33] 설치된 입구보조 LPR이 없음!
[13:51:33] 설치된 출구보조 LPR이 없음!
[13:51:33] 설치된 입구전광판이 없음!
[13:51:33] 설치된 출구전광판이 없음!
[13:51:33] LPR재접속 쓰레드시작
[13:51:33] 전광판재접속 쓰레드시작
[13:51:33] 정기권연동 쓰레드시작
[13:51:34] csOutLpr1 접속성공
[13:51:34] csInLpr1 접속성공
**************************************************************
[13:52:34] Program Start!
[13:52:34] 홈넷예외LPR:
[13:52:34] [DB저장 모드]
[13:52:34] TfrmMain.btnModeClick: 유인운영
[13:52:35] 비로그인
[13:52:35] 설치된 입구보조 LPR이 없음!
[13:52:35] 설치된 출구보조 LPR이 없음!
[13:52:35] 설치된 입구전광판이 없음!
[13:52:35] 설치된 출구전광판이 없음!
[13:52:35] LPR재접속 쓰레드시작
[13:52:35] 전광판재접속 쓰레드시작
[13:52:35] 정기권연동 쓰레드시작
[13:52:35] csInLpr1 접속성공
[13:52:35] csOutLpr1 접속성공
**************************************************************
[13:53:57] Program Start!
[13:53:57] 홈넷예외LPR:
[13:53:57] [DB저장 모드]
[13:53:57] TfrmMain.btnModeClick: 유인운영
[13:53:57] 비로그인
[13:53:57] 설치된 입구보조 LPR이 없음!
[13:53:57] 설치된 출구보조 LPR이 없음!
[13:53:57] 설치된 입구전광판이 없음!
[13:53:57] 설치된 출구전광판이 없음!
[13:53:57] LPR재접속 쓰레드시작
[13:53:58] 전광판재접속 쓰레드시작
[13:53:58] 정기권연동 쓰레드시작
[13:53:58] csInLpr1 접속성공
[13:53:58] csOutLpr1 접속성공
**************************************************************
[13:58:43] Program Start!
[13:58:43] 홈넷예외LPR:
[13:58:43] [DB저장 모드]
[13:58:43] TfrmMain.btnModeClick: 유인운영
[13:58:44] 비로그인
[13:58:44] 설치된 입구보조 LPR이 없음!
[13:58:44] 설치된 출구보조 LPR이 없음!
[13:58:44] 설치된 입구전광판이 없음!
[13:58:44] 설치된 출구전광판이 없음!
[13:58:44] LPR재접속 쓰레드시작
[13:58:44] 전광판재접속 쓰레드시작
[13:58:44] 정기권연동 쓰레드시작
[13:58:45] csInLpr1 접속성공
[13:58:45] csOutLpr1 접속성공
**************************************************************
[14:05:24] Program Start!
[14:05:24] 홈넷예외LPR:
[14:05:24] [DB저장 모드]
[14:05:25] TfrmMain.btnModeClick: 유인운영
[14:05:25] 비로그인
[14:05:25] 설치된 입구보조 LPR이 없음!
[14:05:25] 설치된 출구보조 LPR이 없음!
[14:05:25] 설치된 입구전광판이 없음!
[14:05:25] 설치된 출구전광판이 없음!
[14:05:25] LPR재접속 쓰레드시작
[14:05:26] 전광판재접속 쓰레드시작
[14:05:26] 정기권연동 쓰레드시작
[14:05:26] csInLpr1 접속성공
[14:05:26] csOutLpr1 접속성공
**************************************************************
[14:06:33] Program Start!
[14:06:33] 홈넷예외LPR:
[14:06:33] [DB저장 모드]
[14:06:33] TfrmMain.btnModeClick: 유인운영
[14:06:33] 비로그인
[14:06:33] 설치된 입구보조 LPR이 없음!
[14:06:33] 설치된 출구보조 LPR이 없음!
[14:06:33] 설치된 입구전광판이 없음!
[14:06:33] 설치된 출구전광판이 없음!
[14:06:34] LPR재접속 쓰레드시작
[14:06:34] 전광판재접속 쓰레드시작
[14:06:34] 정기권연동 쓰레드시작
[14:06:34] csInLpr1 접속성공
[14:06:35] csOutLpr1 접속성공
[14:06:54] Program Close
**************************************************************
[18:03:49] Program Start!
[18:03:49] 홈넷예외LPR:
[18:03:49] [DB저장 모드]
[18:03:50] TfrmMain.btnModeClick: 유인운영
[18:03:50] 비로그인
[18:03:50] 설치된 입구보조 LPR이 없음!
[18:03:50] 설치된 출구보조 LPR이 없음!
[18:03:50] 설치된 입구전광판이 없음!
[18:03:50] 설치된 출구전광판이 없음!
[18:03:50] LPR재접속 쓰레드시작
[18:03:51] 전광판재접속 쓰레드시작
[18:03:51] 정기권연동 쓰레드시작
[18:03:51] csInLpr1 접속성공
[18:03:51] csOutLpr1 접속성공
**************************************************************
[18:05:04] Program Start!
[18:05:04] 홈넷예외LPR:
[18:05:04] [DB저장 모드]
[18:05:04] TfrmMain.btnModeClick: 유인운영
[18:05:04] 비로그인
[18:05:04] 설치된 입구보조 LPR이 없음!
[18:05:04] 설치된 출구보조 LPR이 없음!
[18:05:04] 설치된 입구전광판이 없음!
[18:05:04] 설치된 출구전광판이 없음!
[18:05:04] LPR재접속 쓰레드시작
[18:05:05] 전광판재접속 쓰레드시작
[18:05:05] 정기권연동 쓰레드시작
[18:05:05] csInLpr1 접속성공
[18:05:05] csOutLpr1 접속성공
**************************************************************
[18:06:20] Program Start!
[18:06:21] 홈넷예외LPR:
[18:06:21] [DB저장 모드]
[18:06:21] TfrmMain.btnModeClick: 유인운영
[18:06:21] 비로그인
[18:06:21] 설치된 입구보조 LPR이 없음!
[18:06:21] 설치된 출구보조 LPR이 없음!
[18:06:21] 설치된 입구전광판이 없음!
[18:06:21] 설치된 출구전광판이 없음!
[18:06:21] LPR재접속 쓰레드시작
[18:06:21] 전광판재접속 쓰레드시작
[18:06:21] 정기권연동 쓰레드시작
[18:06:22] csInLpr1 접속성공
[18:06:22] csOutLpr1 접속성공
**************************************************************
[18:06:53] Program Start!
[18:06:53] 홈넷예외LPR:
[18:06:53] [DB저장 모드]
[18:06:53] TfrmMain.btnModeClick: 유인운영
[18:06:54] 비로그인
[18:06:54] 설치된 입구보조 LPR이 없음!
[18:06:54] 설치된 출구보조 LPR이 없음!
[18:06:54] 설치된 입구전광판이 없음!
[18:06:54] 설치된 출구전광판이 없음!
[18:06:54] LPR재접속 쓰레드시작
[18:06:54] 전광판재접속 쓰레드시작
[18:06:54] 정기권연동 쓰레드시작
[18:06:54] csInLpr1 접속성공
[18:06:54] csOutLpr1 접속성공
**************************************************************
[18:08:13] Program Start!
[18:08:13] 홈넷예외LPR:
[18:08:13] [DB저장 모드]
[18:08:13] TfrmMain.btnModeClick: 유인운영
[18:08:14] 비로그인
[18:08:14] 설치된 입구보조 LPR이 없음!
[18:08:14] 설치된 출구보조 LPR이 없음!
[18:08:14] 설치된 입구전광판이 없음!
[18:08:14] 설치된 출구전광판이 없음!
[18:08:14] LPR재접속 쓰레드시작
[18:08:14] 전광판재접속 쓰레드시작
[18:08:15] csInLpr1 접속성공
[18:08:15] csOutLpr1 접속성공
**************************************************************
[18:10:40] Program Start!
[18:10:40] 홈넷예외LPR:
[18:10:40] [DB저장 모드]
[18:10:40] TfrmMain.btnModeClick: 유인운영
[18:10:41] 비로그인
[18:10:41] 설치된 입구보조 LPR이 없음!
[18:10:41] 설치된 출구보조 LPR이 없음!
[18:10:41] 설치된 입구전광판이 없음!
[18:10:41] 설치된 출구전광판이 없음!
[18:10:41] LPR재접속 쓰레드시작
[18:10:41] 전광판재접속 쓰레드시작
[18:10:41] 정기권연동 쓰레드시작
[18:10:42] csInLpr1 접속성공
[18:10:42] csOutLpr1 접속성공
**************************************************************
[18:11:47] Program Start!
[18:11:47] 홈넷예외LPR:
[18:11:47] [DB저장 모드]
[18:11:47] TfrmMain.btnModeClick: 유인운영
[18:11:48] 비로그인
[18:11:48] 설치된 입구보조 LPR이 없음!
[18:11:48] 설치된 출구보조 LPR이 없음!
[18:11:48] 설치된 입구전광판이 없음!
[18:11:48] 설치된 출구전광판이 없음!
[18:11:48] LPR재접속 쓰레드시작
[18:11:48] 전광판재접속 쓰레드시작
[18:11:48] 정기권연동 쓰레드시작
[18:11:49] csOutLpr1 접속성공
[18:11:49] csInLpr1 접속성공
**************************************************************
[18:12:08] Program Start!
[18:12:08] 홈넷예외LPR:
[18:12:08] [DB저장 모드]
[18:12:08] TfrmMain.btnModeClick: 유인운영
[18:12:09] 비로그인
[18:12:09] 설치된 입구보조 LPR이 없음!
[18:12:09] 설치된 출구보조 LPR이 없음!
[18:12:09] 설치된 입구전광판이 없음!
[18:12:09] 설치된 출구전광판이 없음!
[18:12:09] LPR재접속 쓰레드시작
[18:12:09] 전광판재접속 쓰레드시작
[18:12:09] 정기권연동 쓰레드시작
[18:12:10] csInLpr1 접속성공
[18:12:10] csOutLpr1 접속성공
**************************************************************
[18:13:18] Program Start!
[18:13:18] 홈넷예외LPR:
[18:13:18] [DB저장 모드]
[18:13:18] TfrmMain.btnModeClick: 유인운영
[18:13:19] 비로그인
[18:13:19] 설치된 입구보조 LPR이 없음!
[18:13:19] 설치된 출구보조 LPR이 없음!
[18:13:19] 설치된 입구전광판이 없음!
[18:13:19] 설치된 출구전광판이 없음!
[18:13:19] LPR재접속 쓰레드시작
[18:13:19] 전광판재접속 쓰레드시작
[18:13:19] 정기권연동 쓰레드시작
[18:13:20] csInLpr1 접속성공
[18:13:20] csOutLpr1 접속성공
**************************************************************
[18:13:57] Program Start!
[18:13:57] 홈넷예외LPR:
[18:13:57] [DB저장 모드]
[18:13:57] TfrmMain.btnModeClick: 유인운영
[18:13:57] 비로그인
[18:13:57] 설치된 입구보조 LPR이 없음!
[18:13:57] 설치된 출구보조 LPR이 없음!
[18:13:57] 설치된 입구전광판이 없음!
[18:13:57] 설치된 출구전광판이 없음!
[18:13:57] LPR재접속 쓰레드시작
[18:13:58] 전광판재접속 쓰레드시작
[18:13:58] 정기권연동 쓰레드시작
[18:13:58] csInLpr1 접속성공
[18:13:58] csOutLpr1 접속성공
**************************************************************
[18:14:51] Program Start!
[18:14:51] 홈넷예외LPR:
[18:14:51] [DB저장 모드]
[18:14:51] TfrmMain.btnModeClick: 유인운영
[18:14:51] 비로그인
[18:14:51] 설치된 입구보조 LPR이 없음!
[18:14:51] 설치된 출구보조 LPR이 없음!
[18:14:51] 설치된 입구전광판이 없음!
[18:14:51] 설치된 출구전광판이 없음!
[18:14:51] LPR재접속 쓰레드시작
[18:14:52] 전광판재접속 쓰레드시작
[18:14:52] 정기권연동 쓰레드시작
[18:14:52] csInLpr1 접속성공
[18:14:52] csOutLpr1 접속성공
[18:17:36] 
[18:17:36] 
**************************************************************
[18:18:48] Program Start!
[18:18:48] 홈넷예외LPR:
[18:18:48] [DB저장 모드]
[18:18:48] TfrmMain.btnModeClick: 유인운영
[18:18:49] 비로그인
[18:18:49] 설치된 입구보조 LPR이 없음!
[18:18:49] 설치된 출구보조 LPR이 없음!
[18:18:49] 설치된 입구전광판이 없음!
[18:18:49] 설치된 출구전광판이 없음!
[18:18:49] LPR재접속 쓰레드시작
[18:18:49] 전광판재접속 쓰레드시작
[18:18:49] 정기권연동 쓰레드시작
[18:18:50] csInLpr1 접속성공
[18:18:50] csOutLpr1 접속성공
[18:19:35] ^66육6666^55너5555
[18:19:35] ^^
**************************************************************
[18:20:08] Program Start!
[18:20:08] 홈넷예외LPR:
[18:20:08] [DB저장 모드]
[18:20:08] TfrmMain.btnModeClick: 유인운영
[18:20:08] 비로그인
[18:20:08] 설치된 입구보조 LPR이 없음!
[18:20:08] 설치된 출구보조 LPR이 없음!
[18:20:08] 설치된 입구전광판이 없음!
[18:20:08] 설치된 출구전광판이 없음!
[18:20:08] LPR재접속 쓰레드시작
[18:20:08] 전광판재접속 쓰레드시작
[18:20:09] 정기권연동 쓰레드시작
[18:20:09] csInLpr1 접속성공
[18:20:09] csOutLpr1 접속성공
[18:20:39] 파싱성공: CH1#55너5555#N#\2020\10\15\CH1_20201015182039_55너5555.jpg
[18:20:39] LPR전문: CH1#55너5555#N#\2020\10\15\CH1_20201015182039_55너5555.jpg
[18:20:39] LPR Check: 55너5555,http://10.22.30.20:9080/MSImage/2020/10/15/CH1_20201015182039_55너5555.jpg,1,,,0, 2020-10-15 18:20:39
[18:20:39] File: \\10.22.30.20\MSImage\2020\10\15\CH1_20201015182039_55너5555.jpg
[18:20:39] NormalProc: 일반차량 처리 시작 : 55너5555, 
[18:20:39] 미등록차량 입차: 55너5555 - \\10.22.30.20\MSImage\2020\10\15\CH1_20201015182039_55너5555.jpg
[18:20:40] 전광판() 네트워크 에러
[18:20:40] 일반차량 입차 이미지 가져오기 시작
[18:20:40] 일반차량 입차 이미지 가져오기 끝
[18:21:00] 파싱성공: CH1#66육6666#N#\2020\10\15\CH1_20201015182100_66육6666.jpg
[18:21:00] LPR전문: CH1#66육6666#N#\2020\10\15\CH1_20201015182100_66육6666.jpg
[18:21:00] LPR Check: 66육6666,http://10.22.30.20:9080/MSImage/2020/10/15/CH1_20201015182100_66육6666.jpg,1,,,0, 2020-10-15 18:21:00
[18:21:00] File: \\10.22.30.20\MSImage\2020\10\15\CH1_20201015182100_66육6666.jpg
[18:21:00] NormalProc: 일반차량 처리 시작 : 66육6666, 
[18:21:00] 미등록차량 입차: 66육6666 - \\10.22.30.20\MSImage\2020\10\15\CH1_20201015182100_66육6666.jpg
[18:21:00] 전광판() 네트워크 에러
[18:21:00] 일반차량 입차 이미지 가져오기 시작
[18:21:00] 일반차량 입차 이미지 가져오기 끝
**************************************************************
[18:22:23] Program Start!
[18:22:23] 홈넷예외LPR:
[18:22:23] [DB저장 모드]
[18:22:23] TfrmMain.btnModeClick: 유인운영
[18:22:23] 비로그인
[18:22:23] 설치된 입구보조 LPR이 없음!
[18:22:23] 설치된 출구보조 LPR이 없음!
[18:22:24] 설치된 입구전광판이 없음!
[18:22:24] 설치된 출구전광판이 없음!
[18:22:24] LPR재접속 쓰레드시작
[18:22:24] 전광판재접속 쓰레드시작
[18:22:24] 정기권연동 쓰레드시작
[18:22:24] csInLpr1 접속성공
[18:22:24] csOutLpr1 접속성공
[18:23:20] ^66육6666^55너5555
[18:23:21] ^^20201015182100
**************************************************************
[18:23:48] Program Start!
[18:23:48] 홈넷예외LPR:
[18:23:48] [DB저장 모드]
[18:23:48] TfrmMain.btnModeClick: 유인운영
[18:23:48] 비로그인
[18:23:48] 설치된 입구보조 LPR이 없음!
[18:23:48] 설치된 출구보조 LPR이 없음!
[18:23:48] 설치된 입구전광판이 없음!
[18:23:48] 설치된 출구전광판이 없음!
[18:23:48] LPR재접속 쓰레드시작
[18:23:49] 전광판재접속 쓰레드시작
[18:23:49] 정기권연동 쓰레드시작
[18:23:49] csInLpr1 접속성공
[18:23:49] csOutLpr1 접속성공
[18:24:01] ^66육6666^55너5555
[18:24:01] ^^20201015182100
**************************************************************
[18:24:30] Program Start!
[18:24:30] 홈넷예외LPR:
[18:24:30] [DB저장 모드]
[18:24:30] TfrmMain.btnModeClick: 유인운영
[18:24:30] 비로그인
[18:24:30] 설치된 입구보조 LPR이 없음!
[18:24:30] 설치된 출구보조 LPR이 없음!
[18:24:30] 설치된 입구전광판이 없음!
[18:24:30] 설치된 출구전광판이 없음!
[18:24:31] LPR재접속 쓰레드시작
[18:24:31] 전광판재접속 쓰레드시작
[18:24:31] 정기권연동 쓰레드시작
[18:24:31] csInLpr1 접속성공
[18:24:31] csOutLpr1 접속성공
[18:24:34] ^66육6666^55너5555
[18:24:34] ^^20201015182100
**************************************************************
[18:25:01] Program Start!
[18:25:01] 홈넷예외LPR:
[18:25:01] [DB저장 모드]
[18:25:01] TfrmMain.btnModeClick: 유인운영
[18:25:02] 비로그인
[18:25:02] 설치된 입구보조 LPR이 없음!
[18:25:02] 설치된 출구보조 LPR이 없음!
[18:25:02] 설치된 입구전광판이 없음!
[18:25:02] 설치된 출구전광판이 없음!
[18:25:02] LPR재접속 쓰레드시작
[18:25:02] 전광판재접속 쓰레드시작
[18:25:02] 정기권연동 쓰레드시작
[18:25:03] csInLpr1 접속성공
[18:25:03] csOutLpr1 접속성공
[18:25:11] ^66육6666^55너5555
[18:25:11] ^^20201015182100
**************************************************************
[18:26:41] Program Start!
[18:26:41] 홈넷예외LPR:
[18:26:41] [DB저장 모드]
[18:26:41] TfrmMain.btnModeClick: 유인운영
[18:26:42] 비로그인
[18:26:42] 설치된 입구보조 LPR이 없음!
[18:26:42] 설치된 출구보조 LPR이 없음!
[18:26:42] 설치된 입구전광판이 없음!
[18:26:42] 설치된 출구전광판이 없음!
[18:26:42] LPR재접속 쓰레드시작
[18:26:42] 전광판재접속 쓰레드시작
[18:26:42] 정기권연동 쓰레드시작
[18:26:43] csInLpr1 접속성공
[18:26:43] csOutLpr1 접속성공
[18:26:53] ^66육6666^55너5555
[18:26:53] ^^20201015182100
**************************************************************
[18:28:33] Program Start!
[18:28:33] 홈넷예외LPR:
[18:28:33] [DB저장 모드]
[18:28:33] TfrmMain.btnModeClick: 유인운영
[18:28:33] 비로그인
[18:28:33] 설치된 입구보조 LPR이 없음!
[18:28:33] 설치된 출구보조 LPR이 없음!
[18:28:33] 설치된 입구전광판이 없음!
[18:28:33] 설치된 출구전광판이 없음!
[18:28:33] LPR재접속 쓰레드시작
[18:28:34] 전광판재접속 쓰레드시작
[18:28:34] 정기권연동 쓰레드시작
[18:28:34] csInLpr1 접속성공
[18:28:34] csOutLpr1 접속성공
[18:28:41] ^66육6666^55너5555
[18:28:41] ^^20201015182100
**************************************************************
[18:29:47] Program Start!
[18:29:47] 홈넷예외LPR:
[18:29:47] [DB저장 모드]
[18:29:48] TfrmMain.btnModeClick: 유인운영
[18:29:48] 비로그인
[18:29:48] 설치된 입구보조 LPR이 없음!
[18:29:48] 설치된 출구보조 LPR이 없음!
[18:29:48] 설치된 입구전광판이 없음!
[18:29:48] 설치된 출구전광판이 없음!
[18:29:48] LPR재접속 쓰레드시작
[18:29:48] 전광판재접속 쓰레드시작
[18:29:48] 정기권연동 쓰레드시작
[18:29:49] csInLpr1 접속성공
[18:29:49] csOutLpr1 접속성공
[18:29:57] ^66육6666^55너5555
[18:29:57] ^^20201015182100
**************************************************************
[18:34:37] Program Start!
[18:34:37] 홈넷예외LPR:
[18:34:37] [DB저장 모드]
[18:34:37] TfrmMain.btnModeClick: 유인운영
[18:34:37] 비로그인
[18:34:37] 설치된 입구보조 LPR이 없음!
[18:34:37] 설치된 출구보조 LPR이 없음!
[18:34:38] 설치된 입구전광판이 없음!
[18:34:38] 설치된 출구전광판이 없음!
[18:34:38] LPR재접속 쓰레드시작
[18:34:38] 전광판재접속 쓰레드시작
[18:34:38] 정기권연동 쓰레드시작
[18:34:38] csInLpr1 접속성공
[18:34:38] csOutLpr1 접속성공
[18:34:48] ^66육6666^55너5555
[18:34:48] ^^20201015182100
**************************************************************
[18:35:52] Program Start!
[18:35:52] 홈넷예외LPR:
[18:35:52] [DB저장 모드]
[18:35:52] TfrmMain.btnModeClick: 유인운영
[18:35:52] 비로그인
[18:35:52] 설치된 입구보조 LPR이 없음!
[18:35:52] 설치된 출구보조 LPR이 없음!
[18:35:52] 설치된 입구전광판이 없음!
[18:35:52] 설치된 출구전광판이 없음!
[18:35:53] LPR재접속 쓰레드시작
[18:35:53] 전광판재접속 쓰레드시작
[18:35:53] 정기권연동 쓰레드시작
[18:35:53] csInLpr1 접속성공
[18:35:53] csOutLpr1 접속성공
[18:36:21] ^66육6666^55너5555
[18:36:21] ^^20201015182100
**************************************************************
[18:41:02] Program Start!
[18:41:02] 홈넷예외LPR:
[18:41:02] [DB저장 모드]
[18:41:02] TfrmMain.btnModeClick: 유인운영
[18:41:02] 비로그인
[18:41:02] 설치된 입구보조 LPR이 없음!
[18:41:02] 설치된 출구보조 LPR이 없음!
[18:41:02] 설치된 입구전광판이 없음!
[18:41:02] 설치된 출구전광판이 없음!
[18:41:02] LPR재접속 쓰레드시작
[18:41:03] 전광판재접속 쓰레드시작
[18:41:03] 정기권연동 쓰레드시작
[18:41:03] csInLpr1 접속성공
[18:41:03] csOutLpr1 접속성공
[18:41:28] ^66육6666^55너5555
[18:41:28] ^^20201015182100
**************************************************************
[18:42:28] Program Start!
[18:42:28] 홈넷예외LPR:
[18:42:28] [DB저장 모드]
[18:42:28] TfrmMain.btnModeClick: 유인운영
[18:42:29] 비로그인
[18:42:29] 설치된 입구보조 LPR이 없음!
[18:42:29] 설치된 출구보조 LPR이 없음!
[18:42:29] 설치된 입구전광판이 없음!
[18:42:29] 설치된 출구전광판이 없음!
[18:42:29] LPR재접속 쓰레드시작
[18:42:29] 전광판재접속 쓰레드시작
[18:42:29] 정기권연동 쓰레드시작
[18:42:30] csInLpr1 접속성공
[18:42:30] csOutLpr1 접속성공
[18:42:56] ^66육6666^55너5555
[18:42:56] ^^20201015182100
**************************************************************
[18:44:01] Program Start!
[18:44:01] 홈넷예외LPR:
[18:44:01] [DB저장 모드]
[18:44:01] TfrmMain.btnModeClick: 유인운영
[18:44:02] 비로그인
[18:44:02] 설치된 입구보조 LPR이 없음!
[18:44:02] 설치된 출구보조 LPR이 없음!
[18:44:02] 설치된 입구전광판이 없음!
[18:44:02] 설치된 출구전광판이 없음!
[18:44:02] LPR재접속 쓰레드시작
[18:44:02] 전광판재접속 쓰레드시작
[18:44:02] 정기권연동 쓰레드시작
[18:44:03] csInLpr1 접속성공
[18:44:03] csOutLpr1 접속성공
[18:44:16] ^66육6666^55너5555
[18:44:16] ^^20201015182100
**************************************************************
[18:45:28] Program Start!
[18:45:28] 홈넷예외LPR:
[18:45:28] [DB저장 모드]
[18:45:28] TfrmMain.btnModeClick: 유인운영
[18:45:28] 비로그인
[18:45:28] 설치된 입구보조 LPR이 없음!
[18:45:29] 설치된 출구보조 LPR이 없음!
[18:45:29] 설치된 입구전광판이 없음!
[18:45:29] 설치된 출구전광판이 없음!
[18:45:29] LPR재접속 쓰레드시작
[18:45:29] 전광판재접속 쓰레드시작
[18:45:29] 정기권연동 쓰레드시작
[18:45:30] csInLpr1 접속성공
[18:45:30] csOutLpr1 접속성공
[18:45:45] ^66육6666^55너5555
[18:45:45] ^^20201015182100
**************************************************************
[18:47:13] Program Start!
[18:47:13] 홈넷예외LPR:
[18:47:13] [DB저장 모드]
[18:47:13] TfrmMain.btnModeClick: 유인운영
[18:47:13] 비로그인
[18:47:13] 설치된 입구보조 LPR이 없음!
[18:47:13] 설치된 출구보조 LPR이 없음!
[18:47:13] 설치된 입구전광판이 없음!
[18:47:13] 설치된 출구전광판이 없음!
[18:47:14] LPR재접속 쓰레드시작
[18:47:14] 전광판재접속 쓰레드시작
[18:47:14] 정기권연동 쓰레드시작
[18:47:14] csInLpr1 접속성공
[18:47:14] csOutLpr1 접속성공
[18:47:22] ^66육6666^55너5555
[18:47:22] ^^20201015182100
**************************************************************
[18:49:30] Program Start!
[18:49:30] 홈넷예외LPR:
[18:49:30] [DB저장 모드]
[18:49:30] TfrmMain.btnModeClick: 유인운영
[18:49:31] 비로그인
[18:49:31] 설치된 입구보조 LPR이 없음!
[18:49:31] 설치된 출구보조 LPR이 없음!
[18:49:31] 설치된 입구전광판이 없음!
[18:49:31] 설치된 출구전광판이 없음!
[18:49:31] LPR재접속 쓰레드시작
[18:49:31] 전광판재접속 쓰레드시작
[18:49:31] 정기권연동 쓰레드시작
[18:49:32] csInLpr1 접속성공
[18:49:32] csOutLpr1 접속성공
[18:49:39] ^66육6666^55너5555
[18:49:39] ^^20201015182100
**************************************************************
[18:51:35] Program Start!
[18:51:35] 홈넷예외LPR:
[18:51:35] [DB저장 모드]
[18:51:35] TfrmMain.btnModeClick: 유인운영
[18:51:35] 비로그인
[18:51:35] 설치된 입구보조 LPR이 없음!
[18:51:35] 설치된 출구보조 LPR이 없음!
[18:51:35] 설치된 입구전광판이 없음!
[18:51:35] 설치된 출구전광판이 없음!
[18:51:36] LPR재접속 쓰레드시작
[18:51:36] 전광판재접속 쓰레드시작
[18:51:36] 정기권연동 쓰레드시작
[18:51:36] csInLpr1 접속성공
[18:51:36] csOutLpr1 접속성공
[18:51:43] ^66육6666^55너5555
[18:51:43] ^^20201015182100
**************************************************************
[18:52:50] Program Start!
[18:52:50] 홈넷예외LPR:
[18:52:50] [DB저장 모드]
[18:52:50] TfrmMain.btnModeClick: 유인운영
[18:52:51] 비로그인
[18:52:51] 설치된 입구보조 LPR이 없음!
[18:52:51] 설치된 출구보조 LPR이 없음!
[18:52:51] 설치된 입구전광판이 없음!
[18:52:51] 설치된 출구전광판이 없음!
[18:52:51] LPR재접속 쓰레드시작
[18:52:51] 전광판재접속 쓰레드시작
[18:52:51] 정기권연동 쓰레드시작
[18:52:52] csInLpr1 접속성공
[18:52:52] csOutLpr1 접속성공
[18:52:57] ^66육6666^55너5555
[18:52:57] ^^20201015182100
**************************************************************
[18:53:54] Program Start!
[18:53:54] 홈넷예외LPR:
[18:53:54] [DB저장 모드]
[18:53:54] TfrmMain.btnModeClick: 유인운영
[18:53:54] 비로그인
[18:53:54] 설치된 입구보조 LPR이 없음!
[18:53:54] 설치된 출구보조 LPR이 없음!
[18:53:54] 설치된 입구전광판이 없음!
[18:53:54] 설치된 출구전광판이 없음!
[18:53:54] LPR재접속 쓰레드시작
[18:53:54] 전광판재접속 쓰레드시작
[18:53:55] 정기권연동 쓰레드시작
[18:53:55] csInLpr1 접속성공
[18:53:55] csOutLpr1 접속성공
[18:54:09] ^66육6666^55너5555
[18:54:09] ^^20201015182100
**************************************************************
[18:55:25] Program Start!
[18:55:25] 홈넷예외LPR:
[18:55:25] [DB저장 모드]
[18:55:25] TfrmMain.btnModeClick: 유인운영
[18:55:26] 비로그인
[18:55:26] 설치된 입구보조 LPR이 없음!
[18:55:26] 설치된 출구보조 LPR이 없음!
[18:55:26] 설치된 입구전광판이 없음!
[18:55:26] 설치된 출구전광판이 없음!
[18:55:26] LPR재접속 쓰레드시작
[18:55:26] 전광판재접속 쓰레드시작
[18:55:26] 정기권연동 쓰레드시작
[18:55:27] csInLpr1 접속성공
[18:55:27] csOutLpr1 접속성공
[18:55:37] ^66육6666^55너5555
[18:55:37] ^^20201015182100
**************************************************************
[18:56:15] Program Start!
[18:56:15] 홈넷예외LPR:
[18:56:15] [DB저장 모드]
[18:56:15] TfrmMain.btnModeClick: 유인운영
[18:56:15] 비로그인
[18:56:15] 설치된 입구보조 LPR이 없음!
[18:56:15] 설치된 출구보조 LPR이 없음!
[18:56:15] 설치된 입구전광판이 없음!
[18:56:15] 설치된 출구전광판이 없음!
[18:56:16] LPR재접속 쓰레드시작
[18:56:16] 전광판재접속 쓰레드시작
[18:56:16] 정기권연동 쓰레드시작
[18:56:17] csInLpr1 접속성공
[18:56:17] csOutLpr1 접속성공
[18:56:22] ^66육6666^55너5555
[18:56:22] ^^20201015182100
**************************************************************
[18:57:09] Program Start!
[18:57:09] 홈넷예외LPR:
[18:57:09] [DB저장 모드]
[18:57:09] TfrmMain.btnModeClick: 유인운영
[18:57:10] 비로그인
[18:57:10] 설치된 입구보조 LPR이 없음!
[18:57:10] 설치된 출구보조 LPR이 없음!
[18:57:10] 설치된 입구전광판이 없음!
[18:57:10] 설치된 출구전광판이 없음!
[18:57:10] LPR재접속 쓰레드시작
[18:57:10] 전광판재접속 쓰레드시작
[18:57:10] 정기권연동 쓰레드시작
[18:57:10] csInLpr1 접속성공
[18:57:10] csOutLpr1 접속성공
[18:57:28] ^66육6666^55너5555
[18:57:28] ^^20201015182100
**************************************************************
[18:58:23] Program Start!
[18:58:23] 홈넷예외LPR:
[18:58:23] [DB저장 모드]
[18:58:23] TfrmMain.btnModeClick: 유인운영
[18:58:24] 비로그인
[18:58:24] 설치된 입구보조 LPR이 없음!
[18:58:24] 설치된 출구보조 LPR이 없음!
[18:58:24] 설치된 입구전광판이 없음!
[18:58:24] 설치된 출구전광판이 없음!
[18:58:24] LPR재접속 쓰레드시작
[18:58:24] 전광판재접속 쓰레드시작
[18:58:24] 정기권연동 쓰레드시작
[18:58:25] csInLpr1 접속성공
[18:58:25] csOutLpr1 접속성공
[18:58:30] ^66육6666^55너5555
[18:58:30] ^^20201015182100
**************************************************************
[18:59:35] Program Start!
[18:59:36] 홈넷예외LPR:
[18:59:36] [DB저장 모드]
[18:59:36] TfrmMain.btnModeClick: 유인운영
[18:59:36] 비로그인
[18:59:36] 설치된 입구보조 LPR이 없음!
[18:59:36] 설치된 출구보조 LPR이 없음!
[18:59:36] 설치된 입구전광판이 없음!
[18:59:36] 설치된 출구전광판이 없음!
[18:59:36] LPR재접속 쓰레드시작
[18:59:36] 전광판재접속 쓰레드시작
[18:59:37] 정기권연동 쓰레드시작
[18:59:37] csOutLpr1 접속성공
[18:59:37] csInLpr1 접속성공
[18:59:41] ^66육6666^55너5555
[18:59:41] ^^20201015182100
**************************************************************
[19:00:13] Program Start!
[19:00:13] 홈넷예외LPR:
[19:00:13] [DB저장 모드]
[19:00:13] TfrmMain.btnModeClick: 유인운영
[19:00:13] 비로그인
[19:00:13] 설치된 입구보조 LPR이 없음!
[19:00:13] 설치된 출구보조 LPR이 없음!
[19:00:13] 설치된 입구전광판이 없음!
[19:00:13] 설치된 출구전광판이 없음!
[19:00:14] LPR재접속 쓰레드시작
[19:00:14] 전광판재접속 쓰레드시작
[19:00:14] 정기권연동 쓰레드시작
[19:00:14] csOutLpr1 접속성공
[19:00:14] csInLpr1 접속성공
[19:00:23] ^66육6666^55너5555
[19:00:23] ^^20201015182100
**************************************************************
[19:01:17] Program Start!
[19:01:17] 홈넷예외LPR:
[19:01:17] [DB저장 모드]
[19:01:17] TfrmMain.btnModeClick: 유인운영
[19:01:18] 비로그인
[19:01:18] 설치된 입구보조 LPR이 없음!
[19:01:18] 설치된 출구보조 LPR이 없음!
[19:01:18] 설치된 입구전광판이 없음!
[19:01:18] 설치된 출구전광판이 없음!
[19:01:18] LPR재접속 쓰레드시작
[19:01:18] 전광판재접속 쓰레드시작
[19:01:18] 정기권연동 쓰레드시작
[19:01:19] csOutLpr1 접속성공
[19:01:19] csInLpr1 접속성공
[19:01:20] Program Close
**************************************************************
[19:01:33] Program Start!
[19:01:33] 홈넷예외LPR:
[19:01:33] [DB저장 모드]
[19:01:33] TfrmMain.btnModeClick: 유인운영
[19:01:34] 비로그인
[19:01:34] 설치된 입구보조 LPR이 없음!
[19:01:34] 설치된 출구보조 LPR이 없음!
[19:01:34] 설치된 입구전광판이 없음!
[19:01:34] 설치된 출구전광판이 없음!
[19:01:34] LPR재접속 쓰레드시작
[19:01:35] csInLpr1 접속성공
[19:01:35] csOutLpr1 접속성공
[19:01:44] ^66육6666^55너5555
[19:01:44] ^^20201015182100
**************************************************************
[19:02:27] Program Start!
[19:02:27] 홈넷예외LPR:
[19:02:27] [DB저장 모드]
[19:02:27] TfrmMain.btnModeClick: 유인운영
[19:02:28] 비로그인
[19:02:28] 설치된 입구보조 LPR이 없음!
[19:02:28] 설치된 출구보조 LPR이 없음!
[19:02:28] 설치된 입구전광판이 없음!
[19:02:28] 설치된 출구전광판이 없음!
[19:02:28] LPR재접속 쓰레드시작
[19:02:28] 전광판재접속 쓰레드시작
[19:02:29] csOutLpr1 접속성공
[19:02:29] csInLpr1 접속성공
[19:02:38] ^66육6666^55너5555
[19:02:38] ^^20201015182100
**************************************************************
[19:03:32] Program Start!
[19:03:32] 홈넷예외LPR:
[19:03:32] [DB저장 모드]
[19:03:32] TfrmMain.btnModeClick: 유인운영
[19:03:32] 비로그인
[19:03:32] 설치된 입구보조 LPR이 없음!
[19:03:32] 설치된 출구보조 LPR이 없음!
[19:03:32] 설치된 입구전광판이 없음!
[19:03:32] 설치된 출구전광판이 없음!
[19:03:33] LPR재접속 쓰레드시작
[19:03:33] 전광판재접속 쓰레드시작
[19:03:33] 정기권연동 쓰레드시작
[19:03:34] csInLpr1 접속성공
[19:03:34] csOutLpr1 접속성공
[19:03:43] ^66육6666^55너5555
[19:03:43] ^^20201015182100
**************************************************************
[19:04:19] Program Start!
[19:04:19] 홈넷예외LPR:
[19:04:19] [DB저장 모드]
[19:04:19] TfrmMain.btnModeClick: 유인운영
[19:04:19] 비로그인
[19:04:19] 설치된 입구보조 LPR이 없음!
[19:04:19] 설치된 출구보조 LPR이 없음!
[19:04:19] 설치된 입구전광판이 없음!
[19:04:20] 설치된 출구전광판이 없음!
[19:04:20] LPR재접속 쓰레드시작
[19:04:20] 전광판재접속 쓰레드시작
[19:04:20] 정기권연동 쓰레드시작
[19:04:20] csInLpr1 접속성공
[19:04:20] csOutLpr1 접속성공
[19:04:30] ^66육6666^55너5555
[19:04:30] ^^20201015182100
**************************************************************
[19:04:55] Program Start!
[19:04:55] 홈넷예외LPR:
[19:04:55] [DB저장 모드]
[19:04:55] TfrmMain.btnModeClick: 유인운영
[19:04:55] 비로그인
[19:04:55] 설치된 입구보조 LPR이 없음!
[19:04:55] 설치된 출구보조 LPR이 없음!
[19:04:55] 설치된 입구전광판이 없음!
[19:04:55] 설치된 출구전광판이 없음!
[19:04:56] LPR재접속 쓰레드시작
[19:04:56] 전광판재접속 쓰레드시작
[19:04:56] 정기권연동 쓰레드시작
[19:04:57] csInLpr1 접속성공
[19:04:57] csOutLpr1 접속성공
[19:05:00] ^66육6666^55너5555
[19:05:00] ^^20201015182100
**************************************************************
[19:06:15] Program Start!
[19:06:15] 홈넷예외LPR:
[19:06:15] [DB저장 모드]
[19:06:15] TfrmMain.btnModeClick: 유인운영
[19:06:15] 비로그인
[19:06:15] 설치된 입구보조 LPR이 없음!
[19:06:15] 설치된 출구보조 LPR이 없음!
[19:06:15] 설치된 입구전광판이 없음!
[19:06:15] 설치된 출구전광판이 없음!
[19:06:16] LPR재접속 쓰레드시작
[19:06:16] 전광판재접속 쓰레드시작
[19:06:16] 정기권연동 쓰레드시작
[19:06:16] csInLpr1 접속성공
[19:06:16] csOutLpr1 접속성공
[19:06:23] ^66육6666^55너5555
[19:06:23] ^^20201015182100
**************************************************************
[19:07:02] Program Start!
[19:07:02] 홈넷예외LPR:
[19:07:02] [DB저장 모드]
[19:07:02] TfrmMain.btnModeClick: 유인운영
[19:07:03] 비로그인
[19:07:03] 설치된 입구보조 LPR이 없음!
[19:07:03] 설치된 출구보조 LPR이 없음!
[19:07:03] 설치된 입구전광판이 없음!
[19:07:03] 설치된 출구전광판이 없음!
[19:07:03] LPR재접속 쓰레드시작
[19:07:03] 전광판재접속 쓰레드시작
[19:07:03] 정기권연동 쓰레드시작
[19:07:04] csInLpr1 접속성공
[19:07:04] csOutLpr1 접속성공
[19:07:15] ^66육6666^55너5555
[19:07:15] ^^20201015182100
**************************************************************
[19:09:28] Program Start!
[19:09:28] 홈넷예외LPR:
[19:09:28] [DB저장 모드]
[19:09:28] TfrmMain.btnModeClick: 유인운영
[19:09:29] 비로그인
[19:09:29] 설치된 입구보조 LPR이 없음!
[19:09:29] 설치된 출구보조 LPR이 없음!
[19:09:29] 설치된 입구전광판이 없음!
[19:09:29] 설치된 출구전광판이 없음!
[19:09:29] LPR재접속 쓰레드시작
[19:09:29] 전광판재접속 쓰레드시작
[19:09:29] 정기권연동 쓰레드시작
[19:09:29] csInLpr1 접속성공
[19:09:29] csOutLpr1 접속성공
[19:09:38] ^66육6666^55너5555
[19:09:38] ^^20201015182100
**************************************************************
[19:10:11] Program Start!
[19:10:11] 홈넷예외LPR:
[19:10:11] [DB저장 모드]
[19:10:12] TfrmMain.btnModeClick: 유인운영
[19:10:12] 비로그인
[19:10:12] 설치된 입구보조 LPR이 없음!
[19:10:12] 설치된 출구보조 LPR이 없음!
[19:10:12] 설치된 입구전광판이 없음!
[19:10:12] 설치된 출구전광판이 없음!
[19:10:12] LPR재접속 쓰레드시작
[19:10:12] 전광판재접속 쓰레드시작
[19:10:13] 정기권연동 쓰레드시작
[19:10:13] csInLpr1 접속성공
[19:10:13] csOutLpr1 접속성공
[19:10:22] ^66육6666^55너5555
[19:10:22] ^^20201015182100
**************************************************************
[19:11:11] Program Start!
[19:11:11] 홈넷예외LPR:
[19:11:11] [DB저장 모드]
[19:11:11] TfrmMain.btnModeClick: 유인운영
[19:11:11] 비로그인
[19:11:11] 설치된 입구보조 LPR이 없음!
[19:11:11] 설치된 출구보조 LPR이 없음!
[19:11:11] 설치된 입구전광판이 없음!
[19:11:11] 설치된 출구전광판이 없음!
[19:11:12] LPR재접속 쓰레드시작
[19:11:13] csInLpr1 접속성공
[19:11:13] csOutLpr1 접속성공
[19:11:19] ^66육6666^55너5555
[19:11:19] ^^20201015182100
**************************************************************
[19:11:59] Program Start!
[19:11:59] 홈넷예외LPR:
[19:11:59] [DB저장 모드]
[19:11:59] TfrmMain.btnModeClick: 유인운영
[19:12:00] 비로그인
[19:12:00] 설치된 입구보조 LPR이 없음!
[19:12:00] 설치된 출구보조 LPR이 없음!
[19:12:00] 설치된 입구전광판이 없음!
[19:12:00] 설치된 출구전광판이 없음!
[19:12:00] LPR재접속 쓰레드시작
[19:12:00] 전광판재접속 쓰레드시작
[19:12:00] 정기권연동 쓰레드시작
[19:12:01] csInLpr1 접속성공
[19:12:01] csOutLpr1 접속성공
[19:12:06] ^66육6666^55너5555
[19:12:06] ^^20201015182100
**************************************************************
[19:12:43] Program Start!
[19:12:43] 홈넷예외LPR:
[19:12:43] [DB저장 모드]
[19:12:43] TfrmMain.btnModeClick: 유인운영
[19:12:43] 비로그인
[19:12:43] 설치된 입구보조 LPR이 없음!
[19:12:43] 설치된 출구보조 LPR이 없음!
[19:12:43] 설치된 입구전광판이 없음!
[19:12:43] 설치된 출구전광판이 없음!
[19:12:44] LPR재접속 쓰레드시작
[19:12:44] 전광판재접속 쓰레드시작
[19:12:44] 정기권연동 쓰레드시작
[19:12:45] csInLpr1 접속성공
[19:12:45] csOutLpr1 접속성공
[19:12:53] ^66육6666^55너5555
[19:12:53] ^^20201015182100
**************************************************************
[19:14:48] Program Start!
[19:14:48] 홈넷예외LPR:
[19:14:48] [DB저장 모드]
[19:14:48] TfrmMain.btnModeClick: 유인운영
[19:14:48] 비로그인
[19:14:48] 설치된 입구보조 LPR이 없음!
[19:14:48] 설치된 출구보조 LPR이 없음!
[19:14:48] 설치된 입구전광판이 없음!
[19:14:48] 설치된 출구전광판이 없음!
[19:14:49] LPR재접속 쓰레드시작
[19:14:49] 전광판재접속 쓰레드시작
[19:14:49] 정기권연동 쓰레드시작
[19:14:50] csInLpr1 접속성공
[19:14:50] csOutLpr1 접속성공
[19:15:01] ^66육6666^55너5555
[19:15:01] ^^20201015182100
**************************************************************
[19:15:55] Program Start!
[19:15:55] 홈넷예외LPR:
[19:15:55] [DB저장 모드]
[19:15:55] TfrmMain.btnModeClick: 유인운영
[19:15:55] 비로그인
[19:15:55] 설치된 입구보조 LPR이 없음!
[19:15:55] 설치된 출구보조 LPR이 없음!
[19:15:55] 설치된 입구전광판이 없음!
[19:15:55] 설치된 출구전광판이 없음!
[19:15:55] LPR재접속 쓰레드시작
[19:15:56] 전광판재접속 쓰레드시작
[19:15:56] 정기권연동 쓰레드시작
[19:15:56] csInLpr1 접속성공
[19:15:56] csOutLpr1 접속성공
[19:16:10] ^66육6666^55너5555
[19:16:10] ^^20201015182100
**************************************************************
[19:18:26] Program Start!
[19:18:26] 홈넷예외LPR:
[19:18:26] [DB저장 모드]
[19:18:26] TfrmMain.btnModeClick: 유인운영
[19:18:27] 비로그인
[19:18:27] 설치된 입구보조 LPR이 없음!
[19:18:27] 설치된 출구보조 LPR이 없음!
[19:18:27] 설치된 입구전광판이 없음!
[19:18:27] 설치된 출구전광판이 없음!
[19:18:27] LPR재접속 쓰레드시작
[19:18:27] 전광판재접속 쓰레드시작
[19:18:28] csInLpr1 접속성공
[19:18:28] csOutLpr1 접속성공
[19:18:32] ^66육6666^55너5555
[19:18:32] ^^20201015182100
**************************************************************
[19:19:06] Program Start!
[19:19:06] 홈넷예외LPR:
[19:19:06] [DB저장 모드]
[19:19:06] TfrmMain.btnModeClick: 유인운영
[19:19:06] 비로그인
[19:19:07] 설치된 입구보조 LPR이 없음!
[19:19:07] 설치된 출구보조 LPR이 없음!
[19:19:07] 설치된 입구전광판이 없음!
[19:19:07] 설치된 출구전광판이 없음!
[19:19:07] LPR재접속 쓰레드시작
[19:19:07] 전광판재접속 쓰레드시작
[19:19:07] 정기권연동 쓰레드시작
[19:19:08] csInLpr1 접속성공
[19:19:08] csOutLpr1 접속성공
[19:19:16] ^66육6666^55너5555
[19:19:16] ^^20201015182100
**************************************************************
[19:20:34] Program Start!
[19:20:34] 홈넷예외LPR:
[19:20:34] [DB저장 모드]
[19:20:34] TfrmMain.btnModeClick: 유인운영
[19:20:35] 비로그인
[19:20:35] 설치된 입구보조 LPR이 없음!
[19:20:35] 설치된 출구보조 LPR이 없음!
[19:20:35] 설치된 입구전광판이 없음!
[19:20:35] 설치된 출구전광판이 없음!
[19:20:35] LPR재접속 쓰레드시작
[19:20:35] 전광판재접속 쓰레드시작
[19:20:36] 정기권연동 쓰레드시작
[19:20:36] csInLpr1 접속성공
[19:20:36] csOutLpr1 접속성공
[19:20:41] ^66육6666^55너5555
[19:20:41] ^^20201015182100
**************************************************************
[19:21:07] Program Start!
[19:21:07] 홈넷예외LPR:
[19:21:07] [DB저장 모드]
[19:21:07] TfrmMain.btnModeClick: 유인운영
[19:21:07] 비로그인
[19:21:08] 설치된 입구보조 LPR이 없음!
[19:21:08] 설치된 출구보조 LPR이 없음!
[19:21:08] 설치된 입구전광판이 없음!
[19:21:08] 설치된 출구전광판이 없음!
[19:21:08] LPR재접속 쓰레드시작
[19:21:08] 전광판재접속 쓰레드시작
[19:21:08] 정기권연동 쓰레드시작
[19:21:09] csInLpr1 접속성공
[19:21:09] csOutLpr1 접속성공
[19:21:17] ^66육6666^55너5555
[19:21:17] ^^20201015182100
**************************************************************
[19:22:21] Program Start!
[19:22:21] 홈넷예외LPR:
[19:22:21] [DB저장 모드]
[19:22:21] TfrmMain.btnModeClick: 유인운영
[19:22:22] 비로그인
[19:22:22] 설치된 입구보조 LPR이 없음!
[19:22:22] 설치된 출구보조 LPR이 없음!
[19:22:22] 설치된 입구전광판이 없음!
[19:22:22] 설치된 출구전광판이 없음!
[19:22:22] LPR재접속 쓰레드시작
[19:22:22] 전광판재접속 쓰레드시작
[19:22:22] 정기권연동 쓰레드시작
[19:22:23] csInLpr1 접속성공
[19:22:23] csOutLpr1 접속성공
[19:22:28] ^66육6666^55너5555
[19:22:28] ^^20201015182100
**************************************************************
[19:22:51] Program Start!
[19:22:51] 홈넷예외LPR:
[19:22:51] [DB저장 모드]
[19:22:51] TfrmMain.btnModeClick: 유인운영
[19:22:52] 비로그인
[19:22:52] 설치된 입구보조 LPR이 없음!
[19:22:52] 설치된 출구보조 LPR이 없음!
[19:22:52] 설치된 입구전광판이 없음!
[19:22:52] 설치된 출구전광판이 없음!
[19:22:52] LPR재접속 쓰레드시작
[19:22:52] 전광판재접속 쓰레드시작
[19:22:52] 정기권연동 쓰레드시작
[19:22:53] csInLpr1 접속성공
[19:22:53] csOutLpr1 접속성공
[19:23:01] ^66육6666^55너5555
[19:23:01] ^^20201015182100
**************************************************************
[19:23:46] Program Start!
[19:23:46] 홈넷예외LPR:
[19:23:46] [DB저장 모드]
[19:23:46] TfrmMain.btnModeClick: 유인운영
[19:23:47] 비로그인
[19:23:47] 설치된 입구보조 LPR이 없음!
[19:23:47] 설치된 출구보조 LPR이 없음!
[19:23:47] 설치된 입구전광판이 없음!
[19:23:47] 설치된 출구전광판이 없음!
[19:23:47] LPR재접속 쓰레드시작
[19:23:47] 전광판재접속 쓰레드시작
[19:23:47] 정기권연동 쓰레드시작
[19:23:48] csInLpr1 접속성공
[19:23:48] csOutLpr1 접속성공
[19:23:54] ^66육6666^55너5555
[19:23:54] ^^20201015182100
**************************************************************
[19:24:13] Program Start!
[19:24:13] 홈넷예외LPR:
[19:24:13] [DB저장 모드]
[19:24:14] TfrmMain.btnModeClick: 유인운영
[19:24:14] 비로그인
[19:24:14] 설치된 입구보조 LPR이 없음!
[19:24:14] 설치된 출구보조 LPR이 없음!
[19:24:14] 설치된 입구전광판이 없음!
[19:24:14] 설치된 출구전광판이 없음!
[19:24:14] LPR재접속 쓰레드시작
[19:24:15] 전광판재접속 쓰레드시작
[19:24:15] 정기권연동 쓰레드시작
[19:24:15] csInLpr1 접속성공
[19:24:15] csOutLpr1 접속성공
[19:24:23] ^66육6666^55너5555
[19:24:23] ^^20201015182100
**************************************************************
[19:25:21] Program Start!
[19:25:21] 홈넷예외LPR:
[19:25:21] [DB저장 모드]
[19:25:21] TfrmMain.btnModeClick: 유인운영
[19:25:22] 비로그인
[19:25:22] 설치된 입구보조 LPR이 없음!
[19:25:22] 설치된 출구보조 LPR이 없음!
[19:25:22] 설치된 입구전광판이 없음!
[19:25:22] 설치된 출구전광판이 없음!
[19:25:22] LPR재접속 쓰레드시작
[19:25:22] 전광판재접속 쓰레드시작
[19:25:22] 정기권연동 쓰레드시작
[19:25:23] csOutLpr1 접속성공
[19:25:23] csInLpr1 접속성공
[19:25:27] ^66육6666^55너5555
[19:25:27] ^^20201015182100
**************************************************************
[19:26:05] Program Start!
[19:26:05] 홈넷예외LPR:
[19:26:05] [DB저장 모드]
[19:26:05] TfrmMain.btnModeClick: 유인운영
[19:26:06] 비로그인
[19:26:06] 설치된 입구보조 LPR이 없음!
[19:26:06] 설치된 출구보조 LPR이 없음!
[19:26:06] 설치된 입구전광판이 없음!
[19:26:06] 설치된 출구전광판이 없음!
[19:26:06] LPR재접속 쓰레드시작
[19:26:06] 전광판재접속 쓰레드시작
[19:26:06] 정기권연동 쓰레드시작
[19:26:07] csInLpr1 접속성공
[19:26:07] csOutLpr1 접속성공
[19:26:19] ^66육6666^55너5555
[19:26:19] ^^20201015182100
**************************************************************
[19:27:17] Program Start!
[19:27:17] 홈넷예외LPR:
[19:27:17] [DB저장 모드]
[19:27:17] TfrmMain.btnModeClick: 유인운영
[19:27:17] 비로그인
[19:27:17] 설치된 입구보조 LPR이 없음!
[19:27:17] 설치된 출구보조 LPR이 없음!
[19:27:18] 설치된 입구전광판이 없음!
[19:27:18] 설치된 출구전광판이 없음!
[19:27:18] 정기권연동 쓰레드시작
[19:27:19] csInLpr1 접속성공
[19:27:19] csOutLpr1 접속성공
[19:27:23] ^66육6666^55너5555
[19:27:23] ^^20201015182100
**************************************************************
[19:28:44] Program Start!
[19:28:44] 홈넷예외LPR:
[19:28:44] [DB저장 모드]
[19:28:44] TfrmMain.btnModeClick: 유인운영
[19:28:45] 비로그인
[19:28:45] 설치된 입구보조 LPR이 없음!
[19:28:45] 설치된 출구보조 LPR이 없음!
[19:28:45] 설치된 입구전광판이 없음!
[19:28:45] 설치된 출구전광판이 없음!
[19:28:45] LPR재접속 쓰레드시작
[19:28:45] 전광판재접속 쓰레드시작
[19:28:45] 정기권연동 쓰레드시작
[19:28:46] csInLpr1 접속성공
[19:28:46] csOutLpr1 접속성공
[19:28:51] ^66육6666^55너5555
[19:28:51] ^^20201015182100
**************************************************************
[19:30:33] Program Start!
[19:30:33] 홈넷예외LPR:
[19:30:33] [DB저장 모드]
[19:30:33] TfrmMain.btnModeClick: 유인운영
[19:30:33] 비로그인
[19:30:33] 설치된 입구보조 LPR이 없음!
[19:30:33] 설치된 출구보조 LPR이 없음!
[19:30:33] 설치된 입구전광판이 없음!
[19:30:33] 설치된 출구전광판이 없음!
[19:30:34] LPR재접속 쓰레드시작
[19:30:34] 전광판재접속 쓰레드시작
[19:30:34] 정기권연동 쓰레드시작
[19:30:35] csInLpr1 접속성공
[19:30:35] csOutLpr1 접속성공
[19:30:41] ^66육6666^55너5555
[19:30:41] ^^20201015182100
**************************************************************
[19:31:06] Program Start!
[19:31:06] 홈넷예외LPR:
[19:31:06] [DB저장 모드]
[19:31:06] TfrmMain.btnModeClick: 유인운영
[19:31:07] 비로그인
[19:31:07] 설치된 입구보조 LPR이 없음!
[19:31:07] 설치된 출구보조 LPR이 없음!
[19:31:07] 설치된 입구전광판이 없음!
[19:31:07] 설치된 출구전광판이 없음!
[19:31:07] LPR재접속 쓰레드시작
[19:31:07] 전광판재접속 쓰레드시작
[19:31:08] 정기권연동 쓰레드시작
[19:31:08] csInLpr1 접속성공
[19:31:08] csOutLpr1 접속성공
[19:31:13] ^66육6666^55너5555
[19:31:13] ^^20201015182100
**************************************************************
[19:35:17] Program Start!
[19:35:17] 홈넷예외LPR:
[19:35:17] [DB저장 모드]
[19:35:17] TfrmMain.btnModeClick: 유인운영
[19:35:18] 비로그인
[19:35:18] 설치된 입구보조 LPR이 없음!
[19:35:18] 설치된 출구보조 LPR이 없음!
[19:35:18] 설치된 입구전광판이 없음!
[19:35:18] 설치된 출구전광판이 없음!
[19:35:18] LPR재접속 쓰레드시작
[19:35:18] 전광판재접속 쓰레드시작
[19:35:18] 정기권연동 쓰레드시작
[19:35:19] csInLpr1 접속성공
[19:35:19] csOutLpr1 접속성공
[19:35:24] ^66육6666^55너5555
[19:35:24] ^^20201015182100
**************************************************************
[19:38:44] Program Start!
[19:38:45] 홈넷예외LPR:
[19:38:45] [DB저장 모드]
[19:38:45] TfrmMain.btnModeClick: 유인운영
[19:38:45] 비로그인
[19:38:45] 설치된 입구보조 LPR이 없음!
[19:38:45] 설치된 출구보조 LPR이 없음!
[19:38:46] 설치된 입구전광판이 없음!
[19:38:46] 설치된 출구전광판이 없음!
[19:38:46] LPR재접속 쓰레드시작
[19:38:46] 전광판재접속 쓰레드시작
[19:38:46] 정기권연동 쓰레드시작
[19:38:47] csInLpr1 접속성공
[19:38:47] csOutLpr1 접속성공
[19:38:53] ^66육6666^55너5555
[19:38:53] ^^20201015182100
**************************************************************
[19:39:30] Program Start!
[19:39:30] 홈넷예외LPR:
[19:39:30] [DB저장 모드]
[19:39:30] TfrmMain.btnModeClick: 유인운영
[19:39:30] 비로그인
[19:39:31] 설치된 입구보조 LPR이 없음!
[19:39:31] 설치된 출구보조 LPR이 없음!
[19:39:31] 설치된 입구전광판이 없음!
[19:39:31] 설치된 출구전광판이 없음!
[19:39:31] LPR재접속 쓰레드시작
[19:39:31] 전광판재접속 쓰레드시작
[19:39:31] 정기권연동 쓰레드시작
[19:39:31] csInLpr1 접속성공
[19:39:32] csOutLpr1 접속성공
[19:39:37] ^66육6666^55너5555
[19:39:37] ^^20201015182100
**************************************************************
[19:40:34] Program Start!
[19:40:34] 홈넷예외LPR:
[19:40:34] [DB저장 모드]
[19:40:34] TfrmMain.btnModeClick: 유인운영
[19:40:35] 비로그인
[19:40:35] 설치된 입구보조 LPR이 없음!
[19:40:35] 설치된 출구보조 LPR이 없음!
[19:40:35] 설치된 입구전광판이 없음!
[19:40:35] 설치된 출구전광판이 없음!
[19:40:35] LPR재접속 쓰레드시작
[19:40:35] 전광판재접속 쓰레드시작
[19:40:35] 정기권연동 쓰레드시작
[19:40:36] csInLpr1 접속성공
[19:40:36] csOutLpr1 접속성공
[19:40:40] ^66육6666^55너5555
[19:40:40] ^^20201015182100
**************************************************************
[19:41:40] Program Start!
[19:41:40] 홈넷예외LPR:
[19:41:40] [DB저장 모드]
[19:41:40] TfrmMain.btnModeClick: 유인운영
[19:41:40] 비로그인
[19:41:40] 설치된 입구보조 LPR이 없음!
[19:41:40] 설치된 출구보조 LPR이 없음!
[19:41:40] 설치된 입구전광판이 없음!
[19:41:40] 설치된 출구전광판이 없음!
[19:41:41] LPR재접속 쓰레드시작
[19:41:41] 전광판재접속 쓰레드시작
[19:41:41] 정기권연동 쓰레드시작
[19:41:42] csInLpr1 접속성공
[19:41:42] csOutLpr1 접속성공
[19:41:46] ^66육6666^55너5555
[19:41:46] ^^20201015182100
**************************************************************
[19:42:22] Program Start!
[19:42:23] 홈넷예외LPR:
[19:42:23] [DB저장 모드]
[19:42:23] TfrmMain.btnModeClick: 유인운영
[19:42:23] 비로그인
[19:42:23] 설치된 입구보조 LPR이 없음!
[19:42:23] 설치된 출구보조 LPR이 없음!
[19:42:23] 설치된 입구전광판이 없음!
[19:42:23] 설치된 출구전광판이 없음!
[19:42:24] LPR재접속 쓰레드시작
[19:42:24] 전광판재접속 쓰레드시작
[19:42:24] 정기권연동 쓰레드시작
[19:42:24] csInLpr1 접속성공
[19:42:24] csOutLpr1 접속성공
[19:42:32] ^66육6666^55너5555
[19:42:32] ^^20201015182100
**************************************************************
[19:43:26] Program Start!
[19:43:26] 홈넷예외LPR:
[19:43:26] [DB저장 모드]
[19:43:26] TfrmMain.btnModeClick: 유인운영
[19:43:27] 비로그인
[19:43:27] 설치된 입구보조 LPR이 없음!
[19:43:27] 설치된 출구보조 LPR이 없음!
[19:43:27] 설치된 입구전광판이 없음!
[19:43:27] 설치된 출구전광판이 없음!
[19:43:28] LPR재접속 쓰레드시작
[19:43:28] 전광판재접속 쓰레드시작
[19:43:28] 정기권연동 쓰레드시작
[19:43:28] csInLpr1 접속성공
[19:43:29] csOutLpr1 접속성공
[19:43:33] ^66육6666^55너5555
[19:43:33] ^^20201015182100
**************************************************************
[19:44:44] Program Start!
[19:44:44] 홈넷예외LPR:
[19:44:44] [DB저장 모드]
[19:44:44] TfrmMain.btnModeClick: 유인운영
[19:44:44] 비로그인
[19:44:44] 설치된 입구보조 LPR이 없음!
[19:44:44] 설치된 출구보조 LPR이 없음!
[19:44:44] 설치된 입구전광판이 없음!
[19:44:44] 설치된 출구전광판이 없음!
[19:44:45] LPR재접속 쓰레드시작
[19:44:45] 전광판재접속 쓰레드시작
[19:44:45] 정기권연동 쓰레드시작
[19:44:46] csInLpr1 접속성공
[19:44:46] csOutLpr1 접속성공
[19:44:53] ^66육6666^55너5555
[19:44:53] ^^20201015182100
**************************************************************
[19:46:01] Program Start!
[19:46:01] 홈넷예외LPR:
[19:46:01] [DB저장 모드]
[19:46:01] TfrmMain.btnModeClick: 유인운영
[19:46:02] 비로그인
[19:46:02] 설치된 입구보조 LPR이 없음!
[19:46:02] 설치된 출구보조 LPR이 없음!
[19:46:02] 설치된 입구전광판이 없음!
[19:46:02] 설치된 출구전광판이 없음!
[19:46:02] LPR재접속 쓰레드시작
[19:46:02] 전광판재접속 쓰레드시작
[19:46:02] 정기권연동 쓰레드시작
[19:46:03] csInLpr1 접속성공
[19:46:03] csOutLpr1 접속성공
[19:46:09] ^66육6666^55너5555
[19:46:09] ^^20201015182100
**************************************************************
[19:50:05] Program Start!
[19:50:05] 홈넷예외LPR:
[19:50:05] [DB저장 모드]
[19:50:05] TfrmMain.btnModeClick: 유인운영
[19:50:05] 비로그인
[19:50:05] 설치된 입구보조 LPR이 없음!
[19:50:05] 설치된 출구보조 LPR이 없음!
[19:50:05] 설치된 입구전광판이 없음!
[19:50:05] 설치된 출구전광판이 없음!
[19:50:06] LPR재접속 쓰레드시작
[19:50:06] 전광판재접속 쓰레드시작
[19:50:06] 정기권연동 쓰레드시작
[19:50:07] csInLpr1 접속성공
[19:50:07] csOutLpr1 접속성공
[19:50:25] 
[19:50:25] 
**************************************************************
[19:51:50] Program Start!
[19:51:50] 홈넷예외LPR:
[19:51:50] [DB저장 모드]
[19:51:50] TfrmMain.btnModeClick: 유인운영
[19:51:51] 비로그인
[19:51:51] 설치된 입구보조 LPR이 없음!
[19:51:51] 설치된 출구보조 LPR이 없음!
[19:51:51] 설치된 입구전광판이 없음!
[19:51:51] 설치된 출구전광판이 없음!
[19:51:51] LPR재접속 쓰레드시작
[19:51:52] 정기권연동 쓰레드시작
[19:51:53] csInLpr1 접속성공
[19:51:53] csOutLpr1 접속성공
[19:52:40] ^55너5555^66육6666
[19:52:44] ^^20201015182039
**************************************************************
[19:53:16] Program Start!
[19:53:16] 홈넷예외LPR:
[19:53:16] [DB저장 모드]
[19:53:16] TfrmMain.btnModeClick: 유인운영
[19:53:16] 비로그인
[19:53:16] 설치된 입구보조 LPR이 없음!
[19:53:16] 설치된 출구보조 LPR이 없음!
[19:53:16] 설치된 입구전광판이 없음!
[19:53:16] 설치된 출구전광판이 없음!
[19:53:16] LPR재접속 쓰레드시작
[19:53:17] 전광판재접속 쓰레드시작
[19:53:17] 정기권연동 쓰레드시작
[19:53:18] csInLpr1 접속성공
[19:53:18] csOutLpr1 접속성공
**************************************************************
[19:54:31] Program Start!
[19:54:31] 홈넷예외LPR:
[19:54:31] [DB저장 모드]
[19:54:31] TfrmMain.btnModeClick: 유인운영
[19:54:32] 비로그인
[19:54:32] 설치된 입구보조 LPR이 없음!
[19:54:32] 설치된 출구보조 LPR이 없음!
[19:54:32] 설치된 입구전광판이 없음!
[19:54:32] 설치된 출구전광판이 없음!
[19:54:32] LPR재접속 쓰레드시작
[19:54:32] 전광판재접속 쓰레드시작
[19:54:32] 정기권연동 쓰레드시작
[19:54:33] csInLpr1 접속성공
[19:54:33] csOutLpr1 접속성공
[19:54:42] ^55너5555^66육6666
[19:54:42] ^20201015182039^20201015182100
**************************************************************
[19:55:52] Program Start!
[19:55:52] 홈넷예외LPR:
[19:55:52] [DB저장 모드]
[19:55:52] TfrmMain.btnModeClick: 유인운영
[19:55:53] 비로그인
[19:55:53] 설치된 입구보조 LPR이 없음!
[19:55:53] 설치된 출구보조 LPR이 없음!
[19:55:53] 설치된 입구전광판이 없음!
[19:55:53] 설치된 출구전광판이 없음!
[19:55:53] LPR재접속 쓰레드시작
[19:55:53] 전광판재접속 쓰레드시작
[19:55:53] 정기권연동 쓰레드시작
[19:55:54] csOutLpr1 접속성공
[19:55:54] csInLpr1 접속성공
[19:56:03] 55너5555^66육6666^
[19:56:03] 20201015182039^20201015182100^
**************************************************************
[20:06:50] Program Start!
[20:06:50] 홈넷예외LPR:
[20:06:50] [DB저장 모드]
[20:06:50] TfrmMain.btnModeClick: 유인운영
[20:06:51] 비로그인
[20:06:51] 설치된 입구보조 LPR이 없음!
[20:06:51] 설치된 출구보조 LPR이 없음!
[20:06:51] 설치된 입구전광판이 없음!
[20:06:51] 설치된 출구전광판이 없음!
[20:06:51] LPR재접속 쓰레드시작
[20:06:51] 전광판재접속 쓰레드시작
[20:06:51] 정기권연동 쓰레드시작
[20:06:52] csInLpr1 접속성공
[20:06:52] csOutLpr1 접속성공
[20:06:59] 55너5555/66육6666/
[20:06:59] 20201015182039/20201015182100/
[20:06:59] 
**************************************************************
[20:08:11] Program Start!
[20:08:11] 홈넷예외LPR:
[20:08:11] [DB저장 모드]
[20:08:11] TfrmMain.btnModeClick: 유인운영
[20:08:12] 비로그인
[20:08:12] 설치된 입구보조 LPR이 없음!
[20:08:12] 설치된 출구보조 LPR이 없음!
[20:08:12] 설치된 입구전광판이 없음!
[20:08:12] 설치된 출구전광판이 없음!
[20:08:12] LPR재접속 쓰레드시작
[20:08:12] 전광판재접속 쓰레드시작
[20:08:13] 정기권연동 쓰레드시작
[20:08:14] csOutLpr1 접속성공
[20:08:14] csInLpr1 접속성공
[20:08:24] 55너5555/66육6666/
[20:08:24] 20201015182039/20201015182100/
[20:08:24] 
**************************************************************
[20:09:13] Program Start!
[20:09:13] 홈넷예외LPR:
[20:09:13] [DB저장 모드]
[20:09:14] TfrmMain.btnModeClick: 유인운영
[20:09:14] 비로그인
[20:09:14] 설치된 입구보조 LPR이 없음!
[20:09:14] 설치된 출구보조 LPR이 없음!
[20:09:14] 설치된 입구전광판이 없음!
[20:09:14] 설치된 출구전광판이 없음!
[20:09:14] LPR재접속 쓰레드시작
[20:09:15] 전광판재접속 쓰레드시작
[20:09:15] 정기권연동 쓰레드시작
[20:09:15] csInLpr1 접속성공
[20:09:15] csOutLpr1 접속성공
[20:09:28] 55너5555/66육6666/
[20:09:28] 20201015182039/20201015182100/
[20:09:28] 친척
**************************************************************
[20:10:38] Program Start!
[20:10:38] 홈넷예외LPR:
[20:10:38] [DB저장 모드]
[20:10:38] TfrmMain.btnModeClick: 유인운영
[20:10:39] 비로그인
[20:10:39] 설치된 입구보조 LPR이 없음!
[20:10:39] 설치된 출구보조 LPR이 없음!
[20:10:39] 설치된 입구전광판이 없음!
[20:10:39] 설치된 출구전광판이 없음!
[20:10:39] LPR재접속 쓰레드시작
[20:10:39] 전광판재접속 쓰레드시작
[20:10:39] 정기권연동 쓰레드시작
[20:10:40] csInLpr1 접속성공
[20:10:40] csOutLpr1 접속성공
[20:10:46] 55너5555/66육6666/
[20:10:46] 20201015182039/20201015182100/
[20:10:46] 가족/친척/
**************************************************************
[20:18:18] Program Start!
[20:18:18] 홈넷예외LPR:
[20:18:18] [DB저장 모드]
[20:18:18] TfrmMain.btnModeClick: 유인운영
[20:18:18] 비로그인
[20:18:19] 설치된 입구보조 LPR이 없음!
[20:18:19] 설치된 출구보조 LPR이 없음!
[20:18:19] 설치된 입구전광판이 없음!
[20:18:19] 설치된 출구전광판이 없음!
[20:18:19] LPR재접속 쓰레드시작
[20:18:19] 전광판재접속 쓰레드시작
[20:18:19] 정기권연동 쓰레드시작
[20:18:20] csInLpr1 접속성공
[20:18:20] csOutLpr1 접속성공
[20:18:28] 55너5555/66육6666/
[20:18:28] 20201015182039/20201015182100/
[20:18:28] 가족/친척/
**************************************************************
[20:20:02] Program Start!
[20:20:02] 홈넷예외LPR:
[20:20:02] [DB저장 모드]
[20:20:02] TfrmMain.btnModeClick: 유인운영
[20:20:03] 비로그인
[20:20:03] 설치된 입구보조 LPR이 없음!
[20:20:03] 설치된 출구보조 LPR이 없음!
[20:20:03] 설치된 입구전광판이 없음!
[20:20:03] 설치된 출구전광판이 없음!
[20:20:03] LPR재접속 쓰레드시작
[20:20:03] 전광판재접속 쓰레드시작
[20:20:03] 정기권연동 쓰레드시작
[20:20:04] csInLpr1 접속성공
[20:20:04] csOutLpr1 접속성공
[20:20:06] 55너5555/66육6666/
[20:20:06] 20201015182039/20201015182100/
[20:20:06] 가족/친척/
[20:20:21] Program Close
**************************************************************
[20:20:41] Program Start!
[20:20:41] 홈넷예외LPR:
[20:20:41] [DB저장 모드]
[20:20:41] TfrmMain.btnModeClick: 유인운영
[20:20:41] 비로그인
[20:20:41] 설치된 입구보조 LPR이 없음!
[20:20:41] 설치된 출구보조 LPR이 없음!
[20:20:41] 설치된 입구전광판이 없음!
[20:20:42] 설치된 출구전광판이 없음!
[20:20:42] LPR재접속 쓰레드시작
[20:20:42] 전광판재접속 쓰레드시작
[20:20:42] 정기권연동 쓰레드시작
[20:20:42] csOutLpr1 접속성공
[20:20:42] csInLpr1 접속성공
[20:20:46] 55너5555/66육6666/
[20:20:46] 20201015182039/20201015182100/
[20:20:46] 가족/친척/
**************************************************************
[20:35:00] Program Start!
[20:35:00] 홈넷예외LPR:
[20:35:00] [DB저장 모드]
[20:35:00] TfrmMain.btnModeClick: 유인운영
[20:35:01] 비로그인
[20:35:01] 설치된 입구보조 LPR이 없음!
[20:35:01] 설치된 출구보조 LPR이 없음!
[20:35:01] 설치된 입구전광판이 없음!
[20:35:01] 설치된 출구전광판이 없음!
[20:35:01] LPR재접속 쓰레드시작
[20:35:01] 전광판재접속 쓰레드시작
[20:35:01] 정기권연동 쓰레드시작
[20:35:02] csInLpr1 접속성공
[20:35:02] csOutLpr1 접속성공
[20:35:13] 55너5555/66육6666/
[20:35:13] 20201015182039/20201015182100/
[20:35:13] 가족/친척/
