**************************************************************
[21:50:50] Program Start!
[21:50:50] 홈넷예외LPR:
[21:50:50] [DB저장 모드]
[21:50:50] TfrmMain.btnModeClick: 유인운영
[21:50:52] 비로그인
[21:50:52] 설치된 입구보조 LPR이 없음!
[21:50:52] 설치된 출구보조 LPR이 없음!
[21:50:52] 설치된 입구전광판이 없음!
[21:50:52] 설치된 출구전광판이 없음!
[21:50:52] LPR재접속 쓰레드시작
[21:50:54] csInLpr1 접속성공
[21:50:54] csOutLpr1 접속성공
**************************************************************
[21:56:10] Program Start!
[21:56:10] 홈넷예외LPR:
[21:56:11] [DB저장 모드]
[21:56:11] TfrmMain.btnModeClick: 유인운영
[21:56:12] 비로그인
[21:56:12] 설치된 입구보조 LPR이 없음!
[21:56:12] 설치된 출구보조 LPR이 없음!
[21:56:12] 설치된 입구전광판이 없음!
[21:56:12] 설치된 출구전광판이 없음!
[21:56:12] LPR재접속 쓰레드시작
[21:56:12] 전광판재접속 쓰레드시작
[21:56:13] csInLpr1 접속성공
[21:56:13] csOutLpr1 접속성공
**************************************************************
[22:19:18] Program Start!
[22:19:19] 홈넷예외LPR:
[22:19:19] [DB저장 모드]
[22:19:19] TfrmMain.btnModeClick: 유인운영
[22:19:20] 비로그인
[22:19:20] 설치된 입구보조 LPR이 없음!
[22:19:20] 설치된 출구보조 LPR이 없음!
[22:19:20] 설치된 입구전광판이 없음!
[22:19:20] 설치된 출구전광판이 없음!
[22:19:20] LPR재접속 쓰레드시작
[22:19:20] 전광판재접속 쓰레드시작
[22:19:22] csInLpr1 접속성공
[22:19:22] csOutLpr1 접속성공
