**************************************************************
[09:39:40] Program Start!
[09:39:40] 홈넷예외LPR:
[09:39:40] [DB저장 모드]
[09:39:40] TfrmMain.btnModeClick: 유인운영
[09:39:40] 비로그인
[09:39:40] LPR재접속 쓰레드시작
[09:39:40] 전광판재접속 쓰레드시작
[09:39:41] 정기권연동 쓰레드시작
[09:39:41] [subcsInLpr1] 10.22.30.20:2200 접속성공
[09:39:41] [subcsOutLpr1] 10.22.30.20:3200 접속성공
[09:39:41] csInLpr1 접속성공
[09:39:41] csInDsp1 접속성공
[09:39:41] csOutLpr1 접속성공
[09:39:43] SocketError > ErrorNo: [10061] Host: [10.22.30.10] Port: [5001] Name: [csOutDsp1] Msg: [서버가 죽었거나 클라이언트에서 접속환경이 잘못되었을때 나타나는 현상]
[09:39:43] csOutDsp1 연결끊김
**************************************************************
[09:41:09] Program Start!
[09:41:09] 홈넷예외LPR:
[09:41:09] [DB저장 모드]
[09:41:09] TfrmMain.btnModeClick: 유인운영
[09:41:10] 비로그인
[09:41:10] LPR재접속 쓰레드시작
[09:41:10] 전광판재접속 쓰레드시작
[09:41:10] 정기권연동 쓰레드시작
[09:41:11] csInLpr1 접속성공
[09:41:11] [subcsInLpr1] 10.22.30.20:2200 접속성공
[09:41:11] [subcsOutLpr1] 10.22.30.20:3200 접속성공
[09:41:11] csOutLpr1 접속성공
[09:41:11] csInDsp1 접속성공
[09:41:13] SocketError > ErrorNo: [10061] Host: [10.22.30.10] Port: [5001] Name: [csOutDsp1] Msg: [서버가 죽었거나 클라이언트에서 접속환경이 잘못되었을때 나타나는 현상]
[09:41:13] csOutDsp1 연결끊김
[09:41:43] SocketError > ErrorNo: [10061] Host: [10.22.30.10] Port: [5001] Name: [csOutDsp1] Msg: [서버가 죽었거나 클라이언트에서 접속환경이 잘못되었을때 나타나는 현상]
[09:41:43] csOutDsp1 연결끊김
**************************************************************
[09:42:15] Program Start!
[09:42:15] 홈넷예외LPR:
[09:42:15] [DB저장 모드]
[09:42:15] TfrmMain.btnModeClick: 유인운영
[09:42:15] 비로그인
[09:42:16] LPR재접속 쓰레드시작
[09:42:16] 전광판재접속 쓰레드시작
[09:42:16] 정기권연동 쓰레드시작
[09:42:16] csInLpr1 접속성공
[09:42:16] [subcsInLpr1] 10.22.30.20:2200 접속성공
[09:42:16] [subcsOutLpr1] 10.22.30.20:3200 접속성공
[09:42:16] csOutLpr1 접속성공
[09:42:16] csInDsp1 접속성공
[09:42:18] SocketError > ErrorNo: [10061] Host: [10.22.30.10] Port: [5001] Name: [csOutDsp1] Msg: [서버가 죽었거나 클라이언트에서 접속환경이 잘못되었을때 나타나는 현상]
[09:42:18] csOutDsp1 연결끊김
**************************************************************
[09:44:38] Program Start!
[09:44:38] 홈넷예외LPR:
[09:44:38] [DB저장 모드]
[09:44:38] TfrmMain.btnModeClick: 유인운영
[09:44:39] 비로그인
[09:44:39] LPR재접속 쓰레드시작
[09:44:39] 전광판재접속 쓰레드시작
[09:44:39] 정기권연동 쓰레드시작
[09:44:40] csInLpr1 접속성공
[09:44:40] [subcsInLpr1] 10.22.30.20:2200 접속성공
[09:44:40] [subcsOutLpr1] 10.22.30.20:3200 접속성공
[09:44:40] csOutLpr1 접속성공
[09:44:40] csInDsp1 접속성공
[09:44:42] SocketError > ErrorNo: [10061] Host: [10.22.30.10] Port: [5001] Name: [csOutDsp1] Msg: [서버가 죽었거나 클라이언트에서 접속환경이 잘못되었을때 나타나는 현상]
[09:44:42] csOutDsp1 연결끊김
**************************************************************
[12:32:15] Program Start!
[12:32:15] 홈넷예외LPR:
[12:32:15] [DB저장 모드]
[12:32:15] TfrmMain.btnModeClick: 유인운영
[12:32:16] 비로그인
[12:32:16] LPR재접속 쓰레드시작
[12:32:16] 전광판재접속 쓰레드시작
[12:32:16] 정기권연동 쓰레드시작
[12:32:17] csInLpr1 접속성공
[12:32:17] [subcsInLpr1] 10.22.30.20:2200 접속성공
[12:32:17] [subcsOutLpr1] 10.22.30.20:3200 접속성공
[12:32:17] csInDsp1 접속성공
[12:32:17] csOutLpr1 접속성공
[12:32:19] SocketError > ErrorNo: [10061] Host: [10.22.30.10] Port: [5001] Name: [csOutDsp1] Msg: [서버가 죽었거나 클라이언트에서 접속환경이 잘못되었을때 나타나는 현상]
[12:32:19] csOutDsp1 연결끊김
[12:32:22] TfrmMain.popOpenClick: 출차1 차단기 Close
[12:32:23] 21
[12:32:28] TfrmMain.popOpenClick: 출차1 차단기 OPEN
**************************************************************
[12:33:51] Program Start!
[12:33:52] 홈넷예외LPR:
[12:33:52] [DB저장 모드]
[12:33:52] TfrmMain.btnModeClick: 유인운영
[12:33:52] 비로그인
[12:33:52] 설치된 입구보조 LPR이 없음!
[12:33:52] 설치된 출구보조 LPR이 없음!
[12:33:52] 설치된 입구전광판이 없음!
[12:33:52] 설치된 출구전광판이 없음!
[12:33:53] LPR재접속 쓰레드시작
[12:33:53] 전광판재접속 쓰레드시작
[12:33:53] 정기권연동 쓰레드시작
[12:33:54] csInLpr1 접속성공
[12:33:57] 21
[12:33:58] 0 차단기 OPEN 시 Ping 에러!
[12:34:08] TfrmMain.popOpenClick: 출차1 차단기 OPEN
**************************************************************
[12:35:13] Program Start!
[12:35:13] 홈넷예외LPR:
[12:35:13] [DB저장 모드]
[12:35:14] TfrmMain.btnModeClick: 유인운영
[12:35:14] 비로그인
[12:35:14] 설치된 입구보조 LPR이 없음!
[12:35:14] 설치된 출구보조 LPR이 없음!
[12:35:14] 설치된 출구 LPR이 없음!
[12:35:14] 설치된 입구전광판이 없음!
[12:35:14] 설치된 출구전광판이 없음!
[12:35:15] LPR재접속 쓰레드시작
[12:35:15] 전광판재접속 쓰레드시작
[12:35:15] 정기권연동 쓰레드시작
[12:35:16] csInLpr1 접속성공
[12:35:19] 21
**************************************************************
[12:36:18] Program Start!
[12:36:18] 홈넷예외LPR:
[12:36:18] [DB저장 모드]
[12:36:18] TfrmMain.btnModeClick: 유인운영
[12:36:19] 비로그인
[12:36:19] 설치된 입구보조 LPR이 없음!
[12:36:19] 설치된 출구보조 LPR이 없음!
[12:36:19] 설치된 입구전광판이 없음!
[12:36:19] 설치된 출구전광판이 없음!
[12:36:19] LPR재접속 쓰레드시작
[12:36:19] 전광판재접속 쓰레드시작
[12:36:19] 정기권연동 쓰레드시작
[12:36:20] csInLpr1 접속성공
[12:36:22] 21
[12:36:22] 0 차단기 OPEN 시 Ping 에러!
[12:36:22] TfrmMain.popOpenClick: 출차1 차단기 OPEN2
[12:36:23] 0 차단기 Close 시 Ping 에러!
[12:36:23] TfrmMain.popOpenClick: 출차1 차단기 Close
[12:36:27] Program Close
**************************************************************
[12:38:02] Program Start!
[12:38:02] 홈넷예외LPR:
[12:38:02] [DB저장 모드]
[12:38:02] TfrmMain.btnModeClick: 유인운영
[12:38:03] 비로그인
[12:38:03] 설치된 입구보조 LPR이 없음!
[12:38:03] 설치된 출구보조 LPR이 없음!
[12:38:03] 설치된 입구전광판이 없음!
[12:38:03] 설치된 출구전광판이 없음!
[12:38:03] LPR재접속 쓰레드시작
[12:38:03] 전광판재접속 쓰레드시작
[12:38:04] csInLpr1 접속성공
[12:38:16] 11
[12:38:16] TfrmMain.popOpenClick: 입차1 차단기 OPEN
[12:38:21] TfrmMain.popOpenClick: 입차1 차단기 Close
[12:38:41] Program Close
