**************************************************************
[08:31:41] Program Start!
[08:31:41] 홈넷예외LPR:
[08:31:41] [DB저장 모드]
[08:31:41] TfrmMain.btnModeClick: 유인운영
[08:31:42] 비로그인
[08:31:42] 설치된 입구보조 LPR이 없음!
[08:31:42] 설치된 출구보조 LPR이 없음!
[08:31:42] 설치된 출구 LPR이 없음!
[08:31:42] 설치된 입구전광판이 없음!
[08:31:42] 설치된 출구전광판이 없음!
[08:31:42] LPR재접속 쓰레드시작
[08:31:42] 전광판재접속 쓰레드시작
[08:31:42] 정기권연동 쓰레드시작
[08:31:42] 설치된 영수증프린터가 없음!
[08:31:44] 127.0.0.1:2000 소켓 연결끊김 = 10061
[08:31:44] SocketError > ErrorNo: [10061] Host: [10.22.33.1] Port: [42140] Name: [] Msg: [서버가 죽었거나 클라이언트에서 접속환경이 잘못되었을때 나타나는 현상]
[08:31:47] Program Close
**************************************************************
[08:32:39] Program Start!
[08:32:39] 홈넷예외LPR:
[08:32:39] [DB저장 모드]
[08:32:39] TfrmMain.btnModeClick: 유인운영
[08:32:39] 비로그인
[08:32:39] 설치된 입구보조 LPR이 없음!
[08:32:39] 설치된 출구보조 LPR이 없음!
[08:32:40] 설치된 출구 LPR이 없음!
[08:32:40] 설치된 입구전광판이 없음!
[08:32:40] 설치된 출구전광판이 없음!
[08:32:40] LPR재접속 쓰레드시작
[08:32:40] 전광판재접속 쓰레드시작
[08:32:40] 정기권연동 쓰레드시작
[08:32:40] 설치된 영수증프린터가 없음!
[08:32:40] csInLpr1 접속성공
[08:32:42] SocketError > ErrorNo: [10061] Host: [10.22.33.1] Port: [42140] Name: [] Msg: [서버가 죽었거나 클라이언트에서 접속환경이 잘못되었을때 나타나는 현상]
[08:32:52] SocketError > ErrorNo: [10061] Host: [10.22.33.1] Port: [42140] Name: [] Msg: [서버가 죽었거나 클라이언트에서 접속환경이 잘못되었을때 나타나는 현상]
[08:32:56] 파싱성공: CH1#99가9999#N#\2020\11\09\CH1_20201109083256_99가9999.jpg
[08:32:56] LPR전문: CH1#99가9999#N#\2020\11\09\CH1_20201109083256_99가9999.jpg
[08:32:56] LPR Check: 99가9999,http://10.22.30.20:9080/MSImage/2020/11/09/CH1_20201109083256_99가9999.jpg,1,,,0, 2020-11-09 08:32:56
[08:32:56] File: \\10.22.30.20\MSImage\2020\11\09\CH1_20201109083256_99가9999.jpg
[08:32:57] NormalProc: 일반차량 처리 시작 : 99가9999, 
[08:32:57] 99가9999 방문자 입차 성공
[08:32:57] 방문차량 입차: 99가9999 - \\10.22.30.20\MSImage\2020\11\09\CH1_20201109083256_99가9999.jpg
[08:32:57] 입구차단기 Open 10.22.30.20:2100
[08:32:57] 사전예약방문 차량
[08:32:57] 입구차단기 Open 10.22.30.20:2100
[08:32:57] 일반차량 입차 이미지 가져오기 시작
[08:32:57] 일반차량 입차 이미지 가져오기 끝
[08:33:02] SocketError > ErrorNo: [10061] Host: [10.22.33.1] Port: [42140] Name: [] Msg: [서버가 죽었거나 클라이언트에서 접속환경이 잘못되었을때 나타나는 현상]
[08:33:12] SocketError > ErrorNo: [10061] Host: [10.22.33.1] Port: [42140] Name: [] Msg: [서버가 죽었거나 클라이언트에서 접속환경이 잘못되었을때 나타나는 현상]
[08:33:12] Program Close
**************************************************************
[17:31:53] Program Start!
[17:31:53] [메인화면 에러] Format '[ini]>> 입차LPR수(%d), 출차LPR수(%s)' invalid or incompatible with argument
[17:31:53] 정기권연동 쓰레드시작
[17:32:06] Program Close
**************************************************************
[17:32:20] Program Start!
**************************************************************
[17:33:55] Program Start!
**************************************************************
[17:35:32] Program Start!
[17:35:32] 홈넷예외LPR:
[17:35:32] [DB저장 모드]
[17:35:32] TfrmMain.btnModeClick: 유인운영
[17:35:33] 비로그인
[17:35:33] 설치된 입구보조 LPR이 없음!
[17:35:33] 설치된 출구보조 LPR이 없음!
[17:35:33] 설치된 출구 LPR이 없음!
[17:35:33] 설치된 입구전광판이 없음!
[17:35:33] 설치된 출구전광판이 없음!
[17:35:33] LPR재접속 쓰레드시작
[17:35:33] 전광판재접속 쓰레드시작
[17:35:33] 정기권연동 쓰레드시작
[17:35:33] 설치된 영수증프린터가 없음!
[17:35:36] csInLpr1 접속성공
[17:35:52] Program Close
**************************************************************
[17:36:20] Program Start!
[17:36:20] 홈넷예외LPR:
[17:36:20] [DB저장 모드]
[17:36:21] TfrmMain.btnModeClick: 유인운영
[17:36:21] 비로그인
[17:36:21] 설치된 입구보조 LPR이 없음!
[17:36:21] 설치된 출구보조 LPR이 없음!
[17:36:21] 설치된 출구 LPR이 없음!
[17:36:21] 설치된 입구전광판이 없음!
[17:36:21] 설치된 출구전광판이 없음!
[17:36:23] LPR재접속 쓰레드시작
[17:36:23] 전광판재접속 쓰레드시작
[17:36:23] 정기권연동 쓰레드시작
[17:36:23] 설치된 영수증프린터가 없음!
