**************************************************************
[10:36:00] Program Start! (Ver_1.3.3.51)
[10:36:00] 홈넷예외LPR:
[10:36:00] [DB저장 모드]
[10:36:00] TfrmMain.btnModeClick: 유인운영
[10:36:01] 비로그인
[10:36:01] 설치된 입구보조 LPR이 없음!
[10:36:01] 설치된 출구보조 LPR이 없음!
[10:36:01] 설치된 출구 LPR이 없음!
[10:36:01] 설치된 입구전광판이 없음!
[10:36:01] 설치된 출구전광판이 없음!
[10:36:01] csInLpr1 접속성공
[10:36:06] Main.pas: Line: 22654, Socket Error # 10061
Connection refused.
[10:36:06] 정기권연동 쓰레드시작
[10:36:06] Main.pas: Line: 20621, *INI설정정보.확인>> D:\Delphi\소스\출입모니터링_1.3.0(최신)\출입모니터링 최신버전 20201105\출입모니터링_1_3_0 완성형 6개_단기정기권추가(2020-11-10)\실행화일\ParkSet.ini
[10:36:06] Main.pas: Line: 20631, [ini]>> 입차LPR수(1), 출차LPR수(0)
[10:36:06] Main.pas: Line: 20639, [ini]>> DB, IP(10.22.30.20,42130), ID(sa), PW(nexpa1234), Name(PARKING_1.3.0)
[10:36:06] Main.pas: Line: 20646, [ini]>> LPR이미지폴더(C:\LPRImage)
[10:36:06] Main.pas: Line: 20653, [ini]>> Host, IP(127.0.0.1),Port(10000)
[10:36:06] Main.pas: Line: 20672, [ini]>> Home, IP(127.0.0.1),Port(29500),홈넷(2),Ver(1),ID(wiju),PW(wiju1234)
[10:36:06] Main.pas: Line: 20675, [ini]>> HomeNET, IP(),Port(25008)
[10:36:06] Main.pas: Line: 20692, [ini]>> 차단기제어여부(1), 차단기제어(3)
[10:37:13] 파싱성공: CH1#23가3698#N#\2021\01\13\CH1_20210113103711_23가3698.jpg
[10:37:13] LPR전문: CH1#23가3698#N#\2021\01\13\CH1_20210113103711_23가3698.jpg
[10:37:13] LPR Check: 23가3698,http://10.22.30.20:9080/MSImage/2021/01/13/CH1_20210113103711_23가3698.jpg,1,,,0, 2021-01-13 10:37:11
[10:37:13] File: \\10.22.30.20\MSImage\2021\01\13\CH1_20210113103711_23가3698.jpg
[10:37:13] NormalProc: 일반차량 처리 시작 : 23가3698, 
[10:37:57] 10000
[10:38:20] 세대 방문자 포인트 차감 : 110동 2004호 가용포인트: 10000 사용포인트: 1380
[10:38:20] 방문차량 입차: 23가3698 - \\10.22.30.20\MSImage\2021\01\13\CH1_20210113103711_23가3698.jpg
[10:38:20] 입구차단기 Open 10.22.30.20:2100
[10:38:20] 사전예약방문 차량
[10:38:20] 일반차량 입차 이미지 가져오기 시작
[10:38:20] 일반차량 입차 이미지 가져오기 끝
**************************************************************
[14:55:55] Program Start! (Ver_1.3.3.51)
[14:55:55] 홈넷예외LPR:
[14:55:55] [DB저장 모드]
[14:55:56] TfrmMain.btnModeClick: 유인운영
[14:55:56] 비로그인
[14:55:56] 설치된 입구보조 LPR이 없음!
[14:55:56] 설치된 출구보조 LPR이 없음!
[14:55:56] 설치된 출구 LPR이 없음!
[14:55:56] 설치된 입구전광판이 없음!
[14:55:56] 설치된 출구전광판이 없음!
[14:55:56] csInLpr1 접속성공
[14:55:58] Main.pas: Line: 22668, Socket Error # 10061
Connection refused.
[14:55:58] 정기권연동 쓰레드시작
[14:55:58] Main.pas: Line: 20635, *INI설정정보.확인>> D:\Delphi\소스\출입모니터링_1.3.0(최신)\출입모니터링 최신버전 20201105\출입모니터링_1_3_0 완성형 6개_단기정기권추가(2020-11-10)\실행화일\ParkSet.ini
[14:55:58] Main.pas: Line: 20645, [ini]>> 입차LPR수(1), 출차LPR수(0)
[14:55:58] Main.pas: Line: 20653, [ini]>> DB, IP(10.22.30.20,42130), ID(sa), PW(nexpa1234), Name(PARKING_1.3.0)
[14:55:58] Main.pas: Line: 20660, [ini]>> LPR이미지폴더(C:\LPRImage)
[14:55:58] Main.pas: Line: 20667, [ini]>> Host, IP(127.0.0.1),Port(10000)
[14:55:58] Main.pas: Line: 20686, [ini]>> Home, IP(222.108.131.118),Port(29500),홈넷(2),Ver(1),ID(wiju),PW(wiju1234)
[14:55:58] Main.pas: Line: 20689, [ini]>> HomeNET, IP(),Port(25008)
[14:55:58] Main.pas: Line: 20706, [ini]>> 차단기제어여부(1), 차단기제어(3)
[14:58:03] Program Close
**************************************************************
[15:53:00] Program Start! (Ver_1.3.3.51)
[15:53:00] 홈넷예외LPR:
[15:53:00] [DB저장 모드]
[15:53:00] TfrmMain.btnModeClick: 유인운영
[15:53:00] 비로그인
[15:53:00] 설치된 입구보조 LPR이 없음!
[15:53:00] 설치된 출구보조 LPR이 없음!
[15:53:00] 설치된 출구 LPR이 없음!
[15:53:00] 설치된 입구전광판이 없음!
[15:53:00] 설치된 출구전광판이 없음!
[15:53:00] csInLpr1 접속성공
[15:53:00] 코콤서버와 Bind확인 - OK
[15:53:00] LPR재접속 쓰레드시작
[15:53:00] 전광판재접속 쓰레드시작
[15:53:01] 정기권연동 쓰레드시작
[15:53:01] Main.pas: Line: 20635, *INI설정정보.확인>> D:\Delphi\소스\출입모니터링_1.3.0(최신)\출입모니터링 최신버전 20201105\출입모니터링_1_3_0 완성형 6개_단기정기권추가(2020-11-10)\실행화일\ParkSet.ini
[15:53:01] Main.pas: Line: 20645, [ini]>> 입차LPR수(1), 출차LPR수(0)
[15:53:01] Main.pas: Line: 20653, [ini]>> DB, IP(10.22.30.20,42130), ID(sa), PW(nexpa1234), Name(PARKING_1.3.0)
[15:53:01] Main.pas: Line: 20660, [ini]>> LPR이미지폴더(C:\LPRImage)
[15:53:01] Main.pas: Line: 20667, [ini]>> Host, IP(127.0.0.1),Port(10000)
[15:53:01] Main.pas: Line: 20686, [ini]>> Home, IP(127.0.0.1),Port(29500),홈넷(2),Ver(1),ID(wiju),PW(wiju1234)
[15:53:01] Main.pas: Line: 20689, [ini]>> HomeNET, IP(),Port(25008)
[15:53:01] Main.pas: Line: 20706, [ini]>> 차단기제어여부(1), 차단기제어(3)
[15:53:15] Program Close
[15:53:15] TfrmMain.tmrRecvKocomTimer: Connection Closed Gracefully.
[15:53:15] 코콤서버와 Bind확인 - OK
**************************************************************
[15:55:09] Program Start! (Ver_1.3.3.51)
[15:55:09] 홈넷예외LPR:
[15:55:09] [DB저장 모드]
[15:55:09] TfrmMain.btnModeClick: 유인운영
[15:55:10] 비로그인
[15:55:10] 설치된 입구보조 LPR이 없음!
[15:55:10] 설치된 출구보조 LPR이 없음!
[15:55:10] 설치된 출구 LPR이 없음!
[15:55:10] 설치된 입구전광판이 없음!
[15:55:10] 설치된 출구전광판이 없음!
[15:55:10] csInLpr1 접속성공
[15:55:10] 코콤서버와 Bind확인 - OK
[15:55:10] LPR재접속 쓰레드시작
[15:55:10] 전광판재접속 쓰레드시작
[15:55:10] 정기권연동 쓰레드시작
[15:55:10] Main.pas: Line: 20635, *INI설정정보.확인>> D:\Delphi\소스\출입모니터링_1.3.0(최신)\출입모니터링 최신버전 20201105\출입모니터링_1_3_0 완성형 6개_단기정기권추가(2020-11-10)\실행화일\ParkSet.ini
[15:55:10] Main.pas: Line: 20645, [ini]>> 입차LPR수(1), 출차LPR수(0)
[15:55:10] Main.pas: Line: 20653, [ini]>> DB, IP(10.22.30.20,42130), ID(sa), PW(nexpa1234), Name(PARKING_1.3.0)
[15:55:10] Main.pas: Line: 20660, [ini]>> LPR이미지폴더(C:\LPRImage)
[15:55:10] Main.pas: Line: 20667, [ini]>> Host, IP(127.0.0.1),Port(10000)
[15:55:10] Main.pas: Line: 20686, [ini]>> Home, IP(127.0.0.1),Port(29500),홈넷(2),Ver(1),ID(wiju),PW(wiju1234)
[15:55:10] Main.pas: Line: 20689, [ini]>> HomeNET, IP(),Port(25008)
[15:55:10] Main.pas: Line: 20706, [ini]>> 차단기제어여부(1), 차단기제어(3)
[15:55:30] 해더 오류
[15:55:59] 해더 오류
[15:56:10] tAliveTimer : 1분마다 연결 체크
[15:56:10] Alive시 코콤서버와 연결확인 - OK
**************************************************************
[15:56:37] Program Start! (Ver_1.3.3.51)
[15:56:37] 홈넷예외LPR:
[15:56:37] [DB저장 모드]
[15:56:37] TfrmMain.btnModeClick: 유인운영
[15:56:38] 비로그인
[15:56:38] 설치된 입구보조 LPR이 없음!
[15:56:38] 설치된 출구보조 LPR이 없음!
[15:56:38] 설치된 출구 LPR이 없음!
[15:56:38] 설치된 입구전광판이 없음!
[15:56:38] 설치된 출구전광판이 없음!
[15:56:38] 코콤서버와 Bind확인 - OK
[15:56:38] LPR재접속 쓰레드시작
[15:56:38] 전광판재접속 쓰레드시작
[15:56:39] 정기권연동 쓰레드시작
[15:56:39] Main.pas: Line: 20635, *INI설정정보.확인>> D:\Delphi\소스\출입모니터링_1.3.0(최신)\출입모니터링 최신버전 20201105\출입모니터링_1_3_0 완성형 6개_단기정기권추가(2020-11-10)\실행화일\ParkSet.ini
[15:56:39] Main.pas: Line: 20645, [ini]>> 입차LPR수(1), 출차LPR수(0)
[15:56:39] Main.pas: Line: 20653, [ini]>> DB, IP(10.22.30.20,42130), ID(sa), PW(nexpa1234), Name(PARKING_1.3.0)
[15:56:39] Main.pas: Line: 20660, [ini]>> LPR이미지폴더(C:\LPRImage)
[15:56:39] Main.pas: Line: 20667, [ini]>> Host, IP(127.0.0.1),Port(10000)
[15:56:39] Main.pas: Line: 20686, [ini]>> Home, IP(127.0.0.1),Port(29500),홈넷(2),Ver(1),ID(wiju),PW(wiju1234)
[15:56:39] Main.pas: Line: 20689, [ini]>> HomeNET, IP(),Port(25008)
[15:56:39] Main.pas: Line: 20706, [ini]>> 차단기제어여부(1), 차단기제어(3)
[15:56:39] csInLpr1 접속성공
**************************************************************
[15:58:06] Program Start! (Ver_1.3.3.51)
[15:58:06] 홈넷예외LPR:
[15:58:06] [DB저장 모드]
[15:58:06] TfrmMain.btnModeClick: 유인운영
[15:58:06] 비로그인
[15:58:07] 설치된 입구보조 LPR이 없음!
[15:58:07] 설치된 출구보조 LPR이 없음!
[15:58:07] 설치된 출구 LPR이 없음!
[15:58:07] 설치된 입구전광판이 없음!
[15:58:07] 설치된 출구전광판이 없음!
[15:58:07] csInLpr1 접속성공
[15:58:07] 코콤서버와 Bind확인 - OK
[15:58:07] LPR재접속 쓰레드시작
[15:58:07] 전광판재접속 쓰레드시작
[15:58:07] 정기권연동 쓰레드시작
[15:58:07] Main.pas: Line: 20635, *INI설정정보.확인>> D:\Delphi\소스\출입모니터링_1.3.0(최신)\출입모니터링 최신버전 20201105\출입모니터링_1_3_0 완성형 6개_단기정기권추가(2020-11-10)\실행화일\ParkSet.ini
[15:58:07] Main.pas: Line: 20645, [ini]>> 입차LPR수(1), 출차LPR수(0)
[15:58:07] Main.pas: Line: 20653, [ini]>> DB, IP(10.22.30.20,42130), ID(sa), PW(nexpa1234), Name(PARKING_1.3.0)
[15:58:07] Main.pas: Line: 20660, [ini]>> LPR이미지폴더(C:\LPRImage)
[15:58:07] Main.pas: Line: 20667, [ini]>> Host, IP(127.0.0.1),Port(10000)
[15:58:07] Main.pas: Line: 20686, [ini]>> Home, IP(127.0.0.1),Port(29500),홈넷(2),Ver(1),ID(wiju),PW(wiju1234)
[15:58:07] Main.pas: Line: 20689, [ini]>> HomeNET, IP(),Port(25008)
[15:58:07] Main.pas: Line: 20706, [ini]>> 차단기제어여부(1), 차단기제어(3)
[15:58:31] 해더 오류
**************************************************************
[15:59:07] Program Start! (Ver_1.3.3.51)
[15:59:07] 홈넷예외LPR:
[15:59:07] [DB저장 모드]
[15:59:07] TfrmMain.btnModeClick: 유인운영
[15:59:07] 비로그인
[15:59:07] 설치된 입구보조 LPR이 없음!
[15:59:07] 설치된 출구보조 LPR이 없음!
[15:59:07] 설치된 출구 LPR이 없음!
[15:59:07] 설치된 입구전광판이 없음!
[15:59:07] 설치된 출구전광판이 없음!
[15:59:08] csInLpr1 접속성공
[15:59:08] 코콤서버와 Bind확인 - OK
[15:59:08] LPR재접속 쓰레드시작
[15:59:08] 전광판재접속 쓰레드시작
[15:59:08] 정기권연동 쓰레드시작
[15:59:08] Main.pas: Line: 20635, *INI설정정보.확인>> D:\Delphi\소스\출입모니터링_1.3.0(최신)\출입모니터링 최신버전 20201105\출입모니터링_1_3_0 완성형 6개_단기정기권추가(2020-11-10)\실행화일\ParkSet.ini
[15:59:08] Main.pas: Line: 20645, [ini]>> 입차LPR수(1), 출차LPR수(0)
[15:59:08] Main.pas: Line: 20653, [ini]>> DB, IP(10.22.30.20,42130), ID(sa), PW(nexpa1234), Name(PARKING_1.3.0)
[15:59:08] Main.pas: Line: 20660, [ini]>> LPR이미지폴더(C:\LPRImage)
[15:59:08] Main.pas: Line: 20667, [ini]>> Host, IP(127.0.0.1),Port(10000)
[15:59:08] Main.pas: Line: 20686, [ini]>> Home, IP(127.0.0.1),Port(29500),홈넷(2),Ver(1),ID(wiju),PW(wiju1234)
[15:59:08] Main.pas: Line: 20689, [ini]>> HomeNET, IP(),Port(25008)
[15:59:08] Main.pas: Line: 20706, [ini]>> 차단기제어여부(1), 차단기제어(3)
[15:59:17] VisitPointProcess : Start
**************************************************************
[15:59:47] Program Start! (Ver_1.3.3.51)
[15:59:47] 홈넷예외LPR:
[15:59:47] [DB저장 모드]
[15:59:47] TfrmMain.btnModeClick: 유인운영
[15:59:48] 비로그인
[15:59:48] 설치된 입구보조 LPR이 없음!
[15:59:48] 설치된 출구보조 LPR이 없음!
[15:59:48] 설치된 출구 LPR이 없음!
[15:59:48] 설치된 입구전광판이 없음!
[15:59:48] 설치된 출구전광판이 없음!
[15:59:48] csInLpr1 접속성공
[15:59:48] 코콤서버와 Bind확인 - OK
[15:59:48] LPR재접속 쓰레드시작
[15:59:49] 전광판재접속 쓰레드시작
[15:59:49] 정기권연동 쓰레드시작
[15:59:49] Main.pas: Line: 20635, *INI설정정보.확인>> D:\Delphi\소스\출입모니터링_1.3.0(최신)\출입모니터링 최신버전 20201105\출입모니터링_1_3_0 완성형 6개_단기정기권추가(2020-11-10)\실행화일\ParkSet.ini
[15:59:49] Main.pas: Line: 20645, [ini]>> 입차LPR수(1), 출차LPR수(0)
[15:59:49] Main.pas: Line: 20653, [ini]>> DB, IP(10.22.30.20,42130), ID(sa), PW(nexpa1234), Name(PARKING_1.3.0)
[15:59:49] Main.pas: Line: 20660, [ini]>> LPR이미지폴더(C:\LPRImage)
[15:59:49] Main.pas: Line: 20667, [ini]>> Host, IP(127.0.0.1),Port(10000)
[15:59:49] Main.pas: Line: 20686, [ini]>> Home, IP(127.0.0.1),Port(29500),홈넷(2),Ver(1),ID(wiju),PW(wiju1234)
[15:59:49] Main.pas: Line: 20689, [ini]>> HomeNET, IP(),Port(25008)
[15:59:49] Main.pas: Line: 20706, [ini]>> 차단기제어여부(1), 차단기제어(3)
[16:00:04] VisitPointProcess : Start
[16:00:44] VisitPointProcess : End
[16:00:44] 해더 오류
[16:00:49] tAliveTimer : 1분마다 연결 체크
[16:00:49] Alive시 코콤서버와 연결확인 - OK
[16:01:00] 파싱성공: CH1#23가3698#N#\2021\01\13\CH1_20210113160059_23가3698.jpg
[16:01:00] LPR전문: CH1#23가3698#N#\2021\01\13\CH1_20210113160059_23가3698.jpg
[16:01:00] LPR Check: 23가3698,http://10.22.30.20:9080/MSImage/2021/01/13/CH1_20210113160059_23가3698.jpg,1,,,0, 2021-01-13 16:00:59
[16:01:00] File: \\10.22.30.20\MSImage\2021\01\13\CH1_20210113160059_23가3698.jpg
[16:01:00] NormalProc: 일반차량 처리 시작 : 23가3698, 
[16:01:01] 방문차량 입차: 23가3698 - \\10.22.30.20\MSImage\2021\01\13\CH1_20210113160059_23가3698.jpg
[16:01:01] 입구차단기 Open 10.22.30.20:2100
[16:01:01] 사전예약방문 차량
[16:01:01] 일반차량 입차 이미지 가져오기 시작
[16:01:01] 일반차량 입차 이미지 가져오기 끝
[16:01:49] tAliveTimer : 1분마다 연결 체크
[16:01:49] Alive시 코콤서버와 연결확인 - OK
[16:02:06] 파싱성공: CH1#02가9999#N#\2021\01\13\CH1_20210113160204_02가9999.jpg
[16:02:06] LPR전문: CH1#02가9999#N#\2021\01\13\CH1_20210113160204_02가9999.jpg
[16:02:06] LPR Check: 02가9999,http://10.22.30.20:9080/MSImage/2021/01/13/CH1_20210113160204_02가9999.jpg,1,,,0, 2021-01-13 16:02:04
[16:02:06] File: \\10.22.30.20\MSImage\2021\01\13\CH1_20210113160204_02가9999.jpg
[16:02:06] 정기차량시작: 02가9999, 
[16:02:06] 입구차단기 Open 10.22.30.20:2100
[16:02:06] 정기차량 입차 이미지 가져오기 시작
[16:02:06] 정기차량 입차 이미지 가져오기 끝
[16:02:06] 정기차량처리: 02가9999, 
[16:02:36] Program Close
[16:02:36] TfrmMain.tmrRecvKocomTimer: Connection Closed Gracefully.
[16:02:36] 코콤서버와 Bind확인 - OK
**************************************************************
[16:04:59] Program Start! (Ver_1.3.3.51)
[16:04:59] 홈넷예외LPR:
[16:04:59] [DB저장 모드]
[16:04:59] TfrmMain.btnModeClick: 유인운영
[16:04:59] 비로그인
[16:04:59] 설치된 입구보조 LPR이 없음!
[16:04:59] 설치된 출구보조 LPR이 없음!
[16:04:59] 설치된 출구 LPR이 없음!
[16:04:59] 설치된 입구전광판이 없음!
[16:04:59] 설치된 출구전광판이 없음!
[16:04:59] csInLpr1 접속성공
[16:04:59] 코콤서버와 Bind확인 - OK
[16:04:59] LPR재접속 쓰레드시작
[16:05:00] 전광판재접속 쓰레드시작
[16:05:00] 정기권연동 쓰레드시작
[16:05:00] Main.pas: Line: 20635, *INI설정정보.확인>> D:\Delphi\소스\출입모니터링_1.3.0(최신)\출입모니터링 최신버전 20201105\출입모니터링_1_3_0 완성형 6개_단기정기권추가(2020-11-10)\실행화일\ParkSet.ini
[16:05:00] Main.pas: Line: 20645, [ini]>> 입차LPR수(1), 출차LPR수(0)
[16:05:00] Main.pas: Line: 20653, [ini]>> DB, IP(10.22.30.20,42130), ID(sa), PW(nexpa1234), Name(PARKING_1.3.0)
[16:05:00] Main.pas: Line: 20660, [ini]>> LPR이미지폴더(C:\LPRImage)
[16:05:00] Main.pas: Line: 20667, [ini]>> Host, IP(127.0.0.1),Port(10000)
[16:05:00] Main.pas: Line: 20686, [ini]>> Home, IP(222.108.131.118),Port(15010),홈넷(2),Ver(1),ID(wiju),PW(wiju1234)
[16:05:00] Main.pas: Line: 20689, [ini]>> HomeNET, IP(),Port(25008)
[16:05:00] Main.pas: Line: 20706, [ini]>> 차단기제어여부(1), 차단기제어(3)
[16:05:00] 방문자 관련 전문이 아님
[16:05:59] tAliveTimer : 1분마다 연결 체크
[16:05:59] Alive시 코콤서버와 연결확인 - OK
[16:05:59] 방문자 관련 전문이 아님
[16:07:00] tAliveTimer : 1분마다 연결 체크
[16:07:00] Alive시 코콤서버와 연결확인 - OK
[16:07:00] 방문자 관련 전문이 아님
[16:07:59] tAliveTimer : 1분마다 연결 체크
[16:07:59] Alive시 코콤서버와 연결확인 - OK
[16:07:59] 방문자 관련 전문이 아님
[16:08:03] VisitPointProcess : Start
[16:08:03] VisitPointProcess : End
[16:08:59] tAliveTimer : 1분마다 연결 체크
[16:08:59] Alive시 코콤서버와 연결확인 - OK
[16:08:59] TfrmMain.tmrRecvKocomTimer: Socket Error # 10054
Connection reset by peer.
[16:08:59] TfrmMain.btnBindClick: Socket Error # 10054
Connection reset by peer.
[16:09:00] TfrmMain.tmrRecvKocomTimer: Socket Error # 10054
Connection reset by peer.
[16:09:00] TfrmMain.btnBindClick: Socket Error # 10054
Connection reset by peer.
[16:09:01] TfrmMain.tmrRecvKocomTimer: Socket Error # 10054
Connection reset by peer.
[16:09:01] TfrmMain.btnBindClick: Socket Error # 10054
Connection reset by peer.
[16:09:02] TfrmMain.tmrRecvKocomTimer: Socket Error # 10054
Connection reset by peer.
[16:09:02] TfrmMain.btnBindClick: Socket Error # 10054
Connection reset by peer.
[16:09:03] TfrmMain.tmrRecvKocomTimer: Socket Error # 10054
Connection reset by peer.
[16:09:03] TfrmMain.btnBindClick: Socket Error # 10054
Connection reset by peer.
[16:09:04] TfrmMain.tmrRecvKocomTimer: Socket Error # 10054
Connection reset by peer.
[16:09:04] TfrmMain.btnBindClick: Socket Error # 10054
Connection reset by peer.
[16:09:05] TfrmMain.tmrRecvKocomTimer: Socket Error # 10054
Connection reset by peer.
[16:09:05] TfrmMain.btnBindClick: Socket Error # 10054
Connection reset by peer.
[16:09:06] TfrmMain.tmrRecvKocomTimer: Socket Error # 10054
Connection reset by peer.
[16:09:07] TfrmMain.btnBindClick: Socket Error # 10054
Connection reset by peer.
[16:09:07] TfrmMain.tmrRecvKocomTimer: Socket Error # 10054
Connection reset by peer.
[16:09:08] TfrmMain.btnBindClick: Socket Error # 10054
Connection reset by peer.
[16:09:08] 파싱성공: CH1#02가9999#N#\2021\01\13\CH1_20210113160906_02가9999.jpg
[16:09:08] LPR전문: CH1#02가9999#N#\2021\01\13\CH1_20210113160906_02가9999.jpg
[16:09:08] LPR Check: 02가9999,http://10.22.30.20:9080/MSImage/2021/01/13/CH1_20210113160906_02가9999.jpg,1,,,0, 2021-01-13 16:09:06
[16:09:08] File: \\10.22.30.20\MSImage\2021\01\13\CH1_20210113160906_02가9999.jpg
[16:09:08] 정기차량시작: 02가9999, 
[16:09:08] 입구차단기 Open 10.22.30.20:2100
[16:09:08] 정기차량 입차 이미지 가져오기 시작
[16:09:08] 정기차량 입차 이미지 가져오기 끝
[16:09:08] 정기차량처리: 02가9999, 
[16:09:09] TfrmMain.tmrRecvKocomTimer: Socket Error # 10054
Connection reset by peer.
[16:09:09] TfrmMain.btnBindClick: Socket Error # 10054
Connection reset by peer.
[16:09:10] TfrmMain.tmrRecvKocomTimer: Socket Error # 10054
Connection reset by peer.
[16:09:10] TfrmMain.btnBindClick: Socket Error # 10054
Connection reset by peer.
[16:09:11] TfrmMain.tmrRecvKocomTimer: Socket Error # 10054
Connection reset by peer.
[16:09:11] TfrmMain.btnBindClick: Socket Error # 10054
Connection reset by peer.
[16:09:12] TfrmMain.tmrRecvKocomTimer: Socket Error # 10054
Connection reset by peer.
[16:09:12] TfrmMain.btnBindClick: Socket Error # 10054
Connection reset by peer.
[16:09:13] TfrmMain.tmrRecvKocomTimer: Socket Error # 10054
Connection reset by peer.
[16:09:13] TfrmMain.btnBindClick: Socket Error # 10054
Connection reset by peer.
[16:09:14] TfrmMain.tmrRecvKocomTimer: Socket Error # 10054
Connection reset by peer.
[16:09:14] TfrmMain.btnBindClick: Socket Error # 10054
Connection reset by peer.
[16:09:15] TfrmMain.tmrRecvKocomTimer: Socket Error # 10054
Connection reset by peer.
[16:09:15] TfrmMain.btnBindClick: Socket Error # 10054
Connection reset by peer.
[16:09:16] TfrmMain.tmrRecvKocomTimer: Socket Error # 10054
Connection reset by peer.
[16:09:16] TfrmMain.btnBindClick: Socket Error # 10054
Connection reset by peer.
[16:09:17] TfrmMain.tmrRecvKocomTimer: Socket Error # 10054
Connection reset by peer.
[16:09:17] TfrmMain.btnBindClick: Socket Error # 10054
Connection reset by peer.
[16:09:18] TfrmMain.tmrRecvKocomTimer: Socket Error # 10054
Connection reset by peer.
[16:09:18] TfrmMain.btnBindClick: Socket Error # 10054
Connection reset by peer.
[16:09:19] TfrmMain.tmrRecvKocomTimer: Socket Error # 10054
Connection reset by peer.
[16:09:19] TfrmMain.btnBindClick: Socket Error # 10054
Connection reset by peer.
[16:09:20] TfrmMain.tmrRecvKocomTimer: Socket Error # 10054
Connection reset by peer.
[16:09:20] TfrmMain.btnBindClick: Socket Error # 10054
Connection reset by peer.
[16:09:21] TfrmMain.tmrRecvKocomTimer: Socket Error # 10054
Connection reset by peer.
[16:09:21] TfrmMain.btnBindClick: Socket Error # 10054
Connection reset by peer.
[16:09:22] TfrmMain.tmrRecvKocomTimer: Socket Error # 10054
Connection reset by peer.
[16:09:22] TfrmMain.btnBindClick: Socket Error # 10054
Connection reset by peer.
[16:09:23] TfrmMain.tmrRecvKocomTimer: Socket Error # 10054
Connection reset by peer.
[16:09:23] TfrmMain.btnBindClick: Socket Error # 10054
Connection reset by peer.
[16:09:24] TfrmMain.tmrRecvKocomTimer: Socket Error # 10054
Connection reset by peer.
[16:09:24] TfrmMain.btnBindClick: Socket Error # 10054
Connection reset by peer.
[16:09:25] TfrmMain.tmrRecvKocomTimer: Socket Error # 10054
Connection reset by peer.
[16:09:25] TfrmMain.btnBindClick: Socket Error # 10054
Connection reset by peer.
[16:09:26] TfrmMain.tmrRecvKocomTimer: Socket Error # 10054
Connection reset by peer.
[16:09:26] TfrmMain.btnBindClick: Socket Error # 10054
Connection reset by peer.
[16:09:27] TfrmMain.tmrRecvKocomTimer: Socket Error # 10054
Connection reset by peer.
[16:09:27] TfrmMain.btnBindClick: Socket Error # 10054
Connection reset by peer.
[16:09:28] TfrmMain.tmrRecvKocomTimer: Socket Error # 10054
Connection reset by peer.
[16:09:28] TfrmMain.btnBindClick: Socket Error # 10054
Connection reset by peer.
[16:09:29] TfrmMain.tmrRecvKocomTimer: Socket Error # 10054
Connection reset by peer.
[16:09:29] TfrmMain.btnBindClick: Socket Error # 10054
Connection reset by peer.
[16:09:30] TfrmMain.tmrRecvKocomTimer: Socket Error # 10054
Connection reset by peer.
[16:09:30] TfrmMain.btnBindClick: Socket Error # 10054
Connection reset by peer.
[16:09:31] TfrmMain.tmrRecvKocomTimer: Socket Error # 10054
Connection reset by peer.
[16:09:31] TfrmMain.btnBindClick: Socket Error # 10054
Connection reset by peer.
[16:09:32] TfrmMain.tmrRecvKocomTimer: Socket Error # 10054
Connection reset by peer.
[16:09:32] TfrmMain.btnBindClick: Socket Error # 10054
Connection reset by peer.
[16:09:33] TfrmMain.tmrRecvKocomTimer: Socket Error # 10054
Connection reset by peer.
[16:09:33] TfrmMain.btnBindClick: Socket Error # 10054
Connection reset by peer.
[16:09:34] TfrmMain.tmrRecvKocomTimer: Socket Error # 10054
Connection reset by peer.
[16:09:34] TfrmMain.btnBindClick: Socket Error # 10054
Connection reset by peer.
[16:09:35] TfrmMain.tmrRecvKocomTimer: Socket Error # 10054
Connection reset by peer.
[16:09:35] TfrmMain.btnBindClick: Socket Error # 10054
Connection reset by peer.
[16:09:36] TfrmMain.tmrRecvKocomTimer: Socket Error # 10054
Connection reset by peer.
[16:09:36] TfrmMain.btnBindClick: Socket Error # 10054
Connection reset by peer.
[16:09:37] TfrmMain.tmrRecvKocomTimer: Socket Error # 10054
Connection reset by peer.
[16:09:37] TfrmMain.btnBindClick: Socket Error # 10054
Connection reset by peer.
[16:09:38] TfrmMain.tmrRecvKocomTimer: Socket Error # 10054
Connection reset by peer.
[16:09:38] TfrmMain.btnBindClick: Socket Error # 10054
Connection reset by peer.
[16:09:39] TfrmMain.tmrRecvKocomTimer: Socket Error # 10054
Connection reset by peer.
[16:09:39] TfrmMain.btnBindClick: Socket Error # 10054
Connection reset by peer.
[16:09:39] Program Close
[16:09:39] 종료중 오류Socket Error # 10054
Connection reset by peer.
**************************************************************
[16:13:47] Program Start! (Ver_1.3.3.51)
[16:13:47] 홈넷예외LPR:
[16:13:47] [DB저장 모드]
[16:13:47] TfrmMain.btnModeClick: 유인운영
[16:13:48] 비로그인
[16:13:48] 설치된 입구보조 LPR이 없음!
[16:13:48] 설치된 출구보조 LPR이 없음!
[16:13:48] 설치된 출구 LPR이 없음!
[16:13:48] 설치된 입구전광판이 없음!
[16:13:48] 설치된 출구전광판이 없음!
[16:13:48] csInLpr1 접속성공
[16:13:48] 코콤서버와 Bind확인 - OK
[16:13:48] LPR재접속 쓰레드시작
[16:13:48] 전광판재접속 쓰레드시작
[16:13:48] 정기권연동 쓰레드시작
[16:13:48] Main.pas: Line: 20635, *INI설정정보.확인>> D:\Delphi\소스\출입모니터링_1.3.0(최신)\출입모니터링 최신버전 20201105\출입모니터링_1_3_0 완성형 6개_단기정기권추가(2020-11-10)\실행화일\ParkSet.ini
[16:13:48] Main.pas: Line: 20645, [ini]>> 입차LPR수(1), 출차LPR수(0)
[16:13:48] Main.pas: Line: 20653, [ini]>> DB, IP(10.22.30.20,42130), ID(sa), PW(nexpa1234), Name(PARKING_1.3.0)
[16:13:48] Main.pas: Line: 20660, [ini]>> LPR이미지폴더(C:\LPRImage)
[16:13:48] Main.pas: Line: 20667, [ini]>> Host, IP(127.0.0.1),Port(10000)
[16:13:48] Main.pas: Line: 20686, [ini]>> Home, IP(222.108.131.118),Port(15010),홈넷(2),Ver(1),ID(wiju),PW(wiju1234)
[16:13:48] Main.pas: Line: 20689, [ini]>> HomeNET, IP(),Port(25008)
[16:13:48] Main.pas: Line: 20706, [ini]>> 차단기제어여부(1), 차단기제어(3)
[16:13:53] 방문자 관련 전문이 아님
[16:14:15] VisitPointProcess : Start
[16:14:15] VisitPointProcess : End
**************************************************************
[16:18:07] Program Start! (Ver_1.3.3.51)
[16:18:07] 홈넷예외LPR:
[16:18:07] [DB저장 모드]
[16:18:07] TfrmMain.btnModeClick: 유인운영
[16:18:07] 비로그인
[16:18:07] 설치된 입구보조 LPR이 없음!
[16:18:07] 설치된 출구보조 LPR이 없음!
[16:18:07] 설치된 출구 LPR이 없음!
[16:18:07] 설치된 입구전광판이 없음!
[16:18:07] 설치된 출구전광판이 없음!
[16:18:08] csInLpr1 접속성공
[16:18:08] 코콤서버와 Bind확인 - OK
[16:18:08] LPR재접속 쓰레드시작
[16:18:08] 전광판재접속 쓰레드시작
[16:18:08] 정기권연동 쓰레드시작
[16:18:08] Main.pas: Line: 20635, *INI설정정보.확인>> D:\Delphi\소스\출입모니터링_1.3.0(최신)\출입모니터링 최신버전 20201105\출입모니터링_1_3_0 완성형 6개_단기정기권추가(2020-11-10)\실행화일\ParkSet.ini
[16:18:08] Main.pas: Line: 20645, [ini]>> 입차LPR수(1), 출차LPR수(0)
[16:18:08] Main.pas: Line: 20653, [ini]>> DB, IP(10.22.30.20,42130), ID(sa), PW(nexpa1234), Name(PARKING_1.3.0)
[16:18:08] Main.pas: Line: 20660, [ini]>> LPR이미지폴더(C:\LPRImage)
[16:18:08] Main.pas: Line: 20667, [ini]>> Host, IP(127.0.0.1),Port(10000)
[16:18:08] Main.pas: Line: 20686, [ini]>> Home, IP(222.108.131.118),Port(15010),홈넷(2),Ver(1),ID(wiju),PW(wiju1234)
[16:18:08] Main.pas: Line: 20689, [ini]>> HomeNET, IP(),Port(25008)
[16:18:08] Main.pas: Line: 20706, [ini]>> 차단기제어여부(1), 차단기제어(3)
[16:18:09] 방문자 관련 전문이 아님
[16:19:08] tAliveTimer : 1분마다 연결 체크
[16:19:08] Alive시 코콤서버와 연결확인 - OK
[16:19:08] 방문자 관련 전문이 아님
[16:20:05] VisitPointProcess : Start
**************************************************************
[16:30:44] Program Start! (Ver_1.3.3.51)
[16:30:44] 홈넷예외LPR:
[16:30:44] [DB저장 모드]
[16:30:44] TfrmMain.btnModeClick: 유인운영
[16:30:44] 비로그인
[16:30:45] 설치된 입구보조 LPR이 없음!
[16:30:45] 설치된 출구보조 LPR이 없음!
[16:30:45] 설치된 출구 LPR이 없음!
[16:30:45] 설치된 입구전광판이 없음!
[16:30:45] 설치된 출구전광판이 없음!
[16:30:45] csInLpr1 접속성공
[16:30:45] 코콤서버와 Bind확인 - OK
[16:30:45] LPR재접속 쓰레드시작
[16:30:45] 전광판재접속 쓰레드시작
[16:30:45] 정기권연동 쓰레드시작
[16:30:45] Main.pas: Line: 20636, *INI설정정보.확인>> D:\Delphi\소스\출입모니터링_1.3.0(최신)\출입모니터링 최신버전 20201105\출입모니터링_1_3_0 완성형 6개_단기정기권추가(2020-11-10)\실행화일\ParkSet.ini
[16:30:45] Main.pas: Line: 20646, [ini]>> 입차LPR수(1), 출차LPR수(0)
[16:30:45] Main.pas: Line: 20654, [ini]>> DB, IP(10.22.30.20,42130), ID(sa), PW(nexpa1234), Name(PARKING_1.3.0)
[16:30:45] Main.pas: Line: 20661, [ini]>> LPR이미지폴더(C:\LPRImage)
[16:30:45] Main.pas: Line: 20668, [ini]>> Host, IP(127.0.0.1),Port(10000)
[16:30:45] Main.pas: Line: 20687, [ini]>> Home, IP(222.108.131.118),Port(15010),홈넷(2),Ver(1),ID(wiju),PW(wiju1234)
[16:30:45] Main.pas: Line: 20690, [ini]>> HomeNET, IP(),Port(25008)
[16:30:45] Main.pas: Line: 20707, [ini]>> 차단기제어여부(1), 차단기제어(3)
[16:30:46] 방문자 관련 전문이 아님
[16:31:08] VisitPointProcess : Start
[16:31:11] VisitPointProcess : End
[16:31:12] VisitListProcess : Start
[16:31:12] VisitListProcess : 101동 101호 리스트 없음
[16:31:45] tAliveTimer : 1분마다 연결 체크
[16:31:45] Alive시 코콤서버와 연결확인 - OK
[16:31:45] 방문자 관련 전문이 아님
[16:32:05] VisitPointProcess : Start
[16:32:08] VisitPointProcess : End
[16:32:45] tAliveTimer : 1분마다 연결 체크
[16:32:45] Alive시 코콤서버와 연결확인 - OK
[16:32:45] 방문자 관련 전문이 아님
[16:32:59] VisitAddProcess : Start
[16:32:59] VisitAddProcess : 저장완료
[16:32:59] VisitAddProcess : End
[16:33:00] VisitPointProcess : Start
[16:33:00] VisitPointProcess : End
[16:33:01] VisitListProcess : Start
[16:33:01] VisitListProcess : End
**************************************************************
[16:37:44] Program Start! (Ver_1.3.3.51)
[16:37:44] 홈넷예외LPR:
[16:37:44] [DB저장 모드]
[16:37:44] TfrmMain.btnModeClick: 유인운영
[16:37:44] 비로그인
[16:37:44] 설치된 입구보조 LPR이 없음!
[16:37:44] 설치된 출구보조 LPR이 없음!
[16:37:45] 설치된 출구 LPR이 없음!
[16:37:45] 설치된 입구전광판이 없음!
[16:37:45] 설치된 출구전광판이 없음!
[16:37:45] csInLpr1 접속성공
[16:37:45] 코콤서버와 Bind확인 - OK
[16:37:45] LPR재접속 쓰레드시작
[16:37:45] 전광판재접속 쓰레드시작
[16:37:45] 정기권연동 쓰레드시작
[16:37:45] Main.pas: Line: 20641, *INI설정정보.확인>> D:\Delphi\소스\출입모니터링_1.3.0(최신)\출입모니터링 최신버전 20201105\출입모니터링_1_3_0 완성형 6개_단기정기권추가(2020-11-10)\실행화일\ParkSet.ini
[16:37:45] Main.pas: Line: 20651, [ini]>> 입차LPR수(1), 출차LPR수(0)
[16:37:45] Main.pas: Line: 20659, [ini]>> DB, IP(10.22.30.20,42130), ID(sa), PW(nexpa1234), Name(PARKING_1.3.0)
[16:37:45] Main.pas: Line: 20666, [ini]>> LPR이미지폴더(C:\LPRImage)
[16:37:45] Main.pas: Line: 20673, [ini]>> Host, IP(127.0.0.1),Port(10000)
[16:37:45] Main.pas: Line: 20692, [ini]>> Home, IP(222.108.131.118),Port(15010),홈넷(2),Ver(1),ID(wiju),PW(wiju1234)
[16:37:45] Main.pas: Line: 20695, [ini]>> HomeNET, IP(),Port(25008)
[16:37:45] Main.pas: Line: 20712, [ini]>> 차단기제어여부(1), 차단기제어(3)
[16:37:46] 방문자 관련 전문이 아님
[16:38:45] tAliveTimer : 1분마다 연결 체크
[16:38:45] Alive시 코콤서버와 연결확인 - OK
[16:38:45] 방문자 관련 전문이 아님
[16:39:45] tAliveTimer : 1분마다 연결 체크
[16:39:45] Alive시 코콤서버와 연결확인 - OK
[16:39:45] 방문자 관련 전문이 아님
[16:40:45] tAliveTimer : 1분마다 연결 체크
[16:40:45] Alive시 코콤서버와 연결확인 - OK
[16:40:45] 방문자 관련 전문이 아님
[16:41:45] tAliveTimer : 1분마다 연결 체크
[16:41:45] Alive시 코콤서버와 연결확인 - OK
[16:41:45] 방문자 관련 전문이 아님
[16:42:01] VisitPointProcess : Start
[16:42:01] VisitPointProcess : End
[16:42:02] VisitListProcess : Start
[16:42:02] VisitListProcess : End
[16:42:45] tAliveTimer : 1분마다 연결 체크
[16:42:45] Alive시 코콤서버와 연결확인 - OK
[16:42:45] 방문자 관련 전문이 아님
[16:43:45] tAliveTimer : 1분마다 연결 체크
[16:43:45] Alive시 코콤서버와 연결확인 - OK
[16:43:45] 방문자 관련 전문이 아님
[16:44:45] tAliveTimer : 1분마다 연결 체크
[16:44:45] Alive시 코콤서버와 연결확인 - OK
[16:44:45] 방문자 관련 전문이 아님
[16:45:45] tAliveTimer : 1분마다 연결 체크
[16:45:45] Alive시 코콤서버와 연결확인 - OK
[16:45:45] 방문자 관련 전문이 아님
[16:46:45] tAliveTimer : 1분마다 연결 체크
[16:46:45] Alive시 코콤서버와 연결확인 - OK
[16:46:45] 방문자 관련 전문이 아님
[16:47:45] tAliveTimer : 1분마다 연결 체크
[16:47:45] Alive시 코콤서버와 연결확인 - OK
[16:47:45] 방문자 관련 전문이 아님
[16:48:45] tAliveTimer : 1분마다 연결 체크
[16:48:45] Alive시 코콤서버와 연결확인 - OK
[16:48:45] 방문자 관련 전문이 아님
[16:49:45] tAliveTimer : 1분마다 연결 체크
[16:49:45] Alive시 코콤서버와 연결확인 - OK
[16:49:45] 방문자 관련 전문이 아님
[16:50:45] tAliveTimer : 1분마다 연결 체크
[16:50:45] Alive시 코콤서버와 연결확인 - OK
[16:50:45] 방문자 관련 전문이 아님
[16:51:40] VisitPointProcess : Start
[16:51:40] VisitPointProcess : End
[16:51:41] VisitListProcess : Start
[16:51:41] VisitListProcess : End
[16:51:45] tAliveTimer : 1분마다 연결 체크
[16:51:45] Alive시 코콤서버와 연결확인 - OK
[16:51:45] 방문자 관련 전문이 아님
[16:52:00] 파싱성공: CH1#02가9999#N#\2021\01\13\CH1_20210113165158_02가9999.jpg
[16:52:00] LPR전문: CH1#02가9999#N#\2021\01\13\CH1_20210113165158_02가9999.jpg
[16:52:00] LPR Check: 02가9999,http://10.22.30.20:9080/MSImage/2021/01/13/CH1_20210113165158_02가9999.jpg,1,,,0, 2021-01-13 16:51:58
[16:52:00] File: \\10.22.30.20\MSImage\2021\01\13\CH1_20210113165158_02가9999.jpg
[16:52:00] 정기차량시작: 02가9999, 
[16:52:00] 입구차단기 Open 10.22.30.20:2100
[16:52:00] 정기차량 입차 이미지 가져오기 시작
[16:52:00] 정기차량 입차 이미지 가져오기 끝
[16:52:00] 정기차량처리: 02가9999, 
[16:52:35] 파싱성공: CH1#02가9999#N#\2021\01\13\CH1_20210113165233_02가9999.jpg
[16:52:35] LPR전문: CH1#02가9999#N#\2021\01\13\CH1_20210113165233_02가9999.jpg
[16:52:35] LPR Check: 02가9999,http://10.22.30.20:9080/MSImage/2021/01/13/CH1_20210113165233_02가9999.jpg,1,,,0, 2021-01-13 16:52:33
[16:52:35] File: \\10.22.30.20\MSImage\2021\01\13\CH1_20210113165233_02가9999.jpg
[16:52:35] 정기차량시작: 02가9999, 
[16:52:35] 입구차단기 Open 10.22.30.20:2100
[16:52:35] 정기차량 입차 이미지 가져오기 시작
[16:52:35] 정기차량 입차 이미지 가져오기 끝
[16:52:35] 정기차량처리: 02가9999, 
[16:52:36] VisitPointProcess : Start
[16:52:36] VisitPointProcess : End
[16:52:37] 방문자 관련 전문이 아님
[16:52:45] tAliveTimer : 1분마다 연결 체크
[16:52:45] Alive시 코콤서버와 연결확인 - OK
[16:52:45] 방문자 관련 전문이 아님
[16:53:45] tAliveTimer : 1분마다 연결 체크
[16:53:45] Alive시 코콤서버와 연결확인 - OK
[16:53:45] 방문자 관련 전문이 아님
[16:54:45] tAliveTimer : 1분마다 연결 체크
[16:54:45] Alive시 코콤서버와 연결확인 - OK
[16:54:45] 방문자 관련 전문이 아님
[16:55:45] tAliveTimer : 1분마다 연결 체크
[16:55:45] Alive시 코콤서버와 연결확인 - OK
[16:55:45] 방문자 관련 전문이 아님
[16:56:45] tAliveTimer : 1분마다 연결 체크
[16:56:45] Alive시 코콤서버와 연결확인 - OK
[16:56:45] 방문자 관련 전문이 아님
[16:57:45] tAliveTimer : 1분마다 연결 체크
[16:57:45] Alive시 코콤서버와 연결확인 - OK
[16:57:45] 방문자 관련 전문이 아님
[16:58:45] tAliveTimer : 1분마다 연결 체크
[16:58:45] Alive시 코콤서버와 연결확인 - OK
[16:58:45] 방문자 관련 전문이 아님
[16:59:45] tAliveTimer : 1분마다 연결 체크
[16:59:45] Alive시 코콤서버와 연결확인 - OK
[16:59:45] 방문자 관련 전문이 아님
[17:00:45] tAliveTimer : 1분마다 연결 체크
[17:00:45] Alive시 코콤서버와 연결확인 - OK
[17:00:45] 방문자 관련 전문이 아님
[17:00:52] Program Close
[17:00:52] TfrmMain.tmrRecvKocomTimer: Connection Closed Gracefully.
[17:00:52] 코콤서버와 Bind확인 - OK
**************************************************************
[17:10:15] Program Start! (Ver_1.3.3.51)
[17:10:15] 홈넷예외LPR:
[17:10:15] [DB저장 모드]
[17:10:15] TfrmMain.btnModeClick: 유인운영
[17:10:16] 비로그인
[17:10:16] 설치된 입구보조 LPR이 없음!
[17:10:16] 설치된 출구보조 LPR이 없음!
[17:10:16] 설치된 출구 LPR이 없음!
[17:10:16] 설치된 입구전광판이 없음!
[17:10:16] 설치된 출구전광판이 없음!
[17:10:16] csInLpr1 접속성공
[17:10:16] 코콤서버와 Bind확인 - OK
[17:10:16] LPR재접속 쓰레드시작
[17:10:17] 전광판재접속 쓰레드시작
[17:10:17] Main.pas: Line: 20641, *INI설정정보.확인>> D:\Delphi\소스\출입모니터링_1.3.0(최신)\출입모니터링 최신버전 20201105\출입모니터링_1_3_0 완성형 6개_단기정기권추가(2020-11-10)\실행화일\ParkSet.ini
[17:10:17] Main.pas: Line: 20651, [ini]>> 입차LPR수(1), 출차LPR수(0)
[17:10:17] Main.pas: Line: 20659, [ini]>> DB, IP(10.22.30.20,42130), ID(sa), PW(nexpa1234), Name(PARKING_1.3.0)
[17:10:17] Main.pas: Line: 20666, [ini]>> LPR이미지폴더(C:\LPRImage)
[17:10:17] Main.pas: Line: 20673, [ini]>> Host, IP(127.0.0.1),Port(10000)
[17:10:17] Main.pas: Line: 20692, [ini]>> Home, IP(222.108.131.118),Port(15010),홈넷(2),Ver(1),ID(wiju),PW(wiju1234)
[17:10:17] Main.pas: Line: 20695, [ini]>> HomeNET, IP(),Port(25008)
[17:10:17] Main.pas: Line: 20712, [ini]>> 차단기제어여부(1), 차단기제어(3)
[17:10:17] 방문자 관련 전문이 아님
[17:10:33] VisitPointProcess : Start
[17:10:33] VisitPointProcess : End
[17:10:34] VisitListProcess : Start
[17:10:34] VisitListProcess : End
[17:10:41] VisitPointProcess : Start
[17:10:41] VisitPointProcess : End
[17:11:16] tAliveTimer : 1분마다 연결 체크
[17:11:16] Alive시 코콤서버와 연결확인 - OK
[17:11:16] 방문자 관련 전문이 아님
[17:11:36] VisitAddProcess : Start
[17:11:36] VisitAddProcess : 저장완료
[17:11:36] VisitAddProcess : End
[17:11:37] VisitPointProcess : Start
[17:11:38] VisitPointProcess : End
[17:11:39] VisitListProcess : Start
[17:11:39] VisitListProcess : End
[17:12:16] tAliveTimer : 1분마다 연결 체크
[17:12:16] Alive시 코콤서버와 연결확인 - OK
[17:12:16] 방문자 관련 전문이 아님
[17:13:16] tAliveTimer : 1분마다 연결 체크
[17:13:17] Alive시 코콤서버와 연결확인 - OK
[17:13:17] 방문자 관련 전문이 아님
[17:14:16] tAliveTimer : 1분마다 연결 체크
[17:14:16] Alive시 코콤서버와 연결확인 - OK
[17:14:16] 방문자 관련 전문이 아님
[17:15:17] tAliveTimer : 1분마다 연결 체크
[17:15:17] Alive시 코콤서버와 연결확인 - OK
[17:15:17] 방문자 관련 전문이 아님
[17:16:16] tAliveTimer : 1분마다 연결 체크
[17:16:16] Alive시 코콤서버와 연결확인 - OK
[17:16:16] 방문자 관련 전문이 아님
[17:17:16] tAliveTimer : 1분마다 연결 체크
[17:17:16] Alive시 코콤서버와 연결확인 - OK
[17:17:16] 방문자 관련 전문이 아님
[17:18:17] tAliveTimer : 1분마다 연결 체크
[17:18:17] Alive시 코콤서버와 연결확인 - OK
[17:18:17] 방문자 관련 전문이 아님
[17:19:16] tAliveTimer : 1분마다 연결 체크
[17:19:16] Alive시 코콤서버와 연결확인 - OK
[17:19:16] 방문자 관련 전문이 아님
[17:20:16] tAliveTimer : 1분마다 연결 체크
[17:20:16] Alive시 코콤서버와 연결확인 - OK
[17:20:16] 방문자 관련 전문이 아님
[17:21:17] tAliveTimer : 1분마다 연결 체크
[17:21:17] Alive시 코콤서버와 연결확인 - OK
[17:21:17] 방문자 관련 전문이 아님
[17:22:16] tAliveTimer : 1분마다 연결 체크
[17:22:16] Alive시 코콤서버와 연결확인 - OK
[17:22:16] 방문자 관련 전문이 아님
[17:23:16] tAliveTimer : 1분마다 연결 체크
[17:23:17] Alive시 코콤서버와 연결확인 - OK
[17:23:17] 방문자 관련 전문이 아님
[17:24:16] tAliveTimer : 1분마다 연결 체크
[17:24:16] Alive시 코콤서버와 연결확인 - OK
[17:24:16] 방문자 관련 전문이 아님
[17:25:17] tAliveTimer : 1분마다 연결 체크
[17:25:17] Alive시 코콤서버와 연결확인 - OK
[17:25:17] 방문자 관련 전문이 아님
[17:26:16] tAliveTimer : 1분마다 연결 체크
[17:26:16] Alive시 코콤서버와 연결확인 - OK
[17:26:16] 방문자 관련 전문이 아님
[17:27:16] tAliveTimer : 1분마다 연결 체크
[17:27:17] Alive시 코콤서버와 연결확인 - OK
[17:27:17] 방문자 관련 전문이 아님
[17:28:16] tAliveTimer : 1분마다 연결 체크
[17:28:16] Alive시 코콤서버와 연결확인 - OK
[17:28:16] 방문자 관련 전문이 아님
[17:29:17] tAliveTimer : 1분마다 연결 체크
[17:29:17] Alive시 코콤서버와 연결확인 - OK
[17:29:17] 방문자 관련 전문이 아님
[17:30:16] tAliveTimer : 1분마다 연결 체크
[17:30:16] Alive시 코콤서버와 연결확인 - OK
[17:30:16] 방문자 관련 전문이 아님
[17:31:16] tAliveTimer : 1분마다 연결 체크
[17:31:16] Alive시 코콤서버와 연결확인 - OK
[17:31:16] 방문자 관련 전문이 아님
[17:32:17] tAliveTimer : 1분마다 연결 체크
[17:32:17] Alive시 코콤서버와 연결확인 - OK
[17:32:17] 방문자 관련 전문이 아님
[17:33:17] tAliveTimer : 1분마다 연결 체크
[17:33:17] Alive시 코콤서버와 연결확인 - OK
[17:33:17] 방문자 관련 전문이 아님
[17:34:16] tAliveTimer : 1분마다 연결 체크
[17:34:16] Alive시 코콤서버와 연결확인 - OK
[17:34:16] 방문자 관련 전문이 아님
[17:35:16] tAliveTimer : 1분마다 연결 체크
[17:35:16] Alive시 코콤서버와 연결확인 - OK
[17:35:16] 방문자 관련 전문이 아님
[17:36:17] tAliveTimer : 1분마다 연결 체크
[17:36:17] Alive시 코콤서버와 연결확인 - OK
[17:36:17] 방문자 관련 전문이 아님
[17:37:16] tAliveTimer : 1분마다 연결 체크
[17:37:16] Alive시 코콤서버와 연결확인 - OK
[17:37:16] 방문자 관련 전문이 아님
[17:38:16] tAliveTimer : 1분마다 연결 체크
[17:38:16] Alive시 코콤서버와 연결확인 - OK
[17:38:16] 방문자 관련 전문이 아님
[17:39:16] tAliveTimer : 1분마다 연결 체크
[17:39:16] Alive시 코콤서버와 연결확인 - OK
[17:39:16] 방문자 관련 전문이 아님
[17:40:16] tAliveTimer : 1분마다 연결 체크
[17:40:16] Alive시 코콤서버와 연결확인 - OK
[17:40:16] 방문자 관련 전문이 아님
[17:40:20] VisitPointProcess : Start
[17:40:20] VisitPointProcess : End
[17:40:21] VisitListProcess : Start
[17:40:21] VisitListProcess : End
[17:41:16] tAliveTimer : 1분마다 연결 체크
[17:41:16] Alive시 코콤서버와 연결확인 - OK
[17:41:16] 방문자 관련 전문이 아님
[17:42:16] tAliveTimer : 1분마다 연결 체크
[17:42:16] Alive시 코콤서버와 연결확인 - OK
[17:42:16] 방문자 관련 전문이 아님
[17:43:01] VisitPointProcess : Start
[17:43:01] VisitPointProcess : End
[17:43:02] VisitListProcess : Start
[17:43:02] VisitListProcess : End
[17:43:16] tAliveTimer : 1분마다 연결 체크
[17:43:16] Alive시 코콤서버와 연결확인 - OK
[17:43:16] 방문자 관련 전문이 아님
[17:43:42] VisitPointProcess : Start
[17:43:42] VisitPointProcess : End
[17:43:45] VisitListProcess : Start
[17:43:45] VisitListProcess : End
[17:44:17] tAliveTimer : 1분마다 연결 체크
[17:44:17] Alive시 코콤서버와 연결확인 - OK
[17:44:17] 방문자 관련 전문이 아님
[17:45:16] tAliveTimer : 1분마다 연결 체크
[17:45:16] Alive시 코콤서버와 연결확인 - OK
[17:45:16] 방문자 관련 전문이 아님
[17:46:16] tAliveTimer : 1분마다 연결 체크
[17:46:16] Alive시 코콤서버와 연결확인 - OK
[17:46:16] 방문자 관련 전문이 아님
[17:47:16] tAliveTimer : 1분마다 연결 체크
[17:47:16] Alive시 코콤서버와 연결확인 - OK
[17:47:17] 방문자 관련 전문이 아님
[17:48:16] tAliveTimer : 1분마다 연결 체크
[17:48:17] Alive시 코콤서버와 연결확인 - OK
[17:48:17] 방문자 관련 전문이 아님
[17:48:41] VisitPointProcess : Start
[17:48:41] VisitPointProcess : End
[17:48:42] VisitListProcess : Start
[17:48:42] VisitListProcess : End
[17:49:16] tAliveTimer : 1분마다 연결 체크
[17:49:16] Alive시 코콤서버와 연결확인 - OK
[17:49:16] 방문자 관련 전문이 아님
[17:50:03] VisitPointProcess : Start
[17:50:03] VisitPointProcess : End
[17:50:04] VisitListProcess : Start
[17:50:04] VisitListProcess : End
[17:50:16] tAliveTimer : 1분마다 연결 체크
[17:50:16] Alive시 코콤서버와 연결확인 - OK
[17:50:16] 방문자 관련 전문이 아님
[17:51:17] tAliveTimer : 1분마다 연결 체크
[17:51:17] Alive시 코콤서버와 연결확인 - OK
[17:51:17] 방문자 관련 전문이 아님
[17:52:16] tAliveTimer : 1분마다 연결 체크
[17:52:16] Alive시 코콤서버와 연결확인 - OK
[17:52:16] 방문자 관련 전문이 아님
[17:52:52] VisitPointProcess : Start
[17:52:52] VisitPointProcess : End
[17:52:53] VisitListProcess : Start
[17:52:54] VisitListProcess : End
[17:52:55] VisitPointProcess : Start
[17:52:55] VisitPointProcess : End
[17:53:16] tAliveTimer : 1분마다 연결 체크
[17:53:16] Alive시 코콤서버와 연결확인 - OK
[17:53:16] 방문자 관련 전문이 아님
[17:53:42] VisitPointProcess : Start
[17:53:42] VisitPointProcess : End
[17:53:43] VisitListProcess : Start
[17:53:43] VisitListProcess : End
[17:53:47] VisitPointProcess : Start
[17:53:47] VisitPointProcess : End
[17:53:48] VisitListProcess : Start
[17:53:49] VisitListProcess : End
[17:53:50] VisitPointProcess : Start
[17:53:50] VisitPointProcess : End
[17:53:51] VisitListProcess : Start
[17:53:51] VisitListProcess : End
[17:54:16] tAliveTimer : 1분마다 연결 체크
[17:54:16] Alive시 코콤서버와 연결확인 - OK
[17:54:16] 방문자 관련 전문이 아님
[17:55:09] 파싱성공: CH1#15가6543#N#\2021\01\13\CH1_20210113175508_15가6543.jpg
[17:55:09] LPR전문: CH1#15가6543#N#\2021\01\13\CH1_20210113175508_15가6543.jpg
[17:55:09] LPR Check: 15가6543,http://10.22.30.20:9080/MSImage/2021/01/13/CH1_20210113175508_15가6543.jpg,1,,,0, 2021-01-13 17:55:08
[17:55:09] File: \\10.22.30.20\MSImage\2021\01\13\CH1_20210113175508_15가6543.jpg
[17:55:09] NormalProc: 일반차량 처리 시작 : 15가6543, 
[17:55:09] 10000
[17:55:09] 세대 방문자 포인트 차감 : 101동 101호 가용포인트: 10000 사용포인트: 1500
[17:55:09] 방문차량 입차: 15가6543 - \\10.22.30.20\MSImage\2021\01\13\CH1_20210113175508_15가6543.jpg
[17:55:09] 입구차단기 Open 10.22.30.20:2100
[17:55:09] 사전예약방문 차량
[17:55:10] 일반차량 입차 이미지 가져오기 시작
[17:55:10] 일반차량 입차 이미지 가져오기 끝
[17:55:16] tAliveTimer : 1분마다 연결 체크
[17:55:16] Alive시 코콤서버와 연결확인 - OK
[17:55:16] 방문자 관련 전문이 아님
[17:56:17] tAliveTimer : 1분마다 연결 체크
[17:56:17] Alive시 코콤서버와 연결확인 - OK
[17:56:17] 방문자 관련 전문이 아님
[17:57:17] tAliveTimer : 1분마다 연결 체크
[17:57:17] Alive시 코콤서버와 연결확인 - OK
[17:57:17] 방문자 관련 전문이 아님
[17:58:16] VisitPointProcess : Start
[17:58:16] VisitPointProcess : End
[17:58:16] tAliveTimer : 1분마다 연결 체크
[17:58:16] Alive시 코콤서버와 연결확인 - OK
[17:58:17] VisitListProcess : Start
[17:58:17] VisitListProcess : End
[17:58:18] 방문자 관련 전문이 아님
[17:58:21] VisitPointProcess : Start
[17:58:21] VisitPointProcess : End
[17:58:26] VisitPointProcess : Start
[17:58:26] VisitPointProcess : End
[17:58:27] VisitListProcess : Start
[17:58:27] VisitListProcess : End
[17:58:28] VisitPointProcess : Start
[17:58:28] VisitPointProcess : End
[17:58:29] VisitListProcess : Start
[17:58:29] VisitListProcess : End
[17:58:30] VisitPointProcess : Start
[17:58:30] VisitPointProcess : End
[17:58:38] VisitPointProcess : Start
[17:58:38] VisitPointProcess : End
[17:58:39] VisitListProcess : Start
[17:58:39] VisitListProcess : End
[17:59:16] tAliveTimer : 1분마다 연결 체크
[17:59:16] Alive시 코콤서버와 연결확인 - OK
[17:59:16] 방문자 관련 전문이 아님
[18:00:16] tAliveTimer : 1분마다 연결 체크
[18:00:16] Alive시 코콤서버와 연결확인 - OK
[18:00:16] 방문자 관련 전문이 아님
