**************************************************************
[10:13:12] Program Start! (Ver_1.3.3.51)
[10:13:12] 홈넷예외LPR:
[10:13:12] [DB저장 모드]
[10:13:12] TfrmMain.btnModeClick: 유인운영
[10:13:13] 비로그인
[10:13:13] 설치된 입구보조 LPR이 없음!
[10:13:13] 설치된 출구보조 LPR이 없음!
[10:13:13] 설치된 입구전광판이 없음!
[10:13:13] 설치된 출구전광판이 없음!
[10:13:13] LPR재접속 쓰레드시작
[10:13:13] 전광판재접속 쓰레드시작
[10:13:14] 정기권연동 쓰레드시작
[10:13:14] Main.pas: Line: 20657, *INI설정정보.확인>> D:\Delphi\소스\출입모니터링_1.3.0(최신)\출입모니터링 최신버전 20201105\출입모니터링_1_3_0 완성형 6개_단기정기권추가(2020-11-10)\실행화일\ParkSet.ini
[10:13:14] Main.pas: Line: 20667, [ini]>> 입차LPR수(1), 출차LPR수(1)
[10:13:14] Main.pas: Line: 20675, [ini]>> DB, IP(10.22.30.20,42130), ID(sa), PW(nexpa1234), Name(PARKING_1.3.0)
[10:13:14] Main.pas: Line: 20682, [ini]>> LPR이미지폴더(C:\LPRImage)
[10:13:14] Main.pas: Line: 20689, [ini]>> Host, IP(127.0.0.1),Port(10000)
[10:13:14] Main.pas: Line: 20708, [ini]>> Home, IP(127.0.0.1),Port(29500),홈넷(1),Ver(1),ID(wiju),PW(wiju1234)
[10:13:14] Main.pas: Line: 20711, [ini]>> HomeNET, IP(),Port(25008)
[10:13:14] Main.pas: Line: 20728, [ini]>> 차단기제어여부(1), 차단기제어(3)
[10:13:14] csInLpr1 접속성공
[10:13:14] csOutLpr1 접속성공
[10:13:20] Program Close
