**************************************************************
[10:26:56] Program Start! (Ver_1.3.3.51)
[10:26:56] 홈넷예외LPR:
[10:26:56] [DB저장 모드]
[10:26:56] TfrmMain.btnModeClick: 유인운영
[10:26:56] 비로그인
[10:26:57] 설치된 입구보조 LPR이 없음!
[10:26:57] 설치된 출구보조 LPR이 없음!
[10:26:57] 설치된 출구 LPR이 없음!
[10:26:57] 설치된 입구전광판이 없음!
[10:26:57] 설치된 출구전광판이 없음!
[10:26:57] 코콤서버와 Bind확인 - OK
[10:26:57] LPR재접속 쓰레드시작
[10:26:57] 전광판재접속 쓰레드시작
[10:26:57] 정기권연동 쓰레드시작
[10:26:57] Main.pas: Line: 20641, *INI설정정보.확인>> D:\Delphi\소스\출입모니터링_1.3.0(최신)\출입모니터링 최신버전 20201105\출입모니터링_1_3_0 완성형 6개_단기정기권추가(2020-11-10)\실행화일\ParkSet.ini
[10:26:57] Main.pas: Line: 20651, [ini]>> 입차LPR수(1), 출차LPR수(0)
[10:26:57] Main.pas: Line: 20659, [ini]>> DB, IP(10.22.30.20,42130), ID(sa), PW(nexpa1234), Name(PARKING_1.3.0)
[10:26:57] Main.pas: Line: 20666, [ini]>> LPR이미지폴더(C:\LPRImage)
[10:26:57] Main.pas: Line: 20673, [ini]>> Host, IP(127.0.0.1),Port(10000)
[10:26:57] Main.pas: Line: 20692, [ini]>> Home, IP(222.108.131.118),Port(15010),홈넷(2),Ver(1),ID(wiju),PW(wiju1234)
[10:26:57] Main.pas: Line: 20695, [ini]>> HomeNET, IP(),Port(25008)
[10:26:57] Main.pas: Line: 20712, [ini]>> 차단기제어여부(1), 차단기제어(3)
[10:26:57] csInLpr1 접속성공
[10:26:58] 방문자 관련 전문이 아님
[10:27:33] VisitPointProcess : Start
[10:27:33] VisitPointProcess : End
[10:27:34] VisitListProcess : Start
[10:27:34] VisitListProcess : End
[10:27:38] VisitPointProcess : Start
[10:27:38] VisitPointProcess : End
[10:27:57] tAliveTimer : 1분마다 연결 체크
[10:27:57] Alive시 코콤서버와 연결확인 - OK
[10:27:57] 방문자 관련 전문이 아님
[10:28:57] tAliveTimer : 1분마다 연결 체크
[10:28:57] Alive시 코콤서버와 연결확인 - OK
[10:28:57] 방문자 관련 전문이 아님
[10:29:57] tAliveTimer : 1분마다 연결 체크
[10:29:57] Alive시 코콤서버와 연결확인 - OK
[10:29:57] 방문자 관련 전문이 아님
[10:30:57] tAliveTimer : 1분마다 연결 체크
[10:30:57] Alive시 코콤서버와 연결확인 - OK
[10:30:57] 방문자 관련 전문이 아님
[10:31:57] tAliveTimer : 1분마다 연결 체크
[10:31:57] Alive시 코콤서버와 연결확인 - OK
[10:31:57] 방문자 관련 전문이 아님
[10:32:57] tAliveTimer : 1분마다 연결 체크
[10:32:57] Alive시 코콤서버와 연결확인 - OK
[10:32:57] 방문자 관련 전문이 아님
[10:33:57] tAliveTimer : 1분마다 연결 체크
[10:33:57] Alive시 코콤서버와 연결확인 - OK
[10:33:57] 방문자 관련 전문이 아님
[10:34:57] tAliveTimer : 1분마다 연결 체크
[10:34:57] Alive시 코콤서버와 연결확인 - OK
[10:34:57] 방문자 관련 전문이 아님
[10:35:57] tAliveTimer : 1분마다 연결 체크
[10:35:57] Alive시 코콤서버와 연결확인 - OK
[10:35:57] 방문자 관련 전문이 아님
[10:36:03] VisitPointProcess : Start
[10:36:03] VisitPointProcess : End
[10:36:04] VisitListProcess : Start
[10:36:04] VisitListProcess : End
[10:36:11] VisitPointProcess : Start
[10:36:11] VisitPointProcess : End
[10:36:57] tAliveTimer : 1분마다 연결 체크
[10:36:57] Alive시 코콤서버와 연결확인 - OK
[10:36:57] 방문자 관련 전문이 아님
[10:37:46] VisitAddProcess : Start
[10:37:46] VisitAddProcess : 저장완료
[10:37:46] VisitAddProcess : End
[10:37:47] VisitPointProcess : Start
[10:37:47] VisitPointProcess : End
[10:37:48] VisitListProcess : Start
[10:37:49] VisitListProcess : End
[10:37:57] tAliveTimer : 1분마다 연결 체크
[10:37:57] Alive시 코콤서버와 연결확인 - OK
[10:37:57] 방문자 관련 전문이 아님
[10:38:01] 방문자 관련 전문이 아님
[10:38:04] VisitPointProcess : Start
[10:38:04] VisitPointProcess : End
[10:38:06] 방문자 관련 전문이 아님
[10:38:10] VisitPointProcess : Start
[10:38:10] VisitPointProcess : End
[10:38:11] VisitListProcess : Start
[10:38:11] VisitListProcess : End
[10:38:57] tAliveTimer : 1분마다 연결 체크
[10:38:57] Alive시 코콤서버와 연결확인 - OK
[10:38:57] 방문자 관련 전문이 아님
[10:39:08] VisitPointProcess : Start
[10:39:08] VisitPointProcess : End
[10:39:09] VisitListProcess : Start
[10:39:09] VisitListProcess : End
[10:39:11] VisitPointProcess : Start
[10:39:11] VisitPointProcess : End
[10:39:42] VisitPointProcess : Start
[10:39:42] VisitPointProcess : End
[10:39:43] VisitListProcess : Start
[10:39:43] VisitListProcess : End
[10:39:45] VisitPointProcess : Start
[10:39:45] VisitPointProcess : End
[10:39:57] tAliveTimer : 1분마다 연결 체크
[10:39:57] Alive시 코콤서버와 연결확인 - OK
[10:39:57] 방문자 관련 전문이 아님
[10:40:57] tAliveTimer : 1분마다 연결 체크
[10:40:57] Alive시 코콤서버와 연결확인 - OK
[10:40:57] 방문자 관련 전문이 아님
[10:41:57] tAliveTimer : 1분마다 연결 체크
[10:41:57] Alive시 코콤서버와 연결확인 - OK
[10:41:57] 방문자 관련 전문이 아님
[10:42:57] tAliveTimer : 1분마다 연결 체크
[10:42:57] Alive시 코콤서버와 연결확인 - OK
[10:42:57] 방문자 관련 전문이 아님
[10:43:57] tAliveTimer : 1분마다 연결 체크
[10:43:57] Alive시 코콤서버와 연결확인 - OK
[10:43:57] 방문자 관련 전문이 아님
[10:44:57] tAliveTimer : 1분마다 연결 체크
[10:44:57] Alive시 코콤서버와 연결확인 - OK
[10:44:57] 방문자 관련 전문이 아님
[10:45:57] tAliveTimer : 1분마다 연결 체크
[10:45:57] Alive시 코콤서버와 연결확인 - OK
[10:45:57] 방문자 관련 전문이 아님
[10:46:57] tAliveTimer : 1분마다 연결 체크
[10:46:57] Alive시 코콤서버와 연결확인 - OK
[10:46:57] 방문자 관련 전문이 아님
[10:47:57] tAliveTimer : 1분마다 연결 체크
[10:47:57] Alive시 코콤서버와 연결확인 - OK
[10:47:57] 방문자 관련 전문이 아님
[10:48:57] tAliveTimer : 1분마다 연결 체크
[10:48:57] Alive시 코콤서버와 연결확인 - OK
[10:48:57] 방문자 관련 전문이 아님
[10:49:57] tAliveTimer : 1분마다 연결 체크
[10:49:57] Alive시 코콤서버와 연결확인 - OK
[10:49:57] 방문자 관련 전문이 아님
[10:50:49] 파싱성공: CH1#32바4680#N#\2021\01\14\CH1_20210114105047_32바4680.jpg
[10:50:49] LPR전문: CH1#32바4680#N#\2021\01\14\CH1_20210114105047_32바4680.jpg
[10:50:49] LPR Check: 32바4680,http://10.22.30.20:9080/MSImage/2021/01/14/CH1_20210114105047_32바4680.jpg,1,,,0, 2021-01-14 10:50:47
[10:50:49] File: \\10.22.30.20\MSImage\2021\01\14\CH1_20210114105047_32바4680.jpg
[10:50:50] NormalProc: 일반차량 처리 시작 : 32바4680, 
[10:50:50] 미등록차량 입차: 32바4680 - \\10.22.30.20\MSImage\2021\01\14\CH1_20210114105047_32바4680.jpg
[10:50:50] 일반차량 입차 이미지 가져오기 시작
[10:50:50] 일반차량 입차 이미지 가져오기 끝
[10:50:57] tAliveTimer : 1분마다 연결 체크
[10:50:57] Alive시 코콤서버와 연결확인 - OK
[10:50:57] 방문자 관련 전문이 아님
[10:51:02] 파싱성공: CH1#15다6543#N#\2021\01\14\CH1_20210114105100_15다6543.jpg
[10:51:02] LPR전문: CH1#15다6543#N#\2021\01\14\CH1_20210114105100_15다6543.jpg
[10:51:02] LPR Check: 15다6543,http://10.22.30.20:9080/MSImage/2021/01/14/CH1_20210114105100_15다6543.jpg,1,,,0, 2021-01-14 10:51:00
[10:51:02] File: \\10.22.30.20\MSImage\2021\01\14\CH1_20210114105100_15다6543.jpg
[10:51:02] NormalProc: 일반차량 처리 시작 : 15다6543, 
[10:51:02] 미등록차량 입차: 15다6543 - \\10.22.30.20\MSImage\2021\01\14\CH1_20210114105100_15다6543.jpg
[10:51:02] 일반차량 입차 이미지 가져오기 시작
[10:51:02] 일반차량 입차 이미지 가져오기 끝
[10:51:57] tAliveTimer : 1분마다 연결 체크
[10:51:57] Alive시 코콤서버와 연결확인 - OK
[10:51:57] 방문자 관련 전문이 아님
[10:52:57] tAliveTimer : 1분마다 연결 체크
[10:52:57] Alive시 코콤서버와 연결확인 - OK
[10:52:57] 방문자 관련 전문이 아님
[10:53:11] 파싱성공: CH1#16허5476#N#\2021\01\14\CH1_20210114105309_16허5476.jpg
[10:53:11] LPR전문: CH1#16허5476#N#\2021\01\14\CH1_20210114105309_16허5476.jpg
[10:53:11] LPR Check: 16허5476,http://10.22.30.20:9080/MSImage/2021/01/14/CH1_20210114105309_16허5476.jpg,1,,,0, 2021-01-14 10:53:09
[10:53:11] File: \\10.22.30.20\MSImage\2021\01\14\CH1_20210114105309_16허5476.jpg
[10:53:11] NormalProc: 일반차량 처리 시작 : 16허5476, 
[10:53:11] 미등록차량 입차: 16허5476 - \\10.22.30.20\MSImage\2021\01\14\CH1_20210114105309_16허5476.jpg
[10:53:11] 일반차량 입차 이미지 가져오기 시작
[10:53:11] 일반차량 입차 이미지 가져오기 끝
[10:53:27] 파싱성공: CH1#16허5476#N#\2021\01\14\CH1_20210114105325_16허5476.jpg
[10:53:27] LPR전문: CH1#16허5476#N#\2021\01\14\CH1_20210114105325_16허5476.jpg
[10:53:27] LPR Check: 16허5476,http://10.22.30.20:9080/MSImage/2021/01/14/CH1_20210114105325_16허5476.jpg,1,,,0, 2021-01-14 10:53:25
[10:53:27] File: \\10.22.30.20\MSImage\2021\01\14\CH1_20210114105325_16허5476.jpg
[10:53:27] NormalProc: 일반차량 처리 시작 : 16허5476, 
[10:53:27] 방문차량 입차: 16허5476 - \\10.22.30.20\MSImage\2021\01\14\CH1_20210114105325_16허5476.jpg
[10:53:27] 입구차단기 Open 10.22.30.20:2100
[10:53:27] 사전예약방문 차량
[10:53:27] 일반차량 입차 이미지 가져오기 시작
[10:53:27] 일반차량 입차 이미지 가져오기 끝
[10:53:56] 파싱성공: CH1#16허5476#N#\2021\01\14\CH1_20210114105354_16허5476.jpg
[10:53:56] LPR전문: CH1#16허5476#N#\2021\01\14\CH1_20210114105354_16허5476.jpg
[10:53:56] LPR Check: 16허5476,http://10.22.30.20:9080/MSImage/2021/01/14/CH1_20210114105354_16허5476.jpg,1,,,0, 2021-01-14 10:53:54
[10:53:56] File: \\10.22.30.20\MSImage\2021\01\14\CH1_20210114105354_16허5476.jpg
[10:53:56] NormalProc: 일반차량 처리 시작 : 16허5476, 
[10:53:56] 8500
[10:53:56] 세대 방문자 포인트 차감 : 101동 101호 가용포인트: 10000 사용포인트: 810
[10:53:56] 방문차량 입차: 16허5476 - \\10.22.30.20\MSImage\2021\01\14\CH1_20210114105354_16허5476.jpg
[10:53:56] 입구차단기 Open 10.22.30.20:2100
[10:53:56] 사전예약방문 차량
[10:53:56] 일반차량 입차 이미지 가져오기 시작
[10:53:56] 일반차량 입차 이미지 가져오기 끝
[10:53:57] tAliveTimer : 1분마다 연결 체크
[10:53:57] Alive시 코콤서버와 연결확인 - OK
[10:53:57] 방문자 관련 전문이 아님
[10:54:57] tAliveTimer : 1분마다 연결 체크
[10:54:57] Alive시 코콤서버와 연결확인 - OK
[10:54:57] 방문자 관련 전문이 아님
[10:55:33] TfrmMain.tmrRecvKocomTimer: Connection Closed Gracefully.
[10:55:34] 코콤서버와 Bind확인 - OK
[10:55:35] 방문자 관련 전문이 아님
[10:55:57] tAliveTimer : 1분마다 연결 체크
[10:55:57] Alive시 코콤서버와 연결확인 - OK
[10:55:57] 방문자 관련 전문이 아님
[10:56:57] tAliveTimer : 1분마다 연결 체크
[10:56:57] Alive시 코콤서버와 연결확인 - OK
[10:56:57] 방문자 관련 전문이 아님
[10:57:57] tAliveTimer : 1분마다 연결 체크
[10:57:57] Alive시 코콤서버와 연결확인 - OK
[10:57:57] 방문자 관련 전문이 아님
[10:58:57] tAliveTimer : 1분마다 연결 체크
[10:58:57] Alive시 코콤서버와 연결확인 - OK
[10:58:57] 방문자 관련 전문이 아님
[10:59:57] tAliveTimer : 1분마다 연결 체크
[10:59:57] Alive시 코콤서버와 연결확인 - OK
[10:59:57] 방문자 관련 전문이 아님
[11:00:57] tAliveTimer : 1분마다 연결 체크
[11:00:57] Alive시 코콤서버와 연결확인 - OK
[11:00:57] 방문자 관련 전문이 아님
[11:01:48] Program Close
[11:01:48] TfrmMain.tmrRecvKocomTimer: Connection Closed Gracefully.
[11:01:48] 코콤서버와 Bind확인 - OK
**************************************************************
[11:04:09] Program Start! (Ver_1.3.3.51)
[11:04:09] 홈넷예외LPR:
[11:04:09] [DB저장 모드]
[11:04:09] TfrmMain.btnModeClick: 유인운영
[11:04:10] 비로그인
[11:04:10] 설치된 입구보조 LPR이 없음!
[11:04:10] 설치된 출구보조 LPR이 없음!
[11:04:10] 설치된 출구 LPR이 없음!
[11:04:10] 설치된 입구전광판이 없음!
[11:04:10] 설치된 출구전광판이 없음!
[11:04:11] csInLpr1 접속성공
[11:04:11] 코콤서버와 Bind확인 - OK
[11:04:11] LPR재접속 쓰레드시작
[11:04:11] 전광판재접속 쓰레드시작
[11:04:11] 정기권연동 쓰레드시작
[11:04:11] Main.pas: Line: 20645, *INI설정정보.확인>> D:\Delphi\소스\출입모니터링_1.3.0(최신)\출입모니터링 최신버전 20201105\출입모니터링_1_3_0 완성형 6개_단기정기권추가(2020-11-10)\실행화일\ParkSet.ini
[11:04:11] Main.pas: Line: 20655, [ini]>> 입차LPR수(1), 출차LPR수(0)
[11:04:11] Main.pas: Line: 20663, [ini]>> DB, IP(10.22.30.20,42130), ID(sa), PW(nexpa1234), Name(PARKING_1.3.0)
[11:04:11] Main.pas: Line: 20670, [ini]>> LPR이미지폴더(C:\LPRImage)
[11:04:11] Main.pas: Line: 20677, [ini]>> Host, IP(127.0.0.1),Port(10000)
[11:04:11] Main.pas: Line: 20696, [ini]>> Home, IP(222.108.131.118),Port(15010),홈넷(2),Ver(1),ID(wiju),PW(wiju1234)
[11:04:11] Main.pas: Line: 20699, [ini]>> HomeNET, IP(),Port(25008)
[11:04:11] Main.pas: Line: 20716, [ini]>> 차단기제어여부(1), 차단기제어(3)
[11:04:12] 방문자 관련 전문이 아님
[11:05:11] tAliveTimer : 1분마다 연결 체크
[11:05:11] Alive시 코콤서버와 연결확인 - OK
[11:05:11] 방문자 관련 전문이 아님
[11:06:11] tAliveTimer : 1분마다 연결 체크
[11:06:11] Alive시 코콤서버와 연결확인 - OK
[11:06:11] 방문자 관련 전문이 아님
[11:07:11] tAliveTimer : 1분마다 연결 체크
[11:07:11] Alive시 코콤서버와 연결확인 - OK
[11:07:11] 방문자 관련 전문이 아님
[11:07:26] 파싱성공: CH1#16허5476#N#\2021\01\14\CH1_20210114110724_16허5476.jpg
[11:07:26] LPR전문: CH1#16허5476#N#\2021\01\14\CH1_20210114110724_16허5476.jpg
[11:07:26] LPR Check: 16허5476,http://10.22.30.20:9080/MSImage/2021/01/14/CH1_20210114110724_16허5476.jpg,1,,,0, 2021-01-14 11:07:24
[11:07:26] File: \\10.22.30.20\MSImage\2021\01\14\CH1_20210114110724_16허5476.jpg
[11:07:26] NormalProc: 일반차량 처리 시작 : 16허5476, 
[11:07:26] 방문차량 입차: 16허5476 - \\10.22.30.20\MSImage\2021\01\14\CH1_20210114110724_16허5476.jpg
[11:07:26] 입구차단기 Open 10.22.30.20:2100
[11:07:26] 사전예약방문 차량
[11:07:26] 일반차량 입차 이미지 가져오기 시작
[11:07:26] 일반차량 입차 이미지 가져오기 끝
[11:07:27] 방문자 관련 전문이 아님
[11:07:28] VisitPointProcess : Start
[11:07:28] VisitPointProcess : End
[11:07:47] VisitPointProcess : Start
[11:07:47] VisitPointProcess : End
[11:07:49] VisitListProcess : Start
[11:07:57] VisitListProcess : End
[11:07:58] 방문자 관련 전문이 아님
[11:07:59] VisitPointProcess : Start
[11:07:59] VisitPointProcess : End
**************************************************************
[11:08:19] Program Start! (Ver_1.3.3.51)
[11:08:19] 홈넷예외LPR:
[11:08:19] [DB저장 모드]
[11:08:19] TfrmMain.btnModeClick: 유인운영
[11:08:19] 비로그인
[11:08:19] 설치된 입구보조 LPR이 없음!
[11:08:19] 설치된 출구보조 LPR이 없음!
[11:08:19] 설치된 출구 LPR이 없음!
[11:08:19] 설치된 입구전광판이 없음!
[11:08:19] 설치된 출구전광판이 없음!
[11:08:19] csInLpr1 접속성공
[11:08:19] 코콤서버와 Bind확인 - OK
[11:08:20] LPR재접속 쓰레드시작
[11:08:20] 전광판재접속 쓰레드시작
[11:08:20] 정기권연동 쓰레드시작
[11:08:20] Main.pas: Line: 20645, *INI설정정보.확인>> D:\Delphi\소스\출입모니터링_1.3.0(최신)\출입모니터링 최신버전 20201105\출입모니터링_1_3_0 완성형 6개_단기정기권추가(2020-11-10)\실행화일\ParkSet.ini
[11:08:20] Main.pas: Line: 20655, [ini]>> 입차LPR수(1), 출차LPR수(0)
[11:08:20] Main.pas: Line: 20663, [ini]>> DB, IP(10.22.30.20,42130), ID(sa), PW(nexpa1234), Name(PARKING_1.3.0)
[11:08:20] Main.pas: Line: 20670, [ini]>> LPR이미지폴더(C:\LPRImage)
[11:08:20] Main.pas: Line: 20677, [ini]>> Host, IP(127.0.0.1),Port(10000)
[11:08:20] Main.pas: Line: 20696, [ini]>> Home, IP(222.108.131.118),Port(15010),홈넷(2),Ver(1),ID(wiju),PW(wiju1234)
[11:08:20] Main.pas: Line: 20699, [ini]>> HomeNET, IP(),Port(25008)
[11:08:20] Main.pas: Line: 20716, [ini]>> 차단기제어여부(1), 차단기제어(3)
[11:08:20] 방문자 관련 전문이 아님
[11:09:20] tAliveTimer : 1분마다 연결 체크
[11:09:20] Alive시 코콤서버와 연결확인 - OK
[11:09:20] 방문자 관련 전문이 아님
[11:10:20] tAliveTimer : 1분마다 연결 체크
[11:10:20] Alive시 코콤서버와 연결확인 - OK
[11:10:20] 방문자 관련 전문이 아님
[11:11:20] tAliveTimer : 1분마다 연결 체크
[11:11:20] Alive시 코콤서버와 연결확인 - OK
[11:11:20] 방문자 관련 전문이 아님
[11:11:23] 방문자 관련 전문이 아님
[11:11:24] VisitPointProcess : Start
[11:11:24] VisitPointProcess : End
[11:11:25] VisitListProcess : Start
[11:11:26] VisitListProcess : End
[11:11:35] 방문자 관련 전문이 아님
[11:11:48] Program Close
[11:11:48] TfrmMain.tmrRecvKocomTimer: Connection Closed Gracefully.
[11:11:48] 코콤서버와 Bind확인 - OK
**************************************************************
[11:12:18] Program Start! (Ver_1.3.3.51)
[11:12:18] 홈넷예외LPR:
[11:12:18] [DB저장 모드]
[11:12:18] TfrmMain.btnModeClick: 유인운영
[11:12:19] 비로그인
[11:12:19] 설치된 입구보조 LPR이 없음!
[11:12:19] 설치된 출구보조 LPR이 없음!
[11:12:19] 설치된 출구 LPR이 없음!
[11:12:19] 설치된 입구전광판이 없음!
[11:12:19] 설치된 출구전광판이 없음!
[11:12:19] 코콤서버와 Bind확인 - OK
[11:12:19] LPR재접속 쓰레드시작
[11:12:19] 전광판재접속 쓰레드시작
[11:12:19] 정기권연동 쓰레드시작
[11:12:19] Main.pas: Line: 20645, *INI설정정보.확인>> D:\Delphi\소스\출입모니터링_1.3.0(최신)\출입모니터링 최신버전 20201105\출입모니터링_1_3_0 완성형 6개_단기정기권추가(2020-11-10)\실행화일\ParkSet.ini
[11:12:19] Main.pas: Line: 20655, [ini]>> 입차LPR수(1), 출차LPR수(0)
[11:12:19] Main.pas: Line: 20663, [ini]>> DB, IP(10.22.30.20,42130), ID(sa), PW(nexpa1234), Name(PARKING_1.3.0)
[11:12:19] Main.pas: Line: 20670, [ini]>> LPR이미지폴더(C:\LPRImage)
[11:12:19] Main.pas: Line: 20677, [ini]>> Host, IP(127.0.0.1),Port(10000)
[11:12:19] Main.pas: Line: 20696, [ini]>> Home, IP(222.108.131.118),Port(15010),홈넷(2),Ver(1),ID(wiju),PW(wiju1234)
[11:12:19] Main.pas: Line: 20699, [ini]>> HomeNET, IP(),Port(25008)
[11:12:19] Main.pas: Line: 20716, [ini]>> 차단기제어여부(1), 차단기제어(3)
[11:12:20] csInLpr1 접속성공
[11:12:20] 방문자 관련 전문이 아님
[11:13:19] tAliveTimer : 1분마다 연결 체크
[11:13:19] Alive시 코콤서버와 연결확인 - OK
[11:13:19] 방문자 관련 전문이 아님
[11:13:55] 파싱성공: CH1#16허5476#N#\2021\01\14\CH1_20210114111353_16허5476.jpg
[11:13:55] LPR전문: CH1#16허5476#N#\2021\01\14\CH1_20210114111353_16허5476.jpg
[11:13:55] LPR Check: 16허5476,http://10.22.30.20:9080/MSImage/2021/01/14/CH1_20210114111353_16허5476.jpg,1,,,0, 2021-01-14 11:13:53
[11:13:55] File: \\10.22.30.20\MSImage\2021\01\14\CH1_20210114111353_16허5476.jpg
[11:13:55] NormalProc: 일반차량 처리 시작 : 16허5476, 
[11:13:55] 방문차량 입차: 16허5476 - \\10.22.30.20\MSImage\2021\01\14\CH1_20210114111353_16허5476.jpg
[11:13:55] 입구차단기 Open 10.22.30.20:2100
[11:13:55] 사전예약방문 차량
[11:13:55] 일반차량 입차 이미지 가져오기 시작
[11:13:55] 일반차량 입차 이미지 가져오기 끝
[11:13:56] 방문자 관련 전문이 아님
[11:13:57] VisitPointProcess : Start
[11:13:57] VisitPointProcess : End
[11:13:58] 방문자 관련 전문이 아님
[11:14:14] VisitPointProcess : Start
[11:14:14] VisitPointProcess : End
[11:14:15] VisitListProcess : Start
[11:14:15] VisitListProcess : End
[11:14:16] 방문자 관련 전문이 아님
[11:14:19] tAliveTimer : 1분마다 연결 체크
[11:14:19] Alive시 코콤서버와 연결확인 - OK
[11:14:19] 방문자 관련 전문이 아님
[11:15:19] tAliveTimer : 1분마다 연결 체크
[11:15:19] Alive시 코콤서버와 연결확인 - OK
[11:15:19] 방문자 관련 전문이 아님
[11:15:35] VisitPointProcess : Start
[11:15:35] VisitPointProcess : End
[11:15:36] VisitListProcess : Start
[11:15:36] VisitListProcess : End
[11:15:41] 방문자 관련 전문이 아님
[11:16:19] tAliveTimer : 1분마다 연결 체크
[11:16:19] Alive시 코콤서버와 연결확인 - OK
[11:16:19] 방문자 관련 전문이 아님
[11:17:06] VisitPointProcess : Start
[11:17:06] VisitPointProcess : End
[11:17:07] VisitListProcess : Start
[11:17:08] VisitListProcess : End
[11:17:19] tAliveTimer : 1분마다 연결 체크
[11:17:19] Alive시 코콤서버와 연결확인 - OK
[11:17:19] 방문자 관련 전문이 아님
[11:18:19] tAliveTimer : 1분마다 연결 체크
[11:18:19] Alive시 코콤서버와 연결확인 - OK
[11:18:19] 방문자 관련 전문이 아님
[11:19:19] tAliveTimer : 1분마다 연결 체크
[11:19:19] Alive시 코콤서버와 연결확인 - OK
[11:19:19] 방문자 관련 전문이 아님
[11:20:19] tAliveTimer : 1분마다 연결 체크
[11:20:19] Alive시 코콤서버와 연결확인 - OK
[11:20:19] 방문자 관련 전문이 아님
[11:21:19] tAliveTimer : 1분마다 연결 체크
[11:21:19] Alive시 코콤서버와 연결확인 - OK
[11:21:19] 방문자 관련 전문이 아님
[11:22:19] tAliveTimer : 1분마다 연결 체크
[11:22:19] Alive시 코콤서버와 연결확인 - OK
[11:22:19] 방문자 관련 전문이 아님
[11:23:19] tAliveTimer : 1분마다 연결 체크
[11:23:19] Alive시 코콤서버와 연결확인 - OK
[11:23:19] 방문자 관련 전문이 아님
[11:24:19] tAliveTimer : 1분마다 연결 체크
[11:24:19] Alive시 코콤서버와 연결확인 - OK
[11:24:19] 방문자 관련 전문이 아님
[11:25:19] tAliveTimer : 1분마다 연결 체크
[11:25:19] Alive시 코콤서버와 연결확인 - OK
[11:25:19] 방문자 관련 전문이 아님
[11:26:19] tAliveTimer : 1분마다 연결 체크
[11:26:19] Alive시 코콤서버와 연결확인 - OK
[11:26:19] 방문자 관련 전문이 아님
[11:27:19] tAliveTimer : 1분마다 연결 체크
[11:27:19] Alive시 코콤서버와 연결확인 - OK
[11:27:19] 방문자 관련 전문이 아님
[11:28:19] tAliveTimer : 1분마다 연결 체크
[11:28:19] Alive시 코콤서버와 연결확인 - OK
[11:28:19] 방문자 관련 전문이 아님
[11:29:19] tAliveTimer : 1분마다 연결 체크
[11:29:19] Alive시 코콤서버와 연결확인 - OK
[11:29:19] 방문자 관련 전문이 아님
[11:30:19] tAliveTimer : 1분마다 연결 체크
[11:30:19] Alive시 코콤서버와 연결확인 - OK
[11:30:19] 방문자 관련 전문이 아님
[11:31:19] tAliveTimer : 1분마다 연결 체크
[11:31:19] Alive시 코콤서버와 연결확인 - OK
[11:31:19] 방문자 관련 전문이 아님
[11:32:19] tAliveTimer : 1분마다 연결 체크
[11:32:19] Alive시 코콤서버와 연결확인 - OK
[11:32:19] 방문자 관련 전문이 아님
[11:33:19] tAliveTimer : 1분마다 연결 체크
[11:33:19] Alive시 코콤서버와 연결확인 - OK
[11:33:19] 방문자 관련 전문이 아님
[11:34:19] tAliveTimer : 1분마다 연결 체크
[11:34:19] Alive시 코콤서버와 연결확인 - OK
[11:34:19] 방문자 관련 전문이 아님
[11:35:19] tAliveTimer : 1분마다 연결 체크
[11:35:19] Alive시 코콤서버와 연결확인 - OK
[11:35:19] 방문자 관련 전문이 아님
[11:35:45] 방문자 관련 전문이 아님
[11:36:19] tAliveTimer : 1분마다 연결 체크
[11:36:19] Alive시 코콤서버와 연결확인 - OK
[11:36:19] 방문자 관련 전문이 아님
[11:37:19] tAliveTimer : 1분마다 연결 체크
[11:37:19] Alive시 코콤서버와 연결확인 - OK
[11:37:19] 방문자 관련 전문이 아님
[11:38:19] tAliveTimer : 1분마다 연결 체크
[11:38:19] Alive시 코콤서버와 연결확인 - OK
[11:38:19] 방문자 관련 전문이 아님
[11:39:19] tAliveTimer : 1분마다 연결 체크
[11:39:19] Alive시 코콤서버와 연결확인 - OK
[11:39:19] 방문자 관련 전문이 아님
[11:40:19] tAliveTimer : 1분마다 연결 체크
[11:40:19] Alive시 코콤서버와 연결확인 - OK
[11:40:19] 방문자 관련 전문이 아님
[11:41:19] tAliveTimer : 1분마다 연결 체크
[11:41:19] Alive시 코콤서버와 연결확인 - OK
[11:41:19] 방문자 관련 전문이 아님
[11:42:16] VisitPointProcess : Start
[11:42:17] VisitPointProcess : End
[11:42:18] VisitListProcess : Start
[11:42:18] VisitListProcess : End
[11:42:19] tAliveTimer : 1분마다 연결 체크
[11:42:19] Alive시 코콤서버와 연결확인 - OK
[11:42:19] 방문자 관련 전문이 아님
[11:42:21] 방문자 관련 전문이 아님
[11:43:19] tAliveTimer : 1분마다 연결 체크
[11:43:19] Alive시 코콤서버와 연결확인 - OK
[11:43:19] 방문자 관련 전문이 아님
[11:44:19] tAliveTimer : 1분마다 연결 체크
[11:44:19] Alive시 코콤서버와 연결확인 - OK
[11:44:19] 방문자 관련 전문이 아님
[11:45:19] tAliveTimer : 1분마다 연결 체크
[11:45:19] Alive시 코콤서버와 연결확인 - OK
[11:45:19] 방문자 관련 전문이 아님
[11:46:19] tAliveTimer : 1분마다 연결 체크
[11:46:19] Alive시 코콤서버와 연결확인 - OK
[11:46:19] 방문자 관련 전문이 아님
[11:47:19] tAliveTimer : 1분마다 연결 체크
[11:47:19] Alive시 코콤서버와 연결확인 - OK
[11:47:19] 방문자 관련 전문이 아님
[11:48:19] tAliveTimer : 1분마다 연결 체크
[11:48:19] Alive시 코콤서버와 연결확인 - OK
[11:48:19] 방문자 관련 전문이 아님
[11:49:19] tAliveTimer : 1분마다 연결 체크
[11:49:19] Alive시 코콤서버와 연결확인 - OK
[11:49:19] 방문자 관련 전문이 아님
[11:50:19] tAliveTimer : 1분마다 연결 체크
[11:50:19] Alive시 코콤서버와 연결확인 - OK
[11:50:19] 방문자 관련 전문이 아님
[11:51:19] tAliveTimer : 1분마다 연결 체크
[11:51:19] Alive시 코콤서버와 연결확인 - OK
[11:51:19] 방문자 관련 전문이 아님
[11:52:19] tAliveTimer : 1분마다 연결 체크
[11:52:19] Alive시 코콤서버와 연결확인 - OK
[11:52:19] 방문자 관련 전문이 아님
[11:53:19] tAliveTimer : 1분마다 연결 체크
[11:53:19] Alive시 코콤서버와 연결확인 - OK
[11:53:19] 방문자 관련 전문이 아님
[11:54:19] tAliveTimer : 1분마다 연결 체크
[11:54:19] Alive시 코콤서버와 연결확인 - OK
[11:54:19] 방문자 관련 전문이 아님
[11:55:19] tAliveTimer : 1분마다 연결 체크
[11:55:19] Alive시 코콤서버와 연결확인 - OK
[11:55:19] 방문자 관련 전문이 아님
[11:56:19] tAliveTimer : 1분마다 연결 체크
[11:56:19] Alive시 코콤서버와 연결확인 - OK
[11:56:19] 방문자 관련 전문이 아님
[11:57:19] tAliveTimer : 1분마다 연결 체크
[11:57:19] Alive시 코콤서버와 연결확인 - OK
[11:57:19] 방문자 관련 전문이 아님
[11:58:19] tAliveTimer : 1분마다 연결 체크
[11:58:19] Alive시 코콤서버와 연결확인 - OK
[11:58:19] 방문자 관련 전문이 아님
[11:59:19] tAliveTimer : 1분마다 연결 체크
[11:59:19] Alive시 코콤서버와 연결확인 - OK
[11:59:19] 방문자 관련 전문이 아님
[12:00:19] tAliveTimer : 1분마다 연결 체크
[12:00:19] Alive시 코콤서버와 연결확인 - OK
[12:00:19] 방문자 관련 전문이 아님
[12:01:19] tAliveTimer : 1분마다 연결 체크
[12:01:19] Alive시 코콤서버와 연결확인 - OK
[12:01:19] 방문자 관련 전문이 아님
[12:02:19] tAliveTimer : 1분마다 연결 체크
[12:02:19] Alive시 코콤서버와 연결확인 - OK
[12:02:19] 방문자 관련 전문이 아님
[12:03:19] tAliveTimer : 1분마다 연결 체크
[12:03:19] Alive시 코콤서버와 연결확인 - OK
[12:03:19] 방문자 관련 전문이 아님
[12:04:19] tAliveTimer : 1분마다 연결 체크
[12:04:19] Alive시 코콤서버와 연결확인 - OK
[12:04:19] 방문자 관련 전문이 아님
[12:05:19] tAliveTimer : 1분마다 연결 체크
[12:05:19] Alive시 코콤서버와 연결확인 - OK
[12:05:19] 방문자 관련 전문이 아님
[12:05:26] Program Close
[12:05:26] TfrmMain.tmrRecvKocomTimer: Connection Closed Gracefully.
[12:05:26] 코콤서버와 Bind확인 - OK
**************************************************************
[17:04:42] Program Start! (Ver_1.3.3.51)
[17:04:42] 홈넷예외LPR:
[17:04:42] [DB저장 모드]
[17:04:43] TfrmMain.btnModeClick: 유인운영
[17:04:43] 비로그인
[17:04:44] 설치된 입구보조 LPR이 없음!
[17:04:44] 설치된 출구보조 LPR이 없음!
[17:04:44] 설치된 출구 LPR이 없음!
[17:04:44] 설치된 입구전광판이 없음!
[17:04:44] 설치된 출구전광판이 없음!
[17:04:44] LPR재접속 쓰레드시작
[17:04:44] 전광판재접속 쓰레드시작
[17:04:44] Main.pas: Line: 20657, *INI설정정보.확인>> D:\Delphi\소스\출입모니터링_1.3.0(최신)\출입모니터링 최신버전 20201105\출입모니터링_1_3_0 완성형 6개_단기정기권추가(2020-11-10)\실행화일\ParkSet.ini
[17:04:44] Main.pas: Line: 20667, [ini]>> 입차LPR수(1), 출차LPR수(0)
[17:04:44] Main.pas: Line: 20675, [ini]>> DB, IP(10.22.30.20,42130), ID(sa), PW(nexpa1234), Name(PARKING_1.3.0)
[17:04:44] Main.pas: Line: 20682, [ini]>> LPR이미지폴더(C:\LPRImage)
[17:04:44] Main.pas: Line: 20689, [ini]>> Host, IP(127.0.0.1),Port(10000)
[17:04:44] Main.pas: Line: 20708, [ini]>> Home, IP(127.0.0.1),Port(15010),홈넷(1),Ver(1),ID(wiju),PW(wiju1234)
[17:04:44] Main.pas: Line: 20711, [ini]>> HomeNET, IP(),Port(25008)
[17:04:44] Main.pas: Line: 20728, [ini]>> 차단기제어여부(1), 차단기제어(3)
[17:04:45] csInLpr1 접속성공
[17:05:50] Program Close
**************************************************************
[17:06:05] Program Start! (Ver_1.3.3.51)
[17:06:05] 홈넷예외LPR:
[17:06:05] [DB저장 모드]
[17:06:05] TfrmMain.btnModeClick: 유인운영
[17:06:06] 비로그인
[17:06:06] 설치된 입구보조 LPR이 없음!
[17:06:06] 설치된 출구보조 LPR이 없음!
[17:06:06] 설치된 출구 LPR이 없음!
[17:06:06] 설치된 입구전광판이 없음!
[17:06:06] 설치된 출구전광판이 없음!
[17:06:08] Main.pas: Line: 22690, Could not bind socket. Address and port are already in use.
[17:06:08] 정기권연동 쓰레드시작
[17:06:08] Main.pas: Line: 20657, *INI설정정보.확인>> D:\Delphi\소스\출입모니터링_1.3.0(최신)\출입모니터링 최신버전 20201105\출입모니터링_1_3_0 완성형 6개_단기정기권추가(2020-11-10)\실행화일\ParkSet.ini
[17:06:08] Main.pas: Line: 20667, [ini]>> 입차LPR수(1), 출차LPR수(0)
[17:06:08] Main.pas: Line: 20675, [ini]>> DB, IP(10.22.30.20,42130), ID(sa), PW(nexpa1234), Name(PARKING_1.3.0)
[17:06:08] Main.pas: Line: 20682, [ini]>> LPR이미지폴더(C:\LPRImage)
[17:06:08] Main.pas: Line: 20689, [ini]>> Host, IP(127.0.0.1),Port(10000)
[17:06:08] Main.pas: Line: 20708, [ini]>> Home, IP(127.0.0.1),Port(15010),홈넷(1),Ver(1),ID(wiju),PW(wiju1234)
[17:06:08] Main.pas: Line: 20711, [ini]>> HomeNET, IP(),Port(25008)
[17:06:08] Main.pas: Line: 20728, [ini]>> 차단기제어여부(1), 차단기제어(3)
[17:06:09] csInLpr1 접속성공
[17:06:14] Program Close
**************************************************************
[17:10:34] Program Start! (Ver_1.3.3.51)
[17:10:35] 홈넷예외LPR:
[17:10:35] [DB저장 모드]
[17:10:35] TfrmMain.btnModeClick: 유인운영
[17:10:35] 비로그인
[17:10:35] 설치된 입구보조 LPR이 없음!
[17:10:35] 설치된 출구보조 LPR이 없음!
[17:10:35] 설치된 출구 LPR이 없음!
[17:10:35] 설치된 입구전광판이 없음!
[17:10:35] 설치된 출구전광판이 없음!
[17:10:36] csInLpr1 접속성공
[17:10:36] LPR재접속 쓰레드시작
[17:10:36] 전광판재접속 쓰레드시작
[17:10:36] 정기권연동 쓰레드시작
[17:10:36] Main.pas: Line: 20657, *INI설정정보.확인>> D:\Delphi\소스\출입모니터링_1.3.0(최신)\출입모니터링 최신버전 20201105\출입모니터링_1_3_0 완성형 6개_단기정기권추가(2020-11-10)\실행화일\ParkSet.ini
[17:10:36] Main.pas: Line: 20667, [ini]>> 입차LPR수(1), 출차LPR수(0)
[17:10:36] Main.pas: Line: 20675, [ini]>> DB, IP(10.22.30.20,42130), ID(sa), PW(nexpa1234), Name(PARKING_1.3.0)
[17:10:36] Main.pas: Line: 20682, [ini]>> LPR이미지폴더(C:\LPRImage)
[17:10:36] Main.pas: Line: 20689, [ini]>> Host, IP(127.0.0.1),Port(10000)
[17:10:36] Main.pas: Line: 20708, [ini]>> Home, IP(127.0.0.1),Port(15010),홈넷(1),Ver(1),ID(wiju),PW(wiju1234)
[17:10:36] Main.pas: Line: 20711, [ini]>> HomeNET, IP(),Port(25008)
[17:10:36] Main.pas: Line: 20728, [ini]>> 차단기제어여부(1), 차단기제어(3)
[17:13:28] Program Close
**************************************************************
[17:13:55] Program Start! (Ver_1.3.3.51)
[17:13:55] 홈넷예외LPR:
[17:13:55] [DB저장 모드]
[17:13:55] TfrmMain.btnModeClick: 유인운영
[17:13:56] 비로그인
[17:13:56] 설치된 입구보조 LPR이 없음!
[17:13:56] 설치된 출구보조 LPR이 없음!
[17:13:56] 설치된 출구 LPR이 없음!
[17:13:56] 설치된 입구전광판이 없음!
[17:13:56] 설치된 출구전광판이 없음!
[17:13:56] 전광판재접속 쓰레드시작
[17:13:57] 정기권연동 쓰레드시작
[17:13:57] Main.pas: Line: 20657, *INI설정정보.확인>> D:\Delphi\소스\출입모니터링_1.3.0(최신)\출입모니터링 최신버전 20201105\출입모니터링_1_3_0 완성형 6개_단기정기권추가(2020-11-10)\실행화일\ParkSet.ini
[17:13:57] Main.pas: Line: 20667, [ini]>> 입차LPR수(1), 출차LPR수(0)
[17:13:57] Main.pas: Line: 20675, [ini]>> DB, IP(10.22.30.20,42130), ID(sa), PW(nexpa1234), Name(PARKING_1.3.0)
[17:13:57] Main.pas: Line: 20682, [ini]>> LPR이미지폴더(C:\LPRImage)
[17:13:57] Main.pas: Line: 20689, [ini]>> Host, IP(127.0.0.1),Port(10000)
[17:13:57] Main.pas: Line: 20708, [ini]>> Home, IP(127.0.0.1),Port(15010),홈넷(1),Ver(1),ID(wiju),PW(wiju1234)
[17:13:57] Main.pas: Line: 20711, [ini]>> HomeNET, IP(),Port(25008)
[17:13:57] Main.pas: Line: 20728, [ini]>> 차단기제어여부(1), 차단기제어(3)
[17:13:57] csInLpr1 접속성공
**************************************************************
[17:15:48] Program Start! (Ver_1.3.3.51)
[17:15:48] 홈넷예외LPR:
[17:15:48] [DB저장 모드]
[17:15:48] TfrmMain.btnModeClick: 유인운영
[17:15:48] 비로그인
[17:15:48] 설치된 입구보조 LPR이 없음!
[17:15:48] 설치된 출구보조 LPR이 없음!
[17:15:48] 설치된 출구 LPR이 없음!
[17:15:48] 설치된 입구전광판이 없음!
[17:15:48] 설치된 출구전광판이 없음!
[17:15:49] csInLpr1 접속성공
[17:15:49] LPR재접속 쓰레드시작
[17:15:49] 전광판재접속 쓰레드시작
[17:15:49] 정기권연동 쓰레드시작
[17:15:49] Main.pas: Line: 20657, *INI설정정보.확인>> D:\Delphi\소스\출입모니터링_1.3.0(최신)\출입모니터링 최신버전 20201105\출입모니터링_1_3_0 완성형 6개_단기정기권추가(2020-11-10)\실행화일\ParkSet.ini
[17:15:49] Main.pas: Line: 20667, [ini]>> 입차LPR수(1), 출차LPR수(0)
[17:15:49] Main.pas: Line: 20675, [ini]>> DB, IP(10.22.30.20,42130), ID(sa), PW(nexpa1234), Name(PARKING_1.3.0)
[17:15:49] Main.pas: Line: 20682, [ini]>> LPR이미지폴더(C:\LPRImage)
[17:15:49] Main.pas: Line: 20689, [ini]>> Host, IP(127.0.0.1),Port(10000)
[17:15:49] Main.pas: Line: 20708, [ini]>> Home, IP(127.0.0.1),Port(15010),홈넷(1),Ver(1),ID(wiju),PW(wiju1234)
[17:15:49] Main.pas: Line: 20711, [ini]>> HomeNET, IP(),Port(25008)
[17:15:49] Main.pas: Line: 20728, [ini]>> 차단기제어여부(1), 차단기제어(3)
[17:16:00] Program Close
**************************************************************
[17:18:03] Program Start! (Ver_1.3.3.51)
[17:18:03] 홈넷예외LPR:
[17:18:03] [DB저장 모드]
[17:18:03] TfrmMain.btnModeClick: 유인운영
[17:18:04] 비로그인
[17:18:04] 설치된 입구보조 LPR이 없음!
[17:18:04] 설치된 출구보조 LPR이 없음!
[17:18:04] 설치된 출구 LPR이 없음!
[17:18:04] 설치된 입구전광판이 없음!
[17:18:04] 설치된 출구전광판이 없음!
[17:18:04] csInLpr1 접속성공
[17:18:04] LPR재접속 쓰레드시작
[17:18:04] 전광판재접속 쓰레드시작
[17:18:04] 정기권연동 쓰레드시작
[17:18:04] Main.pas: Line: 20657, *INI설정정보.확인>> D:\Delphi\소스\출입모니터링_1.3.0(최신)\출입모니터링 최신버전 20201105\출입모니터링_1_3_0 완성형 6개_단기정기권추가(2020-11-10)\실행화일\ParkSet.ini
[17:18:04] Main.pas: Line: 20667, [ini]>> 입차LPR수(1), 출차LPR수(0)
[17:18:04] Main.pas: Line: 20675, [ini]>> DB, IP(10.22.30.20,42130), ID(sa), PW(nexpa1234), Name(PARKING_1.3.0)
[17:18:04] Main.pas: Line: 20682, [ini]>> LPR이미지폴더(C:\LPRImage)
[17:18:04] Main.pas: Line: 20689, [ini]>> Host, IP(127.0.0.1),Port(10000)
[17:18:04] Main.pas: Line: 20708, [ini]>> Home, IP(127.0.0.1),Port(15010),홈넷(1),Ver(1),ID(wiju),PW(wiju1234)
[17:18:04] Main.pas: Line: 20711, [ini]>> HomeNET, IP(),Port(25008)
[17:18:05] Main.pas: Line: 20728, [ini]>> 차단기제어여부(1), 차단기제어(3)
[17:18:13] Program Close
**************************************************************
[17:18:27] Program Start! (Ver_1.3.3.51)
[17:18:27] 홈넷예외LPR:
[17:18:27] [DB저장 모드]
[17:18:27] TfrmMain.btnModeClick: 유인운영
[17:18:28] 비로그인
[17:18:28] 설치된 입구보조 LPR이 없음!
[17:18:28] 설치된 출구보조 LPR이 없음!
[17:18:28] 설치된 출구 LPR이 없음!
[17:18:28] 설치된 입구전광판이 없음!
[17:18:28] 설치된 출구전광판이 없음!
[17:18:28] LPR재접속 쓰레드시작
[17:18:28] 전광판재접속 쓰레드시작
[17:18:29] Main.pas: Line: 20657, *INI설정정보.확인>> D:\Delphi\소스\출입모니터링_1.3.0(최신)\출입모니터링 최신버전 20201105\출입모니터링_1_3_0 완성형 6개_단기정기권추가(2020-11-10)\실행화일\ParkSet.ini
[17:18:29] Main.pas: Line: 20667, [ini]>> 입차LPR수(1), 출차LPR수(0)
[17:18:29] Main.pas: Line: 20675, [ini]>> DB, IP(10.22.30.20,42130), ID(sa), PW(nexpa1234), Name(PARKING_1.3.0)
[17:18:29] Main.pas: Line: 20682, [ini]>> LPR이미지폴더(C:\LPRImage)
[17:18:29] Main.pas: Line: 20689, [ini]>> Host, IP(127.0.0.1),Port(10000)
[17:18:29] Main.pas: Line: 20708, [ini]>> Home, IP(127.0.0.1),Port(15010),홈넷(1),Ver(1),ID(wiju),PW(wiju1234)
[17:18:29] Main.pas: Line: 20711, [ini]>> HomeNET, IP(),Port(25008)
[17:18:29] Main.pas: Line: 20728, [ini]>> 차단기제어여부(1), 차단기제어(3)
[17:18:29] csInLpr1 접속성공
**************************************************************
[17:19:36] Program Start! (Ver_1.3.3.51)
[17:19:36] 홈넷예외LPR:
[17:19:36] [DB저장 모드]
[17:19:36] TfrmMain.btnModeClick: 유인운영
[17:19:37] 비로그인
[17:19:37] 설치된 입구보조 LPR이 없음!
[17:19:37] 설치된 출구보조 LPR이 없음!
[17:19:37] 설치된 출구 LPR이 없음!
[17:19:37] 설치된 입구전광판이 없음!
[17:19:37] 설치된 출구전광판이 없음!
[17:19:37] csInLpr1 접속성공
[17:19:38] LPR재접속 쓰레드시작
[17:19:38] 전광판재접속 쓰레드시작
[17:19:38] 정기권연동 쓰레드시작
[17:19:38] Main.pas: Line: 20657, *INI설정정보.확인>> D:\Delphi\소스\출입모니터링_1.3.0(최신)\출입모니터링 최신버전 20201105\출입모니터링_1_3_0 완성형 6개_단기정기권추가(2020-11-10)\실행화일\ParkSet.ini
[17:19:38] Main.pas: Line: 20667, [ini]>> 입차LPR수(1), 출차LPR수(0)
[17:19:38] Main.pas: Line: 20675, [ini]>> DB, IP(10.22.30.20,42130), ID(sa), PW(nexpa1234), Name(PARKING_1.3.0)
[17:19:38] Main.pas: Line: 20682, [ini]>> LPR이미지폴더(C:\LPRImage)
[17:19:38] Main.pas: Line: 20689, [ini]>> Host, IP(127.0.0.1),Port(10000)
[17:19:38] Main.pas: Line: 20708, [ini]>> Home, IP(127.0.0.1),Port(15010),홈넷(1),Ver(1),ID(wiju),PW(wiju1234)
[17:19:38] Main.pas: Line: 20711, [ini]>> HomeNET, IP(),Port(25008)
[17:19:38] Main.pas: Line: 20728, [ini]>> 차단기제어여부(1), 차단기제어(3)
[17:19:43] Program Close
**************************************************************
[17:20:03] Program Start! (Ver_1.3.3.51)
[17:20:03] 홈넷예외LPR:
[17:20:03] [DB저장 모드]
[17:20:03] TfrmMain.btnModeClick: 유인운영
[17:20:03] 비로그인
[17:20:04] 설치된 입구보조 LPR이 없음!
[17:20:04] 설치된 출구보조 LPR이 없음!
[17:20:04] 설치된 출구 LPR이 없음!
[17:20:04] 설치된 입구전광판이 없음!
[17:20:04] 설치된 출구전광판이 없음!
[17:20:04] csInLpr1 접속성공
[17:20:13] Main.pas: Line: 22690, Socket Error # 10061
Connection refused.
[17:20:13] 정기권연동 쓰레드시작
[17:20:13] Main.pas: Line: 20657, *INI설정정보.확인>> D:\Delphi\소스\출입모니터링_1.3.0(최신)\출입모니터링 최신버전 20201105\출입모니터링_1_3_0 완성형 6개_단기정기권추가(2020-11-10)\실행화일\ParkSet.ini
[17:20:13] Main.pas: Line: 20667, [ini]>> 입차LPR수(1), 출차LPR수(0)
[17:20:13] Main.pas: Line: 20675, [ini]>> DB, IP(10.22.30.20,42130), ID(sa), PW(nexpa1234), Name(PARKING_1.3.0)
[17:20:13] Main.pas: Line: 20682, [ini]>> LPR이미지폴더(C:\LPRImage)
[17:20:13] Main.pas: Line: 20689, [ini]>> Host, IP(127.0.0.1),Port(10000)
[17:20:13] Main.pas: Line: 20708, [ini]>> Home, IP(127.0.0.1),Port(29500),홈넷(1),Ver(1),ID(wiju),PW(wiju1234)
[17:20:13] Main.pas: Line: 20711, [ini]>> HomeNET, IP(),Port(25008)
[17:20:13] Main.pas: Line: 20728, [ini]>> 차단기제어여부(1), 차단기제어(3)
[17:20:16] Program Close
**************************************************************
[17:20:21] Program Start! (Ver_1.3.3.51)
[17:20:21] 홈넷예외LPR:
[17:20:21] [DB저장 모드]
[17:20:21] TfrmMain.btnModeClick: 유인운영
[17:20:21] 비로그인
[17:20:22] 설치된 입구보조 LPR이 없음!
[17:20:22] 설치된 출구보조 LPR이 없음!
[17:20:22] 설치된 출구 LPR이 없음!
[17:20:22] 설치된 입구전광판이 없음!
[17:20:22] 설치된 출구전광판이 없음!
[17:20:22] LPR재접속 쓰레드시작
[17:20:22] 전광판재접속 쓰레드시작
[17:20:22] 정기권연동 쓰레드시작
[17:20:22] Main.pas: Line: 20657, *INI설정정보.확인>> D:\Delphi\소스\출입모니터링_1.3.0(최신)\출입모니터링 최신버전 20201105\출입모니터링_1_3_0 완성형 6개_단기정기권추가(2020-11-10)\실행화일\ParkSet.ini
[17:20:22] Main.pas: Line: 20667, [ini]>> 입차LPR수(1), 출차LPR수(0)
[17:20:22] Main.pas: Line: 20675, [ini]>> DB, IP(10.22.30.20,42130), ID(sa), PW(nexpa1234), Name(PARKING_1.3.0)
[17:20:22] Main.pas: Line: 20682, [ini]>> LPR이미지폴더(C:\LPRImage)
[17:20:22] Main.pas: Line: 20689, [ini]>> Host, IP(127.0.0.1),Port(10000)
[17:20:22] Main.pas: Line: 20708, [ini]>> Home, IP(127.0.0.1),Port(29500),홈넷(1),Ver(1),ID(wiju),PW(wiju1234)
[17:20:22] Main.pas: Line: 20711, [ini]>> HomeNET, IP(),Port(25008)
[17:20:22] Main.pas: Line: 20728, [ini]>> 차단기제어여부(1), 차단기제어(3)
[17:20:23] csInLpr1 접속성공
[17:20:31] Program Close
**************************************************************
[17:21:16] Program Start! (Ver_1.3.3.51)
[17:21:16] 홈넷예외LPR:
[17:21:16] [DB저장 모드]
[17:21:16] TfrmMain.btnModeClick: 유인운영
[17:21:17] 비로그인
[17:21:17] 설치된 입구보조 LPR이 없음!
[17:21:17] 설치된 출구보조 LPR이 없음!
[17:21:17] 설치된 출구 LPR이 없음!
[17:21:17] 설치된 입구전광판이 없음!
[17:21:17] 설치된 출구전광판이 없음!
[17:21:25] csInLpr1 접속성공
[17:21:25] LPR재접속 쓰레드시작
[17:21:26] 전광판재접속 쓰레드시작
[17:21:26] 정기권연동 쓰레드시작
[17:21:26] Main.pas: Line: 20657, *INI설정정보.확인>> D:\Delphi\소스\출입모니터링_1.3.0(최신)\출입모니터링 최신버전 20201105\출입모니터링_1_3_0 완성형 6개_단기정기권추가(2020-11-10)\실행화일\ParkSet.ini
[17:21:26] Main.pas: Line: 20667, [ini]>> 입차LPR수(1), 출차LPR수(0)
[17:21:26] Main.pas: Line: 20675, [ini]>> DB, IP(10.22.30.20,42130), ID(sa), PW(nexpa1234), Name(PARKING_1.3.0)
[17:21:26] Main.pas: Line: 20682, [ini]>> LPR이미지폴더(C:\LPRImage)
[17:21:26] Main.pas: Line: 20689, [ini]>> Host, IP(127.0.0.1),Port(10000)
[17:21:26] Main.pas: Line: 20708, [ini]>> Home, IP(127.0.0.1),Port(29500),홈넷(1),Ver(1),ID(wiju),PW(wiju1234)
[17:21:26] Main.pas: Line: 20711, [ini]>> HomeNET, IP(),Port(25008)
[17:21:26] Main.pas: Line: 20728, [ini]>> 차단기제어여부(1), 차단기제어(3)
[17:21:38] Program Close
**************************************************************
[17:22:50] Program Start! (Ver_1.3.3.51)
[17:22:50] 홈넷예외LPR:
[17:22:50] [DB저장 모드]
[17:22:50] TfrmMain.btnModeClick: 유인운영
[17:22:50] 비로그인
[17:22:51] 설치된 입구보조 LPR이 없음!
[17:22:51] 설치된 출구보조 LPR이 없음!
[17:22:51] 설치된 출구 LPR이 없음!
[17:22:51] 설치된 입구전광판이 없음!
[17:22:51] 설치된 출구전광판이 없음!
[17:22:51] LPR재접속 쓰레드시작
[17:22:51] 전광판재접속 쓰레드시작
[17:22:51] 정기권연동 쓰레드시작
[17:22:51] Main.pas: Line: 20657, *INI설정정보.확인>> D:\Delphi\소스\출입모니터링_1.3.0(최신)\출입모니터링 최신버전 20201105\출입모니터링_1_3_0 완성형 6개_단기정기권추가(2020-11-10)\실행화일\ParkSet.ini
[17:22:51] Main.pas: Line: 20667, [ini]>> 입차LPR수(1), 출차LPR수(0)
[17:22:51] Main.pas: Line: 20675, [ini]>> DB, IP(10.22.30.20,42130), ID(sa), PW(nexpa1234), Name(PARKING_1.3.0)
[17:22:51] Main.pas: Line: 20682, [ini]>> LPR이미지폴더(C:\LPRImage)
[17:22:51] Main.pas: Line: 20689, [ini]>> Host, IP(127.0.0.1),Port(10000)
[17:22:51] Main.pas: Line: 20708, [ini]>> Home, IP(127.0.0.1),Port(29500),홈넷(1),Ver(1),ID(wiju),PW(wiju1234)
[17:22:51] Main.pas: Line: 20711, [ini]>> HomeNET, IP(),Port(25008)
[17:22:51] Main.pas: Line: 20728, [ini]>> 차단기제어여부(1), 차단기제어(3)
[17:22:52] csInLpr1 접속성공
[17:22:57] idTSExecute IP : 127.0.0.1, Port : 65372
[17:22:57] idTSExecute recv: 00000000Type=PARKING&Dong=1301&Ho=301&CarNo=40도9944&Key=123456&InOut=VISIT_DEL
[17:22:57] HD_RequestProcess : Start
[17:22:57] HD_VisitDelProcess : Start
[17:22:57] HD_VisitDelProcess : End
[17:22:57] 방문자 차량 취소 : 40도9944
[17:22:57] HD_RequestProcess : End
[17:22:57] idTSExecute send: 00000072Type=PARKING&Dong=1301&Ho=301&CarNo=40도9944&&InOut=VISIT_DEL&Return=ok
[17:23:10] Program Close
[17:23:11] IdTS_HyunDaiDisconnect
**************************************************************
[17:24:37] Program Start! (Ver_1.3.3.51)
[17:24:37] 홈넷예외LPR:
[17:24:37] [DB저장 모드]
[17:24:37] TfrmMain.btnModeClick: 유인운영
[17:24:38] 비로그인
[17:24:38] 설치된 입구보조 LPR이 없음!
[17:24:38] 설치된 출구보조 LPR이 없음!
[17:24:38] 설치된 출구 LPR이 없음!
[17:24:38] 설치된 입구전광판이 없음!
[17:24:38] 설치된 출구전광판이 없음!
[17:24:38] LPR재접속 쓰레드시작
[17:24:39] 전광판재접속 쓰레드시작
[17:24:39] Main.pas: Line: 20657, *INI설정정보.확인>> D:\Delphi\소스\출입모니터링_1.3.0(최신)\출입모니터링 최신버전 20201105\출입모니터링_1_3_0 완성형 6개_단기정기권추가(2020-11-10)\실행화일\ParkSet.ini
[17:24:39] Main.pas: Line: 20667, [ini]>> 입차LPR수(1), 출차LPR수(0)
[17:24:39] Main.pas: Line: 20675, [ini]>> DB, IP(10.22.30.20,42130), ID(sa), PW(nexpa1234), Name(PARKING_1.3.0)
[17:24:39] Main.pas: Line: 20682, [ini]>> LPR이미지폴더(C:\LPRImage)
[17:24:39] Main.pas: Line: 20689, [ini]>> Host, IP(127.0.0.1),Port(10000)
[17:24:39] Main.pas: Line: 20708, [ini]>> Home, IP(127.0.0.1),Port(29500),홈넷(1),Ver(1),ID(wiju),PW(wiju1234)
[17:24:39] Main.pas: Line: 20711, [ini]>> HomeNET, IP(),Port(25008)
[17:24:39] Main.pas: Line: 20728, [ini]>> 차단기제어여부(1), 차단기제어(3)
[17:24:40] csInLpr1 접속성공
[17:24:49] idTSExecute IP : 127.0.0.1, Port : 65412
[17:24:49] idTSExecute recv: 00000000Type=PARKING&Dong=601&Ho=101&CarNo=&DateTime=&InOut=VISIT_LIST
[17:24:49] HD_RequestProcess : Start
[17:24:49] HD_VisitListProcess : Start
[17:24:49] HD_VisitListProcess : 리스트 없음
[17:24:49] 방문자 리스트 요청
[17:24:49] HD_RequestProcess : End
[17:24:49] idTSExecute send: 00000090Type=PARKING&Dong=601&Ho=101&CarNo=&DateTime=&DateTimeEnd=&InOut=VISIT_LIST&Key=&Return=ok
[17:24:56] IdTS_HyunDaiDisconnect
[17:24:59] Program Close
