**************************************************************
[15:39:45] Program Start! (Ver_1.3.3.51)
[15:39:45] 홈넷예외LPR:
[15:39:45] [DB저장 모드]
[15:39:45] TfrmMain.btnModeClick: 유인운영
[15:39:46] 비로그인
[15:39:46] 설치된 출구보조 LPR이 없음!
[15:39:46] 설치된 출구 LPR이 없음!
[15:39:46] 설치된 입구전광판이 없음!
[15:39:46] 설치된 출구전광판이 없음!
[15:39:50] Main.pas: Line: 29041, 로그인에서 요청한 데이터베이스 "daelim"을(를) 열 수 없습니다. 로그인이 실패했습니다
[15:39:51] 정기권연동 쓰레드시작
[15:39:51] Main.pas: Line: 26896, *INI설정정보.확인>> D:\Delphi\소스\출입모니터링_1.3.0(최신)\출입모니터링 최신버전 20201105\출입모니터링_1_3_0 완성형 6개_단기정기권추가(2020-11-10)\실행화일\ParkSet.ini
[15:39:51] Main.pas: Line: 26906, [ini]>> 입차LPR수(1), 출차LPR수(0)
[15:39:51] Main.pas: Line: 26914, [ini]>> DB, IP(10.22.30.20,42130), ID(sa), PW(nexpa1234), Name(PARKING_1.3.0)
[15:39:51] Main.pas: Line: 26921, [ini]>> LPR이미지폴더(C:\LPRImage)
[15:39:51] Main.pas: Line: 26928, [ini]>> Host, IP(127.0.0.1),Port(10000)
[15:39:51] Main.pas: Line: 26940, [ini]>> Home, IP(127.0.0.1),Port(15010),홈넷(4),Ver(1),ID(wiju),PW(wiju1234)
[15:39:51] Main.pas: Line: 26943, [ini]>> HomeNET, IP(),Port(25008)
[15:39:51] Main.pas: Line: 26961, [ini]>> 차단기제어여부(1), 차단기제어(3)
[15:39:51] csInLpr1 접속성공
[15:39:51] [subcsInLpr1] 10.22.30.20:2200 접속성공
[15:39:53] Program Close
**************************************************************
[15:40:24] Program Start! (Ver_1.3.3.51)
[15:40:24] 홈넷예외LPR:
[15:40:24] [DB저장 모드]
[15:40:25] TfrmMain.btnModeClick: 유인운영
[15:40:25] 비로그인
[15:40:25] 설치된 출구보조 LPR이 없음!
[15:40:25] 설치된 출구 LPR이 없음!
[15:40:25] 설치된 입구전광판이 없음!
[15:40:25] 설치된 출구전광판이 없음!
[15:40:25] LPR재접속 쓰레드시작
[15:40:25] 전광판재접속 쓰레드시작
[15:40:26] 정기권연동 쓰레드시작
[15:40:26] Main.pas: Line: 26896, *INI설정정보.확인>> D:\Delphi\소스\출입모니터링_1.3.0(최신)\출입모니터링 최신버전 20201105\출입모니터링_1_3_0 완성형 6개_단기정기권추가(2020-11-10)\실행화일\ParkSet.ini
[15:40:26] Main.pas: Line: 26906, [ini]>> 입차LPR수(1), 출차LPR수(0)
[15:40:26] Main.pas: Line: 26914, [ini]>> DB, IP(10.22.30.20,42130), ID(sa), PW(nexpa1234), Name(PARKING_1.3.0)
[15:40:26] Main.pas: Line: 26921, [ini]>> LPR이미지폴더(C:\LPRImage)
[15:40:26] Main.pas: Line: 26928, [ini]>> Host, IP(127.0.0.1),Port(10000)
[15:40:26] Main.pas: Line: 26940, [ini]>> Home, IP(127.0.0.1),Port(15010),홈넷(4),Ver(1),ID(wiju),PW(wiju1234)
[15:40:26] Main.pas: Line: 26943, [ini]>> HomeNET, IP(),Port(25008)
[15:40:26] Main.pas: Line: 26961, [ini]>> 차단기제어여부(1), 차단기제어(3)
[15:40:26] csInLpr1 접속성공
[15:40:26] [subcsInLpr1] 10.22.30.20:2200 접속성공
**************************************************************
[15:41:44] Program Start! (Ver_1.3.3.51)
[15:41:44] 홈넷예외LPR:
[15:41:44] [DB저장 모드]
[15:41:44] TfrmMain.btnModeClick: 유인운영
[15:41:45] 비로그인
[15:41:45] 설치된 출구보조 LPR이 없음!
[15:41:45] 설치된 출구 LPR이 없음!
[15:41:45] 설치된 입구전광판이 없음!
[15:41:45] 설치된 출구전광판이 없음!
[15:41:45] LPR재접속 쓰레드시작
[15:41:45] 전광판재접속 쓰레드시작
[15:41:45] 정기권연동 쓰레드시작
[15:41:45] Main.pas: Line: 26896, *INI설정정보.확인>> D:\Delphi\소스\출입모니터링_1.3.0(최신)\출입모니터링 최신버전 20201105\출입모니터링_1_3_0 완성형 6개_단기정기권추가(2020-11-10)\실행화일\ParkSet.ini
[15:41:45] Main.pas: Line: 26906, [ini]>> 입차LPR수(1), 출차LPR수(0)
[15:41:45] Main.pas: Line: 26914, [ini]>> DB, IP(10.22.30.20,42130), ID(sa), PW(nexpa1234), Name(PARKING_1.3.0)
[15:41:45] Main.pas: Line: 26921, [ini]>> LPR이미지폴더(C:\LPRImage)
[15:41:45] Main.pas: Line: 26928, [ini]>> Host, IP(127.0.0.1),Port(10000)
[15:41:45] Main.pas: Line: 26940, [ini]>> Home, IP(127.0.0.1),Port(15010),홈넷(4),Ver(1),ID(wiju),PW(wiju1234)
[15:41:45] Main.pas: Line: 26943, [ini]>> HomeNET, IP(),Port(25008)
[15:41:46] Main.pas: Line: 26961, [ini]>> 차단기제어여부(1), 차단기제어(3)
[15:41:46] [subcsInLpr1] 10.22.30.20:2200 접속성공
[15:41:46] csInLpr1 접속성공
[15:45:20] 계영 DB 연결 확인
**************************************************************
[15:47:31] Program Start! (Ver_1.3.3.51)
[15:47:31] 홈넷예외LPR:
[15:47:31] [DB저장 모드]
[15:47:31] TfrmMain.btnModeClick: 유인운영
[15:47:31] 비로그인
[15:47:31] 설치된 출구보조 LPR이 없음!
[15:47:31] 설치된 출구 LPR이 없음!
[15:47:31] 설치된 입구전광판이 없음!
[15:47:31] 설치된 출구전광판이 없음!
[15:47:32] LPR재접속 쓰레드시작
[15:47:32] 전광판재접속 쓰레드시작
[15:47:32] 정기권연동 쓰레드시작
[15:47:32] Main.pas: Line: 26896, *INI설정정보.확인>> D:\Delphi\소스\출입모니터링_1.3.0(최신)\출입모니터링 최신버전 20201105\출입모니터링_1_3_0 완성형 6개_단기정기권추가(2020-11-10)\실행화일\ParkSet.ini
[15:47:32] Main.pas: Line: 26906, [ini]>> 입차LPR수(1), 출차LPR수(0)
[15:47:32] Main.pas: Line: 26914, [ini]>> DB, IP(10.22.30.20,42130), ID(sa), PW(nexpa1234), Name(PARKING_1.3.0)
[15:47:32] Main.pas: Line: 26921, [ini]>> LPR이미지폴더(C:\LPRImage)
[15:47:32] Main.pas: Line: 26928, [ini]>> Host, IP(127.0.0.1),Port(10000)
[15:47:32] Main.pas: Line: 26940, [ini]>> Home, IP(127.0.0.1),Port(15010),홈넷(4),Ver(1),ID(wiju),PW(wiju1234)
[15:47:32] Main.pas: Line: 26943, [ini]>> HomeNET, IP(),Port(25008)
[15:47:32] Main.pas: Line: 26961, [ini]>> 차단기제어여부(1), 차단기제어(3)
[15:47:33] csInLpr1 접속성공
[15:47:33] [subcsInLpr1] 10.22.30.20:2200 접속성공
**************************************************************
[15:49:43] Program Start! (Ver_1.3.3.51)
[15:49:43] 홈넷예외LPR:
[15:49:43] [DB저장 모드]
[15:49:43] TfrmMain.btnModeClick: 유인운영
[15:49:44] 비로그인
[15:49:44] 설치된 출구보조 LPR이 없음!
[15:49:44] 설치된 출구 LPR이 없음!
[15:49:44] 설치된 입구전광판이 없음!
[15:49:44] 설치된 출구전광판이 없음!
[15:49:44] LPR재접속 쓰레드시작
[15:49:44] 전광판재접속 쓰레드시작
[15:49:45] 정기권연동 쓰레드시작
[15:49:45] Main.pas: Line: 26896, *INI설정정보.확인>> D:\Delphi\소스\출입모니터링_1.3.0(최신)\출입모니터링 최신버전 20201105\출입모니터링_1_3_0 완성형 6개_단기정기권추가(2020-11-10)\실행화일\ParkSet.ini
[15:49:45] Main.pas: Line: 26906, [ini]>> 입차LPR수(1), 출차LPR수(0)
[15:49:45] Main.pas: Line: 26914, [ini]>> DB, IP(10.22.30.20,42130), ID(sa), PW(nexpa1234), Name(PARKING_1.3.0)
[15:49:45] Main.pas: Line: 26921, [ini]>> LPR이미지폴더(C:\LPRImage)
[15:49:45] Main.pas: Line: 26928, [ini]>> Host, IP(127.0.0.1),Port(10000)
[15:49:45] Main.pas: Line: 26940, [ini]>> Home, IP(127.0.0.1),Port(15010),홈넷(4),Ver(1),ID(wiju),PW(wiju1234)
[15:49:45] Main.pas: Line: 26943, [ini]>> HomeNET, IP(),Port(25008)
[15:49:45] Main.pas: Line: 26961, [ini]>> 차단기제어여부(1), 차단기제어(3)
[15:49:45] csInLpr1 접속성공
[15:49:45] [subcsInLpr1] 10.22.30.20:2200 접속성공
**************************************************************
[16:02:37] Program Start! (Ver_1.3.3.51)
[16:02:37] 홈넷예외LPR:
[16:02:37] [DB저장 모드]
[16:02:37] TfrmMain.btnModeClick: 유인운영
[16:02:37] 비로그인
[16:02:38] 설치된 출구보조 LPR이 없음!
[16:02:38] 설치된 출구 LPR이 없음!
[16:02:38] 설치된 입구전광판이 없음!
[16:02:38] 설치된 출구전광판이 없음!
[16:02:38] LPR재접속 쓰레드시작
[16:02:38] 전광판재접속 쓰레드시작
[16:02:38] 정기권연동 쓰레드시작
[16:02:38] Main.pas: Line: 26896, *INI설정정보.확인>> D:\Delphi\소스\출입모니터링_1.3.0(최신)\출입모니터링 최신버전 20201105\출입모니터링_1_3_0 완성형 6개_단기정기권추가(2020-11-10)\실행화일\ParkSet.ini
[16:02:38] Main.pas: Line: 26906, [ini]>> 입차LPR수(1), 출차LPR수(0)
[16:02:38] Main.pas: Line: 26914, [ini]>> DB, IP(10.22.30.20,42130), ID(sa), PW(nexpa1234), Name(PARKING_1.3.0)
[16:02:38] Main.pas: Line: 26921, [ini]>> LPR이미지폴더(C:\LPRImage)
[16:02:38] Main.pas: Line: 26928, [ini]>> Host, IP(127.0.0.1),Port(10000)
[16:02:38] Main.pas: Line: 26940, [ini]>> Home, IP(127.0.0.1),Port(15010),홈넷(4),Ver(1),ID(wiju),PW(wiju1234)
[16:02:38] Main.pas: Line: 26943, [ini]>> HomeNET, IP(),Port(25008)
[16:02:38] Main.pas: Line: 26961, [ini]>> 차단기제어여부(1), 차단기제어(3)
[16:02:39] csInLpr1 접속성공
[16:02:39] [subcsInLpr1] 10.22.30.20:2200 접속성공
[16:04:25] 계영 DB 연결 확인
**************************************************************
[16:06:42] Program Start! (Ver_1.3.3.51)
[16:06:42] 홈넷예외LPR:
[16:06:42] [DB저장 모드]
[16:06:42] TfrmMain.btnModeClick: 유인운영
[16:06:43] 비로그인
[16:06:43] 설치된 출구보조 LPR이 없음!
[16:06:43] 설치된 출구 LPR이 없음!
[16:06:43] 설치된 입구전광판이 없음!
[16:06:43] 설치된 출구전광판이 없음!
[16:06:43] LPR재접속 쓰레드시작
[16:06:43] 전광판재접속 쓰레드시작
[16:06:44] 정기권연동 쓰레드시작
[16:06:44] Main.pas: Line: 26896, *INI설정정보.확인>> D:\Delphi\소스\출입모니터링_1.3.0(최신)\출입모니터링 최신버전 20201105\출입모니터링_1_3_0 완성형 6개_단기정기권추가(2020-11-10)\실행화일\ParkSet.ini
[16:06:44] Main.pas: Line: 26906, [ini]>> 입차LPR수(1), 출차LPR수(0)
[16:06:44] Main.pas: Line: 26914, [ini]>> DB, IP(10.22.30.20,42130), ID(sa), PW(nexpa1234), Name(PARKING_1.3.0)
[16:06:44] Main.pas: Line: 26921, [ini]>> LPR이미지폴더(C:\LPRImage)
[16:06:44] Main.pas: Line: 26928, [ini]>> Host, IP(127.0.0.1),Port(10000)
[16:06:44] Main.pas: Line: 26940, [ini]>> Home, IP(127.0.0.1),Port(15010),홈넷(4),Ver(1),ID(wiju),PW(wiju1234)
[16:06:44] Main.pas: Line: 26943, [ini]>> HomeNET, IP(),Port(25008)
[16:06:44] Main.pas: Line: 26961, [ini]>> 차단기제어여부(1), 차단기제어(3)
[16:06:44] csInLpr1 접속성공
[16:06:44] [subcsInLpr1] 10.22.30.20:2200 접속성공
**************************************************************
[16:15:30] Program Start! (Ver_1.3.3.51)
[16:15:30] 홈넷예외LPR:
[16:15:30] [DB저장 모드]
[16:15:30] TfrmMain.btnModeClick: 유인운영
[16:15:31] 비로그인
[16:15:31] 설치된 출구보조 LPR이 없음!
[16:15:31] 설치된 출구 LPR이 없음!
[16:15:31] 설치된 입구전광판이 없음!
[16:15:31] 설치된 출구전광판이 없음!
[16:15:31] LPR재접속 쓰레드시작
[16:15:31] 전광판재접속 쓰레드시작
[16:15:31] 정기권연동 쓰레드시작
[16:15:31] Main.pas: Line: 26896, *INI설정정보.확인>> D:\Delphi\소스\출입모니터링_1.3.0(최신)\출입모니터링 최신버전 20201105\출입모니터링_1_3_0 완성형 6개_단기정기권추가(2020-11-10)\실행화일\ParkSet.ini
[16:15:31] Main.pas: Line: 26906, [ini]>> 입차LPR수(1), 출차LPR수(0)
[16:15:31] Main.pas: Line: 26914, [ini]>> DB, IP(10.22.30.20,42130), ID(sa), PW(nexpa1234), Name(PARKING_1.3.0)
[16:15:32] Main.pas: Line: 26921, [ini]>> LPR이미지폴더(C:\LPRImage)
[16:15:32] Main.pas: Line: 26928, [ini]>> Host, IP(127.0.0.1),Port(10000)
[16:15:32] Main.pas: Line: 26940, [ini]>> Home, IP(127.0.0.1),Port(15010),홈넷(4),Ver(1),ID(wiju),PW(wiju1234)
[16:15:32] Main.pas: Line: 26943, [ini]>> HomeNET, IP(),Port(25008)
[16:15:32] Main.pas: Line: 26961, [ini]>> 차단기제어여부(1), 차단기제어(3)
[16:15:32] [subcsInLpr1] 10.22.30.20:2200 접속성공
[16:15:32] csInLpr1 접속성공
**************************************************************
[16:18:21] Program Start! (Ver_1.3.3.51)
[16:18:21] 홈넷예외LPR:
[16:18:21] [DB저장 모드]
[16:18:21] TfrmMain.btnModeClick: 유인운영
[16:18:22] 비로그인
[16:18:22] 설치된 출구보조 LPR이 없음!
[16:18:22] 설치된 출구 LPR이 없음!
[16:18:22] 설치된 입구전광판이 없음!
[16:18:22] 설치된 출구전광판이 없음!
[16:18:22] LPR재접속 쓰레드시작
[16:18:22] 전광판재접속 쓰레드시작
[16:18:23] 정기권연동 쓰레드시작
[16:18:23] Main.pas: Line: 26896, *INI설정정보.확인>> D:\Delphi\소스\출입모니터링_1.3.0(최신)\출입모니터링 최신버전 20201105\출입모니터링_1_3_0 완성형 6개_단기정기권추가(2020-11-10)\실행화일\ParkSet.ini
[16:18:23] Main.pas: Line: 26906, [ini]>> 입차LPR수(1), 출차LPR수(0)
[16:18:23] Main.pas: Line: 26914, [ini]>> DB, IP(10.22.30.20,42130), ID(sa), PW(nexpa1234), Name(PARKING_1.3.0)
[16:18:23] Main.pas: Line: 26921, [ini]>> LPR이미지폴더(C:\LPRImage)
[16:18:23] Main.pas: Line: 26928, [ini]>> Host, IP(127.0.0.1),Port(10000)
[16:18:23] Main.pas: Line: 26940, [ini]>> Home, IP(127.0.0.1),Port(15010),홈넷(4),Ver(1),ID(wiju),PW(wiju1234)
[16:18:23] Main.pas: Line: 26943, [ini]>> HomeNET, IP(),Port(25008)
[16:18:23] Main.pas: Line: 26961, [ini]>> 차단기제어여부(1), 차단기제어(3)
[16:18:23] csInLpr1 접속성공
[16:18:23] [subcsInLpr1] 10.22.30.20:2200 접속성공
[16:19:23] Update rs_visitorcar_resv set cm_date = :N1, tr_flag = 1 where resv_seq = :N2
or resv_seq = :N3
or resv_seq = :N3
or resv_seq = :N3
or resv_seq = :N3
or resv_seq = :N3
or resv_seq = :N3
or resv_seq = :N3
or resv_seq = :N3
or resv_seq = :N3
or resv_seq = :N3
or resv_seq = :N3
or resv_seq = :N3
or resv_seq = :N3
or resv_seq = :N3
or resv_seq = :N3
or resv_seq = :N3
or resv_seq = :N3
or resv_seq = :N3
or resv_seq = :N3
or resv_seq = :N3
or resv_seq = :N3
or resv_seq = :N3
or resv_seq = :N3
or resv_seq = :N3
or resv_seq = :N3
or resv_seq = :N3
or resv_seq = :N3
or resv_seq = :N3
or resv_seq = :N3
or resv_seq = :N3
or resv_seq = :N3
or resv_seq = :N3
or resv_seq = :N3
or resv_seq = :N3
or resv_seq = :N3
or resv_seq = :N3

[16:19:23] 계영 DB 연결 확인
**************************************************************
[16:24:54] Program Start! (Ver_1.3.3.51)
[16:24:54] 홈넷예외LPR:
[16:24:54] [DB저장 모드]
[16:24:54] TfrmMain.btnModeClick: 유인운영
[16:24:54] 비로그인
[16:24:54] 설치된 출구보조 LPR이 없음!
[16:24:54] 설치된 출구 LPR이 없음!
[16:24:54] 설치된 입구전광판이 없음!
[16:24:54] 설치된 출구전광판이 없음!
[16:24:55] LPR재접속 쓰레드시작
[16:24:55] 전광판재접속 쓰레드시작
[16:24:55] 정기권연동 쓰레드시작
[16:24:55] Main.pas: Line: 26896, *INI설정정보.확인>> D:\Delphi\소스\출입모니터링_1.3.0(최신)\출입모니터링 최신버전 20201105\출입모니터링_1_3_0 완성형 6개_단기정기권추가(2020-11-10)\실행화일\ParkSet.ini
[16:24:55] Main.pas: Line: 26906, [ini]>> 입차LPR수(1), 출차LPR수(0)
[16:24:55] Main.pas: Line: 26914, [ini]>> DB, IP(10.22.30.20,42130), ID(sa), PW(nexpa1234), Name(PARKING_1.3.0)
[16:24:55] Main.pas: Line: 26921, [ini]>> LPR이미지폴더(C:\LPRImage)
[16:24:55] Main.pas: Line: 26928, [ini]>> Host, IP(127.0.0.1),Port(10000)
[16:24:55] Main.pas: Line: 26940, [ini]>> Home, IP(127.0.0.1),Port(15010),홈넷(4),Ver(1),ID(wiju),PW(wiju1234)
[16:24:55] Main.pas: Line: 26943, [ini]>> HomeNET, IP(),Port(25008)
[16:24:55] Main.pas: Line: 26961, [ini]>> 차단기제어여부(1), 차단기제어(3)
[16:24:56] [subcsInLpr1] 10.22.30.20:2200 접속성공
[16:24:56] csInLpr1 접속성공
[16:25:56] 계영 DB 연결 확인
[16:26:55] 계영 DB 연결 확인
[16:27:55] 계영 DB 연결 확인
[16:28:44] Program Close
**************************************************************
[16:55:16] Program Start! (Ver_1.3.3.51)
[16:55:16] 홈넷예외LPR:
[16:55:16] [DB저장 모드]
[16:55:16] TfrmMain.btnModeClick: 유인운영
[16:55:17] 비로그인
[16:55:17] 설치된 출구보조 LPR이 없음!
[16:55:17] 설치된 출구 LPR이 없음!
[16:55:17] 설치된 입구전광판이 없음!
[16:55:17] 설치된 출구전광판이 없음!
[16:55:17] LPR재접속 쓰레드시작
[16:55:17] 전광판재접속 쓰레드시작
[16:55:17] 정기권연동 쓰레드시작
[16:55:17] Main.pas: Line: 26896, *INI설정정보.확인>> D:\Delphi\소스\출입모니터링_1.3.0(최신)\출입모니터링 최신버전 20201105\출입모니터링_1_3_0 완성형 6개_단기정기권추가(2020-11-10)\실행화일\ParkSet.ini
[16:55:17] Main.pas: Line: 26906, [ini]>> 입차LPR수(1), 출차LPR수(0)
[16:55:17] Main.pas: Line: 26914, [ini]>> DB, IP(10.22.30.20,42130), ID(sa), PW(nexpa1234), Name(PARKING_1.3.0)
[16:55:17] Main.pas: Line: 26921, [ini]>> LPR이미지폴더(C:\LPRImage)
[16:55:17] Main.pas: Line: 26928, [ini]>> Host, IP(127.0.0.1),Port(10000)
[16:55:17] Main.pas: Line: 26940, [ini]>> Home, IP(127.0.0.1),Port(15010),홈넷(4),Ver(1),ID(wiju),PW(wiju1234)
[16:55:17] Main.pas: Line: 26943, [ini]>> HomeNET, IP(),Port(25008)
[16:55:17] Main.pas: Line: 26961, [ini]>> 차단기제어여부(1), 차단기제어(3)
[16:55:18] csInLpr1 접속성공
[16:55:18] [subcsInLpr1] 10.22.30.20:2200 접속성공
[16:56:17] 계영 DB 연결 확인
**************************************************************
[16:58:52] Program Start! (Ver_1.3.3.51)
[16:58:53] 홈넷예외LPR:
[16:58:53] [DB저장 모드]
[16:58:53] TfrmMain.btnModeClick: 유인운영
[16:58:53] 비로그인
[16:58:53] 설치된 출구보조 LPR이 없음!
[16:58:53] 설치된 출구 LPR이 없음!
[16:58:53] 설치된 입구전광판이 없음!
[16:58:53] 설치된 출구전광판이 없음!
[16:58:54] LPR재접속 쓰레드시작
[16:58:54] 전광판재접속 쓰레드시작
[16:58:54] 정기권연동 쓰레드시작
[16:58:54] Main.pas: Line: 26896, *INI설정정보.확인>> D:\Delphi\소스\출입모니터링_1.3.0(최신)\출입모니터링 최신버전 20201105\출입모니터링_1_3_0 완성형 6개_단기정기권추가(2020-11-10)\실행화일\ParkSet.ini
[16:58:54] Main.pas: Line: 26906, [ini]>> 입차LPR수(1), 출차LPR수(0)
[16:58:54] Main.pas: Line: 26914, [ini]>> DB, IP(10.22.30.20,42130), ID(sa), PW(nexpa1234), Name(PARKING_1.3.0)
[16:58:54] Main.pas: Line: 26921, [ini]>> LPR이미지폴더(C:\LPRImage)
[16:58:54] Main.pas: Line: 26928, [ini]>> Host, IP(127.0.0.1),Port(10000)
[16:58:54] Main.pas: Line: 26940, [ini]>> Home, IP(127.0.0.1),Port(15010),홈넷(4),Ver(1),ID(wiju),PW(wiju1234)
[16:58:54] Main.pas: Line: 26943, [ini]>> HomeNET, IP(),Port(25008)
[16:58:54] Main.pas: Line: 26961, [ini]>> 차단기제어여부(1), 차단기제어(3)
[16:58:55] [subcsInLpr1] 10.22.30.20:2200 접속성공
[16:58:55] csInLpr1 접속성공
[16:59:46] Program Close
**************************************************************
[17:00:38] Program Start! (Ver_1.3.3.51)
[17:00:38] 홈넷예외LPR:
[17:00:38] [DB저장 모드]
[17:00:38] TfrmMain.btnModeClick: 유인운영
[17:00:38] 비로그인
[17:00:38] 설치된 출구보조 LPR이 없음!
[17:00:38] 설치된 출구 LPR이 없음!
[17:00:38] 설치된 입구전광판이 없음!
[17:00:38] 설치된 출구전광판이 없음!
[17:00:39] LPR재접속 쓰레드시작
[17:00:39] 전광판재접속 쓰레드시작
[17:00:39] 정기권연동 쓰레드시작
[17:00:39] Main.pas: Line: 26896, *INI설정정보.확인>> D:\Delphi\소스\출입모니터링_1.3.0(최신)\출입모니터링 최신버전 20201105\출입모니터링_1_3_0 완성형 6개_단기정기권추가(2020-11-10)\실행화일\ParkSet.ini
[17:00:39] Main.pas: Line: 26906, [ini]>> 입차LPR수(1), 출차LPR수(0)
[17:00:39] Main.pas: Line: 26914, [ini]>> DB, IP(10.22.30.20,42130), ID(sa), PW(nexpa1234), Name(PARKING_1.3.0)
[17:00:39] Main.pas: Line: 26921, [ini]>> LPR이미지폴더(C:\LPRImage)
[17:00:39] Main.pas: Line: 26928, [ini]>> Host, IP(127.0.0.1),Port(10000)
[17:00:39] Main.pas: Line: 26940, [ini]>> Home, IP(127.0.0.1),Port(15010),홈넷(4),Ver(1),ID(wiju),PW(wiju1234)
[17:00:39] Main.pas: Line: 26943, [ini]>> HomeNET, IP(),Port(25008)
[17:00:39] Main.pas: Line: 26961, [ini]>> 차단기제어여부(1), 차단기제어(3)
[17:00:40] csInLpr1 접속성공
[17:00:40] [subcsInLpr1] 10.22.30.20:2200 접속성공
[17:01:39] 계영 DB 연결 확인
**************************************************************
[17:15:00] Program Start! (Ver_1.3.3.51)
[17:15:00] 홈넷예외LPR:
[17:15:00] [DB저장 모드]
[17:15:00] TfrmMain.btnModeClick: 유인운영
[17:15:00] 비로그인
[17:15:00] 설치된 출구보조 LPR이 없음!
[17:15:00] 설치된 출구 LPR이 없음!
[17:15:00] 설치된 입구전광판이 없음!
[17:15:00] 설치된 출구전광판이 없음!
[17:15:01] LPR재접속 쓰레드시작
[17:15:01] 전광판재접속 쓰레드시작
[17:15:01] 정기권연동 쓰레드시작
[17:15:01] Main.pas: Line: 26896, *INI설정정보.확인>> D:\Delphi\소스\출입모니터링_1.3.0(최신)\출입모니터링 최신버전 20201105\출입모니터링_1_3_0 완성형 6개_단기정기권추가(2020-11-10)\실행화일\ParkSet.ini
[17:15:01] Main.pas: Line: 26906, [ini]>> 입차LPR수(1), 출차LPR수(0)
[17:15:01] Main.pas: Line: 26914, [ini]>> DB, IP(10.22.30.20,42130), ID(sa), PW(nexpa1234), Name(PARKING_1.3.0)
[17:15:01] Main.pas: Line: 26921, [ini]>> LPR이미지폴더(C:\LPRImage)
[17:15:01] Main.pas: Line: 26928, [ini]>> Host, IP(127.0.0.1),Port(10000)
[17:15:01] Main.pas: Line: 26940, [ini]>> Home, IP(127.0.0.1),Port(15010),홈넷(4),Ver(1),ID(wiju),PW(wiju1234)
[17:15:01] Main.pas: Line: 26943, [ini]>> HomeNET, IP(),Port(25008)
[17:15:01] Main.pas: Line: 26961, [ini]>> 차단기제어여부(1), 차단기제어(3)
[17:15:02] csInLpr1 접속성공
[17:15:02] [subcsInLpr1] 10.22.30.20:2200 접속성공
[17:15:27] Program Close
**************************************************************
[17:19:35] Program Start! (Ver_1.3.3.51)
[17:19:35] 홈넷예외LPR:
[17:19:35] [DB저장 모드]
[17:19:35] TfrmMain.btnModeClick: 유인운영
[17:19:36] 비로그인
[17:19:36] 설치된 출구보조 LPR이 없음!
[17:19:36] 설치된 출구 LPR이 없음!
[17:19:36] 설치된 입구전광판이 없음!
[17:19:36] 설치된 출구전광판이 없음!
[17:19:36] LPR재접속 쓰레드시작
[17:19:36] 전광판재접속 쓰레드시작
[17:19:36] 정기권연동 쓰레드시작
[17:19:36] Main.pas: Line: 26896, *INI설정정보.확인>> D:\Delphi\소스\출입모니터링_1.3.0(최신)\출입모니터링 최신버전 20201105\출입모니터링_1_3_0 완성형 6개_단기정기권추가(2020-11-10)\실행화일\ParkSet.ini
[17:19:36] Main.pas: Line: 26906, [ini]>> 입차LPR수(1), 출차LPR수(0)
[17:19:36] Main.pas: Line: 26914, [ini]>> DB, IP(10.22.30.20,42130), ID(sa), PW(nexpa1234), Name(PARKING_1.3.0)
[17:19:36] Main.pas: Line: 26921, [ini]>> LPR이미지폴더(C:\LPRImage)
[17:19:36] Main.pas: Line: 26928, [ini]>> Host, IP(127.0.0.1),Port(10000)
[17:19:36] Main.pas: Line: 26940, [ini]>> Home, IP(127.0.0.1),Port(15010),홈넷(4),Ver(1),ID(wiju),PW(wiju1234)
[17:19:36] Main.pas: Line: 26943, [ini]>> HomeNET, IP(),Port(25008)
[17:19:36] Main.pas: Line: 26961, [ini]>> 차단기제어여부(1), 차단기제어(3)
[17:19:37] csInLpr1 접속성공
[17:19:37] [subcsInLpr1] 10.22.30.20:2200 접속성공
**************************************************************
[17:54:26] Program Start! (Ver_1.3.3.51)
[17:54:26] 홈넷예외LPR:
[17:54:26] [DB저장 모드]
[17:54:26] TfrmMain.btnModeClick: 유인운영
[17:54:27] 비로그인
[17:54:27] 설치된 출구보조 LPR이 없음!
[17:54:27] 설치된 출구 LPR이 없음!
[17:54:27] 설치된 입구전광판이 없음!
[17:54:27] 설치된 출구전광판이 없음!
[17:54:28] LPR재접속 쓰레드시작
[17:54:28] 전광판재접속 쓰레드시작
[17:54:28] 정기권연동 쓰레드시작
[17:54:28] Main.pas: Line: 26896, *INI설정정보.확인>> D:\Delphi\소스\출입모니터링_1.3.0(최신)\출입모니터링 최신버전 20201105\출입모니터링_1_3_0 완성형 6개_단기정기권추가(2020-11-10)\실행화일\ParkSet.ini
[17:54:28] Main.pas: Line: 26906, [ini]>> 입차LPR수(1), 출차LPR수(0)
[17:54:28] Main.pas: Line: 26914, [ini]>> DB, IP(10.22.30.20,42130), ID(sa), PW(nexpa1234), Name(PARKING_1.3.0)
[17:54:28] Main.pas: Line: 26921, [ini]>> LPR이미지폴더(C:\LPRImage)
[17:54:28] Main.pas: Line: 26928, [ini]>> Host, IP(127.0.0.1),Port(10000)
[17:54:28] Main.pas: Line: 26940, [ini]>> Home, IP(127.0.0.1),Port(15010),홈넷(4),Ver(1),ID(wiju),PW(wiju1234)
[17:54:28] Main.pas: Line: 26943, [ini]>> HomeNET, IP(),Port(25008)
[17:54:28] Main.pas: Line: 26961, [ini]>> 차단기제어여부(1), 차단기제어(3)
[17:54:29] csInLpr1 접속성공
[17:54:29] [subcsInLpr1] 10.22.30.20:2200 접속성공
[17:55:28] 계영 DB 연결 확인
