**************************************************************
[15:34:38] Program Start! (Ver_1.3.3.52)
[15:34:38] 홈넷예외LPR:
[15:34:38] [DB저장 모드]
[15:34:38] TfrmMain.btnModeClick: 유인운영
[15:34:39] 비로그인
[15:34:39] 설치된 입구보조 LPR이 없음!
[15:34:39] 설치된 출구보조 LPR이 없음!
[15:34:39] 설치된 출구 LPR이 없음!
[15:34:39] 설치된 입구전광판이 없음!
[15:34:39] 설치된 출구전광판이 없음!
[15:34:39] LPR재접속 쓰레드시작
[15:34:40] 전광판재접속 쓰레드시작
[15:34:40] 정기권연동 쓰레드시작
[15:34:40] Main.pas: Line: 28538, *INI설정정보.확인>> D:\Delphi\소스\출입모니터링_1.3.0(최신)\출입모니터링 최신버전 20201105\출입모니터링_1_3_0 완성형 6개_단기정기권추가(2020-11-10)\실행화일\ParkSet.ini
[15:34:40] Main.pas: Line: 28548, [ini]>> 입차LPR수(1), 출차LPR수(1)
[15:34:40] Main.pas: Line: 28556, [ini]>> DB, IP(10.22.30.20,42130), ID(sa), PW(nexpa1234), Name(PARKING_1.3.0)
[15:34:40] Main.pas: Line: 28563, [ini]>> LPR이미지폴더(C:\LPRImage)
[15:34:40] Main.pas: Line: 28570, [ini]>> Host, IP(127.0.0.1),Port(10000)
[15:34:40] Main.pas: Line: 28582, [ini]>> Home, IP(127.0.0.1),Port(29500),홈넷(1),Ver(1),ID(wiju),PW(wiju1234)
[15:34:40] Main.pas: Line: 28585, [ini]>> HomeNET, IP(),Port(25008)
[15:34:40] Main.pas: Line: 28603, [ini]>> 차단기제어여부(1), 차단기제어(3)
[15:34:41] csInLpr1 접속성공
[15:34:47] Program Close
