**************************************************************
[18:09:01] Program Start! (Ver_1.3.3.52)
[18:09:01] 홈넷예외LPR:
[18:09:01] [모니터링 모드]
[18:09:01] TfrmMain.btnModeClick: 유인운영
[18:09:01] 비로그인
[18:09:01] 설치된 입구보조 LPR이 없음!
[18:09:01] 설치된 출구보조 LPR이 없음!
[18:09:01] 설치된 출구전광판이 없음!
[18:09:02] LPR재접속 쓰레드시작
[18:09:02] Main.pas: Line: 29794, *INI설정정보.확인>> D:\Delphi\소스\출입모니터링_1.3.0(최신)\출입모니터링 최신버전 20201105\출입모니터링_1_3_0 완성형 6개_단기정기권추가(2020-11-10)\실행화일\ParkSet.ini
[18:09:02] Main.pas: Line: 29804, [ini]>> 입차LPR수(1), 출차LPR수(1)
[18:09:02] Main.pas: Line: 29812, [ini]>> DB, IP(127.0.0.1,42130), ID(sa), PW(nexpa1234), Name(PARKING_1.3.0)
[18:09:02] Main.pas: Line: 29819, [ini]>> LPR이미지폴더(C:\LPRImage)
[18:09:02] Main.pas: Line: 29826, [ini]>> Host, IP(127.0.0.1),Port(10000)
[18:09:02] Main.pas: Line: 29838, [ini]>> Home, IP(),Port(0),홈넷(1),Ver(1),ID(wiju),PW(wiju1234)
[18:09:02] Main.pas: Line: 29841, [ini]>> HomeNET, IP(),Port(0)
[18:09:02] Main.pas: Line: 29860, [ini]>> 차단기제어여부(1), 차단기제어(3)
[18:09:03] csOutLpr1 접속성공
[18:09:03] csInLpr1 접속성공
[18:09:21] Program Close
**************************************************************
[18:09:45] Program Start! (Ver_1.3.3.52)
[18:09:45] 홈넷예외LPR:
[18:09:45] [모니터링 모드]
[18:09:45] TfrmMain.btnModeClick: 유인운영
[18:09:45] 비로그인
[18:09:45] 설치된 입구보조 LPR이 없음!
[18:09:45] 설치된 출구보조 LPR이 없음!
[18:09:45] 설치된 출구전광판이 없음!
[18:09:45] LPR재접속 쓰레드시작
[18:09:45] Main.pas: Line: 29794, *INI설정정보.확인>> D:\Delphi\소스\출입모니터링_1.3.0(최신)\출입모니터링 최신버전 20201105\출입모니터링_1_3_0 완성형 6개_단기정기권추가(2020-11-10)\실행화일\ParkSet.ini
[18:09:45] Main.pas: Line: 29804, [ini]>> 입차LPR수(1), 출차LPR수(1)
[18:09:45] Main.pas: Line: 29812, [ini]>> DB, IP(127.0.0.1,42130), ID(sa), PW(nexpa1234), Name(PARKING_1.3.0)
[18:09:45] Main.pas: Line: 29819, [ini]>> LPR이미지폴더(C:\LPRImage)
[18:09:45] Main.pas: Line: 29826, [ini]>> Host, IP(127.0.0.1),Port(10000)
[18:09:45] Main.pas: Line: 29838, [ini]>> Home, IP(),Port(0),홈넷(1),Ver(1),ID(wiju),PW(wiju1234)
[18:09:45] Main.pas: Line: 29841, [ini]>> HomeNET, IP(),Port(0)
[18:09:45] Main.pas: Line: 29860, [ini]>> 차단기제어여부(1), 차단기제어(3)
[18:09:47] csInLpr1 접속성공
[18:09:47] csOutLpr1 접속성공
**************************************************************
[18:10:19] Program Start! (Ver_1.3.3.52)
[18:10:19] 홈넷예외LPR:
[18:10:19] [모니터링 모드]
[18:10:19] TfrmMain.btnModeClick: 유인운영
[18:10:19] 비로그인
[18:10:19] 설치된 입구보조 LPR이 없음!
[18:10:19] 설치된 출구보조 LPR이 없음!
[18:10:19] 설치된 출구전광판이 없음!
[18:10:19] LPR재접속 쓰레드시작
[18:10:19] Main.pas: Line: 29794, *INI설정정보.확인>> D:\Delphi\소스\출입모니터링_1.3.0(최신)\출입모니터링 최신버전 20201105\출입모니터링_1_3_0 완성형 6개_단기정기권추가(2020-11-10)\실행화일\ParkSet.ini
[18:10:19] Main.pas: Line: 29804, [ini]>> 입차LPR수(1), 출차LPR수(1)
[18:10:19] Main.pas: Line: 29812, [ini]>> DB, IP(127.0.0.1,42130), ID(sa), PW(nexpa1234), Name(PARKING_1.3.0)
[18:10:19] Main.pas: Line: 29819, [ini]>> LPR이미지폴더(C:\LPRImage)
[18:10:19] Main.pas: Line: 29826, [ini]>> Host, IP(127.0.0.1),Port(10000)
[18:10:19] Main.pas: Line: 29838, [ini]>> Home, IP(),Port(0),홈넷(1),Ver(1),ID(wiju),PW(wiju1234)
[18:10:19] Main.pas: Line: 29841, [ini]>> HomeNET, IP(),Port(0)
[18:10:19] Main.pas: Line: 29860, [ini]>> 차단기제어여부(1), 차단기제어(3)
[18:10:21] csInLpr1 접속성공
[18:10:21] csOutLpr1 접속성공
[18:10:22] Program Close
