**************************************************************
[14:52:18] Program Start!
[14:52:18] [DB저장 모드]
[14:52:19] TfrmMain.btnModeClick: 유인운영
[14:52:19] 비로그인
[14:52:20] [메인화면 에러] '' is not a valid integer value
[14:52:21] 정기권연동 쓰레드시작
[14:52:21] csInLpr1 접속성공
**************************************************************
[14:52:58] Program Start!
[14:52:58] [DB저장 모드]
[14:52:58] TfrmMain.btnModeClick: 유인운영
[14:52:59] 비로그인
**************************************************************
[14:53:20] Program Start!
[14:53:20] [DB저장 모드]
[14:53:20] TfrmMain.btnModeClick: 유인운영
[14:53:20] 비로그인
[14:53:22] [메인화면 에러] '' is not a valid integer value
[14:53:22] 정기권연동 쓰레드시작
[14:53:22] csInLpr1 접속성공
**************************************************************
[14:57:13] Program Start!
[14:57:13] [DB저장 모드]
[14:57:13] TfrmMain.btnModeClick: 유인운영
[14:57:13] 비로그인
[14:57:13] 설치된 출구보조 LPR이 없음!
[14:57:13] 설치된 출구 LPR이 없음!
[14:57:13] 설치된 입구전광판이 없음!
[14:57:13] 설치된 출구전광판이 없음!
[14:57:13] LPR재접속 쓰레드시작
[14:57:13] 전광판재접속 쓰레드시작
[14:57:13] 정기권연동 쓰레드시작
[14:57:14] [subcsInLpr1] 10.22.31.1:2000 접속성공
[14:57:14] csInLpr1 접속성공
