**************************************************************
[09:18:59] Program Start!
[09:18:59] [DB저장 모드]
[09:18:59] TfrmMain.btnModeClick: 유인운영
[09:18:59] 비로그인
[09:18:59] 설치된 입구보조 LPR이 없음!
[09:18:59] 설치된 출구보조 LPR이 없음!
[09:18:59] 설치된 출구 LPR이 없음!
[09:18:59] 설치된 출구전광판이 없음!
[09:19:00] LPR재접속 쓰레드시작
[09:19:00] 전광판재접속 쓰레드시작
[09:19:00] 정기권연동 쓰레드시작
[09:19:00] csInLpr1 접속성공
[09:19:02] Program Close
**************************************************************
[09:19:10] Program Start!
[09:19:10] [DB저장 모드]
[09:19:10] TfrmMain.btnModeClick: 유인운영
[09:19:10] 비로그인
[09:19:10] 설치된 입구보조 LPR이 없음!
[09:19:10] 설치된 출구보조 LPR이 없음!
[09:19:10] 설치된 출구 LPR이 없음!
[09:19:10] 설치된 출구전광판이 없음!
[09:19:10] LPR재접속 쓰레드시작
[09:19:22] 전광판재접속 쓰레드시작
[09:19:38] 정기권연동 쓰레드시작
[09:19:39] 10.22.30.20:2300 소켓 연결끊김 = 10049
[09:19:41] SocketError > ErrorNo: [10061] Host: [10.22.30.20] Port: [5000] Name: [csInDsp1] Msg: [서버가 죽었거나 클라이언트에서 접속환경이 잘못되었을때 나타나는 현상]
**************************************************************
[09:20:42] Program Start!
[09:20:42] [DB저장 모드]
[09:20:42] TfrmMain.btnModeClick: 유인운영
[09:20:42] 비로그인
[09:20:42] 설치된 입구보조 LPR이 없음!
[09:20:42] 설치된 출구보조 LPR이 없음!
[09:20:42] 설치된 출구 LPR이 없음!
[09:20:42] 설치된 출구전광판이 없음!
[09:20:43] LPR재접속 쓰레드시작
**************************************************************
[09:21:50] Program Start!
[09:21:50] [DB저장 모드]
[09:21:50] TfrmMain.btnModeClick: 유인운영
[09:21:50] 비로그인
[09:21:50] 설치된 입구보조 LPR이 없음!
[09:21:50] 설치된 출구보조 LPR이 없음!
[09:21:50] 설치된 출구 LPR이 없음!
[09:21:50] 설치된 출구전광판이 없음!
[09:21:50] LPR재접속 쓰레드시작
**************************************************************
[17:06:36] Program Start!
[17:06:36] [DB저장 모드]
[17:06:36] TfrmMain.btnModeClick: 유인운영
[17:06:36] 비로그인
[17:06:36] 설치된 입구보조 LPR이 없음!
[17:06:36] 설치된 출구보조 LPR이 없음!
[17:06:36] 설치된 출구 LPR이 없음!
[17:06:36] 설치된 출구전광판이 없음!
[17:06:36] LPR재접속 쓰레드시작
[17:06:36] 전광판재접속 쓰레드시작
[17:06:37] 정기권연동 쓰레드시작
[17:06:37] csInLpr1 접속성공
[17:06:39] SocketError > ErrorNo: [10061] Host: [10.22.30.20] Port: [5000] Name: [csInDsp1] Msg: [서버가 죽었거나 클라이언트에서 접속환경이 잘못되었을때 나타나는 현상]
[17:31:03] Program Close
