**************************************************************
[13:24:58] Program Start!
[13:24:58] [DB저장 모드]
[13:24:58] TfrmMain.btnModeClick: 유인운영
[13:24:58] [메인화면 에러] qryMainTemp: Field 'PointType' not found
[13:24:58] 정기권연동 쓰레드시작
[13:25:06] Program Close
**************************************************************
[13:26:16] Program Start!
[13:26:16] [DB저장 모드]
[13:26:16] TfrmMain.btnModeClick: 유인운영
[13:26:17] [메인화면 에러] qryMainTemp: Field 'UsePoint' not found
[13:26:17] 정기권연동 쓰레드시작
**************************************************************
[13:27:27] Program Start!
[13:27:27] [DB저장 모드]
[13:27:27] TfrmMain.btnModeClick: 유인운영
[13:27:28] [메인화면 에러] qryMainTemp: Field 'UsePoint' not found
[13:27:28] 정기권연동 쓰레드시작
[13:27:33] Program Close
**************************************************************
[13:27:53] Program Start!
[13:27:53] [DB저장 모드]
[13:27:53] TfrmMain.btnModeClick: 유인운영
[13:27:54] [메인화면 에러] qryMainTemp: Field 'UsePoint' not found
[13:27:54] 정기권연동 쓰레드시작
**************************************************************
[13:28:12] Program Start!
[13:28:12] [DB저장 모드]
[13:28:12] TfrmMain.btnModeClick: 유인운영
[13:28:13] [메인화면 에러] qryMainTemp: Field 'UsePoint' not found
[13:28:13] 정기권연동 쓰레드시작
[13:28:17] Program Close
**************************************************************
[13:28:28] Program Start!
[13:28:28] [DB저장 모드]
[13:28:28] TfrmMain.btnModeClick: 유인운영
[13:28:29] [메인화면 에러] qryMainTemp: Field 'UsePoint' not found
[13:28:29] 정기권연동 쓰레드시작
[13:28:33] Program Close
**************************************************************
[13:28:48] Program Start!
[13:28:48] [DB저장 모드]
[13:28:48] TfrmMain.btnModeClick: 유인운영
**************************************************************
[13:29:32] Program Start!
[13:29:32] [DB저장 모드]
[13:29:32] TfrmMain.btnModeClick: 유인운영
**************************************************************
[13:30:10] Program Start!
[13:30:10] [DB저장 모드]
[13:30:10] TfrmMain.btnModeClick: 유인운영
[13:30:17] 비로그인
[13:30:17] 설치된 입구보조 LPR이 없음!
[13:30:17] 설치된 출구보조 LPR이 없음!
[13:30:17] 설치된 입구전광판이 없음!
[13:30:17] 설치된 입구보조전광판이 없음!
[13:30:17] 설치된 출구전광판이 없음!
[13:30:17] LPR재접속 쓰레드시작
[13:30:17] 전광판재접속 쓰레드시작
[13:30:17] 정기권연동 쓰레드시작
[13:30:18] csOutLpr1 접속성공
[13:30:18] csInLpr1 접속성공
[13:30:21] Program Close
**************************************************************
[13:32:08] Program Start!
[13:32:09] [DB저장 모드]
[13:32:09] TfrmMain.btnModeClick: 유인운영
[13:32:09] 비로그인
[13:32:10] 설치된 입구보조 LPR이 없음!
[13:32:10] 설치된 출구보조 LPR이 없음!
[13:32:10] 설치된 입구전광판이 없음!
[13:32:10] 설치된 입구보조전광판이 없음!
[13:32:10] 설치된 출구전광판이 없음!
**************************************************************
[13:39:58] Program Start!
[13:39:58] [DB저장 모드]
[13:39:58] TfrmMain.btnModeClick: 유인운영
[13:39:58] 비로그인
[13:39:58] 설치된 입구보조 LPR이 없음!
[13:39:58] 설치된 출구보조 LPR이 없음!
[13:39:58] 설치된 입구전광판이 없음!
[13:39:58] 설치된 입구보조전광판이 없음!
[13:39:58] 설치된 출구전광판이 없음!
[13:40:04] LPR재접속 쓰레드시작
[13:40:04] 전광판재접속 쓰레드시작
[13:40:04] 정기권연동 쓰레드시작
[13:40:05] csInLpr1 접속성공
[13:40:05] csOutLpr1 접속성공
[13:40:07] Program Close
**************************************************************
[13:42:59] Program Start!
[13:42:59] [DB저장 모드]
[13:42:59] TfrmMain.btnModeClick: 유인운영
[13:42:59] 비로그인
[13:42:59] 설치된 입구보조 LPR이 없음!
[13:42:59] 설치된 출구보조 LPR이 없음!
[13:42:59] 설치된 입구전광판이 없음!
[13:42:59] 설치된 입구보조전광판이 없음!
[13:42:59] 설치된 출구전광판이 없음!
[13:42:59] csInLpr1 접속성공
[13:42:59] csOutLpr1 접속성공
[13:42:59] 코콤서버와 Bind확인 - OK
[13:42:59] LPR재접속 쓰레드시작
[13:43:00] 전광판재접속 쓰레드시작
[13:43:00] 정기권연동 쓰레드시작
[13:43:02] Program Close
[13:43:02] TfrmMain.tmrRecvKocomTimer: Connection Closed Gracefully.
[13:43:02] 코콤서버와 Bind확인 - OK
**************************************************************
[13:48:35] Program Start!
[13:48:35] [DB저장 모드]
[13:48:35] TfrmMain.btnModeClick: 유인운영
[13:48:36] 비로그인
[13:48:36] 설치된 입구보조 LPR이 없음!
[13:48:36] 설치된 출구보조 LPR이 없음!
[13:48:36] 설치된 입구전광판이 없음!
[13:48:36] 설치된 입구보조전광판이 없음!
[13:48:36] 설치된 출구전광판이 없음!
[13:48:36] LPR재접속 쓰레드시작
[13:48:36] 전광판재접속 쓰레드시작
[13:48:36] 정기권연동 쓰레드시작
[13:48:36] csInLpr1 접속성공
[13:48:36] csOutLpr1 접속성공
[13:48:55] Program Close
**************************************************************
[13:49:41] Program Start!
[13:49:41] [DB저장 모드]
[13:49:41] TfrmMain.btnModeClick: 유인운영
[13:49:42] 비로그인
[13:49:42] 설치된 입구보조 LPR이 없음!
[13:49:42] 설치된 출구보조 LPR이 없음!
[13:49:42] 설치된 입구전광판이 없음!
[13:49:42] 설치된 입구보조전광판이 없음!
[13:49:42] 설치된 출구전광판이 없음!
[13:49:42] LPR재접속 쓰레드시작
[13:49:42] 전광판재접속 쓰레드시작
[13:49:42] 정기권연동 쓰레드시작
[13:49:43] csInLpr1 접속성공
[13:49:43] csOutLpr1 접속성공
[13:50:06] ICon_VisitListProcess: 'StartDateTime' 근처의 구문이 잘못되었습니다
**************************************************************
[13:50:29] Program Start!
[13:50:29] [DB저장 모드]
[13:50:29] TfrmMain.btnModeClick: 유인운영
[13:50:30] 비로그인
[13:50:30] 설치된 입구보조 LPR이 없음!
[13:50:30] 설치된 출구보조 LPR이 없음!
[13:50:30] 설치된 입구전광판이 없음!
[13:50:30] 설치된 입구보조전광판이 없음!
[13:50:30] 설치된 출구전광판이 없음!
[13:50:30] LPR재접속 쓰레드시작
[13:50:30] 전광판재접속 쓰레드시작
[13:50:31] 정기권연동 쓰레드시작
[13:50:31] csInLpr1 접속성공
[13:50:31] csOutLpr1 접속성공
**************************************************************
[13:54:17] Program Start!
[13:54:17] [DB저장 모드]
[13:54:17] TfrmMain.btnModeClick: 유인운영
[13:54:17] 비로그인
[13:54:17] 설치된 입구보조 LPR이 없음!
[13:54:17] 설치된 출구보조 LPR이 없음!
[13:54:17] 설치된 입구전광판이 없음!
[13:54:18] 설치된 입구보조전광판이 없음!
[13:54:18] 설치된 출구전광판이 없음!
[13:54:18] LPR재접속 쓰레드시작
[13:54:18] 전광판재접속 쓰레드시작
[13:54:18] 정기권연동 쓰레드시작
[13:54:19] csInLpr1 접속성공
[13:54:19] csOutLpr1 접속성공
**************************************************************
[18:16:27] Program Start!
[18:16:27] [DB저장 모드]
[18:16:27] TfrmMain.btnModeClick: 유인운영
[18:16:27] 비로그인
[18:16:27] 설치된 입구보조 LPR이 없음!
[18:16:27] 설치된 출구보조 LPR이 없음!
[18:16:27] 설치된 입구전광판이 없음!
[18:16:27] 설치된 입구보조전광판이 없음!
[18:16:27] 설치된 출구전광판이 없음!
[18:16:27] LPR재접속 쓰레드시작
[18:16:27] 전광판재접속 쓰레드시작
[18:16:27] 정기권연동 쓰레드시작
[18:16:28] csInLpr1 접속성공
[18:16:28] csOutLpr1 접속성공
[18:16:44] LPR Check: 22가2222,http://10.22.30.20:9080/MSImage/2021/01/21/CH1_20210121181644_22가2222.jpg,1,,,0, 2021-01-21 18:16:44
[18:16:44] File: \\10.22.30.20\MSImage\2021\01\21\CH1_20210121181644_22가2222.jpg
[18:16:44] NormalProc: 일반차량 처리 시작 : 22가2222, 
[18:16:44] 미등록차량 입차: 22가2222 - \\10.22.30.20\MSImage\2021\01\21\CH1_20210121181644_22가2222.jpg
[18:16:44] 
[18:16:44] 일반차량 입차 이미지 가져오기 시작
[18:16:44] 일반차량 입차 이미지 가져오기 끝
[18:16:45] LPR Check: 22가2222,http://10.22.30.20:9080/MSImage/2021/01/21/CH1_20210121181645_22가2222.jpg,1,,,0, 2021-01-21 18:16:45
[18:16:45] File: \\10.22.30.20\MSImage\2021\01\21\CH1_20210121181645_22가2222.jpg
[18:16:45] NormalProc: 일반차량 처리 시작 : 22가2222, 
[18:16:45] 미등록차량 입차: 22가2222 - \\10.22.30.20\MSImage\2021\01\21\CH1_20210121181645_22가2222.jpg
[18:16:46] 
[18:16:46] 일반차량 입차 이미지 가져오기 시작
[18:16:46] 일반차량 입차 이미지 가져오기 끝
[18:16:47] LPR Check: 22가2222,http://10.22.30.20:9080/MSImage/2021/01/21/CH1_20210121181647_22가2222.jpg,1,,,0, 2021-01-21 18:16:47
[18:16:47] File: \\10.22.30.20\MSImage\2021\01\21\CH1_20210121181647_22가2222.jpg
[18:16:47] NormalProc: 일반차량 처리 시작 : 22가2222, 
[18:16:47] 미등록차량 입차: 22가2222 - \\10.22.30.20\MSImage\2021\01\21\CH1_20210121181647_22가2222.jpg
[18:16:47] 
[18:16:47] 일반차량 입차 이미지 가져오기 시작
[18:16:47] 일반차량 입차 이미지 가져오기 끝
[18:16:48] LPR Check: 22가2222,http://10.22.30.20:9080/MSImage/2021/01/21/CH1_20210121181648_22가2222.jpg,1,,,0, 2021-01-21 18:16:48
[18:16:48] File: \\10.22.30.20\MSImage\2021\01\21\CH1_20210121181648_22가2222.jpg
[18:16:48] NormalProc: 일반차량 처리 시작 : 22가2222, 
[18:16:48] 미등록차량 입차: 22가2222 - \\10.22.30.20\MSImage\2021\01\21\CH1_20210121181648_22가2222.jpg
[18:16:48] 
[18:16:48] 일반차량 입차 이미지 가져오기 시작
[18:16:48] 일반차량 입차 이미지 가져오기 끝
[18:16:49] LPR Check: 22가2222,http://10.22.30.20:9080/MSImage/2021/01/21/CH1_20210121181649_22가2222.jpg,1,,,0, 2021-01-21 18:16:49
[18:16:49] File: \\10.22.30.20\MSImage\2021\01\21\CH1_20210121181649_22가2222.jpg
[18:16:49] NormalProc: 일반차량 처리 시작 : 22가2222, 
[18:16:49] 미등록차량 입차: 22가2222 - \\10.22.30.20\MSImage\2021\01\21\CH1_20210121181649_22가2222.jpg
[18:16:49] 
[18:16:49] 일반차량 입차 이미지 가져오기 시작
[18:16:49] 일반차량 입차 이미지 가져오기 끝
[18:16:50] LPR Check: 22가2222,http://10.22.30.20:9080/MSImage/2021/01/21/CH1_20210121181649_22가2222.jpg,1,,,0, 2021-01-21 18:16:49
[18:16:50] File: \\10.22.30.20\MSImage\2021\01\21\CH1_20210121181649_22가2222.jpg
[18:16:50] NormalProc: 일반차량 처리 시작 : 22가2222, 
[18:16:50] 미등록차량 입차: 22가2222 - \\10.22.30.20\MSImage\2021\01\21\CH1_20210121181649_22가2222.jpg
[18:16:50] 
[18:16:50] 일반차량 입차 이미지 가져오기 시작
[18:16:50] 일반차량 입차 이미지 가져오기 끝
[18:16:52] LPR Check: 22가2222,http://10.22.30.20:9080/MSImage/2021/01/21/CH1_20210121181652_22가2222.jpg,1,,,0, 2021-01-21 18:16:52
[18:16:52] File: \\10.22.30.20\MSImage\2021\01\21\CH1_20210121181652_22가2222.jpg
[18:16:52] NormalProc: 일반차량 처리 시작 : 22가2222, 
[18:16:52] 미등록차량 입차: 22가2222 - \\10.22.30.20\MSImage\2021\01\21\CH1_20210121181652_22가2222.jpg
[18:16:52] 
[18:16:52] 일반차량 입차 이미지 가져오기 시작
[18:16:52] 일반차량 입차 이미지 가져오기 끝
[18:16:53] LPR Check: 22가2222,http://10.22.30.20:9080/MSImage/2021/01/21/CH1_20210121181653_22가2222.jpg,1,,,0, 2021-01-21 18:16:53
[18:16:53] File: \\10.22.30.20\MSImage\2021\01\21\CH1_20210121181653_22가2222.jpg
[18:16:53] NormalProc: 일반차량 처리 시작 : 22가2222, 
[18:16:53] 미등록차량 입차: 22가2222 - \\10.22.30.20\MSImage\2021\01\21\CH1_20210121181653_22가2222.jpg
[18:16:53] 
[18:16:53] 일반차량 입차 이미지 가져오기 시작
[18:16:53] 일반차량 입차 이미지 가져오기 끝
[18:16:53] LPR Check: 22가2222,http://10.22.30.20:9080/MSImage/2021/01/21/CH1_20210121181653_22가2222.jpg,1,,,0, 2021-01-21 18:16:53
[18:16:53] File: \\10.22.30.20\MSImage\2021\01\21\CH1_20210121181653_22가2222.jpg
[18:16:53] NormalProc: 일반차량 처리 시작 : 22가2222, 
[18:16:53] 미등록차량 입차: 22가2222 - \\10.22.30.20\MSImage\2021\01\21\CH1_20210121181653_22가2222.jpg
[18:16:53] 
[18:16:53] 일반차량 입차 이미지 가져오기 시작
[18:16:53] 일반차량 입차 이미지 가져오기 끝
[18:16:53] LPR Check: 22가2222,http://10.22.30.20:9080/MSImage/2021/01/21/CH1_20210121181653_22가2222.jpg,1,,,0, 2021-01-21 18:16:53
[18:16:53] File: \\10.22.30.20\MSImage\2021\01\21\CH1_20210121181653_22가2222.jpg
[18:16:53] NormalProc: 일반차량 처리 시작 : 22가2222, 
[18:16:53] 미등록차량 입차: 22가2222 - \\10.22.30.20\MSImage\2021\01\21\CH1_20210121181653_22가2222.jpg
[18:16:53] 
[18:16:53] 일반차량 입차 이미지 가져오기 시작
[18:16:53] 일반차량 입차 이미지 가져오기 끝
[18:16:54] LPR Check: 22가2222,http://10.22.30.20:9080/MSImage/2021/01/21/CH1_20210121181654_22가2222.jpg,1,,,0, 2021-01-21 18:16:54
[18:16:54] File: \\10.22.30.20\MSImage\2021\01\21\CH1_20210121181654_22가2222.jpg
[18:16:54] NormalProc: 일반차량 처리 시작 : 22가2222, 
[18:16:54] 미등록차량 입차: 22가2222 - \\10.22.30.20\MSImage\2021\01\21\CH1_20210121181654_22가2222.jpg
[18:16:54] 
[18:16:54] 일반차량 입차 이미지 가져오기 시작
[18:16:54] 일반차량 입차 이미지 가져오기 끝
[18:16:55] Program Close
**************************************************************
[18:17:11] Program Start!
[18:17:11] [DB저장 모드]
[18:17:11] TfrmMain.btnModeClick: 유인운영
[18:17:11] 비로그인
[18:17:11] 설치된 입구보조 LPR이 없음!
[18:17:11] 설치된 출구보조 LPR이 없음!
[18:17:11] 설치된 입구전광판이 없음!
[18:17:11] 설치된 입구보조전광판이 없음!
[18:17:11] 설치된 출구전광판이 없음!
[18:17:11] LPR재접속 쓰레드시작
[18:17:11] 전광판재접속 쓰레드시작
[18:17:12] 정기권연동 쓰레드시작
[18:17:12] csInLpr1 접속성공
[18:17:12] csOutLpr1 접속성공
[18:17:13] LPR Check: 22가2222,http://10.22.30.20:9080/MSImage/2021/01/21/CH1_20210121181713_22가2222.jpg,1,,,0, 2021-01-21 18:17:13
[18:17:13] File: \\10.22.30.20\MSImage\2021\01\21\CH1_20210121181713_22가2222.jpg
[18:17:13] NormalProc: 일반차량 처리 시작 : 22가2222, 
[18:17:13] 미등록차량 입차: 22가2222 - \\10.22.30.20\MSImage\2021\01\21\CH1_20210121181713_22가2222.jpg
[18:17:13] 
[18:17:13] 일반차량 입차 이미지 가져오기 시작
[18:17:13] 일반차량 입차 이미지 가져오기 끝
[18:17:14] LPR Check: 22가2222,http://10.22.30.20:9080/MSImage/2021/01/21/CH1_20210121181714_22가2222.jpg,1,,,0, 2021-01-21 18:17:14
[18:17:14] File: \\10.22.30.20\MSImage\2021\01\21\CH1_20210121181714_22가2222.jpg
[18:17:14] NormalProc: 일반차량 처리 시작 : 22가2222, 
[18:17:14] 미등록차량 입차: 22가2222 - \\10.22.30.20\MSImage\2021\01\21\CH1_20210121181714_22가2222.jpg
[18:17:14] 
[18:17:14] 일반차량 입차 이미지 가져오기 시작
[18:17:14] 일반차량 입차 이미지 가져오기 끝
[18:17:15] LPR Check: 22가2222,http://10.22.30.20:9080/MSImage/2021/01/21/CH1_20210121181714_22가2222.jpg,1,,,0, 2021-01-21 18:17:14
[18:17:15] File: \\10.22.30.20\MSImage\2021\01\21\CH1_20210121181714_22가2222.jpg
[18:17:15] NormalProc: 일반차량 처리 시작 : 22가2222, 
[18:17:15] 미등록차량 입차: 22가2222 - \\10.22.30.20\MSImage\2021\01\21\CH1_20210121181714_22가2222.jpg
[18:17:15] 
[18:17:15] 일반차량 입차 이미지 가져오기 시작
[18:17:15] 일반차량 입차 이미지 가져오기 끝
[18:17:15] LPR Check: 22가2222,http://10.22.30.20:9080/MSImage/2021/01/21/CH1_20210121181715_22가2222.jpg,1,,,0, 2021-01-21 18:17:15
[18:17:15] File: \\10.22.30.20\MSImage\2021\01\21\CH1_20210121181715_22가2222.jpg
[18:17:15] NormalProc: 일반차량 처리 시작 : 22가2222, 
[18:17:15] 미등록차량 입차: 22가2222 - \\10.22.30.20\MSImage\2021\01\21\CH1_20210121181715_22가2222.jpg
[18:17:15] 
[18:17:15] 일반차량 입차 이미지 가져오기 시작
[18:17:15] 일반차량 입차 이미지 가져오기 끝
[18:17:16] LPR Check: 22가2222,http://10.22.30.20:9080/MSImage/2021/01/21/CH1_20210121181716_22가2222.jpg,1,,,0, 2021-01-21 18:17:16
[18:17:16] File: \\10.22.30.20\MSImage\2021\01\21\CH1_20210121181716_22가2222.jpg
[18:17:16] NormalProc: 일반차량 처리 시작 : 22가2222, 
[18:17:16] 미등록차량 입차: 22가2222 - \\10.22.30.20\MSImage\2021\01\21\CH1_20210121181716_22가2222.jpg
[18:17:16] 
[18:17:16] 일반차량 입차 이미지 가져오기 시작
[18:17:16] 일반차량 입차 이미지 가져오기 끝
[18:17:16] LPR Check: 22가2222,http://10.22.30.20:9080/MSImage/2021/01/21/CH1_20210121181716_22가2222.jpg,1,,,0, 2021-01-21 18:17:16
[18:17:16] File: \\10.22.30.20\MSImage\2021\01\21\CH1_20210121181716_22가2222.jpg
[18:17:16] NormalProc: 일반차량 처리 시작 : 22가2222, 
[18:17:16] 미등록차량 입차: 22가2222 - \\10.22.30.20\MSImage\2021\01\21\CH1_20210121181716_22가2222.jpg
[18:17:16] 
[18:17:16] 일반차량 입차 이미지 가져오기 시작
[18:17:16] 일반차량 입차 이미지 가져오기 끝
[18:17:17] LPR Check: 22가2222,http://10.22.30.20:9080/MSImage/2021/01/21/CH1_20210121181716_22가2222.jpg,1,,,0, 2021-01-21 18:17:16
[18:17:17] File: \\10.22.30.20\MSImage\2021\01\21\CH1_20210121181716_22가2222.jpg
[18:17:17] NormalProc: 일반차량 처리 시작 : 22가2222, 
[18:17:17] 미등록차량 입차: 22가2222 - \\10.22.30.20\MSImage\2021\01\21\CH1_20210121181716_22가2222.jpg
[18:17:17] 
[18:17:17] 일반차량 입차 이미지 가져오기 시작
[18:17:17] 일반차량 입차 이미지 가져오기 끝
[18:17:17] LPR Check: 22가2222,http://10.22.30.20:9080/MSImage/2021/01/21/CH1_20210121181717_22가2222.jpg,1,,,0, 2021-01-21 18:17:17
[18:17:17] File: \\10.22.30.20\MSImage\2021\01\21\CH1_20210121181717_22가2222.jpg
[18:17:17] NormalProc: 일반차량 처리 시작 : 22가2222, 
[18:17:17] 미등록차량 입차: 22가2222 - \\10.22.30.20\MSImage\2021\01\21\CH1_20210121181717_22가2222.jpg
[18:17:17] 
[18:17:17] 일반차량 입차 이미지 가져오기 시작
[18:17:17] 일반차량 입차 이미지 가져오기 끝
[18:17:17] LPR Check: 22가2222,http://10.22.30.20:9080/MSImage/2021/01/21/CH1_20210121181717_22가2222.jpg,1,,,0, 2021-01-21 18:17:17
[18:17:17] File: \\10.22.30.20\MSImage\2021\01\21\CH1_20210121181717_22가2222.jpg
[18:17:17] NormalProc: 일반차량 처리 시작 : 22가2222, 
[18:17:17] 미등록차량 입차: 22가2222 - \\10.22.30.20\MSImage\2021\01\21\CH1_20210121181717_22가2222.jpg
[18:17:17] 
[18:17:17] 일반차량 입차 이미지 가져오기 시작
[18:17:17] 일반차량 입차 이미지 가져오기 끝
[18:17:19] Program Close
**************************************************************
[18:17:33] Program Start!
[18:17:33] [DB저장 모드]
[18:17:33] TfrmMain.btnModeClick: 유인운영
[18:17:33] 비로그인
[18:17:33] 설치된 입구보조 LPR이 없음!
[18:17:33] 설치된 출구보조 LPR이 없음!
[18:17:33] 설치된 입구전광판이 없음!
[18:17:33] 설치된 입구보조전광판이 없음!
[18:17:33] 설치된 출구전광판이 없음!
[18:17:33] LPR재접속 쓰레드시작
[18:17:33] 전광판재접속 쓰레드시작
[18:17:33] 정기권연동 쓰레드시작
[18:17:34] csInLpr1 접속성공
[18:17:34] csOutLpr1 접속성공
[18:17:35] LPR Check: 22가2222,http://10.22.30.20:9080/MSImage/2021/01/21/CH1_20210121181735_22가2222.jpg,1,,,0, 2021-01-21 18:17:35
[18:17:35] File: \\10.22.30.20\MSImage\2021\01\21\CH1_20210121181735_22가2222.jpg
[18:17:35] NormalProc: 일반차량 처리 시작 : 22가2222, 
[18:17:35] 미등록차량 입차: 22가2222 - \\10.22.30.20\MSImage\2021\01\21\CH1_20210121181735_22가2222.jpg
[18:17:35] 
[18:17:35] 일반차량 입차 이미지 가져오기 시작
[18:17:35] 일반차량 입차 이미지 가져오기 끝
[18:17:56] LPR Check: 22가2222,http://10.22.30.20:9080/MSImage/2021/01/21/CH1_20210121181756_22가2222.jpg,1,,,0, 2021-01-21 18:17:56
[18:17:56] File: \\10.22.30.20\MSImage\2021\01\21\CH1_20210121181756_22가2222.jpg
[18:17:56] NormalProc: 일반차량 처리 시작 : 22가2222, 
[18:17:56] 미등록차량 입차: 22가2222 - \\10.22.30.20\MSImage\2021\01\21\CH1_20210121181756_22가2222.jpg
[18:17:56] 
[18:17:56] 일반차량 입차 이미지 가져오기 시작
[18:17:56] 일반차량 입차 이미지 가져오기 끝
[18:18:03] Program Close
**************************************************************
[18:27:08] Program Start!
[18:27:08] [DB저장 모드]
[18:27:08] TfrmMain.btnModeClick: 유인운영
[18:27:08] 비로그인
[18:27:08] 설치된 입구보조 LPR이 없음!
[18:27:08] 설치된 출구보조 LPR이 없음!
[18:27:08] 설치된 입구전광판이 없음!
[18:27:08] 설치된 입구보조전광판이 없음!
[18:27:08] 설치된 출구전광판이 없음!
[18:27:08] LPR재접속 쓰레드시작
[18:27:08] 전광판재접속 쓰레드시작
[18:27:08] 정기권연동 쓰레드시작
[18:27:09] csInLpr1 접속성공
[18:27:09] csOutLpr1 접속성공
[18:27:13] LPR Check: 22가2222,http://10.22.30.20:9080/MSImage/2021/01/21/CH1_20210121182713_22가2222.jpg,1,,,0, 2021-01-21 18:27:13
[18:27:13] File: \\10.22.30.20\MSImage\2021\01\21\CH1_20210121182713_22가2222.jpg
[18:27:13] NormalProc: 일반차량 처리 시작 : 22가2222, 
[18:27:13] 미등록차량 입차: 22가2222 - \\10.22.30.20\MSImage\2021\01\21\CH1_20210121182713_22가2222.jpg
[18:27:13] 
[18:27:13] 일반차량 입차 이미지 가져오기 시작
[18:27:13] 일반차량 입차 이미지 가져오기 끝
[18:27:49] Program Close
**************************************************************
[18:28:47] Program Start!
[18:28:47] [DB저장 모드]
[18:28:47] TfrmMain.btnModeClick: 유인운영
[18:28:47] 비로그인
[18:28:47] 설치된 입구보조 LPR이 없음!
[18:28:47] 설치된 출구보조 LPR이 없음!
[18:28:47] 설치된 입구전광판이 없음!
[18:28:47] 설치된 입구보조전광판이 없음!
[18:28:47] 설치된 출구전광판이 없음!
[18:28:47] LPR재접속 쓰레드시작
[18:28:48] 전광판재접속 쓰레드시작
[18:28:48] 정기권연동 쓰레드시작
[18:28:48] csInLpr1 접속성공
[18:28:48] csOutLpr1 접속성공
[18:28:49] LPR Check: 22가2222,http://10.22.30.20:9080/MSImage/2021/01/21/CH1_20210121182849_22가2222.jpg,1,,,0, 2021-01-21 18:28:49
[18:28:49] File: \\10.22.30.20\MSImage\2021\01\21\CH1_20210121182849_22가2222.jpg
[18:28:49] NormalProc: 일반차량 처리 시작 : 22가2222, 
[18:28:49] 미등록차량 입차: 22가2222 - \\10.22.30.20\MSImage\2021\01\21\CH1_20210121182849_22가2222.jpg
[18:28:49] 블랙리스트 차량22가2222 진입시도
[18:28:49] 일반차량 입차 이미지 가져오기 시작
[18:28:49] 일반차량 입차 이미지 가져오기 끝
[18:29:36] LPR Check: 22가2222,http://10.22.30.20:9080/MSImage/2021/01/21/CH1_20210121182936_22가2222.jpg,1,,,0, 2021-01-21 18:29:36
[18:29:36] File: \\10.22.30.20\MSImage\2021\01\21\CH1_20210121182936_22가2222.jpg
[18:29:36] NormalProc: 일반차량 처리 시작 : 22가2222, 
[18:29:36] 미등록차량 입차: 22가2222 - \\10.22.30.20\MSImage\2021\01\21\CH1_20210121182936_22가2222.jpg
[18:29:36] 
[18:29:36] 일반차량 입차 이미지 가져오기 시작
[18:29:36] 일반차량 입차 이미지 가져오기 끝
[18:29:37] LPR Check: 22가2222,http://10.22.30.20:9080/MSImage/2021/01/21/CH1_20210121182937_22가2222.jpg,1,,,0, 2021-01-21 18:29:37
[18:29:37] File: \\10.22.30.20\MSImage\2021\01\21\CH1_20210121182937_22가2222.jpg
[18:29:37] NormalProc: 일반차량 처리 시작 : 22가2222, 
[18:29:37] 미등록차량 입차: 22가2222 - \\10.22.30.20\MSImage\2021\01\21\CH1_20210121182937_22가2222.jpg
[18:29:37] 
[18:29:37] 일반차량 입차 이미지 가져오기 시작
[18:29:38] 일반차량 입차 이미지 가져오기 끝
[18:29:39] Program Close
