**************************************************************
[15:59:18] Program Start!
[15:59:18] [DB저장 모드]
[15:59:18] TfrmMain.btnModeClick: 유인운영
[15:59:18] 비로그인
[15:59:18] 설치된 입구보조 LPR이 없음!
[15:59:18] 설치된 출구보조 LPR이 없음!
[15:59:18] 설치된 출구 LPR이 없음!
[15:59:18] 설치된 입구전광판이 없음!
[15:59:18] 설치된 출구전광판이 없음!
[15:59:18] LPR재접속 쓰레드시작
[15:59:18] 전광판재접속 쓰레드시작
[15:59:19] 정기권연동 쓰레드시작
[15:59:19] csInLpr1 접속성공
[16:00:49] Program Close
**************************************************************
[16:00:53] Program Start!
[16:00:53] [DB저장 모드]
[16:00:53] TfrmMain.btnModeClick: 유인운영
[16:00:53] 비로그인
[16:00:53] 설치된 입구보조 LPR이 없음!
[16:00:53] 설치된 출구보조 LPR이 없음!
[16:00:53] 설치된 출구 LPR이 없음!
[16:00:53] 설치된 입구전광판이 없음!
[16:00:53] 설치된 출구전광판이 없음!
[16:00:53] LPR재접속 쓰레드시작
[16:00:53] 전광판재접속 쓰레드시작
[16:00:53] 정기권연동 쓰레드시작
[16:00:54] csInLpr1 접속성공
[16:00:58] LPR Check: 02가9999,http://10.22.30.20:9080/MSImage/2021/01/12/CH1_20210112160057_02가9999.jpg,1,,,0, 2021-01-12 16:00:57
[16:00:58] File: \\10.22.30.20\MSImage\2021\01\12\CH1_20210112160057_02가9999.jpg
[16:00:58] 정기차량시작: 02가9999, 
[16:00:58] ##### 사용기간 오류 - 사용시작일: 2012-09-09, 사용종료일: 2020-01-01 #####
[16:00:58] 정기차량 입차 이미지 가져오기 시작
[16:00:58] 정기차량 입차 이미지 가져오기 끝
[16:00:58] 정기차량처리: 02가9999, 
[16:02:22] Program Close
