**************************************************************
[13:09:01] Program Start!
[13:09:01] [DB저장 모드]
[13:09:01] TfrmMain.btnModeClick: 유인운영
[13:09:02] 비로그인
[13:09:02] 설치된 출구보조 LPR이 없음!
[13:09:02] 설치된 출구 LPR이 없음!
[13:09:02] 설치된 입구전광판이 없음!
[13:09:02] 설치된 출구전광판이 없음!
[13:09:02] LPR재접속 쓰레드시작
[13:09:02] 전광판재접속 쓰레드시작
[13:09:02] 정기권연동 쓰레드시작
[13:09:03] csInLpr1 접속성공
[13:09:03] [subcsInLpr1] 10.22.31.1:2000 접속성공
[13:09:40] Program Close
**************************************************************
[13:09:43] Program Start!
[13:09:43] [DB저장 모드]
[13:09:43] TfrmMain.btnModeClick: 유인운영
[13:09:43] 비로그인
[13:09:43] 설치된 출구보조 LPR이 없음!
[13:09:43] 설치된 출구 LPR이 없음!
[13:09:43] 설치된 입구전광판이 없음!
[13:09:44] 설치된 출구전광판이 없음!
[13:09:44] LPR재접속 쓰레드시작
[13:09:44] 전광판재접속 쓰레드시작
[13:09:44] 정기권연동 쓰레드시작
[13:09:44] csInLpr1 접속성공
[13:09:44] [subcsInLpr1] 10.22.30.20:2200 접속성공
[13:09:47] LPR Check: 22가2222,http://10.22.30.20:9080/MSImage/2021/02/25/CH1_20210225130946_22가2222.jpg,1,,,0, 2021-02-25 13:09:46
[13:09:47] File: \\10.22.30.20\MSImage\2021\02\25\CH1_20210225130946_22가2222.jpg
[13:09:48] NormalProc: 일반차량 처리 시작 : 22가2222, 
[13:09:48] 미등록차량 입차: 22가2222 - \\10.22.30.20\MSImage\2021\02\25\CH1_20210225130946_22가2222.jpg
[13:09:48] 
[13:09:48] 일반차량 입차 이미지 가져오기 시작
[13:09:48] 일반차량 입차 이미지 가져오기 끝
[13:09:52] LPR Check: 02가9999,http://10.22.30.20:9080/MSImage/2021/02/25/CH1_20210225130951_02가9999.jpg,1,,,0, 2021-02-25 13:09:51
[13:09:52] File: \\10.22.30.20\MSImage\2021\02\25\CH1_20210225130951_02가9999.jpg
[13:09:53] 정기차량시작: 02가9999, 
[13:09:53] 입구차단기 Open 10.22.30.20:2100
[13:09:53] 정기차량 입차 이미지 가져오기 시작
[13:09:53] 정기차량 입차 이미지 가져오기 끝
[13:09:53] 정기차량처리: 02가9999, 
[13:10:08] Program Close
**************************************************************
[13:12:15] Program Start!
[13:12:15] [DB저장 모드]
[13:12:15] TfrmMain.btnModeClick: 유인운영
[13:12:16] 비로그인
[13:12:16] 설치된 출구보조 LPR이 없음!
[13:12:16] 설치된 출구 LPR이 없음!
[13:12:16] 설치된 입구전광판이 없음!
[13:12:16] 설치된 출구전광판이 없음!
[13:12:16] LPR재접속 쓰레드시작
[13:12:16] 전광판재접속 쓰레드시작
[13:12:16] 정기권연동 쓰레드시작
[13:12:17] csInLpr1 접속성공
[13:12:17] [subcsInLpr1] 10.22.30.20:2200 접속성공
[13:12:26] Program Close
**************************************************************
[13:12:43] Program Start!
[13:12:43] [DB저장 모드]
[13:12:43] TfrmMain.btnModeClick: 유인운영
[13:12:44] 비로그인
[13:12:44] 설치된 입구보조 LPR이 없음!
[13:12:44] 설치된 출구보조 LPR이 없음!
[13:12:44] 설치된 입구전광판이 없음!
[13:12:44] 설치된 출구전광판이 없음!
[13:12:44] LPR재접속 쓰레드시작
[13:12:44] 전광판재접속 쓰레드시작
[13:12:44] 정기권연동 쓰레드시작
[13:12:45] csInLpr1 접속성공
[13:12:45] csOutLpr1 접속성공
[13:12:48] LPR Check: 02가9999,http://10.22.30.20:9080/MSImage/2021/02/25/CH1_20210225131247_02가9999.jpg,1,,,0, 2021-02-25 13:12:47
[13:12:51] File: \\10.22.30.20\MSImage\2021\02\25\CH1_20210225131247_02가9999.jpg
[13:12:51] 정기차량시작: 02가9999, 
[13:12:51] 출구차단기 Open 10.22.30.20:2200
[13:12:51] 정기차량 출차 이미지 가져오기 시작
[13:12:51] 정기차량 출차 이미지 가져오기 끝
[13:12:51] 정기차량처리: 02가9999, 
[13:13:02] Program Close
**************************************************************
[13:13:56] Program Start!
[13:13:56] [DB저장 모드]
[13:13:56] TfrmMain.btnModeClick: 유인운영
[13:13:57] 비로그인
[13:13:57] 설치된 입구보조 LPR이 없음!
[13:13:57] 설치된 출구보조 LPR이 없음!
[13:13:57] 설치된 입구전광판이 없음!
[13:13:57] 설치된 출구전광판이 없음!
[13:13:57] LPR재접속 쓰레드시작
[13:13:57] 전광판재접속 쓰레드시작
[13:13:57] 정기권연동 쓰레드시작
[13:13:58] csInLpr1 접속성공
[13:13:58] csOutLpr1 접속성공
[13:13:59] LPR Check: 02가9999,http://10.22.30.20:9080/MSImage/2021/02/25/CH1_20210225131358_02가9999.jpg,1,,,0, 2021-02-25 13:13:58
[13:14:02] File: \\10.22.30.20\MSImage\2021\02\25\CH1_20210225131358_02가9999.jpg
[13:14:02] 정기차량시작: 02가9999, 
[13:14:02] 출구차단기 Open 10.22.30.20:2200
[13:14:02] 정기차량 출차 이미지 가져오기 시작
[13:14:02] 정기차량 출차 이미지 가져오기 끝
[13:14:02] 정기차량처리: 02가9999, 
[13:14:04] File 없음: 
[13:14:12] File 없음: 
[13:14:16] Program Close
**************************************************************
[13:14:55] Program Start!
[13:14:55] [DB저장 모드]
[13:14:55] TfrmMain.btnModeClick: 유인운영
[13:14:56] 비로그인
[13:14:56] 설치된 입구보조 LPR이 없음!
[13:14:56] 설치된 출구보조 LPR이 없음!
[13:14:56] 설치된 입구전광판이 없음!
[13:14:56] 설치된 출구전광판이 없음!
[13:14:56] LPR재접속 쓰레드시작
[13:14:56] 전광판재접속 쓰레드시작
[13:14:56] 정기권연동 쓰레드시작
[13:14:57] csInLpr1 접속성공
[13:14:57] csOutLpr1 접속성공
[13:14:59] LPR Check: 02가9999,http://10.22.30.20:9080/MSImage/2021/02/25/CH1_20210225131458_02가9999.jpg,1,,,0, 2021-02-25 13:14:58
[13:15:00] File: \\10.22.30.20\MSImage\2021\02\25\CH1_20210225131458_02가9999.jpg
[13:15:00] 정기차량시작: 02가9999, 
[13:15:00] 출구차단기 Open 10.22.30.20:2200
[13:15:00] 정기차량 출차 이미지 가져오기 시작
[13:15:00] 정기차량 출차 이미지 가져오기 끝
[13:15:00] 정기차량처리: 02가9999, 
[13:15:10] Program Close
**************************************************************
[13:16:01] Program Start!
[13:16:01] [DB저장 모드]
[13:16:01] TfrmMain.btnModeClick: 유인운영
[13:16:02] 비로그인
[13:16:02] 설치된 입구보조 LPR이 없음!
[13:16:02] 설치된 출구보조 LPR이 없음!
[13:16:02] 설치된 입구전광판이 없음!
[13:16:02] 설치된 출구전광판이 없음!
[13:16:02] LPR재접속 쓰레드시작
[13:16:02] 전광판재접속 쓰레드시작
[13:16:02] 정기권연동 쓰레드시작
[13:16:03] csOutLpr1 접속성공
[13:16:03] csInLpr1 접속성공
[13:16:07] LPR Check: 02가9999,http://10.22.30.20:9080/MSImage/2021/02/25/CH1_20210225131606_02가9999.jpg,1,,,0, 2021-02-25 13:16:06
[13:16:08] File: \\10.22.30.20\MSImage\2021\02\25\CH1_20210225131606_02가9999.jpg
[13:16:08] 정기차량시작: 02가9999, 
[13:16:08] 출구차단기 Open 10.22.30.20:2200
[13:16:08] 정기차량 출차 이미지 가져오기 시작
[13:16:08] 정기차량 출차 이미지 가져오기 끝
[13:16:08] 정기차량처리: 02가9999, 
**************************************************************
[18:30:55] Program Start!
[18:30:55] [DB저장 모드]
[18:30:55] TfrmMain.btnModeClick: 유인운영
[18:30:56] 비로그인
[18:30:56] 설치된 입구보조 LPR이 없음!
[18:30:56] 설치된 출구보조 LPR이 없음!
[18:30:56] 설치된 입구전광판이 없음!
[18:30:56] 설치된 출구전광판이 없음!
[18:30:56] LPR재접속 쓰레드시작
[18:30:56] 전광판재접속 쓰레드시작
[18:30:56] 정기권연동 쓰레드시작
[18:30:57] csInLpr1 접속성공
[18:30:57] csOutLpr1 접속성공
[18:31:44] LPR Check: 02가9999,http://10.22.30.20:9080/MSImageCH1#경기46로8862#O#C:/Users/loyal/Desktop/DUBAI_LPR/0101/CH1_20180101005010_DUBA1.jpgLPR_N,1,,,0, LPR\-01-01 \C:H1:_2
[18:31:44] File: \\10.22.30.20\MSImageCH1#경기46로8862#O#C:\Users\loyal\Desktop\DUBAI_LPR\0101\CH1_20180101005010_DUBA1.jpgLPR_N
[18:31:44] 정기차량시작: 02가9999, 
[18:31:44] 입구차단기 Open 10.22.30.20:2100
[18:31:44] File 없음: \\10.22.30.20\MSImageCH1#경기46로8862#O#C:\Users\loyal\Desktop\DUBAI_LPR\0101\CH1_20180101005010_DUBA1.jpgLPR_N
[18:31:44] 정기차량처리: 02가9999, 
**************************************************************
[18:32:34] Program Start!
[18:32:34] [DB저장 모드]
[18:32:34] TfrmMain.btnModeClick: 유인운영
[18:32:35] 비로그인
[18:32:35] 설치된 입구보조 LPR이 없음!
[18:32:35] 설치된 출구보조 LPR이 없음!
[18:32:35] 설치된 입구전광판이 없음!
[18:32:35] 설치된 출구전광판이 없음!
[18:32:35] LPR재접속 쓰레드시작
[18:32:35] 전광판재접속 쓰레드시작
[18:32:36] 정기권연동 쓰레드시작
[18:32:36] csOutLpr1 접속성공
[18:32:36] csInLpr1 접속성공
[18:32:39] LPR Check: 02가9999,http://10.22.30.20:9080/MSImageCH1#경기46로8862#O#C:/Users/loyal/Desktop/DUBAI_LPR/0101/CH1_20180101005010_DUBA1.jpg,1,,,0, LPR\-01-01 \C:H1:_2
[18:32:39] File: \\10.22.30.20\MSImageCH1#경기46로8862#O#C:\Users\loyal\Desktop\DUBAI_LPR\0101\CH1_20180101005010_DUBA1.jpg
[18:32:39] 정기차량시작: 02가9999, 
[18:32:39] 입구차단기 Open 10.22.30.20:2100
[18:32:48] RecvLprProc: PRIMARY KEY 제약 조건 'PK_IOSData'을(를) 위반했습니다. 개체 'dbo.IOSData'에 중복 키를 삽입할 수 없습니다. 중복 키 값은 (1, 71, LPR\-01-01, \C:H1:_2, 0063358440)입니다
[18:32:49] InLPRRead: 'L' is not a valid integer value
**************************************************************
[18:32:59] Program Start!
[18:32:59] [DB저장 모드]
[18:32:59] TfrmMain.btnModeClick: 유인운영
[18:33:00] 비로그인
[18:33:00] 설치된 입구보조 LPR이 없음!
[18:33:00] 설치된 출구보조 LPR이 없음!
[18:33:00] 설치된 입구전광판이 없음!
[18:33:00] 설치된 출구전광판이 없음!
[18:33:00] LPR재접속 쓰레드시작
[18:33:01] 전광판재접속 쓰레드시작
[18:33:01] 정기권연동 쓰레드시작
[18:33:01] csInLpr1 접속성공
[18:33:01] csOutLpr1 접속성공
[18:33:05] LPR Check: 02가9999,http://10.22.30.20:9080/MSImageCH1#경기46로8862#O#C:/Users/loyal/Desktop/DUBAI_LPR/0101/CH1_20180101005010_DUBA1.jpg,1,,,0, LPR\-01-01 \C:H1:_2
[18:33:05] File: \\10.22.30.20\MSImageCH1#경기46로8862#O#C:\Users\loyal\Desktop\DUBAI_LPR\0101\CH1_20180101005010_DUBA1.jpg
[18:33:05] 정기차량시작: 02가9999, 
[18:33:05] 입구차단기 Open 10.22.30.20:2100
[18:33:10] RecvLprProc: PRIMARY KEY 제약 조건 'PK_IOSData'을(를) 위반했습니다. 개체 'dbo.IOSData'에 중복 키를 삽입할 수 없습니다. 중복 키 값은 (1, 71, LPR\-01-01, \C:H1:_2, 0063358440)입니다
[18:33:11] InLPRRead: 'L' is not a valid integer value
**************************************************************
[18:33:36] Program Start!
[18:33:36] [DB저장 모드]
[18:33:36] TfrmMain.btnModeClick: 유인운영
[18:33:37] 비로그인
[18:33:37] 설치된 입구보조 LPR이 없음!
[18:33:37] 설치된 출구보조 LPR이 없음!
[18:33:37] 설치된 입구전광판이 없음!
[18:33:37] 설치된 출구전광판이 없음!
[18:33:37] LPR재접속 쓰레드시작
[18:33:37] 전광판재접속 쓰레드시작
[18:33:37] 정기권연동 쓰레드시작
[18:33:38] csInLpr1 접속성공
[18:33:38] csOutLpr1 접속성공
**************************************************************
[18:34:30] Program Start!
[18:34:30] [DB저장 모드]
[18:34:30] TfrmMain.btnModeClick: 유인운영
[18:34:31] 비로그인
[18:34:31] 설치된 입구보조 LPR이 없음!
[18:34:31] 설치된 출구보조 LPR이 없음!
[18:34:31] 설치된 입구전광판이 없음!
[18:34:31] 설치된 출구전광판이 없음!
[18:34:31] LPR재접속 쓰레드시작
[18:34:31] 전광판재접속 쓰레드시작
[18:34:31] 정기권연동 쓰레드시작
[18:34:32] csInLpr1 접속성공
[18:34:32] csOutLpr1 접속성공
**************************************************************
[18:35:30] Program Start!
[18:35:30] [DB저장 모드]
[18:35:30] TfrmMain.btnModeClick: 유인운영
[18:35:31] 비로그인
[18:35:31] 설치된 입구보조 LPR이 없음!
[18:35:31] 설치된 출구보조 LPR이 없음!
[18:35:31] 설치된 입구전광판이 없음!
[18:35:31] 설치된 출구전광판이 없음!
[18:35:31] LPR재접속 쓰레드시작
[18:35:31] 전광판재접속 쓰레드시작
[18:35:31] 정기권연동 쓰레드시작
[18:35:32] csInLpr1 접속성공
[18:35:32] csOutLpr1 접속성공
**************************************************************
[18:36:15] Program Start!
[18:36:15] [DB저장 모드]
[18:36:15] TfrmMain.btnModeClick: 유인운영
[18:36:15] 비로그인
[18:36:15] 설치된 입구보조 LPR이 없음!
[18:36:15] 설치된 출구보조 LPR이 없음!
[18:36:15] 설치된 입구전광판이 없음!
[18:36:15] 설치된 출구전광판이 없음!
[18:36:16] LPR재접속 쓰레드시작
[18:36:16] 전광판재접속 쓰레드시작
[18:36:16] 정기권연동 쓰레드시작
[18:36:16] csInLpr1 접속성공
[18:36:17] csOutLpr1 접속성공
[18:36:22] Program Close
**************************************************************
[18:45:09] Program Start!
[18:45:09] [DB저장 모드]
[18:45:09] TfrmMain.btnModeClick: 유인운영
[18:45:10] 비로그인
[18:45:10] 설치된 입구보조 LPR이 없음!
[18:45:10] 설치된 출구보조 LPR이 없음!
[18:45:10] 설치된 입구전광판이 없음!
[18:45:10] 설치된 출구전광판이 없음!
[18:45:10] LPR재접속 쓰레드시작
[18:45:10] 전광판재접속 쓰레드시작
[18:45:10] 정기권연동 쓰레드시작
[18:45:11] csInLpr1 접속성공
[18:45:11] csOutLpr1 접속성공
[18:45:11] 10.22.23.1
[18:45:11] 10.22.23.1
[18:45:11] LPR_N
[18:45:12] LPR_N
[18:45:12] LPR_N
[18:45:16] CH1#02가9999#N#CH1#경기46로8862#O#C:\Users\loyal\Desktop\DUBAI_LPR\0101\CH1_20180101005010_DUBA1.jpg
[18:45:16] LPR_N
[18:45:18] LPR_N
[18:45:22] LPR_N
[18:45:23] LPR_N
[18:45:25] Program Close
**************************************************************
[18:51:13] Program Start!
[18:51:13] [DB저장 모드]
[18:51:13] TfrmMain.btnModeClick: 유인운영
[18:51:13] 비로그인
[18:51:13] 설치된 입구보조 LPR이 없음!
[18:51:13] 설치된 출구보조 LPR이 없음!
[18:51:13] 설치된 입구전광판이 없음!
[18:51:13] 설치된 출구전광판이 없음!
[18:51:13] LPR재접속 쓰레드시작
[18:51:13] 전광판재접속 쓰레드시작
[18:51:13] 정기권연동 쓰레드시작
[18:51:14] csInLpr1 접속성공
[18:51:14] csOutLpr1 접속성공
[18:52:15] Program Close
**************************************************************
[18:53:07] Program Start!
[18:53:07] [DB저장 모드]
[18:53:07] TfrmMain.btnModeClick: 유인운영
[18:53:08] 비로그인
[18:53:08] 설치된 입구보조 LPR이 없음!
[18:53:08] 설치된 출구보조 LPR이 없음!
[18:53:08] 설치된 입구전광판이 없음!
[18:53:08] 설치된 출구전광판이 없음!
[18:53:09] csInLpr1 접속성공
[18:53:09] csOutLpr1 접속성공
[18:53:13] Program Close
