**************************************************************
[13:48:04] Program Start!
[13:48:04] [DB저장 모드]
[13:48:04] TfrmMain.btnModeClick: 유인운영
[13:48:04] 비로그인
[13:48:04] 설치된 출구보조 LPR이 없음!
[13:48:04] 설치된 출구 LPR이 없음!
[13:48:04] 설치된 입구전광판이 없음!
[13:48:04] 설치된 출구전광판이 없음!
[13:48:04] LPR재접속 쓰레드시작
[13:48:05] 전광판재접속 쓰레드시작
[13:48:05] 정기권연동 쓰레드시작
[13:48:05] csInLpr1 접속성공
[13:48:05] [subcsInLpr1] 10.22.30.20:2200 접속성공
**************************************************************
[13:48:15] Program Start!
[13:48:15] [DB저장 모드]
[13:48:15] TfrmMain.btnModeClick: 유인운영
[13:48:15] 비로그인
[13:48:15] 설치된 출구보조 LPR이 없음!
[13:48:15] 설치된 출구 LPR이 없음!
[13:48:15] 설치된 입구전광판이 없음!
[13:48:15] 설치된 출구전광판이 없음!
[13:48:16] LPR재접속 쓰레드시작
[13:48:16] 전광판재접속 쓰레드시작
[13:48:16] 정기권연동 쓰레드시작
[13:48:16] csInLpr1 접속성공
[13:48:16] [subcsInLpr1] 10.22.30.20:2200 접속성공
**************************************************************
[13:48:26] Program Start!
[13:48:26] [DB저장 모드]
[13:48:26] TfrmMain.btnModeClick: 유인운영
[13:48:26] 비로그인
[13:48:26] 설치된 출구보조 LPR이 없음!
[13:48:26] 설치된 출구 LPR이 없음!
[13:48:26] 설치된 입구전광판이 없음!
[13:48:26] 설치된 출구전광판이 없음!
[13:48:26] LPR재접속 쓰레드시작
[13:48:26] 전광판재접속 쓰레드시작
[13:48:26] 정기권연동 쓰레드시작
[13:48:27] csInLpr1 접속성공
[13:48:27] [subcsInLpr1] 10.22.30.20:2200 접속성공
[13:48:29] Program Close
