**************************************************************
[09:23:56] Program Start!
[09:23:56] [DB저장 모드]
[09:23:56] TfrmMain.btnModeClick: 유인운영
[09:23:57] 비로그인
[09:23:57] 설치된 입구보조 LPR이 없음!
[09:23:57] 설치된 출구보조 LPR이 없음!
[09:23:57] 설치된 입구전광판이 없음!
[09:23:57] 설치된 출구전광판이 없음!
[09:23:57] LPR재접속 쓰레드시작
[09:23:57] 전광판재접속 쓰레드시작
[09:23:57] 정기권연동 쓰레드시작
[09:23:58] csInLpr1 접속성공
[09:23:58] csOutLpr1 접속성공
**************************************************************
[09:24:41] Program Start!
[09:24:41] [DB저장 모드]
[09:24:41] TfrmMain.btnModeClick: 유인운영
[09:24:42] 비로그인
[09:24:42] 설치된 입구보조 LPR이 없음!
[09:24:42] 설치된 출구보조 LPR이 없음!
[09:24:42] 설치된 입구전광판이 없음!
[09:24:42] 설치된 출구전광판이 없음!
[09:24:42] LPR재접속 쓰레드시작
[09:24:42] 전광판재접속 쓰레드시작
[09:24:42] 정기권연동 쓰레드시작
[09:24:43] csInLpr1 접속성공
[09:24:43] csOutLpr1 접속성공
**************************************************************
[09:25:22] Program Start!
[09:25:22] [DB저장 모드]
[09:25:22] TfrmMain.btnModeClick: 유인운영
[09:25:23] 비로그인
[09:25:23] 설치된 입구보조 LPR이 없음!
[09:25:23] 설치된 출구보조 LPR이 없음!
[09:25:23] 설치된 입구전광판이 없음!
[09:25:23] 설치된 출구전광판이 없음!
[09:25:23] LPR재접속 쓰레드시작
[09:25:23] 전광판재접속 쓰레드시작
[09:25:23] 정기권연동 쓰레드시작
[09:25:24] csOutLpr1 접속성공
[09:25:24] csInLpr1 접속성공
**************************************************************
[09:25:40] Program Start!
[09:25:40] [DB저장 모드]
[09:25:40] TfrmMain.btnModeClick: 유인운영
[09:25:40] 비로그인
[09:25:40] 설치된 입구보조 LPR이 없음!
[09:25:40] 설치된 출구보조 LPR이 없음!
[09:25:40] 설치된 입구전광판이 없음!
[09:25:40] 설치된 출구전광판이 없음!
[09:25:40] LPR재접속 쓰레드시작
[09:25:41] 전광판재접속 쓰레드시작
[09:25:41] 정기권연동 쓰레드시작
[09:25:41] csInLpr1 접속성공
[09:25:41] csOutLpr1 접속성공
