**************************************************************
[12:40:51] Program Start!
[12:40:51] [DB저장 모드]
[12:40:51] TfrmMain.btnModeClick: 유인운영
[12:40:52] 비로그인
[12:40:52] 설치된 입구보조 LPR이 없음!
[12:40:52] 설치된 출구보조 LPR이 없음!
[12:40:52] 설치된 입구전광판이 없음!
[12:40:52] 설치된 입구보조전광판이 없음!
[12:40:52] 설치된 출구전광판이 없음!
[12:40:52] LPR재접속 쓰레드시작
[12:40:52] 전광판재접속 쓰레드시작
[12:40:52] 정기권연동 쓰레드시작
[12:40:53] csInLpr1 접속성공
[12:40:53] csOutLpr1 접속성공
[12:41:01] Program Close
**************************************************************
[12:45:14] Program Start!
[12:45:14] [DB저장 모드]
[12:45:14] TfrmMain.btnModeClick: 유인운영
[12:45:14] 비로그인
[12:45:14] 설치된 입구보조 LPR이 없음!
[12:45:14] 설치된 출구보조 LPR이 없음!
[12:45:14] 설치된 입구전광판이 없음!
[12:45:14] 설치된 입구보조전광판이 없음!
[12:45:15] 설치된 출구전광판이 없음!
[12:45:15] LPR재접속 쓰레드시작
[12:45:15] 전광판재접속 쓰레드시작
[12:45:15] 정기권연동 쓰레드시작
[12:45:16] csInLpr1 접속성공
[12:45:16] csOutLpr1 접속성공
[12:45:28] Program Close
**************************************************************
[12:47:17] Program Start!
[12:47:17] [DB저장 모드]
[12:47:17] TfrmMain.btnModeClick: 유인운영
[12:47:17] 비로그인
[12:47:17] 설치된 입구보조 LPR이 없음!
[12:47:17] 설치된 출구보조 LPR이 없음!
[12:47:17] 설치된 입구전광판이 없음!
[12:47:17] 설치된 입구보조전광판이 없음!
[12:47:17] 설치된 출구전광판이 없음!
[12:47:17] LPR재접속 쓰레드시작
[12:47:17] 전광판재접속 쓰레드시작
[12:47:18] 정기권연동 쓰레드시작
[12:47:18] csInLpr1 접속성공
[12:47:18] csOutLpr1 접속성공
[12:51:05] Program Close
**************************************************************
[12:52:45] Program Start!
[12:52:45] [DB저장 모드]
[12:52:45] TfrmMain.btnModeClick: 유인운영
[12:52:45] 비로그인
[12:52:45] 설치된 입구보조 LPR이 없음!
[12:52:45] 설치된 출구보조 LPR이 없음!
[12:52:45] 설치된 입구전광판이 없음!
[12:52:45] 설치된 입구보조전광판이 없음!
[12:52:45] 설치된 출구전광판이 없음!
[12:52:45] LPR재접속 쓰레드시작
[12:52:45] 전광판재접속 쓰레드시작
[12:52:45] 정기권연동 쓰레드시작
[12:52:46] csOutLpr1 접속성공
[12:52:46] csInLpr1 접속성공
[12:53:23] Program Close
**************************************************************
[12:53:38] Program Start!
[12:53:38] [DB저장 모드]
[12:53:38] TfrmMain.btnModeClick: 유인운영
[12:53:39] 비로그인
[12:53:39] 설치된 입구보조 LPR이 없음!
[12:53:39] 설치된 출구보조 LPR이 없음!
[12:53:39] 설치된 입구전광판이 없음!
[12:53:39] 설치된 입구보조전광판이 없음!
[12:53:39] 설치된 출구전광판이 없음!
[12:53:39] LPR재접속 쓰레드시작
[12:53:39] 전광판재접속 쓰레드시작
[12:53:39] 정기권연동 쓰레드시작
[12:53:40] csInLpr1 접속성공
[12:53:40] csOutLpr1 접속성공
[12:53:43] Program Close
**************************************************************
[12:54:50] Program Start!
[12:54:50] [DB저장 모드]
[12:54:50] TfrmMain.btnModeClick: 유인운영
[12:54:50] 비로그인
[12:54:50] 설치된 입구보조 LPR이 없음!
[12:54:50] 설치된 출구보조 LPR이 없음!
[12:54:50] 설치된 입구전광판이 없음!
[12:54:50] 설치된 입구보조전광판이 없음!
[12:54:50] 설치된 출구전광판이 없음!
[12:54:50] LPR재접속 쓰레드시작
[12:54:50] 전광판재접속 쓰레드시작
[12:54:50] 정기권연동 쓰레드시작
[12:54:51] csInLpr1 접속성공
[12:54:51] csOutLpr1 접속성공
[12:54:53] Program Close
**************************************************************
[12:55:45] Program Start!
[12:55:45] [DB저장 모드]
[12:55:45] TfrmMain.btnModeClick: 유인운영
[12:55:46] 비로그인
[12:55:46] 설치된 입구보조 LPR이 없음!
[12:55:46] 설치된 출구보조 LPR이 없음!
[12:55:46] 설치된 입구전광판이 없음!
[12:55:46] 설치된 입구보조전광판이 없음!
[12:55:46] 설치된 출구전광판이 없음!
[12:55:46] LPR재접속 쓰레드시작
[12:55:46] 정기권연동 쓰레드시작
[12:55:48] csOutLpr1 접속성공
[12:55:48] csInLpr1 접속성공
[12:55:54] Program Close
**************************************************************
[12:56:28] Program Start!
[12:56:28] [DB저장 모드]
[12:56:28] TfrmMain.btnModeClick: 유인운영
[12:56:29] 비로그인
[12:56:29] 설치된 입구보조 LPR이 없음!
[12:56:29] 설치된 출구보조 LPR이 없음!
[12:56:29] 설치된 입구전광판이 없음!
[12:56:29] 설치된 입구보조전광판이 없음!
[12:56:29] 설치된 출구전광판이 없음!
[12:56:29] LPR재접속 쓰레드시작
[12:56:29] 전광판재접속 쓰레드시작
[12:56:29] 정기권연동 쓰레드시작
**************************************************************
[12:57:38] Program Start!
[12:57:38] [DB저장 모드]
[12:57:38] TfrmMain.btnModeClick: 유인운영
[12:57:38] 비로그인
[12:57:38] 설치된 입구보조 LPR이 없음!
[12:57:38] 설치된 출구보조 LPR이 없음!
[12:57:38] 설치된 입구전광판이 없음!
[12:57:38] 설치된 입구보조전광판이 없음!
[12:57:38] 설치된 출구전광판이 없음!
[12:57:38] LPR재접속 쓰레드시작
[12:57:38] 전광판재접속 쓰레드시작
[12:57:39] 정기권연동 쓰레드시작
[12:57:39] csInLpr1 접속성공
[12:57:39] csOutLpr1 접속성공
[12:57:42] Program Close
**************************************************************
[12:59:01] Program Start!
[12:59:01] [DB저장 모드]
[12:59:01] TfrmMain.btnModeClick: 유인운영
[12:59:02] 비로그인
[12:59:02] 설치된 입구보조 LPR이 없음!
[12:59:02] 설치된 출구보조 LPR이 없음!
[12:59:02] 설치된 입구전광판이 없음!
[12:59:02] 설치된 입구보조전광판이 없음!
[12:59:02] 설치된 출구전광판이 없음!
[12:59:02] LPR재접속 쓰레드시작
[12:59:02] 전광판재접속 쓰레드시작
[12:59:02] 정기권연동 쓰레드시작
[12:59:03] csInLpr1 접속성공
[12:59:03] csOutLpr1 접속성공
[12:59:08] Program Close
**************************************************************
[13:00:30] Program Start!
[13:00:30] [DB저장 모드]
[13:00:30] TfrmMain.btnModeClick: 유인운영
[13:00:31] 비로그인
[13:00:31] 설치된 입구보조 LPR이 없음!
[13:00:31] 설치된 출구보조 LPR이 없음!
[13:00:31] 설치된 입구전광판이 없음!
[13:00:31] 설치된 입구보조전광판이 없음!
[13:00:31] 설치된 출구전광판이 없음!
[13:00:31] 정기권연동 쓰레드시작
[13:00:32] csInLpr1 접속성공
[13:00:32] csOutLpr1 접속성공
[13:00:47] Program Close
**************************************************************
[13:03:01] Program Start!
[13:03:01] [DB저장 모드]
[13:03:01] TfrmMain.btnModeClick: 유인운영
[13:03:02] 비로그인
[13:03:02] 설치된 입구보조 LPR이 없음!
[13:03:02] 설치된 출구보조 LPR이 없음!
[13:03:02] 설치된 입구전광판이 없음!
[13:03:02] 설치된 입구보조전광판이 없음!
[13:03:02] 설치된 출구전광판이 없음!
[13:03:02] LPR재접속 쓰레드시작
[13:03:02] 전광판재접속 쓰레드시작
[13:03:04] csInLpr1 접속성공
[13:03:04] csOutLpr1 접속성공
[13:03:08] Program Close
**************************************************************
[13:04:16] Program Start!
[13:04:16] [DB저장 모드]
[13:04:16] TfrmMain.btnModeClick: 유인운영
[13:04:17] 비로그인
[13:04:17] 설치된 입구보조 LPR이 없음!
[13:04:17] 설치된 출구보조 LPR이 없음!
[13:04:17] 설치된 입구전광판이 없음!
[13:04:17] 설치된 입구보조전광판이 없음!
[13:04:17] 설치된 출구전광판이 없음!
[13:04:17] LPR재접속 쓰레드시작
[13:04:17] 전광판재접속 쓰레드시작
[13:04:17] 정기권연동 쓰레드시작
[13:04:18] csOutLpr1 접속성공
[13:04:18] csInLpr1 접속성공
[13:04:25] Program Close
**************************************************************
[13:05:50] Program Start!
[13:05:50] [DB저장 모드]
[13:05:50] TfrmMain.btnModeClick: 유인운영
[13:05:51] 비로그인
[13:05:51] 설치된 입구보조 LPR이 없음!
[13:05:51] 설치된 출구보조 LPR이 없음!
[13:05:51] 설치된 입구전광판이 없음!
[13:05:51] 설치된 입구보조전광판이 없음!
[13:05:51] 설치된 출구전광판이 없음!
[13:05:51] LPR재접속 쓰레드시작
[13:05:51] 전광판재접속 쓰레드시작
[13:05:51] 정기권연동 쓰레드시작
[13:05:52] csInLpr1 접속성공
[13:05:52] csOutLpr1 접속성공
[13:06:15] Program Close
**************************************************************
[13:06:43] Program Start!
[13:06:43] [DB저장 모드]
[13:06:43] TfrmMain.btnModeClick: 유인운영
[13:06:44] 비로그인
[13:06:44] 설치된 입구보조 LPR이 없음!
[13:06:44] 설치된 출구보조 LPR이 없음!
[13:06:44] 설치된 입구전광판이 없음!
[13:06:44] 설치된 입구보조전광판이 없음!
[13:06:44] 설치된 출구전광판이 없음!
[13:06:44] LPR재접속 쓰레드시작
[13:06:44] 전광판재접속 쓰레드시작
[13:06:44] 정기권연동 쓰레드시작
[13:06:45] csInLpr1 접속성공
[13:06:45] csOutLpr1 접속성공
[13:06:48] Program Close
**************************************************************
[13:07:17] Program Start!
[13:07:17] [DB저장 모드]
[13:07:17] TfrmMain.btnModeClick: 유인운영
[13:07:18] 비로그인
[13:07:18] 설치된 입구보조 LPR이 없음!
[13:07:18] 설치된 출구보조 LPR이 없음!
[13:07:18] 설치된 입구전광판이 없음!
[13:07:18] 설치된 입구보조전광판이 없음!
[13:07:18] 설치된 출구전광판이 없음!
[13:07:18] LPR재접속 쓰레드시작
[13:07:18] 전광판재접속 쓰레드시작
[13:07:18] 정기권연동 쓰레드시작
[13:07:19] csInLpr1 접속성공
[13:07:19] csOutLpr1 접속성공
[13:07:23] Program Close
**************************************************************
[13:08:23] Program Start!
[13:08:23] [DB저장 모드]
[13:08:24] TfrmMain.btnModeClick: 유인운영
[13:08:24] 비로그인
[13:08:24] 설치된 입구보조 LPR이 없음!
[13:08:24] 설치된 출구보조 LPR이 없음!
[13:08:24] 설치된 입구전광판이 없음!
[13:08:24] 설치된 입구보조전광판이 없음!
[13:08:24] 설치된 출구전광판이 없음!
[13:08:25] LPR재접속 쓰레드시작
[13:08:25] 전광판재접속 쓰레드시작
[13:08:25] 정기권연동 쓰레드시작
[13:08:25] csInLpr1 접속성공
[13:08:25] csOutLpr1 접속성공
[13:08:28] Program Close
**************************************************************
[13:09:28] Program Start!
[13:09:28] [DB저장 모드]
[13:09:28] TfrmMain.btnModeClick: 유인운영
[13:09:29] 비로그인
[13:09:29] 설치된 입구보조 LPR이 없음!
[13:09:29] 설치된 출구보조 LPR이 없음!
[13:09:29] 설치된 입구전광판이 없음!
[13:09:29] 설치된 입구보조전광판이 없음!
[13:09:29] 설치된 출구전광판이 없음!
[13:09:30] 전광판재접속 쓰레드시작
[13:09:30] 정기권연동 쓰레드시작
[13:09:31] csInLpr1 접속성공
[13:09:31] csOutLpr1 접속성공
[13:09:36] Program Close
**************************************************************
[13:11:02] Program Start!
[13:11:02] [DB저장 모드]
[13:11:02] TfrmMain.btnModeClick: 유인운영
[13:11:03] 비로그인
[13:11:03] 설치된 입구보조 LPR이 없음!
[13:11:03] 설치된 출구보조 LPR이 없음!
[13:11:03] 설치된 입구전광판이 없음!
[13:11:03] 설치된 입구보조전광판이 없음!
[13:11:03] 설치된 출구전광판이 없음!
[13:11:03] LPR재접속 쓰레드시작
[13:11:03] 전광판재접속 쓰레드시작
[13:11:03] 정기권연동 쓰레드시작
[13:11:04] csInLpr1 접속성공
[13:11:04] csOutLpr1 접속성공
[13:11:07] Program Close
**************************************************************
[13:11:40] Program Start!
[13:11:40] [DB저장 모드]
[13:11:40] TfrmMain.btnModeClick: 유인운영
[13:11:41] 비로그인
[13:11:41] 설치된 입구보조 LPR이 없음!
[13:11:41] 설치된 출구보조 LPR이 없음!
[13:11:41] 설치된 입구전광판이 없음!
[13:11:41] 설치된 입구보조전광판이 없음!
[13:11:41] 설치된 출구전광판이 없음!
[13:11:41] LPR재접속 쓰레드시작
[13:11:41] 전광판재접속 쓰레드시작
[13:11:42] csInLpr1 접속성공
[13:11:42] csOutLpr1 접속성공
[13:11:45] Program Close
**************************************************************
[13:12:15] Program Start!
[13:12:15] [DB저장 모드]
[13:12:15] TfrmMain.btnModeClick: 유인운영
[13:12:16] 비로그인
[13:12:16] 설치된 입구보조 LPR이 없음!
[13:12:16] 설치된 출구보조 LPR이 없음!
[13:12:16] 설치된 입구전광판이 없음!
[13:12:16] 설치된 입구보조전광판이 없음!
[13:12:16] 설치된 출구전광판이 없음!
[13:12:16] LPR재접속 쓰레드시작
[13:12:16] 전광판재접속 쓰레드시작
[13:12:16] 정기권연동 쓰레드시작
[13:12:17] csInLpr1 접속성공
[13:12:17] csOutLpr1 접속성공
[13:12:20] Program Close
**************************************************************
[13:12:34] Program Start!
[13:12:34] [DB저장 모드]
[13:12:35] TfrmMain.btnModeClick: 유인운영
[13:12:35] 비로그인
[13:12:36] 설치된 입구보조 LPR이 없음!
[13:12:36] 설치된 출구보조 LPR이 없음!
[13:12:36] 설치된 입구전광판이 없음!
[13:12:36] 설치된 입구보조전광판이 없음!
[13:12:36] 설치된 출구전광판이 없음!
[13:12:36] LPR재접속 쓰레드시작
[13:12:36] 전광판재접속 쓰레드시작
[13:12:36] 정기권연동 쓰레드시작
**************************************************************
[13:14:20] Program Start!
[13:14:20] [DB저장 모드]
[13:14:20] TfrmMain.btnModeClick: 유인운영
[13:14:21] 비로그인
[13:14:21] 설치된 입구보조 LPR이 없음!
[13:14:21] 설치된 출구보조 LPR이 없음!
[13:14:21] 설치된 입구전광판이 없음!
[13:14:21] 설치된 입구보조전광판이 없음!
[13:14:21] 설치된 출구전광판이 없음!
[13:14:21] LPR재접속 쓰레드시작
[13:14:22] 정기권연동 쓰레드시작
[13:14:25] csInLpr1 접속성공
[13:14:25] csOutLpr1 접속성공
[13:14:32] Program Close
**************************************************************
[13:16:35] Program Start!
[13:16:35] [DB저장 모드]
[13:16:35] TfrmMain.btnModeClick: 유인운영
[13:16:36] 비로그인
[13:16:36] 설치된 입구보조 LPR이 없음!
[13:16:36] 설치된 출구보조 LPR이 없음!
[13:16:36] 설치된 입구전광판이 없음!
[13:16:36] 설치된 입구보조전광판이 없음!
[13:16:36] 설치된 출구전광판이 없음!
[13:16:36] LPR재접속 쓰레드시작
[13:16:36] 전광판재접속 쓰레드시작
[13:16:36] 정기권연동 쓰레드시작
**************************************************************
[13:17:31] Program Start!
[13:17:31] [DB저장 모드]
[13:17:31] TfrmMain.btnModeClick: 유인운영
[13:17:32] 비로그인
[13:17:32] 설치된 입구보조 LPR이 없음!
[13:17:32] 설치된 출구보조 LPR이 없음!
[13:17:32] 설치된 입구전광판이 없음!
[13:17:32] 설치된 입구보조전광판이 없음!
[13:17:32] 설치된 출구전광판이 없음!
[13:17:32] LPR재접속 쓰레드시작
[13:17:32] 전광판재접속 쓰레드시작
[13:17:34] csInLpr1 접속성공
[13:17:34] csOutLpr1 접속성공
**************************************************************
[13:18:27] Program Start!
[13:18:28] [DB저장 모드]
[13:18:28] TfrmMain.btnModeClick: 유인운영
[13:18:28] 비로그인
[13:18:28] 설치된 입구보조 LPR이 없음!
[13:18:28] 설치된 출구보조 LPR이 없음!
[13:18:28] 설치된 입구전광판이 없음!
[13:18:28] 설치된 입구보조전광판이 없음!
[13:18:28] 설치된 출구전광판이 없음!
[13:18:29] LPR재접속 쓰레드시작
[13:18:29] 정기권연동 쓰레드시작
[13:18:30] csInLpr1 접속성공
[13:18:30] csOutLpr1 접속성공
[13:18:37] Program Close
**************************************************************
[13:19:16] Program Start!
[13:19:16] [DB저장 모드]
[13:19:16] TfrmMain.btnModeClick: 유인운영
[13:19:17] 비로그인
[13:19:17] 설치된 입구보조 LPR이 없음!
[13:19:17] 설치된 출구보조 LPR이 없음!
[13:19:17] 설치된 입구전광판이 없음!
[13:19:17] 설치된 입구보조전광판이 없음!
[13:19:17] 설치된 출구전광판이 없음!
[13:19:17] 전광판재접속 쓰레드시작
[13:19:17] 정기권연동 쓰레드시작
[13:19:19] csInLpr1 접속성공
[13:19:19] csOutLpr1 접속성공
[13:19:22] Program Close
**************************************************************
[13:20:29] Program Start!
[13:20:29] [DB저장 모드]
[13:20:29] TfrmMain.btnModeClick: 유인운영
[13:20:30] 비로그인
[13:20:30] 설치된 입구보조 LPR이 없음!
[13:20:30] 설치된 출구보조 LPR이 없음!
[13:20:30] 설치된 입구전광판이 없음!
[13:20:30] 설치된 입구보조전광판이 없음!
[13:20:30] 설치된 출구전광판이 없음!
[13:20:30] LPR재접속 쓰레드시작
[13:20:30] 전광판재접속 쓰레드시작
[13:20:32] csInLpr1 접속성공
[13:20:32] csOutLpr1 접속성공
[13:20:49] Program Close
**************************************************************
[13:21:05] Program Start!
[13:21:05] [DB저장 모드]
[13:21:05] TfrmMain.btnModeClick: 유인운영
[13:21:06] 비로그인
[13:21:06] 설치된 입구보조 LPR이 없음!
[13:21:06] 설치된 출구보조 LPR이 없음!
[13:21:06] 설치된 입구전광판이 없음!
[13:21:06] 설치된 입구보조전광판이 없음!
[13:21:06] 설치된 출구전광판이 없음!
[13:21:06] LPR재접속 쓰레드시작
[13:21:07] 전광판재접속 쓰레드시작
[13:21:07] 정기권연동 쓰레드시작
[13:21:07] csInLpr1 접속성공
[13:21:07] csOutLpr1 접속성공
[13:21:31] LPR Check: 04우3622,http://10.22.31.1:9080/MSImage/2021/04/23/CH1_20210423132133_04우3622.jpg,1,,,0, 2021-04-23 13:21:33
[13:21:31] File: \\10.22.31.1\MSImage\2021\04\23\CH1_20210423132133_04우3622.jpg
[13:21:31] NormalProc: 일반차량 처리 시작 : 04우3622, 
[13:21:31] 04우3622차량 입차데이터 없음
[13:21:31] 출구차단기 Open 10.22.31.1:3000
[13:21:31] 
[13:21:31] File 없음: \\10.22.31.1\MSImage\2021\04\23\CH1_20210423132133_04우3622.jpg
[13:21:35] Program Close
**************************************************************
[13:22:14] Program Start!
[13:22:15] [DB저장 모드]
[13:22:15] TfrmMain.btnModeClick: 유인운영
[13:22:15] 비로그인
[13:22:16] 설치된 입구보조 LPR이 없음!
[13:22:16] 설치된 출구보조 LPR이 없음!
[13:22:16] 설치된 입구전광판이 없음!
[13:22:16] 설치된 입구보조전광판이 없음!
[13:22:16] 설치된 출구전광판이 없음!
[13:22:16] LPR재접속 쓰레드시작
[13:22:16] 전광판재접속 쓰레드시작
[13:22:16] 정기권연동 쓰레드시작
[13:22:17] csInLpr1 접속성공
[13:22:17] csOutLpr1 접속성공
[13:22:28] Program Close
**************************************************************
[13:22:54] Program Start!
[13:22:54] [DB저장 모드]
[13:22:55] TfrmMain.btnModeClick: 유인운영
[13:22:55] 비로그인
[13:22:55] 설치된 입구보조 LPR이 없음!
[13:22:55] 설치된 출구보조 LPR이 없음!
[13:22:55] 설치된 입구전광판이 없음!
[13:22:55] 설치된 입구보조전광판이 없음!
[13:22:55] 설치된 출구전광판이 없음!
[13:22:56] 전광판재접속 쓰레드시작
[13:22:56] 정기권연동 쓰레드시작
[13:22:57] csInLpr1 접속성공
[13:22:57] csOutLpr1 접속성공
[13:22:59] Program Close
**************************************************************
[13:23:10] Program Start!
[13:23:10] [DB저장 모드]
[13:23:10] TfrmMain.btnModeClick: 유인운영
[13:23:10] 비로그인
[13:23:10] 설치된 입구보조 LPR이 없음!
[13:23:10] 설치된 출구보조 LPR이 없음!
[13:23:10] 설치된 입구전광판이 없음!
[13:23:10] 설치된 입구보조전광판이 없음!
[13:23:10] 설치된 출구전광판이 없음!
[13:23:10] LPR재접속 쓰레드시작
[13:23:10] 전광판재접속 쓰레드시작
[13:23:10] 정기권연동 쓰레드시작
[13:23:11] csInLpr1 접속성공
[13:23:11] csOutLpr1 접속성공
[13:23:17] Program Close
**************************************************************
[13:35:12] Program Start!
[13:35:12] [DB저장 모드]
[13:35:12] TfrmMain.btnModeClick: 유인운영
[13:35:13] 비로그인
[13:35:14] 설치된 입구보조 LPR이 없음!
[13:35:14] 설치된 출구보조 LPR이 없음!
[13:35:14] 설치된 입구전광판이 없음!
[13:35:14] 설치된 입구보조전광판이 없음!
[13:35:14] 설치된 출구전광판이 없음!
[13:35:16] csInLpr1 접속성공
[13:35:16] csOutLpr1 접속성공
[13:35:20] Program Close
**************************************************************
[13:35:36] Program Start!
[13:35:36] [DB저장 모드]
[13:35:36] TfrmMain.btnModeClick: 유인운영
[13:35:36] 비로그인
[13:35:36] 설치된 입구보조 LPR이 없음!
[13:35:36] 설치된 출구보조 LPR이 없음!
[13:35:36] 설치된 입구전광판이 없음!
[13:35:36] 설치된 입구보조전광판이 없음!
[13:35:36] 설치된 출구전광판이 없음!
[13:35:37] LPR재접속 쓰레드시작
[13:35:37] 전광판재접속 쓰레드시작
[13:35:37] 정기권연동 쓰레드시작
[13:35:37] csOutLpr1 접속성공
[13:35:37] csInLpr1 접속성공
[13:35:45] Program Close
**************************************************************
[13:36:47] Program Start!
[13:36:47] [DB저장 모드]
[13:36:47] TfrmMain.btnModeClick: 유인운영
[13:36:47] 비로그인
[13:36:47] 설치된 입구보조 LPR이 없음!
[13:36:47] 설치된 출구보조 LPR이 없음!
[13:36:47] 설치된 입구전광판이 없음!
[13:36:47] 설치된 입구보조전광판이 없음!
[13:36:47] 설치된 출구전광판이 없음!
[13:36:47] LPR재접속 쓰레드시작
[13:36:48] 전광판재접속 쓰레드시작
[13:36:48] 정기권연동 쓰레드시작
[13:36:48] csInLpr1 접속성공
[13:36:48] csOutLpr1 접속성공
[13:36:54] Program Close
**************************************************************
[13:37:26] Program Start!
[13:37:26] [DB저장 모드]
[13:37:26] TfrmMain.btnModeClick: 유인운영
[13:37:27] 비로그인
[13:37:27] 설치된 입구보조 LPR이 없음!
[13:37:27] 설치된 출구보조 LPR이 없음!
[13:37:27] 설치된 입구전광판이 없음!
[13:37:27] 설치된 입구보조전광판이 없음!
[13:37:27] 설치된 출구전광판이 없음!
[13:37:27] LPR재접속 쓰레드시작
[13:37:29] csInLpr1 접속성공
[13:37:29] csOutLpr1 접속성공
[13:37:36] Program Close
**************************************************************
[13:37:45] Program Start!
[13:37:45] [DB저장 모드]
[13:37:45] TfrmMain.btnModeClick: 유인운영
[13:37:46] 비로그인
[13:37:46] 설치된 입구보조 LPR이 없음!
[13:37:46] 설치된 출구보조 LPR이 없음!
[13:37:46] 설치된 입구전광판이 없음!
[13:37:46] 설치된 입구보조전광판이 없음!
[13:37:46] 설치된 출구전광판이 없음!
[13:37:46] LPR재접속 쓰레드시작
[13:37:46] 전광판재접속 쓰레드시작
[13:37:46] 정기권연동 쓰레드시작
[13:37:47] csInLpr1 접속성공
[13:37:47] csOutLpr1 접속성공
[13:37:52] Program Close
