**************************************************************
[14:58:12] Program Start!
[14:58:12] [DB저장 모드]
[14:58:12] TfrmMain.btnModeClick: 유인운영
[14:58:13] 비로그인
[14:58:13] 설치된 입구보조 LPR이 없음!
[14:58:13] 설치된 출구보조 LPR이 없음!
[14:58:13] 설치된 출구 LPR이 없음!
[14:58:13] 설치된 입구전광판이 없음!
[14:58:13] 설치된 입구보조전광판이 없음!
[14:58:13] 설치된 출구전광판이 없음!
[14:58:14] 전광판재접속 쓰레드시작
[14:58:14] 설치된 영수증프린터가 없음!
[14:58:15] csInLpr1 접속성공
[14:58:15] csInLpr2 접속성공
[14:58:19] [전광판 고정문구] Access violation at address 00E0A7BD in module 'SC_IO.exe'. Read of address 0000004C
[14:58:36] fullDsp1: 10060
[14:58:36] fullDspSub1: 10060
[14:58:37] fullDspSub1: 10060
[14:58:37] fullDsp1: 10060
[14:58:54] [전광판 고정문구] Access violation at address 00E0A7BD in module 'SC_IO.exe'. Read of address 0000004C
[14:59:28] [전광판 고정문구] Access violation at address 00E0A7BD in module 'SC_IO.exe'. Read of address 0000004C
[14:59:34] Program Close
**************************************************************
[15:00:48] Program Start!
[15:00:48] [DB저장 모드]
[15:00:48] TfrmMain.btnModeClick: 유인운영
[15:00:49] 비로그인
[15:00:49] 설치된 입구보조 LPR이 없음!
[15:00:49] 설치된 출구보조 LPR이 없음!
[15:00:49] 설치된 출구 LPR이 없음!
[15:00:49] 설치된 입구전광판이 없음!
[15:00:49] 설치된 입구보조전광판이 없음!
[15:00:49] 설치된 출구전광판이 없음!
[15:00:50] LPR재접속 쓰레드시작
[15:00:50] 전광판재접속 쓰레드시작
[15:00:50] 정기권연동 쓰레드시작
[15:00:50] 설치된 영수증프린터가 없음!
[15:00:51] csInLpr1 접속성공
[15:00:51] csInLpr2 접속성공
[15:00:55] [전광판 고정문구] Access violation at address 00E0A7BD in module 'SC_IO.exe'. Read of address 0000004C
[15:00:57] LPR Check: 58러6254,http://10.22.31.1:9080/MSImage/2021/05/18/CH1_20210518150059_58러6254.jpg,1,,,0, 2021-05-18 15:00:59
[15:00:57] File: \\10.22.31.1\MSImage\2021\05\18\CH1_20210518150059_58러6254.jpg
[15:00:57] 정기차량시작: 58러6254, 
[15:01:00] DspProc: Access violation at address 00DC063A in module 'SC_IO.exe'. Read of address 0000004C
[15:01:00] File 없음: \\10.22.31.1\MSImage\2021\05\18\CH1_20210518150059_58러6254.jpg
[15:01:00] 정기차량처리: 58러6254, 
[15:01:10] LPR Check: 58러6254,http://10.22.31.1:9080/MSImage/2021/05/18/CH1_20210518150112_58러6254.jpg,1,,,0, 2021-05-18 15:01:12
[15:01:10] File: \\10.22.31.1\MSImage\2021\05\18\CH1_20210518150112_58러6254.jpg
[15:01:10] 정기차량시작: 58러6254, 
[15:01:16] DspProc: Access violation at address 00DC063A in module 'SC_IO.exe'. Read of address 0000004C
[15:01:16] File 없음: \\10.22.31.1\MSImage\2021\05\18\CH1_20210518150112_58러6254.jpg
[15:01:16] 정기차량처리: 58러6254, 
**************************************************************
[15:04:34] Program Start!
[15:04:34] [DB저장 모드]
[15:04:34] TfrmMain.btnModeClick: 유인운영
[15:04:36] 비로그인
[15:04:36] 설치된 입구보조 LPR이 없음!
[15:04:36] 설치된 출구보조 LPR이 없음!
[15:04:36] 설치된 출구 LPR이 없음!
[15:04:36] 설치된 입구전광판이 없음!
[15:04:36] 설치된 입구보조전광판이 없음!
[15:04:36] 설치된 출구전광판이 없음!
[15:04:37] 설치된 영수증프린터가 없음!
[15:04:38] csInLpr1 접속성공
[15:04:38] csInLpr2 접속성공
[15:04:42] [전광판 고정문구] Access violation at address 00E0A7BD in module 'SC_IO.exe'. Read of address 0000004C
[15:04:45] LPR Check: 58러6254,http://10.22.31.1:9080/MSImage/2021/05/18/CH1_20210518150446_58러6254.jpg,1,,,0, 2021-05-18 15:04:46
[15:04:45] File: \\10.22.31.1\MSImage\2021\05\18\CH1_20210518150446_58러6254.jpg
[15:04:45] 정기차량시작: 58러6254, 
[15:04:46] DspProc: Access violation at address 00DC063A in module 'SC_IO.exe'. Read of address 0000004C
[15:04:47] File 없음: \\10.22.31.1\MSImage\2021\05\18\CH1_20210518150446_58러6254.jpg
[15:04:47] 정기차량처리: 58러6254, 
[15:04:54] LPR Check: 58러6254,http://10.22.31.1:9080/MSImage/2021/05/18/CH1_20210518150456_58러6254.jpg,1,,,0, 2021-05-18 15:04:56
[15:04:54] File: \\10.22.31.1\MSImage\2021\05\18\CH1_20210518150456_58러6254.jpg
[15:04:54] 정기차량시작: 58러6254, 
[15:04:56] DspProc: Access violation at address 00DC063A in module 'SC_IO.exe'. Read of address 0000004C
[15:04:56] File 없음: \\10.22.31.1\MSImage\2021\05\18\CH1_20210518150456_58러6254.jpg
[15:04:56] 정기차량처리: 58러6254, 
**************************************************************
[15:07:05] Program Start!
[15:07:05] [DB저장 모드]
[15:07:05] TfrmMain.btnModeClick: 유인운영
[15:07:06] 비로그인
[15:07:06] 설치된 입구보조 LPR이 없음!
[15:07:06] 설치된 출구보조 LPR이 없음!
[15:07:06] 설치된 출구 LPR이 없음!
[15:07:06] 설치된 입구전광판이 없음!
[15:07:06] 설치된 입구보조전광판이 없음!
[15:07:06] 설치된 출구전광판이 없음!
[15:07:06] LPR재접속 쓰레드시작
[15:07:07] 설치된 영수증프린터가 없음!
[15:07:08] csInLpr2 접속성공
[15:07:08] csInLpr1 접속성공
[15:07:12] [전광판 고정문구] Access violation at address 00E0A7BD in module 'SC_IO.exe'. Read of address 0000004C
[15:07:12] LPR Check: 58러6254,http://10.22.31.1:9080/MSImage/2021/05/18/CH1_20210518150712_58러6254.jpgLPR_N,1,,,0, 2021-05-18 15:07:12
[15:07:12] File: \\10.22.31.1\MSImage\2021\05\18\CH1_20210518150712_58러6254.jpgLPR_N
[15:07:12] 정기차량시작: 58러6254, 
[15:07:13] DspProc: Access violation at address 00DC063A in module 'SC_IO.exe'. Read of address 0000004C
[15:07:13] File 없음: \\10.22.31.1\MSImage\2021\05\18\CH1_20210518150712_58러6254.jpgLPR_N
[15:07:13] 정기차량처리: 58러6254, 
