**************************************************************
[14:15:22] Program Start!
[14:15:22] [DB저장 모드]
[14:15:22] TfrmMain.btnModeClick: 유인운영
[14:15:23] 비로그인
[14:15:23] 설치된 입구보조 LPR이 없음!
[14:15:23] 설치된 출구보조 LPR이 없음!
[14:15:24] 설치된 입구전광판이 없음!
[14:15:24] 설치된 출구전광판이 없음!
[14:15:25] LPR재접속 쓰레드시작
[14:15:25] 전광판재접속 쓰레드시작
[14:15:25] 정기권연동 쓰레드시작
[14:15:32] Program Close
**************************************************************
[14:17:55] Program Start!
[14:17:55] [DB저장 모드]
[14:17:55] TfrmMain.btnModeClick: 유인운영
[14:17:55] 비로그인
[14:17:56] 설치된 입구보조 LPR이 없음!
[14:17:56] 설치된 출구보조 LPR이 없음!
[14:17:57] 설치된 입구전광판이 없음!
[14:17:57] 설치된 출구전광판이 없음!
[14:17:57] LPR재접속 쓰레드시작
[14:17:57] 전광판재접속 쓰레드시작
[14:17:57] 정기권연동 쓰레드시작
[14:18:01] Program Close
**************************************************************
[14:19:01] Program Start!
[14:19:01] [DB저장 모드]
[14:19:01] TfrmMain.btnModeClick: 유인운영
[14:19:01] 비로그인
[14:19:01] 설치된 입구보조 LPR이 없음!
[14:19:01] 설치된 출구보조 LPR이 없음!
[14:19:02] 설치된 입구전광판이 없음!
[14:19:02] 설치된 출구전광판이 없음!
[14:19:02] LPR재접속 쓰레드시작
[14:19:02] 전광판재접속 쓰레드시작
[14:19:02] 정기권연동 쓰레드시작
[14:23:10] Program Close
**************************************************************
[14:23:39] Program Start!
[14:23:39] [DB저장 모드]
[14:23:39] TfrmMain.btnModeClick: 유인운영
[14:23:39] 비로그인
[14:23:39] 설치된 입구보조 LPR이 없음!
[14:23:39] 설치된 출구보조 LPR이 없음!
[14:23:40] 설치된 입구전광판이 없음!
[14:23:40] 설치된 출구전광판이 없음!
[14:23:40] LPR재접속 쓰레드시작
[14:23:40] 전광판재접속 쓰레드시작
[14:23:40] 정기권연동 쓰레드시작
[14:28:58] XML파싱 시작!
[14:28:58] ICon_VisitListProcess : 조회 응답 전문 생성(신버전)  : <?xml version="1.0"?>
<imap ver="1.0" address="26.208.153.49" sender="주차관제"><service type="reply" name="car_guest_info" result="ok"><request_info name="homedev" id_high="810" id_low="1901" type="main"/><policy limit_car_regi="2" limit_time="48" limit_duration="7" limit_credit="10/month"/><action>"query"</action></service></imap>

[14:28:58] XML파싱 종료!
[14:47:28] XML파싱 시작!
[14:47:28] ICon_VisitListProcess : 조회 응답 전문 생성(신버전)  : <?xml version="1.0"?>
<imap ver="1.0" address="26.208.153.49" sender="주차관제"><service type="reply" name="car_guest_info" result="ok"><request_info name="homedev" id_high="810" id_low="1901" type="main"/><policy limit_car_regi="2" limit_time="48" limit_duration="7" limit_credit="10/month"/><action>"query"</action></service></imap>

[14:47:28] XML파싱 종료!
[14:47:49] XML파싱 시작!
[14:47:49] ICon_VisitListProcess : 조회 응답 전문 생성(신버전)  : <?xml version="1.0"?>
<imap ver="1.0" address="26.208.153.49" sender="주차관제"><service type="reply" name="car_guest_info" result="ok"><request_info name="homedev" id_high="810" id_low="1901" type="main"/><policy limit_car_regi="2" limit_time="48" limit_duration="7" limit_credit="10/month"/><action>"query"</action></service></imap>

[14:47:49] XML파싱 종료!
[14:48:51] XML파싱 시작!
[14:48:51] ICon_VisitAddRespone : 등록 응답 전문 생성 : 
[14:48:51] XML파싱 종료!
[14:48:54] XML파싱 시작!
[14:48:54] ICon_VisitListProcess : 조회 응답 전문 생성(신버전)  : <?xml version="1.0"?>
<imap ver="1.0" address="26.208.153.49" sender="주차관제"><service type="reply" name="car_guest_info" result="ok"><request_info name="homedev" id_high="810" id_low="1901" type="main"/><policy limit_car_regi="2" limit_time="48" limit_duration="7" limit_credit="10/month"/><action>"query"</action><params car_num="123루3333" period="2021-05-25 00:00:00/2021-05-25 23:59:59" date="2021-05-25 14:48:51" message="null"/></service></imap>

[14:48:54] XML파싱 종료!
[14:50:34] XML파싱 시작!
[14:50:34] ICon_VisitAddRespone : 등록 응답 전문 생성 : 
[14:50:34] XML파싱 종료!
[14:50:38] XML파싱 시작!
[14:50:38] ICon_VisitListProcess : 조회 응답 전문 생성(신버전)  : <?xml version="1.0"?>
<imap ver="1.0" address="26.208.153.49" sender="주차관제"><service type="reply" name="car_guest_info" result="ok"><request_info name="homedev" id_high="810" id_low="1901" type="main"/><policy limit_car_regi="2" limit_time="48" limit_duration="7" limit_credit="10/month"/><action>"query"</action><params car_num="12호3333" period="2021-05-25 00:00:00/2021-05-25 23:59:59" date="2021-05-25 14:50:34" message="null"/><params car_num="123루3333" period="2021-05-25 00:00:00/2021-05-25 23:59:59" date="2021-05-25 14:48:51" message="null"/></service></imap>

[14:50:38] XML파싱 종료!
[14:51:11] XML파싱 시작!
[14:51:11] ICon_VisitListProcess : 조회 응답 전문 생성(신버전)  : <?xml version="1.0"?>
<imap ver="1.0" address="26.208.153.49" sender="주차관제"><service type="reply" name="car_guest_info" result="ok"><request_info name="homedev" id_high="810" id_low="1901" type="main"/><policy limit_car_regi="2" limit_time="48" limit_duration="7" limit_credit="10/month"/><action>"query"</action><params car_num="12호3333" period="2021-05-25 00:00:00/2021-05-25 23:59:59" date="2021-05-25 14:50:34" message="null"/><params car_num="123루3333" period="2021-05-25 00:00:00/2021-05-25 23:59:59" date="2021-05-25 14:48:51" message="null"/></service></imap>

[14:51:11] XML파싱 종료!
[14:51:21] XML파싱 시작!
[14:51:21] ICon_VisitListProcess : 조회 응답 전문 생성(신버전)  : <?xml version="1.0"?>
<imap ver="1.0" address="26.208.153.49" sender="주차관제"><service type="reply" name="car_guest_info" result="ok"><request_info name="homedev" id_high="810" id_low="1901" type="main"/><policy limit_car_regi="2" limit_time="48" limit_duration="7" limit_credit="10/month"/><action>"query"</action><params car_num="12호3333" period="2021-05-25 00:00:00/2021-05-25 23:59:59" date="2021-05-25 14:50:34" message="null"/><params car_num="123루3333" period="2021-05-25 00:00:00/2021-05-25 23:59:59" date="2021-05-25 14:48:51" message="null"/></service></imap>

[14:51:21] XML파싱 종료!
[14:51:23] XML파싱 시작!
[14:51:23] ICon_VisitDelProcess : 삭제 응답 전문 생성 : <?xml version="1.0"?>
<imap ver="1.0" address="26.208.153.49" sender="주차관제"><service type="reply" name="car_guest_info" result="ok"><request_info name="homedev" id_high="810" id_low="1901" type="main"/><policy limit_car_regi="2" limit_time="48" limit_duration="7" limit_credit="10/month"/><action>"delete"</action><params car_num="123루3333" period="2021-05-25 00:00:00/2021-05-25 23:59:59" date="2021-05-25 14:48:51" message="null"/></service></imap>

[14:51:23] XML파싱 종료!
[14:51:26] XML파싱 시작!
[14:51:26] ICon_VisitListProcess : 조회 응답 전문 생성(신버전)  : <?xml version="1.0"?>
<imap ver="1.0" address="26.208.153.49" sender="주차관제"><service type="reply" name="car_guest_info" result="ok"><request_info name="homedev" id_high="810" id_low="1901" type="main"/><policy limit_car_regi="2" limit_time="48" limit_duration="7" limit_credit="10/month"/><action>"query"</action><params car_num="123루3333" period="2021-05-25 00:00:00/2021-05-25 23:59:59" date="2021-05-25 14:48:51" message="null"/></service></imap>

[14:51:26] XML파싱 종료!
[14:52:02] XML파싱 시작!
[14:52:02] ICon_VisitAddRespone : 등록 응답 전문 생성 : 
[14:52:02] XML파싱 종료!
[14:52:14] XML파싱 시작!
[14:52:14] ICon_VisitListProcess : 조회 응답 전문 생성(신버전)  : <?xml version="1.0"?>
<imap ver="1.0" address="26.208.153.49" sender="주차관제"><service type="reply" name="car_guest_info" result="ok"><request_info name="homedev" id_high="810" id_low="1901" type="main"/><policy limit_car_regi="2" limit_time="48" limit_duration="7" limit_credit="10/month"/><action>"query"</action><params car_num="777러7891" period="2021-05-25 00:00:00/2021-05-25 23:59:59" date="2021-05-25 14:52:02" message="null"/><params car_num="123루3333" period="2021-05-25 00:00:00/2021-05-25 23:59:59" date="2021-05-25 14:48:51" message="null"/></service></imap>

[14:52:14] XML파싱 종료!
[14:52:22] XML파싱 시작!
[14:52:22] ICon_VisitDelProcess : 삭제 응답 전문 생성 : <?xml version="1.0"?>
<imap ver="1.0" address="26.208.153.49" sender="주차관제"><service type="reply" name="car_guest_info" result="ok"><request_info name="homedev" id_high="810" id_low="1901" type="main"/><policy limit_car_regi="2" limit_time="48" limit_duration="7" limit_credit="10/month"/><action>"delete"</action></service></imap>

[14:52:22] XML파싱 종료!
[14:52:25] XML파싱 시작!
[14:52:25] ICon_VisitListProcess : 조회 응답 전문 생성(신버전)  : <?xml version="1.0"?>
<imap ver="1.0" address="26.208.153.49" sender="주차관제"><service type="reply" name="car_guest_info" result="ok"><request_info name="homedev" id_high="810" id_low="1901" type="main"/><policy limit_car_regi="2" limit_time="48" limit_duration="7" limit_credit="10/month"/><action>"query"</action></service></imap>

[14:52:25] XML파싱 종료!
[14:53:15] XML파싱 시작!
[14:53:15] ICon_VisitListProcess : 조회 응답 전문 생성(신버전)  : <?xml version="1.0"?>
<imap ver="1.0" address="26.208.153.49" sender="주차관제"><service type="reply" name="car_guest_info" result="ok"><request_info name="homedev" id_high="810" id_low="1901" type="main"/><policy limit_car_regi="2" limit_time="48" limit_duration="7" limit_credit="10/month"/><action>"query"</action></service></imap>

[14:53:15] XML파싱 종료!
[14:54:25] XML파싱 시작!
[14:54:25] ICon_VisitListProcess : 조회 응답 전문 생성(신버전)  : <?xml version="1.0"?>
<imap ver="1.0" address="26.208.153.49" sender="주차관제"><service type="reply" name="car_guest_info" result="ok"><request_info name="homedev" id_high="810" id_low="1901" type="main"/><policy limit_car_regi="2" limit_time="48" limit_duration="7" limit_credit="10/month"/><action>"query"</action></service></imap>

[14:54:25] XML파싱 종료!
[14:54:56] XML파싱 시작!
[14:54:56] ICon_VisitAddRespone : 등록 응답 전문 생성 : 
[14:54:56] XML파싱 종료!
[14:54:59] XML파싱 시작!
[14:54:59] ICon_VisitListProcess : 조회 응답 전문 생성(신버전)  : <?xml version="1.0"?>
<imap ver="1.0" address="26.208.153.49" sender="주차관제"><service type="reply" name="car_guest_info" result="ok"><request_info name="homedev" id_high="810" id_low="1901" type="main"/><policy limit_car_regi="2" limit_time="48" limit_duration="7" limit_credit="10/month"/><action>"query"</action><params car_num="111고4567" period="2021-05-28 00:00:00/2021-05-28 23:59:59" date="2021-05-25 14:54:56" message="null"/></service></imap>

[14:54:59] XML파싱 종료!
[14:55:57] XML파싱 시작!
[14:55:57] ICon_VisitAddRespone : 등록 응답 전문 생성 : 
[14:55:57] XML파싱 종료!
[14:56:01] XML파싱 시작!
[14:56:01] ICon_VisitListProcess : 조회 응답 전문 생성(신버전)  : <?xml version="1.0"?>
<imap ver="1.0" address="26.208.153.49" sender="주차관제"><service type="reply" name="car_guest_info" result="ok"><request_info name="homedev" id_high="810" id_low="1901" type="main"/><policy limit_car_regi="2" limit_time="48" limit_duration="7" limit_credit="10/month"/><action>"query"</action><params car_num="34루4567" period="2021-05-26 00:00:00/2021-05-27 23:59:59" date="2021-05-25 14:55:57" message="null"/><params car_num="111고4567" period="2021-05-28 00:00:00/2021-05-28 23:59:59" date="2021-05-25 14:54:56" message="null"/></service></imap>

[14:56:01] XML파싱 종료!
[14:57:55] Program Close
**************************************************************
[14:58:02] Program Start!
[14:58:02] [DB저장 모드]
[14:58:02] TfrmMain.btnModeClick: 유인운영
[14:58:02] 비로그인
[14:58:02] 설치된 입구보조 LPR이 없음!
[14:58:03] 설치된 입구전광판이 없음!
[14:58:03] 설치된 출구전광판이 없음!
[14:58:03] LPR재접속 쓰레드시작
[14:58:03] 전광판재접속 쓰레드시작
[14:58:03] 정기권연동 쓰레드시작
[15:02:33] XML파싱 시작!
[15:02:33] ICon_VisitListProcess : 조회 응답 전문 생성(신버전)  : <?xml version="1.0"?>
<imap ver="1.0" address="26.208.153.49" sender="주차관제"><service type="reply" name="car_guest_info" result="ok"><request_info name="homedev" id_high="810" id_low="1901" type="main"/><policy limit_car_regi="10" limit_time="72" limit_duration="3" limit_credit="10/month"/><action>"query"</action><params car_num="34루4567" period="2021-05-26 00:00:00/2021-05-27 23:59:59" date="2021-05-25 14:55:57" message="null"/><params car_num="111고4567" period="2021-05-28 00:00:00/2021-05-28 23:59:59" date="2021-05-25 14:54:56" message="null"/></service></imap>

[15:02:33] XML파싱 종료!
[15:02:53] XML파싱 시작!
[15:02:53] ICon_VisitAddRespone : 등록 응답 전문 생성 : 
[15:02:53] XML파싱 종료!
[15:02:58] XML파싱 시작!
[15:02:58] ICon_VisitListProcess : 조회 응답 전문 생성(신버전)  : <?xml version="1.0"?>
<imap ver="1.0" address="26.208.153.49" sender="주차관제"><service type="reply" name="car_guest_info" result="ok"><request_info name="homedev" id_high="810" id_low="1901" type="main"/><policy limit_car_regi="10" limit_time="72" limit_duration="3" limit_credit="10/month"/><action>"query"</action><params car_num="77나9876" period="2021-05-25 00:00:00/2021-05-25 23:59:59" date="2021-05-25 15:02:53" message="null"/><params car_num="34루4567" period="2021-05-26 00:00:00/2021-05-27 23:59:59" date="2021-05-25 14:55:57" message="null"/><params car_num="111고4567" period="2021-05-28 00:00:00/2021-05-28 23:59:59" date="2021-05-25 14:54:56" message="null"/></service></imap>

[15:02:58] XML파싱 종료!
[15:03:44] XML파싱 시작!
[15:03:44] ICon_VisitAddRespone : 등록 응답 전문 생성 : 
[15:03:44] XML파싱 종료!
[15:03:49] XML파싱 시작!
[15:03:49] ICon_VisitListProcess : 조회 응답 전문 생성(신버전)  : <?xml version="1.0"?>
<imap ver="1.0" address="26.208.153.49" sender="주차관제"><service type="reply" name="car_guest_info" result="ok"><request_info name="homedev" id_high="810" id_low="1901" type="main"/><policy limit_car_regi="10" limit_time="72" limit_duration="3" limit_credit="10/month"/><action>"query"</action><params car_num="999루3456" period="2021-05-28 00:00:00/2021-05-28 23:59:59" date="2021-05-25 15:03:44" message="null"/><params car_num="77나9876" period="2021-05-25 00:00:00/2021-05-25 23:59:59" date="2021-05-25 15:02:53" message="null"/><params car_num="34루4567" period="2021-05-26 00:00:00/2021-05-27 23:59:59" date="2021-05-25 14:55:57" message="null"/><params car_num="111고4567" period="2021-05-28 00:00:00/2021-05-28 23:59:59" date="2021-05-25 14:54:56" message="null"/></service></imap>

[15:03:49] XML파싱 종료!
[15:04:06] XML파싱 시작!
[15:04:06] ICon_VisitAddRespone : 등록 응답 전문 생성 : 
[15:04:06] XML파싱 종료!
[15:04:11] XML파싱 시작!
[15:04:11] ICon_VisitListProcess : 조회 응답 전문 생성(신버전)  : <?xml version="1.0"?>
<imap ver="1.0" address="26.208.153.49" sender="주차관제"><service type="reply" name="car_guest_info" result="ok"><request_info name="homedev" id_high="810" id_low="1901" type="main"/><policy limit_car_regi="10" limit_time="72" limit_duration="3" limit_credit="10/month"/><action>"query"</action><params car_num="76고7777" period="2021-05-28 00:00:00/2021-05-30 23:59:59" date="2021-05-25 15:04:06" message="null"/><params car_num="999루3456" period="2021-05-28 00:00:00/2021-05-28 23:59:59" date="2021-05-25 15:03:44" message="null"/><params car_num="77나9876" period="2021-05-25 00:00:00/2021-05-25 23:59:59" date="2021-05-25 15:02:53" message="null"/><params car_num="34루4567" period="2021-05-26 00:00:00/2021-05-27 23:59:59" date="2021-05-25 14:55:57" message="null"/><params car_num="111고4567" period="2021-05-28 00:00:00/2021-05-28 23:59:59" date="2021-05-25 14:54:56" message="null"/></service></imap>

[15:04:11] XML파싱 종료!
[15:04:24] XML파싱 시작!
[15:04:24] ICon_VisitAddRespone : 등록 응답 전문 생성 : 
[15:04:24] XML파싱 종료!
[15:04:30] XML파싱 시작!
[15:04:30] ICon_VisitListProcess : 조회 응답 전문 생성(신버전)  : <?xml version="1.0"?>
<imap ver="1.0" address="26.208.153.49" sender="주차관제"><service type="reply" name="car_guest_info" result="ok"><request_info name="homedev" id_high="810" id_low="1901" type="main"/><policy limit_car_regi="10" limit_time="72" limit_duration="3" limit_credit="10/month"/><action>"query"</action><params car_num="56두4567" period="2021-05-28 00:00:00/2021-05-30 23:59:59" date="2021-05-25 15:04:24" message="null"/><params car_num="76고7777" period="2021-05-28 00:00:00/2021-05-30 23:59:59" date="2021-05-25 15:04:06" message="null"/><params car_num="999루3456" period="2021-05-28 00:00:00/2021-05-28 23:59:59" date="2021-05-25 15:03:44" message="null"/><params car_num="77나9876" period="2021-05-25 00:00:00/2021-05-25 23:59:59" date="2021-05-25 15:02:53" message="null"/><params car_num="34루4567" period="2021-05-26 00:00:00/2021-05-27 23:59:59" date="2021-05-25 14:55:57" message="null"/><params car_num="111고4567" period="2021-05-28 00:00:00/2021-05-28 23:59:59" date="2021-05-25 14:54:56" message="null"/></service></imap>

[15:04:30] XML파싱 종료!
[15:05:15] XML파싱 시작!
[15:05:15] ICon_VisitAddRespone : 등록 응답 전문 생성 : 
[15:05:15] XML파싱 종료!
[15:05:30] XML파싱 시작!
[15:05:30] ICon_VisitAddRespone : 등록 응답 전문 생성 : 
[15:05:30] XML파싱 종료!
[15:05:36] XML파싱 시작!
[15:05:36] ICon_VisitListProcess : 조회 응답 전문 생성(신버전)  : <?xml version="1.0"?>
<imap ver="1.0" address="26.208.153.49" sender="주차관제"><service type="reply" name="car_guest_info" result="ok"><request_info name="homedev" id_high="810" id_low="1901" type="main"/><policy limit_car_regi="10" limit_time="72" limit_duration="3" limit_credit="10/month"/><action>"query"</action><params car_num="76아6891" period="3" date="2021-05-25 15:05:30" message="null"/><params car_num="654루8765" period="2021-05-25 00:00:00/2021-05-25 23:59:59" date="2021-05-25 15:05:15" message="null"/><params car_num="56두4567" period="2021-05-28 00:00:00/2021-05-30 23:59:59" date="2021-05-25 15:04:24" message="null"/><params car_num="76고7777" period="2021-05-28 00:00:00/2021-05-30 23:59:59" date="2021-05-25 15:04:06" message="null"/><params car_num="999루3456" period="2021-05-28 00:00:00/2021-05-28 23:59:59" date="2021-05-25 15:03:44" message="null"/><params car_num="77나9876" period="2021-05-25 00:00:00/2021-05-25 23:59:59" date="2021-05-25 15:02:53" message="null"/><params car_num="34루4567" period="2021-05-26 00:00:00/2021-05-27 23:59:59" date="2021-05-25 14:55:57" message="null"/><params car_num="111고4567" period="2021-05-28 00:00:00/2021-05-28 23:59:59" date="2021-05-25 14:54:56" message="null"/></service></imap>

[15:05:36] XML파싱 종료!
[15:06:00] XML파싱 시작!
[15:06:00] ICon_VisitAddRespone : 등록 응답 전문 생성 : 
[15:06:00] XML파싱 종료!
[15:06:06] XML파싱 시작!
[15:06:06] ICon_VisitListProcess : 조회 응답 전문 생성(신버전)  : <?xml version="1.0"?>
<imap ver="1.0" address="26.208.153.49" sender="주차관제"><service type="reply" name="car_guest_info" result="ok"><request_info name="homedev" id_high="810" id_low="1901" type="main"/><policy limit_car_regi="10" limit_time="72" limit_duration="3" limit_credit="10/month"/><action>"query"</action><params car_num="18아6666" period="2021-05-28 00:00:00/2021-05-28 23:59:59" date="2021-05-25 15:06:00" message="null"/><params car_num="76아6891" period="3" date="2021-05-25 15:05:30" message="null"/><params car_num="654루8765" period="2021-05-25 00:00:00/2021-05-25 23:59:59" date="2021-05-25 15:05:15" message="null"/><params car_num="56두4567" period="2021-05-28 00:00:00/2021-05-30 23:59:59" date="2021-05-25 15:04:24" message="null"/><params car_num="76고7777" period="2021-05-28 00:00:00/2021-05-30 23:59:59" date="2021-05-25 15:04:06" message="null"/><params car_num="999루3456" period="2021-05-28 00:00:00/2021-05-28 23:59:59" date="2021-05-25 15:03:44" message="null"/><params car_num="77나9876" period="2021-05-25 00:00:00/2021-05-25 23:59:59" date="2021-05-25 15:02:53" message="null"/><params car_num="34루4567" period="2021-05-26 00:00:00/2021-05-27 23:59:59" date="2021-05-25 14:55:57" message="null"/><params car_num="111고4567" period="2021-05-28 00:00:00/2021-05-28 23:59:59" date="2021-05-25 14:54:56" message="null"/></service></imap>

[15:06:06] XML파싱 종료!
[15:07:47] XML파싱 시작!
[15:07:47] ICon_VisitListProcess : 조회 응답 전문 생성(신버전)  : <?xml version="1.0"?>
<imap ver="1.0" address="26.208.153.49" sender="주차관제"><service type="reply" name="car_guest_info" result="ok"><request_info name="homedev" id_high="810" id_low="1901" type="main"/><policy limit_car_regi="10" limit_time="72" limit_duration="3" limit_credit="10/month"/><action>"query"</action><params car_num="18아6666" period="2021-05-28 00:00:00/2021-05-28 23:59:59" date="2021-05-25 15:06:00" message="null"/><params car_num="76아6891" period="3" date="2021-05-25 15:05:30" message="null"/><params car_num="654루8765" period="2021-05-25 00:00:00/2021-05-25 23:59:59" date="2021-05-25 15:05:15" message="null"/><params car_num="56두4567" period="2021-05-28 00:00:00/2021-05-30 23:59:59" date="2021-05-25 15:04:24" message="null"/><params car_num="76고7777" period="2021-05-28 00:00:00/2021-05-30 23:59:59" date="2021-05-25 15:04:06" message="null"/><params car_num="999루3456" period="2021-05-28 00:00:00/2021-05-28 23:59:59" date="2021-05-25 15:03:44" message="null"/><params car_num="77나9876" period="2021-05-25 00:00:00/2021-05-25 23:59:59" date="2021-05-25 15:02:53" message="null"/><params car_num="34루4567" period="2021-05-26 00:00:00/2021-05-27 23:59:59" date="2021-05-25 14:55:57" message="null"/><params car_num="111고4567" period="2021-05-28 00:00:00/2021-05-28 23:59:59" date="2021-05-25 14:54:56" message="null"/></service></imap>

[15:07:47] XML파싱 종료!
[15:08:30] XML파싱 시작!
[15:08:30] ICon_VisitAddRespone : 등록 응답 전문 생성 : 
[15:08:30] XML파싱 종료!
[15:08:34] XML파싱 시작!
[15:08:34] ICon_VisitListProcess : 조회 응답 전문 생성(신버전)  : <?xml version="1.0"?>
<imap ver="1.0" address="26.208.153.49" sender="주차관제"><service type="reply" name="car_guest_info" result="ok"><request_info name="homedev" id_high="810" id_low="1901" type="main"/><policy limit_car_regi="10" limit_time="72" limit_duration="3" limit_credit="10/month"/><action>"query"</action><params car_num="879두8765" period="2021-05-25 00:00:00/2021-05-25 23:59:59" date="2021-05-25 15:08:30" message="null"/><params car_num="18아6666" period="2021-05-28 00:00:00/2021-05-28 23:59:59" date="2021-05-25 15:06:00" message="null"/><params car_num="76아6891" period="3" date="2021-05-25 15:05:30" message="null"/><params car_num="654루8765" period="2021-05-25 00:00:00/2021-05-25 23:59:59" date="2021-05-25 15:05:15" message="null"/><params car_num="56두4567" period="2021-05-28 00:00:00/2021-05-30 23:59:59" date="2021-05-25 15:04:24" message="null"/><params car_num="76고7777" period="2021-05-28 00:00:00/2021-05-30 23:59:59" date="2021-05-25 15:04:06" message="null"/><params car_num="999루3456" period="2021-05-28 00:00:00/2021-05-28 23:59:59" date="2021-05-25 15:03:44" message="null"/><params car_num="77나9876" period="2021-05-25 00:00:00/2021-05-25 23:59:59" date="2021-05-25 15:02:53" message="null"/><params car_num="34루4567" period="2021-05-26 00:00:00/2021-05-27 23:59:59" date="2021-05-25 14:55:57" message="null"/><params car_num="111고4567" period="2021-05-28 00:00:00/2021-05-28 23:59:59" date="2021-05-25 14:54:56" message="null"/></service></imap>

[15:08:34] XML파싱 종료!
[15:08:38] XML파싱 시작!
[15:08:38] ICon_VisitListProcess : 조회 응답 전문 생성(신버전)  : <?xml version="1.0"?>
<imap ver="1.0" address="26.208.153.49" sender="주차관제"><service type="reply" name="car_guest_info" result="ok"><request_info name="homedev" id_high="810" id_low="1901" type="main"/><policy limit_car_regi="10" limit_time="72" limit_duration="3" limit_credit="10/month"/><action>"query"</action><params car_num="879두8765" period="2021-05-25 00:00:00/2021-05-25 23:59:59" date="2021-05-25 15:08:30" message="null"/><params car_num="18아6666" period="2021-05-28 00:00:00/2021-05-28 23:59:59" date="2021-05-25 15:06:00" message="null"/><params car_num="76아6891" period="3" date="2021-05-25 15:05:30" message="null"/><params car_num="654루8765" period="2021-05-25 00:00:00/2021-05-25 23:59:59" date="2021-05-25 15:05:15" message="null"/><params car_num="56두4567" period="2021-05-28 00:00:00/2021-05-30 23:59:59" date="2021-05-25 15:04:24" message="null"/><params car_num="76고7777" period="2021-05-28 00:00:00/2021-05-30 23:59:59" date="2021-05-25 15:04:06" message="null"/><params car_num="999루3456" period="2021-05-28 00:00:00/2021-05-28 23:59:59" date="2021-05-25 15:03:44" message="null"/><params car_num="77나9876" period="2021-05-25 00:00:00/2021-05-25 23:59:59" date="2021-05-25 15:02:53" message="null"/><params car_num="34루4567" period="2021-05-26 00:00:00/2021-05-27 23:59:59" date="2021-05-25 14:55:57" message="null"/><params car_num="111고4567" period="2021-05-28 00:00:00/2021-05-28 23:59:59" date="2021-05-25 14:54:56" message="null"/></service></imap>

[15:08:38] XML파싱 종료!
[15:08:58] XML파싱 시작!
[15:08:58] ICon_VisitDelProcess : 삭제 응답 전문 생성 : <?xml version="1.0"?>
<imap ver="1.0" address="26.208.153.49" sender="주차관제"><service type="reply" name="car_guest_info" result="ok"><request_info name="homedev" id_high="810" id_low="1901" type="main"/><policy limit_car_regi="10" limit_time="72" limit_duration="3" limit_credit="10/month"/><action>"delete"</action><params car_num="879두8765" period="2021-05-25 00:00:00/2021-05-25 23:59:59" date="2021-05-25 15:08:30" message="null"/><params car_num="18아6666" period="2021-05-28 00:00:00/2021-05-28 23:59:59" date="2021-05-25 15:06:00" message="null"/><params car_num="76아6891" period="3" date="2021-05-25 15:05:30" message="null"/><params car_num="56두4567" period="2021-05-28 00:00:00/2021-05-30 23:59:59" date="2021-05-25 15:04:24" message="null"/><params car_num="76고7777" period="2021-05-28 00:00:00/2021-05-30 23:59:59" date="2021-05-25 15:04:06" message="null"/><params car_num="999루3456" period="2021-05-28 00:00:00/2021-05-28 23:59:59" date="2021-05-25 15:03:44" message="null"/><params car_num="77나9876" period="2021-05-25 00:00:00/2021-05-25 23:59:59" date="2021-05-25 15:02:53" message="null"/><params car_num="34루4567" period="2021-05-26 00:00:00/2021-05-27 23:59:59" date="2021-05-25 14:55:57" message="null"/><params car_num="111고4567" period="2021-05-28 00:00:00/2021-05-28 23:59:59" date="2021-05-25 14:54:56" message="null"/></service></imap>

[15:08:58] XML파싱 종료!
[15:08:59] XML파싱 시작!
[15:08:59] ICon_VisitListProcess : 조회 응답 전문 생성(신버전)  : <?xml version="1.0"?>
<imap ver="1.0" address="26.208.153.49" sender="주차관제"><service type="reply" name="car_guest_info" result="ok"><request_info name="homedev" id_high="810" id_low="1901" type="main"/><policy limit_car_regi="10" limit_time="72" limit_duration="3" limit_credit="10/month"/><action>"query"</action><params car_num="879두8765" period="2021-05-25 00:00:00/2021-05-25 23:59:59" date="2021-05-25 15:08:30" message="null"/><params car_num="18아6666" period="2021-05-28 00:00:00/2021-05-28 23:59:59" date="2021-05-25 15:06:00" message="null"/><params car_num="76아6891" period="3" date="2021-05-25 15:05:30" message="null"/><params car_num="56두4567" period="2021-05-28 00:00:00/2021-05-30 23:59:59" date="2021-05-25 15:04:24" message="null"/><params car_num="76고7777" period="2021-05-28 00:00:00/2021-05-30 23:59:59" date="2021-05-25 15:04:06" message="null"/><params car_num="999루3456" period="2021-05-28 00:00:00/2021-05-28 23:59:59" date="2021-05-25 15:03:44" message="null"/><params car_num="77나9876" period="2021-05-25 00:00:00/2021-05-25 23:59:59" date="2021-05-25 15:02:53" message="null"/><params car_num="34루4567" period="2021-05-26 00:00:00/2021-05-27 23:59:59" date="2021-05-25 14:55:57" message="null"/><params car_num="111고4567" period="2021-05-28 00:00:00/2021-05-28 23:59:59" date="2021-05-25 14:54:56" message="null"/></service></imap>

[15:08:59] XML파싱 종료!
[15:12:33] XML파싱 시작!
[15:12:33] ICon_VisitListProcess : 조회 응답 전문 생성(신버전)  : <?xml version="1.0"?>
<imap ver="1.0" address="26.208.153.49" sender="주차관제"><service type="reply" name="car_guest_info" result="ok"><request_info name="homedev" id_high="810" id_low="1901" type="main"/><policy limit_car_regi="10" limit_time="72" limit_duration="3" limit_credit="10/month"/><action>"query"</action><params car_num="879두8765" period="2021-05-25 00:00:00/2021-05-25 23:59:59" date="2021-05-25 15:08:30" message="null"/><params car_num="18아6666" period="2021-05-28 00:00:00/2021-05-28 23:59:59" date="2021-05-25 15:06:00" message="null"/><params car_num="76아6891" period="3" date="2021-05-25 15:05:30" message="null"/><params car_num="56두4567" period="2021-05-28 00:00:00/2021-05-30 23:59:59" date="2021-05-25 15:04:24" message="null"/><params car_num="76고7777" period="2021-05-28 00:00:00/2021-05-30 23:59:59" date="2021-05-25 15:04:06" message="null"/><params car_num="999루3456" period="2021-05-28 00:00:00/2021-05-28 23:59:59" date="2021-05-25 15:03:44" message="null"/><params car_num="77나9876" period="2021-05-25 00:00:00/2021-05-25 23:59:59" date="2021-05-25 15:02:53" message="null"/><params car_num="34루4567" period="2021-05-26 00:00:00/2021-05-27 23:59:59" date="2021-05-25 14:55:57" message="null"/><params car_num="111고4567" period="2021-05-28 00:00:00/2021-05-28 23:59:59" date="2021-05-25 14:54:56" message="null"/></service></imap>

[15:12:33] XML파싱 종료!
[15:12:37] XML파싱 시작!
[15:12:37] ICon_VisitDelProcess : 삭제 응답 전문 생성 : <?xml version="1.0"?>
<imap ver="1.0" address="26.208.153.49" sender="주차관제"><service type="reply" name="car_guest_info" result="ok"><request_info name="homedev" id_high="810" id_low="1901" type="main"/><policy limit_car_regi="10" limit_time="72" limit_duration="3" limit_credit="10/month"/><action>"delete"</action><params car_num="879두8765" period="2021-05-25 00:00:00/2021-05-25 23:59:59" date="2021-05-25 15:08:30" message="null"/><params car_num="76아6891" period="3" date="2021-05-25 15:05:30" message="null"/><params car_num="56두4567" period="2021-05-28 00:00:00/2021-05-30 23:59:59" date="2021-05-25 15:04:24" message="null"/><params car_num="76고7777" period="2021-05-28 00:00:00/2021-05-30 23:59:59" date="2021-05-25 15:04:06" message="null"/><params car_num="999루3456" period="2021-05-28 00:00:00/2021-05-28 23:59:59" date="2021-05-25 15:03:44" message="null"/><params car_num="77나9876" period="2021-05-25 00:00:00/2021-05-25 23:59:59" date="2021-05-25 15:02:53" message="null"/><params car_num="34루4567" period="2021-05-26 00:00:00/2021-05-27 23:59:59" date="2021-05-25 14:55:57" message="null"/><params car_num="111고4567" period="2021-05-28 00:00:00/2021-05-28 23:59:59" date="2021-05-25 14:54:56" message="null"/></service></imap>

[15:12:37] XML파싱 종료!
[15:12:38] XML파싱 시작!
[15:12:38] ICon_VisitListProcess : 조회 응답 전문 생성(신버전)  : <?xml version="1.0"?>
<imap ver="1.0" address="26.208.153.49" sender="주차관제"><service type="reply" name="car_guest_info" result="ok"><request_info name="homedev" id_high="810" id_low="1901" type="main"/><policy limit_car_regi="10" limit_time="72" limit_duration="3" limit_credit="10/month"/><action>"query"</action><params car_num="879두8765" period="2021-05-25 00:00:00/2021-05-25 23:59:59" date="2021-05-25 15:08:30" message="null"/><params car_num="76아6891" period="3" date="2021-05-25 15:05:30" message="null"/><params car_num="56두4567" period="2021-05-28 00:00:00/2021-05-30 23:59:59" date="2021-05-25 15:04:24" message="null"/><params car_num="76고7777" period="2021-05-28 00:00:00/2021-05-30 23:59:59" date="2021-05-25 15:04:06" message="null"/><params car_num="999루3456" period="2021-05-28 00:00:00/2021-05-28 23:59:59" date="2021-05-25 15:03:44" message="null"/><params car_num="77나9876" period="2021-05-25 00:00:00/2021-05-25 23:59:59" date="2021-05-25 15:02:53" message="null"/><params car_num="34루4567" period="2021-05-26 00:00:00/2021-05-27 23:59:59" date="2021-05-25 14:55:57" message="null"/><params car_num="111고4567" period="2021-05-28 00:00:00/2021-05-28 23:59:59" date="2021-05-25 14:54:56" message="null"/></service></imap>

[15:12:38] XML파싱 종료!
[15:15:52] Program Close
**************************************************************
[15:16:37] Program Start!
[15:16:37] [DB저장 모드]
[15:16:37] TfrmMain.btnModeClick: 유인운영
[15:16:38] 비로그인
[15:16:38] 설치된 입구보조 LPR이 없음!
[15:16:38] 설치된 출구보조 LPR이 없음!
[15:16:38] 설치된 입구전광판이 없음!
[15:16:38] 설치된 출구전광판이 없음!
[15:16:38] LPR재접속 쓰레드시작
[15:16:39] 전광판재접속 쓰레드시작
[15:16:39] 정기권연동 쓰레드시작
[15:17:39] Program Close
**************************************************************
[15:17:51] Program Start!
[15:17:51] [DB저장 모드]
[15:17:51] TfrmMain.btnModeClick: 유인운영
[15:17:51] 비로그인
[15:17:51] 설치된 입구보조 LPR이 없음!
[15:17:51] 설치된 출구보조 LPR이 없음!
[15:17:51] 설치된 입구전광판이 없음!
[15:17:51] 설치된 출구전광판이 없음!
[15:17:52] LPR재접속 쓰레드시작
[15:17:52] 전광판재접속 쓰레드시작
[15:17:52] 정기권연동 쓰레드시작
[15:17:53] csInLpr1 접속성공
[15:18:11] LPR Check: 11가1111,http://127.0.0.1:9080/MSImage/2021/05/25/CH1_20210525151811_11가1111.jpg,1,,,0, 2021-05-25 15:18:11
[15:18:11] File: \\127.0.0.1\MSImage\2021\05\25\CH1_20210525151811_11가1111.jpg
[15:18:11] 정기차량시작: 11가1111, 
[15:18:11] 입구차단기 Open 127.0.0.1:2000
[15:18:11] 전광판() 네트워크 에러
[15:18:11] 정기차량 입차 이미지 가져오기 시작
[15:18:11] 이미지 로드 에러: JPEG error #53
[15:18:11] 정기차량처리: 11가1111, 
[15:22:45] Program Close
**************************************************************
[15:22:51] Program Start!
[15:22:51] [DB저장 모드]
[15:22:51] TfrmMain.btnModeClick: 유인운영
[15:22:52] 비로그인
[15:22:52] 설치된 입구보조 LPR이 없음!
[15:22:52] 설치된 출구보조 LPR이 없음!
[15:22:52] 설치된 입구전광판이 없음!
[15:22:52] 설치된 출구전광판이 없음!
[15:22:52] LPR재접속 쓰레드시작
[15:22:52] 전광판재접속 쓰레드시작
[15:22:52] 정기권연동 쓰레드시작
[15:22:53] csInLpr1 접속성공
[15:23:05] LPR Check: 11가1111,http://127.0.0.1:9080/MSImage/2021/05/25/CH1_20210525152305_11가1111.jpg,1,,,0, 2021-05-25 15:23:05
[15:23:05] File: \\127.0.0.1\MSImage\2021\05\25\CH1_20210525152305_11가1111.jpg
[15:23:05] 정기차량시작: 11가1111, 
[15:23:05] 입구차단기 Open 127.0.0.1:2000
[15:23:05] 전광판() 네트워크 에러
[15:23:05] 정기차량 입차 이미지 가져오기 시작
[15:23:05] 이미지 로드 에러: JPEG error #53
[15:23:05] 정기차량처리: 11가1111, 
[15:23:17] LPR Check: 11가1111,http://127.0.0.1:9080/MSImage/2021/05/25/CH1_20210525152317_11가1111.jpg,1,,,0, 2021-05-25 15:23:17
[15:23:17] File: \\127.0.0.1\MSImage\2021\05\25\CH1_20210525152317_11가1111.jpg
[15:23:17] 정기차량시작: 11가1111, 
[15:23:17] 입구차단기 Open 127.0.0.1:2000
[15:23:17] 전광판() 네트워크 에러
[15:23:17] 정기차량 입차 이미지 가져오기 시작
[15:23:17] 이미지 로드 에러: JPEG error #53
[15:23:17] 정기차량처리: 11가1111, 
[15:23:25] LPR Check: 11가1111,http://127.0.0.1:9080/MSImage/2021/05/25/CH1_20210525152325_11가1111.jpg,1,,,0, 2021-05-25 15:23:25
[15:23:25] File: \\127.0.0.1\MSImage\2021\05\25\CH1_20210525152325_11가1111.jpg
[15:23:25] 정기차량시작: 11가1111, 
[15:23:25] 입구차단기 Open 127.0.0.1:2000
[15:23:25] 전광판() 네트워크 에러
[15:23:25] 정기차량 입차 이미지 가져오기 시작
[15:23:25] 이미지 로드 에러: JPEG error #53
[15:23:25] 정기차량처리: 11가1111, 
[15:23:47] SocketError > ErrorNo: [10053] Host: [127.0.0.1] Port: [2000] Name: [csInLpr1] Msg: [소프트웨어 때문에 연결이 중단되었습니다]
[15:23:52] Program Close
