**************************************************************
[12:39:21] Program Start!
[12:39:21] [DB저장 모드]
[12:39:21] TfrmMain.btnModeClick: 유인운영
[12:39:21] 비로그인
[12:39:21] 설치된 입구보조 LPR이 없음!
[12:39:21] 설치된 출구보조 LPR이 없음!
[12:39:21] 설치된 입구전광판이 없음!
[12:39:21] 설치된 출구전광판이 없음!
[12:39:22] LPR재접속 쓰레드시작
[12:39:22] 전광판재접속 쓰레드시작
[12:39:22] 정기권연동 쓰레드시작
[12:39:22] csInLpr1 접속성공
[12:39:22] csOutLpr1 접속성공
[12:39:33] LPR Check: 34루4567,http://127.0.0.1:9080/MSImage/2021/05/26/CH1_20210526123933_34루4567.jpg,1,,,0, 2021-05-26 12:39:33
[12:39:33] File: \\127.0.0.1\MSImage\2021\05\26\CH1_20210526123933_34루4567.jpg
[12:39:34] NormalProc: 일반차량 처리 시작 : 34루4567, 
[12:39:34] 방문차량 입차: 34루4567 - \\127.0.0.1\MSImage\2021\05\26\CH1_20210526123933_34루4567.jpg
[12:39:34] 전광판() 네트워크 에러
[12:39:34] 입구차단기 Open 127.0.0.1:2000
[12:39:34] 810/1901/34루4567 사전예약방문 차량 차단기오픈
[12:39:34] 일반차량 입차 이미지 가져오기 시작
[12:39:34] InLPRRead: JPEG error #53
[12:39:34] XML파싱 시작!
[12:39:34] 아이콘트롤스 XML파싱실패!: 필요한 공백이 없습니다.

Line: 1
<?xml version="1.0"?><imap ver = "1.0" a
[12:39:39] Program Close
