**************************************************************
[09:20:27] Program Start!
[09:20:27] [DB저장 모드]
[09:20:28] TfrmMain.btnModeClick: 유인운영
[09:20:28] 비로그인
[09:20:29] 설치된 입구보조 LPR이 없음!
[09:20:29] 설치된 입구전광판이 없음!
[09:20:29] 설치된 출구전광판이 없음!
[09:20:29] LPR재접속 쓰레드시작
[09:20:30] 정기권연동 쓰레드시작
**************************************************************
[09:21:58] Program Start!
[09:21:58] [DB저장 모드]
[09:21:58] TfrmMain.btnModeClick: 유인운영
[09:21:59] 비로그인
[09:22:00] 설치된 입구보조 LPR이 없음!
[09:22:00] 설치된 입구전광판이 없음!
[09:22:00] 설치된 출구전광판이 없음!
[09:22:01] 전광판재접속 쓰레드시작
[09:22:01] 정기권연동 쓰레드시작
**************************************************************
[09:32:40] Program Start!
[09:32:41] [DB저장 모드]
[09:32:41] TfrmMain.btnModeClick: 유인운영
[09:32:42] 비로그인
[09:32:42] 설치된 입구보조 LPR이 없음!
[09:32:42] 설치된 입구전광판이 없음!
[09:32:42] 설치된 출구전광판이 없음!
[09:32:43] LPR재접속 쓰레드시작
[09:32:43] 전광판재접속 쓰레드시작
[09:33:03] ICon_VisitDelProcess: Invalid variant operation
[09:33:05] SocketError > ErrorNo: [10061] Host: [10.22.30.20] Port: [2100] Name: [csInLpr1] Msg: [서버가 죽었거나 클라이언트에서 접속환경이 잘못되었을때 나타나는 현상]
[09:33:05] subcsOutLpr1: 10061
[09:33:05] SocketError > ErrorNo: [10061] Host: [10.22.30.20] Port: [2200] Name: [csOutLpr1] Msg: [서버가 죽었거나 클라이언트에서 접속환경이 잘못되었을때 나타나는 현상]
**************************************************************
[09:39:02] Program Start!
[09:39:02] [DB저장 모드]
[09:39:02] TfrmMain.btnModeClick: 유인운영
[09:39:03] 비로그인
[09:39:03] 설치된 입구보조 LPR이 없음!
[09:39:03] 설치된 입구전광판이 없음!
[09:39:03] 설치된 출구전광판이 없음!
[09:39:03] LPR재접속 쓰레드시작
[09:39:04] 전광판재접속 쓰레드시작
[09:39:04] 정기권연동 쓰레드시작
[09:39:06] Program Close
[09:39:07] subcsOutLpr1: 10061
[09:39:07] SocketError > ErrorNo: [10061] Host: [10.22.30.20] Port: [2200] Name: [csOutLpr1] Msg: [서버가 죽었거나 클라이언트에서 접속환경이 잘못되었을때 나타나는 현상]
[09:39:07] SocketError > ErrorNo: [10061] Host: [10.22.30.20] Port: [2100] Name: [csInLpr1] Msg: [서버가 죽었거나 클라이언트에서 접속환경이 잘못되었을때 나타나는 현상]
**************************************************************
[09:42:18] Program Start!
[09:42:18] [DB저장 모드]
[09:42:18] TfrmMain.btnModeClick: 유인운영
[09:42:18] 비로그인
[09:42:18] 설치된 입구보조 LPR이 없음!
[09:42:19] 설치된 입구전광판이 없음!
[09:42:19] 설치된 출구전광판이 없음!
[09:42:19] LPR재접속 쓰레드시작
[09:42:19] 정기권연동 쓰레드시작
[09:42:22] SocketError > ErrorNo: [10061] Host: [10.22.30.20] Port: [2100] Name: [csInLpr1] Msg: [서버가 죽었거나 클라이언트에서 접속환경이 잘못되었을때 나타나는 현상]
[09:42:22] subcsOutLpr1: 10061
[09:42:22] SocketError > ErrorNo: [10061] Host: [10.22.30.20] Port: [2200] Name: [csOutLpr1] Msg: [서버가 죽었거나 클라이언트에서 접속환경이 잘못되었을때 나타나는 현상]
[09:42:25] Program Close
**************************************************************
[09:42:40] Program Start!
[09:42:40] [DB저장 모드]
[09:42:40] TfrmMain.btnModeClick: 유인운영
[09:42:41] 비로그인
[09:42:41] 설치된 입구보조 LPR이 없음!
[09:42:41] 설치된 입구전광판이 없음!
[09:42:41] 설치된 출구전광판이 없음!
[09:42:42] LPR재접속 쓰레드시작
[09:42:42] 정기권연동 쓰레드시작
[09:42:56] SocketError > ErrorNo: [10061] Host: [10.22.30.20] Port: [2100] Name: [csInLpr1] Msg: [서버가 죽었거나 클라이언트에서 접속환경이 잘못되었을때 나타나는 현상]
[09:42:56] subcsOutLpr1: 10061
[09:42:56] SocketError > ErrorNo: [10061] Host: [10.22.30.20] Port: [2200] Name: [csOutLpr1] Msg: [서버가 죽었거나 클라이언트에서 접속환경이 잘못되었을때 나타나는 현상]
[09:42:59] SocketError > ErrorNo: [10061] Host: [10.22.30.20] Port: [2100] Name: [csInLpr1] Msg: [서버가 죽었거나 클라이언트에서 접속환경이 잘못되었을때 나타나는 현상]
[09:42:59] SocketError > ErrorNo: [10061] Host: [10.22.30.20] Port: [2200] Name: [csOutLpr1] Msg: [서버가 죽었거나 클라이언트에서 접속환경이 잘못되었을때 나타나는 현상]
[09:42:59] subcsOutLpr1: 10061
[09:42:59] Program Close
**************************************************************
[09:43:22] Program Start!
[09:43:22] [DB저장 모드]
[09:43:22] TfrmMain.btnModeClick: 유인운영
[09:43:23] 비로그인
[09:43:23] 설치된 입구보조 LPR이 없음!
[09:43:23] 설치된 입구전광판이 없음!
[09:43:23] 설치된 출구전광판이 없음!
[09:43:23] LPR재접속 쓰레드시작
[09:43:24] 전광판재접속 쓰레드시작
[09:43:24] 정기권연동 쓰레드시작
**************************************************************
[09:44:46] Program Start!
[09:44:46] [DB저장 모드]
[09:44:46] TfrmMain.btnModeClick: 유인운영
[09:44:46] 비로그인
[09:44:47] 설치된 입구보조 LPR이 없음!
[09:44:47] 설치된 입구전광판이 없음!
[09:44:47] 설치된 출구전광판이 없음!
[09:44:47] LPR재접속 쓰레드시작
[09:44:47] 전광판재접속 쓰레드시작
[09:44:47] 정기권연동 쓰레드시작
**************************************************************
[09:48:51] Program Start!
[09:48:51] [DB저장 모드]
[09:48:51] TfrmMain.btnModeClick: 유인운영
[09:48:52] 비로그인
[09:48:52] 설치된 입구보조 LPR이 없음!
[09:48:52] 설치된 입구전광판이 없음!
[09:48:52] 설치된 출구전광판이 없음!
[09:48:52] LPR재접속 쓰레드시작
[09:48:53] 전광판재접속 쓰레드시작
[09:48:53] 정기권연동 쓰레드시작
[09:48:58] ICon_VisitDelProcess: List index out of bounds (2)
[09:49:00] subcsOutLpr1: 10061
[09:49:00] SocketError > ErrorNo: [10061] Host: [10.22.30.20] Port: [2200] Name: [csOutLpr1] Msg: [서버가 죽었거나 클라이언트에서 접속환경이 잘못되었을때 나타나는 현상]
[09:49:00] SocketError > ErrorNo: [10061] Host: [10.22.30.20] Port: [2100] Name: [csInLpr1] Msg: [서버가 죽었거나 클라이언트에서 접속환경이 잘못되었을때 나타나는 현상]
**************************************************************
[09:53:18] Program Start!
[09:53:18] [DB저장 모드]
[09:53:18] TfrmMain.btnModeClick: 유인운영
[09:53:19] 비로그인
[09:53:19] 설치된 입구보조 LPR이 없음!
[09:53:19] 설치된 입구전광판이 없음!
[09:53:19] 설치된 출구전광판이 없음!
[09:53:19] LPR재접속 쓰레드시작
**************************************************************
[15:18:30] Program Start!
[15:18:30] [DB저장 모드]
[15:18:30] TfrmMain.btnModeClick: 유인운영
[15:18:31] 비로그인
[15:18:31] 설치된 입구보조 LPR이 없음!
[15:18:31] 설치된 입구전광판이 없음!
[15:18:31] 설치된 출구전광판이 없음!
[15:18:32] 전광판재접속 쓰레드시작
[15:18:33] [subcsOutLpr1] 10.22.30.20:2300 접속성공
[15:18:33] csInLpr1 접속성공
[15:18:33] csOutLpr1 접속성공
[15:18:50] Program Close
**************************************************************
[17:14:07] Program Start!
[17:14:07] [DB저장 모드]
[17:14:08] TfrmMain.btnModeClick: 유인운영
**************************************************************
[17:22:26] Program Start!
[17:22:26] [DB저장 모드]
[17:22:26] TfrmMain.btnModeClick: 유인운영
[17:22:26] 비로그인
[17:22:27] 설치된 입구보조 LPR이 없음!
[17:22:27] 설치된 입구전광판이 없음!
[17:22:27] 설치된 출구전광판이 없음!
[17:22:27] LPR재접속 쓰레드시작
[17:22:27] 전광판재접속 쓰레드시작
[17:22:27] 정기권연동 쓰레드시작
[17:22:28] csInLpr1 접속성공
[17:22:28] [subcsOutLpr1] 10.22.30.20:2300 접속성공
[17:22:28] csOutLpr1 접속성공
**************************************************************
[17:23:40] Program Start!
[17:23:40] [DB저장 모드]
[17:23:41] TfrmMain.btnModeClick: 유인운영
[17:23:41] 비로그인
[17:23:41] 설치된 입구보조 LPR이 없음!
[17:23:41] 설치된 입구전광판이 없음!
[17:23:41] 설치된 출구전광판이 없음!
[17:23:42] LPR재접속 쓰레드시작
[17:23:42] 전광판재접속 쓰레드시작
[17:23:42] 정기권연동 쓰레드시작
[17:23:43] [subcsOutLpr1] 10.22.30.20:2300 접속성공
[17:23:43] csInLpr1 접속성공
[17:23:43] csOutLpr1 접속성공
[17:24:08] 입차 File 없음: 
[17:24:09] 입차 File 없음: 
[17:24:10] 입차 File 없음: 
[17:24:15] Program Close
