**************************************************************
[18:04:02] Program Start!
[18:04:02] [DB저장 모드]
[18:04:02] TfrmMain.btnModeClick: 유인운영
[18:04:02] 비로그인
[18:04:03] 설치된 입구보조 LPR이 없음!
[18:04:03] 설치된 출구보조 LPR이 없음!
[18:04:03] 설치된 입구전광판이 없음!
[18:04:03] 설치된 출구전광판이 없음!
[18:04:03] 정기권연동 쓰레드시작
[18:04:12] 11번 LPR에 연결된 방문증(시리얼타입) 오픈에러!
[18:04:13] csInLpr1 접속성공
[18:04:13] csOutLpr1 접속성공
**************************************************************
[18:05:45] Program Start!
[18:05:45] [DB저장 모드]
[18:05:45] TfrmMain.btnModeClick: 유인운영
[18:05:45] 비로그인
[18:05:45] 설치된 입구보조 LPR이 없음!
[18:05:45] 설치된 출구보조 LPR이 없음!
[18:05:46] 설치된 입구전광판이 없음!
[18:05:46] 설치된 출구전광판이 없음!
[18:05:46] LPR재접속 쓰레드시작
[18:05:46] 전광판재접속 쓰레드시작
[18:05:46] 정기권연동 쓰레드시작
[18:05:46] 설치된 영수증프린터가 없음!
[18:05:48] csInLpr1 접속성공
**************************************************************
[18:06:38] Program Start!
[18:06:38] [DB저장 모드]
[18:06:38] TfrmMain.btnModeClick: 유인운영
[18:06:39] 비로그인
[18:06:39] 설치된 입구보조 LPR이 없음!
[18:06:39] 설치된 출구보조 LPR이 없음!
[18:06:39] 설치된 입구전광판이 없음!
[18:06:39] 설치된 출구전광판이 없음!
[18:06:40] LPR재접속 쓰레드시작
[18:06:40] 전광판재접속 쓰레드시작
[18:06:40] 정기권연동 쓰레드시작
[18:06:40] 설치된 영수증프린터가 없음!
[18:06:41] csInLpr1 접속성공
[18:06:41] csOutLpr1 접속성공
[18:06:41] 10.22.23.1
[18:06:44] CH101#경기46로8862#O#\2021\07\29\CH101_20210729180644_경기46로8862.jpgLPR_N
[18:06:44] LPR Check: 경기46로8862,http://10.22.31.1:9080/MSImage/2021/07/29/CH101_20210729180644_경기46로8862.jpgLPR_N,1,,,0, 2021-07-29 18:06:44
[18:06:44] File: \\10.22.31.1\MSImage\2021\07\29\CH101_20210729180644_경기46로8862.jpgLPR_N
[18:06:44] NormalProc: 일반차량 처리 시작 : 경기46로8862, 
[18:06:44] 미등록차량 입차: 경기46로8862 - \\10.22.31.1\MSImage\2021\07\29\CH101_20210729180644_경기46로8862.jpgLPR_N
[18:06:47] LPR_NCH101#경기46로8862#O#\2021\07\29\CH101_20210729180650_경기46로8862.jpg
[18:06:47] LPR Check: 경기46로8862,http://10.22.31.1:9080/MSImage/2021/07/29/CH101_20210729180650_경기46로8862.jpg,1,,,0, 2021-07-29 18:06:50
[18:06:47] File: \\10.22.31.1\MSImage\2021\07\29\CH101_20210729180650_경기46로8862.jpg
[18:06:47] NormalProc: 일반차량 처리 시작 : 경기46로8862, 
[18:06:47] 미등록차량 입차: 경기46로8862 - \\10.22.31.1\MSImage\2021\07\29\CH101_20210729180650_경기46로8862.jpg
[18:06:47] 
[18:06:47] File 없음: \\10.22.31.1\MSImage\2021\07\29\CH101_20210729180650_경기46로8862.jpg
[18:06:48] 
[18:06:48] File 없음: \\10.22.31.1\MSImage\2021\07\29\CH101_20210729180644_경기46로8862.jpgLPR_N
[18:06:50] LPR_N
[18:06:52] CH101#경기46로8862#O#\2021\07\29\CH101_20210729180655_경기46로8862.jpg
[18:06:52] LPR Check: 경기46로8862,http://10.22.31.1:9080/MSImage/2021/07/29/CH101_20210729180655_경기46로8862.jpg,1,,,0, 2021-07-29 18:06:55
[18:06:52] File: \\10.22.31.1\MSImage\2021\07\29\CH101_20210729180655_경기46로8862.jpg
[18:06:52] NormalProc: 일반차량 처리 시작 : 경기46로8862, 
[18:06:52] 미등록차량 입차: 경기46로8862 - \\10.22.31.1\MSImage\2021\07\29\CH101_20210729180655_경기46로8862.jpg
[18:06:52] 
[18:06:52] File 없음: \\10.22.31.1\MSImage\2021\07\29\CH101_20210729180655_경기46로8862.jpg
[18:06:53] CH101#경기46로8862#O#\2021\07\29\CH101_20210729180656_경기46로8862.jpg
[18:06:53] LPR Check: 경기46로8862,http://10.22.31.1:9080/MSImage/2021/07/29/CH101_20210729180656_경기46로8862.jpg,1,,,0, 2021-07-29 18:06:56
[18:06:53] File: \\10.22.31.1\MSImage\2021\07\29\CH101_20210729180656_경기46로8862.jpg
[18:06:53] NormalProc: 일반차량 처리 시작 : 경기46로8862, 
[18:06:53] 미등록차량 입차: 경기46로8862 - \\10.22.31.1\MSImage\2021\07\29\CH101_20210729180656_경기46로8862.jpg
[18:06:53] 
[18:06:54] File 없음: \\10.22.31.1\MSImage\2021\07\29\CH101_20210729180656_경기46로8862.jpg
[18:06:54] CH101#경기46로8862#O#\2021\07\29\CH101_20210729180657_경기46로8862.jpg
[18:06:54] LPR Check: 경기46로8862,http://10.22.31.1:9080/MSImage/2021/07/29/CH101_20210729180657_경기46로8862.jpg,1,,,0, 2021-07-29 18:06:57
[18:06:54] File: \\10.22.31.1\MSImage\2021\07\29\CH101_20210729180657_경기46로8862.jpg
[18:06:54] NormalProc: 일반차량 처리 시작 : 경기46로8862, 
[18:06:54] 미등록차량 입차: 경기46로8862 - \\10.22.31.1\MSImage\2021\07\29\CH101_20210729180657_경기46로8862.jpg
[18:06:54] 
[18:06:54] File 없음: \\10.22.31.1\MSImage\2021\07\29\CH101_20210729180657_경기46로8862.jpg
[18:06:56] LPR_N
[18:07:01] LPR_N
[18:07:02] Program Close
**************************************************************
[18:53:42] Program Start!
[18:53:42] [DB저장 모드]
[18:53:42] TfrmMain.btnModeClick: 유인운영
[18:53:42] 비로그인
[18:53:42] 설치된 입구보조 LPR이 없음!
[18:53:42] 설치된 출구보조 LPR이 없음!
[18:53:42] 설치된 입구전광판이 없음!
[18:53:42] 설치된 출구전광판이 없음!
[18:53:43] LPR재접속 쓰레드시작
[18:53:43] 전광판재접속 쓰레드시작
[18:53:43] 정기권연동 쓰레드시작
[18:53:43] 설치된 영수증프린터가 없음!
[18:53:44] csInLpr1 접속성공
[18:53:44] csOutLpr1 접속성공
**************************************************************
[18:54:01] Program Start!
[18:54:01] [DB저장 모드]
[18:54:01] TfrmMain.btnModeClick: 유인운영
[18:54:02] 비로그인
[18:54:02] 설치된 입구보조 LPR이 없음!
[18:54:02] 설치된 출구보조 LPR이 없음!
[18:54:02] 설치된 입구전광판이 없음!
[18:54:02] 설치된 출구전광판이 없음!
[18:54:02] LPR재접속 쓰레드시작
[18:54:02] 전광판재접속 쓰레드시작
[18:54:02] 정기권연동 쓰레드시작
[18:54:02] 설치된 영수증프린터가 없음!
[18:54:03] csInLpr1 접속성공
[18:54:03] csOutLpr1 접속성공
[18:54:12] Program Close
