[11:38:51] Program Close
**************************************************************
[11:39:01] Program Start!
[11:39:01] [DB저장 모드]
[11:39:01] TfrmMain.btnModeClick: 유인운영
[11:39:02] 비로그인
[11:39:02] 설치된 입구보조 LPR이 없음!
[11:39:02] 설치된 출구보조 LPR이 없음!
[11:39:02] 설치된 입구전광판이 없음!
[11:39:02] 설치된 출구전광판이 없음!
[11:39:02] LPR재접속 쓰레드시작
[11:39:02] 전광판재접속 쓰레드시작
[11:39:02] 정기권연동 쓰레드시작
[11:39:03] csInLpr1 접속성공
[11:39:03] csOutLpr1 접속성공
[11:39:14] XML파싱 시작!
[11:39:14] 방문차량 출입내역 조회 차량번호 44러4444 동815 호1003
[11:39:14] 방문차량 단지내에 있음 차량번호 44러4444 동815 호1003
[11:39:14] XML파싱 종료!
[11:39:23] XML파싱 시작!
[11:39:23] ICon_VisitDelProcess : 삭제 응답 전문 생성 : <?xml version="1.0"?>
<imap ver="1.0" address="26.208.153.49" sender="주차관제"><service type="reply" name="car_guest_info" result="deny"><request_info name="homedev" id_high="815" id_low="1003" type="main"/><policy limit_car_regi="3" limit_time="72" limit_duration="3" limit_credit="10/month"/><action>"delete"</action><reason>"no_exit"</reason><params car_num="44러4444" period="2021-07-07 00:00:00/2021-07-07 23:59:59" date="2021-07-07 10:51:55" message="null"/></service></imap>

[11:39:23] XML파싱 종료!
[11:40:19] LPR Check: 44러4444,http://127.0.0.1:9080/MSImage/2021/07/08/CH1_20210708114019_44러4444.jpg,1,,,0, 2021-07-08 11:40:19
[11:40:19] File: \\127.0.0.1\MSImage\2021\07\08\CH1_20210708114019_44러4444.jpg
[11:40:19] NormalProc: 일반차량 처리 시작 : 44러4444, 
[11:40:19] 44러4444차량 입차데이터 존재
[11:40:19] 출구차단기 Open 127.0.0.1:3000
[11:40:19] 입차
[11:40:30] XML파싱 시작!
[11:40:30] 방문차량 출입내역 조회 차량번호 44러4444 동815 호1003
[11:40:30] 방문차량 단지내에 없음 차량번호 44러4444 동815 호1003
[11:40:30] XML파싱 종료!
**************************************************************
[13:35:03] Program Start!
[13:35:03] [DB저장 모드]
[13:35:03] TfrmMain.btnModeClick: 유인운영
[13:35:03] 비로그인
[13:35:03] 설치된 입구보조 LPR이 없음!
[13:35:03] 설치된 출구보조 LPR이 없음!
[13:35:03] 설치된 입구전광판이 없음!
[13:35:03] 설치된 출구전광판이 없음!
[13:35:04] LPR재접속 쓰레드시작
[13:35:04] 전광판재접속 쓰레드시작
[13:35:04] 정기권연동 쓰레드시작
[13:35:04] csInLpr1 접속성공
[13:35:04] csOutLpr1 접속성공
[13:40:19] Program Close
**************************************************************
[13:53:09] Program Start!
[13:53:09] [DB저장 모드]
[13:53:09] TfrmMain.btnModeClick: 유인운영
[13:53:09] 비로그인
[13:53:09] 설치된 입구보조 LPR이 없음!
[13:53:09] 설치된 출구보조 LPR이 없음!
[13:53:09] 설치된 입구전광판이 없음!
[13:53:09] 설치된 출구전광판이 없음!
[13:53:09] LPR재접속 쓰레드시작
[13:53:09] 전광판재접속 쓰레드시작
[13:53:09] 정기권연동 쓰레드시작
[13:53:09] csInLpr1 접속성공
[13:53:09] csOutLpr1 접속성공
[13:53:27] XML파싱 시작!
[13:53:27] XML파싱 종료!
[15:48:24] XML파싱 시작!
[15:48:24] 방문차량 출입내역 조회 차량번호 33러3333 동815 호1003
[15:48:24] 방문차량 단지내에 있음 차량번호 33러3333 동815 호1003
[15:48:24] 방문차량 출입내역 조회 차량번호 22하2222 동815 호1003
[15:48:24] 방문차량 단지내에 없음 차량번호 22하2222 동815 호1003
[15:48:24] XML파싱 종료!
[15:48:35] XML파싱 시작!
[15:48:35] XML파싱 종료!
[15:48:38] XML파싱 시작!
[15:48:38] 방문차량 출입내역 조회 차량번호 33러3333 동815 호1003
[15:48:38] 방문차량 단지내에 있음 차량번호 33러3333 동815 호1003
[15:48:38] 방문차량 출입내역 조회 차량번호 22하2222 동815 호1003
[15:48:38] 방문차량 단지내에 없음 차량번호 22하2222 동815 호1003
[15:48:38] XML파싱 종료!
[15:51:49] Program Close
**************************************************************
[15:52:20] Program Start!
[15:52:20] [DB저장 모드]
[15:52:20] TfrmMain.btnModeClick: 유인운영
[15:52:20] 비로그인
[15:52:20] 설치된 입구보조 LPR이 없음!
[15:52:20] 설치된 출구보조 LPR이 없음!
[15:52:20] 설치된 입구전광판이 없음!
[15:52:20] 설치된 출구전광판이 없음!
[15:52:20] LPR재접속 쓰레드시작
[15:52:20] 전광판재접속 쓰레드시작
[15:52:20] 정기권연동 쓰레드시작
[15:52:21] csInLpr1 접속성공
[15:52:21] csOutLpr1 접속성공
[15:52:28] XML파싱 시작!
[15:52:28] 방문차량 출입내역 조회 차량번호 33러3333 동815 호1003
[15:52:28] 방문차량 단지내에 있음 차량번호 33러3333 동815 호1003
[15:52:28] 방문차량 출입내역 조회 차량번호 22하2222 동815 호1003
[15:52:28] 방문차량 단지내에 없음 차량번호 22하2222 동815 호1003
[15:52:28] XML파싱 종료!
[15:53:14] XML파싱 시작!
[15:53:14] XML파싱 종료!
[15:59:33] Program Close
**************************************************************
[15:59:40] Program Start!
[15:59:40] [DB저장 모드]
[15:59:40] TfrmMain.btnModeClick: 유인운영
[15:59:40] 비로그인
[15:59:40] 설치된 입구보조 LPR이 없음!
[15:59:40] 설치된 출구보조 LPR이 없음!
[15:59:40] 설치된 입구전광판이 없음!
[15:59:40] 설치된 출구전광판이 없음!
[15:59:41] LPR재접속 쓰레드시작
[15:59:41] 전광판재접속 쓰레드시작
[15:59:41] 정기권연동 쓰레드시작
[15:59:41] csInLpr1 접속성공
[15:59:41] csOutLpr1 접속성공
[15:59:56] XML파싱 시작!
[15:59:56] 방문차량 출입내역 조회 차량번호 33러3333 동815 호1003
[15:59:56] 방문차량 단지내에 있음 차량번호 33러3333 동815 호1003
[15:59:56] 방문차량 출입내역 조회 차량번호 22하2222 동815 호1003
[15:59:56] 방문차량 단지내에 없음 차량번호 22하2222 동815 호1003
[15:59:56] XML파싱 종료!
[16:00:11] LPR Check: 33러3333,http://127.0.0.1:9080/MSImage/2021/07/08/CH1_20210708160011_33러3333.jpg,1,,,0, 2021-07-08 16:00:11
[16:00:11] File: \\127.0.0.1\MSImage\2021\07\08\CH1_20210708160011_33러3333.jpg
[16:00:11] NormalProc: 일반차량 처리 시작 : 33러3333, 
[16:00:11] 33러3333차량 입차데이터 존재
[16:00:11] 출구차단기 Open 127.0.0.1:3000
[16:00:11] 입차
[16:00:19] XML파싱 시작!
[16:00:19] 방문차량 출입내역 조회 차량번호 33러3333 동815 호1003
[16:00:19] 방문차량 단지내에 없음 차량번호 33러3333 동815 호1003
[16:00:19] 방문차량 출입내역 조회 차량번호 22하2222 동815 호1003
[16:00:19] 방문차량 단지내에 없음 차량번호 22하2222 동815 호1003
[16:00:19] XML파싱 종료!
[16:01:02] LPR Check: 66호6666,http://127.0.0.1:9080/MSImage/2021/07/08/CH1_20210708160102_66호6666.jpg,1,,,0, 2021-07-08 16:01:02
[16:01:02] File: \\127.0.0.1\MSImage\2021\07\08\CH1_20210708160102_66호6666.jpg
[16:01:02] NormalProc: 일반차량 처리 시작 : 66호6666, 
[16:01:02] 미등록차량 입차: 66호6666 - \\127.0.0.1\MSImage\2021\07\08\CH1_20210708160102_66호6666.jpg
[16:01:02] 
[16:01:02] 일반차량 입차 이미지 가져오기 시작
[16:01:02] 일반차량 입차 이미지 가져오기 끝
[16:01:08] XML파싱 시작!
[16:01:08] 방문차량 출입내역 조회 차량번호 33러3333 동815 호1003
[16:01:08] 방문차량 단지내에 없음 차량번호 33러3333 동815 호1003
[16:01:08] 방문차량 출입내역 조회 차량번호 22하2222 동815 호1003
[16:01:08] 방문차량 단지내에 없음 차량번호 22하2222 동815 호1003
[16:01:08] XML파싱 종료!
[16:01:20] XML파싱 시작!
[16:01:20] ICon_VisitAddRespone : 등록 응답 전문 생성 : 
[16:01:20] XML파싱 종료!
[16:01:23] XML파싱 시작!
[16:01:23] 방문차량 출입내역 조회 차량번호 66호6666 동815 호1003
[16:01:23] 방문차량 단지내에 없음 차량번호 66호6666 동815 호1003
[16:01:23] 방문차량 출입내역 조회 차량번호 33러3333 동815 호1003
[16:01:23] 방문차량 단지내에 없음 차량번호 33러3333 동815 호1003
[16:01:23] 방문차량 출입내역 조회 차량번호 22하2222 동815 호1003
[16:01:23] 방문차량 단지내에 없음 차량번호 22하2222 동815 호1003
[16:01:23] XML파싱 종료!
[16:01:52] XML파싱 시작!
[16:01:52] ICon_VisitAddRespone : 등록 응답 전문 생성 : 
[16:01:52] XML파싱 종료!
[16:01:55] XML파싱 시작!
[16:01:55] 방문차량 출입내역 조회 차량번호 66호6666 동815 호1003
[16:01:55] 방문차량 단지내에 없음 차량번호 66호6666 동815 호1003
[16:01:55] 방문차량 출입내역 조회 차량번호 33러3333 동815 호1003
[16:01:55] 방문차량 단지내에 없음 차량번호 33러3333 동815 호1003
[16:01:55] 방문차량 출입내역 조회 차량번호 22하2222 동815 호1003
[16:01:55] 방문차량 단지내에 없음 차량번호 22하2222 동815 호1003
[16:01:55] XML파싱 종료!
[16:02:13] XML파싱 시작!
[16:02:13] XML파싱 종료!
[16:03:11] LPR Check: 66호6666,http://127.0.0.1:9080/MSImage/2021/07/08/CH1_20210708160311_66호6666.jpg,1,,,0, 2021-07-08 16:03:11
[16:03:11] File: \\127.0.0.1\MSImage\2021\07\08\CH1_20210708160311_66호6666.jpg
[16:03:11] NormalProc: 일반차량 처리 시작 : 66호6666, 
[16:03:11] 66호6666차량 입차데이터 존재
[16:03:11] 출구차단기 Open 127.0.0.1:3000
[16:03:11] 입차
[16:03:24] XML파싱 시작!
[16:03:24] 방문차량 출입내역 조회 차량번호 66호6666 동815 호1003
[16:03:24] 방문차량 단지내에 없음 차량번호 66호6666 동815 호1003
[16:03:24] 방문차량 출입내역 조회 차량번호 33러3333 동815 호1003
[16:03:24] 방문차량 단지내에 없음 차량번호 33러3333 동815 호1003
[16:03:24] 방문차량 출입내역 조회 차량번호 22하2222 동815 호1003
[16:03:24] 방문차량 단지내에 없음 차량번호 22하2222 동815 호1003
[16:03:24] XML파싱 종료!
[16:03:34] XML파싱 시작!
[16:03:34] XML파싱 종료!
[16:03:37] XML파싱 시작!
[16:03:37] 방문차량 출입내역 조회 차량번호 66호6666 동815 호1003
[16:03:37] 방문차량 단지내에 없음 차량번호 66호6666 동815 호1003
[16:03:37] 방문차량 출입내역 조회 차량번호 33러3333 동815 호1003
[16:03:37] 방문차량 단지내에 없음 차량번호 33러3333 동815 호1003
[16:03:37] 방문차량 출입내역 조회 차량번호 22하2222 동815 호1003
[16:03:37] 방문차량 단지내에 없음 차량번호 22하2222 동815 호1003
[16:03:37] XML파싱 종료!
[17:01:53] Program Close
