[18:04:03] 프로그램 시작시 단지서버(홈넷) Ping 안됨! (단지서버 IP-10.0.1.1)
[18:04:03] 아파트너 사용준비 완료
[18:04:03] 아파트너2 사용준비 완료
[18:05:46] 프로그램 시작시 단지서버(홈넷) Ping 안됨! (단지서버 IP-10.0.1.1)
[18:05:46] 아파트너 사용준비 완료
[18:05:46] 아파트너2 사용준비 완료
[18:06:39] 프로그램 시작시 단지서버(홈넷) Ping 안됨! (단지서버 IP-10.0.1.1)
[18:06:40] 아파트너 사용준비 완료
[18:06:40] 아파트너2 사용준비 완료
[18:06:44] 아파트너 변수 초기화 완료
[18:06:47] 아파트너 변수 초기화 완료
[18:06:47] 방문예약차량 확인중: 경기46로8862
[18:06:47] 수신전문: {
	"isVisitor": "N"
}

[18:06:47] 아파트너 입차전송 예약: 경기46로8862/XXX/XXX
[18:06:47] <아파트너> 아파트너 입차전송문구: kaptCode=T77777777
carNo=경기46로8862
dong=XXX
ho=XXX
IsResident=N

[18:06:48] <아파트너> 아파트너 입차전송응답: :성공,200,경기46로8862
[18:06:48] 방문예약차량 확인중: 경기46로8862
[18:06:48] 수신전문: {
	"isVisitor": "N"
}

[18:06:48] 아파트너 입차전송 예약: 경기46로8862/XXX/XXX
[18:06:48] <아파트너> 아파트너 입차전송문구: kaptCode=T77777777
carNo=경기46로8862
dong=XXX
ho=XXX
IsResident=N

[18:06:48] <아파트너> 아파트너 입차전송응답: :성공,200,경기46로8862
[18:06:52] 아파트너 변수 초기화 완료
[18:06:52] 방문예약차량 확인중: 경기46로8862
[18:06:52] 수신전문: {
	"isVisitor": "N"
}

[18:06:52] 아파트너 입차전송 예약: 경기46로8862/XXX/XXX
[18:06:52] <아파트너> 아파트너 입차전송문구: kaptCode=T77777777
carNo=경기46로8862
dong=XXX
ho=XXX
IsResident=N

[18:06:53] <아파트너> 아파트너 입차전송응답: :성공,200,경기46로8862
[18:06:53] 아파트너 변수 초기화 완료
[18:06:53] 방문예약차량 확인중: 경기46로8862
[18:06:53] 수신전문: {
	"isVisitor": "N"
}

[18:06:53] 아파트너 입차전송 예약: 경기46로8862/XXX/XXX
[18:06:54] <아파트너> 아파트너 입차전송문구: kaptCode=T77777777
carNo=경기46로8862
dong=XXX
ho=XXX
IsResident=N

[18:06:54] <아파트너> 아파트너 입차전송응답: :성공,200,경기46로8862
[18:06:54] 아파트너 변수 초기화 완료
[18:06:54] 방문예약차량 확인중: 경기46로8862
[18:06:54] 수신전문: {
	"isVisitor": "N"
}

[18:06:54] 아파트너 입차전송 예약: 경기46로8862/XXX/XXX
[18:06:54] <아파트너> 아파트너 입차전송문구: kaptCode=T77777777
carNo=경기46로8862
dong=XXX
ho=XXX
IsResident=N

[18:06:54] <아파트너> 아파트너 입차전송응답: :성공,200,경기46로8862
[18:53:42] 프로그램 시작시 단지서버(홈넷) Ping 안됨! (단지서버 IP-10.0.1.1)
[18:53:43] 아파트너 사용준비 완료
[18:53:43] 아파트너2 사용준비 완료
[18:54:02] 프로그램 시작시 단지서버(홈넷) Ping 안됨! (단지서버 IP-10.0.1.1)
[18:54:02] 아파트너 사용준비 완료
[18:54:02] 아파트너2 사용준비 완료
