[11:23:00] 단지서버(홈넷) Ping 정상! (단지서버 IP-127.0.0.1)
[11:23:39] ICon_VisitListProcess :  등록된 방문객 조회 시작 1 / 1
[11:23:43] 차량 대수 제한 값 :5 24 3 10/month
[11:23:46] 세대별 사전방문 등록 횟수 값 : 등록횟수(기준): 10 사용횟수: 6 남은횟수(현재): 8 남은횟수(이전): 0
[11:23:47] 세대별 사전방문 등록 횟수8/m
[11:24:16] ICon_VisitListProcess: List index out of bounds (0)
[11:25:19] 단지서버(홈넷) Ping 정상! (단지서버 IP-127.0.0.1)
[11:25:22] ICon_VisitListProcess :  등록된 방문객 조회 시작 1 / 1
[11:25:22] 차량 대수 제한 값 :5 24 3 10/month
[11:25:22] 세대별 사전방문 등록 횟수 값 : 등록횟수(기준): 10 사용횟수: 6 남은횟수(현재): 8 남은횟수(이전): 0
[11:25:22] 세대별 사전방문 등록 횟수8/m
[11:28:09] 단지서버(홈넷) Ping 정상! (단지서버 IP-127.0.0.1)
[11:28:11] ICon_VisitListProcess :  등록된 방문객 조회 시작 1 / 1
[11:28:11] 차량 대수 제한 값 :5 24 3 10/month
[11:28:11] 세대별 사전방문 등록 횟수 값 : 등록횟수(기준): 10 사용횟수: 6 남은횟수(현재): 8 남은횟수(이전): 0
[11:28:11] 세대별 사전방문 등록 횟수8/m
[11:28:21] ICon_VisitListProcess: List index out of bounds (0)
[11:30:42] 단지서버(홈넷) Ping 정상! (단지서버 IP-127.0.0.1)
[11:31:03] ICon_VisitListProcess :  등록된 방문객 조회 시작 1 / 1
[11:31:03] 차량 대수 제한 값 :5 24 3 10/month
[11:31:03] 세대별 사전방문 등록 횟수 값 : 등록횟수(기준): 10 사용횟수: 6 남은횟수(현재): 8 남은횟수(이전): 0
[11:31:03] 세대별 사전방문 등록 횟수8/m
[11:31:07] ICon_VisitListProcess: List index out of bounds (0)
[11:33:03] 단지서버(홈넷) Ping 정상! (단지서버 IP-127.0.0.1)
[11:33:05] ICon_VisitListProcess :  등록된 방문객 조회 시작 1 / 1
[11:33:05] 차량 대수 제한 값 :5 24 3 10/month
[11:33:05] 세대별 사전방문 등록 횟수 값 : 등록횟수(기준): 10 사용횟수: 6 남은횟수(현재): 8 남은횟수(이전): 0
[11:33:05] 세대별 사전방문 등록 횟수8/m
[11:33:10] ICon_VisitListProcess: List index out of bounds (0)
[11:38:32] 단지서버(홈넷) Ping 정상! (단지서버 IP-127.0.0.1)
[11:38:53] 단지서버(홈넷) Ping 정상! (단지서버 IP-127.0.0.1)
[11:38:56] ICon_VisitListProcess :  등록된 방문객 조회 시작 1 / 1
[11:38:56] 차량 대수 제한 값 :5 24 3 10/month
[11:38:56] 세대별 사전방문 등록 횟수 값 : 등록횟수(기준): 10 사용횟수: 6 남은횟수(현재): 8 남은횟수(이전): 0
[11:38:56] 세대별 사전방문 등록 횟수8/m
[11:39:04] ICon_VisitListProcess: List index out of bounds (0)
[11:41:52] 단지서버(홈넷) Ping 정상! (단지서버 IP-127.0.0.1)
[11:41:55] ICon_VisitListProcess :  등록된 방문객 조회 시작 1 / 1
[11:41:55] 차량 대수 제한 값 :5 24 3 10/month
[11:41:55] 세대별 사전방문 등록 횟수 값 : 등록횟수(기준): 10 사용횟수: 6 남은횟수(현재): 8 남은횟수(이전): 0
[11:41:55] 세대별 사전방문 등록 횟수8/m
[11:41:58] ICon_VisitListProcess: List index out of bounds (0)
[11:44:52] 단지서버(홈넷) Ping 정상! (단지서버 IP-127.0.0.1)
[11:44:55] ICon_VisitListProcess :  등록된 방문객 조회 시작 1 / 1
[11:44:55] 차량 대수 제한 값 :5 24 3 10/month
[11:44:55] 세대별 사전방문 등록 횟수 값 : 등록횟수(기준): 10 사용횟수: 6 남은횟수(현재): 8 남은횟수(이전): 0
[11:44:55] 세대별 사전방문 등록 횟수8/m
[11:45:09] ICon_VisitListProcess: List index out of bounds (0)
[11:47:40] 단지서버(홈넷) Ping 정상! (단지서버 IP-127.0.0.1)
[11:47:45] ICon_VisitListProcess :  등록된 방문객 조회 시작 1 / 1
[11:47:45] 차량 대수 제한 값 :5 24 3 10/month
[11:47:45] 세대별 사전방문 등록 횟수 값 : 등록횟수(기준): 10 사용횟수: 6 남은횟수(현재): 8 남은횟수(이전): 0
[11:47:45] 세대별 사전방문 등록 횟수8/m
[11:47:49] ICon_VisitListProcess: List index out of bounds (0)
[11:49:42] 단지서버(홈넷) Ping 정상! (단지서버 IP-127.0.0.1)
[11:49:44] ICon_VisitListProcess :  등록된 방문객 조회 시작 1 / 1
[11:49:44] 차량 대수 제한 값 :5 24 3 10/month
[11:49:44] 세대별 사전방문 등록 횟수 값 : 등록횟수(기준): 10 사용횟수: 6 남은횟수(현재): 8 남은횟수(이전): 0
[11:49:44] 세대별 사전방문 등록 횟수8/m
[11:49:47] ICon_VisitListProcess: List index out of bounds (0)
[11:51:15] 단지서버(홈넷) Ping 정상! (단지서버 IP-127.0.0.1)
[11:51:17] ICon_VisitListProcess :  등록된 방문객 조회 시작 1 / 1
[11:51:17] 차량 대수 제한 값 :5 24 3 10/month
[11:51:17] 세대별 사전방문 등록 횟수 값 : 등록횟수(기준): 10 사용횟수: 6 남은횟수(현재): 8 남은횟수(이전): 0
[11:51:17] 세대별 사전방문 등록 횟수8/m
[11:51:23] ICon_VisitListProcess: List index out of bounds (0)
[11:51:44] 단지서버(홈넷) Ping 정상! (단지서버 IP-127.0.0.1)
[11:51:46] ICon_VisitListProcess :  등록된 방문객 조회 시작 1 / 1
[11:51:46] 차량 대수 제한 값 :5 24 3 10/month
[11:51:46] 세대별 사전방문 등록 횟수 값 : 등록횟수(기준): 10 사용횟수: 6 남은횟수(현재): 8 남은횟수(이전): 0
[11:51:46] 세대별 사전방문 등록 횟수8/m
[11:51:50] ICon_VisitListProcess: 공백 또는 '?'가 와야 합니다
[11:52:26] 단지서버(홈넷) Ping 정상! (단지서버 IP-127.0.0.1)
[11:52:28] ICon_VisitListProcess :  등록된 방문객 조회 시작 1 / 1
[11:52:28] 차량 대수 제한 값 :5 24 3 10/month
[11:52:28] 세대별 사전방문 등록 횟수 값 : 등록횟수(기준): 10 사용횟수: 6 남은횟수(현재): 8 남은횟수(이전): 0
[11:52:28] 세대별 사전방문 등록 횟수8/m
[11:52:31] ICon_VisitListProcess: List index out of bounds (0)
[13:28:20] 단지서버(홈넷) Ping 정상! (단지서버 IP-127.0.0.1)
[13:28:22] ICon_VisitListProcess :  등록된 방문객 조회 시작 1 / 1
[13:28:22] 차량 대수 제한 값 :5 24 3 10/month
[13:28:22] 세대별 사전방문 등록 횟수 값 : 등록횟수(기준): 10 사용횟수: 6 남은횟수(현재): 8 남은횟수(이전): 0
[13:28:22] 세대별 사전방문 등록 횟수8/m
[13:28:35] ICon_VisitListProcess: List index out of bounds (0)
[15:29:44] 단지서버(홈넷) Ping 정상! (단지서버 IP-127.0.0.1)
[15:29:47] ICon_VisitListProcess :  등록된 방문객 조회 시작 1 / 1
[15:30:25] 단지서버(홈넷) Ping 정상! (단지서버 IP-127.0.0.1)
[15:30:27] ICon_VisitListProcess :  등록된 방문객 조회 시작 1 / 1
[15:30:42] 차량 대수 제한 값 :5 24 3 10/month
[15:30:51] 세대별 사전방문 등록 횟수 값 : 등록횟수(기준): 10 사용횟수: 6 남은횟수(현재): 8 남은횟수(이전): 0
[15:31:13] 세대별 사전방문 등록 횟수8/month
[15:31:14] ICon_VisitListProcess: List index out of bounds (0)
