**************************************************************
[11:40:14] Program Start!
[11:40:14] [DB저장 모드]
[11:40:14] TfrmMain.btnModeClick: 유인운영
[11:40:15] 비로그인
[11:40:15] 설치된 입구보조 LPR이 없음!
[11:40:15] 설치된 출구보조 LPR이 없음!
[11:40:15] 설치된 출구전광판이 없음!
[11:40:19] [메인화면 에러] 사용자 'sa'이(가) 로그인하지 못했습니다
[11:40:20] csInLpr1 접속성공
[11:40:20] csOutLpr1 접속성공
[11:40:22] Program Close
[11:40:22] SocketError > ErrorNo: [10061] Host: [127.0.0.1] Port: [5000] Name: [csInDsp1] Msg: [서버가 죽었거나 클라이언트에서 접속환경이 잘못되었을때 나타나는 현상]
**************************************************************
[11:41:18] Program Start!
[11:41:18] [DB저장 모드]
[11:41:18] TfrmMain.btnModeClick: 유인운영
[11:41:19] 비로그인
[11:41:19] 설치된 입구보조 LPR이 없음!
[11:41:19] 설치된 출구보조 LPR이 없음!
[11:41:19] 설치된 출구전광판이 없음!
[11:41:19] LPR재접속 쓰레드시작
[11:41:19] 정기권연동 쓰레드시작
[11:41:20] csInLpr1 접속성공
[11:41:20] csOutLpr1 접속성공
[11:41:22] SocketError > ErrorNo: [10061] Host: [127.0.0.1] Port: [5000] Name: [csInDsp1] Msg: [서버가 죽었거나 클라이언트에서 접속환경이 잘못되었을때 나타나는 현상]
[11:41:53] SocketError > ErrorNo: [10061] Host: [127.0.0.1] Port: [5000] Name: [csInDsp1] Msg: [서버가 죽었거나 클라이언트에서 접속환경이 잘못되었을때 나타나는 현상]
[11:42:19] Program Close
**************************************************************
[11:45:34] Program Start!
[11:45:34] [DB저장 모드]
[11:45:34] TfrmMain.btnModeClick: 유인운영
[11:45:34] 비로그인
[11:45:35] 설치된 입구보조 LPR이 없음!
[11:45:35] 설치된 출구보조 LPR이 없음!
[11:45:35] 설치된 출구전광판이 없음!
[11:45:35] 전광판재접속 쓰레드시작
[11:45:35] 정기권연동 쓰레드시작
[11:45:36] csOutLpr1 접속성공
[11:45:36] csInLpr1 접속성공
[11:45:39] SocketError > ErrorNo: [10061] Host: [127.0.0.1] Port: [5000] Name: [csInDsp1] Msg: [서버가 죽었거나 클라이언트에서 접속환경이 잘못되었을때 나타나는 현상]
[11:46:09] SocketError > ErrorNo: [10061] Host: [127.0.0.1] Port: [5000] Name: [csInDsp1] Msg: [서버가 죽었거나 클라이언트에서 접속환경이 잘못되었을때 나타나는 현상]
[11:46:53] 계영 DB 연결 확인
[11:46:55] SocketError > ErrorNo: [10061] Host: [127.0.0.1] Port: [5000] Name: [csInDsp1] Msg: [서버가 죽었거나 클라이언트에서 접속환경이 잘못되었을때 나타나는 현상]
**************************************************************
[11:49:20] Program Start!
[11:49:20] [DB저장 모드]
[11:49:20] TfrmMain.btnModeClick: 유인운영
[11:49:21] 비로그인
[11:49:21] 설치된 입구보조 LPR이 없음!
[11:49:21] 설치된 출구보조 LPR이 없음!
[11:49:21] 설치된 출구전광판이 없음!
[11:49:23] csInLpr1 접속성공
[11:49:23] csOutLpr1 접속성공
[11:49:25] SocketError > ErrorNo: [10061] Host: [127.0.0.1] Port: [5000] Name: [csInDsp1] Msg: [서버가 죽었거나 클라이언트에서 접속환경이 잘못되었을때 나타나는 현상]
[11:49:56] SocketError > ErrorNo: [10061] Host: [127.0.0.1] Port: [5000] Name: [csInDsp1] Msg: [서버가 죽었거나 클라이언트에서 접속환경이 잘못되었을때 나타나는 현상]
**************************************************************
[12:13:42] Program Start!
[12:13:42] [DB저장 모드]
[12:13:42] TfrmMain.btnModeClick: 유인운영
[12:13:43] 비로그인
[12:13:43] 설치된 입구보조 LPR이 없음!
[12:13:43] 설치된 출구보조 LPR이 없음!
[12:13:43] 설치된 출구전광판이 없음!
[12:13:44] LPR재접속 쓰레드시작
[12:13:45] csInLpr1 접속성공
[12:13:45] csOutLpr1 접속성공
[12:13:47] SocketError > ErrorNo: [10061] Host: [127.0.0.1] Port: [5000] Name: [csInDsp1] Msg: [서버가 죽었거나 클라이언트에서 접속환경이 잘못되었을때 나타나는 현상]
[12:14:18] SocketError > ErrorNo: [10061] Host: [127.0.0.1] Port: [5000] Name: [csInDsp1] Msg: [서버가 죽었거나 클라이언트에서 접속환경이 잘못되었을때 나타나는 현상]
**************************************************************
[12:18:15] Program Start!
**************************************************************
[12:19:07] Program Start!
[12:19:07] [DB저장 모드]
[12:19:07] TfrmMain.btnModeClick: 유인운영
[12:19:08] 비로그인
[12:19:08] 설치된 입구보조 LPR이 없음!
[12:19:08] 설치된 출구보조 LPR이 없음!
[12:19:08] 설치된 출구전광판이 없음!
[12:19:08] LPR재접속 쓰레드시작
[12:19:10] csInLpr1 접속성공
[12:19:10] csOutLpr1 접속성공
[12:19:12] SocketError > ErrorNo: [10061] Host: [127.0.0.1] Port: [5000] Name: [csInDsp1] Msg: [서버가 죽었거나 클라이언트에서 접속환경이 잘못되었을때 나타나는 현상]
**************************************************************
[12:41:25] Program Start!
[12:41:25] [DB저장 모드]
[12:41:25] TfrmMain.btnModeClick: 유인운영
[12:41:26] 비로그인
[12:41:26] 설치된 입구보조 LPR이 없음!
[12:41:26] 설치된 출구보조 LPR이 없음!
[12:41:26] 설치된 출구전광판이 없음!
[12:41:26] LPR재접속 쓰레드시작
[12:41:26] 전광판재접속 쓰레드시작
[12:41:26] 정기권연동 쓰레드시작
[12:41:27] csInLpr1 접속성공
[12:41:27] csOutLpr1 접속성공
[12:41:29] SocketError > ErrorNo: [10061] Host: [127.0.0.1] Port: [5000] Name: [csInDsp1] Msg: [서버가 죽었거나 클라이언트에서 접속환경이 잘못되었을때 나타나는 현상]
[12:42:00] SocketError > ErrorNo: [10061] Host: [127.0.0.1] Port: [5000] Name: [csInDsp1] Msg: [서버가 죽었거나 클라이언트에서 접속환경이 잘못되었을때 나타나는 현상]
**************************************************************
[12:44:25] Program Start!
[12:44:25] [DB저장 모드]
[12:44:25] TfrmMain.btnModeClick: 유인운영
[12:44:26] 비로그인
[12:44:27] 설치된 입구보조 LPR이 없음!
[12:44:27] 설치된 출구보조 LPR이 없음!
[12:44:27] 설치된 출구전광판이 없음!
[12:44:29] csInLpr1 접속성공
[12:44:29] csOutLpr1 접속성공
[12:44:31] SocketError > ErrorNo: [10061] Host: [127.0.0.1] Port: [5000] Name: [csInDsp1] Msg: [서버가 죽었거나 클라이언트에서 접속환경이 잘못되었을때 나타나는 현상]
[12:45:01] SocketError > ErrorNo: [10061] Host: [127.0.0.1] Port: [5000] Name: [csInDsp1] Msg: [서버가 죽었거나 클라이언트에서 접속환경이 잘못되었을때 나타나는 현상]
**************************************************************
[12:48:22] Program Start!
[12:48:22] [DB저장 모드]
[12:48:22] TfrmMain.btnModeClick: 유인운영
[12:48:23] 비로그인
[12:48:23] 설치된 입구보조 LPR이 없음!
[12:48:23] 설치된 출구보조 LPR이 없음!
[12:48:23] 설치된 출구전광판이 없음!
[12:48:24] 전광판재접속 쓰레드시작
[12:48:24] 정기권연동 쓰레드시작
[12:48:26] csInLpr1 접속성공
[12:48:26] csOutLpr1 접속성공
[12:48:28] SocketError > ErrorNo: [10061] Host: [127.0.0.1] Port: [5000] Name: [csInDsp1] Msg: [서버가 죽었거나 클라이언트에서 접속환경이 잘못되었을때 나타나는 현상]
[12:48:58] SocketError > ErrorNo: [10061] Host: [127.0.0.1] Port: [5000] Name: [csInDsp1] Msg: [서버가 죽었거나 클라이언트에서 접속환경이 잘못되었을때 나타나는 현상]
**************************************************************
[12:50:35] Program Start!
[12:50:35] [DB저장 모드]
[12:50:36] TfrmMain.btnModeClick: 유인운영
[12:50:37] 비로그인
[12:50:37] 설치된 입구보조 LPR이 없음!
[12:50:37] 설치된 출구보조 LPR이 없음!
[12:50:37] 설치된 출구전광판이 없음!
[12:50:39] csInLpr1 접속성공
[12:50:39] csOutLpr1 접속성공
[12:50:41] SocketError > ErrorNo: [10061] Host: [127.0.0.1] Port: [5000] Name: [csInDsp1] Msg: [서버가 죽었거나 클라이언트에서 접속환경이 잘못되었을때 나타나는 현상]
[12:51:12] SocketError > ErrorNo: [10061] Host: [127.0.0.1] Port: [5000] Name: [csInDsp1] Msg: [서버가 죽었거나 클라이언트에서 접속환경이 잘못되었을때 나타나는 현상]
**************************************************************
[12:52:51] Program Start!
[12:52:51] [DB저장 모드]
[12:52:51] TfrmMain.btnModeClick: 유인운영
[12:52:52] 비로그인
[12:52:52] 설치된 입구보조 LPR이 없음!
[12:52:52] 설치된 출구보조 LPR이 없음!
[12:52:52] 설치된 출구전광판이 없음!
[12:52:53] 정기권연동 쓰레드시작
[12:52:54] csInLpr1 접속성공
[12:52:54] csOutLpr1 접속성공
[12:52:56] SocketError > ErrorNo: [10061] Host: [127.0.0.1] Port: [5000] Name: [csInDsp1] Msg: [서버가 죽었거나 클라이언트에서 접속환경이 잘못되었을때 나타나는 현상]
[12:53:26] SocketError > ErrorNo: [10061] Host: [127.0.0.1] Port: [5000] Name: [csInDsp1] Msg: [서버가 죽었거나 클라이언트에서 접속환경이 잘못되었을때 나타나는 현상]
**************************************************************
[13:00:32] Program Start!
[13:00:32] [DB저장 모드]
[13:00:33] TfrmMain.btnModeClick: 유인운영
[13:00:33] 비로그인
[13:00:34] 설치된 입구보조 LPR이 없음!
[13:00:34] 설치된 출구보조 LPR이 없음!
[13:00:34] 설치된 출구전광판이 없음!
[13:00:34] LPR재접속 쓰레드시작
[13:00:34] 전광판재접속 쓰레드시작
[13:00:36] csInLpr1 접속성공
[13:00:36] csOutLpr1 접속성공
[13:00:38] SocketError > ErrorNo: [10061] Host: [127.0.0.1] Port: [5000] Name: [csInDsp1] Msg: [서버가 죽었거나 클라이언트에서 접속환경이 잘못되었을때 나타나는 현상]
[13:01:08] SocketError > ErrorNo: [10061] Host: [127.0.0.1] Port: [5000] Name: [csInDsp1] Msg: [서버가 죽었거나 클라이언트에서 접속환경이 잘못되었을때 나타나는 현상]
**************************************************************
[13:27:43] Program Start!
[13:27:44] [DB저장 모드]
[13:27:44] TfrmMain.btnModeClick: 유인운영
[13:27:45] 비로그인
[13:27:45] 설치된 입구보조 LPR이 없음!
[13:27:45] 설치된 출구보조 LPR이 없음!
[13:27:45] 설치된 출구전광판이 없음!
[13:27:45] 전광판재접속 쓰레드시작
[13:27:47] csInLpr1 접속성공
[13:27:47] csOutLpr1 접속성공
[13:27:49] SocketError > ErrorNo: [10061] Host: [127.0.0.1] Port: [5000] Name: [csInDsp1] Msg: [서버가 죽었거나 클라이언트에서 접속환경이 잘못되었을때 나타나는 현상]
[13:28:19] SocketError > ErrorNo: [10061] Host: [127.0.0.1] Port: [5000] Name: [csInDsp1] Msg: [서버가 죽었거나 클라이언트에서 접속환경이 잘못되었을때 나타나는 현상]
**************************************************************
[13:30:45] Program Start!
[13:30:45] [DB저장 모드]
[13:30:45] TfrmMain.btnModeClick: 유인운영
[13:30:46] 비로그인
[13:30:46] 설치된 입구보조 LPR이 없음!
[13:30:46] 설치된 출구보조 LPR이 없음!
[13:30:46] 설치된 출구전광판이 없음!
[13:30:49] csInLpr1 접속성공
[13:30:49] csOutLpr1 접속성공
[13:30:51] SocketError > ErrorNo: [10061] Host: [127.0.0.1] Port: [5000] Name: [csInDsp1] Msg: [서버가 죽었거나 클라이언트에서 접속환경이 잘못되었을때 나타나는 현상]
[13:31:21] SocketError > ErrorNo: [10061] Host: [127.0.0.1] Port: [5000] Name: [csInDsp1] Msg: [서버가 죽었거나 클라이언트에서 접속환경이 잘못되었을때 나타나는 현상]
**************************************************************
[13:32:51] Program Start!
[13:32:51] [DB저장 모드]
[13:32:51] TfrmMain.btnModeClick: 유인운영
[13:32:52] 비로그인
[13:32:52] 설치된 입구보조 LPR이 없음!
[13:32:52] 설치된 출구보조 LPR이 없음!
[13:32:52] 설치된 출구전광판이 없음!
[13:32:53] 전광판재접속 쓰레드시작
[13:32:55] csInLpr1 접속성공
[13:32:55] csOutLpr1 접속성공
[13:32:57] SocketError > ErrorNo: [10061] Host: [127.0.0.1] Port: [5000] Name: [csInDsp1] Msg: [서버가 죽었거나 클라이언트에서 접속환경이 잘못되었을때 나타나는 현상]
[13:33:27] SocketError > ErrorNo: [10061] Host: [127.0.0.1] Port: [5000] Name: [csInDsp1] Msg: [서버가 죽었거나 클라이언트에서 접속환경이 잘못되었을때 나타나는 현상]
[13:34:06] 계영 DB 연결 확인
[13:34:08] SocketError > ErrorNo: [10061] Host: [127.0.0.1] Port: [5000] Name: [csInDsp1] Msg: [서버가 죽었거나 클라이언트에서 접속환경이 잘못되었을때 나타나는 현상]
**************************************************************
[13:35:24] Program Start!
[13:35:24] [DB저장 모드]
[13:35:25] TfrmMain.btnModeClick: 유인운영
[13:35:26] 비로그인
[13:35:26] 설치된 입구보조 LPR이 없음!
[13:35:26] 설치된 출구보조 LPR이 없음!
[13:35:26] 설치된 출구전광판이 없음!
[13:35:28] csInLpr1 접속성공
[13:35:28] csOutLpr1 접속성공
[13:35:30] SocketError > ErrorNo: [10061] Host: [127.0.0.1] Port: [5000] Name: [csInDsp1] Msg: [서버가 죽었거나 클라이언트에서 접속환경이 잘못되었을때 나타나는 현상]
[13:36:01] SocketError > ErrorNo: [10061] Host: [127.0.0.1] Port: [5000] Name: [csInDsp1] Msg: [서버가 죽었거나 클라이언트에서 접속환경이 잘못되었을때 나타나는 현상]
**************************************************************
[13:38:39] Program Start!
[13:38:39] [DB저장 모드]
[13:38:39] TfrmMain.btnModeClick: 유인운영
[13:38:40] 비로그인
[13:38:40] 설치된 입구보조 LPR이 없음!
[13:38:40] 설치된 출구보조 LPR이 없음!
[13:38:40] 설치된 출구전광판이 없음!
[13:38:43] csOutLpr1 접속성공
[13:38:43] csInLpr1 접속성공
[13:38:45] SocketError > ErrorNo: [10061] Host: [127.0.0.1] Port: [5000] Name: [csInDsp1] Msg: [서버가 죽었거나 클라이언트에서 접속환경이 잘못되었을때 나타나는 현상]
[13:39:15] SocketError > ErrorNo: [10061] Host: [127.0.0.1] Port: [5000] Name: [csInDsp1] Msg: [서버가 죽었거나 클라이언트에서 접속환경이 잘못되었을때 나타나는 현상]
**************************************************************
[13:42:39] Program Start!
[13:42:39] [DB저장 모드]
[13:42:39] TfrmMain.btnModeClick: 유인운영
[13:42:40] 비로그인
[13:42:40] 설치된 입구보조 LPR이 없음!
[13:42:40] 설치된 출구보조 LPR이 없음!
[13:42:40] 설치된 출구전광판이 없음!
[13:42:40] LPR재접속 쓰레드시작
[13:42:40] 전광판재접속 쓰레드시작
[13:42:42] csInLpr1 접속성공
[13:42:42] csOutLpr1 접속성공
[13:42:44] SocketError > ErrorNo: [10061] Host: [127.0.0.1] Port: [5000] Name: [csInDsp1] Msg: [서버가 죽었거나 클라이언트에서 접속환경이 잘못되었을때 나타나는 현상]
[13:43:14] SocketError > ErrorNo: [10061] Host: [127.0.0.1] Port: [5000] Name: [csInDsp1] Msg: [서버가 죽었거나 클라이언트에서 접속환경이 잘못되었을때 나타나는 현상]
**************************************************************
[13:47:45] Program Start!
[13:47:45] [DB저장 모드]
[13:47:45] TfrmMain.btnModeClick: 유인운영
[13:47:46] 비로그인
[13:47:46] 설치된 입구보조 LPR이 없음!
[13:47:46] 설치된 출구보조 LPR이 없음!
[13:47:46] 설치된 출구전광판이 없음!
[13:47:47] 정기권연동 쓰레드시작
[13:47:49] csInLpr1 접속성공
[13:47:49] csOutLpr1 접속성공
[13:47:51] SocketError > ErrorNo: [10061] Host: [127.0.0.1] Port: [5000] Name: [csInDsp1] Msg: [서버가 죽었거나 클라이언트에서 접속환경이 잘못되었을때 나타나는 현상]
[13:48:41] SocketError > ErrorNo: [10061] Host: [127.0.0.1] Port: [5000] Name: [csInDsp1] Msg: [서버가 죽었거나 클라이언트에서 접속환경이 잘못되었을때 나타나는 현상]
**************************************************************
[13:49:53] Program Start!
[13:49:53] [DB저장 모드]
[13:49:53] TfrmMain.btnModeClick: 유인운영
[13:49:54] 비로그인
[13:49:54] 설치된 입구보조 LPR이 없음!
[13:49:54] 설치된 출구보조 LPR이 없음!
[13:49:54] 설치된 출구전광판이 없음!
[13:49:57] csInLpr1 접속성공
[13:49:57] csOutLpr1 접속성공
[13:49:59] SocketError > ErrorNo: [10061] Host: [127.0.0.1] Port: [5000] Name: [csInDsp1] Msg: [서버가 죽었거나 클라이언트에서 접속환경이 잘못되었을때 나타나는 현상]
**************************************************************
[13:51:43] Program Start!
[13:51:43] [DB저장 모드]
[13:51:44] TfrmMain.btnModeClick: 유인운영
[13:51:44] 비로그인
[13:51:44] 설치된 입구보조 LPR이 없음!
[13:51:44] 설치된 출구보조 LPR이 없음!
[13:51:44] 설치된 출구전광판이 없음!
[13:51:47] csInLpr1 접속성공
[13:51:47] csOutLpr1 접속성공
[13:51:49] SocketError > ErrorNo: [10061] Host: [127.0.0.1] Port: [5000] Name: [csInDsp1] Msg: [서버가 죽었거나 클라이언트에서 접속환경이 잘못되었을때 나타나는 현상]
**************************************************************
[13:54:22] Program Start!
[13:54:22] [DB저장 모드]
[13:54:22] TfrmMain.btnModeClick: 유인운영
[13:54:23] 비로그인
[13:54:23] 설치된 입구보조 LPR이 없음!
[13:54:23] 설치된 출구보조 LPR이 없음!
[13:54:23] 설치된 출구전광판이 없음!
[13:54:24] LPR재접속 쓰레드시작
[13:54:26] csInLpr1 접속성공
[13:54:26] csOutLpr1 접속성공
[13:54:28] SocketError > ErrorNo: [10061] Host: [127.0.0.1] Port: [5000] Name: [csInDsp1] Msg: [서버가 죽었거나 클라이언트에서 접속환경이 잘못되었을때 나타나는 현상]
**************************************************************
[13:55:52] Program Start!
[13:55:52] [DB저장 모드]
[13:55:53] TfrmMain.btnModeClick: 유인운영
[13:55:53] 비로그인
[13:55:53] 설치된 입구보조 LPR이 없음!
[13:55:53] 설치된 출구보조 LPR이 없음!
[13:55:53] 설치된 출구전광판이 없음!
[13:55:56] csInLpr1 접속성공
[13:55:56] csOutLpr1 접속성공
[13:55:58] SocketError > ErrorNo: [10061] Host: [127.0.0.1] Port: [5000] Name: [csInDsp1] Msg: [서버가 죽었거나 클라이언트에서 접속환경이 잘못되었을때 나타나는 현상]
**************************************************************
[13:58:23] Program Start!
[13:58:23] [DB저장 모드]
[13:58:23] TfrmMain.btnModeClick: 유인운영
[13:58:24] 비로그인
[13:58:24] 설치된 입구보조 LPR이 없음!
[13:58:24] 설치된 출구보조 LPR이 없음!
[13:58:24] 설치된 출구전광판이 없음!
[13:58:25] LPR재접속 쓰레드시작
[13:58:25] 정기권연동 쓰레드시작
[13:58:27] csInLpr1 접속성공
[13:58:27] csOutLpr1 접속성공
[13:58:29] SocketError > ErrorNo: [10061] Host: [127.0.0.1] Port: [5000] Name: [csInDsp1] Msg: [서버가 죽었거나 클라이언트에서 접속환경이 잘못되었을때 나타나는 현상]
**************************************************************
[14:02:15] Program Start!
[14:02:15] [DB저장 모드]
[14:02:15] TfrmMain.btnModeClick: 유인운영
[14:02:16] 비로그인
[14:02:16] 설치된 입구보조 LPR이 없음!
[14:02:16] 설치된 출구보조 LPR이 없음!
[14:02:16] 설치된 출구전광판이 없음!
[14:02:17] LPR재접속 쓰레드시작
[14:02:17] 전광판재접속 쓰레드시작
[14:02:19] csInLpr1 접속성공
[14:02:19] csOutLpr1 접속성공
[14:02:21] SocketError > ErrorNo: [10061] Host: [127.0.0.1] Port: [5000] Name: [csInDsp1] Msg: [서버가 죽었거나 클라이언트에서 접속환경이 잘못되었을때 나타나는 현상]
**************************************************************
[14:03:04] Program Start!
[14:03:04] [DB저장 모드]
[14:03:04] TfrmMain.btnModeClick: 유인운영
[14:03:05] 비로그인
[14:03:05] 설치된 입구보조 LPR이 없음!
[14:03:05] 설치된 출구보조 LPR이 없음!
[14:03:05] 설치된 출구전광판이 없음!
[14:03:06] LPR재접속 쓰레드시작
[14:03:06] 전광판재접속 쓰레드시작
[14:03:08] csInLpr1 접속성공
[14:03:08] csOutLpr1 접속성공
[14:03:10] SocketError > ErrorNo: [10061] Host: [127.0.0.1] Port: [5000] Name: [csInDsp1] Msg: [서버가 죽었거나 클라이언트에서 접속환경이 잘못되었을때 나타나는 현상]
**************************************************************
[14:09:14] Program Start!
[14:09:14] [DB저장 모드]
[14:09:14] TfrmMain.btnModeClick: 유인운영
[14:09:15] 비로그인
[14:09:15] 설치된 입구보조 LPR이 없음!
[14:09:15] 설치된 출구보조 LPR이 없음!
[14:09:15] 설치된 출구전광판이 없음!
[14:09:16] 전광판재접속 쓰레드시작
[14:09:18] csInLpr1 접속성공
[14:09:18] csOutLpr1 접속성공
[14:09:20] SocketError > ErrorNo: [10061] Host: [127.0.0.1] Port: [5000] Name: [csInDsp1] Msg: [서버가 죽었거나 클라이언트에서 접속환경이 잘못되었을때 나타나는 현상]
**************************************************************
[18:04:11] Program Start!
[18:04:11] [DB저장 모드]
[18:04:11] TfrmMain.btnModeClick: 유인운영
[18:04:12] 비로그인
[18:04:12] 설치된 입구보조 LPR이 없음!
[18:04:12] 설치된 출구보조 LPR이 없음!
[18:04:12] 설치된 출구전광판이 없음!
[18:04:12] LPR재접속 쓰레드시작
[18:04:12] 전광판재접속 쓰레드시작
[18:04:12] 정기권연동 쓰레드시작
[18:04:13] csInLpr1 접속성공
[18:04:13] csOutLpr1 접속성공
[18:04:18] SocketError > ErrorNo: [10061] Host: [127.0.0.1] Port: [5000] Name: [csInDsp1] Msg: [서버가 죽었거나 클라이언트에서 접속환경이 잘못되었을때 나타나는 현상]
**************************************************************
[18:04:38] Program Start!
[18:04:38] [DB저장 모드]
[18:04:38] TfrmMain.btnModeClick: 유인운영
[18:04:38] 비로그인
[18:04:38] 설치된 입구보조 LPR이 없음!
[18:04:38] 설치된 출구보조 LPR이 없음!
[18:04:38] 설치된 출구전광판이 없음!
[18:04:38] LPR재접속 쓰레드시작
[18:04:38] 전광판재접속 쓰레드시작
[18:04:38] 정기권연동 쓰레드시작
[18:04:40] csInLpr1 접속성공
[18:04:40] csOutLpr1 접속성공
[18:04:45] SocketError > ErrorNo: [10061] Host: [127.0.0.1] Port: [5000] Name: [csInDsp1] Msg: [서버가 죽었거나 클라이언트에서 접속환경이 잘못되었을때 나타나는 현상]
[18:05:01] Program Close
