[12:39:29] 프로그램 시작시 단지서버(홈넷) Ping 안됨! (단지서버 IP-10.0.1.1)
[12:40:43] 프로그램 시작시 단지서버(홈넷) Ping 안됨! (단지서버 IP-10.0.1.1)
[12:41:24] 프로그램 시작시 단지서버(홈넷) Ping 안됨! (단지서버 IP-10.0.1.1)
[12:41:27] XML파싱 시작!
[12:41:27] action : sAction
[12:41:27] 아이콘트롤스 사전 방문 일자 2021-08-02 00:00:00/2021-08-02 23:59:59
[12:41:27] 아이콘트롤스 사전 방문 차량 1 1 66호6666 null
[12:41:27] 2021-08-02 00:00:00/2021-08-02 23:59:59
[12:41:27] 아이콘트롤스 사전 방문 변환 일자 2021-08-02 00:00:00/2021-08-01 23:59:00
[12:41:27] 사전방문차량  추가 66호6666 기간:  2021-08-02 00:00:00/2021-08-01 23:59:00
[12:41:28] XML파싱 시작!
[12:41:28] action : sAction
[12:41:28] 아이콘트롤스 사전 방문 일자 2021-08-02 00:00:00/2021-08-02 23:59:59
[12:41:28] 아이콘트롤스 사전 방문 차량 1 1 66호6666 null
[12:41:28] 2021-08-02 00:00:00/2021-08-02 23:59:59
[12:41:28] 아이콘트롤스 사전 방문 변환 일자 2021-08-02 00:00:00/2021-08-01 23:59:00
[12:41:28] 사전방문차량  추가 66호6666 기간:  2021-08-02 00:00:00/2021-08-01 23:59:00
[12:42:35] 프로그램 시작시 단지서버(홈넷) Ping 안됨! (단지서버 IP-10.0.1.1)
[12:42:37] XML파싱 시작!
[12:42:39] action : sAction
[12:42:51] 아이콘트롤스 사전 방문 일자 2021-08-02 00:00:00/2021-08-02 23:59:59
[13:24:38] 프로그램 시작시 단지서버(홈넷) Ping 안됨! (단지서버 IP-10.0.1.1)
[13:24:40] XML파싱 시작!
[13:24:40] action : sAction
[13:24:40] 아이콘트롤스 사전 방문 일자 2021-08-02 00:00:00/2021-08-02 23:59:59
[13:24:40] 아이콘트롤스 사전 방문 차량 대수  1
[13:24:40] 아이콘트롤스 사전 방문 입출차 차량 대수  0
[13:26:25] 프로그램 시작시 단지서버(홈넷) Ping 안됨! (단지서버 IP-10.0.1.1)
[13:26:33] XML파싱 시작!
[13:26:33] action : sAction
[13:26:33] 아이콘트롤스 사전 방문 일자 2021-08-02 00:00:00/2021-08-02 23:59:59
[13:27:53] 아이콘트롤스 사전 방문 차량 대수  1
[13:28:28] 아이콘트롤스 사전 방문 입출차 차량 대수  0
[13:29:17] 프로그램 시작시 단지서버(홈넷) Ping 안됨! (단지서버 IP-10.0.1.1)
[13:29:19] XML파싱 시작!
[13:29:19] action : sAction
[13:29:19] 아이콘트롤스 사전 방문 일자 2021-08-02 00:00:00/2021-08-02 23:59:59
[13:29:19] 아이콘트롤스 사전 방문 차량 대수  1
[13:29:19] 아이콘트롤스 사전 방문 입출차 차량 대수  0
[13:29:19] 아이콘트롤스 사전 방문 일자 2021-08-02 00:00:00/2021-08-02 23:59:59
[13:29:19] 사전방문 등록 횟수 차감 1/1 등록횟수(이전):0 등록횟수차감:-1
[13:31:05] 프로그램 시작시 단지서버(홈넷) Ping 안됨! (단지서버 IP-10.0.1.1)
[13:31:18] XML파싱 시작!
[13:31:18] action : sAction
[13:31:18] 아이콘트롤스 사전 방문 일자 2021-08-02 00:00:00/2021-08-02 23:59:59
[13:31:18] 아이콘트롤스 사전 방문 차량 대수  2
[13:31:18] 아이콘트롤스 사전 방문 입출차 차량 대수  0
[13:31:18] 아이콘트롤스 사전 방문 일자 2021-08-02 00:00:00/2021-08-02 23:59:59
[13:31:18] 사전방문 등록 횟수 차감 1/1 등록횟수(이전):10 등록횟수차감:9
