[10:32:38] LPR12 Recv: LPR_N
[10:32:39] LPR12 Recv: CH1#11가1123#N#\2015\10\17\CH1_20151017103239_11가1123.jpg
[10:32:39] LPR Check: 11가1123,http://172.16.83.1:9080/MSImage/2015/10/17/CH1_20151017103239_11가1123.jpg,1,,,0, 2015-10-17 10:32:39
[10:32:39] File: \\172.16.83.1\MSImage\2015\10\17\CH1_20151017103239_11가1123.jpg
[10:32:39] 일반차량: 11가1123, 
[10:32:39] File: \\172.16.66.33\MSImage\2015\10\16\CH1_20151016103216_11가1123.jpg
[10:32:39] Ping 시간 체크1-2073315953
[10:32:39] Ping 시간 체크2-2073315953
[10:32:39] 일반차량출차: 11가1123, 
[10:32:39] Ping 시간 체크1-2073316234
[10:32:39] Ping 시간 체크2-2073316234
[10:32:44] LPR12 Recv: LPR_N
[10:32:49] LPR12 Recv: LPR_N
[10:32:54] LPR12 Recv: LPR_N
[10:33:00] LPR12 Recv: LPR_N
[10:33:05] LPR12 Recv: LPR_N
[10:33:10] LPR12 Recv: LPR_N
[10:33:15] LPR12 Recv: LPR_N
[13:20:01] Program Start!
[13:20:02] 근무시작: 근무자
[13:20:02] 설치된 영수증프린터가 없음!
[13:20:02] Ping 시간 체크1-2083359109
[13:20:02] Ping 시간 체크2-2083359109
[13:20:02] Ping 시간 체크1-2083359125
[13:20:02] Ping 시간 체크2-2083359125
[13:20:02] 설치된 입구전광판이 없음!
[13:20:02] 설치된 출구전광판이 없음!
[13:20:02] LPR12 Recv: 172.16.83.1
[13:20:02] LPR11 Recv: 172.16.83.1
[13:20:04] LPR11 Recv: LPR_R
[13:20:04] 시간동기화 전송
[13:20:04] LPR12 Recv: LPR_N
[13:20:09] LPR11 Recv: CH1#11가1124#N#\2015\10\16\CH1_20151016131958_11가1124.jpg
[13:20:09] LPR Check: 11가1124,http://172.16.66.33:9080/MSImage/2015/10/16/CH1_20151016131958_11가1124.jpg,1,,,0, 2015-10-16 13:19:58
[13:20:09] File: \\172.16.66.33\MSImage\2015\10\16\CH1_20151016131958_11가1124.jpg
[13:20:09] 일반차량: 11가1124, 
[13:20:09] Ping 시간 체크1-2083366156
[13:20:09] Ping 시간 체크2-2083366171
[13:20:09] 입구차단기 Open
[13:20:09] 일반차량입차: 11가1124, 
[13:20:10] LPR12 Recv: LPR_N
[13:20:14] LPR12 Recv: CH1#11가1124#N#\2015\10\17\CH1_20151017132014_11가1124.jpg
[13:20:14] LPR Check: 11가1124,http://172.16.83.1:9080/MSImage/2015/10/17/CH1_20151017132014_11가1124.jpg,1,,,0, 2015-10-17 13:20:14
[13:20:14] File: \\172.16.83.1\MSImage\2015\10\17\CH1_20151017132014_11가1124.jpg
[13:20:14] 일반차량: 11가1124, 
[13:20:14] File: \\172.16.66.33\MSImage\2015\10\16\CH1_20151016131958_11가1124.jpg
[13:20:14] Ping 시간 체크1-2083371265
[13:20:14] Ping 시간 체크2-2083371281
[13:20:15] 일반차량출차: 11가1124, 
[13:20:15] Ping 시간 체크1-2083371531
[13:20:15] Ping 시간 체크2-2083371531
[13:20:15] LPR12 Recv: LPR_N
[13:20:20] LPR12 Recv: LPR_N
[13:20:25] LPR12 Recv: LPR_N
[13:20:30] LPR12 Recv: LPR_N
[13:20:54] LPR11 Recv: CH1#11가1123#N#\2015\10\16\CH1_20151016132043_11가1123.jpg
[13:20:54] LPR Check: 11가1123,http://172.16.66.33:9080/MSImage/2015/10/16/CH1_20151016132043_11가1123.jpg,1,,,0, 2015-10-16 13:20:43
[13:20:54] File: \\172.16.66.33\MSImage\2015\10\16\CH1_20151016132043_11가1123.jpg
[13:20:54] 정기차량시작: 11가1123, 
[13:20:54] Ping 시간 체크1-2083411546
[13:20:54] Ping 시간 체크2-2083411546
[13:20:54] 입구차단기 Open
[13:20:54] 정기차량처리: 11가1123, 
[13:20:56] LPR12 Recv: CH1#11가1123#N#\2015\10\17\CH1_20151017132056_11가1123.jpg
[13:20:56] LPR Check: 11가1123,http://172.16.83.1:9080/MSImage/2015/10/17/CH1_20151017132056_11가1123.jpg,1,,,0, 2015-10-17 13:20:56
[13:20:56] File: \\172.16.83.1\MSImage\2015\10\17\CH1_20151017132056_11가1123.jpg
[13:20:56] 정기차량시작: 11가1123, 
[13:20:56] Ping 시간 체크1-2083412875
[13:20:56] Ping 시간 체크2-2083412875
[13:20:56] Ping 시간 체크1-2083412890
[13:20:56] Ping 시간 체크2-2083412890
[13:20:56] 출구차단기 Open
[13:20:56] 정기차량처리: 11가1123, 
[13:20:57] LPR12 Recv: LPR_N
[13:21:02] LPR12 Recv: LPR_N
[13:21:07] LPR12 Recv: LPR_N
[13:21:12] LPR12 Recv: LPR_N
[13:21:17] LPR12 Recv: LPR_N
[13:21:23] LPR12 Recv: LPR_N
[13:21:28] LPR12 Recv: LPR_N
[13:21:33] LPR12 Recv: LPR_N
[13:21:38] LPR12 Recv: LPR_N
[13:21:44] LPR12 Recv: LPR_N
[13:21:49] LPR12 Recv: LPR_N
[13:21:54] Ping 시간 체크1-2083471546
[13:21:54] Ping 시간 체크2-2083471546
[13:21:54] 11번 LPR OK 전송
[13:21:54] LPR12 Recv: LPR_N
[13:22:00] LPR12 Recv: LPR_N
[13:22:05] LPR12 Recv: LPR_N
[13:22:10] LPR12 Recv: LPR_N
[13:22:15] LPR12 Recv: LPR_N
[13:22:21] LPR12 Recv: LPR_N
[13:22:26] LPR12 Recv: LPR_N
[13:22:31] LPR12 Recv: LPR_N
[13:22:36] LPR12 Recv: LPR_N
[13:22:42] LPR12 Recv: LPR_N
[13:22:47] LPR12 Recv: LPR_N
[13:22:47] LPR12 Recv: CH1#11가1123#N#\2015\10\17\CH1_20151017132247_11가1123.jpg
[13:22:47] LPR Check: 11가1123,http://172.16.83.1:9080/MSImage/2015/10/17/CH1_20151017132247_11가1123.jpg,1,,,0, 2015-10-17 13:22:47
[13:22:47] File: \\172.16.83.1\MSImage\2015\10\17\CH1_20151017132247_11가1123.jpg
[13:22:47] 정기차량시작: 11가1123, 
[13:22:47] Ping 시간 체크1-2083524109
[13:22:47] Ping 시간 체크2-2083524109
[13:22:47] Ping 시간 체크1-2083524125
[13:22:47] Ping 시간 체크2-2083524125
[13:22:47] 출구차단기 Open
[13:22:47] 정기차량처리: 11가1123, 
[13:22:52] LPR12 Recv: LPR_N
[13:22:54] Ping 시간 체크1-2083531546
[13:22:54] Ping 시간 체크2-2083531546
[13:22:54] 11번 LPR OK 전송
[13:22:57] LPR12 Recv: LPR_N
[13:23:03] LPR12 Recv: LPR_N
[13:23:08] LPR12 Recv: LPR_N
[13:23:13] LPR12 Recv: LPR_N
[13:23:19] LPR12 Recv: LPR_N
[13:23:23] Program Close
[13:23:39] Program Start!
[13:23:41] 근무시작: 근무자
[13:23:41] 설치된 영수증프린터가 없음!
[13:23:41] Ping 시간 체크1-2083577984
[13:23:41] Ping 시간 체크2-2083577984
[13:23:41] Ping 시간 체크1-2083578031
[13:23:41] Ping 시간 체크2-2083578046
[13:23:41] 설치된 입구전광판이 없음!
[13:23:41] 설치된 출구전광판이 없음!
[13:23:41] LPR12 Recv: 172.16.83.1
[13:23:41] LPR11 Recv: 172.16.83.1
[13:23:42] LPR11 Recv: LPR_R
[13:23:42] 시간동기화 전송
[13:23:43] LPR12 Recv: LPR_N
[13:23:43] LPR11 Recv: CH1#11가1123#N#\2015\10\16\CH1_20151016132327_11가1123.jpg
[13:23:43] LPR Check: 11가1123,http://172.16.66.33:9080/MSImage/2015/10/16/CH1_20151016132327_11가1123.jpg,1,,,0, 2015-10-16 13:23:27
[13:23:43] File: \\172.16.66.33\MSImage\2015\10\16\CH1_20151016132327_11가1123.jpg
[13:23:43] 정기차량시작: 11가1123, 
[13:23:43] Ping 시간 체크1-2083579890
[13:23:43] Ping 시간 체크2-2083579890
[13:23:43] 입구차단기 Open
[13:23:43] 정기차량처리: 11가1123, 
[13:23:44] LPR12 Recv: CH1#11가1123#N#\2015\10\17\CH1_20151017132344_11가1123.jpg
[13:23:44] LPR Check: 11가1123,http://172.16.83.1:9080/MSImage/2015/10/17/CH1_20151017132344_11가1123.jpg,1,,,0, 2015-10-17 13:23:44
[13:23:44] File: \\172.16.83.1\MSImage\2015\10\17\CH1_20151017132344_11가1123.jpg
[13:24:25] Program Start!
[13:24:27] 근무시작: 근무자
[13:24:27] 설치된 영수증프린터가 없음!
[13:24:27] Ping 시간 체크1-2083624359
[13:24:27] Ping 시간 체크2-2083624359
[13:24:27] Ping 시간 체크1-2083624406
[13:24:27] Ping 시간 체크2-2083624421
[13:24:27] 설치된 입구전광판이 없음!
[13:24:27] 설치된 출구전광판이 없음!
[13:24:27] LPR12 Recv: 172.16.83.1
[13:24:28] LPR11 Recv: 172.16.83.1
[13:24:29] LPR11 Recv: LPR_R
[13:24:29] 시간동기화 전송
[13:24:29] LPR12 Recv: CH1#11가1123#N#\2015\10\17\CH1_20151017132429_11가1123.jpg
[13:24:29] LPR Check: 11가1123,http://172.16.83.1:9080/MSImage/2015/10/17/CH1_20151017132429_11가1123.jpg,1,,,0, 2015-10-17 13:24:29
[13:24:29] File: \\172.16.83.1\MSImage\2015\10\17\CH1_20151017132429_11가1123.jpg
[13:25:24] Program Start!
[13:25:26] 근무시작: 근무자
[13:25:26] 설치된 영수증프린터가 없음!
[13:25:26] Ping 시간 체크1-2083683328
[13:25:26] Ping 시간 체크2-2083683343
[13:25:26] Ping 시간 체크1-2083683406
[13:25:26] Ping 시간 체크2-2083683406
[13:25:26] 설치된 입구전광판이 없음!
[13:25:26] 설치된 출구전광판이 없음!
[13:25:26] LPR12 Recv: 172.16.83.1
[13:25:27] LPR11 Recv: 172.16.83.1
[13:25:28] LPR11 Recv: LPR_R
[13:25:28] 시간동기화 전송
[13:25:28] LPR12 Recv: LPR_N
[13:25:29] LPR11 Recv: CH1#11가1123#N#\2015\10\16\CH1_20151016132513_11가1123.jpg
[13:25:29] LPR Check: 11가1123,http://172.16.66.33:9080/MSImage/2015/10/16/CH1_20151016132513_11가1123.jpg,1,,,0, 2015-10-16 13:25:13
[13:25:29] File: \\172.16.66.33\MSImage\2015\10\16\CH1_20151016132513_11가1123.jpg
[13:25:29] 정기차량시작: 11가1123, 
[13:25:29] Ping 시간 체크1-2083685953
[13:25:29] Ping 시간 체크2-2083685968
[13:25:29] 입구차단기 Open
[13:25:29] 정기차량처리: 11가1123, 
[13:25:30] LPR12 Recv: LPR_N
[13:25:30] LPR12 Recv: CH1#11가1123#N#\2015\10\17\CH1_20151017132530_11가1123.jpg
[13:25:30] LPR Check: 11가1123,http://172.16.83.1:9080/MSImage/2015/10/17/CH1_20151017132530_11가1123.jpg,1,,,0, 2015-10-17 13:25:30
[13:25:30] File: \\172.16.83.1\MSImage\2015\10\17\CH1_20151017132530_11가1123.jpg
[13:25:34] 일반차량: 11가1123, 
[13:25:34] File: \\172.16.66.33\MSImage\2015\10\16\CH1_20151016132513_11가1123.jpg
[13:25:34] Ping 시간 체크1-2083691468
[13:25:34] Ping 시간 체크2-2083691468
[13:25:35] 일반차량출차: 11가1123, 
[13:25:35] Ping 시간 체크1-2083691796
[13:25:35] Ping 시간 체크2-2083691796
[13:25:35] LPR12 Recv: LPR_N
[13:25:40] LPR12 Recv: LPR_N
[13:25:46] LPR12 Recv: CH1#11가1123#N#\2015\10\17\CH1_20151017132546_11가1123.jpg
[13:25:46] LPR Check: 11가1123,http://172.16.83.1:9080/MSImage/2015/10/17/CH1_20151017132546_11가1123.jpg,1,,,0, 2015-10-17 13:25:46
[13:25:46] File: \\172.16.83.1\MSImage\2015\10\17\CH1_20151017132546_11가1123.jpg
[13:25:47] 정기차량시작: 11가1123, 
[13:25:47] Ping 시간 체크1-2083703859
[13:25:47] Ping 시간 체크2-2083703859
[13:25:47] Ping 시간 체크1-2083703875
[13:25:47] Ping 시간 체크2-2083703875
[13:25:47] 출구차단기 Open
[13:25:47] 정기차량처리: 11가1123, 
[13:25:47] LPR12 Recv: LPR_N
[13:25:51] LPR12 Recv: LPR_N
[13:25:57] LPR12 Recv: LPR_N
[13:31:52] LPR12 Recv: CH1#11가1123#N#\2015\10\17\CH1_20151017133152_11가1123.jpg
[13:31:52] LPR Check: 11가1123,http://172.16.83.1:9080/MSImage/2015/10/17/CH1_20151017133152_11가1123.jpg,1,,,0, 2015-10-17 13:31:52
[13:31:52] File: \\172.16.83.1\MSImage\2015\10\17\CH1_20151017133152_11가1123.jpg
[13:31:52] 정기차량시작: 11가1123, 
[13:31:52] Ping 시간 체크1-2084069109
[13:31:52] Ping 시간 체크2-2084069109
[13:31:52] Ping 시간 체크1-2084069125
[13:31:52] Ping 시간 체크2-2084069125
[13:31:52] 출구차단기 Open
[13:31:52] 정기차량처리: 11가1123, 
[13:31:53] LPR12 Recv: LPR_N
[13:31:59] LPR12 Recv: LPR_N
[13:32:04] LPR12 Recv: LPR_N
[13:32:09] LPR12 Recv: LPR_N
[13:32:14] LPR12 Recv: LPR_N
[13:32:20] LPR12 Recv: LPR_N
[13:32:24] LPR11 Recv: CH1#11가1123#N#\2015\10\16\CH1_20151016113206_11가1123.jpg
[13:32:24] LPR Check: 11가1123,http://172.16.66.33:9080/MSImage/2015/10/16/CH1_20151016113206_11가1123.jpg,1,,,0, 2015-10-16 11:32:06
[13:32:24] File: \\172.16.66.33\MSImage\2015\10\16\CH1_20151016113206_11가1123.jpg
[13:32:24] 정기차량시작: 11가1123, 
[13:32:24] Ping 시간 체크1-2084101187
[13:32:24] Ping 시간 체크2-2084101203
[13:32:24] 입구차단기 Open
[13:32:24] 정기차량처리: 11가1123, 
[13:32:25] LPR12 Recv: CH1#11가1123#N#\2015\10\17\CH1_20151017133225_11가1123.jpg
[13:32:25] LPR Check: 11가1123,http://172.16.83.1:9080/MSImage/2015/10/17/CH1_20151017133225_11가1123.jpg,1,,,0, 2015-10-17 13:32:25
[13:32:25] File: \\172.16.83.1\MSImage\2015\10\17\CH1_20151017133225_11가1123.jpg
[13:32:25] 정기차량시작: 11가1123, 
[13:32:25] Ping 시간 체크1-2084102437
[13:32:25] Ping 시간 체크2-2084102437
[13:32:25] Ping 시간 체크1-2084102453
[13:32:25] Ping 시간 체크2-2084102453
[13:32:25] 출구차단기 Open
[13:32:25] 정기차량처리: 11가1123, 
[13:32:25] LPR12 Recv: LPR_N
[13:32:31] LPR12 Recv: LPR_N
[13:32:33] LPR12 Recv: CH1#11가1123#N#\2015\10\17\CH1_20151017133233_11가1123.jpg
[13:32:33] LPR Check: 11가1123,http://172.16.83.1:9080/MSImage/2015/10/17/CH1_20151017133233_11가1123.jpg,1,,,0, 2015-10-17 13:32:33
[13:32:33] File: \\172.16.83.1\MSImage\2015\10\17\CH1_20151017133233_11가1123.jpg
[13:32:33] 일반차량: 11가1123, 
[13:32:33] File: 
[13:32:33] Ping 시간 체크1-2084110796
[13:32:33] Ping 시간 체크2-2084111000
[13:32:33] File 없음: 
[13:32:33] 일반차량출차: 11가1123, 
[13:32:33] Ping 시간 체크1-2084111031
[13:32:33] Ping 시간 체크2-2084111031
[13:32:36] LPR12 Recv: LPR_N
[13:32:41] LPR12 Recv: LPR_N
[13:32:46] LPR12 Recv: LPR_N
[13:34:20] LPR11 Recv: CH1#11가1123#N#\2015\10\16\CH1_20151016113403_11가1123.jpg
[13:34:20] LPR Check: 11가1123,http://172.16.66.33:9080/MSImage/2015/10/16/CH1_20151016113403_11가1123.jpg,1,,,0, 2015-10-16 11:34:03
[13:34:20] File: \\172.16.66.33\MSImage\2015\10\16\CH1_20151016113403_11가1123.jpg
[13:34:20] 정기차량시작: 11가1123, 
[13:34:20] Ping 시간 체크1-2084217703
[13:34:20] Ping 시간 체크2-2084217703
[13:34:20] 입구차단기 Open
[13:34:20] 정기차량처리: 11가1123, 
[13:34:20] LPR12 Recv: LPR_N
[13:34:22] LPR12 Recv: CH1#11가1123#N#\2015\10\17\CH1_20151017133422_11가1123.jpg
[13:34:22] LPR Check: 11가1123,http://172.16.83.1:9080/MSImage/2015/10/17/CH1_20151017133422_11가1123.jpg,1,,,0, 2015-10-17 13:34:22
[13:34:22] File: \\172.16.83.1\MSImage\2015\10\17\CH1_20151017133422_11가1123.jpg
[13:34:22] 일반차량: 11가1123, 
[13:34:22] File: 
[13:34:22] Ping 시간 체크1-2084219921
[13:34:22] Ping 시간 체크2-2084220000
[13:34:22] File 없음: 
[13:34:22] 일반차량출차: 11가1123, 
[13:34:22] Ping 시간 체크1-2084220031
[13:34:22] Ping 시간 체크2-2084220031
[13:34:26] LPR12 Recv: LPR_N
[13:34:27] Program Close
[13:37:36] Program Start!
[13:37:37] 근무시작: 근무자
[13:37:37] 설치된 영수증프린터가 없음!
[13:37:37] Ping 시간 체크1-2084415375
[13:37:37] Ping 시간 체크2-2084415390
[13:37:37] Ping 시간 체크1-2084415390
[13:37:37] Ping 시간 체크2-2084415390
[13:37:37] 설치된 입구전광판이 없음!
[13:37:37] 설치된 출구전광판이 없음!
[13:37:37] LPR12 Recv: 172.16.83.1
[13:37:38] LPR11 Recv: 172.16.83.1
[13:37:38] LPR12 Recv: CH1#11가1123#N#\2015\10\17\CH1_20151017133738_11가1123.jpg
[13:37:38] LPR Check: 11가1123,http://172.16.83.1:9080/MSImage/2015/10/17/CH1_20151017133738_11가1123.jpg,1,,,0, 2015-10-17 13:37:38
[13:37:38] File: \\172.16.83.1\MSImage\2015\10\17\CH1_20151017133738_11가1123.jpg
[13:37:38] 정기차량시작: 11가1123, 
[13:37:38] Ping 시간 체크1-2084416281
[13:37:38] Ping 시간 체크2-2084416281
[13:37:38] Ping 시간 체크1-2084416296
[13:37:38] Ping 시간 체크2-2084416296
[13:37:38] 출구차단기 Open
[13:37:38] 정기차량처리: 11가1123, 
[13:37:38] LPR11 Recv: LPR_R
[13:37:38] 시간동기화 전송
[13:37:39] LPR12 Recv: LPR_N
[13:37:40] LPR12 Recv: LPR_N
[13:37:46] LPR12 Recv: LPR_N
[13:37:48] LPR11 Recv: CH1#11가1123#N#\2015\10\16\CH1_20151016113731_11가1123.jpg
[13:37:48] LPR Check: 11가1123,http://172.16.66.33:9080/MSImage/2015/10/16/CH1_20151016113731_11가1123.jpg,1,,,0, 2015-10-16 11:37:31
[13:37:48] File: \\172.16.66.33\MSImage\2015\10\16\CH1_20151016113731_11가1123.jpg
[13:37:48] 정기차량시작: 11가1123, 
[13:37:48] Ping 시간 체크1-2084426218
[13:37:48] Ping 시간 체크2-2084426234
[13:37:48] 입구차단기 Open
[13:37:48] 정기차량처리: 11가1123, 
[13:37:49] LPR12 Recv: CH1#11가1123#N#\2015\10\17\CH1_20151017133749_11가1123.jpg
[13:37:49] LPR Check: 11가1123,http://172.16.83.1:9080/MSImage/2015/10/17/CH1_20151017133749_11가1123.jpg,1,,,0, 2015-10-17 13:37:49
[13:37:49] File: \\172.16.83.1\MSImage\2015\10\17\CH1_20151017133749_11가1123.jpg
[13:37:49] 정기차량시작: 11가1123, 
[13:37:49] Ping 시간 체크1-2084427125
[13:37:49] Ping 시간 체크2-2084427125
[13:37:49] Ping 시간 체크1-2084427140
[13:37:49] Ping 시간 체크2-2084427140
[13:37:49] 출구차단기 Open
[13:37:49] 정기차량처리: 11가1123, 
[13:37:51] LPR12 Recv: LPR_N
[13:37:54] Program Close
[13:37:58] Program Start!
[13:38:00] 근무시작: 근무자
[13:38:00] 설치된 영수증프린터가 없음!
[13:38:00] Ping 시간 체크1-2084437609
[13:38:00] Ping 시간 체크2-2084437609
[13:38:00] Ping 시간 체크1-2084437609
[13:38:00] Ping 시간 체크2-2084437609
[13:38:00] 설치된 입구전광판이 없음!
[13:38:00] 설치된 출구전광판이 없음!
[13:38:00] LPR12 Recv: 172.16.83.1
[13:38:00] LPR11 Recv: 172.16.83.1
[13:38:01] LPR11 Recv: LPR_R
[13:38:01] 시간동기화 전송
[13:38:01] LPR12 Recv: LPR_N
[13:38:03] LPR11 Recv: CH1#11가1123#N#\2015\10\16\CH1_20151016113746_11가1123.jpg
[13:38:03] LPR Check: 11가1123,http://172.16.66.33:9080/MSImage/2015/10/16/CH1_20151016113746_11가1123.jpg,1,,,0, 2015-10-16 11:37:46
[13:38:03] File: \\172.16.66.33\MSImage\2015\10\16\CH1_20151016113746_11가1123.jpg
[13:38:03] 정기차량시작: 11가1123, 
[13:38:03] Ping 시간 체크1-2084441015
[13:38:03] Ping 시간 체크2-2084441015
[13:38:03] 입구차단기 Open
[13:38:03] 정기차량처리: 11가1123, 
[13:38:04] LPR12 Recv: CH1#11가1123#N#\2015\10\17\CH1_20151017133804_11가1123.jpg
[13:38:04] LPR Check: 11가1123,http://172.16.83.1:9080/MSImage/2015/10/17/CH1_20151017133804_11가1123.jpg,1,,,0, 2015-10-17 13:38:04
[13:38:04] File: \\172.16.83.1\MSImage\2015\10\17\CH1_20151017133804_11가1123.jpg
[13:38:04] 일반차량: 11가1123, 
[13:38:04] File: 
[13:38:04] Ping 시간 체크1-2084442234
[13:38:04] Ping 시간 체크2-2084442500
[13:38:04] File 없음: 
[13:38:05] 일반차량출차: 11가1123, 
[13:38:05] Ping 시간 체크1-2084442531
[13:38:05] Ping 시간 체크2-2084442531
[13:38:07] LPR12 Recv: LPR_N
[13:38:08] LPR12 Recv: CH1#11가1123#N#\2015\10\17\CH1_20151017133808_11가1123.jpg
[13:38:08] LPR Check: 11가1123,http://172.16.83.1:9080/MSImage/2015/10/17/CH1_20151017133808_11가1123.jpg,1,,,0, 2015-10-17 13:38:08
[13:38:08] File: \\172.16.83.1\MSImage\2015\10\17\CH1_20151017133808_11가1123.jpg
[13:38:08] 정기차량시작: 11가1123, 
[13:38:08] Ping 시간 체크1-2084446453
[13:38:08] Ping 시간 체크2-2084446453
[13:38:08] Ping 시간 체크1-2084446468
[13:38:08] Ping 시간 체크2-2084446468
[13:38:08] 출구차단기 Open
[13:38:08] 정기차량처리: 11가1123, 
[13:38:12] LPR12 Recv: LPR_N
[13:38:17] Program Close
[13:39:43] Program Start!
[13:39:53] 근무시작: 근무자
[13:39:53] 설치된 영수증프린터가 없음!
[13:39:53] Ping 시간 체크1-2084550578
[13:39:53] Ping 시간 체크2-2084550578
[13:39:53] Ping 시간 체크1-2084550640
[13:39:53] Ping 시간 체크2-2084550656
[13:39:53] 설치된 입구전광판이 없음!
[13:39:53] 설치된 출구전광판이 없음!
[13:39:53] LPR12 Recv: 172.16.83.1
[13:39:53] LPR11 Recv: 172.16.83.1
[13:39:54] LPR12 Recv: LPR_N
[13:39:54] LPR11 Recv: LPR_R
[13:39:54] 시간동기화 전송
[13:39:56] LPR11 Recv: CH1#11가1123#N#\2015\10\16\CH1_20151016113939_11가1123.jpg
[13:39:56] LPR Check: 11가1123,http://172.16.66.33:9080/MSImage/2015/10/16/CH1_20151016113939_11가1123.jpg,1,,,0, 2015-10-16 11:39:39
[13:39:56] File: \\172.16.66.33\MSImage\2015\10\16\CH1_20151016113939_11가1123.jpg
[13:39:56] 정기차량시작: 11가1123, 
[13:39:56] Ping 시간 체크1-2084553812
[13:39:56] Ping 시간 체크2-2084553828
[13:39:56] 입구차단기 Open
[13:39:56] 정기차량처리: 11가1123, 
[13:39:57] LPR12 Recv: LPR_N
[13:39:57] LPR12 Recv: CH1#11가1123#N#\2015\10\17\CH1_20151017133957_11가1123.jpg
[13:39:57] LPR Check: 11가1123,http://172.16.83.1:9080/MSImage/2015/10/17/CH1_20151017133957_11가1123.jpg,1,,,0, 2015-10-17 13:39:57
[13:39:57] File: \\172.16.83.1\MSImage\2015\10\17\CH1_20151017133957_11가1123.jpg
[13:40:15] 일반차량: 11가1123, 
[13:40:15] File: 
[13:40:15] Ping 시간 체크1-2084573421
[13:40:15] Ping 시간 체크2-2084573500
[13:40:15] File 없음: 
[13:40:16] 일반차량출차: 11가1123, 
[13:40:16] Ping 시간 체크1-2084573562
[13:40:16] Ping 시간 체크2-2084573562
[13:40:16] LPR12 Recv: LPR_NLPR_NLPR_N
[13:40:18] LPR12 Recv: LPR_N
[13:40:20] LPR12 Recv: CH1#11가1123#N#\2015\10\17\CH1_20151017134020_11가1123.jpg
[13:40:20] LPR Check: 11가1123,http://172.16.83.1:9080/MSImage/2015/10/17/CH1_20151017134020_11가1123.jpg,1,,,0, 2015-10-17 13:40:20
[13:40:20] File: \\172.16.83.1\MSImage\2015\10\17\CH1_20151017134020_11가1123.jpg
[13:42:16] Program Start!
[13:42:24] 근무시작: 근무자
[13:42:24] 설치된 영수증프린터가 없음!
[13:42:24] Ping 시간 체크1-2084702281
[13:42:24] Ping 시간 체크2-2084702296
[13:42:24] Ping 시간 체크1-2084702296
[13:42:24] Ping 시간 체크2-2084702296
[13:42:24] 설치된 입구전광판이 없음!
[13:42:24] 설치된 출구전광판이 없음!
[13:42:24] LPR12 Recv: 172.16.83.1
[13:42:24] LPR11 Recv: 172.16.83.1
[13:42:25] LPR12 Recv: LPR_N
[13:42:26] LPR11 Recv: LPR_R
[13:42:26] 시간동기화 전송
[13:42:26] Program Close
[13:45:20] Program Start!
[13:45:22] 근무시작: 근무자
[13:45:22] 설치된 영수증프린터가 없음!
[13:45:22] Ping 시간 체크1-2084880015
[13:45:22] Ping 시간 체크2-2084880015
[13:45:22] Ping 시간 체크1-2084880015
[13:45:22] Ping 시간 체크2-2084880015
[13:45:22] Ping 시간 체크1-2084880015
[13:45:22] Ping 시간 체크2-2084880031
[13:45:22] 설치된 출구전광판이 없음!
[13:45:22] LPR12 Recv: 172.16.83.1
[13:45:22] LPR11 Recv: 172.16.83.1
[13:45:23] LPR12 Recv: LPR_N
[13:45:23] LPR11 Recv: LPR_R
[13:45:23] 시간동기화 전송
[13:45:24] LPR12 Recv: LPR_N
[13:45:25] LPR11 Recv: CH1#11가1123#N#\2015\10\16\CH1_20151016114508_11가1123.jpg
[13:45:25] LPR Check: 11가1123,http://172.16.66.33:9080/MSImage/2015/10/16/CH1_20151016114508_11가1123.jpg,1,,,0, 2015-10-16 11:45:08
[13:45:25] File: \\172.16.66.33\MSImage\2015\10\16\CH1_20151016114508_11가1123.jpg
[13:45:25] 정기차량시작: 11가1123, 
[13:45:25] Ping 시간 체크1-2084882921
[13:45:25] Ping 시간 체크2-2084882937
[13:45:25] Ping 시간 체크1-2084882937
[13:45:25] Ping 시간 체크2-2084882937
[13:45:25] 입구차단기 Open
[13:45:25] 정기차량처리: 11가1123, 
[13:45:28] LPR12 Recv: LPR_N
[13:45:31] Program Close
[14:54:34] Program Start!
[14:54:35] 근무시작: 근무자
[14:54:35] 설치된 영수증프린터가 없음!
[14:54:35] Ping 시간 체크1-2089033078
[14:54:35] Ping 시간 체크2-2089033078
[14:54:35] Ping 시간 체크1-2089033078
[14:54:35] Ping 시간 체크2-2089033093
[14:54:35] Ping 시간 체크1-2089033093
[14:54:35] Ping 시간 체크2-2089033093
[14:54:35] 설치된 출구전광판이 없음!
[14:54:35] LPR12 Recv: 172.16.83.1
[14:54:35] LPR11 Recv: 172.16.83.1
[14:54:36] LPR12 Recv: LPR_N
[14:54:37] LPR11 Recv: LPR_R
[14:54:37] 시간동기화 전송
[14:54:39] LPR12 Recv: LPR_N
[14:54:39] Program Close
[15:07:24] Program Start!
[15:07:28] 근무시작: 근무자
[15:07:28] 설치된 영수증프린터가 없음!
[15:07:28] Ping 시간 체크1-2089806187
[15:07:28] Ping 시간 체크2-2089806203
[15:07:28] Ping 시간 체크1-2089806203
[15:07:28] Ping 시간 체크2-2089806203
[15:07:28] Ping 시간 체크1-2089806203
[15:07:28] Ping 시간 체크2-2089806218
[15:07:28] 설치된 출구전광판이 없음!
[15:07:28] LPR12 Recv: 172.16.83.1
[15:07:28] LPR11 Recv: 172.16.83.1
[15:07:29] LPR12 Recv: LPR_N
[15:07:30] LPR11 Recv: LPR_R
[15:07:30] 시간동기화 전송
[15:07:31] LPR12 Recv: LPR_N
[15:07:37] LPR12 Recv: LPR_N
[15:07:42] LPR12 Recv: LPR_N
[15:07:47] LPR12 Recv: LPR_N
[15:07:52] LPR12 Recv: LPR_N
[15:07:58] LPR12 Recv: LPR_N
[15:08:03] LPR12 Recv: LPR_N
[15:08:08] LPR12 Recv: LPR_N
[15:08:14] LPR12 Recv: LPR_N
[15:08:19] LPR12 Recv: LPR_N
[15:08:24] LPR12 Recv: LPR_N
[15:08:29] LPR12 Recv: LPR_N
[15:08:30] Ping 시간 체크1-2089867593
[15:08:30] Ping 시간 체크2-2089867593
[15:08:30] 11번 LPR OK 전송
[15:08:35] LPR12 Recv: LPR_N
[15:08:40] LPR12 Recv: LPR_N
[15:08:45] LPR12 Recv: LPR_N
[15:08:50] LPR12 Recv: LPR_N
[15:08:56] LPR12 Recv: LPR_N
[15:09:01] LPR12 Recv: LPR_N
[15:09:06] LPR12 Recv: LPR_N
[15:09:11] LPR12 Recv: LPR_N
[15:09:16] LPR12 Recv: LPR_N
[15:09:22] LPR12 Recv: LPR_N
[15:09:27] LPR12 Recv: LPR_N
[15:09:30] Ping 시간 체크1-2089927593
[15:09:30] Ping 시간 체크2-2089927593
[15:09:30] 11번 LPR OK 전송
[15:09:33] LPR12 Recv: LPR_N
[15:09:38] LPR12 Recv: LPR_N
[15:09:43] LPR12 Recv: LPR_N
[15:09:48] LPR12 Recv: LPR_N
[15:09:54] LPR12 Recv: LPR_N
[15:09:59] LPR12 Recv: LPR_N
[15:10:04] LPR12 Recv: LPR_N
[15:10:09] LPR12 Recv: LPR_N
[15:10:14] LPR12 Recv: LPR_N
[15:10:20] LPR12 Recv: LPR_N
[15:10:25] LPR12 Recv: LPR_N
[15:10:30] Ping 시간 체크1-2089987593
[15:10:30] Ping 시간 체크2-2089987593
[15:10:30] 11번 LPR OK 전송
[15:10:30] LPR12 Recv: LPR_N
[15:10:35] LPR12 Recv: LPR_N
[15:10:41] LPR12 Recv: LPR_N
[15:10:46] LPR12 Recv: LPR_N
[15:10:52] LPR12 Recv: LPR_N
[15:10:57] LPR12 Recv: LPR_N
[15:11:02] LPR12 Recv: LPR_N
[15:11:07] LPR12 Recv: LPR_N
[15:11:12] LPR12 Recv: LPR_N
[15:11:18] LPR12 Recv: LPR_N
[15:11:23] LPR12 Recv: LPR_N
[15:11:28] LPR12 Recv: LPR_N
[15:11:30] Ping 시간 체크1-2090047593
[15:11:30] Ping 시간 체크2-2090047593
[15:11:30] 11번 LPR OK 전송
[15:11:33] LPR12 Recv: LPR_N
[15:11:39] LPR12 Recv: LPR_N
[15:11:44] LPR12 Recv: LPR_N
[15:11:49] LPR12 Recv: LPR_N
[15:11:54] LPR12 Recv: LPR_N
[15:12:00] LPR12 Recv: LPR_N
[15:12:05] LPR12 Recv: LPR_N
[15:12:10] LPR12 Recv: LPR_N
[15:12:16] LPR12 Recv: LPR_N
[15:12:21] LPR12 Recv: LPR_N
[15:12:26] LPR12 Recv: LPR_N
[15:12:30] Ping 시간 체크1-2090107593
[15:12:30] Ping 시간 체크2-2090107593
[15:12:30] 11번 LPR OK 전송
[15:12:31] LPR12 Recv: LPR_N
[15:12:37] LPR12 Recv: LPR_N
[15:12:42] LPR12 Recv: LPR_N
[15:12:47] LPR12 Recv: LPR_N
[15:12:52] LPR12 Recv: LPR_N
[15:12:58] LPR12 Recv: LPR_N
[15:13:03] LPR12 Recv: LPR_N
[15:13:08] LPR12 Recv: LPR_N
[15:13:13] LPR12 Recv: LPR_N
[15:13:18] LPR12 Recv: LPR_N
[15:13:24] LPR12 Recv: LPR_N
[15:13:29] LPR12 Recv: LPR_N
[15:13:30] Ping 시간 체크1-2090167593
[15:13:30] Ping 시간 체크2-2090167593
[15:13:30] 11번 LPR OK 전송
[15:13:35] LPR12 Recv: LPR_N
[15:13:40] LPR12 Recv: LPR_N
[15:13:45] LPR12 Recv: LPR_N
[15:13:50] LPR12 Recv: LPR_N
[15:13:56] LPR12 Recv: LPR_N
[15:14:01] LPR12 Recv: LPR_N
[15:14:06] LPR12 Recv: LPR_N
[15:14:11] LPR12 Recv: LPR_N
[15:14:16] LPR12 Recv: LPR_N
[15:14:22] LPR12 Recv: LPR_N
[15:14:27] LPR12 Recv: LPR_N
[15:14:30] Ping 시간 체크1-2090227593
[15:14:30] Ping 시간 체크2-2090227593
[15:14:30] 11번 LPR OK 전송
[15:14:32] LPR12 Recv: LPR_N
[15:14:37] LPR12 Recv: LPR_N
[15:14:43] LPR12 Recv: LPR_N
[15:14:48] LPR12 Recv: LPR_N
[15:14:54] LPR12 Recv: LPR_N
[15:14:59] LPR12 Recv: LPR_N
[15:15:04] LPR12 Recv: LPR_N
[15:15:09] LPR12 Recv: LPR_N
[15:15:14] LPR12 Recv: LPR_N
[15:15:20] LPR12 Recv: LPR_N
[15:15:25] LPR12 Recv: LPR_N
[15:15:30] Ping 시간 체크1-2090287593
[15:15:30] Ping 시간 체크2-2090287593
[15:15:30] 11번 LPR OK 전송
[15:15:30] LPR12 Recv: LPR_N
[15:15:35] LPR12 Recv: LPR_N
[15:15:41] LPR12 Recv: LPR_N
[15:15:46] LPR12 Recv: LPR_N
[15:15:51] LPR12 Recv: LPR_N
[15:15:56] LPR12 Recv: LPR_N
[15:16:01] LPR12 Recv: LPR_N
[15:16:07] LPR12 Recv: LPR_N
[15:16:12] LPR12 Recv: LPR_N
[15:16:18] LPR12 Recv: LPR_N
[15:16:23] LPR12 Recv: LPR_N
[15:16:28] LPR12 Recv: LPR_N
[15:16:30] Ping 시간 체크1-2090347593
[15:16:30] Ping 시간 체크2-2090347593
[15:16:30] 11번 LPR OK 전송
[15:16:33] LPR12 Recv: LPR_N
[15:16:39] LPR12 Recv: LPR_N
[15:16:44] LPR12 Recv: LPR_N
[15:16:49] LPR12 Recv: LPR_N
[15:16:54] LPR12 Recv: LPR_N
[15:16:59] LPR12 Recv: LPR_N
[15:17:05] LPR12 Recv: LPR_N
[15:17:10] LPR12 Recv: LPR_N
[15:17:15] LPR12 Recv: LPR_N
[15:17:20] LPR12 Recv: LPR_N
[15:17:26] LPR12 Recv: LPR_N
[15:17:30] Ping 시간 체크1-2090407593
[15:17:30] Ping 시간 체크2-2090407593
[15:17:30] 11번 LPR OK 전송
[15:17:31] LPR12 Recv: LPR_N
[15:17:37] LPR12 Recv: LPR_N
[15:17:42] LPR12 Recv: LPR_N
[15:17:47] LPR12 Recv: LPR_N
[15:17:52] LPR12 Recv: LPR_N
[15:17:57] LPR12 Recv: LPR_N
[15:18:03] LPR12 Recv: LPR_N
[15:18:08] LPR12 Recv: LPR_N
[15:18:13] LPR12 Recv: LPR_N
[15:18:18] LPR12 Recv: LPR_N
[15:18:24] LPR12 Recv: LPR_N
[15:18:29] LPR12 Recv: LPR_N
[15:18:30] Ping 시간 체크1-2090467593
[15:18:30] Ping 시간 체크2-2090467593
[15:18:30] 11번 LPR OK 전송
[15:18:34] LPR12 Recv: LPR_N
[15:18:39] LPR12 Recv: LPR_N
[15:18:45] LPR12 Recv: LPR_N
[15:18:50] LPR12 Recv: LPR_N
[15:18:55] LPR12 Recv: LPR_N
[15:19:01] LPR12 Recv: LPR_N
[15:19:06] LPR12 Recv: LPR_N
[15:19:11] LPR12 Recv: LPR_N
[15:19:16] LPR12 Recv: LPR_N
[15:19:22] LPR12 Recv: LPR_N
[15:19:27] LPR12 Recv: LPR_N
[15:19:30] Ping 시간 체크1-2090527593
[15:19:30] Ping 시간 체크2-2090527593
[15:19:30] 11번 LPR OK 전송
[15:19:32] LPR12 Recv: LPR_N
[15:19:37] LPR12 Recv: LPR_N
[15:19:43] LPR12 Recv: LPR_N
[15:19:48] LPR12 Recv: LPR_N
[15:19:53] LPR12 Recv: LPR_N
[15:19:58] LPR12 Recv: LPR_N
[15:20:03] LPR12 Recv: LPR_N
[15:20:09] LPR12 Recv: LPR_N
[15:20:14] LPR12 Recv: LPR_N
[15:20:19] LPR12 Recv: LPR_N
[15:20:25] LPR12 Recv: LPR_N
[15:20:30] Ping 시간 체크1-2090587593
[15:20:30] Ping 시간 체크2-2090587593
[15:20:30] 11번 LPR OK 전송
[15:20:30] LPR12 Recv: LPR_N
[15:20:35] LPR12 Recv: LPR_N
[15:20:41] LPR12 Recv: LPR_N
[15:20:46] LPR12 Recv: LPR_N
[15:20:51] LPR12 Recv: LPR_N
[15:20:56] LPR12 Recv: LPR_N
[15:21:01] LPR12 Recv: LPR_N
[15:21:07] LPR12 Recv: LPR_N
[15:21:12] LPR12 Recv: LPR_N
[15:21:17] LPR12 Recv: LPR_N
[15:21:22] LPR12 Recv: LPR_N
[15:21:28] LPR12 Recv: LPR_N
[15:21:30] Ping 시간 체크1-2090647593
[15:21:30] Ping 시간 체크2-2090647593
[15:21:30] 11번 LPR OK 전송
[15:21:33] LPR12 Recv: LPR_N
[15:21:39] LPR12 Recv: LPR_N
[15:21:44] LPR12 Recv: LPR_N
[15:21:49] LPR12 Recv: LPR_N
[15:21:54] LPR12 Recv: LPR_N
[15:21:59] LPR12 Recv: LPR_N
[15:22:05] LPR12 Recv: LPR_N
[15:22:10] LPR12 Recv: LPR_N
[15:22:15] LPR12 Recv: LPR_N
[15:22:20] LPR12 Recv: LPR_N
[15:22:26] LPR12 Recv: LPR_N
[15:22:30] Ping 시간 체크1-2090707593
[15:22:30] Ping 시간 체크2-2090707593
[15:22:30] 11번 LPR OK 전송
[15:22:31] LPR12 Recv: LPR_N
[15:22:36] LPR12 Recv: LPR_N
[15:22:41] LPR12 Recv: LPR_N
[15:22:46] LPR12 Recv: LPR_N
[15:22:52] LPR12 Recv: LPR_N
[15:22:54] Program Close
[15:22:57] Program Start!
[15:22:59] 근무시작: 근무자
[15:22:59] 설치된 영수증프린터가 없음!
[15:22:59] Ping 시간 체크1-2090737015
[15:22:59] Ping 시간 체크2-2090737031
[15:22:59] Ping 시간 체크1-2090737062
[15:22:59] Ping 시간 체크2-2090737062
[15:22:59] Ping 시간 체크1-2090737093
[15:22:59] Ping 시간 체크2-2090737093
[15:22:59] 설치된 출구전광판이 없음!
[15:22:59] LPR12 Recv: 172.16.83.1
[15:22:59] LPR11 Recv: 172.16.83.1
[15:23:01] LPR12 Recv: LPR_N
[15:23:01] LPR11 Recv: LPR_R
[15:23:01] 시간동기화 전송
[15:23:03] LPR12 Recv: LPR_N
[15:23:07] LPR11 Recv: CH1#11가1123#N#\2015\10\16\CH1_20151016132250_11가1123.jpg
[15:23:07] LPR Check: 11가1123,http://172.16.66.33:9080/MSImage/2015/10/16/CH1_20151016132250_11가1123.jpg,1,,,0, 2015-10-16 13:22:50
[15:23:07] File: \\172.16.66.33\MSImage\2015\10\16\CH1_20151016132250_11가1123.jpg
[15:23:07] 정기차량시작: 11가1123, 
[15:23:07] Ping 시간 체크1-2090745250
[15:23:07] Ping 시간 체크2-2090745250
[15:23:07] Ping 시간 체크1-2090745250
[15:23:07] Ping 시간 체크2-2090745250
[15:23:07] 입구차단기 Open
[15:23:07] 정기차량처리: 11가1123, 
[15:23:08] LPR12 Recv: LPR_N
[15:23:11] LPR12 Recv: CH1#11가1123#N#\2015\10\17\CH1_20151017152311_11가1123.jpg
[15:23:11] LPR Check: 11가1123,http://172.16.83.1:9080/MSImage/2015/10/17/CH1_20151017152311_11가1123.jpg,1,,,0, 2015-10-17 15:23:11
[15:23:11] File: \\172.16.83.1\MSImage\2015\10\17\CH1_20151017152311_11가1123.jpg
[15:23:31] 일반차량: 11가1123, 
[15:23:52] File: 
[15:24:06] Ping 시간 체크1-2090803703
[15:24:06] Ping 시간 체크2-2090804000
[15:24:07] File 없음: 
[15:24:34] 일반차량출차: 11가1123, 
[15:24:34] Ping 시간 체크1-2090831828
[15:24:34] Ping 시간 체크2-2090831843
[15:24:34] LPR12 Recv: LPR_NLPR_NLPR_NLPR_NLPR_NLPR_NLPR_NLPR_NLPR_NLPR_NLPR_NLPR_NLPR_NLPR_NLPR_NLPR_N
[15:24:34] LPR Check: ,http://172.16.83.1:9080/MSImageLPR_NLPR_NLPR_NLPR_NLPR_NLPR_NLPR_NLPR_NLPR_NLPR_NLPR_NLPR_NLPR_NLPR_NLPR_NLPR_N,3,,,0, NLPR-_N-LP R_:NL:PR
[15:24:34] File: \\172.16.83.1\MSImageLPR_NLPR_NLPR_NLPR_NLPR_NLPR_NLPR_NLPR_NLPR_NLPR_NLPR_NLPR_NLPR_NLPR_NLPR_NLPR_N
[15:24:36] csOutLpr1Read: qryOutLpr1Proc: Cannot perform this operation on a closed dataset
[15:24:36] Ping 시간 체크1-2090833765
[15:24:36] Ping 시간 체크2-2090833781
[15:24:36] 11번 LPR OK 전송
[15:24:37] LPR12 Recv: LPR_N
[15:24:42] LPR12 Recv: LPR_N
[15:24:48] LPR12 Recv: CH1#11가1123#N#\2015\10\17\CH1_20151017152448_11가1123.jpg
[15:24:48] LPR Check: 11가1123,http://172.16.83.1:9080/MSImage/2015/10/17/CH1_20151017152448_11가1123.jpg,1,,,0, 2015-10-17 15:24:48
[15:24:48] File: \\172.16.83.1\MSImage\2015\10\17\CH1_20151017152448_11가1123.jpg
[15:24:49] 정기차량시작: 11가1123, 
[15:24:49] Ping 시간 체크1-2090847406
[15:24:49] Ping 시간 체크2-2090847406
[15:24:49] Ping 시간 체크1-2090847437
[15:24:49] Ping 시간 체크2-2090847437
[15:24:49] 출구차단기 Open
[15:24:49] 정기차량처리: 11가1123, 
[15:24:49] LPR12 Recv: LPR_N
[15:24:53] LPR12 Recv: LPR_N
[15:24:58] LPR12 Recv: LPR_N
[15:25:03] LPR12 Recv: LPR_N
[15:25:07] Ping 시간 체크1-2090865265
[15:25:07] Ping 시간 체크2-2090865265
[15:25:07] 11번 LPR OK 전송
[15:25:09] LPR12 Recv: LPR_N
[15:25:14] LPR12 Recv: LPR_N
[15:25:20] LPR12 Recv: LPR_N
[15:25:22] Program Close
[15:35:41] Program Start!
[15:35:43] 근무시작: 근무자
[15:35:43] 설치된 영수증프린터가 없음!
[15:35:43] Ping 시간 체크1-2091500875
[15:35:43] Ping 시간 체크2-2091500875
[15:35:43] Ping 시간 체크1-2091500875
[15:35:43] Ping 시간 체크2-2091500875
[15:35:43] Ping 시간 체크1-2091500890
[15:35:43] Ping 시간 체크2-2091500890
[15:35:43] 설치된 출구전광판이 없음!
[15:35:43] LPR12 Recv: 172.16.83.1
[15:35:43] LPR11 Recv: 172.16.83.1
[15:35:44] LPR12 Recv: LPR_N
[15:35:45] LPR11 Recv: LPR_R
[15:35:45] 시간동기화 전송
[15:35:46] LPR12 Recv: CH1#11가1123#N#\2015\10\17\CH1_20151017153546_11가1123.jpg
[15:35:46] LPR Check: 11가1123,http://172.16.83.1:9080/MSImage/2015/10/17/CH1_20151017153546_11가1123.jpg,1,,,0, 2015-10-17 15:35:46
[15:35:46] File: \\172.16.83.1\MSImage\2015\10\17\CH1_20151017153546_11가1123.jpg
[15:35:46] 정기차량시작: 11가1123, 
[15:35:46] Ping 시간 체크1-2091503828
[15:35:46] Ping 시간 체크2-2091503828
[15:35:46] Ping 시간 체크1-2091503859
[15:35:46] Ping 시간 체크2-2091503859
[15:35:46] 출구차단기 Open
[15:35:46] 정기차량처리: 11가1123, 
[15:35:46] LPR12 Recv: LPR_N
[15:35:51] LPR12 Recv: LPR_N
[15:35:57] LPR12 Recv: LPR_N
[15:36:02] LPR12 Recv: LPR_N
[15:36:07] LPR12 Recv: LPR_N
[15:36:12] LPR12 Recv: LPR_N
[15:36:17] LPR12 Recv: LPR_N
[15:36:23] LPR12 Recv: LPR_N
[15:36:28] LPR12 Recv: LPR_N
[15:36:33] LPR12 Recv: LPR_N
[15:36:38] LPR12 Recv: LPR_N
[15:36:44] LPR12 Recv: LPR_N
[15:36:45] Ping 시간 체크1-2091562703
[15:36:45] Ping 시간 체크2-2091562703
[15:36:45] 11번 LPR OK 전송
[15:36:49] LPR12 Recv: LPR_N
[15:36:55] LPR12 Recv: LPR_N
[15:37:00] LPR12 Recv: LPR_N
[15:37:03] LPR11 Recv: CH1#서울11가1111#O#\2015\10\16\CH1_20151016133646_서울11가1111.jpg
[15:37:03] LPR Check: 서울11가1111,http://172.16.66.33:9080/MSImage/2015/10/16/CH1_20151016133646_서울11가1111.jpg,1,,,0, 2015-10-16 13:36:46
[15:37:03] File: \\172.16.66.33\MSImage\2015\10\16\CH1_20151016133646_서울11가1111.jpg
[15:37:03] 정기차량시작: 서울11가1111, 
[15:37:04] Ping 시간 체크1-2091581515
[15:37:04] Ping 시간 체크2-2091581531
[15:37:04] Ping 시간 체크1-2091581531
[15:37:04] Ping 시간 체크2-2091581531
[15:37:04] 입구차단기 Open
[15:37:04] 정기차량처리: 서울11가1111, 
[15:37:05] LPR12 Recv: LPR_N
[15:37:09] LPR12 Recv: CH1#서울11가1111#O#\2015\10\17\CH1_20151017153709_서울11가1111.jpg
[15:37:09] LPR Check: 서울11가1111,http://172.16.83.1:9080/MSImage/2015/10/17/CH1_20151017153709_서울11가1111.jpg,1,,,0, 2015-10-17 15:37:09
[15:37:09] File: \\172.16.83.1\MSImage\2015\10\17\CH1_20151017153709_서울11가1111.jpg
[15:37:09] 정기차량시작: 서울11가1111, 
[15:37:09] Ping 시간 체크1-2091586843
[15:37:09] Ping 시간 체크2-2091586843
[15:37:09] File: \\172.16.66.33\MSImage\2015\10\16\CH1_20151016133646_서울11가1111.jpg
[15:37:09] Ping 시간 체크1-2091586875
[15:37:09] Ping 시간 체크2-2091586875
[15:37:09] Ping 시간 체크1-2091587078
[15:37:09] Ping 시간 체크2-2091587078
[15:37:09] 출구차단기 Open
[15:37:09] 정기차량처리: 서울11가1111, 
[15:37:10] LPR12 Recv: LPR_N
[15:37:15] LPR12 Recv: LPR_N
[15:37:19] LPR11 Recv: CH1#11가1123#N#\2015\10\16\CH1_20151016133702_11가1123.jpg
[15:37:19] LPR Check: 11가1123,http://172.16.66.33:9080/MSImage/2015/10/16/CH1_20151016133702_11가1123.jpg,1,,,0, 2015-10-16 13:37:02
[15:37:19] File: \\172.16.66.33\MSImage\2015\10\16\CH1_20151016133702_11가1123.jpg
[15:37:19] 정기차량시작: 11가1123, 
[15:37:19] Ping 시간 체크1-2091597343
[15:37:19] Ping 시간 체크2-2091597343
[15:37:19] Ping 시간 체크1-2091597343
[15:37:19] Ping 시간 체크2-2091597359
[15:37:19] 입구차단기 Open
[15:37:19] 정기차량처리: 11가1123, 
[15:37:21] LPR12 Recv: LPR_N
[15:37:22] LPR12 Recv: CH1#11가1123#N#\2015\10\17\CH1_20151017153722_11가1123.jpg
[15:37:22] LPR Check: 11가1123,http://172.16.83.1:9080/MSImage/2015/10/17/CH1_20151017153722_11가1123.jpg,1,,,0, 2015-10-17 15:37:22
[15:37:22] File: \\172.16.83.1\MSImage\2015\10\17\CH1_20151017153722_11가1123.jpg
[15:37:22] 정기차량시작: 11가1123, 
[15:37:22] Ping 시간 체크1-2091599968
[15:37:22] Ping 시간 체크2-2091599968
[15:37:22] Ping 시간 체크1-2091599984
[15:37:22] Ping 시간 체크2-2091599984
[15:37:22] 출구차단기 Open
[15:37:22] 정기차량처리: 11가1123, 
[15:37:26] LPR12 Recv: LPR_N
[15:37:31] LPR12 Recv: LPR_N
[15:37:36] LPR12 Recv: LPR_N
[15:37:37] LPR11 Recv: CH1#11가1123#N#\2015\10\16\CH1_20151016133719_11가1123.jpg
[15:37:37] LPR Check: 11가1123,http://172.16.66.33:9080/MSImage/2015/10/16/CH1_20151016133719_11가1123.jpg,1,,,0, 2015-10-16 13:37:19
[15:37:37] File: \\172.16.66.33\MSImage\2015\10\16\CH1_20151016133719_11가1123.jpg
[15:37:37] 정기차량시작: 11가1123, 
[15:37:37] Ping 시간 체크1-2091614765
[15:37:37] Ping 시간 체크2-2091614781
[15:37:37] Ping 시간 체크1-2091614781
[15:37:37] Ping 시간 체크2-2091614781
[15:37:37] 입구차단기 Open
[15:37:37] 정기차량처리: 11가1123, 
[15:37:37] LPR12 Recv: CH1#11가1123#N#\2015\10\17\CH1_20151017153737_11가1123.jpg
[15:37:37] LPR Check: 11가1123,http://172.16.83.1:9080/MSImage/2015/10/17/CH1_20151017153737_11가1123.jpg,1,,,0, 2015-10-17 15:37:37
[15:37:37] File: \\172.16.83.1\MSImage\2015\10\17\CH1_20151017153737_11가1123.jpg
[15:37:37] 일반차량: 11가1123, 
[15:37:37] File: 
[15:37:37] Ping 시간 체크1-2091615437
[15:37:37] Ping 시간 체크2-2091615500
[15:37:37] File 없음: 
[15:37:38] 일반차량출차: 11가1123, 
[15:37:38] Ping 시간 체크1-2091615531
[15:37:38] Ping 시간 체크2-2091615531
[15:37:42] LPR12 Recv: LPR_N
[15:37:44] LPR11 Recv: CH1#서울11가1111#O#\2015\10\16\CH1_20151016133727_서울11가1111.jpg
[15:37:44] LPR Check: 서울11가1111,http://172.16.66.33:9080/MSImage/2015/10/16/CH1_20151016133727_서울11가1111.jpg,1,,,0, 2015-10-16 13:37:27
[15:37:44] File: \\172.16.66.33\MSImage\2015\10\16\CH1_20151016133727_서울11가1111.jpg
[15:37:44] 정기차량시작: 서울11가1111, 
[15:37:44] Ping 시간 체크1-2091622250
[15:37:44] Ping 시간 체크2-2091622250
[15:37:44] Ping 시간 체크1-2091622250
[15:37:44] Ping 시간 체크2-2091622250
[15:37:44] 입구차단기 Open
[15:37:44] 정기차량처리: 서울11가1111, 
[15:37:47] LPR12 Recv: LPR_N
[15:37:49] LPR12 Recv: CH1#서울11가1111#O#\2015\10\17\CH1_20151017153749_서울11가1111.jpg
[15:37:49] LPR Check: 서울11가1111,http://172.16.83.1:9080/MSImage/2015/10/17/CH1_20151017153749_서울11가1111.jpg,1,,,0, 2015-10-17 15:37:49
[15:37:49] File: \\172.16.83.1\MSImage\2015\10\17\CH1_20151017153749_서울11가1111.jpg
[15:37:49] 정기차량시작: 서울11가1111, 
[15:37:49] Ping 시간 체크1-2091626687
[15:37:49] Ping 시간 체크2-2091626687
[15:37:49] File: \\172.16.66.33\MSImage\2015\10\16\CH1_20151016133727_서울11가1111.jpg
[15:37:49] Ping 시간 체크1-2091626703
[15:37:49] Ping 시간 체크2-2091626703
[15:37:49] Ping 시간 체크1-2091626921
[15:37:49] Ping 시간 체크2-2091626921
[15:37:49] 출구차단기 Open
[15:37:49] 정기차량처리: 서울11가1111, 
[15:37:52] LPR12 Recv: LPR_N
[15:37:56] LPR11 Recv: CH1#11가1123#N#\2015\10\16\CH1_20151016133738_11가1123.jpg
[15:37:56] LPR Check: 11가1123,http://172.16.66.33:9080/MSImage/2015/10/16/CH1_20151016133738_11가1123.jpg,1,,,0, 2015-10-16 13:37:38
[15:37:56] File: \\172.16.66.33\MSImage\2015\10\16\CH1_20151016133738_11가1123.jpg
[15:37:56] 정기차량시작: 11가1123, 
[15:37:56] Ping 시간 체크1-2091633734
[15:37:56] Ping 시간 체크2-2091633734
[15:37:56] Ping 시간 체크1-2091633734
[15:37:56] Ping 시간 체크2-2091633750
[15:37:56] 입구차단기 Open
[15:37:56] 정기차량처리: 11가1123, 
[15:37:58] LPR12 Recv: LPR_N
[15:37:59] LPR12 Recv: CH1#11가1123#N#\2015\10\17\CH1_20151017153759_11가1123.jpg
[15:37:59] LPR Check: 11가1123,http://172.16.83.1:9080/MSImage/2015/10/17/CH1_20151017153759_11가1123.jpg,1,,,0, 2015-10-17 15:37:59
[15:37:59] File: \\172.16.83.1\MSImage\2015\10\17\CH1_20151017153759_11가1123.jpg
[15:37:59] 일반차량: 11가1123, 
[15:37:59] File: 
[15:37:59] Ping 시간 체크1-2091637453
[15:37:59] Ping 시간 체크2-2091637500
[15:37:59] File 없음: 
[15:38:00] 일반차량출차: 11가1123, 
[15:38:00] Ping 시간 체크1-2091637531
[15:38:00] Ping 시간 체크2-2091637531
[15:38:03] LPR12 Recv: LPR_N
[15:38:08] LPR12 Recv: LPR_N
[15:38:09] Ping 시간 체크1-2091646625
[15:38:09] Ping 시간 체크2-2091646625
[15:38:09] 출구차단기 Open
[15:38:12] Program Close
[16:09:47] Program Start!
[16:09:49] Program Close
[16:43:57] Program Start!
[16:44:02] 근무시작: 근무자
[16:44:02] 설치된 영수증프린터가 없음!
[16:44:02] Ping 시간 체크1-2095600281
[16:44:02] Ping 시간 체크2-2095600281
[16:44:02] Ping 시간 체크1-2095600296
[16:44:02] Ping 시간 체크2-2095600296
[16:44:02] Ping 시간 체크1-2095600296
[16:44:02] Ping 시간 체크2-2095600312
[16:44:02] 설치된 출구전광판이 없음!
[16:44:02] LPR12 Recv: 172.16.83.1
[16:44:02] LPR11 Recv: 172.16.83.1
[16:44:03] LPR11 Recv: LPR_R
[16:44:03] 시간동기화 전송
[16:44:05] LPR12 Recv: LPR_N
[16:44:08] LPR12 Recv: LPR_N
[16:44:13] LPR12 Recv: LPR_N
[16:44:14] LPR11 Recv: CH1#11가1123#N#\2015\10\17\CH1_20151017144357_11가1123.jpg
[16:44:14] LPR Check: 11가1123,http://172.16.66.33:9080/MSImage/2015/10/17/CH1_20151017144357_11가1123.jpg,1,,,0, 2015-10-17 14:43:57
[16:44:14] File: \\172.16.66.33\MSImage\2015\10\17\CH1_20151017144357_11가1123.jpg
[16:44:14] 정기차량시작: 11가1123, 
[16:44:14] Ping 시간 체크1-2095612312
[16:44:14] Ping 시간 체크2-2095612312
[16:44:14] Ping 시간 체크1-2095612312
[16:44:14] Ping 시간 체크2-2095612312
[16:44:14] 입구차단기 Open
[16:44:14] 정기차량처리: 11가1123, 
[16:44:15] LPR12 Recv: CH1#11가1123#N#\2015\10\17\CH1_20151017164415_11가1123.jpg
[16:44:15] LPR Check: 11가1123,http://172.16.83.1:9080/MSImage/2015/10/17/CH1_20151017164415_11가1123.jpg,1,,,0, 2015-10-17 16:44:15
[16:44:15] File: \\172.16.83.1\MSImage\2015\10\17\CH1_20151017164415_11가1123.jpg
[16:44:15] 일반차량: 11가1123, 
[16:44:15] File: \\172.16.66.33\MSImage\2015\10\17\CH1_20151017144357_11가1123.jpg
[16:44:15] Ping 시간 체크1-2095613484
[16:44:15] Ping 시간 체크2-2095613484
[16:44:16] 일반차량출차: 11가1123, 
[16:44:16] Ping 시간 체크1-2095613750
[16:44:16] Ping 시간 체크2-2095613750
[16:44:18] LPR12 Recv: LPR_N
[16:44:23] LPR12 Recv: LPR_N
[16:44:24] Ping 시간 체크1-2095621625
[16:44:24] Ping 시간 체크2-2095621625
[16:44:24] 출구차단기 Open
[16:44:29] LPR12 Recv: LPR_N
[16:44:34] LPR12 Recv: LPR_N
[16:44:39] LPR12 Recv: LPR_N
[16:44:44] LPR12 Recv: LPR_N
[16:44:49] LPR12 Recv: LPR_N
[16:44:55] LPR12 Recv: LPR_N
[16:45:00] LPR12 Recv: LPR_N
[16:45:06] LPR12 Recv: LPR_N
[16:45:11] LPR12 Recv: LPR_N
[16:45:14] Ping 시간 체크1-2095672312
[16:45:14] Ping 시간 체크2-2095672312
[16:45:14] 11번 LPR OK 전송
[16:45:16] LPR12 Recv: LPR_N
[16:45:21] LPR12 Recv: LPR_N
[16:45:27] LPR12 Recv: LPR_N
[16:45:32] LPR12 Recv: LPR_N
[16:45:37] LPR12 Recv: LPR_N
[16:45:42] LPR12 Recv: LPR_N
[16:45:47] LPR12 Recv: LPR_N
[16:45:53] LPR12 Recv: LPR_N
[16:45:58] LPR12 Recv: LPR_N
[16:46:04] LPR12 Recv: LPR_N
[16:46:09] LPR12 Recv: LPR_N
[16:46:14] LPR12 Recv: LPR_N
[16:46:14] Ping 시간 체크1-2095732312
[16:46:14] Ping 시간 체크2-2095732312
[16:46:14] 11번 LPR OK 전송
[16:46:19] LPR12 Recv: LPR_N
[16:46:25] LPR12 Recv: LPR_N
[16:46:30] LPR12 Recv: LPR_N
[16:46:35] LPR12 Recv: LPR_N
[16:46:40] LPR12 Recv: LPR_N
[16:46:45] LPR12 Recv: LPR_N
[16:46:51] LPR12 Recv: LPR_N
[16:46:56] LPR12 Recv: LPR_N
[16:47:01] LPR12 Recv: LPR_N
[16:47:06] LPR12 Recv: LPR_N
[16:47:12] LPR12 Recv: LPR_N
[16:47:14] Ping 시간 체크1-2095792312
[16:47:14] Ping 시간 체크2-2095792312
[16:47:14] 11번 LPR OK 전송
[16:47:17] LPR12 Recv: LPR_N
[16:47:23] LPR12 Recv: LPR_N
[16:47:28] LPR12 Recv: LPR_N
[16:47:33] LPR12 Recv: LPR_N
[16:47:38] LPR12 Recv: LPR_N
[16:47:43] LPR12 Recv: LPR_N
[16:47:49] LPR12 Recv: LPR_N
[16:47:54] LPR12 Recv: LPR_N
[16:47:59] LPR12 Recv: LPR_N
[16:48:04] LPR12 Recv: LPR_N
[16:48:10] LPR12 Recv: LPR_N
[16:48:14] Ping 시간 체크1-2095852312
[16:48:14] Ping 시간 체크2-2095852312
[16:48:14] 11번 LPR OK 전송
[16:48:15] LPR12 Recv: LPR_N
[16:48:20] LPR12 Recv: LPR_N
[16:48:26] LPR12 Recv: LPR_N
[16:48:31] LPR12 Recv: LPR_N
[16:48:36] LPR12 Recv: LPR_N
[16:48:41] LPR12 Recv: LPR_N
[16:48:47] LPR12 Recv: LPR_N
[16:48:52] LPR12 Recv: LPR_N
[16:48:57] LPR12 Recv: LPR_N
[16:49:02] LPR12 Recv: LPR_N
[16:49:08] LPR12 Recv: LPR_N
[16:49:13] LPR12 Recv: LPR_N
[16:49:14] Ping 시간 체크1-2095912312
[16:49:14] Ping 시간 체크2-2095912312
[16:49:14] 11번 LPR OK 전송
[16:49:18] LPR12 Recv: LPR_N
[16:49:23] LPR12 Recv: LPR_N
[16:49:29] LPR12 Recv: LPR_N
[16:49:34] LPR12 Recv: LPR_N
[16:49:39] LPR12 Recv: LPR_N
[16:49:45] LPR12 Recv: LPR_N
[16:49:50] LPR12 Recv: LPR_N
[16:49:55] LPR12 Recv: LPR_N
[16:50:00] LPR12 Recv: LPR_N
[16:50:06] LPR12 Recv: LPR_N
[16:50:11] LPR12 Recv: LPR_N
[16:50:14] Ping 시간 체크1-2095972312
[16:50:14] Ping 시간 체크2-2095972312
[16:50:14] 11번 LPR OK 전송
[16:50:16] LPR12 Recv: LPR_N
[16:50:21] LPR12 Recv: LPR_N
[16:50:27] LPR12 Recv: LPR_N
[16:50:32] LPR12 Recv: LPR_N
[16:50:37] LPR12 Recv: LPR_N
[16:50:43] LPR12 Recv: LPR_N
[16:50:48] LPR12 Recv: LPR_N
[16:50:48] LPR11 Recv: CH1#11가1123#N#\2015\10\16\CH1_20151016145030_11가1123.jpg
[16:50:48] LPR Check: 11가1123,http://172.16.66.33:9080/MSImage/2015/10/16/CH1_20151016145030_11가1123.jpg,1,,,0, 2015-10-16 14:50:30
[16:50:48] File: \\172.16.66.33\MSImage\2015\10\16\CH1_20151016145030_11가1123.jpg
[16:50:48] 정기차량시작: 11가1123, 
[16:50:48] Ping 시간 체크1-2096006453
[16:50:48] Ping 시간 체크2-2096006453
[16:50:48] Ping 시간 체크1-2096006453
[16:50:48] Ping 시간 체크2-2096006468
[16:50:48] 입구차단기 Open
[16:50:48] 정기차량처리: 11가1123, 
[16:50:49] LPR12 Recv: CH1#11가1123#N#\2015\10\17\CH1_20151017165049_11가1123.jpg
[16:50:49] LPR Check: 11가1123,http://172.16.83.1:9080/MSImage/2015/10/17/CH1_20151017165049_11가1123.jpg,1,,,0, 2015-10-17 16:50:49
[16:50:49] File: \\172.16.83.1\MSImage\2015\10\17\CH1_20151017165049_11가1123.jpg
[16:50:49] 정기차량시작: 11가1123, 
[16:50:49] Ping 시간 체크1-2096007234
[16:50:49] Ping 시간 체크2-2096007234
[16:50:49] Ping 시간 체크1-2096007250
[16:50:49] Ping 시간 체크2-2096007250
[16:50:49] 출구차단기 Open
[16:50:49] 정기차량처리: 11가1123, 
[16:50:53] LPR12 Recv: LPR_N
[16:50:58] LPR12 Recv: LPR_N
[16:51:03] LPR11 Recv: CH1#11가1123#N#\2015\10\16\CH1_20151016145045_11가1123.jpg
[16:51:03] LPR Check: 11가1123,http://172.16.66.33:9080/MSImage/2015/10/16/CH1_20151016145045_11가1123.jpg,1,,,0, 2015-10-16 14:50:45
[16:51:03] File: \\172.16.66.33\MSImage\2015\10\16\CH1_20151016145045_11가1123.jpg
[16:51:03] 정기차량시작: 11가1123, 
[16:51:03] Ping 시간 체크1-2096021281
[16:51:03] Ping 시간 체크2-2096021281
[16:51:03] Ping 시간 체크1-2096021281
[16:51:03] Ping 시간 체크2-2096021281
[16:51:03] 입구차단기 Open
[16:51:03] 정기차량처리: 11가1123, 
[16:51:04] LPR12 Recv: LPR_N
[16:51:04] LPR12 Recv: CH1#11가1123#N#\2015\10\17\CH1_20151017165104_11가1123.jpg
[16:51:04] LPR Check: 11가1123,http://172.16.83.1:9080/MSImage/2015/10/17/CH1_20151017165104_11가1123.jpg,1,,,0, 2015-10-17 16:51:04
[16:51:04] File: \\172.16.83.1\MSImage\2015\10\17\CH1_20151017165104_11가1123.jpg
[16:51:04] 일반차량: 11가1123, 
[16:51:04] File: \\172.16.66.33\MSImage\2015\10\16\CH1_20151016132513_11가1123.jpg
[16:51:04] Ping 시간 체크1-2096022437
[16:51:04] Ping 시간 체크2-2096022453
[16:51:05] 일반차량출차: 11가1123, 
[16:51:05] Ping 시간 체크1-2096022718
[16:51:05] Ping 시간 체크2-2096022718
[16:51:09] LPR12 Recv: LPR_N
[16:51:14] LPR12 Recv: LPR_N
[16:51:15] Program Close
