[09:17:45] Program Start!
[09:17:47] 근무시작: 근무자
[09:17:47] 설치된 영수증프린터가 없음!
[09:17:47] Ping 시간 체크1-3105647343
[09:17:47] Ping 시간 체크2-3105647343
[09:17:47] Ping 시간 체크1-3105647406
[09:17:47] Ping 시간 체크2-3105647421
[09:17:47] Ping 시간 체크1-3105647437
[09:17:47] Ping 시간 체크2-3105647453
[09:17:47] Ping 시간 체크1-3105647453
[09:17:47] Ping 시간 체크2-3105647453
[09:17:48] LPR11 Recv: 172.16.83.1
[09:17:48] LPR12 Recv: 172.16.83.1
[09:17:49] LPR12 Recv: LPR_R
[09:17:49] 시간동기화 전송
[09:17:49] LPR11 Recv: LPR_N
[09:17:52] LPR11 Recv: LPR_N
[09:17:58] LPR11 Recv: LPR_N
[09:18:03] LPR11 Recv: CH1#경기1가1234#O#\2015\10\28\CH1_20151028091803_경기1가1234.jpg
[09:18:03] LPR Check: 경기1가1234,http://172.16.83.1:9080/MSImage/2015/10/28/CH1_20151028091803_경기1가1234.jpg,1,,,0, 2015-10-28 09:18:03
[09:18:03] File: \\172.16.83.1\MSImage\2015\10\28\CH1_20151028091803_경기1가1234.jpg
[09:18:03] 정기차량시작: 경기1가1234, 
[09:18:03] Ping 시간 체크1-3105662859
[09:18:03] Ping 시간 체크2-3105662875
[09:18:03] Ping 시간 체크1-3105662875
[09:18:03] Ping 시간 체크2-3105662875
[09:18:03] 입구차단기 Open
[09:18:03] 정기차량처리: 경기1가1234, 
[09:18:03] LPR11 Recv: LPR_N
[09:18:04] LPR11 Recv: CH1#경기1가1235#O#\2015\10\28\CH1_20151028091804_경기1가1235.jpg
[09:18:04] LPR Check: 경기1가1235,http://172.16.83.1:9080/MSImage/2015/10/28/CH1_20151028091804_경기1가1235.jpg,1,,,0, 2015-10-28 09:18:04
[09:18:04] File: \\172.16.83.1\MSImage\2015\10\28\CH1_20151028091804_경기1가1235.jpg
[09:18:04] 일반차량: 경기1가1235, 
[09:18:04] Ping 시간 체크1-3105664312
[09:18:04] Ping 시간 체크2-3105664328
[09:18:04] Ping 시간 체크1-3105664328
[09:18:04] Ping 시간 체크2-3105664328
[09:18:04] 입구차단기 Open
[09:18:04] 일반차량입차: 경기1가1235, 
[09:18:08] LPR11 Recv: LPR_N
[09:18:12] LPR12 Recv: CH1#경기1가1235#O#\2015\10\28\CH1_20151028091955_경기1가1235.jpg
[09:18:12] LPR Check: 경기1가1235,http://172.16.66.33:9080/MSImage/2015/10/28/CH1_20151028091955_경기1가1235.jpg,1,,,0, 2015-10-28 09:19:55
[09:18:12] File: \\172.16.66.33\MSImage\2015\10\28\CH1_20151028091955_경기1가1235.jpg
[09:18:12] 일반차량: 경기1가1235, 
[09:18:12] File: \\172.16.83.1\MSImage\2015\10\28\CH1_20151028091804_경기1가1235.jpg
[09:18:12] Ping 시간 체크1-3105672375
[09:18:12] Ping 시간 체크2-3105672375
[09:18:12] Ping 시간 체크1-3105672375
[09:18:12] Ping 시간 체크2-3105672375
[09:18:12] 출구차단기 Open
[09:18:12] 일반차량출차: 경기1가1235, 
[09:18:12] Ping 시간 체크1-3105672375
[09:18:12] Ping 시간 체크2-3105672390
[09:18:14] LPR11 Recv: LPR_N
[09:18:18] Program Close
[09:45:22] Program Start!
[09:45:25] 근무시작: 근무자
[09:45:25] 설치된 영수증프린터가 없음!
[09:45:25] Ping 시간 체크1-3107305093
[09:45:25] Ping 시간 체크2-3107305093
[09:45:25] Ping 시간 체크1-3107305156
[09:45:25] Ping 시간 체크2-3107305156
[09:45:25] Ping 시간 체크1-3107305171
[09:45:25] Ping 시간 체크2-3107305187
[09:45:25] Ping 시간 체크1-3107305187
[09:45:25] Ping 시간 체크2-3107305187
[09:45:25] LPR11 Recv: 172.16.83.1
[09:45:25] LPR12 Recv: 172.16.83.1
[09:45:27] LPR11 Recv: CH1#경기1가1234#O#\2015\10\28\CH1_20151028094527_경기1가1234.jpg
[09:45:27] LPR Check: 경기1가1234,http://172.16.83.1:9080/MSImage/2015/10/28/CH1_20151028094527_경기1가1234.jpg,1,,,0, 2015-10-28 09:45:27
[09:45:27] File: \\172.16.83.1\MSImage\2015\10\28\CH1_20151028094527_경기1가1234.jpg
[09:45:27] 정기차량시작: 경기1가1234, 
[09:45:28] Ping 시간 체크1-3107308015
[09:45:28] Ping 시간 체크2-3107308015
[09:45:28] Ping 시간 체크1-3107308015
[09:45:28] Ping 시간 체크2-3107308015
[09:45:28] 입구차단기 Open
[09:45:28] 정기차량처리: 경기1가1234, 
[09:45:28] LPR11 Recv: LPR_N
[09:45:28] LPR12 Recv: LPR_R
[09:45:28] 시간동기화 전송
[09:45:30] LPR11 Recv: LPR_N
[09:45:35] LPR11 Recv: LPR_N
[09:45:38] LPR11 Recv: CH1#경기1가1234#O#\2015\10\28\CH1_20151028094538_경기1가1234.jpg
[09:45:38] LPR Check: 경기1가1234,http://172.16.83.1:9080/MSImage/2015/10/28/CH1_20151028094538_경기1가1234.jpg,1,,,0, 2015-10-28 09:45:38
[09:45:38] File: \\172.16.83.1\MSImage\2015\10\28\CH1_20151028094538_경기1가1234.jpg
[09:45:38] 정기차량시작: 경기1가1234, 
[09:45:38] Ping 시간 체크1-3107317593
[09:45:38] Ping 시간 체크2-3107317609
[09:45:38] Ping 시간 체크1-3107317609
[09:45:38] Ping 시간 체크2-3107317609
[09:45:38] 입구차단기 Open
[09:45:38] 정기차량처리: 경기1가1234, 
[09:45:40] LPR11 Recv: CH1#경기1가1234#O#\2015\10\28\CH1_20151028094540_경기1가1234.jpg
[09:45:40] LPR Check: 경기1가1234,http://172.16.83.1:9080/MSImage/2015/10/28/CH1_20151028094540_경기1가1234.jpg,1,,,0, 2015-10-28 09:45:40
[09:45:40] File: \\172.16.83.1\MSImage\2015\10\28\CH1_20151028094540_경기1가1234.jpg
[09:45:40] 정기차량시작: 경기1가1234, 
[09:45:40] Ping 시간 체크1-3107319562
[09:45:40] Ping 시간 체크2-3107319562
[09:45:40] Ping 시간 체크1-3107319562
[09:45:40] Ping 시간 체크2-3107319562
[09:45:40] 입구차단기 Open
[09:45:40] 정기차량처리: 경기1가1234, 
[09:45:41] LPR11 Recv: LPR_N
[09:45:41] LPR11 Recv: CH1#경기1가1234#O#\2015\10\28\CH1_20151028094541_경기1가1234.jpg
[09:45:41] LPR Check: 경기1가1234,http://172.16.83.1:9080/MSImage/2015/10/28/CH1_20151028094541_경기1가1234.jpg,1,,,0, 2015-10-28 09:45:41
[09:45:41] File: \\172.16.83.1\MSImage\2015\10\28\CH1_20151028094541_경기1가1234.jpg
[09:45:41] 정기차량시작: 경기1가1234, 
[09:45:41] Ping 시간 체크1-3107321265
[09:45:41] Ping 시간 체크2-3107321265
[09:45:41] Ping 시간 체크1-3107321265
[09:45:41] Ping 시간 체크2-3107321265
[09:45:41] 입구차단기 Open
[09:45:41] 정기차량처리: 경기1가1234, 
[09:45:56] Program Start!
[09:45:58] 근무시작: 근무자
[09:45:58] 설치된 영수증프린터가 없음!
[09:45:58] Ping 시간 체크1-3107337531
[09:45:58] Ping 시간 체크2-3107337531
[09:45:58] Ping 시간 체크1-3107337531
[09:45:58] Ping 시간 체크2-3107337531
[09:45:58] Ping 시간 체크1-3107337531
[09:45:58] Ping 시간 체크2-3107337546
[09:45:58] Ping 시간 체크1-3107337546
[09:45:58] Ping 시간 체크2-3107337546
[09:45:58] LPR11 Recv: 172.16.83.1
[09:45:58] LPR12 Recv: 172.16.83.1
[09:45:59] LPR11 Recv: LPR_N
[09:45:59] LPR12 Recv: LPR_R
[09:45:59] 시간동기화 전송
[09:46:00] LPR11 Recv: CH1#경기1가1234#O#\2015\10\28\CH1_20151028094600_경기1가1234.jpg
[09:46:00] LPR Check: 경기1가1234,http://172.16.83.1:9080/MSImage/2015/10/28/CH1_20151028094600_경기1가1234.jpg,1,,,0, 2015-10-28 09:46:00
[09:46:00] File: \\172.16.83.1\MSImage\2015\10\28\CH1_20151028094600_경기1가1234.jpg
[09:46:00] 정기차량시작: 경기1가1234, 
[09:46:00] Ping 시간 체크1-3107339593
[09:46:00] Ping 시간 체크2-3107339593
[09:46:00] Ping 시간 체크1-3107339593
[09:46:00] Ping 시간 체크2-3107339593
[09:46:00] 입구차단기 Open
[09:46:00] 정기차량처리: 경기1가1234, 
[09:46:02] LPR11 Recv: LPR_N
[09:46:04] Program Close
[09:46:07] Program Start!
[09:46:10] 근무시작: 근무자
[09:46:10] 설치된 영수증프린터가 없음!
[09:46:10] Ping 시간 체크1-3107349890
[09:46:10] Ping 시간 체크2-3107349890
[09:46:10] Ping 시간 체크1-3107349890
[09:46:10] Ping 시간 체크2-3107349906
[09:46:10] Ping 시간 체크1-3107349921
[09:46:10] Ping 시간 체크2-3107349921
[09:46:10] Ping 시간 체크1-3107349921
[09:46:10] Ping 시간 체크2-3107349937
[09:46:10] LPR11 Recv: 172.16.83.1
[09:46:10] LPR12 Recv: 172.16.83.1
[09:46:11] LPR11 Recv: LPR_N
[09:46:11] LPR12 Recv: LPR_R
[09:46:11] 시간동기화 전송
[09:46:12] LPR11 Recv: LPR_N
[09:46:14] LPR12 Recv: CH1#경기1가1234#O#\2015\10\28\CH1_20151028094757_경기1가1234.jpg
[09:46:14] LPR Check: 경기1가1234,http://172.16.66.33:9080/MSImage/2015/10/28/CH1_20151028094757_경기1가1234.jpg,1,,,0, 2015-10-28 09:47:57
[09:46:14] File: \\172.16.66.33\MSImage\2015\10\28\CH1_20151028094757_경기1가1234.jpg
[09:46:14] 정기차량시작: 경기1가1234, 
[09:46:14] Ping 시간 체크1-3107354109
[09:46:14] Ping 시간 체크2-3107354125
[09:46:14] File: \\172.16.83.1\MSImage\2015\10\28\CH1_20151028094600_경기1가1234.jpg
[09:46:14] Ping 시간 체크1-3107354437
[09:46:14] Ping 시간 체크2-3107354437
[09:46:14] Ping 시간 체크1-3107354468
[09:46:14] Ping 시간 체크2-3107354468
[09:46:14] Ping 시간 체크1-3107354468
[09:46:14] Ping 시간 체크2-3107354468
[09:46:14] 출구차단기 Open
[09:46:14] 정기차량처리: 경기1가1234, 
[09:46:18] LPR11 Recv: LPR_N
[09:46:22] Program Close
[09:47:40] Program Start!
[09:47:42] 근무시작: 근무자
[09:47:42] 설치된 영수증프린터가 없음!
[09:47:42] Ping 시간 체크1-3107441703
[09:47:42] Ping 시간 체크2-3107441703
[09:47:42] Ping 시간 체크1-3107441703
[09:47:42] Ping 시간 체크2-3107441703
[09:47:42] Ping 시간 체크1-3107441703
[09:47:42] Ping 시간 체크2-3107441718
[09:47:42] Ping 시간 체크1-3107441718
[09:47:42] Ping 시간 체크2-3107441718
[09:47:42] LPR11 Recv: 172.16.83.1
[09:47:42] LPR12 Recv: 172.16.83.1
[09:47:43] LPR11 Recv: LPR_N
[09:47:43] LPR11 Recv: CH1#경기1가1234#O#\2015\10\28\CH1_20151028094743_경기1가1234.jpg
[09:47:43] LPR Check: 경기1가1234,http://172.16.83.1:9080/MSImage/2015/10/28/CH1_20151028094743_경기1가1234.jpg,1,,,0, 2015-10-28 09:47:43
[09:47:43] File: \\172.16.83.1\MSImage\2015\10\28\CH1_20151028094743_경기1가1234.jpg
[09:47:43] 정기차량시작: 경기1가1234, 
[09:47:43] Ping 시간 체크1-3107443390
[09:47:43] Ping 시간 체크2-3107443390
[09:47:43] Ping 시간 체크1-3107443390
[09:47:43] Ping 시간 체크2-3107443390
[09:47:43] 입구차단기 Open
[09:47:43] 정기차량처리: 경기1가1234, 
[09:47:43] LPR12 Recv: LPR_R
[09:47:43] 시간동기화 전송
[09:47:44] LPR12 Recv: CH1#경기1가1234#O#\2015\10\28\CH1_20151028094927_경기1가1234.jpg
[09:47:44] LPR Check: 경기1가1234,http://172.16.66.33:9080/MSImage/2015/10/28/CH1_20151028094927_경기1가1234.jpg,1,,,0, 2015-10-28 09:49:27
[09:47:44] File: \\172.16.66.33\MSImage\2015\10\28\CH1_20151028094927_경기1가1234.jpg
[09:47:44] 정기차량시작: 경기1가1234, 
[09:47:44] File: \\172.16.83.1\MSImage\2015\10\28\CH1_20151028094743_경기1가1234.jpg
[09:47:44] Ping 시간 체크1-3107444203
[09:47:44] Ping 시간 체크2-3107444203
[09:47:44] Ping 시간 체크1-3107444218
[09:47:44] Ping 시간 체크2-3107444218
[09:47:44] Ping 시간 체크1-3107444218
[09:47:44] Ping 시간 체크2-3107444218
[09:47:44] 출구차단기 Open
[09:47:44] 정기차량처리: 경기1가1234, 
[09:47:47] LPR11 Recv: LPR_N
[09:47:47] Program Close
[09:49:15] Program Start!
[09:49:17] 근무시작: 근무자
[09:49:17] 설치된 영수증프린터가 없음!
[09:49:17] Ping 시간 체크1-3107536890
[09:49:17] Ping 시간 체크2-3107536890
[09:49:17] Ping 시간 체크1-3107536953
[09:49:17] Ping 시간 체크2-3107536953
[09:49:17] Ping 시간 체크1-3107536968
[09:49:17] Ping 시간 체크2-3107536968
[09:49:17] Ping 시간 체크1-3107536984
[09:49:17] Ping 시간 체크2-3107536984
[09:49:17] LPR11 Recv: 172.16.83.1
[09:49:17] LPR12 Recv: 172.16.83.1
[09:49:18] LPR11 Recv: CH1#경기1가1234#O#\2015\10\28\CH1_20151028094918_경기1가1234.jpg
[09:49:18] LPR Check: 경기1가1234,http://172.16.83.1:9080/MSImage/2015/10/28/CH1_20151028094918_경기1가1234.jpg,1,,,0, 2015-10-28 09:49:18
[09:49:18] File: \\172.16.83.1\MSImage\2015\10\28\CH1_20151028094918_경기1가1234.jpg
[09:49:18] 정기차량시작: 경기1가1234, 
[09:49:18] Ping 시간 체크1-3107537609
[09:49:18] Ping 시간 체크2-3107537609
[09:49:18] Ping 시간 체크1-3107537609
[09:49:18] Ping 시간 체크2-3107537609
[09:49:18] 입구차단기 Open
[09:49:18] 정기차량처리: 경기1가1234, 
[09:49:18] LPR11 Recv: LPR_N
[09:49:19] LPR12 Recv: CH1#경기1가1234#O#\2015\10\28\CH1_20151028095101_경기1가1234.jpg
[09:49:19] LPR Check: 경기1가1234,http://172.16.66.33:9080/MSImage/2015/10/28/CH1_20151028095101_경기1가1234.jpg,1,,,0, 2015-10-28 09:51:01
[09:49:19] File: \\172.16.66.33\MSImage\2015\10\28\CH1_20151028095101_경기1가1234.jpg
[09:49:19] 정기차량시작: 경기1가1234, 
[09:49:19] Ping 시간 체크1-3107538859
[09:49:19] Ping 시간 체크2-3107538875
[09:49:19] File: \\172.16.83.1\MSImage\2015\10\28\CH1_20151028094918_경기1가1234.jpg
[09:49:19] Ping 시간 체크1-3107539125
[09:49:19] Ping 시간 체크2-3107539125
[09:49:19] Ping 시간 체크1-3107539125
[09:49:19] Ping 시간 체크2-3107539140
[09:49:19] 출구차단기 Open
[09:49:19] 정기차량처리: 경기1가1234, 
[09:49:19] LPR12 Recv: LPR_R
[09:49:19] 시간동기화 전송
[09:49:22] LPR11 Recv: LPR_N
[09:49:22] Program Close
[09:50:17] Program Start!
[09:50:19] 근무시작: 근무자
[09:50:19] 설치된 영수증프린터가 없음!
[09:50:19] Ping 시간 체크1-3107598781
[09:50:19] Ping 시간 체크2-3107598796
[09:50:19] Ping 시간 체크1-3107598796
[09:50:19] Ping 시간 체크2-3107598796
[09:50:19] Ping 시간 체크1-3107598796
[09:50:19] Ping 시간 체크2-3107598812
[09:50:19] Ping 시간 체크1-3107598812
[09:50:19] Ping 시간 체크2-3107598812
[09:50:19] LPR11 Recv: 172.16.83.1
[09:50:19] LPR12 Recv: 172.16.83.1
[09:50:20] LPR11 Recv: LPR_N
[09:50:20] LPR12 Recv: LPR_R
[09:50:20] 시간동기화 전송
[09:50:25] LPR11 Recv: LPR_N
[09:50:30] LPR11 Recv: LPR_N
[09:50:31] File: \\172.16.83.1\MSImage\2015\10\26\CH1_20151026183602_11가1555.jpg
[09:50:31] Ping 시간 체크1-3107611484
[09:50:31] Ping 시간 체크2-3107611484
[09:50:32] File: 66.33\MSImage\2015\10\23\CH1_20151023170410_11가1235.jpg
[09:50:32] Ping 시간 체크1-3107611875
[09:50:32] Ping 시간 체크2-3107612000
[09:50:32] File 없음: 66.33\MSImage\2015\10\23\CH1_20151023170410_11가1235.jpg
[09:50:32] File: 66.33\MSImage\2015\10\23\CH1_20151023170410_11가1235.jpg
[09:50:32] Ping 시간 체크1-3107612000
[09:50:32] Ping 시간 체크2-3107612500
[09:50:32] File 없음: 66.33\MSImage\2015\10\23\CH1_20151023170410_11가1235.jpg
[09:50:32] File: 66.33\MSImage\2015\10\23\CH1_20151023170410_11가1235.jpg
[09:50:32] Ping 시간 체크1-3107612500
[09:50:33] Ping 시간 체크2-3107613000
[09:50:33] File 없음: 66.33\MSImage\2015\10\23\CH1_20151023170410_11가1235.jpg
[09:50:34] File: 83.1\MSImage\2015\10\26\CH1_20151026141440_11나3434.jpg
[09:50:34] Ping 시간 체크1-3107614093
[09:50:34] Ping 시간 체크2-3107614500
[09:50:34] File 없음: 83.1\MSImage\2015\10\26\CH1_20151026141440_11나3434.jpg
[09:50:34] File: 83.1\MSImage\2015\10\26\CH1_20151026141440_11나3434.jpg
[09:50:34] Ping 시간 체크1-3107614500
[09:50:35] Ping 시간 체크2-3107615000
[09:50:35] File 없음: 83.1\MSImage\2015\10\26\CH1_20151026141440_11나3434.jpg
[09:50:35] File: 83.1\MSImage\2015\10\26\CH1_20151026141440_11나3434.jpg
[09:50:35] Ping 시간 체크1-3107615000
[09:50:35] Ping 시간 체크2-3107615500
[09:50:35] File 없음: 83.1\MSImage\2015\10\26\CH1_20151026141440_11나3434.jpg
[09:50:35] LPR11 Recv: LPR_N
[09:50:40] LPR11 Recv: LPR_N
[09:50:45] Program Close
[09:51:27] Program Start!
[09:51:29] 근무시작: 근무자
[09:51:29] 설치된 영수증프린터가 없음!
[09:51:29] Ping 시간 체크1-3107668640
[09:51:29] Ping 시간 체크2-3107668640
[09:51:29] Ping 시간 체크1-3107668640
[09:51:29] Ping 시간 체크2-3107668640
[09:51:29] Ping 시간 체크1-3107668640
[09:51:29] Ping 시간 체크2-3107668656
[09:51:29] Ping 시간 체크1-3107668656
[09:51:29] Ping 시간 체크2-3107668671
[09:51:29] LPR11 Recv: 172.16.83.1
[09:51:29] LPR12 Recv: 172.16.83.1
[09:51:30] LPR11 Recv: LPR_N
[09:51:30] LPR12 Recv: LPR_R
[09:51:30] 시간동기화 전송
[09:51:33] LPR11 Recv: LPR_N
[09:51:38] LPR11 Recv: LPR_N
[09:51:39] Program Close
[13:58:28] Program Start!
[13:58:30] 근무시작: 근무자
[13:58:30] 설치된 영수증프린터가 없음!
[13:58:30] Ping 시간 체크1-3122489671
[13:58:30] Ping 시간 체크2-3122489671
[13:58:30] Ping 시간 체크1-3122489687
[13:58:30] Ping 시간 체크2-3122489687
[13:58:30] Ping 시간 체크1-3122489687
[13:58:30] Ping 시간 체크2-3122489703
[13:58:30] Ping 시간 체크1-3122489703
[13:58:30] Ping 시간 체크2-3122489703
[13:58:30] LPR11 Recv: 172.16.83.1
[13:58:30] LPR12 Recv: 172.16.83.1
[13:58:31] LPR11 Recv: LPR_N
[13:58:32] LPR12 Recv: LPR_R
[13:58:32] 시간동기화 전송
[13:58:35] LPR11 Recv: LPR_N
[13:58:39] LPR11 Recv: CH1#58어4909#N#\2015\10\28\CH1_20151028135839_58어4909.jpg
[13:58:39] LPR Check: 58어4909,http://172.16.83.1:9080/MSImage/2015/10/28/CH1_20151028135839_58어4909.jpg,1,,,0, 2015-10-28 13:58:39
[13:58:39] File: \\172.16.83.1\MSImage\2015\10\28\CH1_20151028135839_58어4909.jpg
[13:58:39] 일반차량: 58어4909, 
[13:58:39] Ping 시간 체크1-3122498718
[13:58:39] Ping 시간 체크2-3122498718
[13:58:39] Ping 시간 체크1-3122498734
[13:58:39] Ping 시간 체크2-3122498734
[13:58:39] 입구차단기 Open
[13:58:39] 일반차량입차: 58어4909, 
[13:58:40] LPR11 Recv: LPR_N
[13:58:45] LPR11 Recv: LPR_N
[13:58:50] LPR11 Recv: LPR_N
[13:58:56] LPR11 Recv: LPR_N
[13:59:01] LPR11 Recv: LPR_N
[13:59:05] LPR11 Recv: CH1#11가1234#N#\2015\10\28\CH1_20151028135905_11가1234.jpg
[13:59:05] LPR Check: 11가1234,http://172.16.83.1:9080/MSImage/2015/10/28/CH1_20151028135905_11가1234.jpg,1,,,0, 2015-10-28 13:59:05
[13:59:05] File: \\172.16.83.1\MSImage\2015\10\28\CH1_20151028135905_11가1234.jpg
[13:59:05] 정기차량시작: 11가1234, 
[13:59:05] Ping 시간 체크1-3122524906
[13:59:05] Ping 시간 체크2-3122524906
[13:59:05] Ping 시간 체크1-3122524906
[13:59:05] Ping 시간 체크2-3122524906
[13:59:05] 입구차단기 Open
[13:59:05] 정기차량처리: 11가1234, 
[13:59:06] LPR11 Recv: LPR_N
[13:59:12] LPR11 Recv: LPR_N
[13:59:17] LPR11 Recv: LPR_N
[13:59:22] LPR11 Recv: LPR_N
[13:59:27] LPR11 Recv: LPR_N
[13:59:32] Ping 시간 체크1-3122551515
[13:59:32] Ping 시간 체크2-3122551515
[13:59:32] 12번 LPR OK 전송
[13:59:33] LPR11 Recv: LPR_N
[13:59:38] LPR11 Recv: LPR_N
[13:59:43] LPR11 Recv: LPR_N
[13:59:48] LPR11 Recv: LPR_N
[13:59:53] LPR11 Recv: LPR_N
[13:59:59] LPR11 Recv: LPR_N
[14:00:04] LPR11 Recv: LPR_N
[14:00:10] LPR11 Recv: LPR_N
[14:00:15] LPR11 Recv: LPR_N
[14:00:20] LPR11 Recv: LPR_N
[14:00:25] LPR11 Recv: LPR_N
[14:00:31] LPR11 Recv: LPR_N
[14:00:32] Ping 시간 체크1-3122611515
[14:00:32] Ping 시간 체크2-3122611515
[14:00:32] 12번 LPR OK 전송
[14:00:36] LPR11 Recv: LPR_N
[14:00:41] LPR11 Recv: LPR_N
[14:00:46] LPR11 Recv: LPR_N
[14:00:51] LPR11 Recv: LPR_N
[14:00:57] LPR11 Recv: LPR_N
[14:01:02] LPR11 Recv: LPR_N
[14:01:07] LPR11 Recv: LPR_N
[14:01:13] LPR11 Recv: LPR_N
[14:01:18] LPR11 Recv: LPR_N
[14:01:23] LPR11 Recv: LPR_N
[14:01:29] LPR11 Recv: LPR_N
[14:01:32] Ping 시간 체크1-3122671515
[14:01:32] Ping 시간 체크2-3122671515
[14:01:32] 12번 LPR OK 전송
[14:01:34] LPR11 Recv: LPR_N
[14:01:39] LPR11 Recv: LPR_N
[14:01:44] LPR11 Recv: LPR_N
[14:01:49] LPR11 Recv: LPR_N
[14:01:55] LPR11 Recv: LPR_N
[14:02:00] LPR11 Recv: LPR_N
[14:02:05] LPR11 Recv: LPR_N
[14:02:10] LPR11 Recv: LPR_N
[14:02:16] LPR11 Recv: LPR_N
[14:02:21] LPR11 Recv: LPR_N
[14:02:27] LPR11 Recv: LPR_N
[14:02:32] Ping 시간 체크1-3122731515
[14:02:32] Ping 시간 체크2-3122731515
[14:02:32] 12번 LPR OK 전송
[14:02:32] LPR11 Recv: LPR_N
[14:02:37] LPR11 Recv: LPR_N
[14:02:42] LPR11 Recv: LPR_N
[14:02:47] LPR11 Recv: LPR_N
[14:02:53] LPR11 Recv: LPR_N
[14:02:58] LPR11 Recv: LPR_N
[14:03:03] LPR11 Recv: LPR_N
[14:03:08] LPR11 Recv: LPR_N
[14:03:14] LPR11 Recv: LPR_N
[14:03:19] LPR11 Recv: LPR_N
[14:03:25] LPR11 Recv: LPR_N
[14:03:30] LPR11 Recv: LPR_N
[14:03:32] Ping 시간 체크1-3122791515
[14:03:32] Ping 시간 체크2-3122791515
[14:03:32] 12번 LPR OK 전송
[14:03:35] LPR11 Recv: LPR_N
[14:03:40] LPR11 Recv: LPR_N
[14:03:45] LPR11 Recv: LPR_N
[14:03:51] LPR11 Recv: LPR_N
[14:03:56] LPR11 Recv: LPR_N
[14:04:02] LPR11 Recv: LPR_N
[14:04:07] LPR11 Recv: LPR_N
[14:04:12] LPR11 Recv: LPR_N
[14:04:17] LPR11 Recv: LPR_N
[14:04:23] LPR11 Recv: LPR_N
[14:04:28] LPR11 Recv: LPR_N
[14:04:32] Ping 시간 체크1-3122851515
[14:04:32] Ping 시간 체크2-3122851515
[14:04:32] 12번 LPR OK 전송
[14:04:33] LPR11 Recv: LPR_N
[14:04:38] LPR11 Recv: LPR_N
[14:04:43] LPR11 Recv: LPR_N
[14:04:49] LPR11 Recv: LPR_N
[14:04:54] LPR11 Recv: LPR_N
[14:05:00] LPR11 Recv: LPR_N
[14:05:05] LPR11 Recv: LPR_N
[14:05:10] LPR11 Recv: LPR_N
[14:05:15] LPR11 Recv: LPR_N
[14:05:21] LPR11 Recv: LPR_N
[14:05:26] LPR11 Recv: LPR_N
[14:05:31] LPR11 Recv: LPR_N
[14:05:32] Ping 시간 체크1-3122911515
[14:05:32] Ping 시간 체크2-3122911515
[14:05:32] 12번 LPR OK 전송
[14:05:36] LPR11 Recv: LPR_N
[14:05:41] LPR11 Recv: LPR_N
[14:05:47] LPR11 Recv: LPR_N
[14:05:52] LPR11 Recv: LPR_N
[14:05:57] LPR11 Recv: LPR_N
[14:06:03] LPR11 Recv: LPR_N
[14:06:08] LPR11 Recv: LPR_N
[14:06:13] LPR11 Recv: LPR_N
[14:06:19] LPR11 Recv: LPR_N
[14:06:24] LPR11 Recv: LPR_N
[14:06:29] LPR11 Recv: LPR_N
[14:06:32] Ping 시간 체크1-3122971515
[14:06:32] Ping 시간 체크2-3122971515
[14:06:32] 12번 LPR OK 전송
[14:06:34] LPR11 Recv: LPR_N
[14:06:39] LPR11 Recv: LPR_N
[14:06:45] LPR11 Recv: LPR_N
[14:06:50] LPR11 Recv: LPR_N
[14:06:56] LPR11 Recv: LPR_N
[14:07:01] LPR11 Recv: LPR_N
[14:07:06] LPR11 Recv: LPR_N
[14:07:11] LPR11 Recv: LPR_N
[14:07:17] LPR11 Recv: LPR_N
[14:07:22] LPR11 Recv: LPR_N
[14:07:27] LPR11 Recv: LPR_N
[14:07:32] Ping 시간 체크1-3123031515
[14:07:32] Ping 시간 체크2-3123031515
[14:07:32] 12번 LPR OK 전송
[14:07:32] LPR11 Recv: LPR_N
[14:07:37] LPR11 Recv: LPR_N
[14:07:43] LPR11 Recv: LPR_N
[14:07:48] LPR11 Recv: LPR_N
[14:07:54] LPR11 Recv: LPR_N
[14:07:59] LPR11 Recv: LPR_N
[14:08:04] LPR11 Recv: LPR_N
[14:08:09] LPR11 Recv: LPR_N
[14:08:15] LPR11 Recv: LPR_N
[14:08:20] LPR11 Recv: LPR_N
[14:08:25] LPR11 Recv: LPR_N
[14:08:30] LPR11 Recv: LPR_N
[14:08:32] Ping 시간 체크1-3123091515
[14:08:32] Ping 시간 체크2-3123091515
[14:08:32] 12번 LPR OK 전송
[14:08:35] LPR11 Recv: LPR_N
[14:08:41] LPR11 Recv: LPR_N
[14:08:46] LPR11 Recv: LPR_N
[14:08:52] LPR11 Recv: LPR_N
[14:08:57] LPR11 Recv: LPR_N
[14:09:02] LPR11 Recv: LPR_N
[14:09:07] LPR11 Recv: LPR_N
[14:09:13] LPR11 Recv: LPR_N
[14:09:18] LPR11 Recv: LPR_N
[14:09:23] LPR11 Recv: LPR_N
[14:09:28] LPR11 Recv: LPR_N
[14:09:32] Ping 시간 체크1-3123151515
[14:09:32] Ping 시간 체크2-3123151515
[14:09:32] 12번 LPR OK 전송
[14:09:33] LPR11 Recv: LPR_N
[14:09:39] LPR11 Recv: LPR_N
[14:09:44] LPR11 Recv: LPR_N
[14:09:49] LPR11 Recv: LPR_N
[14:09:54] LPR11 Recv: LPR_N
[14:10:00] LPR11 Recv: LPR_N
[14:10:05] LPR11 Recv: LPR_N
[14:10:11] LPR11 Recv: LPR_N
[14:10:16] LPR11 Recv: LPR_N
[14:10:21] LPR11 Recv: LPR_N
[14:10:26] LPR11 Recv: LPR_N
[14:10:31] LPR11 Recv: LPR_N
[14:10:32] Ping 시간 체크1-3123211515
[14:10:32] Ping 시간 체크2-3123211515
[14:10:32] 12번 LPR OK 전송
[14:10:37] LPR11 Recv: LPR_N
[14:10:42] LPR11 Recv: LPR_N
[14:10:47] LPR11 Recv: LPR_N
[14:10:53] LPR11 Recv: LPR_N
[14:10:58] LPR11 Recv: LPR_N
[14:11:03] LPR11 Recv: LPR_N
[14:11:09] LPR11 Recv: LPR_N
[14:11:14] LPR11 Recv: LPR_N
[14:11:19] LPR11 Recv: LPR_N
[14:11:24] LPR11 Recv: LPR_N
[14:11:29] LPR11 Recv: LPR_N
[14:11:32] Ping 시간 체크1-3123271515
[14:11:32] Ping 시간 체크2-3123271515
[14:11:32] 12번 LPR OK 전송
[14:11:35] LPR11 Recv: LPR_N
[14:11:40] LPR11 Recv: LPR_N
[14:11:45] LPR11 Recv: LPR_N
[14:11:51] LPR11 Recv: LPR_N
[14:11:56] LPR11 Recv: LPR_N
[14:12:01] LPR11 Recv: LPR_N
[14:12:07] LPR11 Recv: LPR_N
[14:12:12] LPR11 Recv: LPR_N
[14:12:17] Program Close
