[10:31:33] Program Start!
[10:31:53] Program Start!
[10:31:56] 근무시작: 근무자
[10:31:56] 설치된 영수증프린터가 없음!
[10:31:56] Ping 시간 체크1-2073271906
[10:31:56] Ping 시간 체크2-2073271921
[10:31:56] Ping 시간 체크1-2073271953
[10:31:56] Ping 시간 체크2-2073271953
[10:31:56] 설치된 입구전광판이 없음!
[10:31:56] 설치된 출구전광판이 없음!
[10:31:56] LPR12 Recv: 172.16.83.1
[10:31:56] LPR11 Recv: 172.16.83.1
[10:31:57] LPR12 Recv: LPR_N
[10:31:58] LPR11 Recv: LPR_R
[10:31:58] 시간동기화 전송
[10:32:02] LPR12 Recv: LPR_N
[10:32:07] LPR12 Recv: LPR_N
[10:32:13] LPR12 Recv: LPR_N
[10:32:18] LPR12 Recv: LPR_N
[10:32:23] LPR12 Recv: LPR_N
[10:32:28] LPR11 Recv: CH1#11가1123#N#\2015\10\16\CH1_20151016103216_11가1123.jpg
[10:32:28] LPR Check: 11가1123,http://172.16.66.33:9080/MSImage/2015/10/16/CH1_20151016103216_11가1123.jpg,1,,,0, 2015-10-16 10:32:16
[10:32:28] File: \\172.16.66.33\MSImage\2015\10\16\CH1_20151016103216_11가1123.jpg
[10:32:28] 정기차량시작: 11가1123, 
[10:32:28] Ping 시간 체크1-2073304359
[10:32:28] Ping 시간 체크2-2073304375
[10:32:28] 입구차단기 Open
[10:32:28] 정기차량처리: 11가1123, 
[10:32:29] LPR12 Recv: LPR_N
[10:32:34] LPR12 Recv: LPR_N
[13:20:36] LPR12 Recv: LPR_N
[13:20:41] LPR12 Recv: LPR_N
[13:20:41] LPR11 Recv: CH1#11가1123#N#\2015\10\16\CH1_20151016132029_11가1123.jpg
[13:20:41] LPR Check: 11가1123,http://172.16.66.33:9080/MSImage/2015/10/16/CH1_20151016132029_11가1123.jpg,1,,,0, 2015-10-16 13:20:29
[13:20:41] File: \\172.16.66.33\MSImage\2015\10\16\CH1_20151016132029_11가1123.jpg
[13:20:41] 정기차량시작: 11가1123, 
[13:20:41] Ping 시간 체크1-2083397968
[13:20:41] Ping 시간 체크2-2083397984
[13:20:41] 입구차단기 Open
[13:20:41] 정기차량처리: 11가1123, 
[13:20:44] LPR12 Recv: CH1#11가1123#N#\2015\10\16\CH1_20151016132044_11가1123.jpg
[13:20:44] LPR Check: 11가1123,http://172.16.83.1:9080/MSImage/2015/10/16/CH1_20151016132044_11가1123.jpg,1,,,0, 2015-10-16 13:20:44
[13:20:44] File: \\172.16.83.1\MSImage\2015\10\16\CH1_20151016132044_11가1123.jpg
[13:20:44] 정기차량시작: 11가1123, 
[13:20:44] Ping 시간 체크1-2083401218
[13:20:44] Ping 시간 체크2-2083401218
[13:20:44] Ping 시간 체크1-2083401234
[13:20:44] Ping 시간 체크2-2083401234
[13:20:44] 출구차단기 Open
[13:20:44] 정기차량처리: 11가1123, 
[13:20:46] LPR12 Recv: LPR_N
[13:20:51] LPR12 Recv: LPR_N
[13:26:01] LPR12 Recv: LPR_N
[13:26:06] LPR12 Recv: LPR_N
[13:26:11] LPR11 Recv: CH1#11가1123#N#\2015\10\16\CH1_20151016112554_11가1123.jpg
[13:26:11] LPR Check: 11가1123,http://172.16.66.33:9080/MSImage/2015/10/16/CH1_20151016112554_11가1123.jpg,1,,,0, 2015-10-16 11:25:54
[13:26:11] File: \\172.16.66.33\MSImage\2015\10\16\CH1_20151016112554_11가1123.jpg
[13:26:11] 정기차량시작: 11가1123, 
[13:26:11] Ping 시간 체크1-2083728734
[13:26:11] Ping 시간 체크2-2083728734
[13:26:11] 입구차단기 Open
[13:26:11] 정기차량처리: 11가1123, 
[13:26:12] LPR12 Recv: LPR_N
[13:26:13] LPR12 Recv: CH1#11가1123#N#\2015\10\16\CH1_20151016132613_11가1123.jpg
[13:26:13] LPR Check: 11가1123,http://172.16.83.1:9080/MSImage/2015/10/16/CH1_20151016132613_11가1123.jpg,1,,,0, 2015-10-16 13:26:13
[13:26:13] File: \\172.16.83.1\MSImage\2015\10\16\CH1_20151016132613_11가1123.jpg
[13:26:14] 정기차량시작: 11가1123, 
[13:26:14] Ping 시간 체크1-2083731437
[13:26:14] Ping 시간 체크2-2083731437
[13:26:14] Ping 시간 체크1-2083731453
[13:26:14] Ping 시간 체크2-2083731453
[13:26:14] 출구차단기 Open
[13:26:14] 정기차량처리: 11가1123, 
[13:26:17] LPR12 Recv: LPR_N
[13:26:22] LPR12 Recv: LPR_N
[13:26:32] Program Start!
[13:26:33] 근무시작: 근무자
[13:26:33] 설치된 영수증프린터가 없음!
[13:26:33] Ping 시간 체크1-2083750640
[13:26:33] Ping 시간 체크2-2083750640
[13:26:33] Ping 시간 체크1-2083750687
[13:26:33] Ping 시간 체크2-2083750703
[13:26:33] 설치된 입구전광판이 없음!
[13:26:33] 설치된 출구전광판이 없음!
[13:26:34] LPR12 Recv: 172.16.83.1
[13:26:34] LPR11 Recv: 172.16.83.1
[13:26:35] LPR11 Recv: LPR_R
[13:26:35] 시간동기화 전송
[13:26:35] LPR12 Recv: LPR_N
[13:26:36] LPR11 Recv: CH1#11가1123#N#\2015\10\16\CH1_20151016112618_11가1123.jpg
[13:26:36] LPR Check: 11가1123,http://172.16.66.33:9080/MSImage/2015/10/16/CH1_20151016112618_11가1123.jpg,1,,,0, 2015-10-16 11:26:18
[13:26:36] File: \\172.16.66.33\MSImage\2015\10\16\CH1_20151016112618_11가1123.jpg
[13:26:36] 정기차량시작: 11가1123, 
[13:26:36] Ping 시간 체크1-2083752937
[13:26:36] Ping 시간 체크2-2083752953
[13:26:36] 입구차단기 Open
[13:26:36] 정기차량처리: 11가1123, 
[13:26:38] LPR12 Recv: CH1#11가1123#N#\2015\10\16\CH1_20151016132638_11가1123.jpg
[13:26:38] LPR Check: 11가1123,http://172.16.83.1:9080/MSImage/2015/10/16/CH1_20151016132638_11가1123.jpg,1,,,0, 2015-10-16 13:26:38
[13:26:38] File: \\172.16.83.1\MSImage\2015\10\16\CH1_20151016132638_11가1123.jpg
[13:27:15] Program Start!
[13:27:17] 근무시작: 근무자
[13:27:17] 설치된 영수증프린터가 없음!
[13:27:17] Ping 시간 체크1-2083794281
[13:27:17] Ping 시간 체크2-2083794281
[13:27:17] Ping 시간 체크1-2083794343
[13:27:17] Ping 시간 체크2-2083794343
[13:27:17] 설치된 입구전광판이 없음!
[13:27:17] 설치된 출구전광판이 없음!
[13:27:17] LPR12 Recv: 172.16.83.1
[13:27:17] LPR11 Recv: 172.16.83.1
[13:27:18] LPR11 Recv: LPR_R
[13:27:18] 시간동기화 전송
[13:27:18] LPR12 Recv: LPR_N
[13:27:19] LPR11 Recv: CH1#11가1123#N#\2015\10\16\CH1_20151016112701_11가1123.jpg
[13:27:19] LPR Check: 11가1123,http://172.16.66.33:9080/MSImage/2015/10/16/CH1_20151016112701_11가1123.jpg,1,,,0, 2015-10-16 11:27:01
[13:27:19] File: \\172.16.66.33\MSImage\2015\10\16\CH1_20151016112701_11가1123.jpg
[13:27:19] 정기차량시작: 11가1123, 
[13:27:19] Ping 시간 체크1-2083796328
[13:27:19] Ping 시간 체크2-2083796343
[13:27:19] 입구차단기 Open
[13:27:19] 정기차량처리: 11가1123, 
[13:27:20] LPR12 Recv: LPR_N
[13:27:20] LPR12 Recv: CH1#11가1123#N#\2015\10\16\CH1_20151016132720_11가1123.jpg
[13:27:20] LPR Check: 11가1123,http://172.16.83.1:9080/MSImage/2015/10/16/CH1_20151016132720_11가1123.jpg,1,,,0, 2015-10-16 13:27:20
[13:27:20] File: \\172.16.83.1\MSImage\2015\10\16\CH1_20151016132720_11가1123.jpg
[13:27:35] 정기차량시작: 11가1123, 
[13:27:35] Ping 시간 체크1-2083812203
[13:27:35] Ping 시간 체크2-2083812203
[13:27:35] File: \\172.16.66.33\MSImage\2015\10\16\CH1_20151016112701_11가1123.jpg
[13:27:35] Ping 시간 체크1-2083812218
[13:27:35] Ping 시간 체크2-2083812218
[13:27:35] Ping 시간 체크1-2083812468
[13:27:35] Ping 시간 체크2-2083812468
[13:27:35] 출구차단기 Open
[13:27:35] 정기차량처리: 11가1123, 
[13:27:35] LPR12 Recv: LPR_NLPR_N
[13:27:36] LPR12 Recv: LPR_N
[13:31:39] Program Start!
[13:31:41] 근무시작: 근무자
[13:31:41] 설치된 영수증프린터가 없음!
[13:31:41] Ping 시간 체크1-2084058531
[13:31:41] Ping 시간 체크2-2084058531
[13:31:41] Ping 시간 체크1-2084058531
[13:31:41] Ping 시간 체크2-2084058531
[13:31:41] 설치된 입구전광판이 없음!
[13:31:41] 설치된 출구전광판이 없음!
[13:31:41] LPR12 Recv: 172.16.83.1
[13:31:41] LPR11 Recv: 172.16.83.1
[13:31:43] LPR12 Recv: CH1#11가1123#N#\2015\10\16\CH1_20151016133143_11가1123.jpg
[13:31:43] LPR Check: 11가1123,http://172.16.83.1:9080/MSImage/2015/10/16/CH1_20151016133143_11가1123.jpg,1,,,0, 2015-10-16 13:31:43
[13:31:43] File: \\172.16.83.1\MSImage\2015\10\16\CH1_20151016133143_11가1123.jpg
[13:31:43] 정기차량시작: 11가1123, 
[13:31:43] Ping 시간 체크1-2084060218
[13:31:43] Ping 시간 체크2-2084060234
[13:31:43] Ping 시간 체크1-2084060250
[13:31:43] Ping 시간 체크2-2084060250
[13:31:43] 출구차단기 Open
[13:31:43] 정기차량처리: 11가1123, 
[13:31:43] LPR11 Recv: LPR_R
[13:31:43] 시간동기화 전송
[13:31:44] LPR12 Recv: LPR_N
[13:31:49] LPR12 Recv: LPR_N
[13:32:51] LPR12 Recv: LPR_N
[13:32:57] LPR12 Recv: LPR_N
[13:33:01] LPR11 Recv: CH1#11가1121#N#\2015\10\16\CH1_20151016113244_11가1121.jpg
[13:33:01] LPR Check: 11가1121,http://172.16.66.33:9080/MSImage/2015/10/16/CH1_20151016113244_11가1121.jpg,1,,,0, 2015-10-16 11:32:44
[13:33:01] File: \\172.16.66.33\MSImage\2015\10\16\CH1_20151016113244_11가1121.jpg
[13:33:01] 일반차량: 11가1121, 
[13:33:01] Ping 시간 체크1-2084138718
[13:33:01] Ping 시간 체크2-2084138718
[13:33:01] 입구차단기 Open
[13:33:01] 일반차량입차: 11가1121, 
[13:33:02] LPR12 Recv: LPR_N
[13:33:04] Program Close
[13:33:49] Program Start!
[13:33:51] 근무시작: 근무자
[13:33:51] 설치된 영수증프린터가 없음!
[13:33:51] Ping 시간 체크1-2084188296
[13:33:51] Ping 시간 체크2-2084188312
[13:33:51] Ping 시간 체크1-2084188312
[13:33:51] Ping 시간 체크2-2084188312
[13:33:51] 설치된 입구전광판이 없음!
[13:33:51] 설치된 출구전광판이 없음!
[13:33:51] LPR12 Recv: 172.16.83.1
[13:33:51] LPR11 Recv: 172.16.83.1
[13:33:52] LPR12 Recv: CH1#11가1123#N#\2015\10\16\CH1_20151016133352_11가1123.jpg
[13:33:52] LPR Check: 11가1123,http://172.16.83.1:9080/MSImage/2015/10/16/CH1_20151016133352_11가1123.jpg,1,,,0, 2015-10-16 13:33:52
[13:33:52] File: \\172.16.83.1\MSImage\2015\10\16\CH1_20151016133352_11가1123.jpg
[13:33:52] 정기차량시작: 11가1123, 
[13:33:52] Ping 시간 체크1-2084189734
[13:33:52] Ping 시간 체크2-2084189734
[13:33:52] Ping 시간 체크1-2084189750
[13:33:52] Ping 시간 체크2-2084189750
[13:33:52] 출구차단기 Open
[13:33:52] 정기차량처리: 11가1123, 
[13:33:52] LPR11 Recv: LPR_R
[13:33:52] 시간동기화 전송
[13:33:52] LPR12 Recv: LPR_N
[13:33:54] LPR12 Recv: LPR_N
[13:33:59] LPR12 Recv: LPR_N
[13:34:00] LPR11 Recv: CH1#11가1123#N#\2015\10\16\CH1_20151016113342_11가1123.jpg
[13:34:00] LPR Check: 11가1123,http://172.16.66.33:9080/MSImage/2015/10/16/CH1_20151016113342_11가1123.jpg,1,,,0, 2015-10-16 11:33:42
[13:34:00] File: \\172.16.66.33\MSImage\2015\10\16\CH1_20151016113342_11가1123.jpg
[13:34:00] 정기차량시작: 11가1123, 
[13:34:00] Ping 시간 체크1-2084197343
[13:34:00] Ping 시간 체크2-2084197343
[13:34:00] 입구차단기 Open
[13:34:00] 정기차량처리: 11가1123, 
[13:34:01] LPR12 Recv: CH1#11가1123#N#\2015\10\16\CH1_20151016133401_11가1123.jpg
[13:34:01] LPR Check: 11가1123,http://172.16.83.1:9080/MSImage/2015/10/16/CH1_20151016133401_11가1123.jpg,1,,,0, 2015-10-16 13:34:01
[13:34:01] File: \\172.16.83.1\MSImage\2015\10\16\CH1_20151016133401_11가1123.jpg
[13:34:01] 정기차량시작: 11가1123, 
[13:34:01] Ping 시간 체크1-2084198421
[13:34:01] Ping 시간 체크2-2084198421
[13:34:01] File: \\172.16.66.33\MSImage\2015\10\16\CH1_20151016113342_11가1123.jpg
[13:34:01] Ping 시간 체크1-2084198437
[13:34:01] Ping 시간 체크2-2084198437
[13:34:01] Ping 시간 체크1-2084198781
[13:34:01] Ping 시간 체크2-2084198781
[13:34:01] 출구차단기 Open
[13:34:01] 정기차량처리: 11가1123, 
[13:34:03] LPR12 Recv: CH1#11가1123#N#\2015\10\16\CH1_20151016133403_11가1123.jpg
[13:34:03] LPR Check: 11가1123,http://172.16.83.1:9080/MSImage/2015/10/16/CH1_20151016133403_11가1123.jpg,1,,,0, 2015-10-16 13:34:03
[13:34:03] File: \\172.16.83.1\MSImage\2015\10\16\CH1_20151016133403_11가1123.jpg
[13:34:03] 정기차량시작: 11가1123, 
[13:34:03] Ping 시간 체크1-2084200828
[13:34:03] Ping 시간 체크2-2084200828
[13:34:03] Ping 시간 체크1-2084200828
[13:34:03] Ping 시간 체크2-2084200828
[13:34:03] 출구차단기 Open
[13:34:03] 정기차량처리: 11가1123, 
[13:34:05] LPR12 Recv: LPR_N
[13:34:10] LPR12 Recv: LPR_N
[13:34:16] LPR12 Recv: LPR_N
