[13:54:02] Program Start!
[13:54:07] 근무시작: 정경옥
[13:54:08] 영수증프린터 포트오픈 에러: ie_BadId - Specified comport doesn't exist
[13:54:08] Ping 시간 체크1-2344608859
[13:54:08] Ping 시간 체크2-2344608859
[13:54:08] Ping 시간 체크1-2344608875
[13:54:08] Ping 시간 체크2-2344608875
[13:54:08] Ping 시간 체크1-2344608890
[13:54:08] Ping 시간 체크2-2344608906
[13:54:08] Ping 시간 체크1-2344608906
[13:54:08] Ping 시간 체크2-2344609000
[13:54:08] LPR3 Recv: 172.16.83.1
[13:54:08] LPR1 Recv: 172.16.83.1
[13:54:10] LPR1 Recv: LPR_R
[13:54:10] 시간동기화 전송
[13:54:10] LPR3 Recv: LPR_N
[13:54:12] LPR3 Recv: LPR_N
[13:54:15] 수동입차: 2015-10-19, 13:54:15, 11가1234
[13:54:17] LPR3 Recv: LPR_N
[13:54:21] LPR3 Recv: CH1#11가1234#N#\2015\10\19\CH1_20151019135421_11가1234.jpg
[13:54:21] LPR Check: 11가1234,http://172.16.83.1:9080/MSImage/2015/10/19/CH1_20151019135421_11가1234.jpg,1,,,0, 2015-10-19 13:54:21
[13:54:21] File: \\172.16.83.1\MSImage\2015\10\19\CH1_20151019135421_11가1234.jpg
[13:54:21] 일반차량: 11가1234, 
[13:54:22] File: 
[13:54:22] Ping 시간 체크1-2344622171
[13:54:22] Ping 시간 체크2-2344622500
[13:54:22] File 없음: 
[13:54:22] Ping 시간 체크1-2344622531
[13:54:22] Ping 시간 체크2-2344622531
[13:54:22] 출구차단기 Open
[13:54:22] 일반차량출차: 11가1234, 
[13:54:22] Ping 시간 체크1-2344622531
[13:54:22] Ping 시간 체크2-2344622531
[13:54:22] LPR3 Recv: CH1#11가1234#N#\2015\10\19\CH1_20151019135422_11가1234.jpg
[13:54:22] LPR Check: 11가1234,http://172.16.83.1:9080/MSImage/2015/10/19/CH1_20151019135422_11가1234.jpg,1,,,0, 2015-10-19 13:54:22
[13:54:22] File: \\172.16.83.1\MSImage\2015\10\19\CH1_20151019135422_11가1234.jpg
[13:54:22] 일반차량: 11가1234, 
[13:54:22] Ping 시간 체크1-2344623015
[13:54:22] Ping 시간 체크2-2344623015
[13:54:22] 일반차량출차: 11가1234, 
[13:54:22] Ping 시간 체크1-2344623046
[13:54:22] Ping 시간 체크2-2344623062
[13:54:23] LPR3 Recv: LPR_N
[13:54:28] LPR3 Recv: LPR_N
[13:54:33] LPR3 Recv: LPR_N
[13:54:38] LPR3 Recv: LPR_N
[13:54:44] LPR3 Recv: LPR_N
[13:54:49] LPR3 Recv: LPR_N
[13:54:55] LPR3 Recv: LPR_N
[13:55:00] LPR3 Recv: LPR_N
[13:55:05] LPR3 Recv: LPR_N
[13:55:10] Ping 시간 체크1-2344670593
[13:55:10] Ping 시간 체크2-2344670593
[13:55:10] 1번 LPR OK 전송
[13:55:10] LPR3 Recv: LPR_N
[13:55:15] LPR3 Recv: LPR_N
[13:55:21] LPR3 Recv: LPR_N
[13:55:26] LPR3 Recv: LPR_N
[13:55:31] LPR3 Recv: LPR_N
[13:55:36] LPR3 Recv: LPR_N
[13:55:42] LPR3 Recv: LPR_N
[13:55:47] LPR3 Recv: LPR_N
[13:55:53] LPR3 Recv: LPR_N
[13:55:58] LPR3 Recv: LPR_N
[13:55:59] LPR1 Recv: CH1#12가1234#N#\2015\10\19\CH1_20151019115528_12가1234.jpg
[13:55:59] LPR Check: 12가1234,http://172.16.66.33:9080/MSImage/2015/10/19/CH1_20151019115528_12가1234.jpg,1,,,0, 2015-10-19 11:55:28
[13:55:59] File: \\172.16.66.33\MSImage\2015\10\19\CH1_20151019115528_12가1234.jpg
[13:55:59] 정기차량시작: 12가1234, 
[13:55:59] Ping 시간 체크1-2344719953
[13:55:59] Ping 시간 체크2-2344719968
[13:55:59] Ping 시간 체크1-2344719968
[13:55:59] Ping 시간 체크2-2344719984
[13:55:59] 입구차단기 Open
[13:55:59] 정기차량처리: 12가1234, 
[13:56:03] LPR3 Recv: LPR_N
[13:56:05] LPR3 Recv: CH1#12가1234#N#\2015\10\19\CH1_20151019135605_12가1234.jpg
[13:56:05] LPR Check: 12가1234,http://172.16.83.1:9080/MSImage/2015/10/19/CH1_20151019135605_12가1234.jpg,1,,,0, 2015-10-19 13:56:05
[13:56:05] File: \\172.16.83.1\MSImage\2015\10\19\CH1_20151019135605_12가1234.jpg
[13:56:07] 정기차량시작: 12가1234, 
[13:56:07] Ping 시간 체크1-2344727453
[13:56:07] Ping 시간 체크2-2344727453
[13:56:07] File: \\172.16.66.33\MSImage\2015\10\19\CH1_20151019115528_12가1234.jpg
[13:56:07] Ping 시간 체크1-2344727515
[13:56:07] Ping 시간 체크2-2344727515
[13:56:07] Ping 시간 체크1-2344727765
[13:56:07] Ping 시간 체크2-2344727765
[13:56:07] 출구차단기 Open
[13:56:07] 정기차량처리: 12가1234, 
[13:56:08] LPR3 Recv: LPR_N
[13:56:13] LPR3 Recv: LPR_N
[13:56:19] LPR3 Recv: LPR_N
[13:56:24] LPR3 Recv: LPR_N
[14:41:18] Program Start!
[14:41:21] 근무시작: 김나현
[14:41:22] 영수증프린터 포트오픈 에러: ie_BadId - Specified comport doesn't exist
[14:41:22] Ping 시간 체크1-2347443312
[14:41:22] Ping 시간 체크2-2347443328
[14:41:23] Ping 시간 체크1-2347443343
[14:41:23] Ping 시간 체크2-2347443343
[14:41:23] Ping 시간 체크1-2347443359
[14:41:23] Ping 시간 체크2-2347443375
[14:41:23] Ping 시간 체크1-2347443375
[14:41:23] Ping 시간 체크2-2347443500
[14:41:23] LPR3 Recv: 172.16.83.1
[14:41:23] LPR1 Recv: 172.16.83.1
[14:41:24] LPR3 Recv: LPR_N
[14:41:24] LPR1 Recv: LPR_R
[14:41:24] 시간동기화 전송
[14:41:28] LPR3 Recv: LPR_N
[14:41:29] LPR1 Recv: CH1#12가1234#N#\2015\10\19\CH1_20151019124057_12가1234.jpg
[14:41:29] LPR Check: 12가1234,http://172.16.66.33:9080/MSImage/2015/10/19/CH1_20151019124057_12가1234.jpg,1,,,0, 2015-10-19 12:40:57
[14:41:29] File: \\172.16.66.33\MSImage\2015\10\19\CH1_20151019124057_12가1234.jpg
[14:41:29] 정기차량시작: 12가1234, 
[14:41:29] Ping 시간 체크1-2347450125
[14:41:29] Ping 시간 체크2-2347450125
[14:41:29] Ping 시간 체크1-2347450125
[14:41:29] Ping 시간 체크2-2347450140
[14:41:29] 입구차단기 Open
[14:41:29] 정기차량처리: 12가1234, 
[14:41:30] LPR3 Recv: CH1#12가1234#N#\2015\10\19\CH1_20151019144130_12가1234.jpg
[14:41:30] LPR Check: 12가1234,http://172.16.83.1:9080/MSImage/2015/10/19/CH1_20151019144130_12가1234.jpg,1,,,0, 2015-10-19 14:41:30
[14:41:30] File: \\172.16.83.1\MSImage\2015\10\19\CH1_20151019144130_12가1234.jpg
[14:41:31] 정기차량시작: 12가1234, 
[14:41:31] Ping 시간 체크1-2347452125
[14:41:31] Ping 시간 체크2-2347452125
[14:41:31] File: \\172.16.66.33\MSImage\2015\10\19\CH1_20151019124057_12가1234.jpg
[14:41:31] Ping 시간 체크1-2347452203
[14:41:31] Ping 시간 체크2-2347452203
[14:41:32] Ping 시간 체크1-2347452531
[14:41:32] Ping 시간 체크2-2347452531
[14:41:32] 출구차단기 Open
[14:41:32] 정기차량처리: 12가1234, 
[14:41:33] LPR3 Recv: LPR_N
[14:41:38] LPR3 Recv: LPR_N
[14:41:39] LPR3 Recv: CH1#12가1238#N#\2015\10\19\CH1_20151019144139_12가1238.jpg
[14:41:39] LPR Check: 12가1238,http://172.16.83.1:9080/MSImage/2015/10/19/CH1_20151019144139_12가1238.jpg,1,,,0, 2015-10-19 14:41:39
[14:41:39] File: \\172.16.83.1\MSImage\2015\10\19\CH1_20151019144139_12가1238.jpg
[14:41:39] 일반차량: 12가1238, 
[14:41:39] Ping 시간 체크1-2347460156
[14:41:39] Ping 시간 체크2-2347460156
[14:41:39] 일반차량출차: 12가1238, 
[14:41:39] Ping 시간 체크1-2347460187
[14:41:39] Ping 시간 체크2-2347460187
[14:41:42] LPR1 Recv: CH1#12가1238#N#\2015\10\19\CH1_20151019124110_12가1238.jpg
[14:41:42] LPR Check: 12가1238,http://172.16.66.33:9080/MSImage/2015/10/19/CH1_20151019124110_12가1238.jpg,1,,,0, 2015-10-19 12:41:10
[14:41:42] File: \\172.16.66.33\MSImage\2015\10\19\CH1_20151019124110_12가1238.jpg
[14:41:42] 일반차량: 12가1238, 
[14:41:42] Ping 시간 체크1-2347462859
[14:41:42] Ping 시간 체크2-2347462859
[14:41:42] Ping 시간 체크1-2347462859
[14:41:42] Ping 시간 체크2-2347462875
[14:41:42] 입구차단기 Open
[14:41:42] 일반차량입차: 12가1238, 
[14:41:43] LPR3 Recv: CH1#12가1238#N#\2015\10\19\CH1_20151019144143_12가1238.jpg
[14:41:43] LPR Check: 12가1238,http://172.16.83.1:9080/MSImage/2015/10/19/CH1_20151019144143_12가1238.jpg,1,,,0, 2015-10-19 14:41:43
[14:41:43] File: \\172.16.83.1\MSImage\2015\10\19\CH1_20151019144143_12가1238.jpg
[14:41:43] 일반차량: 12가1238, 
[14:41:43] File: \\172.16.66.33\MSImage\2015\10\19\CH1_20151019124110_12가1238.jpg
[14:41:43] Ping 시간 체크1-2347464078
[14:41:43] Ping 시간 체크2-2347464078
[14:41:44] 일반차량출차: 12가1238, 
[14:41:44] Ping 시간 체크1-2347464421
[14:41:44] Ping 시간 체크2-2347464421
[14:41:44] LPR3 Recv: LPR_N
[14:41:46] Ping 시간 체크1-2347466375
[14:41:46] Ping 시간 체크2-2347466375
[14:41:46] 출구차단기 Open
