[13:20:37] Program Start!
[13:20:39] 근무시작: 근무자
[13:20:39] 설치된 영수증프린터가 없음!
[13:20:39] Ping 시간 체크1-103922156
[13:20:39] Ping 시간 체크2-103922171
[13:20:39] Ping 시간 체크1-103922171
[13:20:39] Ping 시간 체크2-103922171
[13:20:39] Ping 시간 체크1-103922187
[13:20:39] Ping 시간 체크2-103922500
[13:20:39] Ping 시간 체크1-103922500
[13:20:40] Ping 시간 체크2-103923000
[13:20:40] LPR11 Recv: 172.16.83.1
[13:20:41] LPR11 Recv: LPR_R
[13:20:41] 시간동기화 전송
[13:20:44] Ping 시간 체크1-103927250
[13:20:44] Ping 시간 체크2-103927500
[13:20:44] 전광판(192.168.1.221) 네트워크 에러
[13:20:45] Ping 시간 체크1-103928312
[13:20:45] Ping 시간 체크2-103928500
[13:20:45] 전광판(192.168.1.221) 네트워크 에러
[13:20:47] Ping 시간 체크1-103929734
[13:20:47] Ping 시간 체크2-103930000
[13:20:47] 전광판(192.168.1.221) 네트워크 에러
[13:20:48] Ping 시간 체크1-103930609
[13:20:48] Ping 시간 체크2-103931000
[13:20:48] 전광판(192.168.1.221) 네트워크 에러
[13:20:49] Program Close
