[22:55:27] Program Start!
[23:04:33] Program Start!
[23:04:54] DB Connect Error:[DBNETLIB][ConnectionOpen (Connect()).]SQL Server가 없거나 액세스할 수 없습니다
[23:05:41] Program Start!
[23:05:43] 근무시작: 동문
[23:05:43] 설치된 출구무인정산기 없음!
[23:05:43] 바코드스캐너가 없음!
[23:05:43] 영수증프린터 포트오픈 에러: ie_BadId - Specified comport doesn't exist
[23:05:43] Ping 시간 체크1-130199167
[23:05:43] Ping 시간 체크2-130199261
[23:05:43] Ping 시간 체크1-130199276
[23:05:44] Ping 시간 체크2-130199760
[23:05:44] Ping 시간 체크1-130199776
[23:05:44] Ping 시간 체크2-130199791
[23:05:44] Ping 시간 체크1-130199807
[23:05:44] Ping 시간 체크2-130200259
[23:05:44] Ping 시간 체크1-130200275
[23:05:45] Ping 시간 체크2-130200758
[23:05:45] Ping 시간 체크1-130200774
[23:05:45] Ping 시간 체크2-130201258
[23:05:45] LPR13 Recv: 127.0.0.1
[23:05:47] LPR13 Recv: LPR_N
[23:05:48] LPR13 Recv: LPR_N
[23:05:54] LPR13 Recv: LPR_N
[23:05:59] LPR13 Recv: LPR_N
[23:06:04] LPR13 Recv: LPR_N
[23:06:09] LPR13 Recv: LPR_N
[23:06:14] LPR13 Recv: LPR_N
[23:06:20] LPR13 Recv: LPR_N
[23:06:25] LPR13 Recv: LPR_N
[23:06:31] LPR13 Recv: LPR_N
[23:06:36] LPR13 Recv: LPR_N
[23:06:41] LPR13 Recv: LPR_N
[23:06:43] Ping 시간 체크1-130259181
[23:06:43] Ping 시간 체크2-130259259
[23:06:43] Ping 시간 체크1-130259290
[23:06:44] Ping 시간 체크2-130259758
[23:06:46] LPR13 Recv: LPR_N
[23:06:52] LPR13 Recv: LPR_N
[23:06:57] LPR13 Recv: LPR_N
[23:07:02] LPR13 Recv: LPR_N
[23:07:08] LPR13 Recv: LPR_N
[23:07:13] LPR13 Recv: LPR_N
[23:07:18] LPR13 Recv: LPR_N
[23:07:23] LPR13 Recv: LPR_N
[23:07:29] LPR13 Recv: LPR_N
[23:07:34] LPR13 Recv: LPR_N
[23:07:38] Program Close
[23:07:43] Program Start!
[23:07:44] 근무시작: 동문
[23:07:45] 설치된 출구무인정산기 없음!
[23:07:45] 바코드스캐너가 없음!
[23:07:47] 영수증프린터 포트오픈 에러: ie_BadId - Specified comport doesn't exist
[23:07:47] Ping 시간 체크1-130323422
[23:07:47] Ping 시간 체크2-130323765
[23:07:47] Ping 시간 체크1-130323781
[23:07:48] Ping 시간 체크2-130324264
[23:07:48] Ping 시간 체크1-130324280
[23:07:48] Ping 시간 체크2-130324296
[23:07:48] Ping 시간 체크1-130324389
[23:07:48] Ping 시간 체크2-130324764
[23:07:48] Ping 시간 체크1-130324764
[23:07:49] Ping 시간 체크2-130325263
[23:07:49] Ping 시간 체크1-130325263
[23:07:49] Ping 시간 체크2-130325762
[23:07:49] LPR13 Recv: 127.0.0.1
[23:07:50] LPR13 Recv: LPR_N
[23:07:54] LPR13 Recv: LPR_N
[23:07:55] Ping 시간 체크1-130330988
[23:07:55] Ping 시간 체크2-130331253
[23:07:55] 무인요금계산기 Ping 안됨
[23:08:00] LPR13 Recv: LPR_N
[23:08:05] LPR13 Recv: LPR_N
[23:08:14] Program Start!
[23:09:04] 근무시작: 동문
[23:09:04] 설치된 출구무인정산기 없음!
[23:09:04] 바코드스캐너가 없음!
[23:09:29] 영수증프린터 포트오픈 에러: ie_BadId - Specified comport doesn't exist
[23:09:29] Ping 시간 체크1-130426710
[23:09:29] Ping 시간 체크2-130426788
[23:09:29] Ping 시간 체크1-130426788
[23:09:30] Ping 시간 체크2-130427256
[23:09:30] Ping 시간 체크1-130427287
[23:09:30] Ping 시간 체크2-130427287
[23:09:30] Ping 시간 체크1-130427381
[23:09:30] Ping 시간 체크2-130427755
[23:09:30] Ping 시간 체크1-130427771
[23:09:31] Ping 시간 체크2-130428255
[23:09:31] Ping 시간 체크1-130428270
[23:09:31] Ping 시간 체크2-130428754
[23:09:31] LPR13 Recv: 127.0.0.1
[23:09:33] LPR13 Recv: LPR_N
[23:09:34] LPR13 Recv: LPR_N
[23:09:37] Ping 시간 체크1-130434245
[23:09:37] Ping 시간 체크2-130434261
[23:09:37] 무인요금계산기 Ping 안됨
[23:09:39] LPR13 Recv: LPR_N
[23:09:45] LPR13 Recv: LPR_N
[23:09:50] LPR13 Recv: LPR_N
[23:09:54] Program Start!
[23:16:36] 근무시작: 동문
[23:16:37] 설치된 출구무인정산기 없음!
[23:16:37] 바코드스캐너가 없음!
[23:16:40] 영수증프린터 포트오픈 에러: ie_BadId - Specified comport doesn't exist
[23:16:40] Ping 시간 체크1-130858365
[23:16:40] Ping 시간 체크2-130858786
[23:16:40] Ping 시간 체크1-130858786
[23:16:41] Ping 시간 체크2-130859254
[23:16:41] Ping 시간 체크1-130859270
[23:16:41] Ping 시간 체크2-130859285
[23:16:41] Ping 시간 체크1-130859348
[23:16:41] Ping 시간 체크2-130859753
[23:16:41] Ping 시간 체크1-130859769
[23:16:42] Ping 시간 체크2-130860268
[23:16:42] Ping 시간 체크1-130860284
[23:16:42] Ping 시간 체크2-130860767
[23:16:43] LPR13 Recv: 127.0.0.1
[23:16:44] LPR13 Recv: LPR_N
[23:16:46] Ping 시간 체크1-130864558
[23:16:46] Ping 시간 체크2-130864761
[23:16:46] 무인요금계산기 Ping 안됨
[23:16:47] LPR13 Recv: LPR_N
[23:16:52] LPR13 Recv: LPR_N
[23:16:58] LPR13 Recv: LPR_N
[23:17:03] LPR13 Recv: LPR_N
[23:17:06] Program Close
