[12:30:31] Program Start!
[12:40:17] 근무시작: 근무자
[12:40:17] 설치된 출구무인정산기 없음!
[12:40:17] 바코드스캐너가 없음!
[12:40:17] 설치된 영수증프린터가 없음!
[12:40:17] Ping 시간 체크1-2224018671
[12:40:17] Ping 시간 체크2-2224018718
[12:40:18] Ping 시간 체크1-2224018781
[12:40:18] Ping 시간 체크2-2224018781
[12:40:18] 설치된 입구전광판이 없음!
[12:40:18] 설치된 출구전광판이 없음!
[12:40:18] csOutDsp1Error: 1110
[12:40:26] Program Close
[12:53:38] Program Start!
[12:53:43] 근무시작: 근무자
[12:53:43] 설치된 출구무인정산기 없음!
[12:53:43] 바코드스캐너가 없음!
[12:53:43] 설치된 영수증프린터가 없음!
[12:53:43] Ping 시간 체크1-2224823937
[12:53:43] Ping 시간 체크2-2224823937
[12:53:43] Ping 시간 체크1-2224823937
[12:53:43] Ping 시간 체크2-2224823937
[12:53:43] 설치된 입구전광판이 없음!
[12:53:43] 설치된 출구전광판이 없음!
[12:53:43] csOutDsp1Error: 1110
[12:53:49] Ping 시간 체크1-2224829828
[12:53:49] Ping 시간 체크2-2224830000
[12:53:49] 정기차량 알람정보 전송시 네트워크 오류!172.16.83.1
[12:53:51] Ping 시간 체크1-2224832296
[12:53:51] Ping 시간 체크2-2224832500
[12:53:51] 정기차량 알람정보 전송시 네트워크 오류!172.16.83.1
[12:53:52] Ping 시간 체크1-2224833250
[12:53:52] Ping 시간 체크2-2224833500
[12:53:52] 정기차량 알람정보 전송시 네트워크 오류!172.16.83.1
[12:53:52] Ping 시간 체크1-2224833515
[12:53:53] Ping 시간 체크2-2224834000
[12:53:53] 정기차량 알람정보 전송시 네트워크 오류!172.16.83.1
[12:53:53] Ping 시간 체크1-2224834000
[12:53:53] Ping 시간 체크2-2224834500
[12:53:53] 정기차량 알람정보 전송시 네트워크 오류!172.16.83.1
[12:53:53] Ping 시간 체크1-2224834500
[12:53:54] Ping 시간 체크2-2224835000
[12:53:54] 정기차량 알람정보 전송시 네트워크 오류!172.16.83.1
[12:53:54] Ping 시간 체크1-2224835000
[12:53:54] Ping 시간 체크2-2224835500
[12:53:54] 정기차량 알람정보 전송시 네트워크 오류!172.16.83.1
[12:53:54] Ping 시간 체크1-2224835500
[12:53:55] Ping 시간 체크2-2224836000
[12:53:55] 정기차량 알람정보 전송시 네트워크 오류!172.16.83.1
[12:53:58] Program Close
[12:54:05] Program Start!
[12:54:08] 근무시작: 근무자
[12:54:08] 설치된 출구무인정산기 없음!
[12:54:08] 바코드스캐너가 없음!
[12:54:08] 설치된 영수증프린터가 없음!
[12:54:08] Ping 시간 체크1-2224849406
[12:54:08] Ping 시간 체크2-2224849437
[12:54:08] Ping 시간 체크1-2224849500
[12:54:08] Ping 시간 체크2-2224849515
[12:54:08] 설치된 입구전광판이 없음!
[12:54:08] 설치된 출구전광판이 없음!
[12:54:08] csOutDsp1Error: 1110
[12:54:15] Ping 시간 체크1-2224856390
[12:54:15] Ping 시간 체크2-2224856500
[12:54:18] 정기차량 알람정보 전송시 네트워크 오류!172.16.83.1
[12:55:11] Program Start!
[12:55:13] 근무시작: 근무자
[12:55:13] 설치된 출구무인정산기 없음!
[12:55:13] 바코드스캐너가 없음!
[12:55:13] 설치된 영수증프린터가 없음!
[12:55:13] Ping 시간 체크1-2224914656
[12:55:13] Ping 시간 체크2-2224914687
[12:55:13] Ping 시간 체크1-2224914765
[12:55:13] Ping 시간 체크2-2224914781
[12:55:14] 설치된 입구전광판이 없음!
[12:55:14] 설치된 출구전광판이 없음!
[12:55:14] csOutDsp1Error: 1110
[12:55:22] Ping 시간 체크1-2224922828
[12:55:22] Ping 시간 체크2-2224922828
[12:55:38] Program Start!
[12:55:41] 근무시작: 근무자
[12:55:41] 설치된 출구무인정산기 없음!
[12:55:41] 바코드스캐너가 없음!
[12:55:41] 설치된 영수증프린터가 없음!
[12:55:41] Ping 시간 체크1-2224942484
[12:55:41] Ping 시간 체크2-2224942500
[12:55:41] Ping 시간 체크1-2224942562
[12:55:41] Ping 시간 체크2-2224942578
[12:55:41] 설치된 입구전광판이 없음!
[12:55:41] 설치된 출구전광판이 없음!
[12:55:41] csOutDsp1Error: 1110
[12:55:49] Ping 시간 체크1-2224949906
[12:55:49] Ping 시간 체크2-2224949906
[12:56:46] Program Start!
[12:56:49] 근무시작: 근무자
[12:56:49] 설치된 출구무인정산기 없음!
[12:56:49] 바코드스캐너가 없음!
[12:56:49] 설치된 영수증프린터가 없음!
[12:56:49] Ping 시간 체크1-2225010109
[12:56:49] Ping 시간 체크2-2225010109
[12:56:49] Ping 시간 체크1-2225010125
[12:56:49] Ping 시간 체크2-2225010125
[12:56:49] 설치된 입구전광판이 없음!
[12:56:49] 설치된 출구전광판이 없음!
[12:56:49] csOutDsp1Error: 1110
[12:56:54] Program Close
[13:11:00] Program Start!
[13:11:02] 근무시작: 근무자
[13:11:02] 설치된 출구무인정산기 없음!
[13:11:02] 바코드스캐너가 없음!
[13:11:02] 설치된 영수증프린터가 없음!
[13:11:02] Ping 시간 체크1-2225863390
[13:11:02] Ping 시간 체크2-2225863390
[13:11:02] Ping 시간 체크1-2225863390
[13:11:02] Ping 시간 체크2-2225863390
[13:11:02] 설치된 입구전광판이 없음!
[13:11:02] 설치된 출구전광판이 없음!
[13:11:02] csOutDsp1Error: 1110
[13:11:07] Program Close
[13:13:28] Program Start!
[13:13:32] 근무시작: 근무자
[13:13:32] 설치된 출구무인정산기 없음!
[13:13:32] 바코드스캐너가 없음!
[13:13:32] 설치된 영수증프린터가 없음!
[13:13:32] Ping 시간 체크1-2226013218
[13:13:32] Ping 시간 체크2-2226013250
[13:13:32] Ping 시간 체크1-2226013312
[13:13:32] Ping 시간 체크2-2226013312
[13:13:32] 설치된 입구전광판이 없음!
[13:13:32] 설치된 출구전광판이 없음!
[13:13:32] csOutDsp1Error: 1110
[13:13:40] Program Close
[13:13:52] Program Start!
[13:13:54] 근무시작: 근무자
[13:13:54] 설치된 출구무인정산기 없음!
[13:13:54] 바코드스캐너가 없음!
[13:13:54] 설치된 영수증프린터가 없음!
[13:13:54] Ping 시간 체크1-2226035656
[13:13:54] Ping 시간 체크2-2226035656
[13:13:54] Ping 시간 체크1-2226035671
[13:13:54] Ping 시간 체크2-2226035671
[13:13:54] 설치된 입구전광판이 없음!
[13:13:54] 설치된 출구전광판이 없음!
[13:13:54] csOutDsp1Error: 1110
[13:14:00] Ping 시간 체크1-2226041703
[13:14:00] Ping 시간 체크2-2226041703
[13:14:01] 정기차량 알람정보 전송: 차량^백화점^12가1234^정기챠랑
[13:14:02] Ping 시간 체크1-2226043453
[13:14:02] Ping 시간 체크2-2226043453
[13:14:02] 정기차량 알람정보 전송: 차량^백화점^12가1234^정기챠랑
[13:14:03] Ping 시간 체크1-2226044453
[13:14:03] Ping 시간 체크2-2226044453
[13:14:03] 정기차량 알람정보 전송: 차량^백화점^12가1234^정기챠랑
[13:14:04] Ping 시간 체크1-2226044812
[13:14:04] Ping 시간 체크2-2226044812
[13:14:04] 정기차량 알람정보 전송: 차량^백화점^12가1234^정기챠랑
[13:14:04] Ping 시간 체크1-2226045078
[13:14:04] Ping 시간 체크2-2226045078
[13:14:04] 정기차량 알람정보 전송: 차량^백화점^12가1234^정기챠랑
[13:14:07] Ping 시간 체크1-2226047953
[13:14:07] Ping 시간 체크2-2226047953
[13:14:07] 정기차량 알람정보 전송: 차량^백화점^12가1234^정기챠랑
[13:14:07] Ping 시간 체크1-2226048203
[13:14:07] Ping 시간 체크2-2226048218
[13:14:07] 정기차량 알람정보 전송: 차량^백화점^12가1234^정기챠랑
[13:14:07] Ping 시간 체크1-2226048453
[13:14:07] Ping 시간 체크2-2226048453
[13:14:07] 정기차량 알람정보 전송: 차량^백화점^12가1234^정기챠랑
[13:14:54] Ping 시간 체크1-2226095656
[13:14:54] Ping 시간 체크2-2226095656
[13:14:54] Ping 시간 체크1-2226095671
[13:14:54] Ping 시간 체크2-2226095671
[13:15:49] Ping 시간 체크1-2226150406
[13:15:49] Ping 시간 체크2-2226150406
[13:15:49] 정기차량 알람정보 전송: 차량^백화점^12가1234^정기챠랑
[13:15:54] Program Close
[13:16:14] Program Start!
[13:16:15] 근무시작: 근무자
[13:16:15] 설치된 출구무인정산기 없음!
[13:16:15] 바코드스캐너가 없음!
[13:16:15] 설치된 영수증프린터가 없음!
[13:16:15] Ping 시간 체크1-2226176562
[13:16:15] Ping 시간 체크2-2226176562
[13:16:15] Ping 시간 체크1-2226176562
[13:16:15] Ping 시간 체크2-2226176562
[13:16:15] 설치된 입구전광판이 없음!
[13:16:15] 설치된 출구전광판이 없음!
[13:16:15] csOutDsp1Error: 1110
[13:16:20] Program Close
