[17:26:39] Program Start!
[17:26:41] 근무시작: 근무자
[17:26:41] 설치된 출구무인정산기 없음!
[17:26:41] 바코드스캐너가 없음!
[17:26:41] 영수증프린터 포트오픈 에러: ie_BadId - Specified comport doesn't exist
[17:26:41] Ping 시간 체크1-1984026859
[17:26:41] Ping 시간 체크2-1984026859
[17:26:41] Ping 시간 체크1-1984026875
[17:26:41] Ping 시간 체크2-1984026875
[17:26:41] 설치된 입구전광판이 없음!
[17:26:41] 설치된 출구전광판이 없음!
[17:26:41] csOutDsp1Error: 1110
[17:26:41] LPR11 Recv: 127.0.0.1
[17:26:41] LPR21 Recv: 127.0.0.1
[17:26:42] LPR21 Recv: LPR_N
[17:26:43] LPR11 Recv: LPR_N
[17:26:43] LPR21 Recv: LPR_N
[17:26:45] Program Close
[17:28:52] Program Start!
[17:28:55] 근무시작: 근무자
[17:28:55] 설치된 출구무인정산기 없음!
[17:28:55] 바코드스캐너가 없음!
[17:28:55] 영수증프린터 포트오픈 에러: ie_BadId - Specified comport doesn't exist
[17:28:55] Ping 시간 체크1-1984160734
[17:28:55] Ping 시간 체크2-1984160750
[17:28:55] Ping 시간 체크1-1984160750
[17:28:55] Ping 시간 체크2-1984160750
[17:28:55] 설치된 입구전광판이 없음!
[17:28:55] 설치된 출구전광판이 없음!
[17:28:55] csOutDsp1Error: 1110
[17:28:55] LPR11 Recv: 127.0.0.1
[17:28:55] LPR21 Recv: 127.0.0.1
[17:28:56] LPR21 Recv: LPR_N
[17:28:57] LPR11 Recv: LPR_N
[17:28:57] Program Close
