[15:13:56] Program Start!
[15:13:59] 근무시작: 근무자
[15:13:59] 설치된 출구무인정산기 없음!
[15:13:59] 바코드스캐너가 없음!
[15:13:59] 영수증프린터 포트오픈 에러: ie_BadId - Specified comport doesn't exist
[15:13:59] Ping 시간 체크1-111456937
[15:13:59] Ping 시간 체크2-111456937
[15:13:59] Ping 시간 체크1-111456953
[15:13:59] Ping 시간 체크2-111456953
[15:13:59] Ping 시간 체크1-111456953
[15:13:59] Ping 시간 체크2-111456953
[15:13:59] 설치된 출구전광판이 없음!
[15:13:59] csOutDsp1Error: 1110
[15:13:59] LPR11 Recv: 127.0.0.1
[15:13:59] LPR21 Recv: 127.0.0.1
[15:14:00] LPR11 Recv: LPR_N
[15:14:01] LPR21 Recv: LPR_N
[15:14:02] LPR11 Recv: LPR_N
[15:14:06] LPR21 Recv: LPR_N
[15:14:07] LPR11 Recv: LPR_N
[15:14:11] LPR21 Recv: LPR_N
[15:14:13] LPR11 Recv: LPR_N
[15:14:14] LPR11 Recv: CH1#경기46로8862#O#\2018\05\11\CH1_20180511151414_경기46로8862.jpg
[15:14:14] LPR Check: 경기46로8862,http://127.0.0.1:9080/MSImage/2018/05/11/CH1_20180511151414_경기46로8862.jpg,1,,,0, 2018-05-11 15:14:14
[15:14:14] File: \\127.0.0.1\MSImage\2018\05\11\CH1_20180511151414_경기46로8862.jpg
[15:14:14] 정기차량시작: 경기46로8862, 
[15:14:14] Ping 시간 체크1-111471890
[15:14:14] Ping 시간 체크2-111471890
[15:14:14] Ping 시간 체크1-111471890
[15:14:14] Ping 시간 체크2-111471890
[15:14:14] 입구차단기 Open
[15:14:14] 정기차량처리: 경기46로8862, 
[15:14:17] LPR21 Recv: LPR_N
[15:14:18] LPR11 Recv: LPR_N
[15:14:20] LPR11 Recv: CH1#경기46로8862#O#\2018\05\11\CH1_20180511151420_경기46로8862.jpg
[15:14:20] LPR Check: 경기46로8862,http://127.0.0.1:9080/MSImage/2018/05/11/CH1_20180511151420_경기46로8862.jpg,1,,,0, 2018-05-11 15:14:20
[15:14:20] File: \\127.0.0.1\MSImage\2018\05\11\CH1_20180511151420_경기46로8862.jpg
[15:14:20] 정기차량시작: 경기46로8862, 
[15:14:20] Ping 시간 체크1-111477734
[15:14:20] Ping 시간 체크2-111477734
[15:14:20] Ping 시간 체크1-111477734
[15:14:20] Ping 시간 체크2-111477734
[15:14:20] 입구차단기 Open
[15:14:20] 정기차량처리: 경기46로8862, 
[15:14:22] LPR21 Recv: LPR_N
[15:14:24] LPR11 Recv: LPR_N
[15:14:27] LPR21 Recv: LPR_N
[15:14:29] LPR11 Recv: LPR_N
[15:14:32] LPR21 Recv: LPR_N
[15:14:34] LPR11 Recv: LPR_N
[15:14:38] LPR21 Recv: LPR_N
[15:14:39] LPR11 Recv: LPR_N
[15:14:43] LPR21 Recv: LPR_N
[15:14:45] LPR11 Recv: LPR_N
[15:14:49] LPR21 Recv: LPR_N
[15:14:50] LPR11 Recv: LPR_N
[15:14:54] LPR21 Recv: LPR_N
[15:14:56] LPR11 Recv: LPR_N
[15:14:59] LPR21 Recv: LPR_N
[15:15:01] LPR11 Recv: LPR_N
[15:15:05] LPR21 Recv: LPR_N
[15:15:06] LPR11 Recv: LPR_N
[15:15:10] LPR21 Recv: LPR_N
[15:15:11] LPR11 Recv: LPR_N
[15:15:15] LPR21 Recv: LPR_N
[15:15:17] LPR11 Recv: LPR_N
[15:15:20] LPR21 Recv: LPR_N
[15:15:22] LPR11 Recv: LPR_N
[15:15:26] LPR21 Recv: LPR_N
[15:15:27] LPR11 Recv: LPR_N
[15:15:31] LPR21 Recv: LPR_N
[15:15:33] LPR11 Recv: LPR_N
[15:15:37] LPR21 Recv: LPR_N
[15:15:38] LPR11 Recv: LPR_N
[15:15:42] LPR21 Recv: LPR_N
[15:15:43] LPR11 Recv: LPR_N
[15:15:47] LPR21 Recv: LPR_N
[15:15:49] LPR11 Recv: LPR_N
[15:15:52] LPR21 Recv: LPR_N
[15:15:54] LPR11 Recv: LPR_N
[15:15:58] LPR21 Recv: LPR_N
[15:15:59] LPR11 Recv: LPR_N
[15:16:03] LPR21 Recv: LPR_N
[15:16:04] LPR11 Recv: LPR_N
[15:16:08] LPR21 Recv: LPR_N
[15:16:10] LPR11 Recv: LPR_N
[15:16:14] LPR21 Recv: LPR_N
[15:16:15] LPR11 Recv: LPR_N
[15:16:19] LPR21 Recv: LPR_N
[15:16:21] LPR11 Recv: LPR_N
[15:16:24] LPR21 Recv: LPR_N
[15:16:26] LPR11 Recv: LPR_N
[15:16:29] LPR21 Recv: LPR_N
[15:16:31] LPR11 Recv: LPR_N
[15:16:35] LPR21 Recv: LPR_N
[15:16:36] LPR11 Recv: LPR_N
[15:16:40] LPR21 Recv: LPR_N
[15:16:42] LPR11 Recv: LPR_N
[15:16:46] LPR21 Recv: LPR_N
[15:16:47] LPR11 Recv: LPR_N
[15:16:51] LPR21 Recv: LPR_N
[15:16:53] LPR11 Recv: LPR_N
[15:16:56] LPR21 Recv: LPR_N
[15:16:58] LPR11 Recv: LPR_N
[15:17:01] LPR21 Recv: LPR_N
[15:17:03] LPR11 Recv: LPR_N
[15:17:07] LPR21 Recv: LPR_N
[15:17:08] LPR11 Recv: LPR_N
[15:17:12] LPR21 Recv: LPR_N
[15:17:14] LPR11 Recv: LPR_N
[15:17:17] LPR21 Recv: LPR_N
[15:17:19] LPR11 Recv: LPR_N
[15:17:23] LPR21 Recv: LPR_N
[15:17:24] LPR11 Recv: LPR_N
[15:17:28] LPR21 Recv: LPR_N
[15:17:30] LPR11 Recv: LPR_N
[15:17:33] LPR21 Recv: LPR_N
[15:17:35] LPR11 Recv: LPR_N
[15:17:39] LPR21 Recv: LPR_N
[15:17:40] LPR11 Recv: LPR_N
[15:17:44] LPR21 Recv: LPR_N
[15:17:46] LPR11 Recv: LPR_N
[15:17:49] LPR21 Recv: LPR_N
[15:17:51] LPR11 Recv: LPR_N
[15:17:55] LPR21 Recv: LPR_N
[15:17:56] LPR11 Recv: LPR_N
[15:18:00] LPR21 Recv: LPR_N
[15:18:01] LPR11 Recv: LPR_N
[15:18:05] LPR21 Recv: LPR_N
[15:18:07] LPR11 Recv: LPR_N
[15:18:11] LPR21 Recv: LPR_N
[15:18:12] LPR11 Recv: LPR_N
[15:18:16] LPR21 Recv: LPR_N
[15:18:18] LPR11 Recv: LPR_N
[15:18:21] LPR21 Recv: LPR_N
[15:18:23] LPR11 Recv: LPR_N
[15:18:26] LPR21 Recv: LPR_N
[15:18:28] LPR11 Recv: LPR_N
[15:18:32] LPR21 Recv: LPR_N
[15:18:33] LPR11 Recv: LPR_N
[15:18:37] LPR21 Recv: LPR_N
[15:18:39] LPR11 Recv: LPR_N
[15:18:43] LPR21 Recv: LPR_N
[15:18:44] LPR11 Recv: LPR_N
[15:18:48] LPR21 Recv: LPR_N
[15:18:50] LPR11 Recv: LPR_N
[15:18:53] LPR21 Recv: LPR_N
[15:18:55] LPR11 Recv: LPR_N
[15:18:58] LPR21 Recv: LPR_N
[15:19:00] LPR11 Recv: LPR_N
[15:19:03] LPR21 Recv: LPR_N
[15:19:05] LPR11 Recv: LPR_N
[15:19:09] LPR21 Recv: LPR_N
[15:19:10] LPR11 Recv: LPR_N
[15:19:14] LPR21 Recv: LPR_N
[15:19:16] LPR11 Recv: LPR_N
[15:19:20] LPR21 Recv: LPR_N
[15:19:21] LPR11 Recv: LPR_N
[15:19:25] LPR21 Recv: LPR_N
[15:19:27] LPR11 Recv: LPR_N
[15:19:30] LPR21 Recv: LPR_N
[15:19:32] LPR11 Recv: LPR_N
[15:19:35] LPR21 Recv: LPR_N
[15:19:37] LPR11 Recv: LPR_N
[15:19:41] LPR21 Recv: LPR_N
[15:19:43] LPR11 Recv: LPR_N
[15:19:46] LPR21 Recv: LPR_N
[15:19:48] LPR11 Recv: LPR_N
[15:19:52] LPR21 Recv: LPR_N
[15:19:53] LPR11 Recv: LPR_N
[15:19:57] LPR21 Recv: LPR_N
[15:19:58] LPR11 Recv: LPR_N
[15:20:02] LPR21 Recv: LPR_N
[15:20:04] LPR11 Recv: LPR_N
[15:20:08] LPR21 Recv: LPR_N
[15:20:09] LPR11 Recv: LPR_N
[15:20:13] LPR21 Recv: LPR_N
[15:20:15] LPR11 Recv: LPR_N
[15:20:18] LPR21 Recv: LPR_N
[15:20:20] LPR11 Recv: LPR_N
[15:20:23] LPR21 Recv: LPR_N
[15:20:25] LPR11 Recv: LPR_N
[15:20:29] LPR21 Recv: LPR_N
[15:20:30] LPR11 Recv: LPR_N
[15:20:34] LPR21 Recv: LPR_N
[15:20:36] LPR11 Recv: LPR_N
[15:20:40] LPR21 Recv: LPR_N
[15:20:41] LPR11 Recv: LPR_N
[15:20:45] LPR21 Recv: LPR_N
[15:20:47] LPR11 Recv: LPR_N
[15:20:50] LPR21 Recv: LPR_N
[15:20:52] LPR11 Recv: LPR_N
[15:20:55] LPR21 Recv: LPR_N
[15:20:57] LPR11 Recv: LPR_N
[15:21:00] LPR21 Recv: LPR_N
[15:21:02] LPR11 Recv: LPR_N
[15:21:06] LPR21 Recv: LPR_N
[15:21:07] LPR11 Recv: LPR_N
[15:21:11] LPR21 Recv: LPR_N
[15:21:13] LPR11 Recv: LPR_N
[15:21:17] LPR21 Recv: LPR_N
[15:21:18] LPR11 Recv: LPR_N
[15:21:22] LPR21 Recv: LPR_N
[15:21:24] LPR11 Recv: LPR_N
[15:21:27] LPR21 Recv: LPR_N
[15:21:29] LPR11 Recv: LPR_N
[15:21:32] LPR21 Recv: LPR_N
[15:21:35] LPR11 Recv: LPR_N
[15:21:38] LPR21 Recv: LPR_N
[15:21:40] LPR11 Recv: LPR_N
[15:21:43] LPR21 Recv: LPR_N
[15:21:45] LPR11 Recv: LPR_N
[15:21:49] LPR21 Recv: LPR_N
[15:21:50] LPR11 Recv: LPR_N
[15:21:54] LPR21 Recv: LPR_N
[15:21:55] LPR11 Recv: LPR_N
[15:21:59] LPR21 Recv: LPR_N
[15:22:01] LPR11 Recv: LPR_N
[15:22:05] LPR21 Recv: LPR_N
[15:22:06] LPR11 Recv: LPR_N
[15:22:10] LPR21 Recv: LPR_N
[15:22:12] LPR11 Recv: LPR_N
[15:22:15] LPR21 Recv: LPR_N
[15:22:17] LPR11 Recv: LPR_N
[15:22:20] LPR21 Recv: LPR_N
[15:22:22] LPR11 Recv: LPR_N
[15:22:26] LPR21 Recv: LPR_N
[15:22:27] LPR11 Recv: LPR_N
[15:22:31] LPR21 Recv: LPR_N
[15:22:33] LPR11 Recv: LPR_N
[15:22:37] LPR21 Recv: LPR_N
[15:22:38] LPR11 Recv: LPR_N
[15:22:42] LPR21 Recv: LPR_N
[15:22:44] LPR11 Recv: LPR_N
[15:22:47] LPR21 Recv: LPR_N
[15:22:49] LPR11 Recv: LPR_N
[15:22:52] LPR21 Recv: LPR_N
[15:22:54] LPR11 Recv: LPR_N
[15:22:57] LPR21 Recv: LPR_N
[15:23:00] LPR11 Recv: LPR_N
[15:23:03] LPR21 Recv: LPR_N
[15:23:05] LPR11 Recv: LPR_N
[15:23:08] LPR21 Recv: LPR_N
[15:23:10] LPR11 Recv: LPR_N
[15:23:14] LPR21 Recv: LPR_N
[15:23:15] LPR11 Recv: LPR_N
[15:23:19] LPR21 Recv: LPR_N
[15:23:21] LPR11 Recv: LPR_N
[15:23:24] LPR21 Recv: LPR_N
[15:23:26] LPR11 Recv: LPR_N
[15:23:29] LPR21 Recv: LPR_N
[15:23:32] LPR11 Recv: LPR_N
[15:23:35] LPR21 Recv: LPR_N
[15:23:37] LPR11 Recv: LPR_N
[15:23:40] LPR21 Recv: LPR_N
[15:23:42] LPR11 Recv: LPR_N
[15:23:46] LPR21 Recv: LPR_N
[15:23:47] LPR11 Recv: LPR_N
[15:23:51] LPR21 Recv: LPR_N
[15:23:52] LPR11 Recv: LPR_N
[15:23:56] LPR21 Recv: LPR_N
[15:23:58] LPR11 Recv: LPR_N
[15:24:01] LPR21 Recv: LPR_N
[15:24:03] LPR11 Recv: LPR_N
[15:24:07] LPR21 Recv: LPR_N
[15:24:09] LPR11 Recv: LPR_N
[15:24:12] LPR21 Recv: LPR_N
[15:24:14] LPR11 Recv: LPR_N
[15:24:17] LPR21 Recv: LPR_N
[15:24:19] LPR11 Recv: LPR_N
[15:24:23] LPR21 Recv: LPR_N
[15:24:25] LPR11 Recv: LPR_N
[15:24:28] LPR21 Recv: LPR_N
[15:24:30] LPR11 Recv: LPR_N
[15:24:33] LPR21 Recv: LPR_N
[15:24:35] LPR11 Recv: LPR_N
[15:24:39] LPR21 Recv: LPR_N
[15:24:41] LPR11 Recv: LPR_N
[15:24:44] LPR21 Recv: LPR_N
[15:24:46] LPR11 Recv: LPR_N
[15:24:49] LPR21 Recv: LPR_N
[15:24:51] LPR11 Recv: LPR_N
[15:24:54] LPR21 Recv: LPR_N
[15:24:57] LPR11 Recv: LPR_N
[15:25:00] LPR21 Recv: LPR_N
[15:25:02] LPR11 Recv: LPR_N
[15:25:05] LPR21 Recv: LPR_N
[15:25:07] LPR11 Recv: LPR_N
[15:25:11] LPR21 Recv: LPR_N
[15:25:12] LPR11 Recv: LPR_N
[15:25:16] LPR21 Recv: LPR_N
[15:25:18] LPR11 Recv: LPR_N
[15:25:21] LPR21 Recv: LPR_N
[15:25:23] LPR11 Recv: LPR_N
[15:25:26] LPR21 Recv: LPR_N
[15:25:29] LPR11 Recv: LPR_N
[15:25:32] LPR21 Recv: LPR_N
[15:25:34] LPR11 Recv: LPR_N
[15:25:37] LPR21 Recv: LPR_N
[15:25:39] LPR11 Recv: LPR_N
[15:25:43] LPR21 Recv: LPR_N
[15:25:44] LPR11 Recv: LPR_N
[15:25:48] LPR21 Recv: LPR_N
[15:25:50] LPR11 Recv: LPR_N
[15:25:53] LPR21 Recv: LPR_N
[15:25:55] LPR11 Recv: LPR_N
[15:25:58] LPR21 Recv: LPR_N
[15:26:00] LPR11 Recv: LPR_N
[15:26:03] LPR21 Recv: LPR_N
[15:26:06] LPR11 Recv: LPR_N
[15:26:09] LPR21 Recv: LPR_N
[15:26:11] LPR11 Recv: LPR_N
[15:26:14] LPR21 Recv: LPR_N
[15:26:17] LPR11 Recv: LPR_N
[15:26:20] LPR21 Recv: LPR_N
[15:26:22] LPR11 Recv: LPR_N
[15:26:25] LPR21 Recv: LPR_N
[15:26:27] LPR11 Recv: LPR_N
[15:26:30] LPR21 Recv: LPR_N
[15:26:32] LPR11 Recv: LPR_N
[15:26:35] LPR21 Recv: LPR_N
[15:26:38] LPR11 Recv: LPR_N
[15:26:41] LPR21 Recv: LPR_N
[15:26:43] LPR11 Recv: LPR_N
[15:26:46] LPR21 Recv: LPR_N
[15:26:48] LPR11 Recv: LPR_N
[15:26:51] LPR21 Recv: LPR_N
[15:26:54] LPR11 Recv: LPR_N
[15:26:57] LPR21 Recv: LPR_N
[15:26:59] LPR11 Recv: LPR_N
[15:27:02] LPR21 Recv: LPR_N
[15:27:04] LPR11 Recv: LPR_N
[15:27:08] LPR21 Recv: LPR_N
[15:27:09] LPR11 Recv: LPR_N
[15:27:13] LPR21 Recv: LPR_N
[15:27:15] LPR11 Recv: LPR_N
[15:27:18] LPR21 Recv: LPR_N
[15:27:20] LPR11 Recv: LPR_N
[15:27:23] LPR21 Recv: LPR_N
[15:27:26] LPR11 Recv: LPR_N
[15:27:29] LPR21 Recv: LPR_N
[15:27:31] LPR11 Recv: LPR_N
[15:27:34] LPR21 Recv: LPR_N
[15:27:36] LPR11 Recv: LPR_N
[15:27:40] LPR21 Recv: LPR_N
[15:27:42] LPR11 Recv: LPR_N
[15:27:45] LPR21 Recv: LPR_N
[15:27:47] LPR11 Recv: LPR_N
[15:27:50] LPR21 Recv: LPR_N
[15:27:52] LPR11 Recv: LPR_N
[15:27:55] LPR21 Recv: LPR_N
[15:27:57] LPR11 Recv: LPR_N
[15:28:00] LPR21 Recv: LPR_N
[15:28:03] LPR11 Recv: LPR_N
[15:28:06] LPR21 Recv: LPR_N
[15:28:08] LPR11 Recv: LPR_N
[15:28:11] LPR21 Recv: LPR_N
[15:28:14] LPR11 Recv: LPR_N
[15:28:17] LPR21 Recv: LPR_N
[15:28:19] LPR11 Recv: LPR_N
[15:28:22] LPR21 Recv: LPR_N
[15:28:24] LPR11 Recv: LPR_N
[15:28:27] LPR21 Recv: LPR_N
[15:28:29] LPR11 Recv: LPR_N
[15:28:32] LPR21 Recv: LPR_N
[15:28:35] LPR11 Recv: LPR_N
[15:28:38] LPR21 Recv: LPR_N
[15:28:40] LPR11 Recv: LPR_N
[15:28:40] Program Close
[15:49:11] Program Start!
[15:49:13] 근무시작: 근무자
[15:49:13] 설치된 출구무인정산기 없음!
[15:49:13] 바코드스캐너가 없음!
[15:49:15] 영수증프린터 포트오픈 에러: ie_BadId - Specified comport doesn't exist
[15:49:15] Ping 시간 체크1-113573046
[15:49:15] Ping 시간 체크2-113573062
[15:49:15] Ping 시간 체크1-113573140
[15:49:15] Ping 시간 체크2-113573140
[15:49:15] Ping 시간 체크1-113573156
[15:49:15] Ping 시간 체크2-113573171
[15:49:15] 설치된 출구전광판이 없음!
[15:49:15] csOutDsp1Error: 1110
[15:49:15] LPR11 Recv: 127.0.0.1
[15:49:15] LPR21 Recv: 127.0.0.1
[15:49:17] LPR11 Recv: LPR_N
[15:49:17] LPR21 Recv: LPR_N
[15:49:19] LPR11 Recv: LPR_N
[15:49:19] LPR11 Recv: CH1#경기46로8862#O#\2018\05\11\CH1_20180511154919_경기46로8862.jpg
[15:49:19] LPR Check: 경기46로8862,http://127.0.0.1:9080/MSImage/2018/05/11/CH1_20180511154919_경기46로8862.jpg,1,,,0, 2018-05-11 15:49:19
[15:49:19] File: \\127.0.0.1\MSImage\2018\05\11\CH1_20180511154919_경기46로8862.jpg
[15:49:19] 정기차량시작: 경기46로8862, 
[15:49:19] Ping 시간 체크1-113576984
[15:49:19] Ping 시간 체크2-113576984
[15:49:19] 전광판문구  VIP 차량  경기46로8862
[15:49:19] Ping 시간 체크1-113576984
[15:49:19] Ping 시간 체크2-113576984
[15:49:19] 입구차단기 Open
[15:49:19] 정기차량처리: 경기46로8862, 
[15:49:21] LPR21 Recv: LPR_N
[15:49:24] LPR11 Recv: LPR_N
[15:49:24] Program Close
