[10:03:55] Program Start!
[10:03:59] Program Close
[10:04:53] Program Start!
[10:05:13] 근무시작: 관리자
[10:05:13] 출구무인정산기: IP-174.10.107.36, Port-8000
[10:05:13] 바코드스캐너가 없음!
[10:05:13] 영수증프린터 포트오픈 에러: ie_BadId - Specified comport doesn't exist
[10:05:13] Ping 시간 체크1-611067328
[10:05:13] Ping 시간 체크2-611067343
[10:05:13] Ping 시간 체크1-611067359
[10:05:13] Ping 시간 체크2-611067500
[10:05:13] Ping 시간 체크1-611067500
[10:05:14] Ping 시간 체크2-611068000
[10:05:14] Ping 시간 체크1-611068000
[10:05:14] Ping 시간 체크2-611068500
[10:05:14] LPR1 Recv: 10.22.23.1
[10:05:16] LPR1 Recv: LPR_N
[10:05:21] LPR1 Recv: LPR_N
[10:05:26] LPR1 Recv: LPR_N
[10:05:31] LPR1 Recv: LPR_N
[10:05:36] LPR1 Recv: CH1#159호7931##\2021\02\08\CH1_20210208100534_159호7931.jpg
[10:05:36] LPR Check: 159호7931,http://10.22.30.20:9080/MSImage/2021/02/08/CH1_20210208100534_159호7931.jpg,3,,,0, 2021-02-08 10:05:34
[10:05:36] File: \\10.22.30.20\MSImage\2021\02\08\CH1_20210208100534_159호7931.jpg
[10:05:36] 정기차량시작: 159호7931, 
[10:05:36] 전광판문구협력사(유료)159호7931   
[10:05:36] Ping 시간 체크1-611090031
[10:05:36] Ping 시간 체크2-611090031
[10:05:36] 입구차단기 Open
[10:05:36] 정기차량처리: 159호7931, 
[10:05:36] LPR1 Recv: LPR_N
[10:05:37] csOutDsp1Error: 10060
[10:05:42] LPR1 Recv: LPR_N
[10:05:47] LPR1 Recv: LPR_N
[10:05:52] LPR1 Recv: LPR_N
[10:05:57] LPR1 Recv: LPR_N
[10:06:03] LPR1 Recv: LPR_N
[10:06:08] LPR1 Recv: LPR_N
[10:06:13] Ping 시간 체크1-611127359
[10:06:13] Ping 시간 체크2-611127500
[10:06:13] LPR1 Recv: LPR_N
[10:06:18] LPR1 Recv: LPR_N
[10:06:24] LPR1 Recv: LPR_N
[10:06:29] LPR1 Recv: LPR_N
[10:06:34] LPR1 Recv: LPR_N
[10:06:40] LPR1 Recv: LPR_N
[10:06:45] LPR1 Recv: LPR_N
[10:06:50] LPR1 Recv: LPR_N
[10:06:53] Program Close
