[15:12:37] 영수증: 
[15:12:37] 정산요금: 0
[15:12:57] 일반요금 선택
[15:12:57] 주차요금: 0
[15:12:59] 일반요금 선택
[15:12:59] 주차요금: 0
[15:13:00] 영수증: 
[15:13:00] 정산요금: 0
[16:12:54] 출차정보: 경기46로8862, 2014-09-04 16:12:30, 2014-09-04 16:12:54
[16:12:54] 회차차량
[16:13:10] 출차정보: 경기46로8862, 2014-09-04 16:13:08, 2014-09-04 16:13:10
[16:13:10] 회차차량
[16:14:53] 민원출차_정산요금: 0
[16:15:06] 출차정보: 경기46로8862, 2014-09-04 16:14:35, 2014-09-04 16:15:06
[16:15:06] 주차요금: 0
[16:15:06] 영수증: 
[16:15:06] 정산요금: 0
[16:39:30] 일반요금 선택
[16:39:30] 주차요금: 0
[16:39:32] 일반요금 선택
[16:39:32] 주차요금: 0
[16:39:32] 영수증: 
[16:39:32] 정산요금: 0
