[08:30:54] Program Start!
[08:30:54] 알람 사용 안함
[08:59:14] Program Start!
[08:59:14] 알람 사용 안함
[08:59:14] 그룹별 진입차단 컬럼추가 완료
[08:59:14] SMS기능 컬럼추가 완료
[08:59:14] 방문객입출차제한 컬럼추가 완료
[08:59:14] 방문객 주차시간 컬럼추가 완료
[08:59:14] 정기권 부제 컬럼추가 완료
[08:59:14] TfrmMain.DBFieldAdd2'dtUpd' 근처의 구문이 잘못되었습니다
[09:00:56] Program Start!
[09:00:56] 알람 사용 안함
[09:00:57] 정기권 별명(sAlias), 업데이트시각(dtUpd)  컬럼추가 완료
[09:00:57] 그룹별 부제 컬럼추가 완료
[09:00:57] 만차전광판 사용유무 컬럼추가 완료
[09:00:57] 만차여도 정기권 통과유무 컬럼추가 완료
[09:00:57] 현대통신사전방문차량Table 생성 컬럼추가 완료
[09:00:57] 현대통신 방문자컬럼 컬럼추가 완료
[09:00:57] 현대통신포인트 컬럼 추가 컬럼추가 완료
[09:01:02] 블랙리스트 삭제 컬럼 추가 컬럼추가 완료
[09:01:02] 현대통신포인트조회 컬럼추가 완료
[09:01:02] 현대통신포인트조회Table 생성 컬럼추가 완료
[09:01:02] 아이콘트롤스 사전방문차량Table 생성 컬럼추가 완료
[09:01:02] 저장 프로시저 함수 생성 컬럼추가 완료
[09:01:03] 단기 정기차량 컬럼 추가 컬럼추가 완료
[09:01:03] 방문차량 즐겨찾기 Table 생성  컬럼추가 완료
[09:01:03] 지진발생 Table 생성  컬럼추가 완료
[09:01:56] Program Start!
[09:01:56] 알람 사용 안함
[09:03:09] Program Start!
[09:03:09] 알람 사용 안함
[09:04:37] Program Start!
[09:04:37] 알람 사용 안함
[09:05:57] Program Start!
[09:05:57] 알람 사용 안함
[09:06:17] Update GGroup 
Set GroupName = :N3, APB = :N4, Status = :N5, Remark = :N6, UseMiddle = :pUseMiddle, 
GroupType = :N7, HIType = :N9, UseFeeItem = :pUseFeeItem, 
OneMonth = :N10, TwoMonth = :N11, ThreeMonth = :N12, 
FourMonth = :N13, FiveMonth = :N14, SixMonth = :N15 
Where ParkNo = :N1 and GroupNo = :N2

[09:06:44] Update GGroup 
Set GroupName = :N3, APB = :N4, Status = :N5, Remark = :N6, UseMiddle = :pUseMiddle, 
GroupType = :N7, HIType = :N9, UseFeeItem = :pUseFeeItem, 
OneMonth = :N10, TwoMonth = :N11, ThreeMonth = :N12, 
FourMonth = :N13, FiveMonth = :N14, SixMonth = :N15 
Where ParkNo = :N1 and GroupNo = :N2

