[16:25:56] Program Start!
[16:25:56] 알람 사용 안함
[16:25:56] IssueTK Reserve6 생성
[16:25:56] CustInfo PayType 생성
[16:25:56] 그룹별 진입차단 컬럼추가 완료
[16:25:56] SMS기능 컬럼추가 완료
[16:25:56] 방문객입출차제한 컬럼추가 완료
[16:25:56] 정기권 별명(sAlias), 업데이트시각(dtUpd)  컬럼추가 완료
[16:25:56] 만차전광판 사용유무 컬럼추가 완료
[16:25:56] 만차여도 정기권 통과유무 컬럼추가 완료
[16:25:56] 현대통신사전방문차량Table 생성 컬럼추가 완료
[16:25:56] 현대통신 방문자컬럼 컬럼추가 완료
[16:25:56] 현대통신포인트 컬럼 추가 컬럼추가 완료
[16:25:57] 블랙리스트 삭제 컬럼 추가 컬럼추가 완료
[16:25:57] 현대통신포인트조회 컬럼추가 완료
[16:25:57] 현대통신포인트조회Table 생성 컬럼추가 완료
[16:25:57] 아이콘트롤스 사전방문차량Table 생성 컬럼추가 완료
[16:25:57] 저장 프로시저 함수 생성 컬럼추가 완료
[16:25:57] 단기 정기차량 컬럼 추가 컬럼추가 완료
[16:25:57] 방문차량 즐겨찾기 Table 생성  컬럼추가 완료
[16:25:57] 지진발생 Table 생성  컬럼추가 완료
[16:25:57] 1
[16:26:02] Program Start!
[16:26:02] 알람 사용 안함
[16:26:02] 1
[16:26:13] TfrmDCInfo.FormShow: qryDCInfo: Field 'Reserve6' not found
[16:26:49] Program Start!
[16:26:49] 알람 사용 안함
[16:26:49] 1
[16:26:58] TfrmDCInfo.FormShow: qryDCInfo: Field 'Reserve6' not found
