[08:50:36] Program Start!
[08:50:36] 알람 사용 안함
[08:50:39] 1
[08:50:50] 이름 : 메리디안디엔아이^^63도526
[08:50:50] 회사명 : 
[08:50:50] 차량번호 : 
[08:50:51] 차량종류 : 
[08:51:13] Program Start!
[08:51:13] 알람 사용 안함
[08:51:14] 1
[08:51:17] 이름 : 메리디안디엔아이^^63도526
[08:51:17] 회사명 : 
[08:51:17] 차량번호 : 
[08:51:18] 차량종류 : 
[08:53:04] Program Start!
[08:53:04] 알람 사용 안함
[08:53:05] 1
[08:53:33] FC_Recv: ???????????^^63??5265^:192.168.0.11:127.0.0.1
[08:53:33] 이름 : ???????????
[08:53:33] 회사명 : 
[08:53:33] 차량번호 : 63??5265
[08:53:33] 차량종류 : 
[08:53:33] 알람용 파일없음: 
[08:53:53] Program Start!
[08:53:53] 알람 사용 안함
[08:53:54] 1
[08:58:47] Program Start!
[08:58:47] 알람 사용 안함
[08:58:49] 1
[08:59:06] FC_Recv: ???????????^^63??5265^:192.168.0.11:127.0.0.1
[08:59:06] 이름 : ???????????
[08:59:06] 회사명 : 
[08:59:06] 차량번호 : 63??5265
[08:59:06] 차량종류 : 
[08:59:06] 알람용 파일없음: 
[08:59:07] tStartVipTimer : VIP 알람 판넬 표시 시작
[08:59:11] tAlarmVipTimer : VIP 알람 판넬 표시 종료
