[08:46:57] Program Start!
[08:46:57] 알람 사용 안함
[08:46:58] 165
[08:47:57] Program Start!
[08:47:57] 알람 사용 안함
[08:47:58] 165
[08:49:46] Program Start!
[08:49:46] 알람 사용 안함
[08:49:47] 165
[08:50:03] TfrmCustInfo.FormShow: '1 정기차량' is not a valid integer value
[08:55:40] Program Start!
[08:55:40] 알람 사용 안함
[08:55:40] 165
[08:57:15] Program Start!
[08:57:15] 알람 사용 안함
[08:57:16] 165
[08:57:21] TfrmCustInfo.FormShow: '정기차량' is not a valid integer value
[08:58:48] Program Start!
[08:58:48] 알람 사용 안함
[08:58:49] 165
[09:06:48] Program Start!
[09:06:48] 알람 사용 안함
[09:06:49] 165
[09:07:22] Program Start!
[09:07:22] 알람 사용 안함
[09:07:23] 165
[09:07:57] Program Start!
[09:07:57] 알람 사용 안함
[09:07:58] 165
[09:08:22] Program Start!
[09:08:22] 알람 사용 안함
[09:08:23] 165
[09:09:29] Program Start!
[09:09:29] 알람 사용 안함
[09:09:30] 165
[09:10:52] Program Start!
[09:10:52] 알람 사용 안함
[09:10:53] 165
[09:13:13] Program Start!
[09:13:13] 알람 사용 안함
[09:13:14] 165
[09:22:37] Program Start!
[09:22:37] 알람 사용 안함
[09:22:37] 165
[09:28:12] Program Start!
[09:28:12] 알람 사용 안함
[09:28:13] 165
[09:29:15] Program Start!
[09:29:15] 알람 사용 안함
[09:29:16] 165
[09:30:48] Program Start!
[09:30:48] 알람 사용 안함
[09:30:49] 165
[09:31:48] Program Start!
[09:31:48] 알람 사용 안함
[09:31:49] 165
[09:32:42] Program Start!
[09:32:42] 알람 사용 안함
[09:32:43] 165
[09:33:31] TfrmCustInfo.btnSaveClick: '1:정기차량' is not a valid integer value
[09:35:10] Program Start!
[09:35:10] 알람 사용 안함
[09:35:10] 165
[09:35:46] TfrmCustInfo.btnSaveClick: '1:정기차량' is not a valid integer value
[09:37:49] Program Start!
[09:37:49] 알람 사용 안함
[09:37:49] 165
[09:38:05] 기간변경 : (12가1238) 2021-03-03 -> 2021-03-03
[09:38:05] 기간변경 : (12가1238) 2099-12-31 -> 2099-12-31
[09:40:55] Program Start!
[09:40:55] 알람 사용 안함
[09:40:55] 165
[09:41:44] Program Start!
[09:41:44] 알람 사용 안함
[09:41:45] 165
[09:43:43] Program Start!
[09:43:43] 알람 사용 안함
[09:43:44] 165
[09:44:07] 차량삭제: 12가1239
[09:51:26] Program Start!
[09:51:26] 알람 사용 안함
[09:51:27] 165
[09:51:42] 차량삭제: 01가1234
[10:10:38] Program Start!
[10:10:38] 알람 사용 안함
[10:10:38] 165
[13:57:44] Program Start!
[13:57:44] 알람 사용 안함
[13:57:44] 165
[13:58:30] Program Start!
[13:58:30] 알람 사용 안함
[13:58:31] 165
[13:59:29] Program Start!
[13:59:29] 알람 사용 안함
[13:59:30] 165
[13:59:49] TfrmNewSC.btnSaveClick: '1:정기차량' is not a valid integer value
[13:59:51] TfrmNewSC.btnSaveClick: '1:정기차량' is not a valid integer value
[14:01:43] Program Start!
[14:01:43] 알람 사용 안함
[14:01:43] 165
[14:02:02] TfrmNewSC.btnSaveClick: '1:정기차량' is not a valid integer value
[14:02:44] Program Start!
[14:02:44] 알람 사용 안함
[14:02:44] 165
[14:02:58] TfrmNewSC.btnSaveClick: '1:정기차량' is not a valid integer value
[14:03:36] Program Start!
[14:03:36] 알람 사용 안함
[14:03:37] 165
[14:03:52] 신규등록 > 차량번호: 11가1113, 기간: 2021-06-01~2021-06-30, 월정금액: 0, 발매금액: 0 판매방식: 0
