[10:44:54] Program Start!
[10:44:54] DB Connect Error:사용자 'parking_user'이(가) 로그인하지 못했습니다
[10:45:00] Program Close
[10:46:51] Program Start!
[10:46:52] DB Connect Error:사용자 'parking_user'이(가) 로그인하지 못했습니다
[10:46:56] Program Close
[10:47:43] Program Start!
[10:47:43] TfrmMainNew.GetParkingCnt: 개체 이름 'ParkingCnt'이(가) 잘못되었습니다
[10:47:44] 근무시작: 배은화
[10:47:44] 설치된 영수증프린터가 없음!
[10:47:44] Ping 시간 체크1-8665687
[10:47:44] Ping 시간 체크2-8665687
[10:47:44] Ping 시간 체크1-8665703
[10:47:44] Ping 시간 체크2-8665703
[10:47:44] Ping 시간 체크1-8665718
[10:47:44] Ping 시간 체크2-8665718
[10:47:44] Ping 시간 체크1-8665734
[10:47:44] Ping 시간 체크2-8665734
[10:47:44] LPR11 Recv: 172.16.83.1
[10:47:44] LPR12 Recv: 172.16.83.1
[10:47:45] LPR11 Recv: LPR_R
[10:47:45] 시간동기화 전송
[10:47:46] LPR12 Recv: LPR_R
[10:47:46] 시간동기화 전송
[10:47:54] Program Close
[10:51:22] Program Start!
[10:51:22] TfrmMainNew.GetParkingCnt: 개체 이름 'ParkingCnt'이(가) 잘못되었습니다
[10:51:23] 근무시작: 배은화
[10:51:23] 설치된 영수증프린터가 없음!
[10:51:23] Ping 시간 체크1-8885500
[10:51:23] Ping 시간 체크2-8885500
[10:51:23] Ping 시간 체크1-8885515
[10:51:23] Ping 시간 체크2-8885531
[10:51:23] Ping 시간 체크1-8885531
[10:51:23] Ping 시간 체크2-8885546
[10:51:23] Ping 시간 체크1-8885546
[10:51:23] Ping 시간 체크2-8885562
[10:51:23] LPR11 Recv: 172.16.83.1
[10:51:23] LPR12 Recv: 172.16.83.1
[10:51:24] LPR12 Recv: LPR_R
[10:51:24] 시간동기화 전송
[10:51:25] LPR11 Recv: LPR_R
[10:51:25] 시간동기화 전송
[10:51:57] Program Close
[10:55:45] Program Start!
[10:55:45] TfrmMainNew.GetParkingCnt: 개체 이름 'ParkingCnt'이(가) 잘못되었습니다
[10:55:47] 근무시작: 배은화
[10:55:48] 설치된 영수증프린터가 없음!
[10:55:48] Ping 시간 체크1-9150515
[10:55:48] Ping 시간 체크2-9150515
[10:55:48] Ping 시간 체크1-9150531
[10:55:48] Ping 시간 체크2-9150531
[10:55:48] Ping 시간 체크1-9150546
[10:55:48] Ping 시간 체크2-9150546
[10:55:48] Ping 시간 체크1-9150562
[10:55:48] Ping 시간 체크2-9150562
[10:55:48] LPR12 Recv: 172.16.83.1
[10:55:48] LPR11 Recv: 172.16.83.1
[10:55:49] LPR11 Recv: LPR_R
[10:55:49] 시간동기화 전송
[10:55:49] LPR12 Recv: LPR_R
[10:55:49] 시간동기화 전송
[10:55:52] TfrmClosing.DataCheck: ie_NOpen - device not open
[10:56:01] TfrmClosing.DataCheck: ie_NOpen - device not open
[10:56:11] Program Close
[10:58:05] Program Start!
[10:58:05] TfrmMainNew.GetParkingCnt: 개체 이름 'ParkingCnt'이(가) 잘못되었습니다
[10:58:08] Program Close
[10:58:23] Program Start!
[10:58:23] TfrmMainNew.GetParkingCnt: 개체 이름 'ParkingCnt'이(가) 잘못되었습니다
[10:58:25] 근무시작: 배은화
[10:58:25] 설치된 영수증프린터가 없음!
[10:58:25] Ping 시간 체크1-9309734
[10:58:25] Ping 시간 체크2-9309734
[10:58:25] Ping 시간 체크1-9309750
[10:58:25] Ping 시간 체크2-9309750
[10:58:25] Ping 시간 체크1-9309765
[10:58:25] Ping 시간 체크2-9309765
[10:58:25] Ping 시간 체크1-9309765
[10:58:25] Ping 시간 체크2-9309781
[10:58:25] LPR12 Recv: 172.16.83.1
[10:58:25] LPR11 Recv: 172.16.83.1
[10:58:26] LPR11 Recv: LPR_R
[10:58:26] 시간동기화 전송
[10:58:27] LPR12 Recv: LPR_R
[10:58:27] 시간동기화 전송
[10:58:47] Program Close
[11:17:03] Program Start!
[11:17:04] TfrmMainNew.GetParkingCnt: 개체 이름 'ParkingCnt'이(가) 잘못되었습니다
[11:17:05] 근무시작: 배은화
[11:17:05] 설치된 영수증프린터가 없음!
[11:17:05] Ping 시간 체크1-10430062
[11:17:05] Ping 시간 체크2-10430078
[11:17:05] Ping 시간 체크1-10430093
[11:17:05] Ping 시간 체크2-10430109
[11:17:05] Ping 시간 체크1-10430109
[11:17:05] Ping 시간 체크2-10430125
[11:17:05] Ping 시간 체크1-10430125
[11:17:05] Ping 시간 체크2-10430140
[11:17:06] LPR12 Recv: 172.16.83.1
[11:17:06] LPR11 Recv: 172.16.83.1
[11:17:06] LPR11 Recv: LPR_R
[11:17:06] 시간동기화 전송
[11:17:07] LPR12 Recv: LPR_R
[11:17:07] 시간동기화 전송
[11:18:06] Ping 시간 체크1-10491140
[11:18:06] Ping 시간 체크2-10491156
[11:18:06] 11번 LPR OK 전송
[11:18:07] Ping 시간 체크1-10491859
[11:18:07] Ping 시간 체크2-10491875
[11:18:07] 12번 LPR OK 전송
[11:19:06] Ping 시간 체크1-10551140
[11:19:06] Ping 시간 체크2-10551140
[11:19:06] 11번 LPR OK 전송
[11:19:07] Ping 시간 체크1-10551859
[11:19:07] Ping 시간 체크2-10551859
[11:19:07] 12번 LPR OK 전송
[11:19:21] Program Close
[11:31:19] Program Start!
[11:31:19] TfrmMainNew.GetParkingCnt: 개체 이름 'ParkingCnt'이(가) 잘못되었습니다
[11:31:20] 근무시작: 배은화
[11:31:20] 설치된 영수증프린터가 없음!
[11:31:20] Ping 시간 체크1-11285125
[11:31:20] Ping 시간 체크2-11285140
[11:31:20] Ping 시간 체크1-11285140
[11:31:20] Ping 시간 체크2-11285156
[11:31:20] Ping 시간 체크1-11285171
[11:31:20] Ping 시간 체크2-11285171
[11:31:20] Ping 시간 체크1-11285187
[11:31:20] Ping 시간 체크2-11285203
[11:31:20] LPR11 Recv: 172.16.83.1
[11:31:20] LPR12 Recv: 172.16.83.1
[11:31:21] LPR12 Recv: LPR_R
[11:31:21] 시간동기화 전송
[11:31:22] LPR11 Recv: LPR_R
[11:31:22] 시간동기화 전송
[11:32:21] Ping 시간 체크1-11346265
[11:32:21] Ping 시간 체크2-11346281
[11:32:21] 12번 LPR OK 전송
[11:32:22] Ping 시간 체크1-11346515
[11:32:22] Ping 시간 체크2-11346515
[11:32:22] 11번 LPR OK 전송
[11:32:34] 정기차량시작: 서울86다1234, 
[11:32:34] Ping 시간 체크1-11359343
[11:32:34] Ping 시간 체크2-11359343
[11:32:34] File 없음: 
[11:32:34] RecvLprProc: 열 이름 'InDate'이(가) 잘못되었습니다
[11:33:21] Ping 시간 체크1-11406265
[11:33:21] Ping 시간 체크2-11406265
[11:33:21] 12번 LPR OK 전송
[11:33:22] Ping 시간 체크1-11406515
[11:33:22] Ping 시간 체크2-11406515
[11:33:22] 11번 LPR OK 전송
[11:33:58] File: 66.33\MSImage\2014\08\29\CH1_20140829093526_31로6819.jpg
[11:33:58] Ping 시간 체크1-11443187
[11:33:58] Ping 시간 체크2-11443187
[11:33:58] File 없음: 66.33\MSImage\2014\08\29\CH1_20140829093526_31로6819.jpg
[11:34:00] File: 66.33\MSImage\2014\08\29\CH1_20140829093526_31로6819.jpg
[11:34:00] Ping 시간 체크1-11444546
[11:34:00] Ping 시간 체크2-11444546
[11:34:00] File 없음: 66.33\MSImage\2014\08\29\CH1_20140829093526_31로6819.jpg
[11:34:00] File: 66.33\MSImage\2014\08\29\CH1_20140829093526_31로6819.jpg
[11:34:00] Ping 시간 체크1-11444828
[11:34:00] Ping 시간 체크2-11444843
[11:34:00] File 없음: 66.33\MSImage\2014\08\29\CH1_20140829093526_31로6819.jpg
[11:34:01] 일반차량: 31X6819, 
[11:34:17] File: 66.33\MSImage\2014\08\29\CH1_20140829093526_31로6819.jpg
[11:34:17] Ping 시간 체크1-11461484
[11:34:17] Ping 시간 체크2-11461500
[11:34:17] File 없음: 66.33\MSImage\2014\08\29\CH1_20140829093526_31로6819.jpg
[11:34:18] File: 66.33\MSImage\2014\08\29\CH1_20140829093526_31로6819.jpg
[11:34:18] Ping 시간 체크1-11463031
[11:34:18] Ping 시간 체크2-11463031
[11:34:18] File 없음: 66.33\MSImage\2014\08\29\CH1_20140829093526_31로6819.jpg
[11:34:21] Ping 시간 체크1-11466265
[11:34:21] Ping 시간 체크2-11466265
[11:34:21] 12번 LPR OK 전송
[11:34:22] Ping 시간 체크1-11466515
[11:34:22] Ping 시간 체크2-11466515
[11:34:22] 11번 LPR OK 전송
[11:34:37] File: 66.33\MSImage\2014\08\29\CH1_20140829093526_31로6819.jpg
[11:34:37] Ping 시간 체크1-11481453
[11:34:37] Ping 시간 체크2-11481468
[11:34:37] File 없음: 66.33\MSImage\2014\08\29\CH1_20140829093526_31로6819.jpg
[11:34:37] File: 66.33\MSImage\2014\08\29\CH1_20140829093526_31로6819.jpg
[11:34:37] Ping 시간 체크1-11481984
[11:34:37] Ping 시간 체크2-11481984
[11:34:37] File 없음: 66.33\MSImage\2014\08\29\CH1_20140829093526_31로6819.jpg
[11:34:37] 일반차량: 31X6819, 
[11:35:01] 수동입차: 2014-08-29, 11:35:01, 1234
[11:35:15] File: 
[11:35:15] Ping 시간 체크1-11520078
[11:35:15] Ping 시간 체크2-11520078
[11:35:15] File 없음: 
[11:35:17] File: 
[11:35:17] Ping 시간 체크1-11521500
[11:35:17] Ping 시간 체크2-11521500
[11:35:17] File 없음: 
[11:35:20] 일반차량: 1234, 
[11:35:21] Ping 시간 체크1-11526265
[11:35:21] Ping 시간 체크2-11526265
[11:35:21] 12번 LPR OK 전송
[11:35:22] Ping 시간 체크1-11526515
[11:35:22] Ping 시간 체크2-11526515
[11:35:22] 11번 LPR OK 전송
[11:35:40] Program Close
[11:37:16] Program Start!
[11:37:16] TfrmMainNew.GetParkingCnt: 개체 이름 'ParkingCnt'이(가) 잘못되었습니다
[11:37:18] Program Close
[11:38:14] Program Start!
[11:38:14] TfrmMainNew.GetParkingCnt: 개체 이름 'ParkingCnt'이(가) 잘못되었습니다
[11:38:17] 근무시작: 배은화
[11:38:17] 설치된 영수증프린터가 없음!
[11:38:17] Ping 시간 체크1-11703390
[11:38:17] Ping 시간 체크2-11703406
[11:38:17] Ping 시간 체크1-11703406
[11:38:17] Ping 시간 체크2-11703406
[11:38:17] Ping 시간 체크1-11703421
[11:38:17] Ping 시간 체크2-11703421
[11:38:17] Ping 시간 체크1-11703421
[11:38:17] Ping 시간 체크2-11703437
[11:38:17] LPR11 Recv: 172.16.83.1
[11:38:17] LPR12 Recv: 172.16.83.1
[11:38:18] LPR12 Recv: LPR_R
[11:38:18] 시간동기화 전송
[11:38:18] LPR11 Recv: LPR_R
[11:38:18] 시간동기화 전송
[11:38:35] 정기차량시작: 서울86다1234, 
[11:38:35] Ping 시간 체크1-11722062
[11:38:35] Ping 시간 체크2-11722078
[11:38:35] File 없음: 
[11:38:35] RecvLprProc: 열 이름 'InDate'이(가) 잘못되었습니다
[11:38:41] 수동입차: 2014-08-29, 11:38:41, 1234
[11:39:18] Ping 시간 체크1-11764640
[11:39:18] Ping 시간 체크2-11764640
[11:39:18] 12번 LPR OK 전송
[11:39:18] Ping 시간 체크1-11764843
[11:39:18] Ping 시간 체크2-11764843
[11:39:18] 11번 LPR OK 전송
[11:39:36] Program Close
[11:39:56] Program Start!
[11:39:56] TfrmMainNew.GetParkingCnt: 개체 이름 'ParkingCnt'이(가) 잘못되었습니다
[11:39:57] 근무시작: 배은화
[11:39:57] 설치된 영수증프린터가 없음!
[11:39:57] Ping 시간 체크1-11804375
[11:39:57] Ping 시간 체크2-11804390
[11:39:57] Ping 시간 체크1-11804390
[11:39:57] Ping 시간 체크2-11804406
[11:39:57] Ping 시간 체크1-11804406
[11:39:57] Ping 시간 체크2-11804406
[11:39:57] Ping 시간 체크1-11804421
[11:39:57] Ping 시간 체크2-11804421
[11:39:57] LPR12 Recv: 172.16.83.1
[11:39:57] LPR11 Recv: 172.16.83.1
[11:39:59] LPR12 Recv: LPR_R
[11:39:59] 시간동기화 전송
[11:39:59] LPR11 Recv: LPR_R
[11:39:59] 시간동기화 전송
[11:40:08] Program Close
[11:47:22] Program Start!
[11:47:22] TfrmMainNew.GetParkingCnt: 개체 이름 'ParkingCnt'이(가) 잘못되었습니다
[11:47:23] 근무시작: 배은화
[11:47:23] 설치된 영수증프린터가 없음!
[11:47:23] Ping 시간 체크1-12250515
[11:47:23] Ping 시간 체크2-12250531
[11:47:23] Ping 시간 체크1-12250531
[11:47:23] Ping 시간 체크2-12250546
[11:47:23] Ping 시간 체크1-12250546
[11:47:23] Ping 시간 체크2-12250562
[11:47:23] Ping 시간 체크1-12250562
[11:47:23] Ping 시간 체크2-12250578
[11:47:23] LPR11 Recv: 172.16.83.1
[11:47:23] LPR12 Recv: 172.16.83.1
[11:47:24] LPR12 Recv: LPR_R
[11:47:24] 시간동기화 전송
[11:47:24] LPR11 Recv: LPR_R
[11:47:24] 시간동기화 전송
[11:47:29] Program Close
[13:12:20] Program Start!
[13:12:20] TfrmMainNew.GetParkingCnt: 개체 이름 'ParkingCnt'이(가) 잘못되었습니다
[13:12:21] 근무시작: 배은화
[13:12:21] 설치된 영수증프린터가 없음!
[13:12:21] Ping 시간 체크1-17349781
[13:12:21] Ping 시간 체크2-17349796
[13:12:21] Ping 시간 체크1-17349796
[13:12:21] Ping 시간 체크2-17349812
[13:12:21] Ping 시간 체크1-17349812
[13:12:21] Ping 시간 체크2-17349828
[13:12:21] Ping 시간 체크1-17349828
[13:12:21] Ping 시간 체크2-17349843
[13:12:21] LPR11 Recv: 172.16.83.1
[13:12:21] LPR12 Recv: 172.16.83.1
[13:12:23] LPR11 Recv: LPR_R
[13:12:23] 시간동기화 전송
[13:12:23] LPR12 Recv: LPR_R
[13:12:23] 시간동기화 전송
[13:12:28] Program Close
[13:15:57] Program Start!
[13:15:57] TfrmMainNew.GetParkingCnt: 개체 이름 'ParkingCnt'이(가) 잘못되었습니다
[13:15:58] 근무시작: 배은화
[13:15:58] 설치된 영수증프린터가 없음!
[13:15:58] Ping 시간 체크1-17567515
[13:15:58] Ping 시간 체크2-17567531
[13:15:58] Ping 시간 체크1-17567531
[13:15:58] Ping 시간 체크2-17567546
[13:15:58] Ping 시간 체크1-17567546
[13:15:58] Ping 시간 체크2-17567562
[13:15:58] Ping 시간 체크1-17567562
[13:15:58] Ping 시간 체크2-17567562
[13:15:58] LPR11 Recv: 172.16.83.1
[13:15:58] LPR12 Recv: 172.16.83.1
[13:15:59] LPR11 Recv: LPR_R
[13:15:59] 시간동기화 전송
[13:16:00] LPR12 Recv: LPR_R
[13:16:00] 시간동기화 전송
[13:16:33] TfrmClosing.DataCheck: ie_NOpen - device not open
[13:16:59] Ping 시간 체크1-17628468
[13:16:59] Ping 시간 체크2-17628468
[13:16:59] 11번 LPR OK 전송
[13:17:00] Ping 시간 체크1-17629046
[13:17:00] Ping 시간 체크2-17629046
[13:17:00] 12번 LPR OK 전송
[13:17:59] Ping 시간 체크1-17688468
[13:17:59] Ping 시간 체크2-17688468
[13:17:59] 11번 LPR OK 전송
[13:18:00] Ping 시간 체크1-17689046
[13:18:00] Ping 시간 체크2-17689046
[13:18:00] 12번 LPR OK 전송
[13:18:49] Program Close
[13:21:01] Program Start!
[13:21:02] TfrmMainNew.GetParkingCnt: 개체 이름 'ParkingCnt'이(가) 잘못되었습니다
[13:21:03] 근무시작: 배은화
[13:21:03] 설치된 영수증프린터가 없음!
[13:21:03] Ping 시간 체크1-17872328
[13:21:03] Ping 시간 체크2-17872343
[13:21:03] Ping 시간 체크1-17872343
[13:21:03] Ping 시간 체크2-17872359
[13:21:03] Ping 시간 체크1-17872359
[13:21:03] Ping 시간 체크2-17872375
[13:21:03] Ping 시간 체크1-17872375
[13:21:03] Ping 시간 체크2-17872390
[13:21:03] LPR11 Recv: 172.16.83.1
[13:21:03] LPR12 Recv: 172.16.83.1
[13:21:04] LPR12 Recv: LPR_R
[13:21:04] 시간동기화 전송
[13:21:04] LPR11 Recv: LPR_R
[13:21:04] 시간동기화 전송
[13:22:04] Ping 시간 체크1-17933421
[13:22:04] Ping 시간 체크2-17933421
[13:22:04] 12번 LPR OK 전송
[13:22:04] Ping 시간 체크1-17933828
[13:22:04] Ping 시간 체크2-17933843
[13:22:04] 11번 LPR OK 전송
[13:23:04] Ping 시간 체크1-17993421
[13:23:04] Ping 시간 체크2-17993421
[13:23:04] 12번 LPR OK 전송
[13:23:04] Ping 시간 체크1-17993828
[13:23:04] Ping 시간 체크2-17993828
[13:23:04] 11번 LPR OK 전송
[13:23:59] LPR11 Recv: CH1#31로6819#N#\2014\08\29\CH1_20140829132359_31로6819.jpg
[13:23:59] LPR Check: 31로6819,http://172.16.66.33:9080/MSImage/2014/08/29/CH1_20140829132359_31로6819.jpg,1,,,0, 2014-08-29 13:23:59
[13:23:59] File: \\172.16.66.33\MSImage\2014\08\29\CH1_20140829132359_31로6819.jpg
[13:23:59] 일반차량: 31로6819, 
[13:23:59] NormalProc: 개체 이름 'BlackList'이(가) 잘못되었습니다
[13:24:04] Ping 시간 체크1-18053421
[13:24:04] Ping 시간 체크2-18053421
[13:24:04] 12번 LPR OK 전송
[13:24:11] LPR11 Recv: CH1#31로6819#N#\2014\08\29\CH1_20140829132411_31로6819.jpg
[13:24:11] LPR Check: 31로6819,http://172.16.66.33:9080/MSImage/2014/08/29/CH1_20140829132411_31로6819.jpg,1,,,0, 2014-08-29 13:24:11
[13:24:11] File: \\172.16.66.33\MSImage\2014\08\29\CH1_20140829132411_31로6819.jpg
[13:24:11] 일반차량: 31로6819, 
[13:24:11] NormalProc: 개체 이름 'BlackList'이(가) 잘못되었습니다
[13:24:26] LPR11 Recv: CH1#31로6819#N#\2014\08\29\CH1_20140829132426_31로6819.jpg
[13:24:26] LPR Check: 31로6819,http://172.16.66.33:9080/MSImage/2014/08/29/CH1_20140829132426_31로6819.jpg,1,,,0, 2014-08-29 13:24:26
[13:24:26] File: \\172.16.66.33\MSImage\2014\08\29\CH1_20140829132426_31로6819.jpg
[13:24:26] 일반차량: 31로6819, 
[13:24:26] NormalProc: 개체 이름 'BlackList'이(가) 잘못되었습니다
[13:24:44] LPR11 Recv: CH1#31로6819#N#\2014\08\29\CH1_20140829132444_31로6819.jpg
[13:24:44] LPR Check: 31로6819,http://172.16.66.33:9080/MSImage/2014/08/29/CH1_20140829132444_31로6819.jpg,1,,,0, 2014-08-29 13:24:44
[13:24:44] File: \\172.16.66.33\MSImage\2014\08\29\CH1_20140829132444_31로6819.jpg
[13:24:44] 일반차량: 31로6819, 
[13:24:44] NormalProc: 개체 이름 'BlackList'이(가) 잘못되었습니다
[13:25:04] Ping 시간 체크1-18113421
[13:25:04] Ping 시간 체크2-18113421
[13:25:04] 12번 LPR OK 전송
[13:25:44] Ping 시간 체크1-18153500
[13:25:44] Ping 시간 체크2-18153500
[13:25:44] 11번 LPR OK 전송
[13:26:04] Ping 시간 체크1-18173421
[13:26:04] Ping 시간 체크2-18173421
[13:26:04] 12번 LPR OK 전송
[13:26:05] Program Close
[13:26:12] Program Start!
[13:26:12] TfrmMainNew.GetParkingCnt: 개체 이름 'ParkingCnt'이(가) 잘못되었습니다
[13:26:15] 근무시작: 배은화
[13:26:15] 설치된 영수증프린터가 없음!
[13:26:15] Ping 시간 체크1-18185000
[13:26:15] Ping 시간 체크2-18185000
[13:26:15] Ping 시간 체크1-18185000
[13:26:15] Ping 시간 체크2-18185015
[13:26:15] Ping 시간 체크1-18185015
[13:26:15] Ping 시간 체크2-18185015
[13:26:15] Ping 시간 체크1-18185031
[13:26:15] Ping 시간 체크2-18185031
[13:26:15] LPR12 Recv: 172.16.83.1
[13:26:15] LPR11 Recv: 172.16.83.1
[13:26:16] LPR11 Recv: LPR_R
[13:26:16] 시간동기화 전송
[13:26:17] LPR12 Recv: LPR_R
[13:26:17] 시간동기화 전송
[13:26:22] LPR12 Recv: CH1#31로6819#N#\2014\08\29\CH1_20140829132622_31로6819.jpg
[13:26:22] LPR Check: 31로6819,http://172.16.66.34:9080/MSImage/2014/08/29/CH1_20140829132622_31로6819.jpg,1,,,0, 2014-08-29 13:26:22
[13:26:22] File: \\172.16.66.34\MSImage\2014\08\29\CH1_20140829132622_31로6819.jpg
[13:26:22] 일반차량: 31로6819, 
[13:26:22] File: 66.33\MSImage\2014\08\29\CH1_20140829132444_31로6819.jpg
[13:26:22] Ping 시간 체크1-18191968
[13:26:22] Ping 시간 체크2-18191984
[13:26:22] File 없음: 66.33\MSImage\2014\08\29\CH1_20140829132444_31로6819.jpg
[13:26:22] OutOpen: 개체 이름 'ParkingCnt'이(가) 잘못되었습니다
[13:26:22] 일반차량출차: 31로6819, 
[13:26:22] Ping 시간 체크1-18192062
[13:26:22] Ping 시간 체크2-18192078
[13:26:28] LPR11 Recv: CH1#31로6819#N#\2014\08\29\CH1_20140829132627_31로6819.jpg
[13:26:28] LPR Check: 31로6819,http://172.16.66.33:9080/MSImage/2014/08/29/CH1_20140829132627_31로6819.jpg,1,,,0, 2014-08-29 13:26:27
[13:26:28] File: \\172.16.66.33\MSImage\2014\08\29\CH1_20140829132627_31로6819.jpg
[13:26:28] 일반차량: 31로6819, 
[13:26:28] NormalProc: 개체 이름 'BlackList'이(가) 잘못되었습니다
[13:26:31] LPR11 Recv: CH1#31로6819#N#\2014\08\29\CH1_20140829132630_31로6819.jpg
[13:26:31] LPR Check: 31로6819,http://172.16.66.33:9080/MSImage/2014/08/29/CH1_20140829132630_31로6819.jpg,1,,,0, 2014-08-29 13:26:30
[13:26:31] File: \\172.16.66.33\MSImage\2014\08\29\CH1_20140829132630_31로6819.jpg
[13:26:31] 일반차량: 31로6819, 
[13:26:31] NormalProc: 개체 이름 'BlackList'이(가) 잘못되었습니다
[13:26:33] LPR11 Recv: CH1#31로6819#N#\2014\08\29\CH1_20140829132632_31로6819.jpg
[13:26:33] LPR Check: 31로6819,http://172.16.66.33:9080/MSImage/2014/08/29/CH1_20140829132632_31로6819.jpg,1,,,0, 2014-08-29 13:26:32
[13:26:33] File: \\172.16.66.33\MSImage\2014\08\29\CH1_20140829132632_31로6819.jpg
[13:26:33] 일반차량: 31로6819, 
[13:26:33] NormalProc: 개체 이름 'BlackList'이(가) 잘못되었습니다
[13:27:22] Ping 시간 체크1-18252171
[13:27:22] Ping 시간 체크2-18252171
[13:27:22] 12번 LPR OK 전송
[13:27:33] Ping 시간 체크1-18263187
[13:27:33] Ping 시간 체크2-18263187
[13:27:33] 11번 LPR OK 전송
[13:28:02] LPR11 Recv: LPR_R
[13:28:02] 시간동기화 전송
[13:28:02] LPR12 Recv: LPR_R
[13:28:02] 시간동기화 전송
[13:28:13] LPR11 Recv: CH1#31로6819#N#\2014\08\29\CH1_20140829132812_31로6819.jpg
[13:28:13] LPR Check: 31로6819,http://172.16.66.33:9080/MSImage/2014/08/29/CH1_20140829132812_31로6819.jpg,1,,,0, 2014-08-29 13:28:12
[13:28:13] File: \\172.16.66.33\MSImage\2014\08\29\CH1_20140829132812_31로6819.jpg
[13:28:13] 일반차량: 31로6819, 
[13:28:13] NormalProc: 개체 이름 'BlackList'이(가) 잘못되었습니다
[13:28:16] LPR11 Recv: CH1#31로6819#N#\2014\08\29\CH1_20140829132815_31로6819.jpg
[13:28:16] LPR Check: 31로6819,http://172.16.66.33:9080/MSImage/2014/08/29/CH1_20140829132815_31로6819.jpg,1,,,0, 2014-08-29 13:28:15
[13:28:16] File: \\172.16.66.33\MSImage\2014\08\29\CH1_20140829132815_31로6819.jpg
[13:28:16] 일반차량: 31로6819, 
[13:28:16] NormalProc: 개체 이름 'BlackList'이(가) 잘못되었습니다
[13:28:18] LPR11 Recv: CH1#31로6819#N#\2014\08\29\CH1_20140829132817_31로6819.jpg
[13:28:18] LPR Check: 31로6819,http://172.16.66.33:9080/MSImage/2014/08/29/CH1_20140829132817_31로6819.jpg,1,,,0, 2014-08-29 13:28:17
[13:28:18] File: \\172.16.66.33\MSImage\2014\08\29\CH1_20140829132817_31로6819.jpg
[13:28:18] 일반차량: 31로6819, 
[13:28:18] NormalProc: 개체 이름 'BlackList'이(가) 잘못되었습니다
[13:28:37] LPR12 Recv: LPR_R
[13:28:37] 시간동기화 전송
[13:28:38] LPR11 Recv: LPR_R
[13:28:38] 시간동기화 전송
[13:28:44] LPR11 Recv: CH1#31로6819#N#\2014\08\29\CH1_20140829132843_31로6819.jpg
[13:28:44] LPR Check: 31로6819,http://172.16.66.33:9080/MSImage/2014/08/29/CH1_20140829132843_31로6819.jpg,1,,,0, 2014-08-29 13:28:43
[13:28:44] File: \\172.16.66.33\MSImage\2014\08\29\CH1_20140829132843_31로6819.jpg
[13:28:44] 일반차량: 31로6819, 
[13:28:44] NormalProc: 개체 이름 'BlackList'이(가) 잘못되었습니다
[13:28:46] LPR11 Recv: CH1#31로6819#N#\2014\08\29\CH1_20140829132845_31로6819.jpg
[13:28:46] LPR Check: 31로6819,http://172.16.66.33:9080/MSImage/2014/08/29/CH1_20140829132845_31로6819.jpg,1,,,0, 2014-08-29 13:28:45
[13:28:46] File: \\172.16.66.33\MSImage\2014\08\29\CH1_20140829132845_31로6819.jpg
[13:28:46] 일반차량: 31로6819, 
[13:28:46] NormalProc: 개체 이름 'BlackList'이(가) 잘못되었습니다
[13:29:15] LPR12 Recv: LPR_R
[13:29:15] 시간동기화 전송
[13:29:46] Ping 시간 체크1-18396234
[13:29:46] Ping 시간 체크2-18396250
[13:29:46] 11번 LPR OK 전송시 오류: Windows socket error: 현재 연결은 원격 호스트에 의해 강제로 끊겼습니다 (10054), on API 'send'
[13:30:15] Ping 시간 체크1-18425609
[13:30:15] Ping 시간 체크2-18425609
[13:30:15] 12번 LPR OK 전송
[13:30:46] Ping 시간 체크1-18456234
[13:30:46] Ping 시간 체크2-18456500
[13:31:10] LPR12 Recv: CH1#31로6819#N#\2014\08\29\CH1_20140829133109_31로6819.jpg
[13:31:10] LPR Check: 31로6819,http://172.16.66.34:9080/MSImage/2014/08/29/CH1_20140829133109_31로6819.jpg,1,,,0, 2014-08-29 13:31:09
[13:31:10] File: \\172.16.66.34\MSImage\2014\08\29\CH1_20140829133109_31로6819.jpg
[13:31:10] 일반차량: 31로6819, 
[13:31:10] File: 66.33\MSImage\2014\08\29\CH1_20140829132845_31로6819.jpg
[13:31:10] Ping 시간 체크1-18480250
[13:31:10] Ping 시간 체크2-18480250
[13:31:10] File 없음: 66.33\MSImage\2014\08\29\CH1_20140829132845_31로6819.jpg
[13:31:10] OutOpen: 개체 이름 'ParkingCnt'이(가) 잘못되었습니다
[13:31:10] 일반차량출차: 31로6819, 
[13:31:10] Ping 시간 체크1-18480328
[13:31:10] Ping 시간 체크2-18480328
[13:31:46] Ping 시간 체크1-18516234
[13:31:46] Ping 시간 체크2-18516234
[13:31:46] LPR11 Recv: 172.16.83.1
[13:31:48] LPR11 Recv: LPR_R
[13:31:48] 시간동기화 전송
[13:31:49] LPR11 Recv: LPR_R
[13:31:49] 시간동기화 전송
[13:32:06] LPR11 Recv: LPR_R
[13:32:06] 시간동기화 전송
[13:32:06] LPR12 Recv: LPR_R
[13:32:06] 시간동기화 전송
[13:32:11] LPR11 Recv: CH1#31로6819#N#\2014\08\29\CH1_20140829133152_31로6819.jpg
[13:32:11] LPR Check: 31로6819,http://172.16.66.33:9080/MSImage/2014/08/29/CH1_20140829133152_31로6819.jpg,1,,,0, 2014-08-29 13:31:52
[13:32:11] File: \\172.16.66.33\MSImage\2014\08\29\CH1_20140829133152_31로6819.jpg
[13:32:11] 일반차량: 31로6819, 
[13:32:11] NormalProc: 개체 이름 'BlackList'이(가) 잘못되었습니다
[13:32:13] LPR11 Recv: CH1#31로6819#N#\2014\08\29\CH1_20140829133155_31로6819.jpg
[13:32:13] LPR Check: 31로6819,http://172.16.66.33:9080/MSImage/2014/08/29/CH1_20140829133155_31로6819.jpg,1,,,0, 2014-08-29 13:31:55
[13:32:13] File: \\172.16.66.33\MSImage\2014\08\29\CH1_20140829133155_31로6819.jpg
[13:32:13] 일반차량: 31로6819, 
[13:32:13] NormalProc: 개체 이름 'BlackList'이(가) 잘못되었습니다
[13:33:06] Ping 시간 체크1-18596328
[13:33:06] Ping 시간 체크2-18596328
[13:33:06] 12번 LPR OK 전송
[13:33:13] Ping 시간 체크1-18603593
[13:33:13] Ping 시간 체크2-18603593
[13:33:13] 11번 LPR OK 전송
[13:34:06] Ping 시간 체크1-18656328
[13:34:06] Ping 시간 체크2-18656328
[13:34:06] 12번 LPR OK 전송
[13:34:13] Ping 시간 체크1-18663593
[13:34:13] Ping 시간 체크2-18663593
[13:34:13] 11번 LPR OK 전송
[13:34:50] LPR11 Recv: CH1#31로6819#N#\2014\08\29\CH1_20140829133432_31로6819.jpg
[13:34:50] LPR Check: 31로6819,http://172.16.66.33:9080/MSImage/2014/08/29/CH1_20140829133432_31로6819.jpg,1,,,0, 2014-08-29 13:34:32
[13:34:50] File: \\172.16.66.33\MSImage\2014\08\29\CH1_20140829133432_31로6819.jpg
[13:34:50] 일반차량: 31로6819, 
[13:34:50] NormalProc: 개체 이름 'BlackList'이(가) 잘못되었습니다
[13:35:06] Ping 시간 체크1-18716328
[13:35:06] Ping 시간 체크2-18716328
[13:35:06] 12번 LPR OK 전송
[13:35:08] LPR11 Recv: CH1#경기46로8862#O#\2014\08\29\CH1_20140829133449_경기46로8862.jpg
[13:35:08] LPR Check: 경기46로8862,http://172.16.66.33:9080/MSImage/2014/08/29/CH1_20140829133449_경기46로8862.jpg,1,,,0, 2014-08-29 13:34:49
[13:35:08] File: \\172.16.66.33\MSImage\2014\08\29\CH1_20140829133449_경기46로8862.jpg
[13:35:08] 일반차량: 경기46로8862, 
[13:35:08] NormalProc: 개체 이름 'BlackList'이(가) 잘못되었습니다
[13:35:42] LPR11 Recv: LPR_R
[13:35:42] 시간동기화 전송
[13:35:42] LPR12 Recv: LPR_R
[13:35:42] 시간동기화 전송
[13:35:44] LPR11 Recv: CH1#경기46로8862#O#\2014\08\29\CH1_20140829133150_경기46로8862.jpg
[13:35:44] LPR Check: 경기46로8862,http://172.16.66.33:9080/MSImage/2014/08/29/CH1_20140829133150_경기46로8862.jpg,1,,,0, 2014-08-29 13:31:50
[13:35:44] File: \\172.16.66.33\MSImage\2014\08\29\CH1_20140829133150_경기46로8862.jpg
[13:35:44] 일반차량: 경기46로8862, 
[13:35:44] NormalProc: 개체 이름 'BlackList'이(가) 잘못되었습니다
[13:36:15] Program Close
