[15:46:13] Program Start!
[15:46:30] 근무시작: 배은화
[15:46:30] 영수증프린터 포트오픈 에러: ie_BadId - Specified comport doesn't exist
[15:46:30] Ping 시간 체크1-776011953
[15:46:30] Ping 시간 체크2-776011968
[15:46:30] Ping 시간 체크1-776011968
[15:46:30] Ping 시간 체크2-776011968
[15:46:30] Ping 시간 체크1-776011968
[15:46:30] Ping 시간 체크2-776011984
[15:46:30] Ping 시간 체크1-776012000
[15:46:30] Ping 시간 체크2-776012000
[15:46:30] LPR11 Recv: 172.16.83.1
[15:46:30] LPR12 Recv: 172.16.83.1
[15:46:31] LPR11 Recv: LPR_N
[15:46:31] LPR12 Recv: LPR_N
[15:46:32] LPR11 Recv: LPR_N
[15:46:32] LPR12 Recv: LPR_N
[15:46:37] LPR11 Recv: LPR_N
[15:46:37] LPR12 Recv: LPR_N
[15:46:37] LPR11 Recv: CH1#99가9999#N#\2014\09\12\CH1_20140912154554_99가9999.jpg
[15:46:37] LPR Check: 99가9999,http://172.16.66.33:9080/MSImage/2014/09/12/CH1_20140912154554_99가9999.jpg,1,,,0, 2014-09-12 15:45:54
[15:46:37] File: \\172.16.66.33\MSImage\2014\09\12\CH1_20140912154554_99가9999.jpg
[15:46:37] 정기차량시작: 99가9999, 
[15:46:37] Ping 시간 체크1-776019546
[15:46:37] Ping 시간 체크2-776019546
[15:46:37] Ping 시간 체크1-776019546
[15:46:37] Ping 시간 체크2-776019562
[15:46:37] 입구차단기 Open
[15:46:37] 정기차량처리: 99가9999, 
[15:46:42] LPR11 Recv: LPR_N
[15:46:42] LPR12 Recv: LPR_N
[15:46:47] LPR12 Recv: LPR_N
[15:46:47] LPR11 Recv: LPR_N
[15:46:51] OutDsp1SocketError: 10060
[15:46:52] LPR12 Recv: LPR_N
[15:46:53] LPR11 Recv: LPR_N
[15:46:58] LPR12 Recv: LPR_N
[15:46:58] LPR11 Recv: LPR_N
[15:47:03] LPR12 Recv: LPR_N
[15:47:04] LPR11 Recv: LPR_N
[15:47:08] LPR12 Recv: LPR_N
[15:47:09] LPR11 Recv: LPR_N
[15:47:11] 수동입차: 2014-09-12, 15:47:11, 99가9999
[15:47:13] LPR12 Recv: LPR_N
[15:47:14] LPR11 Recv: LPR_N
[15:47:19] LPR12 Recv: LPR_N
[15:47:19] LPR11 Recv: LPR_N
[15:47:22] Program Close
[15:48:34] Program Start!
[15:48:36] 근무시작: 배은화
[15:48:36] 영수증프린터 포트오픈 에러: ie_BadId - Specified comport doesn't exist
[15:48:36] Ping 시간 체크1-776138281
[15:48:36] Ping 시간 체크2-776138296
[15:48:36] Ping 시간 체크1-776138296
[15:48:36] Ping 시간 체크2-776138296
[15:48:36] Ping 시간 체크1-776138312
[15:48:36] Ping 시간 체크2-776138312
[15:48:36] Ping 시간 체크1-776138312
[15:48:36] Ping 시간 체크2-776138328
[15:48:36] LPR12 Recv: 172.16.83.1
[15:48:36] LPR11 Recv: 172.16.83.1
[15:48:37] LPR12 Recv: LPR_N
[15:48:38] LPR11 Recv: LPR_N
[15:48:42] LPR12 Recv: LPR_N
[15:48:43] LPR11 Recv: LPR_N
[15:48:44] Ping 시간 체크1-776146312
[15:48:44] Ping 시간 체크2-776146328
[15:48:47] LPR12 Recv: LPR_N
[15:48:48] LPR11 Recv: LPR_N
[15:48:53] LPR12 Recv: LPR_N
[15:48:53] LPR11 Recv: LPR_N
[15:48:58] LPR12 Recv: LPR_N
[15:48:59] LPR11 Recv: LPR_N
[15:49:03] LPR12 Recv: LPR_N
[15:49:04] LPR11 Recv: LPR_N
[15:49:08] LPR12 Recv: LPR_N
[15:49:09] LPR11 Recv: LPR_N
[15:49:14] LPR12 Recv: LPR_N
[15:49:14] LPR11 Recv: LPR_N
[15:49:19] LPR12 Recv: LPR_N
[15:49:19] LPR11 Recv: LPR_N
[15:49:24] LPR12 Recv: LPR_N
[15:49:25] LPR11 Recv: LPR_N
[15:49:29] LPR12 Recv: LPR_N
[15:49:30] LPR11 Recv: LPR_N
[15:49:35] LPR12 Recv: LPR_N
[15:49:35] LPR11 Recv: LPR_N
[15:49:40] LPR12 Recv: LPR_N
[15:49:40] LPR11 Recv: LPR_N
[15:49:45] LPR12 Recv: LPR_N
[15:49:46] LPR11 Recv: LPR_N
[15:49:50] LPR12 Recv: LPR_N
[15:49:51] LPR11 Recv: LPR_N
[15:49:55] LPR12 Recv: LPR_N
[15:49:56] LPR11 Recv: LPR_N
[15:50:01] LPR12 Recv: LPR_N
[15:50:01] LPR11 Recv: LPR_N
[15:50:06] LPR12 Recv: LPR_N
[15:50:06] LPR11 Recv: LPR_N
[15:50:11] LPR12 Recv: LPR_N
[15:50:12] LPR11 Recv: LPR_N
[15:50:16] LPR12 Recv: LPR_N
[15:50:17] LPR11 Recv: LPR_N
[15:50:22] LPR12 Recv: LPR_N
[15:50:22] LPR11 Recv: LPR_N
[15:50:27] LPR12 Recv: LPR_N
[15:50:27] LPR11 Recv: LPR_N
[15:50:32] LPR12 Recv: LPR_N
[15:50:33] LPR11 Recv: LPR_N
[15:50:37] LPR12 Recv: LPR_N
[15:50:38] LPR11 Recv: LPR_N
[15:50:42] LPR12 Recv: LPR_N
[15:50:43] LPR11 Recv: LPR_N
[15:50:48] LPR12 Recv: LPR_N
[15:50:48] LPR11 Recv: LPR_N
[15:50:53] LPR12 Recv: LPR_N
[15:50:54] LPR11 Recv: LPR_N
[15:50:58] LPR12 Recv: LPR_N
[15:50:59] LPR11 Recv: LPR_N
[15:51:03] LPR12 Recv: LPR_N
[15:51:04] LPR11 Recv: LPR_N
[15:51:09] LPR12 Recv: LPR_N
[15:51:09] LPR11 Recv: LPR_N
[15:51:14] LPR12 Recv: LPR_N
[15:51:14] LPR11 Recv: LPR_N
[15:51:19] LPR12 Recv: LPR_N
[15:51:20] LPR11 Recv: LPR_N
[15:51:24] LPR12 Recv: LPR_N
[15:51:25] LPR11 Recv: LPR_N
[15:51:30] LPR12 Recv: LPR_N
[15:51:30] LPR11 Recv: LPR_N
[15:51:35] LPR12 Recv: LPR_N
[15:51:35] LPR11 Recv: LPR_N
[15:51:40] LPR12 Recv: LPR_N
[15:51:41] LPR11 Recv: LPR_N
[15:51:45] LPR12 Recv: LPR_N
[15:51:46] LPR11 Recv: LPR_N
[15:51:50] LPR12 Recv: LPR_N
[15:51:51] LPR11 Recv: LPR_N
[15:51:56] LPR12 Recv: LPR_N
[15:51:56] LPR11 Recv: LPR_N
[15:52:01] LPR12 Recv: LPR_N
[15:52:01] LPR11 Recv: LPR_N
[15:52:06] LPR12 Recv: LPR_N
[15:52:07] LPR11 Recv: LPR_N
[15:52:11] LPR12 Recv: LPR_N
[15:52:12] LPR11 Recv: LPR_N
[15:52:17] LPR12 Recv: LPR_N
[15:52:17] LPR11 Recv: LPR_N
[15:52:22] LPR12 Recv: LPR_N
[15:52:22] LPR11 Recv: LPR_N
[15:52:27] LPR12 Recv: LPR_N
[15:52:28] LPR11 Recv: LPR_N
[15:52:32] LPR12 Recv: LPR_N
[15:52:33] LPR11 Recv: LPR_N
[15:52:37] LPR12 Recv: LPR_N
[15:52:38] LPR11 Recv: LPR_N
[15:52:43] LPR12 Recv: LPR_N
[15:52:43] LPR11 Recv: LPR_N
[15:52:48] LPR12 Recv: LPR_N
[15:52:49] LPR11 Recv: LPR_N
[15:52:53] LPR12 Recv: LPR_N
[15:52:54] LPR11 Recv: LPR_N
[15:52:58] LPR12 Recv: LPR_N
[15:52:59] LPR11 Recv: LPR_N
[15:53:04] LPR12 Recv: LPR_N
[15:53:04] LPR11 Recv: LPR_N
[15:53:09] LPR12 Recv: LPR_N
[15:53:09] LPR11 Recv: LPR_N
[15:53:14] LPR12 Recv: LPR_N
[15:53:15] LPR11 Recv: LPR_N
[15:53:19] LPR12 Recv: LPR_N
[15:53:20] LPR11 Recv: LPR_N
[15:53:25] LPR12 Recv: LPR_N
[15:53:25] LPR11 Recv: LPR_N
[15:53:30] LPR12 Recv: LPR_N
[15:53:30] LPR11 Recv: LPR_N
[15:53:35] LPR12 Recv: LPR_N
[15:53:36] LPR11 Recv: LPR_N
[15:53:40] LPR12 Recv: LPR_N
[15:53:41] LPR11 Recv: LPR_N
[15:53:45] LPR12 Recv: LPR_N
[15:53:46] LPR11 Recv: LPR_N
[15:53:51] LPR12 Recv: LPR_N
[15:53:51] LPR11 Recv: LPR_N
[15:53:56] LPR12 Recv: LPR_N
[15:53:56] LPR11 Recv: LPR_N
[15:54:01] LPR12 Recv: LPR_N
[15:54:02] LPR11 Recv: LPR_N
[15:54:06] LPR12 Recv: LPR_N
[15:54:07] LPR11 Recv: LPR_N
[15:54:12] LPR12 Recv: LPR_N
[15:54:12] LPR11 Recv: LPR_N
[15:54:17] LPR12 Recv: LPR_N
[15:54:17] LPR11 Recv: LPR_N
[15:54:22] LPR12 Recv: LPR_N
[15:54:23] LPR11 Recv: LPR_N
[15:54:27] LPR12 Recv: LPR_N
[15:54:28] LPR11 Recv: LPR_N
[15:54:32] LPR12 Recv: LPR_N
[15:54:33] LPR11 Recv: LPR_N
[15:54:38] LPR12 Recv: LPR_N
[15:54:38] LPR11 Recv: LPR_N
[15:54:43] LPR12 Recv: LPR_N
[15:54:44] LPR11 Recv: LPR_N
[15:54:48] LPR12 Recv: LPR_N
[15:54:49] LPR11 Recv: LPR_N
[15:54:53] LPR12 Recv: LPR_N
[15:54:54] LPR11 Recv: LPR_N
[15:54:59] LPR12 Recv: LPR_N
[15:54:59] LPR11 Recv: LPR_N
[15:55:04] LPR12 Recv: LPR_N
[15:55:04] LPR11 Recv: LPR_N
[15:55:09] LPR12 Recv: LPR_N
[15:55:10] LPR11 Recv: LPR_N
[15:55:14] LPR12 Recv: LPR_N
[15:55:15] LPR11 Recv: LPR_N
[15:55:20] LPR12 Recv: LPR_N
[15:55:20] LPR11 Recv: LPR_N
[15:55:25] LPR12 Recv: LPR_N
[15:55:25] LPR11 Recv: LPR_N
[15:55:30] LPR12 Recv: LPR_N
[15:55:31] LPR11 Recv: LPR_N
[15:55:35] LPR12 Recv: LPR_N
[15:55:36] LPR11 Recv: LPR_N
[15:55:40] LPR12 Recv: LPR_N
[15:55:41] LPR11 Recv: LPR_N
[15:55:46] LPR12 Recv: LPR_N
[15:55:46] LPR11 Recv: LPR_N
[15:55:51] LPR12 Recv: LPR_N
[15:55:51] LPR11 Recv: LPR_N
[15:55:56] LPR12 Recv: LPR_N
[15:55:57] LPR11 Recv: LPR_N
[15:56:01] LPR12 Recv: LPR_N
[15:56:02] LPR11 Recv: LPR_N
[15:56:07] LPR12 Recv: LPR_N
[15:56:07] LPR11 Recv: LPR_N
[15:56:12] LPR12 Recv: LPR_N
[15:56:12] LPR11 Recv: LPR_N
[15:56:17] LPR12 Recv: LPR_N
[15:56:18] LPR11 Recv: LPR_N
[15:56:22] LPR12 Recv: LPR_N
[15:56:23] LPR11 Recv: LPR_N
[15:56:27] LPR12 Recv: LPR_N
[15:56:28] LPR11 Recv: LPR_N
[15:56:33] LPR12 Recv: LPR_N
[15:56:33] LPR11 Recv: LPR_N
[15:56:38] LPR12 Recv: LPR_N
[15:56:39] LPR11 Recv: LPR_N
[15:56:43] LPR12 Recv: LPR_N
[15:56:44] LPR11 Recv: LPR_N
[15:56:48] LPR12 Recv: LPR_N
[15:56:49] LPR11 Recv: LPR_N
[15:56:54] LPR12 Recv: LPR_N
[15:56:54] LPR11 Recv: LPR_N
[15:56:59] LPR12 Recv: LPR_N
[15:56:59] LPR11 Recv: LPR_N
[15:57:04] LPR12 Recv: LPR_N
[15:57:05] LPR11 Recv: LPR_N
[15:57:09] LPR12 Recv: LPR_N
[15:57:10] LPR11 Recv: LPR_N
[15:57:15] LPR12 Recv: LPR_N
[15:57:15] LPR11 Recv: LPR_N
[15:57:20] LPR12 Recv: LPR_N
[15:57:20] LPR11 Recv: LPR_N
[15:57:25] LPR12 Recv: LPR_N
[15:57:26] LPR11 Recv: LPR_N
[15:57:30] LPR12 Recv: LPR_N
[15:57:31] LPR11 Recv: LPR_N
[15:57:35] LPR12 Recv: LPR_N
[15:57:36] LPR11 Recv: LPR_N
[15:57:41] LPR12 Recv: LPR_N
[15:57:41] LPR11 Recv: LPR_N
[15:57:46] LPR12 Recv: LPR_N
[15:57:46] LPR11 Recv: LPR_N
[15:57:51] LPR12 Recv: LPR_N
[15:57:52] LPR11 Recv: LPR_N
[15:57:56] LPR12 Recv: LPR_N
[15:57:57] LPR11 Recv: LPR_N
[15:58:02] LPR12 Recv: LPR_N
[15:58:02] LPR11 Recv: LPR_N
[15:58:07] LPR12 Recv: LPR_N
[15:58:07] LPR11 Recv: LPR_N
[15:58:13] LPR12 Recv: LPR_N
[15:58:13] LPR11 Recv: LPR_N
[15:58:18] LPR12 Recv: LPR_N
[15:58:18] LPR11 Recv: LPR_N
[15:58:23] LPR12 Recv: LPR_N
[15:58:23] LPR11 Recv: LPR_N
[15:58:28] LPR12 Recv: LPR_N
[15:58:28] LPR11 Recv: LPR_N
[15:58:33] LPR12 Recv: LPR_N
[15:58:34] LPR11 Recv: LPR_N
[15:58:39] LPR12 Recv: LPR_N
[15:58:39] LPR11 Recv: LPR_N
[15:58:44] LPR12 Recv: LPR_N
[15:58:44] LPR11 Recv: LPR_N
[15:58:49] Ping 시간 체크1-776751203
[15:58:49] Ping 시간 체크2-776751203
[15:58:49] LPR12 Recv: LPR_N
[15:58:49] LPR11 Recv: LPR_N
[15:58:54] LPR12 Recv: LPR_N
[15:58:54] LPR11 Recv: LPR_N
[15:58:56] Ping 시간 체크1-776758234
[15:58:56] Ping 시간 체크2-776758250
[15:58:58] Ping 시간 체크1-776760687
[15:58:58] Ping 시간 체크2-776760703
[15:59:00] LPR12 Recv: LPR_N
[15:59:00] LPR11 Recv: LPR_N
[15:59:05] LPR12 Recv: LPR_N
[15:59:05] LPR11 Recv: LPR_N
[15:59:10] LPR12 Recv: LPR_N
[15:59:10] LPR11 Recv: LPR_N
[15:59:15] LPR12 Recv: LPR_N
[15:59:15] LPR11 Recv: LPR_N
[15:59:20] LPR12 Recv: LPR_N
[15:59:21] LPR11 Recv: LPR_N
[15:59:26] LPR12 Recv: LPR_N
[15:59:26] LPR11 Recv: LPR_N
[15:59:31] LPR12 Recv: LPR_N
[15:59:31] LPR11 Recv: LPR_N
[15:59:36] LPR12 Recv: LPR_N
[15:59:36] LPR11 Recv: LPR_N
[15:59:41] LPR12 Recv: LPR_N
[15:59:41] LPR11 Recv: LPR_N
[15:59:47] LPR12 Recv: LPR_N
[15:59:47] LPR11 Recv: LPR_N
[15:59:52] LPR12 Recv: LPR_N
[15:59:52] LPR11 Recv: LPR_N
[15:59:57] LPR12 Recv: LPR_N
[15:59:57] LPR11 Recv: LPR_N
[16:00:02] LPR12 Recv: LPR_N
[16:00:02] LPR11 Recv: LPR_N
[16:00:08] LPR12 Recv: LPR_N
[16:00:08] LPR11 Recv: LPR_N
[16:00:13] LPR12 Recv: LPR_N
[16:00:13] LPR11 Recv: LPR_N
[16:00:18] LPR12 Recv: LPR_N
[16:00:18] LPR11 Recv: LPR_N
[16:00:23] LPR12 Recv: LPR_N
[16:00:23] LPR11 Recv: LPR_N
[16:00:28] LPR12 Recv: LPR_N
[16:00:29] LPR11 Recv: LPR_N
[16:00:34] LPR12 Recv: LPR_N
[16:00:34] LPR11 Recv: LPR_N
[16:00:39] LPR12 Recv: LPR_N
[16:00:39] LPR11 Recv: LPR_N
[16:00:44] LPR12 Recv: LPR_N
[16:00:44] LPR11 Recv: LPR_N
[16:00:49] LPR12 Recv: LPR_N
[16:00:49] LPR11 Recv: LPR_N
[16:00:55] LPR12 Recv: LPR_N
[16:00:55] LPR11 Recv: LPR_N
[16:01:00] LPR12 Recv: LPR_N
[16:01:00] LPR11 Recv: LPR_N
[16:01:05] LPR12 Recv: LPR_N
[16:01:05] LPR11 Recv: LPR_N
[16:01:10] LPR12 Recv: LPR_N
[16:01:10] LPR11 Recv: LPR_N
[16:01:15] LPR12 Recv: LPR_N
[16:01:16] LPR11 Recv: LPR_N
[16:01:21] LPR12 Recv: LPR_N
[16:01:21] LPR11 Recv: LPR_N
[16:01:26] LPR12 Recv: LPR_N
[16:01:26] LPR11 Recv: LPR_N
[16:01:31] LPR12 Recv: LPR_N
[16:01:31] LPR11 Recv: LPR_N
[16:01:36] LPR12 Recv: LPR_N
[16:01:36] LPR11 Recv: LPR_N
[16:01:42] LPR12 Recv: LPR_N
[16:01:42] LPR11 Recv: LPR_N
[16:01:47] LPR12 Recv: LPR_N
[16:01:47] LPR11 Recv: LPR_N
[16:01:52] LPR12 Recv: LPR_N
[16:01:52] LPR11 Recv: LPR_N
[16:01:57] LPR12 Recv: LPR_N
[16:01:57] LPR11 Recv: LPR_N
[16:02:03] LPR12 Recv: LPR_N
[16:02:03] LPR11 Recv: LPR_N
[16:02:08] LPR12 Recv: LPR_N
[16:02:08] LPR11 Recv: LPR_N
[16:02:13] LPR12 Recv: LPR_N
[16:02:13] LPR11 Recv: LPR_N
[16:02:18] LPR12 Recv: LPR_N
[16:02:18] LPR11 Recv: LPR_N
[16:02:23] LPR12 Recv: LPR_N
[16:02:24] LPR11 Recv: LPR_N
[16:02:29] LPR12 Recv: LPR_N
[16:02:29] LPR11 Recv: LPR_N
[16:02:34] LPR12 Recv: LPR_N
[16:02:34] LPR11 Recv: LPR_N
[16:02:39] LPR12 Recv: LPR_N
[16:02:39] LPR11 Recv: LPR_N
[16:02:44] LPR12 Recv: LPR_N
[16:02:44] LPR11 Recv: LPR_N
[16:02:50] LPR12 Recv: LPR_N
[16:02:50] LPR11 Recv: LPR_N
[16:02:55] LPR12 Recv: LPR_N
[16:02:55] LPR11 Recv: LPR_N
[16:03:00] LPR12 Recv: LPR_N
[16:03:00] LPR11 Recv: LPR_N
[16:03:05] LPR12 Recv: LPR_N
[16:03:05] LPR11 Recv: LPR_N
[16:03:10] LPR12 Recv: LPR_N
[16:03:11] LPR11 Recv: LPR_N
[16:03:16] LPR12 Recv: LPR_N
[16:03:16] LPR11 Recv: LPR_N
[16:03:21] LPR12 Recv: LPR_N
[16:03:21] LPR11 Recv: LPR_N
[16:03:26] LPR12 Recv: LPR_N
[16:03:26] LPR11 Recv: LPR_N
[16:03:31] LPR12 Recv: LPR_N
[16:03:31] LPR11 Recv: LPR_N
[16:03:37] LPR12 Recv: LPR_N
[16:03:37] LPR11 Recv: LPR_N
[16:03:42] LPR12 Recv: LPR_N
[16:03:42] LPR11 Recv: LPR_N
[16:03:47] LPR12 Recv: LPR_N
[16:03:47] LPR11 Recv: LPR_N
[16:03:52] LPR12 Recv: LPR_N
[16:03:52] LPR11 Recv: LPR_N
[16:03:58] LPR12 Recv: LPR_N
[16:03:58] LPR11 Recv: LPR_N
[16:04:03] LPR12 Recv: LPR_N
[16:04:03] LPR11 Recv: LPR_N
[16:04:08] LPR12 Recv: LPR_N
[16:04:08] LPR11 Recv: LPR_N
[16:04:13] LPR12 Recv: LPR_N
[16:04:13] LPR11 Recv: LPR_N
[16:04:18] LPR12 Recv: LPR_N
[16:04:19] LPR11 Recv: LPR_N
[16:04:24] LPR12 Recv: LPR_N
[16:04:24] LPR11 Recv: LPR_N
[16:04:29] LPR12 Recv: LPR_N
[16:04:29] LPR11 Recv: LPR_N
[16:04:34] LPR12 Recv: LPR_N
[16:04:34] LPR11 Recv: LPR_N
[16:04:39] LPR12 Recv: LPR_N
[16:04:39] LPR11 Recv: LPR_N
[16:04:45] LPR12 Recv: LPR_N
[16:04:45] LPR11 Recv: LPR_N
[16:04:50] LPR12 Recv: LPR_N
[16:04:50] LPR11 Recv: LPR_N
[16:04:55] LPR12 Recv: LPR_N
[16:04:55] LPR11 Recv: LPR_N
[16:05:00] LPR12 Recv: LPR_N
[16:05:00] LPR11 Recv: LPR_N
[16:05:05] LPR12 Recv: LPR_N
[16:05:06] LPR11 Recv: LPR_N
[16:05:11] LPR12 Recv: LPR_N
[16:05:11] LPR11 Recv: LPR_N
[16:05:16] LPR12 Recv: LPR_N
[16:05:16] LPR11 Recv: LPR_N
[16:05:21] LPR12 Recv: LPR_N
[16:05:21] LPR11 Recv: LPR_N
[16:05:26] LPR12 Recv: LPR_N
[16:05:26] LPR11 Recv: LPR_N
[16:05:32] LPR12 Recv: LPR_N
[16:05:32] LPR11 Recv: LPR_N
[16:05:37] LPR12 Recv: LPR_N
[16:05:37] LPR11 Recv: LPR_N
[16:05:42] LPR12 Recv: LPR_N
[16:05:42] LPR11 Recv: LPR_N
[16:05:47] LPR12 Recv: LPR_N
[16:05:47] LPR11 Recv: LPR_N
[16:05:53] LPR12 Recv: LPR_N
[16:05:53] LPR11 Recv: LPR_N
[16:05:58] LPR12 Recv: LPR_N
[16:05:58] LPR11 Recv: LPR_N
[16:06:03] LPR12 Recv: LPR_N
[16:06:03] LPR11 Recv: LPR_N
[16:06:08] LPR12 Recv: LPR_N
[16:06:08] LPR11 Recv: LPR_N
[16:06:13] LPR12 Recv: LPR_N
[16:06:14] LPR11 Recv: LPR_N
[16:06:19] LPR12 Recv: LPR_N
[16:06:19] LPR11 Recv: LPR_N
[16:06:24] LPR12 Recv: LPR_N
[16:06:24] LPR11 Recv: LPR_N
[16:06:29] LPR12 Recv: LPR_N
[16:06:29] LPR11 Recv: LPR_N
[16:06:34] LPR12 Recv: LPR_N
[16:06:34] LPR11 Recv: LPR_N
[16:06:40] LPR12 Recv: LPR_N
[16:06:40] LPR11 Recv: LPR_N
[16:06:45] LPR12 Recv: LPR_N
[16:06:45] LPR11 Recv: LPR_N
[16:06:50] LPR12 Recv: LPR_N
[16:06:50] LPR11 Recv: LPR_N
[16:06:55] LPR12 Recv: LPR_N
[16:06:55] LPR11 Recv: LPR_N
[16:07:00] LPR12 Recv: LPR_N
[16:07:01] LPR11 Recv: LPR_N
[16:07:06] LPR12 Recv: LPR_N
[16:07:06] LPR11 Recv: LPR_N
[16:07:11] LPR12 Recv: LPR_N
[16:07:11] LPR11 Recv: LPR_N
[16:07:16] LPR12 Recv: LPR_N
[16:07:16] LPR11 Recv: LPR_N
[16:07:21] LPR12 Recv: LPR_N
[16:07:21] LPR11 Recv: LPR_N
[16:07:27] LPR12 Recv: LPR_N
[16:07:27] LPR11 Recv: LPR_N
[16:07:32] LPR12 Recv: LPR_N
[16:07:32] LPR11 Recv: LPR_N
[16:07:37] LPR12 Recv: LPR_N
[16:07:37] LPR11 Recv: LPR_N
[16:07:42] LPR12 Recv: LPR_N
[16:07:42] LPR11 Recv: LPR_N
[16:07:48] LPR12 Recv: LPR_N
[16:07:48] LPR11 Recv: LPR_N
[16:07:53] LPR12 Recv: LPR_N
[16:07:53] LPR11 Recv: LPR_N
[16:07:58] LPR12 Recv: LPR_N
[16:07:58] LPR11 Recv: LPR_N
[16:08:03] LPR12 Recv: LPR_N
[16:08:03] LPR11 Recv: LPR_N
[16:08:08] LPR12 Recv: LPR_N
[16:08:09] LPR11 Recv: LPR_N
[16:08:14] LPR12 Recv: LPR_N
[16:08:14] LPR11 Recv: LPR_N
[16:08:19] LPR12 Recv: LPR_N
[16:08:19] LPR11 Recv: LPR_N
[16:08:24] LPR12 Recv: LPR_N
[16:08:24] LPR11 Recv: LPR_N
[16:08:29] LPR12 Recv: LPR_N
[16:08:29] LPR11 Recv: LPR_N
[16:08:35] LPR12 Recv: LPR_N
[16:08:35] LPR11 Recv: LPR_N
[16:08:40] LPR12 Recv: LPR_N
[16:08:40] LPR11 Recv: LPR_N
[16:08:45] LPR12 Recv: LPR_N
[16:08:45] LPR11 Recv: LPR_N
[16:08:45] Program Close
[16:08:56] Program Start!
[16:10:12] Program Close
[16:10:36] Program Start!
[16:10:40] 근무시작: 배은화
[16:10:40] 영수증프린터 포트오픈 에러: ie_BadId - Specified comport doesn't exist
[16:10:40] Ping 시간 체크1-777462578
[16:10:40] Ping 시간 체크2-777462593
[16:10:40] Ping 시간 체크1-777462593
[16:10:40] Ping 시간 체크2-777462609
[16:10:40] Ping 시간 체크1-777462625
[16:10:40] Ping 시간 체크2-777462640
[16:10:40] Ping 시간 체크1-777462640
[16:10:40] Ping 시간 체크2-777462656
[16:10:41] LPR11 Recv: 172.16.83.1
[16:10:41] LPR12 Recv: 172.16.83.1
[16:10:42] LPR12 Recv: LPR_N
[16:10:42] LPR11 Recv: LPR_N
[16:10:45] LPR12 Recv: LPR_N
[16:10:45] LPR11 Recv: LPR_N
[16:10:50] LPR12 Recv: LPR_N
[16:10:51] LPR11 Recv: LPR_N
[16:10:56] LPR12 Recv: LPR_N
[16:10:56] LPR11 Recv: LPR_N
[16:11:01] LPR12 Recv: LPR_N
[16:11:01] LPR11 Recv: LPR_N
[16:11:06] LPR12 Recv: LPR_N
[16:11:06] LPR11 Recv: LPR_N
[16:11:11] LPR12 Recv: LPR_N
[16:11:11] LPR11 Recv: LPR_N
[16:11:17] LPR12 Recv: LPR_N
[16:11:17] LPR11 Recv: LPR_N
[16:11:22] LPR12 Recv: LPR_N
[16:11:22] LPR11 Recv: LPR_N
[16:11:27] LPR12 Recv: LPR_N
[16:11:27] LPR11 Recv: LPR_N
[16:11:32] LPR12 Recv: LPR_N
[16:11:32] LPR11 Recv: LPR_N
[16:11:38] LPR12 Recv: LPR_N
[16:11:38] LPR11 Recv: LPR_N
[16:11:43] LPR12 Recv: LPR_N
[16:11:43] LPR11 Recv: LPR_N
[16:11:48] LPR12 Recv: LPR_N
[16:11:48] LPR11 Recv: LPR_N
[16:11:53] LPR12 Recv: LPR_N
[16:11:53] LPR11 Recv: LPR_N
[16:11:58] LPR12 Recv: LPR_N
[16:11:59] LPR11 Recv: LPR_N
[16:12:04] LPR12 Recv: LPR_N
[16:12:04] LPR11 Recv: LPR_N
[16:12:06] aaaa
[16:12:06] Ping 시간 체크1-777547921
[16:12:06] Ping 시간 체크2-777547937
[16:12:09] LPR12 Recv: LPR_N
[16:12:09] LPR11 Recv: LPR_N
[16:12:14] LPR12 Recv: LPR_N
[16:12:14] LPR11 Recv: LPR_N
[16:12:19] LPR12 Recv: LPR_N
[16:12:19] LPR11 Recv: LPR_N
[16:12:25] LPR12 Recv: LPR_N
[16:12:25] LPR11 Recv: LPR_N
[16:12:30] LPR12 Recv: LPR_N
[16:12:30] LPR11 Recv: LPR_N
[16:12:35] LPR12 Recv: LPR_N
[16:12:35] LPR11 Recv: LPR_N
[16:12:40] LPR12 Recv: LPR_N
[16:12:40] LPR11 Recv: LPR_N
[16:12:45] LPR12 Recv: LPR_N
[16:12:46] LPR11 Recv: LPR_N
[16:12:51] LPR12 Recv: LPR_N
[16:12:51] LPR11 Recv: LPR_N
[16:12:56] LPR12 Recv: LPR_N
[16:12:56] LPR11 Recv: LPR_N
[16:13:01] LPR12 Recv: LPR_N
[16:13:01] LPR11 Recv: LPR_N
[16:13:06] LPR12 Recv: LPR_N
[16:13:06] LPR11 Recv: LPR_N
[16:13:12] LPR12 Recv: LPR_N
[16:13:12] LPR11 Recv: LPR_N
[16:13:17] LPR12 Recv: LPR_N
[16:13:17] LPR11 Recv: LPR_N
[16:13:22] LPR12 Recv: LPR_N
[16:13:22] LPR11 Recv: LPR_N
[16:13:27] LPR12 Recv: LPR_N
[16:13:27] LPR11 Recv: LPR_N
[16:13:33] LPR12 Recv: LPR_N
[16:13:33] LPR11 Recv: LPR_N
[16:13:38] LPR12 Recv: LPR_N
[16:13:38] LPR11 Recv: LPR_N
[16:13:43] LPR12 Recv: LPR_N
[16:13:43] LPR11 Recv: LPR_N
[16:13:48] LPR12 Recv: LPR_N
[16:13:48] LPR11 Recv: LPR_N
[16:13:53] LPR12 Recv: LPR_N
[16:13:54] LPR11 Recv: LPR_N
[16:13:59] LPR12 Recv: LPR_N
[16:13:59] LPR11 Recv: LPR_N
[16:14:04] LPR12 Recv: LPR_N
[16:14:04] LPR11 Recv: LPR_N
[16:14:09] LPR12 Recv: LPR_N
[16:14:09] LPR11 Recv: LPR_N
[16:14:14] LPR12 Recv: LPR_N
[16:14:14] LPR11 Recv: LPR_N
[16:14:20] LPR12 Recv: LPR_N
[16:14:20] LPR11 Recv: LPR_N
[16:14:25] LPR12 Recv: LPR_N
[16:14:25] LPR11 Recv: LPR_N
[16:14:30] LPR12 Recv: LPR_N
[16:14:30] LPR11 Recv: LPR_N
[16:14:35] LPR12 Recv: LPR_N
[16:14:35] LPR11 Recv: LPR_N
[16:14:40] LPR12 Recv: LPR_N
[16:14:41] LPR11 Recv: LPR_N
[16:14:46] LPR12 Recv: LPR_N
[16:14:46] LPR11 Recv: LPR_N
[16:14:51] LPR12 Recv: LPR_N
[16:14:51] LPR11 Recv: LPR_N
[16:14:56] LPR12 Recv: LPR_N
[16:14:56] LPR11 Recv: LPR_N
[16:15:01] LPR12 Recv: LPR_N
[16:15:01] LPR11 Recv: LPR_N
[16:15:07] LPR12 Recv: LPR_N
[16:15:07] LPR11 Recv: LPR_N
[16:15:12] LPR12 Recv: LPR_N
[16:15:12] LPR11 Recv: LPR_N
[16:15:17] LPR12 Recv: LPR_N
[16:15:17] LPR11 Recv: LPR_N
[16:15:22] LPR12 Recv: LPR_N
[16:15:22] LPR11 Recv: LPR_N
[16:15:28] LPR12 Recv: LPR_N
[16:15:28] LPR11 Recv: LPR_N
[16:15:33] LPR12 Recv: LPR_N
[16:15:33] LPR11 Recv: LPR_N
[16:15:38] LPR12 Recv: LPR_N
[16:15:38] LPR11 Recv: LPR_N
[16:15:43] LPR12 Recv: LPR_N
[16:15:43] LPR11 Recv: LPR_N
[16:15:48] LPR12 Recv: LPR_N
[16:15:49] LPR11 Recv: LPR_N
[16:15:54] LPR12 Recv: LPR_N
[16:15:54] LPR11 Recv: LPR_N
[16:15:59] LPR12 Recv: LPR_N
[16:15:59] LPR11 Recv: LPR_N
[16:16:04] LPR12 Recv: LPR_N
[16:16:04] LPR11 Recv: LPR_N
[16:16:09] LPR12 Recv: LPR_N
[16:16:09] LPR11 Recv: LPR_N
[16:16:15] LPR12 Recv: LPR_N
[16:16:15] LPR11 Recv: LPR_N
[16:16:20] LPR12 Recv: LPR_N
[16:16:20] LPR11 Recv: LPR_N
[16:16:25] LPR12 Recv: LPR_N
[16:16:25] LPR11 Recv: LPR_N
[16:16:30] LPR12 Recv: LPR_N
[16:16:30] LPR11 Recv: LPR_N
[16:16:35] LPR12 Recv: LPR_N
[16:16:36] LPR11 Recv: LPR_N
[16:16:41] LPR12 Recv: LPR_N
[16:16:41] LPR11 Recv: LPR_N
[16:16:46] LPR12 Recv: LPR_N
[16:16:46] LPR11 Recv: LPR_N
[16:16:51] LPR12 Recv: LPR_N
[16:16:51] LPR11 Recv: LPR_N
[16:16:56] LPR12 Recv: LPR_N
[16:16:56] LPR11 Recv: LPR_N
[16:17:02] LPR12 Recv: LPR_N
[16:17:02] LPR11 Recv: LPR_N
[16:17:07] LPR12 Recv: LPR_N
[16:17:07] LPR11 Recv: LPR_N
[16:17:12] LPR12 Recv: LPR_N
[16:17:12] LPR11 Recv: LPR_N
[16:17:17] LPR12 Recv: LPR_N
[16:17:17] LPR11 Recv: LPR_N
[16:17:23] LPR12 Recv: LPR_N
[16:17:23] LPR11 Recv: LPR_N
[16:17:28] LPR12 Recv: LPR_N
[16:17:28] LPR11 Recv: LPR_N
[16:17:33] LPR12 Recv: LPR_N
[16:17:33] LPR11 Recv: LPR_N
[16:17:38] LPR12 Recv: LPR_N
[16:17:38] LPR11 Recv: LPR_N
[16:17:43] LPR12 Recv: LPR_N
[16:17:44] LPR11 Recv: LPR_N
[16:17:49] LPR12 Recv: LPR_N
[16:17:49] LPR11 Recv: LPR_N
[16:17:54] LPR12 Recv: LPR_N
[16:17:54] LPR11 Recv: LPR_N
[16:17:59] LPR12 Recv: LPR_N
[16:17:59] LPR11 Recv: LPR_N
[16:18:04] LPR12 Recv: LPR_N
[16:18:04] LPR11 Recv: LPR_N
[16:18:10] LPR12 Recv: LPR_N
[16:18:10] LPR11 Recv: LPR_N
[16:18:15] LPR12 Recv: LPR_N
[16:18:15] LPR11 Recv: LPR_N
[16:18:20] LPR12 Recv: LPR_N
[16:18:20] LPR11 Recv: LPR_N
[16:18:25] LPR12 Recv: LPR_N
[16:18:25] LPR11 Recv: LPR_N
[16:18:30] LPR12 Recv: LPR_N
[16:18:31] LPR11 Recv: LPR_N
[16:18:36] LPR12 Recv: LPR_N
[16:18:36] LPR11 Recv: LPR_N
[16:18:41] LPR12 Recv: LPR_N
[16:18:41] LPR11 Recv: LPR_N
[16:18:46] LPR12 Recv: LPR_N
[16:18:46] LPR11 Recv: LPR_N
[16:18:51] LPR12 Recv: LPR_N
[16:18:51] LPR11 Recv: LPR_N
[16:18:57] LPR12 Recv: LPR_N
[16:18:57] LPR11 Recv: LPR_N
[16:19:02] LPR12 Recv: LPR_N
[16:19:02] LPR11 Recv: LPR_N
[16:19:07] LPR12 Recv: LPR_N
[16:19:07] LPR11 Recv: LPR_N
[16:19:12] LPR12 Recv: LPR_N
[16:19:12] LPR11 Recv: LPR_N
[16:19:18] LPR12 Recv: LPR_N
[16:19:18] LPR11 Recv: LPR_N
[16:19:23] LPR12 Recv: LPR_N
[16:19:23] LPR11 Recv: LPR_N
[16:19:28] LPR12 Recv: LPR_N
[16:19:28] LPR11 Recv: LPR_N
[16:19:33] LPR12 Recv: LPR_N
[16:19:33] LPR11 Recv: LPR_N
[16:19:38] LPR12 Recv: LPR_N
[16:19:39] LPR11 Recv: LPR_N
[16:19:44] LPR12 Recv: LPR_N
[16:19:44] LPR11 Recv: LPR_N
[16:19:49] LPR12 Recv: LPR_N
[16:19:49] LPR11 Recv: LPR_N
[16:19:54] LPR12 Recv: LPR_N
[16:19:54] LPR11 Recv: LPR_N
[16:19:59] LPR12 Recv: LPR_N
[16:19:59] LPR11 Recv: LPR_N
[16:20:05] LPR12 Recv: LPR_N
[16:20:05] LPR11 Recv: LPR_N
[16:20:10] LPR12 Recv: LPR_N
[16:20:10] LPR11 Recv: LPR_N
[16:20:15] LPR12 Recv: LPR_N
[16:20:15] LPR11 Recv: LPR_N
[16:20:20] LPR12 Recv: LPR_N
[16:20:20] LPR11 Recv: LPR_N
[16:20:25] LPR12 Recv: LPR_N
[16:20:26] LPR11 Recv: LPR_N
[16:20:31] LPR12 Recv: LPR_N
[16:20:31] LPR11 Recv: LPR_N
[16:20:36] LPR12 Recv: LPR_N
[16:20:36] LPR11 Recv: LPR_N
[16:20:41] LPR12 Recv: LPR_N
[16:20:41] LPR11 Recv: LPR_N
[16:20:46] LPR12 Recv: LPR_N
[16:20:46] LPR11 Recv: LPR_N
[16:20:52] LPR12 Recv: LPR_N
[16:20:52] LPR11 Recv: LPR_N
[16:20:57] LPR12 Recv: LPR_N
[16:20:57] LPR11 Recv: LPR_N
[16:21:02] LPR12 Recv: LPR_N
[16:21:02] LPR11 Recv: LPR_N
[16:21:07] LPR12 Recv: LPR_N
[16:21:07] LPR11 Recv: LPR_N
[16:21:13] LPR12 Recv: LPR_N
[16:21:13] LPR11 Recv: LPR_N
[16:21:18] LPR12 Recv: LPR_N
[16:21:18] LPR11 Recv: LPR_N
[16:21:23] LPR12 Recv: LPR_N
[16:21:23] LPR11 Recv: LPR_N
[16:21:28] LPR12 Recv: LPR_N
[16:21:28] LPR11 Recv: LPR_N
[16:21:33] LPR12 Recv: LPR_N
[16:21:34] LPR11 Recv: LPR_N
[16:21:39] LPR12 Recv: LPR_N
[16:21:39] LPR11 Recv: LPR_N
[16:21:44] LPR12 Recv: LPR_N
[16:21:44] LPR11 Recv: LPR_N
[16:21:49] LPR12 Recv: LPR_N
[16:21:49] LPR11 Recv: LPR_N
[16:21:54] LPR12 Recv: LPR_N
[16:21:54] LPR11 Recv: LPR_N
[16:22:00] LPR12 Recv: LPR_N
[16:22:00] LPR11 Recv: LPR_N
[16:22:05] LPR12 Recv: LPR_N
[16:22:05] LPR11 Recv: LPR_N
[16:22:10] LPR12 Recv: LPR_N
[16:22:10] LPR11 Recv: LPR_N
[16:22:15] LPR12 Recv: LPR_N
[16:22:15] LPR11 Recv: LPR_N
[16:22:20] LPR12 Recv: LPR_N
[16:22:21] LPR11 Recv: LPR_N
[16:22:26] LPR12 Recv: LPR_N
[16:22:26] LPR11 Recv: LPR_N
[16:22:31] LPR12 Recv: LPR_N
[16:22:31] LPR11 Recv: LPR_N
[16:22:36] LPR12 Recv: LPR_N
[16:22:36] LPR11 Recv: LPR_N
[16:22:41] LPR12 Recv: LPR_N
[16:22:41] LPR11 Recv: LPR_N
[16:22:47] LPR12 Recv: LPR_N
[16:22:47] LPR11 Recv: LPR_N
[16:22:52] LPR12 Recv: LPR_N
[16:22:52] LPR11 Recv: LPR_N
[16:22:57] LPR12 Recv: LPR_N
[16:22:57] LPR11 Recv: LPR_N
[16:23:02] LPR12 Recv: LPR_N
[16:23:02] LPR11 Recv: LPR_N
[16:23:08] LPR12 Recv: LPR_N
[16:23:08] LPR11 Recv: LPR_N
[16:23:13] LPR12 Recv: LPR_N
[16:23:13] LPR11 Recv: LPR_N
[16:23:18] LPR12 Recv: LPR_N
[16:23:18] LPR11 Recv: LPR_N
[16:23:23] LPR12 Recv: LPR_N
[16:23:23] LPR11 Recv: LPR_N
[16:23:28] LPR12 Recv: LPR_N
[16:23:29] LPR11 Recv: LPR_N
[16:23:34] LPR12 Recv: LPR_N
[16:23:34] LPR11 Recv: LPR_N
[16:23:39] LPR12 Recv: LPR_N
[16:23:39] LPR11 Recv: LPR_N
[16:23:44] LPR12 Recv: LPR_N
[16:23:44] LPR11 Recv: LPR_N
[16:23:49] LPR12 Recv: LPR_N
[16:23:49] LPR11 Recv: LPR_N
[16:23:55] LPR12 Recv: LPR_N
[16:23:55] LPR11 Recv: LPR_N
[16:24:00] LPR12 Recv: LPR_N
[16:24:00] LPR11 Recv: LPR_N
[16:24:05] LPR12 Recv: LPR_N
[16:24:05] LPR11 Recv: LPR_N
[16:24:10] LPR12 Recv: LPR_N
[16:24:10] LPR11 Recv: LPR_N
[16:24:15] LPR12 Recv: LPR_N
[16:24:16] LPR11 Recv: LPR_N
[16:24:21] LPR12 Recv: LPR_N
[16:24:21] LPR11 Recv: LPR_N
[16:24:26] LPR12 Recv: LPR_N
[16:24:26] LPR11 Recv: LPR_N
[16:24:31] LPR12 Recv: LPR_N
[16:24:31] LPR11 Recv: LPR_N
[16:24:36] LPR12 Recv: LPR_N
[16:24:36] LPR11 Recv: LPR_N
[16:24:42] LPR12 Recv: LPR_N
[16:24:42] LPR11 Recv: LPR_N
[16:24:47] LPR12 Recv: LPR_N
[16:24:47] LPR11 Recv: LPR_N
[16:24:52] LPR12 Recv: LPR_N
[16:24:52] LPR11 Recv: LPR_N
[16:24:57] LPR12 Recv: LPR_N
[16:24:57] LPR11 Recv: LPR_N
[16:25:03] LPR12 Recv: LPR_N
[16:25:03] LPR11 Recv: LPR_N
[16:25:08] LPR12 Recv: LPR_N
[16:25:08] LPR11 Recv: LPR_N
[16:25:13] LPR12 Recv: LPR_N
[16:25:13] LPR11 Recv: LPR_N
[16:25:18] LPR12 Recv: LPR_N
[16:25:18] LPR11 Recv: LPR_N
[16:25:23] LPR12 Recv: LPR_N
[16:25:24] LPR11 Recv: LPR_N
[16:25:29] LPR12 Recv: LPR_N
[16:25:29] LPR11 Recv: LPR_N
[16:25:34] LPR12 Recv: LPR_N
[16:25:34] LPR11 Recv: LPR_N
[16:25:39] LPR12 Recv: LPR_N
[16:25:39] LPR11 Recv: LPR_N
[16:25:44] LPR12 Recv: LPR_N
[16:25:44] LPR11 Recv: LPR_N
[16:25:50] LPR12 Recv: LPR_N
[16:25:50] LPR11 Recv: LPR_N
[16:25:55] LPR12 Recv: LPR_N
[16:25:55] LPR11 Recv: LPR_N
[16:26:00] LPR12 Recv: LPR_N
[16:26:00] LPR11 Recv: LPR_N
[16:26:05] LPR12 Recv: LPR_N
[16:26:05] LPR11 Recv: LPR_N
[16:26:10] LPR12 Recv: LPR_N
[16:26:11] LPR11 Recv: LPR_N
[16:26:16] LPR12 Recv: LPR_N
[16:26:16] LPR11 Recv: LPR_N
[16:26:21] LPR12 Recv: LPR_N
[16:26:21] LPR11 Recv: LPR_N
[16:26:26] LPR12 Recv: LPR_N
[16:26:26] LPR11 Recv: LPR_N
[16:26:31] LPR12 Recv: LPR_N
[16:26:31] LPR11 Recv: LPR_N
[16:26:37] LPR12 Recv: LPR_N
[16:26:37] LPR11 Recv: LPR_N
[16:26:42] LPR12 Recv: LPR_N
[16:26:42] LPR11 Recv: LPR_N
[16:26:47] LPR12 Recv: LPR_N
[16:26:47] LPR11 Recv: LPR_N
[16:26:52] LPR12 Recv: LPR_N
[16:26:52] LPR11 Recv: LPR_N
[16:26:58] LPR12 Recv: LPR_N
[16:26:58] LPR11 Recv: LPR_N
[16:27:03] LPR12 Recv: LPR_N
[16:27:03] LPR11 Recv: LPR_N
[16:27:08] LPR12 Recv: LPR_N
[16:27:08] LPR11 Recv: LPR_N
[16:27:13] LPR12 Recv: LPR_N
[16:27:13] LPR11 Recv: LPR_N
[16:27:18] LPR12 Recv: LPR_N
[16:27:19] LPR11 Recv: LPR_N
[16:27:24] LPR12 Recv: LPR_N
[16:27:24] LPR11 Recv: LPR_N
[16:27:29] LPR12 Recv: LPR_N
[16:27:29] LPR11 Recv: LPR_N
[16:27:34] LPR12 Recv: LPR_N
[16:27:34] LPR11 Recv: LPR_N
[16:27:39] LPR12 Recv: LPR_N
[16:27:39] LPR11 Recv: LPR_N
[16:27:45] LPR12 Recv: LPR_N
[16:27:45] LPR11 Recv: LPR_N
[16:27:50] LPR12 Recv: LPR_N
[16:27:50] LPR11 Recv: LPR_N
[16:27:55] LPR12 Recv: LPR_N
[16:27:55] LPR11 Recv: LPR_N
[16:28:00] LPR12 Recv: LPR_N
[16:28:00] LPR11 Recv: LPR_N
[16:28:05] LPR12 Recv: LPR_N
[16:28:06] LPR11 Recv: LPR_N
[16:28:11] LPR12 Recv: LPR_N
[16:28:11] LPR11 Recv: LPR_N
[16:28:16] LPR12 Recv: LPR_N
[16:28:16] LPR11 Recv: LPR_N
[16:28:22] LPR12 Recv: LPR_N
[16:28:22] LPR11 Recv: LPR_N
[16:28:26] LPR12 Recv: LPR_N
[16:28:26] LPR11 Recv: LPR_N
[16:28:32] LPR12 Recv: LPR_N
[16:28:32] LPR11 Recv: LPR_N
[16:28:37] LPR12 Recv: LPR_N
[16:28:37] LPR11 Recv: LPR_N
[16:28:42] LPR12 Recv: LPR_N
[16:28:42] LPR11 Recv: LPR_N
[16:28:47] LPR12 Recv: LPR_N
[16:28:47] LPR11 Recv: LPR_N
[16:28:53] LPR12 Recv: LPR_N
[16:28:53] LPR11 Recv: LPR_N
[16:28:58] LPR12 Recv: LPR_N
[16:28:58] LPR11 Recv: LPR_N
[16:29:03] LPR12 Recv: LPR_N
[16:29:03] LPR11 Recv: LPR_N
[16:29:08] LPR12 Recv: LPR_N
[16:29:08] LPR11 Recv: LPR_N
[16:29:13] LPR12 Recv: LPR_N
[16:29:14] LPR11 Recv: LPR_N
[16:29:19] LPR12 Recv: LPR_N
[16:29:19] LPR11 Recv: LPR_N
[16:29:24] LPR12 Recv: LPR_N
[16:29:24] LPR11 Recv: LPR_N
[16:29:29] LPR12 Recv: LPR_N
[16:29:29] LPR11 Recv: LPR_N
[16:29:34] LPR12 Recv: LPR_N
[16:29:34] LPR11 Recv: LPR_N
[16:29:40] LPR12 Recv: LPR_N
[16:29:40] LPR11 Recv: LPR_N
[16:29:45] LPR12 Recv: LPR_N
[16:29:45] LPR11 Recv: LPR_N
[16:29:48] Program Close
[16:29:53] Program Start!
[16:29:55] 근무시작: 배은화
[16:29:57] 영수증프린터 포트오픈 에러: ie_BadId - Specified comport doesn't exist
[16:29:57] Ping 시간 체크1-778619109
[16:29:57] Ping 시간 체크2-778619109
[16:29:57] Ping 시간 체크1-778619171
[16:29:57] Ping 시간 체크2-778619171
[16:29:57] Ping 시간 체크1-778619187
[16:29:57] Ping 시간 체크2-778619187
[16:29:57] Ping 시간 체크1-778619187
[16:29:57] Ping 시간 체크2-778619203
[16:29:57] LPR11 Recv: 172.16.83.1
[16:29:57] LPR12 Recv: 172.16.83.1
[16:29:58] LPR12 Recv: LPR_N
[16:29:58] LPR11 Recv: LPR_N
[16:45:19] Program Start!
[16:45:21] 근무시작: 배은화
[16:45:21] 영수증프린터 포트오픈 에러: ie_BadId - Specified comport doesn't exist
[16:45:21] Ping 시간 체크1-779542875
[16:45:21] Ping 시간 체크2-779542890
[16:45:21] Ping 시간 체크1-779542906
[16:45:21] Ping 시간 체크2-779542906
[16:45:21] Ping 시간 체크1-779542921
[16:45:21] Ping 시간 체크2-779542937
[16:45:21] Ping 시간 체크1-779542953
[16:45:21] Ping 시간 체크2-779542968
[16:45:21] LPR11 Recv: 172.16.83.1LPR_N
[16:45:21] LPR Check: ,http://172.16.66.33:9080/MSImage172.16.83.1LPR_N,3,,,0, N   -  -     :  :  
[16:45:21] 이미지저장폴더 생성실패: C:\LPRImage\N   \  \  \11
[16:45:21] File: \\172.16.66.33\MSImage172.16.83.1LPR_N
[16:45:21] csInLpr1Read: qryInLpr1Proc: Cannot perform this operation on a closed dataset
[16:45:21] LPR12 Recv: 172.16.83.1
[16:45:22] LPR12 Recv: LPR_N
[16:45:22] LPR11 Recv: LPR_N
[16:45:24] Ping 시간 체크1-779546171
[16:45:24] Ping 시간 체크2-779546187
[16:45:26] LPR12 Recv: LPR_N
[16:45:26] LPR11 Recv: LPR_N
[16:45:31] LPR12 Recv: LPR_N
[16:45:31] LPR11 Recv: LPR_N
[16:45:36] LPR12 Recv: LPR_N
[16:45:36] LPR11 Recv: LPR_N
[16:45:41] LPR12 Recv: LPR_N
[16:45:41] LPR11 Recv: LPR_N
[16:45:47] LPR12 Recv: LPR_N
[16:45:47] LPR11 Recv: LPR_N
[16:45:52] LPR12 Recv: LPR_N
[16:45:52] LPR11 Recv: LPR_N
[16:45:57] LPR12 Recv: LPR_N
[16:45:57] LPR11 Recv: LPR_N
[16:46:02] LPR12 Recv: LPR_N
[16:46:02] LPR11 Recv: LPR_N
[16:46:08] LPR12 Recv: LPR_N
[16:46:08] LPR11 Recv: LPR_N
[16:46:13] LPR12 Recv: LPR_N
[16:46:13] LPR11 Recv: LPR_N
[16:46:18] LPR12 Recv: LPR_N
[16:46:18] LPR11 Recv: LPR_N
[16:46:23] LPR12 Recv: LPR_N
[16:46:23] LPR11 Recv: LPR_N
[16:46:28] LPR12 Recv: LPR_N
[16:46:29] LPR11 Recv: LPR_N
[16:46:34] LPR12 Recv: LPR_N
[16:46:34] LPR11 Recv: LPR_N
[16:46:39] LPR12 Recv: LPR_N
[16:46:39] LPR11 Recv: LPR_N
[16:46:44] LPR12 Recv: LPR_N
[16:46:44] LPR11 Recv: LPR_N
[16:46:49] LPR12 Recv: LPR_N
[16:46:49] LPR11 Recv: LPR_N
[16:46:55] LPR12 Recv: LPR_N
[16:46:55] LPR11 Recv: LPR_N
[16:47:00] LPR12 Recv: LPR_N
[16:47:00] LPR11 Recv: LPR_N
[16:47:05] LPR12 Recv: LPR_N
[16:47:05] LPR11 Recv: LPR_N
[16:47:10] LPR12 Recv: LPR_N
[16:47:10] LPR11 Recv: LPR_N
[16:47:15] LPR12 Recv: LPR_N
[16:47:16] LPR11 Recv: LPR_N
[16:47:21] LPR12 Recv: LPR_N
[16:47:21] LPR11 Recv: LPR_N
[16:47:26] LPR12 Recv: LPR_N
[16:47:26] LPR11 Recv: LPR_N
[16:47:31] LPR12 Recv: LPR_N
[16:47:31] LPR11 Recv: LPR_N
[16:47:36] LPR12 Recv: LPR_N
[16:47:36] LPR11 Recv: LPR_N
[16:47:42] LPR12 Recv: LPR_N
[16:47:42] LPR11 Recv: LPR_N
[16:47:47] LPR12 Recv: LPR_N
[16:47:47] LPR11 Recv: LPR_N
[16:47:52] LPR12 Recv: LPR_N
[16:47:52] LPR11 Recv: LPR_N
[16:47:57] LPR12 Recv: LPR_N
[16:47:57] LPR11 Recv: LPR_N
[16:48:03] LPR12 Recv: LPR_N
[16:48:03] LPR11 Recv: LPR_N
[16:48:08] LPR12 Recv: LPR_N
[16:48:08] LPR11 Recv: LPR_N
[16:48:13] LPR12 Recv: LPR_N
[16:48:13] LPR11 Recv: LPR_N
[16:48:18] LPR12 Recv: LPR_N
[16:48:18] LPR11 Recv: LPR_N
[16:48:23] LPR12 Recv: LPR_N
[16:48:24] LPR11 Recv: LPR_N
[16:48:29] LPR12 Recv: LPR_N
[16:48:29] LPR11 Recv: LPR_N
[16:48:34] LPR12 Recv: LPR_N
[16:48:34] LPR11 Recv: LPR_N
[16:48:38] LPR12 Recv: CH1#31로6819#N#\2014\09\14\CH1_20140914164758_31로6819.jpg
[16:48:39] LPR Check: 31로6819,http://172.16.66.34:9080/MSImage/2014/09/14/CH1_20140914164758_31로6819.jpg,1,,,0, 2014-09-14 16:47:58
[16:48:39] File: \\172.16.66.34\MSImage\2014\09\14\CH1_20140914164758_31로6819.jpg
[16:48:39] 일반차량: 31로6819, 
[16:48:39] In Image File: 66.33\MSImage\2014\09\14\CH1_20140914135946_31로6819.jpg
[16:48:39] Ping 시간 체크1-779740765
[16:48:39] Ping 시간 체크2-779740781
[16:48:39] 입차 이미지 File 없음: 66.33\MSImage\2014\09\14\CH1_20140914135946_31로6819.jpg
[16:48:39] Out Image File: \\172.16.66.34\MSImage\2014\09\14\CH1_20140914164758_31로6819.jpg
[16:48:39] Ping 시간 체크1-779740781
[16:48:39] Ping 시간 체크2-779740796
[16:48:39] NormalOut: 현재 범위를 벗어났습니다
[16:48:39] 일반차량출차: 31로6819, 
[16:48:39] LPR11 Recv: LPR_N
[16:48:40] LPR12 Recv: LPR_N
[16:48:44] LPR11 Recv: LPR_N
[16:48:45] LPR12 Recv: LPR_N
[16:48:50] LPR11 Recv: LPR_N
[16:48:50] LPR12 Recv: LPR_N
[16:48:55] LPR11 Recv: LPR_N
[16:48:55] LPR12 Recv: LPR_N
[16:49:00] LPR11 Recv: LPR_N
[16:49:01] LPR12 Recv: LPR_N
[16:49:05] LPR11 Recv: LPR_N
[16:49:06] LPR12 Recv: LPR_N
[16:49:11] LPR12 Recv: LPR_N
[16:49:11] LPR11 Recv: LPR_N
[16:49:16] LPR11 Recv: LPR_N
[16:49:16] LPR12 Recv: LPR_N
[16:49:21] LPR12 Recv: LPR_N
[16:49:21] LPR11 Recv: LPR_N
[16:49:26] LPR11 Recv: LPR_N
[16:49:27] LPR12 Recv: LPR_N
[16:49:31] LPR11 Recv: LPR_N
[16:49:32] LPR12 Recv: LPR_N
[16:49:37] LPR11 Recv: LPR_N
[16:49:37] LPR12 Recv: LPR_N
[16:49:42] LPR11 Recv: LPR_N
[16:49:42] LPR12 Recv: LPR_N
[16:49:47] LPR11 Recv: LPR_N
[16:49:48] LPR12 Recv: LPR_N
[16:49:52] LPR11 Recv: LPR_N
[16:49:53] LPR12 Recv: LPR_N
[16:49:58] LPR11 Recv: LPR_N
[16:49:58] LPR12 Recv: LPR_N
[16:50:03] LPR11 Recv: LPR_N
[16:50:03] LPR12 Recv: LPR_N
[16:50:08] LPR12 Recv: LPR_N
[16:50:08] LPR11 Recv: LPR_N
[16:50:13] LPR11 Recv: LPR_N
[16:50:14] LPR12 Recv: LPR_N
[16:50:19] LPR12 Recv: LPR_N
[16:50:19] LPR11 Recv: LPR_N
[16:50:24] LPR11 Recv: LPR_N
[16:50:24] LPR12 Recv: LPR_N
[16:50:29] LPR11 Recv: LPR_N
[16:50:29] LPR12 Recv: LPR_N
[16:50:34] LPR11 Recv: LPR_N
[16:50:35] LPR12 Recv: LPR_N
[16:50:39] LPR11 Recv: LPR_N
[16:50:40] LPR12 Recv: LPR_N
[16:50:45] LPR11 Recv: LPR_N
[16:50:45] LPR12 Recv: LPR_N
[16:50:50] LPR11 Recv: LPR_N
[16:50:50] LPR12 Recv: LPR_N
[16:50:55] LPR11 Recv: LPR_N
[16:50:56] LPR12 Recv: LPR_N
[16:51:00] LPR11 Recv: LPR_N
[16:51:01] LPR12 Recv: LPR_N
[16:51:06] LPR12 Recv: LPR_N
[16:51:06] LPR11 Recv: LPR_N
[16:51:11] LPR11 Recv: LPR_N
[16:51:11] LPR12 Recv: LPR_N
[16:51:16] LPR12 Recv: LPR_N
[16:51:16] LPR11 Recv: LPR_N
[16:51:21] LPR11 Recv: LPR_N
[16:51:22] LPR12 Recv: LPR_N
[16:51:26] LPR11 Recv: LPR_N
[16:51:27] LPR12 Recv: LPR_N
[16:51:32] LPR11 Recv: LPR_N
[16:51:32] LPR12 Recv: LPR_N
[16:51:37] LPR11 Recv: LPR_N
[16:51:37] LPR12 Recv: LPR_N
[16:51:42] LPR11 Recv: LPR_N
[16:51:43] LPR12 Recv: LPR_N
[16:51:47] LPR11 Recv: LPR_N
[16:51:48] LPR12 Recv: LPR_N
[16:51:53] LPR11 Recv: LPR_N
[16:51:53] LPR12 Recv: LPR_N
[16:51:58] LPR11 Recv: LPR_N
[16:51:58] LPR12 Recv: LPR_N
[16:52:03] LPR12 Recv: LPR_N
[16:52:03] LPR11 Recv: LPR_N
[16:52:08] LPR11 Recv: LPR_N
[16:52:09] LPR12 Recv: LPR_N
[16:52:14] LPR12 Recv: LPR_N
[16:52:14] LPR11 Recv: LPR_N
[16:52:19] LPR11 Recv: LPR_N
[16:52:19] LPR12 Recv: LPR_N
[16:52:24] LPR11 Recv: LPR_N
[16:52:24] LPR12 Recv: LPR_N
[16:52:29] LPR11 Recv: LPR_N
[16:52:30] LPR12 Recv: LPR_N
[16:52:34] LPR11 Recv: LPR_N
[16:52:35] LPR12 Recv: LPR_N
[16:52:40] LPR11 Recv: LPR_N
[16:52:40] LPR12 Recv: LPR_N
[16:52:45] LPR11 Recv: LPR_N
[16:52:45] LPR12 Recv: LPR_N
[16:52:50] LPR11 Recv: LPR_N
[16:52:51] LPR12 Recv: LPR_N
[16:52:55] LPR11 Recv: LPR_N
[16:52:56] LPR12 Recv: LPR_N
[16:53:01] LPR12 Recv: LPR_N
[16:53:01] LPR11 Recv: LPR_N
[16:53:06] LPR11 Recv: LPR_N
[16:53:06] LPR12 Recv: LPR_N
[16:53:11] LPR12 Recv: LPR_N
[16:53:11] LPR11 Recv: LPR_N
[16:53:16] LPR11 Recv: LPR_N
[16:53:17] LPR12 Recv: LPR_N
[16:53:21] LPR11 Recv: LPR_N
[16:53:22] LPR12 Recv: LPR_N
[16:53:27] LPR11 Recv: LPR_N
[16:53:27] LPR12 Recv: LPR_N
[16:53:32] LPR11 Recv: LPR_N
[16:53:32] LPR12 Recv: LPR_N
[16:53:37] LPR11 Recv: LPR_N
[16:53:38] LPR12 Recv: LPR_N
[16:53:42] LPR11 Recv: LPR_N
[16:53:43] LPR12 Recv: LPR_N
[16:53:48] LPR11 Recv: LPR_N
[16:53:48] LPR12 Recv: LPR_N
[16:53:53] LPR11 Recv: LPR_N
[16:53:53] LPR12 Recv: LPR_N
[16:53:58] LPR12 Recv: LPR_N
[16:53:58] LPR11 Recv: LPR_N
[16:54:03] LPR11 Recv: LPR_N
[16:54:04] LPR12 Recv: LPR_N
[16:54:09] LPR12 Recv: LPR_N
[16:54:09] LPR11 Recv: LPR_N
[16:54:14] LPR11 Recv: LPR_N
[16:54:14] LPR12 Recv: LPR_N
[16:54:19] LPR11 Recv: LPR_N
[16:54:19] LPR12 Recv: LPR_N
[16:54:24] LPR11 Recv: LPR_N
[16:54:25] LPR12 Recv: LPR_N
[16:54:29] LPR11 Recv: LPR_N
[16:54:30] LPR12 Recv: LPR_N
[16:54:35] LPR11 Recv: LPR_N
[16:54:35] LPR12 Recv: LPR_N
[16:54:40] LPR11 Recv: LPR_N
[16:54:40] LPR12 Recv: LPR_N
[16:54:45] LPR11 Recv: LPR_N
[16:54:46] LPR12 Recv: LPR_N
[16:54:50] LPR11 Recv: LPR_N
[16:54:51] LPR12 Recv: LPR_N
[16:54:56] LPR12 Recv: LPR_N
[16:54:56] LPR11 Recv: LPR_N
[16:55:01] LPR11 Recv: LPR_N
[16:55:01] LPR12 Recv: LPR_N
[16:55:06] LPR12 Recv: LPR_N
[16:55:06] LPR11 Recv: LPR_N
[16:55:11] LPR11 Recv: LPR_N
[16:55:12] LPR12 Recv: LPR_N
[16:55:16] LPR11 Recv: LPR_N
[16:55:17] LPR12 Recv: LPR_N
[16:55:22] LPR11 Recv: LPR_N
[16:55:22] LPR12 Recv: LPR_N
[16:55:27] LPR11 Recv: LPR_N
[16:55:27] LPR12 Recv: LPR_N
[16:55:32] LPR11 Recv: LPR_N
[16:55:33] LPR12 Recv: LPR_N
[16:55:37] LPR11 Recv: LPR_N
[16:55:38] LPR12 Recv: LPR_N
[16:55:43] LPR11 Recv: LPR_N
[16:55:43] LPR12 Recv: LPR_N
[16:55:48] LPR11 Recv: LPR_N
[16:55:48] LPR12 Recv: LPR_N
[16:55:53] LPR12 Recv: LPR_N
[16:55:53] LPR11 Recv: LPR_N
[16:55:58] LPR11 Recv: LPR_N
[16:55:59] LPR12 Recv: LPR_N
[16:56:04] LPR12 Recv: LPR_N
[16:56:04] LPR11 Recv: LPR_N
[16:56:09] LPR11 Recv: LPR_N
[16:56:09] LPR12 Recv: LPR_N
[16:56:14] LPR11 Recv: LPR_N
[16:56:14] LPR12 Recv: LPR_N
[16:56:19] LPR11 Recv: LPR_N
[16:56:20] LPR12 Recv: LPR_N
[16:56:24] LPR11 Recv: LPR_N
[16:56:25] LPR12 Recv: LPR_N
[16:56:30] LPR11 Recv: LPR_N
[16:56:30] LPR12 Recv: LPR_N
[16:56:35] LPR11 Recv: LPR_N
[16:56:35] LPR12 Recv: LPR_N
[16:56:40] LPR11 Recv: LPR_N
[16:56:41] LPR12 Recv: LPR_N
[16:56:45] LPR11 Recv: LPR_N
[16:56:46] LPR12 Recv: LPR_N
[16:56:51] LPR12 Recv: LPR_N
[16:56:51] LPR11 Recv: LPR_N
[16:56:56] LPR11 Recv: LPR_N
[16:56:56] LPR12 Recv: LPR_N
[16:57:01] LPR12 Recv: LPR_N
[16:57:01] LPR11 Recv: LPR_N
[16:57:06] LPR11 Recv: LPR_N
[16:57:07] LPR12 Recv: LPR_N
[16:57:11] LPR11 Recv: LPR_N
[16:57:12] LPR12 Recv: LPR_N
[16:57:17] LPR11 Recv: LPR_N
[16:57:17] LPR12 Recv: LPR_N
[16:57:22] LPR11 Recv: LPR_N
[16:57:22] LPR12 Recv: LPR_N
[16:57:26] MoneyProc: 현재 범위를 벗어났습니다
[16:57:27] LPR11 Recv: LPR_N
[16:57:28] LPR12 Recv: LPR_N
[16:57:32] LPR11 Recv: LPR_N
[16:57:33] LPR12 Recv: LPR_N
[16:57:38] LPR11 Recv: LPR_N
[16:57:38] LPR12 Recv: LPR_N
[16:57:43] LPR11 Recv: LPR_N
[16:57:43] LPR12 Recv: LPR_N
[16:57:48] LPR12 Recv: LPR_N
[16:57:48] LPR11 Recv: LPR_N
[16:57:53] LPR11 Recv: LPR_N
[16:57:54] LPR12 Recv: LPR_N
[16:57:59] LPR12 Recv: LPR_N
[16:57:59] LPR11 Recv: LPR_N
[16:58:04] LPR11 Recv: LPR_N
[16:58:04] LPR12 Recv: LPR_N
[16:58:09] LPR11 Recv: LPR_N
[16:58:09] LPR12 Recv: LPR_N
[16:58:14] LPR11 Recv: LPR_N
[16:58:15] LPR12 Recv: LPR_N
[16:58:19] LPR11 Recv: LPR_N
[16:58:20] LPR12 Recv: LPR_N
[16:58:25] LPR11 Recv: LPR_N
[16:58:25] LPR12 Recv: LPR_N
[16:58:30] LPR11 Recv: LPR_N
[16:58:30] LPR12 Recv: LPR_N
[16:58:35] LPR11 Recv: LPR_N
[16:58:36] LPR12 Recv: LPR_N
[16:58:40] LPR11 Recv: LPR_N
[16:58:41] LPR12 Recv: LPR_N
[16:58:46] LPR12 Recv: LPR_N
[16:58:46] LPR11 Recv: LPR_N
[16:58:51] LPR11 Recv: LPR_N
[16:58:51] LPR12 Recv: LPR_N
[16:58:56] LPR12 Recv: LPR_N
[16:58:56] LPR11 Recv: LPR_N
[16:59:01] LPR11 Recv: LPR_N
[16:59:02] LPR12 Recv: LPR_N
[16:59:06] LPR11 Recv: LPR_N
[16:59:07] LPR12 Recv: LPR_N
[16:59:12] LPR11 Recv: LPR_N
[16:59:12] LPR12 Recv: LPR_N
[16:59:17] LPR11 Recv: LPR_N
[16:59:17] LPR12 Recv: LPR_N
[16:59:22] LPR11 Recv: LPR_N
[16:59:23] LPR12 Recv: LPR_N
[16:59:27] LPR11 Recv: LPR_N
[16:59:28] LPR12 Recv: LPR_N
[16:59:33] LPR11 Recv: LPR_N
[16:59:33] LPR12 Recv: LPR_N
[16:59:38] LPR11 Recv: LPR_N
[16:59:38] LPR12 Recv: LPR_N
[16:59:43] LPR12 Recv: LPR_N
[16:59:43] LPR11 Recv: LPR_N
[16:59:48] LPR11 Recv: LPR_N
[16:59:49] LPR12 Recv: LPR_N
[16:59:54] LPR12 Recv: LPR_N
[16:59:54] LPR11 Recv: LPR_N
[16:59:59] LPR11 Recv: LPR_N
[16:59:59] LPR12 Recv: LPR_N
[17:00:04] LPR11 Recv: LPR_N
[17:00:04] LPR12 Recv: LPR_N
[17:00:09] LPR11 Recv: LPR_N
[17:00:10] LPR12 Recv: LPR_N
[17:00:14] LPR11 Recv: LPR_N
[17:00:15] LPR12 Recv: LPR_N
[17:00:20] LPR11 Recv: LPR_N
[17:00:20] LPR12 Recv: LPR_N
[17:00:25] LPR11 Recv: LPR_N
[17:00:25] LPR12 Recv: LPR_N
[17:00:30] LPR11 Recv: LPR_N
[17:00:31] LPR12 Recv: LPR_N
[17:00:35] LPR11 Recv: LPR_N
[17:00:36] LPR12 Recv: LPR_N
[17:00:41] LPR12 Recv: LPR_N
[17:00:41] LPR11 Recv: LPR_N
[17:00:46] LPR11 Recv: LPR_N
[17:00:46] LPR12 Recv: LPR_N
[17:00:51] LPR12 Recv: LPR_N
[17:00:51] LPR11 Recv: LPR_N
[17:00:56] LPR11 Recv: LPR_N
[17:00:57] LPR12 Recv: LPR_N
[17:01:01] LPR11 Recv: LPR_N
[17:01:02] LPR12 Recv: LPR_N
[17:01:07] LPR11 Recv: LPR_N
[17:01:07] LPR12 Recv: LPR_N
[17:01:12] LPR11 Recv: LPR_N
[17:01:12] LPR12 Recv: LPR_N
[17:01:17] LPR11 Recv: LPR_N
[17:01:18] LPR12 Recv: LPR_N
[17:01:22] LPR11 Recv: LPR_N
[17:01:23] LPR12 Recv: LPR_N
[17:01:28] LPR11 Recv: LPR_N
[17:01:28] LPR12 Recv: LPR_N
[17:01:33] LPR11 Recv: LPR_N
[17:01:33] LPR12 Recv: LPR_N
[17:01:38] LPR12 Recv: LPR_N
[17:01:38] LPR11 Recv: LPR_N
[17:01:43] LPR11 Recv: LPR_N
[17:01:44] LPR12 Recv: LPR_N
[17:01:49] LPR12 Recv: LPR_N
[17:01:49] LPR11 Recv: LPR_N
[17:01:54] LPR11 Recv: LPR_N
[17:01:54] LPR12 Recv: LPR_N
[17:01:59] LPR11 Recv: LPR_N
[17:01:59] LPR12 Recv: LPR_N
[17:02:04] LPR11 Recv: LPR_N
[17:02:05] LPR12 Recv: LPR_N
[17:02:09] LPR11 Recv: LPR_N
[17:02:10] LPR12 Recv: LPR_N
[17:02:15] LPR11 Recv: LPR_N
[17:02:15] LPR12 Recv: LPR_N
[17:02:20] LPR11 Recv: LPR_N
[17:02:20] LPR12 Recv: LPR_N
[17:02:25] LPR11 Recv: LPR_N
[17:02:26] LPR12 Recv: LPR_N
[17:02:30] LPR11 Recv: LPR_N
[17:02:31] LPR12 Recv: LPR_N
[17:02:36] LPR12 Recv: LPR_N
[17:02:36] LPR11 Recv: LPR_N
[17:02:41] LPR11 Recv: LPR_N
[17:02:41] LPR12 Recv: LPR_N
[17:02:46] LPR12 Recv: LPR_N
[17:02:46] LPR11 Recv: LPR_N
[17:02:51] LPR11 Recv: LPR_N
[17:02:52] LPR12 Recv: LPR_N
[17:02:56] LPR11 Recv: LPR_N
[17:02:57] LPR12 Recv: LPR_N
[17:03:02] LPR11 Recv: LPR_N
[17:03:02] LPR12 Recv: LPR_N
[17:03:07] LPR11 Recv: LPR_N
[17:03:07] LPR12 Recv: LPR_N
[17:03:12] LPR11 Recv: LPR_N
[17:03:13] LPR12 Recv: LPR_N
[17:03:17] LPR11 Recv: LPR_N
[17:03:18] LPR12 Recv: LPR_N
[17:03:23] LPR11 Recv: LPR_N
[17:03:23] LPR12 Recv: LPR_N
[17:03:28] LPR11 Recv: LPR_N
[17:03:28] LPR12 Recv: LPR_N
[17:03:33] LPR12 Recv: LPR_N
[17:03:33] LPR11 Recv: LPR_N
[17:03:38] LPR11 Recv: LPR_N
[17:03:39] LPR12 Recv: LPR_N
[17:03:44] LPR12 Recv: LPR_N
[17:03:44] LPR11 Recv: LPR_N
[17:03:49] LPR11 Recv: LPR_N
[17:03:49] LPR12 Recv: LPR_N
[17:03:54] LPR11 Recv: LPR_N
[17:03:54] LPR12 Recv: LPR_N
[17:03:59] LPR11 Recv: LPR_N
[17:04:00] LPR12 Recv: LPR_N
[17:04:04] LPR11 Recv: LPR_N
[17:04:05] LPR12 Recv: LPR_N
[17:04:10] LPR11 Recv: LPR_N
[17:04:10] LPR12 Recv: LPR_N
[17:04:15] LPR11 Recv: LPR_N
[17:04:15] LPR12 Recv: LPR_N
[17:04:20] LPR11 Recv: LPR_N
[17:04:21] LPR12 Recv: LPR_N
[17:04:25] LPR11 Recv: LPR_N
[17:04:26] LPR12 Recv: LPR_N
[17:04:31] LPR12 Recv: LPR_N
[17:04:31] LPR11 Recv: LPR_N
[17:04:36] LPR11 Recv: LPR_N
[17:04:36] LPR12 Recv: LPR_N
[17:04:41] LPR12 Recv: LPR_N
[17:04:41] LPR11 Recv: LPR_N
[17:04:46] LPR11 Recv: LPR_N
[17:04:47] LPR12 Recv: LPR_N
[17:04:51] LPR11 Recv: LPR_N
[17:04:52] LPR12 Recv: LPR_N
[17:04:57] LPR11 Recv: LPR_N
[17:04:57] LPR12 Recv: LPR_N
[17:05:02] LPR11 Recv: LPR_N
[17:05:02] LPR12 Recv: LPR_N
[17:05:07] LPR11 Recv: LPR_N
[17:05:08] LPR12 Recv: LPR_N
[17:05:12] LPR11 Recv: LPR_N
[17:05:13] LPR12 Recv: LPR_N
[17:05:18] LPR11 Recv: LPR_N
[17:05:18] LPR12 Recv: LPR_N
[17:05:23] LPR11 Recv: LPR_N
[17:05:23] LPR12 Recv: LPR_N
[17:05:28] LPR12 Recv: LPR_N
[17:05:28] LPR11 Recv: LPR_N
[17:05:33] LPR11 Recv: LPR_N
[17:05:34] LPR12 Recv: LPR_N
[17:05:39] LPR12 Recv: LPR_N
[17:05:39] LPR11 Recv: LPR_N
[17:05:44] LPR11 Recv: LPR_N
[17:05:44] LPR12 Recv: LPR_N
[17:05:49] LPR11 Recv: LPR_N
[17:05:49] LPR12 Recv: LPR_N
[17:05:54] LPR11 Recv: LPR_N
[17:05:55] LPR12 Recv: LPR_N
[17:05:59] LPR11 Recv: LPR_N
[17:06:00] LPR12 Recv: LPR_N
[17:06:05] LPR11 Recv: LPR_N
[17:06:05] LPR12 Recv: LPR_N
[17:06:10] LPR11 Recv: LPR_N
[17:06:10] LPR12 Recv: LPR_N
[17:06:15] LPR11 Recv: LPR_N
[17:06:16] LPR12 Recv: LPR_N
[17:06:20] LPR11 Recv: LPR_N
[17:06:21] LPR12 Recv: LPR_N
[17:06:26] LPR12 Recv: LPR_N
[17:06:26] LPR11 Recv: LPR_N
[17:06:31] LPR11 Recv: LPR_N
[17:06:31] LPR12 Recv: LPR_N
[17:06:36] LPR12 Recv: LPR_N
[17:06:36] LPR11 Recv: LPR_N
[17:06:41] LPR11 Recv: LPR_N
[17:06:42] LPR12 Recv: LPR_N
[17:06:46] LPR11 Recv: LPR_N
[17:06:47] LPR12 Recv: LPR_N
[17:06:52] LPR11 Recv: LPR_N
[17:06:52] LPR12 Recv: LPR_N
[17:06:57] LPR11 Recv: LPR_N
[17:06:57] LPR12 Recv: LPR_N
[17:07:02] LPR11 Recv: LPR_N
[17:07:03] LPR12 Recv: LPR_N
[17:07:07] LPR11 Recv: LPR_N
[17:07:08] LPR12 Recv: LPR_N
[17:07:13] LPR11 Recv: LPR_N
[17:07:13] LPR12 Recv: LPR_N
[17:07:18] LPR11 Recv: LPR_N
[17:07:18] LPR12 Recv: LPR_N
[17:07:23] LPR12 Recv: LPR_N
[17:07:23] LPR11 Recv: LPR_N
[17:07:28] LPR11 Recv: LPR_N
[17:07:29] LPR12 Recv: LPR_N
[17:07:34] LPR12 Recv: LPR_N
[17:07:34] LPR11 Recv: LPR_N
[17:07:39] LPR11 Recv: LPR_N
[17:07:39] LPR12 Recv: LPR_N
[17:07:44] LPR11 Recv: LPR_N
[17:07:44] LPR12 Recv: LPR_N
[17:07:49] LPR11 Recv: LPR_N
[17:07:50] LPR12 Recv: LPR_N
[17:07:54] LPR11 Recv: LPR_N
[17:07:55] LPR12 Recv: LPR_N
[17:08:00] LPR11 Recv: LPR_N
[17:08:00] LPR12 Recv: LPR_N
[17:08:05] LPR11 Recv: LPR_N
[17:08:05] LPR12 Recv: LPR_N
[17:08:10] LPR11 Recv: LPR_N
[17:08:11] LPR12 Recv: LPR_N
[17:08:15] LPR11 Recv: LPR_N
[17:08:16] LPR12 Recv: LPR_N
[17:08:21] LPR12 Recv: LPR_N
[17:08:21] LPR11 Recv: LPR_N
[17:08:26] LPR11 Recv: LPR_N
[17:08:26] LPR12 Recv: LPR_N
[17:08:31] LPR12 Recv: LPR_N
[17:08:31] LPR11 Recv: LPR_N
[17:08:36] LPR11 Recv: LPR_N
[17:08:37] LPR12 Recv: LPR_N
[17:08:41] LPR11 Recv: LPR_N
[17:08:42] LPR12 Recv: LPR_N
[17:08:47] LPR11 Recv: LPR_N
[17:08:47] LPR12 Recv: LPR_N
[17:08:52] LPR11 Recv: LPR_N
[17:08:52] LPR12 Recv: LPR_N
[17:08:57] LPR11 Recv: LPR_N
[17:08:58] LPR12 Recv: LPR_N
[17:09:02] LPR11 Recv: LPR_N
[17:09:03] LPR12 Recv: LPR_N
[17:09:08] LPR11 Recv: LPR_N
[17:09:08] LPR12 Recv: LPR_N
[17:09:13] LPR11 Recv: LPR_N
[17:09:13] LPR12 Recv: LPR_N
[17:09:18] LPR12 Recv: LPR_N
[17:09:18] LPR11 Recv: LPR_N
[17:09:23] LPR11 Recv: LPR_N
[17:09:24] LPR12 Recv: LPR_N
[17:09:29] LPR12 Recv: LPR_N
[17:09:29] LPR11 Recv: LPR_N
[17:09:34] LPR11 Recv: LPR_N
[17:09:34] LPR12 Recv: LPR_N
[17:09:39] LPR11 Recv: LPR_N
[17:09:39] LPR12 Recv: LPR_N
[17:09:44] LPR11 Recv: LPR_N
[17:09:45] LPR12 Recv: LPR_N
[17:09:49] LPR11 Recv: LPR_N
[17:09:50] LPR12 Recv: LPR_N
[17:09:55] LPR11 Recv: LPR_N
[17:09:55] LPR12 Recv: LPR_N
[17:10:00] LPR11 Recv: LPR_N
[17:10:00] LPR12 Recv: LPR_N
[17:10:05] LPR11 Recv: LPR_N
[17:10:06] LPR12 Recv: LPR_N
[17:10:10] LPR11 Recv: LPR_N
[17:10:11] LPR12 Recv: LPR_N
[17:10:16] LPR12 Recv: LPR_N
[17:10:16] LPR11 Recv: LPR_N
[17:10:21] LPR11 Recv: LPR_N
[17:10:21] LPR12 Recv: LPR_N
[17:10:26] LPR12 Recv: LPR_N
[17:10:26] LPR11 Recv: LPR_N
[17:10:31] LPR11 Recv: LPR_N
[17:10:32] LPR12 Recv: LPR_N
[17:10:36] LPR11 Recv: LPR_N
[17:10:37] LPR12 Recv: LPR_N
[17:10:42] LPR11 Recv: LPR_N
[17:10:42] LPR12 Recv: LPR_N
[17:10:47] LPR11 Recv: LPR_N
[17:10:47] LPR12 Recv: LPR_N
[17:10:52] LPR11 Recv: LPR_N
[17:10:53] LPR12 Recv: LPR_N
[17:10:57] LPR11 Recv: LPR_N
[17:10:58] LPR12 Recv: LPR_N
[17:11:03] LPR11 Recv: LPR_N
[17:11:03] LPR12 Recv: LPR_N
[17:11:08] LPR11 Recv: LPR_N
[17:11:08] LPR12 Recv: LPR_N
[17:11:13] LPR12 Recv: LPR_N
[17:11:13] LPR11 Recv: LPR_N
[17:11:18] LPR11 Recv: LPR_N
[17:11:19] LPR12 Recv: LPR_N
[17:11:24] LPR12 Recv: LPR_N
[17:11:24] LPR11 Recv: LPR_N
[17:11:29] LPR11 Recv: LPR_N
[17:11:29] LPR12 Recv: LPR_N
[17:11:34] LPR11 Recv: LPR_N
[17:11:34] LPR12 Recv: LPR_N
[17:11:39] LPR11 Recv: LPR_N
[17:11:40] LPR12 Recv: LPR_N
[17:11:44] LPR11 Recv: LPR_N
[17:11:45] LPR12 Recv: LPR_N
[17:11:50] LPR11 Recv: LPR_N
[17:11:50] LPR12 Recv: LPR_N
[17:11:55] LPR11 Recv: LPR_N
[17:11:55] LPR12 Recv: LPR_N
[17:12:00] LPR11 Recv: LPR_N
[17:12:01] LPR12 Recv: LPR_N
[17:12:05] LPR11 Recv: LPR_N
[17:12:06] LPR12 Recv: LPR_N
[17:12:11] LPR12 Recv: LPR_N
[17:12:11] LPR11 Recv: LPR_N
[17:12:16] LPR11 Recv: LPR_N
[17:12:16] LPR12 Recv: LPR_N
[17:12:21] LPR12 Recv: LPR_N
[17:12:21] LPR11 Recv: LPR_N
[17:12:26] LPR11 Recv: LPR_N
[17:12:27] LPR12 Recv: LPR_N
[17:12:31] LPR11 Recv: LPR_N
[17:12:32] LPR12 Recv: LPR_N
[17:12:37] LPR11 Recv: LPR_N
[17:12:37] LPR12 Recv: LPR_N
[17:12:42] LPR11 Recv: LPR_N
[17:12:42] LPR12 Recv: LPR_N
[17:12:47] LPR11 Recv: LPR_N
[17:12:48] LPR12 Recv: LPR_N
[17:12:52] LPR11 Recv: LPR_N
[17:12:53] LPR12 Recv: LPR_N
[17:12:58] LPR11 Recv: LPR_N
[17:12:58] LPR12 Recv: LPR_N
[17:13:03] LPR11 Recv: LPR_N
[17:13:03] LPR12 Recv: LPR_N
[17:13:08] LPR12 Recv: LPR_N
[17:13:08] LPR11 Recv: LPR_N
[17:13:13] LPR11 Recv: LPR_N
[17:13:14] LPR12 Recv: LPR_N
[17:13:19] LPR12 Recv: LPR_N
[17:13:19] LPR11 Recv: LPR_N
[17:13:24] LPR11 Recv: LPR_N
[17:13:24] LPR12 Recv: LPR_N
[17:13:29] LPR11 Recv: LPR_N
[17:13:29] LPR12 Recv: LPR_N
[17:13:34] LPR11 Recv: LPR_N
[17:13:35] LPR12 Recv: LPR_N
[17:13:39] LPR11 Recv: LPR_N
[17:13:40] LPR12 Recv: LPR_N
[17:13:45] LPR11 Recv: LPR_N
[17:13:45] LPR12 Recv: LPR_N
[17:13:50] LPR11 Recv: LPR_N
[17:13:50] LPR12 Recv: LPR_N
[17:13:55] LPR11 Recv: LPR_N
[17:13:56] LPR12 Recv: LPR_N
[17:14:00] LPR11 Recv: LPR_N
[17:14:01] LPR12 Recv: LPR_N
[17:14:06] LPR12 Recv: LPR_N
[17:14:06] LPR11 Recv: LPR_N
[17:14:11] LPR11 Recv: LPR_N
[17:14:11] LPR12 Recv: LPR_N
[17:14:16] LPR12 Recv: LPR_N
[17:14:16] LPR11 Recv: LPR_N
[17:14:21] LPR11 Recv: LPR_N
[17:14:22] LPR12 Recv: LPR_N
[17:14:26] LPR11 Recv: LPR_N
[17:14:27] LPR12 Recv: LPR_N
[17:14:32] LPR11 Recv: LPR_N
[17:14:32] LPR12 Recv: LPR_N
[17:14:37] LPR11 Recv: LPR_N
[17:14:37] LPR12 Recv: LPR_N
[17:14:42] LPR11 Recv: LPR_N
[17:14:43] LPR12 Recv: LPR_N
[17:14:47] LPR11 Recv: LPR_N
[17:14:48] LPR12 Recv: LPR_N
[17:14:53] LPR11 Recv: LPR_N
[17:14:53] LPR12 Recv: LPR_N
[17:14:58] LPR11 Recv: LPR_N
[17:14:58] LPR12 Recv: LPR_N
[17:15:03] LPR12 Recv: LPR_N
[17:15:03] LPR11 Recv: LPR_N
[17:15:08] LPR11 Recv: LPR_N
[17:15:09] LPR12 Recv: LPR_N
[17:15:14] LPR12 Recv: LPR_N
[17:15:14] LPR11 Recv: LPR_N
[17:15:19] LPR11 Recv: LPR_N
[17:15:19] LPR12 Recv: LPR_N
[17:15:24] LPR11 Recv: LPR_N
[17:15:24] LPR12 Recv: LPR_N
[17:15:29] LPR11 Recv: LPR_N
[17:15:30] LPR12 Recv: LPR_N
[17:15:34] LPR11 Recv: LPR_N
[17:15:35] LPR12 Recv: LPR_N
[17:15:40] LPR11 Recv: LPR_N
[17:15:40] LPR12 Recv: LPR_N
[17:15:45] LPR11 Recv: LPR_N
[17:15:45] LPR12 Recv: LPR_N
[17:15:50] LPR11 Recv: LPR_N
[17:15:51] LPR12 Recv: LPR_N
[17:15:55] LPR11 Recv: LPR_N
[17:15:56] LPR12 Recv: LPR_N
[17:16:01] LPR12 Recv: LPR_N
[17:16:01] LPR11 Recv: LPR_N
[17:16:06] LPR11 Recv: LPR_N
[17:16:06] LPR12 Recv: LPR_N
[17:16:11] LPR12 Recv: LPR_N
[17:16:12] LPR11 Recv: LPR_N
[17:16:17] LPR11 Recv: LPR_N
[17:16:17] LPR12 Recv: LPR_N
[17:16:22] LPR11 Recv: LPR_N
[17:16:22] LPR12 Recv: LPR_N
[17:16:27] LPR11 Recv: LPR_N
[17:16:27] LPR12 Recv: LPR_N
[17:16:32] LPR11 Recv: LPR_N
[17:16:32] LPR12 Recv: LPR_N
[17:16:38] LPR11 Recv: LPR_N
[17:16:38] LPR12 Recv: LPR_N
[17:16:43] LPR11 Recv: LPR_N
[17:16:43] LPR12 Recv: LPR_N
[17:16:48] LPR11 Recv: LPR_N
[17:16:48] LPR12 Recv: LPR_N
[17:16:53] LPR11 Recv: LPR_N
[17:16:53] LPR12 Recv: LPR_N
[17:16:58] LPR12 Recv: LPR_N
[17:16:59] LPR11 Recv: LPR_N
[17:17:04] LPR11 Recv: LPR_N
[17:17:04] LPR12 Recv: LPR_N
[17:17:09] LPR12 Recv: LPR_N
[17:17:09] LPR11 Recv: LPR_N
[17:17:14] LPR11 Recv: LPR_N
[17:17:14] LPR12 Recv: LPR_N
[17:17:19] LPR11 Recv: LPR_N
[17:17:19] LPR12 Recv: LPR_N
[17:17:25] LPR11 Recv: LPR_N
[17:17:25] LPR12 Recv: LPR_N
[17:17:30] LPR11 Recv: LPR_N
[17:17:30] LPR12 Recv: LPR_N
[17:17:35] LPR11 Recv: LPR_N
[17:17:35] LPR12 Recv: LPR_N
[17:17:40] LPR11 Recv: LPR_N
[17:17:40] LPR12 Recv: LPR_N
[17:17:46] LPR11 Recv: LPR_N
[17:17:46] LPR12 Recv: LPR_N
[17:17:51] LPR11 Recv: LPR_N
[17:17:51] LPR12 Recv: LPR_N
[17:17:56] LPR12 Recv: LPR_N
[17:17:56] LPR11 Recv: LPR_N
[17:18:01] LPR11 Recv: LPR_N
[17:18:01] LPR12 Recv: LPR_N
[17:18:06] LPR12 Recv: LPR_N
[17:18:07] LPR11 Recv: LPR_N
[17:18:12] LPR11 Recv: LPR_N
[17:18:12] LPR12 Recv: LPR_N
[17:18:17] LPR11 Recv: LPR_N
[17:18:17] LPR12 Recv: LPR_N
[17:18:22] LPR11 Recv: LPR_N
[17:18:22] LPR12 Recv: LPR_N
[17:18:27] LPR11 Recv: LPR_N
[17:18:27] LPR12 Recv: LPR_N
[17:18:33] LPR11 Recv: LPR_N
[17:18:33] LPR12 Recv: LPR_N
[17:18:38] LPR11 Recv: LPR_N
[17:18:38] LPR12 Recv: LPR_N
[17:18:43] LPR11 Recv: LPR_N
[17:18:43] LPR12 Recv: LPR_N
[17:18:48] LPR11 Recv: LPR_N
[17:18:48] LPR12 Recv: LPR_N
[17:18:53] LPR12 Recv: LPR_N
[17:18:54] LPR11 Recv: LPR_N
[17:18:59] LPR11 Recv: LPR_N
[17:18:59] LPR12 Recv: LPR_N
[17:19:04] LPR12 Recv: LPR_N
[17:19:04] LPR11 Recv: LPR_N
[17:19:09] LPR11 Recv: LPR_N
[17:19:09] LPR12 Recv: LPR_N
[17:19:14] LPR11 Recv: LPR_N
[17:19:14] LPR12 Recv: LPR_N
[17:19:20] LPR11 Recv: LPR_N
[17:19:20] LPR12 Recv: LPR_N
[17:19:25] LPR11 Recv: LPR_N
[17:19:25] LPR12 Recv: LPR_N
[17:19:30] LPR11 Recv: LPR_N
[17:19:30] LPR12 Recv: LPR_N
[17:19:35] LPR11 Recv: LPR_N
[17:19:35] LPR12 Recv: LPR_N
[17:19:41] LPR11 Recv: LPR_N
[17:19:41] LPR12 Recv: LPR_N
[17:19:46] LPR11 Recv: LPR_N
[17:19:46] LPR12 Recv: LPR_N
[17:19:51] LPR12 Recv: LPR_N
[17:19:51] LPR11 Recv: LPR_N
[17:19:56] LPR11 Recv: LPR_N
[17:19:56] LPR12 Recv: LPR_N
[17:20:01] LPR12 Recv: LPR_N
[17:20:02] LPR11 Recv: LPR_N
[17:20:07] LPR11 Recv: LPR_N
[17:20:07] LPR12 Recv: LPR_N
[17:20:12] LPR11 Recv: LPR_N
[17:20:12] LPR12 Recv: LPR_N
[17:20:17] LPR11 Recv: LPR_N
[17:20:17] LPR12 Recv: LPR_N
[17:20:22] LPR11 Recv: LPR_N
[17:20:22] LPR12 Recv: LPR_N
[17:20:28] LPR11 Recv: LPR_N
[17:20:28] LPR12 Recv: LPR_N
[17:20:33] LPR11 Recv: LPR_N
[17:20:33] LPR12 Recv: LPR_N
[17:20:38] LPR11 Recv: LPR_N
[17:20:38] LPR12 Recv: LPR_N
[17:20:43] LPR11 Recv: LPR_N
[17:20:43] LPR12 Recv: LPR_N
[17:20:44] Ping 시간 체크1-781666359
[17:20:44] Ping 시간 체크2-781666375
[17:20:44] Ping 시간 체크1-781666375
[17:20:44] Ping 시간 체크2-781666375
[17:20:44] 출구차단기 Open
[17:20:44] Ping 시간 체크1-781666390
[17:20:44] Ping 시간 체크2-781666390
[17:20:48] LPR12 Recv: LPR_N
[17:20:49] LPR11 Recv: LPR_N
[17:20:54] LPR11 Recv: LPR_N
[17:20:54] LPR12 Recv: LPR_N
[17:20:59] LPR12 Recv: LPR_N
[17:20:59] LPR11 Recv: LPR_N
[17:21:04] LPR11 Recv: LPR_N
[17:21:04] LPR12 Recv: LPR_N
[17:21:09] LPR11 Recv: LPR_N
[17:21:09] LPR12 Recv: LPR_N
[17:21:15] LPR11 Recv: LPR_N
[17:21:15] LPR12 Recv: LPR_N
[17:21:20] LPR11 Recv: LPR_N
[17:21:20] LPR12 Recv: LPR_N
[17:21:25] LPR11 Recv: LPR_N
[17:21:25] LPR12 Recv: LPR_N
[17:21:30] LPR11 Recv: LPR_N
[17:21:30] LPR12 Recv: LPR_N
[17:21:36] LPR11 Recv: LPR_N
[17:21:36] LPR12 Recv: LPR_N
[17:21:41] LPR11 Recv: LPR_N
[17:21:41] LPR12 Recv: LPR_N
[17:21:46] LPR12 Recv: LPR_N
[17:21:46] LPR11 Recv: LPR_N
[17:21:51] LPR11 Recv: LPR_N
[17:21:51] LPR12 Recv: LPR_N
[17:21:56] LPR12 Recv: LPR_N
[17:21:57] LPR11 Recv: LPR_N
[17:22:02] LPR11 Recv: LPR_N
[17:22:02] LPR12 Recv: LPR_N
[17:22:07] LPR11 Recv: LPR_N
[17:22:07] LPR12 Recv: LPR_N
[17:22:12] LPR11 Recv: LPR_N
[17:22:12] LPR12 Recv: LPR_N
[17:22:17] LPR11 Recv: LPR_N
[17:22:17] LPR12 Recv: LPR_N
[17:22:23] LPR11 Recv: LPR_N
[17:22:23] LPR12 Recv: LPR_N
[17:22:28] LPR11 Recv: LPR_N
[17:22:28] LPR12 Recv: LPR_N
[17:22:33] LPR11 Recv: LPR_N
[17:22:33] LPR12 Recv: LPR_N
[17:22:38] LPR11 Recv: LPR_N
[17:22:38] LPR12 Recv: LPR_N
[17:22:43] LPR12 Recv: LPR_N
[17:22:44] LPR11 Recv: LPR_N
[17:22:49] LPR11 Recv: LPR_N
[17:22:49] LPR12 Recv: LPR_N
[17:22:54] LPR12 Recv: LPR_N
[17:22:54] LPR11 Recv: LPR_N
[17:22:59] LPR11 Recv: LPR_N
[17:22:59] LPR12 Recv: LPR_N
[17:23:04] LPR11 Recv: LPR_N
[17:23:04] LPR12 Recv: LPR_N
[17:23:10] LPR11 Recv: LPR_N
[17:23:10] LPR12 Recv: LPR_N
[17:23:15] LPR11 Recv: LPR_N
[17:23:15] LPR12 Recv: LPR_N
[17:23:20] LPR11 Recv: LPR_N
[17:23:20] LPR12 Recv: LPR_N
[17:23:25] LPR11 Recv: LPR_N
[17:23:25] LPR12 Recv: LPR_N
[17:23:31] LPR11 Recv: LPR_N
[17:23:31] LPR12 Recv: LPR_N
[17:23:36] LPR11 Recv: LPR_N
[17:23:36] LPR12 Recv: LPR_N
[17:23:41] LPR12 Recv: LPR_N
[17:23:41] LPR11 Recv: LPR_N
[17:23:46] LPR11 Recv: LPR_N
[17:23:46] LPR12 Recv: LPR_N
[17:23:51] LPR12 Recv: LPR_N
[17:23:52] LPR11 Recv: LPR_N
[17:23:57] LPR11 Recv: LPR_N
[17:23:57] LPR12 Recv: LPR_N
[17:24:02] LPR11 Recv: LPR_N
[17:24:02] LPR12 Recv: LPR_N
[17:24:07] LPR11 Recv: LPR_N
[17:24:07] LPR12 Recv: LPR_N
[17:24:12] LPR11 Recv: LPR_N
[17:24:12] LPR12 Recv: LPR_N
[17:24:18] LPR11 Recv: LPR_N
[17:24:18] LPR12 Recv: LPR_N
[17:24:23] LPR11 Recv: LPR_N
[17:24:23] LPR12 Recv: LPR_N
[17:24:28] LPR11 Recv: LPR_N
[17:24:28] LPR12 Recv: LPR_N
[17:24:33] LPR11 Recv: LPR_N
[17:24:33] LPR12 Recv: LPR_N
[17:24:38] LPR12 Recv: LPR_N
[17:24:39] LPR11 Recv: LPR_N
[17:24:44] LPR11 Recv: LPR_N
[17:24:44] LPR12 Recv: LPR_N
[17:24:49] LPR12 Recv: LPR_N
[17:24:49] LPR11 Recv: LPR_N
[17:24:54] LPR11 Recv: LPR_N
[17:24:54] LPR12 Recv: LPR_N
[17:24:59] LPR11 Recv: LPR_N
[17:24:59] LPR12 Recv: LPR_N
[17:25:05] LPR11 Recv: LPR_N
[17:25:05] LPR12 Recv: LPR_N
[17:25:10] LPR11 Recv: LPR_N
[17:25:10] LPR12 Recv: LPR_N
[17:25:15] LPR11 Recv: LPR_N
[17:25:15] LPR12 Recv: LPR_N
[17:25:20] LPR11 Recv: LPR_N
[17:25:20] LPR12 Recv: LPR_N
[17:25:26] LPR11 Recv: LPR_N
[17:25:26] LPR12 Recv: LPR_N
[17:25:31] LPR11 Recv: LPR_N
[17:25:31] LPR12 Recv: LPR_N
[17:25:36] LPR12 Recv: LPR_N
[17:25:36] LPR11 Recv: LPR_N
[17:25:41] LPR11 Recv: LPR_N
[17:25:41] LPR12 Recv: LPR_N
[17:25:46] LPR12 Recv: LPR_N
[17:25:47] LPR11 Recv: LPR_N
[17:25:52] LPR11 Recv: LPR_N
[17:25:52] LPR12 Recv: LPR_N
[17:25:57] LPR11 Recv: LPR_N
[17:25:57] LPR12 Recv: LPR_N
[17:26:02] LPR11 Recv: LPR_N
[17:26:02] LPR12 Recv: LPR_N
[17:26:07] LPR11 Recv: LPR_N
[17:26:07] LPR12 Recv: LPR_N
[17:26:13] LPR11 Recv: LPR_N
[17:26:13] LPR12 Recv: LPR_N
[17:26:18] LPR11 Recv: LPR_N
[17:26:18] LPR12 Recv: LPR_N
[17:26:23] LPR11 Recv: LPR_N
[17:26:23] LPR12 Recv: LPR_N
[17:26:28] LPR11 Recv: LPR_N
[17:26:28] LPR12 Recv: LPR_N
[17:26:32] Ping 시간 체크1-782014062
[17:26:32] Ping 시간 체크2-782014078
[17:26:32] Ping 시간 체크1-782014078
[17:26:32] Ping 시간 체크2-782014078
[17:26:32] 출구차단기 Open
[17:26:33] LPR12 Recv: LPR_N
[17:26:34] LPR11 Recv: LPR_N
[17:26:39] LPR11 Recv: LPR_N
[17:26:39] LPR12 Recv: LPR_N
[17:26:44] LPR12 Recv: LPR_N
[17:26:44] LPR11 Recv: LPR_N
[17:26:49] LPR11 Recv: LPR_N
[17:26:49] LPR12 Recv: LPR_N
[17:26:54] LPR11 Recv: LPR_N
[17:26:54] LPR12 Recv: LPR_N
[17:27:00] LPR11 Recv: LPR_N
[17:27:00] LPR12 Recv: LPR_N
[17:27:05] LPR11 Recv: LPR_N
[17:27:05] LPR12 Recv: LPR_N
[17:27:10] LPR11 Recv: LPR_N
[17:27:10] LPR12 Recv: LPR_N
[17:27:15] LPR11 Recv: LPR_N
[17:27:15] LPR12 Recv: LPR_N
[17:27:21] LPR11 Recv: LPR_N
[17:27:21] LPR12 Recv: LPR_N
[17:27:26] LPR11 Recv: LPR_N
[17:27:26] LPR12 Recv: LPR_N
[17:27:31] LPR12 Recv: LPR_N
[17:27:31] LPR11 Recv: LPR_N
[17:27:36] LPR11 Recv: LPR_N
[17:27:36] LPR12 Recv: LPR_N
[17:27:41] LPR12 Recv: LPR_N
[17:27:42] LPR11 Recv: LPR_N
[17:27:47] LPR11 Recv: LPR_N
[17:27:47] LPR12 Recv: LPR_N
[17:27:52] LPR11 Recv: LPR_N
[17:27:52] LPR12 Recv: LPR_N
[17:27:57] LPR11 Recv: LPR_N
[17:27:57] LPR12 Recv: LPR_N
[17:28:02] LPR11 Recv: LPR_N
[17:28:02] LPR12 Recv: LPR_N
[17:28:08] LPR11 Recv: LPR_N
[17:28:08] LPR12 Recv: LPR_N
[17:28:13] LPR11 Recv: LPR_N
[17:28:13] LPR12 Recv: LPR_N
[17:28:18] LPR11 Recv: LPR_N
[17:28:18] LPR12 Recv: LPR_N
[17:28:23] LPR11 Recv: LPR_N
[17:28:23] LPR12 Recv: LPR_N
[17:28:28] LPR12 Recv: LPR_N
[17:28:29] LPR11 Recv: LPR_N
[17:28:34] LPR11 Recv: LPR_N
[17:28:34] LPR12 Recv: LPR_N
[17:28:39] LPR12 Recv: LPR_N
[17:28:39] LPR11 Recv: LPR_N
[17:28:44] LPR11 Recv: LPR_N
[17:28:45] LPR12 Recv: LPR_N
[17:28:49] LPR11 Recv: LPR_N
[17:28:50] LPR12 Recv: LPR_N
[17:28:55] LPR11 Recv: LPR_N
[17:28:55] LPR12 Recv: LPR_N
[17:29:00] LPR11 Recv: LPR_N
[17:29:00] LPR12 Recv: LPR_N
[17:29:05] LPR11 Recv: LPR_N
[17:29:06] LPR12 Recv: LPR_N
[17:29:10] LPR11 Recv: LPR_N
[17:29:11] LPR12 Recv: LPR_N
[17:29:16] LPR11 Recv: LPR_N
[17:29:16] LPR12 Recv: LPR_N
[17:29:21] LPR11 Recv: LPR_N
[17:29:21] LPR12 Recv: LPR_N
[17:29:26] LPR12 Recv: LPR_N
[17:29:26] LPR11 Recv: LPR_N
[17:29:31] LPR11 Recv: LPR_N
[17:29:32] LPR12 Recv: LPR_N
[17:29:37] LPR12 Recv: LPR_N
[17:29:37] LPR11 Recv: LPR_N
[17:29:42] LPR11 Recv: LPR_N
[17:29:42] LPR12 Recv: LPR_N
[17:29:47] LPR11 Recv: LPR_N
[17:29:47] LPR12 Recv: LPR_N
[17:29:52] LPR11 Recv: LPR_N
[17:29:53] LPR12 Recv: LPR_N
[17:29:57] LPR11 Recv: LPR_N
[17:29:58] LPR12 Recv: LPR_N
[17:30:03] LPR11 Recv: LPR_N
[17:30:03] LPR12 Recv: LPR_N
[17:30:08] LPR11 Recv: LPR_N
[17:30:08] LPR12 Recv: LPR_N
[17:30:13] LPR11 Recv: LPR_N
[17:30:14] LPR12 Recv: LPR_N
[17:30:18] LPR11 Recv: LPR_N
[17:30:19] LPR12 Recv: LPR_N
[17:30:24] LPR12 Recv: LPR_N
[17:30:24] LPR11 Recv: LPR_N
[17:30:29] LPR11 Recv: LPR_N
[17:30:29] LPR12 Recv: LPR_N
[17:30:34] LPR12 Recv: LPR_N
[17:30:34] LPR11 Recv: LPR_N
[17:30:39] LPR11 Recv: LPR_N
[17:30:40] LPR12 Recv: LPR_N
[17:30:44] LPR11 Recv: LPR_N
[17:30:45] LPR12 Recv: LPR_N
[17:30:50] LPR11 Recv: LPR_N
[17:30:50] LPR12 Recv: LPR_N
[17:30:55] LPR11 Recv: LPR_N
[17:30:55] LPR12 Recv: LPR_N
[17:31:00] LPR11 Recv: LPR_N
[17:31:01] LPR12 Recv: LPR_N
[17:31:05] LPR11 Recv: LPR_N
[17:31:06] LPR12 Recv: LPR_N
[17:31:11] LPR11 Recv: LPR_N
[17:31:11] LPR12 Recv: LPR_N
[17:31:16] LPR11 Recv: LPR_N
[17:31:16] LPR12 Recv: LPR_N
[17:31:21] LPR12 Recv: LPR_N
[17:31:21] LPR11 Recv: LPR_N
[17:31:26] LPR11 Recv: LPR_N
[17:31:27] LPR12 Recv: LPR_N
[17:31:32] LPR12 Recv: LPR_N
[17:31:32] LPR11 Recv: LPR_N
[17:31:37] LPR11 Recv: LPR_N
[17:31:37] LPR12 Recv: LPR_N
[17:31:42] LPR11 Recv: LPR_N
[17:31:42] LPR12 Recv: LPR_N
[17:31:47] LPR11 Recv: LPR_N
[17:31:48] LPR12 Recv: LPR_N
[17:31:52] LPR11 Recv: LPR_N
[17:31:53] LPR12 Recv: LPR_N
[17:31:58] LPR11 Recv: LPR_N
[17:31:58] LPR12 Recv: LPR_N
[17:32:03] LPR11 Recv: LPR_N
[17:32:03] LPR12 Recv: LPR_N
[17:32:08] LPR11 Recv: LPR_N
[17:32:09] LPR12 Recv: LPR_N
[17:32:13] LPR11 Recv: LPR_N
[17:32:14] LPR12 Recv: LPR_N
[17:32:19] LPR12 Recv: LPR_N
[17:32:19] LPR11 Recv: LPR_N
[17:32:24] LPR11 Recv: LPR_N
[17:32:24] LPR12 Recv: LPR_N
[17:32:29] LPR12 Recv: LPR_N
[17:32:29] LPR11 Recv: LPR_N
[17:32:34] LPR11 Recv: LPR_N
[17:32:35] LPR12 Recv: LPR_N
[17:32:39] LPR11 Recv: LPR_N
[17:32:40] LPR12 Recv: LPR_N
[17:32:45] LPR11 Recv: LPR_N
[17:32:45] LPR12 Recv: LPR_N
[17:32:50] LPR11 Recv: LPR_N
[17:32:50] LPR12 Recv: LPR_N
[17:32:55] LPR11 Recv: LPR_N
[17:32:56] LPR12 Recv: LPR_N
[17:33:00] LPR11 Recv: LPR_N
[17:33:01] LPR12 Recv: LPR_N
[17:33:06] LPR11 Recv: LPR_N
[17:33:06] LPR12 Recv: LPR_N
[17:33:11] LPR11 Recv: LPR_N
[17:33:11] LPR12 Recv: LPR_N
[17:33:16] LPR12 Recv: LPR_N
[17:33:16] LPR11 Recv: LPR_N
[17:33:21] LPR11 Recv: LPR_N
[17:33:22] LPR12 Recv: LPR_N
[17:33:27] LPR12 Recv: LPR_N
[17:33:27] LPR11 Recv: LPR_N
[17:33:32] LPR11 Recv: LPR_N
[17:33:32] LPR12 Recv: LPR_N
[17:33:37] LPR11 Recv: LPR_N
[17:33:37] LPR12 Recv: LPR_N
[17:33:42] LPR11 Recv: LPR_N
[17:33:43] LPR12 Recv: LPR_N
[17:33:47] LPR11 Recv: LPR_N
[17:33:48] LPR12 Recv: LPR_N
[17:33:53] LPR11 Recv: LPR_N
[17:33:53] LPR12 Recv: LPR_N
[17:33:58] LPR11 Recv: LPR_N
[17:33:58] LPR12 Recv: LPR_N
[17:34:03] LPR11 Recv: LPR_N
[17:34:04] LPR12 Recv: LPR_N
[17:34:08] LPR11 Recv: LPR_N
[17:34:09] LPR12 Recv: LPR_N
[17:34:14] LPR12 Recv: LPR_N
[17:34:14] LPR11 Recv: LPR_N
[17:34:19] LPR11 Recv: LPR_N
[17:34:19] LPR12 Recv: LPR_N
[17:34:24] LPR12 Recv: LPR_N
[17:34:24] LPR11 Recv: LPR_N
[17:34:29] LPR11 Recv: LPR_N
[17:34:30] LPR12 Recv: LPR_N
[17:34:34] LPR11 Recv: LPR_N
[17:34:35] LPR12 Recv: LPR_N
[17:34:40] LPR11 Recv: LPR_N
[17:34:40] LPR12 Recv: LPR_N
[17:34:45] LPR11 Recv: LPR_N
[17:34:45] LPR12 Recv: LPR_N
[17:34:50] LPR11 Recv: LPR_N
[17:34:51] LPR12 Recv: LPR_N
[17:34:55] LPR11 Recv: LPR_N
[17:34:56] LPR12 Recv: LPR_N
[17:35:01] LPR11 Recv: LPR_N
[17:35:01] LPR12 Recv: LPR_N
[17:35:06] LPR11 Recv: LPR_N
[17:35:06] LPR12 Recv: LPR_N
[17:35:11] LPR12 Recv: LPR_N
[17:35:11] LPR11 Recv: LPR_N
[17:35:16] LPR11 Recv: LPR_N
[17:35:17] LPR12 Recv: LPR_N
[17:35:22] LPR12 Recv: LPR_N
[17:35:22] LPR11 Recv: LPR_N
[17:35:27] LPR11 Recv: LPR_N
[17:35:27] LPR12 Recv: LPR_N
[17:35:32] LPR11 Recv: LPR_N
[17:35:32] LPR12 Recv: LPR_N
[17:35:37] LPR11 Recv: LPR_N
[17:35:38] LPR12 Recv: LPR_N
[17:35:42] LPR11 Recv: LPR_N
[17:35:43] LPR12 Recv: LPR_N
[17:35:48] LPR11 Recv: LPR_N
[17:35:48] LPR12 Recv: LPR_N
[17:35:53] LPR11 Recv: LPR_N
[17:35:53] LPR12 Recv: LPR_N
[17:35:58] LPR11 Recv: LPR_N
[17:35:59] LPR12 Recv: LPR_N
[17:36:03] LPR11 Recv: LPR_N
[17:36:04] LPR12 Recv: LPR_N
[17:36:09] LPR12 Recv: LPR_N
[17:36:09] LPR11 Recv: LPR_N
[17:36:14] LPR11 Recv: LPR_N
[17:36:14] LPR12 Recv: LPR_N
[17:36:19] LPR12 Recv: LPR_N
[17:36:19] LPR11 Recv: LPR_N
[17:36:24] LPR11 Recv: LPR_N
[17:36:25] LPR12 Recv: LPR_N
[17:36:29] LPR11 Recv: LPR_N
[17:36:30] LPR12 Recv: LPR_N
[17:36:35] LPR11 Recv: LPR_N
[17:36:35] LPR12 Recv: LPR_N
[17:36:40] LPR11 Recv: LPR_N
[17:36:40] LPR12 Recv: LPR_N
[17:36:45] LPR11 Recv: LPR_N
[17:36:46] LPR12 Recv: LPR_N
[17:36:50] LPR11 Recv: LPR_N
[17:36:51] LPR12 Recv: LPR_N
[17:36:56] LPR11 Recv: LPR_N
[17:36:56] LPR12 Recv: LPR_N
[17:37:01] LPR11 Recv: LPR_N
[17:37:01] LPR12 Recv: LPR_N
[17:37:06] LPR12 Recv: LPR_N
[17:37:06] LPR11 Recv: LPR_N
[17:37:11] LPR11 Recv: LPR_N
[17:37:12] LPR12 Recv: LPR_N
[17:37:17] LPR12 Recv: LPR_N
[17:37:17] LPR11 Recv: LPR_N
[17:37:22] LPR11 Recv: LPR_N
[17:37:22] LPR12 Recv: LPR_N
[17:37:27] LPR11 Recv: LPR_N
[17:37:27] LPR12 Recv: LPR_N
[17:37:32] LPR11 Recv: LPR_N
[17:37:33] LPR12 Recv: LPR_N
[17:37:37] LPR11 Recv: LPR_N
[17:37:38] LPR12 Recv: LPR_N
[17:37:43] LPR11 Recv: LPR_N
[17:37:43] LPR12 Recv: LPR_N
[17:37:48] LPR11 Recv: LPR_N
[17:37:48] LPR12 Recv: LPR_N
[17:37:53] LPR11 Recv: LPR_N
[17:37:54] LPR12 Recv: LPR_N
[17:37:58] LPR11 Recv: LPR_N
[17:37:59] LPR12 Recv: LPR_N
[17:38:04] LPR11 Recv: LPR_N
[17:38:04] LPR12 Recv: LPR_N
[17:38:09] LPR11 Recv: LPR_N
[17:38:09] LPR12 Recv: LPR_N
[17:38:14] LPR11 Recv: LPR_N
[17:38:14] LPR12 Recv: LPR_N
[17:38:19] LPR11 Recv: LPR_N
[17:38:20] LPR12 Recv: LPR_N
[17:38:24] LPR11 Recv: LPR_N
[17:38:25] LPR12 Recv: LPR_N
[17:38:30] LPR11 Recv: LPR_N
[17:38:30] LPR12 Recv: LPR_N
[17:38:35] LPR11 Recv: LPR_N
[17:38:35] LPR12 Recv: LPR_N
[17:38:40] LPR11 Recv: LPR_N
[17:38:41] LPR12 Recv: LPR_N
[17:38:45] LPR11 Recv: LPR_N
[17:38:46] LPR12 Recv: LPR_N
[17:38:51] LPR11 Recv: LPR_N
[17:38:51] LPR12 Recv: LPR_N
[17:38:56] LPR11 Recv: LPR_N
[17:38:56] LPR12 Recv: LPR_N
[17:39:01] LPR11 Recv: LPR_N
[17:39:01] LPR12 Recv: LPR_N
[17:39:06] LPR11 Recv: LPR_N
[17:39:07] LPR12 Recv: LPR_N
[17:39:12] LPR11 Recv: LPR_N
[17:39:12] LPR12 Recv: LPR_N
[17:39:17] LPR11 Recv: LPR_N
[17:39:17] LPR12 Recv: LPR_N
[17:39:22] LPR11 Recv: LPR_N
[17:39:22] LPR12 Recv: LPR_N
[17:39:27] LPR11 Recv: LPR_N
[17:39:28] LPR12 Recv: LPR_N
[17:39:32] LPR11 Recv: LPR_N
[17:39:33] LPR12 Recv: LPR_N
[17:39:38] LPR11 Recv: LPR_N
[17:39:38] LPR12 Recv: LPR_N
[17:39:43] LPR11 Recv: LPR_N
[17:39:43] LPR12 Recv: LPR_N
[17:39:48] LPR11 Recv: LPR_N
[17:39:49] LPR12 Recv: LPR_N
[17:39:53] LPR11 Recv: LPR_N
[17:39:54] LPR12 Recv: LPR_N
[17:39:59] LPR11 Recv: LPR_N
[17:39:59] LPR12 Recv: LPR_N
[17:40:04] LPR11 Recv: LPR_N
[17:40:04] LPR12 Recv: LPR_N
[17:40:09] LPR11 Recv: LPR_N
[17:40:09] LPR12 Recv: LPR_N
[17:40:14] LPR11 Recv: LPR_N
[17:40:15] LPR12 Recv: LPR_N
[17:40:19] LPR11 Recv: LPR_N
[17:40:20] LPR12 Recv: LPR_N
[17:40:25] LPR11 Recv: LPR_N
[17:40:25] LPR12 Recv: LPR_N
[17:40:30] LPR11 Recv: LPR_N
[17:40:30] LPR12 Recv: LPR_N
[17:40:35] LPR11 Recv: LPR_N
[17:40:36] LPR12 Recv: LPR_N
[17:40:40] LPR11 Recv: LPR_N
[17:40:41] LPR12 Recv: LPR_N
[17:40:46] LPR11 Recv: LPR_N
[17:40:46] LPR12 Recv: LPR_N
[17:40:51] LPR11 Recv: LPR_N
[17:40:51] LPR12 Recv: LPR_N
[17:40:56] LPR11 Recv: LPR_N
[17:40:56] LPR12 Recv: LPR_N
[17:41:01] LPR11 Recv: LPR_N
[17:41:02] LPR12 Recv: LPR_N
[17:41:07] LPR11 Recv: LPR_N
[17:41:07] LPR12 Recv: LPR_N
[17:41:12] LPR11 Recv: LPR_N
[17:41:12] LPR12 Recv: LPR_N
[17:41:17] LPR11 Recv: LPR_N
[17:41:17] LPR12 Recv: LPR_N
[17:41:22] LPR11 Recv: LPR_N
[17:41:23] LPR12 Recv: LPR_N
[17:41:27] LPR11 Recv: LPR_N
[17:41:28] LPR12 Recv: LPR_N
[17:41:33] LPR11 Recv: LPR_N
[17:41:33] LPR12 Recv: LPR_N
[17:41:38] LPR11 Recv: LPR_N
[17:41:38] LPR12 Recv: LPR_N
[17:41:43] LPR11 Recv: LPR_N
[17:41:44] LPR12 Recv: LPR_N
[17:41:48] LPR11 Recv: LPR_N
[17:41:49] LPR12 Recv: LPR_N
[17:41:54] LPR11 Recv: LPR_N
[17:41:54] LPR12 Recv: LPR_N
[17:41:59] LPR11 Recv: LPR_N
[17:41:59] LPR12 Recv: LPR_N
[17:42:04] LPR11 Recv: LPR_N
[17:42:04] LPR12 Recv: LPR_N
[17:42:09] LPR11 Recv: LPR_N
[17:42:10] LPR12 Recv: LPR_N
[17:42:14] LPR11 Recv: LPR_N
[17:42:15] LPR12 Recv: LPR_N
[17:42:20] LPR11 Recv: LPR_N
[17:42:20] LPR12 Recv: LPR_N
[17:42:20] Program Close
