[16:46:59] Program Start!
[16:47:01] 근무시작: 배은화
[16:47:01] 영수증프린터 포트오픈 에러: ie_BadId - Specified comport doesn't exist
[16:47:01] Ping 시간 체크1-23196984
[16:47:01] Ping 시간 체크2-23197000
[16:47:01] Ping 시간 체크1-23197000
[16:47:01] Ping 시간 체크2-23197000
[16:47:01] Ping 시간 체크1-23197015
[16:47:01] Ping 시간 체크2-23197031
[16:47:01] Ping 시간 체크1-23197031
[16:47:01] Ping 시간 체크2-23197031
[16:47:01] LPR12 Recv: 172.16.83.1
[16:47:03] LPR12 Recv: LPR_N
[16:47:08] LPR12 Recv: LPR_N
[16:47:13] LPR12 Recv: LPR_N
[16:47:18] LPR12 Recv: LPR_N
[16:47:22] OutDsp1SocketError: 10060
[16:47:22] InDsp1SocketError: 10060
[16:47:23] LPR12 Recv: LPR_N
[16:47:29] LPR12 Recv: LPR_N
[16:47:34] LPR12 Recv: LPR_N
[16:47:39] LPR12 Recv: LPR_N
[16:47:44] LPR12 Recv: LPR_N
[16:47:50] LPR12 Recv: LPR_N
[16:47:55] LPR12 Recv: LPR_N
[16:48:01] LPR12 Recv: LPR_N
[16:48:01] Ping 시간 체크1-23256984
[16:48:01] Ping 시간 체크2-23256984
[16:48:01] LPR11 Recv: 172.16.83.1
[16:48:01] LPR11 Recv: LPR_N
[16:48:02] LPR11 Recv: LPR_N
[16:48:06] LPR12 Recv: LPR_N
[16:48:07] LPR11 Recv: LPR_N
[16:48:11] LPR12 Recv: LPR_N
[16:48:11] Program Close
[16:48:13] Program Start!
[16:48:15] 근무시작: 배은화
[16:48:15] 영수증프린터 포트오픈 에러: ie_BadId - Specified comport doesn't exist
[16:48:15] Ping 시간 체크1-23271500
[16:48:15] Ping 시간 체크2-23271500
[16:48:15] Ping 시간 체크1-23271515
[16:48:15] Ping 시간 체크2-23271515
[16:48:15] Ping 시간 체크1-23271515
[16:48:15] Ping 시간 체크2-23271531
[16:48:15] Ping 시간 체크1-23271531
[16:48:15] Ping 시간 체크2-23271546
[16:48:15] LPR11 Recv: 172.16.83.1
[16:48:15] LPR12 Recv: 172.16.83.1
[16:48:16] LPR12 Recv: LPR_N
[16:48:16] LPR11 Recv: LPR_N
[16:48:17] LPR12 Recv: LPR_N
[16:48:17] LPR11 Recv: LPR_N
[16:48:21] LPR12 Recv: LPR_N
[16:48:21] LPR11 Recv: LPR_N
[16:48:22] LPR12 Recv: LPR_N
[16:48:22] LPR11 Recv: LPR_N
[16:48:25] Ping 시간 체크1-23281515
[16:48:25] Ping 시간 체크2-23281515
[16:48:27] LPR12 Recv: LPR_N
[16:48:28] LPR11 Recv: LPR_N
[16:48:29] Ping 시간 체크1-23284859
[16:48:29] Ping 시간 체크2-23284859
[16:48:32] LPR12 Recv: LPR_N
[16:48:33] LPR11 Recv: LPR_N
[16:48:37] LPR12 Recv: LPR_N
[16:48:38] LPR11 Recv: LPR_N
[16:48:39] LPR11 Recv: CH1#31로6819#N#\2014\09\15\CH1_20140915164838_31로6819.jpg
[16:48:39] LPR Check: 31로6819,http://172.16.66.33:9080/MSImage/2014/09/15/CH1_20140915164838_31로6819.jpg,1,,,0, 2014-09-15 16:48:38
[16:48:39] File: \\172.16.66.33\MSImage\2014\09\15\CH1_20140915164838_31로6819.jpg
[16:48:39] 정기차량시작: 31로6819, 
[16:48:39] Ping 시간 체크1-23294875
[16:48:39] Ping 시간 체크2-23294890
[16:48:39] Ping 시간 체크1-23294890
[16:48:39] Ping 시간 체크2-23294890
[16:48:39] 입구차단기 Open
[16:48:39] 정기차량처리: 31로6819, 
[16:48:42] LPR12 Recv: LPR_N
[16:48:44] LPR11 Recv: LPR_N
[16:48:48] LPR12 Recv: LPR_N
[16:48:49] LPR11 Recv: LPR_N
[16:48:53] LPR12 Recv: LPR_N
[16:48:55] LPR11 Recv: LPR_N
[16:48:58] LPR12 Recv: LPR_N
[16:49:00] LPR11 Recv: LPR_N
[16:49:01] LPR11 Recv: CH1#31로6819#N#\2014\09\15\CH1_20140915164901_31로6819.jpg
[16:49:01] LPR Check: 31로6819,http://172.16.66.33:9080/MSImage/2014/09/15/CH1_20140915164901_31로6819.jpg,1,,,0, 2014-09-15 16:49:01
[16:49:01] File: \\172.16.66.33\MSImage\2014\09\15\CH1_20140915164901_31로6819.jpg
[16:49:01] 정기차량시작: 31로6819, 
[16:49:01] Ping 시간 체크1-23317375
[16:49:01] Ping 시간 체크2-23317390
[16:49:01] Ping 시간 체크1-23317390
[16:49:01] Ping 시간 체크2-23317390
[16:49:01] 입구차단기 Open
[16:49:01] 정기차량처리: 31로6819, 
[16:49:03] LPR12 Recv: LPR_N
[16:49:05] LPR11 Recv: CH1#31로6819#N#\2014\09\15\CH1_20140915164904_31로6819.jpg
[16:49:05] LPR Check: 31로6819,http://172.16.66.33:9080/MSImage/2014/09/15/CH1_20140915164904_31로6819.jpg,1,,,0, 2014-09-15 16:49:04
[16:49:05] File: \\172.16.66.33\MSImage\2014\09\15\CH1_20140915164904_31로6819.jpg
[16:49:05] 정기차량시작: 31로6819, 
[16:49:05] Ping 시간 체크1-23321281
[16:49:05] Ping 시간 체크2-23321296
[16:49:05] Ping 시간 체크1-23321296
[16:49:05] Ping 시간 체크2-23321312
[16:49:05] 입구차단기 Open
[16:49:05] 정기차량처리: 31로6819, 
[16:49:05] LPR11 Recv: LPR_N
[16:49:06] LPR11 Recv: CH1#31로6819#N#\2014\09\15\CH1_20140915164906_31로6819.jpg
[16:49:06] LPR Check: 31로6819,http://172.16.66.33:9080/MSImage/2014/09/15/CH1_20140915164906_31로6819.jpg,1,,,0, 2014-09-15 16:49:06
[16:49:06] File: \\172.16.66.33\MSImage\2014\09\15\CH1_20140915164906_31로6819.jpg
[16:49:06] 정기차량시작: 31로6819, 
[16:49:06] Ping 시간 체크1-23322718
[16:49:07] Ping 시간 체크2-23322718
[16:49:07] Ping 시간 체크1-23322734
[16:49:07] Ping 시간 체크2-23322734
[16:49:07] 입구차단기 Open
[16:49:07] 정기차량처리: 31로6819, 
[16:49:08] LPR11 Recv: CH1#31로6819#N#\2014\09\15\CH1_20140915164907_31로6819.jpg
[16:49:08] LPR Check: 31로6819,http://172.16.66.33:9080/MSImage/2014/09/15/CH1_20140915164907_31로6819.jpg,1,,,0, 2014-09-15 16:49:07
[16:49:08] File: \\172.16.66.33\MSImage\2014\09\15\CH1_20140915164907_31로6819.jpg
[16:49:08] 정기차량시작: 31로6819, 
[16:49:08] Ping 시간 체크1-23324015
[16:49:08] Ping 시간 체크2-23324015
[16:49:08] Ping 시간 체크1-23324015
[16:49:08] Ping 시간 체크2-23324031
[16:49:08] 입구차단기 Open
[16:49:08] 정기차량처리: 31로6819, 
[16:49:08] LPR12 Recv: LPR_N
[16:49:10] LPR11 Recv: LPR_N
[16:49:14] LPR12 Recv: LPR_N
[16:49:16] LPR11 Recv: LPR_N
[16:49:19] LPR12 Recv: LPR_N
[16:49:21] LPR11 Recv: LPR_N
[16:49:24] LPR12 Recv: LPR_N
[16:49:26] LPR11 Recv: LPR_N
[16:49:26] Program Close
[16:49:30] Program Start!
[16:49:45] 근무시작: 배은화
[16:49:46] 영수증프린터 포트오픈 에러: ie_BadId - Specified comport doesn't exist
[16:49:46] Ping 시간 체크1-23361750
[16:49:46] Ping 시간 체크2-23361750
[16:49:46] Ping 시간 체크1-23361750
[16:49:46] Ping 시간 체크2-23361750
[16:49:46] Ping 시간 체크1-23361765
[16:49:46] Ping 시간 체크2-23361765
[16:49:46] Ping 시간 체크1-23361765
[16:49:46] Ping 시간 체크2-23361781
[16:49:46] LPR11 Recv: 172.16.83.1
[16:49:46] LPR12 Recv: 172.16.83.1
[16:49:46] LPR12 Recv: LPR_N
[16:49:47] LPR11 Recv: LPR_N
[16:49:50] LPR12 Recv: LPR_N
[16:49:52] Ping 시간 체크1-23367859
[16:49:52] Ping 시간 체크2-23367875
[16:49:52] LPR11 Recv: LPR_N
[16:49:56] LPR12 Recv: LPR_N
[16:49:57] Ping 시간 체크1-23372734
[16:49:57] Ping 시간 체크2-23372750
[16:49:57] LPR11 Recv: LPR_N
[16:50:01] LPR12 Recv: LPR_N
[16:50:03] LPR11 Recv: LPR_N
[16:50:03] Ping 시간 체크1-23379421
[16:50:03] Ping 시간 체크2-23379421
[16:50:03] 출구차단기 Open
[16:50:03] Ping 시간 체크1-23379437
[16:50:03] Ping 시간 체크2-23379437
[16:50:06] LPR12 Recv: LPR_N
[16:50:08] LPR11 Recv: LPR_N
[16:50:12] LPR12 Recv: LPR_N
[16:50:12] Ping 시간 체크1-23388531
[16:50:12] Ping 시간 체크2-23388531
[16:50:14] LPR11 Recv: LPR_N
[16:50:17] LPR12 Recv: LPR_N
[16:50:19] LPR11 Recv: LPR_N
[16:50:22] LPR12 Recv: LPR_N
[16:50:24] LPR11 Recv: LPR_N
[16:50:27] LPR12 Recv: LPR_N
[16:50:29] LPR11 Recv: LPR_N
[16:50:33] LPR12 Recv: LPR_N
[16:50:35] LPR11 Recv: LPR_N
[16:50:38] LPR12 Recv: LPR_N
[16:50:40] LPR11 Recv: LPR_N
[16:50:43] LPR12 Recv: LPR_N
[16:50:45] LPR11 Recv: LPR_N
[16:50:48] LPR12 Recv: LPR_N
[16:50:50] LPR11 Recv: LPR_N
[16:50:54] LPR12 Recv: LPR_N
[16:50:55] LPR11 Recv: LPR_N
[16:50:59] LPR12 Recv: LPR_N
[16:51:01] LPR11 Recv: LPR_N
[16:51:04] LPR12 Recv: LPR_N
[16:51:06] LPR11 Recv: LPR_N
[16:51:09] LPR12 Recv: LPR_N
[16:51:11] LPR11 Recv: LPR_N
[16:51:14] LPR12 Recv: LPR_N
[16:51:16] LPR11 Recv: LPR_N
[16:51:20] LPR12 Recv: LPR_N
[16:51:22] LPR11 Recv: LPR_N
[16:51:25] LPR12 Recv: LPR_N
[16:51:27] LPR11 Recv: LPR_N
[16:51:30] LPR12 Recv: LPR_N
[16:51:32] LPR11 Recv: LPR_N
[16:51:35] LPR12 Recv: LPR_N
[16:51:37] LPR11 Recv: LPR_N
[16:51:41] LPR12 Recv: LPR_N
[16:51:42] LPR11 Recv: LPR_N
[16:51:43] LPR12 Recv: LPR_N
[16:51:44] LPR11 Recv: LPR_N
[16:51:46] LPR12 Recv: LPR_N
[16:51:48] LPR11 Recv: LPR_N
[16:51:51] LPR12 Recv: LPR_N
[16:51:53] LPR11 Recv: LPR_N
[16:51:56] LPR12 Recv: LPR_N
[16:51:57] LPR11 Recv: CH1#31로6819#N#\2014\09\15\CH1_20140915165156_31로6819.jpg
[16:51:57] LPR Check: 31로6819,http://172.16.66.33:9080/MSImage/2014/09/15/CH1_20140915165156_31로6819.jpg,1,,,0, 2014-09-15 16:51:56
[16:51:57] File: \\172.16.66.33\MSImage\2014\09\15\CH1_20140915165156_31로6819.jpg
[16:51:57] 정기차량시작: 31로6819, 
[16:51:57] Ping 시간 체크1-23492890
[16:51:57] Ping 시간 체크2-23492906
[16:51:57] Ping 시간 체크1-23492906
[16:51:57] Ping 시간 체크2-23492906
[16:51:57] 입구차단기 Open
[16:51:57] 정기차량처리: 31로6819, 
[16:51:58] LPR11 Recv: LPR_N
[16:52:02] LPR12 Recv: LPR_N
[16:52:03] LPR11 Recv: LPR_N
[16:52:07] LPR12 Recv: LPR_N
[16:52:09] LPR11 Recv: LPR_N
[16:52:12] LPR12 Recv: LPR_N
[16:52:14] LPR11 Recv: LPR_N
[16:52:18] LPR12 Recv: LPR_N
[16:52:20] LPR11 Recv: LPR_N
[16:52:23] LPR12 Recv: LPR_N
[16:52:25] LPR11 Recv: LPR_N
[16:52:28] LPR12 Recv: LPR_N
[16:52:30] LPR11 Recv: LPR_N
[16:52:30] LPR12 Recv: LPR_N
[16:52:33] LPR11 Recv: CH1#31로6819#N#\2014\09\15\CH1_20140915165232_31로6819.jpg
[16:52:33] LPR Check: 31로6819,http://172.16.66.33:9080/MSImage/2014/09/15/CH1_20140915165232_31로6819.jpg,1,,,0, 2014-09-15 16:52:32
[16:52:33] File: \\172.16.66.33\MSImage\2014\09\15\CH1_20140915165232_31로6819.jpg
[16:52:33] 정기차량시작: 31로6819, 
[16:52:33] Ping 시간 체크1-23529109
[16:52:33] Ping 시간 체크2-23529125
[16:52:33] Ping 시간 체크1-23529125
[16:52:33] Ping 시간 체크2-23529140
[16:52:33] 입구차단기 Open
[16:52:33] 정기차량처리: 31로6819, 
[16:52:33] LPR12 Recv: LPR_N
[16:52:35] LPR11 Recv: LPR_N
[16:52:39] LPR12 Recv: LPR_N
[16:52:40] LPR11 Recv: LPR_N
[16:52:44] LPR12 Recv: LPR_N
[16:52:46] LPR11 Recv: LPR_N
[16:52:49] LPR12 Recv: LPR_N
[16:52:51] LPR11 Recv: LPR_N
[16:52:54] LPR12 Recv: LPR_N
[16:52:56] LPR11 Recv: LPR_N
[16:52:59] LPR12 Recv: LPR_N
[16:53:01] LPR11 Recv: LPR_N
[16:53:05] LPR12 Recv: LPR_N
[16:53:07] LPR11 Recv: LPR_N
[16:53:10] LPR12 Recv: LPR_N
[16:53:12] LPR11 Recv: LPR_N
[16:53:15] LPR12 Recv: LPR_N
[16:53:17] LPR11 Recv: LPR_N
[16:53:20] LPR12 Recv: LPR_N
[16:53:22] LPR11 Recv: LPR_N
[16:53:26] LPR12 Recv: LPR_N
[16:53:28] LPR11 Recv: LPR_N
[16:53:31] LPR12 Recv: LPR_N
[16:53:33] LPR11 Recv: LPR_N
[16:53:36] LPR12 Recv: LPR_N
[16:53:38] LPR11 Recv: LPR_N
[16:53:41] LPR12 Recv: LPR_N
[16:53:43] LPR11 Recv: LPR_N
[16:53:47] LPR12 Recv: LPR_N
[16:53:48] LPR11 Recv: LPR_N
[16:53:52] LPR12 Recv: LPR_N
[16:53:54] LPR11 Recv: LPR_N
[16:53:57] LPR12 Recv: LPR_N
[16:53:59] LPR11 Recv: LPR_N
[16:54:03] LPR12 Recv: LPR_N
[16:54:04] LPR11 Recv: LPR_N
[16:54:08] LPR12 Recv: LPR_N
[16:54:10] LPR11 Recv: LPR_N
[16:54:13] LPR12 Recv: LPR_N
[16:54:15] LPR11 Recv: LPR_N
[16:54:18] LPR12 Recv: LPR_N
[16:54:20] LPR11 Recv: LPR_N
[16:54:24] LPR12 Recv: LPR_N
[16:54:26] LPR11 Recv: LPR_N
[16:54:29] LPR12 Recv: LPR_N
[16:54:31] LPR11 Recv: LPR_N
[16:54:34] LPR12 Recv: LPR_N
[16:54:36] LPR11 Recv: LPR_N
[16:54:39] LPR12 Recv: LPR_N
[16:54:41] LPR11 Recv: LPR_N
[16:54:45] LPR12 Recv: LPR_N
[16:54:46] LPR11 Recv: LPR_N
[16:54:50] LPR12 Recv: LPR_N
[16:54:52] LPR11 Recv: LPR_N
[16:54:55] LPR12 Recv: LPR_N
[16:54:57] LPR11 Recv: LPR_N
[16:55:00] LPR12 Recv: LPR_N
[16:55:02] LPR11 Recv: LPR_N
[16:55:05] LPR12 Recv: LPR_N
[16:55:07] LPR11 Recv: LPR_N
[16:55:11] LPR12 Recv: LPR_N
[16:55:13] LPR11 Recv: LPR_N
[16:55:16] LPR12 Recv: LPR_N
[16:55:18] LPR11 Recv: LPR_N
[16:55:21] LPR12 Recv: LPR_N
[16:55:23] LPR11 Recv: LPR_N
[16:55:26] LPR12 Recv: LPR_N
[16:55:28] LPR11 Recv: LPR_N
[16:55:32] LPR12 Recv: LPR_N
[16:55:33] LPR11 Recv: LPR_N
[16:55:37] LPR12 Recv: LPR_N
[16:55:39] LPR11 Recv: LPR_N
[16:55:42] LPR12 Recv: LPR_N
[16:55:44] LPR11 Recv: LPR_N
[16:55:47] LPR12 Recv: LPR_N
[16:55:49] LPR11 Recv: LPR_N
[16:55:52] LPR12 Recv: LPR_N
[16:55:54] LPR11 Recv: LPR_N
[16:55:58] LPR12 Recv: LPR_N
[16:56:00] LPR11 Recv: LPR_N
[16:56:03] LPR12 Recv: LPR_N
[16:56:05] LPR11 Recv: LPR_N
[16:56:09] LPR12 Recv: LPR_N
[16:56:10] LPR11 Recv: LPR_N
[16:56:14] LPR12 Recv: LPR_N
[16:56:15] LPR11 Recv: LPR_N
[16:56:19] LPR12 Recv: LPR_N
[16:56:21] LPR11 Recv: LPR_N
[16:56:24] LPR12 Recv: LPR_N
[16:56:26] LPR11 Recv: LPR_N
[16:56:30] LPR12 Recv: LPR_N
[16:56:31] LPR11 Recv: LPR_N
[16:56:35] LPR12 Recv: LPR_N
[16:56:36] LPR11 Recv: LPR_N
[16:56:40] LPR12 Recv: LPR_N
[16:56:41] LPR11 Recv: LPR_N
[16:56:45] LPR12 Recv: LPR_N
[16:56:47] LPR11 Recv: LPR_N
[16:56:50] LPR12 Recv: LPR_N
[16:56:52] LPR11 Recv: LPR_N
[16:56:56] LPR12 Recv: LPR_N
[16:56:57] LPR11 Recv: LPR_N
[16:57:01] LPR12 Recv: LPR_N
[16:57:02] LPR11 Recv: LPR_N
[16:57:07] LPR12 Recv: LPR_N
[16:57:08] LPR11 Recv: LPR_N
[16:57:12] LPR12 Recv: LPR_N
[16:57:13] LPR11 Recv: LPR_N
[16:57:17] LPR12 Recv: LPR_N
[16:57:18] LPR11 Recv: LPR_N
[16:57:22] LPR12 Recv: LPR_N
[16:57:23] LPR11 Recv: LPR_N
[16:57:28] LPR12 Recv: LPR_N
[16:57:28] LPR11 Recv: LPR_N
[16:57:33] LPR12 Recv: LPR_N
[16:57:34] LPR11 Recv: LPR_N
[16:57:38] LPR12 Recv: LPR_N
[16:57:39] LPR11 Recv: LPR_N
[16:57:43] LPR12 Recv: LPR_N
[16:57:44] LPR11 Recv: LPR_N
[16:57:48] LPR12 Recv: LPR_N
[16:57:49] LPR11 Recv: LPR_N
[16:57:54] LPR12 Recv: LPR_N
[16:57:55] LPR11 Recv: LPR_N
[16:57:59] LPR12 Recv: LPR_N
[16:58:00] LPR11 Recv: LPR_N
[16:58:04] LPR12 Recv: LPR_N
[16:58:05] LPR11 Recv: LPR_N
[16:58:10] LPR12 Recv: LPR_N
[16:58:10] LPR11 Recv: LPR_N
[16:58:15] LPR12 Recv: LPR_N
[16:58:16] LPR11 Recv: LPR_N
[16:58:20] LPR12 Recv: LPR_N
[16:58:21] Program Close
[17:13:45] Program Start!
[17:13:49] 근무시작: 배은화
[17:13:49] 영수증프린터 포트오픈 에러: ie_BadId - Specified comport doesn't exist
[17:13:49] Ping 시간 체크1-24805156
[17:13:49] Ping 시간 체크2-24805171
[17:13:49] Ping 시간 체크1-24805187
[17:13:49] Ping 시간 체크2-24805187
[17:13:49] Ping 시간 체크1-24805203
[17:13:49] Ping 시간 체크2-24805218
[17:13:49] Ping 시간 체크1-24805218
[17:13:49] Ping 시간 체크2-24805234
[17:13:49] LPR11 Recv: 172.16.83.1
[17:13:49] LPR12 Recv: 172.16.83.1
[17:13:50] LPR11 Recv: LPR_R
[17:13:50] 시간동기화 전송
[17:13:51] LPR12 Recv: LPR_N
[17:13:51] LPR11 Recv: LPR_N
[17:13:56] LPR12 Recv: LPR_N
[17:13:57] LPR11 Recv: LPR_N
[17:14:01] LPR12 Recv: LPR_N
[17:14:02] LPR11 Recv: LPR_N
[17:14:06] LPR12 Recv: LPR_N
[17:14:08] LPR11 Recv: LPR_N
[17:14:12] LPR12 Recv: LPR_N
[17:14:13] LPR11 Recv: LPR_N
[17:14:17] LPR12 Recv: LPR_N
[17:14:18] LPR11 Recv: LPR_N
[17:14:22] LPR12 Recv: LPR_N
[17:14:23] LPR11 Recv: LPR_N
[17:14:27] LPR12 Recv: LPR_N
[17:14:29] LPR11 Recv: LPR_N
[17:14:33] LPR12 Recv: LPR_N
[17:14:34] LPR11 Recv: LPR_N
[17:14:38] LPR12 Recv: LPR_N
[17:14:39] LPR11 Recv: LPR_N
[17:14:43] LPR12 Recv: LPR_N
[17:14:44] LPR11 Recv: LPR_N
[17:14:48] LPR12 Recv: LPR_N
[17:14:49] LPR11 Recv: LPR_N
[17:14:54] LPR12 Recv: LPR_N
[17:14:55] LPR11 Recv: LPR_N
[17:14:59] LPR12 Recv: LPR_N
[17:15:00] LPR11 Recv: LPR_N
[17:15:04] LPR12 Recv: LPR_N
[17:15:05] LPR11 Recv: LPR_N
[17:15:05] Program Close
[17:15:09] Program Start!
[17:15:11] 근무시작: 배은화
[17:15:11] 영수증프린터 포트오픈 에러: ie_BadId - Specified comport doesn't exist
[17:15:11] Ping 시간 체크1-24887562
[17:15:11] Ping 시간 체크2-24887578
[17:15:11] Ping 시간 체크1-24887578
[17:15:11] Ping 시간 체크2-24887578
[17:15:11] Ping 시간 체크1-24887593
[17:15:11] Ping 시간 체크2-24887593
[17:15:11] Ping 시간 체크1-24887593
[17:15:11] Ping 시간 체크2-24887609
[17:15:12] LPR11 Recv: 172.16.83.1
[17:15:12] LPR12 Recv: 172.16.83.1
[17:15:12] LPR11 Recv: LPR_N
[17:15:12] LPR12 Recv: LPR_N
[17:15:14] LPR12 Recv: LPR_N
[17:15:16] LPR11 Recv: LPR_N
[17:15:20] LPR12 Recv: LPR_N
[17:15:21] LPR11 Recv: LPR_N
[17:15:25] LPR12 Recv: LPR_N
[17:15:26] LPR11 Recv: LPR_N
[17:15:28] Program Close
[17:15:31] Program Start!
[17:15:32] 근무시작: 배은화
[17:15:32] 영수증프린터 포트오픈 에러: ie_BadId - Specified comport doesn't exist
[17:15:32] Ping 시간 체크1-24908625
[17:15:32] Ping 시간 체크2-24908640
[17:15:32] Ping 시간 체크1-24908640
[17:15:32] Ping 시간 체크2-24908640
[17:15:32] Ping 시간 체크1-24908656
[17:15:32] Ping 시간 체크2-24908656
[17:15:32] Ping 시간 체크1-24908656
[17:15:32] Ping 시간 체크2-24908671
[17:15:33] LPR11 Recv: 172.16.83.1
[17:15:33] LPR12 Recv: 172.16.83.1
[17:15:33] LPR12 Recv: LPR_N
[17:15:33] LPR11 Recv: LPR_N
[17:15:35] LPR12 Recv: LPR_N
[17:15:37] LPR11 Recv: LPR_N
[17:15:41] LPR12 Recv: LPR_N
[17:15:41] Ping 시간 체크1-24917234
[17:15:41] Ping 시간 체크2-24917250
[17:15:42] LPR11 Recv: LPR_N
[17:15:46] LPR12 Recv: LPR_N
[17:15:47] LPR11 Recv: LPR_N
[17:15:51] LPR12 Recv: LPR_N
[17:15:52] LPR11 Recv: LPR_N
[17:15:56] LPR12 Recv: LPR_N
[17:15:58] LPR11 Recv: LPR_N
[17:16:01] LPR12 Recv: LPR_N
[17:16:03] LPR11 Recv: LPR_N
[17:16:07] LPR12 Recv: LPR_N
[17:16:08] LPR11 Recv: LPR_N
[17:16:12] LPR12 Recv: LPR_N
[17:16:14] LPR11 Recv: LPR_N
[17:16:17] LPR12 Recv: LPR_N
[17:16:19] LPR11 Recv: LPR_N
[17:16:22] LPR12 Recv: LPR_N
[17:16:24] LPR11 Recv: LPR_N
[17:16:28] LPR12 Recv: LPR_N
[17:16:29] LPR11 Recv: LPR_N
[17:16:33] LPR12 Recv: LPR_N
[17:16:35] LPR11 Recv: LPR_N
[17:16:38] LPR12 Recv: LPR_N
[17:16:40] LPR11 Recv: LPR_N
[17:16:43] LPR12 Recv: LPR_N
[17:16:45] LPR11 Recv: LPR_N
[17:16:49] LPR12 Recv: LPR_N
[17:16:50] LPR11 Recv: LPR_N
[17:16:54] LPR12 Recv: LPR_N
[17:16:55] LPR11 Recv: LPR_N
[17:16:59] LPR12 Recv: LPR_N
[17:17:01] LPR11 Recv: LPR_N
[17:17:04] LPR12 Recv: LPR_N
[17:17:06] LPR11 Recv: LPR_N
[17:17:09] LPR12 Recv: LPR_N
[17:17:11] LPR11 Recv: LPR_N
[17:17:15] LPR12 Recv: LPR_N
[17:17:16] LPR11 Recv: LPR_N
[17:17:20] LPR12 Recv: LPR_N
[17:17:22] LPR11 Recv: LPR_N
[17:17:25] LPR12 Recv: LPR_N
[17:17:27] LPR11 Recv: LPR_N
[17:17:30] LPR12 Recv: LPR_N
[17:17:32] LPR11 Recv: LPR_N
[17:17:36] LPR12 Recv: LPR_N
[17:17:37] LPR11 Recv: LPR_N
[17:17:41] LPR12 Recv: LPR_N
[17:17:42] LPR11 Recv: LPR_N
[17:17:46] LPR12 Recv: LPR_N
[17:17:48] LPR11 Recv: LPR_N
[17:17:51] LPR12 Recv: LPR_N
[17:17:53] LPR11 Recv: LPR_N
[17:17:56] LPR12 Recv: LPR_N
[17:17:59] LPR11 Recv: LPR_N
[17:18:02] LPR12 Recv: LPR_N
[17:18:04] LPR11 Recv: LPR_N
[17:18:07] LPR12 Recv: LPR_N
[17:18:09] LPR11 Recv: LPR_N
[17:18:12] LPR12 Recv: LPR_N
[17:18:14] LPR11 Recv: LPR_N
[17:18:17] LPR12 Recv: LPR_N
[17:18:20] LPR11 Recv: LPR_N
[17:18:23] LPR12 Recv: LPR_N
[17:18:25] LPR11 Recv: LPR_N
[17:18:28] LPR12 Recv: LPR_N
[17:18:30] LPR11 Recv: LPR_N
[17:18:33] LPR12 Recv: LPR_N
[17:18:35] LPR11 Recv: LPR_N
[17:18:38] LPR12 Recv: LPR_N
[17:18:40] LPR11 Recv: LPR_N
[17:18:44] LPR12 Recv: LPR_N
[17:18:46] LPR11 Recv: LPR_N
[17:18:49] LPR12 Recv: LPR_N
[17:18:51] LPR11 Recv: LPR_N
[17:18:54] LPR12 Recv: LPR_N
[17:18:56] LPR11 Recv: LPR_N
[17:18:59] LPR12 Recv: LPR_N
[17:19:01] LPR11 Recv: LPR_N
[17:19:04] LPR12 Recv: LPR_N
[17:19:07] LPR11 Recv: LPR_N
[17:19:10] LPR12 Recv: LPR_N
[17:19:12] LPR11 Recv: LPR_N
[17:19:15] LPR12 Recv: LPR_N
[17:19:17] LPR11 Recv: LPR_N
[17:19:20] LPR12 Recv: LPR_N
[17:19:22] LPR11 Recv: LPR_N
[17:19:25] LPR12 Recv: LPR_N
[17:19:28] LPR11 Recv: LPR_N
[17:19:31] LPR12 Recv: LPR_N
[17:19:33] LPR11 Recv: LPR_N
[17:19:36] LPR12 Recv: LPR_N
[17:19:38] LPR11 Recv: LPR_N
[17:19:41] LPR12 Recv: LPR_N
[17:19:43] LPR11 Recv: LPR_N
[17:19:46] LPR12 Recv: LPR_N
[17:19:48] LPR11 Recv: LPR_N
[17:19:51] LPR12 Recv: LPR_N
[17:19:54] LPR11 Recv: LPR_N
[17:19:57] LPR12 Recv: LPR_N
[17:19:59] LPR11 Recv: LPR_N
[17:20:02] LPR12 Recv: LPR_N
[17:20:05] LPR11 Recv: LPR_N
[17:20:07] LPR12 Recv: LPR_N
[17:20:10] LPR11 Recv: LPR_N
[17:20:12] LPR12 Recv: LPR_N
[17:20:15] LPR11 Recv: LPR_N
[17:20:18] LPR12 Recv: LPR_N
[17:20:20] LPR11 Recv: LPR_N
[17:20:23] LPR12 Recv: LPR_N
[17:20:26] LPR11 Recv: LPR_N
[17:20:28] LPR12 Recv: LPR_N
[17:20:31] LPR11 Recv: LPR_N
[17:20:33] LPR12 Recv: LPR_N
[17:20:36] LPR11 Recv: LPR_N
[17:20:39] LPR12 Recv: LPR_N
[17:20:41] LPR11 Recv: LPR_N
[17:20:44] LPR12 Recv: LPR_N
[17:20:46] LPR11 Recv: LPR_N
[17:20:49] LPR12 Recv: LPR_N
[17:20:52] LPR11 Recv: LPR_N
[17:20:54] LPR12 Recv: LPR_N
[17:20:57] LPR11 Recv: LPR_N
[17:20:59] LPR12 Recv: LPR_N
[17:21:02] LPR11 Recv: LPR_N
[17:21:05] LPR12 Recv: LPR_N
[17:21:07] LPR11 Recv: LPR_N
[17:21:10] LPR12 Recv: LPR_N
[17:21:13] LPR11 Recv: LPR_N
[17:21:15] LPR12 Recv: LPR_N
[17:21:18] LPR11 Recv: LPR_N
[17:21:20] LPR12 Recv: LPR_N
[17:21:23] LPR11 Recv: LPR_N
[17:21:26] LPR12 Recv: LPR_N
[17:21:28] LPR11 Recv: LPR_N
[17:21:31] LPR12 Recv: LPR_N
[17:21:33] LPR11 Recv: LPR_N
[17:21:36] LPR12 Recv: LPR_N
[17:21:39] LPR11 Recv: LPR_N
[17:21:41] LPR12 Recv: LPR_N
[17:21:44] LPR11 Recv: LPR_N
[17:21:46] LPR12 Recv: LPR_N
[17:21:49] LPR11 Recv: LPR_N
[17:21:52] LPR12 Recv: LPR_N
[17:21:55] LPR11 Recv: LPR_N
[17:21:57] LPR12 Recv: LPR_N
[17:22:00] LPR11 Recv: LPR_N
[17:22:02] LPR12 Recv: LPR_N
[17:22:05] LPR11 Recv: LPR_N
[17:22:07] LPR12 Recv: LPR_N
[17:22:11] LPR11 Recv: LPR_N
[17:22:13] LPR12 Recv: LPR_N
[17:22:16] LPR11 Recv: LPR_N
[17:22:18] LPR12 Recv: LPR_N
[17:22:21] LPR11 Recv: LPR_N
[17:22:23] LPR12 Recv: LPR_N
[17:22:26] LPR11 Recv: LPR_N
[17:22:28] LPR12 Recv: LPR_N
[17:22:31] LPR11 Recv: LPR_N
[17:22:34] LPR12 Recv: LPR_N
[17:22:37] LPR11 Recv: LPR_N
[17:22:39] LPR12 Recv: LPR_N
[17:22:42] LPR11 Recv: LPR_N
[17:22:44] LPR12 Recv: LPR_N
[17:22:47] LPR11 Recv: LPR_N
[17:22:49] LPR12 Recv: LPR_N
[17:22:53] LPR11 Recv: LPR_N
[17:22:54] LPR12 Recv: LPR_N
[17:22:59] LPR11 Recv: LPR_N
[17:23:00] LPR12 Recv: LPR_N
[17:23:00] Program Close
[17:23:06] Program Start!
[17:23:08] 근무시작: 배은화
[17:23:12] 영수증프린터 포트오픈 에러: ie_BadId - Specified comport doesn't exist
[17:23:12] Ping 시간 체크1-25367875
[17:23:12] Ping 시간 체크2-25367875
[17:23:12] Ping 시간 체크1-25367937
[17:23:12] Ping 시간 체크2-25367953
[17:23:12] Ping 시간 체크1-25367953
[17:23:12] Ping 시간 체크2-25367953
[17:23:12] Ping 시간 체크1-25367968
[17:23:12] Ping 시간 체크2-25367968
[17:23:12] LPR12 Recv: 172.16.83.1
[17:23:12] LPR11 Recv: 172.16.83.1
[17:23:13] LPR11 Recv: LPR_N
[17:23:13] LPR12 Recv: LPR_N
[17:23:14] LPR11 Recv: LPR_N
[17:24:37] Ping 시간 체크1-25453359
[17:24:37] Ping 시간 체크2-25453375
[17:25:32] Program Start!
[17:25:34] 근무시작: 배은화
[17:25:35] 영수증프린터 포트오픈 에러: ie_BadId - Specified comport doesn't exist
[17:25:35] Ping 시간 체크1-25511375
[17:25:35] Ping 시간 체크2-25511390
[17:25:35] Ping 시간 체크1-25511437
[17:25:35] Ping 시간 체크2-25511453
[17:25:35] Ping 시간 체크1-25511453
[17:25:35] Ping 시간 체크2-25511468
[17:25:35] Ping 시간 체크1-25511468
[17:25:35] Ping 시간 체크2-25511468
[17:25:35] LPR11 Recv: 172.16.83.1
[17:25:35] LPR12 Recv: 172.16.83.1
[17:25:36] LPR11 Recv: LPR_N
[17:25:36] LPR12 Recv: LPR_N
[17:27:47] Program Start!
[17:27:49] 근무시작: 배은화
[17:27:51] 영수증프린터 포트오픈 에러: ie_BadId - Specified comport doesn't exist
[17:27:51] Ping 시간 체크1-25647296
[17:27:51] Ping 시간 체크2-25647296
[17:27:51] Ping 시간 체크1-25647359
[17:27:51] Ping 시간 체크2-25647359
[17:27:51] Ping 시간 체크1-25647375
[17:27:51] Ping 시간 체크2-25647375
[17:27:51] Ping 시간 체크1-25647375
[17:27:51] Ping 시간 체크2-25647390
[17:27:51] LPR12 Recv: 172.16.83.1
[17:27:51] LPR11 Recv: 172.16.83.1
[17:27:52] LPR11 Recv: LPR_N
[17:27:53] LPR12 Recv: LPR_N
[17:27:55] LPR12 Recv: LPR_N
[17:27:57] TfrmMainNew.GracetimeCheck: '' is not a valid date and time
[17:28:00] TfrmMainNew.GracetimeCheck: '' is not a valid date and time
[17:28:01] TfrmMainNew.GracetimeCheck: '' is not a valid date and time
[17:28:02] TfrmMainNew.GracetimeCheck: '' is not a valid date and time
[17:28:03] TfrmMainNew.GracetimeCheck: '' is not a valid date and time
[17:28:04] TfrmMainNew.GracetimeCheck: '' is not a valid date and time
[17:28:04] TfrmMainNew.GracetimeCheck: '' is not a valid date and time
[17:28:05] TfrmMainNew.GracetimeCheck: '' is not a valid date and time
[17:28:07] TfrmMainNew.GracetimeCheck: '' is not a valid date and time
[17:28:07] TfrmMainNew.GracetimeCheck: '' is not a valid date and time
[17:28:08] TfrmMainNew.GracetimeCheck: '' is not a valid date and time
[17:28:09] TfrmMainNew.GracetimeCheck: '' is not a valid date and time
[17:28:10] TfrmMainNew.GracetimeCheck: '' is not a valid date and time
[17:28:11] TfrmMainNew.GracetimeCheck: '' is not a valid date and time
[17:28:12] TfrmMainNew.GracetimeCheck: '' is not a valid date and time
[17:28:12] TfrmMainNew.GracetimeCheck: '' is not a valid date and time
[17:28:13] TfrmMainNew.GracetimeCheck: '' is not a valid date and time
[17:28:14] TfrmMainNew.GracetimeCheck: '' is not a valid date and time
[17:28:15] TfrmMainNew.GracetimeCheck: '' is not a valid date and time
[17:28:16] TfrmMainNew.GracetimeCheck: '' is not a valid date and time
[17:28:18] TfrmMainNew.GracetimeCheck: '' is not a valid date and time
[17:28:19] TfrmMainNew.GracetimeCheck: '' is not a valid date and time
[17:28:20] TfrmMainNew.GracetimeCheck: '' is not a valid date and time
[17:28:21] TfrmMainNew.GracetimeCheck: '' is not a valid date and time
[17:28:22] TfrmMainNew.GracetimeCheck: '' is not a valid date and time
[17:28:23] TfrmMainNew.GracetimeCheck: '' is not a valid date and time
[17:28:24] TfrmMainNew.GracetimeCheck: '' is not a valid date and time
[17:36:08] Program Start!
[17:36:18] 근무시작: 배은화
[17:36:20] 영수증프린터 포트오픈 에러: ie_BadId - Specified comport doesn't exist
[17:36:20] Ping 시간 체크1-26155968
[17:36:20] Ping 시간 체크2-26155968
[17:36:20] Ping 시간 체크1-26156031
[17:36:20] Ping 시간 체크2-26156031
[17:36:20] Ping 시간 체크1-26156031
[17:36:20] Ping 시간 체크2-26156046
[17:36:20] Ping 시간 체크1-26156046
[17:36:20] Ping 시간 체크2-26156062
[17:36:20] LPR11 Recv: 172.16.83.1
[17:36:20] LPR12 Recv: 172.16.83.1
[17:36:21] LPR12 Recv: LPR_N
[17:36:22] LPR11 Recv: LPR_N
[17:36:22] LPR12 Recv: LPR_N
[17:36:24] LPR11 Recv: LPR_N
[17:36:27] LPR12 Recv: LPR_N
[17:36:29] LPR11 Recv: LPR_N
[17:36:32] LPR12 Recv: LPR_N
[17:36:34] LPR11 Recv: LPR_N
[17:36:37] LPR12 Recv: LPR_N
[17:36:39] LPR11 Recv: LPR_N
[17:36:43] LPR12 Recv: LPR_N
[17:36:45] LPR11 Recv: LPR_N
[17:36:48] LPR12 Recv: LPR_N
[17:36:50] LPR11 Recv: LPR_N
[17:36:53] LPR12 Recv: LPR_N
[17:36:55] LPR11 Recv: LPR_N
[17:36:58] LPR12 Recv: LPR_N
[17:37:00] LPR11 Recv: LPR_N
[17:37:04] LPR12 Recv: LPR_N
[17:37:05] LPR11 Recv: LPR_N
[17:37:09] LPR12 Recv: LPR_N
[17:37:11] LPR11 Recv: LPR_N
[17:37:14] LPR12 Recv: LPR_N
[17:37:16] LPR11 Recv: LPR_N
[17:37:19] LPR12 Recv: LPR_N
[17:37:21] LPR11 Recv: LPR_N
[17:37:24] LPR12 Recv: LPR_N
[17:37:26] LPR11 Recv: LPR_N
[17:37:30] LPR12 Recv: LPR_N
[17:37:32] LPR11 Recv: LPR_N
[17:37:35] LPR12 Recv: LPR_N
[17:37:37] LPR11 Recv: LPR_N
[17:37:40] LPR12 Recv: LPR_N
[17:37:42] LPR11 Recv: LPR_N
[17:37:45] LPR12 Recv: LPR_N
[17:37:47] LPR11 Recv: LPR_N
[17:37:51] LPR12 Recv: LPR_N
[17:37:52] LPR11 Recv: LPR_N
[17:37:56] LPR12 Recv: LPR_N
[17:37:58] LPR11 Recv: LPR_N
[17:38:01] LPR12 Recv: LPR_N
[17:38:03] LPR11 Recv: LPR_N
[17:38:06] LPR12 Recv: LPR_N
[17:38:08] LPR11 Recv: LPR_N
[17:38:11] LPR12 Recv: LPR_N
[17:38:13] LPR11 Recv: LPR_N
[17:38:17] LPR12 Recv: LPR_N
[17:38:19] LPR11 Recv: LPR_N
[17:38:22] LPR12 Recv: LPR_N
[17:38:24] LPR11 Recv: LPR_N
[17:38:24] TfrmMainNew.GracetimeCheck: '' is not a valid date and time
[17:38:27] TfrmMainNew.GracetimeCheck: '' is not a valid date and time
[17:38:28] TfrmMainNew.GracetimeCheck: '' is not a valid date and time
[17:38:29] TfrmMainNew.GracetimeCheck: '' is not a valid date and time
[17:38:29] TfrmMainNew.GracetimeCheck: '' is not a valid date and time
[17:38:30] TfrmMainNew.GracetimeCheck: '' is not a valid date and time
[17:38:31] TfrmMainNew.GracetimeCheck: '' is not a valid date and time
[17:38:45] Program Start!
[17:38:47] 근무시작: 배은화
[17:38:49] 영수증프린터 포트오픈 에러: ie_BadId - Specified comport doesn't exist
[17:38:49] Ping 시간 체크1-26305218
[17:38:49] Ping 시간 체크2-26305234
[17:38:49] Ping 시간 체크1-26305281
[17:38:49] Ping 시간 체크2-26305296
[17:38:49] Ping 시간 체크1-26305296
[17:38:49] Ping 시간 체크2-26305296
[17:38:49] Ping 시간 체크1-26305312
[17:38:49] Ping 시간 체크2-26305312
[17:38:49] LPR11 Recv: 172.16.83.1
[17:38:49] LPR12 Recv: 172.16.83.1
[17:38:50] LPR11 Recv: LPR_N
[17:38:50] LPR12 Recv: LPR_N
[17:38:51] LPR11 Recv: LPR_N
[17:40:39] Program Start!
[17:40:41] 근무시작: 배은화
[17:40:41] 영수증프린터 포트오픈 에러: ie_BadId - Specified comport doesn't exist
[17:40:41] Ping 시간 체크1-26417453
[17:40:41] Ping 시간 체크2-26417468
[17:40:41] Ping 시간 체크1-26417468
[17:40:41] Ping 시간 체크2-26417484
[17:40:41] Ping 시간 체크1-26417500
[17:40:41] Ping 시간 체크2-26417515
[17:40:41] Ping 시간 체크1-26417515
[17:40:41] Ping 시간 체크2-26417531
[17:40:41] LPR11 Recv: 172.16.83.1
[17:40:41] LPR12 Recv: 172.16.83.1
[17:40:42] LPR12 Recv: LPR_N
[17:40:43] LPR11 Recv: LPR_N
[17:40:43] LPR12 Recv: LPR_N
[17:40:45] LPR11 Recv: LPR_N
[17:40:48] LPR12 Recv: LPR_N
[17:40:50] LPR11 Recv: LPR_N
[17:40:53] Ping 시간 체크1-26429656
[17:40:53] Ping 시간 체크2-26429671
[17:40:54] LPR12 Recv: LPR_N
[17:40:55] LPR11 Recv: LPR_N
[17:40:58] Program Close
[17:54:30] Program Start!
[17:54:33] 근무시작: 배은화
[17:54:35] 영수증프린터 포트오픈 에러: ie_BadId - Specified comport doesn't exist
[17:54:35] Ping 시간 체크1-27251031
[17:54:35] Ping 시간 체크2-27251046
[17:54:35] Ping 시간 체크1-27251093
[17:54:35] Ping 시간 체크2-27251109
[17:54:35] Ping 시간 체크1-27251109
[17:54:35] Ping 시간 체크2-27251125
[17:54:35] Ping 시간 체크1-27251140
[17:54:35] Ping 시간 체크2-27251156
[17:54:35] LPR11 Recv: 172.16.83.1
[17:54:35] LPR12 Recv: 172.16.83.1
[17:54:36] LPR11 Recv: LPR_N
[17:54:37] LPR12 Recv: LPR_N
[17:54:40] LPR12 Recv: LPR_N
[17:54:41] LPR11 Recv: LPR_N
[17:54:45] LPR12 Recv: LPR_N
[17:54:47] LPR11 Recv: LPR_N
[17:54:50] LPR12 Recv: LPR_N
[17:54:52] LPR11 Recv: LPR_N
[17:54:56] LPR12 Recv: LPR_N
[17:55:23] Program Start!
[17:55:29] Program Close
[17:55:35] Program Start!
[17:55:36] 근무시작: 배은화
[17:55:38] 영수증프린터 포트오픈 에러: ie_BadId - Specified comport doesn't exist
[17:55:38] Ping 시간 체크1-27314421
[17:55:38] Ping 시간 체크2-27314437
[17:55:38] Ping 시간 체크1-27314500
[17:55:38] Ping 시간 체크2-27314500
[17:55:38] Ping 시간 체크1-27314515
[17:55:38] Ping 시간 체크2-27314515
[17:55:38] Ping 시간 체크1-27314515
[17:55:38] Ping 시간 체크2-27314531
[17:55:38] LPR11 Recv: 172.16.83.1
[17:55:38] LPR12 Recv: 172.16.83.1
[17:55:39] LPR11 Recv: LPR_N
[17:55:40] LPR12 Recv: LPR_N
[17:55:40] LPR11 Recv: LPR_N
[17:55:43] LPR12 Recv: LPR_N
[17:55:44] LPR11 Recv: LPR_N
[18:02:17] Program Start!
[18:02:19] 근무시작: 배은화
[18:02:21] 영수증프린터 포트오픈 에러: ie_BadId - Specified comport doesn't exist
[18:02:21] Ping 시간 체크1-27717453
[18:02:21] Ping 시간 체크2-27717468
[18:02:21] Ping 시간 체크1-27717531
[18:02:21] Ping 시간 체크2-27717531
[18:02:21] Ping 시간 체크1-27717546
[18:02:21] Ping 시간 체크2-27717562
[18:02:21] Ping 시간 체크1-27717562
[18:02:21] Ping 시간 체크2-27717562
[18:02:22] LPR12 Recv: 172.16.83.1
[18:02:22] LPR11 Recv: 172.16.83.1
[18:02:22] LPR11 Recv: LPR_N
[18:02:23] LPR12 Recv: LPR_N
[18:02:25] LPR12 Recv: LPR_N
[18:02:26] Ping 시간 체크1-27721859
[18:02:26] Ping 시간 체크2-27721859
[18:02:26] Ping 시간 체크1-27721875
[18:02:26] Ping 시간 체크2-27721875
[18:02:26] 출구차단기 Open
[18:02:27] LPR11 Recv: LPR_N
[18:02:30] LPR12 Recv: LPR_N
[18:02:32] LPR11 Recv: LPR_N
[18:02:36] LPR12 Recv: LPR_N
[18:02:37] LPR11 Recv: LPR_N
[18:02:41] LPR12 Recv: LPR_N
[18:02:42] LPR11 Recv: LPR_N
[18:02:46] LPR12 Recv: LPR_N
[18:02:47] LPR11 Recv: LPR_N
[18:02:51] LPR12 Recv: LPR_N
[18:02:51] Ping 시간 체크1-27747578
[18:02:51] Ping 시간 체크2-27747578
[18:02:51] Ping 시간 체크1-27747578
[18:02:51] Ping 시간 체크2-27747593
[18:02:51] 출구차단기 Open
[18:02:53] LPR11 Recv: LPR_N
[18:02:57] LPR12 Recv: LPR_N
[18:02:58] LPR11 Recv: LPR_N
[18:03:02] LPR12 Recv: LPR_N
[18:03:03] LPR11 Recv: LPR_N
[18:03:05] Program Close
[18:03:17] Program Start!
[18:03:20] 근무시작: 배은화
[18:03:21] 영수증프린터 포트오픈 에러: ie_BadId - Specified comport doesn't exist
[18:03:21] Ping 시간 체크1-27777171
[18:03:21] Ping 시간 체크2-27777187
[18:03:21] Ping 시간 체크1-27777250
[18:03:21] Ping 시간 체크2-27777250
[18:03:21] Ping 시간 체크1-27777250
[18:03:21] Ping 시간 체크2-27777265
[18:03:21] Ping 시간 체크1-27777281
[18:03:21] Ping 시간 체크2-27777281
[18:03:21] LPR11 Recv: 172.16.83.1
[18:03:21] LPR12 Recv: 172.16.83.1
[18:03:23] LPR12 Recv: LPR_N
[18:03:23] LPR11 Recv: LPR_N
[18:03:24] Ping 시간 체크1-27780265
[18:03:24] Ping 시간 체크2-27780281
[18:03:24] Ping 시간 체크1-27780281
[18:03:24] Ping 시간 체크2-27780281
[18:03:24] 출구차단기 Open
[18:03:24] LPR11 Recv: LPR_N
[18:03:28] LPR12 Recv: LPR_N
[18:03:29] LPR11 Recv: LPR_N
[18:03:33] LPR12 Recv: LPR_N
[18:03:35] LPR11 Recv: LPR_N
[18:03:38] LPR12 Recv: LPR_N
[18:03:40] LPR11 Recv: LPR_N
[18:03:44] LPR12 Recv: LPR_N
[18:03:45] LPR11 Recv: LPR_N
[18:03:49] LPR12 Recv: LPR_N
[18:03:50] LPR11 Recv: LPR_N
[18:03:54] LPR12 Recv: LPR_N
[18:03:55] LPR11 Recv: LPR_N
[18:03:59] LPR12 Recv: LPR_N
[18:04:01] LPR11 Recv: LPR_N
[18:04:04] LPR12 Recv: LPR_N
[18:04:06] LPR11 Recv: LPR_N
[18:04:10] LPR12 Recv: LPR_N
[18:04:11] LPR11 Recv: LPR_N
[18:04:15] LPR12 Recv: LPR_N
[18:04:16] LPR11 Recv: LPR_N
[18:04:20] LPR12 Recv: LPR_N
[18:04:22] LPR11 Recv: LPR_N
[18:04:25] LPR12 Recv: LPR_N
[18:04:27] LPR11 Recv: LPR_N
[18:04:31] LPR12 Recv: LPR_N
[18:04:32] LPR11 Recv: LPR_N
[18:04:36] LPR12 Recv: LPR_N
[18:04:37] LPR11 Recv: LPR_N
[18:04:41] LPR12 Recv: LPR_N
[18:04:42] LPR11 Recv: LPR_N
[18:04:46] LPR12 Recv: LPR_N
[18:04:48] LPR11 Recv: LPR_N
[18:04:52] LPR12 Recv: LPR_N
[18:04:53] LPR11 Recv: LPR_N
[18:04:57] LPR12 Recv: LPR_N
[18:04:58] LPR11 Recv: LPR_N
[18:05:02] LPR12 Recv: LPR_N
[18:05:03] LPR11 Recv: LPR_N
[18:05:07] LPR12 Recv: LPR_N
[18:05:09] LPR11 Recv: LPR_N
[18:05:12] LPR12 Recv: LPR_N
[18:05:14] LPR11 Recv: LPR_N
[18:05:18] LPR12 Recv: LPR_N
[18:05:19] LPR11 Recv: LPR_N
[18:05:23] LPR12 Recv: LPR_N
[18:05:24] LPR11 Recv: LPR_N
[18:05:28] LPR12 Recv: LPR_N
[18:05:30] LPR11 Recv: LPR_N
[18:05:33] LPR12 Recv: LPR_N
[18:05:35] LPR11 Recv: LPR_N
[18:05:39] LPR12 Recv: LPR_N
[18:05:40] LPR11 Recv: LPR_N
[18:05:44] LPR12 Recv: LPR_N
[18:05:45] LPR11 Recv: LPR_N
[18:05:49] LPR12 Recv: LPR_N
[18:05:50] LPR11 Recv: LPR_N
[18:05:54] LPR12 Recv: LPR_N
[18:05:56] LPR11 Recv: LPR_N
[18:05:59] LPR12 Recv: LPR_N
[18:06:01] LPR11 Recv: LPR_N
[18:06:05] LPR12 Recv: LPR_N
[18:06:06] LPR11 Recv: LPR_N
[18:06:10] LPR12 Recv: LPR_N
[18:06:11] LPR11 Recv: LPR_N
[18:06:15] LPR12 Recv: LPR_N
[18:06:17] LPR11 Recv: LPR_N
[18:06:20] LPR12 Recv: LPR_N
[18:06:22] LPR11 Recv: LPR_N
[18:06:26] LPR12 Recv: LPR_N
[18:06:27] LPR11 Recv: LPR_N
[18:06:31] LPR12 Recv: LPR_N
[18:06:32] LPR11 Recv: LPR_N
[18:06:36] LPR12 Recv: LPR_N
[18:06:37] LPR11 Recv: LPR_N
[18:06:41] LPR12 Recv: LPR_N
[18:06:43] LPR11 Recv: LPR_N
[18:06:47] LPR12 Recv: LPR_N
[18:06:48] LPR11 Recv: LPR_N
[18:06:52] LPR12 Recv: LPR_N
[18:06:53] LPR11 Recv: LPR_N
[18:06:57] LPR12 Recv: LPR_N
[18:06:58] Program Close
[18:07:15] Program Start!
[18:07:17] 근무시작: 배은화
[18:07:26] 영수증프린터 포트오픈 에러: ie_BadId - Specified comport doesn't exist
[18:07:26] Ping 시간 체크1-28022640
[18:07:26] Ping 시간 체크2-28022640
[18:07:26] Ping 시간 체크1-28022703
[18:07:26] Ping 시간 체크2-28022718
[18:07:26] Ping 시간 체크1-28022718
[18:07:26] Ping 시간 체크2-28022718
[18:07:27] Ping 시간 체크1-28022734
[18:07:27] Ping 시간 체크2-28022734
[18:07:27] LPR12 Recv: 172.16.83.1
[18:07:27] LPR11 Recv: 172.16.83.1
[18:07:28] LPR11 Recv: LPR_N
[18:07:28] LPR12 Recv: LPR_N
[18:07:30] LPR11 Recv: LPR_N
[18:07:34] LPR12 Recv: LPR_N
[18:07:35] Ping 시간 체크1-28030921
[18:07:35] Ping 시간 체크2-28030937
[18:07:35] Ping 시간 체크1-28030937
[18:07:35] Ping 시간 체크2-28030937
[18:07:35] 출구차단기 Open
[18:07:35] LPR11 Recv: LPR_N
[18:07:39] LPR12 Recv: LPR_N
[18:07:40] LPR11 Recv: LPR_N
[18:07:41] Program Close
[18:08:10] Program Start!
[18:08:12] 근무시작: 배은화
[18:08:13] 영수증프린터 포트오픈 에러: ie_BadId - Specified comport doesn't exist
[18:08:13] Ping 시간 체크1-28069625
[18:08:13] Ping 시간 체크2-28069640
[18:08:13] Ping 시간 체크1-28069703
[18:08:13] Ping 시간 체크2-28069718
[18:08:13] Ping 시간 체크1-28069718
[18:08:13] Ping 시간 체크2-28069718
[18:08:14] Ping 시간 체크1-28069734
[18:08:14] Ping 시간 체크2-28069734
[18:08:14] LPR11 Recv: 172.16.83.1
[18:08:14] LPR12 Recv: 172.16.83.1
[18:08:15] LPR11 Recv: LPR_N
[18:08:15] LPR12 Recv: LPR_N
[18:08:17] LPR11 Recv: LPR_N
