[10:01:36] Program Start!
[10:01:42] 근무시작: 배은화
[10:01:43] 영수증프린터 포트오픈 에러: ie_BadId - Specified comport doesn't exist
[10:01:43] Ping 시간 체크1-6094890
[10:01:43] Ping 시간 체크2-6094890
[10:01:43] Ping 시간 체크1-6094890
[10:01:43] Ping 시간 체크2-6094906
[10:01:43] Ping 시간 체크1-6094937
[10:01:43] Ping 시간 체크2-6094937
[10:01:43] Ping 시간 체크1-6094937
[10:01:43] Ping 시간 체크2-6094953
[10:01:43] Ping 시간 체크1-6094968
[10:01:43] Ping 시간 체크2-6094968
[10:01:43] Ping 시간 체크1-6094968
[10:01:43] Ping 시간 체크2-6094984
[10:01:43] Ping 시간 체크1-6094984
[10:01:43] Ping 시간 체크2-6095000
[10:01:43] LPR 11 Recv: 172.16.83.1
[10:01:43] LPR12 Recv: 172.16.83.1
[10:01:44] 주차권  101
[10:01:44] 경차  102
[10:01:44] 장애인  103
[10:01:44] 전액무료  104
[10:01:46] LPR16 Recv: 172.16.83.1LPR_R
[10:01:46] LPR Check: ,http://172.16.66.33:9080/MSImage172.16.83.1LPR_R,3,,,0, R   -  -     :  :  
[10:01:46] 이미지저장폴더 생성실패: C:\LPRImage\R   \  \  \16
[10:01:46] File: \\172.16.66.33\MSImage172.16.83.1LPR_R
[10:01:47] csInLpr2Read: qryInLpr2Proc: Cannot perform this operation on a closed dataset
[10:01:47] LPR12 Recv: LPR_NLPR_N
[10:01:47] LPR18 Recv: 172.16.83.1LPR_RLPR_R
[10:01:47] LPR Check: ,http://172.16.66.33:9080/MSImage172.16.83.1LPR_RLPR_R,3,,,0, RLPR-_R-     :  :  
[10:01:47] 이미지저장폴더 생성실패: C:\LPRImage\RLPR\_R\  \18
[10:01:47] File: \\172.16.66.33\MSImage172.16.83.1LPR_RLPR_R
[10:01:48] csInLpr4Read: qryInLpr4Proc: Cannot perform this operation on a closed dataset
[10:01:48] LPR 11 Recv: LPR_RLPR_R
[10:01:48] LPR17 Recv: 172.16.83.1LPR_R
[10:01:48] LPR Check: ,http://172.16.66.33:9080/MSImage172.16.83.1LPR_R,3,,,0, R   -  -     :  :  
[10:01:48] 이미지저장폴더 생성실패: C:\LPRImage\R   \  \  \17
[10:01:48] File: \\172.16.66.33\MSImage172.16.83.1LPR_R
[10:01:49] csInLpr3Read: qryInLpr3Proc: Cannot perform this operation on a closed dataset
[10:01:49] LPR16 Recv: LPR_R
[10:01:49] 시간동기화 전송
[10:01:51] LPR12 Recv: LPR_N
[10:01:55] LPR18 Recv: CH1#31로6819#N#\2014\09\29\CH1_20140929153253_31로6819.jpg
[10:01:55] LPR Check: 31로6819,http://172.16.66.33:9080/MSImage/2014/09/29/CH1_20140929153253_31로6819.jpg,1,,,0, 2014-09-29 15:32:53
[10:01:55] File: \\172.16.66.33\MSImage\2014\09\29\CH1_20140929153253_31로6819.jpg
[10:01:55] 정기차량시작: 31로6819, 
[10:01:55] Ping 시간 체크1-6106906
[10:01:55] Ping 시간 체크2-6106921
[10:01:55] 입구차단기 Open
[10:01:55] 정기차량처리: 31로6819, 
[10:01:55] LPR17 Recv: CH1#31로6819#N#\2014\09\29\CH1_20140929153253_31로6819.jpg
[10:01:55] LPR Check: 31로6819,http://172.16.66.33:9080/MSImage/2014/09/29/CH1_20140929153253_31로6819.jpg,1,,,0, 2014-09-29 15:32:53
[10:01:55] File: \\172.16.66.33\MSImage\2014\09\29\CH1_20140929153253_31로6819.jpg
[10:01:55] 정기차량시작: 31로6819, 
[10:01:55] Ping 시간 체크1-6106937
[10:01:55] Ping 시간 체크2-6106937
[10:01:55] 입구차단기 Open
[10:01:55] 정기차량처리: 31로6819, 
[10:01:55] LPR16 Recv: CH1#31로6819#N#\2014\09\29\CH1_20140929153253_31로6819.jpg
[10:01:55] LPR Check: 31로6819,http://172.16.66.33:9080/MSImage/2014/09/29/CH1_20140929153253_31로6819.jpg,1,,,0, 2014-09-29 15:32:53
[10:01:55] File: \\172.16.66.33\MSImage\2014\09\29\CH1_20140929153253_31로6819.jpg
[10:01:55] 정기차량시작: 31로6819, 
[10:01:55] Ping 시간 체크1-6106968
[10:01:55] Ping 시간 체크2-6106968
[10:01:55] 입구차단기 Open
[10:01:55] 정기차량처리: 31로6819, 
[10:01:55] LPR 11 Recv: CH1#31로6819#N#\2014\09\29\CH1_20140929153253_31로6819.jpg
[10:02:09] LPR Check: 31로6819,http://172.16.66.33:9080/MSImage/2014/09/29/CH1_20140929153253_31로6819.jpg,1,,,0, 2014-09-29 15:32:53
[10:02:10] File: \\172.16.66.33\MSImage\2014\09\29\CH1_20140929153253_31로6819.jpg
[10:02:10] 정기차량시작: 31로6819, 
[10:02:10] Ping 시간 체크1-6122671
[10:02:10] Ping 시간 체크2-6122671
[10:02:10] Ping 시간 체크1-6122671
[10:02:10] Ping 시간 체크2-6122687
[10:02:10] 입구차단기 Open
[10:02:10] 정기차량처리: 31로6819, 
[10:02:10] LPR12 Recv: LPR_NLPR_NLPR_N
[10:02:12] LPR12 Recv: LPR_N
[10:02:13] LPR18 Recv: NW#CH1#경기46로8862#O#\2014\09\29\CH101_20140929153311_경기46로8862.jpg
[10:02:13] LPR Check: 경기46로8862,http://172.16.66.33:9080/MSImage/2014/09/29/CH101_20140929153311_경기46로8862.jpg,1,,,0, 2014-09-29 15:33:11
[10:02:13] File: \\172.16.66.33\MSImage\2014\09\29\CH101_20140929153311_경기46로8862.jpg
[10:02:13] 일반차량: 경기46로8862, 
[10:04:30] Program Start!
[10:04:35] Program Start!
[10:04:36] 근무시작: 배은화
[10:04:36] 영수증프린터 포트오픈 에러: ie_BadId - Specified comport doesn't exist
[10:04:36] Ping 시간 체크1-6268296
[10:04:36] Ping 시간 체크2-6268312
[10:04:36] Ping 시간 체크1-6268312
[10:04:36] Ping 시간 체크2-6268312
[10:04:36] Ping 시간 체크1-6268312
[10:04:36] Ping 시간 체크2-6268312
[10:04:36] Ping 시간 체크1-6268312
[10:04:36] Ping 시간 체크2-6268328
[10:04:36] Ping 시간 체크1-6268328
[10:04:36] Ping 시간 체크2-6268328
[10:04:36] Ping 시간 체크1-6268343
[10:04:36] Ping 시간 체크2-6268343
[10:04:36] Ping 시간 체크1-6268343
[10:04:36] Ping 시간 체크2-6268343
[10:04:36] 주차권  101
[10:04:36] 경차  102
[10:04:36] 장애인  103
[10:04:36] 전액무료  104
[10:04:36] LPR12 Recv: 172.16.83.1
[10:04:36] LPR 11 Recv: 172.16.83.1
[10:04:37] LPR18 Recv: 172.16.83.1
[10:04:37] LPR 11 Recv: LPR_R
[10:04:37] 시간동기화 전송
[10:04:37] LPR18 Recv: LPR_R
[10:04:37] 시간동기화 전송
[10:04:37] LPR12 Recv: LPR_N
[10:04:38] LPR16 Recv: 172.16.83.1
[10:04:38] LPR12 Recv: LPR_N
[10:04:39] LPR16 Recv: LPR_R
[10:04:39] 시간동기화 전송
[10:04:39] LPR 11 Recv: LPR_R
[10:04:39] 시간동기화 전송
[10:04:39] LPR18 Recv: LPR_R
[10:04:39] 시간동기화 전송
[10:04:39] LPR17 Recv: 172.16.83.1
[10:04:39] LPR17 Recv: CH1#31로6419#N#\2014\09\29\CH1_20140929153248_31로6419.jpg
[10:04:39] LPR Check: 31로6419,http://172.16.66.33:9080/MSImage/2014/09/29/CH1_20140929153248_31로6419.jpg,1,,,0, 2014-09-29 15:32:48
[10:04:39] File: \\172.16.66.33\MSImage\2014\09\29\CH1_20140929153248_31로6419.jpg
[10:04:39] 일반차량: 31로6419, 
[10:04:39] Ping 시간 체크1-6271359
[10:04:39] Ping 시간 체크2-6271359
[10:04:39] 입구차단기 Open
[10:04:39] 일반차량입차: 31로6419, 
[10:04:39] LPR18 Recv: CH1#31로6419#N#\2014\09\29\CH1_20140929153248_31로6419.jpg
[10:04:39] LPR Check: 31로6419,http://172.16.66.33:9080/MSImage/2014/09/29/CH1_20140929153248_31로6419.jpg,1,,,0, 2014-09-29 15:32:48
[10:04:39] File: \\172.16.66.33\MSImage\2014\09\29\CH1_20140929153248_31로6419.jpg
[10:04:39] 일반차량: 31로6419, 
[10:04:39] Ping 시간 체크1-6271375
[10:04:39] Ping 시간 체크2-6271375
[10:04:39] 입구차단기 Open
[10:04:39] 일반차량입차: 31로6419, 
[10:04:39] LPR16 Recv: CH1#31로6419#N#\2014\09\29\CH1_20140929153248_31로6419.jpg
[10:04:39] LPR Check: 31로6419,http://172.16.66.33:9080/MSImage/2014/09/29/CH1_20140929153248_31로6419.jpg,1,,,0, 2014-09-29 15:32:48
[10:04:39] File: \\172.16.66.33\MSImage\2014\09\29\CH1_20140929153248_31로6419.jpg
[10:04:39] 일반차량: 31로6419, 
[10:04:39] Ping 시간 체크1-6271375
[10:04:39] Ping 시간 체크2-6271390
[10:04:39] 입구차단기 Open
[10:04:39] 일반차량입차: 31로6419, 
[10:04:39] LPR 11 Recv: CH1#31로6419#N#\2014\09\29\CH1_20140929153248_31로6419.jpg
[10:04:39] LPR Check: 31로6419,http://172.16.66.33:9080/MSImage/2014/09/29/CH1_20140929153248_31로6419.jpg,1,,,0, 2014-09-29 15:32:48
[10:04:39] File: \\172.16.66.33\MSImage\2014\09\29\CH1_20140929153248_31로6419.jpg
[10:04:39] 일반차량: 31로6419, 
[10:04:39] Ping 시간 체크1-6271406
[10:04:39] Ping 시간 체크2-6271406
[10:04:39] Ping 시간 체크1-6271406
[10:04:39] Ping 시간 체크2-6271406
[10:04:39] 입구차단기 Open
[10:04:39] 일반차량입차: 31로6419, 
[10:04:40] LPR18 Recv: LPR_R
[10:04:40] 시간동기화 전송
[10:04:40] LPR 11 Recv: LPR_R
[10:04:40] 시간동기화 전송
[10:04:40] LPR17 Recv: LPR_R
[10:04:40] 시간동기화 전송
[10:04:40] LPR16 Recv: LPR_R
[10:04:40] 시간동기화 전송
[10:04:44] LPR12 Recv: LPR_N
[10:04:46] LPR18 Recv: NP#CH1#31로6419#N#\2014\09\29\CH1_20140929153248_31로6419.jpg#CH1#경기46로8862#O#\2014\09\29\CH101_20140929153254_경기46로8862.jpg
[10:04:46] LPR Check: 경기46로8862,http://172.16.66.33:9080/MSImage/2014/09/29/CH101_20140929153254_경기46로8862.jpg,1,,,0, 2014-09-29 15:32:54
[10:04:46] File: \\172.16.66.33\MSImage\2014\09\29\CH101_20140929153254_경기46로8862.jpg
[10:04:46] 일반차량: 경기46로8862, 
[10:04:46] 일반차량입차: 경기46로8862, 
[10:04:46] LPR17 Recv: NP#CH1#31로6419#N#\2014\09\29\CH1_20140929153248_31로6419.jpg#CH1#경기46로8862#O#\2014\09\29\CH101_20140929153254_경기46로8862.jpg
[10:04:46] LPR Check: 경기46로8862,http://172.16.66.33:9080/MSImage/2014/09/29/CH101_20140929153254_경기46로8862.jpg,1,,,0, 2014-09-29 15:32:54
[10:04:46] File: \\172.16.66.33\MSImage\2014\09\29\CH101_20140929153254_경기46로8862.jpg
[10:04:46] 일반차량: 경기46로8862, 
[10:04:46] 일반차량입차: 경기46로8862, 
[10:04:46] LPR 11 Recv: NP#CH1#31로6419#N#\2014\09\29\CH1_20140929153248_31로6419.jpg#CH1#경기46로8862#O#\2014\09\29\CH101_20140929153254_경기46로8862.jpg
[10:04:46] LPR Check: 경기46로8862,http://172.16.66.33:9080/MSImage/2014/09/29/CH101_20140929153254_경기46로8862.jpg,1,,,0, 2014-09-29 15:32:54
[10:04:46] File: \\172.16.66.33\MSImage\2014\09\29\CH101_20140929153254_경기46로8862.jpg
[10:04:46] 일반차량: 경기46로8862, 
[10:04:46] Ping 시간 체크1-6278265
[10:04:46] Ping 시간 체크2-6278265
[10:04:46] 일반차량입차: 경기46로8862, 
[10:04:46] LPR16 Recv: NP#CH1#31로6419#N#\2014\09\29\CH1_20140929153248_31로6419.jpg#CH1#경기46로8862#O#\2014\09\29\CH101_20140929153254_경기46로8862.jpg
[10:04:46] LPR Check: 경기46로8862,http://172.16.66.33:9080/MSImage/2014/09/29/CH101_20140929153254_경기46로8862.jpg,1,,,0, 2014-09-29 15:32:54
[10:04:46] File: \\172.16.66.33\MSImage\2014\09\29\CH101_20140929153254_경기46로8862.jpg
[10:04:46] 일반차량: 경기46로8862, 
[10:04:46] 일반차량입차: 경기46로8862, 
[10:04:49] LPR12 Recv: LPR_N
[10:04:54] LPR12 Recv: LPR_N
[10:04:59] LPR12 Recv: LPR_N
[10:05:04] LPR12 Recv: LPR_N
[10:05:10] LPR12 Recv: LPR_N
[10:05:15] LPR12 Recv: LPR_N
[10:05:20] LPR12 Recv: LPR_N
[10:05:25] LPR12 Recv: LPR_N
[10:05:31] LPR12 Recv: LPR_N
[10:05:36] LPR12 Recv: LPR_N
[10:05:41] LPR12 Recv: LPR_N
[10:05:46] Ping 시간 체크1-6338250
[10:05:46] Ping 시간 체크2-6338265
[10:05:46] 17번 LPR OK 전송
[10:05:46] Ping 시간 체크1-6338265
[10:05:46] Ping 시간 체크2-6338265
[10:05:46] 18번 LPR OK 전송
[10:05:46] Ping 시간 체크1-6338265
[10:05:46] Ping 시간 체크2-6338265
[10:05:46] 11번 LPR OK 전송
[10:05:46] Ping 시간 체크1-6338281
[10:05:46] Ping 시간 체크2-6338296
[10:05:46] 16번 LPR OK 전송
[10:05:46] LPR12 Recv: LPR_N
[10:05:52] LPR12 Recv: LPR_N
[10:05:57] LPR12 Recv: LPR_N
[10:06:02] LPR12 Recv: LPR_N
[10:06:07] LPR12 Recv: LPR_N
[10:06:12] LPR12 Recv: LPR_N
[10:06:18] LPR12 Recv: LPR_N
[10:06:23] LPR12 Recv: LPR_N
[10:06:28] LPR12 Recv: LPR_N
[10:06:33] LPR12 Recv: LPR_N
[10:06:39] LPR12 Recv: LPR_N
[10:06:44] LPR12 Recv: LPR_N
[10:06:45] LPR17 Recv: CH1#31로6111#N#\2014\09\29\CH1_20140929153453_31로6111.jpg
[10:06:45] LPR Check: 31로6111,http://172.16.66.33:9080/MSImage/2014/09/29/CH1_20140929153453_31로6111.jpg,1,,,0, 2014-09-29 15:34:53
[10:06:45] File: \\172.16.66.33\MSImage\2014\09\29\CH1_20140929153453_31로6111.jpg
[10:06:45] 일반차량: 31로6111, 
[10:06:45] Ping 시간 체크1-6397437
[10:06:45] Ping 시간 체크2-6397437
[10:06:45] 입구차단기 Open
[10:06:45] 일반차량입차: 31로6111, 
[10:06:45] LPR16 Recv: CH1#31로6111#N#\2014\09\29\CH1_20140929153453_31로6111.jpg
[10:06:45] LPR Check: 31로6111,http://172.16.66.33:9080/MSImage/2014/09/29/CH1_20140929153453_31로6111.jpg,1,,,0, 2014-09-29 15:34:53
[10:06:45] File: \\172.16.66.33\MSImage\2014\09\29\CH1_20140929153453_31로6111.jpg
[10:06:45] 일반차량: 31로6111, 
[10:06:45] Ping 시간 체크1-6397453
[10:06:45] Ping 시간 체크2-6397453
[10:06:45] 입구차단기 Open
[10:06:45] 일반차량입차: 31로6111, 
[10:06:45] LPR18 Recv: CH1#31로6111#N#\2014\09\29\CH1_20140929153453_31로6111.jpg
[10:06:45] LPR Check: 31로6111,http://172.16.66.33:9080/MSImage/2014/09/29/CH1_20140929153453_31로6111.jpg,1,,,0, 2014-09-29 15:34:53
[10:06:45] File: \\172.16.66.33\MSImage\2014\09\29\CH1_20140929153453_31로6111.jpg
[10:06:45] 일반차량: 31로6111, 
[10:06:45] Ping 시간 체크1-6397468
[10:06:45] Ping 시간 체크2-6397468
[10:06:45] 입구차단기 Open
[10:06:45] 일반차량입차: 31로6111, 
[10:06:45] LPR 11 Recv: CH1#31로6111#N#\2014\09\29\CH1_20140929153453_31로6111.jpg
[10:06:45] LPR Check: 31로6111,http://172.16.66.33:9080/MSImage/2014/09/29/CH1_20140929153453_31로6111.jpg,1,,,0, 2014-09-29 15:34:53
[10:06:45] File: \\172.16.66.33\MSImage\2014\09\29\CH1_20140929153453_31로6111.jpg
[10:06:45] 일반차량: 31로6111, 
[10:06:45] Ping 시간 체크1-6397484
[10:06:45] Ping 시간 체크2-6397484
[10:06:45] Ping 시간 체크1-6397484
[10:06:45] Ping 시간 체크2-6397484
[10:06:45] 입구차단기 Open
[10:06:45] 일반차량입차: 31로6111, 
[10:06:49] LPR12 Recv: LPR_N
[10:06:54] LPR12 Recv: LPR_N
[10:06:57] LPR 11 Recv: NP#CH1#31로6111#N#\2014\09\29\CH1_20140929153453_31로6111.jpg#CH1#경기46로8862#O#\2014\09\29\CH101_20140929153505_경기46로8862.jpg
[10:06:57] LPR Check: 경기46로8862,http://172.16.66.33:9080/MSImage/2014/09/29/CH101_20140929153505_경기46로8862.jpg,1,,,0, 2014-09-29 15:35:05
[10:06:57] File: \\172.16.66.33\MSImage\2014\09\29\CH101_20140929153505_경기46로8862.jpg
[10:06:57] 일반차량: 경기46로8862, 
[10:06:57] Ping 시간 체크1-6409484
[10:06:57] Ping 시간 체크2-6409500
[10:06:57] 전광판(172.16.66.43) 네트워크 에러
[10:06:57] 일반차량입차: 경기46로8862, 
[10:06:57] LPR17 Recv: NP#CH1#31로6111#N#\2014\09\29\CH1_20140929153453_31로6111.jpg#CH1#경기46로8862#O#\2014\09\29\CH101_20140929153505_경기46로8862.jpg
[10:06:57] LPR Check: 경기46로8862,http://172.16.66.33:9080/MSImage/2014/09/29/CH101_20140929153505_경기46로8862.jpg,1,,,0, 2014-09-29 15:35:05
[10:06:57] File: \\172.16.66.33\MSImage\2014\09\29\CH101_20140929153505_경기46로8862.jpg
[10:06:57] 일반차량: 경기46로8862, 
[10:06:57] 일반차량입차: 경기46로8862, 
[10:06:57] LPR18 Recv: NP#CH1#31로6111#N#\2014\09\29\CH1_20140929153453_31로6111.jpg#CH1#경기46로8862#O#\2014\09\29\CH101_20140929153505_경기46로8862.jpg
[10:06:57] LPR Check: 경기46로8862,http://172.16.66.33:9080/MSImage/2014/09/29/CH101_20140929153505_경기46로8862.jpg,1,,,0, 2014-09-29 15:35:05
[10:06:57] File: \\172.16.66.33\MSImage\2014\09\29\CH101_20140929153505_경기46로8862.jpg
[10:06:57] 일반차량: 경기46로8862, 
[10:06:57] 일반차량입차: 경기46로8862, 
[10:06:57] LPR16 Recv: NP#CH1#31로6111#N#\2014\09\29\CH1_20140929153453_31로6111.jpg#CH1#경기46로8862#O#\2014\09\29\CH101_20140929153505_경기46로8862.jpg
[10:06:57] LPR Check: 경기46로8862,http://172.16.66.33:9080/MSImage/2014/09/29/CH101_20140929153505_경기46로8862.jpg,1,,,0, 2014-09-29 15:35:05
[10:06:57] File: \\172.16.66.33\MSImage\2014\09\29\CH101_20140929153505_경기46로8862.jpg
[10:06:57] 일반차량: 경기46로8862, 
[10:06:57] 일반차량입차: 경기46로8862, 
[10:06:59] LPR12 Recv: LPR_N
[10:07:05] LPR12 Recv: LPR_N
[10:07:10] LPR12 Recv: LPR_N
[10:07:15] LPR12 Recv: LPR_N
[10:07:20] LPR12 Recv: LPR_N
[10:07:26] LPR12 Recv: LPR_N
[10:07:27] LPR17 Recv: CH1#31로6111#N#\2014\09\29\CH1_20140929153535_31로6111.jpg
[10:07:27] LPR Check: 31로6111,http://172.16.66.33:9080/MSImage/2014/09/29/CH1_20140929153535_31로6111.jpg,1,,,0, 2014-09-29 15:35:35
[10:07:27] File: \\172.16.66.33\MSImage\2014\09\29\CH1_20140929153535_31로6111.jpg
[10:07:27] 일반차량: 31로6111, 
[10:07:27] Ping 시간 체크1-6439296
[10:07:27] Ping 시간 체크2-6439296
[10:07:27] 입구차단기 Open
[10:07:27] 일반차량입차: 31로6111, 
[10:07:27] LPR 11 Recv: CH1#31로6111#N#\2014\09\29\CH1_20140929153535_31로6111.jpg
[10:07:27] LPR Check: 31로6111,http://172.16.66.33:9080/MSImage/2014/09/29/CH1_20140929153535_31로6111.jpg,1,,,0, 2014-09-29 15:35:35
[10:07:27] File: \\172.16.66.33\MSImage\2014\09\29\CH1_20140929153535_31로6111.jpg
[10:07:27] 일반차량: 31로6111, 
[10:07:27] Ping 시간 체크1-6439312
[10:07:27] Ping 시간 체크2-6439312
[10:07:27] Ping 시간 체크1-6439312
[10:07:27] Ping 시간 체크2-6439312
[10:07:27] 입구차단기 Open
[10:07:27] 일반차량입차: 31로6111, 
[10:07:27] LPR18 Recv: CH1#31로6111#N#\2014\09\29\CH1_20140929153535_31로6111.jpg
[10:07:27] LPR Check: 31로6111,http://172.16.66.33:9080/MSImage/2014/09/29/CH1_20140929153535_31로6111.jpg,1,,,0, 2014-09-29 15:35:35
[10:07:27] File: \\172.16.66.33\MSImage\2014\09\29\CH1_20140929153535_31로6111.jpg
[10:07:27] 일반차량: 31로6111, 
[10:07:27] Ping 시간 체크1-6439328
[10:07:27] Ping 시간 체크2-6439328
[10:07:27] 입구차단기 Open
[10:07:27] 일반차량입차: 31로6111, 
[10:07:27] LPR16 Recv: CH1#31로6111#N#\2014\09\29\CH1_20140929153535_31로6111.jpg
[10:07:27] LPR Check: 31로6111,http://172.16.66.33:9080/MSImage/2014/09/29/CH1_20140929153535_31로6111.jpg,1,,,0, 2014-09-29 15:35:35
[10:07:27] File: \\172.16.66.33\MSImage\2014\09\29\CH1_20140929153535_31로6111.jpg
[10:07:27] 일반차량: 31로6111, 
[10:07:27] Ping 시간 체크1-6439343
[10:07:27] Ping 시간 체크2-6439343
[10:07:27] 입구차단기 Open
[10:07:27] 일반차량입차: 31로6111, 
[10:07:27] LPR 11 Recv: LPR_N
[10:07:27] LPR18 Recv: LPR_N
[10:07:27] LPR17 Recv: LPR_N
[10:07:27] LPR16 Recv: LPR_N
[10:07:31] LPR12 Recv: LPR_N
[10:07:33] LPR 11 Recv: LPR_N
[10:07:33] LPR17 Recv: LPR_N
[10:07:33] LPR18 Recv: LPR_N
[10:07:33] LPR16 Recv: LPR_N
[10:07:33] LPR 11 Recv: NP#CH1#31로6111#N#\2014\09\29\CH1_20140929153535_31로6111.jpg#CH1#경기46로8862#O#\2014\09\29\CH101_20140929153541_경기46로8862.jpg
[10:07:33] LPR Check: 경기46로8862,http://172.16.66.33:9080/MSImage/2014/09/29/CH101_20140929153541_경기46로8862.jpg,1,,,0, 2014-09-29 15:35:41
[10:07:33] File: \\172.16.66.33\MSImage\2014\09\29\CH101_20140929153541_경기46로8862.jpg
[10:07:33] 일반차량: 경기46로8862, 
[10:07:33] Ping 시간 체크1-6445078
[10:07:33] Ping 시간 체크2-6445078
[10:07:33] 일반차량입차: 경기46로8862, 
[10:07:33] LPR18 Recv: NP#CH1#31로6111#N#\2014\09\29\CH1_20140929153535_31로6111.jpg#CH1#경기46로8862#O#\2014\09\29\CH101_20140929153541_경기46로8862.jpg
[10:07:33] LPR Check: 경기46로8862,http://172.16.66.33:9080/MSImage/2014/09/29/CH101_20140929153541_경기46로8862.jpg,1,,,0, 2014-09-29 15:35:41
[10:07:33] File: \\172.16.66.33\MSImage\2014\09\29\CH101_20140929153541_경기46로8862.jpg
[10:07:33] 일반차량: 경기46로8862, 
[10:07:33] 일반차량입차: 경기46로8862, 
[10:07:33] LPR17 Recv: NP#CH1#31로6111#N#\2014\09\29\CH1_20140929153535_31로6111.jpg#CH1#경기46로8862#O#\2014\09\29\CH101_20140929153541_경기46로8862.jpg
[10:07:33] LPR Check: 경기46로8862,http://172.16.66.33:9080/MSImage/2014/09/29/CH101_20140929153541_경기46로8862.jpg,1,,,0, 2014-09-29 15:35:41
[10:07:33] File: \\172.16.66.33\MSImage\2014\09\29\CH101_20140929153541_경기46로8862.jpg
[10:07:33] 일반차량: 경기46로8862, 
[10:07:33] 일반차량입차: 경기46로8862, 
[10:07:33] LPR16 Recv: NP#CH1#31로6111#N#\2014\09\29\CH1_20140929153535_31로6111.jpg#CH1#경기46로8862#O#\2014\09\29\CH101_20140929153541_경기46로8862.jpg
[10:07:33] LPR Check: 경기46로8862,http://172.16.66.33:9080/MSImage/2014/09/29/CH101_20140929153541_경기46로8862.jpg,1,,,0, 2014-09-29 15:35:41
[10:07:33] File: \\172.16.66.33\MSImage\2014\09\29\CH101_20140929153541_경기46로8862.jpg
[10:07:33] 일반차량: 경기46로8862, 
[10:07:33] 일반차량입차: 경기46로8862, 
[10:07:36] LPR12 Recv: LPR_N
[10:07:38] LPR18 Recv: LPR_N
[10:07:38] LPR17 Recv: LPR_N
[10:07:38] LPR 11 Recv: LPR_N
[10:07:38] LPR16 Recv: LPR_N
[10:07:41] LPR12 Recv: LPR_N
[10:07:43] LPR 11 Recv: LPR_N
[10:07:43] LPR18 Recv: LPR_N
[10:07:43] LPR17 Recv: LPR_N
[10:07:43] LPR16 Recv: LPR_N
[10:07:47] LPR12 Recv: LPR_N
[10:07:48] LPR17 Recv: LPR_N
[10:07:48] LPR16 Recv: LPR_N
[10:07:48] LPR18 Recv: LPR_N
[10:07:48] LPR 11 Recv: LPR_N
[10:07:52] LPR12 Recv: LPR_N
[10:07:53] LPR18 Recv: LPR_N
[10:07:53] LPR 11 Recv: LPR_N
[10:07:53] LPR17 Recv: LPR_N
[10:07:53] LPR16 Recv: LPR_N
[10:07:57] LPR12 Recv: LPR_N
[10:07:59] LPR 11 Recv: LPR_N
[10:07:59] LPR18 Recv: LPR_N
[10:07:59] LPR17 Recv: LPR_N
[10:07:59] LPR16 Recv: LPR_N
[10:08:02] LPR12 Recv: LPR_N
[10:08:04] LPR18 Recv: LPR_N
[10:08:04] LPR17 Recv: LPR_N
[10:08:04] LPR16 Recv: LPR_N
[10:08:04] LPR 11 Recv: LPR_N
[10:08:07] LPR12 Recv: LPR_N
[10:08:09] LPR17 Recv: LPR_N
[10:08:09] LPR18 Recv: LPR_N
[10:08:09] LPR 11 Recv: LPR_N
[10:08:09] LPR16 Recv: LPR_N
[10:08:13] LPR12 Recv: LPR_N
[10:08:14] LPR18 Recv: LPR_N
[10:08:14] LPR 11 Recv: LPR_N
[10:08:14] LPR17 Recv: LPR_N
[10:08:14] LPR16 Recv: LPR_N
[10:08:18] LPR12 Recv: LPR_N
[10:08:20] LPR18 Recv: LPR_N
[10:08:20] LPR17 Recv: LPR_N
[10:08:20] LPR 11 Recv: LPR_N
[10:08:20] LPR16 Recv: LPR_N
[10:08:23] LPR12 Recv: LPR_N
[10:08:25] LPR17 Recv: LPR_N
[10:08:25] LPR18 Recv: LPR_N
[10:08:25] LPR16 Recv: LPR_N
[10:08:25] LPR 11 Recv: LPR_N
[10:08:28] LPR12 Recv: LPR_N
[10:08:30] LPR17 Recv: LPR_N
[10:08:30] LPR18 Recv: LPR_N
[10:08:30] LPR 11 Recv: LPR_N
[10:08:30] LPR16 Recv: LPR_N
[10:08:34] LPR12 Recv: LPR_N
[10:08:36] LPR17 Recv: LPR_N
[10:08:36] LPR18 Recv: LPR_N
[10:08:36] LPR 11 Recv: LPR_N
[10:08:36] LPR16 Recv: LPR_N
[10:08:39] LPR12 Recv: LPR_N
[10:08:41] LPR17 Recv: LPR_N
[10:08:41] LPR18 Recv: LPR_N
[10:08:41] LPR 11 Recv: LPR_N
[10:08:41] LPR16 Recv: LPR_N
[10:08:44] LPR12 Recv: LPR_N
[10:08:46] LPR18 Recv: LPR_N
[10:08:46] LPR 11 Recv: LPR_N
[10:08:46] LPR17 Recv: LPR_N
[10:08:46] LPR16 Recv: LPR_N
[10:08:49] LPR12 Recv: LPR_N
[10:08:51] LPR17 Recv: LPR_N
[10:08:51] LPR18 Recv: LPR_N
[10:08:51] LPR 11 Recv: LPR_N
[10:08:51] LPR16 Recv: LPR_N
[10:08:54] LPR12 Recv: LPR_N
[10:08:57] LPR17 Recv: LPR_N
[10:08:57] LPR18 Recv: LPR_N
[10:08:57] LPR 11 Recv: LPR_N
[10:08:57] LPR16 Recv: LPR_N
[10:09:00] LPR12 Recv: LPR_N
[10:09:02] LPR 11 Recv: LPR_N
[10:09:02] LPR18 Recv: LPR_N
[10:09:02] LPR17 Recv: LPR_N
[10:09:02] LPR16 Recv: LPR_N
[10:09:05] LPR12 Recv: LPR_N
[10:09:06] Program Close
[10:09:10] Program Start!
[10:09:11] 근무시작: 배은화
[10:09:11] 영수증프린터 포트오픈 에러: ie_BadId - Specified comport doesn't exist
[10:09:11] Ping 시간 체크1-6543406
[10:09:11] Ping 시간 체크2-6543406
[10:09:11] Ping 시간 체크1-6543406
[10:09:11] Ping 시간 체크2-6543406
[10:09:11] Ping 시간 체크1-6543406
[10:09:11] Ping 시간 체크2-6543421
[10:09:11] Ping 시간 체크1-6543421
[10:09:11] Ping 시간 체크2-6543421
[10:09:11] Ping 시간 체크1-6543421
[10:09:11] Ping 시간 체크2-6543437
[10:09:11] Ping 시간 체크1-6543437
[10:09:11] Ping 시간 체크2-6543437
[10:09:11] Ping 시간 체크1-6543437
[10:09:11] Ping 시간 체크2-6543453
[10:09:11] 주차권  101
[10:09:11] 경차  102
[10:09:11] 장애인  103
[10:09:11] 전액무료  104
[10:09:11] LPR12 Recv: 172.16.83.1
[10:09:11] LPR 11 Recv: 172.16.83.1
[10:09:12] LPR16 Recv: 172.16.83.1
[10:09:12] LPR16 Recv: LPR_N
[10:09:12] LPR 11 Recv: LPR_N
[10:09:12] LPR12 Recv: LPR_N
[10:09:13] LPR16 Recv: CH1#31로6111#N#\2014\09\29\CH1_20140929153720_31로6111.jpg
[10:09:13] LPR Check: 31로6111,http://172.16.66.33:9080/MSImage/2014/09/29/CH1_20140929153720_31로6111.jpg,1,,,0, 2014-09-29 15:37:20
[10:09:13] File: \\172.16.66.33\MSImage\2014\09\29\CH1_20140929153720_31로6111.jpg
[10:09:13] 일반차량: 31로6111, 
[10:09:13] Ping 시간 체크1-6544875
[10:09:13] Ping 시간 체크2-6544875
[10:09:13] 입구차단기 Open
[10:09:13] 일반차량입차: 31로6111, 
[10:09:13] LPR 11 Recv: CH1#31로6111#N#\2014\09\29\CH1_20140929153720_31로6111.jpg
[10:09:13] LPR Check: 31로6111,http://172.16.66.33:9080/MSImage/2014/09/29/CH1_20140929153720_31로6111.jpg,1,,,0, 2014-09-29 15:37:20
[10:09:13] File: \\172.16.66.33\MSImage\2014\09\29\CH1_20140929153720_31로6111.jpg
[10:09:13] 일반차량: 31로6111, 
[10:09:13] Ping 시간 체크1-6544890
[10:09:13] Ping 시간 체크2-6544890
[10:09:13] Ping 시간 체크1-6544890
[10:09:13] Ping 시간 체크2-6544906
[10:09:13] 입구차단기 Open
[10:09:13] 일반차량입차: 31로6111, 
[10:09:13] LPR18 Recv: 172.16.83.1
[10:09:13] LPR18 Recv: LPR_N
[10:09:13] LPR16 Recv: LPR_N
[10:09:13] LPR 11 Recv: LPR_N
[10:09:14] LPR17 Recv: 172.16.83.1
[10:09:14] LPR18 Recv: LPR_N
[10:09:14] LPR 11 Recv: LPR_N
[10:09:14] LPR16 Recv: LPR_N
[10:09:14] LPR17 Recv: LPR_N
[10:09:15] LPR12 Recv: LPR_N
[10:09:15] LPR16 Recv: NP#CH1#31로6111#N#\2014\09\29\CH1_20140929153720_31로6111.jpg#CH1#경기46로8862#O#\2014\09\29\CH101_20140929153723_경기46로8862.jpg
[10:09:15] LPR Check: 경기46로8862,http://172.16.66.33:9080/MSImage/2014/09/29/CH101_20140929153723_경기46로8862.jpg,1,,,0, 2014-09-29 15:37:23
[10:09:15] File: \\172.16.66.33\MSImage\2014\09\29\CH101_20140929153723_경기46로8862.jpg
[10:09:15] 일반차량: 경기46로8862, 
[10:09:15] 일반차량입차: 경기46로8862, 
[10:09:15] LPR18 Recv: NP#CH1#31로6111#N#\2014\09\29\CH1_20140929153720_31로6111.jpg#CH1#경기46로8862#O#\2014\09\29\CH101_20140929153723_경기46로8862.jpg
[10:09:15] LPR Check: 경기46로8862,http://172.16.66.33:9080/MSImage/2014/09/29/CH101_20140929153723_경기46로8862.jpg,1,,,0, 2014-09-29 15:37:23
[10:09:15] File: \\172.16.66.33\MSImage\2014\09\29\CH101_20140929153723_경기46로8862.jpg
[10:09:15] 일반차량: 경기46로8862, 
[10:09:15] 일반차량입차: 경기46로8862, 
[10:09:15] LPR 11 Recv: NP#CH1#31로6111#N#\2014\09\29\CH1_20140929153720_31로6111.jpg#CH1#경기46로8862#O#\2014\09\29\CH101_20140929153723_경기46로8862.jpg
[10:09:15] LPR Check: 경기46로8862,http://172.16.66.33:9080/MSImage/2014/09/29/CH101_20140929153723_경기46로8862.jpg,1,,,0, 2014-09-29 15:37:23
[10:09:15] File: \\172.16.66.33\MSImage\2014\09\29\CH101_20140929153723_경기46로8862.jpg
[10:09:15] 일반차량: 경기46로8862, 
[10:09:15] Ping 시간 체크1-6547640
[10:09:15] Ping 시간 체크2-6547656
[10:09:15] 일반차량입차: 경기46로8862, 
[10:09:15] LPR17 Recv: NP#CH1#31로6111#N#\2014\09\29\CH1_20140929153720_31로6111.jpg#CH1#경기46로8862#O#\2014\09\29\CH101_20140929153723_경기46로8862.jpg
[10:09:15] LPR Check: 경기46로8862,http://172.16.66.33:9080/MSImage/2014/09/29/CH101_20140929153723_경기46로8862.jpg,1,,,0, 2014-09-29 15:37:23
[10:09:15] File: \\172.16.66.33\MSImage\2014\09\29\CH101_20140929153723_경기46로8862.jpg
[10:09:15] 일반차량: 경기46로8862, 
[10:09:15] 일반차량입차: 경기46로8862, 
[10:09:16] LPR18 Recv: LPR_N
[10:09:16] LPR16 Recv: LPR_N
[10:09:16] LPR 11 Recv: LPR_N
[10:09:16] LPR17 Recv: LPR_N
[10:09:18] LPR18 Recv: LPR_N
[10:09:18] LPR16 Recv: LPR_N
[10:09:18] LPR 11 Recv: LPR_N
[10:09:18] LPR17 Recv: LPR_N
[10:09:21] LPR12 Recv: LPR_N
[10:09:23] LPR16 Recv: LPR_N
[10:09:23] LPR18 Recv: LPR_N
[10:09:23] LPR 11 Recv: LPR_N
[10:09:23] LPR17 Recv: LPR_N
[10:09:26] LPR12 Recv: LPR_N
[10:09:28] LPR16 Recv: LPR_N
[10:09:28] LPR 11 Recv: LPR_N
[10:09:28] LPR18 Recv: LPR_N
[10:09:28] LPR17 Recv: LPR_N
[10:09:31] LPR12 Recv: LPR_N
[10:09:33] LPR18 Recv: LPR_N
[10:09:33] LPR 11 Recv: LPR_N
[10:09:33] LPR16 Recv: LPR_N
[10:09:33] LPR17 Recv: LPR_N
[10:09:36] LPR12 Recv: LPR_N
[10:09:39] LPR16 Recv: LPR_N
[10:09:39] LPR18 Recv: LPR_N
[10:09:39] LPR 11 Recv: LPR_N
[10:09:39] LPR17 Recv: LPR_N
[10:09:42] LPR12 Recv: LPR_N
[10:09:44] LPR18 Recv: LPR_N
[10:09:44] LPR 11 Recv: LPR_N
[10:09:44] LPR16 Recv: LPR_N
[10:09:44] LPR17 Recv: LPR_N
[10:09:47] LPR12 Recv: LPR_N
[10:09:49] LPR16 Recv: LPR_N
[10:09:49] LPR 11 Recv: LPR_N
[10:09:49] LPR18 Recv: LPR_N
[10:09:49] LPR17 Recv: LPR_N
[10:09:52] LPR12 Recv: LPR_N
[10:09:54] LPR16 Recv: LPR_N
[10:09:54] LPR 11 Recv: LPR_N
[10:09:54] LPR18 Recv: LPR_N
[10:09:54] LPR17 Recv: LPR_N
[10:09:57] LPR12 Recv: LPR_N
[10:09:59] LPR16 Recv: LPR_N
[10:09:59] LPR18 Recv: LPR_N
[10:09:59] LPR 11 Recv: LPR_N
[10:09:59] LPR17 Recv: LPR_N
[10:10:02] LPR12 Recv: LPR_N
[10:10:05] LPR18 Recv: LPR_N
[10:10:05] LPR16 Recv: LPR_N
[10:10:05] LPR 11 Recv: LPR_N
[10:10:05] LPR17 Recv: LPR_N
[10:10:08] LPR12 Recv: LPR_N
[10:10:10] LPR16 Recv: LPR_N
[10:10:10] LPR18 Recv: LPR_N
[10:10:10] LPR 11 Recv: LPR_N
[10:10:10] LPR17 Recv: LPR_N
[10:10:13] LPR12 Recv: LPR_N
[10:10:15] LPR16 Recv: LPR_N
[10:10:15] LPR18 Recv: LPR_N
[10:10:15] LPR 11 Recv: LPR_N
[10:10:15] LPR17 Recv: LPR_N
[10:10:18] LPR12 Recv: LPR_N
[10:10:20] LPR16 Recv: LPR_N
[10:10:20] LPR18 Recv: LPR_N
[10:10:20] LPR 11 Recv: LPR_N
[10:10:20] LPR17 Recv: LPR_N
[10:10:23] LPR12 Recv: LPR_N
[10:10:26] LPR18 Recv: LPR_N
[10:10:26] LPR16 Recv: LPR_N
[10:10:26] LPR 11 Recv: LPR_N
[10:10:26] LPR17 Recv: LPR_N
[10:10:29] LPR12 Recv: LPR_N
[10:10:31] LPR16 Recv: LPR_N
[10:10:31] LPR18 Recv: LPR_N
[10:10:31] LPR 11 Recv: LPR_N
[10:10:31] LPR17 Recv: LPR_N
[10:10:34] LPR12 Recv: LPR_N
[10:10:37] LPR 11 Recv: LPR_N
[10:10:37] LPR16 Recv: LPR_N
[10:10:37] LPR18 Recv: LPR_N
[10:10:37] LPR17 Recv: LPR_N
[10:10:39] LPR12 Recv: LPR_N
[10:10:42] LPR 11 Recv: LPR_N
[10:10:42] LPR18 Recv: LPR_N
[10:10:42] LPR16 Recv: LPR_N
[10:10:42] LPR17 Recv: LPR_N
[10:10:44] LPR12 Recv: LPR_N
[10:10:47] LPR18 Recv: LPR_N
[10:10:47] LPR16 Recv: LPR_N
[10:10:47] LPR 11 Recv: LPR_N
[10:10:47] LPR17 Recv: LPR_N
[10:10:49] LPR12 Recv: LPR_N
[10:10:50] Program Close
[10:10:54] Program Start!
[10:10:56] 근무시작: 배은화
[10:10:56] 영수증프린터 포트오픈 에러: ie_BadId - Specified comport doesn't exist
[10:10:56] Ping 시간 체크1-6648046
[10:10:56] Ping 시간 체크2-6648062
[10:10:56] Ping 시간 체크1-6648062
[10:10:56] Ping 시간 체크2-6648062
[10:10:56] Ping 시간 체크1-6648062
[10:10:56] Ping 시간 체크2-6648078
[10:10:56] Ping 시간 체크1-6648078
[10:10:56] Ping 시간 체크2-6648078
[10:10:56] Ping 시간 체크1-6648078
[10:10:56] Ping 시간 체크2-6648078
[10:10:56] Ping 시간 체크1-6648093
[10:10:56] Ping 시간 체크2-6648093
[10:10:56] Ping 시간 체크1-6648093
[10:10:56] Ping 시간 체크2-6648093
[10:10:56] 주차권  101
[10:10:56] 경차  102
[10:10:56] 장애인  103
[10:10:56] 전액무료  104
[10:10:56] LPR 11 Recv: 172.16.83.1
[10:10:56] LPR12 Recv: 172.16.83.1
[10:10:57] LPR18 Recv: 172.16.83.1
[10:10:57] LPR12 Recv: LPR_N
[10:10:57] LPR18 Recv: LPR_N
[10:10:57] LPR 11 Recv: LPR_N
[10:10:58] LPR16 Recv: 172.16.83.1
[10:10:58] LPR16 Recv: LPR_N
[10:10:58] LPR18 Recv: LPR_N
[10:10:58] LPR 11 Recv: LPR_N
[10:10:58] LPR17 Recv: 172.16.83.1
[10:10:58] LPR18 Recv: CH1#31로6111#N#\2014\09\29\CH1_20140929153906_31로6111.jpg
[10:10:58] LPR Check: 31로6111,http://172.16.66.33:9080/MSImage/2014/09/29/CH1_20140929153906_31로6111.jpg,1,,,0, 2014-09-29 15:39:06
[10:10:58] File: \\172.16.66.33\MSImage\2014\09\29\CH1_20140929153906_31로6111.jpg
[10:10:58] 일반차량: 31로6111, 
[10:10:58] Ping 시간 체크1-6650718
[10:10:58] Ping 시간 체크2-6650718
[10:10:58] 입구차단기 Open
[10:10:58] 일반차량입차: 31로6111, 
[10:10:58] LPR17 Recv: CH1#31로6111#N#\2014\09\29\CH1_20140929153906_31로6111.jpg
[10:10:58] LPR Check: 31로6111,http://172.16.66.33:9080/MSImage/2014/09/29/CH1_20140929153906_31로6111.jpg,1,,,0, 2014-09-29 15:39:06
[10:10:58] File: \\172.16.66.33\MSImage\2014\09\29\CH1_20140929153906_31로6111.jpg
[10:10:58] 일반차량: 31로6111, 
[10:10:59] Ping 시간 체크1-6650734
[10:10:59] Ping 시간 체크2-6650734
[10:10:59] 입구차단기 Open
[10:10:59] 일반차량입차: 31로6111, 
[10:10:59] LPR 11 Recv: CH1#31로6111#N#\2014\09\29\CH1_20140929153906_31로6111.jpg
[10:10:59] LPR Check: 31로6111,http://172.16.66.33:9080/MSImage/2014/09/29/CH1_20140929153906_31로6111.jpg,1,,,0, 2014-09-29 15:39:06
[10:10:59] File: \\172.16.66.33\MSImage\2014\09\29\CH1_20140929153906_31로6111.jpg
[10:10:59] 일반차량: 31로6111, 
[10:10:59] Ping 시간 체크1-6650750
[10:10:59] Ping 시간 체크2-6650750
[10:10:59] Ping 시간 체크1-6650750
[10:10:59] Ping 시간 체크2-6650750
[10:10:59] 입구차단기 Open
[10:10:59] 일반차량입차: 31로6111, 
[10:10:59] LPR16 Recv: CH1#31로6111#N#\2014\09\29\CH1_20140929153906_31로6111.jpg
[10:10:59] LPR Check: 31로6111,http://172.16.66.33:9080/MSImage/2014/09/29/CH1_20140929153906_31로6111.jpg,1,,,0, 2014-09-29 15:39:06
[10:10:59] File: \\172.16.66.33\MSImage\2014\09\29\CH1_20140929153906_31로6111.jpg
[10:10:59] 일반차량: 31로6111, 
[10:10:59] Ping 시간 체크1-6650765
[10:10:59] Ping 시간 체크2-6650765
[10:10:59] 입구차단기 Open
[10:10:59] 일반차량입차: 31로6111, 
[10:11:00] LPR18 Recv: LPR_N
[10:11:00] LPR 11 Recv: LPR_N
[10:11:00] LPR17 Recv: LPR_N
[10:11:00] LPR16 Recv: LPR_N
[10:11:00] LPR12 Recv: LPR_N
[10:11:02] LPR17 Recv: NP#CH1#31로6111#N#\2014\09\29\CH1_20140929153906_31로6111.jpg#CH1#경기46로8862#O#\2014\09\29\CH101_20140929153910_경기46로8862.jpg
[10:11:02] LPR Check: 경기46로8862,http://172.16.66.33:9080/MSImage/2014/09/29/CH101_20140929153910_경기46로8862.jpg,1,,,0, 2014-09-29 15:39:10
[10:11:02] File: \\172.16.66.33\MSImage\2014\09\29\CH101_20140929153910_경기46로8862.jpg
[10:11:02] 일반차량: 경기46로8862, 
[10:11:02] 일반차량입차: 경기46로8862, 
[10:11:02] LPR16 Recv: NP#CH1#31로6111#N#\2014\09\29\CH1_20140929153906_31로6111.jpg#CH1#경기46로8862#O#\2014\09\29\CH101_20140929153910_경기46로8862.jpg
[10:11:02] LPR Check: 경기46로8862,http://172.16.66.33:9080/MSImage/2014/09/29/CH101_20140929153910_경기46로8862.jpg,1,,,0, 2014-09-29 15:39:10
[10:11:02] File: \\172.16.66.33\MSImage\2014\09\29\CH101_20140929153910_경기46로8862.jpg
[10:11:02] 일반차량: 경기46로8862, 
[10:11:02] 일반차량입차: 경기46로8862, 
[10:11:02] LPR18 Recv: NP#CH1#31로6111#N#\2014\09\29\CH1_20140929153906_31로6111.jpg#CH1#경기46로8862#O#\2014\09\29\CH101_20140929153910_경기46로8862.jpg
[10:11:02] LPR Check: 경기46로8862,http://172.16.66.33:9080/MSImage/2014/09/29/CH101_20140929153910_경기46로8862.jpg,1,,,0, 2014-09-29 15:39:10
[10:11:02] File: \\172.16.66.33\MSImage\2014\09\29\CH101_20140929153910_경기46로8862.jpg
[10:11:02] 일반차량: 경기46로8862, 
[10:11:02] 일반차량입차: 경기46로8862, 
[10:11:02] LPR 11 Recv: NP#CH1#31로6111#N#\2014\09\29\CH1_20140929153906_31로6111.jpg#CH1#경기46로8862#O#\2014\09\29\CH101_20140929153910_경기46로8862.jpg
[10:11:02] dddNP#CH1#31로6111#N#\2014\09\29\CH1_20140929153906_31로6111.jpg#CH1#경기46로8862#O#\2014\09\29\CH101_20140929153910_경기46로8862.jpg
[10:11:02] LPR Check: 경기46로8862,http://172.16.66.33:9080/MSImage/2014/09/29/CH101_20140929153910_경기46로8862.jpg,1,,,0, 2014-09-29 15:39:10
[10:11:02] File: \\172.16.66.33\MSImage\2014\09\29\CH101_20140929153910_경기46로8862.jpg
[10:11:02] 일반차량: 경기46로8862, 
[10:11:02] Ping 시간 체크1-6654156
[10:11:02] Ping 시간 체크2-6654156
[10:11:02] 일반차량입차: 경기46로8862, 
[10:11:03] LPR17 Recv: LPR_N
[10:11:03] LPR18 Recv: LPR_N
[10:11:03] LPR 11 Recv: LPR_N
[10:11:03] LPR16 Recv: LPR_N
[10:11:05] LPR12 Recv: LPR_N
[10:11:08] LPR18 Recv: LPR_N
[10:11:08] LPR17 Recv: LPR_N
[10:11:08] LPR 11 Recv: LPR_N
[10:11:08] LPR16 Recv: LPR_N
[10:11:10] LPR12 Recv: LPR_N
[10:11:13] LPR18 Recv: LPR_N
[10:11:13] LPR17 Recv: LPR_N
[10:11:13] LPR 11 Recv: LPR_N
[10:11:13] LPR16 Recv: LPR_N
[10:11:16] LPR12 Recv: LPR_N
[10:11:18] LPR18 Recv: LPR_N
[10:11:18] LPR17 Recv: LPR_N
[10:11:18] LPR16 Recv: LPR_N
[10:11:18] LPR 11 Recv: LPR_N
[10:11:21] LPR12 Recv: LPR_N
[10:11:24] LPR18 Recv: LPR_N
[10:11:24] LPR 11 Recv: LPR_N
[10:11:24] LPR17 Recv: LPR_N
[10:11:24] LPR16 Recv: LPR_N
[10:11:26] LPR12 Recv: LPR_N
[10:11:29] LPR17 Recv: LPR_N
[10:11:29] LPR18 Recv: LPR_N
[10:11:29] LPR16 Recv: LPR_N
[10:11:29] LPR 11 Recv: LPR_N
[10:11:31] LPR12 Recv: LPR_N
[10:11:34] LPR 11 Recv: LPR_N
[10:11:34] LPR18 Recv: LPR_N
[10:11:34] LPR17 Recv: LPR_N
[10:11:34] LPR16 Recv: LPR_N
[10:11:37] LPR12 Recv: LPR_N
[10:11:39] LPR17 Recv: LPR_N
[10:11:39] LPR16 Recv: LPR_N
[10:11:39] LPR18 Recv: LPR_N
[10:11:39] LPR 11 Recv: LPR_N
[10:11:42] LPR12 Recv: LPR_N
[10:11:44] LPR18 Recv: LPR_N
[10:11:44] LPR17 Recv: LPR_N
[10:11:44] LPR 11 Recv: LPR_N
[10:11:44] LPR16 Recv: LPR_N
[10:11:47] LPR12 Recv: LPR_N
[10:11:50] LPR18 Recv: LPR_N
[10:11:50] LPR 11 Recv: LPR_N
[10:11:50] LPR17 Recv: LPR_N
[10:11:50] LPR16 Recv: LPR_N
[10:11:52] LPR12 Recv: LPR_N
[10:11:55] LPR18 Recv: LPR_N
[10:11:55] LPR17 Recv: LPR_N
[10:11:55] LPR 11 Recv: LPR_N
[10:11:55] LPR16 Recv: LPR_N
[10:11:57] LPR12 Recv: LPR_N
[10:12:00] LPR17 Recv: LPR_N
[10:12:00] LPR18 Recv: LPR_N
[10:12:00] LPR 11 Recv: LPR_N
[10:12:00] LPR16 Recv: LPR_N
[10:12:03] LPR12 Recv: LPR_N
[10:12:05] LPR17 Recv: LPR_N
[10:12:05] LPR 11 Recv: LPR_N
[10:12:05] LPR18 Recv: LPR_N
[10:12:05] LPR16 Recv: LPR_N
[10:12:08] LPR12 Recv: LPR_N
[10:12:11] LPR18 Recv: LPR_N
[10:12:11] LPR17 Recv: LPR_N
[10:12:11] LPR 11 Recv: LPR_N
[10:12:11] LPR16 Recv: LPR_N
[10:12:13] LPR12 Recv: LPR_N
[10:12:16] LPR18 Recv: LPR_N
[10:12:16] LPR 11 Recv: LPR_N
[10:12:16] LPR17 Recv: LPR_N
[10:12:16] LPR16 Recv: LPR_N
[10:12:18] LPR12 Recv: LPR_N
[10:12:21] LPR17 Recv: LPR_N
[10:12:21] LPR 11 Recv: LPR_N
[10:12:21] LPR16 Recv: LPR_N
[10:12:21] LPR18 Recv: LPR_N
[10:12:24] LPR12 Recv: LPR_N
[10:12:26] LPR18 Recv: LPR_N
[10:12:26] LPR 11 Recv: LPR_N
[10:12:26] LPR17 Recv: LPR_N
[10:12:26] LPR16 Recv: LPR_N
[10:12:29] LPR12 Recv: LPR_N
[10:12:32] LPR 11 Recv: LPR_N
[10:12:32] LPR18 Recv: LPR_N
[10:12:32] LPR17 Recv: LPR_N
[10:12:32] LPR16 Recv: LPR_N
[10:12:34] LPR12 Recv: LPR_N
[10:12:37] LPR18 Recv: LPR_N
[10:12:37] LPR17 Recv: LPR_N
[10:12:37] LPR 11 Recv: LPR_N
[10:12:37] LPR16 Recv: LPR_N
[10:12:39] LPR12 Recv: LPR_N
[10:12:42] LPR17 Recv: LPR_N
[10:12:42] LPR18 Recv: LPR_N
[10:12:42] LPR 11 Recv: LPR_N
[10:12:42] LPR16 Recv: LPR_N
[10:12:44] LPR12 Recv: LPR_N
[10:12:48] LPR18 Recv: LPR_N
[10:12:48] LPR17 Recv: LPR_N
[10:12:48] LPR 11 Recv: LPR_N
[10:12:48] LPR16 Recv: LPR_N
[10:12:50] LPR12 Recv: LPR_N
[10:12:53] LPR17 Recv: LPR_N
[10:12:53] LPR18 Recv: LPR_N
[10:12:53] LPR 11 Recv: LPR_N
[10:12:53] LPR16 Recv: LPR_N
[10:12:55] LPR12 Recv: LPR_N
[10:12:58] LPR17 Recv: LPR_N
[10:12:58] LPR 11 Recv: LPR_N
[10:12:58] LPR18 Recv: LPR_N
[10:12:58] LPR16 Recv: LPR_N
[10:13:00] LPR12 Recv: LPR_N
[10:13:03] LPR18 Recv: LPR_N
[10:13:03] LPR 11 Recv: LPR_N
[10:13:03] LPR17 Recv: LPR_N
[10:13:03] LPR16 Recv: LPR_N
[10:13:05] LPR12 Recv: LPR_N
[10:13:09] LPR18 Recv: LPR_N
[10:13:09] LPR17 Recv: LPR_N
[10:13:09] LPR 11 Recv: LPR_N
[10:13:09] LPR16 Recv: LPR_N
[10:13:11] LPR12 Recv: LPR_N
[10:13:14] LPR18 Recv: LPR_N
[10:13:14] LPR17 Recv: LPR_N
[10:13:14] LPR 11 Recv: LPR_N
[10:13:14] LPR16 Recv: LPR_N
[10:13:16] LPR12 Recv: LPR_N
[10:13:19] LPR18 Recv: LPR_N
[10:13:19] LPR 11 Recv: LPR_N
[10:13:19] LPR17 Recv: LPR_N
[10:13:19] LPR16 Recv: LPR_N
[10:13:21] LPR12 Recv: LPR_N
[10:13:24] LPR18 Recv: LPR_N
[10:13:24] LPR17 Recv: LPR_N
[10:13:24] LPR 11 Recv: LPR_N
[10:13:24] LPR16 Recv: LPR_N
[10:13:26] LPR12 Recv: LPR_N
[10:13:30] LPR18 Recv: LPR_N
[10:13:30] LPR17 Recv: LPR_N
[10:13:30] LPR16 Recv: LPR_N
[10:13:30] LPR 11 Recv: LPR_N
[10:13:32] LPR12 Recv: LPR_N
[10:13:35] LPR17 Recv: LPR_N
[10:13:35] LPR18 Recv: LPR_N
[10:13:35] LPR 11 Recv: LPR_N
[10:13:35] LPR16 Recv: LPR_N
[10:13:37] LPR12 Recv: LPR_N
[10:13:40] LPR18 Recv: LPR_N
[10:13:40] LPR 11 Recv: LPR_N
[10:13:40] LPR17 Recv: LPR_N
[10:13:40] LPR16 Recv: LPR_N
[10:13:42] LPR12 Recv: LPR_N
[10:13:45] LPR17 Recv: LPR_N
[10:13:45] LPR18 Recv: LPR_N
[10:13:45] LPR 11 Recv: LPR_N
[10:13:45] LPR16 Recv: LPR_N
[10:13:47] LPR12 Recv: LPR_N
[10:13:50] LPR18 Recv: LPR_N
[10:13:50] LPR 11 Recv: LPR_N
[10:13:50] LPR17 Recv: LPR_N
[10:13:50] LPR16 Recv: LPR_N
[10:13:52] LPR12 Recv: LPR_N
[10:13:56] LPR18 Recv: LPR_N
[10:13:56] LPR17 Recv: LPR_N
[10:13:56] LPR 11 Recv: LPR_N
[10:13:56] LPR16 Recv: LPR_N
[10:13:58] LPR12 Recv: LPR_N
[10:14:01] LPR17 Recv: LPR_N
[10:14:01] LPR18 Recv: LPR_N
[10:14:01] LPR16 Recv: LPR_N
[10:14:01] LPR 11 Recv: LPR_N
[10:14:03] LPR12 Recv: LPR_N
[10:14:06] LPR17 Recv: LPR_N
[10:14:06] LPR18 Recv: LPR_N
[10:14:06] LPR16 Recv: LPR_N
[10:14:06] LPR 11 Recv: LPR_N
[10:14:08] LPR12 Recv: LPR_N
[10:14:11] LPR18 Recv: LPR_N
[10:14:11] LPR17 Recv: LPR_N
[10:14:11] LPR 11 Recv: LPR_N
[10:14:11] LPR16 Recv: LPR_N
[10:14:13] LPR12 Recv: LPR_N
[10:14:17] LPR18 Recv: LPR_N
[10:14:17] LPR 11 Recv: LPR_N
[10:14:17] LPR17 Recv: LPR_N
[10:14:17] LPR16 Recv: LPR_N
[10:14:19] LPR12 Recv: LPR_N
[10:14:22] LPR18 Recv: LPR_N
[10:14:22] LPR17 Recv: LPR_N
[10:14:22] LPR16 Recv: LPR_N
[10:14:22] LPR 11 Recv: LPR_N
[10:14:24] LPR12 Recv: LPR_N
[10:14:27] LPR 11 Recv: LPR_N
[10:14:27] LPR17 Recv: LPR_N
[10:14:27] LPR18 Recv: LPR_N
[10:14:27] LPR16 Recv: LPR_N
[10:14:29] LPR12 Recv: LPR_N
[10:14:33] LPR17 Recv: LPR_N
[10:14:33] LPR16 Recv: LPR_N
[10:14:33] LPR18 Recv: LPR_N
[10:14:33] LPR 11 Recv: LPR_N
[10:14:34] LPR12 Recv: LPR_N
[10:14:38] LPR18 Recv: LPR_N
[10:14:38] LPR 11 Recv: LPR_N
[10:14:38] LPR17 Recv: LPR_N
[10:14:38] LPR16 Recv: LPR_N
[10:14:39] LPR12 Recv: LPR_N
[10:14:43] LPR17 Recv: LPR_N
[10:14:43] LPR18 Recv: LPR_N
[10:14:43] LPR 11 Recv: LPR_N
[10:14:43] LPR16 Recv: LPR_N
[10:14:45] LPR12 Recv: LPR_N
[10:14:48] LPR17 Recv: LPR_N
[10:14:48] LPR 11 Recv: LPR_N
[10:14:48] LPR16 Recv: LPR_N
[10:14:48] LPR18 Recv: LPR_N
[10:14:50] LPR12 Recv: LPR_N
[10:14:54] LPR18 Recv: LPR_N
[10:14:54] LPR17 Recv: LPR_N
[10:14:54] LPR 11 Recv: LPR_N
[10:14:54] LPR16 Recv: LPR_N
[10:14:55] LPR12 Recv: LPR_N
[10:14:59] LPR18 Recv: LPR_N
[10:14:59] LPR17 Recv: LPR_N
[10:14:59] LPR 11 Recv: LPR_N
[10:14:59] LPR16 Recv: LPR_N
[10:15:00] LPR12 Recv: LPR_N
[10:15:04] LPR18 Recv: LPR_N
[10:15:04] LPR17 Recv: LPR_N
[10:15:04] LPR 11 Recv: LPR_N
[10:15:04] LPR16 Recv: LPR_N
[10:15:06] LPR12 Recv: LPR_N
[10:15:09] LPR17 Recv: LPR_N
[10:15:09] LPR16 Recv: LPR_N
[10:15:09] LPR18 Recv: LPR_N
[10:15:09] LPR 11 Recv: LPR_N
[10:15:11] LPR12 Recv: LPR_N
[10:15:15] LPR18 Recv: LPR_N
[10:15:15] LPR17 Recv: LPR_N
[10:15:15] LPR 11 Recv: LPR_N
[10:15:15] LPR16 Recv: LPR_N
[10:15:16] LPR12 Recv: LPR_N
[10:15:20] LPR17 Recv: LPR_N
[10:15:20] LPR18 Recv: LPR_N
[10:15:20] LPR 11 Recv: LPR_N
[10:15:20] LPR16 Recv: LPR_N
[10:15:21] LPR12 Recv: LPR_N
[10:15:25] LPR18 Recv: LPR_N
[10:15:25] LPR17 Recv: LPR_N
[10:15:25] LPR 11 Recv: LPR_N
[10:15:25] LPR16 Recv: LPR_N
[10:15:27] LPR12 Recv: LPR_N
[10:15:30] LPR17 Recv: LPR_N
[10:15:30] LPR 11 Recv: LPR_N
[10:15:30] LPR18 Recv: LPR_N
[10:15:30] LPR16 Recv: LPR_N
[10:15:32] LPR12 Recv: LPR_N
[10:15:35] LPR18 Recv: LPR_N
[10:15:35] LPR17 Recv: LPR_N
[10:15:35] LPR 11 Recv: LPR_N
[10:15:35] LPR16 Recv: LPR_N
[10:15:37] LPR12 Recv: LPR_N
[10:15:41] LPR18 Recv: LPR_N
[10:15:41] LPR17 Recv: LPR_N
[10:15:41] LPR 11 Recv: LPR_N
[10:15:41] LPR16 Recv: LPR_N
[10:15:42] LPR12 Recv: LPR_N
[10:15:46] LPR17 Recv: LPR_N
[10:15:46] LPR18 Recv: LPR_N
[10:15:46] LPR16 Recv: LPR_N
[10:15:46] LPR 11 Recv: LPR_N
[10:15:47] LPR12 Recv: LPR_N
[10:15:51] LPR18 Recv: LPR_N
[10:15:51] LPR 11 Recv: LPR_N
[10:15:51] LPR17 Recv: LPR_N
[10:15:51] LPR16 Recv: LPR_N
[10:15:53] LPR12 Recv: LPR_N
[10:15:56] LPR18 Recv: LPR_N
[10:15:56] LPR 11 Recv: LPR_N
[10:15:56] LPR17 Recv: LPR_N
[10:15:56] LPR16 Recv: LPR_N
[10:15:58] LPR12 Recv: LPR_N
[10:16:02] LPR17 Recv: LPR_N
[10:16:02] LPR16 Recv: LPR_N
[10:16:02] LPR 11 Recv: LPR_N
[10:16:02] LPR18 Recv: LPR_N
[10:16:03] LPR12 Recv: LPR_N
[10:16:07] LPR18 Recv: LPR_N
[10:16:07] LPR 11 Recv: LPR_N
[10:16:07] LPR17 Recv: LPR_N
[10:16:07] LPR16 Recv: LPR_N
[10:16:08] LPR12 Recv: LPR_N
[10:16:12] LPR17 Recv: LPR_N
[10:16:12] LPR 11 Recv: LPR_N
[10:16:12] LPR18 Recv: LPR_N
[10:16:12] LPR16 Recv: LPR_N
[10:16:14] LPR12 Recv: LPR_N
[10:16:17] LPR18 Recv: LPR_N
[10:16:17] LPR 11 Recv: LPR_N
[10:16:17] LPR17 Recv: LPR_N
[10:16:17] LPR16 Recv: LPR_N
[10:16:18] Program Close
[10:16:22] Program Start!
[10:16:30] 근무시작: 배은화
[10:16:31] 영수증프린터 포트오픈 에러: ie_BadId - Specified comport doesn't exist
[10:16:31] Ping 시간 체크1-6983187
[10:16:31] Ping 시간 체크2-6983187
[10:16:31] Ping 시간 체크1-6983203
[10:16:31] Ping 시간 체크2-6983218
[10:16:31] Ping 시간 체크1-6983234
[10:16:31] Ping 시간 체크2-6983234
[10:16:31] Ping 시간 체크1-6983234
[10:16:31] Ping 시간 체크2-6983250
[10:16:31] Ping 시간 체크1-6983265
[10:16:31] Ping 시간 체크2-6983265
[10:16:31] Ping 시간 체크1-6983281
[10:16:31] Ping 시간 체크2-6983281
[10:16:31] Ping 시간 체크1-6983281
[10:16:31] Ping 시간 체크2-6983281
[10:16:31] 주차권  101
[10:16:31] 경차  102
[10:16:31] 장애인  103
[10:16:31] 전액무료  104
[10:16:33] LPR16 Recv: 172.16.83.1LPR_N
[10:16:33] LPR Check: ,http://172.16.66.33:9080/MSImage172.16.83.1LPR_N,3,,,0, N   -  -     :  :  
[10:16:33] 이미지저장폴더 생성실패: C:\LPRImage\N   \  \  \16
[10:16:33] File: \\172.16.66.33\MSImage172.16.83.1LPR_N
[10:16:35] csInLpr2Read: qryInLpr2Proc: Cannot perform this operation on a closed dataset
[10:16:35] LPR12 Recv: 172.16.83.1LPR_N
[10:16:35] LPR Check: ,http://172.16.66.34:9080/MSImage172.16.83.1LPR_N,3,,,0, N   -  -     :  :  
[10:16:35] 이미지저장폴더 생성실패: C:\LPRImage\N   \  \  \12
[10:16:35] File: \\172.16.66.34\MSImage172.16.83.1LPR_N
[10:16:35] csOutLpr1Read: qryOutLpr1Proc: Cannot perform this operation on a closed dataset
[10:16:35] LPR 11 Recv: 172.16.83.1LPR_N
[10:16:43] LPR Check: ,http://172.16.66.33:9080/MSImage172.16.83.1LPR_N,3,,,0, N   -  -     :  :  
[10:16:43] 이미지저장폴더 생성실패: C:\LPRImage\N   \  \  \11
[10:16:43] File: \\172.16.66.33\MSImage172.16.83.1LPR_N
[10:16:45] csInLpr1Read: qryInLpr1Proc: Cannot perform this operation on a closed dataset
[10:16:45] LPR16 Recv: LPR_NLPR_NLPR_NLPR_NLPR_N
[10:16:45] LPR Check: ,http://172.16.66.33:9080/MSImageLPR_NLPR_NLPR_NLPR_NLPR_N,3,,,0, NLPR-_N-LP R_:NL:PR
[10:16:45] File: \\172.16.66.33\MSImageLPR_NLPR_NLPR_NLPR_NLPR_N
[10:16:45] csInLpr2Read: qryInLpr2Proc: Cannot perform this operation on a closed dataset
[10:16:45] LPR18 Recv: 172.16.83.1LPR_NLPR_NLPR_NLPR_N
[10:16:45] LPR Check: ,http://172.16.66.33:9080/MSImage172.16.83.1LPR_NLPR_NLPR_NLPR_N,3,,,0, NLPR-_N-LP R_:NL:PR
[10:16:45] File: \\172.16.66.33\MSImage172.16.83.1LPR_NLPR_NLPR_NLPR_N
[10:16:46] csInLpr4Read: qryInLpr4Proc: Cannot perform this operation on a closed dataset
[10:16:46] LPR17 Recv: 172.16.83.1LPR_NLPR_NLPR_NLPR_N
[10:16:46] LPR Check: ,http://172.16.66.33:9080/MSImage172.16.83.1LPR_NLPR_NLPR_NLPR_N,3,,,0, NLPR-_N-LP R_:NL:PR
[10:16:46] File: \\172.16.66.33\MSImage172.16.83.1LPR_NLPR_NLPR_NLPR_N
[10:16:47] csInLpr3Read: qryInLpr3Proc: Cannot perform this operation on a closed dataset
[10:16:47] LPR 11 Recv: LPR_NLPR_NLPR_NLPR_N
[10:16:49] LPR Check: ,http://172.16.66.33:9080/MSImageLPR_NLPR_NLPR_NLPR_N,3,,,0, NLPR-_N-LP R_:NL:PR
[10:16:49] File: \\172.16.66.33\MSImageLPR_NLPR_NLPR_NLPR_N
[10:16:51] csInLpr1Read: qryInLpr1Proc: Cannot perform this operation on a closed dataset
[10:16:51] LPR12 Recv: LPR_NLPR_NLPR_N
[10:16:51] LPR17 Recv: LPR_N
[10:16:51] LPR18 Recv: LPR_N
[10:16:51] LPR16 Recv: LPR_N
[10:16:51] LPR 11 Recv: LPR_N
[10:16:54] LPR17 Recv: LPR_N
[10:16:54] LPR18 Recv: LPR_N
[10:16:54] LPR16 Recv: LPR_N
[10:16:54] LPR 11 Recv: LPR_N
[10:16:54] LPR17 Recv: CH1#31로6111#N#\2014\09\29\CH1_20140929154502_31로6111.jpg
[10:16:54] LPR Check: 31로6111,http://172.16.66.33:9080/MSImage/2014/09/29/CH1_20140929154502_31로6111.jpg,1,,,0, 2014-09-29 15:45:02
[10:16:54] File: \\172.16.66.33\MSImage\2014\09\29\CH1_20140929154502_31로6111.jpg
[10:16:54] 일반차량: 31로6111, 
[10:16:54] Ping 시간 체크1-7006421
[10:16:54] Ping 시간 체크2-7006421
[10:16:54] 입구차단기 Open
[10:16:54] 일반차량입차: 31로6111, 
[10:16:54] LPR18 Recv: CH1#31로6111#N#\2014\09\29\CH1_20140929154502_31로6111.jpg
[10:16:54] LPR Check: 31로6111,http://172.16.66.33:9080/MSImage/2014/09/29/CH1_20140929154502_31로6111.jpg,1,,,0, 2014-09-29 15:45:02
[10:16:54] File: \\172.16.66.33\MSImage\2014\09\29\CH1_20140929154502_31로6111.jpg
[10:16:54] 일반차량: 31로6111, 
[10:16:54] Ping 시간 체크1-7006437
[10:16:54] Ping 시간 체크2-7006437
[10:16:54] 입구차단기 Open
[10:16:54] 일반차량입차: 31로6111, 
[10:16:54] LPR16 Recv: CH1#31로6111#N#\2014\09\29\CH1_20140929154502_31로6111.jpg
[10:16:54] LPR Check: 31로6111,http://172.16.66.33:9080/MSImage/2014/09/29/CH1_20140929154502_31로6111.jpg,1,,,0, 2014-09-29 15:45:02
[10:16:54] File: \\172.16.66.33\MSImage\2014\09\29\CH1_20140929154502_31로6111.jpg
[10:16:54] 일반차량: 31로6111, 
[10:16:54] Ping 시간 체크1-7006453
[10:16:54] Ping 시간 체크2-7006453
[10:16:54] 입구차단기 Open
[10:16:54] 일반차량입차: 31로6111, 
[10:16:54] LPR 11 Recv: CH1#31로6111#N#\2014\09\29\CH1_20140929154502_31로6111.jpg
[10:16:58] LPR Check: 31로6111,http://172.16.66.33:9080/MSImage/2014/09/29/CH1_20140929154502_31로6111.jpg,1,,,0, 2014-09-29 15:45:02
[10:16:58] File: \\172.16.66.33\MSImage\2014\09\29\CH1_20140929154502_31로6111.jpg
[10:16:58] 일반차량: 31로6111, 
[10:16:58] Ping 시간 체크1-7010437
[10:16:58] Ping 시간 체크2-7010453
[10:16:58] Ping 시간 체크1-7010453
[10:16:58] Ping 시간 체크2-7010453
[10:16:58] 입구차단기 Open
[10:16:58] 일반차량입차: 31로6111, 
[10:16:58] LPR12 Recv: LPR_N
[10:17:00] LPR17 Recv: LPR_N
[10:17:00] LPR18 Recv: LPR_N
[10:17:00] LPR16 Recv: LPR_N
[10:17:00] LPR 11 Recv: LPR_N
[10:17:01] LPR12 Recv: LPR_N
[10:17:03] LPR17 Recv: NP#CH1#31로6111#N#\2014\09\29\CH1_20140929154502_31로6111.jpg#CH1#경기46로8862#O#\2014\09\29\CH101_20140929154511_경기46로8862.jpg
[10:17:03] LPR Check: 경기46로8862,http://172.16.66.33:9080/MSImage/2014/09/29/CH101_20140929154511_경기46로8862.jpg,1,,,0, 2014-09-29 15:45:11
[10:17:03] File: \\172.16.66.33\MSImage\2014\09\29\CH101_20140929154511_경기46로8862.jpg
[10:17:03] 일반차량: 경기46로8862, 
[10:17:03] 일반차량입차: 경기46로8862, 
[10:17:03] LPR18 Recv: NP#CH1#31로6111#N#\2014\09\29\CH1_20140929154502_31로6111.jpg#CH1#경기46로8862#O#\2014\09\29\CH101_20140929154511_경기46로8862.jpg
[10:17:03] LPR Check: 경기46로8862,http://172.16.66.33:9080/MSImage/2014/09/29/CH101_20140929154511_경기46로8862.jpg,1,,,0, 2014-09-29 15:45:11
[10:17:03] File: \\172.16.66.33\MSImage\2014\09\29\CH101_20140929154511_경기46로8862.jpg
[10:17:03] 일반차량: 경기46로8862, 
[10:17:03] 일반차량입차: 경기46로8862, 
[10:17:03] LPR 11 Recv: NP#CH1#31로6111#N#\2014\09\29\CH1_20140929154502_31로6111.jpg#CH1#경기46로8862#O#\2014\09\29\CH101_20140929154511_경기46로8862.jpg
[10:21:18] Program Start!
[10:21:36] 근무시작: 배은화
[10:21:37] 영수증프린터 포트오픈 에러: ie_BadId - Specified comport doesn't exist
[10:21:37] Ping 시간 체크1-7289296
[10:21:37] Ping 시간 체크2-7289296
[10:21:37] Ping 시간 체크1-7289312
[10:21:37] Ping 시간 체크2-7289328
[10:21:37] Ping 시간 체크1-7289343
[10:21:37] Ping 시간 체크2-7289359
[10:21:37] Ping 시간 체크1-7289359
[10:21:37] Ping 시간 체크2-7289359
[10:21:37] Ping 시간 체크1-7289375
[10:21:37] Ping 시간 체크2-7289375
[10:21:37] Ping 시간 체크1-7289375
[10:21:37] Ping 시간 체크2-7289390
[10:21:37] Ping 시간 체크1-7289390
[10:21:37] Ping 시간 체크2-7289390
[10:21:37] 주차권  101
[10:21:37] 경차  102
[10:21:37] 장애인  103
[10:21:37] 전액무료  104
[10:21:40] LPR 11 Recv: 172.16.83.1
[10:21:40] LPR12 Recv: 172.16.83.1
[10:21:40] LPR16 Recv: 172.16.83.1
[10:21:41] LPR12 Recv: LPR_N
[10:21:41] LPR16 Recv: LPR_N
[10:21:41] LPR 11 Recv: LPR_N
[10:21:41] LPR17 Recv: 172.16.83.1
[10:21:42] LPR17 Recv: LPR_N
[10:21:42] LPR16 Recv: LPR_N
[10:21:42] LPR 11 Recv: LPR_N
[10:21:42] LPR18 Recv: 172.16.83.1
[10:21:43] LPR12 Recv: LPR_N
[10:21:43] LPR18 Recv: LPR_N
[10:21:43] LPR16 Recv: LPR_N
[10:21:43] LPR17 Recv: LPR_N
[10:21:43] LPR 11 Recv: LPR_N
[10:21:45] LPR18 Recv: CH1#31로6111#N#\2014\09\29\CH1_20140929154952_31로6111.jpg
[10:21:45] LPR Check: 31로6111,http://172.16.66.33:9080/MSImage/2014/09/29/CH1_20140929154952_31로6111.jpg,1,,,0, 2014-09-29 15:49:52
[10:21:45] File: \\172.16.66.33\MSImage\2014\09\29\CH1_20140929154952_31로6111.jpg
[10:21:45] 일반차량: 31로6111, 
[10:21:45] Ping 시간 체크1-7296828
[10:21:45] Ping 시간 체크2-7296828
[10:21:45] 입구차단기 Open
[10:21:45] 일반차량입차: 31로6111, 
[10:21:45] LPR16 Recv: CH1#31로6111#N#\2014\09\29\CH1_20140929154952_31로6111.jpg
[10:21:45] LPR Check: 31로6111,http://172.16.66.33:9080/MSImage/2014/09/29/CH1_20140929154952_31로6111.jpg,1,,,0, 2014-09-29 15:49:52
[10:21:45] File: \\172.16.66.33\MSImage\2014\09\29\CH1_20140929154952_31로6111.jpg
[10:21:45] 일반차량: 31로6111, 
[10:21:45] Ping 시간 체크1-7296859
[10:21:45] Ping 시간 체크2-7296859
[10:21:45] 입구차단기 Open
[10:21:45] 일반차량입차: 31로6111, 
[10:21:45] LPR 11 Recv: CH1#31로6111#N#\2014\09\29\CH1_20140929154952_31로6111.jpg
[10:21:47] LPR Check: 31로6111,http://172.16.66.33:9080/MSImage/2014/09/29/CH1_20140929154952_31로6111.jpg,1,,,0, 2014-09-29 15:49:52
[10:21:47] File: \\172.16.66.33\MSImage\2014\09\29\CH1_20140929154952_31로6111.jpg
[10:21:47] 일반차량: 31로6111, 
[10:21:47] Ping 시간 체크1-7299281
[10:21:47] Ping 시간 체크2-7299296
[10:21:47] Ping 시간 체크1-7299296
[10:21:47] Ping 시간 체크2-7299296
[10:21:47] 입구차단기 Open
[10:21:47] 일반차량입차: 31로6111, 
[10:21:47] LPR17 Recv: CH1#31로6111#N#\2014\09\29\CH1_20140929154952_31로6111.jpg
[10:21:47] LPR Check: 31로6111,http://172.16.66.33:9080/MSImage/2014/09/29/CH1_20140929154952_31로6111.jpg,1,,,0, 2014-09-29 15:49:52
[10:21:47] File: \\172.16.66.33\MSImage\2014\09\29\CH1_20140929154952_31로6111.jpg
[10:21:47] 일반차량: 31로6111, 
[10:21:47] Ping 시간 체크1-7299312
[10:21:47] Ping 시간 체크2-7299328
[10:21:47] 입구차단기 Open
[10:21:47] 일반차량입차: 31로6111, 
[10:21:48] LPR12 Recv: LPR_N
[10:21:48] LPR18 Recv: LPR_N
[10:21:48] LPR16 Recv: LPR_N
[10:21:48] LPR17 Recv: LPR_N
[10:21:48] LPR 11 Recv: LPR_N
[10:21:53] LPR18 Recv: NP#CH1#31로6111#N#\2014\09\29\CH1_20140929154952_31로6111.jpg#CH1#경기46로8862#O#\2014\09\29\CH101_20140929155000_경기46로8862.jpg
[10:21:53] LPR Check: 경기46로8862,http://172.16.66.33:9080/MSImage/2014/09/29/CH101_20140929155000_경기46로8862.jpg,1,,,0, 2014-09-29 15:50:00
[10:21:53] File: \\172.16.66.33\MSImage\2014\09\29\CH101_20140929155000_경기46로8862.jpg
[10:21:53] 일반차량: 경기46로8862, 
[10:21:53] 일반차량입차: 경기46로8862, 
[10:21:53] LPR16 Recv: NP#CH1#31로6111#N#\2014\09\29\CH1_20140929154952_31로6111.jpg#CH1#경기46로8862#O#\2014\09\29\CH101_20140929155000_경기46로8862.jpg
[10:21:53] LPR Check: 경기46로8862,http://172.16.66.33:9080/MSImage/2014/09/29/CH101_20140929155000_경기46로8862.jpg,1,,,0, 2014-09-29 15:50:00
[10:21:53] File: \\172.16.66.33\MSImage\2014\09\29\CH101_20140929155000_경기46로8862.jpg
[10:21:53] 일반차량: 경기46로8862, 
[10:21:53] 일반차량입차: 경기46로8862, 
[10:21:53] LPR17 Recv: NP#CH1#31로6111#N#\2014\09\29\CH1_20140929154952_31로6111.jpg#CH1#경기46로8862#O#\2014\09\29\CH101_20140929155000_경기46로8862.jpg
[10:21:53] LPR Check: 경기46로8862,http://172.16.66.33:9080/MSImage/2014/09/29/CH101_20140929155000_경기46로8862.jpg,1,,,0, 2014-09-29 15:50:00
[10:21:53] File: \\172.16.66.33\MSImage\2014\09\29\CH101_20140929155000_경기46로8862.jpg
[10:21:53] 일반차량: 경기46로8862, 
[10:21:53] 일반차량입차: 경기46로8862, 
[10:21:53] LPR 11 Recv: NP#CH1#31로6111#N#\2014\09\29\CH1_20140929154952_31로6111.jpg#CH1#경기46로8862#O#\2014\09\29\CH101_20140929155000_경기46로8862.jpg
[10:29:10] Program Start!
[10:29:15] 근무시작: 배은화
[10:29:16] 영수증프린터 포트오픈 에러: ie_BadId - Specified comport doesn't exist
[10:29:16] Ping 시간 체크1-7748000
[10:29:16] Ping 시간 체크2-7748000
[10:29:16] Ping 시간 체크1-7748015
[10:29:16] Ping 시간 체크2-7748015
[10:29:16] Ping 시간 체크1-7748046
[10:29:16] Ping 시간 체크2-7748046
[10:29:16] Ping 시간 체크1-7748062
[10:29:16] Ping 시간 체크2-7748062
[10:29:16] Ping 시간 체크1-7748078
[10:29:16] Ping 시간 체크2-7748078
[10:29:16] Ping 시간 체크1-7748093
[10:29:16] Ping 시간 체크2-7748093
[10:29:16] Ping 시간 체크1-7748093
[10:29:16] Ping 시간 체크2-7748109
[10:29:16] 주차권  101
[10:29:16] 경차  102
[10:29:16] 장애인  103
[10:29:16] 전액무료  104
[10:29:18] LPR 11 Recv: 172.16.83.1
[10:29:18] LPR12 Recv: 172.16.83.1
[10:29:19] LPR16 Recv: 172.16.83.1
[10:29:20] LPR17 Recv: 172.16.83.1
[10:29:20] LPR16 Recv: LPR_N
[10:29:20] LPR 11 Recv: LPR_N
[10:29:20] LPR17 Recv: LPR_N
[10:29:20] LPR12 Recv: LPR_N
[10:29:21] LPR18 Recv: 172.16.83.1
[10:29:21] LPR18 Recv: LPR_N
[10:29:21] LPR16 Recv: LPR_N
[10:29:21] LPR 11 Recv: LPR_N
[10:29:21] LPR17 Recv: LPR_N
[10:29:21] LPR18 Recv: CH1#31로6111#N#\2014\09\29\CH1_20140929155729_31로6111.jpg
[10:29:21] LPR Check: 31로6111,http://172.16.66.33:9080/MSImage/2014/09/29/CH1_20140929155729_31로6111.jpg,1,,,0, 2014-09-29 15:57:29
[10:29:21] File: \\172.16.66.33\MSImage\2014\09\29\CH1_20140929155729_31로6111.jpg
[10:29:21] 일반차량: 31로6111, 
[10:29:21] Ping 시간 체크1-7753671
[10:29:21] Ping 시간 체크2-7753671
[10:29:21] 입구차단기 Open
[10:29:21] 일반차량입차: 31로6111, 
[10:29:21] LPR16 Recv: CH1#31로6111#N#\2014\09\29\CH1_20140929155729_31로6111.jpg
[10:29:21] LPR Check: 31로6111,http://172.16.66.33:9080/MSImage/2014/09/29/CH1_20140929155729_31로6111.jpg,1,,,0, 2014-09-29 15:57:29
[10:29:21] File: \\172.16.66.33\MSImage\2014\09\29\CH1_20140929155729_31로6111.jpg
[10:29:21] 일반차량: 31로6111, 
[10:29:21] Ping 시간 체크1-7753687
[10:29:21] Ping 시간 체크2-7753687
[10:29:21] 입구차단기 Open
[10:29:21] 일반차량입차: 31로6111, 
[10:29:21] LPR17 Recv: CH1#31로6111#N#\2014\09\29\CH1_20140929155729_31로6111.jpg
[10:29:21] LPR Check: 31로6111,http://172.16.66.33:9080/MSImage/2014/09/29/CH1_20140929155729_31로6111.jpg,1,,,0, 2014-09-29 15:57:29
[10:29:21] File: \\172.16.66.33\MSImage\2014\09\29\CH1_20140929155729_31로6111.jpg
[10:29:21] 일반차량: 31로6111, 
[10:29:21] Ping 시간 체크1-7753703
[10:29:21] Ping 시간 체크2-7753718
[10:29:21] 입구차단기 Open
[10:29:21] 일반차량입차: 31로6111, 
[10:29:21] LPR 11 Recv: CH1#31로6111#N#\2014\09\29\CH1_20140929155729_31로6111.jpg
[10:29:24] LPR Check: 31로6111,http://172.16.66.33:9080/MSImage/2014/09/29/CH1_20140929155729_31로6111.jpg,1,,,0, 2014-09-29 15:57:29
[10:29:24] File: \\172.16.66.33\MSImage\2014\09\29\CH1_20140929155729_31로6111.jpg
[10:29:24] 일반차량: 31로6111, 
[10:29:24] Ping 시간 체크1-7755890
[10:29:24] Ping 시간 체크2-7755906
[10:29:24] Ping 시간 체크1-7755906
[10:29:24] Ping 시간 체크2-7755906
[10:29:24] 입구차단기 Open
[10:29:24] 일반차량입차: 31로6111, 
[10:29:24] LPR18 Recv: LPR_N
[10:29:24] LPR16 Recv: LPR_N
[10:29:24] LPR17 Recv: LPR_N
[10:29:24] LPR 11 Recv: LPR_N
[10:29:24] LPR12 Recv: LPR_N
[10:29:25] LPR18 Recv: LPR_N
[10:29:25] LPR16 Recv: LPR_N
[10:29:25] LPR17 Recv: LPR_N
[10:29:25] LPR 11 Recv: LPR_N
[10:29:28] LPR12 Recv: LPR_N
[10:29:28] LPR18 Recv: NP#CH1#31로6111#N#\2014\09\29\CH1_20140929155729_31로6111.jpg#CH1#경기46로8862#O#\2014\09\29\CH101_20140929155736_경기46로8862.jpg
[10:29:28] LPR Check: 경기46로8862,http://172.16.66.33:9080/MSImage/2014/09/29/CH101_20140929155736_경기46로8862.jpg,1,,,0, 2014-09-29 15:57:36
[10:29:28] File: \\172.16.66.33\MSImage\2014\09\29\CH101_20140929155736_경기46로8862.jpg
[10:29:28] 일반차량: 경기46로8862, 
[10:29:28] 일반차량입차: 경기46로8862, 
[10:29:28] LPR16 Recv: NP#CH1#31로6111#N#\2014\09\29\CH1_20140929155729_31로6111.jpg#CH1#경기46로8862#O#\2014\09\29\CH101_20140929155736_경기46로8862.jpg
[10:29:28] LPR Check: 경기46로8862,http://172.16.66.33:9080/MSImage/2014/09/29/CH101_20140929155736_경기46로8862.jpg,1,,,0, 2014-09-29 15:57:36
[10:29:28] File: \\172.16.66.33\MSImage\2014\09\29\CH101_20140929155736_경기46로8862.jpg
[10:29:28] 일반차량: 경기46로8862, 
[10:29:28] 일반차량입차: 경기46로8862, 
[10:29:28] LPR17 Recv: NP#CH1#31로6111#N#\2014\09\29\CH1_20140929155729_31로6111.jpg#CH1#경기46로8862#O#\2014\09\29\CH101_20140929155736_경기46로8862.jpg
[10:29:28] LPR Check: 경기46로8862,http://172.16.66.33:9080/MSImage/2014/09/29/CH101_20140929155736_경기46로8862.jpg,1,,,0, 2014-09-29 15:57:36
[10:29:28] File: \\172.16.66.33\MSImage\2014\09\29\CH101_20140929155736_경기46로8862.jpg
[10:29:28] 일반차량: 경기46로8862, 
[10:29:28] 일반차량입차: 경기46로8862, 
[10:29:28] LPR 11 Recv: NP#CH1#31로6111#N#\2014\09\29\CH1_20140929155729_31로6111.jpg#CH1#경기46로8862#O#\2014\09\29\CH101_20140929155736_경기46로8862.jpg
[10:30:00] LPR Check: 경기46로8862,http://172.16.66.33:9080/MSImage/2014/09/29/CH101_20140929155736_경기46로8862.jpg,1,,,0, 2014-09-29 15:57:36
[10:30:18] File: \\172.16.66.33\MSImage\2014\09\29\CH101_20140929155736_경기46로8862.jpg
[10:30:43] 일반차량: 경기46로8862, 
[10:30:43] Ping 시간 체크1-7835125
[10:30:43] Ping 시간 체크2-7835140
[10:30:43] 일반차량입차: 경기46로8862, 
[10:45:35] Program Start!
[10:45:40] 근무시작: 배은화
[10:45:41] 영수증프린터 포트오픈 에러: ie_BadId - Specified comport doesn't exist
[10:45:41] Ping 시간 체크1-8733062
[10:45:41] Ping 시간 체크2-8733062
[10:45:41] Ping 시간 체크1-8733078
[10:45:41] Ping 시간 체크2-8733078
[10:45:41] Ping 시간 체크1-8733093
[10:45:41] Ping 시간 체크2-8733109
[10:45:41] Ping 시간 체크1-8733125
[10:45:41] Ping 시간 체크2-8733125
[10:45:41] Ping 시간 체크1-8733140
[10:45:41] Ping 시간 체크2-8733140
[10:45:41] Ping 시간 체크1-8733140
[10:45:41] Ping 시간 체크2-8733156
[10:45:41] Ping 시간 체크1-8733156
[10:45:41] Ping 시간 체크2-8733171
[10:45:41] 주차권  101
[10:45:41] 경차  102
[10:45:41] 장애인  103
[10:45:41] 전액무료  104
[10:45:44] LPR 11 Recv: 172.16.83.1
[10:45:44] LPR12 Recv: 172.16.83.1
[10:45:45] LPR16 Recv: 172.16.83.1
[10:45:45] LPR12 Recv: LPR_N
[10:45:45] LPR 11 Recv: LPR_N
[10:45:45] LPR16 Recv: LPR_N
[10:45:45] LPR17 Recv: 172.16.83.1
[10:45:46] LPR12 Recv: LPR_N
[10:45:46] LPR18 Recv: 172.16.83.1
[10:45:46] LPR 11 Recv: LPR_N
[10:45:46] LPR18 Recv: LPR_N
[10:45:46] LPR17 Recv: LPR_N
[10:45:46] LPR16 Recv: LPR_N
[10:45:47] LPR18 Recv: CH1#31로6111#N#\2014\09\29\CH1_20140929161355_31로6111.jpg
[10:45:47] LPR Check: 31로6111,http://172.16.66.33:9080/MSImage/2014/09/29/CH1_20140929161355_31로6111.jpg,1,,,0, 2014-09-29 16:13:55
[10:45:47] File: \\172.16.66.33\MSImage\2014\09\29\CH1_20140929161355_31로6111.jpg
[10:45:47] 일반차량: 31로6111, 
[10:45:47] Ping 시간 체크1-8739406
[10:45:47] Ping 시간 체크2-8739406
[10:45:47] 입구차단기 Open
[10:45:47] 일반차량입차: 31로6111, 
[10:45:47] LPR17 Recv: CH1#31로6111#N#\2014\09\29\CH1_20140929161355_31로6111.jpg
[10:45:47] LPR Check: 31로6111,http://172.16.66.33:9080/MSImage/2014/09/29/CH1_20140929161355_31로6111.jpg,1,,,0, 2014-09-29 16:13:55
[10:45:47] File: \\172.16.66.33\MSImage\2014\09\29\CH1_20140929161355_31로6111.jpg
[10:45:47] 일반차량: 31로6111, 
[10:45:47] Ping 시간 체크1-8739421
[10:45:47] Ping 시간 체크2-8739437
[10:45:47] 입구차단기 Open
[10:45:47] 일반차량입차: 31로6111, 
[10:45:47] LPR16 Recv: CH1#31로6111#N#\2014\09\29\CH1_20140929161355_31로6111.jpg
[10:45:47] LPR Check: 31로6111,http://172.16.66.33:9080/MSImage/2014/09/29/CH1_20140929161355_31로6111.jpg,1,,,0, 2014-09-29 16:13:55
[10:45:47] File: \\172.16.66.33\MSImage\2014\09\29\CH1_20140929161355_31로6111.jpg
[10:45:47] 일반차량: 31로6111, 
[10:45:47] Ping 시간 체크1-8739453
[10:45:47] Ping 시간 체크2-8739453
[10:45:47] 입구차단기 Open
[10:45:47] 일반차량입차: 31로6111, 
[10:45:47] LPR 11 Recv: CH1#31로6111#N#\2014\09\29\CH1_20140929161355_31로6111.jpg
[10:45:48] LPR Check: 31로6111, http://172.16.66.33:9080/MSImage/2014/09/29/CH1_20140929161355_31로6111.jpg, 1,,,0, 2014-09-29 16:13:55
[10:45:50] File: \\172.16.66.33\MSImage\2014\09\29\CH1_20140929161355_31로6111.jpg
[10:45:50] 일반차량: 31로6111, 
[10:45:50] Ping 시간 체크1-8742703
[10:45:50] Ping 시간 체크2-8742703
[10:45:50] Ping 시간 체크1-8742703
[10:45:50] Ping 시간 체크2-8742718
[10:45:50] 입구차단기 Open
[10:45:50] 일반차량입차: 31로6111, 
[10:45:50] LPR18 Recv: LPR_N
[10:45:50] LPR17 Recv: LPR_N
[10:45:50] LPR16 Recv: LPR_N
[10:45:50] LPR 11 Recv: LPR_N
[10:45:51] LPR12 Recv: LPR_N
[10:45:52] LPR18 Recv: LPR_N
[10:45:52] LPR17 Recv: LPR_N
[10:45:52] LPR16 Recv: LPR_N
[10:45:52] LPR 11 Recv: LPR_N
[10:45:56] LPR 11 Recv: NP#CH1#31로6111#N#\2014\09\29\CH1_20140929161355_31로6111.jpg#CH1#경기46로8862#O#\2014\09\29\CH101_20140929161404_경기46로8862.jpg
[10:45:56] LPR Check: 경기46로8862, http://172.16.66.33:9080/MSImage/2014/09/29/CH101_20140929161404_경기46로8862.jpg, 1,,,0, 2014-09-29 16:14:04
[10:48:29] File: \\172.16.66.33\MSImage\2014\09\29\CH101_20140929161404_경기46로8862.jpg
[10:49:25] 일반차량: 경기46로8862, 
[10:49:25] Ping 시간 체크1-8957671
[10:49:26] Ping 시간 체크2-8957734
[10:49:26] 일반차량입차: 경기46로8862, 
[10:49:42] Program Start!
[10:49:44] 근무시작: 배은화
[10:49:44] 영수증프린터 포트오픈 에러: ie_BadId - Specified comport doesn't exist
[10:49:44] Ping 시간 체크1-8976343
[10:49:44] Ping 시간 체크2-8976359
[10:49:44] Ping 시간 체크1-8976359
[10:49:44] Ping 시간 체크2-8976359
[10:49:44] Ping 시간 체크1-8976359
[10:49:44] Ping 시간 체크2-8976359
[10:49:44] Ping 시간 체크1-8976375
[10:49:44] Ping 시간 체크2-8976375
[10:49:44] Ping 시간 체크1-8976375
[10:49:44] Ping 시간 체크2-8976375
[10:49:44] Ping 시간 체크1-8976390
[10:49:44] Ping 시간 체크2-8976390
[10:49:44] Ping 시간 체크1-8976390
[10:49:44] Ping 시간 체크2-8976406
[10:49:44] 주차권  101
[10:49:44] 경차  102
[10:49:44] 장애인  103
[10:49:44] 전액무료  104
[10:49:44] LPR 11 Recv: 172.16.83.1
[10:49:44] LPR12 Recv: 172.16.83.1
[10:49:45] LPR16 Recv: 172.16.83.1
[10:49:45] LPR12 Recv: LPR_N
[10:49:46] LPR18 Recv: 172.16.83.1
[10:49:46] LPR 11 Recv: LPR_N
[10:49:46] LPR16 Recv: LPR_N
[10:49:46] LPR18 Recv: LPR_N
[10:49:46] LPR12 Recv: LPR_N
[10:49:47] LPR17 Recv: 172.16.83.1
[10:49:47] LPR18 Recv: LPR_N
[10:49:47] LPR 11 Recv: LPR_N
[10:49:47] LPR16 Recv: LPR_N
[10:49:47] LPR17 Recv: LPR_N
[10:49:47] Program Close
[13:31:47] Program Start!
[13:31:53] 근무시작: 배은화
[13:31:54] 영수증프린터 포트오픈 에러: ie_BadId - Specified comport doesn't exist
[13:31:54] Ping 시간 체크1-18706296
[13:31:54] Ping 시간 체크2-18706312
[13:31:54] Ping 시간 체크1-18706328
[13:31:54] Ping 시간 체크2-18706343
[13:31:54] Ping 시간 체크1-18706375
[13:31:54] Ping 시간 체크2-18706390
[13:31:54] Ping 시간 체크1-18706390
[13:31:54] Ping 시간 체크2-18706406
[13:31:54] Ping 시간 체크1-18706406
[13:31:54] Ping 시간 체크2-18706437
[13:31:54] Ping 시간 체크1-18706437
[13:31:54] Ping 시간 체크2-18706453
[13:31:54] Ping 시간 체크1-18706453
[13:31:54] Ping 시간 체크2-18706468
[13:31:54] 주차권  101
[13:31:54] 경차  102
[13:31:54] 장애인  103
[13:31:54] 전액무료  104
[13:31:57] LPR 11 Recv: 172.16.83.1
[13:31:57] LPR12 Recv: 172.16.83.1
[13:31:57] LPR16 Recv: 172.16.83.1
[13:31:58] LPR16 Recv: LPR_N
[13:31:58] LPR 11 Recv: LPR_N
[13:31:58] LPR17 Recv: 172.16.83.1
[13:31:58] LPR12 Recv: LPR_N
[13:31:59] LPR17 Recv: LPR_N
[13:31:59] LPR16 Recv: LPR_N
[13:31:59] LPR 11 Recv: LPR_N
[13:31:59] LPR18 Recv: 172.16.83.1
[13:32:00] LPR18 Recv: LPR_N
[13:32:00] LPR16 Recv: LPR_N
[13:32:00] LPR17 Recv: LPR_N
[13:32:00] LPR 11 Recv: LPR_N
[13:32:00] LPR12 Recv: LPR_N
[13:32:03] LPR18 Recv: LPR_N
[13:32:03] LPR17 Recv: LPR_N
[13:32:03] LPR16 Recv: LPR_N
[13:32:03] LPR 11 Recv: LPR_N
[13:32:05] LPR12 Recv: LPR_N
[13:32:08] LPR18 Recv: LPR_N
[13:32:08] LPR17 Recv: LPR_N
[13:32:08] LPR16 Recv: LPR_N
[13:32:08] LPR 11 Recv: LPR_N
[13:32:11] LPR12 Recv: LPR_N
[13:32:13] LPR18 Recv: LPR_N
[13:32:13] LPR16 Recv: LPR_N
[13:32:13] LPR17 Recv: LPR_N
[13:32:13] LPR 11 Recv: LPR_N
[13:32:14] LPR18 Recv: CH1#31로6111#N#\2014\09\29\CH1_20140929190020_31로6111.jpg
[13:32:14] LPR Check: 31로6111,http://172.16.66.33:9080/MSImage/2014/09/29/CH1_20140929190020_31로6111.jpg,1,,,0, 2014-09-29 19:00:20
[13:32:14] File: \\172.16.66.33\MSImage\2014\09\29\CH1_20140929190020_31로6111.jpg
[13:37:52] 일반차량: 31로6111, 
[15:45:13] Program Start!
[15:45:25] 근무시작: 배은화
[15:45:25] 영수증프린터 포트오픈 에러: ie_BadId - Specified comport doesn't exist
[15:45:25] Ping 시간 체크1-26717015
[15:45:25] Ping 시간 체크2-26717031
[15:45:25] Ping 시간 체크1-26717031
[15:45:25] Ping 시간 체크2-26717031
[15:45:25] Ping 시간 체크1-26717046
[15:45:25] Ping 시간 체크2-26717046
[15:45:25] Ping 시간 체크1-26717046
[15:45:25] Ping 시간 체크2-26717062
[15:45:25] Ping 시간 체크1-26717062
[15:45:25] Ping 시간 체크2-26717062
[15:45:25] Ping 시간 체크1-26717078
[15:45:25] Ping 시간 체크2-26717078
[15:45:25] Ping 시간 체크1-26717078
[15:45:25] Ping 시간 체크2-26717093
[15:45:25] 주차권  101
[15:45:25] 경차  102
[15:45:25] 장애인  103
[15:45:25] 전액무료  104
[15:45:25] LPR12 Recv: 172.16.83.1
[15:45:26] LPR12 Recv: LPR_N
[15:45:27] LPR12 Recv: LPR_N
[15:45:29] LPR12 Recv: CH1#31로6819#N#\2014\09\30\CH1_20140930203027_31로6819.jpg
[15:45:29] LPR Check: 31로6819,http://172.16.66.34:9080/MSImage/2014/09/30/CH1_20140930203027_31로6819.jpg,1,,,0, 2014-09-30 20:30:27
[15:45:29] File: \\172.16.66.34\MSImage\2014\09\30\CH1_20140930203027_31로6819.jpg
[15:45:29] 정기차량시작: 31로6819, 
[15:45:29] Ping 시간 체크1-26721343
[15:45:29] Ping 시간 체크2-26721343
[15:45:29] Ping 시간 체크1-26721640
[15:45:29] Ping 시간 체크2-26721640
[15:45:29] Ping 시간 체크1-26721640
[15:45:29] Ping 시간 체크2-26721656
[15:45:29] 출구차단기 Open
[15:45:29] 정기차량처리: 31로6819, 
[15:45:32] LPR12 Recv: LPR_N
[15:45:34] LPR12 Recv: CH1#31로6811#N#\2014\09\30\CH1_20140930203032_31로6811.jpg
[15:45:34] LPR Check: 31로6811,http://172.16.66.34:9080/MSImage/2014/09/30/CH1_20140930203032_31로6811.jpg,1,,,0, 2014-09-30 20:30:32
[15:45:34] File: \\172.16.66.34\MSImage\2014\09\30\CH1_20140930203032_31로6811.jpg
[15:45:34] 일반차량: 31로6811, 
[15:45:34] In Image File: 66.33\MSImage\2014\09\30\CH1_20140930083856_31로6811.jpg
[15:45:34] Ping 시간 체크1-26726343
[15:45:34] Ping 시간 체크2-26726343
[15:45:34] 입차 이미지 File 없음: 66.33\MSImage\2014\09\30\CH1_20140930083856_31로6811.jpg
[15:45:34] Out Image File: \\172.16.66.34\MSImage\2014\09\30\CH1_20140930203032_31로6811.jpg
[15:45:34] Ping 시간 체크1-26726343
[15:45:34] Ping 시간 체크2-26726359
[15:45:34] Ping 시간 체크1-26726687
[15:45:34] Ping 시간 체크2-26726687
[15:45:34] 일반차량출차: 31로6811, 
[15:45:38] LPR12 Recv: LPR_N
[15:45:39] Ping 시간 체크1-26731031
[15:45:39] Ping 시간 체크2-26731046
[15:45:43] LPR12 Recv: LPR_N
[15:45:46] InLpr1_SocketError: 10060
[15:45:46] InLpr4_SocketError: 10060
[15:45:46] InLpr3_SocketError: 10060
[15:45:46] InLpr2_SocketError: 10060
[15:45:48] LPR12 Recv: LPR_N
[15:45:51] Program Close
[15:45:53] Program Start!
[15:45:55] 근무시작: 배은화
[15:45:55] 영수증프린터 포트오픈 에러: ie_BadId - Specified comport doesn't exist
[15:45:55] Ping 시간 체크1-26747687
[15:45:55] Ping 시간 체크2-26747703
[15:45:55] Ping 시간 체크1-26747703
[15:45:55] Ping 시간 체크2-26747703
[15:45:55] Ping 시간 체크1-26747703
[15:45:55] Ping 시간 체크2-26747718
[15:45:55] Ping 시간 체크1-26747718
[15:45:56] Ping 시간 체크2-26747734
[15:45:56] Ping 시간 체크1-26747734
[15:45:56] Ping 시간 체크2-26747734
[15:45:56] Ping 시간 체크1-26747750
[15:45:56] Ping 시간 체크2-26747750
[15:45:56] Ping 시간 체크1-26747750
[15:45:56] Ping 시간 체크2-26747765
[15:45:56] 주차권  101
[15:45:56] 경차  102
[15:45:56] 장애인  103
[15:45:56] 전액무료  104
[15:45:56] LPR12 Recv: 172.16.83.1
[15:45:57] LPR12 Recv: LPR_N
[15:45:58] LPR12 Recv: LPR_N
[15:46:02] LPR12 Recv: CH1#31로6811#N#\2014\09\30\CH1_20140930203100_31로6811.jpg
[15:46:02] LPR Check: 31로6811,http://172.16.66.34:9080/MSImage/2014/09/30/CH1_20140930203100_31로6811.jpg,1,,,0, 2014-09-30 20:31:00
[15:46:02] File: \\172.16.66.34\MSImage\2014\09\30\CH1_20140930203100_31로6811.jpg
[15:46:02] 일반차량: 31로6811, 
[15:46:02] In Image File: 66.33\MSImage\2014\09\30\CH1_20140930083856_31로6811.jpg
[15:46:02] Ping 시간 체크1-26754078
[15:46:02] Ping 시간 체크2-26754093
[15:46:02] 입차 이미지 File 없음: 66.33\MSImage\2014\09\30\CH1_20140930083856_31로6811.jpg
[15:46:02] Out Image File: \\172.16.66.34\MSImage\2014\09\30\CH1_20140930203100_31로6811.jpg
[15:46:02] Ping 시간 체크1-26754093
[15:46:02] Ping 시간 체크2-26754093
[15:46:02] Ping 시간 체크1-26754421
[15:46:02] Ping 시간 체크2-26754421
[15:46:02] 일반차량출차: 31로6811, 
[15:46:04] LPR12 Recv: LPR_N
[15:46:09] LPR12 Recv: LPR_N
[15:46:14] LPR12 Recv: LPR_N
[15:46:17] InLpr4_SocketError: 10060
[15:46:17] InLpr1_SocketError: 10060
[15:46:17] InLpr2_SocketError: 10060
[15:46:17] InLpr3_SocketError: 10060
[15:46:19] LPR12 Recv: LPR_N
[15:46:25] LPR12 Recv: LPR_N
[15:46:30] LPR12 Recv: LPR_N
[15:46:35] LPR12 Recv: LPR_N
[15:46:40] LPR12 Recv: LPR_N
[15:46:45] LPR12 Recv: LPR_N
[15:46:51] LPR12 Recv: LPR_N
[15:46:55] Ping 시간 체크1-26807687
[15:46:55] Ping 시간 체크2-26807687
[15:46:55] Ping 시간 체크1-26807703
[15:46:56] Ping 시간 체크2-26807703
[15:46:56] Ping 시간 체크1-26807765
[15:46:56] Ping 시간 체크2-26807765
[15:46:56] Ping 시간 체크1-26807765
[15:46:56] Ping 시간 체크2-26807781
[15:46:56] LPR12 Recv: LPR_N
[15:47:01] LPR12 Recv: LPR_N
[15:47:06] LPR12 Recv: LPR_N
[15:47:12] LPR12 Recv: LPR_N
[15:47:16] InLpr1_SocketError: 10060
[15:47:17] InLpr3_SocketError: 10060
[15:47:17] InLpr4_SocketError: 10060
[15:47:17] InLpr2_SocketError: 10060
[15:47:17] LPR12 Recv: LPR_N
[15:47:22] LPR12 Recv: LPR_N
[15:47:27] LPR12 Recv: LPR_N
[15:47:33] LPR12 Recv: LPR_N
[15:47:38] LPR12 Recv: LPR_N
[15:47:43] LPR12 Recv: LPR_N
[15:47:49] LPR12 Recv: LPR_N
[15:47:54] LPR12 Recv: LPR_N
[15:47:55] Ping 시간 체크1-26867687
[15:47:55] Ping 시간 체크2-26867687
[15:47:55] Ping 시간 체크1-26867703
[15:47:55] Ping 시간 체크2-26867703
[15:47:55] Ping 시간 체크1-26867703
[15:47:55] Ping 시간 체크2-26867718
[15:47:55] Ping 시간 체크1-26867718
[15:47:55] Ping 시간 체크2-26867718
[15:47:59] LPR12 Recv: LPR_N
[15:48:04] LPR12 Recv: LPR_N
[15:48:10] LPR12 Recv: LPR_N
[15:48:15] LPR12 Recv: LPR_N
[15:48:16] InLpr1_SocketError: 10060
[15:48:16] InLpr2_SocketError: 10060
[15:48:16] InLpr3_SocketError: 10060
[15:48:17] InLpr4_SocketError: 10060
[15:48:20] LPR12 Recv: LPR_N
[15:48:25] LPR12 Recv: LPR_N
[15:48:31] LPR12 Recv: LPR_N
[15:48:36] LPR12 Recv: LPR_N
[15:48:41] LPR12 Recv: LPR_N
[15:48:46] LPR12 Recv: LPR_N
[15:48:51] LPR12 Recv: LPR_N
[15:48:55] Ping 시간 체크1-26927687
[15:48:55] Ping 시간 체크2-26927687
[15:48:55] Ping 시간 체크1-26927703
[15:48:55] Ping 시간 체크2-26927718
[15:48:56] Ping 시간 체크1-26927734
[15:48:56] Ping 시간 체크2-26927734
[15:48:56] Ping 시간 체크1-26927734
[15:48:56] Ping 시간 체크2-26927734
[15:48:57] LPR12 Recv: LPR_N
[15:49:02] LPR12 Recv: LPR_N
[15:49:07] LPR12 Recv: LPR_N
[15:49:12] LPR12 Recv: LPR_N
[15:49:16] InLpr1_SocketError: 10060
[15:49:16] InLpr3_SocketError: 10060
[15:49:17] InLpr2_SocketError: 10060
[15:49:17] InLpr4_SocketError: 10060
[15:49:18] LPR12 Recv: LPR_N
[15:49:23] LPR12 Recv: LPR_N
[15:49:28] LPR12 Recv: LPR_N
[15:49:33] LPR12 Recv: LPR_N
[15:49:39] LPR12 Recv: LPR_N
[15:49:44] LPR12 Recv: LPR_N
[15:49:49] LPR12 Recv: LPR_N
[15:49:55] LPR12 Recv: LPR_N
[15:49:55] Ping 시간 체크1-26987687
[15:49:55] Ping 시간 체크2-26987703
[15:49:55] Ping 시간 체크1-26987703
[15:49:55] Ping 시간 체크2-26987718
[15:49:55] Ping 시간 체크1-26987718
[15:49:55] Ping 시간 체크2-26987718
[15:49:55] Ping 시간 체크1-26987718
[15:49:55] Ping 시간 체크2-26987718
[15:50:00] LPR12 Recv: LPR_N
[15:50:05] LPR12 Recv: LPR_N
[15:50:10] LPR12 Recv: LPR_N
[15:50:12] Program Close
[15:50:23] Program Start!
[15:50:25] 근무시작: 배은화
[15:50:25] 영수증프린터 포트오픈 에러: ie_BadId - Specified comport doesn't exist
[15:50:25] Ping 시간 체크1-27017296
[15:50:25] Ping 시간 체크2-27017296
[15:50:25] Ping 시간 체크1-27017296
[15:50:25] Ping 시간 체크2-27017296
[15:50:25] Ping 시간 체크1-27017296
[15:50:25] Ping 시간 체크2-27017312
[15:50:25] Ping 시간 체크1-27017312
[15:50:25] Ping 시간 체크2-27017328
[15:50:25] Ping 시간 체크1-27017328
[15:50:25] Ping 시간 체크2-27017343
[15:50:25] Ping 시간 체크1-27017343
[15:50:25] Ping 시간 체크2-27017343
[15:50:25] Ping 시간 체크1-27017343
[15:50:25] Ping 시간 체크2-27017359
[15:50:25] 주차권  101
[15:50:25] 경차  102
[15:50:25] 장애인  103
[15:50:25] 전액무료  104
[15:50:25] LPR12 Recv: 172.16.83.1
[15:50:26] LPR12 Recv: LPR_N
[15:50:28] Program Close
[15:58:55] Program Start!
[15:59:03] 근무시작: 배은화
[15:59:05] 영수증프린터 포트오픈 에러: ie_BadId - Specified comport doesn't exist
[15:59:05] Ping 시간 체크1-27536843
[15:59:05] Ping 시간 체크2-27536859
[15:59:05] Ping 시간 체크1-27536921
[15:59:05] Ping 시간 체크2-27536921
[15:59:05] Ping 시간 체크1-27536968
[15:59:05] Ping 시간 체크2-27536984
[15:59:05] Ping 시간 체크1-27537015
[15:59:05] Ping 시간 체크2-27537031
[15:59:05] Ping 시간 체크1-27537046
[15:59:05] Ping 시간 체크2-27537046
[15:59:05] Ping 시간 체크1-27537078
[15:59:05] Ping 시간 체크2-27537093
[15:59:05] Ping 시간 체크1-27537109
[15:59:05] Ping 시간 체크2-27537109
[15:59:05] 주차권  101
[15:59:05] 경차  102
[15:59:05] 장애인  103
[15:59:05] 전액무료  104
[15:59:08] LPR12 Recv: 172.16.83.1
[15:59:10] LPR12 Recv: LPR_N
[15:59:11] LPR12 Recv: LPR_N
[15:59:16] LPR12 Recv: LPR_N
[15:59:21] LPR12 Recv: LPR_N
[15:59:26] LPR12 Recv: LPR_N
[15:59:45] Program Start!
[15:59:58] 근무시작: 배은화
[16:00:00] 영수증프린터 포트오픈 에러: ie_BadId - Specified comport doesn't exist
[16:00:00] Ping 시간 체크1-27592093
[16:00:00] Ping 시간 체크2-27592109
[16:00:00] Ping 시간 체크1-27592171
[16:00:00] Ping 시간 체크2-27592171
[16:00:00] Ping 시간 체크1-27592265
[16:00:00] Ping 시간 체크2-27592281
[16:00:00] Ping 시간 체크1-27592281
[16:00:00] Ping 시간 체크2-27592296
[16:00:00] Ping 시간 체크1-27592343
[16:00:00] Ping 시간 체크2-27592359
[16:00:00] Ping 시간 체크1-27592375
[16:00:00] Ping 시간 체크2-27592390
[16:00:00] Ping 시간 체크1-27592421
[16:00:00] Ping 시간 체크2-27592421
[16:00:00] 주차권  101
[16:00:00] 경차  102
[16:00:00] 장애인  103
[16:00:00] 전액무료  104
[16:00:39] LPR12 Recv: 172.16.83.1
[16:00:40] LPR12 Recv: LPR_N
[16:00:45] LPR12 Recv: LPR_N
[16:01:13] Program Start!
[16:01:19] 근무시작: 배은화
[16:01:21] 영수증프린터 포트오픈 에러: ie_BadId - Specified comport doesn't exist
[16:01:21] Ping 시간 체크1-27673015
[16:01:21] Ping 시간 체크2-27673031
[16:01:21] Ping 시간 체크1-27673125
[16:01:21] Ping 시간 체크2-27673140
[16:01:21] Ping 시간 체크1-27673203
[16:01:21] Ping 시간 체크2-27673218
[16:01:21] Ping 시간 체크1-27673218
[16:01:21] Ping 시간 체크2-27673218
[16:01:21] Ping 시간 체크1-27673265
[16:01:21] Ping 시간 체크2-27673265
[16:01:21] Ping 시간 체크1-27673296
[16:01:21] Ping 시간 체크2-27673312
[16:01:21] Ping 시간 체크1-27673328
[16:01:21] Ping 시간 체크2-27673328
[16:01:21] 주차권  101
[16:01:21] 경차  102
[16:01:21] 장애인  103
[16:01:21] 전액무료  104
[16:02:08] LPR12 Recv: 172.16.83.1
[16:02:09] LPR12 Recv: LPR_N
[16:05:38] Program Start!
[16:05:41] 근무시작: 배은화
[16:05:41] 영수증프린터 포트오픈 에러: ie_BadId - Specified comport doesn't exist
[16:05:41] Ping 시간 체크1-27933359
[16:05:41] Ping 시간 체크2-27933375
[16:05:41] Ping 시간 체크1-27933406
[16:05:41] Ping 시간 체크2-27933406
[16:05:41] Ping 시간 체크1-27933421
[16:05:41] Ping 시간 체크2-27933421
[16:05:41] Ping 시간 체크1-27933421
[16:05:41] Ping 시간 체크2-27933437
[16:05:41] Ping 시간 체크1-27933484
[16:05:41] Ping 시간 체크2-27933484
[16:05:41] Ping 시간 체크1-27933515
[16:05:41] Ping 시간 체크2-27933531
[16:05:41] Ping 시간 체크1-27933531
[16:05:41] Ping 시간 체크2-27933546
[16:05:41] 주차권  101
[16:05:41] 경차  102
[16:05:41] 장애인  103
[16:05:41] 전액무료  104
[16:05:42] LPR12 Recv: 172.16.83.1
[16:05:43] LPR12 Recv: LPR_N
[16:05:45] LPR12 Recv: LPR_N
[16:05:50] LPR12 Recv: LPR_N
[16:05:55] LPR12 Recv: LPR_N
[16:06:00] LPR12 Recv: LPR_N
[16:06:02] InLpr2_SocketError: 10060
[16:06:03] InLpr3_SocketError: 10060
[16:06:03] InLpr1_SocketError: 10060
[16:06:03] InLpr4_SocketError: 10060
[16:06:06] LPR12 Recv: LPR_N
[16:06:11] LPR12 Recv: LPR_N
[16:06:16] LPR12 Recv: LPR_N
[16:06:21] LPR12 Recv: LPR_N
[16:06:27] LPR12 Recv: LPR_N
[16:06:32] LPR12 Recv: LPR_N
[16:06:37] LPR12 Recv: LPR_N
[16:06:41] Ping 시간 체크1-27993359
[16:06:41] Ping 시간 체크2-27993359
[16:06:41] Ping 시간 체크1-27993406
[16:06:41] Ping 시간 체크2-27993406
[16:06:41] Ping 시간 체크1-27993421
[16:06:41] Ping 시간 체크2-27993421
[16:06:41] Ping 시간 체크1-27993421
[16:06:41] Ping 시간 체크2-27993437
[16:06:42] LPR12 Recv: LPR_N
[16:06:48] LPR12 Recv: LPR_N
[16:06:53] LPR12 Recv: LPR_N
[16:06:58] LPR12 Recv: LPR_N
[16:07:02] InLpr1_SocketError: 10060
[16:07:02] InLpr2_SocketError: 10060
[16:07:02] InLpr4_SocketError: 10060
[16:07:02] InLpr3_SocketError: 10060
[16:07:03] LPR12 Recv: LPR_N
[16:07:08] LPR12 Recv: LPR_N
[16:07:14] LPR12 Recv: LPR_N
[16:07:19] LPR12 Recv: LPR_N
[16:07:24] LPR12 Recv: LPR_N
[16:07:29] LPR12 Recv: LPR_N
[16:07:35] LPR12 Recv: LPR_N
[16:07:40] LPR12 Recv: LPR_N
[16:07:41] Ping 시간 체크1-28053359
[16:07:41] Ping 시간 체크2-28053359
[16:07:41] Ping 시간 체크1-28053406
[16:07:41] Ping 시간 체크2-28053406
[16:07:41] Ping 시간 체크1-28053421
[16:07:41] Ping 시간 체크2-28053421
[16:07:41] Ping 시간 체크1-28053421
[16:07:41] Ping 시간 체크2-28053421
[16:07:46] LPR12 Recv: LPR_N
[16:07:51] LPR12 Recv: LPR_N
[16:07:56] LPR12 Recv: LPR_N
[16:08:01] LPR12 Recv: LPR_N
[16:08:02] InLpr1_SocketError: 10060
[16:08:02] InLpr2_SocketError: 10060
[16:08:02] InLpr3_SocketError: 10060
[16:08:02] InLpr4_SocketError: 10060
[16:08:06] LPR12 Recv: LPR_N
[16:08:12] LPR12 Recv: LPR_N
[16:08:17] LPR12 Recv: LPR_N
[16:08:18] Program Close
[16:09:22] Program Start!
[16:09:31] 근무시작: 배은화
[16:09:32] 영수증프린터 포트오픈 에러: ie_BadId - Specified comport doesn't exist
[16:09:32] Ping 시간 체크1-28164421
[16:09:32] Ping 시간 체크2-28164421
[16:09:32] Ping 시간 체크1-28164437
[16:09:32] Ping 시간 체크2-28164468
[16:09:32] Ping 시간 체크1-28164531
[16:09:32] Ping 시간 체크2-28164546
[16:09:32] Ping 시간 체크1-28164578
[16:09:32] Ping 시간 체크2-28164578
[16:09:32] Ping 시간 체크1-28164625
[16:09:32] Ping 시간 체크2-28164625
[16:09:32] Ping 시간 체크1-28164640
[16:09:32] Ping 시간 체크2-28164656
[16:09:32] Ping 시간 체크1-28164671
[16:09:32] Ping 시간 체크2-28164671
[16:09:33] 주차권  101
[16:09:33] 경차  102
[16:09:33] 장애인  103
[16:09:33] 전액무료  104
[16:10:06] wwLPR12 Recv: 172.16.83.1LPR_NLPR_NLPR_N
[16:10:36] LPR Check: ,http://172.16.66.34:9080/MSImage172.16.83.1LPR_NLPR_NLPR_N,3,,,0, NLPR-_N-LP R_:N :  
[16:10:36] File: \\172.16.66.34\MSImage172.16.83.1LPR_NLPR_NLPR_N
[16:10:38] csOutLpr1Read: qryOutLpr1Proc: Cannot perform this operation on a closed dataset
[16:10:38] InLpr1_SocketError: 10060
[16:10:39] InLpr2_SocketError: 10060
[16:10:40] InLpr4_SocketError: 10060
[16:10:40] InLpr3_SocketError: 10060
[16:10:44] wwLPR12 Recv: LPR_NLPR_NLPR_NLPR_NLPR_NLPR_NLPR_NLPR_NLPR_NLPR_N
[16:10:44] LPR Check: ,http://172.16.66.34:9080/MSImageLPR_NLPR_NLPR_NLPR_NLPR_NLPR_NLPR_NLPR_NLPR_NLPR_N,3,,,0, NLPR-_N-LP R_:NL:PR
[16:10:44] File: \\172.16.66.34\MSImageLPR_NLPR_NLPR_NLPR_NLPR_NLPR_NLPR_NLPR_NLPR_NLPR_N
[16:10:45] csOutLpr1Read: qryOutLpr1Proc: Cannot perform this operation on a closed dataset
[16:10:47] wwLPR12 Recv: LPR_N
[16:10:47] Ping 시간 체크1-28239140
[16:10:47] Ping 시간 체크2-28239250
[16:10:47] Ping 시간 체크1-28239250
[16:10:47] Ping 시간 체크2-28239250
[16:10:47] Ping 시간 체크1-28239265
[16:10:47] Ping 시간 체크2-28239265
[16:10:47] Ping 시간 체크1-28239281
[16:10:47] Ping 시간 체크2-28239281
[16:10:58] wwLPR12 Recv: LPR_NLPR_N
[16:11:03] wwLPR12 Recv: LPR_N
[16:11:07] wwLPR12 Recv: LPR_N
[16:11:08] InLpr1_SocketError: 10060
[16:11:09] InLpr2_SocketError: 10060
[16:11:10] InLpr3_SocketError: 10060
[16:11:11] InLpr4_SocketError: 10060
[16:11:18] wwLPR12 Recv: LPR_NCH1#31로6811#N#\2014\09\30\CH1_20140930205613_31로6811.jpgLPR_N
[16:11:18] LPR Check: 31로6811,http://172.16.66.34:9080/MSImage/2014/09/30/CH1_20140930205613_31로6811.jpgLPR_N,1,,,0, 2014-09-30 20:56:13
[16:11:18] File: \\172.16.66.34\MSImage\2014\09\30\CH1_20140930205613_31로6811.jpgLPR_N
[16:11:18] 일반차량: 31로6811, 
[16:11:31] In Image File: 66.33\MSImage\2014\09\30\CH1_20140930083856_31로6811.jpg
[16:11:31] Ping 시간 체크1-28283437
[16:11:31] Ping 시간 체크2-28283437
[16:11:31] 입차 이미지 File 없음: 66.33\MSImage\2014\09\30\CH1_20140930083856_31로6811.jpg
[16:11:31] Out Image File: \\172.16.66.34\MSImage\2014\09\30\CH1_20140930205613_31로6811.jpgLPR_N
[16:11:31] Ping 시간 체크1-28283453
[16:11:31] Ping 시간 체크2-28283453
[16:11:31] 출차 이미지 File 없음: \\172.16.66.34\MSImage\2014\09\30\CH1_20140930205613_31로6811.jpgLPR_N
[16:11:31] Ping 시간 체크1-28283625
[16:11:31] Ping 시간 체크2-28283640
[16:11:31] 일반차량출차: 31로6811, 
[16:11:33] wwLPR12 Recv: LPR_NLPR_NLPR_N
[16:11:33] Ping 시간 체크1-28285609
[16:11:33] Ping 시간 체크2-28285609
[16:11:33] Ping 시간 체크1-28285609
[16:11:33] Ping 시간 체크2-28285609
[16:11:33] Ping 시간 체크1-28285687
[16:11:33] Ping 시간 체크2-28285687
[16:11:33] Ping 시간 체크1-28285687
[16:11:33] Ping 시간 체크2-28285687
[16:39:29] Program Start!
[16:39:44] 근무시작: 배은화
[16:39:44] 영수증프린터 포트오픈 에러: ie_BadId - Specified comport doesn't exist
[16:39:44] Ping 시간 체크1-29976515
[16:39:44] Ping 시간 체크2-29976515
[16:39:44] Ping 시간 체크1-29976562
[16:39:44] Ping 시간 체크2-29976562
[16:39:44] Ping 시간 체크1-29976593
[16:39:44] Ping 시간 체크2-29976593
[16:39:44] Ping 시간 체크1-29976625
[16:39:44] Ping 시간 체크2-29976625
[16:39:44] Ping 시간 체크1-29976671
[16:39:44] Ping 시간 체크2-29976671
[16:39:44] Ping 시간 체크1-29976671
[16:39:44] Ping 시간 체크2-29976687
[16:39:44] Ping 시간 체크1-29976718
[16:39:44] Ping 시간 체크2-29976718
[16:39:45] 주차권  101
[16:39:45] 경차  102
[16:39:45] 장애인  103
[16:39:45] 전액무료  104
[16:39:45] LPR12 Recv: 172.16.83.1
[16:39:46] LPR12 Recv: LPR_N
[16:39:47] LPR12 Recv: LPR_N
[16:39:52] LPR12 Recv: LPR_N
[16:39:57] LPR12 Recv: LPR_N
[16:40:02] LPR12 Recv: LPR_N
[16:40:06] InLpr1_SocketError: 10060
[16:40:06] InLpr3_SocketError: 10060
[16:40:06] InLpr2_SocketError: 10060
[16:40:06] InLpr4_SocketError: 10060
[16:40:08] LPR12 Recv: LPR_N
[16:40:13] LPR12 Recv: LPR_N
[16:40:18] LPR12 Recv: LPR_N
[16:40:23] LPR12 Recv: LPR_N
[16:40:29] LPR12 Recv: LPR_N
[16:40:34] LPR12 Recv: LPR_N
[16:40:39] LPR12 Recv: LPR_N
[16:40:44] Ping 시간 체크1-30036515
[16:40:44] Ping 시간 체크2-30036515
[16:40:44] Ping 시간 체크1-30036562
[16:40:44] Ping 시간 체크2-30036562
[16:40:44] Ping 시간 체크1-30036593
[16:40:44] Ping 시간 체크2-30036593
[16:40:44] Ping 시간 체크1-30036625
[16:40:44] Ping 시간 체크2-30036625
[16:40:44] LPR12 Recv: LPR_N
[16:40:50] LPR12 Recv: LPR_N
[16:40:55] LPR12 Recv: LPR_N
[16:41:00] LPR12 Recv: LPR_N
[16:41:05] InLpr1_SocketError: 10060
[16:41:05] InLpr2_SocketError: 10060
[16:41:05] InLpr3_SocketError: 10060
[16:41:05] InLpr4_SocketError: 10060
[16:41:06] LPR12 Recv: LPR_N
[16:41:11] LPR12 Recv: LPR_N
[16:41:14] Program Close
[17:04:03] Program Start!
[17:04:05] 근무시작: 배은화
[17:04:05] 영수증프린터 포트오픈 에러: ie_BadId - Specified comport doesn't exist
[17:04:05] Ping 시간 체크1-31437718
[17:04:06] Ping 시간 체크2-31437734
[17:04:06] Ping 시간 체크1-31437750
[17:04:06] Ping 시간 체크2-31437750
[17:04:06] Ping 시간 체크1-31437750
[17:04:06] Ping 시간 체크2-31437765
[17:04:06] Ping 시간 체크1-31437828
[17:04:06] Ping 시간 체크2-31437843
[17:04:06] Ping 시간 체크1-31437843
[17:04:06] Ping 시간 체크2-31437843
[17:04:06] Ping 시간 체크1-31437921
[17:04:06] Ping 시간 체크2-31437921
[17:04:06] Ping 시간 체크1-31437937
[17:04:06] Ping 시간 체크2-31437937
[17:04:06] 주차권  101
[17:04:06] 경차  102
[17:04:06] 장애인  103
[17:04:06] 전액무료  104
[17:04:06] LPR 12 Recv: 172.16.83.1
[17:04:07] LPR 12 Recv: LPR_N
[17:04:11] LPR 12 Recv: LPR_N
[17:04:16] LPR 12 Recv: LPR_N
[17:04:22] LPR 12 Recv: LPR_N
[17:04:27] InLpr2_SocketError: 10060
[17:04:27] InLpr4_SocketError: 10060
[17:04:27] InLpr3_SocketError: 10060
[17:04:27] InLpr1_SocketError: 10060
[17:04:27] LPR 12 Recv: LPR_N
[17:04:32] LPR 12 Recv: LPR_N
[17:04:37] LPR 12 Recv: LPR_N
[17:04:42] LPR 12 Recv: LPR_N
[17:04:46] LPR 12 Recv: CH1#31로6811#N#\2014\09\30\CH1_20140930214943_31로6811.jpg
[17:04:46] LPR Check: 31로6811,http://172.16.66.34:9080/MSImage/2014/09/30/CH1_20140930214943_31로6811.jpg,1,,,0, 2014-09-30 21:49:43
[17:04:46] File: \\172.16.66.34\MSImage\2014\09\30\CH1_20140930214943_31로6811.jpg
[17:04:46] 일반차량: 31로6811, 
[17:04:46] In Image File: 66.33\MSImage\2014\09\30\CH1_20140930083856_31로6811.jpg
[17:04:46] Ping 시간 체크1-31477750
[17:04:46] Ping 시간 체크2-31477750
[17:04:46] 입차 이미지 File 없음: 66.33\MSImage\2014\09\30\CH1_20140930083856_31로6811.jpg
[17:04:46] Out Image File: \\172.16.66.34\MSImage\2014\09\30\CH1_20140930214943_31로6811.jpg
[17:04:46] Ping 시간 체크1-31477750
[17:04:46] Ping 시간 체크2-31477750
[17:04:46] Ping 시간 체크1-31478218
[17:04:46] Ping 시간 체크2-31478234
[17:04:46] 일반차량출차: 31로6811, 
[17:04:48] LPR 12 Recv: LPR_N
[17:04:53] LPR 12 Recv: LPR_N
[17:04:59] LPR 12 Recv: LPR_N
[17:05:04] LPR 12 Recv: LPR_N
[17:05:05] Ping 시간 체크1-31497718
[17:05:06] Ping 시간 체크2-31497734
[17:05:06] Ping 시간 체크1-31497750
[17:05:06] Ping 시간 체크2-31497750
[17:05:06] Ping 시간 체크1-31497750
[17:05:06] Ping 시간 체크2-31497750
[17:05:06] Ping 시간 체크1-31497828
[17:05:06] Ping 시간 체크2-31497828
[17:05:09] LPR 12 Recv: LPR_N
[17:05:14] LPR 12 Recv: LPR_N
[17:05:20] LPR 12 Recv: LPR_N
[17:05:25] LPR 12 Recv: LPR_N
[17:05:27] InLpr1_SocketError: 10060
[17:05:27] InLpr2_SocketError: 10060
[17:05:27] InLpr3_SocketError: 10060
[17:05:27] InLpr4_SocketError: 10060
[17:05:30] LPR 12 Recv: LPR_N
[17:05:35] LPR 12 Recv: LPR_N
[17:05:40] LPR 12 Recv: LPR_N
[17:05:46] LPR 12 Recv: LPR_N
[17:05:51] LPR 12 Recv: LPR_N
[17:05:56] LPR 12 Recv: LPR_N
[17:06:01] LPR 12 Recv: LPR_N
[17:06:05] Ping 시간 체크1-31557718
[17:06:05] Ping 시간 체크2-31557718
[17:06:06] Ping 시간 체크1-31557765
[17:06:06] Ping 시간 체크2-31557781
[17:06:06] Ping 시간 체크1-31557781
[17:06:06] Ping 시간 체크2-31557781
[17:06:06] Ping 시간 체크1-31557828
[17:06:06] Ping 시간 체크2-31557828
[17:06:07] LPR 12 Recv: LPR_N
[17:06:12] LPR 12 Recv: LPR_N
[17:06:17] LPR 12 Recv: LPR_N
[17:06:22] LPR 12 Recv: LPR_N
[17:06:27] InLpr1_SocketError: 10060
[17:06:27] InLpr2_SocketError: 10060
[17:06:27] InLpr3_SocketError: 10060
[17:06:27] InLpr4_SocketError: 10060
[17:06:28] LPR 12 Recv: LPR_N
[17:06:33] LPR 12 Recv: LPR_N
[17:06:38] LPR 12 Recv: LPR_N
[17:06:43] LPR 12 Recv: LPR_N
[17:06:48] LPR 12 Recv: LPR_N
[17:06:53] LPR 12 Recv: LPR_R
[17:06:53] 시간동기화 전송
[17:07:05] Ping 시간 체크1-31617718
[17:07:06] Ping 시간 체크2-31617718
[17:07:06] Ping 시간 체크1-31617750
[17:07:06] Ping 시간 체크2-31617750
[17:07:06] Ping 시간 체크1-31617765
[17:07:06] Ping 시간 체크2-31617765
[17:07:06] Ping 시간 체크1-31617828
[17:07:06] Ping 시간 체크2-31617828
[17:07:27] InLpr1_SocketError: 10060
[17:07:27] InLpr3_SocketError: 10060
[17:07:27] InLpr2_SocketError: 10060
[17:07:27] InLpr4_SocketError: 10060
[17:07:53] Ping 시간 체크1-31665250
[17:07:53] Ping 시간 체크2-31665250
[17:07:53] 12번 LPR OK 전송
[17:08:05] Ping 시간 체크1-31677718
[17:08:05] Ping 시간 체크2-31677718
[17:08:06] Ping 시간 체크1-31677750
[17:08:06] Ping 시간 체크2-31677750
[17:08:06] Ping 시간 체크1-31677750
[17:08:06] Ping 시간 체크2-31677765
[17:08:06] Ping 시간 체크1-31677828
[17:08:06] Ping 시간 체크2-31677843
[17:08:27] InLpr1_SocketError: 10060
[17:08:27] InLpr2_SocketError: 10060
[17:08:27] InLpr3_SocketError: 10060
[17:08:27] InLpr4_SocketError: 10060
[17:08:50] Ping 시간 체크1-31722640
[17:08:50] Ping 시간 체크2-31722656
[17:08:50] 출구차단기 Open
[17:08:50] Ping 시간 체크1-31722656
[17:08:50] Ping 시간 체크2-31722656
[17:08:53] Ping 시간 체크1-31725484
[17:08:53] Ping 시간 체크2-31725500
[17:08:55] Program Close
[17:09:41] Program Start!
[17:09:44] 근무시작: 배은화
[17:09:44] 영수증프린터 포트오픈 에러: ie_BadId - Specified comport doesn't exist
[17:09:44] Ping 시간 체크1-31776062
[17:09:44] Ping 시간 체크2-31776078
[17:09:44] Ping 시간 체크1-31776109
[17:09:44] Ping 시간 체크2-31776125
[17:09:44] Ping 시간 체크1-31776156
[17:09:44] Ping 시간 체크2-31776156
[17:09:44] Ping 시간 체크1-31776156
[17:09:44] Ping 시간 체크2-31776171
[17:09:44] Ping 시간 체크1-31776171
[17:09:44] Ping 시간 체크2-31776171
[17:09:44] Ping 시간 체크1-31776187
[17:09:44] Ping 시간 체크2-31776187
[17:09:44] Ping 시간 체크1-31776281
[17:09:44] Ping 시간 체크2-31776281
[17:09:44] 주차권  101
[17:09:44] 경차  102
[17:09:44] 장애인  103
[17:09:44] 전액무료  104
[17:09:44] LPR 12 Recv: 172.16.83.1
[17:09:46] LPR 12 Recv: LPR_R
[17:09:46] 시간동기화 전송
[17:10:05] InLpr1_SocketError: 10060
[17:10:05] InLpr2_SocketError: 10060
[17:10:05] InLpr3_SocketError: 10060
[17:10:05] InLpr4_SocketError: 10060
[17:10:44] Ping 시간 체크1-31836062
[17:10:44] Ping 시간 체크2-31836062
[17:10:44] Ping 시간 체크1-31836109
[17:10:44] Ping 시간 체크2-31836109
[17:10:44] Ping 시간 체크1-31836156
[17:10:44] Ping 시간 체크2-31836156
[17:10:44] Ping 시간 체크1-31836156
[17:10:44] Ping 시간 체크2-31836171
[17:10:46] Ping 시간 체크1-31838031
[17:10:46] Ping 시간 체크2-31838109
[17:10:46] 12번 LPR OK 전송
[17:11:05] InLpr1_SocketError: 10060
[17:11:05] InLpr2_SocketError: 10060
[17:11:05] InLpr3_SocketError: 10060
[17:11:05] InLpr4_SocketError: 10060
[17:11:18] Program Close
