[11:47:43] Program Start!
[11:47:43] TfrmMainNew.GetParkingCnt: 개체 이름 'ParkingCnt'이(가) 잘못되었습니다
[11:47:45] 근무시작: 배은화
[11:47:45] 설치된 영수증프린터가 없음!
[11:47:45] Ping 시간 체크1-70487390
[11:47:45] Ping 시간 체크2-70487406
[11:47:45] Ping 시간 체크1-70487406
[11:47:45] Ping 시간 체크2-70487421
[11:47:45] Ping 시간 체크1-70487437
[11:47:45] Ping 시간 체크2-70487453
[11:47:45] Ping 시간 체크1-70487453
[11:47:45] Ping 시간 체크2-70487468
[11:47:45] LPR11 Recv: 172.16.83.1
[11:47:45] LPR12 Recv: 172.16.83.1
[11:47:46] LPR11 Recv: LPR_N
[11:47:46] LPR12 Recv: LPR_R
[11:47:46] 시간동기화 전송
[11:47:48] LPR12 Recv: LPR_N
[11:47:48] LPR11 Recv: LPR_N
[11:47:50] Program Close
[14:57:01] Program Start!
[14:57:01] TfrmMainNew.GetParkingCnt: 개체 이름 'ParkingCnt'이(가) 잘못되었습니다
[14:57:06] 근무시작: 배은화
[14:57:06] 설치된 영수증프린터가 없음!
[14:57:06] Ping 시간 체크1-81848062
[14:57:06] Ping 시간 체크2-81848078
[14:57:06] Ping 시간 체크1-81848078
[14:57:06] Ping 시간 체크2-81848093
[14:57:06] Ping 시간 체크1-81848093
[14:57:06] Ping 시간 체크2-81848093
[14:57:06] Ping 시간 체크1-81848109
[14:57:06] Ping 시간 체크2-81848109
[14:57:06] LPR11 Recv: 172.16.83.1
[14:57:06] LPR12 Recv: 172.16.83.1
[14:57:07] LPR12 Recv: LPR_N
[14:57:07] LPR11 Recv: LPR_N
[14:57:12] LPR12 Recv: LPR_N
[14:57:13] LPR11 Recv: LPR_N
[14:57:15] LPR11 Recv: CH1#경기46로8862#O#\2014\09\04\CH1_20140904145700_경기46로8862.jpg
[14:57:15] LPR Check: 경기46로8862,http://172.16.66.33:9080/MSImage/2014/09/04/CH1_20140904145700_경기46로8862.jpg,1,,,0, 2014-09-04 14:57:00
[14:57:15] File: \\172.16.66.33\MSImage\2014\09\04\CH1_20140904145700_경기46로8862.jpg
[14:57:15] 일반차량: 경기46로8862, 
[14:57:15] NormalProc: 개체 이름 'BlackList'이(가) 잘못되었습니다
[14:57:17] LPR12 Recv: LPR_N
[14:57:18] LPR11 Recv: LPR_N
[14:57:22] LPR12 Recv: LPR_N
[14:57:23] LPR11 Recv: LPR_N
[14:57:25] LPR11 Recv: CH1#경기46로8862#O#\2014\09\04\CH1_20140904145710_경기46로8862.jpg
[14:57:25] LPR Check: 경기46로8862,http://172.16.66.33:9080/MSImage/2014/09/04/CH1_20140904145710_경기46로8862.jpg,1,,,0, 2014-09-04 14:57:10
[14:57:25] File: \\172.16.66.33\MSImage\2014\09\04\CH1_20140904145710_경기46로8862.jpg
[14:57:25] 일반차량: 경기46로8862, 
[14:57:25] NormalProc: 개체 이름 'BlackList'이(가) 잘못되었습니다
[14:57:27] LPR12 Recv: LPR_N
[14:57:28] LPR11 Recv: LPR_N
[14:57:33] LPR12 Recv: LPR_N
[14:57:33] LPR11 Recv: LPR_N
[14:57:37] Program Close
[15:10:37] Program Start!
[15:10:37] TfrmMainNew.GetParkingCnt: 개체 이름 'ParkingCnt'이(가) 잘못되었습니다
[15:10:39] 근무시작: 배은화
[15:10:39] 설치된 영수증프린터가 없음!
[15:10:39] Ping 시간 체크1-82661031
[15:10:39] Ping 시간 체크2-82661046
[15:10:39] Ping 시간 체크1-82661062
[15:10:39] Ping 시간 체크2-82661078
[15:10:39] Ping 시간 체크1-82661078
[15:10:39] Ping 시간 체크2-82661093
[15:10:39] Ping 시간 체크1-82661093
[15:10:39] Ping 시간 체크2-82661109
[15:10:39] LPR12 Recv: 172.16.83.1
[15:10:39] LPR11 Recv: 172.16.83.1
[15:10:40] LPR12 Recv: LPR_N
[15:10:40] LPR11 Recv: LPR_N
[15:10:43] LPR11 Recv: LPR_N
[15:10:46] LPR12 Recv: LPR_N
[15:10:49] LPR11 Recv: LPR_N
[15:10:51] LPR12 Recv: LPR_N
[15:10:54] LPR11 Recv: LPR_N
[15:10:56] LPR12 Recv: LPR_N
[15:10:59] LPR11 Recv: CH1#경기46로8862#O#\2014\09\04\CH1_20140904151058_경기46로8862.jpg
[15:10:59] LPR Check: 경기46로8862,http://172.16.66.33:9080/MSImage/2014/09/04/CH1_20140904151058_경기46로8862.jpg,1,,,0, 2014-09-04 15:10:58
[15:10:59] File: \\172.16.66.33\MSImage\2014\09\04\CH1_20140904151058_경기46로8862.jpg
[15:10:59] 일반차량: 경기46로8862, 
[15:10:59] NormalProc: 개체 이름 'BlackList'이(가) 잘못되었습니다
[15:10:59] LPR11 Recv: LPR_N
[15:11:01] LPR12 Recv: LPR_N
[15:11:05] LPR11 Recv: LPR_N
[15:11:06] LPR12 Recv: LPR_N
[15:11:08] LPR11 Recv: CH1#경기46로8862#O#\2014\09\04\CH1_20140904151108_경기46로8862.jpg
[15:11:08] LPR Check: 경기46로8862,http://172.16.66.33:9080/MSImage/2014/09/04/CH1_20140904151108_경기46로8862.jpg,1,,,0, 2014-09-04 15:11:08
[15:11:08] File: \\172.16.66.33\MSImage\2014\09\04\CH1_20140904151108_경기46로8862.jpg
[15:11:08] 일반차량: 경기46로8862, 
[15:11:08] NormalProc: 개체 이름 'BlackList'이(가) 잘못되었습니다
[15:11:11] LPR11 Recv: LPR_N
[15:11:12] LPR12 Recv: LPR_N
[15:11:16] LPR11 Recv: LPR_N
[15:11:17] LPR12 Recv: LPR_N
[15:11:21] LPR11 Recv: LPR_N
[15:11:22] LPR12 Recv: LPR_N
[15:11:27] LPR11 Recv: LPR_N
[15:11:27] LPR12 Recv: LPR_N
[15:11:32] LPR11 Recv: LPR_N
[15:11:33] LPR12 Recv: LPR_N
[15:11:37] LPR11 Recv: LPR_N
[15:11:38] LPR12 Recv: LPR_N
[15:11:42] LPR11 Recv: LPR_N
[15:11:43] LPR12 Recv: LPR_N
[15:11:47] LPR12 Recv: CH1#11나1117#N#\2014\09\04\CH1_20140904151145_11나1117.jpg
[15:11:47] LPR Check: 11나1117,http://172.16.66.34:9080/MSImage/2014/09/04/CH1_20140904151145_11나1117.jpg,1,,,0, 2014-09-04 15:11:45
[15:11:47] File: \\172.16.66.34\MSImage\2014\09\04\CH1_20140904151145_11나1117.jpg
[15:11:47] 일반차량: 11나1117, 
[15:11:47] Ping 시간 체크1-82728906
[15:11:47] Ping 시간 체크2-82728906
[15:11:47] 일반차량출차: 11나1117, 
[15:11:47] Ping 시간 체크1-82729046
[15:11:47] Ping 시간 체크2-82729062
[15:11:48] LPR11 Recv: LPR_N
[15:11:48] LPR12 Recv: LPR_N
[15:11:53] LPR11 Recv: LPR_N
[15:11:53] LPR12 Recv: LPR_N
[15:11:58] LPR11 Recv: LPR_N
[15:11:59] LPR12 Recv: LPR_N
[15:12:03] LPR11 Recv: LPR_N
[15:12:04] LPR12 Recv: CH1#11나1117#N#\2014\09\04\CH1_20140904151202_11나1117.jpg
[15:12:04] LPR Check: 11나1117,http://172.16.66.34:9080/MSImage/2014/09/04/CH1_20140904151202_11나1117.jpg,1,,,0, 2014-09-04 15:12:02
[15:12:04] File: \\172.16.66.34\MSImage\2014\09\04\CH1_20140904151202_11나1117.jpg
[15:12:04] 일반차량: 11나1117, 
[15:12:04] Ping 시간 체크1-82745781
[15:12:04] Ping 시간 체크2-82745781
[15:12:04] 일반차량출차: 11나1117, 
[15:12:04] Ping 시간 체크1-82745875
[15:12:04] Ping 시간 체크2-82745890
[15:12:04] LPR12 Recv: LPR_N
[15:12:09] LPR11 Recv: LPR_N
[15:12:09] LPR12 Recv: CH1#11나1117#N#\2014\09\04\CH1_20140904151207_11나1117.jpg
[15:12:09] LPR Check: 11나1117,http://172.16.66.34:9080/MSImage/2014/09/04/CH1_20140904151207_11나1117.jpg,1,,,0, 2014-09-04 15:12:07
[15:12:09] File: \\172.16.66.34\MSImage\2014\09\04\CH1_20140904151207_11나1117.jpg
[15:12:09] 일반차량: 11나1117, 
[15:12:09] Ping 시간 체크1-82751359
[15:12:09] Ping 시간 체크2-82751375
[15:12:09] 일반차량출차: 11나1117, 
[15:12:09] Ping 시간 체크1-82751468
[15:12:09] Ping 시간 체크2-82751468
[15:12:10] LPR12 Recv: LPR_N
[15:12:14] LPR11 Recv: LPR_N
[15:12:15] LPR12 Recv: LPR_N
[15:12:19] LPR11 Recv: LPR_N
[15:12:20] LPR12 Recv: LPR_N
[15:12:24] LPR11 Recv: LPR_N
[15:12:25] Ping 시간 체크1-82767203
[15:12:25] Ping 시간 체크2-82767218
[15:12:25] LPR12 Recv: LPR_N
[15:12:29] LPR11 Recv: LPR_N
[15:12:31] LPR12 Recv: LPR_N
[15:12:35] LPR11 Recv: LPR_N
[15:12:36] LPR12 Recv: LPR_N
[15:12:37] OutOpen: 개체 이름 'ParkingCnt'이(가) 잘못되었습니다
[15:12:39] 정기차량시작: 서울86다1234, 
[15:12:39] Ping 시간 체크1-82781500
[15:12:39] Ping 시간 체크2-82781500
[15:12:39] File 없음: 
[15:12:39] RecvLprProc: 열 이름 'InDate'이(가) 잘못되었습니다
[15:12:40] LPR11 Recv: LPR_N
[15:12:41] LPR12 Recv: LPR_N
[15:12:45] LPR11 Recv: LPR_N
[15:12:46] LPR12 Recv: LPR_N
[15:12:50] LPR11 Recv: LPR_N
[15:12:51] LPR12 Recv: LPR_N
[15:12:54] Ping 시간 체크1-82795843
[15:12:54] Ping 시간 체크2-82795859
[15:12:56] LPR11 Recv: LPR_N
[15:12:57] LPR12 Recv: LPR_N
[15:13:00] OutOpen: 개체 이름 'ParkingCnt'이(가) 잘못되었습니다
[15:13:01] LPR11 Recv: LPR_N
[15:13:02] LPR12 Recv: LPR_N
[15:13:07] LPR11 Recv: LPR_N
[15:13:07] LPR12 Recv: LPR_N
[15:13:11] TfrmClosing.DataCheck: ie_NOpen - device not open
[15:13:12] LPR11 Recv: LPR_N
[15:13:12] LPR12 Recv: LPR_N
[15:13:17] LPR11 Recv: LPR_N
[15:13:18] LPR12 Recv: LPR_N
[15:13:22] LPR11 Recv: LPR_N
[15:13:23] LPR12 Recv: LPR_N
[15:13:27] LPR11 Recv: LPR_N
[15:13:28] LPR12 Recv: LPR_N
[15:13:33] LPR11 Recv: LPR_N
[15:13:33] LPR12 Recv: LPR_N
[15:13:38] LPR11 Recv: LPR_N
[15:13:39] LPR12 Recv: LPR_N
[15:13:43] LPR11 Recv: LPR_N
[15:13:44] LPR12 Recv: LPR_N
[15:13:48] LPR11 Recv: LPR_N
[15:13:49] LPR12 Recv: LPR_N
[15:13:54] LPR11 Recv: LPR_N
[15:13:54] LPR12 Recv: LPR_N
[15:13:59] LPR11 Recv: LPR_N
[15:13:59] LPR12 Recv: LPR_N
[15:14:04] LPR11 Recv: LPR_N
[15:14:05] LPR12 Recv: LPR_N
[15:14:09] LPR11 Recv: LPR_N
[15:14:10] LPR12 Recv: LPR_N
[15:14:14] LPR11 Recv: LPR_N
[15:14:16] LPR12 Recv: LPR_N
[15:14:20] LPR11 Recv: LPR_N
[15:14:21] LPR12 Recv: LPR_N
[15:14:25] LPR11 Recv: LPR_N
[15:14:26] LPR12 Recv: LPR_N
[15:14:30] LPR11 Recv: LPR_N
[15:14:31] LPR12 Recv: LPR_N
[15:14:35] LPR11 Recv: LPR_N
[15:14:37] LPR12 Recv: LPR_N
[15:14:41] LPR11 Recv: LPR_N
[15:14:42] LPR12 Recv: LPR_N
[15:14:46] LPR11 Recv: LPR_N
[15:14:47] LPR12 Recv: LPR_N
[15:14:51] LPR11 Recv: LPR_N
[15:14:52] LPR12 Recv: LPR_N
[15:14:56] LPR11 Recv: LPR_N
[15:14:57] LPR12 Recv: LPR_N
[15:15:02] LPR11 Recv: LPR_N
[15:15:03] LPR12 Recv: LPR_N
[15:15:07] LPR11 Recv: LPR_N
[15:15:08] LPR12 Recv: LPR_N
[15:15:12] LPR11 Recv: LPR_N
[15:15:13] LPR12 Recv: LPR_N
[15:15:16] Program Close
[15:29:36] Program Start!
[15:29:36] TfrmMainNew.GetParkingCnt: 개체 이름 'ParkingCnt'이(가) 잘못되었습니다
[15:29:38] 근무시작: 배은화
[15:29:38] 설치된 영수증프린터가 없음!
[15:29:38] Ping 시간 체크1-83799937
[15:29:38] Ping 시간 체크2-83799937
[15:29:38] Ping 시간 체크1-83799953
[15:29:38] Ping 시간 체크2-83799968
[15:29:38] Ping 시간 체크1-83799968
[15:29:38] Ping 시간 체크2-83799984
[15:29:38] Ping 시간 체크1-83799984
[15:29:38] Ping 시간 체크2-83800000
[15:29:38] LPR11 Recv: 172.16.83.1
[15:29:38] LPR12 Recv: 172.16.83.1
[15:29:39] LPR11 Recv: LPR_N
[15:29:39] LPR12 Recv: LPR_N
[15:29:41] LPR11 Recv: LPR_N
[15:29:44] LPR12 Recv: LPR_N
[15:29:46] LPR11 Recv: LPR_N
[15:29:50] LPR12 Recv: LPR_N
[15:29:51] LPR11 Recv: LPR_N
[15:29:55] LPR12 Recv: LPR_N
[15:29:56] LPR11 Recv: LPR_N
[15:30:00] LPR12 Recv: LPR_N
[15:30:02] LPR11 Recv: LPR_N
[15:30:05] LPR12 Recv: LPR_N
[15:30:07] LPR11 Recv: LPR_N
[15:30:11] LPR12 Recv: LPR_N
[15:30:12] LPR11 Recv: LPR_N
[15:30:16] LPR12 Recv: LPR_N
[15:30:17] LPR11 Recv: LPR_N
[15:30:21] LPR12 Recv: LPR_N
[15:30:23] LPR11 Recv: LPR_N
[15:30:27] LPR12 Recv: LPR_N
[15:30:28] LPR11 Recv: LPR_N
[15:30:32] LPR12 Recv: LPR_N
[15:30:33] LPR11 Recv: LPR_N
[15:30:37] LPR12 Recv: LPR_N
[15:30:38] LPR11 Recv: LPR_N
[15:30:42] LPR12 Recv: LPR_N
[15:30:43] LPR11 Recv: LPR_N
[15:30:48] LPR12 Recv: LPR_N
[15:30:49] LPR11 Recv: LPR_N
[15:30:53] LPR12 Recv: LPR_N
[15:30:54] LPR11 Recv: LPR_N
[15:30:58] LPR12 Recv: LPR_N
[15:30:59] LPR11 Recv: LPR_N
[15:31:03] LPR12 Recv: LPR_N
[15:31:04] LPR11 Recv: LPR_N
[15:31:08] LPR12 Recv: LPR_N
[15:31:10] LPR11 Recv: LPR_N
[15:31:14] LPR12 Recv: LPR_N
[15:31:15] LPR11 Recv: LPR_N
[15:31:19] LPR12 Recv: LPR_N
[15:31:20] LPR11 Recv: LPR_N
[15:31:24] LPR12 Recv: LPR_N
[15:31:25] LPR11 Recv: LPR_N
[15:31:29] LPR12 Recv: LPR_N
[15:31:30] LPR11 Recv: LPR_N
[15:31:35] LPR12 Recv: LPR_N
[15:31:36] LPR11 Recv: LPR_N
[15:31:40] LPR12 Recv: LPR_N
[15:31:41] LPR11 Recv: LPR_N
[15:31:45] LPR12 Recv: LPR_N
[15:31:46] LPR11 Recv: LPR_N
[15:31:50] LPR12 Recv: LPR_N
[15:31:51] LPR11 Recv: LPR_N
[15:31:56] LPR12 Recv: LPR_N
[15:31:57] LPR11 Recv: LPR_N
[15:32:01] LPR12 Recv: LPR_N
[15:32:02] LPR11 Recv: LPR_N
[15:32:06] LPR12 Recv: LPR_N
[15:32:07] LPR11 Recv: LPR_N
[15:32:12] LPR12 Recv: LPR_N
[15:32:12] LPR11 Recv: LPR_N
[15:32:17] LPR12 Recv: LPR_N
[15:32:18] LPR11 Recv: LPR_N
[15:32:22] LPR12 Recv: LPR_N
[15:32:23] LPR11 Recv: LPR_N
[15:32:27] LPR12 Recv: LPR_N
[15:32:28] LPR11 Recv: LPR_N
[15:32:33] LPR12 Recv: LPR_N
[15:32:33] LPR11 Recv: LPR_N
[15:32:38] LPR12 Recv: LPR_N
[15:32:38] LPR11 Recv: LPR_N
[15:32:43] LPR12 Recv: LPR_N
[15:32:44] LPR11 Recv: LPR_N
[15:32:48] LPR12 Recv: LPR_N
[15:32:49] LPR11 Recv: LPR_N
[15:32:54] LPR12 Recv: LPR_N
[15:32:54] LPR11 Recv: LPR_N
[15:32:59] LPR12 Recv: LPR_N
[15:32:59] LPR11 Recv: LPR_N
[15:33:04] LPR12 Recv: LPR_N
[15:33:05] LPR11 Recv: LPR_N
[15:33:09] LPR12 Recv: LPR_N
[15:33:10] LPR11 Recv: LPR_N
[15:33:14] LPR12 Recv: LPR_N
[15:33:15] LPR11 Recv: LPR_N
[15:33:20] LPR12 Recv: LPR_N
[15:33:20] LPR11 Recv: LPR_N
[15:33:25] LPR12 Recv: LPR_N
[15:33:25] LPR11 Recv: LPR_N
[15:33:30] LPR12 Recv: LPR_N
[15:33:31] LPR11 Recv: LPR_N
[15:33:35] LPR12 Recv: LPR_N
[15:33:36] LPR11 Recv: LPR_N
[15:33:41] LPR12 Recv: LPR_N
[15:33:41] LPR11 Recv: LPR_N
[15:33:46] LPR12 Recv: LPR_N
[15:33:46] LPR11 Recv: LPR_N
[15:33:51] LPR12 Recv: LPR_N
[15:33:52] LPR11 Recv: LPR_N
[15:33:56] LPR12 Recv: LPR_N
[15:33:57] LPR11 Recv: LPR_N
[15:34:01] LPR12 Recv: LPR_N
[15:34:02] LPR11 Recv: LPR_N
[15:34:07] LPR12 Recv: LPR_N
[15:34:07] LPR11 Recv: LPR_N
[15:34:12] LPR12 Recv: LPR_N
[15:34:13] LPR11 Recv: LPR_N
[15:34:18] LPR12 Recv: LPR_N
[15:34:18] LPR11 Recv: LPR_N
[15:34:23] LPR12 Recv: LPR_N
[15:34:23] LPR11 Recv: LPR_N
[15:34:28] LPR12 Recv: LPR_N
[15:34:28] LPR11 Recv: LPR_N
[15:34:33] LPR12 Recv: LPR_N
[15:34:33] LPR11 Recv: LPR_N
[15:34:39] LPR12 Recv: LPR_N
[15:34:39] LPR11 Recv: LPR_N
[15:34:44] LPR12 Recv: LPR_N
[15:34:44] LPR11 Recv: LPR_N
[15:34:49] LPR12 Recv: LPR_N
[15:34:49] LPR11 Recv: LPR_N
[15:34:54] LPR12 Recv: LPR_N
[15:34:54] LPR11 Recv: LPR_N
[15:34:59] LPR12 Recv: LPR_N
[15:35:00] LPR11 Recv: LPR_N
[15:35:05] LPR11 Recv: LPR_N
[15:35:05] LPR12 Recv: LPR_N
[15:35:10] LPR12 Recv: LPR_N
[15:35:10] LPR11 Recv: LPR_N
[15:35:15] LPR11 Recv: LPR_N
[15:35:15] LPR12 Recv: LPR_N
[15:35:20] LPR11 Recv: LPR_N
[15:35:20] LPR12 Recv: LPR_N
[15:35:26] LPR11 Recv: LPR_N
[15:35:26] LPR12 Recv: LPR_N
[15:35:31] LPR11 Recv: LPR_N
[15:35:31] LPR12 Recv: LPR_N
[15:35:36] LPR11 Recv: LPR_N
[15:35:36] LPR12 Recv: LPR_N
[15:35:41] LPR11 Recv: LPR_N
[15:35:41] LPR12 Recv: LPR_N
[15:35:47] LPR11 Recv: LPR_N
[15:35:47] LPR12 Recv: LPR_N
[15:35:52] LPR11 Recv: LPR_N
[15:35:52] LPR12 Recv: LPR_N
[15:35:57] LPR12 Recv: LPR_N
[15:35:57] LPR11 Recv: LPR_N
[15:36:02] LPR11 Recv: LPR_N
[15:36:02] LPR12 Recv: LPR_N
[15:36:07] LPR12 Recv: LPR_N
[15:36:08] LPR11 Recv: LPR_N
[15:36:13] LPR11 Recv: LPR_N
[15:36:13] LPR12 Recv: LPR_N
[15:36:18] LPR11 Recv: LPR_N
[15:36:18] LPR12 Recv: LPR_N
[15:36:23] LPR11 Recv: LPR_N
[15:36:24] LPR12 Recv: LPR_N
[15:36:28] LPR11 Recv: LPR_N
[15:36:29] LPR12 Recv: LPR_N
[15:36:34] LPR11 Recv: LPR_N
[15:36:34] LPR12 Recv: LPR_N
[15:36:39] LPR11 Recv: LPR_N
[15:36:39] LPR12 Recv: LPR_N
[15:36:44] LPR11 Recv: LPR_N
[15:36:45] LPR12 Recv: LPR_N
[15:36:49] LPR11 Recv: LPR_N
[15:36:50] LPR12 Recv: LPR_N
[15:36:55] LPR12 Recv: LPR_N
[15:36:55] LPR11 Recv: LPR_N
[15:37:00] LPR11 Recv: LPR_N
[15:37:00] LPR12 Recv: LPR_N
[15:37:05] LPR11 Recv: LPR_N
[15:37:05] LPR12 Recv: LPR_N
[15:37:10] LPR11 Recv: LPR_N
[15:37:11] LPR12 Recv: LPR_N
[15:37:15] LPR11 Recv: LPR_N
[15:37:16] LPR12 Recv: LPR_N
[15:37:21] LPR11 Recv: LPR_N
[15:37:21] LPR12 Recv: LPR_N
[15:37:26] LPR11 Recv: LPR_N
[15:37:26] LPR12 Recv: LPR_N
[15:37:31] LPR11 Recv: LPR_N
[15:37:32] LPR12 Recv: LPR_N
[15:37:36] LPR11 Recv: LPR_N
[15:37:37] LPR12 Recv: LPR_N
[15:37:42] LPR11 Recv: LPR_N
[15:37:42] LPR12 Recv: LPR_N
[15:37:47] LPR11 Recv: LPR_N
[15:37:47] LPR12 Recv: LPR_N
[15:37:52] LPR11 Recv: LPR_N
[15:37:52] LPR12 Recv: LPR_N
[15:37:57] LPR11 Recv: LPR_N
[15:37:58] LPR12 Recv: LPR_N
[15:38:03] LPR11 Recv: LPR_N
[15:38:03] LPR12 Recv: LPR_N
[15:38:08] LPR11 Recv: LPR_N
[15:38:08] LPR12 Recv: LPR_N
[15:38:13] LPR11 Recv: LPR_N
[15:38:14] LPR12 Recv: LPR_N
[15:38:18] LPR11 Recv: LPR_N
[15:38:19] LPR12 Recv: LPR_N
[15:38:23] LPR11 Recv: LPR_N
[15:38:24] LPR12 Recv: LPR_N
[15:38:29] LPR11 Recv: LPR_N
[15:38:30] LPR12 Recv: LPR_N
[15:38:34] LPR11 Recv: LPR_N
[15:38:35] LPR12 Recv: LPR_N
[15:38:39] LPR11 Recv: LPR_N
[15:38:40] LPR12 Recv: LPR_N
[15:38:44] LPR11 Recv: LPR_N
[15:38:45] LPR12 Recv: LPR_N
[15:38:50] LPR11 Recv: LPR_N
[15:38:50] LPR12 Recv: LPR_N
[15:38:55] LPR11 Recv: LPR_N
[15:38:56] LPR12 Recv: LPR_N
[15:39:00] LPR11 Recv: LPR_N
[15:39:01] LPR12 Recv: LPR_N
[15:39:05] LPR11 Recv: LPR_N
[15:39:06] LPR12 Recv: LPR_N
[15:39:10] LPR11 Recv: LPR_N
[15:39:11] LPR12 Recv: LPR_N
[15:39:16] LPR11 Recv: LPR_N
[15:39:17] LPR12 Recv: LPR_N
[15:39:21] LPR11 Recv: LPR_N
[15:39:22] LPR12 Recv: LPR_N
[15:39:26] LPR11 Recv: LPR_N
[15:39:27] LPR12 Recv: LPR_N
[15:39:31] LPR11 Recv: LPR_N
[15:39:32] LPR12 Recv: LPR_N
[15:39:37] LPR11 Recv: LPR_N
[15:39:38] LPR12 Recv: LPR_N
[15:39:42] LPR11 Recv: LPR_N
[15:39:43] LPR12 Recv: LPR_N
[15:39:47] LPR11 Recv: LPR_N
[15:39:48] LPR12 Recv: LPR_N
[15:39:52] LPR11 Recv: LPR_N
[15:39:54] LPR12 Recv: LPR_N
[15:39:58] LPR11 Recv: LPR_N
[15:39:59] LPR12 Recv: LPR_N
[15:40:03] LPR11 Recv: LPR_N
[15:40:04] LPR12 Recv: LPR_N
[15:40:08] LPR11 Recv: LPR_N
[15:40:09] LPR12 Recv: LPR_N
[15:40:13] LPR11 Recv: LPR_N
[15:40:15] LPR12 Recv: LPR_N
[15:40:18] LPR11 Recv: LPR_N
[15:40:20] LPR12 Recv: LPR_N
[15:40:24] LPR11 Recv: LPR_N
[15:40:25] LPR12 Recv: LPR_N
[15:40:29] LPR11 Recv: LPR_N
[15:40:30] LPR12 Recv: LPR_N
[15:40:33] Ping 시간 체크1-84455546
[15:40:33] Ping 시간 체크2-84455562
[15:40:34] LPR11 Recv: LPR_N
[15:40:36] LPR12 Recv: LPR_N
[15:40:39] LPR11 Recv: LPR_N
[15:40:41] LPR12 Recv: LPR_N
[15:40:45] LPR11 Recv: LPR_N
[15:40:46] LPR12 Recv: LPR_N
[15:40:50] LPR11 Recv: LPR_N
[15:40:51] LPR12 Recv: LPR_N
[15:40:55] LPR11 Recv: LPR_N
[15:40:56] LPR12 Recv: LPR_N
[15:41:00] LPR11 Recv: LPR_N
[15:41:02] LPR12 Recv: LPR_N
[15:41:05] LPR11 Recv: LPR_N
[15:41:07] LPR12 Recv: LPR_N
[15:41:11] LPR11 Recv: LPR_N
[15:41:13] LPR12 Recv: LPR_N
[15:41:16] LPR11 Recv: LPR_N
[15:41:18] LPR12 Recv: LPR_N
[15:41:21] LPR11 Recv: LPR_N
[15:41:23] LPR12 Recv: LPR_N
[15:41:26] LPR11 Recv: LPR_N
[15:41:28] LPR12 Recv: LPR_N
[15:41:32] LPR11 Recv: LPR_N
[15:41:34] LPR12 Recv: LPR_N
[15:41:37] LPR11 Recv: LPR_N
[15:41:39] LPR12 Recv: LPR_N
[15:41:42] LPR11 Recv: LPR_N
[15:41:44] LPR12 Recv: LPR_N
[15:41:47] LPR11 Recv: LPR_N
[15:41:49] LPR12 Recv: LPR_N
[15:41:53] LPR11 Recv: LPR_N
[15:41:54] LPR12 Recv: LPR_N
[15:41:58] LPR11 Recv: LPR_N
[15:42:00] LPR12 Recv: LPR_N
[15:42:03] LPR11 Recv: LPR_N
[15:42:05] LPR12 Recv: LPR_N
[15:42:08] LPR11 Recv: LPR_N
[15:42:10] LPR12 Recv: LPR_N
[15:42:13] LPR11 Recv: LPR_N
[15:42:15] LPR12 Recv: LPR_N
[15:42:19] LPR11 Recv: LPR_N
[15:42:21] LPR12 Recv: LPR_N
[15:42:24] LPR11 Recv: LPR_N
[15:42:26] LPR12 Recv: LPR_N
[15:42:29] LPR11 Recv: LPR_N
[15:42:31] LPR12 Recv: LPR_N
[15:42:34] LPR11 Recv: LPR_N
[15:42:36] LPR12 Recv: LPR_N
[15:42:40] LPR11 Recv: LPR_N
[15:42:41] LPR12 Recv: LPR_N
[15:42:45] LPR11 Recv: LPR_N
[15:42:47] LPR12 Recv: LPR_N
[15:42:50] LPR11 Recv: LPR_N
[15:42:52] LPR12 Recv: LPR_N
[15:42:55] LPR11 Recv: LPR_N
[15:42:57] LPR12 Recv: LPR_N
[15:43:00] LPR11 Recv: LPR_N
[15:43:02] LPR12 Recv: LPR_N
[15:43:06] LPR11 Recv: LPR_N
[15:43:08] LPR12 Recv: LPR_N
[15:43:11] LPR11 Recv: LPR_N
[15:43:13] LPR12 Recv: LPR_N
[15:43:16] LPR11 Recv: LPR_N
[15:43:19] LPR12 Recv: LPR_N
[15:43:21] LPR11 Recv: LPR_N
[15:43:24] LPR12 Recv: LPR_N
[15:43:27] LPR11 Recv: LPR_N
[15:43:29] LPR12 Recv: LPR_N
[15:43:32] LPR11 Recv: LPR_N
[15:43:34] LPR12 Recv: LPR_N
[15:43:37] LPR11 Recv: LPR_N
[15:43:39] LPR12 Recv: LPR_N
[15:43:42] LPR11 Recv: LPR_N
[15:43:45] LPR12 Recv: LPR_N
[15:43:48] LPR11 Recv: LPR_N
[15:43:50] LPR12 Recv: LPR_N
[15:43:53] LPR11 Recv: LPR_N
[15:43:55] LPR12 Recv: LPR_N
[15:43:58] LPR11 Recv: LPR_N
[15:44:00] LPR12 Recv: LPR_N
[15:44:03] LPR11 Recv: LPR_N
[15:44:06] LPR12 Recv: LPR_N
[15:44:08] LPR11 Recv: LPR_N
[15:44:11] LPR12 Recv: LPR_N
[15:44:14] LPR11 Recv: LPR_N
[15:44:16] LPR12 Recv: LPR_N
[15:44:19] LPR11 Recv: LPR_N
[15:44:21] LPR12 Recv: LPR_N
[15:44:24] LPR11 Recv: LPR_N
[15:44:27] LPR12 Recv: LPR_N
[15:44:29] LPR11 Recv: LPR_N
[15:44:32] LPR12 Recv: LPR_N
[15:44:35] LPR11 Recv: LPR_N
[15:44:37] LPR12 Recv: LPR_N
[15:44:40] LPR11 Recv: LPR_N
[15:44:42] LPR12 Recv: LPR_N
[15:44:45] LPR11 Recv: LPR_N
[15:44:47] LPR12 Recv: LPR_N
[15:44:50] LPR11 Recv: LPR_N
[15:44:53] LPR12 Recv: LPR_N
[15:44:55] LPR11 Recv: LPR_N
[15:44:58] LPR12 Recv: LPR_N
[15:45:01] LPR11 Recv: LPR_N
[15:45:03] LPR12 Recv: LPR_N
[15:45:06] LPR11 Recv: LPR_N
[15:45:08] LPR12 Recv: LPR_N
[15:45:11] LPR11 Recv: LPR_N
[15:45:14] LPR12 Recv: LPR_N
[15:45:16] LPR11 Recv: LPR_N
[15:45:19] LPR12 Recv: LPR_N
[15:45:22] LPR11 Recv: LPR_N
[15:45:25] LPR12 Recv: LPR_N
[15:45:27] LPR11 Recv: LPR_N
[15:45:30] LPR12 Recv: LPR_N
[15:45:32] LPR11 Recv: LPR_N
[15:45:35] LPR12 Recv: LPR_N
[15:45:37] LPR11 Recv: LPR_N
[15:45:40] LPR12 Recv: LPR_N
[15:45:43] LPR11 Recv: LPR_N
[15:45:45] LPR12 Recv: LPR_N
[15:45:48] LPR11 Recv: LPR_N
[15:45:51] LPR12 Recv: LPR_N
[15:45:53] LPR11 Recv: LPR_N
[15:45:55] Program Close
[15:46:44] Program Start!
[15:46:44] TfrmMainNew.GetParkingCnt: 개체 이름 'ParkingCnt'이(가) 잘못되었습니다
[15:46:46] 근무시작: 배은화
[15:46:46] 설치된 영수증프린터가 없음!
[15:46:46] Ping 시간 체크1-84828515
[15:46:46] Ping 시간 체크2-84828515
[15:46:46] Ping 시간 체크1-84828515
[15:46:46] Ping 시간 체크2-84828531
[15:46:46] Ping 시간 체크1-84828531
[15:46:46] Ping 시간 체크2-84828546
[15:46:46] Ping 시간 체크1-84828546
[15:46:46] Ping 시간 체크2-84828562
[15:46:46] LPR11 Recv: 172.16.83.1
[15:46:46] LPR12 Recv: 172.16.83.1
[15:46:47] LPR11 Recv: LPR_N
[15:46:47] LPR12 Recv: LPR_N
[15:46:48] LPR12 Recv: LPR_N
[15:46:50] LPR11 Recv: LPR_N
[15:46:53] LPR12 Recv: LPR_N
[15:46:56] LPR11 Recv: LPR_N
[15:46:59] LPR12 Recv: LPR_N
[15:47:01] LPR11 Recv: LPR_N
[15:47:04] LPR12 Recv: LPR_N
[15:47:06] LPR11 Recv: LPR_N
[15:47:09] LPR12 Recv: LPR_N
[15:47:10] TfrmMain.dgLostClick: qryLost: Cannot perform this operation on a closed dataset
[15:47:11] LPR11 Recv: LPR_N
[15:47:15] LPR12 Recv: LPR_N
[15:47:17] LPR11 Recv: LPR_N
[15:47:20] LPR12 Recv: LPR_N
[15:47:22] LPR11 Recv: LPR_N
[15:47:25] LPR12 Recv: LPR_N
[15:47:27] LPR11 Recv: LPR_N
[15:47:30] LPR12 Recv: LPR_N
[15:47:32] LPR11 Recv: LPR_N
[15:47:36] LPR12 Recv: LPR_N
[15:47:38] LPR11 Recv: LPR_N
[15:47:41] LPR12 Recv: LPR_N
[15:47:43] LPR11 Recv: LPR_N
[15:47:46] LPR12 Recv: LPR_N
[15:47:48] LPR11 Recv: LPR_N
[15:47:51] LPR12 Recv: LPR_N
[15:47:53] LPR11 Recv: LPR_N
[15:47:57] LPR12 Recv: LPR_N
[15:47:58] LPR11 Recv: LPR_N
[15:48:02] LPR12 Recv: LPR_N
[15:48:04] LPR11 Recv: LPR_N
[15:48:07] LPR12 Recv: LPR_N
[15:48:09] LPR11 Recv: LPR_N
[15:48:12] LPR12 Recv: LPR_N
[15:48:14] LPR11 Recv: LPR_N
[15:48:18] LPR12 Recv: LPR_N
[15:48:19] LPR11 Recv: LPR_N
[15:48:23] LPR12 Recv: LPR_N
[15:48:25] LPR11 Recv: LPR_N
[15:48:28] LPR12 Recv: LPR_N
[15:48:30] LPR11 Recv: LPR_N
[15:48:33] LPR12 Recv: LPR_N
[15:48:35] LPR11 Recv: LPR_N
[15:48:38] LPR12 Recv: LPR_N
[15:48:40] LPR11 Recv: LPR_N
[15:48:44] LPR12 Recv: LPR_N
[15:48:45] LPR11 Recv: LPR_N
[15:48:49] LPR12 Recv: LPR_N
[15:48:51] LPR11 Recv: LPR_N
[15:48:54] LPR12 Recv: LPR_N
[15:48:56] LPR11 Recv: LPR_N
[15:48:59] LPR12 Recv: LPR_N
[15:49:01] LPR11 Recv: LPR_N
[15:49:05] LPR12 Recv: LPR_N
[15:49:06] LPR11 Recv: LPR_N
[15:49:10] LPR12 Recv: LPR_N
[15:49:12] LPR11 Recv: LPR_N
[15:49:16] LPR12 Recv: LPR_N
[15:49:17] LPR11 Recv: LPR_N
[15:49:21] LPR12 Recv: LPR_N
[15:49:22] LPR11 Recv: LPR_N
[15:49:26] LPR12 Recv: LPR_N
[15:49:27] LPR11 Recv: LPR_N
[15:49:31] LPR12 Recv: LPR_N
[15:49:33] LPR11 Recv: LPR_N
[15:49:36] LPR12 Recv: LPR_N
[15:49:38] LPR11 Recv: LPR_N
[15:49:40] LPR12 Recv: CH1#11나1117#N#\2014\09\04\CH1_20140904154938_11나1117.jpg
[15:49:40] LPR Check: 11나1117,http://172.16.66.34:9080/MSImage/2014/09/04/CH1_20140904154938_11나1117.jpg,1,,,0, 2014-09-04 15:49:38
[15:49:40] File: \\172.16.66.34\MSImage\2014\09\04\CH1_20140904154938_11나1117.jpg
[15:49:40] 일반차량: 11나1117, 
[15:49:40] Ping 시간 체크1-85002281
[15:49:40] Ping 시간 체크2-85002281
[15:49:40] 일반차량출차: 11나1117, 
[15:49:40] Ping 시간 체크1-85002437
[15:49:40] Ping 시간 체크2-85002453
[15:49:42] LPR12 Recv: LPR_N
[15:49:43] LPR11 Recv: LPR_N
[15:49:47] LPR12 Recv: LPR_N
[15:49:47] TfrmMain.dgNManualProcClick: qryLost: Cannot perform this operation on a closed dataset
[15:49:48] LPR11 Recv: LPR_N
[15:49:52] LPR12 Recv: LPR_N
[15:49:53] LPR11 Recv: LPR_N
[15:49:57] LPR12 Recv: LPR_N
[15:49:59] LPR11 Recv: LPR_N
[15:50:03] LPR12 Recv: LPR_N
[15:50:04] LPR11 Recv: LPR_N
[15:50:08] LPR12 Recv: LPR_N
[15:50:09] LPR11 Recv: LPR_N
[15:50:13] LPR12 Recv: LPR_N
[15:50:14] LPR11 Recv: LPR_N
[15:50:18] LPR12 Recv: LPR_N
[15:50:20] LPR11 Recv: LPR_N
[15:50:23] LPR12 Recv: LPR_N
[15:50:25] LPR11 Recv: LPR_N
[15:50:29] LPR12 Recv: LPR_N
[15:50:30] LPR11 Recv: LPR_N
[15:50:34] LPR12 Recv: LPR_N
[15:50:35] LPR11 Recv: LPR_N
[15:50:39] LPR12 Recv: LPR_N
[15:50:40] LPR11 Recv: LPR_N
[15:50:45] LPR12 Recv: LPR_N
[15:50:46] LPR11 Recv: LPR_N
[15:50:50] LPR12 Recv: LPR_N
[15:50:51] LPR11 Recv: LPR_N
[15:50:55] LPR12 Recv: LPR_N
[15:50:56] LPR11 Recv: LPR_N
[15:51:01] LPR12 Recv: LPR_N
[15:51:01] LPR11 Recv: LPR_N
[15:51:06] LPR12 Recv: LPR_N
[15:51:07] LPR11 Recv: LPR_N
[15:51:11] LPR12 Recv: LPR_N
[15:51:12] LPR11 Recv: LPR_N
[15:51:16] LPR12 Recv: LPR_N
[15:51:17] LPR11 Recv: LPR_N
[15:51:21] LPR12 Recv: LPR_N
[15:51:22] LPR11 Recv: LPR_N
[15:51:27] LPR12 Recv: LPR_N
[15:51:28] LPR11 Recv: LPR_N
[15:51:32] LPR12 Recv: LPR_N
[15:51:33] LPR11 Recv: LPR_N
[15:51:37] LPR12 Recv: LPR_N
[15:51:38] LPR11 Recv: LPR_N
[15:51:42] LPR12 Recv: LPR_N
[15:51:43] LPR11 Recv: LPR_N
[15:51:48] LPR12 Recv: LPR_N
[15:51:48] LPR11 Recv: LPR_N
[15:51:53] LPR12 Recv: LPR_N
[15:51:54] LPR11 Recv: LPR_N
[15:51:58] LPR12 Recv: LPR_N
[15:51:59] LPR11 Recv: LPR_N
[15:52:03] LPR12 Recv: LPR_N
[15:52:04] LPR11 Recv: LPR_N
[15:52:09] LPR12 Recv: LPR_N
[15:52:09] LPR11 Recv: LPR_N
[15:52:14] LPR12 Recv: LPR_N
[15:52:15] LPR11 Recv: LPR_N
[15:52:19] LPR12 Recv: LPR_N
[15:52:20] LPR11 Recv: LPR_N
[15:52:24] LPR12 Recv: LPR_N
[15:52:25] LPR11 Recv: LPR_N
[15:52:29] LPR12 Recv: LPR_N
[15:52:30] LPR11 Recv: LPR_N
[15:52:35] LPR12 Recv: LPR_N
[15:52:35] LPR11 Recv: LPR_N
[15:52:40] LPR12 Recv: LPR_N
[15:52:41] LPR11 Recv: LPR_N
[15:52:46] LPR12 Recv: LPR_N
[15:52:46] LPR11 Recv: LPR_N
[15:52:51] LPR12 Recv: LPR_N
[15:52:51] LPR11 Recv: LPR_N
[15:52:56] LPR12 Recv: LPR_N
[15:52:56] LPR11 Recv: LPR_N
[15:53:01] LPR12 Recv: LPR_N
[15:53:02] LPR11 Recv: LPR_N
[15:53:07] LPR12 Recv: LPR_N
[15:53:07] LPR11 Recv: LPR_N
[15:53:12] LPR12 Recv: LPR_N
[15:53:12] LPR11 Recv: LPR_N
[15:53:17] LPR12 Recv: LPR_N
[15:53:17] LPR11 Recv: LPR_N
[15:53:22] LPR12 Recv: LPR_N
[15:53:23] LPR11 Recv: LPR_N
[15:53:27] LPR12 Recv: LPR_N
[15:53:28] LPR11 Recv: LPR_N
[15:53:33] LPR12 Recv: LPR_N
[15:53:33] LPR11 Recv: LPR_N
[15:53:38] LPR12 Recv: LPR_N
[15:53:38] LPR11 Recv: LPR_N
[15:53:43] LPR12 Recv: LPR_N
[15:53:43] LPR11 Recv: LPR_N
[15:53:48] LPR12 Recv: LPR_N
[15:53:49] LPR11 Recv: LPR_N
[15:53:54] LPR11 Recv: LPR_N
[15:53:54] LPR12 Recv: LPR_N
[15:53:59] LPR12 Recv: LPR_N
[15:53:59] LPR11 Recv: LPR_N
[15:54:04] LPR11 Recv: LPR_N
[15:54:04] LPR12 Recv: LPR_N
[15:54:09] LPR12 Recv: LPR_N
[15:54:10] LPR11 Recv: LPR_N
[15:54:14] LPR12 Recv: LPR_N
[15:54:15] LPR11 Recv: LPR_N
[15:54:20] LPR12 Recv: LPR_N
[15:54:20] LPR11 Recv: LPR_N
[15:54:25] LPR12 Recv: LPR_N
[15:54:25] LPR11 Recv: LPR_N
[15:54:30] LPR11 Recv: LPR_N
[15:54:30] LPR12 Recv: LPR_N
[15:54:36] LPR12 Recv: LPR_N
[15:54:36] LPR11 Recv: LPR_N
[15:54:41] LPR11 Recv: LPR_N
[15:54:41] LPR12 Recv: LPR_N
[15:54:46] LPR12 Recv: LPR_N
[15:54:46] LPR11 Recv: LPR_N
[15:54:51] LPR11 Recv: LPR_N
[15:54:52] LPR12 Recv: LPR_N
[15:54:57] LPR12 Recv: LPR_N
[15:54:57] LPR11 Recv: LPR_N
[15:55:02] LPR11 Recv: LPR_N
[15:55:02] LPR12 Recv: LPR_N
[15:55:07] LPR12 Recv: LPR_N
[15:55:07] LPR11 Recv: LPR_N
[15:55:12] LPR12 Recv: LPR_N
[15:55:12] LPR11 Recv: LPR_N
[15:55:18] LPR12 Recv: LPR_N
[15:55:18] LPR11 Recv: LPR_N
[15:55:23] LPR12 Recv: LPR_N
[15:55:23] LPR11 Recv: LPR_N
[15:55:28] LPR11 Recv: LPR_N
[15:55:28] LPR12 Recv: LPR_N
[15:55:33] LPR12 Recv: LPR_N
[15:55:33] LPR11 Recv: LPR_N
[15:55:38] LPR11 Recv: LPR_N
[15:55:39] LPR12 Recv: LPR_N
[15:55:44] LPR12 Recv: LPR_N
[15:55:44] LPR11 Recv: LPR_N
[15:55:49] LPR11 Recv: LPR_N
[15:55:49] LPR12 Recv: LPR_N
[15:55:54] LPR12 Recv: LPR_N
[15:55:54] LPR11 Recv: LPR_N
[15:55:59] LPR11 Recv: LPR_N
[15:56:00] LPR12 Recv: LPR_N
[15:56:05] LPR11 Recv: LPR_N
[15:56:05] LPR12 Recv: LPR_N
[15:56:10] LPR11 Recv: LPR_N
[15:56:10] LPR12 Recv: LPR_N
[15:56:15] LPR11 Recv: LPR_N
[15:56:15] LPR12 Recv: LPR_N
[15:56:20] LPR11 Recv: LPR_N
[15:56:20] LPR12 Recv: LPR_N
[15:56:25] LPR11 Recv: LPR_N
[15:56:26] LPR12 Recv: LPR_N
[15:56:31] LPR11 Recv: LPR_N
[15:56:31] LPR12 Recv: LPR_N
[15:56:36] LPR11 Recv: LPR_N
[15:56:37] LPR12 Recv: LPR_N
[15:56:41] LPR11 Recv: LPR_N
[15:56:42] LPR12 Recv: LPR_N
[15:56:46] LPR11 Recv: LPR_N
[15:56:47] LPR12 Recv: LPR_N
[15:56:52] LPR11 Recv: LPR_N
[15:56:52] LPR12 Recv: LPR_N
[15:56:57] LPR11 Recv: LPR_N
[15:56:58] LPR12 Recv: LPR_N
[15:57:02] LPR11 Recv: LPR_N
[15:57:03] LPR12 Recv: LPR_N
[15:57:07] LPR11 Recv: LPR_N
[15:57:08] LPR12 Recv: LPR_N
[15:57:13] LPR11 Recv: LPR_N
[15:57:13] LPR12 Recv: LPR_N
[15:57:18] LPR11 Recv: LPR_N
[15:57:18] LPR12 Recv: LPR_N
[15:57:23] LPR11 Recv: LPR_N
[15:57:24] LPR12 Recv: LPR_N
[15:57:28] LPR11 Recv: LPR_N
[15:57:29] LPR12 Recv: LPR_N
[15:57:33] LPR11 Recv: LPR_N
[15:57:34] LPR12 Recv: LPR_N
[15:57:39] LPR11 Recv: LPR_N
[15:57:39] LPR12 Recv: LPR_N
[15:57:44] LPR11 Recv: LPR_N
[15:57:45] LPR12 Recv: LPR_N
[15:57:49] LPR11 Recv: LPR_N
[15:57:50] LPR12 Recv: LPR_N
[15:57:54] LPR11 Recv: LPR_N
[15:57:56] LPR12 Recv: LPR_N
[15:58:00] LPR11 Recv: LPR_N
[15:58:01] LPR12 Recv: LPR_N
[15:58:05] LPR11 Recv: LPR_N
[15:58:06] LPR12 Recv: LPR_N
[15:58:10] LPR11 Recv: LPR_N
[15:58:11] LPR12 Recv: LPR_N
[15:58:15] LPR11 Recv: LPR_N
[15:58:16] LPR12 Recv: LPR_N
[15:58:20] LPR11 Recv: LPR_N
[15:58:22] LPR12 Recv: LPR_N
[15:58:26] LPR11 Recv: LPR_N
[15:58:27] LPR12 Recv: LPR_N
[15:58:31] LPR11 Recv: LPR_N
[15:58:32] LPR12 Recv: LPR_N
[15:58:36] LPR11 Recv: LPR_N
[15:58:37] LPR12 Recv: LPR_N
[15:58:41] LPR11 Recv: LPR_N
[15:58:43] LPR12 Recv: LPR_N
[15:58:47] LPR11 Recv: LPR_N
[15:58:48] LPR12 Recv: LPR_N
[15:58:52] LPR11 Recv: LPR_N
[15:58:53] LPR12 Recv: LPR_N
[15:58:57] LPR11 Recv: LPR_N
[15:58:58] LPR12 Recv: LPR_N
[15:59:02] LPR11 Recv: LPR_N
[15:59:03] LPR12 Recv: LPR_N
[15:59:08] LPR11 Recv: LPR_N
[15:59:09] LPR12 Recv: LPR_N
[15:59:13] LPR11 Recv: LPR_N
[15:59:14] LPR12 Recv: LPR_N
[15:59:18] LPR11 Recv: LPR_N
[15:59:19] LPR12 Recv: LPR_N
[15:59:23] LPR11 Recv: LPR_N
[15:59:25] LPR12 Recv: LPR_N
[15:59:28] LPR11 Recv: LPR_N
[15:59:30] LPR12 Recv: LPR_N
[15:59:34] LPR11 Recv: LPR_N
[15:59:35] LPR12 Recv: LPR_N
[15:59:39] LPR11 Recv: LPR_N
[15:59:41] LPR12 Recv: LPR_N
[15:59:44] LPR11 Recv: LPR_N
[15:59:46] LPR12 Recv: LPR_N
[15:59:49] LPR11 Recv: LPR_N
[15:59:51] LPR12 Recv: LPR_N
[15:59:55] LPR11 Recv: LPR_N
[15:59:56] LPR12 Recv: LPR_N
[16:00:00] LPR11 Recv: LPR_N
[16:00:01] LPR12 Recv: LPR_N
[16:00:05] LPR11 Recv: LPR_N
[16:00:07] LPR12 Recv: LPR_N
[16:00:10] LPR11 Recv: LPR_N
[16:00:12] LPR12 Recv: LPR_N
[16:00:15] LPR11 Recv: LPR_N
[16:00:17] LPR12 Recv: LPR_N
[16:00:21] LPR11 Recv: LPR_N
[16:00:22] LPR12 Recv: LPR_N
[16:00:26] LPR11 Recv: LPR_N
[16:00:28] LPR12 Recv: LPR_N
[16:00:31] LPR11 Recv: LPR_N
[16:00:33] LPR12 Recv: LPR_N
[16:00:36] LPR11 Recv: LPR_N
[16:00:38] LPR12 Recv: LPR_N
[16:00:42] LPR11 Recv: LPR_N
[16:00:43] LPR12 Recv: LPR_N
[16:00:47] LPR11 Recv: LPR_N
[16:00:49] LPR12 Recv: LPR_N
[16:00:52] LPR11 Recv: LPR_N
[16:00:54] LPR12 Recv: LPR_N
[16:00:57] LPR11 Recv: LPR_N
[16:00:59] LPR12 Recv: LPR_N
[16:01:03] LPR11 Recv: LPR_N
[16:01:04] LPR12 Recv: LPR_N
[16:01:08] LPR11 Recv: LPR_N
[16:01:09] LPR12 Recv: LPR_N
[16:01:13] LPR11 Recv: LPR_N
[16:01:15] LPR12 Recv: LPR_N
[16:01:18] LPR11 Recv: LPR_N
[16:01:20] LPR12 Recv: LPR_N
[16:01:23] LPR11 Recv: LPR_N
[16:01:26] LPR12 Recv: LPR_N
[16:01:29] LPR11 Recv: LPR_N
[16:01:31] LPR12 Recv: LPR_N
[16:01:34] LPR11 Recv: LPR_N
[16:01:36] LPR12 Recv: LPR_N
[16:01:39] LPR11 Recv: LPR_N
[16:01:41] LPR12 Recv: LPR_N
[16:01:44] LPR11 Recv: LPR_N
[16:01:47] LPR12 Recv: LPR_N
[16:01:50] LPR11 Recv: LPR_N
[16:01:52] LPR12 Recv: LPR_N
[16:01:55] LPR11 Recv: LPR_N
[16:01:57] LPR12 Recv: LPR_N
[16:02:00] LPR11 Recv: LPR_N
[16:02:02] LPR12 Recv: LPR_N
[16:02:05] LPR11 Recv: LPR_N
[16:02:07] LPR12 Recv: LPR_N
[16:02:10] LPR11 Recv: LPR_N
[16:02:13] LPR12 Recv: LPR_N
[16:02:16] LPR11 Recv: LPR_N
[16:02:18] LPR12 Recv: LPR_N
[16:02:21] LPR11 Recv: LPR_N
[16:02:23] LPR12 Recv: LPR_N
[16:02:26] LPR11 Recv: LPR_N
[16:02:28] LPR12 Recv: LPR_N
[16:02:31] LPR11 Recv: LPR_N
[16:02:34] LPR12 Recv: LPR_N
[16:02:37] LPR11 Recv: LPR_N
[16:02:39] LPR12 Recv: LPR_N
[16:02:42] LPR11 Recv: LPR_N
[16:02:44] LPR12 Recv: LPR_N
[16:02:47] LPR11 Recv: LPR_N
[16:02:49] LPR12 Recv: LPR_N
[16:02:52] LPR11 Recv: LPR_N
[16:02:54] LPR12 Recv: LPR_N
[16:02:58] LPR11 Recv: LPR_N
[16:03:00] LPR12 Recv: LPR_N
[16:03:03] LPR11 Recv: LPR_N
[16:03:05] LPR12 Recv: LPR_N
[16:03:08] LPR11 Recv: LPR_N
[16:03:10] LPR12 Recv: LPR_N
[16:03:13] LPR11 Recv: LPR_N
[16:03:15] LPR12 Recv: LPR_N
[16:03:18] LPR11 Recv: LPR_N
[16:03:21] LPR12 Recv: LPR_N
[16:03:24] LPR11 Recv: LPR_N
[16:03:26] LPR12 Recv: LPR_N
[16:03:29] LPR11 Recv: LPR_N
[16:03:32] LPR12 Recv: LPR_N
[16:03:34] LPR11 Recv: LPR_N
[16:03:37] LPR12 Recv: LPR_N
[16:03:39] LPR11 Recv: LPR_N
[16:03:42] LPR12 Recv: LPR_N
[16:03:45] LPR11 Recv: LPR_N
[16:03:47] LPR12 Recv: LPR_N
[16:03:50] LPR11 Recv: LPR_N
[16:03:52] LPR12 Recv: LPR_N
[16:03:55] LPR11 Recv: LPR_N
[16:03:58] LPR12 Recv: LPR_N
[16:04:00] LPR11 Recv: LPR_N
[16:04:03] LPR12 Recv: LPR_N
[16:04:05] LPR11 Recv: LPR_N
[16:04:08] LPR12 Recv: LPR_N
[16:04:11] LPR11 Recv: LPR_N
[16:04:13] LPR12 Recv: LPR_N
[16:04:16] LPR11 Recv: LPR_N
[16:04:19] LPR12 Recv: LPR_N
[16:04:21] LPR11 Recv: LPR_N
[16:04:24] LPR12 Recv: LPR_N
[16:04:26] LPR11 Recv: LPR_N
[16:04:29] LPR12 Recv: LPR_N
[16:04:32] LPR11 Recv: LPR_N
[16:04:34] LPR12 Recv: LPR_N
[16:04:37] LPR11 Recv: LPR_N
[16:04:40] LPR12 Recv: LPR_N
[16:04:42] LPR11 Recv: LPR_N
[16:04:45] LPR12 Recv: LPR_N
[16:04:47] LPR11 Recv: LPR_N
[16:04:50] LPR12 Recv: LPR_N
[16:04:53] LPR11 Recv: LPR_N
[16:04:55] LPR12 Recv: LPR_N
[16:04:58] LPR11 Recv: LPR_N
[16:05:00] LPR12 Recv: LPR_N
[16:05:03] LPR11 Recv: LPR_N
[16:05:06] LPR12 Recv: LPR_N
[16:05:08] LPR11 Recv: LPR_N
[16:05:11] LPR12 Recv: LPR_N
[16:05:13] LPR11 Recv: LPR_N
[16:05:16] LPR12 Recv: LPR_N
[16:05:19] LPR11 Recv: LPR_N
[16:05:22] LPR12 Recv: LPR_N
[16:05:24] LPR11 Recv: LPR_N
[16:05:27] LPR12 Recv: LPR_N
[16:05:29] LPR11 Recv: LPR_N
[16:05:32] LPR12 Recv: LPR_N
[16:05:34] LPR11 Recv: LPR_N
[16:05:38] LPR12 Recv: LPR_N
[16:05:40] LPR11 Recv: LPR_N
[16:05:43] LPR12 Recv: LPR_N
[16:05:45] LPR11 Recv: LPR_N
[16:05:48] LPR12 Recv: LPR_N
[16:05:50] LPR11 Recv: LPR_N
[16:05:53] LPR12 Recv: LPR_N
[16:05:55] LPR11 Recv: LPR_N
[16:05:58] LPR12 Recv: LPR_N
[16:06:00] LPR11 Recv: LPR_N
[16:06:04] LPR12 Recv: LPR_N
[16:06:06] LPR11 Recv: LPR_N
[16:06:09] LPR12 Recv: LPR_N
[16:06:11] LPR11 Recv: LPR_N
[16:06:14] LPR12 Recv: LPR_N
[16:06:16] LPR11 Recv: LPR_N
[16:06:19] LPR12 Recv: LPR_N
[16:06:21] LPR11 Recv: LPR_N
[16:06:25] LPR12 Recv: LPR_N
[16:06:27] LPR11 Recv: LPR_N
[16:06:30] LPR12 Recv: LPR_N
[16:06:32] LPR11 Recv: LPR_N
[16:06:35] LPR12 Recv: LPR_N
[16:06:37] LPR11 Recv: LPR_N
[16:06:40] LPR12 Recv: LPR_N
[16:06:42] LPR11 Recv: LPR_N
[16:06:45] LPR12 Recv: LPR_N
[16:06:48] LPR11 Recv: LPR_N
[16:06:51] LPR12 Recv: LPR_N
[16:06:53] LPR11 Recv: LPR_N
[16:06:56] LPR12 Recv: LPR_N
[16:06:58] LPR11 Recv: LPR_N
[16:07:01] LPR12 Recv: LPR_N
[16:07:03] LPR11 Recv: LPR_N
[16:07:06] LPR11 Recv: CH1#경기46로8862#O#\2014\09\04\CH1_20140904160705_경기46로8862.jpg
[16:07:06] LPR Check: 경기46로8862,http://172.16.66.33:9080/MSImage/2014/09/04/CH1_20140904160705_경기46로8862.jpg,1,,,0, 2014-09-04 16:07:05
[16:07:06] File: \\172.16.66.33\MSImage\2014\09\04\CH1_20140904160705_경기46로8862.jpg
[16:07:06] 일반차량: 경기46로8862, 
[16:07:06] NormalProc: 개체 이름 'BlackList'이(가) 잘못되었습니다
[16:07:06] LPR12 Recv: LPR_N
[16:07:08] LPR11 Recv: LPR_N
[16:07:11] LPR11 Recv: CH1#경기46로8862#O#\2014\09\04\CH1_20140904160710_경기46로8862.jpg
[16:07:11] LPR Check: 경기46로8862,http://172.16.66.33:9080/MSImage/2014/09/04/CH1_20140904160710_경기46로8862.jpg,1,,,0, 2014-09-04 16:07:10
[16:07:11] File: \\172.16.66.33\MSImage\2014\09\04\CH1_20140904160710_경기46로8862.jpg
[16:07:11] 일반차량: 경기46로8862, 
[16:07:11] NormalProc: 개체 이름 'BlackList'이(가) 잘못되었습니다
[16:07:12] LPR12 Recv: LPR_N
[16:07:14] LPR11 Recv: CH1#경기46로8862#O#\2014\09\04\CH1_20140904160714_경기46로8862.jpg
[16:07:14] LPR Check: 경기46로8862,http://172.16.66.33:9080/MSImage/2014/09/04/CH1_20140904160714_경기46로8862.jpg,1,,,0, 2014-09-04 16:07:14
[16:07:14] File: \\172.16.66.33\MSImage\2014\09\04\CH1_20140904160714_경기46로8862.jpg
[16:07:14] 일반차량: 경기46로8862, 
[16:07:14] NormalProc: 개체 이름 'BlackList'이(가) 잘못되었습니다
[16:07:14] LPR11 Recv: LPR_N
[16:07:17] LPR12 Recv: LPR_N
[16:07:19] LPR11 Recv: LPR_N
[16:07:23] LPR12 Recv: LPR_N
[16:07:25] LPR11 Recv: LPR_N
[16:07:28] LPR12 Recv: LPR_N
[16:07:30] LPR11 Recv: LPR_N
[16:07:31] Program Close
[16:09:58] Program Start!
[16:09:58] DB Connect Error:사용자 'parking_user'이(가) 로그인하지 못했습니다
[16:10:02] Program Close
[16:12:05] Program Start!
[16:12:07] 근무시작: 배은화
[16:12:07] 설치된 영수증프린터가 없음!
[16:12:07] Ping 시간 체크1-86348906
[16:12:07] Ping 시간 체크2-86348921
[16:12:07] Ping 시간 체크1-86348921
[16:12:07] Ping 시간 체크2-86348937
[16:12:07] Ping 시간 체크1-86348937
[16:12:07] Ping 시간 체크2-86348953
[16:12:07] Ping 시간 체크1-86348953
[16:12:07] Ping 시간 체크2-86348968
[16:12:07] LPR11 Recv: 172.16.83.1
[16:12:07] LPR12 Recv: 172.16.83.1
[16:12:08] LPR11 Recv: LPR_N
[16:12:08] LPR12 Recv: LPR_N
[16:12:11] LPR12 Recv: LPR_N
[16:12:12] LPR11 Recv: LPR_N
[16:12:16] LPR12 Recv: LPR_N
[16:12:17] LPR11 Recv: LPR_N
[16:12:22] LPR12 Recv: LPR_N
[16:12:23] LPR11 Recv: LPR_N
[16:12:27] LPR12 Recv: LPR_N
[16:12:28] LPR11 Recv: LPR_N
[16:12:31] LPR11 Recv: CH1#경기46로8862#O#\2014\09\04\CH1_20140904161230_경기46로8862.jpg
[16:12:31] LPR Check: 경기46로8862,http://172.16.66.33:9080/MSImage/2014/09/04/CH1_20140904161230_경기46로8862.jpg,1,,,0, 2014-09-04 16:12:30
[16:12:31] File: \\172.16.66.33\MSImage\2014\09\04\CH1_20140904161230_경기46로8862.jpg
[16:12:31] 일반차량: 경기46로8862, 
[16:12:31] Ping 시간 체크1-86373140
[16:12:31] Ping 시간 체크2-86373140
[16:12:31] Ping 시간 체크1-86373140
[16:12:31] Ping 시간 체크2-86373156
[16:12:31] 입구차단기 Open
[16:12:31] 일반차량입차: 경기46로8862, 
[16:12:32] LPR12 Recv: LPR_N
[16:12:33] LPR11 Recv: LPR_N
[16:12:37] LPR12 Recv: LPR_N
[16:12:38] LPR11 Recv: LPR_N
[16:12:42] LPR12 Recv: LPR_N
[16:12:43] LPR11 Recv: LPR_N
[16:12:48] LPR12 Recv: LPR_N
[16:12:49] LPR11 Recv: LPR_N
[16:12:53] LPR12 Recv: LPR_N
[16:12:54] LPR11 Recv: LPR_N
[16:12:54] LPR12 Recv: CH1#경기46로8862#O#\2014\09\04\CH1_20140904161252_경기46로8862.jpg
[16:12:54] LPR Check: 경기46로8862,http://172.16.66.34:9080/MSImage/2014/09/04/CH1_20140904161252_경기46로8862.jpg,1,,,0, 2014-09-04 16:12:52
[16:12:54] File: \\172.16.66.34\MSImage\2014\09\04\CH1_20140904161252_경기46로8862.jpg
[16:12:54] 일반차량: 경기46로8862, 
[16:12:54] In Image File: \\172.16.66.33\MSImage\2014\09\04\CH1_20140904161230_경기46로8862.jpg
[16:12:54] Ping 시간 체크1-86396406
[16:12:54] Ping 시간 체크2-86396421
[16:12:54] Out Image File: \\172.16.66.34\MSImage\2014\09\04\CH1_20140904161252_경기46로8862.jpg
[16:12:54] Ping 시간 체크1-86396562
[16:12:54] Ping 시간 체크2-86396578
[16:12:54] Ping 시간 체크1-86396703
[16:12:54] Ping 시간 체크2-86396718
[16:12:54] Ping 시간 체크1-86396718
[16:12:54] Ping 시간 체크2-86396734
[16:12:54] 출구차단기 Open
[16:12:54] 일반차량출차: 경기46로8862, 
[16:12:58] LPR12 Recv: LPR_N
[16:12:59] LPR11 Recv: LPR_N
[16:13:03] LPR12 Recv: LPR_N
[16:13:04] LPR11 Recv: LPR_N
[16:13:08] LPR11 Recv: CH1#경기46로8862#O#\2014\09\04\CH1_20140904161308_경기46로8862.jpg
[16:13:08] LPR Check: 경기46로8862,http://172.16.66.33:9080/MSImage/2014/09/04/CH1_20140904161308_경기46로8862.jpg,1,,,0, 2014-09-04 16:13:08
[16:13:08] File: \\172.16.66.33\MSImage\2014\09\04\CH1_20140904161308_경기46로8862.jpg
[16:13:08] 일반차량: 경기46로8862, 
[16:13:08] Ping 시간 체크1-86410578
[16:13:08] Ping 시간 체크2-86410593
[16:13:08] Ping 시간 체크1-86410640
[16:13:08] Ping 시간 체크2-86410640
[16:13:08] 입구차단기 Open
[16:13:08] 일반차량입차: 경기46로8862, 
[16:13:10] LPR11 Recv: LPR_N
[16:13:10] LPR12 Recv: CH1#경기46로8862#O#\2014\09\26\CH1_20140926161308_경기46로8862.jpg
[16:13:10] LPR Check: 경기46로8862,http://172.16.66.34:9080/MSImage/2014/09/26/CH1_20140926161308_경기46로8862.jpg,1,,,0, 2014-09-26 16:13:08
[16:13:10] File: \\172.16.66.34\MSImage\2014\09\26\CH1_20140926161308_경기46로8862.jpg
[16:13:10] 일반차량: 경기46로8862, 
[16:13:10] In Image File: \\172.16.66.33\MSImage\2014\09\04\CH1_20140904161308_경기46로8862.jpg
[16:13:10] Ping 시간 체크1-86412328
[16:13:10] Ping 시간 체크2-86412328
[16:13:10] Out Image File: \\172.16.66.34\MSImage\2014\09\26\CH1_20140926161308_경기46로8862.jpg
[16:13:10] Ping 시간 체크1-86412390
[16:13:10] Ping 시간 체크2-86412406
[16:13:10] Ping 시간 체크1-86412484
[16:13:10] Ping 시간 체크2-86412500
[16:13:10] 전광판(172.16.66.44) 네트워크 에러
[16:13:10] Ping 시간 체크1-86412500
[16:13:10] Ping 시간 체크2-86412500
[16:13:10] 출구차단기 Open
[16:13:10] 일반차량출차: 경기46로8862, 
[16:13:10] LPR12 Recv: LPR_N
[16:13:15] LPR11 Recv: LPR_N
[16:13:15] LPR12 Recv: LPR_N
[16:13:20] LPR11 Recv: LPR_N
[16:13:21] LPR12 Recv: LPR_N
[16:13:25] LPR11 Recv: LPR_N
[16:13:26] LPR12 Recv: LPR_N
[16:13:31] LPR12 Recv: LPR_N
[16:13:31] LPR11 Recv: LPR_N
[16:13:36] LPR11 Recv: LPR_N
[16:13:36] File: \\172.16.66.33\MSImage\2014\09\04\CH1_20140904161230_경기46로8862.jpg
[16:13:36] Ping 시간 체크1-86438625
[16:13:36] Ping 시간 체크2-86438625
[16:13:37] LPR12 Recv: LPR_N
[16:13:41] LPR11 Recv: LPR_N
[16:13:42] LPR12 Recv: LPR_N
[16:13:46] LPR11 Recv: LPR_N
[16:13:47] LPR12 Recv: LPR_N
[16:13:48] TfrmClosing.DataCheck: ie_NOpen - device not open
[16:13:52] LPR11 Recv: LPR_N
[16:13:52] LPR12 Recv: LPR_N
[16:13:57] LPR11 Recv: LPR_N
[16:13:58] LPR12 Recv: LPR_N
[16:14:02] LPR11 Recv: LPR_N
[16:14:03] LPR12 Recv: LPR_N
[16:14:08] LPR11 Recv: LPR_N
[16:14:08] LPR12 Recv: LPR_N
[16:14:13] LPR11 Recv: LPR_N
[16:14:13] LPR12 Recv: LPR_N
[16:14:18] LPR11 Recv: LPR_N
[16:14:19] LPR12 Recv: LPR_N
[16:14:23] LPR11 Recv: LPR_N
[16:14:24] LPR12 Recv: LPR_N
[16:14:29] LPR11 Recv: LPR_N
[16:14:29] LPR12 Recv: LPR_N
[16:14:29] LPR11 Recv: CH1#경기46로8862#O#\2014\09\04\CH1_20140904161429_경기46로8862.jpg
[16:14:29] LPR Check: 경기46로8862,http://172.16.66.33:9080/MSImage/2014/09/04/CH1_20140904161429_경기46로8862.jpg,1,,,0, 2014-09-04 16:14:29
[16:14:29] File: \\172.16.66.33\MSImage\2014\09\04\CH1_20140904161429_경기46로8862.jpg
[16:14:29] 일반차량: 경기46로8862, 
[16:14:29] Ping 시간 체크1-86491453
[16:14:29] Ping 시간 체크2-86491468
[16:14:29] Ping 시간 체크1-86491468
[16:14:29] Ping 시간 체크2-86491484
[16:14:29] 입구차단기 Open
[16:14:29] 일반차량입차: 경기46로8862, 
[16:14:31] LPR11 Recv: CH1#경기46로8862#O#\2014\09\04\CH1_20140904161431_경기46로8862.jpg
[16:14:31] LPR Check: 경기46로8862,http://172.16.66.33:9080/MSImage/2014/09/04/CH1_20140904161431_경기46로8862.jpg,1,,,0, 2014-09-04 16:14:31
[16:14:31] File: \\172.16.66.33\MSImage\2014\09\04\CH1_20140904161431_경기46로8862.jpg
[16:14:31] 일반차량: 경기46로8862, 
[16:14:31] Ping 시간 체크1-86493593
[16:14:31] Ping 시간 체크2-86493593
[16:14:31] Ping 시간 체크1-86493593
[16:14:31] Ping 시간 체크2-86493593
[16:14:31] 입구차단기 Open
[16:14:31] 일반차량입차: 경기46로8862, 
[16:14:34] LPR11 Recv: LPR_N
[16:14:35] LPR12 Recv: LPR_N
[16:14:35] LPR11 Recv: CH1#경기46로8862#O#\2014\09\04\CH1_20140904161435_경기46로8862.jpg
[16:14:35] LPR Check: 경기46로8862,http://172.16.66.33:9080/MSImage/2014/09/04/CH1_20140904161435_경기46로8862.jpg,1,,,0, 2014-09-04 16:14:35
[16:14:35] File: \\172.16.66.33\MSImage\2014\09\04\CH1_20140904161435_경기46로8862.jpg
[16:14:35] 일반차량: 경기46로8862, 
[16:14:35] Ping 시간 체크1-86497281
[16:14:35] Ping 시간 체크2-86497281
[16:14:35] Ping 시간 체크1-86497296
[16:14:35] Ping 시간 체크2-86497296
[16:14:35] 입구차단기 Open
[16:14:35] 일반차량입차: 경기46로8862, 
[16:14:39] LPR11 Recv: LPR_N
[16:14:40] LPR12 Recv: LPR_N
[16:14:40] File: \\172.16.66.33\MSImage\2014\09\04\CH1_20140904161230_경기46로8862.jpg
[16:14:40] Ping 시간 체크1-86502062
[16:14:40] Ping 시간 체크2-86502062
[16:14:44] LPR11 Recv: LPR_N
[16:14:45] LPR12 Recv: LPR_N
[16:14:49] LPR11 Recv: LPR_N
[16:14:50] LPR12 Recv: LPR_N
[16:14:51] Ping 시간 체크1-86513171
[16:14:51] Ping 시간 체크2-86513187
[16:14:53] Ping 시간 체크1-86515656
[16:14:53] Ping 시간 체크2-86515656
[16:14:53] 출구차단기 Open
[16:14:55] LPR11 Recv: LPR_N
[16:14:56] LPR12 Recv: LPR_N
[16:15:00] LPR11 Recv: LPR_N
[16:15:01] LPR12 Recv: LPR_N
[16:15:05] LPR11 Recv: LPR_N
[16:15:05] LPR12 Recv: CH1#경기46로8862#O#\2014\09\04\CH1_20140904161503_경기46로8862.jpg
[16:15:05] LPR Check: 경기46로8862,http://172.16.66.34:9080/MSImage/2014/09/04/CH1_20140904161503_경기46로8862.jpg,1,,,0, 2014-09-04 16:15:03
[16:15:05] File: \\172.16.66.34\MSImage\2014\09\04\CH1_20140904161503_경기46로8862.jpg
[16:15:05] 일반차량: 경기46로8862, 
[16:15:05] In Image File: \\172.16.66.33\MSImage\2014\09\04\CH1_20140904161435_경기46로8862.jpg
[16:15:05] Ping 시간 체크1-86527593
[16:15:05] Ping 시간 체크2-86527593
[16:15:05] Out Image File: \\172.16.66.34\MSImage\2014\09\04\CH1_20140904161503_경기46로8862.jpg
[16:15:05] Ping 시간 체크1-86527671
[16:15:05] Ping 시간 체크2-86527687
[16:15:06] Ping 시간 체크1-86527812
[16:15:06] Ping 시간 체크2-86527812
[16:15:06] Ping 시간 체크1-86527843
[16:15:06] Ping 시간 체크2-86527843
[16:15:06] 출구차단기 Open
[16:15:06] 일반차량출차: 경기46로8862, 
[16:15:06] LPR12 Recv: LPR_N
[16:15:10] LPR11 Recv: LPR_N
[16:15:11] LPR12 Recv: LPR_N
[16:15:16] LPR11 Recv: LPR_N
[16:15:17] LPR12 Recv: LPR_N
[16:15:21] LPR11 Recv: LPR_N
[16:15:22] LPR12 Recv: LPR_N
[16:15:26] LPR11 Recv: LPR_N
[16:15:27] LPR12 Recv: LPR_N
[16:15:31] LPR11 Recv: LPR_N
[16:15:32] LPR12 Recv: LPR_N
[16:15:36] LPR11 Recv: LPR_N
[16:15:37] LPR12 Recv: LPR_N
[16:15:42] LPR11 Recv: LPR_N
[16:15:43] LPR12 Recv: LPR_N
[16:15:47] LPR11 Recv: LPR_N
[16:15:48] LPR12 Recv: LPR_N
[16:15:53] LPR11 Recv: LPR_N
[16:15:53] LPR12 Recv: LPR_N
[16:15:58] LPR11 Recv: LPR_N
[16:15:58] LPR12 Recv: LPR_N
[16:16:03] LPR11 Recv: CH1#경기46로8862#O#\2014\09\04\CH1_20140904161602_경기46로8862.jpg
[16:16:03] LPR Check: 경기46로8862,http://172.16.66.33:9080/MSImage/2014/09/04/CH1_20140904161602_경기46로8862.jpg,1,,,0, 2014-09-04 16:16:02
[16:16:03] File: \\172.16.66.33\MSImage\2014\09\04\CH1_20140904161602_경기46로8862.jpg
[16:16:03] 일반차량: 경기46로8862, 
[16:16:03] Ping 시간 체크1-86584859
[16:16:03] Ping 시간 체크2-86584875
[16:16:03] Ping 시간 체크1-86584875
[16:16:03] Ping 시간 체크2-86584890
[16:16:03] 입구차단기 Open
[16:16:03] 일반차량입차: 경기46로8862, 
[16:16:03] LPR11 Recv: LPR_N
[16:16:04] LPR12 Recv: LPR_N
[16:16:08] LPR11 Recv: LPR_N
[16:16:09] LPR12 Recv: LPR_N
[16:16:12] LPR11 Recv: LPR_R
[16:16:12] 시간동기화 전송
[16:16:14] LPR12 Recv: LPR_N
[16:16:20] LPR12 Recv: LPR_N
[16:16:20] LPR11 Recv: CH1#31로6819#N#\2014\09\04\CH1_20140904161619_31로6819.jpg
[16:16:20] LPR Check: 31로6819,http://172.16.66.33:9080/MSImage/2014/09/04/CH1_20140904161619_31로6819.jpg,1,,,0, 2014-09-04 16:16:19
[16:16:20] File: \\172.16.66.33\MSImage\2014\09\04\CH1_20140904161619_31로6819.jpg
[16:16:20] 일반차량: 31로6819, 
[16:16:20] Ping 시간 체크1-86602312
[16:16:20] Ping 시간 체크2-86602328
[16:16:20] Ping 시간 체크1-86602328
[16:16:20] Ping 시간 체크2-86602328
[16:16:20] 입구차단기 Open
[16:16:20] 일반차량입차: 31로6819, 
[16:16:25] LPR12 Recv: LPR_N
[16:16:30] LPR12 Recv: LPR_N
[16:16:31] LPR12 Recv: LPR_R
[16:16:31] 시간동기화 전송
[16:16:43] LPR12 Recv: CH1#31로6879#N#\2014\09\04\CH1_20140904161642_31로6879.jpg
[16:16:43] LPR Check: 31로6879,http://172.16.66.34:9080/MSImage/2014/09/04/CH1_20140904161642_31로6879.jpg,1,,,0, 2014-09-04 16:16:42
[16:16:43] File: \\172.16.66.34\MSImage\2014\09\04\CH1_20140904161642_31로6879.jpg
[16:16:43] 일반차량: 31로6879, 
[16:16:43] Ping 시간 체크1-86625250
[16:16:43] Ping 시간 체크2-86625250
[16:16:43] 일반차량출차: 31로6879, 
[16:17:04] Program Close
[16:17:08] Program Start!
[16:17:10] 근무시작: 배은화
[16:17:10] 설치된 영수증프린터가 없음!
[16:17:10] Ping 시간 체크1-86652515
[16:17:10] Ping 시간 체크2-86652515
[16:17:10] Ping 시간 체크1-86652531
[16:17:10] Ping 시간 체크2-86652531
[16:17:10] Ping 시간 체크1-86652531
[16:17:10] Ping 시간 체크2-86652546
[16:17:10] Ping 시간 체크1-86652546
[16:17:10] Ping 시간 체크2-86652546
[16:17:10] LPR11 Recv: 172.16.83.1
[16:17:10] LPR12 Recv: 172.16.83.1
[16:17:11] LPR11 Recv: LPR_R
[16:17:11] 시간동기화 전송
[16:17:12] LPR12 Recv: LPR_R
[16:17:12] 시간동기화 전송
[16:18:11] Ping 시간 체크1-86713578
[16:18:11] Ping 시간 체크2-86713578
[16:18:11] 11번 LPR OK 전송
[16:18:12] Ping 시간 체크1-86714015
[16:18:12] Ping 시간 체크2-86714015
[16:18:12] 12번 LPR OK 전송
[16:19:11] Ping 시간 체크1-86773578
[16:19:11] Ping 시간 체크2-86773578
[16:19:11] 11번 LPR OK 전송
[16:19:12] Ping 시간 체크1-86774015
[16:19:12] Ping 시간 체크2-86774031
[16:19:12] 12번 LPR OK 전송
[16:20:11] Ping 시간 체크1-86833578
[16:20:11] Ping 시간 체크2-86833578
[16:20:11] 11번 LPR OK 전송
[16:20:12] Ping 시간 체크1-86834015
[16:20:12] Ping 시간 체크2-86834015
[16:20:12] 12번 LPR OK 전송
[16:21:11] Ping 시간 체크1-86893578
[16:21:11] Ping 시간 체크2-86893593
[16:21:11] 11번 LPR OK 전송
[16:21:12] Ping 시간 체크1-86894015
[16:21:12] Ping 시간 체크2-86894031
[16:21:12] 12번 LPR OK 전송
[16:22:11] Ping 시간 체크1-86953578
[16:22:11] Ping 시간 체크2-86953578
[16:22:11] 11번 LPR OK 전송
[16:22:12] Ping 시간 체크1-86954015
[16:22:12] Ping 시간 체크2-86954015
[16:22:12] 12번 LPR OK 전송
[16:23:11] Ping 시간 체크1-87013578
[16:23:11] Ping 시간 체크2-87013578
[16:23:11] 11번 LPR OK 전송
[16:23:12] Ping 시간 체크1-87014015
[16:23:12] Ping 시간 체크2-87014015
[16:23:12] 12번 LPR OK 전송
[16:24:11] Ping 시간 체크1-87073578
[16:24:11] Ping 시간 체크2-87073578
[16:24:11] 11번 LPR OK 전송
[16:24:12] Ping 시간 체크1-87074015
[16:24:12] Ping 시간 체크2-87074031
[16:24:12] 12번 LPR OK 전송
[16:25:11] Ping 시간 체크1-87133578
[16:25:11] Ping 시간 체크2-87133578
[16:25:11] 11번 LPR OK 전송
[16:25:12] Ping 시간 체크1-87134015
[16:25:12] Ping 시간 체크2-87134015
[16:25:12] 12번 LPR OK 전송
[16:26:11] Ping 시간 체크1-87193578
[16:26:11] Ping 시간 체크2-87193578
[16:26:11] 11번 LPR OK 전송
[16:26:12] Ping 시간 체크1-87194015
[16:26:12] Ping 시간 체크2-87194015
[16:26:12] 12번 LPR OK 전송
[16:27:11] Ping 시간 체크1-87253578
[16:27:11] Ping 시간 체크2-87253593
[16:27:11] 11번 LPR OK 전송
[16:27:12] Ping 시간 체크1-87254015
[16:27:12] Ping 시간 체크2-87254031
[16:27:12] 12번 LPR OK 전송
[16:28:11] Ping 시간 체크1-87313578
[16:28:11] Ping 시간 체크2-87313593
[16:28:11] 11번 LPR OK 전송
[16:28:12] Ping 시간 체크1-87314015
[16:28:12] Ping 시간 체크2-87314015
[16:28:12] 12번 LPR OK 전송
[16:28:59] Program Close
[16:29:39] Program Start!
[16:29:59] Program Start!
[16:30:03] Program Close
[16:30:30] Program Start!
[16:30:33] 근무시작: 배은화
[16:30:33] 설치된 영수증프린터가 없음!
[16:30:33] Ping 시간 체크1-87455203
[16:30:33] Ping 시간 체크2-87455218
[16:30:33] Ping 시간 체크1-87455218
[16:30:33] Ping 시간 체크2-87455234
[16:30:33] Ping 시간 체크1-87455234
[16:30:33] Ping 시간 체크2-87455250
[16:30:33] Ping 시간 체크1-87455250
[16:30:33] Ping 시간 체크2-87455265
[16:30:33] LPR11 Recv: 172.16.83.1
[16:30:33] LPR12 Recv: 172.16.83.1
[16:30:34] LPR12 Recv: LPR_R
[16:30:34] 시간동기화 전송
[16:30:35] LPR11 Recv: LPR_R
[16:30:35] 시간동기화 전송
[16:31:34] Ping 시간 체크1-87516468
[16:31:34] Ping 시간 체크2-87516484
[16:31:34] 12번 LPR OK 전송
[16:31:35] Ping 시간 체크1-87516828
[16:31:35] Ping 시간 체크2-87516843
[16:31:35] 11번 LPR OK 전송
[16:32:34] Ping 시간 체크1-87576468
[16:32:34] Ping 시간 체크2-87576468
[16:32:34] 12번 LPR OK 전송
[16:32:35] Ping 시간 체크1-87576828
[16:32:35] Ping 시간 체크2-87576828
[16:32:35] 11번 LPR OK 전송
[16:33:34] Ping 시간 체크1-87636468
[16:33:34] Ping 시간 체크2-87636468
[16:33:34] 12번 LPR OK 전송
[16:33:35] Ping 시간 체크1-87636828
[16:33:35] Ping 시간 체크2-87636828
[16:33:35] 11번 LPR OK 전송
[16:33:36] Program Close
[16:34:42] Program Start!
[16:34:45] 근무시작: 배은화
[16:34:45] 설치된 영수증프린터가 없음!
[16:34:45] Ping 시간 체크1-87706859
[16:34:45] Ping 시간 체크2-87706859
[16:34:45] Ping 시간 체크1-87706859
[16:34:45] Ping 시간 체크2-87706875
[16:34:45] Ping 시간 체크1-87706875
[16:34:45] Ping 시간 체크2-87706890
[16:34:45] Ping 시간 체크1-87706906
[16:34:45] Ping 시간 체크2-87706921
[16:34:45] LPR11 Recv: 172.16.83.1
[16:34:45] LPR12 Recv: 172.16.83.1
[16:34:46] LPR11 Recv: LPR_R
[16:34:46] 시간동기화 전송
[16:34:46] LPR12 Recv: LPR_R
[16:34:46] 시간동기화 전송
[16:35:46] Ping 시간 체크1-87767859
[16:35:46] Ping 시간 체크2-87767875
[16:35:46] 11번 LPR OK 전송
[16:35:46] Ping 시간 체크1-87768531
[16:35:46] Ping 시간 체크2-87768531
[16:35:46] 12번 LPR OK 전송
[16:36:46] Ping 시간 체크1-87827859
[16:36:46] Ping 시간 체크2-87827859
[16:36:46] 11번 LPR OK 전송
[16:36:46] Ping 시간 체크1-87828531
[16:36:46] Ping 시간 체크2-87828531
[16:36:46] 12번 LPR OK 전송
[16:36:48] File: \\172.16.66.33\MSImage\2014\09\04\CH1_20140904161602_경기46로8862.jpg
[16:36:48] Ping 시간 체크1-87830609
[16:36:48] Ping 시간 체크2-87830609
[16:36:53] 일반차량: 경기46로8862, 
[16:37:06] File: \\172.16.66.33\MSImage\2014\09\04\CH1_20140904161602_경기46로8862.jpg
[16:37:06] Ping 시간 체크1-87848453
[16:37:06] Ping 시간 체크2-87848453
[16:37:09] File: \\172.16.66.33\MSImage\2014\09\04\CH1_20140904161602_경기46로8862.jpg
[16:37:09] Ping 시간 체크1-87851156
[16:37:09] Ping 시간 체크2-87851156
[16:37:10] File: \\172.16.66.33\MSImage\2014\09\04\CH1_20140904161602_경기46로8862.jpg
[16:37:10] Ping 시간 체크1-87851765
[16:37:10] Ping 시간 체크2-87851765
[16:37:16] 일반차량: 경기46로8862, 
[16:37:46] Ping 시간 체크1-87887859
[16:37:46] Ping 시간 체크2-87887859
[16:37:46] 11번 LPR OK 전송
[16:37:46] Ping 시간 체크1-87888531
[16:37:46] Ping 시간 체크2-87888546
[16:37:46] 12번 LPR OK 전송
[16:38:46] Ping 시간 체크1-87947859
[16:38:46] Ping 시간 체크2-87947875
[16:38:46] 11번 LPR OK 전송
[16:38:46] Ping 시간 체크1-87948531
[16:38:46] Ping 시간 체크2-87948531
[16:38:46] 12번 LPR OK 전송
[16:39:06] 수동입차: 2014-09-04, 16:39:06, 8862
[16:39:26] Ping 시간 체크1-87988203
[16:39:26] Ping 시간 체크2-87988218
[16:39:32] Ping 시간 체크1-87994640
[16:39:32] Ping 시간 체크2-87994640
[16:39:32] 출구차단기 Open
[16:39:40] Program Close
[16:41:20] Program Start!
[16:41:24] 근무시작: 배은화
[16:41:24] 설치된 영수증프린터가 없음!
[16:41:24] Ping 시간 체크1-88106296
[16:41:24] Ping 시간 체크2-88106312
[16:41:24] Ping 시간 체크1-88106312
[16:41:24] Ping 시간 체크2-88106312
[16:41:24] Ping 시간 체크1-88106328
[16:41:24] Ping 시간 체크2-88106328
[16:41:24] Ping 시간 체크1-88106328
[16:41:24] Ping 시간 체크2-88106343
[16:41:24] LPR12 Recv: 172.16.83.1
[16:41:24] LPR11 Recv: 172.16.83.1
[16:41:25] LPR12 Recv: LPR_R
[16:41:25] 시간동기화 전송
[16:41:25] LPR11 Recv: LPR_R
[16:41:25] 시간동기화 전송
[16:42:25] Ping 시간 체크1-88167234
[16:42:25] Ping 시간 체크2-88167250
[16:42:25] 12번 LPR OK 전송
[16:42:25] Ping 시간 체크1-88167484
[16:42:25] Ping 시간 체크2-88167484
[16:42:25] 11번 LPR OK 전송
[16:43:25] Ping 시간 체크1-88227234
[16:43:25] Ping 시간 체크2-88227234
[16:43:25] 12번 LPR OK 전송
[16:43:25] Ping 시간 체크1-88227484
[16:43:25] Ping 시간 체크2-88227484
[16:43:25] 11번 LPR OK 전송
[16:44:25] Ping 시간 체크1-88287234
[16:44:25] Ping 시간 체크2-88287250
[16:44:25] 12번 LPR OK 전송
[16:44:25] Ping 시간 체크1-88287484
[16:44:25] Ping 시간 체크2-88287484
[16:44:25] 11번 LPR OK 전송
[16:44:27] LPR11 Recv: CH1#31로6819#N#\2014\09\04\CH1_20140904164426_31로6819.jpg
[16:44:27] LPR Check: 31로6819,http://172.16.66.33:9080/MSImage/2014/09/04/CH1_20140904164426_31로6819.jpg,1,,,0, 2014-09-04 16:44:26
[16:44:27] File: \\172.16.66.33\MSImage\2014\09\04\CH1_20140904164426_31로6819.jpg
[16:44:27] 일반차량: 31로6819, 
[16:44:27] Ping 시간 체크1-88289218
[16:44:27] Ping 시간 체크2-88289234
[16:44:27] Ping 시간 체크1-88289234
[16:44:27] Ping 시간 체크2-88289234
[16:44:27] 입구차단기 Open
[16:44:27] 일반차량입차: 31로6819, 
[16:45:25] Ping 시간 체크1-88347234
[16:45:25] Ping 시간 체크2-88347234
[16:45:25] 12번 LPR OK 전송
[16:45:27] Ping 시간 체크1-88349250
[16:45:27] Ping 시간 체크2-88349250
[16:45:27] 11번 LPR OK 전송
[16:46:25] Ping 시간 체크1-88407234
[16:46:25] Ping 시간 체크2-88407234
[16:46:25] 12번 LPR OK 전송
[16:46:27] Ping 시간 체크1-88409250
[16:46:27] Ping 시간 체크2-88409250
[16:46:27] 11번 LPR OK 전송
[16:47:25] Ping 시간 체크1-88467234
[16:47:25] Ping 시간 체크2-88467250
[16:47:25] 12번 LPR OK 전송
[16:47:27] Ping 시간 체크1-88469250
[16:47:27] Ping 시간 체크2-88469250
[16:47:27] 11번 LPR OK 전송
[16:48:25] Ping 시간 체크1-88527234
[16:48:25] Ping 시간 체크2-88527234
[16:48:25] 12번 LPR OK 전송
[16:48:27] Ping 시간 체크1-88529250
[16:48:27] Ping 시간 체크2-88529250
[16:48:27] 11번 LPR OK 전송
[16:49:25] Ping 시간 체크1-88587234
[16:49:25] Ping 시간 체크2-88587234
[16:49:25] 12번 LPR OK 전송
[16:49:27] Ping 시간 체크1-88589250
[16:49:27] Ping 시간 체크2-88589265
[16:49:27] 11번 LPR OK 전송
[16:50:25] Ping 시간 체크1-88647234
[16:50:25] Ping 시간 체크2-88647234
[16:50:25] 12번 LPR OK 전송
[16:50:27] Ping 시간 체크1-88649250
[16:50:27] Ping 시간 체크2-88649250
[16:50:27] 11번 LPR OK 전송
[16:51:25] Ping 시간 체크1-88707234
[16:51:25] Ping 시간 체크2-88707234
[16:51:25] 12번 LPR OK 전송
[16:51:27] Ping 시간 체크1-88709250
[16:51:27] Ping 시간 체크2-88709250
[16:51:27] 11번 LPR OK 전송
[16:52:25] Ping 시간 체크1-88767234
[16:52:25] Ping 시간 체크2-88767234
[16:52:25] 12번 LPR OK 전송
[16:52:27] Ping 시간 체크1-88769250
[16:52:27] Ping 시간 체크2-88769250
[16:52:27] 11번 LPR OK 전송
[16:53:25] Ping 시간 체크1-88827234
[16:53:25] Ping 시간 체크2-88827234
[16:53:25] 12번 LPR OK 전송
[16:53:27] Ping 시간 체크1-88829250
[16:53:27] Ping 시간 체크2-88829250
[16:53:27] 11번 LPR OK 전송
[16:54:25] Ping 시간 체크1-88887234
[16:54:25] Ping 시간 체크2-88887234
[16:54:25] 12번 LPR OK 전송
[16:54:27] Ping 시간 체크1-88889250
[16:54:27] Ping 시간 체크2-88889250
[16:54:27] 11번 LPR OK 전송
[16:55:25] Ping 시간 체크1-88947234
[16:55:25] Ping 시간 체크2-88947234
[16:55:25] 12번 LPR OK 전송
[16:55:27] Ping 시간 체크1-88949250
[16:55:27] Ping 시간 체크2-88949265
[16:55:27] 11번 LPR OK 전송
[16:56:25] Ping 시간 체크1-89007234
[16:56:25] Ping 시간 체크2-89007234
[16:56:25] 12번 LPR OK 전송
[16:56:27] Ping 시간 체크1-89009250
[16:56:27] Ping 시간 체크2-89009250
[16:56:27] 11번 LPR OK 전송
[16:57:25] Ping 시간 체크1-89067234
[16:57:25] Ping 시간 체크2-89067234
[16:57:25] 12번 LPR OK 전송
[16:57:27] Ping 시간 체크1-89069250
[16:57:27] Ping 시간 체크2-89069250
[16:57:27] 11번 LPR OK 전송
[16:58:25] Ping 시간 체크1-89127234
[16:58:25] Ping 시간 체크2-89127234
[16:58:25] 12번 LPR OK 전송
[16:58:27] Ping 시간 체크1-89129250
[16:58:27] Ping 시간 체크2-89129250
[16:58:27] 11번 LPR OK 전송
[16:59:25] Ping 시간 체크1-89187234
[16:59:25] Ping 시간 체크2-89187234
[16:59:25] 12번 LPR OK 전송
[16:59:27] Ping 시간 체크1-89189250
[16:59:27] Ping 시간 체크2-89189250
[16:59:27] 11번 LPR OK 전송
[17:00:25] Ping 시간 체크1-89247234
[17:00:25] Ping 시간 체크2-89247234
[17:00:25] 12번 LPR OK 전송
[17:00:27] Ping 시간 체크1-89249250
[17:00:27] Ping 시간 체크2-89249250
[17:00:27] 11번 LPR OK 전송
[17:01:25] Ping 시간 체크1-89307234
[17:01:25] Ping 시간 체크2-89307250
[17:01:25] 12번 LPR OK 전송
[17:01:27] Ping 시간 체크1-89309250
[17:01:27] Ping 시간 체크2-89309265
[17:01:27] 11번 LPR OK 전송
[17:02:25] Ping 시간 체크1-89367234
[17:02:25] Ping 시간 체크2-89367250
[17:02:25] 12번 LPR OK 전송
[17:02:27] Ping 시간 체크1-89369250
[17:02:27] Ping 시간 체크2-89369250
[17:02:27] 11번 LPR OK 전송
[17:03:25] Ping 시간 체크1-89427234
[17:03:25] Ping 시간 체크2-89427234
[17:03:25] 12번 LPR OK 전송
[17:03:27] Ping 시간 체크1-89429250
[17:03:27] Ping 시간 체크2-89429250
[17:03:27] 11번 LPR OK 전송
[17:04:25] Ping 시간 체크1-89487234
[17:04:25] Ping 시간 체크2-89487250
[17:04:25] 12번 LPR OK 전송
[17:04:27] Ping 시간 체크1-89489250
[17:04:27] Ping 시간 체크2-89489250
[17:04:27] 11번 LPR OK 전송
[17:05:25] Ping 시간 체크1-89547234
[17:05:25] Ping 시간 체크2-89547250
[17:05:25] 12번 LPR OK 전송
[17:05:27] Ping 시간 체크1-89549250
[17:05:27] Ping 시간 체크2-89549265
[17:05:27] 11번 LPR OK 전송
[17:06:25] Ping 시간 체크1-89607234
[17:06:25] Ping 시간 체크2-89607234
[17:06:25] 12번 LPR OK 전송
[17:06:27] Ping 시간 체크1-89609250
[17:06:27] Ping 시간 체크2-89609250
[17:06:27] 11번 LPR OK 전송
[17:07:25] Ping 시간 체크1-89667234
[17:07:25] Ping 시간 체크2-89667234
[17:07:25] 12번 LPR OK 전송
[17:07:27] Ping 시간 체크1-89669250
[17:07:27] Ping 시간 체크2-89669250
[17:07:27] 11번 LPR OK 전송
[17:08:25] Ping 시간 체크1-89727234
[17:08:25] Ping 시간 체크2-89727234
[17:08:25] 12번 LPR OK 전송
[17:08:27] Ping 시간 체크1-89729250
[17:08:27] Ping 시간 체크2-89729265
[17:08:27] 11번 LPR OK 전송
[17:09:25] Ping 시간 체크1-89787234
[17:09:25] Ping 시간 체크2-89787250
[17:09:25] 12번 LPR OK 전송
[17:09:27] Ping 시간 체크1-89789250
[17:09:27] Ping 시간 체크2-89789265
[17:09:27] 11번 LPR OK 전송
[17:10:25] Ping 시간 체크1-89847234
[17:10:25] Ping 시간 체크2-89847234
[17:10:25] 12번 LPR OK 전송
[17:10:27] Ping 시간 체크1-89849250
[17:10:27] Ping 시간 체크2-89849265
[17:10:27] 11번 LPR OK 전송
[17:11:25] Ping 시간 체크1-89907234
[17:11:25] Ping 시간 체크2-89907234
[17:11:25] 12번 LPR OK 전송
[17:11:27] Ping 시간 체크1-89909250
[17:11:27] Ping 시간 체크2-89909250
[17:11:27] 11번 LPR OK 전송
[17:12:25] Ping 시간 체크1-89967234
[17:12:25] Ping 시간 체크2-89967234
[17:12:25] 12번 LPR OK 전송
[17:12:27] Ping 시간 체크1-89969250
[17:12:27] Ping 시간 체크2-89969265
[17:12:27] 11번 LPR OK 전송
[17:13:25] Ping 시간 체크1-90027234
[17:13:25] Ping 시간 체크2-90027234
[17:13:25] 12번 LPR OK 전송
[17:13:27] Ping 시간 체크1-90029250
[17:13:27] Ping 시간 체크2-90029250
[17:13:27] 11번 LPR OK 전송
[17:14:25] Ping 시간 체크1-90087234
[17:14:25] Ping 시간 체크2-90087250
[17:14:25] 12번 LPR OK 전송
[17:14:27] Ping 시간 체크1-90089250
[17:14:27] Ping 시간 체크2-90089250
[17:14:27] 11번 LPR OK 전송
[17:15:25] Ping 시간 체크1-90147234
[17:15:25] Ping 시간 체크2-90147234
[17:15:25] 12번 LPR OK 전송
[17:15:27] Ping 시간 체크1-90149250
[17:15:27] Ping 시간 체크2-90149250
[17:15:27] 11번 LPR OK 전송
[17:16:25] Ping 시간 체크1-90207234
[17:16:25] Ping 시간 체크2-90207250
[17:16:25] 12번 LPR OK 전송
[17:16:27] Ping 시간 체크1-90209250
[17:16:27] Ping 시간 체크2-90209265
[17:16:27] 11번 LPR OK 전송
[17:17:25] Ping 시간 체크1-90267234
[17:17:25] Ping 시간 체크2-90267234
[17:17:25] 12번 LPR OK 전송
[17:17:27] Ping 시간 체크1-90269250
[17:17:27] Ping 시간 체크2-90269250
[17:17:27] 11번 LPR OK 전송
[17:18:25] Ping 시간 체크1-90327234
[17:18:25] Ping 시간 체크2-90327234
[17:18:25] 12번 LPR OK 전송
[17:18:27] Ping 시간 체크1-90329250
[17:18:27] Ping 시간 체크2-90329250
[17:18:27] 11번 LPR OK 전송
[17:19:25] Ping 시간 체크1-90387234
[17:19:25] Ping 시간 체크2-90387234
[17:19:25] 12번 LPR OK 전송
[17:19:27] Ping 시간 체크1-90389250
[17:19:27] Ping 시간 체크2-90389250
[17:19:27] 11번 LPR OK 전송
[17:20:25] Ping 시간 체크1-90447234
[17:20:25] Ping 시간 체크2-90447234
[17:20:25] 12번 LPR OK 전송
[17:20:27] Ping 시간 체크1-90449250
[17:20:27] Ping 시간 체크2-90449265
[17:20:27] 11번 LPR OK 전송
[17:21:25] Ping 시간 체크1-90507234
[17:21:25] Ping 시간 체크2-90507234
[17:21:25] 12번 LPR OK 전송
[17:21:27] Ping 시간 체크1-90509250
[17:21:27] Ping 시간 체크2-90509265
[17:21:27] 11번 LPR OK 전송
[17:22:25] Ping 시간 체크1-90567234
[17:22:25] Ping 시간 체크2-90567234
[17:22:25] 12번 LPR OK 전송
[17:22:27] Ping 시간 체크1-90569250
[17:22:27] Ping 시간 체크2-90569250
[17:22:27] 11번 LPR OK 전송
[17:23:25] Ping 시간 체크1-90627234
[17:23:25] Ping 시간 체크2-90627250
[17:23:25] 12번 LPR OK 전송
[17:23:27] Ping 시간 체크1-90629250
[17:23:27] Ping 시간 체크2-90629250
[17:23:27] 11번 LPR OK 전송
[17:24:25] Ping 시간 체크1-90687234
[17:24:25] Ping 시간 체크2-90687250
[17:24:25] 12번 LPR OK 전송
[17:24:27] Ping 시간 체크1-90689250
[17:24:27] Ping 시간 체크2-90689265
[17:24:27] 11번 LPR OK 전송
[17:25:25] Ping 시간 체크1-90747234
[17:25:25] Ping 시간 체크2-90747250
[17:25:25] 12번 LPR OK 전송
[17:25:27] Ping 시간 체크1-90749250
[17:25:27] Ping 시간 체크2-90749250
[17:25:27] 11번 LPR OK 전송
[17:26:25] Ping 시간 체크1-90807234
[17:26:25] Ping 시간 체크2-90807234
[17:26:25] 12번 LPR OK 전송
[17:26:27] Ping 시간 체크1-90809250
[17:26:27] Ping 시간 체크2-90809250
[17:26:27] 11번 LPR OK 전송
[17:27:25] Ping 시간 체크1-90867234
[17:27:25] Ping 시간 체크2-90867234
[17:27:25] 12번 LPR OK 전송
[17:27:27] Ping 시간 체크1-90869250
[17:27:27] Ping 시간 체크2-90869250
[17:27:27] 11번 LPR OK 전송
[17:28:25] Ping 시간 체크1-90927234
[17:28:25] Ping 시간 체크2-90927234
[17:28:25] 12번 LPR OK 전송
[17:28:27] Ping 시간 체크1-90929250
[17:28:27] Ping 시간 체크2-90929250
[17:28:27] 11번 LPR OK 전송
[17:29:25] Ping 시간 체크1-90987234
[17:29:25] Ping 시간 체크2-90987234
[17:29:25] 12번 LPR OK 전송
[17:29:27] Ping 시간 체크1-90989250
[17:29:27] Ping 시간 체크2-90989265
[17:29:27] 11번 LPR OK 전송
[17:30:25] Ping 시간 체크1-91047234
[17:30:25] Ping 시간 체크2-91047234
[17:30:25] 12번 LPR OK 전송
[17:30:27] Ping 시간 체크1-91049250
[17:30:27] Ping 시간 체크2-91049250
[17:30:27] 11번 LPR OK 전송
[17:31:25] Ping 시간 체크1-91107234
[17:31:25] Ping 시간 체크2-91107234
[17:31:25] 12번 LPR OK 전송
[17:31:27] Ping 시간 체크1-91109250
[17:31:27] Ping 시간 체크2-91109250
[17:31:27] 11번 LPR OK 전송
[17:32:25] Ping 시간 체크1-91167234
[17:32:25] Ping 시간 체크2-91167234
[17:32:25] 12번 LPR OK 전송
[17:32:27] Ping 시간 체크1-91169250
[17:32:27] Ping 시간 체크2-91169250
[17:32:27] 11번 LPR OK 전송
[17:33:25] Ping 시간 체크1-91227234
[17:33:25] Ping 시간 체크2-91227234
[17:33:25] 12번 LPR OK 전송
[17:33:27] Ping 시간 체크1-91229250
[17:33:27] Ping 시간 체크2-91229250
[17:33:27] 11번 LPR OK 전송
[17:34:25] Ping 시간 체크1-91287234
[17:34:25] Ping 시간 체크2-91287250
[17:34:25] 12번 LPR OK 전송
[17:34:27] Ping 시간 체크1-91289250
[17:34:27] Ping 시간 체크2-91289250
[17:34:27] 11번 LPR OK 전송
[17:35:25] Ping 시간 체크1-91347234
[17:35:25] Ping 시간 체크2-91347234
[17:35:25] 12번 LPR OK 전송
[17:35:27] Ping 시간 체크1-91349250
[17:35:27] Ping 시간 체크2-91349250
[17:35:27] 11번 LPR OK 전송
[17:36:25] Ping 시간 체크1-91407234
[17:36:25] Ping 시간 체크2-91407234
[17:36:25] 12번 LPR OK 전송
[17:36:27] Ping 시간 체크1-91409250
[17:36:27] Ping 시간 체크2-91409250
[17:36:27] 11번 LPR OK 전송
[17:37:25] Ping 시간 체크1-91467234
[17:37:25] Ping 시간 체크2-91467250
[17:37:25] 12번 LPR OK 전송
[17:37:27] Ping 시간 체크1-91469250
[17:37:27] Ping 시간 체크2-91469250
[17:37:27] 11번 LPR OK 전송
[17:38:25] Ping 시간 체크1-91527234
[17:38:25] Ping 시간 체크2-91527234
[17:38:25] 12번 LPR OK 전송
[17:38:27] Ping 시간 체크1-91529250
[17:38:27] Ping 시간 체크2-91529250
[17:38:27] 11번 LPR OK 전송
[17:39:25] Ping 시간 체크1-91587234
[17:39:25] Ping 시간 체크2-91587234
[17:39:25] 12번 LPR OK 전송
[17:39:27] Ping 시간 체크1-91589250
[17:39:27] Ping 시간 체크2-91589250
[17:39:27] 11번 LPR OK 전송
[17:40:25] Ping 시간 체크1-91647234
[17:40:25] Ping 시간 체크2-91647234
[17:40:25] 12번 LPR OK 전송
[17:40:27] Ping 시간 체크1-91649250
[17:40:27] Ping 시간 체크2-91649250
[17:40:27] 11번 LPR OK 전송
[17:41:25] Ping 시간 체크1-91707234
[17:41:25] Ping 시간 체크2-91707234
[17:41:25] 12번 LPR OK 전송
[17:41:25] Ping 시간 체크1-91707234
[17:41:25] Ping 시간 체크2-91707250
[17:41:25] 12번 LPR 시간동기화 전송
[17:41:27] Ping 시간 체크1-91709250
[17:41:27] Ping 시간 체크2-91709250
[17:41:27] 11번 LPR OK 전송
[17:42:25] Ping 시간 체크1-91767234
[17:42:25] Ping 시간 체크2-91767250
[17:42:25] 12번 LPR OK 전송
[17:42:27] Ping 시간 체크1-91769250
[17:42:27] Ping 시간 체크2-91769265
[17:42:27] 11번 LPR OK 전송
[17:43:25] Ping 시간 체크1-91827234
[17:43:25] Ping 시간 체크2-91827234
[17:43:25] 12번 LPR OK 전송
[17:43:27] Ping 시간 체크1-91829250
[17:43:27] Ping 시간 체크2-91829250
[17:43:27] 11번 LPR OK 전송
[17:44:25] Ping 시간 체크1-91887234
[17:44:25] Ping 시간 체크2-91887234
[17:44:25] 12번 LPR OK 전송
[17:44:27] Ping 시간 체크1-91889250
[17:44:27] Ping 시간 체크2-91889265
[17:44:27] 11번 LPR OK 전송
[17:45:25] Ping 시간 체크1-91947234
[17:45:25] Ping 시간 체크2-91947234
[17:45:25] 12번 LPR OK 전송
[17:45:27] Ping 시간 체크1-91949250
[17:45:27] Ping 시간 체크2-91949265
[17:45:27] 11번 LPR OK 전송
[17:46:25] Ping 시간 체크1-92007234
[17:46:25] Ping 시간 체크2-92007234
[17:46:25] 12번 LPR OK 전송
[17:46:27] Ping 시간 체크1-92009250
[17:46:27] Ping 시간 체크2-92009265
[17:46:27] 11번 LPR OK 전송
[17:47:25] Ping 시간 체크1-92067234
[17:47:25] Ping 시간 체크2-92067234
[17:47:25] 12번 LPR OK 전송
[17:47:27] Ping 시간 체크1-92069250
[17:47:27] Ping 시간 체크2-92069250
[17:47:27] 11번 LPR OK 전송
[17:48:25] Ping 시간 체크1-92127234
[17:48:25] Ping 시간 체크2-92127234
[17:48:25] 12번 LPR OK 전송
[17:48:27] Ping 시간 체크1-92129250
[17:48:27] Ping 시간 체크2-92129515
[17:48:27] 11번 LPR OK 전송
[17:49:25] Ping 시간 체크1-92187234
[17:49:25] Ping 시간 체크2-92187234
[17:49:25] 12번 LPR OK 전송
[17:49:27] Ping 시간 체크1-92189250
[17:49:27] Ping 시간 체크2-92189250
[17:49:27] 11번 LPR OK 전송
[17:50:25] Ping 시간 체크1-92247234
[17:50:25] Ping 시간 체크2-92247250
[17:50:25] 12번 LPR OK 전송
[17:50:27] Ping 시간 체크1-92249250
[17:50:27] Ping 시간 체크2-92249250
[17:50:27] 11번 LPR OK 전송
[17:51:25] Ping 시간 체크1-92307234
[17:51:25] Ping 시간 체크2-92307250
[17:51:25] 12번 LPR OK 전송
[17:51:27] Ping 시간 체크1-92309250
[17:51:27] Ping 시간 체크2-92309265
[17:51:27] 11번 LPR OK 전송
[17:52:25] Ping 시간 체크1-92367234
[17:52:25] Ping 시간 체크2-92367234
[17:52:25] 12번 LPR OK 전송
[17:52:27] Ping 시간 체크1-92369250
[17:52:27] Ping 시간 체크2-92369250
[17:52:27] 11번 LPR OK 전송
[17:53:25] Ping 시간 체크1-92427234
[17:53:25] Ping 시간 체크2-92427234
[17:53:25] 12번 LPR OK 전송
[17:53:27] Ping 시간 체크1-92429250
[17:53:27] Ping 시간 체크2-92429250
[17:53:27] 11번 LPR OK 전송
[17:54:25] Ping 시간 체크1-92487234
[17:54:25] Ping 시간 체크2-92487234
[17:54:25] 12번 LPR OK 전송
[17:54:27] Ping 시간 체크1-92489250
[17:54:27] Ping 시간 체크2-92489250
[17:54:27] 11번 LPR OK 전송
[17:55:25] Ping 시간 체크1-92547234
[17:55:25] Ping 시간 체크2-92547234
[17:55:25] 12번 LPR OK 전송
[17:55:27] Ping 시간 체크1-92549250
[17:55:27] Ping 시간 체크2-92549265
[17:55:27] 11번 LPR OK 전송
[17:56:25] Ping 시간 체크1-92607234
[17:56:25] Ping 시간 체크2-92607234
[17:56:25] 12번 LPR OK 전송
[17:56:27] Ping 시간 체크1-92609250
[17:56:27] Ping 시간 체크2-92609265
[17:56:27] 11번 LPR OK 전송
[17:57:25] Ping 시간 체크1-92667234
[17:57:25] Ping 시간 체크2-92667234
[17:57:25] 12번 LPR OK 전송
[17:57:27] Ping 시간 체크1-92669250
[17:57:27] Ping 시간 체크2-92669250
[17:57:27] 11번 LPR OK 전송
[17:58:25] Ping 시간 체크1-92727234
[17:58:25] Ping 시간 체크2-92727250
[17:58:25] 12번 LPR OK 전송
[17:58:27] Ping 시간 체크1-92729250
[17:58:27] Ping 시간 체크2-92729265
[17:58:27] 11번 LPR OK 전송
[17:59:25] Ping 시간 체크1-92787234
[17:59:25] Ping 시간 체크2-92787234
[17:59:25] 12번 LPR OK 전송
[17:59:27] Ping 시간 체크1-92789250
[17:59:27] Ping 시간 체크2-92789265
[17:59:27] 11번 LPR OK 전송
[18:00:25] Ping 시간 체크1-92847234
[18:00:25] Ping 시간 체크2-92847234
[18:00:25] 12번 LPR OK 전송
[18:00:27] Ping 시간 체크1-92849250
[18:00:27] Ping 시간 체크2-92849250
[18:00:27] 11번 LPR OK 전송
[18:01:25] Ping 시간 체크1-92907234
[18:01:25] Ping 시간 체크2-92907234
[18:01:25] 12번 LPR OK 전송
[18:01:27] Ping 시간 체크1-92909250
[18:01:27] Ping 시간 체크2-92909250
[18:01:27] 11번 LPR OK 전송
[18:02:25] Ping 시간 체크1-92967234
[18:02:25] Ping 시간 체크2-92967234
[18:02:25] 12번 LPR OK 전송
[18:02:27] Ping 시간 체크1-92969250
[18:02:27] Ping 시간 체크2-92969250
[18:02:27] 11번 LPR OK 전송
[18:03:25] Ping 시간 체크1-93027234
[18:03:25] Ping 시간 체크2-93027234
[18:03:25] 12번 LPR OK 전송
[18:03:27] Ping 시간 체크1-93029250
[18:03:27] Ping 시간 체크2-93029515
[18:03:27] 11번 LPR OK 전송
[18:04:25] Ping 시간 체크1-93087234
[18:04:25] Ping 시간 체크2-93087234
[18:04:25] 12번 LPR OK 전송
[18:04:27] Ping 시간 체크1-93089250
[18:04:27] Ping 시간 체크2-93089250
[18:04:27] 11번 LPR OK 전송
[18:05:25] Ping 시간 체크1-93147234
[18:05:25] Ping 시간 체크2-93147234
[18:05:25] 12번 LPR OK 전송
[18:05:27] Ping 시간 체크1-93149250
[18:05:27] Ping 시간 체크2-93149250
[18:05:27] 11번 LPR OK 전송
[18:06:25] Ping 시간 체크1-93207234
[18:06:25] Ping 시간 체크2-93207234
[18:06:25] 12번 LPR OK 전송
[18:06:27] Ping 시간 체크1-93209250
[18:06:27] Ping 시간 체크2-93209250
[18:06:27] 11번 LPR OK 전송
[18:07:25] Ping 시간 체크1-93267234
[18:07:25] Ping 시간 체크2-93267234
[18:07:25] 12번 LPR OK 전송
[18:07:27] Ping 시간 체크1-93269250
[18:07:27] Ping 시간 체크2-93269250
[18:07:27] 11번 LPR OK 전송
[18:08:25] Ping 시간 체크1-93327234
[18:08:25] Ping 시간 체크2-93327234
[18:08:25] 12번 LPR OK 전송
[18:08:27] Ping 시간 체크1-93329250
[18:08:27] Ping 시간 체크2-93329250
[18:08:27] 11번 LPR OK 전송
[18:09:25] Ping 시간 체크1-93387234
[18:09:25] Ping 시간 체크2-93387234
[18:09:25] 12번 LPR OK 전송
[18:09:27] Ping 시간 체크1-93389250
[18:09:27] Ping 시간 체크2-93389250
[18:09:27] 11번 LPR OK 전송
[18:10:25] Ping 시간 체크1-93447234
[18:10:25] Ping 시간 체크2-93447234
[18:10:25] 12번 LPR OK 전송
[18:10:27] Ping 시간 체크1-93449250
[18:10:27] Ping 시간 체크2-93449250
[18:10:27] 11번 LPR OK 전송
[18:11:25] Ping 시간 체크1-93507234
[18:11:25] Ping 시간 체크2-93507234
[18:11:25] 12번 LPR OK 전송
[18:11:27] Ping 시간 체크1-93509250
[18:11:27] Ping 시간 체크2-93509250
[18:11:27] 11번 LPR OK 전송
[18:12:25] Ping 시간 체크1-93567234
[18:12:25] Ping 시간 체크2-93567234
[18:12:25] 12번 LPR OK 전송
[18:12:27] Ping 시간 체크1-93569250
[18:12:27] Ping 시간 체크2-93569265
[18:12:27] 11번 LPR OK 전송
[18:13:25] Ping 시간 체크1-93627234
[18:13:25] Ping 시간 체크2-93627234
[18:13:25] 12번 LPR OK 전송
[18:13:27] Ping 시간 체크1-93629250
[18:13:27] Ping 시간 체크2-93629250
[18:13:27] 11번 LPR OK 전송
[18:14:25] Ping 시간 체크1-93687234
[18:14:25] Ping 시간 체크2-93687234
[18:14:25] 12번 LPR OK 전송
[18:14:27] Ping 시간 체크1-93689250
[18:14:27] Ping 시간 체크2-93689250
[18:14:27] 11번 LPR OK 전송
[18:15:02] LPR11 Recv: LPR_N
[18:15:07] LPR11 Recv: LPR_N
[18:15:08] LPR11 Recv: LPR_R
[18:15:08] 시간동기화 전송
[18:15:25] Ping 시간 체크1-93747234
[18:15:25] Ping 시간 체크2-93747234
[18:15:25] 12번 LPR OK 전송
[18:16:08] Ping 시간 체크1-93789828
[18:16:08] Ping 시간 체크2-93789843
[18:16:08] 11번 LPR OK 전송
[18:16:25] Ping 시간 체크1-93807234
[18:16:25] Ping 시간 체크2-93807234
[18:16:25] 12번 LPR OK 전송
[18:17:08] Ping 시간 체크1-93849828
[18:17:08] Ping 시간 체크2-93849828
[18:17:08] 11번 LPR OK 전송
[18:17:25] Ping 시간 체크1-93867234
[18:17:25] Ping 시간 체크2-93867234
[18:17:25] 12번 LPR OK 전송
[18:18:08] Ping 시간 체크1-93909828
[18:18:08] Ping 시간 체크2-93909828
[18:18:08] 11번 LPR OK 전송
[18:18:25] Ping 시간 체크1-93927234
[18:18:25] Ping 시간 체크2-93927234
[18:18:25] 12번 LPR OK 전송
[18:19:08] Ping 시간 체크1-93969828
[18:19:08] Ping 시간 체크2-93969828
[18:19:08] 11번 LPR OK 전송
[18:19:25] Ping 시간 체크1-93987234
[18:19:25] Ping 시간 체크2-93987234
[18:19:25] 12번 LPR OK 전송
[18:20:08] Ping 시간 체크1-94029828
[18:20:08] Ping 시간 체크2-94029843
[18:20:08] 11번 LPR OK 전송
[18:20:25] Ping 시간 체크1-94047234
[18:20:25] Ping 시간 체크2-94047234
[18:20:25] 12번 LPR OK 전송
[18:21:08] Ping 시간 체크1-94089828
[18:21:08] Ping 시간 체크2-94089828
[18:21:08] 11번 LPR OK 전송
[18:21:25] Ping 시간 체크1-94107234
[18:21:25] Ping 시간 체크2-94107234
[18:21:25] 12번 LPR OK 전송
[18:22:08] Ping 시간 체크1-94149828
[18:22:08] Ping 시간 체크2-94149828
[18:22:08] 11번 LPR OK 전송
[18:22:25] Ping 시간 체크1-94167234
[18:22:25] Ping 시간 체크2-94167234
[18:22:25] 12번 LPR OK 전송
[18:23:08] Ping 시간 체크1-94209828
[18:23:08] Ping 시간 체크2-94209828
[18:23:08] 11번 LPR OK 전송
[18:23:25] Ping 시간 체크1-94227234
[18:23:25] Ping 시간 체크2-94227250
[18:23:25] 12번 LPR OK 전송
[18:24:08] Ping 시간 체크1-94269828
[18:24:08] Ping 시간 체크2-94269828
[18:24:08] 11번 LPR OK 전송
[18:24:25] Ping 시간 체크1-94287234
[18:24:25] Ping 시간 체크2-94287250
[18:24:25] 12번 LPR OK 전송
[18:25:08] Ping 시간 체크1-94329828
[18:25:08] Ping 시간 체크2-94329828
[18:25:08] 11번 LPR OK 전송
[18:25:25] Ping 시간 체크1-94347234
[18:25:25] Ping 시간 체크2-94347234
[18:25:25] 12번 LPR OK 전송
[18:26:08] Ping 시간 체크1-94389828
[18:26:08] Ping 시간 체크2-94389828
[18:26:08] 11번 LPR OK 전송
[18:26:15] Program Close
