[16:04:25] Program Start!
[16:04:28] 근무시작: 배은화
[16:04:28] 영수증프린터 포트오픈 에러: ie_BadId - Specified comport doesn't exist
[16:04:28] Ping 시간 체크1-155231203
[16:04:28] Ping 시간 체크2-155231500
[16:04:28] Ping 시간 체크1-155231500
[16:04:29] Ping 시간 체크2-155232000
[16:04:29] Ping 시간 체크1-155232000
[16:04:29] Ping 시간 체크2-155232500
[16:04:29] Ping 시간 체크1-155232500
[16:04:30] Ping 시간 체크2-155233000
[16:05:28] Ping 시간 체크1-155291203
[16:05:28] Ping 시간 체크2-155291500
[16:05:28] Ping 시간 체크1-155291500
[16:05:29] Ping 시간 체크2-155292000
[16:06:28] Ping 시간 체크1-155351203
[16:06:28] Ping 시간 체크2-155351500
[16:06:28] Ping 시간 체크1-155351500
[16:06:29] Ping 시간 체크2-155352000
[16:07:28] Ping 시간 체크1-155411203
[16:07:28] Ping 시간 체크2-155411500
[16:07:28] Ping 시간 체크1-155411500
[16:07:29] Ping 시간 체크2-155412000
[16:08:28] Ping 시간 체크1-155471203
[16:08:28] Ping 시간 체크2-155471500
[16:08:28] Ping 시간 체크1-155471500
[16:08:29] Ping 시간 체크2-155472000
[16:09:28] Ping 시간 체크1-155531203
[16:09:28] Ping 시간 체크2-155531500
[16:09:28] Ping 시간 체크1-155531500
[16:09:29] Ping 시간 체크2-155532000
[16:10:28] Ping 시간 체크1-155591203
[16:10:28] Ping 시간 체크2-155591500
[16:10:28] Ping 시간 체크1-155591500
[16:10:29] Ping 시간 체크2-155592000
[16:11:28] Ping 시간 체크1-155651203
[16:11:28] Ping 시간 체크2-155651500
[16:11:28] Ping 시간 체크1-155651500
[16:11:29] Ping 시간 체크2-155652000
[16:12:28] Ping 시간 체크1-155711203
[16:12:28] Ping 시간 체크2-155711500
[16:12:28] Ping 시간 체크1-155711703
[16:12:29] Ping 시간 체크2-155712000
[16:13:28] Ping 시간 체크1-155771203
[16:13:28] Ping 시간 체크2-155771500
[16:13:28] Ping 시간 체크1-155771500
[16:13:29] Ping 시간 체크2-155772000
[16:14:28] Ping 시간 체크1-155831203
[16:14:28] Ping 시간 체크2-155831500
[16:14:28] Ping 시간 체크1-155831500
[16:14:29] Ping 시간 체크2-155832000
[16:15:28] Ping 시간 체크1-155891203
[16:15:28] Ping 시간 체크2-155891500
[16:15:28] Ping 시간 체크1-155891500
[16:15:29] Ping 시간 체크2-155892000
[16:16:28] Ping 시간 체크1-155951203
[16:16:28] Ping 시간 체크2-155951500
[16:16:28] Ping 시간 체크1-155951500
[16:16:29] Ping 시간 체크2-155952000
[16:17:28] Ping 시간 체크1-156011203
[16:17:28] Ping 시간 체크2-156011500
[16:17:28] Ping 시간 체크1-156011500
[16:17:29] Ping 시간 체크2-156012000
[16:18:28] Ping 시간 체크1-156071203
[16:18:28] Ping 시간 체크2-156071500
[16:18:28] Ping 시간 체크1-156071500
[16:18:29] Ping 시간 체크2-156072000
[16:19:28] Ping 시간 체크1-156131203
[16:19:28] Ping 시간 체크2-156131500
[16:19:28] Ping 시간 체크1-156131500
[16:19:29] Ping 시간 체크2-156132000
[16:20:28] Ping 시간 체크1-156191203
[16:20:28] Ping 시간 체크2-156191500
[16:20:28] Ping 시간 체크1-156191500
[16:20:29] Ping 시간 체크2-156192000
[16:21:28] Ping 시간 체크1-156251203
[16:21:28] Ping 시간 체크2-156251500
[16:21:29] Ping 시간 체크1-156251750
[16:21:29] Ping 시간 체크2-156252000
[16:22:28] Ping 시간 체크1-156311203
[16:22:28] Ping 시간 체크2-156311500
[16:22:28] Ping 시간 체크1-156311500
[16:22:29] Ping 시간 체크2-156312000
[16:23:28] Ping 시간 체크1-156371203
[16:23:28] Ping 시간 체크2-156371500
[16:23:28] Ping 시간 체크1-156371500
[16:23:29] Ping 시간 체크2-156372000
[16:24:28] Ping 시간 체크1-156431203
[16:24:28] Ping 시간 체크2-156431500
[16:24:28] Ping 시간 체크1-156431500
[16:24:29] Ping 시간 체크2-156432000
[16:25:28] Ping 시간 체크1-156491203
[16:25:28] Ping 시간 체크2-156491500
[16:25:28] Ping 시간 체크1-156491500
[16:25:29] Ping 시간 체크2-156492000
[16:26:28] Ping 시간 체크1-156551203
[16:26:28] Ping 시간 체크2-156551500
[16:26:28] Ping 시간 체크1-156551500
[16:26:29] Ping 시간 체크2-156552000
[16:27:28] Ping 시간 체크1-156611203
[16:27:28] Ping 시간 체크2-156611500
[16:27:28] Ping 시간 체크1-156611500
[16:27:29] Ping 시간 체크2-156612000
[16:28:28] Ping 시간 체크1-156671203
[16:28:28] Ping 시간 체크2-156671500
[16:28:28] Ping 시간 체크1-156671500
[16:28:29] Ping 시간 체크2-156672000
[16:29:28] Ping 시간 체크1-156731203
[16:29:28] Ping 시간 체크2-156731500
[16:29:28] Ping 시간 체크1-156731500
[16:29:29] Ping 시간 체크2-156732000
[16:30:28] Ping 시간 체크1-156791203
[16:30:28] Ping 시간 체크2-156791500
[16:30:28] Ping 시간 체크1-156791500
[16:30:29] Ping 시간 체크2-156792000
[16:31:28] Ping 시간 체크1-156851203
[16:31:28] Ping 시간 체크2-156851500
[16:31:28] Ping 시간 체크1-156851500
[16:31:29] Ping 시간 체크2-156852000
[16:32:28] Ping 시간 체크1-156911203
[16:32:28] Ping 시간 체크2-156911500
[16:32:28] Ping 시간 체크1-156911500
[16:32:29] Ping 시간 체크2-156912000
[16:33:28] Ping 시간 체크1-156971203
[16:33:28] Ping 시간 체크2-156971500
[16:33:28] Ping 시간 체크1-156971500
[16:33:29] Ping 시간 체크2-156972000
[16:34:28] Ping 시간 체크1-157031203
[16:34:28] Ping 시간 체크2-157031500
[16:34:28] Ping 시간 체크1-157031500
[16:34:29] Ping 시간 체크2-157032000
[16:35:28] Ping 시간 체크1-157091203
[16:35:28] Ping 시간 체크2-157091500
[16:35:28] Ping 시간 체크1-157091500
[16:35:29] Ping 시간 체크2-157092000
[16:36:28] Ping 시간 체크1-157151203
[16:36:28] Ping 시간 체크2-157151500
[16:36:28] Ping 시간 체크1-157151500
[16:36:29] Ping 시간 체크2-157152000
[16:37:28] Ping 시간 체크1-157211203
[16:37:28] Ping 시간 체크2-157211500
[16:37:28] Ping 시간 체크1-157211500
[16:37:29] Ping 시간 체크2-157212000
[16:38:28] Ping 시간 체크1-157271203
[16:38:28] Ping 시간 체크2-157271500
[16:38:28] Ping 시간 체크1-157271500
[16:38:29] Ping 시간 체크2-157272000
[16:39:28] Ping 시간 체크1-157331203
[16:39:28] Ping 시간 체크2-157331500
[16:39:28] Ping 시간 체크1-157331500
[16:39:29] Ping 시간 체크2-157332000
[16:40:28] Ping 시간 체크1-157391203
[16:40:28] Ping 시간 체크2-157391500
[16:40:28] Ping 시간 체크1-157391500
[16:40:29] Ping 시간 체크2-157392000
[16:41:28] Ping 시간 체크1-157451203
[16:41:28] Ping 시간 체크2-157451500
[16:41:28] Ping 시간 체크1-157451500
[16:41:29] Ping 시간 체크2-157452000
[16:42:28] Ping 시간 체크1-157511203
[16:42:28] Ping 시간 체크2-157511500
[16:42:28] Ping 시간 체크1-157511500
[16:42:29] Ping 시간 체크2-157512000
[16:43:28] Ping 시간 체크1-157571203
[16:43:28] Ping 시간 체크2-157571500
[16:43:28] Ping 시간 체크1-157571500
[16:43:29] Ping 시간 체크2-157572000
[16:44:28] Ping 시간 체크1-157631203
[16:44:28] Ping 시간 체크2-157631500
[16:44:28] Ping 시간 체크1-157631500
[16:44:29] Ping 시간 체크2-157632000
[16:45:28] Ping 시간 체크1-157691203
[16:45:28] Ping 시간 체크2-157691500
[16:45:28] Ping 시간 체크1-157691500
[16:45:29] Ping 시간 체크2-157692000
[16:46:28] Ping 시간 체크1-157751203
[16:46:28] Ping 시간 체크2-157751500
[16:46:28] Ping 시간 체크1-157751500
[16:46:29] Ping 시간 체크2-157752000
[16:47:28] Ping 시간 체크1-157811203
[16:47:28] Ping 시간 체크2-157811500
[16:47:28] Ping 시간 체크1-157811500
[16:47:29] Ping 시간 체크2-157812000
[16:48:28] Ping 시간 체크1-157871203
[16:48:28] Ping 시간 체크2-157871500
[16:48:28] Ping 시간 체크1-157871500
[16:48:29] Ping 시간 체크2-157872000
[16:49:28] Ping 시간 체크1-157931203
[16:49:28] Ping 시간 체크2-157931500
[16:49:28] Ping 시간 체크1-157931500
[16:49:29] Ping 시간 체크2-157932000
[16:50:28] Ping 시간 체크1-157991203
[16:50:28] Ping 시간 체크2-157991500
[16:50:28] Ping 시간 체크1-157991500
[16:50:29] Ping 시간 체크2-157992000
[16:51:28] Ping 시간 체크1-158051203
[16:51:28] Ping 시간 체크2-158051500
[16:51:28] Ping 시간 체크1-158051500
[16:51:29] Ping 시간 체크2-158052000
[16:52:28] Ping 시간 체크1-158111203
[16:52:28] Ping 시간 체크2-158111500
[16:52:28] Ping 시간 체크1-158111500
[16:52:29] Ping 시간 체크2-158112000
[16:53:28] Ping 시간 체크1-158171203
[16:53:28] Ping 시간 체크2-158171500
[16:53:28] Ping 시간 체크1-158171500
[16:53:29] Ping 시간 체크2-158172000
[16:54:28] Ping 시간 체크1-158231203
[16:54:28] Ping 시간 체크2-158231500
[16:54:28] Ping 시간 체크1-158231500
[16:54:29] Ping 시간 체크2-158232000
[16:55:28] Ping 시간 체크1-158291203
[16:55:28] Ping 시간 체크2-158291500
[16:55:28] Ping 시간 체크1-158291500
[16:55:29] Ping 시간 체크2-158292000
[16:56:28] Ping 시간 체크1-158351203
[16:56:28] Ping 시간 체크2-158351500
[16:56:28] Ping 시간 체크1-158351500
[16:56:29] Ping 시간 체크2-158352000
[16:57:28] Ping 시간 체크1-158411203
[16:57:28] Ping 시간 체크2-158411500
[16:57:28] Ping 시간 체크1-158411718
[16:57:29] Ping 시간 체크2-158412000
[16:58:28] Ping 시간 체크1-158471203
[16:58:28] Ping 시간 체크2-158471500
[16:58:28] Ping 시간 체크1-158471500
[16:58:29] Ping 시간 체크2-158472000
[16:59:28] Ping 시간 체크1-158531203
[16:59:28] Ping 시간 체크2-158531500
[16:59:28] Ping 시간 체크1-158531500
[16:59:29] Ping 시간 체크2-158532000
[17:00:28] Ping 시간 체크1-158591203
[17:00:28] Ping 시간 체크2-158591500
[17:00:28] Ping 시간 체크1-158591500
[17:00:29] Ping 시간 체크2-158592000
[17:01:28] Ping 시간 체크1-158651203
[17:01:28] Ping 시간 체크2-158651500
[17:01:28] Ping 시간 체크1-158651500
[17:01:29] Ping 시간 체크2-158652000
[17:02:28] Ping 시간 체크1-158711203
[17:02:28] Ping 시간 체크2-158711500
[17:02:28] Ping 시간 체크1-158711500
[17:02:29] Ping 시간 체크2-158712000
[17:03:28] Ping 시간 체크1-158771203
[17:03:28] Ping 시간 체크2-158771500
[17:03:28] Ping 시간 체크1-158771500
[17:03:29] Ping 시간 체크2-158772000
[17:04:28] Ping 시간 체크1-158831203
[17:04:28] Ping 시간 체크2-158831500
[17:04:28] Ping 시간 체크1-158831500
[17:04:29] Ping 시간 체크2-158832000
[17:05:28] Ping 시간 체크1-158891203
[17:05:28] Ping 시간 체크2-158891500
[17:05:28] Ping 시간 체크1-158891500
[17:05:29] Ping 시간 체크2-158892000
[17:06:28] Ping 시간 체크1-158951203
[17:06:28] Ping 시간 체크2-158951500
[17:06:28] Ping 시간 체크1-158951500
[17:06:29] Ping 시간 체크2-158952000
[17:07:28] Ping 시간 체크1-159011203
[17:07:28] Ping 시간 체크2-159011500
[17:07:28] Ping 시간 체크1-159011500
[17:07:29] Ping 시간 체크2-159012000
[17:08:28] Ping 시간 체크1-159071203
[17:08:28] Ping 시간 체크2-159071500
[17:08:28] Ping 시간 체크1-159071500
[17:08:29] Ping 시간 체크2-159072000
[17:09:28] Ping 시간 체크1-159131203
[17:09:28] Ping 시간 체크2-159131500
[17:09:28] Ping 시간 체크1-159131500
[17:09:29] Ping 시간 체크2-159132000
[17:10:28] Ping 시간 체크1-159191203
[17:10:28] Ping 시간 체크2-159191500
[17:10:28] Ping 시간 체크1-159191500
[17:10:29] Ping 시간 체크2-159192000
[17:11:08] Program Close
[18:18:18] Program Start!
[18:18:20] 근무시작: 배은화
[18:18:20] 영수증프린터 포트오픈 에러: ie_BadId - Specified comport doesn't exist
[18:18:20] Ping 시간 체크1-163263359
[18:18:20] Ping 시간 체크2-163263500
[18:18:20] Ping 시간 체크1-163263500
[18:18:21] Ping 시간 체크2-163264000
[18:18:21] Ping 시간 체크1-163264000
[18:18:21] Ping 시간 체크2-163264500
[18:18:21] Ping 시간 체크1-163264500
[18:18:22] Ping 시간 체크2-163265000
[18:18:26] Program Close
