[08:49:30] Program Start!
[08:49:30] TfrmMainNew.GetParkingCnt: 개체 이름 'ParkingCnt'이(가) 잘못되었습니다
[08:58:52] 근무시작: 배은화
[08:58:52] 설치된 영수증프린터가 없음!
[08:58:52] Ping 시간 체크1-347706359
[08:58:52] Ping 시간 체크2-347706375
[08:58:52] Ping 시간 체크1-347706375
[08:58:52] Ping 시간 체크2-347706390
[08:58:52] Ping 시간 체크1-347706390
[08:58:52] Ping 시간 체크2-347706406
[08:58:52] Ping 시간 체크1-347706406
[08:58:52] Ping 시간 체크2-347706421
[08:58:52] LPR11 Recv: 172.16.83.1
[08:58:52] LPR12 Recv: 172.16.83.1
[08:58:52] LPR12 Recv: LPR_N
[08:58:53] LPR11 Recv: LPR_R
[08:58:53] 시간동기화 전송
[08:58:53] LPR12 Recv: LPR_N
[08:58:57] Program Close
[09:02:51] Program Start!
[09:02:51] TfrmMainNew.GetParkingCnt: 개체 이름 'ParkingCnt'이(가) 잘못되었습니다
[09:02:52] 근무시작: 배은화
[09:02:52] 설치된 영수증프린터가 없음!
[09:02:52] Ping 시간 체크1-347947453
[09:02:52] Ping 시간 체크2-347947468
[09:02:52] Ping 시간 체크1-347947468
[09:02:52] Ping 시간 체크2-347947484
[09:02:52] Ping 시간 체크1-347947500
[09:02:52] Ping 시간 체크2-347947515
[09:02:52] Ping 시간 체크1-347947515
[09:02:52] Ping 시간 체크2-347947531
[09:02:52] LPR11 Recv: 172.16.83.1
[09:02:52] LPR12 Recv: 172.16.83.1
[09:02:53] LPR12 Recv: LPR_N
[09:02:53] LPR11 Recv: LPR_R
[09:02:53] 시간동기화 전송
[09:02:58] LPR12 Recv: LPR_N
[09:03:03] LPR12 Recv: LPR_N
[09:03:08] LPR12 Recv: LPR_N
[09:03:11] LPR11 Recv: CH1#경기46로8862#O#\2014\09\02\CH1_20140902090310_경기46로8862.jpg
[09:03:11] LPR Check: 경기46로8862,http://172.16.66.33:9080/MSImage/2014/09/02/CH1_20140902090310_경기46로8862.jpg,1,,,0, 2014-09-02 09:03:10
[09:03:11] File: \\172.16.66.33\MSImage\2014\09\02\CH1_20140902090310_경기46로8862.jpg
[09:03:11] 일반차량: 경기46로8862, 
[09:03:11] NormalProc: 개체 이름 'BlackList'이(가) 잘못되었습니다
[09:03:14] LPR12 Recv: LPR_N
[09:03:18] LPR11 Recv: CH1#경기46로8862#O#\2014\09\02\CH1_20140902090317_경기46로8862.jpg
[09:03:18] LPR Check: 경기46로8862,http://172.16.66.33:9080/MSImage/2014/09/02/CH1_20140902090317_경기46로8862.jpg,1,,,0, 2014-09-02 09:03:17
[09:03:18] File: \\172.16.66.33\MSImage\2014\09\02\CH1_20140902090317_경기46로8862.jpg
[09:03:18] 일반차량: 경기46로8862, 
[09:03:18] NormalProc: 개체 이름 'BlackList'이(가) 잘못되었습니다
[09:03:19] LPR12 Recv: LPR_N
[09:03:24] Program Close
[09:49:18] Program Start!
[09:49:18] TfrmMainNew.GetParkingCnt: 개체 이름 'ParkingCnt'이(가) 잘못되었습니다
[09:49:19] 근무시작: 배은화
[09:49:19] 설치된 영수증프린터가 없음!
[09:49:19] Ping 시간 체크1-1670968
[09:49:19] Ping 시간 체크2-1670968
[09:49:19] Ping 시간 체크1-1670984
[09:49:19] Ping 시간 체크2-1670984
[09:49:19] Ping 시간 체크1-1670984
[09:49:19] Ping 시간 체크2-1671000
[09:49:19] Ping 시간 체크1-1671000
[09:49:19] Ping 시간 체크2-1671000
[09:49:20] LPR12 Recv: 172.16.83.1
[09:49:20] LPR11 Recv: 172.16.83.1
[09:49:20] LPR12 Recv: LPR_N
[09:49:21] LPR11 Recv: LPR_R
[09:49:21] 시간동기화 전송
[09:49:22] LPR12 Recv: LPR_N
[09:49:27] LPR12 Recv: LPR_N
[09:49:33] LPR12 Recv: LPR_N
[09:49:38] LPR12 Recv: LPR_N
[09:49:43] LPR12 Recv: LPR_N
[09:49:48] LPR12 Recv: LPR_N
[09:49:54] LPR12 Recv: LPR_N
[09:49:59] LPR12 Recv: LPR_N
[09:50:04] LPR12 Recv: LPR_N
[09:50:09] LPR12 Recv: LPR_N
[09:50:15] LPR12 Recv: LPR_N
[09:50:20] LPR12 Recv: LPR_N
[09:50:21] Ping 시간 체크1-1732765
[09:50:21] Ping 시간 체크2-1732781
[09:50:21] 11번 LPR OK 전송
[09:50:25] LPR12 Recv: LPR_N
[09:50:30] LPR12 Recv: LPR_N
[09:50:35] LPR12 Recv: LPR_N
[09:50:41] LPR12 Recv: LPR_N
[09:50:46] LPR12 Recv: LPR_N
[09:50:51] LPR12 Recv: LPR_N
[09:50:56] LPR12 Recv: LPR_N
[09:51:02] LPR12 Recv: LPR_N
[09:51:07] LPR12 Recv: LPR_N
[09:51:12] LPR12 Recv: LPR_N
[09:51:17] LPR12 Recv: LPR_N
[09:51:21] Ping 시간 체크1-1792765
[09:51:21] Ping 시간 체크2-1792765
[09:51:21] 11번 LPR OK 전송
[09:51:22] LPR12 Recv: LPR_N
[09:51:28] LPR12 Recv: LPR_N
[09:51:33] LPR12 Recv: LPR_N
[09:51:38] LPR12 Recv: LPR_N
[09:51:43] LPR12 Recv: LPR_N
[09:51:49] LPR12 Recv: LPR_N
[09:51:54] LPR12 Recv: LPR_N
[09:51:59] LPR12 Recv: LPR_N
[09:52:04] LPR12 Recv: LPR_N
[09:52:10] LPR12 Recv: LPR_N
[09:52:15] LPR12 Recv: LPR_N
[09:52:20] LPR12 Recv: LPR_N
[09:52:20] LPR11 Recv: CH1#경기46로8862#O#\2014\09\02\CH1_20140902095220_경기46로8862.jpg
[09:52:20] LPR Check: 경기46로8862,http://172.16.66.33:9080/MSImage/2014/09/02/CH1_20140902095220_경기46로8862.jpg,1,,,0, 2014-09-02 09:52:20
[09:52:20] File: \\172.16.66.33\MSImage\2014\09\02\CH1_20140902095220_경기46로8862.jpg
[09:52:20] 일반차량: 경기46로8862, 
[09:52:20] NormalProc: 개체 이름 'BlackList'이(가) 잘못되었습니다
[09:52:25] LPR12 Recv: LPR_N
[09:52:28] LPR11 Recv: CH1#0000000000#X#\2014\09\02\CH1_20140902095227_0000000000.jpg
[09:52:28] LPR Check: 0000000000,http://172.16.66.33:9080/MSImage/2014/09/02/CH1_20140902095227_0000000000.jpg,3,,,0, 2014-09-02 09:52:27
[09:52:28] File: \\172.16.66.33\MSImage\2014\09\02\CH1_20140902095227_0000000000.jpg
[09:52:28] 일반차량: 0000000000, 
[09:52:28] NormalProc: 개체 이름 'BlackList'이(가) 잘못되었습니다
[09:52:30] LPR12 Recv: LPR_N
[09:52:36] LPR12 Recv: LPR_N
[09:52:41] LPR12 Recv: LPR_N
[09:52:46] LPR12 Recv: LPR_N
[09:52:51] LPR12 Recv: LPR_N
[09:52:57] LPR12 Recv: LPR_N
[09:52:59] LPR11 Recv: CH1#0000000000#X#\2014\09\02\CH1_20140902095259_0000000000.jpg
[09:52:59] LPR Check: 0000000000,http://172.16.66.33:9080/MSImage/2014/09/02/CH1_20140902095259_0000000000.jpg,3,,,0, 2014-09-02 09:52:59
[09:52:59] File: \\172.16.66.33\MSImage\2014\09\02\CH1_20140902095259_0000000000.jpg
[09:52:59] 일반차량: 0000000000, 
[09:52:59] NormalProc: 개체 이름 'BlackList'이(가) 잘못되었습니다
[09:53:02] LPR12 Recv: LPR_N
[09:53:05] LPR11 Recv: CH1#0000000000#X#\2014\09\02\CH1_20140902095304_0000000000.jpg
[09:53:05] LPR Check: 0000000000,http://172.16.66.33:9080/MSImage/2014/09/02/CH1_20140902095304_0000000000.jpg,3,,,0, 2014-09-02 09:53:04
[09:53:05] File: \\172.16.66.33\MSImage\2014\09\02\CH1_20140902095304_0000000000.jpg
[09:53:05] 일반차량: 0000000000, 
[09:53:05] NormalProc: 개체 이름 'BlackList'이(가) 잘못되었습니다
[09:53:07] LPR12 Recv: LPR_N
[09:53:12] LPR12 Recv: LPR_N
[09:53:17] LPR12 Recv: LPR_N
[09:53:23] LPR12 Recv: LPR_N
[09:53:28] LPR12 Recv: LPR_N
[09:53:34] LPR12 Recv: LPR_N
[09:53:39] LPR12 Recv: LPR_N
[09:53:44] LPR12 Recv: LPR_N
[09:53:49] LPR12 Recv: LPR_N
[09:53:55] LPR12 Recv: LPR_N
[09:54:00] LPR12 Recv: LPR_N
[09:54:05] Ping 시간 체크1-1956609
[09:54:05] Ping 시간 체크2-1956609
[09:54:05] 11번 LPR OK 전송
[09:54:05] LPR12 Recv: LPR_N
[09:54:10] LPR12 Recv: LPR_N
[09:54:15] LPR12 Recv: LPR_N
[09:54:21] LPR12 Recv: LPR_N
[09:54:26] LPR12 Recv: LPR_N
[09:54:31] LPR12 Recv: LPR_N
[09:54:33] 수동입차: 2014-09-02, 09:54:33, 1111
[09:54:36] LPR12 Recv: LPR_N
[09:54:42] LPR12 Recv: LPR_N
[09:54:47] LPR12 Recv: LPR_N
[09:54:52] LPR12 Recv: LPR_N
[09:54:57] LPR12 Recv: LPR_N
[09:55:03] LPR12 Recv: LPR_N
[09:55:05] Ping 시간 체크1-2016609
[09:55:05] Ping 시간 체크2-2016609
[09:55:05] 11번 LPR OK 전송
[09:55:08] LPR12 Recv: LPR_N
[09:55:13] LPR12 Recv: LPR_N
[09:55:16] Ping 시간 체크1-2027390
[09:55:16] Ping 시간 체크2-2027390
[09:55:18] LPR12 Recv: LPR_N
[09:55:23] LPR12 Recv: LPR_N
[09:55:29] LPR12 Recv: LPR_N
[09:55:30] OutOpen: 개체 이름 'ParkingCnt'이(가) 잘못되었습니다
[09:55:34] LPR12 Recv: LPR_N
[09:55:35] 수동입차: 2014-09-02, 09:55:35, 1111
[09:55:39] LPR12 Recv: LPR_N
[09:55:44] LPR12 Recv: LPR_N
[09:55:47] Ping 시간 체크1-2058703
[09:55:47] Ping 시간 체크2-2058703
[09:55:50] LPR12 Recv: LPR_N
[09:55:55] LPR12 Recv: LPR_N
[09:56:00] LPR12 Recv: LPR_N
[09:56:05] Ping 시간 체크1-2076609
[09:56:05] Ping 시간 체크2-2076609
[09:56:05] 11번 LPR OK 전송
[09:56:05] LPR12 Recv: LPR_N
[09:56:10] LPR12 Recv: LPR_N
[09:56:16] LPR12 Recv: LPR_N
[09:56:21] LPR12 Recv: LPR_N
[09:56:23] Ping 시간 체크1-2094625
[09:56:23] Ping 시간 체크2-2094625
[09:56:26] LPR12 Recv: LPR_N
[09:56:31] OutOpen: 개체 이름 'ParkingCnt'이(가) 잘못되었습니다
[09:56:31] LPR12 Recv: LPR_N
[09:56:37] LPR12 Recv: LPR_N
[09:56:42] LPR12 Recv: LPR_N
[09:56:47] LPR12 Recv: LPR_N
[09:56:52] LPR12 Recv: LPR_N
[09:56:58] LPR12 Recv: LPR_N
[09:57:03] LPR12 Recv: LPR_N
[09:57:05] Ping 시간 체크1-2136609
[09:57:05] Ping 시간 체크2-2136609
[09:57:05] 11번 LPR OK 전송
[09:57:08] LPR12 Recv: LPR_N
[09:57:13] LPR12 Recv: LPR_N
[09:57:16] Program Close
[10:02:56] Program Start!
[10:02:56] TfrmMainNew.GetParkingCnt: 개체 이름 'ParkingCnt'이(가) 잘못되었습니다
[10:02:58] 근무시작: 배은화
[10:02:58] 설치된 영수증프린터가 없음!
[10:02:58] Ping 시간 체크1-2489812
[10:02:58] Ping 시간 체크2-2489828
[10:02:58] Ping 시간 체크1-2489828
[10:02:58] Ping 시간 체크2-2489843
[10:02:58] Ping 시간 체크1-2489843
[10:02:58] Ping 시간 체크2-2489859
[10:02:58] Ping 시간 체크1-2489875
[10:02:58] Ping 시간 체크2-2489875
[10:02:58] LPR12 Recv: 172.16.83.1LPR_N
[10:02:58] LPR Check: ,http://172.16.66.34:9080/MSImage172.16.83.1LPR_N,3,,,0, N   -  -     :  :  
[10:02:58] 이미지저장폴더 생성실패: C:\LPRImage\N   \  \  \12
[10:02:58] File: \\172.16.66.34\MSImage172.16.83.1LPR_N
[10:02:58] csOutLpr1Read: qryOutLpr1Proc: Cannot perform this operation on a closed dataset
[10:02:58] LPR11 Recv: 172.16.83.1
[10:02:59] LPR12 Recv: LPR_N
[10:02:59] LPR11 Recv: LPR_R
[10:02:59] 시간동기화 전송
[10:03:03] LPR12 Recv: LPR_N
[10:03:08] LPR12 Recv: LPR_N
[10:03:13] LPR12 Recv: LPR_N
[10:03:19] LPR12 Recv: LPR_N
[10:03:24] LPR12 Recv: LPR_N
[10:03:29] LPR12 Recv: LPR_N
[10:03:34] LPR12 Recv: LPR_N
[10:03:40] LPR12 Recv: LPR_N
[10:03:45] LPR12 Recv: LPR_N
[10:03:46] Ping 시간 체크1-2537859
[10:03:46] Ping 시간 체크2-2537859
[10:03:50] LPR12 Recv: LPR_N
[10:03:55] LPR12 Recv: LPR_N
[10:03:59] Ping 시간 체크1-2551000
[10:03:59] Ping 시간 체크2-2551000
[10:03:59] 11번 LPR OK 전송
[10:04:00] LPR12 Recv: LPR_N
[10:04:06] LPR12 Recv: LPR_N
[10:04:11] LPR12 Recv: LPR_N
[10:04:16] LPR12 Recv: LPR_N
[10:04:21] LPR12 Recv: LPR_N
[10:04:27] LPR12 Recv: LPR_N
[10:04:32] LPR12 Recv: LPR_N
[10:04:37] LPR12 Recv: LPR_N
[10:04:42] LPR12 Recv: LPR_N
[10:04:47] LPR12 Recv: LPR_N
[10:04:53] LPR12 Recv: LPR_N
[10:04:58] LPR12 Recv: LPR_N
[10:04:59] Ping 시간 체크1-2611000
[10:04:59] Ping 시간 체크2-2611000
[10:04:59] 11번 LPR OK 전송
[10:05:03] LPR12 Recv: LPR_N
[10:05:08] LPR12 Recv: LPR_N
[10:05:14] LPR12 Recv: LPR_N
[10:05:19] LPR12 Recv: LPR_N
[10:05:24] LPR12 Recv: LPR_N
[10:05:29] LPR12 Recv: LPR_N
[10:05:35] LPR12 Recv: LPR_N
[10:05:40] LPR12 Recv: LPR_N
[10:05:45] LPR12 Recv: LPR_N
[10:05:50] LPR12 Recv: LPR_N
[10:05:55] LPR12 Recv: LPR_N
[10:05:59] Ping 시간 체크1-2671000
[10:05:59] Ping 시간 체크2-2671000
[10:05:59] 11번 LPR OK 전송
[10:06:01] LPR12 Recv: LPR_N
[10:06:06] LPR12 Recv: LPR_N
[10:06:11] LPR12 Recv: LPR_N
[10:06:16] LPR12 Recv: LPR_N
[10:06:22] LPR12 Recv: LPR_N
[10:06:27] LPR12 Recv: LPR_N
[10:06:32] LPR12 Recv: LPR_N
[10:06:37] LPR12 Recv: LPR_N
[10:06:42] LPR12 Recv: LPR_N
[10:06:48] LPR12 Recv: LPR_N
[10:06:53] LPR12 Recv: LPR_N
[10:06:58] LPR12 Recv: LPR_N
[10:06:59] Ping 시간 체크1-2731000
[10:06:59] Ping 시간 체크2-2731015
[10:06:59] 11번 LPR OK 전송
[10:07:03] LPR12 Recv: LPR_N
[10:07:09] LPR12 Recv: LPR_N
[10:07:14] LPR12 Recv: LPR_N
[10:07:19] LPR12 Recv: LPR_N
[10:07:24] LPR12 Recv: LPR_N
[10:07:30] LPR12 Recv: LPR_N
[10:07:35] LPR12 Recv: LPR_N
[10:07:40] LPR12 Recv: LPR_N
[10:07:45] LPR12 Recv: LPR_N
[10:07:50] LPR12 Recv: LPR_N
[10:07:56] LPR12 Recv: LPR_N
[10:07:59] Ping 시간 체크1-2791000
[10:07:59] Ping 시간 체크2-2791000
[10:07:59] 11번 LPR OK 전송
[10:08:01] LPR12 Recv: LPR_N
[10:08:06] LPR12 Recv: LPR_N
[10:08:11] LPR12 Recv: LPR_N
[10:08:17] LPR12 Recv: LPR_N
[10:08:22] LPR12 Recv: LPR_N
[10:08:27] LPR12 Recv: LPR_N
[10:08:32] LPR12 Recv: LPR_N
[10:08:37] LPR12 Recv: LPR_N
[10:08:43] LPR12 Recv: LPR_N
[10:08:48] LPR12 Recv: LPR_N
[10:08:53] LPR12 Recv: LPR_N
[10:08:58] LPR12 Recv: LPR_N
[10:08:59] Ping 시간 체크1-2851000
[10:08:59] Ping 시간 체크2-2851015
[10:08:59] 11번 LPR OK 전송
[10:09:04] LPR12 Recv: LPR_N
[10:09:09] LPR12 Recv: LPR_N
[10:09:14] LPR12 Recv: LPR_N
[10:09:19] LPR12 Recv: LPR_N
[10:09:25] LPR12 Recv: LPR_N
[10:09:30] LPR12 Recv: LPR_N
[10:09:35] LPR12 Recv: LPR_N
[10:09:40] LPR12 Recv: LPR_N
[10:09:45] LPR12 Recv: LPR_N
[10:09:51] LPR12 Recv: LPR_N
[10:09:56] LPR12 Recv: LPR_N
[10:09:59] Ping 시간 체크1-2911000
[10:09:59] Ping 시간 체크2-2911000
[10:09:59] 11번 LPR OK 전송
[10:10:01] LPR12 Recv: LPR_N
[10:10:06] LPR12 Recv: LPR_N
[10:10:12] LPR12 Recv: LPR_N
[10:10:17] LPR12 Recv: LPR_N
[10:10:22] LPR12 Recv: LPR_N
[10:10:27] LPR12 Recv: LPR_N
[10:10:32] LPR12 Recv: LPR_N
[10:10:38] LPR12 Recv: LPR_N
[10:10:43] LPR12 Recv: LPR_N
[10:10:48] LPR12 Recv: LPR_N
[10:10:53] LPR12 Recv: LPR_N
[10:10:59] Ping 시간 체크1-2971000
[10:10:59] Ping 시간 체크2-2971000
[10:10:59] 11번 LPR OK 전송
[10:10:59] LPR12 Recv: LPR_N
[10:11:04] LPR12 Recv: LPR_N
[10:11:09] LPR12 Recv: LPR_N
[10:11:14] LPR12 Recv: LPR_N
[10:11:20] LPR12 Recv: LPR_N
[10:11:25] LPR12 Recv: LPR_N
[10:11:30] LPR12 Recv: LPR_N
[10:11:35] LPR12 Recv: LPR_N
[10:11:40] LPR12 Recv: LPR_N
[10:11:46] LPR12 Recv: LPR_N
[10:11:51] LPR12 Recv: LPR_N
[10:11:56] LPR12 Recv: LPR_N
[10:11:59] Ping 시간 체크1-3031000
[10:11:59] Ping 시간 체크2-3031000
[10:11:59] 11번 LPR OK 전송
[10:12:01] LPR12 Recv: LPR_N
[10:12:07] LPR12 Recv: LPR_N
[10:12:12] LPR12 Recv: LPR_N
[10:12:17] LPR12 Recv: LPR_N
[10:12:22] LPR12 Recv: LPR_N
[10:12:27] LPR12 Recv: LPR_N
[10:12:33] LPR12 Recv: LPR_N
[10:12:38] LPR12 Recv: LPR_N
[10:12:43] LPR12 Recv: LPR_N
[10:12:48] LPR12 Recv: LPR_N
[10:12:54] LPR12 Recv: LPR_N
[10:12:59] Ping 시간 체크1-3091000
[10:12:59] Ping 시간 체크2-3091000
[10:12:59] 11번 LPR OK 전송
[10:12:59] LPR12 Recv: LPR_N
[10:13:04] LPR12 Recv: LPR_N
[10:13:09] LPR12 Recv: LPR_N
[10:13:15] LPR12 Recv: LPR_N
[10:13:20] LPR12 Recv: LPR_N
[10:13:25] LPR12 Recv: LPR_N
[10:13:30] LPR12 Recv: LPR_N
[10:13:35] LPR12 Recv: LPR_N
[10:13:41] LPR12 Recv: LPR_N
[10:13:46] LPR12 Recv: LPR_N
[10:13:51] LPR12 Recv: LPR_N
[10:13:56] LPR12 Recv: LPR_N
[10:13:59] Ping 시간 체크1-3151000
[10:13:59] Ping 시간 체크2-3151000
[10:13:59] 11번 LPR OK 전송
[10:14:02] LPR12 Recv: LPR_N
[10:14:07] LPR12 Recv: LPR_N
[10:14:12] LPR12 Recv: LPR_N
[10:14:17] LPR12 Recv: LPR_N
[10:14:22] LPR12 Recv: LPR_N
[10:14:28] LPR12 Recv: LPR_N
[10:14:33] LPR12 Recv: LPR_N
[10:14:38] LPR12 Recv: LPR_N
[10:14:43] LPR12 Recv: LPR_N
[10:14:49] LPR12 Recv: LPR_N
[10:14:54] LPR12 Recv: LPR_N
[10:14:59] Ping 시간 체크1-3211000
[10:14:59] Ping 시간 체크2-3211000
[10:14:59] 11번 LPR OK 전송
[10:14:59] LPR12 Recv: LPR_N
[10:15:04] LPR12 Recv: LPR_N
[10:15:10] LPR12 Recv: LPR_N
[10:15:15] LPR12 Recv: LPR_N
[10:15:20] LPR12 Recv: LPR_N
[10:15:25] LPR12 Recv: LPR_N
[10:15:30] LPR12 Recv: LPR_N
[10:15:36] LPR12 Recv: LPR_N
[10:15:41] LPR12 Recv: LPR_N
[10:15:46] LPR12 Recv: LPR_N
[10:15:51] LPR12 Recv: LPR_N
[10:15:57] LPR12 Recv: LPR_N
[10:15:59] Ping 시간 체크1-3271000
[10:15:59] Ping 시간 체크2-3271000
[10:15:59] 11번 LPR OK 전송
[10:16:02] LPR12 Recv: LPR_N
[10:16:07] LPR12 Recv: LPR_N
[10:16:12] LPR12 Recv: LPR_N
[10:16:17] LPR12 Recv: LPR_N
[10:16:23] LPR12 Recv: LPR_N
[10:16:26] Program Close
[10:16:31] Program Start!
[10:16:31] TfrmMainNew.GetParkingCnt: 개체 이름 'ParkingCnt'이(가) 잘못되었습니다
[10:16:33] 근무시작: 배은화
[10:16:33] 설치된 영수증프린터가 없음!
[10:16:33] Ping 시간 체크1-3304921
[10:16:33] Ping 시간 체크2-3304921
[10:16:33] Ping 시간 체크1-3304937
[10:16:33] Ping 시간 체크2-3304937
[10:16:33] Ping 시간 체크1-3304953
[10:16:33] Ping 시간 체크2-3304953
[10:16:33] Ping 시간 체크1-3304968
[10:16:33] Ping 시간 체크2-3304968
[10:16:33] LPR12 Recv: 172.16.83.1
[10:16:33] LPR11 Recv: 172.16.83.1
[10:16:33] LPR12 Recv: LPR_N
[10:16:34] LPR11 Recv: LPR_R
[10:16:34] 시간동기화 전송
[10:16:34] LPR12 Recv: LPR_N
[10:16:38] LPR12 Recv: LPR_N
[10:16:44] LPR12 Recv: LPR_N
[10:16:49] LPR12 Recv: LPR_N
[10:16:54] LPR12 Recv: LPR_N
[10:16:59] LPR12 Recv: LPR_N
[10:17:05] LPR12 Recv: LPR_N
[10:17:10] LPR12 Recv: LPR_N
[10:17:15] LPR12 Recv: LPR_N
[10:17:20] LPR12 Recv: LPR_N
[10:17:25] LPR12 Recv: LPR_N
[10:17:31] LPR12 Recv: LPR_N
[10:17:34] Ping 시간 체크1-3366406
[10:17:34] Ping 시간 체크2-3366406
[10:17:34] 11번 LPR OK 전송
[10:17:36] LPR12 Recv: LPR_N
[10:17:41] LPR12 Recv: LPR_N
[10:17:46] LPR12 Recv: LPR_N
[10:17:52] LPR12 Recv: LPR_N
[10:17:57] LPR12 Recv: LPR_N
[10:18:02] LPR12 Recv: LPR_N
[10:18:07] LPR12 Recv: LPR_N
[10:18:12] LPR12 Recv: LPR_N
[10:18:18] LPR12 Recv: LPR_N
[10:18:23] LPR12 Recv: LPR_N
[10:18:28] LPR12 Recv: LPR_N
[10:18:33] LPR12 Recv: LPR_N
[10:18:34] Ping 시간 체크1-3426406
[10:18:34] Ping 시간 체크2-3426406
[10:18:34] 11번 LPR OK 전송
[10:18:39] LPR12 Recv: LPR_N
[10:18:44] LPR12 Recv: LPR_N
[10:18:49] LPR12 Recv: LPR_N
[10:18:54] LPR12 Recv: LPR_N
[10:19:00] LPR12 Recv: LPR_N
[10:19:05] LPR12 Recv: LPR_N
[10:19:10] LPR12 Recv: LPR_N
[10:19:15] LPR12 Recv: LPR_N
[10:19:20] LPR12 Recv: LPR_N
[10:19:26] LPR12 Recv: LPR_N
[10:19:31] LPR12 Recv: LPR_N
[10:19:34] Ping 시간 체크1-3486406
[10:19:34] Ping 시간 체크2-3486421
[10:19:34] 11번 LPR OK 전송
[10:19:36] LPR12 Recv: LPR_N
[10:19:41] LPR12 Recv: LPR_N
[10:19:47] LPR12 Recv: LPR_N
[10:19:52] LPR12 Recv: LPR_N
[10:19:57] LPR12 Recv: LPR_N
[10:20:02] LPR12 Recv: LPR_N
[10:20:07] LPR12 Recv: LPR_N
[10:20:13] LPR12 Recv: LPR_N
[10:20:18] LPR12 Recv: LPR_N
[10:20:23] LPR12 Recv: LPR_N
[10:20:28] LPR12 Recv: LPR_N
[10:20:34] LPR12 Recv: LPR_N
[10:20:34] Ping 시간 체크1-3546406
[10:20:34] Ping 시간 체크2-3546421
[10:20:34] 11번 LPR OK 전송
[10:20:39] LPR12 Recv: LPR_N
[10:20:44] LPR12 Recv: LPR_N
[10:20:49] LPR12 Recv: LPR_N
[10:20:55] LPR12 Recv: LPR_N
[10:21:00] LPR12 Recv: LPR_N
[10:21:05] LPR12 Recv: LPR_N
[10:21:10] LPR12 Recv: LPR_N
[10:21:15] LPR12 Recv: LPR_N
[10:21:21] LPR12 Recv: LPR_N
[10:21:26] LPR12 Recv: LPR_N
[10:21:31] LPR12 Recv: LPR_N
[10:21:34] Ping 시간 체크1-3606406
[10:21:34] Ping 시간 체크2-3606421
[10:21:34] 11번 LPR OK 전송
[10:21:36] LPR12 Recv: LPR_N
[10:21:42] LPR12 Recv: LPR_N
[10:21:47] LPR12 Recv: LPR_N
[10:21:52] LPR12 Recv: LPR_N
[10:21:57] LPR12 Recv: LPR_N
[10:22:02] LPR12 Recv: LPR_N
[10:22:08] LPR12 Recv: LPR_N
[10:22:13] LPR12 Recv: LPR_N
[10:22:18] LPR12 Recv: LPR_N
[10:22:23] LPR12 Recv: LPR_N
[10:22:29] LPR12 Recv: LPR_N
[10:22:34] LPR12 Recv: LPR_N
[10:22:34] Ping 시간 체크1-3666406
[10:22:34] Ping 시간 체크2-3666406
[10:22:34] 11번 LPR OK 전송
[10:22:39] LPR12 Recv: LPR_N
[10:22:44] LPR12 Recv: LPR_N
[10:22:50] LPR12 Recv: LPR_N
[10:22:55] LPR12 Recv: LPR_N
[10:23:00] LPR12 Recv: LPR_N
[10:23:05] LPR12 Recv: LPR_N
[10:23:10] LPR12 Recv: LPR_N
[10:23:16] LPR12 Recv: LPR_N
[10:23:21] LPR12 Recv: LPR_N
[10:23:26] LPR12 Recv: LPR_N
[10:23:31] LPR12 Recv: LPR_N
[10:23:34] Ping 시간 체크1-3726406
[10:23:34] Ping 시간 체크2-3726406
[10:23:34] 11번 LPR OK 전송
[10:23:37] LPR12 Recv: LPR_N
[10:23:42] LPR12 Recv: LPR_N
[10:23:47] LPR12 Recv: LPR_N
[10:23:52] LPR12 Recv: LPR_N
[10:23:57] LPR12 Recv: LPR_N
[10:24:03] LPR12 Recv: LPR_N
[10:24:08] LPR12 Recv: LPR_N
[10:24:13] LPR12 Recv: LPR_N
[10:24:18] LPR12 Recv: LPR_N
[10:24:24] LPR12 Recv: LPR_N
[10:24:29] LPR12 Recv: LPR_N
[10:24:34] Ping 시간 체크1-3786406
[10:24:34] Ping 시간 체크2-3786406
[10:24:34] 11번 LPR OK 전송
[10:24:34] LPR12 Recv: LPR_N
[10:24:39] LPR12 Recv: LPR_N
[10:24:45] LPR12 Recv: LPR_N
[10:24:50] LPR12 Recv: LPR_N
[10:24:55] LPR12 Recv: LPR_N
[10:25:00] LPR12 Recv: LPR_N
[10:25:05] LPR12 Recv: LPR_N
[10:25:11] LPR12 Recv: LPR_N
[10:25:16] LPR12 Recv: LPR_N
[10:25:21] LPR12 Recv: LPR_N
[10:25:26] LPR12 Recv: LPR_N
[10:25:32] LPR12 Recv: LPR_N
[10:25:34] Ping 시간 체크1-3846406
[10:25:34] Ping 시간 체크2-3846406
[10:25:34] 11번 LPR OK 전송
[10:25:37] LPR12 Recv: LPR_N
[10:25:42] LPR12 Recv: LPR_N
[10:25:47] LPR12 Recv: LPR_N
[10:25:52] LPR12 Recv: LPR_N
[10:25:58] LPR12 Recv: LPR_N
[10:26:03] LPR12 Recv: LPR_N
[10:26:08] LPR12 Recv: LPR_N
[10:26:13] LPR12 Recv: LPR_N
[10:26:19] LPR12 Recv: LPR_N
[10:26:24] LPR12 Recv: LPR_N
[10:26:29] LPR12 Recv: LPR_N
[10:26:34] Ping 시간 체크1-3906406
[10:26:34] Ping 시간 체크2-3906406
[10:26:34] 11번 LPR OK 전송
[10:26:34] LPR12 Recv: LPR_N
[10:26:40] LPR12 Recv: LPR_N
[10:26:45] LPR12 Recv: LPR_N
[10:26:50] LPR12 Recv: LPR_N
[10:26:55] LPR12 Recv: LPR_N
[10:27:00] LPR12 Recv: LPR_N
[10:27:06] LPR12 Recv: LPR_N
[10:27:11] LPR12 Recv: LPR_N
[10:27:16] LPR12 Recv: LPR_N
[10:27:21] LPR12 Recv: LPR_N
[10:27:27] LPR12 Recv: LPR_N
[10:27:32] LPR12 Recv: LPR_N
[10:27:34] Ping 시간 체크1-3966406
[10:27:34] Ping 시간 체크2-3966421
[10:27:34] 11번 LPR OK 전송
[10:27:37] LPR12 Recv: LPR_N
[10:27:42] LPR12 Recv: LPR_N
[10:27:48] LPR12 Recv: LPR_N
[10:27:53] LPR12 Recv: LPR_N
[10:27:58] LPR12 Recv: LPR_N
[10:28:04] LPR12 Recv: LPR_N
[10:28:09] LPR12 Recv: LPR_N
[10:28:14] LPR12 Recv: LPR_N
[10:28:19] LPR12 Recv: LPR_N
[10:28:25] LPR12 Recv: LPR_N
[10:28:30] LPR12 Recv: LPR_N
[10:28:34] Ping 시간 체크1-4026406
[10:28:34] Ping 시간 체크2-4026406
[10:28:34] 11번 LPR OK 전송
[10:28:35] LPR12 Recv: LPR_N
[10:28:40] LPR12 Recv: LPR_N
[10:28:45] LPR12 Recv: LPR_N
[10:28:51] LPR12 Recv: LPR_N
[10:28:56] LPR12 Recv: LPR_N
[10:29:01] LPR12 Recv: LPR_N
[10:29:06] LPR12 Recv: LPR_N
[10:29:12] LPR12 Recv: LPR_N
[10:29:17] LPR12 Recv: LPR_N
[10:29:22] LPR12 Recv: LPR_N
[10:29:27] LPR12 Recv: LPR_N
[10:29:33] LPR12 Recv: LPR_N
[10:29:34] Ping 시간 체크1-4086406
[10:29:34] Ping 시간 체크2-4086406
[10:29:34] 11번 LPR OK 전송
[10:29:38] LPR12 Recv: LPR_N
[10:29:43] LPR12 Recv: LPR_N
[10:29:48] LPR12 Recv: LPR_N
[10:29:53] LPR12 Recv: LPR_N
[10:29:59] LPR12 Recv: LPR_N
[10:30:04] LPR12 Recv: LPR_N
[10:30:09] LPR12 Recv: LPR_N
[10:30:14] LPR12 Recv: LPR_N
[10:30:20] LPR12 Recv: LPR_N
[10:30:25] LPR12 Recv: LPR_N
[10:30:30] LPR12 Recv: LPR_N
[10:30:34] Ping 시간 체크1-4146406
[10:30:34] Ping 시간 체크2-4146406
[10:30:34] 11번 LPR OK 전송
[10:30:35] LPR12 Recv: LPR_N
[10:30:40] LPR12 Recv: LPR_N
[10:30:46] LPR12 Recv: LPR_N
[10:30:51] LPR12 Recv: LPR_N
[10:30:56] LPR12 Recv: LPR_N
[10:31:01] LPR12 Recv: LPR_N
[10:31:07] LPR12 Recv: LPR_N
[10:31:12] LPR12 Recv: LPR_N
[10:31:17] LPR12 Recv: LPR_N
[10:31:22] LPR12 Recv: LPR_N
[10:31:28] LPR12 Recv: LPR_N
[10:31:33] LPR12 Recv: LPR_N
[10:31:34] Ping 시간 체크1-4206406
[10:31:34] Ping 시간 체크2-4206406
[10:31:34] 11번 LPR OK 전송
[10:31:38] LPR12 Recv: LPR_N
[10:31:43] LPR12 Recv: LPR_N
[10:31:48] LPR12 Recv: LPR_N
[10:31:54] LPR12 Recv: LPR_N
[10:31:59] LPR12 Recv: LPR_N
[10:32:04] LPR12 Recv: LPR_N
[10:32:09] LPR12 Recv: LPR_N
[10:32:15] LPR12 Recv: LPR_N
[10:32:20] LPR12 Recv: LPR_N
[10:32:25] LPR12 Recv: LPR_N
[10:32:30] LPR12 Recv: LPR_N
[10:32:34] Ping 시간 체크1-4266406
[10:32:34] Ping 시간 체크2-4266406
[10:32:34] 11번 LPR OK 전송
[10:32:35] LPR12 Recv: LPR_N
[10:32:41] LPR12 Recv: LPR_N
[10:32:46] LPR12 Recv: LPR_N
[10:32:51] LPR12 Recv: LPR_N
[10:32:56] LPR12 Recv: LPR_N
[10:33:02] LPR12 Recv: LPR_N
[10:33:07] LPR12 Recv: LPR_N
[10:33:12] LPR12 Recv: LPR_N
[10:33:17] LPR12 Recv: LPR_N
[10:33:23] LPR12 Recv: LPR_N
[10:33:28] LPR12 Recv: LPR_N
[10:33:33] LPR12 Recv: LPR_N
[10:33:34] Ping 시간 체크1-4326406
[10:33:34] Ping 시간 체크2-4326406
[10:33:34] 11번 LPR OK 전송
[10:33:38] LPR12 Recv: LPR_N
[10:33:43] LPR12 Recv: LPR_N
[10:33:49] LPR12 Recv: LPR_N
[10:33:54] LPR12 Recv: LPR_N
[10:33:59] LPR12 Recv: LPR_N
[10:34:04] LPR12 Recv: LPR_N
[10:34:10] LPR12 Recv: LPR_N
[10:34:15] LPR12 Recv: LPR_N
[10:34:20] LPR12 Recv: LPR_N
[10:34:25] LPR12 Recv: LPR_N
[10:34:30] LPR12 Recv: LPR_N
[10:34:34] Ping 시간 체크1-4386406
[10:34:34] Ping 시간 체크2-4386406
[10:34:34] 11번 LPR OK 전송
[10:34:36] LPR12 Recv: LPR_N
[10:34:41] LPR12 Recv: LPR_N
[10:34:46] LPR12 Recv: LPR_N
[10:34:51] LPR12 Recv: LPR_N
[10:34:57] LPR12 Recv: LPR_N
[10:35:02] LPR12 Recv: LPR_N
[10:35:07] LPR12 Recv: LPR_N
[10:35:12] LPR12 Recv: LPR_N
[10:35:18] LPR12 Recv: LPR_N
[10:35:23] LPR12 Recv: LPR_N
[10:35:28] LPR12 Recv: LPR_N
[10:35:33] LPR12 Recv: LPR_N
[10:35:34] Ping 시간 체크1-4446406
[10:35:34] Ping 시간 체크2-4446406
[10:35:34] 11번 LPR OK 전송
[10:35:38] LPR12 Recv: LPR_N
[10:35:44] LPR12 Recv: LPR_N
[10:35:49] LPR12 Recv: LPR_N
[10:35:54] LPR12 Recv: LPR_N
[10:35:59] LPR12 Recv: LPR_N
[10:36:05] LPR12 Recv: LPR_N
[10:36:10] LPR12 Recv: LPR_N
[10:36:15] LPR12 Recv: LPR_N
[10:36:20] LPR12 Recv: LPR_N
[10:36:25] LPR12 Recv: LPR_N
[10:36:31] LPR12 Recv: LPR_N
[10:36:34] Ping 시간 체크1-4506406
[10:36:34] Ping 시간 체크2-4506406
[10:36:34] 11번 LPR OK 전송
[10:36:36] LPR12 Recv: LPR_N
[10:36:41] LPR12 Recv: LPR_N
[10:36:46] LPR12 Recv: LPR_N
[10:36:52] LPR12 Recv: LPR_N
[10:36:57] LPR12 Recv: LPR_N
[10:37:02] LPR12 Recv: LPR_N
[10:37:07] LPR12 Recv: LPR_N
[10:37:13] LPR12 Recv: LPR_N
[10:37:16] LPR11 Recv: CH1#0000000000#X#\2014\09\02\CH1_20140902103715_0000000000.jpg
[10:37:16] LPR Check: 0000000000,http://172.16.66.33:9080/MSImage/2014/09/02/CH1_20140902103715_0000000000.jpg,3,,,0, 2014-09-02 10:37:15
[10:37:16] File: \\172.16.66.33\MSImage\2014\09\02\CH1_20140902103715_0000000000.jpg
[10:37:16] 일반차량: 0000000000, 
[10:37:16] NormalProc: 개체 이름 'BlackList'이(가) 잘못되었습니다
[10:37:18] LPR12 Recv: LPR_N
[10:37:23] LPR12 Recv: LPR_N
[10:37:28] LPR12 Recv: LPR_N
[10:37:33] LPR12 Recv: LPR_N
[10:37:39] LPR12 Recv: LPR_N
[10:37:44] LPR12 Recv: LPR_N
[10:37:49] LPR12 Recv: LPR_N
[10:37:54] LPR12 Recv: LPR_N
[10:38:00] LPR12 Recv: LPR_N
[10:38:05] LPR12 Recv: LPR_N
[10:38:10] LPR12 Recv: LPR_N
[10:38:15] LPR12 Recv: LPR_N
[10:38:16] Ping 시간 체크1-4608218
[10:38:16] Ping 시간 체크2-4608218
[10:38:16] 11번 LPR OK 전송
[10:38:20] LPR12 Recv: LPR_N
[10:38:26] LPR12 Recv: LPR_N
[10:38:31] LPR12 Recv: LPR_N
[10:38:36] LPR12 Recv: LPR_N
[10:38:41] LPR12 Recv: LPR_N
[10:38:47] LPR12 Recv: LPR_N
[10:38:52] LPR12 Recv: LPR_N
[10:38:57] LPR12 Recv: LPR_N
[10:39:02] LPR12 Recv: LPR_N
[10:39:08] LPR12 Recv: LPR_N
[10:39:13] LPR12 Recv: LPR_N
[10:39:16] Ping 시간 체크1-4668218
[10:39:16] Ping 시간 체크2-4668234
[10:39:16] 11번 LPR OK 전송
[10:39:18] LPR12 Recv: LPR_N
[10:39:23] LPR12 Recv: LPR_N
[10:39:28] LPR12 Recv: LPR_N
[10:39:34] LPR12 Recv: LPR_N
[10:39:39] LPR12 Recv: LPR_N
[10:39:44] LPR12 Recv: LPR_N
[10:39:49] LPR12 Recv: LPR_N
[10:39:55] LPR12 Recv: LPR_N
[10:40:00] LPR12 Recv: LPR_N
[10:40:05] LPR12 Recv: LPR_N
[10:40:10] LPR12 Recv: LPR_N
[10:40:15] LPR12 Recv: LPR_N
[10:40:16] Ping 시간 체크1-4728218
[10:40:16] Ping 시간 체크2-4728218
[10:40:16] 11번 LPR OK 전송
[10:40:21] LPR12 Recv: LPR_N
[10:40:26] LPR12 Recv: LPR_N
[10:40:31] LPR12 Recv: LPR_N
[10:40:36] LPR12 Recv: LPR_N
[10:40:42] LPR12 Recv: LPR_N
[10:40:47] LPR12 Recv: LPR_N
[10:40:52] LPR12 Recv: LPR_N
[10:40:57] LPR12 Recv: LPR_N
[10:41:03] LPR12 Recv: LPR_N
[10:41:08] LPR12 Recv: LPR_N
[10:41:13] LPR12 Recv: LPR_N
[10:41:16] Ping 시간 체크1-4788218
[10:41:16] Ping 시간 체크2-4788218
[10:41:16] 11번 LPR OK 전송
[10:41:18] LPR12 Recv: LPR_N
[10:41:23] LPR12 Recv: LPR_N
[10:41:29] LPR12 Recv: LPR_N
[10:41:34] LPR12 Recv: LPR_N
[10:41:39] LPR12 Recv: LPR_N
[10:41:44] LPR12 Recv: LPR_N
[10:41:50] LPR12 Recv: LPR_N
[10:41:55] LPR12 Recv: LPR_N
[10:42:00] LPR12 Recv: LPR_N
[10:42:05] LPR12 Recv: LPR_N
[10:42:10] LPR12 Recv: LPR_N
[10:42:16] LPR12 Recv: LPR_N
[10:42:16] Ping 시간 체크1-4848218
[10:42:16] Ping 시간 체크2-4848218
[10:42:16] 11번 LPR OK 전송
[10:42:21] LPR12 Recv: LPR_N
[10:42:26] LPR12 Recv: LPR_N
[10:42:31] LPR12 Recv: LPR_N
[10:42:37] LPR12 Recv: LPR_N
[10:42:42] LPR12 Recv: LPR_N
[10:42:47] LPR12 Recv: LPR_N
[10:42:52] LPR12 Recv: LPR_N
[10:42:58] LPR12 Recv: LPR_N
[10:43:03] LPR12 Recv: LPR_N
[10:43:08] LPR12 Recv: LPR_N
[10:43:13] LPR12 Recv: LPR_N
[10:43:16] Ping 시간 체크1-4908218
[10:43:16] Ping 시간 체크2-4908218
[10:43:16] 11번 LPR OK 전송
[10:43:18] LPR12 Recv: LPR_N
[10:43:24] LPR12 Recv: LPR_N
[10:43:29] LPR12 Recv: LPR_N
[10:43:34] LPR12 Recv: LPR_N
[10:43:39] LPR12 Recv: LPR_N
[10:43:45] LPR12 Recv: LPR_N
[10:43:50] LPR12 Recv: LPR_N
[10:43:55] LPR12 Recv: LPR_N
[10:44:00] LPR12 Recv: LPR_N
[10:44:05] LPR12 Recv: LPR_N
[10:44:11] LPR12 Recv: LPR_N
[10:44:16] LPR12 Recv: LPR_N
[10:44:16] Ping 시간 체크1-4968218
[10:44:16] Ping 시간 체크2-4968218
[10:44:16] 11번 LPR OK 전송
[10:44:21] LPR12 Recv: LPR_N
[10:44:26] LPR12 Recv: LPR_N
[10:44:32] LPR12 Recv: LPR_N
[10:44:37] LPR12 Recv: LPR_N
[10:44:42] LPR12 Recv: LPR_N
[10:44:47] LPR12 Recv: LPR_N
[10:44:53] LPR12 Recv: LPR_N
[10:44:58] LPR12 Recv: LPR_N
[10:45:03] LPR12 Recv: LPR_N
[10:45:08] LPR12 Recv: LPR_N
[10:45:13] LPR12 Recv: LPR_N
[10:45:16] Ping 시간 체크1-5028218
[10:45:16] Ping 시간 체크2-5028218
[10:45:16] 11번 LPR OK 전송
[10:45:19] LPR12 Recv: LPR_N
[10:45:24] LPR12 Recv: LPR_N
[10:45:29] LPR12 Recv: LPR_N
[10:45:34] LPR12 Recv: LPR_N
[10:45:40] LPR12 Recv: LPR_N
[10:45:45] LPR12 Recv: LPR_N
[10:45:50] LPR12 Recv: LPR_N
[10:45:55] LPR12 Recv: LPR_N
[10:46:00] LPR12 Recv: LPR_N
[10:46:06] LPR12 Recv: LPR_N
[10:46:11] LPR12 Recv: LPR_N
[10:46:16] Ping 시간 체크1-5088218
[10:46:16] Ping 시간 체크2-5088234
[10:46:16] 11번 LPR OK 전송
[10:46:16] LPR12 Recv: LPR_N
[10:46:21] LPR12 Recv: LPR_N
[10:46:27] LPR12 Recv: LPR_N
[10:46:32] LPR12 Recv: LPR_N
[10:46:37] LPR12 Recv: LPR_N
[10:46:42] LPR12 Recv: LPR_N
[10:46:48] LPR12 Recv: LPR_N
[10:46:53] LPR12 Recv: LPR_N
[10:46:58] LPR12 Recv: LPR_N
[10:47:03] LPR12 Recv: LPR_N
[10:47:08] LPR12 Recv: LPR_N
[10:47:14] LPR12 Recv: LPR_N
[10:47:16] Ping 시간 체크1-5148218
[10:47:16] Ping 시간 체크2-5148218
[10:47:16] 11번 LPR OK 전송
[10:47:19] LPR12 Recv: LPR_N
[10:47:24] LPR12 Recv: LPR_N
[10:47:29] LPR12 Recv: LPR_N
[10:47:35] LPR12 Recv: LPR_N
[10:47:40] LPR12 Recv: LPR_N
[10:47:45] LPR12 Recv: LPR_N
[10:47:50] LPR12 Recv: LPR_N
[10:47:55] LPR12 Recv: LPR_N
[10:48:01] LPR12 Recv: LPR_N
[10:48:06] LPR12 Recv: LPR_N
[10:48:11] LPR12 Recv: LPR_N
[10:48:16] Ping 시간 체크1-5208218
[10:48:16] Ping 시간 체크2-5208218
[10:48:16] 11번 LPR OK 전송
[10:48:16] LPR12 Recv: LPR_N
[10:48:22] LPR12 Recv: LPR_N
[10:48:27] LPR12 Recv: LPR_N
[10:48:32] LPR12 Recv: LPR_N
[10:48:37] LPR12 Recv: LPR_N
[10:48:43] LPR12 Recv: LPR_N
[10:48:48] LPR12 Recv: LPR_N
[10:48:53] LPR12 Recv: LPR_N
[10:48:58] LPR12 Recv: LPR_N
[10:49:03] LPR12 Recv: LPR_N
[10:49:09] LPR12 Recv: LPR_N
[10:49:14] LPR12 Recv: LPR_N
[10:49:16] Ping 시간 체크1-5268218
[10:49:16] Ping 시간 체크2-5268218
[10:49:16] 11번 LPR OK 전송
[10:49:19] LPR12 Recv: LPR_N
[10:49:24] LPR12 Recv: LPR_N
[10:49:30] LPR12 Recv: LPR_N
[10:49:35] LPR12 Recv: LPR_N
[10:49:40] LPR12 Recv: LPR_N
[10:49:45] LPR12 Recv: LPR_N
[10:49:50] LPR12 Recv: LPR_N
[10:49:56] LPR12 Recv: LPR_N
[10:50:01] LPR12 Recv: LPR_N
[10:50:06] LPR12 Recv: LPR_N
[10:50:11] LPR12 Recv: LPR_N
[10:50:16] Ping 시간 체크1-5328218
[10:50:16] Ping 시간 체크2-5328218
[10:50:16] 11번 LPR OK 전송
[10:50:17] LPR12 Recv: LPR_N
[10:50:22] LPR12 Recv: LPR_N
[10:50:27] LPR12 Recv: LPR_N
[10:50:32] LPR12 Recv: LPR_N
[10:50:38] LPR12 Recv: LPR_N
[10:50:43] LPR12 Recv: LPR_N
[10:50:48] LPR12 Recv: LPR_N
[10:50:53] LPR12 Recv: LPR_N
[10:50:58] LPR12 Recv: LPR_N
[10:51:04] LPR12 Recv: LPR_N
[10:51:09] LPR12 Recv: LPR_N
[10:51:14] LPR12 Recv: LPR_N
[10:51:16] Ping 시간 체크1-5388218
[10:51:16] Ping 시간 체크2-5388218
[10:51:16] 11번 LPR OK 전송
[10:51:19] LPR12 Recv: LPR_N
[10:51:25] LPR12 Recv: LPR_N
[10:51:30] LPR12 Recv: LPR_N
[10:51:35] LPR12 Recv: LPR_N
[10:51:40] LPR12 Recv: LPR_N
[10:51:45] LPR12 Recv: LPR_N
[10:51:51] LPR12 Recv: LPR_N
[10:51:56] LPR12 Recv: LPR_N
[10:52:01] LPR12 Recv: LPR_N
[10:52:06] LPR12 Recv: LPR_N
[10:52:12] LPR12 Recv: LPR_N
[10:52:16] Ping 시간 체크1-5448218
[10:52:16] Ping 시간 체크2-5448218
[10:52:16] 11번 LPR OK 전송
[10:52:17] LPR12 Recv: LPR_N
[10:52:22] LPR12 Recv: LPR_N
[10:52:27] LPR12 Recv: LPR_N
[10:52:33] LPR12 Recv: LPR_N
[10:52:38] LPR12 Recv: LPR_N
[10:52:43] LPR12 Recv: LPR_N
[10:52:48] LPR12 Recv: LPR_N
[10:52:53] LPR12 Recv: LPR_N
[10:52:59] LPR12 Recv: LPR_N
[10:53:04] LPR12 Recv: LPR_N
[10:53:09] LPR12 Recv: LPR_N
[10:53:14] LPR12 Recv: LPR_N
[10:53:16] Ping 시간 체크1-5508218
[10:53:16] Ping 시간 체크2-5508218
[10:53:16] 11번 LPR OK 전송
[10:53:20] LPR12 Recv: LPR_N
[10:53:25] LPR12 Recv: LPR_N
[10:53:30] LPR12 Recv: LPR_N
[10:53:35] LPR12 Recv: LPR_N
[10:53:40] LPR12 Recv: LPR_N
[10:53:46] LPR12 Recv: LPR_N
[10:53:51] LPR12 Recv: LPR_N
[10:53:56] LPR12 Recv: LPR_N
[10:54:01] LPR12 Recv: LPR_N
[10:54:07] LPR12 Recv: LPR_N
[10:54:12] LPR12 Recv: LPR_N
[10:54:16] Ping 시간 체크1-5568218
[10:54:16] Ping 시간 체크2-5568218
[10:54:16] 11번 LPR OK 전송
[10:54:17] LPR12 Recv: LPR_N
[10:54:22] LPR12 Recv: LPR_N
[10:54:28] LPR12 Recv: LPR_N
[10:54:33] LPR12 Recv: LPR_N
[10:54:38] LPR12 Recv: LPR_N
[10:54:43] LPR12 Recv: LPR_N
[10:54:48] LPR12 Recv: LPR_N
[10:54:54] LPR12 Recv: LPR_N
[10:54:59] LPR12 Recv: LPR_N
[10:55:04] LPR12 Recv: LPR_N
[10:55:09] LPR12 Recv: LPR_N
[10:55:15] LPR12 Recv: LPR_N
[10:55:16] Ping 시간 체크1-5628218
[10:55:16] Ping 시간 체크2-5628218
[10:55:16] 11번 LPR OK 전송
[10:55:20] LPR12 Recv: LPR_N
[10:55:25] LPR12 Recv: LPR_N
[10:55:30] LPR12 Recv: LPR_N
[10:55:35] LPR12 Recv: LPR_N
[10:55:41] LPR12 Recv: LPR_N
[10:55:46] LPR12 Recv: LPR_N
[10:55:51] LPR12 Recv: LPR_N
[10:55:56] LPR12 Recv: LPR_N
[10:56:02] LPR12 Recv: LPR_N
[10:56:07] LPR12 Recv: LPR_N
[10:56:12] LPR12 Recv: LPR_N
[10:56:16] Ping 시간 체크1-5688218
[10:56:16] Ping 시간 체크2-5688218
[10:56:16] 11번 LPR OK 전송
[10:56:17] LPR12 Recv: LPR_N
[10:56:23] LPR12 Recv: LPR_N
[10:56:28] LPR12 Recv: LPR_N
[10:56:33] LPR12 Recv: LPR_N
[10:56:38] LPR12 Recv: LPR_N
[10:56:43] LPR12 Recv: LPR_N
[10:56:49] LPR12 Recv: LPR_N
[10:56:54] LPR12 Recv: LPR_N
[10:56:59] LPR12 Recv: LPR_N
[10:57:04] LPR12 Recv: LPR_N
[10:57:10] LPR12 Recv: LPR_N
[10:57:15] LPR12 Recv: LPR_N
[10:57:16] Ping 시간 체크1-5748218
[10:57:16] Ping 시간 체크2-5748218
[10:57:16] 11번 LPR OK 전송
[10:57:20] LPR12 Recv: LPR_N
[10:57:25] LPR12 Recv: LPR_N
[10:57:30] LPR12 Recv: LPR_N
[10:57:36] LPR12 Recv: LPR_N
[10:57:41] LPR12 Recv: LPR_N
[10:57:46] LPR12 Recv: LPR_N
[10:57:51] LPR12 Recv: LPR_N
[10:57:57] LPR12 Recv: LPR_N
[10:58:02] LPR12 Recv: LPR_N
[10:58:07] LPR12 Recv: LPR_N
[10:58:12] LPR12 Recv: LPR_N
[10:58:16] Ping 시간 체크1-5808218
[10:58:16] Ping 시간 체크2-5808218
[10:58:16] 11번 LPR OK 전송
[10:58:18] LPR12 Recv: LPR_N
[10:58:23] LPR12 Recv: LPR_N
[10:58:28] LPR12 Recv: LPR_N
[10:58:33] LPR12 Recv: LPR_N
[10:58:38] LPR12 Recv: LPR_N
[10:58:44] LPR12 Recv: LPR_N
[10:58:49] LPR12 Recv: LPR_N
[10:58:54] LPR12 Recv: LPR_N
[10:58:59] LPR12 Recv: LPR_N
[10:59:05] LPR12 Recv: LPR_N
[10:59:10] LPR12 Recv: LPR_N
[10:59:15] LPR12 Recv: LPR_N
[10:59:16] Ping 시간 체크1-5868218
[10:59:16] Ping 시간 체크2-5868390
[10:59:16] 11번 LPR OK 전송
[10:59:20] LPR12 Recv: LPR_N
[10:59:25] LPR12 Recv: LPR_N
[10:59:31] LPR12 Recv: LPR_N
[10:59:36] LPR12 Recv: LPR_N
[10:59:41] LPR12 Recv: LPR_N
[10:59:46] LPR12 Recv: LPR_N
[10:59:52] LPR12 Recv: LPR_N
[10:59:57] LPR12 Recv: LPR_N
[11:00:02] LPR12 Recv: LPR_N
[11:00:07] LPR12 Recv: LPR_N
[11:00:13] LPR12 Recv: LPR_N
[11:00:16] Ping 시간 체크1-5928218
[11:00:16] Ping 시간 체크2-5928250
[11:00:16] 11번 LPR OK 전송
[11:00:18] LPR12 Recv: LPR_N
[11:00:23] LPR12 Recv: LPR_N
[11:00:28] LPR12 Recv: LPR_N
[11:00:33] LPR12 Recv: LPR_N
[11:00:39] LPR12 Recv: LPR_N
[11:00:44] LPR12 Recv: LPR_N
[11:00:49] LPR12 Recv: LPR_N
[11:00:54] LPR12 Recv: LPR_N
[11:01:00] LPR12 Recv: LPR_N
[11:01:05] LPR12 Recv: LPR_N
[11:01:10] LPR12 Recv: LPR_N
[11:01:15] LPR12 Recv: LPR_N
[11:01:16] Ping 시간 체크1-5988218
[11:01:16] Ping 시간 체크2-5988218
[11:01:16] 11번 LPR OK 전송
[11:01:20] LPR12 Recv: LPR_N
[11:01:26] LPR12 Recv: LPR_N
[11:01:31] LPR12 Recv: LPR_N
[11:01:36] LPR12 Recv: LPR_N
[11:01:41] LPR12 Recv: LPR_N
[11:01:47] LPR12 Recv: LPR_N
[11:01:52] LPR12 Recv: LPR_N
[11:01:58] LPR12 Recv: LPR_N
[11:02:03] LPR12 Recv: LPR_N
[11:02:08] LPR12 Recv: LPR_N
[11:02:13] LPR12 Recv: LPR_N
[11:02:16] Ping 시간 체크1-6048218
[11:02:16] Ping 시간 체크2-6048218
[11:02:16] 11번 LPR OK 전송
[11:02:18] LPR12 Recv: LPR_N
[11:02:23] LPR12 Recv: LPR_N
[11:02:28] LPR12 Recv: LPR_N
[11:02:34] LPR12 Recv: LPR_N
[11:02:39] LPR12 Recv: LPR_N
[11:02:45] LPR12 Recv: LPR_N
[11:02:50] LPR12 Recv: LPR_N
[11:02:55] LPR12 Recv: LPR_N
[11:03:00] LPR12 Recv: LPR_N
[11:03:06] LPR12 Recv: LPR_N
[11:03:11] LPR12 Recv: LPR_N
[11:03:16] LPR12 Recv: LPR_N
[11:03:16] Ping 시간 체크1-6108218
[11:03:16] Ping 시간 체크2-6108218
[11:03:16] 11번 LPR OK 전송
[11:03:21] LPR12 Recv: LPR_N
[11:03:26] LPR12 Recv: LPR_N
[11:03:32] LPR12 Recv: LPR_N
[11:03:37] LPR12 Recv: LPR_N
[11:03:42] LPR12 Recv: LPR_N
[11:03:47] LPR12 Recv: LPR_N
[11:03:53] LPR12 Recv: LPR_N
[11:03:58] LPR12 Recv: LPR_N
[11:04:03] LPR12 Recv: LPR_N
[11:04:08] LPR12 Recv: LPR_N
[11:04:13] LPR12 Recv: LPR_N
[11:04:16] Ping 시간 체크1-6168218
[11:04:16] Ping 시간 체크2-6168218
[11:04:16] 11번 LPR OK 전송
[11:04:19] LPR12 Recv: LPR_N
[11:04:24] LPR12 Recv: LPR_N
[11:04:29] LPR12 Recv: LPR_N
[11:04:34] LPR12 Recv: LPR_N
[11:04:40] LPR12 Recv: LPR_N
[11:04:45] LPR12 Recv: LPR_N
[11:04:50] LPR12 Recv: LPR_N
[11:04:55] LPR12 Recv: LPR_N
[11:05:01] LPR12 Recv: LPR_N
[11:05:06] LPR12 Recv: LPR_N
[11:05:11] LPR12 Recv: LPR_N
[11:05:16] LPR12 Recv: LPR_N
[11:05:16] Ping 시간 체크1-6228218
[11:05:16] Ping 시간 체크2-6228218
[11:05:16] 11번 LPR OK 전송
[11:05:21] LPR12 Recv: LPR_N
[11:05:27] LPR12 Recv: LPR_N
[11:05:32] LPR12 Recv: LPR_N
[11:05:37] LPR12 Recv: LPR_N
[11:05:42] LPR12 Recv: LPR_N
[11:05:48] LPR12 Recv: LPR_N
[11:05:53] LPR12 Recv: LPR_N
[11:05:58] LPR12 Recv: LPR_N
[11:06:03] LPR12 Recv: LPR_N
[11:06:08] LPR12 Recv: LPR_N
[11:06:14] LPR12 Recv: LPR_N
[11:06:16] Ping 시간 체크1-6288218
[11:06:16] Ping 시간 체크2-6288218
[11:06:16] 11번 LPR OK 전송
[11:06:19] LPR12 Recv: LPR_N
[11:06:24] LPR12 Recv: LPR_N
[11:06:29] LPR12 Recv: LPR_N
[11:06:35] LPR12 Recv: LPR_N
[11:06:40] LPR12 Recv: LPR_N
[11:06:45] LPR12 Recv: LPR_N
[11:06:50] LPR12 Recv: LPR_N
[11:06:56] LPR12 Recv: LPR_N
[11:07:01] LPR12 Recv: LPR_N
[11:07:06] LPR12 Recv: LPR_N
[11:07:11] LPR12 Recv: LPR_N
[11:07:16] LPR12 Recv: LPR_N
[11:07:16] Ping 시간 체크1-6348218
[11:07:16] Ping 시간 체크2-6348218
[11:07:16] 11번 LPR OK 전송
[11:07:22] LPR12 Recv: LPR_N
[11:07:27] LPR12 Recv: LPR_N
[11:07:32] LPR12 Recv: LPR_N
[11:07:37] LPR12 Recv: LPR_N
[11:07:43] LPR12 Recv: LPR_N
[11:07:48] LPR12 Recv: LPR_N
[11:07:53] LPR12 Recv: LPR_N
[11:07:58] LPR12 Recv: LPR_N
[11:08:03] LPR12 Recv: LPR_N
[11:08:09] LPR12 Recv: LPR_N
[11:08:14] LPR12 Recv: LPR_N
[11:08:16] Ping 시간 체크1-6408218
[11:08:16] Ping 시간 체크2-6408218
[11:08:16] 11번 LPR OK 전송
[11:08:19] LPR12 Recv: LPR_N
[11:08:24] LPR12 Recv: LPR_N
[11:08:30] LPR12 Recv: LPR_N
[11:08:35] LPR12 Recv: LPR_N
[11:08:40] LPR12 Recv: LPR_N
[11:08:45] LPR12 Recv: LPR_N
[11:08:51] LPR12 Recv: LPR_N
[11:08:56] LPR12 Recv: LPR_N
[11:09:01] LPR12 Recv: LPR_N
[11:09:06] LPR12 Recv: LPR_N
[11:09:11] LPR12 Recv: LPR_N
[11:09:16] Ping 시간 체크1-6468218
[11:09:16] Ping 시간 체크2-6468218
[11:09:16] 11번 LPR OK 전송
[11:09:17] LPR12 Recv: LPR_N
[11:09:22] LPR12 Recv: LPR_N
[11:09:27] LPR12 Recv: LPR_N
[11:09:32] LPR12 Recv: LPR_N
[11:09:38] LPR12 Recv: LPR_N
[11:09:43] LPR12 Recv: LPR_N
[11:09:48] LPR12 Recv: LPR_N
[11:09:53] LPR12 Recv: LPR_N
[11:09:58] LPR12 Recv: LPR_N
[11:10:04] LPR12 Recv: LPR_N
[11:10:09] LPR12 Recv: LPR_N
[11:10:14] LPR12 Recv: LPR_N
[11:10:16] Ping 시간 체크1-6528218
[11:10:16] Ping 시간 체크2-6528218
[11:10:16] 11번 LPR OK 전송
[11:10:19] LPR12 Recv: LPR_N
[11:10:25] LPR12 Recv: LPR_N
[11:10:30] LPR12 Recv: LPR_N
[11:10:35] LPR12 Recv: LPR_N
[11:10:40] LPR12 Recv: LPR_N
[11:10:46] LPR12 Recv: LPR_N
[11:10:51] LPR12 Recv: LPR_N
[11:10:56] LPR12 Recv: LPR_N
[11:11:01] LPR12 Recv: LPR_N
[11:11:06] LPR12 Recv: LPR_N
[11:11:12] LPR12 Recv: LPR_N
[11:11:16] Ping 시간 체크1-6588218
[11:11:16] Ping 시간 체크2-6588218
[11:11:16] 11번 LPR OK 전송
[11:11:17] LPR12 Recv: LPR_N
[11:11:22] LPR12 Recv: LPR_N
[11:11:27] LPR12 Recv: LPR_N
[11:11:33] LPR12 Recv: LPR_N
[11:11:38] LPR12 Recv: LPR_N
[11:11:43] LPR12 Recv: LPR_N
[11:11:48] LPR12 Recv: LPR_N
[11:11:53] LPR12 Recv: LPR_N
[11:11:59] LPR12 Recv: LPR_N
[11:12:04] LPR12 Recv: LPR_N
[11:12:09] LPR12 Recv: LPR_N
[11:12:14] LPR12 Recv: LPR_N
[11:12:16] Ping 시간 체크1-6648218
[11:12:16] Ping 시간 체크2-6648218
[11:12:16] 11번 LPR OK 전송
[11:12:20] LPR12 Recv: LPR_N
[11:12:25] LPR12 Recv: LPR_N
[11:12:30] LPR12 Recv: LPR_N
[11:12:35] LPR12 Recv: LPR_N
[11:12:41] LPR12 Recv: LPR_N
[11:12:46] LPR12 Recv: LPR_N
[11:12:51] LPR12 Recv: LPR_N
[11:12:56] LPR12 Recv: LPR_N
[11:13:01] LPR12 Recv: LPR_N
[11:13:07] LPR12 Recv: LPR_N
[11:13:12] LPR12 Recv: LPR_N
[11:13:16] Ping 시간 체크1-6708218
[11:13:16] Ping 시간 체크2-6708218
[11:13:16] 11번 LPR OK 전송
[11:13:17] LPR12 Recv: LPR_N
[11:13:22] LPR12 Recv: LPR_N
[11:13:28] LPR12 Recv: LPR_N
[11:13:33] LPR12 Recv: LPR_N
[11:13:38] LPR12 Recv: LPR_N
[11:13:43] LPR12 Recv: LPR_N
[11:13:48] LPR12 Recv: LPR_N
[11:13:54] LPR12 Recv: LPR_N
[11:13:59] LPR12 Recv: LPR_N
[11:14:04] LPR12 Recv: LPR_N
[11:14:09] LPR12 Recv: LPR_N
[11:14:15] LPR12 Recv: LPR_N
[11:14:16] Ping 시간 체크1-6768218
[11:14:16] Ping 시간 체크2-6768218
[11:14:16] 11번 LPR OK 전송
[11:14:20] LPR12 Recv: LPR_N
[11:14:25] LPR12 Recv: LPR_N
[11:14:30] LPR12 Recv: LPR_N
[11:14:36] LPR12 Recv: LPR_N
[11:14:41] LPR12 Recv: LPR_N
[11:14:46] LPR12 Recv: LPR_N
[11:14:51] LPR12 Recv: LPR_N
[11:14:56] LPR12 Recv: LPR_N
[11:15:02] LPR12 Recv: LPR_N
[11:15:07] LPR12 Recv: LPR_N
[11:15:12] LPR12 Recv: LPR_N
[11:15:16] Ping 시간 체크1-6828218
[11:15:16] Ping 시간 체크2-6828218
[11:15:16] 11번 LPR OK 전송
[11:15:17] LPR12 Recv: LPR_N
[11:15:23] LPR12 Recv: LPR_N
[11:15:28] LPR12 Recv: LPR_N
[11:15:33] LPR12 Recv: LPR_N
[11:15:38] LPR12 Recv: LPR_N
[11:15:43] LPR12 Recv: LPR_N
[11:15:49] LPR12 Recv: LPR_N
[11:15:54] LPR12 Recv: LPR_N
[11:15:59] LPR12 Recv: LPR_N
[11:16:04] LPR12 Recv: LPR_N
[11:16:10] LPR12 Recv: LPR_N
[11:16:15] LPR12 Recv: LPR_N
[11:16:16] Ping 시간 체크1-6888218
[11:16:16] Ping 시간 체크2-6888218
[11:16:16] 11번 LPR OK 전송
[11:16:20] LPR12 Recv: LPR_N
[11:16:25] LPR12 Recv: LPR_N
[11:16:31] LPR12 Recv: LPR_N
[11:16:36] LPR12 Recv: LPR_N
[11:16:41] LPR12 Recv: LPR_N
[11:16:46] LPR12 Recv: LPR_N
[11:16:51] LPR12 Recv: LPR_N
[11:16:57] LPR12 Recv: LPR_N
[11:17:02] LPR12 Recv: LPR_N
[11:17:07] LPR12 Recv: LPR_N
[11:17:12] LPR12 Recv: LPR_N
[11:17:16] Ping 시간 체크1-6948218
[11:17:16] Ping 시간 체크2-6948218
[11:17:16] 11번 LPR OK 전송
[11:17:16] Ping 시간 체크1-6948234
[11:17:16] Ping 시간 체크2-6948234
[11:17:16] 11번 LPR 시간동기화 전송
[11:17:18] LPR12 Recv: LPR_N
[11:17:23] LPR12 Recv: LPR_N
[11:17:28] LPR12 Recv: LPR_N
[11:17:33] LPR12 Recv: LPR_N
[11:17:38] LPR12 Recv: LPR_N
[11:17:44] LPR12 Recv: LPR_N
[11:17:49] LPR12 Recv: LPR_N
[11:17:54] LPR12 Recv: LPR_N
[11:17:59] LPR12 Recv: LPR_N
[11:18:05] LPR12 Recv: LPR_N
[11:18:10] LPR12 Recv: LPR_N
[11:18:15] LPR12 Recv: LPR_N
[11:18:16] Ping 시간 체크1-7008218
[11:18:16] Ping 시간 체크2-7008218
[11:18:16] 11번 LPR OK 전송
[11:18:20] LPR12 Recv: LPR_N
[11:18:26] LPR12 Recv: LPR_N
[11:18:31] LPR12 Recv: LPR_N
[11:18:36] LPR12 Recv: LPR_N
[11:18:41] LPR12 Recv: LPR_N
[11:18:46] LPR12 Recv: LPR_N
[11:18:52] LPR12 Recv: LPR_N
[11:18:57] LPR12 Recv: LPR_N
[11:19:02] LPR12 Recv: LPR_N
[11:19:07] LPR12 Recv: LPR_N
[11:19:13] LPR12 Recv: LPR_N
[11:19:16] Ping 시간 체크1-7068218
[11:19:16] Ping 시간 체크2-7068218
[11:19:16] 11번 LPR OK 전송
[11:19:18] LPR12 Recv: LPR_N
[11:19:23] LPR12 Recv: LPR_N
[11:19:28] LPR12 Recv: LPR_N
[11:19:33] LPR12 Recv: LPR_N
[11:19:39] LPR12 Recv: LPR_N
[11:19:44] LPR12 Recv: LPR_N
[11:19:49] LPR12 Recv: LPR_N
[11:19:54] LPR12 Recv: LPR_N
[11:20:00] LPR12 Recv: LPR_N
[11:20:05] LPR12 Recv: LPR_N
[11:20:10] LPR12 Recv: LPR_N
[11:20:15] LPR12 Recv: LPR_N
[11:20:16] Ping 시간 체크1-7128218
[11:20:16] Ping 시간 체크2-7128218
[11:20:16] 11번 LPR OK 전송
[11:20:21] LPR12 Recv: LPR_N
[11:20:26] LPR12 Recv: LPR_N
[11:20:31] LPR12 Recv: LPR_N
[11:20:36] LPR12 Recv: LPR_N
[11:20:40] Program Close
[11:31:07] Program Start!
[11:31:07] TfrmMainNew.GetParkingCnt: 개체 이름 'ParkingCnt'이(가) 잘못되었습니다
[11:31:11] 근무시작: 배은화
[11:31:11] 설치된 영수증프린터가 없음!
[11:31:11] Ping 시간 체크1-7783750
[11:31:11] Ping 시간 체크2-7783765
[11:31:11] Ping 시간 체크1-7783781
[11:31:11] Ping 시간 체크2-7783796
[11:31:11] Ping 시간 체크1-7783796
[11:31:11] Ping 시간 체크2-7783812
[11:31:11] Ping 시간 체크1-7783812
[11:31:11] Ping 시간 체크2-7783843
[11:31:11] LPR11 Recv: 172.16.83.1
[11:31:11] LPR12 Recv: 172.16.83.1
[11:31:12] LPR12 Recv: LPR_N
[11:31:12] LPR11 Recv: LPR_R
[11:31:12] 시간동기화 전송
[11:31:13] LPR12 Recv: LPR_N
[11:31:18] LPR12 Recv: LPR_N
[11:31:23] LPR12 Recv: LPR_N
[11:31:29] LPR12 Recv: LPR_N
[11:31:34] LPR12 Recv: LPR_N
[11:31:39] LPR12 Recv: LPR_N
[11:31:44] LPR12 Recv: LPR_N
[11:31:50] LPR12 Recv: LPR_N
[11:31:55] LPR12 Recv: LPR_N
[11:32:00] LPR12 Recv: LPR_N
[11:32:05] LPR12 Recv: LPR_N
[11:32:10] LPR12 Recv: LPR_N
[11:32:12] Ping 시간 체크1-7845109
[11:32:12] Ping 시간 체크2-7845125
[11:32:12] 11번 LPR OK 전송
[11:32:16] LPR12 Recv: LPR_N
[11:32:21] LPR12 Recv: LPR_N
[11:32:26] LPR12 Recv: LPR_N
[11:32:31] LPR12 Recv: LPR_N
[11:32:37] LPR12 Recv: LPR_N
[11:32:42] LPR12 Recv: LPR_N
[11:32:47] LPR12 Recv: LPR_N
[11:32:52] LPR12 Recv: LPR_N
[11:32:57] LPR12 Recv: LPR_N
[11:33:03] LPR12 Recv: LPR_N
[11:33:08] LPR12 Recv: LPR_N
[11:33:12] Ping 시간 체크1-7905109
[11:33:12] Ping 시간 체크2-7905109
[11:33:12] 11번 LPR OK 전송
[11:33:13] LPR12 Recv: LPR_N
[11:33:18] LPR12 Recv: LPR_N
[11:33:24] LPR12 Recv: LPR_N
[11:33:29] LPR12 Recv: LPR_N
[11:33:34] LPR12 Recv: LPR_N
[11:33:39] LPR12 Recv: LPR_N
[11:33:45] LPR12 Recv: LPR_N
[11:33:50] LPR12 Recv: LPR_N
[11:33:55] LPR12 Recv: LPR_N
[11:34:00] LPR12 Recv: LPR_N
[11:34:05] LPR12 Recv: LPR_N
[11:34:11] LPR12 Recv: LPR_N
[11:34:12] Ping 시간 체크1-7965109
[11:34:12] Ping 시간 체크2-7965109
[11:34:12] 11번 LPR OK 전송
[11:34:16] LPR12 Recv: LPR_N
[11:34:21] LPR12 Recv: LPR_N
[11:34:26] LPR12 Recv: LPR_N
[11:34:32] LPR12 Recv: LPR_N
[11:34:37] LPR12 Recv: LPR_N
[11:34:42] LPR12 Recv: LPR_N
[11:34:47] LPR12 Recv: LPR_N
[11:34:52] LPR12 Recv: LPR_N
[11:34:58] LPR12 Recv: LPR_N
[11:35:03] LPR12 Recv: LPR_N
[11:35:08] LPR12 Recv: LPR_N
[11:35:12] Ping 시간 체크1-8025109
[11:35:12] Ping 시간 체크2-8025109
[11:35:12] 11번 LPR OK 전송
[11:35:13] LPR12 Recv: LPR_N
[11:35:19] LPR12 Recv: LPR_N
[11:35:24] LPR12 Recv: LPR_N
[11:35:29] LPR12 Recv: LPR_N
[11:35:34] LPR12 Recv: LPR_N
[11:35:40] LPR12 Recv: LPR_N
[11:35:45] LPR12 Recv: LPR_N
[11:35:50] LPR12 Recv: LPR_N
[11:35:55] LPR12 Recv: LPR_N
[11:36:00] LPR12 Recv: LPR_N
[11:36:06] LPR12 Recv: LPR_N
[11:36:11] LPR12 Recv: LPR_N
[11:36:12] Ping 시간 체크1-8085109
[11:36:12] Ping 시간 체크2-8085109
[11:36:12] 11번 LPR OK 전송
[11:36:16] LPR12 Recv: LPR_N
[11:36:21] LPR12 Recv: LPR_N
[11:36:27] LPR12 Recv: LPR_N
[11:36:32] LPR12 Recv: LPR_N
[11:36:37] LPR12 Recv: LPR_N
[11:36:42] LPR12 Recv: LPR_N
[11:36:47] LPR12 Recv: LPR_N
[11:36:53] LPR12 Recv: LPR_N
[11:36:58] LPR12 Recv: LPR_N
[11:37:03] LPR12 Recv: LPR_N
[11:37:08] LPR12 Recv: LPR_N
[11:37:12] Ping 시간 체크1-8145109
[11:37:12] Ping 시간 체크2-8145109
[11:37:12] 11번 LPR OK 전송
[11:37:14] LPR12 Recv: LPR_N
[11:37:19] LPR12 Recv: LPR_N
[11:37:24] LPR12 Recv: LPR_N
[11:37:29] LPR12 Recv: LPR_N
[11:37:35] LPR12 Recv: LPR_N
[11:37:40] LPR12 Recv: LPR_N
[11:37:45] LPR12 Recv: LPR_N
[11:37:50] LPR12 Recv: LPR_N
[11:37:55] LPR12 Recv: LPR_N
[11:38:01] LPR12 Recv: LPR_N
[11:38:06] LPR12 Recv: LPR_N
[11:38:11] LPR12 Recv: LPR_N
[11:38:12] Ping 시간 체크1-8205109
[11:38:12] Ping 시간 체크2-8205109
[11:38:12] 11번 LPR OK 전송
[11:38:16] LPR12 Recv: LPR_N
[11:38:22] LPR12 Recv: LPR_N
[11:38:27] LPR12 Recv: LPR_N
[11:38:35] LPR12 Recv: LPR_N
[11:38:40] LPR12 Recv: LPR_N
[11:38:45] LPR12 Recv: LPR_N
[11:38:50] LPR12 Recv: LPR_N
[11:38:55] LPR12 Recv: LPR_N
[11:39:01] LPR12 Recv: LPR_N
[11:39:06] LPR12 Recv: LPR_N
[11:39:11] LPR12 Recv: LPR_N
[11:39:12] Ping 시간 체크1-8265109
[11:39:12] Ping 시간 체크2-8265109
[11:39:12] 11번 LPR OK 전송
[11:39:16] LPR12 Recv: LPR_N
[11:39:22] LPR12 Recv: LPR_N
[11:39:27] LPR12 Recv: LPR_N
[11:39:32] LPR12 Recv: LPR_N
[11:39:37] LPR12 Recv: LPR_N
[11:39:42] LPR12 Recv: LPR_N
[11:39:48] LPR12 Recv: LPR_N
[11:39:53] LPR12 Recv: LPR_N
[11:39:59] LPR12 Recv: LPR_N
[11:40:04] LPR12 Recv: LPR_N
[11:40:09] LPR12 Recv: LPR_N
[11:40:12] Ping 시간 체크1-8325109
[11:40:12] Ping 시간 체크2-8325109
[11:40:12] 11번 LPR OK 전송
[11:40:14] LPR12 Recv: LPR_N
[11:40:20] LPR12 Recv: LPR_N
[11:40:25] LPR12 Recv: LPR_N
[11:40:30] LPR12 Recv: LPR_N
[11:40:35] LPR12 Recv: LPR_N
[11:40:40] LPR12 Recv: LPR_N
[11:40:46] LPR12 Recv: LPR_N
[11:40:51] LPR12 Recv: LPR_N
[11:40:56] LPR12 Recv: LPR_N
[11:41:01] LPR12 Recv: LPR_N
[11:41:07] LPR12 Recv: LPR_N
[11:41:12] LPR12 Recv: LPR_N
[11:41:12] Ping 시간 체크1-8385109
[11:41:12] Ping 시간 체크2-8385109
[11:41:12] 11번 LPR OK 전송
[11:41:17] LPR12 Recv: LPR_N
[11:41:22] LPR12 Recv: LPR_N
[11:41:28] LPR12 Recv: LPR_N
[11:41:33] LPR12 Recv: LPR_N
[11:41:38] LPR12 Recv: LPR_N
[11:41:43] LPR12 Recv: LPR_N
[11:41:48] LPR12 Recv: LPR_N
[11:41:54] LPR12 Recv: LPR_N
[11:41:59] LPR12 Recv: LPR_N
[11:42:04] LPR12 Recv: LPR_N
[11:42:09] LPR12 Recv: LPR_N
[11:42:12] Ping 시간 체크1-8445109
[11:42:12] Ping 시간 체크2-8445109
[11:42:12] 11번 LPR OK 전송
[11:42:15] LPR12 Recv: LPR_N
[11:42:20] LPR12 Recv: LPR_N
[11:42:25] LPR12 Recv: LPR_N
[11:42:30] LPR12 Recv: LPR_N
[11:42:35] LPR12 Recv: LPR_N
[11:42:41] LPR12 Recv: LPR_N
[11:42:46] LPR12 Recv: LPR_N
[11:42:51] LPR12 Recv: LPR_N
[11:42:56] LPR12 Recv: LPR_N
[11:43:02] LPR12 Recv: LPR_N
[11:43:07] LPR12 Recv: LPR_N
[11:43:12] Ping 시간 체크1-8505109
[11:43:12] Ping 시간 체크2-8505109
[11:43:12] 11번 LPR OK 전송
[11:43:12] LPR12 Recv: LPR_N
[11:43:17] LPR12 Recv: LPR_N
[11:43:23] LPR12 Recv: LPR_N
[11:43:28] LPR12 Recv: LPR_N
[11:43:33] LPR12 Recv: LPR_N
[11:43:38] LPR12 Recv: LPR_N
[11:43:43] LPR12 Recv: LPR_N
[11:43:49] LPR12 Recv: LPR_N
[11:43:54] LPR12 Recv: LPR_N
[11:43:59] LPR12 Recv: LPR_N
[11:44:04] LPR12 Recv: LPR_N
[11:44:10] LPR12 Recv: LPR_N
[11:44:12] Ping 시간 체크1-8565109
[11:44:12] Ping 시간 체크2-8565109
[11:44:12] 11번 LPR OK 전송
[11:44:15] LPR12 Recv: LPR_N
[11:44:20] LPR12 Recv: LPR_N
[11:44:25] LPR12 Recv: LPR_N
[11:44:30] LPR12 Recv: LPR_N
[11:44:36] LPR12 Recv: LPR_N
[11:44:41] LPR12 Recv: LPR_N
[11:44:46] LPR12 Recv: LPR_N
[11:44:51] LPR12 Recv: LPR_N
[11:44:57] LPR12 Recv: LPR_N
[11:45:02] LPR12 Recv: LPR_N
[11:45:07] LPR12 Recv: LPR_N
[11:45:12] Ping 시간 체크1-8625109
[11:45:12] Ping 시간 체크2-8625109
[11:45:12] 11번 LPR OK 전송
[11:45:12] LPR12 Recv: LPR_N
[11:45:18] LPR12 Recv: LPR_N
[11:45:23] LPR12 Recv: LPR_N
[11:45:28] LPR12 Recv: LPR_N
[11:45:33] LPR12 Recv: LPR_N
[11:45:38] LPR12 Recv: LPR_N
[11:45:44] LPR12 Recv: LPR_N
[11:45:49] LPR12 Recv: LPR_N
[11:45:54] LPR12 Recv: LPR_N
[11:45:59] LPR12 Recv: LPR_N
[11:46:05] LPR12 Recv: LPR_N
[11:46:10] LPR12 Recv: LPR_N
[11:46:12] Ping 시간 체크1-8685109
[11:46:12] Ping 시간 체크2-8685109
[11:46:12] 11번 LPR OK 전송
[11:46:15] LPR12 Recv: LPR_N
[11:46:20] LPR12 Recv: LPR_N
[11:46:25] LPR12 Recv: LPR_N
[11:46:31] LPR12 Recv: LPR_N
[11:46:36] LPR12 Recv: LPR_N
[11:46:41] LPR12 Recv: LPR_N
[11:46:46] LPR12 Recv: LPR_N
[11:46:52] LPR12 Recv: LPR_N
[11:46:57] LPR12 Recv: LPR_N
[11:47:02] LPR12 Recv: LPR_N
[11:47:07] LPR12 Recv: LPR_N
[11:47:12] Ping 시간 체크1-8745109
[11:47:12] Ping 시간 체크2-8745109
[11:47:12] 11번 LPR OK 전송
[11:47:13] LPR12 Recv: LPR_N
[11:47:18] LPR12 Recv: LPR_N
[11:47:23] LPR12 Recv: LPR_N
[11:47:28] LPR12 Recv: LPR_N
[11:47:33] LPR12 Recv: LPR_N
[11:47:39] LPR12 Recv: LPR_N
[11:47:44] LPR12 Recv: LPR_N
[11:47:49] LPR12 Recv: LPR_N
[11:47:54] LPR12 Recv: LPR_N
[11:48:00] LPR12 Recv: LPR_N
[11:48:05] LPR12 Recv: LPR_N
[11:48:10] LPR12 Recv: LPR_N
[11:48:12] Ping 시간 체크1-8805109
[11:48:12] Ping 시간 체크2-8805125
[11:48:12] 11번 LPR OK 전송
[11:48:15] LPR12 Recv: LPR_N
[11:48:20] LPR12 Recv: LPR_N
[11:48:26] LPR12 Recv: LPR_N
[11:48:31] LPR12 Recv: LPR_N
[11:48:36] LPR12 Recv: LPR_N
[11:48:41] LPR12 Recv: LPR_N
[11:48:47] LPR12 Recv: LPR_N
[11:48:52] LPR12 Recv: LPR_N
[11:48:57] LPR12 Recv: LPR_N
[11:49:02] LPR12 Recv: LPR_N
[11:49:08] LPR12 Recv: LPR_N
[11:49:12] Ping 시간 체크1-8865109
[11:49:12] Ping 시간 체크2-8865109
[11:49:12] 11번 LPR OK 전송
[11:49:13] LPR12 Recv: LPR_N
[11:49:18] LPR12 Recv: LPR_N
[11:49:23] LPR12 Recv: LPR_N
[11:49:28] LPR12 Recv: LPR_N
[11:49:34] LPR12 Recv: LPR_N
[11:49:39] LPR12 Recv: LPR_N
[11:49:44] LPR12 Recv: LPR_N
[11:49:49] LPR12 Recv: LPR_N
[11:49:55] LPR12 Recv: LPR_N
[11:50:00] LPR12 Recv: LPR_N
[11:50:05] LPR12 Recv: LPR_N
[11:50:10] LPR12 Recv: LPR_N
[11:50:12] Ping 시간 체크1-8925109
[11:50:12] Ping 시간 체크2-8925109
[11:50:12] 11번 LPR OK 전송
[11:50:15] LPR12 Recv: LPR_N
[11:50:21] LPR12 Recv: LPR_N
[11:50:26] LPR12 Recv: LPR_N
[11:50:31] LPR12 Recv: LPR_N
[11:50:36] LPR12 Recv: LPR_N
[11:50:42] LPR12 Recv: LPR_N
[11:50:47] LPR12 Recv: LPR_N
[11:50:52] LPR12 Recv: LPR_N
[11:50:57] LPR12 Recv: LPR_N
[11:51:03] LPR12 Recv: LPR_N
[11:51:08] LPR12 Recv: LPR_N
[11:51:12] Ping 시간 체크1-8985109
[11:51:12] Ping 시간 체크2-8985109
[11:51:12] 11번 LPR OK 전송
[11:51:13] LPR12 Recv: LPR_N
[11:51:18] LPR12 Recv: LPR_N
[11:51:23] LPR12 Recv: LPR_N
[11:51:29] LPR12 Recv: LPR_N
[11:51:34] LPR12 Recv: LPR_N
[11:51:39] LPR12 Recv: LPR_N
[11:51:44] LPR12 Recv: LPR_N
[11:51:50] LPR12 Recv: LPR_N
[11:51:55] LPR12 Recv: LPR_N
[11:52:00] LPR12 Recv: LPR_N
[11:52:05] LPR12 Recv: LPR_N
[11:52:10] LPR12 Recv: LPR_N
[11:52:12] Ping 시간 체크1-9045109
[11:52:12] Ping 시간 체크2-9045109
[11:52:12] 11번 LPR OK 전송
[11:52:16] LPR12 Recv: LPR_N
[11:52:21] LPR12 Recv: LPR_N
[11:52:26] LPR12 Recv: LPR_N
[11:52:31] LPR12 Recv: LPR_N
[11:52:37] LPR12 Recv: LPR_N
[11:52:42] LPR12 Recv: LPR_N
[11:52:47] LPR12 Recv: LPR_N
[11:52:52] LPR12 Recv: LPR_N
[11:52:58] LPR12 Recv: LPR_N
[11:53:03] LPR12 Recv: LPR_N
[11:53:08] LPR12 Recv: LPR_N
[11:53:12] Ping 시간 체크1-9105109
[11:53:12] Ping 시간 체크2-9105109
[11:53:12] 11번 LPR OK 전송
[11:53:13] LPR12 Recv: LPR_N
[11:53:18] LPR12 Recv: LPR_N
[11:53:24] LPR12 Recv: LPR_N
[11:53:29] LPR12 Recv: LPR_N
[11:53:34] LPR12 Recv: LPR_N
[11:53:39] LPR12 Recv: LPR_N
[11:53:45] LPR12 Recv: LPR_N
[11:53:50] LPR12 Recv: LPR_N
[11:53:55] LPR12 Recv: LPR_N
[11:54:00] LPR12 Recv: LPR_N
[11:54:05] LPR12 Recv: LPR_N
[11:54:11] LPR12 Recv: LPR_N
[11:54:12] Ping 시간 체크1-9165109
[11:54:12] Ping 시간 체크2-9165109
[11:54:12] 11번 LPR OK 전송
[11:54:16] LPR12 Recv: LPR_N
[11:54:21] LPR12 Recv: LPR_N
[11:54:26] LPR12 Recv: LPR_N
[11:54:32] LPR12 Recv: LPR_N
[11:54:37] LPR12 Recv: LPR_N
[11:54:42] LPR12 Recv: LPR_N
[11:54:47] LPR12 Recv: LPR_N
[11:54:53] LPR12 Recv: LPR_N
[11:54:58] LPR12 Recv: LPR_N
[11:55:03] LPR12 Recv: LPR_N
[11:55:08] LPR12 Recv: LPR_N
[11:55:12] Ping 시간 체크1-9225109
[11:55:12] Ping 시간 체크2-9225109
[11:55:12] 11번 LPR OK 전송
[11:55:13] LPR12 Recv: LPR_N
[11:55:19] LPR12 Recv: LPR_N
[11:55:24] LPR12 Recv: LPR_N
[11:55:29] LPR12 Recv: LPR_N
[11:55:34] LPR12 Recv: LPR_N
[11:55:40] LPR12 Recv: LPR_N
[11:55:45] LPR12 Recv: LPR_N
[11:55:50] LPR12 Recv: LPR_N
[11:55:55] LPR12 Recv: LPR_N
[11:56:00] LPR12 Recv: LPR_N
[11:56:06] LPR12 Recv: LPR_N
[11:56:11] LPR12 Recv: LPR_N
[11:56:12] Ping 시간 체크1-9285109
[11:56:12] Ping 시간 체크2-9285109
[11:56:12] 11번 LPR OK 전송
[11:56:16] LPR12 Recv: LPR_N
[11:56:21] LPR12 Recv: LPR_N
[11:56:27] LPR12 Recv: LPR_N
[11:56:32] LPR12 Recv: LPR_N
[11:56:37] LPR12 Recv: LPR_N
[11:56:42] LPR12 Recv: LPR_N
[11:56:48] LPR12 Recv: LPR_N
[11:56:53] LPR12 Recv: LPR_N
[11:56:58] LPR12 Recv: LPR_N
[11:57:03] LPR12 Recv: LPR_N
[11:57:08] LPR12 Recv: LPR_N
[11:57:12] Ping 시간 체크1-9345109
[11:57:12] Ping 시간 체크2-9345109
[11:57:12] 11번 LPR OK 전송
[11:57:14] LPR12 Recv: LPR_N
[11:57:19] LPR12 Recv: LPR_N
[11:57:24] LPR12 Recv: LPR_N
[11:57:29] LPR12 Recv: LPR_N
[11:57:35] LPR12 Recv: LPR_N
[11:57:40] LPR12 Recv: LPR_N
[11:57:45] LPR12 Recv: LPR_N
[11:57:50] LPR12 Recv: LPR_N
[11:57:55] LPR12 Recv: LPR_N
[11:58:01] LPR12 Recv: LPR_N
[11:58:06] LPR12 Recv: LPR_N
[11:58:11] LPR12 Recv: LPR_N
[11:58:12] Ping 시간 체크1-9405109
[11:58:12] Ping 시간 체크2-9405109
[11:58:12] 11번 LPR OK 전송
[11:58:16] LPR12 Recv: LPR_N
[11:58:22] LPR12 Recv: LPR_N
[11:58:27] LPR12 Recv: LPR_N
[11:58:32] LPR12 Recv: LPR_N
[11:58:37] LPR12 Recv: LPR_N
[11:58:43] LPR12 Recv: LPR_N
[11:58:48] LPR12 Recv: LPR_N
[11:58:53] LPR12 Recv: LPR_N
[11:58:58] LPR12 Recv: LPR_N
[11:59:03] LPR12 Recv: LPR_N
[11:59:09] LPR12 Recv: LPR_N
[11:59:12] Ping 시간 체크1-9465109
[11:59:12] Ping 시간 체크2-9465109
[11:59:12] 11번 LPR OK 전송
[11:59:14] LPR12 Recv: LPR_N
[11:59:19] LPR12 Recv: LPR_N
[11:59:24] LPR12 Recv: LPR_N
[11:59:30] LPR12 Recv: LPR_N
[11:59:35] LPR12 Recv: LPR_N
[11:59:40] LPR12 Recv: LPR_N
[11:59:45] LPR12 Recv: LPR_N
[11:59:50] LPR12 Recv: LPR_N
[11:59:56] LPR12 Recv: LPR_N
[12:00:01] LPR12 Recv: LPR_N
[12:00:06] LPR12 Recv: LPR_N
[12:00:11] LPR12 Recv: LPR_N
[12:00:12] Ping 시간 체크1-9525109
[12:00:12] Ping 시간 체크2-9525109
[12:00:12] 11번 LPR OK 전송
[12:00:17] LPR12 Recv: LPR_N
[12:00:22] LPR12 Recv: LPR_N
[12:00:27] LPR12 Recv: LPR_N
[12:00:32] LPR12 Recv: LPR_N
[12:00:38] LPR12 Recv: LPR_N
[12:00:43] LPR12 Recv: LPR_N
[12:00:48] LPR12 Recv: LPR_N
[12:00:53] LPR12 Recv: LPR_N
[12:00:58] LPR12 Recv: LPR_N
[12:01:04] LPR12 Recv: LPR_N
[12:01:09] LPR12 Recv: LPR_N
[12:01:12] Ping 시간 체크1-9585109
[12:01:12] Ping 시간 체크2-9585125
[12:01:12] 11번 LPR OK 전송
[12:01:14] LPR12 Recv: LPR_N
[12:01:19] LPR12 Recv: LPR_N
[12:01:25] LPR12 Recv: LPR_N
[12:01:30] LPR12 Recv: LPR_N
[12:01:35] LPR12 Recv: LPR_N
[12:01:40] LPR12 Recv: LPR_N
[12:01:45] LPR12 Recv: LPR_N
[12:01:51] LPR12 Recv: LPR_N
[12:01:56] LPR12 Recv: LPR_N
[12:02:01] LPR12 Recv: LPR_N
[12:02:06] LPR12 Recv: LPR_N
[12:02:12] LPR12 Recv: LPR_N
[12:02:12] Ping 시간 체크1-9645109
[12:02:12] Ping 시간 체크2-9645109
[12:02:12] 11번 LPR OK 전송
[12:02:17] LPR12 Recv: LPR_N
[12:02:22] LPR12 Recv: LPR_N
[12:02:27] LPR12 Recv: LPR_N
[12:02:33] LPR12 Recv: LPR_N
[12:02:38] LPR12 Recv: LPR_N
[12:02:43] LPR12 Recv: LPR_N
[12:02:48] LPR12 Recv: LPR_N
[12:02:53] LPR12 Recv: LPR_N
[12:02:59] LPR12 Recv: LPR_N
[12:03:04] LPR12 Recv: LPR_N
[12:03:09] LPR12 Recv: LPR_N
[12:03:12] Ping 시간 체크1-9705109
[12:03:12] Ping 시간 체크2-9705109
[12:03:12] 11번 LPR OK 전송
[12:03:14] LPR12 Recv: LPR_N
[12:03:20] LPR12 Recv: LPR_N
[12:03:25] LPR12 Recv: LPR_N
[12:03:30] LPR12 Recv: LPR_N
[12:03:35] LPR12 Recv: LPR_N
[12:03:40] LPR12 Recv: LPR_N
[12:03:46] LPR12 Recv: LPR_N
[12:03:51] LPR12 Recv: LPR_N
[12:03:56] LPR12 Recv: LPR_N
[12:04:01] LPR12 Recv: LPR_N
[12:04:07] LPR12 Recv: LPR_N
[12:04:12] LPR12 Recv: LPR_N
[12:04:12] Ping 시간 체크1-9765109
[12:04:12] Ping 시간 체크2-9765109
[12:04:12] 11번 LPR OK 전송
[12:04:17] LPR12 Recv: LPR_N
[12:04:22] LPR12 Recv: LPR_N
[12:04:28] LPR12 Recv: LPR_N
[12:04:33] LPR12 Recv: LPR_N
[12:04:38] LPR12 Recv: LPR_N
[12:04:43] LPR12 Recv: LPR_N
[12:04:48] LPR12 Recv: LPR_N
[12:04:54] LPR12 Recv: LPR_N
[12:04:59] LPR12 Recv: LPR_N
[12:05:04] LPR12 Recv: LPR_N
[12:05:09] LPR12 Recv: LPR_N
[12:05:12] Ping 시간 체크1-9825109
[12:05:12] Ping 시간 체크2-9825109
[12:05:12] 11번 LPR OK 전송
[12:05:15] LPR12 Recv: LPR_N
[12:05:20] LPR12 Recv: LPR_N
[12:05:25] LPR12 Recv: LPR_N
[12:05:30] LPR12 Recv: LPR_N
[12:05:35] LPR12 Recv: LPR_N
[12:05:41] LPR12 Recv: LPR_N
[12:05:46] LPR12 Recv: LPR_N
[12:05:51] LPR12 Recv: LPR_N
[12:05:56] LPR12 Recv: LPR_N
[12:06:02] LPR12 Recv: LPR_N
[12:06:07] LPR12 Recv: LPR_N
[12:06:12] Ping 시간 체크1-9885109
[12:06:12] Ping 시간 체크2-9885109
[12:06:12] 11번 LPR OK 전송
[12:06:12] LPR12 Recv: LPR_N
[12:06:17] LPR12 Recv: LPR_N
[12:06:23] LPR12 Recv: LPR_N
[12:06:28] LPR12 Recv: LPR_N
[12:06:33] LPR12 Recv: LPR_N
[12:06:38] LPR12 Recv: LPR_N
[12:06:43] LPR12 Recv: LPR_N
[12:06:49] LPR12 Recv: LPR_N
[12:06:54] LPR12 Recv: LPR_N
[12:06:59] LPR12 Recv: LPR_N
[12:07:04] LPR12 Recv: LPR_N
[12:07:10] LPR12 Recv: LPR_N
[12:07:12] Ping 시간 체크1-9945109
[12:07:12] Ping 시간 체크2-9945109
[12:07:12] 11번 LPR OK 전송
[12:07:15] LPR12 Recv: LPR_N
[12:07:20] LPR12 Recv: LPR_N
[12:07:25] LPR12 Recv: LPR_N
[12:07:30] LPR12 Recv: LPR_N
[12:07:36] LPR12 Recv: LPR_N
[12:07:41] LPR12 Recv: LPR_N
[12:07:46] LPR12 Recv: LPR_N
[12:07:51] LPR12 Recv: LPR_N
[12:07:57] LPR12 Recv: LPR_N
[12:08:02] LPR12 Recv: LPR_N
[12:08:07] LPR12 Recv: LPR_N
[12:08:12] Ping 시간 체크1-10005109
[12:08:12] Ping 시간 체크2-10005109
[12:08:12] 11번 LPR OK 전송
[12:08:12] LPR12 Recv: LPR_N
[12:08:18] LPR12 Recv: LPR_N
[12:08:23] LPR12 Recv: LPR_N
[12:08:28] LPR12 Recv: LPR_N
[12:08:33] LPR12 Recv: LPR_N
[12:08:38] LPR12 Recv: LPR_N
[12:08:44] LPR12 Recv: LPR_N
[12:08:49] LPR12 Recv: LPR_N
[12:08:54] LPR12 Recv: LPR_N
[12:08:59] LPR12 Recv: LPR_N
[12:09:05] LPR12 Recv: LPR_N
[12:09:10] LPR12 Recv: LPR_N
[12:09:12] Ping 시간 체크1-10065109
[12:09:12] Ping 시간 체크2-10065125
[12:09:12] 11번 LPR OK 전송
[12:09:15] LPR12 Recv: LPR_N
[12:09:20] LPR12 Recv: LPR_N
[12:09:25] LPR12 Recv: LPR_N
[12:09:31] LPR12 Recv: LPR_N
[12:09:36] LPR12 Recv: LPR_N
[12:09:41] LPR12 Recv: LPR_N
[12:09:46] LPR12 Recv: LPR_N
[12:09:52] LPR12 Recv: LPR_N
[12:09:57] LPR12 Recv: LPR_N
[12:10:02] LPR12 Recv: LPR_N
[12:10:07] LPR12 Recv: LPR_N
[12:10:12] Ping 시간 체크1-10125109
[12:10:12] Ping 시간 체크2-10125109
[12:10:12] 11번 LPR OK 전송
[12:10:13] LPR12 Recv: LPR_N
[12:10:18] LPR12 Recv: LPR_N
[12:10:23] LPR12 Recv: LPR_N
[12:10:28] LPR12 Recv: LPR_N
[12:10:33] LPR12 Recv: LPR_N
[12:10:39] LPR12 Recv: LPR_N
[12:10:44] LPR12 Recv: LPR_N
[12:10:49] LPR12 Recv: LPR_N
[12:10:54] LPR12 Recv: LPR_N
[12:11:00] LPR12 Recv: LPR_N
[12:11:05] LPR12 Recv: LPR_N
[12:11:10] LPR12 Recv: LPR_N
[12:11:12] Ping 시간 체크1-10185109
[12:11:12] Ping 시간 체크2-10185109
[12:11:12] 11번 LPR OK 전송
[12:11:15] LPR12 Recv: LPR_N
[12:11:20] LPR12 Recv: LPR_N
[12:11:26] LPR12 Recv: LPR_N
[12:11:31] LPR12 Recv: LPR_N
[12:11:36] LPR12 Recv: LPR_N
[12:11:41] LPR12 Recv: LPR_N
[12:11:47] LPR12 Recv: LPR_N
[12:11:52] LPR12 Recv: LPR_N
[12:11:57] LPR12 Recv: LPR_N
[12:12:02] LPR12 Recv: LPR_N
[12:12:08] LPR12 Recv: LPR_N
[12:12:12] Ping 시간 체크1-10245109
[12:12:12] Ping 시간 체크2-10245109
[12:12:12] 11번 LPR OK 전송
[12:12:13] LPR12 Recv: LPR_N
[12:12:18] LPR12 Recv: LPR_N
[12:12:23] LPR12 Recv: LPR_N
[12:12:28] LPR12 Recv: LPR_N
[12:12:34] LPR12 Recv: LPR_N
[12:12:39] LPR12 Recv: LPR_N
[12:12:44] LPR12 Recv: LPR_N
[12:12:49] LPR12 Recv: LPR_N
[12:12:55] LPR12 Recv: LPR_N
[12:13:00] LPR12 Recv: LPR_N
[12:13:05] LPR12 Recv: LPR_N
[12:13:10] LPR12 Recv: LPR_N
[12:13:12] Ping 시간 체크1-10305109
[12:13:12] Ping 시간 체크2-10305109
[12:13:12] 11번 LPR OK 전송
[12:13:15] LPR12 Recv: LPR_N
[12:13:21] LPR12 Recv: LPR_N
[12:13:26] LPR12 Recv: LPR_N
[12:13:31] LPR12 Recv: LPR_N
[12:13:36] LPR12 Recv: LPR_N
[12:13:42] LPR12 Recv: LPR_N
[12:13:47] LPR12 Recv: LPR_N
[12:13:52] LPR12 Recv: LPR_N
[12:13:57] LPR12 Recv: LPR_N
[12:14:03] LPR12 Recv: LPR_N
[12:14:08] LPR12 Recv: LPR_N
[12:14:12] Ping 시간 체크1-10365109
[12:14:12] Ping 시간 체크2-10365109
[12:14:12] 11번 LPR OK 전송
[12:14:13] LPR12 Recv: LPR_N
[12:14:18] LPR12 Recv: LPR_N
[12:14:24] LPR12 Recv: LPR_N
[12:14:29] LPR12 Recv: LPR_N
[12:14:34] LPR12 Recv: LPR_N
[12:14:39] LPR12 Recv: LPR_N
[12:14:44] LPR12 Recv: LPR_N
[12:14:50] LPR12 Recv: LPR_N
[12:14:55] LPR12 Recv: LPR_N
[12:15:00] LPR12 Recv: LPR_N
[12:15:05] LPR12 Recv: LPR_N
[12:15:10] LPR12 Recv: LPR_N
[12:15:12] Ping 시간 체크1-10425109
[12:15:12] Ping 시간 체크2-10425125
[12:15:12] 11번 LPR OK 전송
[12:15:16] LPR12 Recv: LPR_N
[12:15:21] LPR12 Recv: LPR_N
[12:15:27] LPR12 Recv: LPR_N
[12:15:32] LPR12 Recv: LPR_N
[12:15:37] LPR12 Recv: LPR_N
[12:15:42] LPR12 Recv: LPR_N
[12:15:48] LPR12 Recv: LPR_N
[12:15:53] LPR12 Recv: LPR_N
[12:15:58] LPR12 Recv: LPR_N
[12:16:03] LPR12 Recv: LPR_N
[12:16:08] LPR12 Recv: LPR_N
[12:16:12] Ping 시간 체크1-10485109
[12:16:12] Ping 시간 체크2-10485125
[12:16:12] 11번 LPR OK 전송
[12:16:14] LPR12 Recv: LPR_N
[12:16:19] LPR12 Recv: LPR_N
[12:16:24] LPR12 Recv: LPR_N
[12:16:29] LPR12 Recv: LPR_N
[12:16:35] LPR12 Recv: LPR_N
[12:16:40] LPR12 Recv: LPR_N
[12:16:45] LPR12 Recv: LPR_N
[12:16:50] LPR12 Recv: LPR_N
[12:16:56] LPR12 Recv: LPR_N
[12:17:01] LPR12 Recv: LPR_N
[12:17:06] LPR12 Recv: LPR_N
[12:17:11] LPR12 Recv: LPR_N
[12:17:12] Ping 시간 체크1-10545109
[12:17:12] Ping 시간 체크2-10545109
[12:17:12] 11번 LPR OK 전송
[12:17:16] LPR12 Recv: LPR_N
[12:17:22] LPR12 Recv: LPR_N
[12:17:27] LPR12 Recv: LPR_N
[12:17:32] LPR12 Recv: LPR_N
[12:17:37] LPR12 Recv: LPR_N
[12:17:43] LPR12 Recv: LPR_N
[12:17:48] LPR12 Recv: LPR_N
[12:17:53] LPR12 Recv: LPR_N
[12:17:58] LPR12 Recv: LPR_N
[12:18:03] LPR12 Recv: LPR_N
[12:18:09] LPR12 Recv: LPR_N
[12:18:12] Ping 시간 체크1-10605109
[12:18:12] Ping 시간 체크2-10605125
[12:18:12] 11번 LPR OK 전송
[12:18:14] LPR12 Recv: LPR_N
[12:18:19] LPR12 Recv: LPR_N
[12:18:24] LPR12 Recv: LPR_N
[12:18:30] LPR12 Recv: LPR_N
[12:18:35] LPR12 Recv: LPR_N
[12:18:40] LPR12 Recv: LPR_N
[12:18:45] LPR12 Recv: LPR_N
[12:18:51] LPR12 Recv: LPR_N
[12:18:56] LPR12 Recv: LPR_N
[12:19:01] LPR12 Recv: LPR_N
[12:19:06] LPR12 Recv: LPR_N
[12:19:11] LPR12 Recv: LPR_N
[12:19:12] Ping 시간 체크1-10665109
[12:19:12] Ping 시간 체크2-10665109
[12:19:12] 11번 LPR OK 전송
[12:19:17] LPR12 Recv: LPR_N
[12:19:22] LPR12 Recv: LPR_N
[12:19:27] LPR12 Recv: LPR_N
[12:19:32] LPR12 Recv: LPR_N
[12:19:38] LPR12 Recv: LPR_N
[12:19:43] LPR12 Recv: LPR_N
[12:19:48] LPR12 Recv: LPR_N
[12:19:53] LPR12 Recv: LPR_N
[12:19:58] LPR12 Recv: LPR_N
[12:20:04] LPR12 Recv: LPR_N
[12:20:09] LPR12 Recv: LPR_N
[12:20:12] Ping 시간 체크1-10725109
[12:20:12] Ping 시간 체크2-10725109
[12:20:12] 11번 LPR OK 전송
[12:20:14] LPR12 Recv: LPR_N
[12:20:19] LPR12 Recv: LPR_N
[12:20:25] LPR12 Recv: LPR_N
[12:20:30] LPR12 Recv: LPR_N
[12:20:35] LPR12 Recv: LPR_N
[12:20:40] LPR12 Recv: LPR_N
[12:20:46] LPR12 Recv: LPR_N
[12:20:51] LPR12 Recv: LPR_N
[12:20:56] LPR12 Recv: LPR_N
[12:21:01] LPR12 Recv: LPR_N
[12:21:06] LPR12 Recv: LPR_N
[12:21:12] LPR12 Recv: LPR_N
[12:21:12] Ping 시간 체크1-10785109
[12:21:12] Ping 시간 체크2-10785109
[12:21:12] 11번 LPR OK 전송
[12:21:17] LPR12 Recv: LPR_N
[12:21:22] LPR12 Recv: LPR_N
[12:21:27] LPR12 Recv: LPR_N
[12:21:33] LPR12 Recv: LPR_N
[12:21:38] LPR12 Recv: LPR_N
[12:21:43] LPR12 Recv: LPR_N
[12:21:48] LPR12 Recv: LPR_N
[12:21:53] LPR12 Recv: LPR_N
[12:21:59] LPR12 Recv: LPR_N
[12:22:04] LPR12 Recv: LPR_N
[12:22:09] LPR12 Recv: LPR_N
[12:22:12] Ping 시간 체크1-10845109
[12:22:12] Ping 시간 체크2-10845109
[12:22:12] 11번 LPR OK 전송
[12:22:14] LPR12 Recv: LPR_N
[12:22:20] LPR12 Recv: LPR_N
[12:22:25] LPR12 Recv: LPR_N
[12:22:30] LPR12 Recv: LPR_N
[12:22:35] LPR12 Recv: LPR_N
[12:22:41] LPR12 Recv: LPR_N
[12:22:46] LPR12 Recv: LPR_N
[12:22:51] LPR12 Recv: LPR_N
[12:22:56] LPR12 Recv: LPR_N
[12:23:01] LPR12 Recv: LPR_N
[12:23:07] LPR12 Recv: LPR_N
[12:23:12] LPR12 Recv: LPR_N
[12:23:12] Ping 시간 체크1-10905109
[12:23:12] Ping 시간 체크2-10905109
[12:23:12] 11번 LPR OK 전송
[12:23:17] LPR12 Recv: LPR_N
[12:23:22] LPR12 Recv: LPR_N
[12:23:28] LPR12 Recv: LPR_N
[12:23:33] LPR12 Recv: LPR_N
[12:23:38] LPR12 Recv: LPR_N
[12:23:43] LPR12 Recv: LPR_N
[12:23:48] LPR12 Recv: LPR_N
[12:23:54] LPR12 Recv: LPR_N
[12:23:59] LPR12 Recv: LPR_N
[12:24:04] LPR12 Recv: LPR_N
[12:24:09] LPR12 Recv: LPR_N
[12:24:12] Ping 시간 체크1-10965109
[12:24:12] Ping 시간 체크2-10965109
[12:24:12] 11번 LPR OK 전송
[12:24:15] LPR12 Recv: LPR_N
[12:24:20] LPR12 Recv: LPR_N
[12:24:25] LPR12 Recv: LPR_N
[12:24:30] LPR12 Recv: LPR_N
[12:24:36] LPR12 Recv: LPR_N
[12:24:41] LPR12 Recv: LPR_N
[12:24:46] LPR12 Recv: LPR_N
[12:24:51] LPR12 Recv: LPR_N
[12:24:56] LPR12 Recv: LPR_N
[12:25:02] LPR12 Recv: LPR_N
[12:25:07] LPR12 Recv: LPR_N
[12:25:12] LPR12 Recv: LPR_N
[12:25:12] Ping 시간 체크1-11025109
[12:25:12] Ping 시간 체크2-11025109
[12:25:12] 11번 LPR OK 전송
[12:25:17] LPR12 Recv: LPR_N
[12:25:23] LPR12 Recv: LPR_N
[12:25:28] LPR12 Recv: LPR_N
[12:25:33] LPR12 Recv: LPR_N
[12:25:38] LPR12 Recv: LPR_N
[12:25:43] LPR12 Recv: LPR_N
[12:25:49] LPR12 Recv: LPR_N
[12:25:54] LPR12 Recv: LPR_N
[12:25:59] LPR12 Recv: LPR_N
[12:26:04] LPR12 Recv: LPR_N
[12:26:10] LPR12 Recv: LPR_N
[12:26:12] Ping 시간 체크1-11085109
[12:26:12] Ping 시간 체크2-11085109
[12:26:12] 11번 LPR OK 전송
[12:26:15] LPR12 Recv: LPR_N
[12:26:20] LPR12 Recv: LPR_N
[12:26:25] LPR12 Recv: LPR_N
[12:26:31] LPR12 Recv: LPR_N
[12:26:36] LPR12 Recv: LPR_N
[12:26:41] LPR12 Recv: LPR_N
[12:26:46] LPR12 Recv: LPR_N
[12:26:51] LPR12 Recv: LPR_N
[12:26:57] LPR12 Recv: LPR_N
[12:27:02] LPR12 Recv: LPR_N
[12:27:07] LPR12 Recv: LPR_N
[12:27:12] LPR12 Recv: LPR_N
[12:27:12] Ping 시간 체크1-11145109
[12:27:12] Ping 시간 체크2-11145109
[12:27:12] 11번 LPR OK 전송
[12:27:18] LPR12 Recv: LPR_N
[12:27:23] LPR12 Recv: LPR_N
[12:27:28] LPR12 Recv: LPR_N
[12:27:33] LPR12 Recv: LPR_N
[12:27:38] LPR12 Recv: LPR_N
[12:27:44] LPR12 Recv: LPR_N
[12:27:49] LPR12 Recv: LPR_N
[12:27:54] LPR12 Recv: LPR_N
[12:27:59] LPR12 Recv: LPR_N
[12:28:05] LPR12 Recv: LPR_N
[12:28:10] LPR12 Recv: LPR_N
[12:28:12] Ping 시간 체크1-11205109
[12:28:12] Ping 시간 체크2-11205109
[12:28:12] 11번 LPR OK 전송
[12:28:15] LPR12 Recv: LPR_N
[12:28:20] LPR12 Recv: LPR_N
[12:28:26] LPR12 Recv: LPR_N
[12:28:31] LPR12 Recv: LPR_N
[12:28:36] LPR12 Recv: LPR_N
[12:28:41] LPR12 Recv: LPR_N
[12:28:46] LPR12 Recv: LPR_N
[12:28:52] LPR12 Recv: LPR_N
[12:28:57] LPR12 Recv: LPR_N
[12:29:02] LPR12 Recv: LPR_N
[12:29:07] LPR12 Recv: LPR_N
[12:29:12] Ping 시간 체크1-11265109
[12:29:12] Ping 시간 체크2-11265109
[12:29:12] 11번 LPR OK 전송
[12:29:13] LPR12 Recv: LPR_N
[12:29:18] LPR12 Recv: LPR_N
[12:29:23] LPR12 Recv: LPR_N
[12:29:28] LPR12 Recv: LPR_N
[12:29:33] LPR12 Recv: LPR_N
[12:29:39] LPR12 Recv: LPR_N
[12:29:44] LPR12 Recv: LPR_N
[12:29:49] LPR12 Recv: LPR_N
[12:29:54] LPR12 Recv: LPR_N
[12:30:00] LPR12 Recv: LPR_N
[12:30:05] LPR12 Recv: LPR_N
[12:30:10] LPR12 Recv: LPR_N
[12:30:12] Ping 시간 체크1-11325109
[12:30:12] Ping 시간 체크2-11325109
[12:30:12] 11번 LPR OK 전송
[12:30:15] LPR12 Recv: LPR_N
[12:30:21] LPR12 Recv: LPR_N
[12:30:26] LPR12 Recv: LPR_N
[12:30:31] LPR12 Recv: LPR_N
[12:30:36] LPR12 Recv: LPR_N
[12:30:41] LPR12 Recv: LPR_N
[12:30:47] LPR12 Recv: LPR_N
[12:30:52] LPR12 Recv: LPR_N
[12:30:57] LPR12 Recv: LPR_N
[12:31:02] LPR12 Recv: LPR_N
[12:31:08] LPR12 Recv: LPR_N
[12:31:12] Ping 시간 체크1-11385109
[12:31:12] Ping 시간 체크2-11385109
[12:31:12] 11번 LPR OK 전송
[12:31:12] Ping 시간 체크1-11385125
[12:31:12] Ping 시간 체크2-11385125
[12:31:12] 11번 LPR 시간동기화 전송
[12:31:13] LPR12 Recv: LPR_N
[12:31:18] LPR12 Recv: LPR_N
[12:31:23] LPR12 Recv: LPR_N
[12:31:28] LPR12 Recv: LPR_N
[12:31:34] LPR12 Recv: LPR_N
[12:31:39] LPR12 Recv: LPR_N
[12:31:44] LPR12 Recv: LPR_N
[12:31:49] LPR12 Recv: LPR_N
[12:31:55] LPR12 Recv: LPR_N
[12:32:00] LPR12 Recv: LPR_N
[12:32:05] LPR12 Recv: LPR_N
[12:32:10] LPR12 Recv: LPR_N
[12:32:12] Ping 시간 체크1-11445109
[12:32:12] Ping 시간 체크2-11445109
[12:32:12] 11번 LPR OK 전송
[12:32:16] LPR12 Recv: LPR_N
[12:32:21] LPR12 Recv: LPR_N
[12:32:26] LPR12 Recv: LPR_N
[12:32:31] LPR12 Recv: LPR_N
[12:32:36] LPR12 Recv: LPR_N
[12:32:42] LPR12 Recv: LPR_N
[12:32:47] LPR12 Recv: LPR_N
[12:32:52] LPR12 Recv: LPR_N
[12:32:57] LPR12 Recv: LPR_N
[12:33:03] LPR12 Recv: LPR_N
[12:33:08] LPR12 Recv: LPR_N
[12:33:12] Ping 시간 체크1-11505109
[12:33:12] Ping 시간 체크2-11505109
[12:33:12] 11번 LPR OK 전송
[12:33:13] LPR12 Recv: LPR_N
[12:33:18] LPR12 Recv: LPR_N
[12:33:23] LPR12 Recv: LPR_N
[12:33:29] LPR12 Recv: LPR_N
[12:33:34] LPR12 Recv: LPR_N
[12:33:39] LPR12 Recv: LPR_N
[12:33:44] LPR12 Recv: LPR_N
[12:33:50] LPR12 Recv: LPR_N
[12:33:55] LPR12 Recv: LPR_N
[12:34:00] LPR12 Recv: LPR_N
[12:34:05] LPR12 Recv: LPR_N
[12:34:11] LPR12 Recv: LPR_N
[12:34:12] Ping 시간 체크1-11565109
[12:34:12] Ping 시간 체크2-11565109
[12:34:12] 11번 LPR OK 전송
[12:34:16] LPR12 Recv: LPR_N
[12:34:21] LPR12 Recv: LPR_N
[12:34:26] LPR12 Recv: LPR_N
[12:34:31] LPR12 Recv: LPR_N
[12:34:37] LPR12 Recv: LPR_N
[12:34:42] LPR12 Recv: LPR_N
[12:34:47] LPR12 Recv: LPR_N
[12:34:52] LPR12 Recv: LPR_N
[12:34:58] LPR12 Recv: LPR_N
[12:35:03] LPR12 Recv: LPR_N
[12:35:08] LPR12 Recv: LPR_N
[12:35:12] Ping 시간 체크1-11625109
[12:35:12] Ping 시간 체크2-11625125
[12:35:12] 11번 LPR OK 전송
[12:35:13] LPR12 Recv: LPR_N
[12:35:18] LPR12 Recv: LPR_N
[12:35:24] LPR12 Recv: LPR_N
[12:35:29] LPR12 Recv: LPR_N
[12:35:34] LPR12 Recv: LPR_N
[12:35:39] LPR12 Recv: LPR_N
[12:35:45] LPR12 Recv: LPR_N
[12:35:50] LPR12 Recv: LPR_N
[12:35:55] LPR12 Recv: LPR_N
[12:36:00] LPR12 Recv: LPR_N
[12:36:06] LPR12 Recv: LPR_N
[12:36:11] LPR12 Recv: LPR_N
[12:36:12] Ping 시간 체크1-11685109
[12:36:12] Ping 시간 체크2-11685109
[12:36:12] 11번 LPR OK 전송
[12:36:16] LPR12 Recv: LPR_N
[12:36:21] LPR12 Recv: LPR_N
[12:36:26] LPR12 Recv: LPR_N
[12:36:32] LPR12 Recv: LPR_N
[12:36:37] LPR12 Recv: LPR_N
[12:36:42] LPR12 Recv: LPR_N
[12:36:47] LPR12 Recv: LPR_N
[12:36:53] LPR12 Recv: LPR_N
[12:36:58] LPR12 Recv: LPR_N
[12:37:03] LPR12 Recv: LPR_N
[12:37:08] LPR12 Recv: LPR_N
[12:37:12] Ping 시간 체크1-11745109
[12:37:12] Ping 시간 체크2-11745109
[12:37:12] 11번 LPR OK 전송
[12:37:13] LPR12 Recv: LPR_N
[12:37:19] LPR12 Recv: LPR_N
[12:37:24] LPR12 Recv: LPR_N
[12:37:29] LPR12 Recv: LPR_N
[12:37:34] LPR12 Recv: LPR_N
[12:37:40] LPR12 Recv: LPR_N
[12:37:45] LPR12 Recv: LPR_N
[12:37:50] LPR12 Recv: LPR_N
[12:37:55] LPR12 Recv: LPR_N
[12:38:01] LPR12 Recv: LPR_N
[12:38:06] LPR12 Recv: LPR_N
[12:38:11] LPR12 Recv: LPR_N
[12:38:12] Ping 시간 체크1-11805109
[12:38:12] Ping 시간 체크2-11805125
[12:38:12] 11번 LPR OK 전송
[12:38:16] LPR12 Recv: LPR_N
[12:38:21] LPR12 Recv: LPR_N
[12:38:27] LPR12 Recv: LPR_N
[12:38:32] LPR12 Recv: LPR_N
[12:38:37] LPR12 Recv: LPR_N
[12:38:42] LPR12 Recv: LPR_N
[12:38:48] LPR12 Recv: LPR_N
[12:38:53] LPR12 Recv: LPR_N
[12:38:58] LPR12 Recv: LPR_N
[12:39:03] LPR12 Recv: LPR_N
[12:39:08] LPR12 Recv: LPR_N
[12:39:12] Ping 시간 체크1-11865109
[12:39:12] Ping 시간 체크2-11865125
[12:39:12] 11번 LPR OK 전송
[12:39:14] LPR12 Recv: LPR_N
[12:39:19] LPR12 Recv: LPR_N
[12:39:24] LPR12 Recv: LPR_N
[12:39:29] LPR12 Recv: LPR_N
[12:39:35] LPR12 Recv: LPR_N
[12:39:40] LPR12 Recv: LPR_N
[12:39:45] LPR12 Recv: LPR_N
[12:39:50] LPR12 Recv: LPR_N
[12:39:56] LPR12 Recv: LPR_N
[12:40:01] LPR12 Recv: LPR_N
[12:40:06] LPR12 Recv: LPR_N
[12:40:11] LPR12 Recv: LPR_N
[12:40:12] Ping 시간 체크1-11925109
[12:40:12] Ping 시간 체크2-11925109
[12:40:12] 11번 LPR OK 전송
[12:40:16] LPR12 Recv: LPR_N
[12:40:22] LPR12 Recv: LPR_N
[12:40:27] LPR12 Recv: LPR_N
[12:40:32] LPR12 Recv: LPR_N
[12:40:37] LPR12 Recv: LPR_N
[12:40:43] LPR12 Recv: LPR_N
[12:40:48] LPR12 Recv: LPR_N
[12:40:53] LPR12 Recv: LPR_N
[12:40:58] LPR12 Recv: LPR_N
[12:41:03] LPR12 Recv: LPR_N
[12:41:09] LPR12 Recv: LPR_N
[12:41:12] Ping 시간 체크1-11985109
[12:41:12] Ping 시간 체크2-11985109
[12:41:12] 11번 LPR OK 전송
[12:41:14] LPR12 Recv: LPR_N
[12:41:19] LPR12 Recv: LPR_N
[12:41:24] LPR12 Recv: LPR_N
[12:41:30] LPR12 Recv: LPR_N
[12:41:35] LPR12 Recv: LPR_N
[12:41:40] LPR12 Recv: LPR_N
[12:41:45] LPR12 Recv: LPR_N
[12:41:51] LPR12 Recv: LPR_N
[12:41:56] LPR12 Recv: LPR_N
[12:42:01] LPR12 Recv: LPR_N
[12:42:06] LPR12 Recv: LPR_N
[12:42:11] LPR12 Recv: LPR_N
[12:42:12] Ping 시간 체크1-12045109
[12:42:12] Ping 시간 체크2-12045109
[12:42:12] 11번 LPR OK 전송
[12:42:17] LPR12 Recv: LPR_N
[12:42:22] LPR12 Recv: LPR_N
[12:42:27] LPR12 Recv: LPR_N
[12:42:32] LPR12 Recv: LPR_N
[12:42:38] LPR12 Recv: LPR_N
[12:42:43] LPR12 Recv: LPR_N
[12:42:48] LPR12 Recv: LPR_N
[12:42:53] LPR12 Recv: LPR_N
[12:42:58] LPR12 Recv: LPR_N
[12:43:04] LPR12 Recv: LPR_N
[12:43:09] LPR12 Recv: LPR_N
[12:43:12] Ping 시간 체크1-12105109
[12:43:12] Ping 시간 체크2-12105109
[12:43:12] 11번 LPR OK 전송
[12:43:14] LPR12 Recv: LPR_N
[12:43:19] LPR12 Recv: LPR_N
[12:43:25] LPR12 Recv: LPR_N
[12:43:30] LPR12 Recv: LPR_N
[12:43:35] LPR12 Recv: LPR_N
[12:43:40] LPR12 Recv: LPR_N
[12:43:46] LPR12 Recv: LPR_N
[12:43:51] LPR12 Recv: LPR_N
[12:43:56] LPR12 Recv: LPR_N
[12:44:01] LPR12 Recv: LPR_N
[12:44:06] LPR12 Recv: LPR_N
[12:44:12] LPR12 Recv: LPR_N
[12:44:12] Ping 시간 체크1-12165109
[12:44:12] Ping 시간 체크2-12165109
[12:44:12] 11번 LPR OK 전송
[12:44:17] LPR12 Recv: LPR_N
[12:44:22] LPR12 Recv: LPR_N
[12:44:27] LPR12 Recv: LPR_N
[12:44:33] LPR12 Recv: LPR_N
[12:44:38] LPR12 Recv: LPR_N
[12:44:43] LPR12 Recv: LPR_N
[12:44:48] LPR12 Recv: LPR_N
[12:44:53] LPR12 Recv: LPR_N
[12:44:59] LPR12 Recv: LPR_N
[12:45:04] LPR12 Recv: LPR_N
[12:45:09] LPR12 Recv: LPR_N
[12:45:12] Ping 시간 체크1-12225109
[12:45:12] Ping 시간 체크2-12225109
[12:45:12] 11번 LPR OK 전송
[12:45:14] LPR12 Recv: LPR_N
[12:45:20] LPR12 Recv: LPR_N
[12:45:25] LPR12 Recv: LPR_N
[12:45:30] LPR12 Recv: LPR_N
[12:45:35] LPR12 Recv: LPR_N
[12:45:41] LPR12 Recv: LPR_N
[12:45:46] LPR12 Recv: LPR_N
[12:45:51] LPR12 Recv: LPR_N
[12:45:56] LPR12 Recv: LPR_N
[12:46:01] LPR12 Recv: LPR_N
[12:46:07] LPR12 Recv: LPR_N
[12:46:12] LPR12 Recv: LPR_N
[12:46:12] Ping 시간 체크1-12285109
[12:46:12] Ping 시간 체크2-12285109
[12:46:12] 11번 LPR OK 전송
[12:46:17] LPR12 Recv: LPR_N
[12:46:22] LPR12 Recv: LPR_N
[12:46:28] LPR12 Recv: LPR_N
[12:46:33] LPR12 Recv: LPR_N
[12:46:38] LPR12 Recv: LPR_N
[12:46:43] LPR12 Recv: LPR_N
[12:46:48] LPR12 Recv: LPR_N
[12:46:54] LPR12 Recv: LPR_N
[12:46:59] LPR12 Recv: LPR_N
[12:47:04] LPR12 Recv: LPR_N
[12:47:09] LPR12 Recv: LPR_N
[12:47:12] Ping 시간 체크1-12345109
[12:47:12] Ping 시간 체크2-12345109
[12:47:12] 11번 LPR OK 전송
[12:47:15] LPR12 Recv: LPR_N
[12:47:20] LPR12 Recv: LPR_N
[12:47:25] LPR12 Recv: LPR_N
[12:47:30] LPR12 Recv: LPR_N
[12:47:36] LPR12 Recv: LPR_N
[12:47:41] LPR12 Recv: LPR_N
[12:47:46] LPR12 Recv: LPR_N
[12:47:51] LPR12 Recv: LPR_N
[12:47:56] LPR12 Recv: LPR_N
[12:48:02] LPR12 Recv: LPR_N
[12:48:07] LPR12 Recv: LPR_N
[12:48:12] Ping 시간 체크1-12405109
[12:48:12] Ping 시간 체크2-12405109
[12:48:12] 11번 LPR OK 전송
[12:48:12] LPR12 Recv: LPR_N
[12:48:17] LPR12 Recv: LPR_N
[12:48:23] LPR12 Recv: LPR_N
[12:48:28] LPR12 Recv: LPR_N
[12:48:33] LPR12 Recv: LPR_N
[12:48:38] LPR12 Recv: LPR_N
[12:48:43] LPR12 Recv: LPR_N
[12:48:49] LPR12 Recv: LPR_N
[12:48:54] LPR12 Recv: LPR_N
[12:48:59] LPR12 Recv: LPR_N
[12:49:04] LPR12 Recv: LPR_N
[12:49:10] LPR12 Recv: LPR_N
[12:49:12] Ping 시간 체크1-12465109
[12:49:12] Ping 시간 체크2-12465109
[12:49:12] 11번 LPR OK 전송
[12:49:15] LPR12 Recv: LPR_N
[12:49:20] LPR12 Recv: LPR_N
[12:49:25] LPR12 Recv: LPR_N
[12:49:31] LPR12 Recv: LPR_N
[12:49:36] LPR12 Recv: LPR_N
[12:49:41] LPR12 Recv: LPR_N
[12:49:46] LPR12 Recv: LPR_N
[12:49:51] LPR12 Recv: LPR_N
[12:49:57] LPR12 Recv: LPR_N
[12:50:02] LPR12 Recv: LPR_N
[12:50:07] LPR12 Recv: LPR_N
[12:50:12] Ping 시간 체크1-12525109
[12:50:12] Ping 시간 체크2-12525125
[12:50:12] 11번 LPR OK 전송
[12:50:12] LPR12 Recv: LPR_N
[12:50:18] LPR12 Recv: LPR_N
[12:50:23] LPR12 Recv: LPR_N
[12:50:28] LPR12 Recv: LPR_N
[12:50:33] LPR12 Recv: LPR_N
[12:50:38] LPR12 Recv: LPR_N
[12:50:44] LPR12 Recv: LPR_N
[12:50:49] LPR12 Recv: LPR_N
[12:50:54] LPR12 Recv: LPR_N
[12:50:59] LPR12 Recv: LPR_N
[12:51:05] LPR12 Recv: LPR_N
[12:51:10] LPR12 Recv: LPR_N
[12:51:12] Ping 시간 체크1-12585109
[12:51:12] Ping 시간 체크2-12585109
[12:51:12] 11번 LPR OK 전송
[12:51:15] LPR12 Recv: LPR_N
[12:51:20] LPR12 Recv: LPR_N
[12:51:26] LPR12 Recv: LPR_N
[12:51:31] LPR12 Recv: LPR_N
[12:51:36] LPR12 Recv: LPR_N
[12:51:41] LPR12 Recv: LPR_N
[12:51:46] LPR12 Recv: LPR_N
[12:51:52] LPR12 Recv: LPR_N
[12:51:57] LPR12 Recv: LPR_N
[12:52:02] LPR12 Recv: LPR_N
[12:52:11] LPR12 Recv: LPR_N
[12:52:12] Ping 시간 체크1-12645109
[12:52:12] Ping 시간 체크2-12645109
[12:52:12] 11번 LPR OK 전송
[12:52:13] LPR12 Recv: LPR_N
[12:52:18] LPR12 Recv: LPR_N
[12:52:23] LPR12 Recv: LPR_N
[12:52:28] LPR12 Recv: LPR_N
[12:52:33] LPR12 Recv: LPR_N
[12:52:39] LPR12 Recv: LPR_N
[12:52:44] LPR12 Recv: LPR_N
[12:52:49] LPR12 Recv: LPR_N
[12:52:54] LPR12 Recv: LPR_N
[12:53:00] LPR12 Recv: LPR_N
[12:53:05] LPR12 Recv: LPR_N
[12:53:10] LPR12 Recv: LPR_N
[12:53:12] Ping 시간 체크1-12705109
[12:53:12] Ping 시간 체크2-12705109
[12:53:12] 11번 LPR OK 전송
[12:53:15] LPR12 Recv: LPR_N
[12:53:21] LPR12 Recv: LPR_N
[12:53:26] LPR12 Recv: LPR_N
[12:53:31] LPR12 Recv: LPR_N
[12:53:36] LPR12 Recv: LPR_N
[12:53:41] LPR12 Recv: LPR_N
[12:53:47] LPR12 Recv: LPR_N
[12:53:52] LPR12 Recv: LPR_N
[12:53:57] LPR12 Recv: LPR_N
[12:54:02] LPR12 Recv: LPR_N
[12:54:08] LPR12 Recv: LPR_N
[12:54:12] Ping 시간 체크1-12765109
[12:54:12] Ping 시간 체크2-12765109
[12:54:12] 11번 LPR OK 전송
[12:54:13] LPR12 Recv: LPR_N
[12:54:18] LPR12 Recv: LPR_N
[12:54:23] LPR12 Recv: LPR_N
[12:54:28] LPR12 Recv: LPR_N
[12:54:34] LPR12 Recv: LPR_N
[12:54:39] LPR12 Recv: LPR_N
[12:54:44] LPR12 Recv: LPR_N
[12:54:49] LPR12 Recv: LPR_N
[12:54:55] LPR12 Recv: LPR_N
[12:55:00] LPR12 Recv: LPR_N
[12:55:05] LPR12 Recv: LPR_N
[12:55:10] LPR12 Recv: LPR_N
[12:55:12] Ping 시간 체크1-12825109
[12:55:12] Ping 시간 체크2-12825109
[12:55:12] 11번 LPR OK 전송
[12:55:16] LPR12 Recv: LPR_N
[12:55:21] LPR12 Recv: LPR_N
[12:55:26] LPR12 Recv: LPR_N
[12:55:31] LPR12 Recv: LPR_N
[12:55:36] LPR12 Recv: LPR_N
[12:55:42] LPR12 Recv: LPR_N
[12:55:47] LPR12 Recv: LPR_N
[12:55:52] LPR12 Recv: LPR_N
[12:55:57] LPR12 Recv: LPR_N
[12:56:03] LPR12 Recv: LPR_N
[12:56:08] LPR12 Recv: LPR_N
[12:56:12] Ping 시간 체크1-12885109
[12:56:12] Ping 시간 체크2-12885109
[12:56:12] 11번 LPR OK 전송
[12:56:13] LPR12 Recv: LPR_N
[12:56:18] LPR12 Recv: LPR_N
[12:56:23] LPR12 Recv: LPR_N
[12:56:29] LPR12 Recv: LPR_N
[12:56:34] LPR12 Recv: LPR_N
[12:56:39] LPR12 Recv: LPR_N
[12:56:44] LPR12 Recv: LPR_N
[12:56:50] LPR12 Recv: LPR_N
[12:56:55] LPR12 Recv: LPR_N
[12:57:00] LPR12 Recv: LPR_N
[12:57:05] LPR12 Recv: LPR_N
[12:57:11] LPR12 Recv: LPR_N
[12:57:12] Ping 시간 체크1-12945109
[12:57:12] Ping 시간 체크2-12945109
[12:57:12] 11번 LPR OK 전송
[12:57:16] LPR12 Recv: LPR_N
[12:57:21] LPR12 Recv: LPR_N
[12:57:26] LPR12 Recv: LPR_N
[12:57:31] LPR12 Recv: LPR_N
[12:57:37] LPR12 Recv: LPR_N
[12:57:42] LPR12 Recv: LPR_N
[12:57:47] LPR12 Recv: LPR_N
[12:57:52] LPR12 Recv: LPR_N
[12:57:58] LPR12 Recv: LPR_N
[12:58:03] LPR12 Recv: LPR_N
[12:58:08] LPR12 Recv: LPR_N
[12:58:12] Ping 시간 체크1-13005109
[12:58:12] Ping 시간 체크2-13005109
[12:58:12] 11번 LPR OK 전송
[12:58:13] LPR12 Recv: LPR_N
[12:58:18] LPR12 Recv: LPR_N
[12:58:24] LPR12 Recv: LPR_N
[12:58:29] LPR12 Recv: LPR_N
[12:58:34] LPR12 Recv: LPR_N
[12:58:39] LPR12 Recv: LPR_N
[12:58:45] LPR12 Recv: LPR_N
[12:58:50] LPR12 Recv: LPR_N
[12:58:55] LPR12 Recv: LPR_N
[12:59:00] LPR12 Recv: LPR_N
[12:59:06] LPR12 Recv: LPR_N
[12:59:11] LPR12 Recv: LPR_N
[12:59:12] Ping 시간 체크1-13065109
[12:59:12] Ping 시간 체크2-13065109
[12:59:12] 11번 LPR OK 전송
[12:59:16] LPR12 Recv: LPR_N
[12:59:21] LPR12 Recv: LPR_N
[12:59:26] LPR12 Recv: LPR_N
[12:59:32] LPR12 Recv: LPR_N
[12:59:37] LPR12 Recv: LPR_N
[12:59:42] LPR12 Recv: LPR_N
[12:59:47] LPR12 Recv: LPR_N
[12:59:53] LPR12 Recv: LPR_N
[12:59:58] LPR12 Recv: LPR_N
[13:00:03] LPR12 Recv: LPR_N
[13:00:08] LPR12 Recv: LPR_N
[13:00:12] Ping 시간 체크1-13125109
[13:00:12] Ping 시간 체크2-13125109
[13:00:12] 11번 LPR OK 전송
[13:00:13] LPR12 Recv: LPR_N
[13:00:19] LPR12 Recv: LPR_N
[13:00:24] LPR12 Recv: LPR_N
[13:00:29] LPR12 Recv: LPR_N
[13:00:34] LPR12 Recv: LPR_N
[13:00:40] LPR12 Recv: LPR_N
[13:00:45] LPR12 Recv: LPR_N
[13:00:50] LPR12 Recv: LPR_N
[13:00:55] LPR12 Recv: LPR_N
[13:01:01] LPR12 Recv: LPR_N
[13:01:06] LPR12 Recv: LPR_N
[13:01:11] LPR12 Recv: LPR_N
[13:01:12] Ping 시간 체크1-13185109
[13:01:12] Ping 시간 체크2-13185109
[13:01:12] 11번 LPR OK 전송
[13:01:16] LPR12 Recv: LPR_N
[13:01:21] LPR12 Recv: LPR_N
[13:01:27] LPR12 Recv: LPR_N
[13:01:32] LPR12 Recv: LPR_N
[13:01:37] LPR12 Recv: LPR_N
[13:01:42] LPR12 Recv: LPR_N
[13:01:48] LPR12 Recv: LPR_N
[13:01:53] LPR12 Recv: LPR_N
[13:01:58] LPR12 Recv: LPR_N
[13:02:03] LPR12 Recv: LPR_N
[13:02:08] LPR12 Recv: LPR_N
[13:02:12] Ping 시간 체크1-13245109
[13:02:12] Ping 시간 체크2-13245109
[13:02:12] 11번 LPR OK 전송
[13:02:14] LPR12 Recv: LPR_N
[13:02:19] LPR12 Recv: LPR_N
[13:02:24] LPR12 Recv: LPR_N
[13:02:29] LPR12 Recv: LPR_N
[13:02:35] LPR12 Recv: LPR_N
[13:02:40] LPR12 Recv: LPR_N
[13:02:45] LPR12 Recv: LPR_N
[13:02:50] LPR12 Recv: LPR_N
[13:02:56] LPR12 Recv: LPR_N
[13:03:01] LPR12 Recv: LPR_N
[13:03:06] LPR12 Recv: LPR_N
[13:03:11] LPR12 Recv: LPR_N
[13:03:12] Ping 시간 체크1-13305109
[13:03:12] Ping 시간 체크2-13305109
[13:03:12] 11번 LPR OK 전송
[13:03:16] LPR12 Recv: LPR_N
[13:03:22] LPR12 Recv: LPR_N
[13:03:27] LPR12 Recv: LPR_N
[13:03:32] LPR12 Recv: LPR_N
[13:03:37] LPR12 Recv: LPR_N
[13:03:43] LPR12 Recv: LPR_N
[13:03:48] LPR12 Recv: LPR_N
[13:03:53] LPR12 Recv: LPR_N
[13:03:58] LPR12 Recv: LPR_N
[13:04:03] LPR12 Recv: LPR_N
[13:04:09] LPR12 Recv: LPR_N
[13:04:12] Ping 시간 체크1-13365109
[13:04:12] Ping 시간 체크2-13365109
[13:04:12] 11번 LPR OK 전송
[13:04:14] LPR12 Recv: LPR_N
[13:04:19] LPR12 Recv: LPR_N
[13:04:24] LPR12 Recv: LPR_N
[13:04:30] LPR12 Recv: LPR_N
[13:04:35] LPR12 Recv: LPR_N
[13:04:40] LPR12 Recv: LPR_N
[13:04:45] LPR12 Recv: LPR_N
[13:04:51] LPR12 Recv: LPR_N
[13:04:56] LPR12 Recv: LPR_N
[13:05:01] LPR12 Recv: LPR_N
[13:05:06] LPR12 Recv: LPR_N
[13:05:11] LPR12 Recv: LPR_N
[13:05:12] Ping 시간 체크1-13425109
[13:05:12] Ping 시간 체크2-13425109
[13:05:12] 11번 LPR OK 전송
[13:05:17] LPR12 Recv: LPR_N
[13:05:22] LPR12 Recv: LPR_N
[13:05:27] LPR12 Recv: LPR_N
[13:05:32] LPR12 Recv: LPR_N
[13:05:38] LPR12 Recv: LPR_N
[13:05:43] LPR12 Recv: LPR_N
[13:05:48] LPR12 Recv: LPR_N
[13:05:53] LPR12 Recv: LPR_N
[13:05:58] LPR12 Recv: LPR_N
[13:06:04] LPR12 Recv: LPR_N
[13:06:09] LPR12 Recv: LPR_N
[13:06:12] Ping 시간 체크1-13485109
[13:06:12] Ping 시간 체크2-13485109
[13:06:12] 11번 LPR OK 전송
[13:06:14] LPR12 Recv: LPR_N
[13:06:19] LPR12 Recv: LPR_N
[13:06:25] LPR12 Recv: LPR_N
[13:06:30] LPR12 Recv: LPR_N
[13:06:35] LPR12 Recv: LPR_N
[13:06:40] LPR12 Recv: LPR_N
[13:06:46] LPR12 Recv: LPR_N
[13:06:51] LPR12 Recv: LPR_N
[13:06:56] LPR12 Recv: LPR_N
[13:07:01] LPR12 Recv: LPR_N
[13:07:06] LPR12 Recv: LPR_N
[13:07:12] LPR12 Recv: LPR_N
[13:07:12] Ping 시간 체크1-13545109
[13:07:12] Ping 시간 체크2-13545109
[13:07:12] 11번 LPR OK 전송
[13:07:17] LPR12 Recv: LPR_N
[13:07:22] LPR12 Recv: LPR_N
[13:07:27] LPR12 Recv: LPR_N
[13:07:33] LPR12 Recv: LPR_N
[13:07:38] LPR12 Recv: LPR_N
[13:07:43] LPR12 Recv: LPR_N
[13:07:48] LPR12 Recv: LPR_N
[13:07:53] LPR12 Recv: LPR_N
[13:07:59] LPR12 Recv: LPR_N
[13:08:04] LPR12 Recv: LPR_N
[13:08:09] LPR12 Recv: LPR_N
[13:08:12] Ping 시간 체크1-13605109
[13:08:12] Ping 시간 체크2-13605109
[13:08:12] 11번 LPR OK 전송
[13:08:14] LPR12 Recv: LPR_N
[13:08:20] LPR12 Recv: LPR_N
[13:08:25] LPR12 Recv: LPR_N
[13:08:30] LPR12 Recv: LPR_N
[13:08:35] LPR12 Recv: LPR_N
[13:08:41] LPR12 Recv: LPR_N
[13:08:46] LPR12 Recv: LPR_N
[13:08:51] LPR12 Recv: LPR_N
[13:08:56] LPR12 Recv: LPR_N
[13:09:01] LPR12 Recv: LPR_N
[13:09:07] LPR12 Recv: LPR_N
[13:09:12] LPR12 Recv: LPR_N
[13:09:12] Ping 시간 체크1-13665109
[13:09:12] Ping 시간 체크2-13665109
[13:09:12] 11번 LPR OK 전송
[13:09:17] LPR12 Recv: LPR_N
[13:09:22] LPR12 Recv: LPR_N
[13:09:28] LPR12 Recv: LPR_N
[13:09:33] LPR12 Recv: LPR_N
[13:09:38] LPR12 Recv: LPR_N
[13:09:43] LPR12 Recv: LPR_N
[13:09:48] LPR12 Recv: LPR_N
[13:09:54] LPR12 Recv: LPR_N
[13:09:59] LPR12 Recv: LPR_N
[13:10:04] LPR12 Recv: LPR_N
[13:10:09] LPR12 Recv: LPR_N
[13:10:12] Ping 시간 체크1-13725109
[13:10:12] Ping 시간 체크2-13725109
[13:10:12] 11번 LPR OK 전송
[13:10:15] LPR12 Recv: LPR_N
[13:10:20] LPR12 Recv: LPR_N
[13:10:25] LPR12 Recv: LPR_N
[13:10:30] LPR12 Recv: LPR_N
[13:10:36] LPR12 Recv: LPR_N
[13:10:41] LPR12 Recv: LPR_N
[13:10:46] LPR12 Recv: LPR_N
[13:10:51] LPR12 Recv: LPR_N
[13:10:56] LPR12 Recv: LPR_N
[13:11:02] LPR12 Recv: LPR_N
[13:11:07] LPR12 Recv: LPR_N
[13:11:12] Ping 시간 체크1-13785109
[13:11:12] Ping 시간 체크2-13785109
[13:11:12] 11번 LPR OK 전송
[13:11:12] LPR12 Recv: LPR_N
[13:11:17] LPR12 Recv: LPR_N
[13:11:23] LPR12 Recv: LPR_N
[13:11:28] LPR12 Recv: LPR_N
[13:11:33] LPR12 Recv: LPR_N
[13:11:38] LPR12 Recv: LPR_N
[13:11:43] LPR12 Recv: LPR_N
[13:11:49] LPR12 Recv: LPR_N
[13:11:54] LPR12 Recv: LPR_N
[13:11:59] LPR12 Recv: LPR_N
[13:12:04] LPR12 Recv: LPR_N
[13:12:10] LPR12 Recv: LPR_N
[13:12:12] Ping 시간 체크1-13845109
[13:12:12] Ping 시간 체크2-13845109
[13:12:12] 11번 LPR OK 전송
[13:12:15] LPR12 Recv: LPR_N
[13:12:16] Program Close
[13:12:17] Program Start!
[13:12:18] TfrmMainNew.GetParkingCnt: 개체 이름 'ParkingCnt'이(가) 잘못되었습니다
[13:12:19] 근무시작: 배은화
[13:12:20] 설치된 영수증프린터가 없음!
[13:12:20] Ping 시간 체크1-13852578
[13:12:20] Ping 시간 체크2-13852578
[13:12:20] Ping 시간 체크1-13852578
[13:12:20] Ping 시간 체크2-13852593
[13:12:20] Ping 시간 체크1-13852593
[13:12:20] Ping 시간 체크2-13852609
[13:12:20] Ping 시간 체크1-13852609
[13:12:20] Ping 시간 체크2-13852625
[13:12:20] LPR12 Recv: 172.16.83.1
[13:12:20] LPR11 Recv: 172.16.83.1
[13:12:20] LPR12 Recv: LPR_N
[13:12:21] LPR11 Recv: LPR_R
[13:12:21] 시간동기화 전송
[13:12:25] Program Close
[13:14:42] Program Start!
[13:14:42] TfrmMainNew.GetParkingCnt: 개체 이름 'ParkingCnt'이(가) 잘못되었습니다
[13:14:43] 근무시작: 배은화
[13:14:43] 설치된 영수증프린터가 없음!
[13:14:43] Ping 시간 체크1-13996796
[13:14:43] Ping 시간 체크2-13996812
[13:14:43] Ping 시간 체크1-13996812
[13:14:43] Ping 시간 체크2-13996828
[13:14:43] Ping 시간 체크1-13996828
[13:14:43] Ping 시간 체크2-13996843
[13:14:43] Ping 시간 체크1-13996843
[13:14:43] Ping 시간 체크2-13996859
[13:14:43] LPR11 Recv: 172.16.83.1
[13:14:43] LPR12 Recv: 172.16.83.1
[13:14:44] LPR11 Recv: LPR_R
[13:14:44] 시간동기화 전송
[13:14:45] LPR12 Recv: LPR_N
[13:14:46] LPR12 Recv: LPR_N
[13:14:52] LPR12 Recv: LPR_N
[13:14:57] LPR12 Recv: LPR_N
[13:15:02] LPR12 Recv: LPR_N
[13:15:07] LPR12 Recv: LPR_N
[13:15:07] LPR11 Recv: CH1#0000000000#X#\2014\09\02\CH1_20140902131507_0000000000.jpg
[13:15:07] LPR Check: 0000000000,http://172.16.66.33:9080/MSImage/2014/09/02/CH1_20140902131507_0000000000.jpg,3,,,0, 2014-09-02 13:15:07
[13:15:07] File: \\172.16.66.33\MSImage\2014\09\02\CH1_20140902131507_0000000000.jpg
[13:15:07] 일반차량: 0000000000, 
[13:15:07] NormalProc: 개체 이름 'BlackList'이(가) 잘못되었습니다
[13:15:11] LPR11 Recv: CH1#0000000000#X#\2014\09\02\CH1_20140902131510_0000000000.jpg
[13:15:11] LPR Check: 0000000000,http://172.16.66.33:9080/MSImage/2014/09/02/CH1_20140902131510_0000000000.jpg,3,,,0, 2014-09-02 13:15:10
[13:15:11] File: \\172.16.66.33\MSImage\2014\09\02\CH1_20140902131510_0000000000.jpg
[13:15:11] 일반차량: 0000000000, 
[13:15:11] NormalProc: 개체 이름 'BlackList'이(가) 잘못되었습니다
[13:15:13] LPR12 Recv: LPR_N
[13:15:18] LPR12 Recv: LPR_N
[13:15:23] LPR12 Recv: LPR_N
[13:15:28] LPR12 Recv: LPR_N
[13:15:33] LPR12 Recv: LPR_N
[13:15:39] LPR12 Recv: LPR_N
[13:15:44] LPR12 Recv: LPR_N
[13:15:49] LPR12 Recv: LPR_N
[13:15:54] LPR12 Recv: LPR_N
[13:16:00] LPR12 Recv: LPR_N
[13:16:05] LPR12 Recv: LPR_N
[13:16:10] LPR12 Recv: LPR_N
[13:16:11] Ping 시간 체크1-14084406
[13:16:11] Ping 시간 체크2-14084406
[13:16:11] 11번 LPR OK 전송
[13:16:15] LPR12 Recv: LPR_N
[13:16:21] LPR12 Recv: LPR_N
[13:16:26] LPR12 Recv: LPR_N
[13:16:31] LPR12 Recv: LPR_N
[13:16:36] LPR12 Recv: LPR_N
[13:16:41] LPR12 Recv: LPR_N
[13:16:47] LPR12 Recv: LPR_N
[13:16:52] LPR12 Recv: LPR_N
[13:16:57] LPR12 Recv: LPR_N
[13:16:57] LPR11 Recv: LPR_R
[13:16:57] 시간동기화 전송
[13:16:59] LPR11 Recv: CH1#0000000000#X#\2014\09\02\CH1_20140902131658_0000000000.jpg
[13:16:59] LPR Check: 0000000000,http://172.16.66.33:9080/MSImage/2014/09/02/CH1_20140902131658_0000000000.jpg,3,,,0, 2014-09-02 13:16:58
[13:16:59] File: \\172.16.66.33\MSImage\2014\09\02\CH1_20140902131658_0000000000.jpg
[13:16:59] 일반차량: 0000000000, 
[13:16:59] NormalProc: 개체 이름 'BlackList'이(가) 잘못되었습니다
[13:17:00] LPR11 Recv: CH1#0000000000#X#\2014\09\02\CH1_20140902131700_0000000000.jpg
[13:17:00] LPR Check: 0000000000,http://172.16.66.33:9080/MSImage/2014/09/02/CH1_20140902131700_0000000000.jpg,3,,,0, 2014-09-02 13:17:00
[13:17:00] File: \\172.16.66.33\MSImage\2014\09\02\CH1_20140902131700_0000000000.jpg
[13:17:00] 일반차량: 0000000000, 
[13:17:00] NormalProc: 개체 이름 'BlackList'이(가) 잘못되었습니다
[13:17:02] LPR12 Recv: LPR_N
[13:17:08] LPR12 Recv: LPR_N
[13:17:13] LPR12 Recv: LPR_N
[13:17:13] LPR11 Recv: CH1#0000000000#X#\2014\09\02\CH1_20140902131712_0000000000.jpg
[13:17:13] LPR Check: 0000000000,http://172.16.66.33:9080/MSImage/2014/09/02/CH1_20140902131712_0000000000.jpg,3,,,0, 2014-09-02 13:17:12
[13:17:13] File: \\172.16.66.33\MSImage\2014\09\02\CH1_20140902131712_0000000000.jpg
[13:17:13] 일반차량: 0000000000, 
[13:17:13] NormalProc: 개체 이름 'BlackList'이(가) 잘못되었습니다
[13:17:18] LPR12 Recv: LPR_N
[13:17:23] LPR12 Recv: LPR_N
[13:17:28] LPR12 Recv: LPR_N
[13:17:34] LPR12 Recv: LPR_N
[13:17:39] LPR12 Recv: LPR_N
[13:17:44] LPR12 Recv: LPR_N
[13:17:49] LPR12 Recv: LPR_N
[13:17:55] LPR12 Recv: LPR_N
[13:18:00] LPR12 Recv: LPR_N
[13:18:05] LPR12 Recv: LPR_N
[13:18:10] LPR12 Recv: LPR_N
[13:18:13] Ping 시간 체크1-14206500
[13:18:13] Ping 시간 체크2-14206500
[13:18:13] 11번 LPR OK 전송
[13:18:16] LPR12 Recv: LPR_N
[13:18:21] LPR12 Recv: LPR_N
[13:18:26] LPR12 Recv: LPR_N
[13:18:31] LPR12 Recv: LPR_N
[13:18:36] LPR12 Recv: LPR_N
[13:18:42] LPR12 Recv: LPR_N
[13:18:47] LPR12 Recv: LPR_N
[13:18:52] LPR12 Recv: LPR_N
[13:18:57] LPR12 Recv: LPR_N
[13:19:03] LPR12 Recv: LPR_N
[13:19:08] LPR12 Recv: LPR_N
[13:19:13] Ping 시간 체크1-14266500
[13:19:13] Ping 시간 체크2-14266515
[13:19:13] 11번 LPR OK 전송
[13:19:13] LPR12 Recv: LPR_N
[13:19:18] LPR12 Recv: LPR_N
[13:19:23] LPR12 Recv: LPR_N
[13:19:29] LPR12 Recv: LPR_N
[13:19:34] LPR12 Recv: LPR_N
[13:19:39] LPR12 Recv: LPR_N
[13:19:44] LPR12 Recv: LPR_N
[13:19:50] LPR12 Recv: LPR_N
[13:19:55] LPR12 Recv: LPR_N
[13:20:00] LPR12 Recv: LPR_N
[13:20:05] LPR12 Recv: LPR_N
[13:20:11] LPR12 Recv: LPR_N
[13:20:13] Ping 시간 체크1-14326500
[13:20:13] Ping 시간 체크2-14326515
[13:20:13] 11번 LPR OK 전송
[13:20:16] LPR12 Recv: LPR_N
[13:20:21] LPR12 Recv: LPR_N
[13:20:26] LPR12 Recv: LPR_N
[13:20:31] LPR12 Recv: LPR_N
[13:20:37] LPR12 Recv: LPR_N
[13:20:42] LPR12 Recv: LPR_N
[13:20:47] LPR12 Recv: LPR_N
[13:20:52] LPR12 Recv: LPR_N
[13:20:58] LPR12 Recv: LPR_N
[13:21:03] LPR12 Recv: LPR_N
[13:21:08] LPR12 Recv: LPR_N
[13:21:13] Ping 시간 체크1-14386500
[13:21:13] Ping 시간 체크2-14386500
[13:21:13] 11번 LPR OK 전송
[13:21:13] LPR12 Recv: LPR_N
[13:21:18] LPR12 Recv: LPR_N
[13:21:24] LPR12 Recv: LPR_N
[13:21:29] LPR12 Recv: LPR_N
[13:21:34] LPR12 Recv: LPR_N
[13:21:39] LPR12 Recv: LPR_N
[13:21:45] LPR12 Recv: LPR_N
[13:21:50] LPR12 Recv: LPR_N
[13:21:55] LPR12 Recv: LPR_N
[13:22:00] LPR12 Recv: LPR_N
[13:22:06] LPR12 Recv: LPR_N
[13:22:11] LPR12 Recv: LPR_N
[13:22:13] Ping 시간 체크1-14446500
[13:22:13] Ping 시간 체크2-14446500
[13:22:13] 11번 LPR OK 전송
[13:22:16] LPR12 Recv: LPR_N
[13:22:21] LPR12 Recv: LPR_N
[13:22:26] LPR12 Recv: LPR_N
[13:22:32] LPR12 Recv: LPR_N
[13:22:37] LPR12 Recv: LPR_N
[13:22:42] LPR12 Recv: LPR_N
[13:22:47] LPR12 Recv: LPR_N
[13:22:53] LPR12 Recv: LPR_N
[13:22:58] LPR12 Recv: LPR_N
[13:23:03] LPR12 Recv: LPR_N
[13:23:08] LPR12 Recv: LPR_N
[13:23:13] Ping 시간 체크1-14506500
[13:23:13] Ping 시간 체크2-14506500
[13:23:13] 11번 LPR OK 전송
[13:23:13] LPR12 Recv: LPR_N
[13:23:19] LPR12 Recv: LPR_N
[13:23:24] LPR12 Recv: LPR_N
[13:23:29] LPR12 Recv: LPR_N
[13:23:34] LPR12 Recv: LPR_N
[13:23:40] LPR12 Recv: LPR_N
[13:23:45] LPR12 Recv: LPR_N
[13:23:50] LPR12 Recv: LPR_N
[13:23:55] LPR12 Recv: LPR_N
[13:24:01] LPR12 Recv: LPR_N
[13:24:06] LPR12 Recv: LPR_N
[13:24:11] LPR12 Recv: LPR_N
[13:24:13] Ping 시간 체크1-14566500
[13:24:13] Ping 시간 체크2-14566500
[13:24:13] 11번 LPR OK 전송
[13:24:16] LPR12 Recv: LPR_N
[13:24:21] LPR12 Recv: LPR_N
[13:24:27] LPR12 Recv: LPR_N
[13:24:32] LPR12 Recv: LPR_N
[13:24:37] LPR12 Recv: LPR_N
[13:24:42] LPR12 Recv: LPR_N
[13:24:48] LPR12 Recv: LPR_N
[13:24:53] LPR12 Recv: LPR_N
[13:24:58] LPR12 Recv: LPR_N
[13:25:03] LPR12 Recv: LPR_N
[13:25:08] LPR12 Recv: LPR_N
[13:25:13] Ping 시간 체크1-14626500
[13:25:13] Ping 시간 체크2-14626500
[13:25:13] 11번 LPR OK 전송
[13:25:14] LPR12 Recv: LPR_N
[13:25:19] LPR12 Recv: LPR_N
[13:25:24] LPR12 Recv: LPR_N
[13:25:29] LPR12 Recv: LPR_N
[13:25:35] LPR12 Recv: LPR_N
[13:25:40] LPR12 Recv: LPR_N
[13:25:45] LPR12 Recv: LPR_N
[13:25:50] LPR12 Recv: LPR_N
[13:25:56] LPR12 Recv: LPR_N
[13:26:01] LPR12 Recv: LPR_N
[13:26:06] LPR12 Recv: LPR_N
[13:26:11] LPR12 Recv: LPR_N
[13:26:13] Ping 시간 체크1-14686500
[13:26:13] Ping 시간 체크2-14686500
[13:26:13] 11번 LPR OK 전송
[13:26:22] LPR12 Recv: LPR_N
[13:26:27] LPR12 Recv: LPR_N
[13:26:32] LPR12 Recv: LPR_N
[13:26:38] LPR12 Recv: LPR_N
[13:26:43] LPR12 Recv: LPR_N
[13:26:48] LPR12 Recv: LPR_N
[13:26:53] LPR12 Recv: LPR_N
[13:26:59] LPR12 Recv: LPR_N
[13:27:04] LPR12 Recv: LPR_N
[13:27:09] LPR12 Recv: LPR_N
[13:27:13] Ping 시간 체크1-14746500
[13:27:13] Ping 시간 체크2-14746500
[13:27:13] 11번 LPR OK 전송
[13:27:14] LPR12 Recv: LPR_N
[13:27:19] LPR12 Recv: LPR_N
[13:27:25] LPR12 Recv: LPR_N
[13:27:30] LPR12 Recv: LPR_N
[13:27:35] LPR12 Recv: LPR_N
[13:27:40] LPR12 Recv: LPR_N
[13:27:46] LPR12 Recv: LPR_N
[13:27:51] LPR12 Recv: LPR_N
[13:27:56] LPR12 Recv: LPR_N
[13:28:01] LPR12 Recv: LPR_N
[13:28:06] LPR12 Recv: LPR_N
[13:28:12] LPR12 Recv: LPR_N
[13:28:13] Ping 시간 체크1-14806500
[13:28:13] Ping 시간 체크2-14806500
[13:28:13] 11번 LPR OK 전송
[13:28:17] LPR12 Recv: LPR_N
[13:28:22] LPR12 Recv: LPR_N
[13:28:27] LPR12 Recv: LPR_N
[13:28:33] LPR12 Recv: LPR_N
[13:28:38] LPR12 Recv: LPR_N
[13:28:43] LPR12 Recv: LPR_N
[13:28:48] LPR12 Recv: LPR_N
[13:28:54] LPR12 Recv: LPR_N
[13:28:59] LPR12 Recv: LPR_N
[13:29:04] LPR12 Recv: LPR_N
[13:29:09] LPR12 Recv: LPR_N
[13:29:13] Ping 시간 체크1-14866500
[13:29:13] Ping 시간 체크2-14866500
[13:29:13] 11번 LPR OK 전송
[13:29:14] LPR12 Recv: LPR_N
[13:29:20] LPR12 Recv: LPR_N
[13:29:25] LPR12 Recv: LPR_N
[13:29:30] LPR12 Recv: LPR_N
[13:29:35] LPR12 Recv: LPR_N
[13:29:41] LPR12 Recv: LPR_N
[13:29:46] LPR12 Recv: LPR_N
[13:29:51] LPR12 Recv: LPR_N
[13:29:56] LPR12 Recv: LPR_N
[13:30:01] LPR12 Recv: LPR_N
[13:30:07] LPR12 Recv: LPR_N
[13:30:12] LPR12 Recv: LPR_N
[13:30:13] Ping 시간 체크1-14926500
[13:30:13] Ping 시간 체크2-14926500
[13:30:13] 11번 LPR OK 전송
[13:30:17] LPR12 Recv: LPR_N
[13:30:22] LPR12 Recv: LPR_N
[13:30:28] LPR12 Recv: LPR_N
[13:30:33] LPR12 Recv: LPR_N
[13:30:36] LPR11 Recv: LPR_R
[13:30:36] 시간동기화 전송
[13:30:36] LPR12 Recv: LPR_N
[13:30:38] LPR12 Recv: LPR_N
[13:30:43] LPR12 Recv: LPR_N
[13:30:49] LPR12 Recv: LPR_N
[13:30:54] LPR11 Recv: CH1#0000000000#X#\2014\09\02\CH1_20140902131714_0000000000.jpg
[13:30:54] LPR Check: 0000000000,http://172.16.66.33:9080/MSImage/2014/09/02/CH1_20140902131714_0000000000.jpg,3,,,0, 2014-09-02 13:17:14
[13:30:54] File: \\172.16.66.33\MSImage\2014\09\02\CH1_20140902131714_0000000000.jpg
[13:30:54] 일반차량: 0000000000, 
[13:30:54] NormalProc: 개체 이름 'BlackList'이(가) 잘못되었습니다
[13:30:54] LPR12 Recv: LPR_N
[13:30:59] LPR12 Recv: LPR_N
[13:31:04] LPR12 Recv: LPR_N
[13:31:04] LPR11 Recv: CH1#0000000000#X#\2014\09\02\CH1_20140902131725_0000000000.jpg
[13:31:04] LPR Check: 0000000000,http://172.16.66.33:9080/MSImage/2014/09/02/CH1_20140902131725_0000000000.jpg,3,,,0, 2014-09-02 13:17:25
[13:31:04] File: \\172.16.66.33\MSImage\2014\09\02\CH1_20140902131725_0000000000.jpg
[13:31:04] 일반차량: 0000000000, 
[13:31:04] NormalProc: 개체 이름 'BlackList'이(가) 잘못되었습니다
[13:31:09] LPR12 Recv: LPR_N
[13:31:15] LPR12 Recv: LPR_N
[13:31:20] LPR12 Recv: LPR_N
[13:31:25] LPR12 Recv: LPR_N
[13:31:30] LPR12 Recv: LPR_N
[13:31:35] LPR11 Recv: CH1#XXXX6819#P#\2014\09\02\CH1_20140902131756_XXXX6819.jpg
[13:31:35] LPR Check: XXXX6819,http://172.16.66.33:9080/MSImage/2014/09/02/CH1_20140902131756_XXXX6819.jpg,2,,,0, 2014-09-02 13:17:56
[13:31:35] File: \\172.16.66.33\MSImage\2014\09\02\CH1_20140902131756_XXXX6819.jpg
[13:31:35] 일반차량: XXXX6819, 
[13:31:35] NormalProc: 개체 이름 'BlackList'이(가) 잘못되었습니다
[13:31:36] LPR12 Recv: LPR_N
[13:31:41] LPR12 Recv: LPR_N
[13:31:46] LPR12 Recv: LPR_N
[13:31:51] LPR12 Recv: LPR_N
[13:31:56] LPR12 Recv: LPR_N
[13:32:02] LPR12 Recv: LPR_N
[13:32:07] LPR12 Recv: LPR_N
[13:32:12] LPR12 Recv: LPR_N
[13:32:14] LPR11 Recv: CH1#0000000000#X#\2014\09\02\CH1_20140902131834_0000000000.jpg
[13:32:14] LPR Check: 0000000000,http://172.16.66.33:9080/MSImage/2014/09/02/CH1_20140902131834_0000000000.jpg,3,,,0, 2014-09-02 13:18:34
[13:32:14] File: \\172.16.66.33\MSImage\2014\09\02\CH1_20140902131834_0000000000.jpg
[13:32:14] 일반차량: 0000000000, 
[13:32:14] NormalProc: 개체 이름 'BlackList'이(가) 잘못되었습니다
[13:32:17] LPR12 Recv: LPR_N
[13:32:23] LPR12 Recv: LPR_N
[13:32:28] LPR12 Recv: LPR_N
[13:32:33] LPR12 Recv: LPR_N
[13:32:38] LPR12 Recv: LPR_N
[13:32:44] LPR12 Recv: LPR_N
[13:32:44] LPR11 Recv: CH1#XXXX6819#P#\2014\09\02\CH1_20140902131905_XXXX6819.jpg
[13:32:44] LPR Check: XXXX6819,http://172.16.66.33:9080/MSImage/2014/09/02/CH1_20140902131905_XXXX6819.jpg,2,,,0, 2014-09-02 13:19:05
[13:32:44] File: \\172.16.66.33\MSImage\2014\09\02\CH1_20140902131905_XXXX6819.jpg
[13:32:44] 일반차량: XXXX6819, 
[13:32:44] NormalProc: 개체 이름 'BlackList'이(가) 잘못되었습니다
[13:32:49] LPR12 Recv: LPR_N
[13:32:54] LPR12 Recv: LPR_N
[13:32:54] LPR11 Recv: CH1#31고6819#N#\2014\09\02\CH1_20140902131915_31고6819.jpg
[13:32:54] LPR Check: 31고6819,http://172.16.66.33:9080/MSImage/2014/09/02/CH1_20140902131915_31고6819.jpg,1,,,0, 2014-09-02 13:19:15
[13:32:54] File: \\172.16.66.33\MSImage\2014\09\02\CH1_20140902131915_31고6819.jpg
[13:32:54] 일반차량: 31고6819, 
[13:32:54] NormalProc: 개체 이름 'BlackList'이(가) 잘못되었습니다
[13:32:59] LPR12 Recv: LPR_N
[13:33:04] LPR12 Recv: LPR_N
[13:33:10] LPR12 Recv: LPR_N
[13:33:15] LPR12 Recv: LPR_N
[13:33:20] LPR12 Recv: LPR_N
[13:33:26] LPR12 Recv: LPR_N
[13:33:31] LPR12 Recv: LPR_N
[13:33:36] LPR12 Recv: LPR_N
[13:33:42] LPR12 Recv: LPR_N
[13:33:47] LPR12 Recv: LPR_N
[13:33:52] LPR12 Recv: LPR_N
[13:33:54] Ping 시간 체크1-15147671
[13:33:54] Ping 시간 체크2-15147671
[13:33:54] 11번 LPR OK 전송
[13:33:57] LPR12 Recv: LPR_N
[13:34:01] LPR12 Recv: LPR_R
[13:34:01] 시간동기화 전송
[13:34:15] LPR12 Recv: CH1#31로6819#N#\2014\09\02\CH1_20140902133414_31로6819.jpg
[13:34:15] LPR Check: 31로6819,http://172.16.66.34:9080/MSImage/2014/09/02/CH1_20140902133414_31로6819.jpg,1,,,0, 2014-09-02 13:34:14
[13:34:15] File: \\172.16.66.34\MSImage\2014\09\02\CH1_20140902133414_31로6819.jpg
[13:34:15] 일반차량: 31로6819, 
[13:34:15] Ping 시간 체크1-15168343
[13:34:15] Ping 시간 체크2-15168359
[13:34:15] 일반차량출차: 31로6819, 
[13:34:15] Ping 시간 체크1-15168500
[13:34:15] Ping 시간 체크2-15168500
[13:34:39] LPR12 Recv: CH1#31로6819#N#\2014\09\02\CH1_20140902133438_31로6819.jpg
[13:34:39] LPR Check: 31로6819,http://172.16.66.34:9080/MSImage/2014/09/02/CH1_20140902133438_31로6819.jpg,1,,,0, 2014-09-02 13:34:38
[13:34:39] File: \\172.16.66.34\MSImage\2014\09\02\CH1_20140902133438_31로6819.jpg
[13:34:54] Ping 시간 체크1-15207671
[13:34:54] Ping 시간 체크2-15207671
[13:34:54] 11번 LPR OK 전송
[13:35:11] 일반차량 출차대기자료 처리: 0, 1
[13:35:11] 일반차량: 31로6819, 
[13:35:11] Ping 시간 체크1-15224078
[13:35:11] Ping 시간 체크2-15224078
[13:35:11] 일반차량출차: 31로6819, 
[13:35:11] Ping 시간 체크1-15224218
[13:35:11] Ping 시간 체크2-15224218
[13:35:38] Program Close
