[08:59:06] Program Start!
[08:59:07] 근무시작: 배은화
[08:59:08] 설치된 영수증프린터가 없음!
[08:59:08] Ping 시간 체크1-146769765
[08:59:08] Ping 시간 체크2-146769781
[08:59:08] Ping 시간 체크1-146769796
[08:59:08] Ping 시간 체크2-146769812
[08:59:08] Ping 시간 체크1-146769812
[08:59:08] Ping 시간 체크2-146769828
[08:59:08] Ping 시간 체크1-146769828
[08:59:08] Ping 시간 체크2-146769843
[08:59:08] LPR11 Recv: 172.16.83.1
[08:59:08] LPR12 Recv: 172.16.83.1
[08:59:09] LPR11 Recv: LPR_R
[08:59:09] 시간동기화 전송
[08:59:09] LPR12 Recv: LPR_R
[08:59:09] 시간동기화 전송
[08:59:11] LPR11 Recv: LPR_N
[08:59:11] LPR12 Recv: LPR_N
[08:59:16] LPR12 Recv: LPR_N
[08:59:16] LPR11 Recv: LPR_N
[08:59:21] LPR11 Recv: LPR_N
[08:59:21] LPR12 Recv: LPR_N
[08:59:26] LPR11 Recv: LPR_N
[08:59:26] LPR12 Recv: LPR_N
[08:59:32] LPR11 Recv: LPR_N
[08:59:32] LPR12 Recv: LPR_N
[08:59:37] LPR11 Recv: LPR_N
[08:59:37] LPR12 Recv: LPR_N
[08:59:42] LPR11 Recv: LPR_N
[08:59:42] LPR12 Recv: LPR_N
[08:59:47] LPR11 Recv: LPR_N
[08:59:47] LPR12 Recv: LPR_N
[08:59:53] LPR11 Recv: LPR_N
[08:59:53] LPR12 Recv: LPR_N
[08:59:58] LPR11 Recv: LPR_N
[08:59:58] LPR12 Recv: LPR_N
[09:00:03] LPR11 Recv: LPR_N
[09:00:03] LPR12 Recv: LPR_N
[09:00:08] LPR11 Recv: LPR_N
[09:00:08] LPR12 Recv: LPR_N
[09:00:13] LPR12 Recv: LPR_N
[09:00:14] LPR11 Recv: LPR_N
[09:00:19] LPR11 Recv: LPR_N
[09:00:19] LPR12 Recv: LPR_N
[09:00:19] Program Close
[09:00:23] Program Start!
[09:00:26] 근무시작: 배은화
[09:00:26] 영수증프린터 포트오픈 에러: ie_BadId - Specified comport doesn't exist
[09:00:26] Ping 시간 체크1-146848171
[09:00:26] Ping 시간 체크2-146848187
[09:00:26] Ping 시간 체크1-146848187
[09:00:26] Ping 시간 체크2-146848187
[09:00:26] Ping 시간 체크1-146848203
[09:00:26] Ping 시간 체크2-146848203
[09:00:26] Ping 시간 체크1-146848203
[09:00:26] Ping 시간 체크2-146848218
[09:00:26] LPR12 Recv: 172.16.83.1
[09:00:26] LPR11 Recv: 172.16.83.1
[09:00:27] LPR11 Recv: LPR_N
[09:00:27] LPR12 Recv: LPR_N
[09:00:29] LPR11 Recv: LPR_N
[09:00:29] LPR12 Recv: LPR_N
[09:00:34] LPR11 Recv: LPR_N
[09:00:34] LPR12 Recv: LPR_N
[09:00:40] LPR11 Recv: LPR_N
[09:00:40] LPR12 Recv: LPR_N
[09:00:43] Program Close
[09:01:36] Program Start!
[09:01:38] 근무시작: 배은화
[09:01:38] 영수증프린터 포트오픈 에러: ie_BadId - Specified comport doesn't exist
[09:01:38] Ping 시간 체크1-146919828
[09:01:38] Ping 시간 체크2-146919828
[09:01:38] Ping 시간 체크1-146919843
[09:01:38] Ping 시간 체크2-146919843
[09:01:38] Ping 시간 체크1-146919843
[09:01:38] Ping 시간 체크2-146919859
[09:01:38] Ping 시간 체크1-146919859
[09:01:38] Ping 시간 체크2-146919875
[09:01:38] LPR12 Recv: 172.16.83.1
[09:01:38] LPR11 Recv: 172.16.83.1
[09:01:39] LPR11 Recv: LPR_N
[09:01:39] LPR12 Recv: LPR_N
[09:01:42] LPR11 Recv: LPR_N
[09:01:42] LPR12 Recv: LPR_N
[09:01:43] Program Close
[09:30:47] Program Start!
[09:30:50] 근무시작: 배은화
[09:30:50] 영수증프린터 포트오픈 에러: ie_BadId - Specified comport doesn't exist
[09:30:50] Ping 시간 체크1-148671890
[09:30:50] Ping 시간 체크2-148671906
[09:30:50] Ping 시간 체크1-148671906
[09:30:50] Ping 시간 체크2-148671921
[09:30:50] Ping 시간 체크1-148671921
[09:30:50] Ping 시간 체크2-148671937
[09:30:50] Ping 시간 체크1-148671937
[09:30:50] Ping 시간 체크2-148671953
[09:30:50] LPR11 Recv: 172.16.83.1
[09:30:50] LPR12 Recv: 172.16.83.1
[09:30:51] LPR11 Recv: LPR_N
[09:30:51] LPR12 Recv: LPR_N
[09:30:53] LPR12 Recv: LPR_N
[09:30:54] LPR11 Recv: LPR_N
[09:30:55] Program Close
[09:37:53] Program Start!
[09:37:55] 근무시작: 배은화
[09:37:55] 영수증프린터 포트오픈 에러: ie_BadId - Specified comport doesn't exist
[09:37:55] Ping 시간 체크1-149097187
[09:37:55] Ping 시간 체크2-149097203
[09:37:55] Ping 시간 체크1-149097203
[09:37:55] Ping 시간 체크2-149097218
[09:37:55] Ping 시간 체크1-149097234
[09:37:55] Ping 시간 체크2-149097250
[09:37:55] Ping 시간 체크1-149097250
[09:37:55] Ping 시간 체크2-149097265
[09:37:55] LPR12 Recv: 172.16.83.1
[09:37:55] LPR11 Recv: 172.16.83.1
[09:37:56] LPR12 Recv: LPR_N
[09:37:57] LPR11 Recv: LPR_R
[09:37:57] 시간동기화 전송
[09:37:57] LPR12 Recv: LPR_N
[09:37:58] LPR11 Recv: LPR_N
[09:38:02] LPR12 Recv: LPR_N
[09:38:03] LPR11 Recv: LPR_N
[09:38:07] LPR11 Recv: LPR_R
[09:38:07] 시간동기화 전송
[09:38:07] LPR12 Recv: LPR_N
[09:38:13] LPR12 Recv: LPR_N
[09:38:16] OutDsp1SocketError: 10060
[09:38:18] LPR12 Recv: LPR_N
[09:38:23] LPR12 Recv: LPR_N
[09:38:28] LPR12 Recv: LPR_N
[09:38:33] LPR12 Recv: LPR_N
[09:38:39] LPR12 Recv: LPR_N
[09:38:44] LPR12 Recv: LPR_N
[09:38:49] LPR12 Recv: LPR_N
[09:38:50] LPR11 Recv: CH1#31로6819#N#\2014\09\05\CH1_20140905093830_31로6819.jpg
[09:38:50] LPR Check: 31로6819,http://172.16.66.33:9080/MSImage/2014/09/05/CH1_20140905093830_31로6819.jpg,1,,,0, 2014-09-05 09:38:30
[09:38:50] File: \\172.16.66.33\MSImage\2014\09\05\CH1_20140905093830_31로6819.jpg
[09:38:50] 일반차량: 31로6819, 
[09:38:50] Ping 시간 체크1-149152031
[09:38:50] Ping 시간 체크2-149152046
[09:38:50] Ping 시간 체크1-149152046
[09:38:50] Ping 시간 체크2-149152046
[09:38:50] 입구차단기 Open
[09:38:50] 일반차량입차: 31로6819, 
[09:38:54] LPR12 Recv: LPR_N
[09:39:00] LPR12 Recv: LPR_N
[09:39:05] LPR12 Recv: LPR_N
[09:39:10] LPR12 Recv: LPR_N
[09:39:15] LPR12 Recv: LPR_N
[09:39:21] LPR12 Recv: LPR_N
[09:39:26] LPR12 Recv: LPR_N
[09:39:31] LPR12 Recv: LPR_N
[09:39:36] LPR12 Recv: LPR_N
[09:39:41] LPR12 Recv: LPR_N
[09:39:47] LPR12 Recv: LPR_N
[09:39:50] Ping 시간 체크1-149212062
[09:39:50] Ping 시간 체크2-149212062
[09:39:50] 11번 LPR OK 전송
[09:39:52] LPR12 Recv: LPR_N
[09:39:57] LPR12 Recv: LPR_N
[09:40:02] LPR12 Recv: LPR_N
[09:40:08] LPR12 Recv: LPR_N
[09:40:13] LPR12 Recv: LPR_N
[09:40:18] LPR12 Recv: LPR_N
[09:40:23] LPR12 Recv: LPR_N
[09:40:28] LPR12 Recv: LPR_N
[09:40:34] LPR12 Recv: LPR_N
[09:40:39] LPR12 Recv: LPR_N
[09:40:44] LPR12 Recv: LPR_N
[09:40:49] LPR12 Recv: LPR_N
[09:40:50] Ping 시간 체크1-149272062
[09:40:50] Ping 시간 체크2-149272062
[09:40:50] 11번 LPR OK 전송
[09:40:55] LPR12 Recv: LPR_N
[09:41:00] LPR12 Recv: LPR_N
[09:41:05] LPR12 Recv: LPR_N
[09:41:10] LPR12 Recv: LPR_N
[09:41:16] LPR12 Recv: LPR_N
[09:41:21] LPR12 Recv: LPR_N
[09:41:26] LPR12 Recv: LPR_N
[09:41:31] LPR12 Recv: LPR_N
[09:41:36] LPR12 Recv: LPR_N
[09:41:42] LPR12 Recv: LPR_N
[09:41:47] LPR12 Recv: LPR_N
[09:41:50] Ping 시간 체크1-149332062
[09:41:50] Ping 시간 체크2-149332062
[09:41:50] 11번 LPR OK 전송
[09:41:52] LPR12 Recv: LPR_N
[09:41:57] LPR12 Recv: LPR_N
[09:42:03] LPR12 Recv: LPR_N
[09:42:08] LPR12 Recv: LPR_N
[09:42:13] LPR12 Recv: LPR_N
[09:42:18] LPR12 Recv: LPR_N
[09:42:23] LPR12 Recv: LPR_N
[09:42:29] LPR12 Recv: LPR_N
[09:42:34] LPR12 Recv: LPR_N
[09:42:39] LPR12 Recv: LPR_N
[09:42:44] LPR12 Recv: LPR_N
[09:42:50] Ping 시간 체크1-149392062
[09:42:50] Ping 시간 체크2-149392062
[09:42:50] 11번 LPR OK 전송
[09:42:50] LPR12 Recv: LPR_N
[09:42:55] LPR12 Recv: LPR_N
[09:43:00] LPR12 Recv: LPR_N
[09:43:05] LPR12 Recv: LPR_N
[09:43:11] LPR12 Recv: LPR_N
[09:43:16] LPR12 Recv: LPR_N
[09:43:21] LPR12 Recv: LPR_N
[09:43:26] LPR12 Recv: LPR_N
[09:43:31] LPR12 Recv: LPR_N
[09:43:37] LPR12 Recv: LPR_N
[09:43:42] LPR12 Recv: LPR_N
[09:43:47] LPR12 Recv: LPR_N
[09:43:50] Ping 시간 체크1-149452062
[09:43:50] Ping 시간 체크2-149452078
[09:43:50] 11번 LPR OK 전송
[09:43:52] LPR12 Recv: LPR_N
[09:43:58] LPR12 Recv: LPR_N
[09:44:03] LPR12 Recv: LPR_N
[09:44:08] LPR12 Recv: LPR_N
[09:44:13] LPR12 Recv: LPR_N
[09:44:18] LPR12 Recv: LPR_N
[09:44:24] LPR12 Recv: LPR_N
[09:44:29] LPR12 Recv: LPR_N
[09:44:34] LPR12 Recv: LPR_N
[09:44:39] LPR12 Recv: LPR_N
[09:44:45] LPR12 Recv: LPR_N
[09:44:50] Ping 시간 체크1-149512062
[09:44:50] Ping 시간 체크2-149512078
[09:44:50] 11번 LPR OK 전송
[09:44:50] LPR12 Recv: LPR_N
[09:44:55] LPR12 Recv: LPR_N
[09:45:00] LPR12 Recv: LPR_N
[09:45:06] LPR12 Recv: LPR_N
[09:45:11] LPR12 Recv: LPR_N
[09:45:16] LPR12 Recv: LPR_N
[09:45:21] LPR12 Recv: LPR_N
[09:45:26] LPR12 Recv: LPR_N
[09:45:32] LPR12 Recv: LPR_N
[09:45:37] LPR12 Recv: LPR_N
[09:45:42] LPR12 Recv: LPR_N
[09:45:47] LPR12 Recv: LPR_N
[09:45:50] Ping 시간 체크1-149572062
[09:45:50] Ping 시간 체크2-149572062
[09:45:50] 11번 LPR OK 전송
[09:45:53] LPR12 Recv: LPR_N
[09:45:58] LPR12 Recv: LPR_N
[09:46:03] LPR12 Recv: LPR_N
[09:46:08] LPR12 Recv: LPR_N
[09:46:13] LPR12 Recv: LPR_N
[09:46:19] LPR12 Recv: LPR_N
[09:46:24] LPR12 Recv: LPR_N
[09:46:29] LPR12 Recv: LPR_N
[09:46:34] LPR12 Recv: LPR_N
[09:46:40] LPR12 Recv: LPR_N
[09:46:45] LPR12 Recv: LPR_N
[09:46:50] Ping 시간 체크1-149632062
[09:46:50] Ping 시간 체크2-149632062
[09:46:50] 11번 LPR OK 전송
[09:46:50] LPR12 Recv: LPR_N
[09:46:55] LPR12 Recv: LPR_N
[09:47:01] LPR12 Recv: LPR_N
[09:47:06] LPR12 Recv: LPR_N
[09:47:11] LPR12 Recv: LPR_N
[09:47:16] LPR12 Recv: LPR_N
[09:47:21] LPR12 Recv: LPR_N
[09:47:27] LPR12 Recv: LPR_N
[09:47:32] LPR12 Recv: LPR_N
[09:47:37] LPR12 Recv: LPR_N
[09:47:42] LPR12 Recv: LPR_N
[09:47:48] LPR12 Recv: LPR_N
[09:47:50] Ping 시간 체크1-149692062
[09:47:50] Ping 시간 체크2-149692062
[09:47:50] 11번 LPR OK 전송
[09:47:53] LPR12 Recv: LPR_N
[09:47:58] LPR12 Recv: LPR_N
[09:48:03] LPR12 Recv: LPR_N
[09:48:08] LPR12 Recv: LPR_N
[09:48:14] LPR12 Recv: LPR_N
[09:48:19] LPR12 Recv: LPR_N
[09:48:24] LPR12 Recv: LPR_N
[09:48:29] LPR12 Recv: LPR_N
[09:48:35] LPR12 Recv: LPR_N
[09:48:40] LPR12 Recv: LPR_N
[09:48:45] LPR12 Recv: LPR_N
[09:48:50] Ping 시간 체크1-149752062
[09:48:50] Ping 시간 체크2-149752078
[09:48:50] 11번 LPR OK 전송
[09:48:50] LPR12 Recv: LPR_N
[09:48:56] LPR12 Recv: LPR_N
[09:49:01] LPR12 Recv: LPR_N
[09:49:06] LPR12 Recv: LPR_N
[09:49:11] LPR12 Recv: LPR_N
[09:49:16] LPR12 Recv: LPR_N
[09:49:22] LPR12 Recv: LPR_N
[09:49:27] LPR12 Recv: LPR_N
[09:49:32] LPR12 Recv: LPR_N
[09:49:37] LPR12 Recv: LPR_N
[09:49:43] LPR12 Recv: LPR_N
[09:49:48] LPR12 Recv: LPR_N
[09:49:50] Ping 시간 체크1-149812062
[09:49:50] Ping 시간 체크2-149812062
[09:49:50] 11번 LPR OK 전송
[09:49:53] LPR12 Recv: LPR_N
[09:49:58] LPR12 Recv: LPR_N
[09:50:03] LPR12 Recv: LPR_N
[09:50:09] LPR12 Recv: LPR_N
[09:50:14] LPR12 Recv: LPR_N
[09:50:19] LPR12 Recv: LPR_N
[09:50:24] LPR12 Recv: LPR_N
[09:50:30] LPR12 Recv: LPR_N
[09:50:35] LPR12 Recv: LPR_N
[09:50:40] LPR12 Recv: LPR_N
[09:50:45] LPR12 Recv: LPR_N
[09:50:50] Ping 시간 체크1-149872062
[09:50:50] Ping 시간 체크2-149872078
[09:50:50] 11번 LPR OK 전송
[09:50:51] LPR12 Recv: LPR_N
[09:50:56] LPR12 Recv: LPR_N
[09:51:01] LPR12 Recv: LPR_N
[09:51:06] LPR12 Recv: LPR_N
[09:51:11] LPR12 Recv: LPR_N
[09:51:17] LPR12 Recv: LPR_N
[09:51:22] LPR12 Recv: LPR_N
[09:51:27] LPR12 Recv: LPR_N
[09:51:32] LPR12 Recv: LPR_N
[09:51:38] LPR12 Recv: LPR_N
[09:51:43] LPR12 Recv: LPR_N
[09:51:48] LPR12 Recv: LPR_N
[09:51:50] Ping 시간 체크1-149932062
[09:51:50] Ping 시간 체크2-149932062
[09:51:50] 11번 LPR OK 전송
[09:51:53] LPR12 Recv: LPR_N
[09:51:58] LPR12 Recv: LPR_N
[09:52:04] LPR12 Recv: LPR_N
[09:52:09] LPR12 Recv: LPR_N
[09:52:14] LPR12 Recv: LPR_N
[09:52:19] LPR12 Recv: LPR_N
[09:52:25] LPR12 Recv: LPR_N
[09:52:30] LPR12 Recv: LPR_N
[09:52:35] LPR12 Recv: LPR_N
[09:52:40] LPR12 Recv: LPR_N
[09:52:46] LPR12 Recv: LPR_N
[09:52:50] Ping 시간 체크1-149992062
[09:52:50] Ping 시간 체크2-149992062
[09:52:50] 11번 LPR OK 전송
[09:52:51] LPR12 Recv: LPR_N
[09:52:56] LPR12 Recv: LPR_N
[09:53:01] LPR12 Recv: LPR_N
[09:53:06] LPR12 Recv: LPR_N
[09:53:12] LPR12 Recv: LPR_N
[09:53:17] LPR12 Recv: LPR_N
[09:53:22] LPR12 Recv: LPR_N
[09:53:27] LPR12 Recv: LPR_N
[09:53:33] LPR12 Recv: LPR_N
[09:53:38] LPR12 Recv: LPR_N
[09:53:43] LPR12 Recv: LPR_N
[09:53:48] LPR12 Recv: LPR_N
[09:53:50] Ping 시간 체크1-150052062
[09:53:50] Ping 시간 체크2-150052062
[09:53:50] 11번 LPR OK 전송
[09:53:53] LPR12 Recv: LPR_N
[09:53:59] LPR12 Recv: LPR_N
[09:54:04] LPR12 Recv: LPR_N
[09:54:09] LPR12 Recv: LPR_N
[09:54:14] LPR12 Recv: LPR_N
[09:54:20] LPR12 Recv: LPR_N
[09:54:25] LPR12 Recv: LPR_N
[09:54:30] LPR12 Recv: LPR_N
[09:54:35] LPR12 Recv: LPR_N
[09:54:41] LPR12 Recv: LPR_N
[09:54:46] LPR12 Recv: LPR_N
[09:54:50] Ping 시간 체크1-150112062
[09:54:50] Ping 시간 체크2-150112062
[09:54:50] 11번 LPR OK 전송
[09:54:51] LPR12 Recv: LPR_N
[09:54:56] LPR12 Recv: LPR_N
[09:55:01] LPR12 Recv: LPR_N
[09:55:07] LPR12 Recv: LPR_N
[09:55:12] LPR12 Recv: LPR_N
[09:55:17] LPR12 Recv: LPR_N
[09:55:22] LPR12 Recv: LPR_N
[09:55:28] LPR12 Recv: LPR_N
[09:55:33] LPR12 Recv: LPR_N
[09:55:38] LPR12 Recv: LPR_N
[09:55:43] LPR12 Recv: LPR_N
[09:55:48] LPR12 Recv: LPR_N
[09:55:50] Ping 시간 체크1-150172062
[09:55:50] Ping 시간 체크2-150172062
[09:55:50] 11번 LPR OK 전송
[09:55:54] LPR12 Recv: LPR_N
[09:55:59] LPR12 Recv: LPR_N
[09:56:04] LPR12 Recv: LPR_N
[09:56:09] LPR12 Recv: LPR_N
[09:56:15] LPR12 Recv: LPR_N
[09:56:20] LPR12 Recv: LPR_N
[09:56:25] LPR12 Recv: LPR_N
[09:56:30] LPR12 Recv: LPR_N
[09:56:36] LPR12 Recv: LPR_N
[09:56:41] LPR12 Recv: LPR_N
[09:56:46] LPR12 Recv: LPR_N
[09:56:50] Ping 시간 체크1-150232062
[09:56:50] Ping 시간 체크2-150232062
[09:56:50] 11번 LPR OK 전송
[09:56:51] LPR12 Recv: LPR_N
[09:56:56] LPR12 Recv: LPR_N
[09:57:02] LPR12 Recv: LPR_N
[09:57:07] LPR12 Recv: LPR_N
[09:57:12] LPR12 Recv: LPR_N
[09:57:17] LPR12 Recv: LPR_N
[09:57:23] LPR12 Recv: LPR_N
[09:57:28] LPR12 Recv: LPR_N
[09:57:33] LPR12 Recv: LPR_N
[09:57:38] LPR12 Recv: LPR_N
[09:57:43] LPR12 Recv: LPR_N
[09:57:49] LPR12 Recv: LPR_N
[09:57:50] Ping 시간 체크1-150292062
[09:57:50] Ping 시간 체크2-150292062
[09:57:50] 11번 LPR OK 전송
[09:57:54] LPR12 Recv: LPR_N
[09:57:59] LPR12 Recv: LPR_N
[09:58:05] LPR12 Recv: LPR_N
[09:58:10] LPR12 Recv: LPR_N
[09:58:15] LPR12 Recv: LPR_N
[09:58:21] LPR12 Recv: LPR_N
[09:58:26] LPR12 Recv: LPR_N
[09:58:31] LPR12 Recv: LPR_N
[09:58:36] LPR12 Recv: LPR_N
[09:58:41] LPR12 Recv: LPR_N
[09:58:47] LPR12 Recv: LPR_N
[09:58:50] Ping 시간 체크1-150352062
[09:58:50] Ping 시간 체크2-150352062
[09:58:50] 11번 LPR OK 전송
[09:58:52] LPR12 Recv: LPR_N
[09:58:57] LPR12 Recv: LPR_N
[09:59:02] LPR12 Recv: LPR_N
[09:59:08] LPR12 Recv: LPR_N
[09:59:13] LPR12 Recv: LPR_N
[09:59:18] LPR12 Recv: LPR_N
[09:59:23] LPR12 Recv: LPR_N
[09:59:29] LPR12 Recv: LPR_N
[09:59:34] LPR12 Recv: LPR_N
[09:59:39] LPR12 Recv: LPR_N
[09:59:44] LPR12 Recv: LPR_N
[09:59:49] LPR12 Recv: LPR_N
[09:59:50] Ping 시간 체크1-150412062
[09:59:50] Ping 시간 체크2-150412062
[09:59:50] 11번 LPR OK 전송
[09:59:55] LPR12 Recv: LPR_N
[10:00:00] LPR12 Recv: LPR_N
[10:00:05] LPR12 Recv: LPR_N
[10:00:10] LPR12 Recv: LPR_N
[10:00:16] LPR12 Recv: LPR_N
[10:00:21] LPR12 Recv: LPR_N
[10:00:26] LPR12 Recv: LPR_N
[10:00:31] LPR12 Recv: LPR_N
[10:00:36] LPR12 Recv: LPR_N
[10:00:42] LPR12 Recv: LPR_N
[10:00:47] LPR12 Recv: LPR_N
[10:00:50] Ping 시간 체크1-150472062
[10:00:50] Ping 시간 체크2-150472062
[10:00:50] 11번 LPR OK 전송
[10:00:52] LPR12 Recv: LPR_N
[10:00:57] LPR12 Recv: LPR_N
[10:01:03] LPR12 Recv: LPR_N
[10:01:08] LPR12 Recv: LPR_N
[10:01:13] LPR12 Recv: LPR_N
[10:01:18] LPR12 Recv: LPR_N
[10:01:24] LPR12 Recv: LPR_N
[10:01:29] LPR12 Recv: LPR_N
[10:01:34] LPR12 Recv: LPR_N
[10:01:39] LPR12 Recv: LPR_N
[10:01:44] LPR12 Recv: LPR_N
[10:01:50] LPR12 Recv: LPR_N
[10:01:50] Ping 시간 체크1-150532062
[10:01:50] Ping 시간 체크2-150532062
[10:01:50] 11번 LPR OK 전송
[10:01:55] LPR12 Recv: LPR_N
[10:02:00] LPR12 Recv: LPR_N
[10:02:05] LPR12 Recv: LPR_N
[10:02:11] LPR12 Recv: LPR_N
[10:02:16] LPR12 Recv: LPR_N
[10:02:21] LPR12 Recv: LPR_N
[10:02:26] LPR12 Recv: LPR_N
[10:02:31] LPR12 Recv: LPR_N
[10:02:37] LPR12 Recv: LPR_N
[10:02:42] LPR12 Recv: LPR_N
[10:02:47] LPR12 Recv: LPR_N
[10:02:50] Ping 시간 체크1-150592062
[10:02:50] Ping 시간 체크2-150592062
[10:02:50] 11번 LPR OK 전송
[10:02:52] LPR12 Recv: LPR_N
[10:02:58] LPR12 Recv: LPR_N
[10:03:03] LPR12 Recv: LPR_N
[10:03:08] LPR12 Recv: LPR_N
[10:03:13] LPR12 Recv: LPR_N
[10:03:19] LPR12 Recv: LPR_N
[10:03:24] LPR12 Recv: LPR_N
[10:03:29] LPR12 Recv: LPR_N
[10:03:34] LPR12 Recv: LPR_N
[10:03:39] LPR12 Recv: LPR_N
[10:03:45] LPR12 Recv: LPR_N
[10:03:50] LPR12 Recv: LPR_N
[10:03:50] Ping 시간 체크1-150652062
[10:03:50] Ping 시간 체크2-150652062
[10:03:50] 11번 LPR OK 전송
[10:03:55] LPR12 Recv: LPR_N
[10:04:00] LPR12 Recv: LPR_N
[10:04:06] LPR12 Recv: LPR_N
[10:04:11] LPR12 Recv: LPR_N
[10:04:16] LPR12 Recv: LPR_N
[10:04:21] LPR12 Recv: LPR_N
[10:04:26] LPR12 Recv: LPR_N
[10:04:32] LPR12 Recv: LPR_N
[10:04:37] LPR12 Recv: LPR_N
[10:04:42] LPR12 Recv: LPR_N
[10:04:47] LPR12 Recv: LPR_N
[10:04:50] Ping 시간 체크1-150712062
[10:04:50] Ping 시간 체크2-150712062
[10:04:50] 11번 LPR OK 전송
[10:04:53] LPR12 Recv: LPR_N
[10:04:58] LPR12 Recv: LPR_N
[10:05:03] LPR12 Recv: LPR_N
[10:05:08] LPR12 Recv: LPR_N
[10:05:14] LPR12 Recv: LPR_N
[10:05:19] LPR12 Recv: LPR_N
[10:05:24] LPR12 Recv: LPR_N
[10:05:29] LPR12 Recv: LPR_N
[10:05:34] LPR12 Recv: LPR_N
[10:05:40] LPR12 Recv: LPR_N
[10:05:45] LPR12 Recv: LPR_N
[10:05:50] Ping 시간 체크1-150772062
[10:05:50] Ping 시간 체크2-150772062
[10:05:50] 11번 LPR OK 전송
[10:05:50] LPR12 Recv: LPR_N
[10:05:55] LPR12 Recv: LPR_N
[10:06:01] LPR12 Recv: LPR_N
[10:06:03] Program Close
[10:06:16] Program Start!
[10:06:33] Program Start!
[10:06:57] 근무시작: 배은화
[10:07:21] 영수증프린터 포트오픈 에러: ie_BadId - Specified comport doesn't exist
[10:07:21] Ping 시간 체크1-150863515
[10:07:21] Ping 시간 체크2-150863531
[10:07:21] Ping 시간 체크1-150863609
[10:07:21] Ping 시간 체크2-150863625
[10:07:21] Ping 시간 체크1-150863640
[10:07:21] Ping 시간 체크2-150863640
[10:07:21] Ping 시간 체크1-150863656
[10:07:21] Ping 시간 체크2-150863656
[10:07:22] LPR12 Recv: 172.16.83.1
[10:07:22] LPR11 Recv: 172.16.83.1
[10:07:23] LPR11 Recv: LPR_R
[10:07:23] 시간동기화 전송
[10:07:23] LPR12 Recv: LPR_N
[10:07:24] LPR12 Recv: LPR_N
[10:07:29] LPR12 Recv: LPR_N
[10:07:35] LPR12 Recv: LPR_N
[10:07:40] LPR12 Recv: LPR_N
[10:07:42] Program Close
[11:37:24] Program Start!
[11:37:26] 근무시작: 배은화
[11:37:26] 영수증프린터 포트오픈 에러: ie_BadId - Specified comport doesn't exist
[11:37:26] Ping 시간 체크1-156268546
[11:37:26] Ping 시간 체크2-156268562
[11:37:26] Ping 시간 체크1-156268562
[11:37:26] Ping 시간 체크2-156268578
[11:37:26] Ping 시간 체크1-156268578
[11:37:26] Ping 시간 체크2-156268593
[11:37:26] Ping 시간 체크1-156268593
[11:37:26] Ping 시간 체크2-156268609
[11:37:27] LPR11 Recv: 172.16.83.1
[11:37:27] LPR12 Recv: 172.16.83.1
[11:37:28] LPR11 Recv: LPR_R
[11:37:28] 시간동기화 전송
[11:37:28] LPR12 Recv: LPR_N
[11:37:30] LPR12 Recv: LPR_N
[11:37:35] LPR12 Recv: LPR_N
[11:37:41] LPR12 Recv: LPR_N
[11:37:46] LPR12 Recv: LPR_N
[11:37:51] LPR12 Recv: LPR_N
[11:37:56] LPR12 Recv: LPR_N
[11:38:02] LPR12 Recv: LPR_N
[11:38:07] LPR12 Recv: LPR_N
[11:38:12] LPR12 Recv: LPR_N
[11:38:17] LPR12 Recv: LPR_N
[11:38:22] LPR12 Recv: LPR_N
[11:38:28] Ping 시간 체크1-156329796
[11:38:28] Ping 시간 체크2-156329812
[11:38:28] 11번 LPR OK 전송
[11:38:28] LPR12 Recv: LPR_N
[11:38:33] LPR12 Recv: LPR_N
[11:38:38] LPR12 Recv: LPR_N
[11:38:43] LPR12 Recv: LPR_N
[11:38:49] LPR12 Recv: LPR_N
[11:38:54] LPR12 Recv: LPR_N
[11:38:59] LPR12 Recv: LPR_N
[11:39:04] LPR12 Recv: LPR_N
[11:39:10] LPR12 Recv: LPR_N
[11:39:15] LPR12 Recv: LPR_N
[11:39:20] LPR12 Recv: LPR_N
[11:39:25] LPR12 Recv: LPR_N
[11:39:28] Ping 시간 체크1-156389796
[11:39:28] Ping 시간 체크2-156389796
[11:39:28] 11번 LPR OK 전송
[11:39:30] LPR12 Recv: LPR_N
[11:39:36] LPR12 Recv: LPR_N
[11:39:41] LPR12 Recv: LPR_N
[11:39:46] LPR12 Recv: LPR_N
[11:39:51] LPR12 Recv: LPR_N
[11:39:57] LPR12 Recv: LPR_N
[11:40:02] LPR12 Recv: LPR_N
[11:40:07] LPR12 Recv: LPR_N
[11:40:12] LPR12 Recv: LPR_N
[11:40:17] LPR12 Recv: LPR_N
[11:40:23] LPR12 Recv: LPR_N
[11:40:28] Ping 시간 체크1-156449796
[11:40:28] Ping 시간 체크2-156449796
[11:40:28] 11번 LPR OK 전송
[11:40:28] LPR12 Recv: LPR_N
[11:40:33] LPR12 Recv: LPR_N
[11:40:38] LPR12 Recv: LPR_N
[11:40:44] LPR12 Recv: LPR_N
[11:40:49] LPR12 Recv: LPR_N
[11:40:54] LPR12 Recv: LPR_N
[11:40:59] LPR12 Recv: LPR_N
[11:41:05] LPR12 Recv: LPR_N
[11:41:10] LPR12 Recv: LPR_N
[11:41:15] LPR12 Recv: LPR_N
[11:41:20] LPR12 Recv: LPR_N
[11:41:25] LPR12 Recv: LPR_N
[11:41:28] Ping 시간 체크1-156509796
[11:41:28] Ping 시간 체크2-156509796
[11:41:28] 11번 LPR OK 전송
[11:41:31] LPR12 Recv: LPR_N
[11:41:36] LPR12 Recv: LPR_N
[11:41:41] LPR12 Recv: LPR_N
[11:41:46] LPR12 Recv: LPR_N
[11:41:52] LPR12 Recv: LPR_N
[11:41:57] LPR12 Recv: LPR_N
[11:42:02] LPR12 Recv: LPR_N
[11:42:07] LPR12 Recv: LPR_N
[11:42:12] LPR12 Recv: LPR_N
[11:42:18] LPR12 Recv: LPR_N
[11:42:23] LPR12 Recv: LPR_N
[11:42:28] Ping 시간 체크1-156569796
[11:42:28] Ping 시간 체크2-156569796
[11:42:28] 11번 LPR OK 전송
[11:42:28] LPR12 Recv: LPR_N
[11:42:33] LPR12 Recv: LPR_N
[11:42:39] LPR12 Recv: LPR_N
[11:42:44] LPR12 Recv: LPR_N
[11:42:49] LPR12 Recv: LPR_N
[11:42:54] LPR12 Recv: LPR_N
[11:43:00] LPR12 Recv: LPR_N
[11:43:05] LPR12 Recv: LPR_N
[11:43:10] LPR12 Recv: LPR_N
[11:43:15] LPR12 Recv: LPR_N
[11:43:20] LPR12 Recv: LPR_N
[11:43:26] LPR12 Recv: LPR_N
[11:43:28] Ping 시간 체크1-156629796
[11:43:28] Ping 시간 체크2-156629796
[11:43:28] 11번 LPR OK 전송
[11:43:31] LPR12 Recv: LPR_N
[11:43:36] LPR12 Recv: LPR_N
[11:43:41] LPR12 Recv: LPR_N
[11:43:47] LPR12 Recv: LPR_N
[11:43:52] LPR12 Recv: LPR_N
[11:43:57] LPR12 Recv: LPR_N
[11:44:02] LPR12 Recv: LPR_N
[11:44:07] LPR12 Recv: LPR_N
[11:44:13] LPR12 Recv: LPR_N
[11:44:18] LPR12 Recv: LPR_N
[11:44:23] LPR12 Recv: LPR_N
[11:44:28] Ping 시간 체크1-156689796
[11:44:28] Ping 시간 체크2-156689796
[11:44:28] 11번 LPR OK 전송
[11:44:28] LPR12 Recv: LPR_N
[11:44:34] LPR12 Recv: LPR_N
[11:44:39] LPR12 Recv: LPR_N
[11:44:44] LPR12 Recv: LPR_N
[11:44:49] LPR12 Recv: LPR_N
[11:44:55] LPR12 Recv: LPR_N
[11:45:00] LPR12 Recv: LPR_N
[11:45:05] LPR12 Recv: LPR_N
[11:45:10] LPR12 Recv: LPR_N
[11:45:15] LPR12 Recv: LPR_N
[11:45:21] LPR12 Recv: LPR_N
[11:45:26] LPR12 Recv: LPR_N
[11:45:28] Ping 시간 체크1-156749796
[11:45:28] Ping 시간 체크2-156749796
[11:45:28] 11번 LPR OK 전송
[11:45:31] LPR12 Recv: LPR_N
[11:45:36] LPR12 Recv: LPR_N
[11:45:42] LPR12 Recv: LPR_N
[11:45:47] LPR12 Recv: LPR_N
[11:45:47] Program Close
[11:45:50] Program Start!
[11:45:52] 근무시작: 배은화
[11:45:52] 영수증프린터 포트오픈 에러: ie_BadId - Specified comport doesn't exist
[11:45:52] Ping 시간 체크1-156773843
[11:45:52] Ping 시간 체크2-156773859
[11:45:52] Ping 시간 체크1-156773859
[11:45:52] Ping 시간 체크2-156773859
[11:45:52] Ping 시간 체크1-156773875
[11:45:52] Ping 시간 체크2-156773875
[11:45:52] Ping 시간 체크1-156773875
[11:45:52] Ping 시간 체크2-156773890
[11:45:52] 요금종류 1
[11:45:52] LPR12 Recv: 172.16.83.1
[11:45:52] LPR11 Recv: 172.16.83.1
[11:45:52] LPR12 Recv: LPR_N
[11:45:53] LPR11 Recv: LPR_R
[11:45:53] 시간동기화 전송
[11:45:53] LPR12 Recv: LPR_N
[11:45:57] LPR12 Recv: LPR_N
[11:46:02] LPR12 Recv: LPR_N
[11:46:08] LPR12 Recv: LPR_N
[11:46:08] Program Close
[11:48:30] Program Start!
[11:48:32] 근무시작: 배은화
[11:48:32] 영수증프린터 포트오픈 에러: ie_BadId - Specified comport doesn't exist
[11:48:32] Ping 시간 체크1-156934468
[11:48:32] Ping 시간 체크2-156934484
[11:48:32] Ping 시간 체크1-156934484
[11:48:32] Ping 시간 체크2-156934500
[11:48:32] Ping 시간 체크1-156934500
[11:48:32] Ping 시간 체크2-156934500
[11:48:32] Ping 시간 체크1-156934515
[11:48:32] Ping 시간 체크2-156934515
[11:48:32] LPR11 Recv: 172.16.83.1
[11:48:34] 버튼 2
[11:48:34] LPR11 Recv: LPR_R
[11:48:34] 시간동기화 전송
[11:49:32] Ping 시간 체크1-156994484
[11:49:32] Ping 시간 체크2-156994484
[11:49:32] LPR12 Recv: 172.16.83.1
[11:49:34] LPR12 Recv: LPR_N
[11:49:34] Ping 시간 체크1-156996187
[11:49:34] Ping 시간 체크2-156996203
[11:49:34] 11번 LPR OK 전송
[11:49:37] LPR12 Recv: LPR_N
[11:49:42] LPR12 Recv: LPR_N
[11:49:47] LPR12 Recv: LPR_N
[11:49:52] LPR12 Recv: LPR_N
[11:49:58] LPR12 Recv: LPR_N
[11:50:03] LPR12 Recv: LPR_N
[11:50:08] LPR12 Recv: LPR_N
[11:50:13] LPR12 Recv: LPR_N
[11:50:19] LPR12 Recv: LPR_N
[11:50:24] LPR12 Recv: LPR_N
[11:50:29] LPR12 Recv: LPR_N
[11:50:34] Ping 시간 체크1-157056187
[11:50:34] Ping 시간 체크2-157056187
[11:50:34] 11번 LPR OK 전송
[11:50:34] LPR12 Recv: LPR_N
[11:50:40] LPR12 Recv: LPR_N
[11:50:45] LPR12 Recv: LPR_N
[11:50:46] Program Close
[14:02:21] Program Start!
[14:02:24] 근무시작: 배은화
[14:02:24] 영수증프린터 포트오픈 에러: ie_BadId - Specified comport doesn't exist
[14:02:24] Ping 시간 체크1-164965781
[14:02:24] Ping 시간 체크2-164965796
[14:02:24] Ping 시간 체크1-164965796
[14:02:24] Ping 시간 체크2-164965812
[14:02:24] Ping 시간 체크1-164965812
[14:02:24] Ping 시간 체크2-164965828
[14:02:24] Ping 시간 체크1-164965828
[14:02:24] Ping 시간 체크2-164965843
[14:02:24] LPR11 Recv: 172.16.83.1
[14:02:24] LPR12 Recv: 172.16.83.1
[14:02:25] LPR11 Recv: LPR_R
[14:02:25] 시간동기화 전송
[14:02:25] LPR12 Recv: LPR_N
[14:02:27] LPR12 Recv: LPR_N
[14:02:32] LPR12 Recv: LPR_N
[14:02:37] LPR12 Recv: LPR_N
[14:02:42] LPR12 Recv: LPR_N
[14:02:48] LPR12 Recv: LPR_N
[14:02:53] LPR12 Recv: LPR_N
[14:02:58] LPR12 Recv: LPR_N
[14:03:03] LPR12 Recv: LPR_N
[14:03:08] LPR12 Recv: LPR_N
[14:03:14] LPR12 Recv: LPR_N
[14:03:19] LPR12 Recv: LPR_N
[14:03:24] LPR12 Recv: LPR_N
[14:03:25] Ping 시간 체크1-165027125
[14:03:25] Ping 시간 체크2-165027140
[14:03:25] 11번 LPR OK 전송
[14:03:29] LPR12 Recv: LPR_N
[14:03:35] LPR12 Recv: LPR_N
[14:03:40] LPR12 Recv: LPR_N
[14:03:46] LPR12 Recv: LPR_N
[14:03:51] LPR12 Recv: LPR_N
[14:03:56] LPR12 Recv: LPR_N
[14:04:01] LPR12 Recv: LPR_N
[14:04:06] LPR12 Recv: LPR_N
[14:04:12] LPR12 Recv: LPR_N
[14:04:17] LPR12 Recv: LPR_N
[14:04:22] LPR12 Recv: LPR_N
[14:04:25] Ping 시간 체크1-165087125
[14:04:25] Ping 시간 체크2-165087140
[14:04:25] 11번 LPR OK 전송
[14:04:27] LPR12 Recv: LPR_N
[14:04:33] LPR12 Recv: LPR_N
[14:04:38] LPR12 Recv: LPR_N
[14:04:43] LPR12 Recv: LPR_N
[14:04:48] LPR12 Recv: LPR_N
[14:04:54] LPR12 Recv: LPR_N
[14:04:59] LPR12 Recv: LPR_N
[14:05:04] LPR12 Recv: LPR_N
[14:05:09] LPR12 Recv: LPR_N
[14:05:14] LPR12 Recv: LPR_N
[14:05:20] LPR12 Recv: LPR_N
[14:05:25] LPR12 Recv: LPR_N
[14:05:25] Ping 시간 체크1-165147125
[14:05:25] Ping 시간 체크2-165147125
[14:05:25] 11번 LPR OK 전송
[14:05:30] LPR12 Recv: LPR_N
[14:05:35] LPR12 Recv: LPR_N
[14:05:41] LPR12 Recv: LPR_N
[14:05:46] LPR12 Recv: LPR_N
[14:05:49] LPR11 Recv: CH1#31로6819#N#\2014\09\05\CH1_20140905094131_31로6819.jpg
[14:05:49] LPR Check: 31로6819,http://172.16.66.33:9080/MSImage/2014/09/05/CH1_20140905094131_31로6819.jpg,1,,,0, 2014-09-05 09:41:31
[14:05:49] File: \\172.16.66.33\MSImage\2014\09\05\CH1_20140905094131_31로6819.jpg
[14:05:49] 일반차량: 31로6819, 
[14:05:49] Ping 시간 체크1-165171171
[14:05:49] Ping 시간 체크2-165171187
[14:05:49] Ping 시간 체크1-165171187
[14:05:49] Ping 시간 체크2-165171187
[14:05:49] 입구차단기 Open
[14:05:49] 일반차량입차: 31로6819, 
[14:05:51] LPR12 Recv: LPR_N
[14:05:56] LPR12 Recv: LPR_N
[14:05:56] LPR11 Recv: LPR_R
[14:05:56] 시간동기화 전송
[14:06:01] LPR12 Recv: LPR_N
[14:06:07] LPR12 Recv: LPR_N
[14:06:12] LPR12 Recv: LPR_N
[14:06:17] LPR12 Recv: LPR_N
[14:06:22] LPR12 Recv: LPR_N
[14:06:28] LPR12 Recv: LPR_N
[14:06:33] LPR12 Recv: LPR_N
[14:06:38] LPR12 Recv: LPR_N
[14:06:43] LPR12 Recv: LPR_N
[14:06:49] LPR12 Recv: LPR_N
[14:06:54] LPR12 Recv: LPR_N
[14:06:56] Ping 시간 체크1-165238671
[14:06:56] Ping 시간 체크2-165238687
[14:06:56] 11번 LPR OK 전송
[14:06:59] LPR12 Recv: LPR_N
[14:07:04] LPR12 Recv: LPR_N
[14:07:09] LPR12 Recv: LPR_N
[14:07:15] LPR12 Recv: LPR_N
[14:07:20] LPR12 Recv: LPR_N
[14:07:25] LPR12 Recv: LPR_N
[14:07:30] LPR12 Recv: LPR_N
[14:07:36] LPR12 Recv: LPR_N
[14:07:41] LPR12 Recv: LPR_N
[14:07:46] LPR12 Recv: LPR_N
[14:07:51] LPR12 Recv: LPR_N
[14:07:56] LPR12 Recv: LPR_N
[14:07:56] Ping 시간 체크1-165298671
[14:07:56] Ping 시간 체크2-165298671
[14:07:56] 11번 LPR OK 전송
[14:08:02] LPR12 Recv: LPR_N
[14:08:07] LPR12 Recv: LPR_N
[14:08:12] LPR12 Recv: LPR_N
[14:08:17] LPR12 Recv: LPR_N
[14:08:23] LPR12 Recv: LPR_N
[14:08:28] LPR12 Recv: LPR_N
[14:08:33] LPR12 Recv: LPR_N
[14:08:38] LPR12 Recv: LPR_N
[14:08:44] LPR12 Recv: LPR_N
[14:08:49] LPR12 Recv: LPR_N
[14:08:54] LPR12 Recv: LPR_N
[14:08:56] Ping 시간 체크1-165358671
[14:08:56] Ping 시간 체크2-165358671
[14:08:56] 11번 LPR OK 전송
[14:08:59] LPR12 Recv: LPR_N
[14:09:04] LPR12 Recv: LPR_N
[14:09:10] LPR12 Recv: LPR_N
[14:09:15] LPR12 Recv: LPR_N
[14:09:20] LPR12 Recv: LPR_N
[14:09:25] LPR12 Recv: LPR_N
[14:09:31] LPR12 Recv: LPR_N
[14:09:36] LPR12 Recv: LPR_N
[14:09:41] LPR12 Recv: LPR_N
[14:09:46] LPR12 Recv: LPR_N
[14:09:51] LPR12 Recv: LPR_N
[14:09:56] Ping 시간 체크1-165418671
[14:09:56] Ping 시간 체크2-165418671
[14:09:56] 11번 LPR OK 전송
[14:09:57] LPR12 Recv: LPR_N
[14:10:02] LPR12 Recv: LPR_N
[14:10:07] LPR12 Recv: LPR_N
[14:10:12] LPR12 Recv: LPR_N
[14:10:18] LPR12 Recv: LPR_N
[14:10:23] LPR12 Recv: LPR_N
[14:10:28] LPR12 Recv: LPR_N
[14:10:33] LPR12 Recv: LPR_N
[14:10:39] LPR12 Recv: LPR_N
[14:10:44] LPR12 Recv: LPR_N
[14:10:49] LPR12 Recv: LPR_N
[14:10:54] LPR12 Recv: LPR_N
[14:10:56] Ping 시간 체크1-165478671
[14:10:56] Ping 시간 체크2-165478671
[14:10:56] 11번 LPR OK 전송
[14:10:59] LPR12 Recv: LPR_N
[14:11:05] LPR12 Recv: LPR_N
[14:11:10] LPR12 Recv: LPR_N
[14:11:15] LPR12 Recv: LPR_N
[14:11:20] LPR12 Recv: LPR_N
[14:11:26] LPR12 Recv: LPR_N
[14:11:31] LPR12 Recv: LPR_N
[14:11:36] LPR12 Recv: LPR_N
[14:11:41] LPR12 Recv: LPR_N
[14:11:46] LPR12 Recv: LPR_N
[14:11:52] LPR12 Recv: LPR_N
[14:11:56] Ping 시간 체크1-165538671
[14:11:56] Ping 시간 체크2-165538671
[14:11:56] 11번 LPR OK 전송
[14:11:57] LPR12 Recv: LPR_N
[14:12:02] LPR12 Recv: LPR_N
[14:12:07] LPR12 Recv: LPR_N
[14:12:13] LPR12 Recv: LPR_N
[14:12:18] LPR12 Recv: LPR_N
[14:12:23] LPR12 Recv: LPR_N
[14:12:28] LPR12 Recv: LPR_N
[14:12:34] LPR12 Recv: LPR_N
[14:12:39] LPR12 Recv: LPR_N
[14:12:44] LPR12 Recv: LPR_N
[14:12:49] LPR12 Recv: LPR_N
[14:12:54] LPR12 Recv: LPR_N
[14:12:56] Ping 시간 체크1-165598671
[14:12:56] Ping 시간 체크2-165598671
[14:12:56] 11번 LPR OK 전송
[14:13:00] LPR12 Recv: LPR_N
[14:13:05] LPR12 Recv: LPR_N
[14:13:10] LPR12 Recv: LPR_N
[14:13:15] LPR12 Recv: LPR_N
[14:13:21] LPR12 Recv: LPR_N
[14:13:26] LPR12 Recv: LPR_N
[14:13:31] LPR12 Recv: LPR_N
[14:13:36] LPR12 Recv: LPR_N
[14:13:41] LPR12 Recv: LPR_N
[14:13:47] LPR12 Recv: LPR_N
[14:13:52] LPR12 Recv: LPR_N
[14:13:56] Ping 시간 체크1-165658671
[14:13:56] Ping 시간 체크2-165658671
[14:13:56] 11번 LPR OK 전송
[14:13:57] LPR12 Recv: LPR_N
[14:14:02] LPR12 Recv: LPR_N
[14:14:08] LPR12 Recv: LPR_N
[14:14:13] LPR12 Recv: LPR_N
[14:14:18] LPR12 Recv: LPR_N
[14:14:23] LPR12 Recv: LPR_N
[14:14:29] LPR12 Recv: LPR_N
[14:14:34] LPR12 Recv: LPR_N
[14:14:39] LPR12 Recv: LPR_N
[14:14:44] LPR12 Recv: LPR_N
[14:14:49] LPR12 Recv: LPR_N
[14:14:55] LPR12 Recv: LPR_N
[14:14:56] Ping 시간 체크1-165718671
[14:14:56] Ping 시간 체크2-165718671
[14:14:56] 11번 LPR OK 전송
[14:15:00] LPR12 Recv: LPR_N
[14:15:05] LPR12 Recv: LPR_N
[14:15:10] LPR12 Recv: LPR_N
[14:15:16] LPR12 Recv: LPR_N
[14:15:21] LPR12 Recv: LPR_N
[14:15:26] LPR12 Recv: LPR_N
[14:15:31] LPR12 Recv: LPR_N
[14:15:36] LPR12 Recv: LPR_N
[14:15:42] LPR12 Recv: LPR_N
[14:15:47] LPR12 Recv: LPR_N
[14:15:52] LPR12 Recv: LPR_N
[14:15:56] Ping 시간 체크1-165778671
[14:15:56] Ping 시간 체크2-165778671
[14:15:56] 11번 LPR OK 전송
[14:15:57] LPR12 Recv: LPR_N
[14:16:03] LPR12 Recv: LPR_N
[14:16:08] LPR12 Recv: LPR_N
[14:16:13] LPR12 Recv: LPR_N
[14:16:18] LPR12 Recv: LPR_N
[14:16:24] LPR12 Recv: LPR_N
[14:16:29] LPR12 Recv: LPR_N
[14:16:34] LPR12 Recv: LPR_N
[14:16:39] LPR12 Recv: LPR_N
[14:16:44] LPR12 Recv: LPR_N
[14:16:50] LPR12 Recv: LPR_N
[14:16:55] LPR12 Recv: LPR_N
[14:16:56] Ping 시간 체크1-165838671
[14:16:56] Ping 시간 체크2-165838671
[14:16:56] 11번 LPR OK 전송
[14:17:00] LPR12 Recv: LPR_N
[14:17:05] LPR12 Recv: LPR_N
[14:17:11] LPR12 Recv: LPR_N
[14:17:16] LPR12 Recv: LPR_N
[14:17:21] LPR12 Recv: LPR_N
[14:17:25] LPR12 Recv: LPR_N
[14:17:25] LPR11 Recv: LPR_R
[14:17:25] 시간동기화 전송
[14:17:26] LPR12 Recv: LPR_N
[14:17:31] LPR12 Recv: LPR_N
[14:17:37] LPR12 Recv: LPR_N
[14:17:42] LPR12 Recv: LPR_N
[14:17:47] LPR12 Recv: LPR_N
[14:17:52] LPR12 Recv: LPR_N
[14:17:56] LPR11 Recv: CH1#31로6819#N#\2014\09\05\CH1_20140905093837_31로6819.jpg
[14:17:56] LPR Check: 31로6819,http://172.16.66.33:9080/MSImage/2014/09/05/CH1_20140905093837_31로6819.jpg,1,,,0, 2014-09-05 09:38:37
[14:17:56] File: \\172.16.66.33\MSImage\2014\09\05\CH1_20140905093837_31로6819.jpg
[14:17:56] 일반차량: 31로6819, 
[14:17:56] Ping 시간 체크1-165898656
[14:17:56] Ping 시간 체크2-165898656
[14:17:56] Ping 시간 체크1-165898671
[14:17:56] Ping 시간 체크2-165898671
[14:17:56] 입구차단기 Open
[14:17:56] 일반차량입차: 31로6819, 
[14:17:58] LPR12 Recv: LPR_N
[14:18:03] LPR12 Recv: LPR_N
[14:18:08] LPR12 Recv: LPR_N
[14:18:13] LPR12 Recv: LPR_R
[14:18:13] 시간동기화 전송
[14:18:25] LPR12 Recv: CH1#31로6819#N#\2014\09\05\CH1_20140905141825_31로6819.jpg
[14:18:25] LPR Check: 31로6819,http://172.16.66.34:9080/MSImage/2014/09/05/CH1_20140905141825_31로6819.jpg,1,,,0, 2014-09-05 14:18:25
[14:18:25] File: \\172.16.66.34\MSImage\2014\09\05\CH1_20140905141825_31로6819.jpg
[14:18:25] 일반차량: 31로6819, 
[14:18:25] In Image File: \\172.16.66.33\MSImage\2014\09\05\CH1_20140905093837_31로6819.jpg
[14:18:25] Ping 시간 체크1-165927390
[14:18:25] Ping 시간 체크2-165927406
[14:18:25] Out Image File: \\172.16.66.34\MSImage\2014\09\05\CH1_20140905141825_31로6819.jpg
[14:18:25] Ping 시간 체크1-165927468
[14:18:25] Ping 시간 체크2-165927484
[14:18:25] Ping 시간 체크1-165927609
[14:18:25] Ping 시간 체크2-165927625
[14:18:25] Ping 시간 체크1-165927656
[14:18:25] Ping 시간 체크2-165927656
[14:18:25] 출구차단기 Open
[14:18:25] 일반차량출차: 31로6819, 
[14:18:40] LPR11 Recv: CH1#31로6819#N#\2014\09\05\CH1_20140905093920_31로6819.jpg
[14:18:40] LPR Check: 31로6819,http://172.16.66.33:9080/MSImage/2014/09/05/CH1_20140905093920_31로6819.jpg,1,,,0, 2014-09-05 09:39:20
[14:18:40] File: \\172.16.66.33\MSImage\2014\09\05\CH1_20140905093920_31로6819.jpg
[14:18:40] 일반차량: 31로6819, 
[14:18:40] Ping 시간 체크1-165941875
[14:18:40] Ping 시간 체크2-165941875
[14:18:40] Ping 시간 체크1-165941875
[14:18:40] Ping 시간 체크2-165941875
[14:18:40] 입구차단기 Open
[14:18:40] 일반차량입차: 31로6819, 
[14:19:08] LPR12 Recv: CH1#37로6819#N#\2014\09\05\CH1_20140905141908_37로6819.jpg
[14:19:08] LPR Check: 37로6819,http://172.16.66.34:9080/MSImage/2014/09/05/CH1_20140905141908_37로6819.jpg,1,,,0, 2014-09-05 14:19:08
[14:19:08] File: \\172.16.66.34\MSImage\2014\09\05\CH1_20140905141908_37로6819.jpg
[14:19:08] 일반차량: 37로6819, 
[14:19:08] Ping 시간 체크1-165970734
[14:19:08] Ping 시간 체크2-165970734
[14:19:09] 일반차량출차: 37로6819, 
[14:19:31] LPR12 Recv: CH1#31로6819#N#\2014\09\05\CH1_20140905141930_31로6819.jpg
[14:19:31] LPR Check: 31로6819,http://172.16.66.34:9080/MSImage/2014/09/05/CH1_20140905141930_31로6819.jpg,1,,,0, 2014-09-05 14:19:30
[14:19:31] File: \\172.16.66.34\MSImage\2014\09\05\CH1_20140905141930_31로6819.jpg
[14:19:31] 일반차량: 31로6819, 
[14:19:31] In Image File: \\172.16.66.33\MSImage\2014\09\05\CH1_20140905093920_31로6819.jpg
[14:19:31] Ping 시간 체크1-165992968
[14:19:31] Ping 시간 체크2-165992968
[14:19:31] Out Image File: \\172.16.66.34\MSImage\2014\09\05\CH1_20140905141930_31로6819.jpg
[14:19:31] Ping 시간 체크1-165993062
[14:19:31] Ping 시간 체크2-165993078
[14:19:31] Ping 시간 체크1-165993250
[14:19:31] Ping 시간 체크2-165993265
[14:19:31] Ping 시간 체크1-165993281
[14:19:31] Ping 시간 체크2-165993296
[14:19:31] 출구차단기 Open
[14:19:31] 일반차량출차: 31로6819, 
[14:19:40] Ping 시간 체크1-166001890
[14:19:40] Ping 시간 체크2-166001890
[14:19:40] 11번 LPR OK 전송
[14:20:31] Ping 시간 체크1-166053296
[14:20:31] Ping 시간 체크2-166053296
[14:20:31] 12번 LPR OK 전송
[14:20:40] Ping 시간 체크1-166061890
[14:20:40] Ping 시간 체크2-166061890
[14:20:40] 11번 LPR OK 전송
[14:21:31] Ping 시간 체크1-166113296
[14:21:31] Ping 시간 체크2-166113296
[14:21:31] 12번 LPR OK 전송
[14:21:40] Ping 시간 체크1-166121890
[14:21:40] Ping 시간 체크2-166121890
[14:21:40] 11번 LPR OK 전송
[14:22:31] Ping 시간 체크1-166173296
[14:22:31] Ping 시간 체크2-166173296
[14:22:31] 12번 LPR OK 전송
[14:22:40] Ping 시간 체크1-166181890
[14:22:40] Ping 시간 체크2-166181890
[14:22:40] 11번 LPR OK 전송
[14:23:31] Ping 시간 체크1-166233296
[14:23:31] Ping 시간 체크2-166233296
[14:23:31] 12번 LPR OK 전송
[14:23:40] Ping 시간 체크1-166241890
[14:23:40] Ping 시간 체크2-166241890
[14:23:40] 11번 LPR OK 전송
[14:24:31] Ping 시간 체크1-166293296
[14:24:31] Ping 시간 체크2-166293296
[14:24:31] 12번 LPR OK 전송
[14:24:40] Ping 시간 체크1-166301890
[14:24:40] Ping 시간 체크2-166301890
[14:24:40] 11번 LPR OK 전송
[14:25:31] Ping 시간 체크1-166353296
[14:25:31] Ping 시간 체크2-166353296
[14:25:31] 12번 LPR OK 전송
[14:25:40] Ping 시간 체크1-166361890
[14:25:40] Ping 시간 체크2-166361890
[14:25:40] 11번 LPR OK 전송
[14:26:31] Ping 시간 체크1-166413296
[14:26:31] Ping 시간 체크2-166413296
[14:26:31] 12번 LPR OK 전송
[14:26:40] Ping 시간 체크1-166421890
[14:26:40] Ping 시간 체크2-166421890
[14:26:40] 11번 LPR OK 전송
[14:27:31] Ping 시간 체크1-166473296
[14:27:31] Ping 시간 체크2-166473296
[14:27:31] 12번 LPR OK 전송
[14:27:40] Ping 시간 체크1-166481890
[14:27:40] Ping 시간 체크2-166481890
[14:27:40] 11번 LPR OK 전송
[14:28:31] Ping 시간 체크1-166533296
[14:28:31] Ping 시간 체크2-166533296
[14:28:31] 12번 LPR OK 전송
[14:28:40] Ping 시간 체크1-166541890
[14:28:40] Ping 시간 체크2-166541890
[14:28:40] 11번 LPR OK 전송
[14:29:31] Ping 시간 체크1-166593296
[14:29:31] Ping 시간 체크2-166593296
[14:29:31] 12번 LPR OK 전송
[14:29:40] Ping 시간 체크1-166601890
[14:29:40] Ping 시간 체크2-166601890
[14:29:40] 11번 LPR OK 전송
[14:30:31] Ping 시간 체크1-166653296
[14:30:31] Ping 시간 체크2-166653296
[14:30:31] 12번 LPR OK 전송
[14:30:40] Ping 시간 체크1-166661890
[14:30:40] Ping 시간 체크2-166661890
[14:30:40] 11번 LPR OK 전송
[14:31:31] Ping 시간 체크1-166713296
[14:31:31] Ping 시간 체크2-166713312
[14:31:31] 12번 LPR OK 전송
[14:31:40] Ping 시간 체크1-166721890
[14:31:40] Ping 시간 체크2-166721890
[14:31:40] 11번 LPR OK 전송
[14:32:31] Ping 시간 체크1-166773296
[14:32:31] Ping 시간 체크2-166773296
[14:32:31] 12번 LPR OK 전송
[14:32:40] Ping 시간 체크1-166781890
[14:32:40] Ping 시간 체크2-166781890
[14:32:40] 11번 LPR OK 전송
[14:33:31] Ping 시간 체크1-166833296
[14:33:31] Ping 시간 체크2-166833296
[14:33:31] 12번 LPR OK 전송
[14:33:40] Ping 시간 체크1-166841890
[14:33:40] Ping 시간 체크2-166841906
[14:33:40] 11번 LPR OK 전송
[14:34:31] Ping 시간 체크1-166893296
[14:34:31] Ping 시간 체크2-166893296
[14:34:31] 12번 LPR OK 전송
[14:34:40] Ping 시간 체크1-166901890
[14:34:40] Ping 시간 체크2-166901906
[14:34:40] 11번 LPR OK 전송
[14:35:31] Ping 시간 체크1-166953296
[14:35:31] Ping 시간 체크2-166953296
[14:35:31] 12번 LPR OK 전송
[14:35:40] Ping 시간 체크1-166961890
[14:35:40] Ping 시간 체크2-166961890
[14:35:40] 11번 LPR OK 전송
[14:36:31] Ping 시간 체크1-167013296
[14:36:31] Ping 시간 체크2-167013296
[14:36:31] 12번 LPR OK 전송
[14:36:40] Ping 시간 체크1-167021890
[14:36:40] Ping 시간 체크2-167021890
[14:36:40] 11번 LPR OK 전송
[14:37:31] Ping 시간 체크1-167073296
[14:37:31] Ping 시간 체크2-167073312
[14:37:31] 12번 LPR OK 전송
[14:37:40] Ping 시간 체크1-167081890
[14:37:40] Ping 시간 체크2-167081890
[14:37:40] 11번 LPR OK 전송
[14:38:31] Ping 시간 체크1-167133296
[14:38:31] Ping 시간 체크2-167133296
[14:38:31] 12번 LPR OK 전송
[14:38:40] Ping 시간 체크1-167141890
[14:38:40] Ping 시간 체크2-167141890
[14:38:40] 11번 LPR OK 전송
[14:39:31] Ping 시간 체크1-167193296
[14:39:31] Ping 시간 체크2-167193296
[14:39:31] 12번 LPR OK 전송
[14:39:40] Ping 시간 체크1-167201890
[14:39:40] Ping 시간 체크2-167201890
[14:39:40] 11번 LPR OK 전송
[14:40:31] Ping 시간 체크1-167253296
[14:40:31] Ping 시간 체크2-167253296
[14:40:31] 12번 LPR OK 전송
[14:40:40] Ping 시간 체크1-167261890
[14:40:40] Ping 시간 체크2-167261890
[14:40:40] 11번 LPR OK 전송
[14:41:31] Ping 시간 체크1-167313296
[14:41:31] Ping 시간 체크2-167313296
[14:41:31] 12번 LPR OK 전송
[14:41:40] Ping 시간 체크1-167321890
[14:41:40] Ping 시간 체크2-167321890
[14:41:40] 11번 LPR OK 전송
[14:42:31] Ping 시간 체크1-167373296
[14:42:31] Ping 시간 체크2-167373296
[14:42:31] 12번 LPR OK 전송
[14:42:40] Ping 시간 체크1-167381890
[14:42:40] Ping 시간 체크2-167381890
[14:42:40] 11번 LPR OK 전송
[14:43:31] Ping 시간 체크1-167433296
[14:43:31] Ping 시간 체크2-167433296
[14:43:31] 12번 LPR OK 전송
[14:43:40] Ping 시간 체크1-167441890
[14:43:40] Ping 시간 체크2-167441890
[14:43:40] 11번 LPR OK 전송
[14:44:31] Ping 시간 체크1-167493296
[14:44:31] Ping 시간 체크2-167493296
[14:44:31] 12번 LPR OK 전송
[14:44:40] Ping 시간 체크1-167501890
[14:44:40] Ping 시간 체크2-167501890
[14:44:40] 11번 LPR OK 전송
[14:45:31] Ping 시간 체크1-167553296
[14:45:31] Ping 시간 체크2-167553296
[14:45:31] 12번 LPR OK 전송
[14:45:40] Ping 시간 체크1-167561890
[14:45:40] Ping 시간 체크2-167561890
[14:45:40] 11번 LPR OK 전송
[14:46:31] Ping 시간 체크1-167613296
[14:46:31] Ping 시간 체크2-167613296
[14:46:31] 12번 LPR OK 전송
[14:46:40] Ping 시간 체크1-167621890
[14:46:40] Ping 시간 체크2-167621890
[14:46:40] 11번 LPR OK 전송
[14:47:31] Ping 시간 체크1-167673296
[14:47:31] Ping 시간 체크2-167673296
[14:47:31] 12번 LPR OK 전송
[14:47:40] Ping 시간 체크1-167681890
[14:47:40] Ping 시간 체크2-167681890
[14:47:40] 11번 LPR OK 전송
[14:48:31] Ping 시간 체크1-167733296
[14:48:31] Ping 시간 체크2-167733296
[14:48:31] 12번 LPR OK 전송
[14:48:40] Ping 시간 체크1-167741890
[14:48:40] Ping 시간 체크2-167741906
[14:48:40] 11번 LPR OK 전송
[14:49:31] Ping 시간 체크1-167793296
[14:49:31] Ping 시간 체크2-167793296
[14:49:31] 12번 LPR OK 전송
[14:49:40] Ping 시간 체크1-167801890
[14:49:40] Ping 시간 체크2-167801890
[14:49:40] 11번 LPR OK 전송
[14:50:31] Ping 시간 체크1-167853296
[14:50:31] Ping 시간 체크2-167853296
[14:50:31] 12번 LPR OK 전송
[14:50:40] Ping 시간 체크1-167861890
[14:50:40] Ping 시간 체크2-167861890
[14:50:40] 11번 LPR OK 전송
[14:51:31] Ping 시간 체크1-167913296
[14:51:31] Ping 시간 체크2-167913296
[14:51:31] 12번 LPR OK 전송
[14:51:40] Ping 시간 체크1-167921890
[14:51:40] Ping 시간 체크2-167921906
[14:51:40] 11번 LPR OK 전송
[14:52:31] Ping 시간 체크1-167973296
[14:52:31] Ping 시간 체크2-167973296
[14:52:31] 12번 LPR OK 전송
[14:52:40] Ping 시간 체크1-167981890
[14:52:40] Ping 시간 체크2-167981890
[14:52:40] 11번 LPR OK 전송
[14:53:31] Ping 시간 체크1-168033296
[14:53:31] Ping 시간 체크2-168033296
[14:53:31] 12번 LPR OK 전송
[14:53:40] Ping 시간 체크1-168041890
[14:53:40] Ping 시간 체크2-168041890
[14:53:40] 11번 LPR OK 전송
[14:54:31] Ping 시간 체크1-168093296
[14:54:31] Ping 시간 체크2-168093296
[14:54:31] 12번 LPR OK 전송
[14:54:40] Ping 시간 체크1-168101890
[14:54:40] Ping 시간 체크2-168101890
[14:54:40] 11번 LPR OK 전송
[14:55:31] Ping 시간 체크1-168153296
[14:55:31] Ping 시간 체크2-168153296
[14:55:31] 12번 LPR OK 전송
[14:55:40] Ping 시간 체크1-168161890
[14:55:40] Ping 시간 체크2-168161890
[14:55:40] 11번 LPR OK 전송
[14:56:31] Ping 시간 체크1-168213296
[14:56:31] Ping 시간 체크2-168213296
[14:56:31] 12번 LPR OK 전송
[14:56:40] Ping 시간 체크1-168221890
[14:56:40] Ping 시간 체크2-168221890
[14:56:40] 11번 LPR OK 전송
[14:57:31] Ping 시간 체크1-168273296
[14:57:31] Ping 시간 체크2-168273296
[14:57:31] 12번 LPR OK 전송
[14:57:40] Ping 시간 체크1-168281890
[14:57:40] Ping 시간 체크2-168281890
[14:57:40] 11번 LPR OK 전송
[14:58:31] Ping 시간 체크1-168333296
[14:58:31] Ping 시간 체크2-168333296
[14:58:31] 12번 LPR OK 전송
[14:58:40] Ping 시간 체크1-168341890
[14:58:40] Ping 시간 체크2-168341890
[14:58:40] 11번 LPR OK 전송
[14:59:31] Ping 시간 체크1-168393296
[14:59:31] Ping 시간 체크2-168393296
[14:59:31] 12번 LPR OK 전송
[14:59:40] Ping 시간 체크1-168401890
[14:59:40] Ping 시간 체크2-168401890
[14:59:40] 11번 LPR OK 전송
[15:00:31] Ping 시간 체크1-168453296
[15:00:31] Ping 시간 체크2-168453296
[15:00:31] 12번 LPR OK 전송
[15:00:40] Ping 시간 체크1-168461890
[15:00:40] Ping 시간 체크2-168461890
[15:00:40] 11번 LPR OK 전송
[15:01:31] Ping 시간 체크1-168513296
[15:01:31] Ping 시간 체크2-168513296
[15:01:31] 12번 LPR OK 전송
[15:01:40] Ping 시간 체크1-168521890
[15:01:40] Ping 시간 체크2-168521890
[15:01:40] 11번 LPR OK 전송
[15:02:31] Ping 시간 체크1-168573296
[15:02:31] Ping 시간 체크2-168573296
[15:02:31] 12번 LPR OK 전송
[15:02:31] Ping 시간 체크1-168573296
[15:02:31] Ping 시간 체크2-168573312
[15:02:31] 12번 LPR 시간동기화 전송
[15:02:40] Ping 시간 체크1-168581890
[15:02:40] Ping 시간 체크2-168581890
[15:02:40] 11번 LPR OK 전송
[15:03:31] Ping 시간 체크1-168633296
[15:03:31] Ping 시간 체크2-168633296
[15:03:31] 12번 LPR OK 전송
[15:03:40] Ping 시간 체크1-168641890
[15:03:40] Ping 시간 체크2-168641890
[15:03:40] 11번 LPR OK 전송
[15:04:31] Ping 시간 체크1-168693296
[15:04:31] Ping 시간 체크2-168693296
[15:04:31] 12번 LPR OK 전송
[15:04:40] Ping 시간 체크1-168701890
[15:04:40] Ping 시간 체크2-168701890
[15:04:40] 11번 LPR OK 전송
[15:05:31] Ping 시간 체크1-168753296
[15:05:31] Ping 시간 체크2-168753296
[15:05:31] 12번 LPR OK 전송
[15:05:40] Ping 시간 체크1-168761890
[15:05:40] Ping 시간 체크2-168761890
[15:05:40] 11번 LPR OK 전송
[15:06:31] Ping 시간 체크1-168813296
[15:06:31] Ping 시간 체크2-168813296
[15:06:31] 12번 LPR OK 전송
[15:06:40] Ping 시간 체크1-168821890
[15:06:40] Ping 시간 체크2-168821890
[15:06:40] 11번 LPR OK 전송
[15:07:31] Ping 시간 체크1-168873296
[15:07:31] Ping 시간 체크2-168873296
[15:07:31] 12번 LPR OK 전송
[15:07:40] Ping 시간 체크1-168881890
[15:07:40] Ping 시간 체크2-168881890
[15:07:40] 11번 LPR OK 전송
[15:08:31] Ping 시간 체크1-168933296
[15:08:31] Ping 시간 체크2-168933296
[15:08:31] 12번 LPR OK 전송
[15:08:40] Ping 시간 체크1-168941890
[15:08:40] Ping 시간 체크2-168941890
[15:08:40] 11번 LPR OK 전송
[15:09:31] Ping 시간 체크1-168993296
[15:09:31] Ping 시간 체크2-168993296
[15:09:31] 12번 LPR OK 전송
[15:09:40] Ping 시간 체크1-169001890
[15:09:40] Ping 시간 체크2-169001890
[15:09:40] 11번 LPR OK 전송
[15:10:31] Ping 시간 체크1-169053296
[15:10:31] Ping 시간 체크2-169053296
[15:10:31] 12번 LPR OK 전송
[15:10:40] Ping 시간 체크1-169061890
[15:10:40] Ping 시간 체크2-169061890
[15:10:40] 11번 LPR OK 전송
[15:11:31] Ping 시간 체크1-169113296
[15:11:31] Ping 시간 체크2-169113296
[15:11:31] 12번 LPR OK 전송
[15:11:40] Ping 시간 체크1-169121890
[15:11:40] Ping 시간 체크2-169121890
[15:11:40] 11번 LPR OK 전송
[15:12:31] Ping 시간 체크1-169173296
[15:12:31] Ping 시간 체크2-169173296
[15:12:31] 12번 LPR OK 전송
[15:12:40] Ping 시간 체크1-169181890
[15:12:40] Ping 시간 체크2-169181906
[15:12:40] 11번 LPR OK 전송
[15:13:31] Ping 시간 체크1-169233296
[15:13:31] Ping 시간 체크2-169233296
[15:13:31] 12번 LPR OK 전송
[15:13:40] Ping 시간 체크1-169241890
[15:13:40] Ping 시간 체크2-169241890
[15:13:40] 11번 LPR OK 전송
[15:14:31] Ping 시간 체크1-169293296
[15:14:31] Ping 시간 체크2-169293296
[15:14:31] 12번 LPR OK 전송
[15:14:40] Ping 시간 체크1-169301890
[15:14:40] Ping 시간 체크2-169301890
[15:14:40] 11번 LPR OK 전송
[15:15:31] Ping 시간 체크1-169353296
[15:15:31] Ping 시간 체크2-169353296
[15:15:31] 12번 LPR OK 전송
[15:15:40] Ping 시간 체크1-169361890
[15:15:40] Ping 시간 체크2-169361890
[15:15:40] 11번 LPR OK 전송
[15:16:31] Ping 시간 체크1-169413296
[15:16:31] Ping 시간 체크2-169413296
[15:16:31] 12번 LPR OK 전송
[15:16:40] Ping 시간 체크1-169421890
[15:16:40] Ping 시간 체크2-169421906
[15:16:40] 11번 LPR OK 전송
[15:17:31] Ping 시간 체크1-169473296
[15:17:31] Ping 시간 체크2-169473296
[15:17:31] 12번 LPR OK 전송
[15:17:40] Ping 시간 체크1-169481890
[15:17:40] Ping 시간 체크2-169481890
[15:17:40] 11번 LPR OK 전송
[15:18:31] Ping 시간 체크1-169533296
[15:18:31] Ping 시간 체크2-169533296
[15:18:31] 12번 LPR OK 전송
[15:18:40] Ping 시간 체크1-169541890
[15:18:40] Ping 시간 체크2-169541890
[15:18:40] 11번 LPR OK 전송
[15:19:31] Ping 시간 체크1-169593296
[15:19:31] Ping 시간 체크2-169593296
[15:19:31] 12번 LPR OK 전송
[15:19:40] Ping 시간 체크1-169601890
[15:19:40] Ping 시간 체크2-169601890
[15:19:40] 11번 LPR OK 전송
[15:20:31] Ping 시간 체크1-169653296
[15:20:31] Ping 시간 체크2-169653296
[15:20:31] 12번 LPR OK 전송
[15:20:40] Ping 시간 체크1-169661890
[15:20:40] Ping 시간 체크2-169661890
[15:20:40] 11번 LPR OK 전송
[15:21:31] Ping 시간 체크1-169713296
[15:21:31] Ping 시간 체크2-169713312
[15:21:31] 12번 LPR OK 전송
[15:21:40] Ping 시간 체크1-169721890
[15:21:40] Ping 시간 체크2-169721890
[15:21:40] 11번 LPR OK 전송
[15:22:31] Ping 시간 체크1-169773296
[15:22:31] Ping 시간 체크2-169773296
[15:22:31] 12번 LPR OK 전송
[15:22:40] Ping 시간 체크1-169781890
[15:22:40] Ping 시간 체크2-169781890
[15:22:40] 11번 LPR OK 전송
[15:23:31] Ping 시간 체크1-169833296
[15:23:31] Ping 시간 체크2-169833296
[15:23:31] 12번 LPR OK 전송
[15:23:40] Ping 시간 체크1-169841890
[15:23:40] Ping 시간 체크2-169841890
[15:23:40] 11번 LPR OK 전송
[15:24:31] Ping 시간 체크1-169893296
[15:24:31] Ping 시간 체크2-169893296
[15:24:31] 12번 LPR OK 전송
[15:24:40] Ping 시간 체크1-169901890
[15:24:40] Ping 시간 체크2-169901906
[15:24:40] 11번 LPR OK 전송
[15:25:28] Program Close
