[14:04:24] Program Start!
[14:04:26] 근무시작: 배은화
[14:04:26] 영수증프린터 포트오픈 에러: ie_BadId - Specified comport doesn't exist
[14:04:26] Ping 시간 체크1-19369187
[14:04:26] Ping 시간 체크2-19369203
[14:04:26] Ping 시간 체크1-19369203
[14:04:26] Ping 시간 체크2-19369218
[14:04:26] Ping 시간 체크1-19369234
[14:04:26] Ping 시간 체크2-19369250
[14:04:26] Ping 시간 체크1-19369250
[14:04:26] Ping 시간 체크2-19369265
[14:04:27] LPR11 Recv: 172.16.83.1
[14:04:27] LPR12 Recv: 172.16.83.1
[14:04:27] LPR12 Recv: LPR_N
[14:04:28] LPR12 Recv: LPR_N
[14:04:28] LPR11 Recv: LPR_R
[14:04:28] 시간동기화 전송
[14:04:29] LPR11 Recv: LPR_N
[14:04:30] Ping 시간 체크1-19373156
[14:04:30] Ping 시간 체크2-19373171
[14:04:32] Ping 시간 체크1-19374656
[14:04:32] Ping 시간 체크2-19374656
[14:04:32] 출구차단기 Open
[14:04:32] Ping 시간 체크1-19374671
[14:04:32] Ping 시간 체크2-19374671
[14:04:32] LPR12 Recv: LPR_N
[14:04:34] LPR11 Recv: LPR_N
[14:04:37] LPR12 Recv: LPR_N
[14:04:40] LPR11 Recv: LPR_N
[14:04:42] LPR12 Recv: LPR_N
[14:04:45] LPR11 Recv: LPR_N
[14:04:48] LPR12 Recv: LPR_N
[14:04:50] LPR11 Recv: LPR_N
[14:04:53] LPR12 Recv: LPR_N
[14:04:55] LPR11 Recv: LPR_N
[14:04:58] LPR12 Recv: LPR_N
[14:05:01] LPR11 Recv: LPR_N
[14:05:03] LPR12 Recv: LPR_N
[14:05:06] LPR11 Recv: LPR_N
[14:05:08] LPR12 Recv: LPR_N
[14:05:11] LPR11 Recv: LPR_N
[14:05:14] LPR12 Recv: LPR_N
[14:05:16] LPR11 Recv: LPR_N
[14:05:19] LPR12 Recv: LPR_N
[14:05:21] LPR11 Recv: LPR_N
[14:05:24] LPR12 Recv: LPR_N
[14:05:27] LPR11 Recv: LPR_N
[14:05:29] LPR12 Recv: LPR_N
[14:05:32] LPR11 Recv: LPR_N
[14:05:35] LPR12 Recv: LPR_N
[14:05:37] LPR11 Recv: LPR_N
[14:05:40] LPR12 Recv: LPR_N
[14:05:42] LPR11 Recv: LPR_N
[14:05:45] LPR12 Recv: LPR_N
[14:05:48] LPR11 Recv: LPR_N
[14:05:50] LPR12 Recv: LPR_N
[14:05:53] LPR11 Recv: LPR_N
[14:05:54] LPR11 Recv: CH1#31로6819#N#\2014\09\16\CH1_20140916140553_31로6819.jpg
[14:05:54] LPR Check: 31로6819,http://172.16.66.33:9080/MSImage/2014/09/16/CH1_20140916140553_31로6819.jpg,1,,,0, 2014-09-16 14:05:53
[14:05:54] File: \\172.16.66.33\MSImage\2014\09\16\CH1_20140916140553_31로6819.jpg
[14:05:54] 정기차량시작: 31로6819, 
[14:05:54] Ping 시간 체크1-19456734
[14:05:54] Ping 시간 체크2-19456750
[14:05:54] Ping 시간 체크1-19456750
[14:05:54] Ping 시간 체크2-19456765
[14:05:54] 입구차단기 Open
[14:05:54] 정기차량처리: 31로6819, 
[14:05:55] LPR12 Recv: LPR_N
[14:05:58] LPR11 Recv: LPR_N
[14:06:01] LPR12 Recv: LPR_N
[14:06:03] LPR11 Recv: LPR_N
[14:06:06] LPR12 Recv: LPR_N
[14:06:09] LPR11 Recv: LPR_N
[14:06:11] LPR12 Recv: LPR_N
[14:06:14] LPR11 Recv: LPR_N
[14:06:16] LPR12 Recv: LPR_N
[14:06:19] LPR11 Recv: LPR_N
[14:06:22] LPR12 Recv: LPR_N
[14:06:24] LPR11 Recv: LPR_N
[14:06:27] LPR12 Recv: LPR_N
[14:06:29] LPR11 Recv: LPR_N
[14:06:32] LPR12 Recv: LPR_N
[14:06:35] LPR11 Recv: LPR_N
[14:06:37] LPR12 Recv: LPR_N
[14:06:40] LPR11 Recv: LPR_N
[14:06:43] LPR12 Recv: LPR_N
[14:06:46] LPR11 Recv: LPR_N
[14:06:48] LPR12 Recv: LPR_N
[14:06:51] LPR11 Recv: LPR_N
[14:06:53] LPR12 Recv: LPR_N
[14:06:56] LPR11 Recv: LPR_N
[14:06:58] LPR12 Recv: LPR_N
[14:07:01] LPR11 Recv: LPR_N
[14:07:03] LPR12 Recv: LPR_N
[14:07:07] LPR11 Recv: LPR_N
[14:07:09] LPR12 Recv: LPR_N
[14:07:12] LPR11 Recv: LPR_N
[14:07:14] LPR12 Recv: LPR_N
[14:07:17] LPR11 Recv: LPR_N
[14:07:19] LPR12 Recv: LPR_N
[14:07:22] LPR11 Recv: LPR_N
[14:07:24] LPR12 Recv: LPR_N
[14:07:27] LPR11 Recv: LPR_N
[14:07:30] LPR12 Recv: LPR_N
[14:07:33] LPR11 Recv: LPR_N
[14:07:35] LPR12 Recv: LPR_N
[14:07:38] LPR11 Recv: LPR_N
[14:07:40] LPR12 Recv: LPR_N
[14:07:43] LPR11 Recv: LPR_N
[14:07:45] LPR12 Recv: LPR_N
[14:07:48] LPR11 Recv: LPR_N
[14:07:50] LPR12 Recv: LPR_N
[14:07:54] LPR11 Recv: LPR_N
[14:07:56] LPR12 Recv: LPR_N
[14:07:59] LPR11 Recv: LPR_N
[14:08:01] LPR12 Recv: LPR_N
[14:08:04] LPR11 Recv: LPR_N
[14:08:06] LPR12 Recv: LPR_N
[14:08:09] LPR11 Recv: LPR_N
[14:08:11] LPR12 Recv: LPR_N
[14:08:14] LPR11 Recv: LPR_N
[14:08:17] LPR12 Recv: LPR_N
[14:08:20] LPR11 Recv: LPR_N
[14:08:22] LPR12 Recv: LPR_N
[14:08:25] LPR11 Recv: LPR_N
[14:08:27] LPR12 Recv: LPR_N
[14:08:30] LPR11 Recv: LPR_N
[14:08:32] LPR12 Recv: LPR_N
[14:08:36] LPR11 Recv: LPR_N
[14:08:38] LPR12 Recv: LPR_N
[14:08:41] LPR11 Recv: LPR_N
[14:08:43] LPR12 Recv: LPR_N
[14:08:46] LPR11 Recv: LPR_N
[14:08:48] LPR12 Recv: LPR_N
[14:08:52] LPR11 Recv: LPR_N
[14:08:53] LPR12 Recv: LPR_N
[14:08:57] LPR11 Recv: LPR_N
[14:08:58] LPR12 Recv: LPR_N
[14:08:59] LPR11 Recv: LPR_N
[14:08:59] LPR12 Recv: LPR_N
[14:09:01] LPR11 Recv: CH1#31로6819#N#\2014\09\16\CH1_20140916140901_31로6819.jpg
[14:09:01] LPR Check: 31로6819,http://172.16.66.33:9080/MSImage/2014/09/16/CH1_20140916140901_31로6819.jpg,1,,,0, 2014-09-16 14:09:01
[14:09:01] File: \\172.16.66.33\MSImage\2014\09\16\CH1_20140916140901_31로6819.jpg
[14:09:01] 정기차량시작: 31로6819, 
[14:09:01] Ping 시간 체크1-19643968
[14:09:01] Ping 시간 체크2-19643968
[14:09:01] Ping 시간 체크1-19643968
[14:09:01] Ping 시간 체크2-19643984
[14:09:01] 입구차단기 Open
[14:09:01] 정기차량처리: 31로6819, 
[14:09:02] LPR11 Recv: LPR_N
[14:09:04] LPR12 Recv: LPR_N
[14:09:07] LPR11 Recv: LPR_N
[14:09:09] LPR12 Recv: LPR_N
[14:09:10] LPR11 Recv: LPR_R
[14:09:10] 시간동기화 전송
[14:09:14] LPR12 Recv: LPR_N
[14:09:16] LPR11 Recv: CH1#31로6819#N#\2014\09\16\CH1_20140916140916_31로6819.jpg
[14:09:16] LPR Check: 31로6819,http://172.16.66.33:9080/MSImage/2014/09/16/CH1_20140916140916_31로6819.jpg,1,,,0, 2014-09-16 14:09:16
[14:09:16] File: \\172.16.66.33\MSImage\2014\09\16\CH1_20140916140916_31로6819.jpg
[14:09:16] 정기차량시작: 31로6819, 
[14:09:17] Ping 시간 체크1-19659390
[14:09:17] Ping 시간 체크2-19659390
[14:09:17] Ping 시간 체크1-19659406
[14:09:17] Ping 시간 체크2-19659406
[14:09:17] 입구차단기 Open
[14:09:17] 정기차량처리: 31로6819, 
[14:09:19] LPR12 Recv: LPR_N
[14:09:25] LPR12 Recv: LPR_N
[14:09:30] LPR12 Recv: LPR_N
[14:09:32] LPR11 Recv: CH1#31로6819#N#\2014\09\16\CH1_20140916140931_31로6819.jpg
[14:09:32] LPR Check: 31로6819,http://172.16.66.33:9080/MSImage/2014/09/16/CH1_20140916140931_31로6819.jpg,1,,,0, 2014-09-16 14:09:31
[14:09:32] File: \\172.16.66.33\MSImage\2014\09\16\CH1_20140916140931_31로6819.jpg
[14:09:32] 정기차량시작: 31로6819, 
[14:09:32] Ping 시간 체크1-19674828
[14:09:32] Ping 시간 체크2-19674843
[14:09:32] Ping 시간 체크1-19674843
[14:09:32] Ping 시간 체크2-19674843
[14:09:32] 입구차단기 Open
[14:09:32] 정기차량처리: 31로6819, 
[14:09:35] LPR12 Recv: LPR_N
[14:09:40] LPR12 Recv: LPR_N
[14:09:45] LPR12 Recv: LPR_N
[14:09:51] LPR12 Recv: LPR_N
[14:09:55] LPR12 Recv: LPR_N
[14:09:55] LPR11 Recv: LPR_R
[14:09:55] 시간동기화 전송
[14:09:56] LPR12 Recv: LPR_N
[14:10:00] LPR11 Recv: CH1#31로6833#N#\2014\09\16\CH1_20140916140914_31로6833.jpg
[14:10:00] LPR Check: 31로6833,http://172.16.66.33:9080/MSImage/2014/09/16/CH1_20140916140914_31로6833.jpg,1,,,0, 2014-09-16 14:09:14
[14:10:00] File: \\172.16.66.33\MSImage\2014\09\16\CH1_20140916140914_31로6833.jpg
[14:10:00] 일반차량: 31로6833, 
[14:10:00] Ping 시간 체크1-19703218
[14:10:00] Ping 시간 체크2-19703218
[14:10:00] Ping 시간 체크1-19703218
[14:10:00] Ping 시간 체크2-19703234
[14:10:00] 입구차단기 Open
[14:10:00] 일반차량입차: 31로6833, 
[14:10:01] LPR12 Recv: LPR_N
[14:10:06] LPR12 Recv: LPR_N
[14:10:12] LPR12 Recv: LPR_N
[14:10:17] LPR12 Recv: LPR_N
[14:10:22] LPR12 Recv: LPR_N
[14:10:27] LPR12 Recv: LPR_N
[14:10:33] LPR12 Recv: LPR_N
[14:10:38] LPR12 Recv: LPR_N
[14:10:43] LPR12 Recv: LPR_N
[14:10:48] LPR12 Recv: LPR_N
[14:10:53] LPR12 Recv: LPR_N
[14:10:59] LPR12 Recv: LPR_N
[14:11:00] Ping 시간 체크1-19763234
[14:11:00] Ping 시간 체크2-19763234
[14:11:00] 11번 LPR OK 전송
[14:11:04] LPR12 Recv: LPR_N
[14:11:09] LPR12 Recv: LPR_N
[14:11:14] LPR12 Recv: LPR_N
[14:11:20] LPR12 Recv: LPR_N
[14:11:25] LPR12 Recv: LPR_N
[14:11:30] LPR12 Recv: LPR_N
[14:11:35] LPR12 Recv: LPR_N
[14:11:40] LPR12 Recv: LPR_N
[14:11:46] LPR12 Recv: LPR_N
[14:11:51] LPR12 Recv: LPR_N
[14:11:56] LPR12 Recv: LPR_N
[14:12:00] Ping 시간 체크1-19823234
[14:12:00] Ping 시간 체크2-19823234
[14:12:00] 11번 LPR OK 전송
[14:12:01] LPR12 Recv: LPR_N
[14:12:07] LPR12 Recv: LPR_N
[14:12:12] LPR12 Recv: LPR_N
[14:12:17] LPR12 Recv: LPR_N
[14:12:22] LPR12 Recv: LPR_N
[14:12:28] LPR12 Recv: LPR_N
[14:12:33] LPR12 Recv: LPR_N
[14:12:38] LPR12 Recv: LPR_N
[14:12:43] LPR12 Recv: LPR_N
[14:12:48] LPR12 Recv: LPR_N
[14:12:54] LPR12 Recv: LPR_N
[14:12:59] LPR12 Recv: LPR_N
[14:13:00] Ping 시간 체크1-19883234
[14:13:00] Ping 시간 체크2-19883234
[14:13:00] 11번 LPR OK 전송
[14:13:04] LPR12 Recv: LPR_N
[14:13:09] LPR12 Recv: LPR_N
[14:13:15] LPR12 Recv: LPR_N
[14:13:20] LPR12 Recv: LPR_N
[14:13:25] LPR12 Recv: LPR_N
[14:13:30] LPR12 Recv: LPR_N
[14:13:35] LPR12 Recv: LPR_N
[14:13:41] LPR12 Recv: LPR_N
[14:13:46] LPR12 Recv: LPR_N
[14:13:51] LPR12 Recv: LPR_N
[14:13:56] LPR12 Recv: LPR_N
[14:14:00] Ping 시간 체크1-19943234
[14:14:00] Ping 시간 체크2-19943234
[14:14:00] 11번 LPR OK 전송
[14:14:02] LPR12 Recv: LPR_N
[14:14:07] LPR12 Recv: LPR_N
[14:14:12] LPR12 Recv: LPR_N
[14:14:17] LPR12 Recv: LPR_N
[14:14:23] LPR12 Recv: LPR_N
[14:14:28] LPR12 Recv: LPR_N
[14:14:33] LPR12 Recv: LPR_N
[14:14:38] LPR12 Recv: LPR_N
[14:14:43] LPR12 Recv: LPR_N
[14:14:49] LPR12 Recv: LPR_N
[14:14:54] LPR12 Recv: LPR_N
[14:14:59] LPR12 Recv: LPR_N
[14:15:00] Ping 시간 체크1-20003234
[14:15:00] Ping 시간 체크2-20003234
[14:15:00] 11번 LPR OK 전송
[14:15:04] LPR12 Recv: LPR_N
[14:15:10] LPR12 Recv: LPR_N
[14:15:15] LPR12 Recv: LPR_N
[14:15:20] LPR12 Recv: LPR_N
[14:15:25] LPR12 Recv: LPR_N
[14:15:29] LPR11 Recv: LPR_R
[14:15:29] 시간동기화 전송
[14:15:29] LPR12 Recv: LPR_N
[14:15:30] LPR11 Recv: LPR_N
[14:15:30] LPR12 Recv: LPR_N
[14:15:35] LPR11 Recv: LPR_N
[14:15:36] LPR12 Recv: LPR_N
[14:15:40] LPR11 Recv: LPR_N
[14:15:41] LPR12 Recv: LPR_N
[14:15:46] LPR11 Recv: LPR_N
[14:15:46] LPR12 Recv: LPR_N
[14:15:51] LPR11 Recv: LPR_N
[14:15:51] LPR12 Recv: LPR_N
[14:15:56] LPR11 Recv: LPR_N
[14:15:57] LPR12 Recv: LPR_N
[14:16:01] LPR11 Recv: LPR_N
[14:16:02] LPR12 Recv: LPR_N
[14:16:06] LPR11 Recv: LPR_N
[14:16:07] LPR12 Recv: LPR_N
[14:16:12] LPR11 Recv: LPR_N
[14:16:12] LPR12 Recv: LPR_N
[14:16:17] LPR11 Recv: LPR_N
[14:16:18] LPR12 Recv: LPR_N
[14:16:22] LPR11 Recv: LPR_N
[14:16:23] LPR12 Recv: LPR_N
[14:16:27] LPR11 Recv: LPR_N
[14:16:28] LPR11 Recv: CH1#12로6833#N#\2014\09\16\CH1_20140916141627_12로6833.jpg
[14:16:28] LPR Check: 12로6833,http://172.16.66.33:9080/MSImage/2014/09/16/CH1_20140916141627_12로6833.jpg,1,,,0, 2014-09-16 14:16:27
[14:16:28] File: \\172.16.66.33\MSImage\2014\09\16\CH1_20140916141627_12로6833.jpg
[14:16:28] 일반차량: 12로6833, 
[14:16:28] Ping 시간 체크1-20090593
[14:16:28] Ping 시간 체크2-20090593
[14:16:28] Ping 시간 체크1-20090593
[14:16:28] Ping 시간 체크2-20090609
[14:16:28] 입구차단기 Open
[14:16:28] 일반차량입차: 12로6833, 
[14:16:28] LPR12 Recv: LPR_N
[14:16:33] LPR11 Recv: LPR_N
[14:16:33] LPR12 Recv: LPR_N
[14:16:38] LPR11 Recv: LPR_N
[14:16:38] LPR12 Recv: LPR_N
[14:16:44] LPR11 Recv: LPR_N
[14:16:44] LPR12 Recv: LPR_N
[14:16:49] LPR11 Recv: LPR_N
[14:16:49] LPR12 Recv: LPR_N
[14:16:52] LPR11 Recv: LPR_R
[14:16:52] 시간동기화 전송
[14:16:54] LPR12 Recv: LPR_N
[14:16:59] LPR12 Recv: LPR_N
[14:17:05] LPR12 Recv: LPR_N
[14:17:10] LPR12 Recv: LPR_N
[14:17:15] LPR12 Recv: LPR_N
[14:17:20] LPR12 Recv: LPR_N
[14:17:25] LPR12 Recv: LPR_N
[14:17:31] LPR12 Recv: LPR_N
[14:17:36] LPR12 Recv: LPR_N
[14:17:41] LPR12 Recv: LPR_N
[14:17:46] LPR12 Recv: LPR_N
[14:17:52] Ping 시간 체크1-20174453
[14:17:52] Ping 시간 체크2-20174453
[14:17:52] 11번 LPR OK 전송
[14:17:52] LPR12 Recv: LPR_N
[14:17:57] LPR12 Recv: LPR_N
[14:18:02] LPR12 Recv: LPR_N
[14:18:07] LPR12 Recv: LPR_N
[14:18:13] LPR12 Recv: LPR_N
[14:18:18] LPR12 Recv: LPR_N
[14:18:23] LPR12 Recv: LPR_N
[14:18:28] LPR12 Recv: LPR_N
[14:18:28] LPR11 Recv: CH1#11로1111#N#\2014\09\16\CH1_20140916141705_11로1111.jpg
[14:18:28] LPR Check: 11로1111,http://172.16.66.33:9080/MSImage/2014/09/16/CH1_20140916141705_11로1111.jpg,1,,,0, 2014-09-16 14:17:05
[14:18:28] File: \\172.16.66.33\MSImage\2014\09\16\CH1_20140916141705_11로1111.jpg
[14:18:28] 정기차량시작: 11로1111, 
[14:18:28] Ping 시간 체크1-20211218
[14:18:28] Ping 시간 체크2-20211234
[14:18:28] Ping 시간 체크1-20211234
[14:18:28] Ping 시간 체크2-20211250
[14:18:28] 입구차단기 Open
[14:18:28] 정기차량처리: 11로1111, 
[14:18:33] LPR12 Recv: LPR_N
[14:18:39] LPR12 Recv: LPR_N
[14:18:44] LPR12 Recv: LPR_N
[14:18:49] LPR12 Recv: LPR_N
[14:18:54] LPR12 Recv: LPR_N
[14:19:00] LPR12 Recv: LPR_N
[14:19:05] LPR12 Recv: LPR_N
[14:19:10] LPR12 Recv: LPR_N
[14:19:15] LPR12 Recv: LPR_N
[14:19:20] LPR12 Recv: LPR_N
[14:19:25] LPR11 Recv: CH1#11로1111#N#\2014\09\16\CH1_20140916141801_11로1111.jpg
[14:19:25] LPR Check: 11로1111,http://172.16.66.33:9080/MSImage/2014/09/16/CH1_20140916141801_11로1111.jpg,1,,,0, 2014-09-16 14:18:01
[14:19:25] File: \\172.16.66.33\MSImage\2014\09\16\CH1_20140916141801_11로1111.jpg
[14:19:25] 정기차량시작: 11로1111, 
[14:19:25] Ping 시간 체크1-20267656
[14:19:25] Ping 시간 체크2-20267656
[14:19:25] Ping 시간 체크1-20267656
[14:19:25] Ping 시간 체크2-20267671
[14:19:25] 입구차단기 Open
[14:19:25] 정기차량처리: 11로1111, 
[14:19:26] LPR12 Recv: LPR_N
[14:19:31] LPR12 Recv: LPR_N
[14:19:36] LPR12 Recv: LPR_N
[14:19:41] LPR12 Recv: LPR_N
[14:19:47] LPR12 Recv: LPR_N
[14:19:52] LPR12 Recv: LPR_N
[14:19:56] LPR11 Recv: LPR_R
[14:19:56] 시간동기화 전송
[14:19:56] LPR12 Recv: LPR_N
[14:19:57] LPR11 Recv: LPR_N
[14:19:57] LPR12 Recv: LPR_N
[14:20:02] LPR12 Recv: LPR_N
[14:20:03] LPR11 Recv: LPR_N
[14:20:08] LPR11 Recv: LPR_N
[14:20:08] LPR12 Recv: LPR_N
[14:20:13] LPR12 Recv: LPR_N
[14:20:13] LPR11 Recv: LPR_N
[14:20:18] LPR12 Recv: LPR_N
[14:20:18] LPR11 Recv: LPR_N
[14:20:23] LPR12 Recv: LPR_N
[14:20:24] LPR11 Recv: LPR_N
[14:20:26] LPR11 Recv: CH1#11로1361#N#\2014\09\16\CH1_20140916142026_11로1361.jpg
[14:20:26] LPR Check: 11로1361,http://172.16.66.33:9080/MSImage/2014/09/16/CH1_20140916142026_11로1361.jpg,1,,,0, 2014-09-16 14:20:26
[14:20:26] File: \\172.16.66.33\MSImage\2014\09\16\CH1_20140916142026_11로1361.jpg
[14:20:26] 일반차량: 11로1361, 
[14:20:26] Ping 시간 체크1-20329015
[14:20:26] Ping 시간 체크2-20329015
[14:20:26] Ping 시간 체크1-20329015
[14:20:26] Ping 시간 체크2-20329031
[14:20:26] 입구차단기 Open
[14:20:26] 일반차량입차: 11로1361, 
[14:20:28] LPR12 Recv: LPR_N
[14:20:29] LPR11 Recv: LPR_N
[14:20:34] LPR12 Recv: LPR_N
[14:20:34] LPR11 Recv: LPR_N
[14:20:39] LPR12 Recv: LPR_N
[14:20:39] LPR11 Recv: LPR_N
[14:20:44] LPR11 Recv: LPR_N
[14:20:44] LPR12 Recv: LPR_N
[14:20:48] Program Close
[14:27:59] Program Start!
[14:28:00] 근무시작: 배은화
[14:28:00] 영수증프린터 포트오픈 에러: ie_BadId - Specified comport doesn't exist
[14:28:00] Ping 시간 체크1-20783078
[14:28:00] Ping 시간 체크2-20783093
[14:28:00] Ping 시간 체크1-20783093
[14:28:00] Ping 시간 체크2-20783109
[14:28:00] Ping 시간 체크1-20783109
[14:28:00] Ping 시간 체크2-20783125
[14:28:00] Ping 시간 체크1-20783140
[14:28:00] Ping 시간 체크2-20783156
[14:28:00] LPR11 Recv: 172.16.83.1
[14:28:00] LPR12 Recv: 172.16.83.1
[14:28:02] LPR12 Recv: LPR_N
[14:28:02] LPR11 Recv: LPR_R
[14:28:02] 시간동기화 전송
[14:28:04] LPR12 Recv: LPR_N
[14:28:09] LPR12 Recv: LPR_N
[14:28:14] LPR12 Recv: LPR_N
[14:28:19] LPR12 Recv: LPR_N
[14:28:25] LPR12 Recv: LPR_N
[14:28:30] LPR12 Recv: LPR_N
[14:28:35] LPR12 Recv: LPR_N
[14:28:40] LPR12 Recv: LPR_N
[14:28:44] LPR12 Recv: CH1#31로6819#N#\2014\09\16\CH1_20140916142749_31로6819.jpg
[14:28:44] LPR Check: 31로6819,http://172.16.66.34:9080/MSImage/2014/09/16/CH1_20140916142749_31로6819.jpg,1,,,0, 2014-09-16 14:27:49
[14:28:44] File: \\172.16.66.34\MSImage\2014\09\16\CH1_20140916142749_31로6819.jpg
[14:28:44] 정기차량시작: 31로6819, 
[14:28:44] Ping 시간 체크1-20826484
[14:28:44] Ping 시간 체크2-20826500
[14:28:44] File 없음: \\172.16.66.34\MSImage\2014\09\16\CH1_20140916142749_31로6819.jpg
[14:28:44] File: 66.33\MSImage\2014\09\16\CH1_20140916142119_31로6819.jpg
[14:28:44] Ping 시간 체크1-20826531
[14:28:44] Ping 시간 체크2-20826531
[14:28:44] File 없음: 66.33\MSImage\2014\09\16\CH1_20140916142119_31로6819.jpg
[14:28:44] Ping 시간 체크1-20826546
[14:28:44] Ping 시간 체크2-20826546
[14:28:44] Ping 시간 체크1-20826546
[14:28:44] Ping 시간 체크2-20826562
[14:28:44] 출구차단기 Open
[14:28:44] 정기차량처리: 31로6819, 
[14:28:46] LPR12 Recv: LPR_N
[14:28:51] LPR12 Recv: LPR_N
[14:28:56] LPR12 Recv: LPR_N
[14:29:01] LPR12 Recv: LPR_N
[14:29:02] Ping 시간 체크1-20844937
[14:29:02] Ping 시간 체크2-20844937
[14:29:02] 11번 LPR OK 전송
[14:29:06] LPR12 Recv: LPR_N
[14:29:12] LPR12 Recv: LPR_N
[14:29:17] LPR12 Recv: LPR_N
[14:29:22] LPR12 Recv: LPR_N
[14:29:27] LPR12 Recv: LPR_N
[14:29:33] LPR12 Recv: LPR_N
[14:29:38] LPR12 Recv: LPR_N
[14:29:43] LPR12 Recv: LPR_N
[14:29:48] LPR12 Recv: LPR_N
[14:29:54] LPR12 Recv: LPR_N
[14:29:59] LPR12 Recv: LPR_N
[14:30:02] Ping 시간 체크1-20904937
[14:30:02] Ping 시간 체크2-20904953
[14:30:02] 11번 LPR OK 전송
[14:30:04] LPR12 Recv: LPR_N
[14:30:05] Program Close
[14:36:58] Program Start!
[14:37:00] 근무시작: 배은화
[14:37:00] 영수증프린터 포트오픈 에러: ie_BadId - Specified comport doesn't exist
[14:37:00] Ping 시간 체크1-21322859
[14:37:00] Ping 시간 체크2-21322875
[14:37:00] Ping 시간 체크1-21322875
[14:37:00] Ping 시간 체크2-21322890
[14:37:00] Ping 시간 체크1-21322890
[14:37:00] Ping 시간 체크2-21322906
[14:37:00] Ping 시간 체크1-21322906
[14:37:00] Ping 시간 체크2-21322921
[14:37:00] LPR12 Recv: 172.16.83.1
[14:37:00] LPR11 Recv: 172.16.83.1
[14:37:01] LPR12 Recv: LPR_N
[14:37:01] LPR11 Recv: LPR_R
[14:37:01] 시간동기화 전송
[14:37:04] LPR12 Recv: LPR_N
[14:37:10] LPR12 Recv: LPR_N
[14:37:11] Ping 시간 체크1-21333781
[14:37:11] Ping 시간 체크2-21333781
[14:37:12] Ping 시간 체크1-21335343
[14:37:12] Ping 시간 체크2-21335343
[14:37:15] LPR12 Recv: LPR_N
[14:37:20] LPR12 Recv: LPR_N
[14:37:26] LPR12 Recv: LPR_N
[14:37:31] LPR12 Recv: LPR_N
[14:37:36] LPR12 Recv: LPR_N
[14:37:41] LPR12 Recv: LPR_N
[14:37:46] LPR12 Recv: LPR_N
[14:37:52] LPR12 Recv: LPR_N
[14:37:57] LPR12 Recv: LPR_N
[14:38:01] Ping 시간 체크1-21384171
[14:38:01] Ping 시간 체크2-21384171
[14:38:01] 11번 LPR OK 전송
[14:38:02] LPR12 Recv: LPR_N
[14:38:07] LPR12 Recv: LPR_N
[14:38:13] LPR12 Recv: LPR_N
[14:38:18] LPR12 Recv: LPR_N
[14:38:23] LPR12 Recv: LPR_N
[14:38:28] LPR12 Recv: LPR_N
[14:38:33] LPR12 Recv: LPR_N
[14:38:39] LPR12 Recv: LPR_N
[14:38:44] LPR12 Recv: LPR_N
[14:38:49] LPR12 Recv: LPR_N
[14:38:54] LPR12 Recv: LPR_N
[14:39:00] LPR12 Recv: LPR_N
[14:39:01] Ping 시간 체크1-21444171
[14:39:01] Ping 시간 체크2-21444171
[14:39:01] 11번 LPR OK 전송
[14:39:05] LPR12 Recv: LPR_N
[14:39:11] LPR12 Recv: LPR_N
[14:39:16] LPR12 Recv: LPR_N
[14:39:21] LPR12 Recv: LPR_N
[14:39:26] LPR12 Recv: LPR_N
[14:39:31] LPR12 Recv: LPR_N
[14:39:37] LPR12 Recv: LPR_N
[14:39:42] LPR12 Recv: LPR_N
[14:39:47] LPR12 Recv: LPR_N
[14:39:52] LPR12 Recv: LPR_N
[14:39:58] LPR12 Recv: LPR_N
[14:40:01] Ping 시간 체크1-21504171
[14:40:01] Ping 시간 체크2-21504171
[14:40:01] 11번 LPR OK 전송
[14:40:03] LPR12 Recv: LPR_N
[14:40:08] LPR12 Recv: LPR_N
[14:40:13] LPR12 Recv: LPR_N
[14:40:19] LPR12 Recv: LPR_N
[14:40:24] LPR12 Recv: LPR_N
[14:40:29] LPR12 Recv: LPR_N
[14:40:34] LPR12 Recv: LPR_N
[14:40:39] LPR12 Recv: LPR_N
[14:40:45] LPR12 Recv: LPR_N
[14:40:50] LPR12 Recv: LPR_N
[14:40:55] LPR12 Recv: LPR_N
[14:41:00] LPR12 Recv: LPR_N
[14:41:01] Ping 시간 체크1-21564171
[14:41:01] Ping 시간 체크2-21564171
[14:41:01] 11번 LPR OK 전송
[14:41:06] LPR12 Recv: LPR_N
[14:41:11] LPR12 Recv: LPR_N
[14:41:17] LPR12 Recv: LPR_N
[14:41:22] LPR12 Recv: LPR_N
[14:41:27] LPR12 Recv: LPR_N
[14:41:32] LPR12 Recv: LPR_N
[14:41:37] LPR12 Recv: LPR_N
[14:41:38] Ping 시간 체크1-21600421
[14:41:38] Ping 시간 체크2-21600421
[14:41:39] Ping 시간 체크1-21601687
[14:41:39] Ping 시간 체크2-21601703
[14:41:40] Ping 시간 체크1-21602562
[14:41:40] Ping 시간 체크2-21602562
[14:41:43] LPR12 Recv: LPR_N
[14:41:48] LPR12 Recv: LPR_N
[14:41:53] LPR12 Recv: LPR_N
[14:41:58] LPR12 Recv: LPR_N
[14:42:01] Ping 시간 체크1-21624171
[14:42:01] Ping 시간 체크2-21624171
[14:42:01] 11번 LPR OK 전송
[14:42:04] LPR12 Recv: LPR_N
[14:42:09] LPR12 Recv: LPR_N
[14:42:14] LPR12 Recv: LPR_N
[14:42:19] LPR12 Recv: LPR_N
[14:42:24] LPR12 Recv: LPR_N
[14:42:30] LPR12 Recv: LPR_N
[14:42:35] LPR12 Recv: LPR_N
[14:42:40] LPR12 Recv: LPR_N
[14:42:45] LPR12 Recv: LPR_N
[14:42:51] LPR12 Recv: LPR_N
[14:42:56] LPR12 Recv: LPR_N
[14:43:01] Ping 시간 체크1-21684171
[14:43:01] Ping 시간 체크2-21684171
[14:43:01] 11번 LPR OK 전송
[14:43:01] LPR12 Recv: LPR_N
[14:43:06] LPR12 Recv: LPR_N
[14:43:12] LPR12 Recv: LPR_N
[14:43:17] LPR12 Recv: LPR_N
[14:43:22] LPR12 Recv: LPR_N
[14:43:28] LPR12 Recv: LPR_N
[14:43:33] LPR12 Recv: LPR_N
[14:43:38] LPR12 Recv: LPR_N
[14:43:43] LPR12 Recv: LPR_N
[14:43:49] LPR12 Recv: LPR_N
[14:43:54] LPR12 Recv: LPR_N
[14:43:59] LPR12 Recv: LPR_N
[14:44:01] Ping 시간 체크1-21744171
[14:44:01] Ping 시간 체크2-21744187
[14:44:01] 11번 LPR OK 전송
[14:44:04] LPR12 Recv: LPR_N
[14:44:10] LPR12 Recv: LPR_N
[14:44:15] LPR12 Recv: LPR_N
[14:44:20] LPR12 Recv: LPR_N
[14:44:25] LPR12 Recv: LPR_N
[14:44:30] LPR12 Recv: LPR_N
[14:44:36] LPR12 Recv: LPR_N
[14:44:41] LPR12 Recv: LPR_N
[14:44:46] LPR12 Recv: LPR_N
[14:44:51] LPR12 Recv: LPR_N
[14:44:57] LPR12 Recv: LPR_N
[14:45:01] Ping 시간 체크1-21804171
[14:45:01] Ping 시간 체크2-21804187
[14:45:01] 11번 LPR OK 전송
[14:45:02] LPR12 Recv: LPR_N
[14:45:07] LPR12 Recv: LPR_N
[14:45:13] LPR12 Recv: LPR_N
[14:45:18] LPR12 Recv: LPR_N
[14:45:23] LPR12 Recv: LPR_N
[14:45:28] LPR12 Recv: LPR_N
[14:45:34] LPR12 Recv: LPR_N
[14:45:39] LPR12 Recv: LPR_N
[14:45:44] LPR12 Recv: LPR_N
[14:45:49] LPR12 Recv: LPR_N
[14:45:55] LPR12 Recv: LPR_N
[14:46:00] LPR12 Recv: LPR_N
[14:46:01] Ping 시간 체크1-21864171
[14:46:01] Ping 시간 체크2-21864171
[14:46:01] 11번 LPR OK 전송
[14:46:05] LPR12 Recv: LPR_N
[14:46:10] LPR12 Recv: LPR_N
[14:46:15] LPR12 Recv: LPR_N
[14:46:21] LPR12 Recv: LPR_N
[14:46:26] LPR12 Recv: LPR_N
[14:46:31] LPR12 Recv: LPR_N
[14:46:36] LPR12 Recv: LPR_N
[14:46:42] LPR12 Recv: LPR_N
[14:46:47] LPR12 Recv: LPR_N
[14:46:52] LPR12 Recv: LPR_N
[14:46:57] LPR12 Recv: LPR_N
[14:47:01] Ping 시간 체크1-21924171
[14:47:01] Ping 시간 체크2-21924187
[14:47:01] 11번 LPR OK 전송
[14:47:03] LPR12 Recv: LPR_N
[14:47:08] LPR12 Recv: LPR_N
[14:47:13] LPR12 Recv: LPR_N
[14:47:19] LPR12 Recv: LPR_N
[14:47:24] LPR12 Recv: LPR_N
[14:47:29] LPR12 Recv: LPR_N
[14:47:34] LPR12 Recv: LPR_N
[14:47:40] LPR12 Recv: LPR_N
[14:47:45] LPR12 Recv: LPR_N
[14:47:50] LPR12 Recv: LPR_N
[14:47:55] LPR12 Recv: LPR_N
[14:48:01] LPR12 Recv: LPR_N
[14:48:01] Ping 시간 체크1-21984171
[14:48:01] Ping 시간 체크2-21984187
[14:48:01] 11번 LPR OK 전송
[14:48:06] LPR12 Recv: LPR_N
[14:48:11] LPR12 Recv: LPR_N
[14:48:16] LPR12 Recv: LPR_N
[14:48:21] LPR12 Recv: LPR_N
[14:48:27] LPR12 Recv: LPR_N
[14:48:32] LPR12 Recv: LPR_N
[14:48:37] LPR12 Recv: LPR_N
[14:48:42] LPR12 Recv: LPR_N
[14:48:48] LPR12 Recv: LPR_N
[14:48:53] LPR12 Recv: LPR_N
[14:48:58] LPR12 Recv: LPR_N
[14:49:01] Ping 시간 체크1-22044171
[14:49:01] Ping 시간 체크2-22044171
[14:49:01] 11번 LPR OK 전송
[14:49:03] LPR12 Recv: LPR_N
[14:49:08] LPR12 Recv: LPR_N
[14:49:14] LPR12 Recv: LPR_N
[14:49:19] LPR12 Recv: LPR_N
[14:49:25] LPR12 Recv: LPR_N
[14:49:30] LPR12 Recv: LPR_N
[14:49:35] LPR12 Recv: LPR_N
[14:49:40] LPR12 Recv: LPR_N
[14:49:46] LPR12 Recv: LPR_N
[14:49:51] LPR12 Recv: LPR_N
[14:49:56] LPR12 Recv: LPR_N
[14:50:01] LPR12 Recv: LPR_N
[14:50:01] Ping 시간 체크1-22104171
[14:50:01] Ping 시간 체크2-22104171
[14:50:01] 11번 LPR OK 전송
[14:50:06] LPR12 Recv: LPR_N
[14:50:12] LPR12 Recv: LPR_N
[14:50:17] LPR12 Recv: LPR_N
[14:50:22] LPR12 Recv: LPR_N
[14:50:27] LPR12 Recv: LPR_N
[14:50:33] LPR12 Recv: LPR_N
[14:50:38] LPR12 Recv: LPR_N
[14:50:43] LPR12 Recv: LPR_N
[14:50:48] LPR12 Recv: LPR_N
[14:50:54] LPR12 Recv: LPR_N
[14:50:59] LPR12 Recv: LPR_N
[14:51:01] Ping 시간 체크1-22164171
[14:51:01] Ping 시간 체크2-22164171
[14:51:01] 11번 LPR OK 전송
[14:51:04] LPR12 Recv: LPR_N
[14:51:09] LPR12 Recv: LPR_N
[14:51:15] LPR12 Recv: LPR_N
[14:51:20] LPR12 Recv: LPR_N
[14:51:25] LPR12 Recv: LPR_N
[14:51:31] LPR12 Recv: LPR_N
[14:51:36] LPR12 Recv: LPR_N
[14:51:41] LPR12 Recv: LPR_N
[14:51:46] LPR12 Recv: LPR_N
[14:51:52] LPR12 Recv: LPR_N
[14:51:57] LPR12 Recv: LPR_N
[14:52:01] Ping 시간 체크1-22224171
[14:52:01] Ping 시간 체크2-22224171
[14:52:01] 11번 LPR OK 전송
[14:52:02] LPR12 Recv: LPR_N
[14:52:07] LPR12 Recv: LPR_N
[14:52:12] LPR12 Recv: LPR_N
[14:52:18] LPR12 Recv: LPR_N
[14:52:23] LPR12 Recv: LPR_N
[14:52:28] LPR12 Recv: LPR_N
[14:52:33] LPR12 Recv: LPR_N
[14:52:39] LPR12 Recv: LPR_N
[14:52:44] LPR12 Recv: LPR_N
[14:52:49] LPR12 Recv: LPR_N
[14:52:54] LPR12 Recv: LPR_N
[14:52:59] LPR12 Recv: LPR_N
[14:53:01] Ping 시간 체크1-22284171
[14:53:01] Ping 시간 체크2-22284171
[14:53:01] 11번 LPR OK 전송
[14:53:05] LPR12 Recv: LPR_N
[14:53:10] LPR12 Recv: LPR_N
[14:53:16] LPR12 Recv: LPR_N
[14:53:21] LPR12 Recv: LPR_N
[14:53:26] LPR12 Recv: LPR_N
[14:53:31] LPR12 Recv: LPR_N
[14:53:37] LPR12 Recv: LPR_N
[14:53:42] LPR12 Recv: LPR_N
[14:53:47] LPR12 Recv: LPR_N
[14:53:52] LPR12 Recv: LPR_N
[14:53:57] LPR12 Recv: LPR_N
[14:54:01] Ping 시간 체크1-22344171
[14:54:01] Ping 시간 체크2-22344171
[14:54:01] 11번 LPR OK 전송
[14:54:03] LPR12 Recv: LPR_N
[14:54:08] LPR12 Recv: LPR_N
[14:54:13] LPR12 Recv: LPR_N
[14:54:18] LPR12 Recv: LPR_N
[14:54:24] LPR12 Recv: LPR_N
[14:54:29] LPR12 Recv: LPR_N
[14:54:34] LPR12 Recv: LPR_N
[14:54:39] LPR12 Recv: LPR_N
[14:54:45] LPR12 Recv: LPR_N
[14:54:50] LPR12 Recv: LPR_N
[14:54:55] LPR12 Recv: LPR_N
[14:55:00] LPR12 Recv: LPR_N
[14:55:01] Ping 시간 체크1-22404171
[14:55:01] Ping 시간 체크2-22404171
[14:55:01] 11번 LPR OK 전송
[14:55:05] LPR12 Recv: LPR_N
[14:55:11] LPR12 Recv: LPR_N
[14:55:16] LPR12 Recv: LPR_N
[14:55:21] LPR12 Recv: LPR_N
[14:55:26] LPR12 Recv: LPR_N
[14:55:32] LPR12 Recv: LPR_N
[14:55:37] LPR12 Recv: LPR_N
[14:55:42] LPR12 Recv: LPR_N
[14:55:47] LPR12 Recv: LPR_N
[14:55:52] LPR12 Recv: LPR_N
[14:55:58] LPR12 Recv: LPR_N
[14:56:01] Ping 시간 체크1-22464171
[14:56:01] Ping 시간 체크2-22464171
[14:56:01] 11번 LPR OK 전송
[14:56:03] LPR12 Recv: LPR_N
[14:56:08] LPR12 Recv: LPR_N
[14:56:13] LPR12 Recv: LPR_N
[14:56:19] LPR12 Recv: LPR_N
[14:56:24] LPR12 Recv: LPR_N
[14:56:29] LPR12 Recv: LPR_N
[14:56:34] LPR12 Recv: LPR_N
[14:56:40] LPR12 Recv: LPR_N
[14:56:45] LPR12 Recv: LPR_N
[14:56:50] LPR12 Recv: LPR_N
[14:56:55] LPR12 Recv: LPR_N
[14:57:00] LPR12 Recv: LPR_N
[14:57:01] Ping 시간 체크1-22524171
[14:57:01] Ping 시간 체크2-22524171
[14:57:01] 11번 LPR OK 전송
[14:57:06] LPR12 Recv: LPR_N
[14:57:11] LPR12 Recv: LPR_N
[14:57:16] LPR12 Recv: LPR_N
[14:57:21] LPR12 Recv: LPR_N
[14:57:27] LPR12 Recv: LPR_N
[14:57:32] LPR12 Recv: LPR_N
[14:57:37] LPR12 Recv: LPR_N
[14:57:42] LPR12 Recv: LPR_N
[14:57:47] LPR12 Recv: LPR_N
[14:57:53] LPR12 Recv: LPR_N
[14:57:58] LPR12 Recv: LPR_N
[14:58:01] Ping 시간 체크1-22584171
[14:58:01] Ping 시간 체크2-22584171
[14:58:01] 11번 LPR OK 전송
[14:58:03] LPR12 Recv: LPR_N
[14:58:08] LPR12 Recv: LPR_N
[14:58:14] LPR12 Recv: LPR_N
[14:58:19] LPR12 Recv: LPR_N
[14:58:24] LPR12 Recv: LPR_N
[14:58:29] LPR12 Recv: LPR_N
[14:58:35] LPR12 Recv: LPR_N
[14:58:40] LPR12 Recv: LPR_N
[14:58:45] LPR12 Recv: LPR_N
[14:58:50] LPR12 Recv: LPR_N
[14:58:55] LPR12 Recv: LPR_N
[14:59:01] LPR12 Recv: LPR_N
[14:59:01] Ping 시간 체크1-22644171
[14:59:01] Ping 시간 체크2-22644171
[14:59:01] 11번 LPR OK 전송
[14:59:06] LPR12 Recv: LPR_N
[14:59:11] LPR12 Recv: LPR_N
[14:59:16] LPR12 Recv: LPR_N
[14:59:22] LPR12 Recv: LPR_N
[14:59:27] LPR12 Recv: LPR_N
[14:59:32] LPR12 Recv: LPR_N
[14:59:37] LPR12 Recv: LPR_N
[14:59:42] LPR12 Recv: LPR_N
[14:59:48] LPR12 Recv: LPR_N
[14:59:53] LPR12 Recv: LPR_N
[14:59:58] LPR12 Recv: LPR_N
[15:00:01] Ping 시간 체크1-22704171
[15:00:01] Ping 시간 체크2-22704171
[15:00:01] 11번 LPR OK 전송
[15:00:04] LPR12 Recv: LPR_N
[15:00:09] LPR12 Recv: LPR_N
[15:00:14] LPR12 Recv: LPR_N
[15:00:20] LPR12 Recv: LPR_N
[15:00:25] LPR12 Recv: LPR_N
[15:00:30] LPR12 Recv: LPR_N
[15:00:35] LPR12 Recv: LPR_N
[15:00:40] LPR12 Recv: LPR_N
[15:00:46] LPR12 Recv: LPR_N
[15:00:51] LPR12 Recv: LPR_N
[15:00:56] LPR12 Recv: LPR_N
[15:01:01] LPR12 Recv: LPR_N
[15:01:01] Ping 시간 체크1-22764171
[15:01:01] Ping 시간 체크2-22764171
[15:01:01] 11번 LPR OK 전송
[15:01:07] LPR12 Recv: LPR_N
[15:01:12] LPR12 Recv: LPR_N
[15:01:17] LPR12 Recv: LPR_N
[15:01:22] LPR12 Recv: LPR_N
[15:01:28] LPR12 Recv: LPR_N
[15:01:33] LPR12 Recv: LPR_N
[15:01:38] LPR12 Recv: LPR_N
[15:01:43] LPR12 Recv: LPR_N
[15:01:48] LPR12 Recv: LPR_N
[15:01:54] LPR12 Recv: LPR_N
[15:01:59] LPR12 Recv: LPR_N
[15:02:01] Ping 시간 체크1-22824171
[15:02:01] Ping 시간 체크2-22824187
[15:02:01] 11번 LPR OK 전송
[15:02:04] LPR12 Recv: LPR_N
[15:02:09] LPR12 Recv: LPR_N
[15:02:15] LPR12 Recv: LPR_N
[15:02:20] LPR12 Recv: LPR_N
[15:02:25] LPR12 Recv: LPR_N
[15:02:30] LPR12 Recv: LPR_N
[15:02:35] LPR12 Recv: LPR_N
[15:02:41] LPR12 Recv: LPR_N
[15:02:43] LPR12 Recv: LPR_N
[15:02:43] LPR11 Recv: LPR_R
[15:02:43] 시간동기화 전송
[15:02:45] LPR11 Recv: LPR_N
[15:02:46] LPR12 Recv: LPR_N
[15:02:48] LPR11 Recv: CH1#31로3333#N#\2014\09\16\CH1_20140916150248_31로3333.jpg
[15:02:48] LPR Check: 31로3333,http://172.16.66.33:9080/MSImage/2014/09/16/CH1_20140916150248_31로3333.jpg,1,,,0, 2014-09-16 15:02:48
[15:02:48] File: \\172.16.66.33\MSImage\2014\09\16\CH1_20140916150248_31로3333.jpg
[15:02:48] 일반차량: 31로3333, 
[15:02:48] Ping 시간 체크1-22871203
[15:02:48] Ping 시간 체크2-22871218
[15:02:48] Ping 시간 체크1-22871218
[15:02:48] Ping 시간 체크2-22871234
[15:02:48] 입구차단기 Open
[15:02:48] 일반차량입차: 31로3333, 
[15:02:50] LPR11 Recv: LPR_N
[15:02:51] LPR12 Recv: LPR_N
[15:02:55] LPR11 Recv: LPR_N
[15:02:56] LPR12 Recv: LPR_N
[15:03:00] LPR11 Recv: LPR_N
[15:03:02] LPR12 Recv: LPR_N
[15:03:05] LPR11 Recv: LPR_N
[15:03:06] LPR12 Recv: LPR_N
[15:03:11] LPR11 Recv: LPR_N
[15:03:13] LPR12 Recv: LPR_N
[15:03:13] LPR12 Recv: CH1#31로3333#N#\2014\09\16\CH1_20140916150218_31로3333.jpg
[15:03:13] LPR Check: 31로3333,http://172.16.66.34:9080/MSImage/2014/09/16/CH1_20140916150218_31로3333.jpg,1,,,0, 2014-09-16 15:02:18
[15:03:13] File: \\172.16.66.34\MSImage\2014\09\16\CH1_20140916150218_31로3333.jpg
[15:03:13] 일반차량: 31로3333, 
[15:03:13] In Image File: \\172.16.66.33\MSImage\2014\09\16\CH1_20140916150248_31로3333.jpg
[15:03:13] Ping 시간 체크1-22895906
[15:03:13] Ping 시간 체크2-22895921
[15:03:13] Out Image File: \\172.16.66.34\MSImage\2014\09\16\CH1_20140916150218_31로3333.jpg
[15:03:13] Ping 시간 체크1-22896046
[15:03:13] Ping 시간 체크2-22896046
[15:03:13] Ping 시간 체크1-22896187
[15:03:13] Ping 시간 체크2-22896203
[15:03:13] Ping 시간 체크1-22896203
[15:03:13] Ping 시간 체크2-22896218
[15:03:13] 출구차단기 Open
[15:03:13] Ping 시간 체크1-22896218
[15:03:13] Ping 시간 체크2-22896218
[15:03:13] 일반차량출차: 31로3333, 
[15:03:16] LPR11 Recv: LPR_N
[15:03:18] LPR12 Recv: LPR_N
[15:03:21] LPR11 Recv: LPR_N
[15:03:23] LPR12 Recv: LPR_N
[15:03:26] LPR11 Recv: LPR_N
[15:03:28] LPR12 Recv: LPR_N
[15:03:32] LPR11 Recv: LPR_N
[15:03:34] LPR12 Recv: LPR_N
[15:03:37] LPR11 Recv: LPR_N
[15:03:39] LPR12 Recv: LPR_N
[15:03:42] LPR11 Recv: LPR_N
[15:03:44] LPR12 Recv: LPR_N
[15:03:47] LPR11 Recv: LPR_N
[15:03:50] LPR12 Recv: LPR_N
[15:03:52] LPR11 Recv: LPR_N
[15:03:55] LPR12 Recv: LPR_N
[15:03:58] LPR11 Recv: LPR_N
[15:03:59] LPR11 Recv: CH1#31로3333#N#\2014\09\16\CH1_20140916150359_31로3333.jpg
[15:03:59] LPR Check: 31로3333,http://172.16.66.33:9080/MSImage/2014/09/16/CH1_20140916150359_31로3333.jpg,1,,,0, 2014-09-16 15:03:59
[15:03:59] File: \\172.16.66.33\MSImage\2014\09\16\CH1_20140916150359_31로3333.jpg
[15:03:59] 일반차량: 31로3333, 
[15:03:59] Ping 시간 체크1-22942234
[15:03:59] Ping 시간 체크2-22942250
[15:03:59] Ping 시간 체크1-22942250
[15:03:59] Ping 시간 체크2-22942265
[15:03:59] 입구차단기 Open
[15:03:59] 일반차량입차: 31로3333, 
[15:04:00] LPR12 Recv: LPR_N
[15:04:03] LPR11 Recv: LPR_N
[15:04:05] LPR12 Recv: LPR_N
[15:04:08] LPR11 Recv: LPR_N
[15:04:11] LPR12 Recv: LPR_N
[15:04:13] LPR11 Recv: LPR_N
[15:04:16] LPR12 Recv: LPR_N
[15:04:19] LPR11 Recv: LPR_N
[15:04:21] LPR11 Recv: LPR_N
[15:04:21] LPR12 Recv: LPR_N
[15:04:24] LPR11 Recv: LPR_N
[15:04:26] LPR12 Recv: LPR_N
[15:04:29] LPR11 Recv: LPR_N
[15:04:31] LPR12 Recv: LPR_N
[15:04:34] LPR11 Recv: LPR_N
[15:04:37] LPR12 Recv: LPR_N
[15:04:38] LPR11 Recv: CH1#31로3333#N#\2014\09\16\CH1_20140916150438_31로3333.jpg
[15:04:38] LPR Check: 31로3333,http://172.16.66.33:9080/MSImage/2014/09/16/CH1_20140916150438_31로3333.jpg,1,,,0, 2014-09-16 15:04:38
[15:04:38] File: \\172.16.66.33\MSImage\2014\09\16\CH1_20140916150438_31로3333.jpg
[15:04:38] 일반차량: 31로3333, 
[15:04:38] Ping 시간 체크1-22980984
[15:04:38] Ping 시간 체크2-22981000
[15:04:38] Ping 시간 체크1-22981000
[15:04:38] Ping 시간 체크2-22981015
[15:04:38] 입구차단기 Open
[15:04:38] 일반차량입차: 31로3333, 
[15:04:40] LPR11 Recv: LPR_N
[15:04:42] LPR12 Recv: LPR_N
[15:04:45] LPR11 Recv: LPR_N
[15:04:47] LPR12 Recv: LPR_N
[15:04:48] LPR12 Recv: CH1#31로3333#N#\2014\09\16\CH1_20140916150353_31로3333.jpg
[15:04:48] LPR Check: 31로3333,http://172.16.66.34:9080/MSImage/2014/09/16/CH1_20140916150353_31로3333.jpg,1,,,0, 2014-09-16 15:03:53
[15:04:48] File: \\172.16.66.34\MSImage\2014\09\16\CH1_20140916150353_31로3333.jpg
[15:04:48] 일반차량: 31로3333, 
[15:04:48] In Image File: \\172.16.66.33\MSImage\2014\09\16\CH1_20140916150438_31로3333.jpg
[15:04:48] Ping 시간 체크1-22990968
[15:04:48] Ping 시간 체크2-22990968
[15:04:48] Out Image File: \\172.16.66.34\MSImage\2014\09\16\CH1_20140916150353_31로3333.jpg
[15:04:48] Ping 시간 체크1-22991218
[15:04:48] Ping 시간 체크2-22991218
[15:04:49] Ping 시간 체크1-22991390
[15:04:49] Ping 시간 체크2-22991390
[15:04:49] Ping 시간 체크1-22991390
[15:04:49] Ping 시간 체크2-22991406
[15:04:49] 출구차단기 Open
[15:04:49] 일반차량출차: 31로3333, 
[15:04:50] LPR11 Recv: LPR_N
[15:04:52] LPR12 Recv: LPR_N
[15:04:56] LPR11 Recv: LPR_N
[15:04:58] LPR12 Recv: LPR_N
[15:05:01] LPR11 Recv: LPR_N
[15:05:03] LPR12 Recv: LPR_N
[15:05:06] LPR11 Recv: LPR_N
[15:05:08] LPR12 Recv: LPR_N
[15:05:11] LPR11 Recv: LPR_N
[15:05:13] LPR12 Recv: LPR_N
[15:05:17] LPR11 Recv: LPR_N
[15:05:19] LPR12 Recv: LPR_N
[15:05:22] LPR11 Recv: LPR_N
[15:05:24] LPR12 Recv: LPR_N
[15:05:27] LPR11 Recv: LPR_N
[15:05:29] LPR12 Recv: LPR_N
[15:05:32] LPR11 Recv: LPR_N
[15:05:35] LPR12 Recv: LPR_N
[15:05:38] LPR11 Recv: LPR_N
[15:05:40] LPR12 Recv: LPR_N
[15:05:43] LPR11 Recv: LPR_N
[15:05:45] LPR12 Recv: LPR_N
[15:05:48] LPR11 Recv: LPR_N
[15:05:50] LPR12 Recv: LPR_N
[15:05:53] LPR11 Recv: LPR_N
[15:05:56] LPR12 Recv: LPR_N
[15:05:58] LPR11 Recv: LPR_N
[15:06:01] LPR12 Recv: LPR_N
[15:06:04] LPR11 Recv: LPR_N
[15:06:06] LPR12 Recv: LPR_N
[15:06:09] LPR11 Recv: LPR_N
[15:06:11] LPR12 Recv: LPR_N
[15:06:14] LPR11 Recv: LPR_N
[15:06:17] LPR12 Recv: LPR_N
[15:06:19] LPR11 Recv: LPR_N
[15:06:22] LPR12 Recv: LPR_N
[15:06:25] LPR11 Recv: LPR_N
[15:06:27] LPR12 Recv: LPR_N
[15:06:30] LPR11 Recv: LPR_N
[15:06:32] LPR12 Recv: LPR_N
[15:06:35] LPR11 Recv: LPR_N
[15:06:37] LPR12 Recv: LPR_N
[15:06:41] LPR11 Recv: LPR_N
[15:06:43] LPR12 Recv: LPR_N
[15:06:46] LPR11 Recv: LPR_N
[15:06:48] LPR12 Recv: LPR_N
[15:06:51] LPR11 Recv: LPR_N
[15:06:53] LPR12 Recv: LPR_N
[15:06:56] LPR11 Recv: LPR_N
[15:06:58] LPR12 Recv: LPR_N
[15:07:02] LPR11 Recv: LPR_N
[15:07:04] LPR12 Recv: LPR_N
[15:07:07] LPR11 Recv: LPR_N
[15:07:09] LPR12 Recv: LPR_N
[15:07:12] LPR11 Recv: LPR_N
[15:07:14] LPR12 Recv: LPR_N
[15:07:17] LPR11 Recv: LPR_N
[15:07:19] LPR12 Recv: LPR_N
[15:07:23] LPR11 Recv: LPR_N
[15:07:24] LPR12 Recv: LPR_N
[15:07:28] LPR11 Recv: LPR_N
[15:07:30] LPR12 Recv: LPR_N
[15:07:33] LPR11 Recv: LPR_N
[15:07:35] LPR12 Recv: LPR_N
[15:07:38] LPR11 Recv: LPR_N
[15:07:41] LPR12 Recv: LPR_N
[15:07:43] LPR11 Recv: LPR_N
[15:07:46] LPR12 Recv: LPR_N
[15:07:49] LPR11 Recv: LPR_N
[15:07:51] LPR12 Recv: LPR_N
[15:07:54] LPR11 Recv: LPR_N
[15:07:56] LPR12 Recv: LPR_N
[15:07:59] LPR11 Recv: LPR_N
[15:08:02] LPR12 Recv: LPR_N
[15:08:04] LPR11 Recv: LPR_N
[15:08:07] LPR12 Recv: LPR_N
[15:08:10] LPR11 Recv: LPR_N
[15:08:12] LPR12 Recv: LPR_N
[15:08:15] LPR11 Recv: LPR_N
[15:08:17] LPR12 Recv: LPR_N
[15:08:20] LPR11 Recv: LPR_N
[15:08:22] LPR12 Recv: LPR_N
[15:08:25] LPR11 Recv: LPR_N
[15:08:28] LPR12 Recv: LPR_N
[15:08:31] LPR11 Recv: LPR_N
[15:08:33] LPR12 Recv: LPR_N
[15:08:36] LPR11 Recv: LPR_N
[15:08:38] LPR12 Recv: LPR_N
[15:08:41] LPR11 Recv: LPR_N
[15:08:43] LPR12 Recv: LPR_N
[15:08:47] LPR11 Recv: LPR_N
[15:08:49] LPR12 Recv: LPR_N
[15:08:52] LPR11 Recv: LPR_N
[15:08:54] LPR12 Recv: LPR_N
[15:08:57] LPR11 Recv: LPR_N
[15:08:59] LPR12 Recv: LPR_N
[15:09:02] LPR11 Recv: LPR_N
[15:09:04] LPR12 Recv: LPR_N
[15:09:08] LPR11 Recv: LPR_N
[15:09:10] LPR12 Recv: LPR_N
[15:09:13] LPR11 Recv: LPR_N
[15:09:15] LPR12 Recv: LPR_N
[15:09:18] LPR11 Recv: LPR_N
[15:09:20] LPR12 Recv: LPR_N
[15:09:23] LPR11 Recv: LPR_N
[15:09:25] LPR12 Recv: LPR_N
[15:09:29] LPR11 Recv: LPR_N
[15:09:30] LPR12 Recv: LPR_N
[15:09:34] LPR11 Recv: LPR_N
[15:09:36] LPR12 Recv: LPR_N
[15:09:39] LPR11 Recv: LPR_N
[15:09:41] LPR12 Recv: LPR_N
[15:09:44] LPR11 Recv: LPR_N
[15:09:47] LPR12 Recv: LPR_N
[15:09:49] LPR11 Recv: LPR_N
[15:09:52] LPR12 Recv: LPR_N
[15:09:55] LPR11 Recv: LPR_N
[15:09:57] LPR12 Recv: LPR_N
[15:10:00] LPR11 Recv: LPR_N
[15:10:02] LPR12 Recv: LPR_N
[15:10:05] LPR11 Recv: LPR_N
[15:10:08] LPR12 Recv: LPR_N
[15:10:10] LPR11 Recv: LPR_N
[15:10:13] LPR12 Recv: LPR_N
[15:10:16] LPR11 Recv: LPR_N
[15:10:18] LPR12 Recv: LPR_N
[15:10:21] LPR11 Recv: LPR_N
[15:10:23] LPR12 Recv: LPR_N
[15:10:26] LPR11 Recv: LPR_N
[15:10:28] LPR12 Recv: LPR_N
[15:10:31] LPR11 Recv: LPR_N
[15:10:34] LPR12 Recv: LPR_N
[15:10:36] LPR11 Recv: LPR_N
[15:10:39] LPR12 Recv: LPR_N
[15:10:42] LPR11 Recv: LPR_N
[15:10:44] LPR12 Recv: LPR_N
[15:10:47] LPR11 Recv: LPR_N
[15:10:49] LPR12 Recv: LPR_N
[15:10:53] LPR11 Recv: LPR_N
[15:10:55] LPR12 Recv: LPR_N
[15:10:58] LPR11 Recv: LPR_N
[15:11:00] LPR12 Recv: LPR_N
[15:11:03] LPR11 Recv: LPR_N
[15:11:05] LPR12 Recv: LPR_N
[15:11:08] LPR11 Recv: LPR_N
[15:11:10] LPR12 Recv: LPR_N
[15:11:14] LPR11 Recv: LPR_N
[15:11:15] LPR12 Recv: LPR_N
[15:11:19] LPR11 Recv: LPR_N
[15:11:21] LPR12 Recv: LPR_N
[15:11:24] LPR11 Recv: LPR_N
[15:11:26] LPR12 Recv: LPR_N
[15:11:29] LPR11 Recv: LPR_N
[15:11:31] LPR12 Recv: LPR_N
[15:11:34] LPR11 Recv: LPR_N
[15:11:37] LPR12 Recv: LPR_N
[15:11:40] LPR11 Recv: LPR_N
[15:11:42] LPR12 Recv: LPR_N
[15:11:45] LPR11 Recv: LPR_N
[15:11:47] LPR12 Recv: LPR_N
[15:11:50] LPR11 Recv: LPR_N
[15:11:53] LPR12 Recv: LPR_N
[15:11:55] LPR11 Recv: LPR_N
[15:11:58] LPR12 Recv: LPR_N
[15:12:01] LPR11 Recv: LPR_N
[15:12:03] LPR12 Recv: LPR_N
[15:12:06] LPR11 Recv: LPR_N
[15:12:08] LPR12 Recv: LPR_N
[15:12:11] LPR11 Recv: LPR_N
[15:12:13] LPR12 Recv: LPR_N
[15:12:16] LPR11 Recv: LPR_N
[15:12:19] LPR12 Recv: LPR_N
[15:12:22] LPR11 Recv: LPR_N
[15:12:24] LPR12 Recv: LPR_N
[15:12:27] LPR11 Recv: LPR_N
[15:12:29] LPR12 Recv: LPR_N
[15:12:32] LPR11 Recv: LPR_N
[15:12:34] LPR12 Recv: LPR_N
[15:12:37] LPR11 Recv: LPR_N
[15:12:40] LPR12 Recv: LPR_N
[15:12:43] LPR11 Recv: LPR_N
[15:12:45] LPR12 Recv: LPR_N
[15:12:48] LPR11 Recv: LPR_N
[15:12:50] LPR12 Recv: LPR_N
[15:12:53] LPR11 Recv: LPR_N
[15:12:55] LPR12 Recv: LPR_N
[15:12:59] LPR11 Recv: LPR_N
[15:13:01] LPR12 Recv: LPR_N
[15:13:04] LPR11 Recv: LPR_N
[15:13:06] LPR12 Recv: LPR_N
[15:13:09] LPR11 Recv: LPR_N
[15:13:11] LPR12 Recv: LPR_N
[15:13:14] LPR11 Recv: LPR_N
[15:13:16] LPR12 Recv: LPR_N
[15:13:20] LPR11 Recv: LPR_N
[15:13:21] LPR12 Recv: LPR_N
[15:13:25] LPR11 Recv: LPR_N
[15:13:27] LPR12 Recv: LPR_N
[15:13:30] LPR11 Recv: LPR_N
[15:13:32] LPR12 Recv: LPR_N
[15:13:35] LPR11 Recv: LPR_N
[15:13:38] LPR12 Recv: LPR_N
[15:13:40] LPR11 Recv: LPR_N
[15:13:43] LPR12 Recv: LPR_N
[15:13:46] LPR11 Recv: LPR_N
[15:13:48] LPR12 Recv: LPR_N
[15:13:51] LPR11 Recv: LPR_N
[15:13:53] LPR12 Recv: LPR_N
[15:13:56] LPR11 Recv: LPR_N
[15:13:59] LPR12 Recv: LPR_N
[15:14:01] LPR11 Recv: LPR_N
[15:14:04] LPR12 Recv: LPR_N
[15:14:07] LPR11 Recv: LPR_N
[15:14:09] LPR12 Recv: LPR_N
[15:14:12] LPR11 Recv: LPR_N
[15:14:14] LPR12 Recv: LPR_N
[15:14:17] LPR11 Recv: LPR_N
[15:14:19] LPR12 Recv: LPR_N
[15:14:22] LPR11 Recv: LPR_N
[15:14:25] LPR12 Recv: LPR_N
[15:14:27] LPR11 Recv: LPR_N
[15:14:30] LPR12 Recv: LPR_N
[15:14:33] LPR11 Recv: LPR_N
[15:14:35] LPR12 Recv: LPR_N
[15:14:38] LPR11 Recv: LPR_N
[15:14:40] LPR12 Recv: LPR_N
[15:14:44] LPR11 Recv: LPR_N
[15:14:46] LPR12 Recv: LPR_N
[15:14:49] LPR11 Recv: LPR_N
[15:14:51] LPR12 Recv: LPR_N
[15:14:54] LPR11 Recv: LPR_N
[15:14:56] LPR12 Recv: LPR_N
[15:14:59] LPR11 Recv: LPR_N
[15:15:01] LPR12 Recv: LPR_N
[15:15:05] LPR11 Recv: LPR_N
[15:15:06] LPR12 Recv: LPR_N
[15:15:10] LPR11 Recv: LPR_N
[15:15:12] LPR12 Recv: LPR_N
[15:15:15] LPR11 Recv: LPR_N
[15:15:17] LPR12 Recv: LPR_N
[15:15:20] LPR11 Recv: LPR_N
[15:15:22] LPR12 Recv: LPR_N
[15:15:25] LPR11 Recv: LPR_N
[15:15:27] LPR12 Recv: LPR_N
[15:15:31] LPR11 Recv: LPR_N
[15:15:33] LPR12 Recv: LPR_N
[15:15:36] LPR11 Recv: LPR_N
[15:15:38] LPR12 Recv: LPR_N
[15:15:41] LPR11 Recv: LPR_N
[15:15:44] LPR12 Recv: LPR_N
[15:15:46] LPR11 Recv: LPR_N
[15:15:49] LPR12 Recv: LPR_N
[15:15:52] LPR11 Recv: LPR_N
[15:15:54] LPR12 Recv: LPR_N
[15:15:57] LPR11 Recv: LPR_N
[15:15:59] LPR12 Recv: LPR_N
[15:16:02] LPR11 Recv: LPR_N
[15:16:04] LPR12 Recv: LPR_N
[15:16:07] LPR11 Recv: LPR_N
[15:16:10] LPR12 Recv: LPR_N
[15:16:13] LPR11 Recv: LPR_N
[15:16:15] LPR12 Recv: LPR_N
[15:16:18] LPR11 Recv: LPR_N
[15:16:20] LPR12 Recv: LPR_N
[15:16:23] LPR11 Recv: LPR_N
[15:16:25] LPR12 Recv: LPR_N
[15:16:28] LPR11 Recv: LPR_N
[15:16:31] LPR12 Recv: LPR_N
[15:16:33] LPR11 Recv: LPR_N
[15:16:36] LPR12 Recv: LPR_N
[15:16:39] LPR11 Recv: LPR_N
[15:16:41] LPR12 Recv: LPR_N
[15:16:44] LPR11 Recv: LPR_N
[15:16:46] LPR12 Recv: LPR_N
[15:16:49] LPR11 Recv: LPR_N
[15:16:52] LPR12 Recv: LPR_N
[15:16:54] LPR11 Recv: LPR_N
[15:16:57] LPR12 Recv: LPR_N
[15:17:00] LPR11 Recv: LPR_N
[15:17:02] LPR12 Recv: LPR_N
[15:17:05] LPR11 Recv: LPR_N
[15:17:07] LPR12 Recv: LPR_N
[15:17:10] LPR11 Recv: LPR_N
[15:17:12] LPR12 Recv: LPR_N
[15:17:15] LPR11 Recv: LPR_N
[15:17:18] LPR12 Recv: LPR_N
[15:17:20] LPR11 Recv: LPR_N
[15:17:23] LPR12 Recv: LPR_N
[15:17:26] LPR11 Recv: LPR_N
[15:17:28] LPR12 Recv: LPR_N
[15:17:31] LPR11 Recv: LPR_N
[15:17:33] LPR12 Recv: LPR_N
[15:17:36] LPR11 Recv: LPR_N
[15:17:39] LPR12 Recv: LPR_N
[15:17:41] LPR11 Recv: LPR_N
[15:17:44] LPR12 Recv: LPR_N
[15:17:47] LPR11 Recv: LPR_N
[15:17:49] LPR12 Recv: LPR_N
[15:17:52] LPR11 Recv: LPR_N
[15:17:54] LPR12 Recv: LPR_N
[15:17:57] LPR11 Recv: LPR_N
[15:17:59] LPR12 Recv: LPR_N
[15:18:02] LPR11 Recv: LPR_N
[15:18:05] LPR12 Recv: LPR_N
[15:18:08] LPR11 Recv: LPR_N
[15:18:10] LPR12 Recv: LPR_N
[15:18:13] LPR11 Recv: LPR_N
[15:18:15] LPR12 Recv: LPR_N
[15:18:18] LPR11 Recv: LPR_N
[15:18:20] LPR12 Recv: LPR_N
[15:18:23] LPR11 Recv: LPR_N
[15:18:26] LPR12 Recv: LPR_N
[15:18:28] LPR11 Recv: LPR_N
[15:18:31] LPR12 Recv: LPR_N
[15:18:34] LPR11 Recv: LPR_N
[15:18:36] LPR12 Recv: LPR_N
[15:18:39] LPR11 Recv: LPR_N
[15:18:41] LPR12 Recv: LPR_N
[15:18:44] LPR11 Recv: LPR_N
[15:18:47] LPR12 Recv: LPR_N
[15:18:49] LPR11 Recv: LPR_N
[15:18:52] LPR12 Recv: LPR_N
[15:18:55] LPR11 Recv: LPR_N
[15:18:57] LPR12 Recv: LPR_N
[15:19:00] LPR11 Recv: LPR_N
[15:19:02] LPR12 Recv: LPR_N
[15:19:05] LPR11 Recv: LPR_N
[15:19:07] LPR12 Recv: LPR_N
[15:19:10] LPR11 Recv: LPR_N
[15:19:13] LPR12 Recv: LPR_N
[15:19:15] LPR11 Recv: LPR_N
[15:19:18] LPR12 Recv: LPR_N
[15:19:21] LPR11 Recv: LPR_N
[15:19:23] LPR12 Recv: LPR_N
[15:19:26] LPR11 Recv: LPR_N
[15:19:28] LPR12 Recv: LPR_N
[15:19:31] LPR11 Recv: LPR_N
[15:19:34] LPR12 Recv: LPR_N
[15:19:36] LPR11 Recv: LPR_N
[15:19:39] LPR12 Recv: LPR_N
[15:19:42] LPR11 Recv: LPR_N
[15:19:44] LPR12 Recv: LPR_N
[15:19:47] LPR11 Recv: LPR_N
[15:19:49] LPR12 Recv: LPR_N
[15:19:52] LPR11 Recv: LPR_N
[15:19:54] LPR12 Recv: LPR_N
[15:19:57] LPR11 Recv: LPR_N
[15:20:00] LPR12 Recv: LPR_N
[15:20:03] LPR11 Recv: LPR_N
[15:20:05] LPR12 Recv: LPR_N
[15:20:08] LPR11 Recv: LPR_N
[15:20:10] LPR12 Recv: LPR_N
[15:20:13] LPR11 Recv: LPR_N
[15:20:15] LPR12 Recv: LPR_N
[15:20:18] LPR11 Recv: LPR_N
[15:20:21] LPR12 Recv: LPR_N
[15:20:23] LPR11 Recv: LPR_N
[15:20:26] LPR12 Recv: LPR_N
[15:20:29] LPR11 Recv: LPR_N
[15:20:31] LPR12 Recv: LPR_N
[15:20:34] LPR11 Recv: LPR_N
[15:20:36] LPR12 Recv: LPR_N
[15:20:39] LPR11 Recv: LPR_N
[15:20:42] LPR12 Recv: LPR_N
[15:20:44] LPR11 Recv: LPR_N
[15:20:47] LPR12 Recv: LPR_N
[15:20:50] LPR11 Recv: LPR_N
[15:20:52] LPR12 Recv: LPR_N
[15:20:55] LPR11 Recv: LPR_N
[15:20:57] LPR12 Recv: LPR_N
[15:21:00] LPR11 Recv: LPR_N
[15:21:02] LPR12 Recv: LPR_N
[15:21:05] LPR11 Recv: LPR_N
[15:21:08] LPR12 Recv: LPR_N
[15:21:10] LPR11 Recv: LPR_N
[15:21:13] LPR12 Recv: LPR_N
[15:21:16] LPR11 Recv: LPR_N
[15:21:18] LPR12 Recv: LPR_N
[15:21:21] LPR11 Recv: LPR_N
[15:21:23] LPR12 Recv: LPR_N
[15:21:26] LPR11 Recv: LPR_N
[15:21:29] LPR12 Recv: LPR_N
[15:21:31] LPR11 Recv: LPR_N
[15:21:34] LPR12 Recv: LPR_N
[15:21:37] LPR11 Recv: LPR_N
[15:21:39] LPR12 Recv: LPR_N
[15:21:42] LPR11 Recv: LPR_N
[15:21:44] LPR12 Recv: LPR_N
[15:21:47] LPR11 Recv: LPR_N
[15:21:49] LPR12 Recv: LPR_N
[15:21:52] LPR11 Recv: LPR_N
[15:21:55] LPR12 Recv: LPR_N
[15:21:58] LPR11 Recv: LPR_N
[15:22:00] LPR12 Recv: LPR_N
[15:22:03] LPR11 Recv: LPR_N
[15:22:05] LPR12 Recv: LPR_N
[15:22:08] LPR11 Recv: LPR_N
[15:22:10] LPR12 Recv: LPR_N
[15:22:13] LPR11 Recv: LPR_N
[15:22:16] LPR12 Recv: LPR_N
[15:22:18] LPR11 Recv: LPR_N
[15:22:21] LPR12 Recv: LPR_N
[15:22:24] LPR11 Recv: LPR_N
[15:22:26] LPR12 Recv: LPR_N
[15:22:29] LPR11 Recv: LPR_N
[15:22:31] LPR12 Recv: LPR_N
[15:22:34] LPR11 Recv: LPR_N
[15:22:37] LPR12 Recv: LPR_N
[15:22:39] LPR11 Recv: LPR_N
[15:22:42] LPR12 Recv: LPR_N
[15:22:45] LPR11 Recv: LPR_N
[15:22:47] LPR12 Recv: LPR_N
[15:22:50] LPR11 Recv: LPR_N
[15:22:52] LPR12 Recv: LPR_N
[15:22:55] LPR11 Recv: LPR_N
[15:22:57] LPR12 Recv: LPR_N
[15:23:00] LPR11 Recv: LPR_N
[15:23:03] LPR12 Recv: LPR_N
[15:23:05] LPR11 Recv: LPR_N
[15:23:08] LPR12 Recv: LPR_N
[15:23:11] LPR11 Recv: LPR_N
[15:23:13] LPR12 Recv: LPR_N
[15:23:16] LPR11 Recv: LPR_N
[15:23:18] LPR12 Recv: LPR_N
[15:23:21] LPR11 Recv: LPR_N
[15:23:24] LPR12 Recv: LPR_N
[15:23:26] LPR11 Recv: LPR_N
[15:23:29] LPR12 Recv: LPR_N
[15:23:32] LPR11 Recv: LPR_N
[15:23:34] LPR12 Recv: LPR_N
[15:23:37] LPR11 Recv: LPR_N
[15:23:39] LPR12 Recv: LPR_N
[15:23:42] LPR11 Recv: LPR_N
[15:23:44] LPR12 Recv: LPR_N
[15:23:47] LPR11 Recv: LPR_N
[15:23:50] LPR12 Recv: LPR_N
[15:23:53] LPR11 Recv: LPR_N
[15:23:55] LPR12 Recv: LPR_N
[15:23:58] LPR11 Recv: LPR_N
[15:24:00] LPR12 Recv: LPR_N
[15:24:03] LPR11 Recv: LPR_N
[15:24:05] LPR12 Recv: LPR_N
[15:24:08] LPR11 Recv: LPR_N
[15:24:11] LPR12 Recv: LPR_N
[15:24:13] LPR11 Recv: LPR_N
[15:24:16] LPR12 Recv: LPR_N
[15:24:19] LPR11 Recv: LPR_N
[15:24:21] LPR12 Recv: LPR_N
[15:24:24] LPR11 Recv: LPR_N
[15:24:26] LPR12 Recv: LPR_N
[15:24:29] LPR11 Recv: LPR_N
[15:24:32] LPR12 Recv: LPR_N
[15:24:34] LPR11 Recv: LPR_N
[15:24:37] LPR12 Recv: LPR_N
[15:24:40] LPR11 Recv: LPR_N
[15:24:42] LPR12 Recv: LPR_N
[15:24:45] LPR11 Recv: LPR_N
[15:24:47] LPR12 Recv: LPR_N
[15:24:50] LPR11 Recv: LPR_N
[15:24:52] LPR12 Recv: LPR_N
[15:24:55] LPR11 Recv: LPR_N
[15:24:58] LPR12 Recv: LPR_N
[15:25:00] LPR11 Recv: LPR_N
[15:25:03] LPR12 Recv: LPR_N
[15:25:06] LPR11 Recv: LPR_N
[15:25:08] LPR12 Recv: LPR_N
[15:25:11] LPR11 Recv: LPR_N
[15:25:13] LPR12 Recv: LPR_N
[15:25:16] LPR11 Recv: LPR_N
[15:25:19] LPR12 Recv: LPR_N
[15:25:20] Program Close
[15:25:27] Program Start!
[15:25:34] Program Start!
[15:25:36] 근무시작: 배은화
[15:25:36] 영수증프린터 포트오픈 에러: ie_BadId - Specified comport doesn't exist
[15:25:36] Ping 시간 체크1-24239250
[15:25:36] Ping 시간 체크2-24239250
[15:25:36] Ping 시간 체크1-24239265
[15:25:36] Ping 시간 체크2-24239265
[15:25:36] Ping 시간 체크1-24239265
[15:25:36] Ping 시간 체크2-24239281
[15:25:36] Ping 시간 체크1-24239281
[15:25:36] Ping 시간 체크2-24239281
[15:25:37] LPR11 Recv: 172.16.83.1
[15:25:37] LPR12 Recv: 172.16.83.1
[15:25:37] LPR11 Recv: LPR_N
[15:25:38] LPR12 Recv: LPR_N
[15:25:39] LPR12 Recv: LPR_N
[15:25:40]  수동출차  수동출차 
[15:25:40] Ping 시간 체크1-24242421
[15:25:40] Ping 시간 체크2-24242421
[15:25:42] LPR11 Recv: LPR_N
[15:25:45] LPR12 Recv: LPR_N
[15:25:48] LPR11 Recv: LPR_N
[15:25:50] LPR12 Recv: LPR_N
[15:25:53] LPR11 Recv: LPR_N
[15:25:55] LPR12 Recv: LPR_N
[15:25:58] LPR11 Recv: LPR_N
[15:26:00] LPR12 Recv: LPR_N
[15:26:03] LPR11 Recv: LPR_N
[15:26:06] LPR12 Recv: LPR_N
[15:26:08] LPR11 Recv: LPR_N
[15:26:11] LPR12 Recv: LPR_N
[15:26:14] LPR11 Recv: LPR_N
[15:26:16] LPR12 Recv: LPR_N
[15:26:19] LPR11 Recv: LPR_N
[15:26:21] LPR12 Recv: LPR_N
[15:26:24] LPR11 Recv: LPR_N
[15:26:27] LPR12 Recv: LPR_N
[15:26:29] LPR11 Recv: LPR_N
[15:26:32] LPR12 Recv: LPR_N
[15:26:35] LPR11 Recv: LPR_N
[15:26:37] LPR12 Recv: LPR_N
[15:26:40] LPR11 Recv: LPR_N
[15:26:42] LPR12 Recv: LPR_N
[15:26:45] LPR11 Recv: LPR_N
[15:26:47] LPR12 Recv: LPR_N
[15:26:50] LPR11 Recv: LPR_N
[15:26:53] LPR12 Recv: LPR_N
[15:26:55] LPR11 Recv: LPR_N
[15:26:58] LPR12 Recv: LPR_N
[15:27:01] LPR11 Recv: LPR_N
[15:27:03] LPR12 Recv: LPR_N
[15:27:06] LPR11 Recv: LPR_N
[15:27:08] LPR12 Recv: LPR_N
[15:27:11] LPR11 Recv: LPR_N
[15:27:14] LPR12 Recv: LPR_N
[15:27:16] LPR11 Recv: LPR_N
[15:27:19] LPR12 Recv: LPR_N
[15:27:22] LPR11 Recv: LPR_N
[15:27:24] LPR12 Recv: LPR_N
[15:27:27] LPR11 Recv: LPR_N
[15:27:29] LPR12 Recv: LPR_N
[15:27:32] LPR11 Recv: LPR_N
[15:27:34] LPR12 Recv: LPR_N
[15:27:37] LPR11 Recv: LPR_N
[15:27:40] LPR12 Recv: LPR_N
[15:27:43] LPR11 Recv: LPR_N
[15:27:45] LPR12 Recv: LPR_N
[15:27:48] LPR11 Recv: LPR_N
[15:27:50] LPR12 Recv: LPR_N
[15:27:53] LPR11 Recv: LPR_N
[15:27:55] LPR12 Recv: LPR_N
[15:27:58] LPR11 Recv: LPR_N
[15:28:01] LPR12 Recv: LPR_N
[15:28:03] LPR11 Recv: LPR_N
[15:28:06] LPR12 Recv: LPR_N
[15:28:09] LPR11 Recv: LPR_N
[15:28:11] LPR12 Recv: LPR_N
[15:28:14] LPR11 Recv: LPR_N
[15:28:16] LPR12 Recv: LPR_N
[15:28:19] LPR11 Recv: LPR_N
[15:28:22] LPR12 Recv: LPR_N
[15:28:24] LPR11 Recv: LPR_N
[15:28:27] LPR12 Recv: LPR_N
[15:28:30] LPR11 Recv: LPR_N
[15:28:32] LPR12 Recv: LPR_N
[15:28:35] LPR11 Recv: LPR_N
[15:28:37] LPR12 Recv: LPR_N
[15:28:40] LPR11 Recv: LPR_N
[15:28:42] LPR12 Recv: LPR_N
[15:28:45] LPR11 Recv: LPR_N
[15:28:48] LPR12 Recv: LPR_N
[15:28:50] LPR11 Recv: LPR_N
[15:28:53] LPR12 Recv: LPR_N
[15:28:56] LPR11 Recv: LPR_N
[15:28:58] LPR12 Recv: LPR_N
[15:29:01] LPR11 Recv: LPR_N
[15:29:03] LPR12 Recv: LPR_N
[15:29:06] LPR11 Recv: LPR_N
[15:29:09] LPR12 Recv: LPR_N
[15:29:11] LPR11 Recv: LPR_N
[15:29:14] LPR12 Recv: LPR_N
[15:29:17] LPR11 Recv: LPR_N
[15:29:19] LPR12 Recv: LPR_N
[15:29:22] LPR11 Recv: LPR_N
[15:29:24] LPR12 Recv: LPR_N
[15:29:27] LPR11 Recv: LPR_N
[15:29:29] LPR12 Recv: LPR_N
[15:29:32] LPR11 Recv: LPR_N
[15:29:35] LPR12 Recv: LPR_N
[15:29:38] LPR11 Recv: LPR_N
[15:29:40] LPR12 Recv: LPR_N
[15:29:43] LPR11 Recv: LPR_N
[15:29:45] LPR12 Recv: LPR_N
[15:29:48] LPR11 Recv: LPR_N
[15:29:50] LPR12 Recv: LPR_N
[15:29:53] LPR11 Recv: LPR_N
[15:29:56] LPR12 Recv: LPR_N
[15:29:58] LPR11 Recv: LPR_N
[15:30:01] LPR12 Recv: LPR_N
[15:30:04] LPR11 Recv: LPR_N
[15:30:06] LPR12 Recv: LPR_N
[15:30:09] LPR11 Recv: LPR_N
[15:30:11] LPR12 Recv: LPR_N
[15:30:14] LPR11 Recv: LPR_N
[15:30:17] LPR12 Recv: LPR_N
[15:30:19] LPR11 Recv: LPR_N
[15:30:22] LPR12 Recv: LPR_N
[15:30:25] LPR11 Recv: LPR_N
[15:30:27] LPR12 Recv: LPR_N
[15:30:30] LPR11 Recv: LPR_N
[15:30:32] LPR12 Recv: LPR_N
[15:30:35] LPR11 Recv: LPR_N
[15:30:37] LPR12 Recv: LPR_N
[15:30:40] LPR11 Recv: LPR_N
[15:30:43] LPR12 Recv: LPR_N
[15:30:45] LPR11 Recv: LPR_N
[15:30:48] LPR12 Recv: LPR_N
[15:30:51] LPR11 Recv: LPR_N
[15:30:53] LPR12 Recv: LPR_N
[15:30:56] LPR11 Recv: LPR_N
[15:30:58] LPR12 Recv: LPR_N
[15:31:01] LPR11 Recv: LPR_N
[15:31:04] LPR12 Recv: LPR_N
[15:31:06] LPR11 Recv: LPR_N
[15:31:09] LPR12 Recv: LPR_N
[15:31:12] LPR11 Recv: LPR_N
[15:31:14] LPR12 Recv: LPR_N
[15:31:17] LPR11 Recv: LPR_N
[15:31:19] LPR12 Recv: LPR_N
[15:31:22] LPR11 Recv: LPR_N
[15:31:24] LPR12 Recv: LPR_N
[15:31:27] LPR11 Recv: LPR_N
[15:31:30] LPR12 Recv: LPR_N
[15:31:33] LPR11 Recv: LPR_N
[15:31:35] LPR12 Recv: LPR_N
[15:31:38] LPR11 Recv: LPR_N
[15:31:40] LPR12 Recv: LPR_N
[15:31:43] LPR11 Recv: LPR_N
[15:31:45] LPR12 Recv: LPR_N
[15:31:48] LPR11 Recv: LPR_N
[15:31:51] LPR12 Recv: LPR_N
[15:31:53] LPR11 Recv: LPR_N
[15:31:56] LPR12 Recv: LPR_N
[15:31:59] LPR11 Recv: LPR_N
[15:32:01] LPR12 Recv: LPR_N
[15:32:04] LPR11 Recv: LPR_N
[15:32:06] LPR12 Recv: LPR_N
[15:32:09] LPR11 Recv: LPR_N
[15:32:12] LPR12 Recv: LPR_N
[15:32:14] LPR11 Recv: LPR_N
[15:32:17] LPR12 Recv: LPR_N
[15:32:20] LPR11 Recv: LPR_N
[15:32:22] LPR12 Recv: LPR_N
[15:32:25] LPR11 Recv: LPR_N
[15:32:27] LPR12 Recv: LPR_N
[15:32:30] LPR11 Recv: LPR_N
[15:32:32] LPR12 Recv: LPR_N
[15:32:35] LPR11 Recv: LPR_N
[15:32:38] LPR12 Recv: LPR_N
[15:32:40] LPR11 Recv: LPR_N
[15:32:43] LPR12 Recv: LPR_N
[15:32:46] LPR11 Recv: LPR_N
[15:32:48] LPR12 Recv: LPR_N
[15:32:51] LPR11 Recv: LPR_N
[15:32:53] LPR12 Recv: LPR_N
[15:32:56] LPR11 Recv: LPR_N
[15:32:59] LPR12 Recv: LPR_N
[15:33:01] LPR11 Recv: LPR_N
[15:33:04] LPR12 Recv: LPR_N
[15:33:07] LPR11 Recv: LPR_N
[15:33:09] LPR12 Recv: LPR_N
[15:33:12] LPR11 Recv: LPR_N
[15:33:14] LPR12 Recv: LPR_N
[15:33:17] LPR11 Recv: LPR_N
[15:33:19] LPR12 Recv: LPR_N
[15:33:22] LPR11 Recv: LPR_N
[15:33:25] LPR12 Recv: LPR_N
[15:33:28] LPR11 Recv: LPR_N
[15:33:30] LPR12 Recv: LPR_N
[15:33:33] LPR11 Recv: LPR_N
[15:33:35] LPR12 Recv: LPR_N
[15:33:38] LPR11 Recv: LPR_N
[15:33:40] LPR12 Recv: LPR_N
[15:33:43] LPR11 Recv: LPR_N
[15:33:46] LPR12 Recv: LPR_N
[15:33:48] LPR11 Recv: LPR_N
[15:33:51] LPR12 Recv: LPR_N
[15:33:54] LPR11 Recv: LPR_N
[15:33:56] LPR12 Recv: LPR_N
[15:33:59] LPR11 Recv: LPR_N
[15:34:01] LPR12 Recv: LPR_N
[15:34:04] LPR11 Recv: LPR_N
[15:34:07] LPR12 Recv: LPR_N
[15:34:09] LPR11 Recv: LPR_N
[15:34:12] LPR12 Recv: LPR_N
[15:34:15] LPR11 Recv: LPR_N
[15:34:17] LPR12 Recv: LPR_N
[15:34:20] LPR11 Recv: LPR_N
[15:34:22] LPR12 Recv: LPR_N
[15:34:25] LPR11 Recv: LPR_N
[15:34:27] LPR12 Recv: LPR_N
[15:34:30] LPR11 Recv: LPR_N
[15:34:33] LPR12 Recv: LPR_N
[15:34:35] LPR11 Recv: LPR_N
[15:34:38] LPR12 Recv: LPR_N
[15:34:41] LPR11 Recv: LPR_N
[15:34:43] LPR12 Recv: LPR_N
[15:34:46] LPR11 Recv: LPR_N
[15:34:48] LPR12 Recv: LPR_N
[15:34:51] LPR11 Recv: LPR_N
[15:34:54] LPR12 Recv: LPR_N
[15:34:56] LPR11 Recv: LPR_N
[15:34:59] LPR12 Recv: LPR_N
[15:35:02] LPR11 Recv: LPR_N
[15:35:04] LPR12 Recv: LPR_N
[15:35:07] LPR11 Recv: LPR_N
[15:35:09] LPR12 Recv: LPR_N
[15:35:12] LPR11 Recv: LPR_N
[15:35:14] LPR12 Recv: LPR_N
[15:35:17] LPR11 Recv: LPR_N
[15:35:20] LPR12 Recv: LPR_N
[15:35:23] LPR11 Recv: LPR_N
[15:35:25] LPR12 Recv: LPR_N
[15:35:28] LPR11 Recv: LPR_N
[15:35:30] LPR12 Recv: LPR_N
[15:35:33] LPR11 Recv: LPR_N
[15:35:35] LPR12 Recv: LPR_N
[15:35:38] LPR11 Recv: LPR_N
[15:35:41] LPR12 Recv: LPR_N
[15:35:43] LPR11 Recv: LPR_N
[15:35:46] LPR12 Recv: LPR_N
[15:35:49] LPR11 Recv: LPR_N
[15:35:51] LPR12 Recv: LPR_N
[15:35:54] LPR11 Recv: LPR_N
[15:35:56] LPR12 Recv: LPR_N
[15:35:59] LPR11 Recv: LPR_N
[15:36:02] LPR12 Recv: LPR_N
[15:36:04] LPR11 Recv: LPR_N
[15:36:07] LPR12 Recv: LPR_N
[15:36:10] LPR11 Recv: LPR_N
[15:36:12] LPR12 Recv: LPR_N
[15:36:15] LPR11 Recv: LPR_N
[15:36:17] LPR12 Recv: LPR_N
[15:36:20] LPR11 Recv: LPR_N
[15:36:22] LPR12 Recv: LPR_N
[15:36:25] LPR11 Recv: LPR_N
[15:36:28] LPR12 Recv: LPR_N
[15:36:30] LPR11 Recv: LPR_N
[15:36:33] LPR12 Recv: LPR_N
[15:36:36] LPR11 Recv: LPR_N
[15:36:38] LPR12 Recv: LPR_N
[15:36:41] LPR11 Recv: LPR_N
[15:36:43] LPR12 Recv: LPR_N
[15:36:46] LPR11 Recv: LPR_N
[15:36:49] LPR12 Recv: LPR_N
[15:36:51] LPR11 Recv: LPR_N
[15:36:54] LPR12 Recv: LPR_N
[15:36:57] LPR11 Recv: LPR_N
[15:36:59] LPR12 Recv: LPR_N
[15:37:02] LPR11 Recv: LPR_N
[15:37:04] LPR12 Recv: LPR_N
[15:37:07] LPR11 Recv: LPR_N
[15:37:09] LPR12 Recv: LPR_N
[15:37:12] LPR11 Recv: LPR_N
[15:37:15] LPR12 Recv: LPR_N
[15:37:18] LPR11 Recv: LPR_N
[15:37:20] LPR12 Recv: LPR_N
[15:37:23] LPR11 Recv: LPR_N
[15:37:25] LPR12 Recv: LPR_N
[15:37:28] LPR11 Recv: LPR_N
[15:37:30] LPR12 Recv: LPR_N
[15:37:33] LPR11 Recv: LPR_N
[15:37:36] LPR12 Recv: LPR_N
[15:37:38] LPR11 Recv: LPR_N
[15:37:41] LPR12 Recv: LPR_N
[15:37:44] LPR11 Recv: LPR_N
[15:37:46] LPR12 Recv: LPR_N
[15:37:49] LPR11 Recv: LPR_N
[15:37:51] LPR12 Recv: LPR_N
[15:37:54] LPR11 Recv: LPR_N
[15:37:57] LPR12 Recv: LPR_N
[15:37:59] LPR11 Recv: LPR_N
[15:38:02] LPR12 Recv: LPR_N
[15:38:05] LPR11 Recv: LPR_N
[15:38:07] LPR12 Recv: LPR_N
[15:38:10] LPR11 Recv: LPR_N
[15:38:12] LPR12 Recv: LPR_N
[15:38:15] LPR11 Recv: LPR_N
[15:38:17] LPR12 Recv: LPR_N
[15:38:20] LPR11 Recv: LPR_N
[15:38:23] LPR12 Recv: LPR_N
[15:38:25] LPR11 Recv: LPR_N
[15:38:28] LPR12 Recv: LPR_N
[15:38:31] LPR11 Recv: LPR_N
[15:38:33] LPR12 Recv: LPR_N
[15:38:36] LPR11 Recv: LPR_N
[15:38:38] LPR12 Recv: LPR_N
[15:38:41] LPR11 Recv: LPR_N
[15:38:44] LPR12 Recv: LPR_N
[15:38:46] LPR11 Recv: LPR_N
[15:38:49] LPR12 Recv: LPR_N
[15:38:52] LPR11 Recv: LPR_N
[15:38:54] LPR12 Recv: LPR_N
[15:38:57] LPR11 Recv: LPR_N
[15:38:59] LPR12 Recv: LPR_N
[15:39:02] LPR11 Recv: LPR_N
[15:39:04] LPR12 Recv: LPR_N
[15:39:07] LPR11 Recv: LPR_N
[15:39:10] LPR12 Recv: LPR_N
[15:39:13] LPR11 Recv: LPR_N
[15:39:15] LPR12 Recv: LPR_N
[15:39:18] LPR11 Recv: LPR_N
[15:39:20] LPR12 Recv: LPR_N
[15:39:23] LPR11 Recv: LPR_N
[15:39:25] LPR12 Recv: LPR_N
[15:39:28] LPR11 Recv: LPR_N
[15:39:31] LPR12 Recv: LPR_N
[15:39:33] LPR11 Recv: LPR_N
[15:39:36] LPR12 Recv: LPR_N
[15:39:39] LPR11 Recv: LPR_N
[15:39:41] LPR12 Recv: LPR_N
[15:39:44] LPR11 Recv: LPR_N
[15:39:46] LPR12 Recv: LPR_N
[15:39:49] LPR11 Recv: LPR_N
[15:39:52] LPR12 Recv: LPR_N
[15:39:54] LPR11 Recv: LPR_N
[15:39:57] LPR12 Recv: LPR_N
[15:40:00] LPR11 Recv: LPR_N
[15:40:02] LPR12 Recv: LPR_N
[15:40:05] LPR11 Recv: LPR_N
[15:40:07] LPR12 Recv: LPR_N
[15:40:10] LPR11 Recv: LPR_N
[15:40:12] LPR12 Recv: LPR_N
[15:40:15] LPR11 Recv: LPR_N
[15:40:18] LPR12 Recv: LPR_N
[15:40:20] LPR11 Recv: LPR_N
[15:40:23] LPR12 Recv: LPR_N
[15:40:26] LPR11 Recv: LPR_N
[15:40:28] LPR12 Recv: LPR_N
[15:40:31] LPR11 Recv: LPR_N
[15:40:33] LPR12 Recv: LPR_N
[15:40:36] LPR11 Recv: LPR_N
[15:40:39] LPR12 Recv: LPR_N
[15:40:41] LPR11 Recv: LPR_N
[15:40:44] LPR12 Recv: LPR_N
[15:40:47] LPR11 Recv: LPR_N
[15:40:49] LPR12 Recv: LPR_N
[15:40:52] LPR11 Recv: LPR_N
[15:40:54] LPR12 Recv: LPR_N
[15:40:57] LPR11 Recv: LPR_N
[15:40:59] LPR12 Recv: LPR_N
[15:41:02] LPR11 Recv: LPR_N
[15:41:05] LPR12 Recv: LPR_N
[15:41:08] LPR11 Recv: LPR_N
[15:41:10] LPR12 Recv: LPR_N
[15:41:13] LPR11 Recv: LPR_N
[15:41:15] LPR12 Recv: LPR_N
[15:41:18] LPR11 Recv: LPR_N
[15:41:20] LPR12 Recv: LPR_N
[15:41:23] LPR11 Recv: LPR_N
[15:41:26] LPR12 Recv: LPR_N
[15:41:28] LPR11 Recv: LPR_N
[15:41:31] LPR12 Recv: LPR_N
[15:41:34] LPR11 Recv: LPR_N
[15:41:36] LPR12 Recv: LPR_N
[15:41:39] LPR11 Recv: LPR_N
[15:41:41] LPR12 Recv: LPR_N
[15:41:44] LPR11 Recv: LPR_N
[15:41:47] LPR12 Recv: LPR_N
[15:41:49] LPR11 Recv: LPR_N
[15:41:52] LPR12 Recv: LPR_N
[15:41:55] LPR11 Recv: LPR_N
[15:41:57] LPR12 Recv: LPR_N
[15:42:00] LPR11 Recv: LPR_N
[15:42:02] LPR12 Recv: LPR_N
[15:42:05] LPR11 Recv: LPR_N
[15:42:07] LPR12 Recv: LPR_N
[15:42:10] LPR11 Recv: LPR_N
[15:42:13] LPR12 Recv: LPR_N
[15:42:15] LPR11 Recv: LPR_N
[15:42:18] LPR12 Recv: LPR_N
[15:42:21] LPR11 Recv: LPR_N
[15:42:23] LPR12 Recv: LPR_N
[15:42:26] LPR11 Recv: LPR_N
[15:42:28] LPR12 Recv: LPR_N
[15:42:31] LPR11 Recv: LPR_N
[15:42:34] LPR12 Recv: LPR_N
[15:42:36] LPR11 Recv: LPR_N
[15:42:39] LPR12 Recv: LPR_N
[15:42:42] LPR11 Recv: LPR_N
[15:42:44] LPR12 Recv: LPR_N
[15:42:47] LPR11 Recv: LPR_N
[15:42:49] LPR12 Recv: LPR_N
[15:42:52] LPR11 Recv: LPR_N
[15:42:54] LPR12 Recv: LPR_N
[15:42:57] LPR11 Recv: LPR_N
[15:43:00] LPR12 Recv: LPR_N
[15:43:03] LPR11 Recv: LPR_N
[15:43:05] LPR12 Recv: LPR_N
[15:43:08] LPR11 Recv: LPR_N
[15:43:10] LPR12 Recv: LPR_N
[15:43:13] LPR11 Recv: LPR_N
[15:43:15] LPR12 Recv: LPR_N
[15:43:18] LPR11 Recv: LPR_N
[15:43:21] LPR12 Recv: LPR_N
[15:43:23] LPR11 Recv: LPR_N
[15:43:26] LPR12 Recv: LPR_N
[15:43:29] LPR11 Recv: LPR_N
[15:43:31] LPR12 Recv: LPR_N
[15:43:34] LPR11 Recv: LPR_N
[15:43:36] LPR12 Recv: LPR_N
[15:43:39] LPR11 Recv: LPR_N
[15:43:42] LPR12 Recv: LPR_N
[15:43:44] LPR11 Recv: LPR_N
[15:43:47] LPR12 Recv: LPR_N
[15:43:50] LPR11 Recv: LPR_N
[15:43:52] LPR12 Recv: LPR_N
[15:43:55] LPR11 Recv: LPR_N
[15:43:57] LPR12 Recv: LPR_N
[15:44:00] LPR11 Recv: LPR_N
[15:44:02] LPR12 Recv: LPR_N
[15:44:05] LPR11 Recv: LPR_N
[15:44:08] LPR12 Recv: LPR_N
[15:44:10] LPR11 Recv: LPR_N
[15:44:13] LPR12 Recv: LPR_N
[15:44:16] LPR11 Recv: LPR_N
[15:44:18] LPR12 Recv: LPR_N
[15:44:21] LPR11 Recv: LPR_N
[15:44:23] LPR12 Recv: LPR_N
[15:44:26] LPR11 Recv: LPR_N
[15:44:29] LPR12 Recv: LPR_N
[15:44:31] LPR11 Recv: LPR_N
[15:44:34] LPR12 Recv: LPR_N
[15:44:37] LPR11 Recv: LPR_N
[15:44:39] LPR12 Recv: LPR_N
[15:44:42] LPR11 Recv: LPR_N
[15:44:44] LPR12 Recv: LPR_N
[15:44:47] LPR11 Recv: LPR_N
[15:44:49] LPR12 Recv: LPR_N
[15:44:52] LPR11 Recv: LPR_N
[15:44:55] LPR12 Recv: LPR_N
[15:44:58] LPR11 Recv: LPR_N
[15:45:00] LPR12 Recv: LPR_N
[15:45:03] LPR11 Recv: LPR_N
[15:45:05] LPR12 Recv: LPR_N
[15:45:08] LPR11 Recv: LPR_N
[15:45:10] LPR12 Recv: LPR_N
[15:45:13] LPR11 Recv: LPR_N
[15:45:16] LPR12 Recv: LPR_N
[15:45:18] LPR11 Recv: LPR_N
[15:45:21] LPR12 Recv: LPR_N
[15:45:24] LPR11 Recv: LPR_N
[15:45:26] LPR12 Recv: LPR_N
[15:45:29] LPR11 Recv: LPR_N
[15:45:31] LPR12 Recv: LPR_N
[15:45:34] LPR11 Recv: LPR_N
[15:45:37] LPR12 Recv: LPR_N
[15:45:39] LPR11 Recv: LPR_N
[15:45:42] LPR12 Recv: LPR_N
[15:45:45] LPR11 Recv: LPR_N
[15:45:47] LPR12 Recv: LPR_N
[15:45:50] LPR11 Recv: LPR_N
[15:45:52] LPR12 Recv: LPR_N
[15:45:55] LPR11 Recv: LPR_N
[15:45:57] LPR12 Recv: LPR_N
[15:46:00] LPR11 Recv: LPR_N
[15:46:03] LPR12 Recv: LPR_N
[15:46:05] LPR11 Recv: LPR_N
[15:46:08] LPR12 Recv: LPR_N
[15:46:11] LPR11 Recv: LPR_N
[15:46:13] LPR12 Recv: LPR_N
[15:46:16] LPR11 Recv: LPR_N
[15:46:18] LPR12 Recv: LPR_N
[15:46:21] LPR11 Recv: LPR_N
[15:46:24] LPR12 Recv: LPR_N
[15:46:26] LPR11 Recv: LPR_N
[15:46:29] LPR12 Recv: LPR_N
[15:46:32] LPR11 Recv: LPR_N
[15:46:34] LPR12 Recv: LPR_N
[15:46:37] LPR11 Recv: LPR_N
[15:46:39] LPR12 Recv: LPR_N
[15:46:42] LPR11 Recv: LPR_N
[15:46:44] LPR12 Recv: LPR_N
[15:46:47] LPR11 Recv: LPR_N
[15:46:50] LPR12 Recv: LPR_N
[15:46:53] LPR11 Recv: LPR_N
[15:46:55] LPR12 Recv: LPR_N
[15:46:58] LPR11 Recv: LPR_N
[15:47:00] LPR12 Recv: LPR_N
[15:47:03] LPR11 Recv: LPR_N
[15:47:05] LPR12 Recv: LPR_N
[15:47:08] LPR11 Recv: LPR_N
[15:47:11] LPR12 Recv: LPR_N
[15:47:13] LPR11 Recv: LPR_N
[15:47:16] LPR12 Recv: LPR_N
[15:47:19] LPR11 Recv: LPR_N
[15:47:21] LPR12 Recv: LPR_N
[15:47:24] LPR11 Recv: LPR_N
[15:47:26] LPR12 Recv: LPR_N
[15:47:29] LPR11 Recv: LPR_N
[15:47:32] LPR12 Recv: LPR_N
[15:47:34] LPR11 Recv: LPR_N
[15:47:37] LPR12 Recv: LPR_N
[15:47:40] LPR11 Recv: LPR_N
[15:47:42] LPR12 Recv: LPR_N
[15:47:45] LPR11 Recv: LPR_N
[15:47:47] LPR12 Recv: LPR_N
[15:47:50] LPR11 Recv: LPR_N
[15:47:52] LPR12 Recv: LPR_N
[15:47:55] LPR11 Recv: LPR_N
[15:47:58] LPR12 Recv: LPR_N
[15:48:00] LPR11 Recv: LPR_N
[15:48:03] LPR12 Recv: LPR_N
[15:48:06] LPR11 Recv: LPR_N
[15:48:08] LPR12 Recv: LPR_N
[15:48:11] LPR11 Recv: LPR_N
[15:48:13] LPR12 Recv: LPR_N
[15:48:16] LPR11 Recv: LPR_N
[15:48:19] LPR12 Recv: LPR_N
[15:48:21] LPR11 Recv: LPR_N
[15:48:24] LPR12 Recv: LPR_N
[15:48:27] LPR11 Recv: LPR_N
[15:48:29] LPR12 Recv: LPR_N
[15:48:32] LPR11 Recv: LPR_N
[15:48:34] LPR12 Recv: LPR_N
[15:48:37] LPR11 Recv: LPR_N
[15:48:39] LPR12 Recv: LPR_N
[15:48:42] LPR11 Recv: LPR_N
[15:48:45] LPR12 Recv: LPR_N
[15:48:48] LPR11 Recv: LPR_N
[15:48:50] LPR12 Recv: LPR_N
[15:48:53] LPR11 Recv: LPR_N
[15:48:55] LPR12 Recv: LPR_N
[15:48:58] LPR11 Recv: LPR_N
[15:49:00] LPR12 Recv: LPR_N
[15:49:03] LPR11 Recv: LPR_N
[15:49:06] LPR12 Recv: LPR_N
[15:49:08] LPR11 Recv: LPR_N
[15:49:11] LPR12 Recv: LPR_N
[15:49:14] LPR11 Recv: LPR_N
[15:49:16] LPR12 Recv: LPR_N
[15:49:19] LPR11 Recv: LPR_N
[15:49:21] LPR12 Recv: LPR_N
[15:49:24] LPR11 Recv: LPR_N
[15:49:27] LPR12 Recv: LPR_N
[15:49:29] LPR11 Recv: LPR_N
[15:49:32] LPR12 Recv: LPR_N
[15:49:35] LPR11 Recv: LPR_N
[15:49:37] LPR12 Recv: LPR_N
[15:49:40] LPR11 Recv: LPR_N
[15:49:43] LPR12 Recv: LPR_N
[15:49:45] LPR11 Recv: LPR_N
[15:49:48] LPR12 Recv: LPR_N
[15:49:50] LPR11 Recv: LPR_N
[15:49:53] LPR12 Recv: LPR_N
[15:49:55] LPR11 Recv: LPR_N
[15:49:58] LPR12 Recv: LPR_N
[15:50:01] LPR11 Recv: LPR_N
[15:50:04] LPR12 Recv: LPR_N
[15:50:06] LPR11 Recv: LPR_N
[15:50:09] LPR12 Recv: LPR_N
[15:50:11] LPR11 Recv: LPR_N
[15:50:14] LPR12 Recv: LPR_N
[15:50:16] LPR11 Recv: LPR_N
[15:50:19] LPR12 Recv: LPR_N
[15:50:22] LPR11 Recv: LPR_N
[15:50:25] LPR12 Recv: LPR_N
[15:50:27] LPR11 Recv: LPR_N
[15:50:30] LPR12 Recv: LPR_N
[15:50:32] LPR11 Recv: LPR_N
[15:50:35] LPR12 Recv: LPR_N
[15:50:37] LPR11 Recv: LPR_N
[15:50:40] LPR12 Recv: LPR_N
[15:50:43] LPR11 Recv: LPR_N
[15:50:45] LPR12 Recv: LPR_N
[15:50:48] LPR11 Recv: LPR_N
[15:50:51] LPR12 Recv: LPR_N
[15:50:53] LPR11 Recv: LPR_N
[15:50:56] LPR12 Recv: LPR_N
[15:50:58] LPR11 Recv: LPR_N
[15:51:01] LPR12 Recv: LPR_N
[15:51:03] LPR11 Recv: LPR_N
[15:51:06] LPR12 Recv: LPR_N
[15:51:09] LPR11 Recv: LPR_N
[15:51:12] LPR12 Recv: LPR_N
[15:51:14] LPR11 Recv: LPR_N
[15:51:17] LPR12 Recv: LPR_N
[15:51:19] LPR11 Recv: LPR_N
[15:51:22] LPR12 Recv: LPR_N
[15:51:24] LPR11 Recv: LPR_N
[15:51:27] LPR12 Recv: LPR_N
[15:51:30] LPR11 Recv: LPR_N
[15:51:32] LPR12 Recv: LPR_N
[15:51:35] LPR11 Recv: LPR_N
[15:51:38] LPR12 Recv: LPR_N
[15:51:40] LPR11 Recv: LPR_N
[15:51:43] LPR12 Recv: LPR_N
[15:51:45] LPR11 Recv: LPR_N
[15:51:48] LPR12 Recv: LPR_N
[15:51:50] LPR11 Recv: LPR_N
[15:51:53] LPR12 Recv: LPR_N
[15:51:56] LPR11 Recv: LPR_N
[15:51:59] LPR12 Recv: LPR_N
[15:52:01] LPR11 Recv: LPR_N
[15:52:04] LPR12 Recv: LPR_N
[15:52:06] LPR11 Recv: LPR_N
[15:52:09] LPR12 Recv: LPR_N
[15:52:11] LPR11 Recv: LPR_N
[15:52:14] LPR12 Recv: LPR_N
[15:52:17] LPR11 Recv: LPR_N
[15:52:20] LPR12 Recv: LPR_N
[15:52:22] LPR11 Recv: LPR_N
[15:52:25] LPR12 Recv: LPR_N
[15:52:27] LPR11 Recv: LPR_N
[15:52:29] Program Close
[15:52:35] Program Start!
[15:52:39] 근무시작: 배은화
[15:52:41] 영수증프린터 포트오픈 에러: ie_BadId - Specified comport doesn't exist
[15:52:41] Ping 시간 체크1-25863656
[15:52:41] Ping 시간 체크2-25863656
[15:52:41] Ping 시간 체크1-25863718
[15:52:41] Ping 시간 체크2-25863734
[15:52:41] Ping 시간 체크1-25863734
[15:52:41] Ping 시간 체크2-25863750
[15:52:41] Ping 시간 체크1-25863750
[15:52:41] Ping 시간 체크2-25863750
[15:52:41] LPR11 Recv: 172.16.83.1
[15:52:41] LPR12 Recv: 172.16.83.1
[15:52:42] LPR11 Recv: LPR_N
[15:52:43] LPR11 Recv: LPR_N
[15:52:43] LPR12 Recv: LPR_N
[15:57:08] Program Start!
[15:57:15] 근무시작: 배은화
[15:57:15] 영수증프린터 포트오픈 에러: ie_BadId - Specified comport doesn't exist
[15:57:15] Ping 시간 체크1-26137656
[15:57:15] Ping 시간 체크2-26137671
[15:57:15] Ping 시간 체크1-26137671
[15:57:15] Ping 시간 체크2-26137687
[15:57:15] Ping 시간 체크1-26137703
[15:57:15] Ping 시간 체크2-26137703
[15:57:15] Ping 시간 체크1-26137718
[15:57:15] Ping 시간 체크2-26137734
[15:57:15] LPR12 Recv: 172.16.83.1
[15:57:15] LPR11 Recv: 172.16.83.1LPR_N
[15:57:15] LPR Check: ,http://172.16.66.33:9080/MSImage172.16.83.1LPR_N,3,,,0, N   -  -     :  :  
[15:57:15] 이미지저장폴더 생성실패: C:\LPRImage\N   \  \  \11
[15:57:15] File: \\172.16.66.33\MSImage172.16.83.1LPR_N
[15:57:15] csInLpr1Read: qryInLpr1Proc: Cannot perform this operation on a closed dataset
[15:57:16] LPR11 Recv: LPR_N
[15:57:16] LPR12 Recv: LPR_N
[15:57:17] LPR12 Recv: LPR_N
[15:57:20] LPR11 Recv: LPR_N
[15:57:23] LPR12 Recv: LPR_N
[15:57:25] LPR11 Recv: LPR_N
[15:57:28] LPR12 Recv: LPR_N
[15:57:30] LPR11 Recv: LPR_N
[15:57:33] LPR12 Recv: LPR_N
[15:57:35] LPR11 Recv: LPR_N
[15:57:38] LPR12 Recv: LPR_N
[15:57:41] LPR11 Recv: LPR_N
[15:57:44] LPR12 Recv: LPR_N
[15:57:46] LPR11 Recv: LPR_N
[15:57:49] LPR12 Recv: LPR_N
[15:57:51] LPR11 Recv: LPR_N
[15:57:54] LPR12 Recv: LPR_N
[15:57:56] LPR11 Recv: LPR_N
[15:57:59] LPR12 Recv: LPR_N
[15:58:02] LPR11 Recv: LPR_N
[15:58:05] LPR12 Recv: LPR_N
[15:58:07] LPR11 Recv: LPR_N
[15:58:10] LPR12 Recv: LPR_N
[15:58:12] LPR11 Recv: LPR_N
[15:58:15] LPR12 Recv: LPR_N
[15:58:17] LPR11 Recv: LPR_N
[15:58:20] LPR12 Recv: LPR_N
[15:58:23] LPR11 Recv: LPR_N
[15:58:25] LPR12 Recv: LPR_N
[15:58:28] LPR11 Recv: LPR_N
[15:58:31] LPR12 Recv: LPR_N
[15:58:33] LPR11 Recv: LPR_N
[15:58:36] LPR12 Recv: LPR_N
[15:58:38] LPR11 Recv: LPR_N
[15:58:41] LPR12 Recv: LPR_N
[15:58:43] LPR11 Recv: LPR_N
[15:58:46] LPR12 Recv: LPR_N
[15:58:49] LPR11 Recv: LPR_N
[15:58:52] LPR12 Recv: LPR_N
[15:58:54] LPR11 Recv: LPR_N
[15:58:57] LPR12 Recv: LPR_N
[15:58:59] LPR11 Recv: LPR_N
[15:59:02] LPR12 Recv: LPR_N
[15:59:04] LPR11 Recv: LPR_N
[15:59:07] LPR12 Recv: LPR_N
[15:59:10] LPR11 Recv: LPR_N
[15:59:12] LPR12 Recv: LPR_N
[15:59:15] LPR11 Recv: LPR_N
[15:59:18] LPR12 Recv: LPR_N
[15:59:20] LPR11 Recv: LPR_N
[15:59:23] LPR12 Recv: LPR_N
[15:59:25] LPR11 Recv: LPR_N
[15:59:28] LPR12 Recv: LPR_N
[15:59:30] LPR11 Recv: LPR_N
[15:59:33] LPR12 Recv: LPR_N
[15:59:36] LPR11 Recv: LPR_N
[15:59:39] LPR12 Recv: LPR_N
[15:59:41] LPR11 Recv: LPR_N
[15:59:44] LPR12 Recv: LPR_N
[15:59:46] LPR11 Recv: LPR_N
[15:59:49] LPR12 Recv: LPR_N
[15:59:51] LPR11 Recv: LPR_N
[15:59:54] LPR12 Recv: LPR_N
[15:59:57] LPR11 Recv: LPR_N
[16:00:00] LPR12 Recv: LPR_N
[16:00:02] LPR11 Recv: LPR_N
[16:00:05] LPR12 Recv: LPR_N
[16:00:07] LPR11 Recv: LPR_N
[16:00:10] LPR12 Recv: LPR_N
[16:00:12] LPR11 Recv: LPR_N
[16:00:16] LPR12 Recv: LPR_N
[16:00:18] LPR11 Recv: LPR_N
[16:00:20] LPR12 Recv: LPR_N
[16:00:23] LPR11 Recv: LPR_N
[16:00:26] LPR12 Recv: LPR_N
[16:00:28] LPR11 Recv: LPR_N
[16:00:31] LPR12 Recv: LPR_N
[16:00:33] LPR11 Recv: LPR_N
[16:00:36] LPR12 Recv: LPR_N
[16:00:38] LPR11 Recv: LPR_N
[16:00:42] LPR12 Recv: LPR_N
[16:00:44] LPR11 Recv: LPR_N
[16:00:47] LPR12 Recv: LPR_N
[16:00:49] LPR11 Recv: LPR_N
[16:00:52] LPR12 Recv: LPR_N
[16:00:54] LPR11 Recv: LPR_N
[16:00:57] LPR12 Recv: LPR_N
[16:00:59] LPR11 Recv: LPR_N
[16:01:03] LPR12 Recv: LPR_N
[16:01:05] LPR11 Recv: LPR_N
[16:01:08] LPR12 Recv: LPR_N
[16:01:10] LPR11 Recv: LPR_N
[16:01:13] LPR12 Recv: LPR_N
[16:01:16] LPR11 Recv: LPR_N
[16:01:18] LPR12 Recv: LPR_N
[16:01:21] LPR11 Recv: LPR_N
[16:01:24] LPR12 Recv: LPR_N
[16:01:26] LPR11 Recv: LPR_N
[16:01:29] LPR12 Recv: LPR_N
[16:01:31] LPR11 Recv: LPR_N
[16:01:34] LPR12 Recv: LPR_N
[16:01:36] LPR11 Recv: LPR_N
[16:01:39] LPR12 Recv: LPR_N
[16:01:42] LPR11 Recv: LPR_N
[16:01:45] LPR12 Recv: LPR_N
[16:01:47] LPR11 Recv: LPR_N
[16:01:50] LPR12 Recv: LPR_N
[16:01:52] LPR11 Recv: LPR_N
[16:01:55] LPR12 Recv: LPR_N
[16:01:57] LPR11 Recv: LPR_N
[16:02:00] LPR12 Recv: LPR_N
[16:02:03] LPR11 Recv: LPR_N
[16:02:05] LPR12 Recv: LPR_N
[16:02:08] LPR11 Recv: LPR_N
[16:02:11] LPR12 Recv: LPR_N
[16:02:13] LPR11 Recv: LPR_N
[16:02:16] LPR12 Recv: LPR_N
[16:02:18] LPR11 Recv: LPR_N
[16:02:21] LPR12 Recv: LPR_N
[16:02:23] LPR11 Recv: LPR_N
[16:02:26] LPR12 Recv: LPR_N
[16:02:29] LPR11 Recv: LPR_N
[16:02:32] LPR12 Recv: LPR_N
[16:02:34] LPR11 Recv: LPR_N
[16:02:37] LPR12 Recv: LPR_N
[16:02:39] LPR11 Recv: LPR_N
[16:02:42] LPR12 Recv: LPR_N
[16:02:44] LPR11 Recv: LPR_N
[16:02:47] LPR12 Recv: LPR_N
[16:02:50] LPR11 Recv: LPR_N
[16:02:53] LPR12 Recv: LPR_N
[16:02:55] LPR11 Recv: LPR_N
[16:02:58] LPR12 Recv: LPR_N
[16:03:00] LPR11 Recv: LPR_N
[16:03:03] LPR12 Recv: LPR_N
[16:03:05] LPR11 Recv: LPR_N
[16:03:08] LPR12 Recv: LPR_N
[16:03:11] LPR11 Recv: LPR_N
[16:03:13] LPR12 Recv: LPR_N
[16:03:16] LPR11 Recv: LPR_N
[16:03:19] LPR12 Recv: LPR_N
[16:03:21] LPR11 Recv: LPR_N
[16:03:24] LPR12 Recv: LPR_N
[16:03:26] LPR11 Recv: LPR_N
[16:03:29] LPR12 Recv: LPR_N
[16:03:31] LPR11 Recv: LPR_N
[16:03:34] LPR12 Recv: LPR_N
[16:03:37] LPR11 Recv: LPR_N
[16:03:40] LPR12 Recv: LPR_N
[16:03:42] LPR11 Recv: LPR_N
[16:03:45] LPR12 Recv: LPR_N
[16:03:47] LPR11 Recv: LPR_N
[16:03:50] LPR12 Recv: LPR_N
[16:03:52] LPR11 Recv: LPR_N
[16:03:55] LPR12 Recv: LPR_N
[16:03:58] LPR11 Recv: LPR_N
[16:04:00] LPR12 Recv: LPR_N
[16:04:03] LPR11 Recv: LPR_N
[16:04:06] LPR12 Recv: LPR_N
[16:04:08] LPR11 Recv: LPR_N
[16:04:11] LPR12 Recv: LPR_N
[16:04:13] LPR11 Recv: LPR_N
[16:04:16] LPR12 Recv: LPR_N
[16:04:18] LPR11 Recv: LPR_N
[16:04:21] LPR12 Recv: LPR_N
[16:04:24] LPR11 Recv: LPR_N
[16:04:27] LPR12 Recv: LPR_N
[16:04:29] LPR11 Recv: LPR_N
[16:04:32] LPR12 Recv: LPR_N
[16:04:34] LPR11 Recv: LPR_N
[16:04:37] LPR12 Recv: LPR_N
[16:04:39] LPR11 Recv: LPR_N
[16:04:42] LPR12 Recv: LPR_N
[16:04:45] LPR11 Recv: LPR_N
[16:04:48] LPR12 Recv: LPR_N
[16:04:50] LPR11 Recv: LPR_N
[16:04:53] LPR12 Recv: LPR_N
[16:04:55] LPR11 Recv: LPR_N
[16:04:58] LPR12 Recv: LPR_N
[16:05:00] LPR11 Recv: LPR_N
[16:05:01] Program Close
[16:05:07] Program Start!
[16:05:09] 근무시작: 배은화
[16:05:12] 영수증프린터 포트오픈 에러: ie_BadId - Specified comport doesn't exist
[16:05:12] Ping 시간 체크1-26614531
[16:05:12] Ping 시간 체크2-26614546
[16:05:12] Ping 시간 체크1-26614609
[16:05:12] Ping 시간 체크2-26614609
[16:05:12] Ping 시간 체크1-26614625
[16:05:12] Ping 시간 체크2-26614625
[16:05:12] Ping 시간 체크1-26614625
[16:05:12] Ping 시간 체크2-26614640
[16:05:12] LPR12 Recv: 172.16.83.1
[16:05:12] LPR11 Recv: 172.16.83.1
[16:05:14] LPR12 Recv: LPR_N
[16:05:14] LPR11 Recv: LPR_N
[16:05:16] LPR11 Recv: LPR_N
[16:05:19] LPR12 Recv: LPR_N
[16:05:21] Ping 시간 체크1-26623734
[16:05:21] Ping 시간 체크2-26623734
[16:05:21] Ping 시간 체크1-26623734
[16:05:21] Ping 시간 체크2-26623750
[16:05:21] 출구차단기 Open
[16:05:21] LPR11 Recv: LPR_N
[16:05:24] LPR12 Recv: LPR_N
[16:05:26] LPR11 Recv: LPR_N
[16:05:29] LPR12 Recv: LPR_N
[16:05:30] Program Close
[16:05:33] Program Start!
[16:05:36] 근무시작: 배은화
[16:05:38] 영수증프린터 포트오픈 에러: ie_BadId - Specified comport doesn't exist
[16:05:38] Ping 시간 체크1-26641265
[16:05:38] Ping 시간 체크2-26641265
[16:05:38] Ping 시간 체크1-26641328
[16:05:38] Ping 시간 체크2-26641343
[16:05:38] Ping 시간 체크1-26641343
[16:05:38] Ping 시간 체크2-26641359
[16:05:38] Ping 시간 체크1-26641359
[16:05:38] Ping 시간 체크2-26641359
[16:05:39] LPR12 Recv: 172.16.83.1
[16:05:39] LPR11 Recv: 172.16.83.1
[16:05:40] LPR12 Recv: LPR_N
[16:05:40] LPR11 Recv: LPR_N
[16:55:16] Program Start!
[16:55:18] 근무시작: 배은화
[16:55:21] 영수증프린터 포트오픈 에러: ie_BadId - Specified comport doesn't exist
[16:55:21] Ping 시간 체크1-29623656
[16:55:21] Ping 시간 체크2-29623671
[16:55:21] Ping 시간 체크1-29623750
[16:55:21] Ping 시간 체크2-29623765
[16:55:21] Ping 시간 체크1-29623765
[16:55:21] Ping 시간 체크2-29623781
[16:55:21] Ping 시간 체크1-29623781
[16:55:21] Ping 시간 체크2-29623796
[16:55:21] LPR11 Recv: 172.16.83.1
[16:55:21] LPR12 Recv: 172.16.83.1
[16:55:22] LPR11 Recv: LPR_N
[16:55:22] LPR12 Recv: LPR_N
[16:55:23] LPR11 Recv: LPR_N
[16:55:24] Program Close
[16:55:43] Program Start!
[16:55:46] 근무시작: 배은화
[16:55:47] 영수증프린터 포트오픈 에러: ie_BadId - Specified comport doesn't exist
[16:55:47] Ping 시간 체크1-29650250
[16:55:47] Ping 시간 체크2-29650250
[16:55:47] Ping 시간 체크1-29650328
[16:55:47] Ping 시간 체크2-29650328
[16:55:47] Ping 시간 체크1-29650328
[16:55:47] Ping 시간 체크2-29650343
[16:55:47] Ping 시간 체크1-29650343
[16:55:47] Ping 시간 체크2-29650359
[16:55:48] LPR11 Recv: 172.16.83.1
[16:55:48] LPR12 Recv: 172.16.83.1
[16:55:48] LPR11 Recv: LPR_N
[16:55:49] LPR12 Recv: LPR_N
[16:55:49] LPR11 Recv: LPR_N
[16:55:51] LPR12 Recv: LPR_N
[16:56:05] Ping 시간 체크1-29667718
[16:56:05] Ping 시간 체크2-29667718
[17:14:55] Program Start!
[17:14:57] 근무시작: 배은화
[17:14:57] 영수증프린터 포트오픈 에러: ie_BadId - Specified comport doesn't exist
[17:14:57] Ping 시간 체크1-30799734
[17:14:57] Ping 시간 체크2-30799750
[17:14:57] Ping 시간 체크1-30799750
[17:14:57] Ping 시간 체크2-30799765
[17:14:57] Ping 시간 체크1-30799765
[17:14:57] Ping 시간 체크2-30799781
[17:14:57] Ping 시간 체크1-30799781
[17:14:57] Ping 시간 체크2-30799796
[17:14:57] LPR11 Recv: 172.16.83.1
[17:14:57] LPR12 Recv: 172.16.83.1
[17:14:58] LPR11 Recv: LPR_N
[17:14:58] LPR12 Recv: LPR_N
[17:14:59] LPR11 Recv: LPR_N
[17:15:01] LPR12 Recv: LPR_N
[17:15:03] LPR11 Recv: LPR_N
[17:15:04] Program Close
[17:30:34] Program Start!
[17:30:36] 근무시작: 배은화
[17:30:36] 영수증프린터 포트오픈 에러: ie_BadId - Specified comport doesn't exist
[17:30:36] Ping 시간 체크1-31738718
[17:30:36] Ping 시간 체크2-31738734
[17:30:36] Ping 시간 체크1-31738734
[17:30:36] Ping 시간 체크2-31738750
[17:30:36] Ping 시간 체크1-31738765
[17:30:36] Ping 시간 체크2-31738781
[17:30:36] Ping 시간 체크1-31738781
[17:30:36] Ping 시간 체크2-31738796
[17:30:36] LPR11 Recv: 172.16.83.1
[17:30:36] LPR12 Recv: 172.16.83.1
[17:30:36] LPR12 Recv: LPR_N
[17:30:37] LPR11 Recv: LPR_N
[17:30:37] LPR12 Recv: LPR_N
[17:30:39] LPR11 Recv: LPR_N
[17:30:42] LPR12 Recv: LPR_N
[17:30:42] Ping 시간 체크1-31744875
[17:30:42] Ping 시간 체크2-31744890
[17:30:44] LPR11 Recv: LPR_N
[17:30:46] Program Close
[17:39:31] Program Start!
[17:39:33] 근무시작: 배은화
[17:39:33] 영수증프린터 포트오픈 에러: ie_BadId - Specified comport doesn't exist
[17:39:33] Ping 시간 체크1-32275734
[17:39:33] Ping 시간 체크2-32275750
[17:39:33] Ping 시간 체크1-32275765
[17:39:33] Ping 시간 체크2-32275765
[17:39:33] Ping 시간 체크1-32275781
[17:39:33] Ping 시간 체크2-32275796
[17:39:33] Ping 시간 체크1-32275796
[17:39:33] Ping 시간 체크2-32275812
[17:39:33] LPR12 Recv: 172.16.83.1
[17:39:33] LPR11 Recv: 172.16.83.1
[17:39:34] LPR11 Recv: LPR_N
[17:39:34] LPR12 Recv: LPR_N
[17:39:35] LPR12 Recv: LPR_N
[17:39:36] Ping 시간 체크1-32279281
[17:39:36] Ping 시간 체크2-32279296
[17:39:37] LPR11 Recv: LPR_N
[17:39:40] LPR12 Recv: LPR_N
[17:39:42] LPR11 Recv: LPR_N
[17:39:45] LPR12 Recv: LPR_N
[17:39:48] LPR11 Recv: LPR_N
[17:39:50] LPR12 Recv: LPR_N
[17:39:53] LPR11 Recv: LPR_N
[17:39:56] LPR12 Recv: LPR_N
[17:39:58] LPR11 Recv: LPR_N
[17:40:01] LPR12 Recv: LPR_N
[17:40:03] LPR11 Recv: LPR_N
[17:40:06] LPR12 Recv: LPR_N
[17:40:08] LPR11 Recv: LPR_N
[17:40:11] LPR12 Recv: LPR_N
[17:40:14] LPR11 Recv: LPR_N
[17:40:17] LPR12 Recv: LPR_N
[17:40:19] LPR11 Recv: LPR_N
[17:40:22] LPR12 Recv: LPR_N
[17:40:24] LPR11 Recv: LPR_N
[17:40:27] LPR12 Recv: LPR_N
[17:40:29] LPR11 Recv: LPR_N
[17:40:32] LPR12 Recv: LPR_N
[17:40:35] LPR11 Recv: LPR_N
[17:40:38] LPR12 Recv: LPR_N
[17:40:40] LPR11 Recv: LPR_N
[17:40:43] LPR12 Recv: LPR_N
[17:40:45] LPR11 Recv: LPR_N
[17:40:48] LPR12 Recv: LPR_N
[17:40:50] LPR11 Recv: LPR_N
[17:40:53] LPR12 Recv: LPR_N
[17:40:56] LPR11 Recv: LPR_N
[17:40:58] LPR12 Recv: LPR_N
[17:41:01] LPR11 Recv: LPR_N
[17:41:04] LPR12 Recv: LPR_N
[17:41:06] LPR11 Recv: LPR_N
[17:41:09] LPR12 Recv: LPR_N
[17:41:11] LPR11 Recv: LPR_N
[17:41:14] LPR12 Recv: LPR_N
[17:41:16] LPR11 Recv: LPR_N
[17:41:19] LPR12 Recv: LPR_N
[17:41:22] LPR11 Recv: LPR_N
[17:41:25] LPR12 Recv: LPR_N
[17:41:27] LPR11 Recv: LPR_N
[17:41:30] LPR12 Recv: LPR_N
[17:41:32] LPR11 Recv: LPR_N
[17:41:35] LPR12 Recv: LPR_N
[17:41:37] LPR11 Recv: LPR_N
[17:41:40] LPR12 Recv: LPR_N
[17:41:43] LPR11 Recv: LPR_N
[17:41:45] LPR12 Recv: LPR_N
[17:41:48] LPR11 Recv: LPR_N
[17:41:51] LPR12 Recv: LPR_N
[17:41:53] LPR11 Recv: LPR_N
[17:41:56] LPR12 Recv: LPR_N
[17:41:58] LPR11 Recv: LPR_N
[17:42:01] LPR12 Recv: LPR_N
[17:42:03] LPR11 Recv: LPR_N
[17:42:06] LPR12 Recv: LPR_N
[17:42:09] LPR11 Recv: LPR_N
[17:42:12] LPR12 Recv: LPR_N
[17:42:14] LPR11 Recv: LPR_N
[17:42:17] LPR12 Recv: LPR_N
[17:42:19] LPR11 Recv: LPR_N
[17:42:22] LPR12 Recv: LPR_N
[17:42:24] LPR11 Recv: LPR_N
[17:42:27] LPR12 Recv: LPR_N
[17:42:30] LPR11 Recv: LPR_N
[17:42:33] LPR12 Recv: LPR_N
[17:42:35] LPR11 Recv: LPR_N
[17:42:38] LPR12 Recv: LPR_N
[17:42:40] LPR11 Recv: LPR_N
[17:42:43] LPR12 Recv: LPR_N
[17:42:45] LPR11 Recv: LPR_N
[17:42:48] LPR12 Recv: LPR_N
[17:42:51] LPR11 Recv: LPR_N
[17:42:53] LPR12 Recv: LPR_N
[17:42:56] LPR11 Recv: LPR_N
[17:42:59] LPR12 Recv: LPR_N
[17:43:01] LPR11 Recv: LPR_N
[17:43:04] LPR12 Recv: LPR_N
[17:43:06] LPR11 Recv: LPR_N
[17:43:09] LPR12 Recv: LPR_N
[17:43:11] LPR11 Recv: LPR_N
[17:43:14] LPR12 Recv: LPR_N
[17:43:17] LPR11 Recv: LPR_N
[17:43:20] LPR12 Recv: LPR_N
[17:43:22] LPR11 Recv: LPR_N
[17:43:25] LPR12 Recv: LPR_N
[17:43:27] LPR11 Recv: LPR_N
[17:43:30] LPR12 Recv: LPR_N
[17:43:32] LPR11 Recv: LPR_N
[17:43:35] LPR12 Recv: LPR_N
[17:43:38] LPR11 Recv: LPR_N
[17:43:40] LPR12 Recv: LPR_N
[17:43:43] LPR11 Recv: LPR_N
[17:43:46] LPR12 Recv: LPR_N
[17:43:48] LPR11 Recv: LPR_N
[17:43:51] LPR12 Recv: LPR_N
[17:43:53] LPR11 Recv: LPR_N
[17:43:56] LPR12 Recv: LPR_N
[17:43:58] LPR11 Recv: LPR_N
[17:44:01] LPR12 Recv: LPR_N
[17:44:04] LPR11 Recv: LPR_N
[17:44:07] LPR12 Recv: LPR_N
[17:44:09] LPR11 Recv: LPR_N
[17:44:12] LPR12 Recv: LPR_N
[17:44:14] LPR11 Recv: LPR_N
[17:44:17] LPR12 Recv: LPR_N
[17:44:19] LPR11 Recv: LPR_N
[17:44:22] LPR12 Recv: LPR_N
[17:44:25] LPR11 Recv: LPR_N
[17:44:28] LPR12 Recv: LPR_N
[17:44:30] LPR11 Recv: LPR_N
[17:44:33] LPR12 Recv: LPR_N
[17:44:35] LPR11 Recv: LPR_N
[17:44:38] LPR12 Recv: LPR_N
[17:44:40] LPR11 Recv: LPR_N
[17:44:43] LPR12 Recv: LPR_N
[17:44:46] LPR11 Recv: LPR_N
[17:44:48] LPR12 Recv: LPR_N
[17:44:51] LPR11 Recv: LPR_N
[17:44:54] LPR12 Recv: LPR_N
[17:44:56] LPR11 Recv: LPR_N
[17:44:59] LPR12 Recv: LPR_N
[17:45:01] LPR11 Recv: LPR_N
[17:45:04] LPR12 Recv: LPR_N
[17:45:06] LPR11 Recv: LPR_N
[17:45:09] LPR12 Recv: LPR_N
[17:45:12] LPR11 Recv: LPR_N
[17:45:15] LPR12 Recv: LPR_N
[17:45:17] LPR11 Recv: LPR_N
[17:45:20] LPR12 Recv: LPR_N
[17:45:22] LPR11 Recv: LPR_N
[17:45:25] LPR12 Recv: LPR_N
[17:45:27] LPR11 Recv: LPR_N
[17:45:30] LPR12 Recv: LPR_N
[17:45:33] LPR11 Recv: LPR_N
[17:45:35] LPR12 Recv: LPR_N
[17:45:38] LPR11 Recv: LPR_N
[17:45:41] LPR12 Recv: LPR_N
[17:45:43] LPR11 Recv: LPR_N
[17:45:46] LPR12 Recv: LPR_N
[17:45:48] LPR11 Recv: LPR_N
[17:45:51] LPR12 Recv: LPR_N
[17:45:53] LPR11 Recv: LPR_N
[17:45:56] LPR12 Recv: LPR_N
[17:45:59] LPR11 Recv: LPR_N
[17:46:02] LPR12 Recv: LPR_N
[17:46:04] LPR11 Recv: LPR_N
[17:46:07] LPR12 Recv: LPR_N
[17:46:09] LPR11 Recv: LPR_N
[17:46:12] LPR12 Recv: LPR_N
[17:46:14] LPR11 Recv: LPR_N
[17:46:17] LPR12 Recv: LPR_N
[17:46:20] LPR11 Recv: LPR_N
[17:46:23] LPR12 Recv: LPR_N
[17:46:25] LPR11 Recv: LPR_N
[17:46:28] LPR12 Recv: LPR_N
[17:46:30] LPR11 Recv: LPR_N
[17:46:33] LPR12 Recv: LPR_N
[17:46:35] LPR11 Recv: LPR_N
[17:46:38] LPR12 Recv: LPR_N
[17:46:41] LPR11 Recv: LPR_N
[17:46:43] LPR12 Recv: LPR_N
[17:46:46] LPR11 Recv: LPR_N
[17:46:49] LPR12 Recv: LPR_N
[17:46:51] LPR11 Recv: LPR_N
[17:46:54] LPR12 Recv: LPR_N
[17:46:56] LPR11 Recv: LPR_N
[17:46:59] LPR12 Recv: LPR_N
[17:47:01] LPR11 Recv: LPR_N
[17:47:04] LPR12 Recv: LPR_N
[17:47:07] LPR11 Recv: LPR_N
[17:47:10] LPR12 Recv: LPR_N
[17:47:12] LPR11 Recv: LPR_N
[17:47:15] LPR12 Recv: LPR_N
[17:47:17] LPR11 Recv: LPR_N
[17:47:20] LPR12 Recv: LPR_N
[17:47:22] LPR11 Recv: LPR_N
[17:47:25] LPR12 Recv: LPR_N
[17:47:28] LPR11 Recv: LPR_N
[17:47:30] LPR12 Recv: LPR_N
[17:47:33] LPR11 Recv: LPR_N
[17:47:36] LPR12 Recv: LPR_N
[17:47:38] LPR11 Recv: LPR_N
[17:47:41] LPR12 Recv: LPR_N
[17:47:43] LPR11 Recv: LPR_N
[17:47:46] LPR12 Recv: LPR_N
[17:47:48] LPR11 Recv: LPR_N
[17:47:51] LPR12 Recv: LPR_N
[17:47:54] LPR11 Recv: LPR_N
[17:47:57] LPR12 Recv: LPR_N
[17:47:59] LPR11 Recv: LPR_N
[17:48:02] LPR12 Recv: LPR_N
[17:48:04] LPR11 Recv: LPR_N
[17:48:07] LPR12 Recv: LPR_N
[17:48:09] LPR11 Recv: LPR_N
[17:48:12] LPR12 Recv: LPR_N
[17:48:15] LPR11 Recv: LPR_N
[17:48:18] LPR12 Recv: LPR_N
[17:48:20] LPR11 Recv: LPR_N
[17:48:23] LPR12 Recv: LPR_N
[17:48:25] LPR11 Recv: LPR_N
[17:48:28] LPR12 Recv: LPR_N
[17:48:30] LPR11 Recv: LPR_N
[17:48:33] LPR12 Recv: LPR_N
[17:48:36] LPR11 Recv: LPR_N
[17:48:38] LPR12 Recv: LPR_N
[17:48:41] LPR11 Recv: LPR_N
[17:48:44] LPR12 Recv: LPR_N
[17:48:46] LPR11 Recv: LPR_N
[17:48:49] LPR12 Recv: LPR_N
[17:48:51] LPR11 Recv: LPR_N
[17:48:54] LPR12 Recv: LPR_N
[17:48:56] LPR11 Recv: LPR_N
[17:48:59] LPR12 Recv: LPR_N
[17:49:02] LPR11 Recv: LPR_N
[17:49:05] LPR12 Recv: LPR_N
[17:49:07] LPR11 Recv: LPR_N
[17:49:10] LPR12 Recv: LPR_N
[17:49:12] LPR11 Recv: LPR_N
[17:49:15] LPR12 Recv: LPR_N
[17:49:17] LPR11 Recv: LPR_N
[17:49:20] LPR12 Recv: LPR_N
[17:49:23] LPR11 Recv: LPR_N
[17:49:25] LPR12 Recv: LPR_N
[17:49:28] LPR11 Recv: LPR_N
[17:49:31] LPR12 Recv: LPR_N
[17:49:33] LPR11 Recv: LPR_N
[17:49:36] LPR12 Recv: LPR_N
[17:49:38] LPR11 Recv: LPR_N
[17:49:41] LPR12 Recv: LPR_N
[17:49:43] LPR11 Recv: LPR_N
[17:49:46] LPR12 Recv: LPR_N
[17:49:49] LPR11 Recv: LPR_N
[17:49:52] LPR12 Recv: LPR_N
[17:49:54] LPR11 Recv: LPR_N
[17:49:57] LPR12 Recv: LPR_N
[17:49:59] LPR11 Recv: LPR_N
[17:50:02] LPR12 Recv: LPR_N
[17:50:04] LPR11 Recv: LPR_N
[17:50:07] LPR12 Recv: LPR_N
[17:50:10] LPR11 Recv: LPR_N
[17:50:13] LPR12 Recv: LPR_N
[17:50:15] LPR11 Recv: LPR_N
[17:50:18] LPR12 Recv: LPR_N
[17:50:20] LPR11 Recv: LPR_N
[17:50:23] LPR12 Recv: LPR_N
[17:50:25] LPR11 Recv: LPR_N
[17:50:28] LPR12 Recv: LPR_N
[17:50:31] LPR11 Recv: LPR_N
[17:50:33] LPR12 Recv: LPR_N
[17:50:36] LPR11 Recv: LPR_N
[17:50:36] Program Close
[17:50:40] Program Start!
[17:50:42] 근무시작: 배은화
[17:50:47] 영수증프린터 포트오픈 에러: ie_BadId - Specified comport doesn't exist
[17:50:47] Ping 시간 체크1-32949500
[17:50:47] Ping 시간 체크2-32949515
[17:50:47] Ping 시간 체크1-32949578
[17:50:47] Ping 시간 체크2-32949578
[17:50:47] Ping 시간 체크1-32949593
[17:50:47] Ping 시간 체크2-32949593
[17:50:47] Ping 시간 체크1-32949593
[17:50:47] Ping 시간 체크2-32949609
[17:50:47] LPR11 Recv: 172.16.83.1
[17:50:47] LPR12 Recv: 172.16.83.1
[17:50:48] LPR11 Recv: LPR_N
[17:50:48] LPR12 Recv: LPR_N
[17:50:49] LPR12 Recv: LPR_N
[17:50:51] LPR11 Recv: LPR_N
[17:51:04] Ping 시간 체크1-32967000
[17:51:04] Ping 시간 체크2-32967015
[18:04:34] Program Start!
[18:04:37] 근무시작: 배은화
[18:04:39] 영수증프린터 포트오픈 에러: ie_BadId - Specified comport doesn't exist
[18:04:39] Ping 시간 체크1-33781625
[18:04:39] Ping 시간 체크2-33781640
[18:04:39] Ping 시간 체크1-33781703
[18:04:39] Ping 시간 체크2-33781718
[18:04:39] Ping 시간 체크1-33781718
[18:04:39] Ping 시간 체크2-33781734
[18:04:39] Ping 시간 체크1-33781734
[18:04:39] Ping 시간 체크2-33781750
[18:04:39] LPR11 Recv: 172.16.83.1
[18:04:39] LPR12 Recv: 172.16.83.1
[18:04:40] LPR11 Recv: LPR_N
[18:04:41] LPR12 Recv: LPR_N
[18:04:43] LPR11 Recv: LPR_N
[18:04:46] LPR12 Recv: LPR_N
[18:04:48] LPR11 Recv: LPR_N
[18:04:51] LPR12 Recv: LPR_N
[18:04:53] LPR11 Recv: LPR_N
[18:04:55] Ping 시간 체크1-33798156
[18:04:55] Ping 시간 체크2-33798171
[18:04:56] LPR12 Recv: LPR_N
[18:04:58] LPR11 Recv: LPR_N
[18:05:00] OutDsp1SocketError: 10060
[18:05:02] LPR12 Recv: LPR_N
[18:05:03] LPR11 Recv: LPR_N
[18:05:07] LPR12 Recv: LPR_N
[18:05:08] Program Close
[18:05:11] Program Start!
[18:05:13] 근무시작: 배은화
[18:05:15] 영수증프린터 포트오픈 에러: ie_BadId - Specified comport doesn't exist
[18:05:15] Ping 시간 체크1-33817796
[18:05:15] Ping 시간 체크2-33817812
[18:05:15] Ping 시간 체크1-33817875
[18:05:15] Ping 시간 체크2-33817875
[18:05:15] Ping 시간 체크1-33817875
[18:05:15] Ping 시간 체크2-33817890
[18:05:15] Ping 시간 체크1-33817890
[18:05:15] Ping 시간 체크2-33817890
[18:05:15] LPR11 Recv: 172.16.83.1
[18:05:15] LPR12 Recv: 172.16.83.1
[18:05:16] LPR12 Recv: LPR_N
[18:05:16] LPR11 Recv: LPR_N
[18:05:17] LPR12 Recv: LPR_N
[18:05:18] Ping 시간 체크1-33820906
[18:05:18] Ping 시간 체크2-33820906
[18:05:19] LPR11 Recv: LPR_N
[18:05:23] LPR12 Recv: LPR_N
[18:05:24] LPR11 Recv: LPR_N
[18:05:28] LPR12 Recv: LPR_N
[18:05:30] LPR11 Recv: LPR_N
[18:05:32] Program Close
[18:05:37] Program Start!
[18:05:39] 근무시작: 배은화
[18:05:40] 영수증프린터 포트오픈 에러: ie_BadId - Specified comport doesn't exist
[18:05:40] Ping 시간 체크1-33843250
[18:05:40] Ping 시간 체크2-33843265
[18:05:40] Ping 시간 체크1-33843328
[18:05:40] Ping 시간 체크2-33843328
[18:05:40] Ping 시간 체크1-33843328
[18:05:40] Ping 시간 체크2-33843343
[18:05:40] Ping 시간 체크1-33843343
[18:05:40] Ping 시간 체크2-33843359
[18:05:41] LPR11 Recv: 172.16.83.1
[18:05:41] LPR12 Recv: 172.16.83.1
[18:05:41] LPR11 Recv: LPR_N
[18:05:42] LPR12 Recv: LPR_N
[18:05:43] LPR12 Recv: LPR_N
[18:05:44] Ping 시간 체크1-33846875
[18:05:44] Ping 시간 체크2-33846875
[18:05:45] LPR11 Recv: LPR_N
[18:05:49] LPR12 Recv: LPR_N
[18:05:51] LPR11 Recv: LPR_N
[18:05:54] LPR12 Recv: LPR_N
[18:05:56] LPR11 Recv: LPR_N
[18:05:59] LPR12 Recv: LPR_N
[18:06:01] LPR11 Recv: LPR_N
[18:06:04] LPR12 Recv: LPR_N
[18:06:06] LPR11 Recv: LPR_N
[18:06:10] LPR12 Recv: LPR_N
[18:06:11] LPR11 Recv: LPR_N
[18:06:15] LPR12 Recv: LPR_N
[18:06:17] LPR11 Recv: LPR_N
[18:06:20] LPR12 Recv: LPR_N
[18:06:20] Program Close
[18:06:25] Program Start!
[18:06:27] 근무시작: 배은화
[18:06:29] 영수증프린터 포트오픈 에러: ie_BadId - Specified comport doesn't exist
[18:06:29] Ping 시간 체크1-33891796
[18:06:29] Ping 시간 체크2-33891812
[18:06:29] Ping 시간 체크1-33891875
[18:06:29] Ping 시간 체크2-33891890
[18:06:29] Ping 시간 체크1-33891890
[18:06:29] Ping 시간 체크2-33891890
[18:06:29] Ping 시간 체크1-33891906
[18:06:29] Ping 시간 체크2-33891906
[18:06:29] LPR12 Recv: 172.16.83.1
[18:06:29] LPR11 Recv: 172.16.83.1
[18:06:30] LPR11 Recv: LPR_N
[18:06:31] LPR12 Recv: LPR_N
[18:06:32] Ping 시간 체크1-33894578
[18:06:32] Ping 시간 체크2-33894578
[18:06:32] LPR11 Recv: LPR_N
[18:06:36] LPR12 Recv: LPR_N
[18:06:38] LPR11 Recv: LPR_N
[18:06:41] LPR12 Recv: LPR_N
[18:06:43] LPR11 Recv: LPR_N
[18:06:46] LPR12 Recv: LPR_N
[18:06:47] Program Close
[18:09:52] Program Start!
[18:09:54] 근무시작: 배은화
[18:09:55] 영수증프린터 포트오픈 에러: ie_BadId - Specified comport doesn't exist
[18:09:55] Ping 시간 체크1-34098375
[18:09:56] Ping 시간 체크2-34098390
[18:09:56] Ping 시간 체크1-34098453
[18:09:56] Ping 시간 체크2-34098468
[18:09:56] Ping 시간 체크1-34098484
[18:09:56] Ping 시간 체크2-34098484
[18:09:56] Ping 시간 체크1-34098500
[18:09:56] Ping 시간 체크2-34098515
[18:09:56] LPR11 Recv: 172.16.83.1
[18:09:56] LPR12 Recv: 172.16.83.1
[18:09:56] LPR11 Recv: LPR_N
[18:09:57] LPR11 Recv: LPR_N
[18:09:58] LPR12 Recv: LPR_N
[18:09:59] Ping 시간 체크1-34102265
[18:09:59] Ping 시간 체크2-34102265
[18:10:00] LPR12 Recv: LPR_N
[18:10:01] LPR11 Recv: LPR_N
[18:10:05] LPR12 Recv: LPR_N
[18:10:07] LPR11 Recv: LPR_N
[18:10:08] Program Close
[18:11:04] Program Start!
[18:11:08] 근무시작: 배은화
[18:11:11] 영수증프린터 포트오픈 에러: ie_BadId - Specified comport doesn't exist
[18:11:11] Ping 시간 체크1-34173531
[18:11:11] Ping 시간 체크2-34173546
[18:11:11] Ping 시간 체크1-34173609
[18:11:11] Ping 시간 체크2-34173625
[18:11:11] Ping 시간 체크1-34173625
[18:11:11] Ping 시간 체크2-34173640
[18:11:11] Ping 시간 체크1-34173640
[18:11:11] Ping 시간 체크2-34173656
[18:11:11] LPR12 Recv: 172.16.83.1
[18:11:11] LPR11 Recv: 172.16.83.1
[18:11:13] LPR12 Recv: LPR_N
[18:11:13] LPR11 Recv: LPR_N
[18:11:14] Ping 시간 체크1-34176437
[18:11:14] Ping 시간 체크2-34176453
[18:11:15] LPR11 Recv: LPR_N
[18:11:18] LPR12 Recv: LPR_N
[18:11:19] Program Close
[18:11:25] Program Start!
[18:11:28] 근무시작: 배은화
[18:11:29] 영수증프린터 포트오픈 에러: ie_BadId - Specified comport doesn't exist
[18:11:29] Ping 시간 체크1-34192218
[18:11:29] Ping 시간 체크2-34192234
[18:11:29] Ping 시간 체크1-34192296
[18:11:29] Ping 시간 체크2-34192296
[18:11:29] Ping 시간 체크1-34192312
[18:11:29] Ping 시간 체크2-34192312
[18:11:29] Ping 시간 체크1-34192312
[18:11:29] Ping 시간 체크2-34192328
[18:11:30] LPR12 Recv: 172.16.83.1
[18:11:30] LPR11 Recv: 172.16.83.1
[18:11:30] LPR11 Recv: LPR_N
[18:11:31] LPR12 Recv: LPR_N
[18:11:46] Ping 시간 체크1-34209312
[18:11:46] Ping 시간 체크2-34209312
[18:11:46] LPR12 Recv: LPR_NLPR_NLPR_N
[18:11:46] LPR11 Recv: LPR_NLPR_NLPR_N
[18:11:49] LPR12 Recv: LPR_N
[18:11:51] InDsp1SocketError: 10060
[18:11:52] OutDsp1SocketError: 10060
[18:11:53] LPR11 Recv: LPR_N
[18:11:55] LPR12 Recv: LPR_N
[18:11:57] LPR11 Recv: LPR_N
[18:11:59] Program Close
[18:12:16] Program Start!
[18:12:18] 근무시작: 배은화
[18:12:20] 영수증프린터 포트오픈 에러: ie_BadId - Specified comport doesn't exist
[18:12:20] Ping 시간 체크1-34242875
[18:12:20] Ping 시간 체크2-34242875
[18:12:20] Ping 시간 체크1-34242937
[18:12:20] Ping 시간 체크2-34242953
[18:12:20] Ping 시간 체크1-34242953
[18:12:20] Ping 시간 체크2-34242968
[18:12:20] Ping 시간 체크1-34242968
[18:12:20] Ping 시간 체크2-34242984
[18:12:20] LPR12 Recv: 172.16.83.1
[18:12:20] LPR11 Recv: 172.16.83.1
[18:12:21] LPR12 Recv: LPR_N
[18:12:22] LPR12 Recv: LPR_N
[18:12:22] LPR11 Recv: LPR_N
[18:12:23] LPR11 Recv: LPR_N
[18:12:37] Ping 시간 체크1-34259734
[18:12:37] Ping 시간 체크2-34259750
[18:13:38] Program Start!
[18:13:40] 근무시작: 배은화
[18:13:41] 영수증프린터 포트오픈 에러: ie_BadId - Specified comport doesn't exist
[18:13:41] Ping 시간 체크1-34324265
[18:13:41] Ping 시간 체크2-34324281
[18:13:41] Ping 시간 체크1-34324328
[18:13:41] Ping 시간 체크2-34324343
[18:13:41] Ping 시간 체크1-34324343
[18:13:41] Ping 시간 체크2-34324359
[18:13:41] Ping 시간 체크1-34324375
[18:13:42] Ping 시간 체크2-34324390
[18:13:42] LPR11 Recv: 172.16.83.1
[18:13:42] LPR12 Recv: 172.16.83.1
[18:13:43] LPR11 Recv: LPR_N
[18:13:43] LPR12 Recv: LPR_N
[18:13:48] Ping 시간 체크1-34330515
[18:13:48] Ping 시간 체크2-34330515
[18:19:17] Program Start!
[18:19:19] 근무시작: 배은화
[18:19:19] 영수증프린터 포트오픈 에러: ie_BadId - Specified comport doesn't exist
[18:19:20] Ping 시간 체크1-34662375
[18:19:20] Ping 시간 체크2-34662390
[18:19:20] Ping 시간 체크1-34662406
[18:19:20] Ping 시간 체크2-34662421
[18:19:20] Ping 시간 체크1-34662421
[18:19:20] Ping 시간 체크2-34662421
[18:19:20] Ping 시간 체크1-34662437
[18:19:20] Ping 시간 체크2-34662437
[18:19:20] LPR12 Recv: 172.16.83.1
[18:19:20] LPR11 Recv: 172.16.83.1
[18:19:21] LPR11 Recv: LPR_N
[18:19:21] LPR12 Recv: LPR_N
[18:19:24] LPR12 Recv: LPR_N
[18:19:26] LPR11 Recv: LPR_N
[18:19:28] 수동입차: 2014-09-16, 18:19:28, 1111
[18:19:29] LPR12 Recv: LPR_N
[18:19:32] LPR11 Recv: LPR_N
[18:19:35] LPR12 Recv: LPR_N
[18:19:37] LPR11 Recv: LPR_N
[18:19:40] LPR12 Recv: LPR_N
[18:19:42] LPR11 Recv: LPR_N
[18:19:45] LPR12 Recv: LPR_N
[18:19:47] LPR11 Recv: LPR_N
[18:19:50] LPR12 Recv: LPR_N
[18:19:53] LPR11 Recv: LPR_N
[18:19:56] LPR12 Recv: LPR_N
[18:19:58] LPR11 Recv: LPR_N
[18:20:01] LPR12 Recv: LPR_N
[18:20:03] LPR11 Recv: LPR_N
[18:20:06] LPR12 Recv: LPR_N
[18:20:07] Ping 시간 체크1-34710312
[18:20:07] Ping 시간 체크2-34710312
[18:20:08] LPR11 Recv: LPR_N
[18:20:09] Ping 시간 체크1-34711375
[18:20:09] Ping 시간 체크2-34711390
[18:20:09] 출구차단기 Open
[18:20:09] Ping 시간 체크1-34711406
[18:20:09] Ping 시간 체크2-34711406
[18:20:11] LPR12 Recv: LPR_N
[18:20:14] LPR11 Recv: LPR_N
[18:20:16] LPR12 Recv: LPR_N
[18:20:17] Program Close
