[08:28:40] Program Start!
[08:28:43] 근무시작: 배은화
[08:28:43] 영수증프린터 포트오픈 에러: ie_BadId - Specified comport doesn't exist
[08:28:43] Ping 시간 체크1-250013125
[08:28:43] Ping 시간 체크2-250013140
[08:28:43] Ping 시간 체크1-250013140
[08:28:43] Ping 시간 체크2-250013156
[08:28:43] Ping 시간 체크1-250013156
[08:28:43] Ping 시간 체크2-250013171
[08:28:43] Ping 시간 체크1-250013171
[08:28:43] Ping 시간 체크2-250013187
[08:28:43] 주차권  101
[08:28:43] 경차  102
[08:28:43] 장애인  103
[08:28:43] 전액무료  104
[08:28:43] LPR12 Recv: 172.16.83.1
[08:28:43] LPR11 Recv: 172.16.83.1
[08:28:43] LPR12 Recv: LPR_N
[08:28:44] LPR12 Recv: LPR_N
[08:28:44] LPR11 Recv: LPR_R
[08:28:45] 시간동기화 전송
[08:28:45] LPR11 Recv: LPR_N
[08:28:48] LPR12 Recv: LPR_N
[08:28:51] LPR11 Recv: LPR_N
[08:28:54] LPR12 Recv: LPR_N
[08:28:56] LPR11 Recv: LPR_N
[08:28:59] LPR12 Recv: LPR_N
[08:29:01] LPR11 Recv: LPR_N
[08:29:04] LPR12 Recv: LPR_N
[08:29:07] LPR11 Recv: LPR_N
[08:29:09] LPR12 Recv: LPR_N
[08:29:12] LPR11 Recv: LPR_N
[08:29:14] LPR12 Recv: LPR_N
[08:29:17] LPR11 Recv: LPR_N
[08:29:20] LPR12 Recv: LPR_N
[08:29:22] LPR11 Recv: LPR_N
[08:29:25] LPR12 Recv: LPR_N
[08:29:28] LPR11 Recv: LPR_N
[08:29:30] LPR12 Recv: LPR_N
[08:29:33] LPR11 Recv: LPR_N
[08:29:35] LPR12 Recv: LPR_N
[08:29:38] LPR11 Recv: LPR_N
[08:29:41] LPR12 Recv: LPR_N
[08:29:43] LPR11 Recv: LPR_N
[08:29:46] LPR12 Recv: LPR_N
[08:29:48] LPR11 Recv: LPR_N
[08:29:51] LPR12 Recv: LPR_N
[08:29:54] LPR11 Recv: LPR_N
[08:29:56] LPR12 Recv: LPR_N
[08:29:59] LPR11 Recv: LPR_N
[08:30:01] LPR12 Recv: LPR_N
[08:30:04] LPR11 Recv: LPR_N
[08:30:07] LPR12 Recv: LPR_N
[08:30:09] LPR11 Recv: LPR_N
[08:30:12] LPR12 Recv: LPR_N
[08:30:15] LPR11 Recv: LPR_N
[08:30:17] LPR12 Recv: LPR_N
[08:30:20] LPR11 Recv: LPR_N
[08:30:22] LPR12 Recv: LPR_N
[08:30:25] LPR11 Recv: LPR_N
[08:30:28] LPR12 Recv: LPR_N
[08:30:30] LPR11 Recv: LPR_N
[08:30:33] LPR12 Recv: LPR_N
[08:30:36] LPR11 Recv: LPR_N
[08:30:38] LPR12 Recv: LPR_N
[08:30:41] LPR11 Recv: LPR_N
[08:30:43] LPR12 Recv: LPR_N
[08:30:46] LPR11 Recv: LPR_N
[08:30:49] LPR12 Recv: LPR_N
[08:30:51] LPR11 Recv: LPR_N
[08:30:54] LPR12 Recv: LPR_N
[08:30:56] LPR11 Recv: LPR_N
[08:30:59] LPR12 Recv: LPR_N
[08:31:02] LPR11 Recv: LPR_N
[08:31:04] LPR12 Recv: LPR_N
[08:31:07] LPR11 Recv: LPR_N
[08:31:09] LPR12 Recv: LPR_N
[08:31:12] LPR11 Recv: LPR_N
[08:31:15] LPR12 Recv: LPR_N
[08:31:17] LPR11 Recv: LPR_N
[08:31:20] LPR12 Recv: LPR_N
[08:31:23] LPR11 Recv: LPR_N
[08:31:25] LPR12 Recv: LPR_N
[08:31:28] LPR11 Recv: LPR_N
[08:31:30] LPR12 Recv: LPR_N
[08:31:33] LPR11 Recv: LPR_N
[08:31:36] LPR12 Recv: LPR_N
[08:31:38] LPR11 Recv: LPR_N
[08:31:41] LPR12 Recv: LPR_N
[08:31:43] LPR11 Recv: LPR_N
[08:31:46] LPR12 Recv: LPR_N
[08:31:49] LPR11 Recv: LPR_N
[08:31:51] LPR12 Recv: LPR_N
[08:31:54] LPR11 Recv: LPR_N
[08:31:56] LPR12 Recv: LPR_N
[08:31:59] LPR11 Recv: LPR_N
[08:32:02] LPR12 Recv: LPR_N
[08:32:04] LPR11 Recv: LPR_N
[08:32:07] LPR12 Recv: LPR_N
[08:32:10] LPR11 Recv: LPR_N
[08:32:12] LPR12 Recv: LPR_N
[08:32:15] LPR11 Recv: LPR_N
[08:32:17] LPR12 Recv: LPR_N
[08:32:20] LPR11 Recv: LPR_N
[08:32:23] LPR12 Recv: LPR_N
[08:32:25] LPR11 Recv: LPR_N
[08:32:28] LPR12 Recv: LPR_N
[08:32:31] LPR11 Recv: LPR_N
[08:32:33] LPR12 Recv: LPR_N
[08:32:36] LPR11 Recv: LPR_N
[08:32:38] LPR12 Recv: LPR_N
[08:32:41] LPR11 Recv: LPR_N
[08:32:44] LPR12 Recv: LPR_N
[08:32:46] LPR11 Recv: LPR_N
[08:32:49] LPR12 Recv: LPR_N
[08:32:51] LPR11 Recv: LPR_N
[08:32:54] LPR12 Recv: LPR_N
[08:32:57] LPR11 Recv: LPR_N
[08:32:59] LPR12 Recv: LPR_N
[08:33:02] LPR11 Recv: LPR_N
[08:33:04] LPR12 Recv: LPR_N
[08:33:07] LPR11 Recv: LPR_N
[08:33:10] LPR12 Recv: LPR_N
[08:33:12] LPR11 Recv: LPR_N
[08:33:15] LPR12 Recv: LPR_N
[08:33:18] LPR11 Recv: LPR_N
[08:33:20] LPR12 Recv: LPR_N
[08:33:23] LPR11 Recv: LPR_N
[08:33:25] LPR12 Recv: LPR_N
[08:33:28] LPR11 Recv: LPR_N
[08:33:31] LPR12 Recv: LPR_N
[08:33:33] LPR11 Recv: LPR_N
[08:33:36] LPR12 Recv: LPR_N
[08:33:38] LPR11 Recv: LPR_N
[08:33:41] LPR12 Recv: LPR_N
[08:33:44] LPR11 Recv: LPR_N
[08:33:46] LPR12 Recv: LPR_N
[08:33:49] LPR11 Recv: LPR_N
[08:33:51] LPR12 Recv: LPR_N
[08:33:54] LPR11 Recv: LPR_N
[08:33:57] LPR12 Recv: LPR_N
[08:33:59] LPR11 Recv: LPR_N
[08:34:02] LPR12 Recv: LPR_N
[08:34:05] LPR11 Recv: LPR_N
[08:34:07] LPR12 Recv: LPR_N
[08:34:10] LPR11 Recv: LPR_N
[08:34:12] LPR12 Recv: LPR_N
[08:34:15] LPR11 Recv: LPR_N
[08:34:18] LPR12 Recv: LPR_N
[08:34:20] LPR11 Recv: LPR_N
[08:34:23] LPR12 Recv: LPR_N
[08:34:26] LPR11 Recv: LPR_N
[08:34:28] LPR12 Recv: LPR_N
[08:34:31] LPR11 Recv: LPR_N
[08:34:34] LPR12 Recv: LPR_N
[08:34:36] LPR11 Recv: LPR_N
[08:34:39] LPR12 Recv: LPR_N
[08:34:41] LPR11 Recv: LPR_N
[08:34:44] LPR12 Recv: LPR_N
[08:34:46] LPR11 Recv: LPR_N
[08:34:49] LPR12 Recv: LPR_N
[08:34:52] LPR11 Recv: LPR_N
[08:34:55] LPR12 Recv: LPR_N
[08:34:57] LPR11 Recv: LPR_N
[08:35:00] LPR12 Recv: LPR_N
[08:35:02] LPR11 Recv: LPR_N
[08:35:05] LPR12 Recv: LPR_N
[08:35:07] LPR11 Recv: LPR_N
[08:35:10] LPR12 Recv: LPR_N
[08:35:13] LPR11 Recv: LPR_N
[08:35:16] LPR12 Recv: LPR_N
[08:35:18] LPR11 Recv: LPR_N
[08:35:21] LPR12 Recv: LPR_N
[08:35:23] LPR11 Recv: LPR_N
[08:35:26] LPR12 Recv: LPR_N
[08:35:28] LPR11 Recv: LPR_N
[08:35:31] LPR12 Recv: LPR_N
[08:35:33] LPR11 Recv: LPR_N
[08:35:37] LPR12 Recv: LPR_N
[08:35:39] LPR11 Recv: LPR_N
[08:35:42] LPR12 Recv: LPR_N
[08:35:44] LPR11 Recv: LPR_N
[08:35:47] LPR12 Recv: LPR_N
[08:35:49] LPR11 Recv: LPR_N
[08:35:52] LPR12 Recv: LPR_N
[08:35:54] LPR11 Recv: LPR_N
[08:35:57] LPR12 Recv: LPR_N
[08:36:00] LPR11 Recv: LPR_N
[08:36:03] LPR12 Recv: LPR_N
[08:36:05] LPR11 Recv: LPR_N
[08:36:08] LPR12 Recv: LPR_N
[08:36:10] LPR11 Recv: LPR_N
[08:36:13] LPR12 Recv: LPR_N
[08:36:15] LPR11 Recv: LPR_N
[08:36:18] LPR12 Recv: LPR_N
[08:36:21] LPR11 Recv: LPR_N
[08:36:24] LPR12 Recv: LPR_N
[08:36:26] LPR11 Recv: LPR_N
[08:36:29] LPR12 Recv: LPR_N
[08:36:31] LPR11 Recv: LPR_N
[08:36:34] LPR12 Recv: LPR_N
[08:36:36] LPR11 Recv: LPR_N
[08:36:39] LPR12 Recv: LPR_N
[08:36:41] LPR11 Recv: LPR_N
[08:36:44] LPR12 Recv: LPR_N
[08:36:47] LPR11 Recv: LPR_N
[08:36:50] LPR12 Recv: LPR_N
[08:36:52] LPR11 Recv: LPR_N
[08:36:55] LPR12 Recv: LPR_N
[08:36:57] LPR11 Recv: LPR_N
[08:37:00] LPR12 Recv: LPR_N
[08:37:02] LPR11 Recv: LPR_N
[08:37:05] LPR12 Recv: LPR_N
[08:37:08] LPR11 Recv: LPR_N
[08:37:11] LPR12 Recv: LPR_N
[08:37:13] LPR11 Recv: LPR_N
[08:37:16] LPR12 Recv: LPR_N
[08:37:18] LPR11 Recv: LPR_N
[08:37:21] LPR12 Recv: LPR_N
[08:37:23] LPR11 Recv: LPR_N
[08:37:26] LPR12 Recv: LPR_N
[08:37:28] LPR11 Recv: LPR_N
[08:37:32] LPR12 Recv: LPR_N
[08:37:34] LPR11 Recv: LPR_N
[08:37:37] LPR12 Recv: LPR_N
[08:37:39] LPR11 Recv: LPR_N
[08:37:42] LPR12 Recv: LPR_N
[08:37:44] LPR11 Recv: LPR_N
[08:37:47] LPR12 Recv: LPR_N
[08:37:49] LPR11 Recv: LPR_N
[08:37:52] LPR12 Recv: LPR_N
[08:37:55] LPR11 Recv: LPR_N
[08:37:58] LPR12 Recv: LPR_N
[08:38:00] LPR11 Recv: LPR_N
[08:38:03] LPR12 Recv: LPR_N
[08:38:05] LPR11 Recv: LPR_N
[08:38:08] LPR12 Recv: LPR_N
[08:38:10] LPR11 Recv: LPR_N
[08:38:13] LPR12 Recv: LPR_N
[08:38:16] LPR11 Recv: LPR_N
[08:38:19] LPR12 Recv: LPR_N
[08:38:21] LPR11 Recv: LPR_N
[08:38:24] LPR12 Recv: LPR_N
[08:38:26] LPR11 Recv: LPR_N
[08:38:29] LPR12 Recv: LPR_N
[08:38:31] LPR11 Recv: LPR_N
[08:38:34] LPR12 Recv: LPR_N
[08:38:36] LPR11 Recv: LPR_N
[08:38:39] LPR12 Recv: LPR_N
[08:38:42] LPR11 Recv: LPR_N
[08:38:45] LPR12 Recv: LPR_N
[08:38:47] LPR11 Recv: LPR_N
[08:38:50] LPR12 Recv: LPR_N
[08:38:52] LPR11 Recv: LPR_N
[08:38:55] LPR12 Recv: LPR_N
[08:38:57] LPR11 Recv: LPR_N
[08:39:00] LPR12 Recv: LPR_N
[08:39:03] LPR11 Recv: LPR_N
[08:39:06] LPR12 Recv: LPR_N
[08:39:08] LPR11 Recv: LPR_N
[08:39:11] LPR12 Recv: LPR_N
[08:39:13] LPR11 Recv: LPR_N
[08:39:16] LPR12 Recv: LPR_N
[08:39:18] LPR11 Recv: LPR_N
[08:39:21] LPR12 Recv: LPR_N
[08:39:23] LPR11 Recv: LPR_N
[08:39:27] LPR12 Recv: LPR_N
[08:39:29] LPR11 Recv: LPR_N
[08:39:32] LPR12 Recv: LPR_N
[08:39:34] LPR11 Recv: LPR_N
[08:39:37] LPR12 Recv: LPR_N
[08:39:39] LPR11 Recv: LPR_N
[08:39:42] LPR12 Recv: LPR_N
[08:39:44] LPR11 Recv: LPR_N
[08:39:47] LPR12 Recv: LPR_N
[08:39:50] LPR11 Recv: LPR_N
[08:39:53] LPR12 Recv: LPR_N
[08:39:55] LPR11 Recv: LPR_N
[08:39:58] LPR12 Recv: LPR_N
[08:40:00] LPR11 Recv: LPR_N
[08:40:03] LPR12 Recv: LPR_N
[08:40:05] LPR11 Recv: LPR_N
[08:40:08] LPR12 Recv: LPR_N
[08:40:11] LPR11 Recv: LPR_N
[08:40:14] LPR12 Recv: LPR_N
[08:40:16] LPR11 Recv: LPR_N
[08:40:19] LPR12 Recv: LPR_N
[08:40:21] LPR11 Recv: LPR_N
[08:40:24] LPR12 Recv: LPR_N
[08:40:26] LPR11 Recv: LPR_N
[08:40:29] LPR12 Recv: LPR_N
[08:40:31] LPR11 Recv: LPR_N
[08:40:34] LPR12 Recv: LPR_N
[08:40:37] LPR11 Recv: LPR_N
[08:40:40] LPR12 Recv: LPR_N
[08:40:42] LPR11 Recv: LPR_N
[08:40:45] LPR12 Recv: LPR_N
[08:40:47] LPR11 Recv: LPR_N
[08:40:50] LPR12 Recv: LPR_N
[08:40:52] LPR11 Recv: LPR_N
[08:40:55] LPR12 Recv: LPR_N
[08:40:58] LPR11 Recv: LPR_N
[08:41:01] LPR12 Recv: LPR_N
[08:41:03] LPR11 Recv: LPR_N
[08:41:06] LPR12 Recv: LPR_N
[08:41:08] LPR11 Recv: LPR_N
[08:41:11] LPR12 Recv: LPR_N
[08:41:13] LPR11 Recv: LPR_N
[08:41:16] LPR12 Recv: LPR_N
[08:41:18] LPR11 Recv: LPR_N
[08:41:22] LPR12 Recv: LPR_N
[08:41:24] LPR11 Recv: LPR_N
[08:41:27] LPR12 Recv: LPR_N
[08:41:29] LPR11 Recv: LPR_N
[08:41:32] LPR12 Recv: LPR_N
[08:41:34] LPR11 Recv: LPR_N
[08:41:37] LPR12 Recv: LPR_N
[08:41:39] LPR11 Recv: LPR_N
[08:41:42] LPR12 Recv: LPR_N
[08:41:45] LPR11 Recv: LPR_N
[08:41:48] LPR12 Recv: LPR_N
[08:41:50] LPR11 Recv: LPR_N
[08:41:53] LPR12 Recv: LPR_N
[08:41:55] LPR11 Recv: LPR_N
[08:41:58] LPR12 Recv: LPR_N
[08:42:00] LPR11 Recv: LPR_N
[08:42:03] LPR12 Recv: LPR_N
[08:42:06] LPR11 Recv: LPR_N
[08:42:09] LPR12 Recv: LPR_N
[08:42:11] LPR11 Recv: LPR_N
[08:42:14] LPR12 Recv: LPR_N
[08:42:16] LPR11 Recv: LPR_N
[08:42:19] LPR12 Recv: LPR_N
[08:42:21] LPR11 Recv: LPR_N
[08:42:24] LPR12 Recv: LPR_N
[08:42:26] LPR11 Recv: LPR_N
[08:42:29] LPR12 Recv: LPR_N
[08:42:32] LPR11 Recv: LPR_N
[08:42:35] LPR12 Recv: LPR_N
[08:42:37] LPR11 Recv: LPR_N
[08:42:40] LPR12 Recv: LPR_N
[08:42:42] LPR11 Recv: LPR_N
[08:42:45] LPR12 Recv: LPR_N
[08:42:47] LPR11 Recv: LPR_N
[08:42:50] LPR12 Recv: LPR_N
[08:42:53] LPR11 Recv: LPR_N
[08:42:56] LPR12 Recv: LPR_N
[08:42:58] LPR11 Recv: LPR_N
[08:43:01] LPR12 Recv: LPR_N
[08:43:03] LPR11 Recv: LPR_N
[08:43:06] LPR12 Recv: LPR_N
[08:43:08] LPR11 Recv: LPR_N
[08:43:11] LPR12 Recv: LPR_N
[08:43:13] LPR11 Recv: LPR_N
[08:43:17] LPR12 Recv: LPR_N
[08:43:19] LPR11 Recv: LPR_N
[08:43:22] LPR12 Recv: LPR_N
[08:43:24] LPR11 Recv: LPR_N
[08:43:27] LPR12 Recv: LPR_N
[08:43:29] LPR11 Recv: LPR_N
[08:43:32] LPR12 Recv: LPR_N
[08:43:34] LPR11 Recv: LPR_N
[08:43:37] LPR12 Recv: LPR_N
[08:43:40] LPR11 Recv: LPR_N
[08:43:43] LPR12 Recv: LPR_N
[08:43:45] LPR11 Recv: LPR_N
[08:43:48] LPR12 Recv: LPR_N
[08:43:50] LPR11 Recv: LPR_N
[08:43:53] LPR12 Recv: LPR_N
[08:43:55] LPR11 Recv: LPR_N
[08:43:58] LPR12 Recv: LPR_N
[08:44:01] LPR11 Recv: LPR_N
[08:44:04] LPR12 Recv: LPR_N
[08:44:06] LPR11 Recv: LPR_N
[08:44:09] LPR12 Recv: LPR_N
[08:44:11] LPR11 Recv: LPR_N
[08:44:14] LPR12 Recv: LPR_N
[08:44:16] LPR11 Recv: LPR_N
[08:44:19] LPR12 Recv: LPR_N
[08:44:21] LPR11 Recv: LPR_N
[08:44:24] LPR12 Recv: LPR_N
[08:44:27] LPR11 Recv: LPR_N
[08:44:30] LPR12 Recv: LPR_N
[08:44:32] LPR11 Recv: LPR_N
[08:44:35] LPR12 Recv: LPR_N
[08:44:37] LPR11 Recv: LPR_N
[08:44:40] LPR12 Recv: LPR_N
[08:44:42] LPR11 Recv: LPR_N
[08:44:45] LPR12 Recv: LPR_N
[08:44:48] LPR11 Recv: LPR_N
[08:44:51] LPR12 Recv: LPR_N
[08:44:53] LPR11 Recv: LPR_N
[08:44:56] LPR12 Recv: LPR_N
[08:44:58] LPR11 Recv: LPR_N
[08:45:01] LPR12 Recv: LPR_N
[08:45:03] LPR11 Recv: LPR_N
[08:45:06] LPR12 Recv: LPR_N
[08:45:08] LPR11 Recv: LPR_N
[08:45:12] LPR12 Recv: LPR_N
[08:45:14] LPR11 Recv: LPR_N
[08:45:17] LPR12 Recv: LPR_N
[08:45:19] LPR11 Recv: LPR_N
[08:45:22] LPR12 Recv: LPR_N
[08:45:24] LPR11 Recv: LPR_N
[08:45:27] LPR12 Recv: LPR_N
[08:45:29] LPR11 Recv: LPR_N
[08:45:32] LPR12 Recv: LPR_N
[08:45:35] LPR11 Recv: LPR_N
[08:45:38] LPR12 Recv: LPR_N
[08:45:40] LPR11 Recv: LPR_N
[08:45:43] LPR12 Recv: LPR_N
[08:45:45] LPR11 Recv: LPR_N
[08:45:48] LPR12 Recv: LPR_N
[08:45:50] LPR11 Recv: LPR_N
[08:45:53] LPR12 Recv: LPR_N
[08:45:56] LPR11 Recv: LPR_N
[08:45:59] LPR12 Recv: LPR_N
[08:46:01] LPR11 Recv: LPR_N
[08:46:04] LPR12 Recv: LPR_N
[08:46:06] LPR11 Recv: LPR_N
[08:46:09] LPR12 Recv: LPR_N
[08:46:11] LPR11 Recv: LPR_N
[08:46:14] LPR12 Recv: LPR_N
[08:46:16] LPR11 Recv: LPR_N
[08:46:19] LPR12 Recv: LPR_N
[08:46:22] LPR11 Recv: LPR_N
[08:46:25] LPR12 Recv: LPR_N
[08:46:27] LPR11 Recv: LPR_N
[08:46:30] LPR12 Recv: LPR_N
[08:46:32] LPR11 Recv: LPR_N
[08:46:35] LPR12 Recv: LPR_N
[08:46:37] LPR11 Recv: LPR_N
[08:46:40] LPR12 Recv: LPR_N
[08:46:43] LPR11 Recv: LPR_N
[08:46:46] LPR12 Recv: LPR_N
[08:46:48] LPR11 Recv: LPR_N
[08:46:51] LPR12 Recv: LPR_N
[08:46:53] LPR11 Recv: LPR_N
[08:46:56] LPR12 Recv: LPR_N
[08:46:58] LPR11 Recv: LPR_N
[08:47:01] LPR12 Recv: LPR_N
[08:47:03] LPR11 Recv: LPR_N
[08:47:07] LPR12 Recv: LPR_N
[08:47:09] LPR11 Recv: LPR_N
[08:47:12] LPR12 Recv: LPR_N
[08:47:14] LPR11 Recv: LPR_N
[08:47:17] LPR12 Recv: LPR_N
[08:47:19] LPR11 Recv: LPR_N
[08:47:22] LPR12 Recv: LPR_N
[08:47:24] LPR11 Recv: LPR_N
[08:47:27] LPR12 Recv: LPR_N
[08:47:30] LPR11 Recv: LPR_N
[08:47:33] LPR12 Recv: LPR_N
[08:47:35] LPR11 Recv: LPR_N
[08:47:38] LPR12 Recv: LPR_N
[08:47:40] LPR11 Recv: LPR_N
[08:47:43] LPR12 Recv: LPR_N
[08:47:45] LPR11 Recv: LPR_N
[08:47:48] LPR12 Recv: LPR_N
[08:47:51] LPR11 Recv: LPR_N
[08:47:54] LPR12 Recv: LPR_N
[08:47:56] LPR11 Recv: LPR_N
[08:47:59] LPR12 Recv: LPR_N
[08:48:01] LPR11 Recv: LPR_N
[08:48:04] LPR12 Recv: LPR_N
[08:48:06] LPR11 Recv: LPR_N
[08:48:09] LPR12 Recv: LPR_N
[08:48:11] LPR11 Recv: LPR_N
[08:48:14] LPR12 Recv: LPR_N
[08:48:17] LPR11 Recv: LPR_N
[08:48:20] LPR12 Recv: LPR_N
[08:48:22] LPR11 Recv: LPR_N
[08:48:25] LPR12 Recv: LPR_N
[08:48:27] LPR11 Recv: LPR_N
[08:48:30] LPR12 Recv: LPR_N
[08:48:32] LPR11 Recv: LPR_N
[08:48:35] LPR12 Recv: LPR_N
[08:48:38] LPR11 Recv: LPR_N
[08:48:41] LPR12 Recv: LPR_N
[08:48:43] LPR11 Recv: LPR_N
[08:48:46] LPR12 Recv: LPR_N
[08:48:48] LPR11 Recv: LPR_N
[08:48:51] LPR12 Recv: LPR_N
[08:48:53] LPR11 Recv: LPR_N
[08:48:56] LPR12 Recv: LPR_N
[08:48:58] LPR11 Recv: LPR_N
[08:49:02] LPR12 Recv: LPR_N
[08:49:04] LPR11 Recv: LPR_N
[08:49:07] LPR12 Recv: LPR_N
[08:49:09] LPR11 Recv: LPR_N
[08:49:12] LPR12 Recv: LPR_N
[08:49:14] LPR11 Recv: LPR_N
[08:49:17] LPR12 Recv: LPR_N
[08:49:19] LPR11 Recv: LPR_N
[08:49:22] LPR12 Recv: LPR_N
[08:49:25] LPR11 Recv: LPR_N
[08:49:28] LPR12 Recv: LPR_N
[08:49:30] LPR11 Recv: LPR_N
[08:49:33] LPR12 Recv: LPR_N
[08:49:35] LPR11 Recv: LPR_N
[08:49:38] LPR12 Recv: LPR_N
[08:49:40] LPR11 Recv: LPR_N
[08:49:43] LPR12 Recv: LPR_N
[08:49:46] LPR11 Recv: LPR_N
[08:49:49] LPR12 Recv: LPR_N
[08:49:51] LPR11 Recv: LPR_N
[08:49:54] LPR12 Recv: LPR_N
[08:49:56] LPR11 Recv: LPR_N
[08:49:59] LPR12 Recv: LPR_N
[08:50:01] LPR11 Recv: LPR_N
[08:50:04] LPR12 Recv: LPR_N
[08:50:06] LPR11 Recv: LPR_N
[08:50:09] LPR12 Recv: LPR_N
[08:50:12] LPR11 Recv: LPR_N
[08:50:15] LPR12 Recv: LPR_N
[08:50:17] LPR11 Recv: LPR_N
[08:50:20] LPR12 Recv: LPR_N
[08:50:22] LPR11 Recv: LPR_N
[08:50:25] LPR12 Recv: LPR_N
[08:50:27] LPR11 Recv: LPR_N
[08:50:30] LPR12 Recv: LPR_N
[08:50:33] LPR11 Recv: LPR_N
[08:50:36] LPR12 Recv: LPR_N
[08:50:38] LPR11 Recv: LPR_N
[08:50:41] LPR12 Recv: LPR_N
[08:50:43] LPR11 Recv: LPR_N
[08:50:46] LPR12 Recv: LPR_N
[08:50:48] LPR11 Recv: LPR_N
[08:50:51] LPR12 Recv: LPR_N
[08:50:53] LPR11 Recv: LPR_N
[08:50:57] LPR12 Recv: LPR_N
[08:50:59] LPR11 Recv: LPR_N
[08:51:02] LPR12 Recv: LPR_N
[08:51:04] LPR11 Recv: LPR_N
[08:51:07] LPR12 Recv: LPR_N
[08:51:09] LPR11 Recv: LPR_N
[08:51:12] LPR12 Recv: LPR_N
[08:51:14] LPR11 Recv: LPR_N
[08:51:17] LPR12 Recv: LPR_N
[08:51:20] LPR11 Recv: LPR_N
[08:51:23] LPR12 Recv: LPR_N
[08:51:25] LPR11 Recv: LPR_N
[08:51:28] LPR12 Recv: LPR_N
[08:51:30] LPR11 Recv: LPR_N
[08:51:33] LPR12 Recv: LPR_N
[08:51:35] LPR11 Recv: LPR_N
[08:51:38] LPR12 Recv: LPR_N
[08:51:41] LPR11 Recv: LPR_N
[08:51:44] LPR12 Recv: LPR_N
[08:51:46] LPR11 Recv: LPR_N
[08:51:49] LPR12 Recv: LPR_N
[08:51:51] LPR11 Recv: LPR_N
[08:51:54] LPR12 Recv: LPR_N
[08:51:56] LPR11 Recv: LPR_N
[08:51:59] LPR12 Recv: LPR_N
[08:52:01] LPR11 Recv: LPR_N
[08:52:04] LPR12 Recv: LPR_N
[08:52:07] LPR11 Recv: LPR_N
[08:52:10] LPR12 Recv: LPR_N
[08:52:12] LPR11 Recv: LPR_N
[08:52:15] LPR12 Recv: LPR_N
[08:52:17] LPR11 Recv: LPR_N
[08:52:20] LPR12 Recv: LPR_N
[08:52:22] LPR11 Recv: LPR_N
[08:52:25] LPR12 Recv: LPR_N
[08:52:28] LPR11 Recv: LPR_N
[08:52:31] LPR12 Recv: LPR_N
[08:52:33] LPR11 Recv: LPR_N
[08:52:36] LPR12 Recv: LPR_N
[08:52:38] LPR11 Recv: LPR_N
[08:52:41] LPR12 Recv: LPR_N
[08:52:43] LPR11 Recv: LPR_N
[08:52:46] LPR12 Recv: LPR_N
[08:52:48] LPR11 Recv: LPR_N
[08:52:52] LPR12 Recv: LPR_N
[08:52:54] LPR11 Recv: LPR_N
[08:52:57] LPR12 Recv: LPR_N
[08:52:59] LPR11 Recv: LPR_N
[08:53:02] LPR12 Recv: LPR_N
[08:53:04] LPR11 Recv: LPR_N
[08:53:07] LPR12 Recv: LPR_N
[08:53:09] LPR11 Recv: LPR_N
[08:53:12] LPR12 Recv: LPR_N
[08:53:15] LPR11 Recv: LPR_N
[08:53:18] LPR12 Recv: LPR_N
[08:53:20] LPR11 Recv: LPR_N
[08:53:23] LPR12 Recv: LPR_N
[08:53:25] LPR11 Recv: LPR_N
[08:53:28] LPR12 Recv: LPR_N
[08:53:30] LPR11 Recv: LPR_N
[08:53:33] LPR12 Recv: LPR_N
[08:53:36] LPR11 Recv: LPR_N
[08:53:39] LPR12 Recv: LPR_N
[08:53:41] LPR11 Recv: LPR_N
[08:53:44] LPR12 Recv: LPR_N
[08:53:46] LPR11 Recv: LPR_N
[08:53:49] LPR12 Recv: LPR_N
[08:53:51] LPR11 Recv: LPR_N
[08:53:54] LPR12 Recv: LPR_N
[08:53:56] LPR11 Recv: LPR_N
[08:53:59] LPR12 Recv: LPR_N
[08:54:02] LPR11 Recv: LPR_N
[08:54:05] LPR12 Recv: LPR_N
[08:54:07] LPR11 Recv: LPR_N
[08:54:10] LPR12 Recv: LPR_N
[08:54:12] LPR11 Recv: LPR_N
[08:54:15] LPR12 Recv: LPR_N
[08:54:17] LPR11 Recv: LPR_N
[08:54:20] LPR12 Recv: LPR_N
[08:54:23] LPR11 Recv: LPR_N
[08:54:26] LPR12 Recv: LPR_N
[08:54:28] LPR11 Recv: LPR_N
[08:54:31] LPR12 Recv: LPR_N
[08:54:33] LPR11 Recv: LPR_N
[08:54:36] LPR12 Recv: LPR_N
[08:54:38] LPR11 Recv: LPR_N
[08:54:41] LPR12 Recv: LPR_N
[08:54:43] LPR11 Recv: LPR_N
[08:54:47] LPR12 Recv: LPR_N
[08:54:49] LPR11 Recv: LPR_N
[08:54:52] LPR12 Recv: LPR_N
[08:54:54] LPR11 Recv: LPR_N
[08:54:57] LPR12 Recv: LPR_N
[08:54:59] LPR11 Recv: LPR_N
[08:55:02] LPR12 Recv: LPR_N
[08:55:04] LPR11 Recv: LPR_N
[08:55:07] LPR12 Recv: LPR_N
[08:55:10] LPR11 Recv: LPR_N
[08:55:13] LPR12 Recv: LPR_N
[08:55:15] LPR11 Recv: LPR_N
[08:55:18] LPR12 Recv: LPR_N
[08:55:20] LPR11 Recv: LPR_N
[08:55:23] LPR12 Recv: LPR_N
[08:55:25] LPR11 Recv: LPR_N
[08:55:28] LPR12 Recv: LPR_N
[08:55:31] LPR11 Recv: LPR_N
[08:55:34] LPR12 Recv: LPR_N
[08:55:36] LPR11 Recv: LPR_N
[08:55:39] LPR12 Recv: LPR_N
[08:55:41] LPR11 Recv: LPR_N
[08:55:44] LPR12 Recv: LPR_N
[08:55:46] LPR11 Recv: LPR_N
[08:55:49] LPR12 Recv: LPR_N
[08:55:51] LPR11 Recv: LPR_N
[08:55:54] LPR12 Recv: LPR_N
[08:55:57] LPR11 Recv: LPR_N
[08:56:00] LPR12 Recv: LPR_N
[08:56:02] LPR11 Recv: LPR_N
[08:56:05] LPR12 Recv: LPR_N
[08:56:07] LPR11 Recv: LPR_N
[08:56:10] LPR12 Recv: LPR_N
[08:56:12] LPR11 Recv: LPR_N
[08:56:15] LPR12 Recv: LPR_N
[08:56:18] LPR11 Recv: LPR_N
[08:56:21] LPR12 Recv: LPR_N
[08:56:23] LPR11 Recv: LPR_N
[08:56:26] LPR12 Recv: LPR_N
[08:56:28] LPR11 Recv: LPR_N
[08:56:31] LPR12 Recv: LPR_N
[08:56:33] LPR11 Recv: LPR_N
[08:56:36] LPR12 Recv: LPR_N
[08:56:38] LPR11 Recv: LPR_N
[08:56:42] LPR12 Recv: LPR_N
[08:56:44] LPR11 Recv: LPR_N
[08:56:47] LPR12 Recv: LPR_N
[08:56:49] LPR11 Recv: LPR_N
[08:56:52] LPR12 Recv: LPR_N
[08:56:54] LPR11 Recv: LPR_N
[08:56:57] LPR12 Recv: LPR_N
[08:56:59] LPR11 Recv: LPR_N
[08:57:02] LPR12 Recv: LPR_N
[08:57:05] LPR11 Recv: LPR_N
[08:57:08] LPR12 Recv: LPR_N
[08:57:10] LPR11 Recv: LPR_N
[08:57:13] LPR12 Recv: LPR_N
[08:57:15] LPR11 Recv: LPR_N
[08:57:18] LPR12 Recv: LPR_N
[08:57:20] LPR11 Recv: LPR_N
[08:57:23] LPR12 Recv: LPR_N
[08:57:26] LPR11 Recv: LPR_N
[08:57:29] LPR12 Recv: LPR_N
[08:57:31] LPR11 Recv: LPR_N
[08:57:34] LPR12 Recv: LPR_N
[08:57:36] LPR11 Recv: LPR_N
[08:57:39] LPR12 Recv: LPR_N
[08:57:41] LPR11 Recv: LPR_N
[08:57:44] LPR12 Recv: LPR_N
[08:57:46] LPR11 Recv: LPR_N
[08:57:49] LPR12 Recv: LPR_N
[08:57:52] LPR11 Recv: LPR_N
[08:57:55] LPR12 Recv: LPR_N
[08:57:57] LPR11 Recv: LPR_N
[08:58:00] LPR12 Recv: LPR_N
[08:58:02] LPR11 Recv: LPR_N
[08:58:05] LPR12 Recv: LPR_N
[08:58:07] LPR11 Recv: LPR_N
[08:58:10] LPR12 Recv: LPR_N
[08:58:13] LPR11 Recv: LPR_N
[08:58:16] LPR12 Recv: LPR_N
[08:58:18] LPR11 Recv: LPR_N
[08:58:21] LPR12 Recv: LPR_N
[08:58:23] LPR11 Recv: LPR_N
[08:58:26] LPR12 Recv: LPR_N
[08:58:28] LPR11 Recv: LPR_N
[08:58:31] LPR12 Recv: LPR_N
[08:58:33] LPR11 Recv: LPR_N
[08:58:37] LPR12 Recv: LPR_N
[08:58:39] LPR11 Recv: LPR_N
[08:58:42] LPR12 Recv: LPR_N
[08:58:44] LPR11 Recv: LPR_N
[08:58:47] LPR12 Recv: LPR_N
[08:58:49] LPR11 Recv: LPR_N
[08:58:52] LPR12 Recv: LPR_N
[08:58:54] LPR11 Recv: LPR_N
[08:58:57] LPR12 Recv: LPR_N
[08:59:00] LPR11 Recv: LPR_N
[08:59:03] LPR12 Recv: LPR_N
[08:59:05] LPR11 Recv: LPR_N
[08:59:08] LPR12 Recv: LPR_N
[08:59:10] LPR11 Recv: LPR_N
[08:59:13] LPR12 Recv: LPR_N
[08:59:15] LPR11 Recv: LPR_N
[08:59:18] LPR12 Recv: LPR_N
[08:59:21] LPR11 Recv: LPR_N
[08:59:24] LPR12 Recv: LPR_N
[08:59:26] LPR11 Recv: LPR_N
[08:59:29] LPR12 Recv: LPR_N
[08:59:31] LPR11 Recv: LPR_N
[08:59:34] LPR12 Recv: LPR_N
[08:59:36] LPR11 Recv: LPR_N
[08:59:39] LPR12 Recv: LPR_N
[08:59:41] LPR11 Recv: LPR_N
[08:59:44] LPR12 Recv: LPR_N
[08:59:47] LPR11 Recv: LPR_N
[08:59:50] LPR12 Recv: LPR_N
[08:59:52] LPR11 Recv: LPR_N
[08:59:55] LPR12 Recv: LPR_N
[08:59:57] LPR11 Recv: LPR_N
[09:00:00] LPR12 Recv: LPR_N
[09:00:02] LPR11 Recv: LPR_N
[09:00:05] LPR12 Recv: LPR_N
[09:00:08] LPR11 Recv: LPR_N
[09:00:11] LPR12 Recv: LPR_N
[09:00:13] LPR11 Recv: LPR_N
[09:00:16] LPR12 Recv: LPR_N
[09:00:18] LPR11 Recv: LPR_N
[09:00:21] LPR12 Recv: LPR_N
[09:00:23] LPR11 Recv: LPR_N
[09:00:26] LPR12 Recv: LPR_N
[09:00:28] LPR11 Recv: LPR_N
[09:00:32] LPR12 Recv: LPR_N
[09:00:34] LPR11 Recv: LPR_N
[09:00:37] LPR12 Recv: LPR_N
[09:00:39] LPR11 Recv: LPR_N
[09:00:42] LPR12 Recv: LPR_N
[09:00:44] LPR11 Recv: LPR_N
[09:00:47] LPR12 Recv: LPR_N
[09:00:49] LPR11 Recv: LPR_N
[09:00:52] LPR12 Recv: LPR_N
[09:00:55] LPR11 Recv: LPR_N
[09:00:58] LPR12 Recv: LPR_N
[09:01:00] LPR11 Recv: LPR_N
[09:01:03] LPR12 Recv: LPR_N
[09:01:05] LPR11 Recv: LPR_N
[09:01:08] LPR12 Recv: LPR_N
[09:01:10] LPR11 Recv: LPR_N
[09:01:13] LPR12 Recv: LPR_N
[09:01:16] LPR11 Recv: LPR_N
[09:01:19] LPR12 Recv: LPR_N
[09:01:21] LPR11 Recv: LPR_N
[09:01:24] LPR12 Recv: LPR_N
[09:01:26] LPR11 Recv: LPR_N
[09:01:29] LPR12 Recv: LPR_N
[09:01:31] LPR11 Recv: LPR_N
[09:01:34] LPR12 Recv: LPR_N
[09:01:36] LPR11 Recv: LPR_N
[09:01:39] LPR12 Recv: LPR_N
[09:01:42] LPR11 Recv: LPR_N
[09:01:45] LPR12 Recv: LPR_N
[09:01:47] LPR11 Recv: LPR_N
[09:01:50] LPR12 Recv: LPR_N
[09:01:52] LPR11 Recv: LPR_N
[09:01:55] LPR12 Recv: LPR_N
[09:01:57] LPR11 Recv: LPR_N
[09:02:00] LPR12 Recv: LPR_N
[09:02:03] LPR11 Recv: LPR_N
[09:02:06] LPR12 Recv: LPR_N
[09:02:08] LPR11 Recv: LPR_N
[09:02:11] LPR12 Recv: LPR_N
[09:02:13] LPR11 Recv: LPR_N
[09:02:16] LPR12 Recv: LPR_N
[09:02:18] LPR11 Recv: LPR_N
[09:02:21] LPR12 Recv: LPR_N
[09:02:23] LPR11 Recv: LPR_N
[09:02:27] LPR12 Recv: LPR_N
[09:02:29] LPR11 Recv: LPR_N
[09:02:32] LPR12 Recv: LPR_N
[09:02:34] LPR11 Recv: LPR_N
[09:02:37] LPR12 Recv: LPR_N
[09:02:39] LPR11 Recv: LPR_N
[09:02:42] LPR12 Recv: LPR_N
[09:02:44] LPR11 Recv: LPR_N
[09:02:47] LPR12 Recv: LPR_N
[09:02:50] LPR11 Recv: LPR_N
[09:02:53] LPR12 Recv: LPR_N
[09:02:55] LPR11 Recv: LPR_N
[09:02:58] LPR12 Recv: LPR_N
[09:03:00] LPR11 Recv: LPR_N
[09:03:03] LPR12 Recv: LPR_N
[09:03:05] LPR11 Recv: LPR_N
[09:03:08] LPR12 Recv: LPR_N
[09:03:11] LPR11 Recv: LPR_N
[09:03:14] LPR12 Recv: LPR_N
[09:03:16] LPR11 Recv: LPR_N
[09:03:19] LPR12 Recv: LPR_N
[09:03:21] LPR11 Recv: LPR_N
[09:03:24] LPR12 Recv: LPR_N
[09:03:26] LPR11 Recv: LPR_N
[09:03:29] LPR12 Recv: LPR_N
[09:03:31] LPR11 Recv: LPR_N
[09:03:34] LPR12 Recv: LPR_N
[09:03:37] LPR11 Recv: LPR_N
[09:03:40] LPR12 Recv: LPR_N
[09:03:42] LPR11 Recv: LPR_N
[09:03:45] LPR12 Recv: LPR_N
[09:03:47] LPR11 Recv: LPR_N
[09:03:50] LPR12 Recv: LPR_N
[09:03:52] LPR11 Recv: LPR_N
[09:03:55] LPR12 Recv: LPR_N
[09:03:58] LPR11 Recv: LPR_N
[09:04:01] LPR12 Recv: LPR_N
[09:04:03] LPR11 Recv: LPR_N
[09:04:06] LPR12 Recv: LPR_N
[09:04:08] LPR11 Recv: LPR_N
[09:04:11] LPR12 Recv: LPR_N
[09:04:13] LPR11 Recv: LPR_N
[09:04:16] LPR12 Recv: LPR_N
[09:04:18] LPR11 Recv: LPR_N
[09:04:22] LPR12 Recv: LPR_N
[09:04:24] LPR11 Recv: LPR_N
[09:04:27] LPR12 Recv: LPR_N
[09:04:29] LPR11 Recv: LPR_N
[09:04:32] LPR12 Recv: LPR_N
[09:04:34] LPR11 Recv: LPR_N
[09:04:37] LPR12 Recv: LPR_N
[09:04:39] LPR11 Recv: LPR_N
[09:04:42] LPR12 Recv: LPR_N
[09:04:45] LPR11 Recv: LPR_N
[09:04:48] LPR12 Recv: LPR_N
[09:04:50] LPR11 Recv: LPR_N
[09:04:53] LPR12 Recv: LPR_N
[09:04:55] LPR11 Recv: LPR_N
[09:04:58] LPR12 Recv: LPR_N
[09:05:00] LPR11 Recv: LPR_N
[09:05:03] LPR12 Recv: LPR_N
[09:05:06] LPR11 Recv: LPR_N
[09:05:09] LPR12 Recv: LPR_N
[09:05:11] LPR11 Recv: LPR_N
[09:05:14] LPR12 Recv: LPR_N
[09:05:16] LPR11 Recv: LPR_N
[09:05:19] LPR12 Recv: LPR_N
[09:05:21] LPR11 Recv: LPR_N
[09:05:24] LPR12 Recv: LPR_N
[09:05:26] LPR11 Recv: LPR_N
[09:05:29] LPR12 Recv: LPR_N
[09:05:32] LPR11 Recv: LPR_N
[09:05:35] LPR12 Recv: LPR_N
[09:05:37] LPR11 Recv: LPR_N
[09:05:40] LPR12 Recv: LPR_N
[09:05:42] LPR11 Recv: LPR_N
[09:05:45] LPR12 Recv: LPR_N
[09:05:47] LPR11 Recv: LPR_N
[09:05:50] LPR12 Recv: LPR_N
[09:05:53] LPR11 Recv: LPR_N
[09:05:56] LPR12 Recv: LPR_N
[09:05:58] LPR11 Recv: LPR_N
[09:06:00] Program Close
[09:06:08] Program Start!
[09:06:09] 근무시작: 배은화
[09:06:11] 영수증프린터 포트오픈 에러: ie_BadId - Specified comport doesn't exist
[09:06:11] Ping 시간 체크1-252260750
[09:06:11] Ping 시간 체크2-252260750
[09:06:11] Ping 시간 체크1-252260812
[09:06:11] Ping 시간 체크2-252260828
[09:06:11] Ping 시간 체크1-252260828
[09:06:11] Ping 시간 체크2-252260843
[09:06:11] Ping 시간 체크1-252260843
[09:06:11] Ping 시간 체크2-252260843
[09:06:11] 주차권  101
[09:06:11] 경차  102
[09:06:11] 장애인  103
[09:06:11] 전액무료  104
[09:11:00] Program Start!
[09:11:01] 근무시작: 배은화
[09:11:01] 영수증프린터 포트오픈 에러: ie_BadId - Specified comport doesn't exist
[09:11:01] Ping 시간 체크1-252551703
[09:11:01] Ping 시간 체크2-252551718
[09:11:02] Ping 시간 체크1-252551734
[09:11:02] Ping 시간 체크2-252551750
[09:11:02] Ping 시간 체크1-252551750
[09:11:02] Ping 시간 체크2-252551765
[09:11:02] Ping 시간 체크1-252551765
[09:11:02] Ping 시간 체크2-252551781
[09:11:02] 주차권  101
[09:11:02] 경차  102
[09:11:02] 장애인  103
[09:11:02] 전액무료  104
[09:11:02] LPR11 Recv: 172.16.83.1
[09:11:02] LPR12 Recv: 172.16.83.1
[09:11:03] LPR12 Recv: LPR_N
[09:11:03] LPR11 Recv: LPR_N
[09:11:04] LPR12 Recv: LPR_N
[09:11:06] LPR11 Recv: LPR_N
[09:11:09] LPR12 Recv: LPR_N
[09:11:11] LPR11 Recv: LPR_N
[09:11:14] LPR12 Recv: LPR_N
[09:11:17] Ping 시간 체크1-252566765
[09:11:17] Ping 시간 체크2-252566765
[09:11:17] LPR11 Recv: LPR_N
[09:11:20] LPR12 Recv: LPR_N
[09:11:20] Ping 시간 체크1-252570703
[09:11:20] Ping 시간 체크2-252570703
[09:11:22] LPR11 Recv: LPR_N
[09:11:25] LPR12 Recv: LPR_N
[09:11:27] LPR11 Recv: LPR_N
[09:11:30] LPR12 Recv: LPR_N
[09:11:32] LPR11 Recv: LPR_N
[09:11:35] LPR12 Recv: LPR_N
[09:11:38] LPR11 Recv: LPR_N
[09:11:41] LPR12 Recv: LPR_N
[09:11:43] LPR11 Recv: LPR_N
[09:11:46] LPR12 Recv: LPR_N
[09:11:48] LPR11 Recv: LPR_N
[09:11:51] LPR12 Recv: LPR_N
[09:11:53] LPR11 Recv: LPR_N
[09:11:56] LPR12 Recv: LPR_N
[09:11:58] LPR11 Recv: LPR_N
[09:12:02] LPR12 Recv: LPR_N
[09:12:04] LPR11 Recv: LPR_N
[09:12:07] LPR12 Recv: LPR_N
[09:12:09] LPR11 Recv: LPR_N
[09:12:12] LPR12 Recv: LPR_N
[09:12:14] LPR11 Recv: LPR_N
[09:12:17] LPR12 Recv: LPR_N
[09:12:19] LPR11 Recv: LPR_N
[09:12:22] LPR12 Recv: LPR_N
[09:12:25] LPR11 Recv: LPR_N
[09:12:28] LPR12 Recv: LPR_N
[09:12:30] LPR11 Recv: LPR_N
[09:12:33] LPR12 Recv: LPR_N
[09:12:35] LPR11 Recv: LPR_N
[09:12:38] LPR12 Recv: LPR_N
[09:12:40] LPR11 Recv: LPR_N
[09:12:43] LPR12 Recv: LPR_N
[09:12:46] LPR11 Recv: LPR_N
[09:12:49] LPR12 Recv: LPR_N
[09:12:51] LPR11 Recv: LPR_N
[09:12:54] LPR12 Recv: LPR_N
[09:12:56] LPR11 Recv: LPR_N
[09:12:59] LPR12 Recv: LPR_N
[09:13:01] LPR11 Recv: LPR_N
[09:13:04] LPR12 Recv: LPR_N
[09:13:06] LPR11 Recv: LPR_N
[09:13:09] LPR12 Recv: LPR_N
[09:13:12] LPR11 Recv: LPR_N
[09:13:15] LPR12 Recv: LPR_N
[09:13:17] LPR11 Recv: LPR_N
[09:13:20] LPR12 Recv: LPR_N
[09:13:22] LPR11 Recv: LPR_N
[09:13:25] LPR12 Recv: LPR_N
[09:13:27] LPR11 Recv: LPR_N
[09:13:30] LPR12 Recv: LPR_N
[09:13:33] LPR11 Recv: LPR_N
[09:13:36] LPR12 Recv: LPR_N
[09:13:38] LPR11 Recv: LPR_N
[09:13:41] LPR12 Recv: LPR_N
[09:13:43] LPR11 Recv: LPR_N
[09:13:46] LPR12 Recv: LPR_N
[09:13:48] LPR11 Recv: LPR_N
[09:13:51] LPR12 Recv: LPR_N
[09:13:53] LPR11 Recv: LPR_N
[09:13:57] LPR12 Recv: LPR_N
[09:13:59] LPR11 Recv: LPR_N
[09:14:02] LPR12 Recv: LPR_N
[09:14:04] LPR11 Recv: LPR_N
[09:14:07] LPR12 Recv: LPR_N
[09:14:09] LPR11 Recv: LPR_N
[09:14:12] LPR12 Recv: LPR_N
[09:14:14] LPR11 Recv: LPR_N
[09:14:17] LPR12 Recv: LPR_N
[09:14:20] LPR11 Recv: LPR_N
[09:14:23] LPR12 Recv: LPR_N
[09:14:25] LPR11 Recv: LPR_N
[09:14:28] LPR12 Recv: LPR_N
[09:14:30] LPR11 Recv: LPR_N
[09:14:33] LPR12 Recv: LPR_N
[09:14:35] LPR11 Recv: LPR_N
[09:14:38] LPR12 Recv: LPR_N
[09:14:41] LPR11 Recv: LPR_N
[09:14:44] LPR12 Recv: LPR_N
[09:14:46] LPR11 Recv: LPR_N
[09:14:49] LPR12 Recv: LPR_N
[09:14:51] LPR11 Recv: LPR_N
[09:14:54] LPR12 Recv: LPR_N
[09:14:56] LPR11 Recv: LPR_N
[09:14:59] LPR12 Recv: LPR_N
[09:15:01] LPR11 Recv: LPR_N
[09:15:04] Program Close
[09:15:09] Program Start!
[09:15:11] 근무시작: 배은화
[09:15:12] 영수증프린터 포트오픈 에러: ie_BadId - Specified comport doesn't exist
[09:15:12] Ping 시간 체크1-252802468
[09:15:12] Ping 시간 체크2-252802484
[09:15:12] Ping 시간 체크1-252802531
[09:15:12] Ping 시간 체크2-252802546
[09:15:12] Ping 시간 체크1-252802546
[09:15:12] Ping 시간 체크2-252802546
[09:15:12] Ping 시간 체크1-252802562
[09:15:12] Ping 시간 체크2-252802562
[09:15:12] 주차권  101
[09:15:12] 경차  102
[09:15:12] 장애인  103
[09:15:12] 전액무료  104
[09:15:13] LPR11 Recv: 172.16.83.1
[09:15:13] LPR12 Recv: 172.16.83.1
[09:15:14] LPR12 Recv: LPR_N
[09:15:14] LPR11 Recv: LPR_N
[09:15:15] LPR12 Recv: LPR_N
[09:15:42] Program Start!
[09:15:45] 근무시작: 배은화
[09:15:46] 영수증프린터 포트오픈 에러: ie_BadId - Specified comport doesn't exist
[09:15:46] Ping 시간 체크1-252836125
[09:15:46] Ping 시간 체크2-252836140
[09:15:46] Ping 시간 체크1-252836187
[09:15:46] Ping 시간 체크2-252836187
[09:15:46] Ping 시간 체크1-252836203
[09:15:46] Ping 시간 체크2-252836203
[09:15:46] Ping 시간 체크1-252836203
[09:15:46] Ping 시간 체크2-252836218
[09:15:46] 주차권  101
[09:15:46] 경차  102
[09:15:46] 장애인  103
[09:15:46] 전액무료  104
[09:15:46] LPR11 Recv: 172.16.83.1
[09:15:46] LPR12 Recv: 172.16.83.1LPR_N
[09:15:46] LPR Check: ,http://172.16.66.34:9080/MSImage172.16.83.1LPR_N,3,,,0, N   -  -     :  :  
[09:15:46] 이미지저장폴더 생성실패: C:\LPRImage\N   \  \  \12
[09:15:46] File: \\172.16.66.34\MSImage172.16.83.1LPR_N
[09:15:47] csOutLpr1Read: qryOutLpr1Proc: Cannot perform this operation on a closed dataset
[09:15:47] LPR12 Recv: LPR_N
[09:15:47] LPR11 Recv: LPR_N
[09:15:48] LPR11 Recv: LPR_N
[09:16:10] Program Start!
[09:16:12] 근무시작: 배은화
[09:16:13] 영수증프린터 포트오픈 에러: ie_BadId - Specified comport doesn't exist
[09:16:13] Ping 시간 체크1-252863218
[09:16:13] Ping 시간 체크2-252863234
[09:16:13] Ping 시간 체크1-252863296
[09:16:13] Ping 시간 체크2-252863296
[09:16:13] Ping 시간 체크1-252863312
[09:16:13] Ping 시간 체크2-252863312
[09:16:13] Ping 시간 체크1-252863312
[09:16:13] Ping 시간 체크2-252863328
[09:16:13] 주차권  101
[09:16:13] 경차  102
[09:16:13] 장애인  103
[09:16:13] 전액무료  104
[09:16:13] LPR11 Recv: 172.16.83.1
[09:16:13] LPR12 Recv: 172.16.83.1
[09:16:15] LPR12 Recv: LPR_N
[09:16:15] LPR11 Recv: LPR_N
[09:17:58] Program Start!
[09:18:00] 근무시작: 배은화
[09:18:01] 영수증프린터 포트오픈 에러: ie_BadId - Specified comport doesn't exist
[09:18:01] Ping 시간 체크1-252971421
[09:18:01] Ping 시간 체크2-252971437
[09:18:01] Ping 시간 체크1-252971500
[09:18:01] Ping 시간 체크2-252971515
[09:18:01] Ping 시간 체크1-252971515
[09:18:01] Ping 시간 체크2-252971531
[09:18:01] Ping 시간 체크1-252971531
[09:18:01] Ping 시간 체크2-252971562
[09:18:01] 주차권  101
[09:18:01] 경차  102
[09:18:01] 장애인  103
[09:18:01] 전액무료  104
[09:18:02] LPR11 Recv: 172.16.83.1
[09:18:02] LPR12 Recv: 172.16.83.1
[09:18:02] LPR12 Recv: LPR_N
[09:18:03] LPR11 Recv: LPR_N
[09:18:14] Program Start!
[09:18:17] Program Close
[09:18:44] Program Start!
[09:18:46] 근무시작: 배은화
[09:18:47] 영수증프린터 포트오픈 에러: ie_BadId - Specified comport doesn't exist
[09:18:47] Ping 시간 체크1-253017046
[09:18:47] Ping 시간 체크2-253017062
[09:18:47] Ping 시간 체크1-253017109
[09:18:47] Ping 시간 체크2-253017109
[09:18:47] Ping 시간 체크1-253017125
[09:18:47] Ping 시간 체크2-253017125
[09:18:47] Ping 시간 체크1-253017125
[09:18:47] Ping 시간 체크2-253017140
[09:18:47] 주차권  101
[09:18:47] 경차  102
[09:18:47] 장애인  103
[09:18:47] 전액무료  104
[09:18:47] LPR11 Recv: 172.16.83.1
[09:18:47] LPR12 Recv: 172.16.83.1
[09:18:48] LPR11 Recv: LPR_N
[09:18:48] LPR12 Recv: LPR_N
[09:19:55] Program Start!
[09:19:57] 근무시작: 배은화
[09:19:58] 영수증프린터 포트오픈 에러: ie_BadId - Specified comport doesn't exist
[09:19:58] Ping 시간 체크1-253088265
[09:19:58] Ping 시간 체크2-253088281
[09:19:58] Ping 시간 체크1-253088328
[09:19:58] Ping 시간 체크2-253088343
[09:19:58] Ping 시간 체크1-253088359
[09:19:58] Ping 시간 체크2-253088375
[09:19:58] Ping 시간 체크1-253088375
[09:19:58] Ping 시간 체크2-253088390
[09:19:58] 주차권  101
[09:19:58] 경차  102
[09:19:58] 장애인  103
[09:19:58] 전액무료  104
[09:19:58] LPR12 Recv: 172.16.83.1
[09:19:58] LPR11 Recv: 172.16.83.1
[09:19:59] LPR11 Recv: LPR_N
[09:19:59] LPR12 Recv: LPR_N
[09:20:03] LPR12 Recv: LPR_N
[09:20:09] LPR11 Recv: LPR_N
[09:20:09] LPR12 Recv: LPR_N
[09:20:11] LPR11 Recv: LPR_N
[09:20:13] LPR12 Recv: LPR_N
[09:20:15] LPR11 Recv: LPR_N
[09:20:18] LPR12 Recv: LPR_N
[09:22:08] Program Start!
[09:22:11] 근무시작: 배은화
[09:22:12] 영수증프린터 포트오픈 에러: ie_BadId - Specified comport doesn't exist
[09:22:12] Ping 시간 체크1-253221843
[09:22:12] Ping 시간 체크2-253221859
[09:22:12] Ping 시간 체크1-253221906
[09:22:12] Ping 시간 체크2-253221921
[09:22:12] Ping 시간 체크1-253221921
[09:22:12] Ping 시간 체크2-253221921
[09:22:12] Ping 시간 체크1-253221937
[09:22:12] Ping 시간 체크2-253221937
[09:22:12] 주차권  101
[09:22:12] 경차  102
[09:22:12] 장애인  103
[09:22:12] 전액무료  104
[09:22:12] LPR11 Recv: 172.16.83.1
[09:22:12] LPR12 Recv: 172.16.83.1
[09:22:14] LPR11 Recv: LPR_N
[09:22:14] LPR12 Recv: LPR_N
[09:22:16] LPR11 Recv: LPR_N
[09:32:26] Program Start!
[09:32:42] 근무시작: 배은화
[09:32:44] 영수증프린터 포트오픈 에러: ie_BadId - Specified comport doesn't exist
[09:32:44] Ping 시간 체크1-253854031
[09:32:44] Ping 시간 체크2-253854046
[09:32:44] Ping 시간 체크1-253854109
[09:32:44] Ping 시간 체크2-253854125
[09:32:44] Ping 시간 체크1-253854125
[09:32:44] Ping 시간 체크2-253854140
[09:32:44] Ping 시간 체크1-253854140
[09:32:44] Ping 시간 체크2-253854156
[09:32:44] 주차권  101
[09:32:44] 경차  102
[09:32:44] 장애인  103
[09:32:44] 전액무료  104
[09:32:44] LPR11 Recv: 172.16.83.1
[09:32:44] LPR12 Recv: 172.16.83.1
[09:32:45] LPR12 Recv: LPR_N
[09:32:46] LPR11 Recv: LPR_N
[09:32:46] LPR12 Recv: LPR_N
[09:32:48] LPR11 Recv: LPR_N
[09:32:50] Ping 시간 체크1-253860718
[09:32:50] Ping 시간 체크2-253860718
[09:32:51] LPR12 Recv: LPR_N
[09:32:53] LPR11 Recv: LPR_N
[09:32:56] LPR12 Recv: LPR_N
[09:32:58] LPR11 Recv: LPR_N
[09:33:02] Program Start!
[09:33:04] 근무시작: 배은화
[09:33:05] 영수증프린터 포트오픈 에러: ie_BadId - Specified comport doesn't exist
[09:33:05] Ping 시간 체크1-253875062
[09:33:05] Ping 시간 체크2-253875062
[09:33:05] Ping 시간 체크1-253875125
[09:33:05] Ping 시간 체크2-253875125
[09:33:05] Ping 시간 체크1-253875140
[09:33:05] Ping 시간 체크2-253875140
[09:33:05] Ping 시간 체크1-253875140
[09:33:05] Ping 시간 체크2-253875156
[09:33:05] 주차권  101
[09:33:05] 경차  102
[09:33:05] 장애인  103
[09:33:05] 전액무료  104
[09:33:05] LPR11 Recv: 172.16.83.1
[09:33:05] LPR12 Recv: 172.16.83.1
[09:33:07] LPR11 Recv: LPR_N
[09:33:07] LPR12 Recv: LPR_N
[09:33:08] Ping 시간 체크1-253877875
[09:33:08] Ping 시간 체크2-253877890
[09:33:09] LPR11 Recv: LPR_N
[09:33:12] LPR12 Recv: LPR_N
[09:33:14] LPR11 Recv: LPR_N
[09:33:22] Program Start!
[09:33:24] 근무시작: 배은화
[09:33:25] 영수증프린터 포트오픈 에러: ie_BadId - Specified comport doesn't exist
[09:33:25] Ping 시간 체크1-253895046
[09:33:25] Ping 시간 체크2-253895062
[09:33:25] Ping 시간 체크1-253895109
[09:33:25] Ping 시간 체크2-253895125
[09:33:25] Ping 시간 체크1-253895125
[09:33:25] Ping 시간 체크2-253895125
[09:33:25] Ping 시간 체크1-253895140
[09:33:25] Ping 시간 체크2-253895156
[09:33:25] 주차권  101
[09:33:25] 경차  102
[09:33:25] 장애인  103
[09:33:25] 전액무료  104
[09:33:25] LPR11 Recv: 172.16.83.1
[09:33:25] LPR12 Recv: 172.16.83.1
[09:33:26] LPR11 Recv: LPR_N
[09:33:26] LPR12 Recv: LPR_N
[09:33:27] Ping 시간 체크1-253897328
[09:33:27] Ping 시간 체크2-253897328
[09:33:27] LPR12 Recv: LPR_N
[09:33:30] LPR11 Recv: LPR_N
[09:33:33] LPR12 Recv: LPR_N
[09:33:35] LPR11 Recv: LPR_N
[09:33:38] LPR12 Recv: LPR_N
[09:33:40] LPR11 Recv: LPR_N
[09:33:43] LPR12 Recv: LPR_N
[09:33:45] LPR11 Recv: LPR_N
[09:33:46] Program Close
[09:40:10] Program Start!
[09:40:15] 근무시작: 배은화
[09:40:17] 영수증프린터 포트오픈 에러: ie_BadId - Specified comport doesn't exist
[09:40:17] Ping 시간 체크1-254307250
[09:40:17] Ping 시간 체크2-254307265
[09:40:17] Ping 시간 체크1-254307312
[09:40:17] Ping 시간 체크2-254307328
[09:40:17] Ping 시간 체크1-254307328
[09:40:17] Ping 시간 체크2-254307343
[09:40:17] Ping 시간 체크1-254307359
[09:40:17] Ping 시간 체크2-254307359
[09:40:17] 주차권  101
[09:40:17] 경차  102
[09:40:17] 장애인  103
[09:40:17] 전액무료  104
[09:40:17] LPR11 Recv: 172.16.83.1LPR_N
[09:40:17] LPR Check: ,http://172.16.66.33:9080/MSImage172.16.83.1LPR_N,3,,,0, N   -  -     :  :  
[09:40:22] 이미지저장폴더 생성실패: C:\LPRImage\N   \  \  \11
[09:40:22] File: \\172.16.66.33\MSImage172.16.83.1LPR_N
[09:40:23] csInLpr1Read: qryInLpr1Proc: Cannot perform this operation on a closed dataset
[09:40:23] LPR12 Recv: 172.16.83.1LPR_NLPR_N
[09:40:23] LPR Check: ,http://172.16.66.34:9080/MSImage172.16.83.1LPR_NLPR_N,3,,,0, NLPR-_N-     :  :  
[09:40:23] 이미지저장폴더 생성실패: C:\LPRImage\NLPR\_N\  \12
[09:40:23] File: \\172.16.66.34\MSImage172.16.83.1LPR_NLPR_N
[09:40:24] csOutLpr1Read: qryOutLpr1Proc: Cannot perform this operation on a closed dataset
[09:40:24] LPR11 Recv: LPR_NLPR_N
[09:40:26] LPR12 Recv: LPR_N
[09:40:28] LPR11 Recv: LPR_N
[09:40:31] LPR12 Recv: LPR_N
[09:40:32] Ping 시간 체크1-254321875
[09:40:32] Ping 시간 체크2-254321890
[09:40:32] Ping 시간 체크1-254321890
[09:40:32] Ping 시간 체크2-254321890
[09:40:32] 출구차단기 Open
[09:40:37] LPR11 Recv: LPR_N
[09:40:37] LPR12 Recv: LPR_N
[09:40:38] LPR11 Recv: LPR_N
[09:40:41] LPR12 Recv: LPR_N
[09:40:42] Ping 시간 체크1-254332078
[09:40:42] Ping 시간 체크2-254332093
[09:40:42] Ping 시간 체크1-254332093
[09:40:42] Ping 시간 체크2-254332109
[09:40:42] 출구차단기 Open
[09:43:27] Program Start!
[09:43:31] Program Close
[09:43:37] Program Start!
[09:43:39] 근무시작: 배은화
[09:43:40] 영수증프린터 포트오픈 에러: ie_BadId - Specified comport doesn't exist
[09:43:40] Ping 시간 체크1-254509921
[09:43:40] Ping 시간 체크2-254509921
[09:43:40] Ping 시간 체크1-254509984
[09:43:40] Ping 시간 체크2-254510000
[09:43:40] Ping 시간 체크1-254510000
[09:43:40] Ping 시간 체크2-254510015
[09:43:40] Ping 시간 체크1-254510015
[09:43:40] Ping 시간 체크2-254510031
[09:43:40] LPR11 Recv: 172.16.83.1
[09:43:41] 주차권  101
[09:43:41] 경차  102
[09:43:41] 장애인  103
[09:43:41] 전액무료  104
[09:43:41] LPR11 Recv: LPR_N
[09:43:46] Ping 시간 체크1-254515796
[09:43:46] Ping 시간 체크2-254515812
[09:43:46] Ping 시간 체크1-254515812
[09:43:46] Ping 시간 체크2-254515812
[09:43:46] 출구차단기 Open
[09:45:46] Program Start!
[09:45:48] 근무시작: 배은화
[09:45:49] 영수증프린터 포트오픈 에러: ie_BadId - Specified comport doesn't exist
[09:45:49] Ping 시간 체크1-254639406
[09:45:49] Ping 시간 체크2-254639406
[09:45:49] Ping 시간 체크1-254639468
[09:45:49] Ping 시간 체크2-254639468
[09:45:49] Ping 시간 체크1-254639484
[09:45:49] Ping 시간 체크2-254639484
[09:45:49] Ping 시간 체크1-254639500
[09:45:49] Ping 시간 체크2-254639500
[09:45:49] 주차권  101
[09:45:49] 경차  102
[09:45:49] 장애인  103
[09:45:49] 전액무료  104
[09:45:49] LPR11 Recv: 172.16.83.1
[09:45:49] LPR12 Recv: 172.16.83.1
[09:45:50] LPR12 Recv: LPR_N
[09:45:51] LPR11 Recv: LPR_N
[09:45:51] LPR12 Recv: LPR_N
[09:45:52] LPR11 Recv: LPR_N
[09:45:55] Ping 시간 체크1-254644984
[09:45:55] Ping 시간 체크2-254644984
[09:45:55] Ping 시간 체크1-254644984
[09:45:55] Ping 시간 체크2-254645000
[09:45:55] 출구차단기 Open
[09:48:45] Program Start!
[09:48:47] 근무시작: 배은화
[09:48:47] 영수증프린터 포트오픈 에러: ie_BadId - Specified comport doesn't exist
[09:48:47] Ping 시간 체크1-254817140
[09:48:47] Ping 시간 체크2-254817156
[09:48:47] Ping 시간 체크1-254817156
[09:48:47] Ping 시간 체크2-254817171
[09:48:47] Ping 시간 체크1-254817171
[09:48:47] Ping 시간 체크2-254817187
[09:48:47] Ping 시간 체크1-254817187
[09:48:47] Ping 시간 체크2-254817203
[09:48:47] 주차권  101
[09:48:47] 경차  102
[09:48:47] 장애인  103
[09:48:47] 전액무료  104
[09:48:47] LPR11 Recv: 172.16.83.1
[09:48:47] LPR12 Recv: 172.16.83.1
[09:48:48] LPR12 Recv: LPR_N
[09:48:48] LPR11 Recv: LPR_N
[09:48:49] LPR12 Recv: LPR_N
[09:48:50] LPR11 Recv: LPR_N
[09:48:53] LPR12 Recv: LPR_N
[09:48:55] LPR11 Recv: LPR_N
[09:48:58] LPR12 Recv: LPR_N
[09:49:00] LPR11 Recv: LPR_N
[09:49:04] LPR12 Recv: LPR_N
[09:49:05] LPR11 Recv: LPR_N
[09:49:09] LPR12 Recv: LPR_N
[09:49:11] LPR11 Recv: LPR_N
[09:49:14] LPR12 Recv: LPR_N
[09:49:16] LPR11 Recv: LPR_N
[09:49:19] LPR12 Recv: LPR_N
[09:49:21] LPR11 Recv: LPR_N
[09:49:25] LPR12 Recv: LPR_N
[09:49:26] LPR11 Recv: LPR_N
[09:49:30] LPR12 Recv: LPR_N
[09:49:31] LPR11 Recv: LPR_N
[09:49:35] LPR12 Recv: LPR_N
[09:49:37] LPR11 Recv: LPR_N
[09:49:40] LPR12 Recv: LPR_N
[09:49:42] LPR11 Recv: LPR_N
[09:49:45] LPR12 Recv: LPR_N
[09:49:47] LPR11 Recv: LPR_N
[09:49:51] LPR12 Recv: LPR_N
[09:49:52] LPR11 Recv: LPR_N
[09:49:56] LPR12 Recv: LPR_N
[09:49:58] LPR11 Recv: LPR_N
[09:50:01] LPR12 Recv: LPR_N
[09:50:03] LPR11 Recv: LPR_N
[09:50:06] LPR12 Recv: LPR_N
[09:50:08] LPR11 Recv: LPR_N
[09:50:12] LPR12 Recv: LPR_N
[09:50:13] LPR11 Recv: LPR_N
[09:50:17] LPR12 Recv: LPR_N
[09:50:17] Program Close
[09:50:20] Program Start!
[09:50:22] 근무시작: 배은화
[09:50:23] 영수증프린터 포트오픈 에러: ie_BadId - Specified comport doesn't exist
[09:50:23] Ping 시간 체크1-254913640
[09:50:23] Ping 시간 체크2-254913640
[09:50:23] Ping 시간 체크1-254913687
[09:50:23] Ping 시간 체크2-254913703
[09:50:23] Ping 시간 체크1-254913703
[09:50:23] Ping 시간 체크2-254913718
[09:50:23] Ping 시간 체크1-254913718
[09:50:24] Ping 시간 체크2-254913734
[09:50:24] 주차권  101
[09:50:24] 경차  102
[09:50:24] 장애인  103
[09:50:24] 전액무료  104
[09:50:24] LPR12 Recv: 172.16.83.1
[09:50:24] LPR11 Recv: 172.16.83.1
[09:50:24] LPR11 Recv: LPR_N
[09:50:25] LPR11 Recv: LPR_N
[09:50:25] LPR12 Recv: LPR_N
[09:50:27] LPR12 Recv: LPR_N
[09:50:28] Ping 시간 체크1-254918593
[09:50:28] Ping 시간 체크2-254918593
[09:50:28] Ping 시간 체크1-254918593
[09:50:28] Ping 시간 체크2-254918609
[09:50:28] 출구차단기 Open
[09:52:59] Program Start!
[09:53:01] 근무시작: 배은화
[09:53:02] 영수증프린터 포트오픈 에러: ie_BadId - Specified comport doesn't exist
[09:53:02] Ping 시간 체크1-255072359
[09:53:02] Ping 시간 체크2-255072375
[09:53:02] Ping 시간 체크1-255072421
[09:53:02] Ping 시간 체크2-255072437
[09:53:02] Ping 시간 체크1-255072453
[09:53:02] Ping 시간 체크2-255072453
[09:53:02] Ping 시간 체크1-255072468
[09:53:02] Ping 시간 체크2-255072484
[09:53:02] 주차권  101
[09:53:02] 경차  102
[09:53:02] 장애인  103
[09:53:02] 전액무료  104
[09:53:02] LPR12 Recv: 172.16.83.1
[09:53:02] LPR11 Recv: 172.16.83.1
[09:53:04] LPR11 Recv: LPR_N
[09:53:04] LPR12 Recv: LPR_N
[09:53:05] Ping 시간 체크1-255075546
[09:53:05] Ping 시간 체크2-255075562
[10:08:38] Program Start!
[10:08:39] 근무시작: 배은화
[10:08:39] 영수증프린터 포트오픈 에러: ie_BadId - Specified comport doesn't exist
[10:08:39] Ping 시간 체크1-256009421
[10:08:39] Ping 시간 체크2-256009437
[10:08:39] Ping 시간 체크1-256009453
[10:08:39] Ping 시간 체크2-256009468
[10:08:39] Ping 시간 체크1-256009484
[10:08:39] Ping 시간 체크2-256009500
[10:08:39] Ping 시간 체크1-256009500
[10:08:39] Ping 시간 체크2-256009515
[10:08:39] LPR11 Recv: 172.16.83.1
[10:08:39] LPR12 Recv: 172.16.83.1
[10:08:39] LPR11 Recv: LPR_N
[10:08:40] LPR11 Recv: LPR_N
[10:08:41] 주차권  101
[10:08:41] 경차  102
[10:08:41] 장애인  103
[10:08:41] 전액무료  104
[10:08:41] LPR12 Recv: LPR_R
[10:08:41] 시간동기화 전송
[10:08:42] LPR12 Recv: LPR_N
[10:08:45] LPR11 Recv: LPR_N
[10:08:47] Program Close
[10:09:12] Program Start!
[10:09:15] 근무시작: 배은화
[10:09:17] 영수증프린터 포트오픈 에러: ie_BadId - Specified comport doesn't exist
[10:09:17] Ping 시간 체크1-256046734
[10:09:17] Ping 시간 체크2-256046734
[10:09:17] Ping 시간 체크1-256046796
[10:09:17] Ping 시간 체크2-256046796
[10:09:17] Ping 시간 체크1-256046812
[10:09:17] Ping 시간 체크2-256046828
[10:09:17] Ping 시간 체크1-256046828
[10:09:17] Ping 시간 체크2-256046828
[10:09:17] 주차권  101
[10:09:17] 경차  102
[10:09:17] 장애인  103
[10:09:17] 전액무료  104
[10:09:19] LPR12 Recv: 172.16.83.1
[10:09:19] LPR11 Recv: 172.16.83.1
[10:09:19] LPR12 Recv: LPR_N
[10:09:20] LPR11 Recv: LPR_N
[10:09:20] LPR12 Recv: LPR_N
[10:09:21] Ping 시간 체크1-256051671
[10:09:21] Ping 시간 체크2-256051671
[10:09:22] LPR11 Recv: LPR_N
[10:09:32] Ping 시간 체크1-256061828
[10:09:32] Ping 시간 체크2-256061843
[10:10:19] Program Start!
[10:10:22] 근무시작: 배은화
[10:10:24] 영수증프린터 포트오픈 에러: ie_BadId - Specified comport doesn't exist
[10:10:24] Ping 시간 체크1-256114171
[10:10:24] Ping 시간 체크2-256114171
[10:10:24] Ping 시간 체크1-256114234
[10:10:24] Ping 시간 체크2-256114234
[10:10:24] Ping 시간 체크1-256114234
[10:10:24] Ping 시간 체크2-256114250
[10:10:24] Ping 시간 체크1-256114250
[10:10:24] Ping 시간 체크2-256114265
[10:10:24] 주차권  101
[10:10:24] 경차  102
[10:10:24] 장애인  103
[10:10:24] 전액무료  104
[10:10:26] LPR11 Recv: 172.16.83.1
[10:10:26] LPR12 Recv: 172.16.83.1
[10:10:27] LPR12 Recv: LPR_N
[10:10:27] LPR11 Recv: LPR_N
[10:10:29] LPR11 Recv: LPR_N
[10:10:32] Ping 시간 체크1-256122140
[10:10:32] Ping 시간 체크2-256122140
[10:10:32] LPR12 Recv: LPR_N
[10:10:48] Program Start!
[10:10:51] 근무시작: 배은화
[10:10:52] 영수증프린터 포트오픈 에러: ie_BadId - Specified comport doesn't exist
[10:10:52] Ping 시간 체크1-256142015
[10:10:52] Ping 시간 체크2-256142031
[10:10:52] Ping 시간 체크1-256142093
[10:10:52] Ping 시간 체크2-256142093
[10:10:52] Ping 시간 체크1-256142093
[10:10:52] Ping 시간 체크2-256142109
[10:10:52] Ping 시간 체크1-256142109
[10:10:52] Ping 시간 체크2-256142125
[10:10:52] 주차권  101
[10:10:52] 경차  102
[10:10:52] 장애인  103
[10:10:52] 전액무료  104
[10:10:55] LPR11 Recv: 172.16.83.1
[10:10:55] LPR12 Recv: 172.16.83.1
[10:10:56] LPR12 Recv: LPR_N
[10:10:56] LPR11 Recv: LPR_N
[10:10:59] LPR12 Recv: LPR_N
[10:11:01] LPR11 Recv: LPR_N
[10:11:04] LPR12 Recv: LPR_N
[10:11:05] Ping 시간 체크1-256155125
[10:11:05] Ping 시간 체크2-256155125
[10:11:07] LPR11 Recv: LPR_N
[10:11:09] LPR12 Recv: LPR_N
[10:11:12] LPR11 Recv: LPR_N
[10:11:15] LPR12 Recv: LPR_N
[10:11:16] OutDsp1SocketError: 10060
[10:12:08] InDsp1SocketError: 10060
[10:12:10] LPR11 Recv: LPR_NLPR_NLPR_NLPR_NLPR_NLPR_NLPR_NLPR_NLPR_NLPR_NLPR_N
[10:12:13] LPR Check: ,http://172.16.66.33:9080/MSImageLPR_NLPR_NLPR_NLPR_NLPR_NLPR_NLPR_NLPR_NLPR_NLPR_NLPR_N,3,,,0, NLPR-_N-LP R_:NL:PR
[10:12:13] File: \\172.16.66.33\MSImageLPR_NLPR_NLPR_NLPR_NLPR_NLPR_NLPR_NLPR_NLPR_NLPR_NLPR_N
[10:12:14] csInLpr1Read: qryInLpr1Proc: Cannot perform this operation on a closed dataset
[10:12:14] LPR12 Recv: LPR_NLPR_NLPR_NLPR_NLPR_NLPR_NLPR_NLPR_NLPR_NLPR_NLPR_N
[10:12:14] LPR Check: ,http://172.16.66.34:9080/MSImageLPR_NLPR_NLPR_NLPR_NLPR_NLPR_NLPR_NLPR_NLPR_NLPR_NLPR_N,3,,,0, NLPR-_N-LP R_:NL:PR
[10:12:14] File: \\172.16.66.34\MSImageLPR_NLPR_NLPR_NLPR_NLPR_NLPR_NLPR_NLPR_NLPR_NLPR_NLPR_N
[10:12:15] csOutLpr1Read: qryOutLpr1Proc: Cannot perform this operation on a closed dataset
[10:12:15] LPR11 Recv: LPR_N
[10:12:17] LPR12 Recv: LPR_N
[10:12:18] Program Close
[10:26:40] Program Start!
[10:26:42] 근무시작: 배은화
[10:26:43] 영수증프린터 포트오픈 에러: ie_BadId - Specified comport doesn't exist
[10:26:43] Ping 시간 체크1-257093625
[10:26:43] Ping 시간 체크2-257093625
[10:26:43] Ping 시간 체크1-257093687
[10:26:43] Ping 시간 체크2-257093703
[10:26:43] Ping 시간 체크1-257093718
[10:26:43] Ping 시간 체크2-257093718
[10:26:44] Ping 시간 체크1-257093734
[10:26:44] Ping 시간 체크2-257093734
[10:26:44] 주차권  101
[10:26:44] 경차  102
[10:26:44] 장애인  103
[10:26:44] 전액무료  104
[10:26:46] LPR11 Recv: 172.16.83.1
[10:26:46] LPR12 Recv: 172.16.83.1
[10:26:46] LPR11 Recv: LPR_N
[10:26:47] LPR11 Recv: LPR_N
[10:26:48] LPR12 Recv: LPR_N
[10:26:48] Ping 시간 체크1-257098546
[10:26:48] Ping 시간 체크2-257098562
[10:26:49] LPR12 Recv: LPR_N
[10:26:54] Ping 시간 체크1-257104421
[10:26:54] Ping 시간 체크2-257104421
[10:37:52] Program Start!
[10:37:54] 근무시작: 배은화
[10:37:54] 영수증프린터 포트오픈 에러: ie_BadId - Specified comport doesn't exist
[10:37:54] Ping 시간 체크1-257764593
[10:37:54] Ping 시간 체크2-257764609
[10:37:54] Ping 시간 체크1-257764625
[10:37:54] Ping 시간 체크2-257764640
[10:37:54] Ping 시간 체크1-257764640
[10:37:54] Ping 시간 체크2-257764656
[10:37:54] Ping 시간 체크1-257764656
[10:37:54] Ping 시간 체크2-257764671
[10:37:54] 주차권  101
[10:37:54] 경차  102
[10:37:54] 장애인  103
[10:37:54] 전액무료  104
[10:37:55] LPR12 Recv: 172.16.83.1
[10:37:55] LPR11 Recv: 172.16.83.1
[10:37:55] LPR12 Recv: LPR_N
[10:37:56] LPR11 Recv: LPR_N
[10:37:56] LPR12 Recv: LPR_N
[10:37:57] Ping 시간 체크1-257767359
[10:37:57] Ping 시간 체크2-257767359
[10:37:58] Ping 시간 체크1-257768031
[10:37:58] Ping 시간 체크2-257768046
[10:37:58] 출구차단기 Open
[10:37:58] Ping 시간 체크1-257768046
[10:37:58] Ping 시간 체크2-257768062
[10:37:58] LPR11 Recv: LPR_N
[10:38:01] LPR12 Recv: LPR_N
[10:38:03] LPR11 Recv: LPR_N
[10:38:06] LPR12 Recv: LPR_N
[10:38:08] LPR11 Recv: LPR_N
[10:38:11] LPR12 Recv: LPR_N
[10:38:14] LPR11 Recv: LPR_N
[10:38:15] OutDsp1SocketError: 10060
[10:38:16] InDsp1SocketError: 10060
[10:38:16] LPR12 Recv: LPR_N
[10:38:19] LPR11 Recv: LPR_N
[10:38:21] LPR12 Recv: LPR_N
[10:38:24] LPR11 Recv: LPR_N
[10:38:27] LPR12 Recv: LPR_N
[10:38:29] LPR11 Recv: LPR_N
[10:38:32] LPR12 Recv: LPR_N
[10:38:34] LPR11 Recv: LPR_N
[10:38:37] LPR12 Recv: LPR_N
[10:38:40] LPR11 Recv: LPR_N
[10:38:42] LPR12 Recv: LPR_N
[10:38:45] LPR11 Recv: LPR_N
[10:38:48] LPR12 Recv: LPR_N
[10:38:51] LPR11 Recv: LPR_N
[10:38:53] LPR12 Recv: LPR_N
[10:38:56] LPR11 Recv: LPR_N
[10:38:59] LPR12 Recv: LPR_N
[10:39:01] LPR11 Recv: LPR_N
[10:39:04] LPR12 Recv: LPR_N
[10:39:06] LPR11 Recv: LPR_N
[10:39:09] LPR12 Recv: LPR_N
[10:39:12] LPR11 Recv: LPR_N
[10:39:14] LPR12 Recv: LPR_N
[10:39:17] LPR11 Recv: LPR_N
[10:39:19] LPR12 Recv: LPR_N
[10:39:22] LPR11 Recv: LPR_N
[10:39:25] LPR12 Recv: LPR_N
[10:39:38] Program Start!
[10:39:41] 근무시작: 배은화
[10:39:43] 영수증프린터 포트오픈 에러: ie_BadId - Specified comport doesn't exist
[10:39:43] Ping 시간 체크1-257873078
[10:39:43] Ping 시간 체크2-257873093
[10:39:43] Ping 시간 체크1-257873140
[10:39:43] Ping 시간 체크2-257873156
[10:39:43] Ping 시간 체크1-257873156
[10:39:43] Ping 시간 체크2-257873171
[10:39:43] Ping 시간 체크1-257873171
[10:39:43] Ping 시간 체크2-257873187
[10:39:43] 주차권  101
[10:39:43] 경차  102
[10:39:43] 장애인  103
[10:39:43] 전액무료  104
[10:39:45] LPR11 Recv: 172.16.83.1
[10:39:45] LPR12 Recv: 172.16.83.1
[10:39:46] LPR12 Recv: LPR_N
[10:39:46] LPR11 Recv: LPR_N
[10:39:47] LPR12 Recv: LPR_N
[10:39:48] Ping 시간 체크1-257878046
[10:39:48] Ping 시간 체크2-257878062
[10:39:48] LPR11 Recv: LPR_N
[10:39:49] Ping 시간 체크1-257879687
[10:39:49] Ping 시간 체크2-257879703
[10:39:53] Ping 시간 체크1-257883484
[10:39:53] Ping 시간 체크2-257883500
[10:39:53] 172.16.66.34 LPR 차단기 오픈시 네트워크 오류!
[10:39:53] Ping 시간 체크1-257883500
[10:39:53] Ping 시간 체크2-257883500
[10:43:46] Program Start!
[10:43:57] 근무시작: 배은화
[10:43:58] 영수증프린터 포트오픈 에러: ie_BadId - Specified comport doesn't exist
[10:43:58] Ping 시간 체크1-258128703
[10:43:59] Ping 시간 체크2-258128734
[10:43:59] Ping 시간 체크1-258128781
[10:43:59] Ping 시간 체크2-258128796
[10:43:59] Ping 시간 체크1-258128812
[10:43:59] Ping 시간 체크2-258128828
[10:43:59] Ping 시간 체크1-258128828
[10:43:59] Ping 시간 체크2-258128843
[10:43:59] 주차권  101
[10:43:59] 경차  102
[10:43:59] 장애인  103
[10:43:59] 전액무료  104
[10:44:01] LPR11 Recv: 172.16.83.1
[10:44:01] LPR12 Recv: 172.16.83.1
[10:44:01] LPR11 Recv: LPR_N
[10:44:02] LPR12 Recv: LPR_N
[10:44:03] LPR12 Recv: LPR_N
[10:44:03] Ping 시간 체크1-258133640
[10:44:03] Ping 시간 체크2-258133640
[10:53:52] Program Start!
[10:53:55] 근무시작: 배은화
[10:53:56] 영수증프린터 포트오픈 에러: ie_BadId - Specified comport doesn't exist
[10:53:56] Ping 시간 체크1-258726203
[10:53:56] Ping 시간 체크2-258726203
[10:53:56] Ping 시간 체크1-258726265
[10:53:56] Ping 시간 체크2-258726265
[10:53:56] Ping 시간 체크1-258726281
[10:53:56] Ping 시간 체크2-258726281
[10:53:56] Ping 시간 체크1-258726296
[10:53:56] Ping 시간 체크2-258726296
[10:53:56] 주차권  101
[10:53:56] 경차  102
[10:53:56] 장애인  103
[10:53:56] 전액무료  104
[10:53:58] LPR12 Recv: 172.16.83.1
[10:53:58] LPR11 Recv: 172.16.83.1
[10:53:58] LPR11 Recv: LPR_N
[10:53:59] LPR11 Recv: LPR_N
[10:53:59] LPR12 Recv: LPR_N
[10:54:01] Ping 시간 체크1-258730812
[10:54:01] Ping 시간 체크2-258730828
[11:00:28] Program Start!
[11:04:14] Program Start!
[11:04:23] 근무시작: 배은화
[11:04:24] 영수증프린터 포트오픈 에러: ie_BadId - Specified comport doesn't exist
[11:04:24] Ping 시간 체크1-259354484
[11:04:24] Ping 시간 체크2-259354500
[11:04:24] Ping 시간 체크1-259354500
[11:04:24] Ping 시간 체크2-259354515
[11:04:24] Ping 시간 체크1-259354578
[11:04:24] Ping 시간 체크2-259354593
[11:04:24] Ping 시간 체크1-259354593
[11:04:24] Ping 시간 체크2-259354609
[11:04:24] LPR12 Recv: 172.16.83.1
[11:04:25] 주차권  101
[11:04:25] 경차  102
[11:04:25] 장애인  103
[11:04:25] 전액무료  104
[11:04:51] Program Start!
[11:05:23] Program Start!
[11:05:34] 근무시작: 배은화
[11:05:35] 영수증프린터 포트오픈 에러: ie_BadId - Specified comport doesn't exist
[11:05:35] Ping 시간 체크1-259425078
[11:05:35] Ping 시간 체크2-259425078
[11:05:35] Ping 시간 체크1-259425140
[11:05:35] Ping 시간 체크2-259425171
[11:05:35] Ping 시간 체크1-259425171
[11:05:35] Ping 시간 체크2-259425187
[11:05:35] Ping 시간 체크1-259425187
[11:05:35] Ping 시간 체크2-259425203
[11:05:35] 주차권  101
[11:05:35] 경차  102
[11:05:35] 장애인  103
[11:05:35] 전액무료  104
[11:05:42] LPR11 Recv: 172.16.83.1
[11:05:42] LPR12 Recv: 172.16.83.1
[11:05:42] LPR11 Recv: LPR_N
[11:05:43] LPR11 Recv: LPR_N
[11:05:43] LPR12 Recv: LPR_N
[11:05:45] Ping 시간 체크1-259434890
[11:05:45] Ping 시간 체크2-259434890
[11:05:45] LPR12 Recv: LPR_N
[11:05:45] Ping 시간 체크1-259435562
[11:05:45] Ping 시간 체크2-259435578
[11:09:03] Ping 시간 체크1-259633265
[11:09:03] Ping 시간 체크2-259633296
[11:09:03] 출구차단기 Open
[11:09:05] Ping 시간 체크1-259634765
[11:09:05] Ping 시간 체크2-259634781
[11:12:22] Program Start!
[11:13:08] Program Start!
[11:13:09] 근무시작: 배은화
[11:13:09] 영수증프린터 포트오픈 에러: ie_BadId - Specified comport doesn't exist
[11:13:09] Ping 시간 체크1-259879156
[11:13:09] Ping 시간 체크2-259879171
[11:13:09] Ping 시간 체크1-259879187
[11:13:09] Ping 시간 체크2-259879187
[11:13:09] Ping 시간 체크1-259879203
[11:13:09] Ping 시간 체크2-259879203
[11:13:09] Ping 시간 체크1-259879218
[11:13:09] Ping 시간 체크2-259879234
[11:13:09] 주차권  101
[11:13:09] 경차  102
[11:13:09] 장애인  103
[11:13:09] 전액무료  104
[11:13:09] LPR11 Recv: 172.16.83.1
[11:13:09] LPR12 Recv: 172.16.83.1
[11:13:10] LPR11 Recv: LPR_N
[11:13:11] LPR12 Recv: LPR_N
[11:13:12] Ping 시간 체크1-259882281
[11:13:12] Ping 시간 체크2-259882281
[11:13:13] Ping 시간 체크1-259882921
[11:13:13] Ping 시간 체크2-259882921
[11:13:13] LPR11 Recv: LPR_N
[11:13:13] Ping 시간 체크1-259883375
[11:13:13] Ping 시간 체크2-259883390
[11:13:16] LPR12 Recv: LPR_N
[11:13:19] LPR11 Recv: LPR_N
[11:13:21] LPR12 Recv: LPR_N
[11:13:24] LPR11 Recv: LPR_N
[11:13:27] LPR12 Recv: LPR_N
[11:13:29] LPR11 Recv: LPR_N
[11:13:30] InDsp1SocketError: 10060
[11:13:30] OutDsp1SocketError: 10060
[11:13:32] LPR12 Recv: LPR_N
[11:13:34] LPR11 Recv: LPR_N
[11:13:35] Program Close
[11:13:54] Program Start!
[11:13:56] 근무시작: 배은화
[11:13:56] 영수증프린터 포트오픈 에러: ie_BadId - Specified comport doesn't exist
[11:13:56] Ping 시간 체크1-259926078
[11:13:56] Ping 시간 체크2-259926078
[11:13:56] Ping 시간 체크1-259926093
[11:13:56] Ping 시간 체크2-259926093
[11:13:56] Ping 시간 체크1-259926109
[11:13:56] Ping 시간 체크2-259926109
[11:13:56] Ping 시간 체크1-259926125
[11:13:56] Ping 시간 체크2-259926125
[11:13:56] 주차권  101
[11:13:56] 경차  102
[11:13:56] 장애인  103
[11:13:56] 전액무료  104
[11:13:56] LPR11 Recv: 172.16.83.1
[11:13:56] LPR12 Recv: 172.16.83.1
[11:13:57] LPR12 Recv: LPR_N
[11:13:57] LPR11 Recv: LPR_N
[11:13:58] LPR12 Recv: LPR_N
[11:13:58] Ping 시간 체크1-259928171
[11:13:58] Ping 시간 체크2-259928171
[11:13:59] Ping 시간 체크1-259928750
[11:13:59] Ping 시간 체크2-259928750
[11:13:59] Ping 시간 체크1-259929109
[11:13:59] Ping 시간 체크2-259929109
[11:13:59] nDCCnt2
[11:13:59] Ping 시간 체크1-259929546
[11:13:59] Ping 시간 체크2-259929546
[11:13:59] 출구차단기 Open
[11:13:59] Ping 시간 체크1-259929562
[11:13:59] Ping 시간 체크2-259929562
[11:14:00] LPR11 Recv: LPR_N
[11:14:01] Program Close
[11:17:45] Program Start!
[11:21:44] Program Start!
[11:21:51] 근무시작: 배은화
[11:21:52] 영수증프린터 포트오픈 에러: ie_BadId - Specified comport doesn't exist
[11:21:52] Ping 시간 체크1-260402656
[11:21:52] Ping 시간 체크2-260402671
[11:21:53] Ping 시간 체크1-260402734
[11:21:53] Ping 시간 체크2-260402781
[11:21:53] Ping 시간 체크1-260402796
[11:21:53] Ping 시간 체크2-260402812
[11:21:53] Ping 시간 체크1-260402812
[11:21:53] Ping 시간 체크2-260402828
[11:21:53] 주차권  101
[11:21:53] 경차  102
[11:21:53] 장애인  103
[11:21:53] 전액무료  104
[11:22:00] LPR11 Recv: 172.16.83.1
[11:22:00] LPR12 Recv: 172.16.83.1
[11:22:01] LPR12 Recv: LPR_N
[11:22:01] LPR11 Recv: LPR_N
[11:22:02] LPR12 Recv: LPR_N
[11:22:03] Ping 시간 체크1-260413593
[11:22:03] Ping 시간 체크2-260413593
[11:22:03] LPR11 Recv: LPR_N
[11:22:04] Ping 시간 체크1-260414406
[11:22:04] Ping 시간 체크2-260414421
[11:22:05] Ping 시간 체크1-260415515
[11:22:05] Ping 시간 체크2-260415531
[11:31:35] Program Start!
[11:31:37] 근무시작: 배은화
[11:31:37] 영수증프린터 포트오픈 에러: ie_BadId - Specified comport doesn't exist
[11:31:37] Ping 시간 체크1-260987093
[11:31:37] Ping 시간 체크2-260987109
[11:31:37] Ping 시간 체크1-260987109
[11:31:37] Ping 시간 체크2-260987109
[11:31:37] Ping 시간 체크1-260987125
[11:31:37] Ping 시간 체크2-260987125
[11:31:37] Ping 시간 체크1-260987140
[11:31:37] Ping 시간 체크2-260987140
[11:31:37] 주차권  101
[11:31:37] 경차  102
[11:31:37] 장애인  103
[11:31:37] 전액무료  104
[11:31:37] LPR12 Recv: 172.16.83.1
[11:31:37] LPR11 Recv: 172.16.83.1
[11:31:38] LPR12 Recv: LPR_N
[11:31:39] LPR11 Recv: LPR_N
[11:31:39] LPR12 Recv: LPR_N
[11:31:40] Ping 시간 체크1-260989968
[11:31:40] Ping 시간 체크2-260989968
[11:31:41] LPR11 Recv: LPR_N
[11:31:41] Ping 시간 체크1-260991171
[11:31:41] Ping 시간 체크2-260991171
[11:31:41] Ping 시간 체크1-260991421
[11:31:41] Ping 시간 체크2-260991437
[11:31:42] Ping 시간 체크1-260991953
[11:31:42] Ping 시간 체크2-260991968
[11:31:42] 출구차단기 Open
[11:31:42] Ping 시간 체크1-260991968
[11:31:42] Ping 시간 체크2-260991968
[11:31:44] LPR12 Recv: LPR_N
[11:31:46] LPR11 Recv: LPR_N
[11:31:46] Program Close
[11:32:35] Program Start!
[11:32:38] 근무시작: 배은화
[11:32:38] 영수증프린터 포트오픈 에러: ie_BadId - Specified comport doesn't exist
[11:32:38] Ping 시간 체크1-261048031
[11:32:38] Ping 시간 체크2-261048031
[11:32:38] Ping 시간 체크1-261048046
[11:32:38] Ping 시간 체크2-261048046
[11:32:38] Ping 시간 체크1-261048046
[11:32:38] Ping 시간 체크2-261048062
[11:32:38] Ping 시간 체크1-261048062
[11:32:38] Ping 시간 체크2-261048062
[11:32:38] 주차권  101
[11:32:38] 경차  102
[11:32:38] 장애인  103
[11:32:38] 전액무료  104
[11:32:38] LPR12 Recv: 172.16.83.1
[11:32:38] LPR11 Recv: 172.16.83.1
[11:32:38] LPR11 Recv: LPR_N
[11:32:39] LPR11 Recv: LPR_N
[11:32:40] LPR12 Recv: LPR_N
[11:32:41] Ping 시간 체크1-261051375
[11:32:41] Ping 시간 체크2-261051375
[11:32:42] Ping 시간 체크1-261052000
[11:32:42] Ping 시간 체크2-261052000
[11:32:42] LPR12 Recv: LPR_N
[11:32:42] Ping 시간 체크1-261052578
[11:32:42] Ping 시간 체크2-261052578
[11:32:44] LPR11 Recv: LPR_N
[11:32:47] LPR12 Recv: LPR_N
[11:32:49] LPR11 Recv: LPR_N
[11:32:53] LPR12 Recv: LPR_N
[11:32:55] LPR11 Recv: LPR_N
[11:32:56] Program Close
[11:34:27] Program Start!
[11:34:28] 근무시작: 배은화
[11:34:28] 영수증프린터 포트오픈 에러: ie_BadId - Specified comport doesn't exist
[11:34:28] Ping 시간 체크1-261158718
[11:34:29] Ping 시간 체크2-261158734
[11:34:29] Ping 시간 체크1-261158734
[11:34:29] Ping 시간 체크2-261158750
[11:34:29] Ping 시간 체크1-261158750
[11:34:29] Ping 시간 체크2-261158765
[11:34:29] Ping 시간 체크1-261158765
[11:34:29] Ping 시간 체크2-261158781
[11:34:29] 주차권  101
[11:34:29] 경차  102
[11:34:29] 장애인  103
[11:34:29] 전액무료  104
[11:34:29] LPR12 Recv: 172.16.83.1
[11:34:29] LPR11 Recv: 172.16.83.1
[11:34:29] LPR11 Recv: LPR_N
[11:34:30] LPR11 Recv: LPR_N
[11:34:30] LPR12 Recv: LPR_N
[11:34:31] Ping 시간 체크1-261160734
[11:34:31] Ping 시간 체크2-261160734
[11:34:32] LPR12 Recv: LPR_N
[11:34:34] LPR11 Recv: LPR_N
[11:34:34] Ping 시간 체크1-261164593
[11:34:34] Ping 시간 체크2-261164609
[11:34:38] LPR12 Recv: LPR_N
[11:34:39] LPR11 Recv: LPR_N
[11:34:40] Program Close
[11:37:32] Program Start!
[11:37:36] Program Start!
[11:37:38] 근무시작: 배은화
[11:37:38] 영수증프린터 포트오픈 에러: ie_BadId - Specified comport doesn't exist
[11:37:38] Ping 시간 체크1-261348125
[11:37:38] Ping 시간 체크2-261348140
[11:37:38] Ping 시간 체크1-261348140
[11:37:38] Ping 시간 체크2-261348156
[11:37:38] Ping 시간 체크1-261348156
[11:37:38] Ping 시간 체크2-261348171
[11:37:38] Ping 시간 체크1-261348171
[11:37:38] Ping 시간 체크2-261348187
[11:37:38] 주차권  101
[11:37:38] 경차  102
[11:37:38] 장애인  103
[11:37:38] 전액무료  104
[11:37:38] LPR11 Recv: 172.16.83.1
[11:37:38] LPR12 Recv: 172.16.83.1
[11:37:39] LPR12 Recv: LPR_N
[11:37:40] LPR11 Recv: LPR_N
[11:37:41] LPR12 Recv: LPR_N
[11:37:42] Ping 시간 체크1-261352250
[11:37:42] Ping 시간 체크2-261352250
[11:37:42] Ping 시간 체크1-261352265
[11:37:42] Ping 시간 체크2-261352265
[11:37:42] 출구차단기 Open
[11:37:43] LPR11 Recv: LPR_N
[11:37:44] Program Close
[11:39:59] Program Start!
[11:40:01] 근무시작: 배은화
[11:40:01] 영수증프린터 포트오픈 에러: ie_BadId - Specified comport doesn't exist
[11:40:01] Ping 시간 체크1-261491062
[11:40:01] Ping 시간 체크2-261491078
[11:40:01] Ping 시간 체크1-261491078
[11:40:01] Ping 시간 체크2-261491093
[11:40:01] Ping 시간 체크1-261491093
[11:40:01] Ping 시간 체크2-261491093
[11:40:01] Ping 시간 체크1-261491109
[11:40:01] Ping 시간 체크2-261491109
[11:40:01] 주차권  101
[11:40:01] 경차  102
[11:40:01] 장애인  103
[11:40:01] 전액무료  104
[11:40:01] LPR11 Recv: 172.16.83.1
[11:40:01] LPR12 Recv: 172.16.83.1
[11:40:02] LPR11 Recv: LPR_N
[11:40:02] LPR12 Recv: LPR_N
[11:40:03] LPR12 Recv: LPR_N
[11:40:05] LPR11 Recv: LPR_N
[11:40:07] Ping 시간 체크1-261496828
[11:40:07] Ping 시간 체크2-261496828
[11:40:07] Ping 시간 체크1-261497203
[11:40:07] Ping 시간 체크2-261497203
[11:40:07] Ping 시간 체크1-261497718
[11:40:07] Ping 시간 체크2-261497718
[11:40:07] 출구차단기 Open
[11:40:07] Ping 시간 체크1-261497718
[11:40:08] Ping 시간 체크2-261497734
[11:40:08] LPR12 Recv: LPR_N
[11:40:10] LPR11 Recv: LPR_N
[11:40:13] Program Close
[11:44:26] Program Start!
[11:44:37] 근무시작: 배은화
[11:44:38] 영수증프린터 포트오픈 에러: ie_BadId - Specified comport doesn't exist
[11:44:38] Ping 시간 체크1-261768453
[11:44:38] Ping 시간 체크2-261768468
[11:44:38] Ping 시간 체크1-261768531
[11:44:38] Ping 시간 체크2-261768546
[11:44:38] Ping 시간 체크1-261768546
[11:44:38] Ping 시간 체크2-261768562
[11:44:38] Ping 시간 체크1-261768578
[11:44:38] Ping 시간 체크2-261768593
[11:44:38] 주차권  101
[11:44:38] 경차  102
[11:44:38] 장애인  103
[11:44:38] 전액무료  104
[11:44:44] LPR11 Recv: 172.16.83.1
[11:44:44] LPR12 Recv: 172.16.83.1
[11:44:45] LPR11 Recv: LPR_N
[11:44:45] LPR12 Recv: LPR_N
[11:44:46] LPR12 Recv: LPR_N
[11:44:47] Ping 시간 체크1-261777328
[11:44:47] Ping 시간 체크2-261777328
[11:44:48] LPR11 Recv: LPR_N
[11:44:48] Ping 시간 체크1-261778656
[11:44:48] Ping 시간 체크2-261778671
[11:51:13] Program Start!
[11:51:15] 근무시작: 배은화
[11:51:15] 영수증프린터 포트오픈 에러: ie_BadId - Specified comport doesn't exist
[11:51:15] Ping 시간 체크1-262165078
[11:51:15] Ping 시간 체크2-262165093
[11:51:15] Ping 시간 체크1-262165109
[11:51:15] Ping 시간 체크2-262165125
[11:51:15] Ping 시간 체크1-262165125
[11:51:15] Ping 시간 체크2-262165140
[11:51:15] Ping 시간 체크1-262165140
[11:51:15] Ping 시간 체크2-262165156
[11:51:15] 주차권  101
[11:51:15] 경차  102
[11:51:15] 장애인  103
[11:51:15] 전액무료  104
[11:51:15] LPR11 Recv: 172.16.83.1
[11:51:15] LPR12 Recv: 172.16.83.1
[11:51:15] LPR12 Recv: LPR_N
[11:51:16] LPR12 Recv: LPR_N
[11:51:17] LPR11 Recv: LPR_N
[11:51:21] LPR12 Recv: LPR_N
[11:51:22] LPR11 Recv: LPR_N
[11:51:24] Ping 시간 체크1-262173953
[11:51:24] Ping 시간 체크2-262173953
[11:51:24] Ping 시간 체크1-262174531
[11:51:24] Ping 시간 체크2-262174531
[11:51:25] Ping 시간 체크1-262175218
[11:51:25] Ping 시간 체크2-262175234
[11:51:25] 출구차단기 Open
[11:51:25] Ping 시간 체크1-262175234
[11:51:25] Ping 시간 체크2-262175250
[11:51:26] LPR12 Recv: LPR_N
[11:51:27] LPR11 Recv: LPR_N
[11:51:31] LPR12 Recv: LPR_N
[11:51:32] Ping 시간 체크1-262182125
[11:51:32] Ping 시간 체크2-262182125
[11:51:32] LPR11 Recv: LPR_N
[11:51:33] Ping 시간 체크1-262183156
[11:51:33] Ping 시간 체크2-262183156
[11:51:35] Ping 시간 체크1-262184734
[11:51:35] Ping 시간 체크2-262184734
[11:51:35] 출구차단기 Open
[11:51:35] Ping 시간 체크1-262184750
[11:51:35] Ping 시간 체크2-262184750
[11:51:36] OutDsp1SocketError: 10060
[11:51:36] InDsp1SocketError: 10060
[11:51:36] LPR12 Recv: LPR_N
[11:51:38] LPR11 Recv: LPR_N
[11:51:38] LPR12 Recv: LPR_N
[11:51:40] LPR11 Recv: CH1#31로6820#N#\2014\09\22\CH1_20140922115139_31로6820.jpg
[11:51:40] LPR Check: 31로6820,http://172.16.66.33:9080/MSImage/2014/09/22/CH1_20140922115139_31로6820.jpg,1,,,0, 2014-09-22 11:51:39
[11:51:40] File: \\172.16.66.33\MSImage\2014\09\22\CH1_20140922115139_31로6820.jpg
[11:51:40] 일반차량: 31로6820, 
[11:51:40] Ping 시간 체크1-262190484
[11:51:40] Ping 시간 체크2-262190500
[11:51:40] Ping 시간 체크1-262190500
[11:51:40] Ping 시간 체크2-262190515
[11:51:40] 입구차단기 Open
[11:51:40] 일반차량입차: 31로6820, 
[11:51:41] LPR12 Recv: LPR_N
[11:51:43] LPR11 Recv: LPR_N
[11:51:44] Program Close
[11:55:48] Program Start!
[15:06:43] Program Start!
[15:06:57] 근무시작: 배은화
[15:06:59] 영수증프린터 포트오픈 에러: ie_BadId - Specified comport doesn't exist
[15:06:59] Ping 시간 체크1-115781
[15:06:59] Ping 시간 체크2-115796
[15:06:59] Ping 시간 체크1-115859
[15:06:59] Ping 시간 체크2-115875
[15:06:59] Ping 시간 체크1-115875
[15:06:59] Ping 시간 체크2-115890
[15:06:59] Ping 시간 체크1-115906
[15:06:59] Ping 시간 체크2-115921
[15:06:59] 주차권  101
[15:06:59] 경차  102
[15:06:59] 장애인  103
[15:06:59] 전액무료  104
[15:07:04] LPR12 Recv: 172.16.83.1
[15:07:04] LPR11 Recv: 172.16.83.1
[15:07:06] LPR12 Recv: LPR_N
[15:07:06] LPR11 Recv: LPR_N
[15:07:08] LPR12 Recv: LPR_N
[15:07:08] LPR11 Recv: LPR_N
[15:07:11] Program Close
[15:07:15] Program Start!
[15:07:27] Program Start!
[15:13:11] Program Start!
[15:35:11] Program Start!
[15:35:22] Program Start!
[15:35:24] 근무시작: 배은화
[15:35:24] 영수증프린터 포트오픈 에러: ie_BadId - Specified comport doesn't exist
[15:35:24] Ping 시간 체크1-1821187
[15:35:24] Ping 시간 체크2-1821218
[15:35:24] Ping 시간 체크1-1821218
[15:35:24] Ping 시간 체크2-1821234
[15:35:24] Ping 시간 체크1-1821234
[15:35:24] Ping 시간 체크2-1821250
[15:35:24] Ping 시간 체크1-1821250
[15:35:24] Ping 시간 체크2-1821265
[15:35:24] 주차권  101
[15:35:24] 경차  102
[15:35:24] 장애인  103
[15:35:24] 전액무료  104
[15:35:24] LPR11 Recv: 172.16.83.1
[15:35:24] LPR12 Recv: 172.16.83.1
[15:35:26] LPR11 Recv: LPR_N
[15:35:26] LPR12 Recv: LPR_N
[15:35:29] LPR11 Recv: LPR_N
[15:35:29] LPR12 Recv: LPR_N
[15:35:30] Program Close
[15:38:44] Program Start!
[15:38:46] 근무시작: 배은화
[15:38:46] 영수증프린터 포트오픈 에러: ie_BadId - Specified comport doesn't exist
[15:38:46] Ping 시간 체크1-2023359
[15:38:46] Ping 시간 체크2-2023375
[15:38:46] Ping 시간 체크1-2023375
[15:38:46] Ping 시간 체크2-2023390
[15:38:46] Ping 시간 체크1-2023406
[15:38:46] Ping 시간 체크2-2023421
[15:38:46] Ping 시간 체크1-2023421
[15:38:46] Ping 시간 체크2-2023437
[15:38:46] 주차권  101
[15:38:46] 경차  102
[15:38:46] 장애인  103
[15:38:46] 전액무료  104
[15:38:46] LPR11 Recv: 172.16.83.1
[15:38:46] LPR12 Recv: 172.16.83.1
[15:38:47] LPR11 Recv: LPR_N
[15:38:47] LPR12 Recv: LPR_N
[15:38:48] LPR11 Recv: LPR_N
[15:38:48] LPR12 Recv: LPR_N
[15:38:53] LPR11 Recv: LPR_N
[15:38:53] LPR12 Recv: LPR_N
[15:38:54] LPR11 Recv: LPR_N
[15:38:54] LPR12 Recv: LPR_N
[15:38:59] LPR11 Recv: LPR_N
[15:38:59] LPR12 Recv: LPR_N
[15:39:03] LPR11 Recv: LPR_N
[15:39:03] LPR12 Recv: LPR_N
[15:39:04] LPR11 Recv: LPR_N
[15:39:04] LPR12 Recv: LPR_N
[15:39:05] LPR11 Recv: LPR_N
[15:39:05] LPR12 Recv: LPR_N
[15:39:07] OutDsp1SocketError: 10060
[15:39:07] InDsp1SocketError: 10060
[15:39:09] LPR11 Recv: LPR_N
[15:39:09] LPR12 Recv: LPR_N
[15:39:15] LPR11 Recv: LPR_N
[15:39:15] LPR12 Recv: LPR_N
[15:39:20] LPR11 Recv: LPR_N
[15:39:20] LPR12 Recv: LPR_N
[15:39:25] LPR11 Recv: LPR_N
[15:39:25] LPR12 Recv: LPR_N
[15:39:30] LPR11 Recv: LPR_N
[15:39:30] LPR12 Recv: LPR_N
[15:39:35] LPR11 Recv: LPR_N
[15:39:35] LPR12 Recv: LPR_N
[15:39:41] LPR11 Recv: LPR_N
[15:39:41] LPR12 Recv: LPR_N
[15:39:46] LPR11 Recv: LPR_N
[15:39:46] LPR12 Recv: LPR_N
[15:39:51] LPR11 Recv: LPR_N
[15:39:51] LPR12 Recv: LPR_N
[15:39:56] LPR11 Recv: LPR_N
[15:39:57] LPR12 Recv: LPR_N
[15:40:02] LPR11 Recv: LPR_N
[15:40:02] LPR12 Recv: LPR_N
[15:40:07] LPR11 Recv: LPR_N
[15:40:07] LPR12 Recv: LPR_N
[15:40:12] LPR11 Recv: LPR_N
[15:40:13] LPR12 Recv: LPR_N
[15:40:17] LPR11 Recv: LPR_N
[15:40:18] LPR12 Recv: LPR_N
[15:40:23] LPR11 Recv: LPR_N
[15:40:23] LPR12 Recv: LPR_N
[15:40:28] LPR11 Recv: LPR_N
[15:40:28] LPR12 Recv: LPR_N
[15:40:33] LPR11 Recv: LPR_N
[15:40:33] LPR12 Recv: LPR_N
[15:40:39] LPR11 Recv: LPR_N
[15:40:39] LPR12 Recv: LPR_N
[15:40:44] LPR11 Recv: LPR_N
[15:40:44] LPR12 Recv: LPR_N
[15:40:49] LPR11 Recv: LPR_N
[15:40:49] LPR12 Recv: LPR_N
[15:40:54] LPR11 Recv: LPR_N
[15:40:54] LPR12 Recv: LPR_N
[15:41:00] LPR11 Recv: LPR_N
[15:41:00] LPR12 Recv: LPR_N
[15:41:05] LPR11 Recv: LPR_N
[15:41:05] LPR12 Recv: LPR_N
[15:41:10] LPR11 Recv: LPR_N
[15:41:10] LPR12 Recv: LPR_N
[15:41:15] LPR11 Recv: LPR_N
[15:41:15] LPR12 Recv: LPR_N
[15:41:21] LPR11 Recv: LPR_N
[15:41:21] LPR12 Recv: LPR_N
[15:41:26] LPR11 Recv: LPR_N
[15:41:26] LPR12 Recv: LPR_N
[15:41:31] LPR11 Recv: LPR_N
[15:41:31] LPR12 Recv: LPR_N
[15:41:36] LPR11 Recv: LPR_N
[15:41:36] LPR12 Recv: LPR_N
[15:41:41] LPR11 Recv: LPR_N
[15:41:41] LPR12 Recv: LPR_N
[15:41:47] LPR11 Recv: LPR_N
[15:41:47] LPR12 Recv: LPR_N
[15:41:52] LPR11 Recv: LPR_N
[15:41:52] LPR12 Recv: LPR_N
[15:41:57] LPR11 Recv: LPR_N
[15:41:58] LPR12 Recv: LPR_N
[15:42:02] LPR11 Recv: LPR_N
[15:42:03] LPR12 Recv: LPR_N
[15:42:03] Program Close
[15:43:06] Program Start!
[15:43:08] 근무시작: 배은화
[15:43:08] 영수증프린터 포트오픈 에러: ie_BadId - Specified comport doesn't exist
[15:43:08] Ping 시간 체크1-2285421
[15:43:08] Ping 시간 체크2-2285437
[15:43:08] Ping 시간 체크1-2285437
[15:43:08] Ping 시간 체크2-2285453
[15:43:08] Ping 시간 체크1-2285453
[15:43:08] Ping 시간 체크2-2285468
[15:43:08] Ping 시간 체크1-2285468
[15:43:08] Ping 시간 체크2-2285484
[15:43:08] 주차권  101
[15:43:08] 경차  102
[15:43:08] 장애인  103
[15:43:08] 전액무료  104
[15:43:08] LPR11 Recv: 172.16.83.1
[15:43:08] LPR12 Recv: 172.16.83.1
[15:43:10] LPR11 Recv: LPR_N
[15:43:10] LPR12 Recv: LPR_N
[15:43:11] LPR11 Recv: LPR_N
[15:43:11] LPR12 Recv: LPR_N
[15:43:16] LPR11 Recv: LPR_N
[15:43:16] LPR12 Recv: LPR_N
[15:43:21] LPR11 Recv: LPR_N
[15:43:21] LPR12 Recv: LPR_N
[15:43:26] LPR11 Recv: LPR_N
[15:43:26] LPR12 Recv: LPR_N
[15:43:29] InDsp1SocketError: 10060
[15:43:29] OutDsp1SocketError: 10060
[15:43:32] LPR11 Recv: LPR_N
[15:43:32] LPR12 Recv: LPR_N
[15:43:37] LPR11 Recv: LPR_N
[15:43:37] LPR12 Recv: LPR_N
[15:43:37] Program Close
[15:44:12] Program Start!
[15:44:14] 근무시작: 배은화
[15:44:14] 영수증프린터 포트오픈 에러: ie_BadId - Specified comport doesn't exist
[15:44:14] Ping 시간 체크1-2350859
[15:44:14] Ping 시간 체크2-2350875
[15:44:14] Ping 시간 체크1-2350875
[15:44:14] Ping 시간 체크2-2350875
[15:44:14] Ping 시간 체크1-2350890
[15:44:14] Ping 시간 체크2-2350890
[15:44:14] Ping 시간 체크1-2350890
[15:44:14] Ping 시간 체크2-2350906
[15:44:14] 주차권  101
[15:44:14] 경차  102
[15:44:14] 장애인  103
[15:44:14] 전액무료  104
[15:44:14] LPR11 Recv: 172.16.83.1
[15:44:14] LPR12 Recv: 172.16.83.1
[15:44:14] LPR11 Recv: LPR_N
[15:44:14] LPR12 Recv: LPR_N
[15:44:15] LPR11 Recv: LPR_N
[15:44:15] LPR12 Recv: LPR_N
[15:44:18] Ping 시간 체크1-2355250
[15:44:18] Ping 시간 체크2-2355250
[15:44:19] LPR11 Recv: LPR_N
[15:44:19] LPR12 Recv: LPR_N
[15:44:24] LPR11 Recv: LPR_N
[15:44:24] LPR12 Recv: LPR_N
[15:44:24] Program Close
[15:49:54] Program Start!
[15:49:56] 근무시작: 배은화
[15:49:56] 영수증프린터 포트오픈 에러: ie_BadId - Specified comport doesn't exist
[15:49:56] Ping 시간 체크1-2693062
[15:49:56] Ping 시간 체크2-2693078
[15:49:56] Ping 시간 체크1-2693078
[15:49:56] Ping 시간 체크2-2693093
[15:49:56] Ping 시간 체크1-2693093
[15:49:56] Ping 시간 체크2-2693109
[15:49:56] Ping 시간 체크1-2693109
[15:49:56] Ping 시간 체크2-2693125
[15:49:56] 주차권  101
[15:49:56] 경차  102
[15:49:56] 장애인  103
[15:49:56] 전액무료  104
[15:49:56] LPR12 Recv: 172.16.83.1
[15:49:56] LPR11 Recv: 172.16.83.1
[15:49:57] LPR11 Recv: LPR_N
[15:49:57] LPR12 Recv: LPR_N
[15:50:00] LPR11 Recv: LPR_N
[15:50:01] LPR12 Recv: LPR_N
[15:50:05] LPR11 Recv: LPR_N
[15:50:06] LPR12 Recv: LPR_N
[15:50:10] LPR11 Recv: LPR_N
[15:50:11] LPR12 Recv: LPR_N
[15:50:16] LPR11 Recv: LPR_N
[15:50:16] LPR12 Recv: LPR_N
[15:50:17] LPR11 Recv: LPR_N
[15:50:17] LPR12 Recv: LPR_N
[15:50:21] LPR11 Recv: LPR_N
[15:50:21] LPR12 Recv: LPR_N
[15:50:22] LPR11 Recv: LPR_N
[15:50:22] LPR12 Recv: LPR_N
[15:50:26] LPR11 Recv: LPR_N
[15:50:27] LPR12 Recv: LPR_N
[15:50:27] LPR11 Recv: LPR_N
[15:50:28] LPR12 Recv: LPR_N
[15:50:31] LPR11 Recv: CH1#31로6820#N#\2014\09\22\CH1_20140922155017_31로6820.jpg
[15:50:31] LPR Check: 31로6820,http://172.16.66.33:9080/MSImage/2014/09/22/CH1_20140922155017_31로6820.jpg,1,,,0, 2014-09-22 15:50:17
[15:50:31] File: \\172.16.66.33\MSImage\2014\09\22\CH1_20140922155017_31로6820.jpg
[15:50:31] 일반차량: 31로6820, 
[15:50:31] Ping 시간 체크1-2728109
[15:50:31] Ping 시간 체크2-2728109
[15:50:31] Ping 시간 체크1-2728125
[15:50:31] Ping 시간 체크2-2728125
[15:50:31] 입구차단기 Open
[15:50:31] 일반차량입차: 31로6820, 
[15:50:32] LPR11 Recv: LPR_N
[15:50:32] LPR12 Recv: LPR_N
[15:50:37] LPR11 Recv: LPR_N
[15:50:37] LPR12 Recv: LPR_N
[15:50:38] Ping 시간 체크1-2734828
[15:50:38] Ping 시간 체크2-2734828
[15:50:42] LPR11 Recv: LPR_N
[15:50:42] LPR12 Recv: LPR_N
[15:50:48] LPR11 Recv: LPR_N
[15:50:48] LPR12 Recv: LPR_N
[15:50:53] LPR11 Recv: LPR_N
[15:50:53] LPR12 Recv: LPR_N
[15:50:53] Program Close
[17:40:48] Program Start!
[17:40:50] 근무시작: 배은화
[17:40:50] 영수증프린터 포트오픈 에러: ie_BadId - Specified comport doesn't exist
[17:40:50] Ping 시간 체크1-9347156
[17:40:50] Ping 시간 체크2-9347171
[17:40:50] Ping 시간 체크1-9347187
[17:40:50] Ping 시간 체크2-9347203
[17:40:50] Ping 시간 체크1-9347203
[17:40:50] Ping 시간 체크2-9347203
[17:40:50] Ping 시간 체크1-9347218
[17:40:50] Ping 시간 체크2-9347218
[17:40:50] 주차권  101
[17:40:50] 경차  102
[17:40:50] 장애인  103
[17:40:50] 전액무료  104
[17:40:50] LPR12 Recv: 172.16.83.1
[17:40:50] LPR11 Recv: 172.16.83.1
[17:40:51] LPR12 Recv: LPR_N
[17:40:51] LPR11 Recv: LPR_N
[17:40:56] LPR12 Recv: LPR_N
[17:40:57] LPR11 Recv: LPR_N
[17:41:02] LPR12 Recv: LPR_N
[17:41:02] Program Close
[17:43:18] Program Start!
[17:43:20] 근무시작: 배은화
[17:43:20] 영수증프린터 포트오픈 에러: ie_BadId - Specified comport doesn't exist
[17:43:20] Ping 시간 체크1-9497140
[17:43:20] Ping 시간 체크2-9497156
[17:43:20] Ping 시간 체크1-9497156
[17:43:20] Ping 시간 체크2-9497171
[17:43:20] Ping 시간 체크1-9497171
[17:43:20] Ping 시간 체크2-9497187
[17:43:20] Ping 시간 체크1-9497187
[17:43:20] Ping 시간 체크2-9497203
[17:43:20] 주차권  101
[17:43:20] 경차  102
[17:43:20] 장애인  103
[17:43:20] 전액무료  104
[17:43:20] LPR12 Recv: 172.16.83.1
[17:43:20] LPR11 Recv: 172.16.83.1
[17:43:21] LPR12 Recv: LPR_N
[17:43:21] LPR11 Recv: LPR_N
[17:43:23] LPR12 Recv: LPR_N
[17:43:24] LPR11 Recv: LPR_N
[17:43:29] LPR12 Recv: LPR_N
[17:43:29] LPR11 Recv: LPR_N
[17:43:34] LPR12 Recv: LPR_N
[17:43:34] LPR11 Recv: LPR_N
[17:43:39] LPR12 Recv: LPR_N
[17:43:39] LPR11 Recv: LPR_N
[17:43:41] OutDsp1SocketError: 10060
[17:43:44] LPR12 Recv: LPR_N
[17:43:44] LPR11 Recv: LPR_N
[17:43:45] Ping 시간 체크1-9522421
[17:43:45] Ping 시간 체크2-9522437
[17:43:49] LPR12 Recv: LPR_N
[17:43:50] LPR11 Recv: LPR_N
[17:43:50] Ping 시간 체크1-9527718
[17:43:51] Ping 시간 체크2-9527734
[17:43:54] Ping 시간 체크1-9531046
[17:43:54] Ping 시간 체크2-9531062
[17:43:55] LPR12 Recv: LPR_N
[17:43:55] LPR11 Recv: LPR_N
[17:43:57] Ping 시간 체크1-9534296
[17:43:57] Ping 시간 체크2-9534296
[17:44:00] LPR12 Recv: LPR_N
[17:44:00] LPR11 Recv: LPR_N
[17:44:05] LPR12 Recv: LPR_N
[17:44:05] LPR11 Recv: LPR_N
[17:44:08] Program Close
[17:44:21] Program Start!
[17:44:23] 근무시작: 배은화
[17:44:23] 영수증프린터 포트오픈 에러: ie_BadId - Specified comport doesn't exist
[17:44:23] Ping 시간 체크1-9560031
[17:44:23] Ping 시간 체크2-9560031
[17:44:23] Ping 시간 체크1-9560046
[17:44:23] Ping 시간 체크2-9560046
[17:44:23] Ping 시간 체크1-9560062
[17:44:23] Ping 시간 체크2-9560062
[17:44:23] Ping 시간 체크1-9560062
[17:44:23] Ping 시간 체크2-9560078
[17:44:23] 주차권  101
[17:44:23] 경차  102
[17:44:23] 장애인  103
[17:44:23] 전액무료  104
[17:44:23] LPR11 Recv: 172.16.83.1
[17:44:23] LPR12 Recv: 172.16.83.1
[17:44:24] LPR12 Recv: LPR_N
[17:44:24] LPR11 Recv: LPR_N
[17:44:26] LPR12 Recv: LPR_N
[17:44:26] LPR11 Recv: LPR_N
[17:44:28] Program Close
[17:45:05] Program Start!
[17:45:06] 근무시작: 배은화
[17:45:06] 영수증프린터 포트오픈 에러: ie_BadId - Specified comport doesn't exist
[17:45:06] Ping 시간 체크1-9603500
[17:45:06] Ping 시간 체크2-9603500
[17:45:06] Ping 시간 체크1-9603515
[17:45:06] Ping 시간 체크2-9603531
[17:45:06] Ping 시간 체크1-9603531
[17:45:06] Ping 시간 체크2-9603546
[17:45:06] Ping 시간 체크1-9603546
[17:45:06] Ping 시간 체크2-9603546
[17:45:06] 주차권  101
[17:45:06] 경차  102
[17:45:06] 장애인  103
[17:45:06] 전액무료  104
[17:45:06] LPR12 Recv: 172.16.83.1
[17:45:06] LPR11 Recv: 172.16.83.1
[17:45:08] LPR11 Recv: LPR_N
[17:45:08] LPR12 Recv: LPR_N
[17:45:09] LPR11 Recv: LPR_N
[17:45:14] LPR12 Recv: LPR_N
[17:45:14] LPR11 Recv: LPR_N
[17:45:19] LPR12 Recv: LPR_N
[17:45:19] LPR11 Recv: LPR_N
[17:45:24] LPR12 Recv: LPR_N
[17:45:24] LPR11 Recv: LPR_N
[17:45:24] Program Close
[18:04:08] Program Start!
[18:04:09] 근무시작: 배은화
[18:04:09] 영수증프린터 포트오픈 에러: ie_BadId - Specified comport doesn't exist
[18:04:09] Ping 시간 체크1-10746703
[18:04:09] Ping 시간 체크2-10746718
[18:04:09] Ping 시간 체크1-10746718
[18:04:10] Ping 시간 체크2-10746734
[18:04:10] Ping 시간 체크1-10746750
[18:04:10] Ping 시간 체크2-10746765
[18:04:10] Ping 시간 체크1-10746765
[18:04:10] Ping 시간 체크2-10746781
[18:04:10] 주차권  101
[18:04:10] 경차  102
[18:04:10] 장애인  103
[18:04:10] 전액무료  104
[18:04:10] LPR12 Recv: 172.16.83.1
[18:04:10] LPR11 Recv: 172.16.83.1
[18:04:10] LPR12 Recv: LPR_N
[18:04:11] LPR11 Recv: LPR_N
[18:04:12] Ping 시간 체크1-10749234
[18:04:12] Ping 시간 체크2-10749234
[18:04:12] LPR12 Recv: LPR_N
[18:04:13] Ping 시간 체크1-10749765
[18:04:13] Ping 시간 체크2-10749765
[18:04:13] LPR11 Recv: LPR_N
[18:04:13] Ping 시간 체크1-10750703
[18:04:13] Ping 시간 체크2-10750703
[18:04:14] Ping 시간 체크1-10751000
[18:04:14] Ping 시간 체크2-10751015
[18:04:16] Program Close
