[16:00:55] Program Start!
[16:01:28] 근무시작: 배은화
[16:01:28] 영수증프린터 포트오픈 에러: ie_BadId - Specified comport doesn't exist
[16:01:28] Ping 시간 체크1-114080109
[16:01:28] Ping 시간 체크2-114080125
[16:01:28] Ping 시간 체크1-114080125
[16:01:28] Ping 시간 체크2-114080125
[16:01:28] Ping 시간 체크1-114080125
[16:01:28] Ping 시간 체크2-114080140
[16:01:28] Ping 시간 체크1-114080140
[16:01:28] Ping 시간 체크2-114080156
[16:01:28] Ping 시간 체크1-114080156
[16:01:28] Ping 시간 체크2-114080171
[16:01:28] Ping 시간 체크1-114080171
[16:01:28] Ping 시간 체크2-114080187
[16:01:28] Ping 시간 체크1-114080187
[16:01:28] Ping 시간 체크2-114080187
[16:01:28] 주차권  101
[16:01:28] 경차  102
[16:01:28] 장애인  103
[16:01:28] 전액무료  104
[16:01:28] TfrmMainNew.FormShow: Could not bind socket. Address and port are already in use.
[16:01:28] LPR17 Recv: 172.16.83.1
[16:01:28] LPR 12 Recv: 172.16.83.1
[16:01:29] LPR 11 Recv: 172.16.83.1
[16:01:29] LPR 12 Recv: LPR_N
[16:01:30] LPR17 Recv: LPR_R
[16:01:30] 시간동기화 전송
[16:01:30] LPR 11 Recv: LPR_R
[16:01:30] 시간동기화 전송
[16:01:30] LPR18 Recv: 172.16.83.1
[16:01:30] LPR16 Recv: 172.16.83.1
[16:01:31] LPR18 Recv: LPR_R
[16:01:31] 시간동기화 전송
[16:01:31] LPR16 Recv: LPR_R
[16:01:31] 시간동기화 전송
[16:01:31] LPR 11 Recv: LPR_R
[16:01:31] 시간동기화 전송
[16:01:31] LPR17 Recv: LPR_R
[16:01:31] 시간동기화 전송
[16:01:32] LPR16 Recv: LPR_R
[16:01:32] 시간동기화 전송
[16:01:32] LPR18 Recv: LPR_R
[16:01:32] 시간동기화 전송
[16:01:32] LPR17 Recv: LPR_R
[16:01:32] 시간동기화 전송
[16:01:32] LPR 11 Recv: LPR_R
[16:01:32] 시간동기화 전송
[16:01:33] LPR18 Recv: LPR_N
[16:01:33] LPR16 Recv: LPR_N
[16:01:33] LPR17 Recv: LPR_N
[16:01:33] LPR 11 Recv: LPR_N
[16:01:33] Program Close
[16:59:31] Program Start!
[16:59:35] 근무시작: 배은화
[16:59:35] 영수증프린터 포트오픈 에러: ie_BadId - Specified comport doesn't exist
[16:59:35] Ping 시간 체크1-117566843
[16:59:35] Ping 시간 체크2-117566843
[16:59:35] Ping 시간 체크1-117566843
[16:59:35] Ping 시간 체크2-117566859
[16:59:35] Ping 시간 체크1-117566859
[16:59:35] Ping 시간 체크2-117566859
[16:59:35] Ping 시간 체크1-117566859
[16:59:35] Ping 시간 체크2-117566859
[16:59:35] Ping 시간 체크1-117566875
[16:59:35] Ping 시간 체크2-117566875
[16:59:35] Ping 시간 체크1-117566875
[16:59:35] Ping 시간 체크2-117566890
[16:59:35] Ping 시간 체크1-117566890
[16:59:35] Ping 시간 체크2-117566906
[16:59:35] 주차권  101
[16:59:35] 경차  102
[16:59:35] 장애인  103
[16:59:35] 전액무료  104
[16:59:35] LPR 11 Recv: 172.16.83.1
[16:59:35] LPR 12 Recv: 172.16.83.1
[16:59:36] LPR16 Recv: 172.16.83.1
[16:59:36] LPR17 Recv: 172.16.83.1
[16:59:36] LPR 12 Recv: LPR_N
[16:59:36] LPR17 Recv: LPR_N
[16:59:36] LPR16 Recv: LPR_N
[16:59:36] LPR 11 Recv: LPR_N
[16:59:37] LPR18 Recv: 172.16.83.1
[16:59:37] LPR18 Recv: LPR_N
[16:59:37] LPR17 Recv: LPR_N
[16:59:37] LPR16 Recv: LPR_N
[16:59:37] LPR 11 Recv: LPR_N
[16:59:38] LPR18 Recv: LPR_N
[16:59:38] LPR17 Recv: LPR_N
[16:59:38] LPR16 Recv: LPR_N
[16:59:38] LPR 11 Recv: LPR_N
[16:59:39] LPR 12 Recv: LPR_N
[16:59:43] LPR18 Recv: CH1#서울2르1341#O#\2014\10\01\CH1_20141001165942_서울2르1341.jpg
[16:59:43] LPR Check: 서울2르1341,http://172.16.66.33:9080/MSImage/2014/10/01/CH1_20141001165942_서울2르1341.jpg,1,,,0, 2014-10-01 16:59:42
[16:59:43] File: \\172.16.66.33\MSImage\2014\10\01\CH1_20141001165942_서울2르1341.jpg
[16:59:43] 일반차량: 서울2르1341, 
[16:59:43] Ping 시간 체크1-117575203
[16:59:43] Ping 시간 체크2-117575203
[16:59:43] 입구차단기 Open
[16:59:43] 일반차량입차: 서울2르1341, 
[16:59:43] LPR17 Recv: CH1#서울2르1341#O#\2014\10\01\CH1_20141001165942_서울2르1341.jpg
[16:59:43] LPR Check: 서울2르1341,http://172.16.66.33:9080/MSImage/2014/10/01/CH1_20141001165942_서울2르1341.jpg,1,,,0, 2014-10-01 16:59:42
[16:59:43] File: \\172.16.66.33\MSImage\2014\10\01\CH1_20141001165942_서울2르1341.jpg
[16:59:43] 일반차량: 서울2르1341, 
[16:59:43] Ping 시간 체크1-117575218
[16:59:43] Ping 시간 체크2-117575218
[16:59:43] 입구차단기 Open
[16:59:43] 일반차량입차: 서울2르1341, 
[16:59:43] LPR16 Recv: CH1#서울2르1341#O#\2014\10\01\CH1_20141001165942_서울2르1341.jpg
[16:59:43] LPR Check: 서울2르1341,http://172.16.66.33:9080/MSImage/2014/10/01/CH1_20141001165942_서울2르1341.jpg,1,,,0, 2014-10-01 16:59:42
[16:59:43] File: \\172.16.66.33\MSImage\2014\10\01\CH1_20141001165942_서울2르1341.jpg
[16:59:43] 일반차량: 서울2르1341, 
[16:59:43] Ping 시간 체크1-117575234
[16:59:43] Ping 시간 체크2-117575234
[16:59:43] 입구차단기 Open
[16:59:43] 일반차량입차: 서울2르1341, 
[16:59:43] LPR 11 Recv: CH1#서울2르1341#O#\2014\10\01\CH1_20141001165942_서울2르1341.jpg
[16:59:43] LPR Check: 서울2르1341, http://172.16.66.33:9080/MSImage/2014/10/01/CH1_20141001165942_서울2르1341.jpg, 1,,,0, 2014-10-01 16:59:42
[16:59:43] File: \\172.16.66.33\MSImage\2014\10\01\CH1_20141001165942_서울2르1341.jpg
[16:59:43] 일반차량: 서울2르1341, 
[16:59:43] Ping 시간 체크1-117575250
[16:59:43] Ping 시간 체크2-117575250
[16:59:43] Ping 시간 체크1-117575250
[16:59:43] Ping 시간 체크2-117575250
[16:59:43] 입구차단기 Open
[16:59:43] 일반차량입차: 서울2르1341, 
[16:59:44] LPR18 Recv: LPR_N
[16:59:44] LPR17 Recv: LPR_N
[16:59:44] LPR16 Recv: LPR_N
[16:59:44] LPR 11 Recv: LPR_N
[16:59:44] LPR 12 Recv: LPR_N
[16:59:49] LPR18 Recv: LPR_N
[16:59:49] LPR17 Recv: LPR_N
[16:59:49] LPR16 Recv: LPR_N
[16:59:49] LPR 11 Recv: LPR_N
[16:59:50] LPR 12 Recv: LPR_N
[16:59:55] LPR18 Recv: LPR_N
[16:59:55] LPR17 Recv: LPR_N
[16:59:55] LPR16 Recv: LPR_N
[16:59:55] LPR 11 Recv: LPR_N
[16:59:55] LPR 12 Recv: LPR_N
[17:00:00] LPR18 Recv: LPR_N
[17:00:00] LPR17 Recv: LPR_N
[17:00:00] LPR16 Recv: LPR_N
[17:00:00] LPR 11 Recv: LPR_N
[17:00:01] LPR 12 Recv: LPR_N
[17:00:05] LPR 12 Recv: CH1#서울2르1341#O#\2014\10\01\CH1_20141001165841_서울2르1341.jpg
[17:00:05] LPR Check: 서울2르1341,http://172.16.66.34:9080/MSImage/2014/10/01/CH1_20141001165841_서울2르1341.jpg,1,,,0, 2014-10-01 16:58:41
[17:00:05] File: \\172.16.66.34\MSImage\2014\10\01\CH1_20141001165841_서울2르1341.jpg
[17:00:05] 일반차량: 서울2르1341, 
[17:00:05] In Image File: \\172.16.66.33\MSImage\2014\10\01\CH1_20141001165942_서울2르1341.jpg
[17:00:05] Ping 시간 체크1-117596906
[17:00:05] Ping 시간 체크2-117596906
[17:00:05] Out Image File: \\172.16.66.34\MSImage\2014\10\01\CH1_20141001165841_서울2르1341.jpg
[17:00:05] Ping 시간 체크1-117597109
[17:00:05] Ping 시간 체크2-117597125
[17:00:05] Ping 시간 체크1-117597406
[17:00:05] Ping 시간 체크2-117597406
[17:00:05] Ping 시간 체크1-117597406
[17:00:05] Ping 시간 체크2-117597421
[17:00:05] 출구차단기 Open
[17:00:05] 일반차량출차: 서울2르1341, 
[17:00:05] LPR18 Recv: LPR_N
[17:00:05] LPR17 Recv: LPR_N
[17:00:05] LPR16 Recv: LPR_N
[17:00:05] LPR 11 Recv: LPR_N
[17:00:06] LPR 12 Recv: LPR_N
[17:00:10] LPR18 Recv: LPR_N
[17:00:10] LPR17 Recv: LPR_N
[17:00:10] LPR16 Recv: LPR_N
[17:00:10] LPR 11 Recv: LPR_N
[17:00:11] LPR 12 Recv: LPR_N
[17:00:16] LPR18 Recv: LPR_N
[17:00:16] LPR17 Recv: LPR_N
[17:00:16] LPR16 Recv: LPR_N
[17:00:16] LPR 11 Recv: LPR_N
[17:00:16] LPR 12 Recv: LPR_N
[17:00:19] LPR18 Recv: CH1#서울2르1341#O#\2014\10\01\CH1_20141001170018_서울2르1341.jpg
[17:00:19] LPR Check: 서울2르1341,http://172.16.66.33:9080/MSImage/2014/10/01/CH1_20141001170018_서울2르1341.jpg,1,,,0, 2014-10-01 17:00:18
[17:00:19] File: \\172.16.66.33\MSImage\2014\10\01\CH1_20141001170018_서울2르1341.jpg
[17:00:19] 일반차량: 서울2르1341, 
[17:00:19] Ping 시간 체크1-117611343
[17:00:19] Ping 시간 체크2-117611359
[17:00:19] 입구차단기 Open
[17:00:19] 일반차량입차: 서울2르1341, 
[17:00:19] LPR17 Recv: CH1#서울2르1341#O#\2014\10\01\CH1_20141001170018_서울2르1341.jpg
[17:00:19] LPR Check: 서울2르1341,http://172.16.66.33:9080/MSImage/2014/10/01/CH1_20141001170018_서울2르1341.jpg,1,,,0, 2014-10-01 17:00:18
[17:00:19] File: \\172.16.66.33\MSImage\2014\10\01\CH1_20141001170018_서울2르1341.jpg
[17:00:19] 일반차량: 서울2르1341, 
[17:00:19] Ping 시간 체크1-117611359
[17:00:19] Ping 시간 체크2-117611375
[17:00:19] 입구차단기 Open
[17:00:19] 일반차량입차: 서울2르1341, 
[17:00:19] LPR16 Recv: CH1#서울2르1341#O#\2014\10\01\CH1_20141001170018_서울2르1341.jpg
[17:00:19] LPR Check: 서울2르1341,http://172.16.66.33:9080/MSImage/2014/10/01/CH1_20141001170018_서울2르1341.jpg,1,,,0, 2014-10-01 17:00:18
[17:00:19] File: \\172.16.66.33\MSImage\2014\10\01\CH1_20141001170018_서울2르1341.jpg
[17:00:19] 일반차량: 서울2르1341, 
[17:00:19] Ping 시간 체크1-117611375
[17:00:19] Ping 시간 체크2-117611375
[17:00:19] 입구차단기 Open
[17:00:19] 일반차량입차: 서울2르1341, 
[17:00:19] LPR 11 Recv: CH1#서울2르1341#O#\2014\10\01\CH1_20141001170018_서울2르1341.jpg
[17:00:19] LPR Check: 서울2르1341, http://172.16.66.33:9080/MSImage/2014/10/01/CH1_20141001170018_서울2르1341.jpg, 1,,,0, 2014-10-01 17:00:18
[17:00:19] File: \\172.16.66.33\MSImage\2014\10\01\CH1_20141001170018_서울2르1341.jpg
[17:00:19] 일반차량: 서울2르1341, 
[17:00:19] Ping 시간 체크1-117611390
[17:00:19] Ping 시간 체크2-117611390
[17:00:19] Ping 시간 체크1-117611390
[17:00:19] Ping 시간 체크2-117611390
[17:00:19] 입구차단기 Open
[17:00:19] 일반차량입차: 서울2르1341, 
[17:00:21] LPR18 Recv: LPR_N
[17:00:21] LPR17 Recv: LPR_N
[17:00:21] LPR16 Recv: LPR_N
[17:00:21] LPR 11 Recv: LPR_N
[17:00:21] LPR 12 Recv: LPR_N
[17:00:26] LPR18 Recv: LPR_N
[17:00:26] LPR17 Recv: LPR_N
[17:00:26] LPR16 Recv: LPR_N
[17:00:26] LPR 11 Recv: LPR_N
[17:00:27] LPR 12 Recv: LPR_N
[17:00:31] LPR18 Recv: LPR_N
[17:00:31] LPR17 Recv: LPR_N
[17:00:31] LPR16 Recv: LPR_N
[17:00:31] LPR 11 Recv: LPR_N
[17:00:32] LPR 12 Recv: LPR_N
[17:00:34] LPR 12 Recv: CH1#서울2르1341#O#\2014\10\01\CH1_20141001165911_서울2르1341.jpg
[17:00:34] LPR Check: 서울2르1341,http://172.16.66.34:9080/MSImage/2014/10/01/CH1_20141001165911_서울2르1341.jpg,1,,,0, 2014-10-01 16:59:11
[17:00:34] File: \\172.16.66.34\MSImage\2014\10\01\CH1_20141001165911_서울2르1341.jpg
[17:00:34] 일반차량: 서울2르1341, 
[17:00:34] In Image File: \\172.16.66.33\MSImage\2014\10\01\CH1_20141001170018_서울2르1341.jpg
[17:00:34] Ping 시간 체크1-117626265
[17:00:34] Ping 시간 체크2-117626281
[17:00:34] Out Image File: \\172.16.66.34\MSImage\2014\10\01\CH1_20141001165911_서울2르1341.jpg
[17:00:34] Ping 시간 체크1-117626468
[17:00:34] Ping 시간 체크2-117626468
[17:00:35] Ping 시간 체크1-117626734
[17:00:35] Ping 시간 체크2-117626750
[17:00:35] Ping 시간 체크1-117626750
[17:00:35] Ping 시간 체크2-117626750
[17:00:35] 출구차단기 Open
[17:00:35] 일반차량출차: 서울2르1341, 
[17:00:36] LPR18 Recv: LPR_N
[17:00:36] LPR17 Recv: LPR_N
[17:00:36] LPR16 Recv: LPR_N
[17:00:36] LPR 11 Recv: LPR_N
[17:00:37] LPR 12 Recv: LPR_N
[17:00:42] LPR18 Recv: LPR_N
[17:00:42] LPR17 Recv: LPR_N
[17:00:42] LPR16 Recv: LPR_N
[17:00:42] LPR 11 Recv: LPR_N
[17:00:42] LPR 12 Recv: LPR_N
[17:00:47] LPR18 Recv: LPR_N
[17:00:47] LPR17 Recv: LPR_N
[17:00:47] LPR16 Recv: LPR_N
[17:00:47] LPR 11 Recv: LPR_N
[17:00:48] LPR 12 Recv: LPR_N
[17:00:52] LPR18 Recv: LPR_N
[17:00:52] LPR17 Recv: LPR_N
[17:00:52] LPR16 Recv: LPR_N
[17:00:52] LPR 11 Recv: LPR_N
[17:00:53] LPR 12 Recv: LPR_N
[17:00:57] LPR18 Recv: LPR_N
[17:00:57] LPR17 Recv: LPR_N
[17:00:57] LPR16 Recv: LPR_N
[17:00:57] LPR 11 Recv: LPR_N
[17:00:58] LPR 12 Recv: LPR_N
[17:01:03] LPR18 Recv: LPR_N
[17:01:03] LPR17 Recv: LPR_N
[17:01:03] LPR16 Recv: LPR_N
[17:01:03] LPR 11 Recv: LPR_N
[17:01:03] LPR 12 Recv: LPR_N
[17:01:08] LPR18 Recv: LPR_N
[17:01:08] LPR17 Recv: LPR_N
[17:01:08] LPR16 Recv: LPR_N
[17:01:08] LPR 11 Recv: LPR_N
[17:01:09] LPR 12 Recv: LPR_N
[17:01:13] LPR18 Recv: LPR_N
[17:01:13] LPR17 Recv: LPR_N
[17:01:13] LPR16 Recv: LPR_N
[17:01:13] LPR 11 Recv: LPR_N
[17:01:14] LPR 12 Recv: LPR_N
[17:01:19] LPR18 Recv: LPR_N
[17:01:19] LPR17 Recv: LPR_N
[17:01:19] LPR16 Recv: LPR_N
[17:01:19] LPR 11 Recv: LPR_N
[17:01:19] LPR 12 Recv: LPR_N
[17:01:24] LPR18 Recv: LPR_N
[17:01:24] LPR17 Recv: LPR_N
[17:01:24] LPR16 Recv: LPR_N
[17:01:24] LPR 11 Recv: LPR_N
[17:01:24] LPR 12 Recv: LPR_N
[17:01:29] LPR18 Recv: LPR_N
[17:01:29] LPR17 Recv: LPR_N
[17:01:29] LPR16 Recv: LPR_N
[17:01:29] LPR 11 Recv: LPR_N
[17:01:29] LPR 12 Recv: LPR_N
[17:01:34] LPR18 Recv: LPR_N
[17:01:34] LPR17 Recv: LPR_N
[17:01:34] LPR16 Recv: LPR_N
[17:01:34] LPR 11 Recv: LPR_N
[17:01:35] LPR 12 Recv: LPR_N
[17:01:40] LPR18 Recv: LPR_N
[17:01:40] LPR17 Recv: LPR_N
[17:01:40] LPR16 Recv: LPR_N
[17:01:40] LPR 11 Recv: LPR_N
[17:01:40] LPR 12 Recv: LPR_N
[17:01:45] LPR18 Recv: LPR_N
[17:01:45] LPR17 Recv: LPR_N
[17:01:45] LPR16 Recv: LPR_N
[17:01:45] LPR 11 Recv: LPR_N
[17:01:45] LPR 12 Recv: LPR_N
[17:01:50] LPR18 Recv: LPR_N
[17:01:50] LPR17 Recv: LPR_N
[17:01:50] LPR16 Recv: LPR_N
[17:01:50] LPR 11 Recv: LPR_N
[17:01:50] LPR 12 Recv: LPR_N
[17:01:55] LPR18 Recv: LPR_N
[17:01:55] LPR17 Recv: LPR_N
[17:01:55] LPR16 Recv: LPR_N
[17:01:55] LPR 11 Recv: LPR_N
[17:01:56] LPR 12 Recv: LPR_N
[17:02:01] LPR18 Recv: LPR_N
[17:02:01] LPR17 Recv: LPR_N
[17:02:01] LPR16 Recv: LPR_N
[17:02:01] LPR 11 Recv: LPR_N
[17:02:01] LPR 12 Recv: LPR_N
[17:02:06] LPR18 Recv: LPR_N
[17:02:06] LPR17 Recv: LPR_N
[17:02:06] LPR16 Recv: LPR_N
[17:02:06] LPR 11 Recv: LPR_N
[17:02:07] LPR 12 Recv: LPR_N
[17:02:11] LPR18 Recv: LPR_N
[17:02:11] LPR17 Recv: LPR_N
[17:02:11] LPR16 Recv: LPR_N
[17:02:11] LPR 11 Recv: LPR_N
[17:02:12] LPR 12 Recv: LPR_N
[17:02:16] LPR18 Recv: LPR_N
[17:02:16] LPR17 Recv: LPR_N
[17:02:16] LPR16 Recv: LPR_N
[17:02:16] LPR 11 Recv: LPR_N
[17:02:17] LPR 12 Recv: LPR_N
[17:02:21] LPR18 Recv: LPR_N
[17:02:21] LPR17 Recv: LPR_N
[17:02:21] LPR16 Recv: LPR_N
[17:02:21] LPR 11 Recv: LPR_N
[17:02:22] LPR 12 Recv: LPR_N
[17:02:27] LPR18 Recv: LPR_N
[17:02:27] LPR17 Recv: LPR_N
[17:02:27] LPR16 Recv: LPR_N
[17:02:27] LPR 11 Recv: LPR_N
[17:02:27] LPR 12 Recv: LPR_N
[17:02:32] LPR18 Recv: LPR_N
[17:02:32] LPR17 Recv: LPR_N
[17:02:32] LPR16 Recv: LPR_N
[17:02:32] LPR 11 Recv: LPR_N
[17:02:33] LPR 12 Recv: LPR_N
[17:02:37] LPR18 Recv: LPR_N
[17:02:37] LPR17 Recv: LPR_N
[17:02:37] LPR16 Recv: LPR_N
[17:02:37] LPR 11 Recv: LPR_N
[17:02:38] LPR 12 Recv: LPR_N
[17:02:42] LPR18 Recv: LPR_N
[17:02:42] LPR17 Recv: LPR_N
[17:02:43] LPR16 Recv: LPR_N
[17:02:43] LPR 11 Recv: LPR_N
[17:02:43] LPR 12 Recv: LPR_N
[17:02:48] LPR18 Recv: LPR_N
[17:02:48] LPR17 Recv: LPR_N
[17:02:48] LPR16 Recv: LPR_N
[17:02:48] LPR 11 Recv: LPR_N
[17:02:48] LPR 12 Recv: LPR_N
[17:02:53] LPR18 Recv: LPR_N
[17:02:53] LPR17 Recv: LPR_N
[17:02:53] LPR16 Recv: LPR_N
[17:02:53] LPR 11 Recv: LPR_N
[17:02:54] LPR 12 Recv: LPR_N
[17:02:59] LPR18 Recv: LPR_N
[17:02:59] LPR17 Recv: LPR_N
[17:02:59] LPR16 Recv: LPR_N
[17:02:59] LPR 11 Recv: LPR_N
[17:02:59] LPR 12 Recv: LPR_N
[17:03:04] LPR18 Recv: LPR_N
[17:03:04] LPR17 Recv: LPR_N
[17:03:04] LPR16 Recv: LPR_N
[17:03:04] LPR 11 Recv: LPR_N
[17:03:04] LPR 12 Recv: LPR_N
[17:03:09] LPR18 Recv: LPR_N
[17:03:09] LPR17 Recv: LPR_N
[17:03:09] LPR16 Recv: LPR_N
[17:03:09] LPR 11 Recv: LPR_N
[17:03:09] LPR 12 Recv: LPR_N
[17:03:14] LPR18 Recv: LPR_N
[17:03:14] LPR17 Recv: LPR_N
[17:03:14] LPR16 Recv: LPR_N
[17:03:14] LPR 11 Recv: LPR_N
[17:03:14] LPR 12 Recv: LPR_N
[17:03:19] LPR18 Recv: LPR_N
[17:03:19] LPR17 Recv: LPR_N
[17:03:19] LPR16 Recv: LPR_N
[17:03:19] LPR 11 Recv: LPR_N
[17:03:20] LPR 12 Recv: LPR_N
[17:03:25] LPR18 Recv: LPR_N
[17:03:25] LPR17 Recv: LPR_N
[17:03:25] LPR16 Recv: LPR_N
[17:03:25] LPR 11 Recv: LPR_N
[17:03:25] LPR 12 Recv: LPR_N
[17:03:30] LPR18 Recv: LPR_N
[17:03:30] LPR17 Recv: LPR_N
[17:03:30] LPR16 Recv: LPR_N
[17:03:30] LPR 11 Recv: LPR_N
[17:03:30] LPR 12 Recv: LPR_N
[17:03:35] LPR18 Recv: LPR_N
[17:03:35] LPR17 Recv: LPR_N
[17:03:35] LPR16 Recv: LPR_N
[17:03:35] LPR 11 Recv: LPR_N
[17:03:35] LPR 12 Recv: LPR_N
[17:03:40] LPR18 Recv: LPR_N
[17:03:40] LPR17 Recv: LPR_N
[17:03:40] LPR16 Recv: LPR_N
[17:03:40] LPR 11 Recv: LPR_N
[17:03:41] LPR 12 Recv: LPR_N
[17:03:46] LPR18 Recv: LPR_N
[17:03:46] LPR17 Recv: LPR_N
[17:03:46] LPR16 Recv: LPR_N
[17:03:46] LPR 11 Recv: LPR_N
[17:03:46] LPR 12 Recv: LPR_N
[17:03:51] LPR18 Recv: LPR_N
[17:03:51] LPR17 Recv: LPR_N
[17:03:51] LPR16 Recv: LPR_N
[17:03:51] LPR 11 Recv: LPR_N
[17:03:51] LPR 12 Recv: LPR_N
[17:03:56] LPR18 Recv: LPR_N
[17:03:56] LPR17 Recv: LPR_N
[17:03:56] LPR16 Recv: LPR_N
[17:03:56] LPR 11 Recv: LPR_N
[17:03:56] LPR 12 Recv: LPR_N
[17:04:01] LPR18 Recv: LPR_N
[17:04:01] LPR17 Recv: LPR_N
[17:04:01] LPR16 Recv: LPR_N
[17:04:01] LPR 11 Recv: LPR_N
[17:04:02] LPR 12 Recv: LPR_N
[17:04:07] LPR18 Recv: LPR_N
[17:04:07] LPR17 Recv: LPR_N
[17:04:07] LPR16 Recv: LPR_N
[17:04:07] LPR 11 Recv: LPR_N
[17:04:07] LPR 12 Recv: LPR_N
[17:04:12] LPR18 Recv: LPR_N
[17:04:12] LPR17 Recv: LPR_N
[17:04:12] LPR16 Recv: LPR_N
[17:04:12] LPR 11 Recv: LPR_N
[17:04:12] LPR 12 Recv: LPR_N
[17:04:17] LPR18 Recv: LPR_N
[17:04:17] LPR17 Recv: LPR_N
[17:04:17] LPR16 Recv: LPR_N
[17:04:17] LPR 11 Recv: LPR_N
[17:04:18] LPR 12 Recv: LPR_N
[17:04:23] LPR18 Recv: LPR_N
[17:04:23] LPR17 Recv: LPR_N
[17:04:23] LPR16 Recv: LPR_N
[17:04:23] LPR 11 Recv: LPR_N
[17:04:23] LPR 12 Recv: LPR_N
[17:04:28] LPR18 Recv: LPR_N
[17:04:28] LPR17 Recv: LPR_N
[17:04:28] LPR16 Recv: LPR_N
[17:04:28] LPR 11 Recv: LPR_N
[17:04:28] LPR 12 Recv: LPR_N
[17:04:33] LPR18 Recv: LPR_N
[17:04:33] LPR17 Recv: LPR_N
[17:04:33] LPR16 Recv: LPR_N
[17:04:33] LPR 11 Recv: LPR_N
[17:04:33] LPR 12 Recv: LPR_N
[17:04:38] LPR18 Recv: LPR_N
[17:04:38] LPR17 Recv: LPR_N
[17:04:38] LPR16 Recv: LPR_N
[17:04:38] LPR 11 Recv: LPR_N
[17:04:39] LPR 12 Recv: LPR_N
[17:04:44] LPR18 Recv: LPR_N
[17:04:44] LPR17 Recv: LPR_N
[17:04:44] LPR16 Recv: LPR_N
[17:04:44] LPR 11 Recv: LPR_N
[17:04:44] LPR 12 Recv: LPR_N
[17:04:49] LPR18 Recv: LPR_N
[17:04:49] LPR17 Recv: LPR_N
[17:04:49] LPR16 Recv: LPR_N
[17:04:49] LPR 11 Recv: LPR_N
[17:04:49] LPR 12 Recv: LPR_N
[17:04:54] LPR18 Recv: LPR_N
[17:04:54] LPR17 Recv: LPR_N
[17:04:54] LPR16 Recv: LPR_N
[17:04:54] LPR 11 Recv: LPR_N
[17:04:54] LPR 12 Recv: LPR_N
[17:04:59] LPR18 Recv: LPR_N
[17:04:59] LPR17 Recv: LPR_N
[17:04:59] LPR16 Recv: LPR_N
[17:04:59] LPR 11 Recv: LPR_N
[17:05:00] LPR 12 Recv: LPR_N
[17:05:05] LPR18 Recv: LPR_N
[17:05:05] LPR17 Recv: LPR_N
[17:05:05] LPR16 Recv: LPR_N
[17:05:05] LPR 11 Recv: LPR_N
[17:05:05] LPR 12 Recv: LPR_N
[17:05:10] LPR 12 Recv: LPR_N
[17:05:10] LPR18 Recv: LPR_N
[17:05:10] LPR17 Recv: LPR_N
[17:05:10] LPR16 Recv: LPR_N
[17:05:10] LPR 11 Recv: LPR_N
[17:05:15] LPR18 Recv: LPR_N
[17:05:15] LPR17 Recv: LPR_N
[17:05:15] LPR16 Recv: LPR_N
[17:05:15] LPR 11 Recv: LPR_N
[17:05:15] LPR 12 Recv: LPR_N
[17:05:20] LPR 12 Recv: LPR_N
[17:05:20] LPR18 Recv: LPR_N
[17:05:20] LPR17 Recv: LPR_N
[17:05:20] LPR16 Recv: LPR_N
[17:05:20] LPR 11 Recv: LPR_N
[17:05:25] LPR18 Recv: LPR_N
[17:05:25] LPR17 Recv: LPR_N
[17:05:25] LPR16 Recv: LPR_N
[17:05:25] LPR 11 Recv: LPR_N
[17:05:26] LPR 12 Recv: LPR_N
[17:05:31] LPR 12 Recv: LPR_N
[17:05:31] LPR18 Recv: LPR_N
[17:05:31] LPR17 Recv: LPR_N
[17:05:31] LPR16 Recv: LPR_N
[17:05:31] LPR 11 Recv: LPR_N
[17:05:36] LPR18 Recv: LPR_N
[17:05:36] LPR17 Recv: LPR_N
[17:05:36] LPR16 Recv: LPR_N
[17:05:36] LPR 11 Recv: LPR_N
[17:05:36] LPR 12 Recv: LPR_N
[17:05:41] LPR 12 Recv: LPR_N
[17:05:41] LPR18 Recv: LPR_N
[17:05:41] LPR17 Recv: LPR_N
[17:05:41] LPR16 Recv: LPR_N
[17:05:41] LPR 11 Recv: LPR_N
[17:05:46] LPR18 Recv: LPR_N
[17:05:46] LPR17 Recv: LPR_N
[17:05:46] LPR16 Recv: LPR_N
[17:05:46] LPR 11 Recv: LPR_N
[17:05:47] LPR 12 Recv: LPR_N
[17:05:52] LPR 12 Recv: LPR_N
[17:05:52] LPR18 Recv: LPR_N
[17:05:52] LPR17 Recv: LPR_N
[17:05:52] LPR16 Recv: LPR_N
[17:05:52] LPR 11 Recv: LPR_N
[17:05:57] LPR18 Recv: LPR_N
[17:05:57] LPR17 Recv: LPR_N
[17:05:57] LPR16 Recv: LPR_N
[17:05:57] LPR 11 Recv: LPR_N
[17:05:57] LPR 12 Recv: LPR_N
[17:06:03] LPR 12 Recv: LPR_N
[17:06:03] LPR18 Recv: LPR_N
[17:06:03] LPR17 Recv: LPR_N
[17:06:03] LPR16 Recv: LPR_N
[17:06:03] LPR 11 Recv: LPR_N
[17:06:08] LPR 12 Recv: LPR_N
[17:06:08] LPR18 Recv: LPR_N
[17:06:08] LPR17 Recv: LPR_N
[17:06:08] LPR16 Recv: LPR_N
[17:06:08] LPR 11 Recv: LPR_N
[17:06:13] LPR18 Recv: LPR_N
[17:06:13] LPR17 Recv: LPR_N
[17:06:13] LPR16 Recv: LPR_N
[17:06:13] LPR 11 Recv: LPR_N
[17:06:13] LPR 12 Recv: LPR_N
[17:06:18] LPR 12 Recv: LPR_N
[17:06:18] LPR18 Recv: LPR_N
[17:06:18] LPR17 Recv: LPR_N
[17:06:18] LPR16 Recv: LPR_N
[17:06:18] LPR 11 Recv: LPR_N
[17:06:23] LPR18 Recv: LPR_N
[17:06:23] LPR17 Recv: LPR_N
[17:06:23] LPR16 Recv: LPR_N
[17:06:23] LPR 11 Recv: LPR_N
[17:06:24] LPR 12 Recv: LPR_N
[17:06:29] LPR 12 Recv: LPR_N
[17:06:29] LPR18 Recv: LPR_N
[17:06:29] LPR17 Recv: LPR_N
[17:06:29] LPR16 Recv: LPR_N
[17:06:29] LPR 11 Recv: LPR_N
[17:06:34] LPR18 Recv: LPR_N
[17:06:34] LPR17 Recv: LPR_N
[17:06:34] LPR16 Recv: LPR_N
[17:06:34] LPR 11 Recv: LPR_N
[17:06:34] LPR 12 Recv: LPR_N
[17:06:39] LPR 12 Recv: LPR_N
[17:06:39] LPR18 Recv: LPR_N
[17:06:39] LPR17 Recv: LPR_N
[17:06:39] LPR16 Recv: LPR_N
[17:06:39] LPR 11 Recv: LPR_N
[17:06:44] LPR18 Recv: LPR_N
[17:06:44] LPR17 Recv: LPR_N
[17:06:44] LPR16 Recv: LPR_N
[17:06:44] LPR 11 Recv: LPR_N
[17:06:45] LPR 12 Recv: LPR_N
[17:06:50] LPR 12 Recv: LPR_N
[17:06:50] LPR18 Recv: LPR_N
[17:06:50] LPR17 Recv: LPR_N
[17:06:50] LPR16 Recv: LPR_N
[17:06:50] LPR 11 Recv: LPR_N
[17:06:55] LPR18 Recv: LPR_N
[17:06:55] LPR17 Recv: LPR_N
[17:06:55] LPR16 Recv: LPR_N
[17:06:55] LPR 11 Recv: LPR_N
[17:06:55] LPR 12 Recv: LPR_N
[17:07:00] LPR 12 Recv: LPR_N
[17:07:00] LPR18 Recv: LPR_N
[17:07:00] LPR17 Recv: LPR_N
[17:07:00] LPR16 Recv: LPR_N
[17:07:00] LPR 11 Recv: LPR_N
[17:07:05] LPR 12 Recv: LPR_N
[17:07:05] LPR18 Recv: LPR_N
[17:07:05] LPR17 Recv: LPR_N
[17:07:05] LPR16 Recv: LPR_N
[17:07:05] LPR 11 Recv: LPR_N
[17:07:10] LPR18 Recv: LPR_N
[17:07:10] LPR17 Recv: LPR_N
[17:07:10] LPR16 Recv: LPR_N
[17:07:10] LPR 11 Recv: LPR_N
[17:07:11] LPR 12 Recv: LPR_N
[17:07:16] LPR 12 Recv: LPR_N
[17:07:16] LPR18 Recv: LPR_N
[17:07:16] LPR17 Recv: LPR_N
[17:07:16] LPR16 Recv: LPR_N
[17:07:16] LPR 11 Recv: LPR_N
[17:07:21] LPR18 Recv: LPR_N
[17:07:21] LPR17 Recv: LPR_N
[17:07:21] LPR16 Recv: LPR_N
[17:07:21] LPR 11 Recv: LPR_N
[17:07:21] LPR 12 Recv: LPR_N
[17:07:26] LPR 12 Recv: LPR_N
[17:07:27] LPR18 Recv: LPR_N
[17:07:27] LPR17 Recv: LPR_N
[17:07:27] LPR16 Recv: LPR_N
[17:07:27] LPR 11 Recv: LPR_N
[17:07:32] LPR18 Recv: LPR_N
[17:07:32] LPR17 Recv: LPR_N
[17:07:32] LPR16 Recv: LPR_N
[17:07:32] LPR 11 Recv: LPR_N
[17:07:32] LPR 12 Recv: LPR_N
[17:07:37] LPR 12 Recv: LPR_N
[17:07:37] LPR18 Recv: LPR_N
[17:07:37] LPR17 Recv: LPR_N
[17:07:37] LPR16 Recv: LPR_N
[17:07:37] LPR 11 Recv: LPR_N
[17:07:42] LPR18 Recv: LPR_N
[17:07:42] LPR17 Recv: LPR_N
[17:07:42] LPR16 Recv: LPR_N
[17:07:42] LPR 11 Recv: LPR_N
[17:07:42] LPR 12 Recv: LPR_N
[17:07:47] LPR 12 Recv: LPR_N
[17:07:48] LPR18 Recv: LPR_N
[17:07:48] LPR17 Recv: LPR_N
[17:07:48] LPR16 Recv: LPR_N
[17:07:48] LPR 11 Recv: LPR_N
[17:07:53] LPR18 Recv: LPR_N
[17:07:53] LPR17 Recv: LPR_N
[17:07:53] LPR16 Recv: LPR_N
[17:07:53] LPR 11 Recv: LPR_N
[17:07:53] LPR 12 Recv: LPR_N
[17:07:58] LPR 12 Recv: LPR_N
[17:07:58] LPR18 Recv: LPR_N
[17:07:58] LPR17 Recv: LPR_N
[17:07:58] LPR16 Recv: LPR_N
[17:07:58] LPR 11 Recv: LPR_N
[17:08:03] LPR 12 Recv: LPR_N
[17:08:03] LPR18 Recv: LPR_N
[17:08:03] LPR17 Recv: LPR_N
[17:08:03] LPR16 Recv: LPR_N
[17:08:03] LPR 11 Recv: LPR_N
[17:08:08] LPR18 Recv: LPR_N
[17:08:08] LPR17 Recv: LPR_N
[17:08:08] LPR16 Recv: LPR_N
[17:08:08] LPR 11 Recv: LPR_N
[17:08:09] LPR 12 Recv: LPR_N
[17:08:14] LPR 12 Recv: LPR_N
[17:08:14] LPR18 Recv: LPR_N
[17:08:14] LPR17 Recv: LPR_N
[17:08:14] LPR16 Recv: LPR_N
[17:08:14] LPR 11 Recv: LPR_N
[17:08:19] LPR18 Recv: LPR_N
[17:08:19] LPR17 Recv: LPR_N
[17:08:19] LPR16 Recv: LPR_N
[17:08:19] LPR 11 Recv: LPR_N
[17:08:19] LPR 12 Recv: LPR_N
[17:08:24] LPR 12 Recv: LPR_N
[17:08:24] LPR18 Recv: LPR_N
[17:08:24] LPR17 Recv: LPR_N
[17:08:24] LPR16 Recv: LPR_N
[17:08:24] LPR 11 Recv: LPR_N
[17:08:29] LPR18 Recv: LPR_N
[17:08:29] LPR17 Recv: LPR_N
[17:08:29] LPR16 Recv: LPR_N
[17:08:29] LPR 11 Recv: LPR_N
[17:08:30] LPR 12 Recv: LPR_N
[17:08:35] LPR 12 Recv: LPR_N
[17:08:35] LPR18 Recv: LPR_N
[17:08:35] LPR17 Recv: LPR_N
[17:08:35] LPR16 Recv: LPR_N
[17:08:35] LPR 11 Recv: LPR_N
[17:08:40] LPR 12 Recv: LPR_N
[17:08:40] LPR18 Recv: LPR_N
[17:08:40] LPR17 Recv: LPR_N
[17:08:40] LPR16 Recv: LPR_N
[17:08:40] LPR 11 Recv: LPR_N
[17:08:45] LPR 12 Recv: LPR_N
[17:08:46] LPR18 Recv: LPR_N
[17:08:46] LPR17 Recv: LPR_N
[17:08:46] LPR16 Recv: LPR_N
[17:08:46] LPR 11 Recv: LPR_N
[17:08:51] LPR 12 Recv: LPR_N
[17:08:51] LPR18 Recv: LPR_N
[17:08:51] LPR17 Recv: LPR_N
[17:08:51] LPR16 Recv: LPR_N
[17:08:51] LPR 11 Recv: LPR_N
[17:08:56] LPR 12 Recv: LPR_N
[17:08:56] LPR18 Recv: LPR_N
[17:08:56] LPR17 Recv: LPR_N
[17:08:56] LPR16 Recv: LPR_N
[17:08:56] LPR 11 Recv: LPR_N
[17:09:01] LPR 12 Recv: LPR_N
[17:09:01] LPR18 Recv: LPR_N
[17:09:01] LPR17 Recv: LPR_N
[17:09:01] LPR16 Recv: LPR_N
[17:09:01] LPR 11 Recv: LPR_N
[17:09:06] LPR 12 Recv: LPR_N
[17:09:07] LPR18 Recv: LPR_N
[17:09:07] LPR17 Recv: LPR_N
[17:09:07] LPR16 Recv: LPR_N
[17:09:07] LPR 11 Recv: LPR_N
[17:09:11] LPR 12 Recv: LPR_N
[17:09:12] LPR18 Recv: LPR_N
[17:09:12] LPR17 Recv: LPR_N
[17:09:12] LPR16 Recv: LPR_N
[17:09:12] LPR 11 Recv: LPR_N
[17:09:17] LPR 12 Recv: LPR_N
[17:09:17] LPR18 Recv: LPR_N
[17:09:17] LPR17 Recv: LPR_N
[17:09:17] LPR16 Recv: LPR_N
[17:09:17] LPR 11 Recv: LPR_N
[17:09:22] LPR 12 Recv: LPR_N
[17:09:23] LPR18 Recv: LPR_N
[17:09:23] LPR17 Recv: LPR_N
[17:09:23] LPR16 Recv: LPR_N
[17:09:23] LPR 11 Recv: LPR_N
[17:09:27] LPR 12 Recv: LPR_N
[17:09:28] LPR18 Recv: LPR_N
[17:09:28] LPR17 Recv: LPR_N
[17:09:28] LPR16 Recv: LPR_N
[17:09:28] LPR 11 Recv: LPR_N
[17:09:32] LPR 12 Recv: LPR_N
[17:09:33] LPR18 Recv: LPR_N
[17:09:33] LPR17 Recv: LPR_N
[17:09:33] LPR16 Recv: LPR_N
[17:09:33] LPR 11 Recv: LPR_N
[17:09:38] LPR 12 Recv: LPR_N
[17:09:38] LPR18 Recv: LPR_N
[17:09:38] LPR17 Recv: LPR_N
[17:09:38] LPR16 Recv: LPR_N
[17:09:38] LPR 11 Recv: LPR_N
[17:09:43] LPR 12 Recv: LPR_N
[17:09:44] LPR18 Recv: LPR_N
[17:09:44] LPR17 Recv: LPR_N
[17:09:44] LPR16 Recv: LPR_N
[17:09:44] LPR 11 Recv: LPR_N
[17:09:48] LPR 12 Recv: LPR_N
[17:09:49] LPR18 Recv: LPR_N
[17:09:49] LPR17 Recv: LPR_N
[17:09:49] LPR16 Recv: LPR_N
[17:09:49] LPR 11 Recv: LPR_N
[17:09:53] LPR 12 Recv: LPR_N
[17:09:55] LPR18 Recv: LPR_N
[17:09:55] LPR17 Recv: LPR_N
[17:09:55] LPR16 Recv: LPR_N
[17:09:55] LPR 11 Recv: LPR_N
[17:09:58] LPR 12 Recv: LPR_N
[17:10:00] LPR18 Recv: LPR_N
[17:10:00] LPR17 Recv: LPR_N
[17:10:00] LPR16 Recv: LPR_N
[17:10:00] LPR 11 Recv: LPR_N
[17:10:04] LPR 12 Recv: LPR_N
[17:10:05] LPR18 Recv: LPR_N
[17:10:05] LPR17 Recv: LPR_N
[17:10:05] LPR16 Recv: LPR_N
[17:10:05] LPR 11 Recv: LPR_N
[17:10:09] LPR 12 Recv: LPR_N
[17:10:10] LPR18 Recv: LPR_N
[17:10:10] LPR17 Recv: LPR_N
[17:10:10] LPR16 Recv: LPR_N
[17:10:10] LPR 11 Recv: LPR_N
[17:10:15] LPR 12 Recv: LPR_N
[17:10:15] LPR18 Recv: LPR_N
[17:10:15] LPR17 Recv: LPR_N
[17:10:15] LPR16 Recv: LPR_N
[17:10:15] LPR 11 Recv: LPR_N
[17:10:20] LPR 12 Recv: LPR_N
[17:10:21] LPR18 Recv: LPR_N
[17:10:21] LPR17 Recv: LPR_N
[17:10:21] LPR16 Recv: LPR_N
[17:10:21] LPR 11 Recv: LPR_N
[17:10:25] LPR 12 Recv: LPR_N
[17:10:26] LPR18 Recv: LPR_N
[17:10:26] LPR17 Recv: LPR_N
[17:10:26] LPR16 Recv: LPR_N
[17:10:26] LPR 11 Recv: LPR_N
[17:10:30] LPR 12 Recv: LPR_N
[17:10:31] LPR18 Recv: LPR_N
[17:10:31] LPR17 Recv: LPR_N
[17:10:31] LPR16 Recv: LPR_N
[17:10:31] LPR 11 Recv: LPR_N
[17:10:36] LPR 12 Recv: LPR_N
[17:10:36] LPR18 Recv: LPR_N
[17:10:36] LPR17 Recv: LPR_N
[17:10:36] LPR16 Recv: LPR_N
[17:10:36] LPR 11 Recv: LPR_N
[17:10:41] LPR 12 Recv: LPR_N
[17:10:42] LPR18 Recv: LPR_N
[17:10:42] LPR17 Recv: LPR_N
[17:10:42] LPR16 Recv: LPR_N
[17:10:42] LPR 11 Recv: LPR_N
[17:10:46] LPR 12 Recv: LPR_N
[17:10:47] LPR18 Recv: LPR_N
[17:10:47] LPR17 Recv: LPR_N
[17:10:47] LPR16 Recv: LPR_N
[17:10:47] LPR 11 Recv: LPR_N
[17:10:51] LPR 12 Recv: LPR_N
[17:10:52] LPR18 Recv: LPR_N
[17:10:52] LPR17 Recv: LPR_N
[17:10:52] LPR16 Recv: LPR_N
[17:10:52] LPR 11 Recv: LPR_N
[17:10:56] LPR 12 Recv: LPR_N
[17:10:57] LPR18 Recv: LPR_N
[17:10:57] LPR17 Recv: LPR_N
[17:10:57] LPR16 Recv: LPR_N
[17:10:57] LPR 11 Recv: LPR_N
[17:11:02] LPR 12 Recv: LPR_N
[17:11:02] LPR18 Recv: LPR_N
[17:11:02] LPR17 Recv: LPR_N
[17:11:02] LPR16 Recv: LPR_N
[17:11:02] LPR 11 Recv: LPR_N
[17:11:07] LPR 12 Recv: LPR_N
[17:11:08] LPR18 Recv: LPR_N
[17:11:08] LPR17 Recv: LPR_N
[17:11:08] LPR16 Recv: LPR_N
[17:11:08] LPR 11 Recv: LPR_N
[17:11:12] LPR 12 Recv: LPR_N
[17:11:13] LPR18 Recv: LPR_N
[17:11:13] LPR17 Recv: LPR_N
[17:11:13] LPR16 Recv: LPR_N
[17:11:13] LPR 11 Recv: LPR_N
[17:11:17] LPR 12 Recv: LPR_N
[17:11:19] LPR18 Recv: LPR_N
[17:11:19] LPR17 Recv: LPR_N
[17:11:19] LPR16 Recv: LPR_N
[17:11:19] LPR 11 Recv: LPR_N
[17:11:23] LPR 12 Recv: LPR_N
[17:11:24] LPR18 Recv: LPR_N
[17:11:24] LPR17 Recv: LPR_N
[17:11:24] LPR16 Recv: LPR_N
[17:11:24] LPR 11 Recv: LPR_N
[17:11:28] LPR 12 Recv: LPR_N
[17:11:29] LPR18 Recv: LPR_N
[17:11:29] LPR17 Recv: LPR_N
[17:11:29] LPR16 Recv: LPR_N
[17:11:29] LPR 11 Recv: LPR_N
[17:11:33] LPR 12 Recv: LPR_N
[17:11:34] LPR18 Recv: LPR_N
[17:11:34] LPR17 Recv: LPR_N
[17:11:34] LPR16 Recv: LPR_N
[17:11:34] LPR 11 Recv: LPR_N
[17:11:38] LPR 12 Recv: LPR_N
[17:11:40] LPR18 Recv: LPR_N
[17:11:40] LPR17 Recv: LPR_N
[17:11:40] LPR16 Recv: LPR_N
[17:11:40] LPR 11 Recv: LPR_N
[17:11:44] LPR 12 Recv: LPR_N
[17:11:45] LPR18 Recv: LPR_N
[17:11:45] LPR17 Recv: LPR_N
[17:11:45] LPR16 Recv: LPR_N
[17:11:45] LPR 11 Recv: LPR_N
[17:11:49] LPR 12 Recv: LPR_N
[17:11:50] LPR18 Recv: LPR_N
[17:11:50] LPR17 Recv: LPR_N
[17:11:50] LPR16 Recv: LPR_N
[17:11:50] LPR 11 Recv: LPR_N
[17:11:54] LPR 12 Recv: LPR_N
[17:11:55] LPR18 Recv: LPR_N
[17:11:55] LPR17 Recv: LPR_N
[17:11:55] LPR16 Recv: LPR_N
[17:11:55] LPR 11 Recv: LPR_N
[17:11:59] LPR 12 Recv: LPR_N
[17:12:00] LPR18 Recv: LPR_N
[17:12:00] LPR17 Recv: LPR_N
[17:12:00] LPR16 Recv: LPR_N
[17:12:00] LPR 11 Recv: LPR_N
[17:12:05] LPR 12 Recv: LPR_N
[17:12:06] LPR18 Recv: LPR_N
[17:12:06] LPR17 Recv: LPR_N
[17:12:06] LPR16 Recv: LPR_N
[17:12:06] LPR 11 Recv: LPR_N
[17:12:10] LPR 12 Recv: LPR_N
[17:12:11] LPR18 Recv: LPR_N
[17:12:11] LPR17 Recv: LPR_N
[17:12:11] LPR16 Recv: LPR_N
[17:12:11] LPR 11 Recv: LPR_N
[17:12:15] LPR 12 Recv: LPR_N
[17:12:16] LPR18 Recv: LPR_N
[17:12:16] LPR17 Recv: LPR_N
[17:12:16] LPR16 Recv: LPR_N
[17:12:16] LPR 11 Recv: LPR_N
[17:12:21] LPR 12 Recv: LPR_N
[17:12:21] LPR18 Recv: LPR_N
[17:12:21] LPR17 Recv: LPR_N
[17:12:21] LPR16 Recv: LPR_N
[17:12:21] LPR 11 Recv: LPR_N
[17:12:26] LPR 12 Recv: LPR_N
[17:12:27] LPR18 Recv: LPR_N
[17:12:27] LPR17 Recv: LPR_N
[17:12:27] LPR16 Recv: LPR_N
[17:12:27] LPR 11 Recv: LPR_N
[17:12:31] LPR 12 Recv: LPR_N
[17:12:32] LPR18 Recv: LPR_N
[17:12:32] LPR17 Recv: LPR_N
[17:12:32] LPR16 Recv: LPR_N
[17:12:32] LPR 11 Recv: LPR_N
[17:12:36] LPR 12 Recv: LPR_N
[17:12:37] LPR18 Recv: LPR_N
[17:12:37] LPR17 Recv: LPR_N
[17:12:37] LPR16 Recv: LPR_N
[17:12:37] LPR 11 Recv: LPR_N
[17:12:42] LPR 12 Recv: LPR_N
[17:12:42] LPR18 Recv: LPR_N
[17:12:42] LPR17 Recv: LPR_N
[17:12:42] LPR16 Recv: LPR_N
[17:12:42] LPR 11 Recv: LPR_N
[17:12:47] LPR 12 Recv: LPR_N
[17:12:48] LPR18 Recv: LPR_N
[17:12:48] LPR17 Recv: LPR_N
[17:12:48] LPR16 Recv: LPR_N
[17:12:48] LPR 11 Recv: LPR_N
[17:12:52] LPR 12 Recv: LPR_N
[17:12:53] LPR18 Recv: LPR_N
[17:12:53] LPR17 Recv: LPR_N
[17:12:53] LPR16 Recv: LPR_N
[17:12:53] LPR 11 Recv: LPR_N
[17:12:57] LPR 12 Recv: LPR_N
[17:12:58] LPR18 Recv: LPR_N
[17:12:58] LPR17 Recv: LPR_N
[17:12:58] LPR16 Recv: LPR_N
[17:12:58] LPR 11 Recv: LPR_N
[17:13:02] LPR 12 Recv: LPR_N
[17:13:04] LPR18 Recv: LPR_N
[17:13:04] LPR17 Recv: LPR_N
[17:13:04] LPR16 Recv: LPR_N
[17:13:04] LPR 11 Recv: LPR_N
[17:13:08] LPR 12 Recv: LPR_N
[17:13:09] LPR18 Recv: LPR_N
[17:13:09] LPR17 Recv: LPR_N
[17:13:09] LPR16 Recv: LPR_N
[17:13:09] LPR 11 Recv: LPR_N
[17:13:13] LPR 12 Recv: LPR_N
[17:13:14] LPR18 Recv: LPR_N
[17:13:14] LPR17 Recv: LPR_N
[17:13:14] LPR16 Recv: LPR_N
[17:13:14] LPR 11 Recv: LPR_N
[17:13:18] LPR 12 Recv: LPR_N
[17:13:19] LPR18 Recv: LPR_N
[17:13:19] LPR17 Recv: LPR_N
[17:13:19] LPR16 Recv: LPR_N
[17:13:19] LPR 11 Recv: LPR_N
[17:13:23] LPR 12 Recv: LPR_N
[17:13:25] LPR18 Recv: LPR_N
[17:13:25] LPR17 Recv: LPR_N
[17:13:25] LPR16 Recv: LPR_N
[17:13:25] LPR 11 Recv: LPR_N
[17:13:29] LPR 12 Recv: LPR_N
[17:13:30] LPR18 Recv: LPR_N
[17:13:30] LPR17 Recv: LPR_N
[17:13:30] LPR16 Recv: LPR_N
[17:13:30] LPR 11 Recv: LPR_N
[17:13:34] LPR 12 Recv: LPR_N
[17:13:35] LPR18 Recv: LPR_N
[17:13:35] LPR17 Recv: LPR_N
[17:13:35] LPR16 Recv: LPR_N
[17:13:35] LPR 11 Recv: LPR_N
[17:13:39] LPR 12 Recv: LPR_N
[17:13:40] LPR18 Recv: LPR_N
[17:13:40] LPR17 Recv: LPR_N
[17:13:40] LPR16 Recv: LPR_N
[17:13:40] LPR 11 Recv: LPR_N
[17:13:44] LPR 12 Recv: LPR_N
[17:13:46] LPR18 Recv: LPR_N
[17:13:46] LPR17 Recv: LPR_N
[17:13:46] LPR16 Recv: LPR_N
[17:13:46] LPR 11 Recv: LPR_N
[17:13:49] LPR 12 Recv: LPR_N
[17:13:51] LPR18 Recv: LPR_N
[17:13:51] LPR17 Recv: LPR_N
[17:13:51] LPR16 Recv: LPR_N
[17:13:51] LPR 11 Recv: LPR_N
[17:13:55] LPR 12 Recv: LPR_N
[17:13:56] LPR18 Recv: LPR_N
[17:13:56] LPR17 Recv: LPR_N
[17:13:56] LPR16 Recv: LPR_N
[17:13:56] LPR 11 Recv: LPR_N
[17:14:00] LPR 12 Recv: LPR_N
[17:14:01] LPR18 Recv: LPR_N
[17:14:01] LPR17 Recv: LPR_N
[17:14:01] LPR16 Recv: LPR_N
[17:14:01] LPR 11 Recv: LPR_N
[17:14:06] LPR 12 Recv: LPR_N
[17:14:06] LPR18 Recv: LPR_N
[17:14:06] LPR17 Recv: LPR_N
[17:14:06] LPR16 Recv: LPR_N
[17:14:06] LPR 11 Recv: LPR_N
[17:14:11] LPR 12 Recv: LPR_N
[17:14:12] LPR18 Recv: LPR_N
[17:14:12] LPR17 Recv: LPR_N
[17:14:12] LPR16 Recv: LPR_N
[17:14:12] LPR 11 Recv: LPR_N
[17:14:16] LPR 12 Recv: LPR_N
[17:14:17] LPR18 Recv: LPR_N
[17:14:17] LPR17 Recv: LPR_N
[17:14:17] LPR16 Recv: LPR_N
[17:14:17] LPR 11 Recv: LPR_N
[17:14:21] LPR 12 Recv: LPR_N
[17:14:23] LPR18 Recv: LPR_N
[17:14:23] LPR17 Recv: LPR_N
[17:14:23] LPR16 Recv: LPR_N
[17:14:23] LPR 11 Recv: LPR_N
[17:14:27] LPR 12 Recv: LPR_N
[17:14:28] LPR18 Recv: LPR_N
[17:14:28] LPR17 Recv: LPR_N
[17:14:28] LPR16 Recv: LPR_N
[17:14:28] LPR 11 Recv: LPR_N
[17:14:32] LPR 12 Recv: LPR_N
[17:14:33] LPR18 Recv: LPR_N
[17:14:33] LPR17 Recv: LPR_N
[17:14:33] LPR16 Recv: LPR_N
[17:14:33] LPR 11 Recv: LPR_N
[17:14:37] LPR 12 Recv: LPR_N
[17:14:38] LPR18 Recv: LPR_N
[17:14:38] LPR17 Recv: LPR_N
[17:14:38] LPR16 Recv: LPR_N
[17:14:38] LPR 11 Recv: LPR_N
[17:14:42] LPR 12 Recv: LPR_N
[17:14:44] LPR18 Recv: LPR_N
[17:14:44] LPR17 Recv: LPR_N
[17:14:44] LPR16 Recv: LPR_N
[17:14:44] LPR 11 Recv: LPR_N
[17:14:47] LPR 12 Recv: LPR_N
[17:14:49] LPR18 Recv: LPR_N
[17:14:49] LPR17 Recv: LPR_N
[17:14:49] LPR16 Recv: LPR_N
[17:14:49] LPR 11 Recv: LPR_N
[17:14:53] LPR 12 Recv: LPR_N
[17:14:54] LPR18 Recv: LPR_N
[17:14:54] LPR17 Recv: LPR_N
[17:14:54] LPR16 Recv: LPR_N
[17:14:54] LPR 11 Recv: LPR_N
[17:14:58] LPR 12 Recv: LPR_N
[17:14:59] LPR18 Recv: LPR_N
[17:14:59] LPR17 Recv: LPR_N
[17:14:59] LPR16 Recv: LPR_N
[17:14:59] LPR 11 Recv: LPR_N
[17:15:03] LPR 12 Recv: LPR_N
[17:15:04] LPR18 Recv: LPR_N
[17:15:04] LPR17 Recv: LPR_N
[17:15:04] LPR16 Recv: LPR_N
[17:15:04] LPR 11 Recv: LPR_N
[17:15:08] LPR 12 Recv: LPR_N
[17:15:10] LPR18 Recv: LPR_N
[17:15:10] LPR17 Recv: LPR_N
[17:15:10] LPR16 Recv: LPR_N
[17:15:10] LPR 11 Recv: LPR_N
[17:15:14] LPR 12 Recv: LPR_N
[17:15:15] LPR18 Recv: LPR_N
[17:15:15] LPR17 Recv: LPR_N
[17:15:15] LPR16 Recv: LPR_N
[17:15:15] LPR 11 Recv: LPR_N
[17:15:19] LPR 12 Recv: LPR_N
[17:15:20] LPR18 Recv: LPR_N
[17:15:20] LPR17 Recv: LPR_N
[17:15:20] LPR16 Recv: LPR_N
[17:15:20] LPR 11 Recv: LPR_N
[17:15:24] LPR 12 Recv: LPR_N
[17:15:25] LPR18 Recv: LPR_N
[17:15:25] LPR17 Recv: LPR_N
[17:15:25] LPR16 Recv: LPR_N
[17:15:25] LPR 11 Recv: LPR_N
[17:15:29] LPR 12 Recv: LPR_N
[17:15:31] LPR18 Recv: LPR_N
[17:15:31] LPR17 Recv: LPR_N
[17:15:31] LPR16 Recv: LPR_N
[17:15:31] LPR 11 Recv: LPR_N
[17:15:35] LPR 12 Recv: LPR_N
[17:15:36] LPR18 Recv: LPR_N
[17:15:36] LPR17 Recv: LPR_N
[17:15:36] LPR16 Recv: LPR_N
[17:15:36] LPR 11 Recv: LPR_N
[17:15:40] LPR 12 Recv: LPR_N
[17:15:41] LPR18 Recv: LPR_N
[17:15:41] LPR17 Recv: LPR_N
[17:15:41] LPR16 Recv: LPR_N
[17:15:41] LPR 11 Recv: LPR_N
[17:15:45] LPR 12 Recv: LPR_N
[17:15:46] LPR18 Recv: LPR_N
[17:15:46] LPR17 Recv: LPR_N
[17:15:46] LPR16 Recv: LPR_N
[17:15:46] LPR 11 Recv: LPR_N
[17:15:50] LPR 12 Recv: LPR_N
[17:15:52] LPR18 Recv: LPR_N
[17:15:52] LPR17 Recv: LPR_N
[17:15:52] LPR16 Recv: LPR_N
[17:15:52] LPR 11 Recv: LPR_N
[17:15:55] LPR 12 Recv: LPR_N
[17:15:57] LPR18 Recv: LPR_N
[17:15:57] LPR17 Recv: LPR_N
[17:15:57] LPR16 Recv: LPR_N
[17:15:57] LPR 11 Recv: LPR_N
[17:16:01] LPR 12 Recv: LPR_N
[17:16:02] LPR18 Recv: LPR_N
[17:16:02] LPR17 Recv: LPR_N
[17:16:02] LPR16 Recv: LPR_N
[17:16:02] LPR 11 Recv: LPR_N
[17:16:06] LPR 12 Recv: LPR_N
[17:16:08] LPR18 Recv: LPR_N
[17:16:08] LPR17 Recv: LPR_N
[17:16:08] LPR16 Recv: LPR_N
[17:16:08] LPR 11 Recv: LPR_N
[17:16:12] LPR 12 Recv: LPR_N
[17:16:13] LPR18 Recv: LPR_N
[17:16:13] LPR17 Recv: LPR_N
[17:16:13] LPR16 Recv: LPR_N
[17:16:13] LPR 11 Recv: LPR_N
[17:16:17] LPR 12 Recv: LPR_N
[17:16:18] LPR18 Recv: LPR_N
[17:16:18] LPR17 Recv: LPR_N
[17:16:18] LPR16 Recv: LPR_N
[17:16:18] LPR 11 Recv: LPR_N
[17:16:22] LPR 12 Recv: LPR_N
[17:16:23] LPR18 Recv: LPR_N
[17:16:23] LPR17 Recv: LPR_N
[17:16:23] LPR16 Recv: LPR_N
[17:16:23] LPR 11 Recv: LPR_N
[17:16:27] LPR 12 Recv: LPR_N
[17:16:29] LPR18 Recv: LPR_N
[17:16:29] LPR17 Recv: LPR_N
[17:16:29] LPR16 Recv: LPR_N
[17:16:29] LPR 11 Recv: LPR_N
[17:16:33] LPR 12 Recv: LPR_N
[17:16:34] LPR18 Recv: LPR_N
[17:16:34] LPR17 Recv: LPR_N
[17:16:34] LPR16 Recv: LPR_N
[17:16:34] LPR 11 Recv: LPR_N
[17:16:38] LPR 12 Recv: LPR_N
[17:16:39] LPR18 Recv: LPR_N
[17:16:39] LPR17 Recv: LPR_N
[17:16:39] LPR16 Recv: LPR_N
[17:16:39] LPR 11 Recv: LPR_N
[17:16:43] LPR 12 Recv: LPR_N
[17:16:44] LPR18 Recv: LPR_N
[17:16:44] LPR17 Recv: LPR_N
[17:16:44] LPR16 Recv: LPR_N
[17:16:44] LPR 11 Recv: LPR_N
[17:16:48] LPR 12 Recv: LPR_N
[17:16:49] LPR18 Recv: LPR_N
[17:16:49] LPR17 Recv: LPR_N
[17:16:49] LPR16 Recv: LPR_N
[17:16:49] LPR 11 Recv: LPR_N
[17:16:53] LPR 12 Recv: LPR_N
[17:16:55] LPR18 Recv: LPR_N
[17:16:55] LPR17 Recv: LPR_N
[17:16:55] LPR16 Recv: LPR_N
[17:16:55] LPR 11 Recv: LPR_N
[17:16:59] LPR 12 Recv: LPR_N
[17:17:00] LPR18 Recv: LPR_N
[17:17:00] LPR17 Recv: LPR_N
[17:17:00] LPR16 Recv: LPR_N
[17:17:00] LPR 11 Recv: LPR_N
[17:17:04] LPR 12 Recv: LPR_N
[17:17:05] LPR18 Recv: LPR_N
[17:17:05] LPR17 Recv: LPR_N
[17:17:05] LPR16 Recv: LPR_N
[17:17:05] LPR 11 Recv: LPR_N
[17:17:09] LPR 12 Recv: LPR_N
[17:17:10] LPR18 Recv: LPR_N
[17:17:10] LPR17 Recv: LPR_N
[17:17:10] LPR16 Recv: LPR_N
[17:17:10] LPR 11 Recv: LPR_N
[17:17:14] LPR 12 Recv: LPR_N
[17:17:16] LPR18 Recv: LPR_N
[17:17:16] LPR17 Recv: LPR_N
[17:17:16] LPR16 Recv: LPR_N
[17:17:16] LPR 11 Recv: LPR_N
[17:17:20] LPR 12 Recv: LPR_N
[17:17:21] LPR18 Recv: LPR_N
[17:17:21] LPR17 Recv: LPR_N
[17:17:21] LPR16 Recv: LPR_N
[17:17:21] LPR 11 Recv: LPR_N
[17:17:25] LPR 12 Recv: LPR_N
[17:17:27] LPR18 Recv: LPR_N
[17:17:27] LPR17 Recv: LPR_N
[17:17:27] LPR16 Recv: LPR_N
[17:17:27] LPR 11 Recv: LPR_N
[17:17:30] LPR 12 Recv: LPR_N
[17:17:32] LPR18 Recv: LPR_N
[17:17:32] LPR17 Recv: LPR_N
[17:17:32] LPR16 Recv: LPR_N
[17:17:32] LPR 11 Recv: LPR_N
[17:17:35] LPR 12 Recv: LPR_N
[17:17:37] LPR18 Recv: LPR_N
[17:17:37] LPR17 Recv: LPR_N
[17:17:37] LPR16 Recv: LPR_N
[17:17:37] LPR 11 Recv: LPR_N
[17:17:40] LPR 12 Recv: LPR_N
[17:17:42] LPR18 Recv: LPR_N
[17:17:42] LPR17 Recv: LPR_N
[17:17:42] LPR16 Recv: LPR_N
[17:17:42] LPR 11 Recv: LPR_N
[17:17:46] LPR 12 Recv: LPR_N
[17:17:47] LPR18 Recv: LPR_N
[17:17:47] LPR17 Recv: LPR_N
[17:17:47] LPR16 Recv: LPR_N
[17:17:47] LPR 11 Recv: LPR_N
[17:17:51] LPR 12 Recv: LPR_N
[17:17:53] LPR18 Recv: LPR_N
[17:17:53] LPR17 Recv: LPR_N
[17:17:53] LPR16 Recv: LPR_N
[17:17:53] LPR 11 Recv: LPR_N
[17:17:56] LPR 12 Recv: LPR_N
[17:17:58] LPR18 Recv: LPR_N
[17:17:58] LPR17 Recv: LPR_N
[17:17:58] LPR16 Recv: LPR_N
[17:17:58] LPR 11 Recv: LPR_N
[17:18:01] LPR 12 Recv: LPR_N
[17:18:03] LPR18 Recv: LPR_N
[17:18:03] LPR17 Recv: LPR_N
[17:18:03] LPR16 Recv: LPR_N
[17:18:03] LPR 11 Recv: LPR_N
[17:18:07] LPR 12 Recv: LPR_N
[17:18:08] LPR18 Recv: LPR_N
[17:18:08] LPR17 Recv: LPR_N
[17:18:08] LPR16 Recv: LPR_N
[17:18:08] LPR 11 Recv: LPR_N
[17:18:12] LPR 12 Recv: LPR_N
[17:18:14] LPR18 Recv: LPR_N
[17:18:14] LPR17 Recv: LPR_N
[17:18:14] LPR16 Recv: LPR_N
[17:18:14] LPR 11 Recv: LPR_N
[17:18:18] LPR 12 Recv: LPR_N
[17:18:19] LPR18 Recv: LPR_N
[17:18:19] LPR17 Recv: LPR_N
[17:18:19] LPR16 Recv: LPR_N
[17:18:19] LPR 11 Recv: LPR_N
[17:18:23] LPR 12 Recv: LPR_N
[17:18:24] LPR18 Recv: LPR_N
[17:18:24] LPR17 Recv: LPR_N
[17:18:24] LPR16 Recv: LPR_N
[17:18:24] LPR 11 Recv: LPR_N
[17:18:28] LPR 12 Recv: LPR_N
[17:18:29] LPR18 Recv: LPR_N
[17:18:29] LPR17 Recv: LPR_N
[17:18:29] LPR16 Recv: LPR_N
[17:18:29] LPR 11 Recv: LPR_N
[17:18:33] LPR 12 Recv: LPR_N
[17:18:35] LPR18 Recv: LPR_N
[17:18:35] LPR17 Recv: LPR_N
[17:18:35] LPR16 Recv: LPR_N
[17:18:35] LPR 11 Recv: LPR_N
[17:18:38] LPR 12 Recv: LPR_N
[17:18:40] LPR18 Recv: LPR_N
[17:18:40] LPR17 Recv: LPR_N
[17:18:40] LPR16 Recv: LPR_N
[17:18:40] LPR 11 Recv: LPR_N
[17:18:44] LPR 12 Recv: LPR_N
[17:18:45] LPR18 Recv: LPR_N
[17:18:45] LPR17 Recv: LPR_N
[17:18:45] LPR16 Recv: LPR_N
[17:18:45] LPR 11 Recv: LPR_N
[17:18:49] LPR 12 Recv: LPR_N
[17:18:50] LPR18 Recv: LPR_N
[17:18:50] LPR17 Recv: LPR_N
[17:18:50] LPR16 Recv: LPR_N
[17:18:50] LPR 11 Recv: LPR_N
[17:18:54] LPR 12 Recv: LPR_N
[17:18:56] LPR18 Recv: LPR_N
[17:18:56] LPR17 Recv: LPR_N
[17:18:56] LPR16 Recv: LPR_N
[17:18:56] LPR 11 Recv: LPR_N
[17:18:59] LPR 12 Recv: LPR_N
[17:19:01] LPR18 Recv: LPR_N
[17:19:01] LPR17 Recv: LPR_N
[17:19:01] LPR16 Recv: LPR_N
[17:19:01] LPR 11 Recv: LPR_N
[17:19:05] LPR 12 Recv: LPR_N
[17:19:06] LPR18 Recv: LPR_N
[17:19:06] LPR17 Recv: LPR_N
[17:19:06] LPR16 Recv: LPR_N
[17:19:06] LPR 11 Recv: LPR_N
[17:19:10] LPR 12 Recv: LPR_N
[17:19:12] LPR18 Recv: LPR_N
[17:19:12] LPR17 Recv: LPR_N
[17:19:12] LPR16 Recv: LPR_N
[17:19:12] LPR 11 Recv: LPR_N
[17:19:15] LPR 12 Recv: LPR_N
[17:19:17] LPR18 Recv: LPR_N
[17:19:17] LPR17 Recv: LPR_N
[17:19:17] LPR16 Recv: LPR_N
[17:19:17] LPR 11 Recv: LPR_N
[17:19:20] LPR 12 Recv: LPR_N
[17:19:22] LPR18 Recv: LPR_N
[17:19:22] LPR17 Recv: LPR_N
[17:19:22] LPR16 Recv: LPR_N
[17:19:22] LPR 11 Recv: LPR_N
[17:19:26] LPR 12 Recv: LPR_N
[17:19:27] LPR18 Recv: LPR_N
[17:19:27] LPR17 Recv: LPR_N
[17:19:27] LPR16 Recv: LPR_N
[17:19:27] LPR 11 Recv: LPR_N
[17:19:31] LPR 12 Recv: LPR_N
[17:19:33] LPR18 Recv: LPR_N
[17:19:33] LPR17 Recv: LPR_N
[17:19:33] LPR16 Recv: LPR_N
[17:19:33] LPR 11 Recv: LPR_N
[17:19:36] LPR 12 Recv: LPR_N
[17:19:38] LPR18 Recv: LPR_N
[17:19:38] LPR17 Recv: LPR_N
[17:19:38] LPR16 Recv: LPR_N
[17:19:38] LPR 11 Recv: LPR_N
[17:19:41] LPR 12 Recv: LPR_N
[17:19:43] LPR18 Recv: LPR_N
[17:19:43] LPR17 Recv: LPR_N
[17:19:43] LPR16 Recv: LPR_N
[17:19:43] LPR 11 Recv: LPR_N
[17:19:46] LPR 12 Recv: LPR_N
[17:19:48] LPR18 Recv: LPR_N
[17:19:48] LPR17 Recv: LPR_N
[17:19:48] LPR16 Recv: LPR_N
[17:19:48] LPR 11 Recv: LPR_N
[17:19:52] LPR 12 Recv: LPR_N
[17:19:53] LPR18 Recv: LPR_N
[17:19:53] LPR17 Recv: LPR_N
[17:19:53] LPR16 Recv: LPR_N
[17:19:53] LPR 11 Recv: LPR_N
[17:19:57] LPR 12 Recv: LPR_N
[17:19:59] LPR18 Recv: LPR_N
[17:19:59] LPR17 Recv: LPR_N
[17:19:59] LPR16 Recv: LPR_N
[17:19:59] LPR 11 Recv: LPR_N
[17:20:02] LPR 12 Recv: LPR_N
[17:20:04] LPR18 Recv: LPR_N
[17:20:04] LPR17 Recv: LPR_N
[17:20:04] LPR16 Recv: LPR_N
[17:20:04] LPR 11 Recv: LPR_N
[17:20:08] LPR 12 Recv: LPR_N
[17:20:09] LPR18 Recv: LPR_N
[17:20:09] LPR17 Recv: LPR_N
[17:20:09] LPR16 Recv: LPR_N
[17:20:09] LPR 11 Recv: LPR_N
[17:20:13] LPR 12 Recv: LPR_N
[17:20:14] LPR18 Recv: LPR_N
[17:20:14] LPR17 Recv: LPR_N
[17:20:14] LPR16 Recv: LPR_N
[17:20:14] LPR 11 Recv: LPR_N
[17:20:18] LPR 12 Recv: LPR_N
[17:20:20] LPR18 Recv: LPR_N
[17:20:20] LPR17 Recv: LPR_N
[17:20:20] LPR16 Recv: LPR_N
[17:20:20] LPR 11 Recv: LPR_N
[17:20:24] LPR 12 Recv: LPR_N
[17:20:25] LPR18 Recv: LPR_N
[17:20:25] LPR17 Recv: LPR_N
[17:20:25] LPR16 Recv: LPR_N
[17:20:25] LPR 11 Recv: LPR_N
[17:20:29] LPR 12 Recv: LPR_N
[17:20:31] LPR18 Recv: LPR_N
[17:20:31] LPR17 Recv: LPR_N
[17:20:31] LPR16 Recv: LPR_N
[17:20:31] LPR 11 Recv: LPR_N
[17:20:34] LPR 12 Recv: LPR_N
[17:20:36] LPR18 Recv: LPR_N
[17:20:36] LPR17 Recv: LPR_N
[17:20:36] LPR16 Recv: LPR_N
[17:20:36] LPR 11 Recv: LPR_N
[17:20:39] LPR 12 Recv: LPR_N
[17:20:41] LPR18 Recv: LPR_N
[17:20:41] LPR17 Recv: LPR_N
[17:20:41] LPR16 Recv: LPR_N
[17:20:41] LPR 11 Recv: LPR_N
[17:20:44] LPR 12 Recv: LPR_N
[17:20:46] LPR18 Recv: LPR_N
[17:20:46] LPR17 Recv: LPR_N
[17:20:46] LPR16 Recv: LPR_N
[17:20:46] LPR 11 Recv: LPR_N
[17:20:49] Program Close
[17:21:04] Program Start!
[17:21:10] 근무시작: 배은화
[17:21:12] 영수증프린터 포트오픈 에러: ie_BadId - Specified comport doesn't exist
[17:21:12] Ping 시간 체크1-118863953
[17:21:12] Ping 시간 체크2-118863953
[17:21:12] Ping 시간 체크1-118863968
[17:21:12] Ping 시간 체크2-118863984
[17:21:12] Ping 시간 체크1-118864000
[17:21:12] Ping 시간 체크2-118864015
[17:21:12] Ping 시간 체크1-118864031
[17:21:12] Ping 시간 체크2-118864031
[17:21:12] Ping 시간 체크1-118864046
[17:21:12] Ping 시간 체크2-118864046
[17:21:12] Ping 시간 체크1-118864046
[17:21:12] Ping 시간 체크2-118864062
[17:21:12] Ping 시간 체크1-118864062
[17:21:12] Ping 시간 체크2-118864062
[17:21:12] 주차권  101
[17:21:12] 경차  102
[17:21:12] 장애인  103
[17:21:12] 전액무료  104
[17:21:17] LPR17 Recv: 172.16.83.1
[17:21:17] LPR 12 Recv: 172.16.83.1
[17:21:17] LPR18 Recv: 172.16.83.1
[17:21:18] LPR17 Recv: LPR_N
[17:21:18] LPR18 Recv: LPR_N
[17:21:18] LPR 12 Recv: LPR_N
[17:21:18] LPR 11 Recv: 172.16.83.1
[17:21:19] LPR17 Recv: LPR_N
[17:21:19] LPR 11 Recv: LPR_N
[17:21:19] LPR18 Recv: LPR_N
[17:21:19] LPR16 Recv: 172.16.83.1
[17:21:20] LPR17 Recv: LPR_N
[17:21:20] LPR16 Recv: LPR_N
[17:21:20] LPR 11 Recv: LPR_N
[17:21:20] LPR18 Recv: LPR_N
[17:21:20] LPR16 Recv: CH1#서울2르1341#O#\2014\10\01\CH1_20141001172119_서울2르1341.jpg
[17:21:20] LPR Check: 서울2르1341,http://172.16.66.33:9080/MSImage/2014/10/01/CH1_20141001172119_서울2르1341.jpg,1,,,0, 2014-10-01 17:21:19
[17:21:20] File: \\172.16.66.33\MSImage\2014\10\01\CH1_20141001172119_서울2르1341.jpg
[17:21:20] 일반차량: 서울2르1341, 
[17:21:20] Ping 시간 체크1-118872109
[17:21:20] Ping 시간 체크2-118872109
[17:21:20] 입구차단기 Open
[17:21:20] 일반차량입차: 서울2르1341, 
[17:21:20] LPR17 Recv: CH1#서울2르1341#O#\2014\10\01\CH1_20141001172119_서울2르1341.jpg
[17:21:20] LPR Check: 서울2르1341,http://172.16.66.33:9080/MSImage/2014/10/01/CH1_20141001172119_서울2르1341.jpg,1,,,0, 2014-10-01 17:21:19
[17:21:20] File: \\172.16.66.33\MSImage\2014\10\01\CH1_20141001172119_서울2르1341.jpg
[17:21:20] 일반차량: 서울2르1341, 
[17:21:20] Ping 시간 체크1-118872125
[17:21:20] Ping 시간 체크2-118872125
[17:21:20] 입구차단기 Open
[17:21:20] 일반차량입차: 서울2르1341, 
[17:21:20] LPR 11 Recv: CH1#서울2르1341#O#\2014\10\01\CH1_20141001172119_서울2르1341.jpg
[17:21:20] LPR Check: 서울2르1341, http://172.16.66.33:9080/MSImage/2014/10/01/CH1_20141001172119_서울2르1341.jpg, 1,,,0, 2014-10-01 17:21:19
[17:21:20] File: \\172.16.66.33\MSImage\2014\10\01\CH1_20141001172119_서울2르1341.jpg
[17:21:20] 일반차량: 서울2르1341, 
[17:21:20] Ping 시간 체크1-118872156
[17:21:20] Ping 시간 체크2-118872156
[17:21:20] Ping 시간 체크1-118872156
[17:21:20] Ping 시간 체크2-118872156
[17:21:20] 입구차단기 Open
[17:21:20] 일반차량입차: 서울2르1341, 
[17:21:20] LPR18 Recv: CH1#서울2르1341#O#\2014\10\01\CH1_20141001172119_서울2르1341.jpg
[17:21:20] LPR Check: 서울2르1341,http://172.16.66.33:9080/MSImage/2014/10/01/CH1_20141001172119_서울2르1341.jpg,1,,,0, 2014-10-01 17:21:19
[17:21:20] File: \\172.16.66.33\MSImage\2014\10\01\CH1_20141001172119_서울2르1341.jpg
[17:21:20] 일반차량: 서울2르1341, 
[17:21:20] Ping 시간 체크1-118872171
[17:21:20] Ping 시간 체크2-118872187
[17:21:20] 입구차단기 Open
[17:21:20] 일반차량입차: 서울2르1341, 
[17:21:21] LPR16 Recv: LPR_N
[17:21:21] LPR17 Recv: LPR_N
[17:21:21] LPR 11 Recv: LPR_N
[17:21:21] LPR18 Recv: LPR_N
[17:21:21] LPR 12 Recv: LPR_N
[17:21:23] LPR17 Recv: LPR_N
[17:21:23] LPR16 Recv: LPR_N
[17:21:23] LPR 11 Recv: LPR_N
[17:21:23] LPR18 Recv: LPR_N
[17:21:26] LPR 12 Recv: LPR_N
[17:21:28] LPR16 Recv: LPR_N
[17:21:28] LPR17 Recv: LPR_N
[17:21:28] LPR 11 Recv: LPR_N
[17:21:28] LPR18 Recv: LPR_N
[17:21:31] LPR 12 Recv: LPR_N
[17:21:33] LPR16 Recv: LPR_N
[17:21:33] LPR17 Recv: LPR_N
[17:21:33] LPR18 Recv: LPR_N
[17:21:33] LPR 11 Recv: LPR_N
[17:21:37] LPR 12 Recv: LPR_N
[17:21:38] LPR17 Recv: LPR_N
[17:21:38] LPR16 Recv: LPR_N
[17:21:38] LPR 11 Recv: LPR_N
[17:21:38] LPR18 Recv: LPR_N
[17:21:42] LPR 12 Recv: LPR_N
[17:21:44] LPR16 Recv: LPR_N
[17:21:44] LPR17 Recv: LPR_N
[17:21:44] LPR18 Recv: LPR_N
[17:21:44] LPR 11 Recv: LPR_N
[17:21:47] LPR 12 Recv: LPR_N
[17:21:48] LPR 12 Recv: CH1#서울2르1341#O#\2014\10\01\CH1_20141001172025_서울2르1341.jpg
[17:21:48] LPR Check: 서울2르1341,http://172.16.66.34:9080/MSImage/2014/10/01/CH1_20141001172025_서울2르1341.jpg,1,,,0, 2014-10-01 17:20:25
[17:21:48] File: \\172.16.66.34\MSImage\2014\10\01\CH1_20141001172025_서울2르1341.jpg
[17:21:48] 일반차량: 서울2르1341, 
[17:23:52] In Image File: \\172.16.66.33\MSImage\2014\10\01\CH1_20141001172119_서울2르1341.jpg
[17:23:53] Ping 시간 체크1-119025453
[17:23:53] Ping 시간 체크2-119025484
[17:24:01] Out Image File: \\172.16.66.34\MSImage\2014\10\01\CH1_20141001172025_서울2르1341.jpg
[17:24:02] Ping 시간 체크1-119034125
[17:24:02] Ping 시간 체크2-119034125
