[09:07:33] LPR 12 Recv: CH1#31로6811#N#\2014\10\24\CH1_20141024090703_31로6811.jpg
[09:07:33] LPR Check: 31로6811,http://172.16.66.34:9080/MSImage/2014/10/24/CH1_20141024090703_31로6811.jpg,1,,,0, 2014-10-24 09:07:03
[09:07:33] File: \\172.16.66.34\MSImage\2014\10\24\CH1_20141024090703_31로6811.jpg
[09:07:33] 일반차량: 31로6811, 
[09:07:33] In Image File: \\172.16.66.33\MSImage\2014\10\21\CH1_20141021090433_31로6811.jpg
[09:07:33] Ping 시간 체크1-51714859
[09:07:33] Ping 시간 체크2-51714859
[09:07:33] Out Image File: \\172.16.66.34\MSImage\2014\10\24\CH1_20141024090703_31로6811.jpg
[09:07:33] Ping 시간 체크1-51715093
[09:07:33] Ping 시간 체크2-51715109
[09:07:34] Ping 시간 체크1-51715531
[09:07:34] Ping 시간 체크2-51715531
[09:07:34] 일반차량출차: 31로6811, 
[09:07:35] LPR 12 Recv: LPR_N
[09:07:41] LPR 12 Recv: LPR_N
[09:07:46] LPR 12 Recv: LPR_N
[09:07:51] LPR 12 Recv: LPR_N
[09:07:56] LPR 12 Recv: LPR_N
[09:08:01] LPR 12 Recv: LPR_N
[09:08:06] Ping 시간 체크1-51748406
[09:08:06] Ping 시간 체크2-51748406
[09:08:06] 11번 LPR OK 전송
[09:08:07] LPR 12 Recv: LPR_N
[09:08:12] LPR 12 Recv: LPR_N
[09:08:18] LPR 12 Recv: LPR_N
[09:08:23] LPR 12 Recv: LPR_N
[09:08:28] LPR 12 Recv: LPR_N
[09:08:33] LPR 12 Recv: LPR_N
[09:08:39] LPR 12 Recv: LPR_N
[09:08:44] LPR 12 Recv: LPR_N
[09:08:49] LPR 12 Recv: LPR_N
[09:08:54] LPR 12 Recv: LPR_N
[09:08:59] LPR 12 Recv: LPR_N
[09:09:05] LPR 12 Recv: LPR_N
[09:09:06] Ping 시간 체크1-51808406
[09:09:06] Ping 시간 체크2-51808421
[09:09:06] 11번 LPR OK 전송
[09:09:10] LPR 12 Recv: LPR_N
[09:09:15] LPR 12 Recv: LPR_N
[09:09:20] LPR 12 Recv: LPR_N
[09:09:26] LPR 12 Recv: LPR_N
[09:09:31] LPR 12 Recv: LPR_N
[09:09:36] LPR 12 Recv: LPR_N
[09:09:41] LPR 12 Recv: LPR_N
[09:09:47] LPR 12 Recv: LPR_N
[09:09:52] LPR 12 Recv: LPR_N
[09:09:57] LPR 12 Recv: LPR_N
[09:10:02] LPR 12 Recv: LPR_N
[09:10:06] Ping 시간 체크1-51868406
[09:10:06] Ping 시간 체크2-51868406
[09:10:06] 11번 LPR OK 전송
[09:10:07] LPR 12 Recv: LPR_N
[09:10:13] LPR 12 Recv: LPR_N
[09:10:18] LPR 12 Recv: LPR_N
[09:10:24] LPR 12 Recv: LPR_N
[09:10:29] LPR 12 Recv: LPR_N
[09:10:34] LPR 12 Recv: LPR_N
[09:10:39] LPR 12 Recv: LPR_N
[09:10:45] LPR 12 Recv: LPR_N
[09:10:50] LPR 12 Recv: LPR_N
[09:10:55] LPR 12 Recv: LPR_N
[09:11:00] LPR 12 Recv: LPR_N
[09:11:05] LPR 12 Recv: LPR_N
[09:11:06] Ping 시간 체크1-51928406
[09:11:06] Ping 시간 체크2-51928406
[09:11:06] 11번 LPR OK 전송
[09:11:11] LPR 12 Recv: LPR_N
[09:11:16] LPR 12 Recv: LPR_N
[09:11:21] LPR 12 Recv: LPR_N
[09:11:26] LPR 12 Recv: LPR_N
[09:11:29] Ping 시간 체크1-51951062
[09:11:29] Ping 시간 체크2-51951062
[09:11:31] Ping 시간 체크1-51952671
[09:11:31] Ping 시간 체크2-51952671
[09:11:31] 출구차단기 Open
[09:11:31] Ping 시간 체크1-51952671
[09:11:31] Ping 시간 체크2-51952687
[09:11:32] LPR 12 Recv: LPR_N
[09:11:37] LPR 12 Recv: LPR_N
[09:11:42] LPR 12 Recv: LPR_N
[09:11:47] LPR 12 Recv: LPR_N
[09:11:52] LPR 12 Recv: LPR_N
[09:11:58] LPR 12 Recv: LPR_N
[09:12:03] LPR 12 Recv: LPR_N
[09:12:06] Ping 시간 체크1-51988406
[09:12:06] Ping 시간 체크2-51988421
[09:12:06] 11번 LPR OK 전송
[09:12:08] LPR 12 Recv: LPR_N
[09:12:14] LPR 12 Recv: LPR_N
[09:12:19] LPR 12 Recv: LPR_N
[09:12:24] LPR 12 Recv: LPR_N
[09:12:30] LPR 12 Recv: LPR_N
[09:12:35] LPR 12 Recv: LPR_N
[09:12:40] LPR 12 Recv: LPR_N
[09:12:45] LPR 12 Recv: LPR_N
[09:12:50] LPR 12 Recv: LPR_N
[09:12:56] LPR 12 Recv: LPR_N
[09:13:01] LPR 12 Recv: LPR_N
[09:13:06] LPR 12 Recv: LPR_N
[09:13:06] Ping 시간 체크1-52048406
[09:13:06] Ping 시간 체크2-52048406
[09:13:06] 11번 LPR OK 전송
[09:13:11] LPR 12 Recv: LPR_N
[09:13:17] LPR 12 Recv: LPR_N
[09:13:22] LPR 12 Recv: LPR_N
[09:13:28] LPR 12 Recv: LPR_N
[09:13:33] LPR 12 Recv: LPR_N
[09:13:38] LPR 12 Recv: LPR_N
[09:13:43] LPR 12 Recv: LPR_N
[09:13:48] LPR 12 Recv: LPR_N
[09:13:54] LPR 12 Recv: LPR_N
[09:13:59] LPR 12 Recv: LPR_N
[09:14:04] LPR 12 Recv: LPR_N
[09:14:06] Ping 시간 체크1-52108406
[09:14:06] Ping 시간 체크2-52108406
[09:14:06] 11번 LPR OK 전송
[09:14:09] LPR 12 Recv: LPR_N
[09:14:15] LPR 12 Recv: LPR_N
[09:14:20] LPR 12 Recv: LPR_N
[09:14:25] LPR 12 Recv: LPR_N
[09:14:30] LPR 12 Recv: LPR_N
[09:14:36] LPR 12 Recv: LPR_N
[09:14:41] LPR 12 Recv: LPR_N
[09:14:46] LPR 12 Recv: LPR_N
[09:14:51] LPR 12 Recv: LPR_N
[09:14:56] LPR 12 Recv: LPR_N
[09:15:02] LPR 12 Recv: LPR_N
[09:15:06] Ping 시간 체크1-52168406
[09:15:06] Ping 시간 체크2-52168406
[09:15:06] 11번 LPR OK 전송
[09:15:07] LPR 12 Recv: LPR_N
[09:15:12] LPR 12 Recv: LPR_N
[09:15:17] LPR 12 Recv: LPR_N
[09:15:23] LPR 12 Recv: LPR_N
[09:15:28] LPR 12 Recv: LPR_N
[09:15:34] LPR 12 Recv: LPR_N
[09:15:39] LPR 12 Recv: LPR_N
[09:15:44] LPR 12 Recv: LPR_N
[09:15:49] LPR 12 Recv: LPR_N
[09:15:54] LPR 12 Recv: LPR_N
[09:16:00] LPR 12 Recv: LPR_N
[09:16:05] LPR 12 Recv: LPR_N
[09:16:06] Ping 시간 체크1-52228406
[09:16:06] Ping 시간 체크2-52228406
[09:16:06] 11번 LPR OK 전송
[09:16:10] LPR 12 Recv: LPR_N
[09:16:15] LPR 12 Recv: LPR_N
[09:16:21] LPR 12 Recv: LPR_N
[09:16:26] LPR 12 Recv: LPR_N
[09:16:31] LPR 12 Recv: LPR_N
[09:16:36] LPR 12 Recv: LPR_N
[09:16:41] LPR 12 Recv: LPR_N
[09:16:47] LPR 12 Recv: LPR_N
[09:16:52] LPR 12 Recv: LPR_N
[09:16:57] LPR 12 Recv: LPR_N
[09:17:02] LPR 12 Recv: LPR_N
[09:17:06] Ping 시간 체크1-52288406
[09:17:06] Ping 시간 체크2-52288406
[09:17:06] 11번 LPR OK 전송
[09:17:08] LPR 12 Recv: LPR_N
[09:17:13] LPR 12 Recv: LPR_N
[09:17:18] LPR 12 Recv: LPR_N
[09:17:24] LPR 12 Recv: LPR_N
[09:17:29] LPR 12 Recv: LPR_N
[09:17:34] LPR 12 Recv: LPR_N
[09:17:39] LPR 12 Recv: LPR_N
[09:17:45] LPR 12 Recv: LPR_N
[09:17:50] LPR 12 Recv: LPR_N
[09:17:55] LPR 12 Recv: LPR_N
[09:18:00] LPR 12 Recv: LPR_N
[09:18:06] LPR 12 Recv: LPR_N
[09:18:06] Ping 시간 체크1-52348406
[09:18:06] Ping 시간 체크2-52348406
[09:18:06] 11번 LPR OK 전송
[09:18:11] LPR 12 Recv: LPR_N
[09:18:16] LPR 12 Recv: LPR_N
[09:18:21] LPR 12 Recv: LPR_N
[09:18:27] LPR 12 Recv: LPR_N
[09:18:32] LPR 12 Recv: LPR_N
[09:18:37] LPR 12 Recv: LPR_N
[09:18:42] LPR 12 Recv: LPR_N
[09:18:47] LPR 12 Recv: LPR_N
[09:18:53] LPR 12 Recv: LPR_N
[09:18:58] LPR 12 Recv: LPR_N
[09:19:03] LPR 12 Recv: LPR_N
[09:19:06] Ping 시간 체크1-52408406
[09:19:06] Ping 시간 체크2-52408406
[09:19:06] 11번 LPR OK 전송
[09:19:08] LPR 12 Recv: LPR_N
[09:19:14] LPR 12 Recv: LPR_N
[09:19:19] LPR 12 Recv: LPR_N
[09:19:25] LPR 12 Recv: LPR_N
[09:19:30] LPR 12 Recv: LPR_N
[09:19:35] LPR 12 Recv: LPR_N
[09:19:40] LPR 12 Recv: LPR_N
[09:19:45] LPR 12 Recv: LPR_N
[09:19:51] LPR 12 Recv: LPR_N
[09:19:56] LPR 12 Recv: LPR_N
[09:20:01] LPR 12 Recv: LPR_N
[09:20:06] LPR 12 Recv: LPR_N
[09:20:06] Ping 시간 체크1-52468406
[09:20:06] Ping 시간 체크2-52468406
[09:20:06] 11번 LPR OK 전송
[09:20:12] LPR 12 Recv: LPR_N
[09:20:17] LPR 12 Recv: LPR_N
[09:20:19] Program Close
[09:20:27] Program Start!
[09:20:32] 근무시작: 배은화
[09:20:34] 영수증프린터 포트오픈 에러: ie_BadId - Specified comport doesn't exist
[09:20:34] Ping 시간 체크1-52495890
[09:20:34] Ping 시간 체크2-52495906
[09:20:34] Ping 시간 체크1-52495968
[09:20:34] Ping 시간 체크2-52495984
[09:20:34] Ping 시간 체크1-52495984
[09:20:34] Ping 시간 체크2-52496000
[09:20:34] Ping 시간 체크1-52496000
[09:20:34] Ping 시간 체크2-52496000
[09:20:34] LPR 12 Recv: 172.16.83.1
[09:20:34] LPR 11 Recv: 172.16.83.1
[09:20:35] LPR 11 Recv: LPR_R
[09:20:35] 시간동기화 전송
[09:20:36] 주차권  101
[09:20:36] 경차  102
[09:20:36] 장애인  103
[09:20:36] 전액무료  104
[09:20:38] LPR 12 Recv: LPR_NLPR_N
[09:20:43] LPR 12 Recv: LPR_N
[09:20:48] LPR 12 Recv: LPR_N
[09:20:53] LPR 12 Recv: LPR_N
