[14:24:24] Program Start!
[14:24:33] 근무시작: 배은화
[14:24:34] 영수증프린터 포트오픈 에러: ie_BadId - Specified comport doesn't exist
[14:24:34] Ping 시간 체크1-87181781
[14:24:34] Ping 시간 체크2-87181796
[14:24:34] Ping 시간 체크1-87181843
[14:24:34] Ping 시간 체크2-87181875
[14:24:34] Ping 시간 체크1-87181875
[14:24:34] Ping 시간 체크2-87181890
[14:24:34] Ping 시간 체크1-87181890
[14:24:34] Ping 시간 체크2-87181906
[14:24:34] 주차권  101
[14:24:34] 경차  102
[14:24:34] 장애인  103
[14:24:34] 전액무료  104
[14:24:36] TfrmMainNew.FormShow: Could not bind socket. Address and port are already in use.
[14:24:38] LPR 11 Recv: 172.16.83.1LPR_N
[14:24:38] LPR Check: , http://172.16.66.33:9080/MSImage172.16.83.1LPR_N, 3,,,0, N   -  -     :  :  
[14:24:38] 이미지저장폴더 생성실패: C:\LPRImage\N   \  \  \11
[14:24:38] File: \\172.16.66.33\MSImage172.16.83.1LPR_N
[14:24:39] csInLpr1Read: qryInLpr1Proc: Cannot perform this operation on a closed dataset
[14:24:39] LPR 12 Recv: 172.16.83.1LPR_NLPR_N
[14:24:39] LPR Check: ,http://172.16.66.34:9080/MSImage172.16.83.1LPR_NLPR_N,3,,,0, NLPR-_N-     :  :  
[14:24:39] 이미지저장폴더 생성실패: C:\LPRImage\NLPR\_N\  \12
[14:24:39] File: \\172.16.66.34\MSImage172.16.83.1LPR_NLPR_N
[14:24:40] csOutLpr1Read: qryOutLpr1Proc: Cannot perform this operation on a closed dataset
[14:25:17] LPR 11 Recv: LPR_NLPR_NCH1#31로6850#N#\2014\10\07\CH1_20141007142350_31로6850.jpgLPR_NLPR_NLPR_NLPR_RCH1#31로6850#N#\2014\10\07\CH1_20141007142414_31로6850.jpg
[14:25:17] LPR Check: 31로6850, http://172.16.66.33:9080/MSImage/2014/10/07/CH1_20141007142350_31로6850.jpgLPR_NLPR_NLPR_NLPR_RCH1#31로6850#N#/2014/10/07/CH1_20141007142414_31로6850.jpg, 1,,,0, 2014-10-07 14:23:50
[14:25:17] File: \\172.16.66.33\MSImage\2014\10\07\CH1_20141007142350_31로6850.jpgLPR_NLPR_NLPR_NLPR_RCH1#31로6850#N#\2014\10\07\CH1_20141007142414_31로6850.jpg
[14:25:17] 일반차량: 31로6850, 
[14:25:17] Ping 시간 체크1-87225031
[14:25:17] Ping 시간 체크2-87225046
[14:25:17] Ping 시간 체크1-87225046
[14:25:17] Ping 시간 체크2-87225062
[14:25:17] 입구차단기 Open
[14:25:17] 일반차량입차: 31로6850, 
[14:25:17] LPR 12 Recv: LPR_NLPR_NLPR_NLPR_NLPR_NLPR_NLPR_N
[14:25:17] LPR Check: ,http://172.16.66.34:9080/MSImageLPR_NLPR_NLPR_NLPR_NLPR_NLPR_NLPR_N,3,,,0, NLPR-_N-LP R_:NL:PR
[14:25:17] File: \\172.16.66.34\MSImageLPR_NLPR_NLPR_NLPR_NLPR_NLPR_NLPR_N
[14:25:18] csOutLpr1Read: qryOutLpr1Proc: Cannot perform this operation on a closed dataset
[14:25:20] LPR 12 Recv: LPR_N
[14:27:16] LPR 11 Recv: CH1#31로6850#N#\2014\10\07\CH1_20141007142420_31로6850.jpg
[14:36:21] LPR Check: 31로6850, http://172.16.66.33:9080/MSImage/2014/10/07/CH1_20141007142420_31로6850.jpg, 1,,,0, 2014-10-07 14:24:20
[14:36:55] File: \\172.16.66.33\MSImage\2014\10\07\CH1_20141007142420_31로6850.jpg
[14:37:29] 일반차량: 31로6850, 
[14:37:29] Ping 시간 체크1-87957281
[14:37:29] Ping 시간 체크2-87957312
[14:37:29] Ping 시간 체크1-87957312
[14:37:29] Ping 시간 체크2-87957312
[14:37:29] 입구차단기 Open
[14:37:29] 일반차량입차: 31로6850, 
[14:54:55] Program Start!
[14:55:02] 근무시작: 배은화
[14:55:04] 영수증프린터 포트오픈 에러: ie_BadId - Specified comport doesn't exist
[14:55:04] Ping 시간 체크1-89011687
[14:55:04] Ping 시간 체크2-89011687
[14:55:04] Ping 시간 체크1-89011750
[14:55:04] Ping 시간 체크2-89011765
[14:55:04] Ping 시간 체크1-89011765
[14:55:04] Ping 시간 체크2-89011765
[14:55:04] Ping 시간 체크1-89011781
[14:55:04] Ping 시간 체크2-89011781
[14:55:04] 주차권  101
[14:55:04] 경차  102
[14:55:04] 장애인  103
[14:55:04] 전액무료  104
[14:55:11] LPR 12 Recv: 172.16.83.1
[14:55:13] LPR 11 Recv: 172.16.83.1LPR_R
[14:55:13] LPR Check: , http://172.16.66.33:9080/MSImage172.16.83.1LPR_R, 3,,,0, R   -  -     :  :  
[14:55:13] 이미지저장폴더 생성실패: C:\LPRImage\R   \  \  \11
[14:55:13] File: \\172.16.66.33\MSImage172.16.83.1LPR_R
[14:55:15] csInLpr1Read: qryInLpr1Proc: Cannot perform this operation on a closed dataset
[14:55:15] LPR 12 Recv: LPR_NLPR_N
[14:55:18] LPR 12 Recv: LPR_N
[14:55:23] LPR 11 Recv: CH1#31로6850#N#\2014\10\01\CH1_20141001160205_31로6850.jpg
[14:55:25] LPR Check: 31로6850, http://172.16.66.33:9080/MSImage/2014/10/01/CH1_20141001160205_31로6850.jpg, 1,,,0, 2014-10-01 16:02:05
[14:55:27] File: \\172.16.66.33\MSImage\2014\10\01\CH1_20141001160205_31로6850.jpg
[14:55:40] 일반차량: 31로6850, 
[14:57:48] Ping 시간 체크1-89176328
[14:57:48] Ping 시간 체크2-89176390
[14:57:52] Ping 시간 체크1-89179859
[14:57:52] Ping 시간 체크2-89179859
[14:57:52] 입구차단기 Open
[15:01:18] Program Start!
[15:01:20] 근무시작: 배은화
[15:01:20] 영수증프린터 포트오픈 에러: ie_BadId - Specified comport doesn't exist
[15:01:20] Ping 시간 체크1-89387812
[15:01:20] Ping 시간 체크2-89387812
[15:01:20] Ping 시간 체크1-89387812
[15:01:20] Ping 시간 체크2-89387828
[15:01:20] Ping 시간 체크1-89387828
[15:01:20] Ping 시간 체크2-89387843
[15:01:20] Ping 시간 체크1-89387843
[15:01:20] Ping 시간 체크2-89387859
[15:01:20] 주차권  101
[15:01:20] 경차  102
[15:01:20] 장애인  103
[15:01:20] 전액무료  104
[15:01:20] LPR 11 Recv: 172.16.83.1
[15:01:20] LPR 12 Recv: 172.16.83.1
[15:01:21] LPR 11 Recv: LPR_R
[15:01:21] 시간동기화 전송
[15:01:21] LPR 12 Recv: LPR_N
[15:01:24] LPR 12 Recv: LPR_N
[15:01:24] LPR 11 Recv: CH1#31로6850#N#\2014\10\01\CH1_20141001160135_31로6850.jpg
[15:01:24] LPR Check: 31로6850, http://172.16.66.33:9080/MSImage/2014/10/01/CH1_20141001160135_31로6850.jpg, 1,,,0, 2014-10-01 16:01:35
[15:01:24] File: \\172.16.66.33\MSImage\2014\10\01\CH1_20141001160135_31로6850.jpg
[15:01:24] 일반차량: 31로6850, 
[15:01:24] Ping 시간 체크1-89392609
[15:01:24] Ping 시간 체크2-89392625
[15:01:24] Ping 시간 체크1-89392625
[15:01:24] Ping 시간 체크2-89392625
[15:01:24] 입구차단기 Open
[15:01:24] 일반차량입차: 31로6850, 
[15:01:28] LPR 11 Recv: CH1#31로6850#N#\2014\10\01\CH1_20141001160139_31로6850.jpg
[15:01:28] LPR Check: 31로6850, http://172.16.66.33:9080/MSImage/2014/10/01/CH1_20141001160139_31로6850.jpg, 1,,,0, 2014-10-01 16:01:39
[15:01:28] File: \\172.16.66.33\MSImage\2014\10\01\CH1_20141001160139_31로6850.jpg
[15:01:28] 일반차량: 31로6850, 
[15:01:28] Ping 시간 체크1-89396125
[15:01:28] Ping 시간 체크2-89396125
[15:01:28] Ping 시간 체크1-89396125
[15:01:28] Ping 시간 체크2-89396125
[15:01:28] 입구차단기 Open
[15:01:28] 일반차량입차: 31로6850, 
[15:01:29] LPR 12 Recv: LPR_N
[15:01:35] LPR 12 Recv: LPR_N
[15:01:40] LPR 12 Recv: LPR_N
[15:01:43] Program Close
[15:02:08] Program Start!
[15:02:09] 근무시작: 배은화
[15:02:09] 영수증프린터 포트오픈 에러: ie_BadId - Specified comport doesn't exist
[15:02:09] Ping 시간 체크1-89437515
[15:02:09] Ping 시간 체크2-89437515
[15:02:09] Ping 시간 체크1-89437515
[15:02:09] Ping 시간 체크2-89437515
[15:02:09] Ping 시간 체크1-89437531
[15:02:09] Ping 시간 체크2-89437531
[15:02:09] Ping 시간 체크1-89437531
[15:02:09] Ping 시간 체크2-89437531
[15:02:09] 주차권  101
[15:02:09] 경차  102
[15:02:09] 장애인  103
[15:02:09] 전액무료  104
[15:02:10] LPR 11 Recv: 172.16.83.1
[15:02:10] LPR 12 Recv: 172.16.83.1
[15:02:10] LPR 12 Recv: LPR_N
[15:02:11] LPR 11 Recv: LPR_R
[15:02:11] 시간동기화 전송
[15:02:11] LPR 12 Recv: LPR_N
[15:02:14] LPR 11 Recv: CH1#31로6850#N#\2014\10\01\CH1_20141001160135_31로6850.jpg
[15:02:14] LPR Check: 31로6850, http://172.16.66.33:9080/MSImage/2014/10/01/CH1_20141001160135_31로6850.jpg, 1,,,0, 2014-10-01 16:01:35
[15:02:14] File: \\172.16.66.33\MSImage\2014\10\01\CH1_20141001160135_31로6850.jpg
[15:02:14] 일반차량: 31로6850, 
[15:02:14] Ping 시간 체크1-89441859
[15:02:14] Ping 시간 체크2-89441859
[15:02:14] Ping 시간 체크1-89441859
[15:02:14] Ping 시간 체크2-89441859
[15:02:14] 입구차단기 Open
[15:02:14] 일반차량입차: 31로6850, 
[15:02:16] LPR 12 Recv: LPR_N
[15:02:22] LPR 12 Recv: LPR_N
[15:02:27] LPR 12 Recv: LPR_N
[15:02:32] LPR 12 Recv: LPR_N
[15:02:37] LPR 12 Recv: LPR_N
[15:02:42] Program Close
[15:04:15] Program Start!
[15:04:16] 근무시작: 배은화
[15:04:16] 영수증프린터 포트오픈 에러: ie_BadId - Specified comport doesn't exist
[15:04:16] Ping 시간 체크1-89564562
[15:04:16] Ping 시간 체크2-89564562
[15:04:16] Ping 시간 체크1-89564562
[15:04:16] Ping 시간 체크2-89564578
[15:04:16] Ping 시간 체크1-89564578
[15:04:16] Ping 시간 체크2-89564593
[15:04:16] Ping 시간 체크1-89564593
[15:04:16] Ping 시간 체크2-89564609
[15:04:16] 주차권  101
[15:04:16] 경차  102
[15:04:16] 장애인  103
[15:04:16] 전액무료  104
[15:04:17] LPR 12 Recv: 172.16.83.1
[15:04:17] LPR 11 Recv: 172.16.83.1
[15:04:17] LPR 12 Recv: LPR_N
[15:04:18] LPR 12 Recv: LPR_N
[15:04:18] LPR 11 Recv: LPR_R
[15:04:18] 시간동기화 전송
[15:04:22] LPR 12 Recv: LPR_N
[15:04:27] LPR 12 Recv: LPR_N
[15:04:32] LPR 12 Recv: LPR_N
[15:04:38] LPR 12 Recv: LPR_N
[15:04:43] LPR 12 Recv: LPR_N
[15:04:48] LPR 12 Recv: LPR_N
[15:04:53] LPR 12 Recv: LPR_N
[15:04:59] LPR 12 Recv: LPR_N
[15:05:00] LPR 11 Recv: CH1#31로6850#N#\2014\10\01\CH1_20141001160214_31로6850.jpg
[15:05:00] LPR Check: 31로6850, http://172.16.66.33:9080/MSImage/2014/10/01/CH1_20141001160214_31로6850.jpg, 1,,,0, 2014-10-01 16:02:14
[15:05:00] File: \\172.16.66.33\MSImage\2014\10\01\CH1_20141001160214_31로6850.jpg
[15:05:00] 일반차량: 31로6850, 
[15:05:00] Ping 시간 체크1-89608468
[15:05:00] Ping 시간 체크2-89608468
[15:05:00] Ping 시간 체크1-89608468
[15:05:00] Ping 시간 체크2-89608468
[15:05:00] 입구차단기 Open
[15:05:00] 일반차량입차: 31로6850, 
[15:05:04] LPR 12 Recv: LPR_N
[15:05:09] LPR 12 Recv: LPR_N
[15:05:14] LPR 12 Recv: LPR_N
[15:05:19] LPR 12 Recv: LPR_N
[15:05:25] LPR 12 Recv: LPR_N
[15:05:30] LPR 12 Recv: LPR_N
[15:05:35] LPR 12 Recv: LPR_N
[15:05:40] LPR 12 Recv: LPR_N
[15:05:46] LPR 12 Recv: LPR_N
[15:05:51] LPR 12 Recv: LPR_N
[15:05:56] LPR 12 Recv: LPR_N
[15:06:00] Ping 시간 체크1-89668468
[15:06:00] Ping 시간 체크2-89668468
[15:06:00] 11번 LPR OK 전송
[15:06:01] LPR 12 Recv: LPR_N
[15:06:06] LPR 12 Recv: LPR_N
[15:06:12] LPR 12 Recv: LPR_N
[15:06:17] LPR 12 Recv: LPR_N
[15:06:19] Program Close
[15:25:01] Program Start!
[15:25:02] 근무시작: 배은화
[15:25:02] 영수증프린터 포트오픈 에러: ie_BadId - Specified comport doesn't exist
[15:25:02] Ping 시간 체크1-90810500
[15:25:02] Ping 시간 체크2-90810500
[15:25:02] Ping 시간 체크1-90810500
[15:25:02] Ping 시간 체크2-90810515
[15:25:02] Ping 시간 체크1-90810515
[15:25:02] Ping 시간 체크2-90810515
[15:25:02] Ping 시간 체크1-90810515
[15:25:02] Ping 시간 체크2-90810531
[15:25:02] 주차권  101
[15:25:02] 경차  102
[15:25:02] 장애인  103
[15:25:02] 전액무료  104
[15:25:03] LPR 11 Recv: 172.16.83.1
[15:25:03] LPR 12 Recv: 172.16.83.1
[15:25:04] LPR 12 Recv: LPR_N
[15:25:04] LPR 11 Recv: LPR_N
[15:25:05] LPR 11 Recv: LPR_N
[15:25:06] LPR 12 Recv: LPR_N
[15:25:07] LPR 11 Recv: CH1#31로6850#N#\2014\10\07\CH1_20141007162219_31로6850.jpg
[15:25:07] LPR Check: 31로6850, http://172.16.66.33:9080/MSImage/2014/10/07/CH1_20141007162219_31로6850.jpg, 1,,,0, 2014-10-07 16:22:19
[15:25:07] File: \\172.16.66.33\MSImage\2014\10\07\CH1_20141007162219_31로6850.jpg
[15:25:07] 일반차량: 31로6850, 
[15:25:07] Ping 시간 체크1-90814921
[15:25:07] Ping 시간 체크2-90814937
[15:25:07] Ping 시간 체크1-90814937
[15:25:07] Ping 시간 체크2-90814937
[15:25:07] 입구차단기 Open
[15:25:07] 일반차량입차: 31로6850, 
[15:25:10] LPR 11 Recv: LPR_N
[15:25:11] LPR 11 Recv: LPR_R
[15:25:11] 시간동기화 전송
[15:25:11] LPR 12 Recv: LPR_N
[15:25:16] LPR 12 Recv: LPR_N
[15:25:22] LPR 12 Recv: LPR_N
[15:25:27] LPR 12 Recv: LPR_N
[15:25:32] LPR 12 Recv: LPR_N
[15:25:37] LPR 12 Recv: LPR_N
[15:25:43] LPR 12 Recv: LPR_N
[15:25:48] LPR 12 Recv: LPR_N
[15:25:53] LPR 12 Recv: LPR_N
[15:25:55] LPR 11 Recv: CH1#31로6850#N#\2014\10\01\CH1_20141001160215_31로6850.jpg
[15:25:55] LPR Check: 31로6850, http://172.16.66.33:9080/MSImage/2014/10/01/CH1_20141001160215_31로6850.jpg, 1,,,0, 2014-10-01 16:02:15
[15:25:55] File: \\172.16.66.33\MSImage\2014\10\01\CH1_20141001160215_31로6850.jpg
[15:25:55] 일반차량: 31로6850, 
[15:25:55] Ping 시간 체크1-90863265
[15:25:55] Ping 시간 체크2-90863281
[15:25:55] Ping 시간 체크1-90863281
[15:25:55] Ping 시간 체크2-90863281
[15:25:55] 입구차단기 Open
[15:25:55] 일반차량입차: 31로6850, 
[15:25:58] LPR 12 Recv: LPR_N
[15:26:04] LPR 12 Recv: LPR_N
[15:26:09] LPR 12 Recv: LPR_N
[15:26:14] LPR 11 Recv: LPR_N
[15:26:14] LPR 12 Recv: LPR_N
[15:26:19] LPR 11 Recv: LPR_N
[15:26:19] LPR 12 Recv: LPR_N
[15:26:23] LPR 11 Recv: CH1#31로685##\2014\10\07\CH1_20141007160243_31로685.jpg
[15:26:23] LPR Check: 31로685, http://172.16.66.33:9080/MSImage/2014/10/07/CH1_20141007160243_31로685.jpg, 3,,,0, 2014-10-07 16:02:43
[15:26:23] File: \\172.16.66.33\MSImage\2014\10\07\CH1_20141007160243_31로685.jpg
[15:26:23] 일반차량: 31로685, 
[15:26:23] Ping 시간 체크1-90890859
[15:26:23] Ping 시간 체크2-90890859
[15:26:23] Ping 시간 체크1-90890859
[15:26:23] Ping 시간 체크2-90890875
[15:26:23] 입구차단기 Open
[15:26:23] 일반차량입차: 31로685, 
[15:26:24] LPR 11 Recv: LPR_N
[15:26:24] LPR 12 Recv: LPR_N
[15:26:30] LPR 11 Recv: LPR_N
[15:26:30] LPR 12 Recv: LPR_N
[15:26:35] LPR 12 Recv: LPR_N
[15:26:36] LPR 11 Recv: LPR_N
[15:26:40] LPR 12 Recv: LPR_N
[15:26:41] LPR 11 Recv: LPR_N
[15:26:45] LPR 12 Recv: LPR_N
[15:26:46] LPR 11 Recv: LPR_N
[15:26:51] LPR 12 Recv: LPR_N
[15:26:52] LPR 11 Recv: LPR_N
[15:26:56] LPR 12 Recv: LPR_N
[15:26:57] LPR 11 Recv: LPR_N
[15:27:01] LPR 12 Recv: LPR_N
[15:27:02] LPR 11 Recv: LPR_N
[15:27:06] LPR 12 Recv: LPR_N
[15:27:08] LPR 11 Recv: LPR_N
[15:27:11] LPR 12 Recv: LPR_N
[15:27:13] LPR 11 Recv: LPR_N
[15:27:17] LPR 12 Recv: LPR_N
[15:27:18] LPR 11 Recv: LPR_N
[15:27:22] LPR 12 Recv: LPR_N
[15:27:23] LPR 11 Recv: LPR_N
[15:27:27] LPR 12 Recv: LPR_N
[15:27:29] LPR 11 Recv: LPR_N
[15:27:32] LPR 12 Recv: LPR_N
[15:27:34] LPR 11 Recv: LPR_N
[15:27:38] LPR 12 Recv: LPR_N
[15:27:39] LPR 11 Recv: LPR_N
[15:27:43] LPR 12 Recv: LPR_N
[15:27:44] LPR 11 Recv: LPR_N
[15:27:48] LPR 12 Recv: LPR_N
[15:27:50] LPR 11 Recv: LPR_N
[15:27:52] LPR 11 Recv: CH1#31로685##\2014\10\07\CH1_20141007160412_31로685.jpg
[15:27:52] LPR Check: 31로685, http://172.16.66.33:9080/MSImage/2014/10/07/CH1_20141007160412_31로685.jpg, 3,,,0, 2014-10-07 16:04:12
[15:27:52] File: \\172.16.66.33\MSImage\2014\10\07\CH1_20141007160412_31로685.jpg
[15:27:52] 일반차량: 31로685, 
[15:27:52] Ping 시간 체크1-90980609
[15:27:52] Ping 시간 체크2-90980609
[15:27:52] Ping 시간 체크1-90980609
[15:27:52] Ping 시간 체크2-90980625
[15:27:52] 입구차단기 Open
[15:27:52] 일반차량입차: 31로685, 
[15:27:53] LPR 12 Recv: LPR_N
[15:27:55] LPR 11 Recv: LPR_N
[15:27:59] LPR 12 Recv: LPR_N
[15:28:00] LPR 11 Recv: LPR_N
[15:28:04] LPR 12 Recv: LPR_N
[15:28:05] LPR 11 Recv: LPR_N
[15:28:09] LPR 12 Recv: LPR_N
[15:28:10] LPR 11 Recv: LPR_N
[15:28:14] LPR 12 Recv: LPR_N
[15:28:16] LPR 11 Recv: LPR_N
[15:28:19] LPR 12 Recv: LPR_N
[15:28:21] LPR 11 Recv: LPR_N
[15:28:25] LPR 12 Recv: LPR_N
[15:28:28] LPR 11 Recv: LPR_N
[15:28:30] LPR 12 Recv: LPR_N
[15:28:33] LPR 11 Recv: LPR_N
[15:28:35] LPR 12 Recv: LPR_N
[15:28:38] LPR 11 Recv: LPR_N
[15:28:40] LPR 12 Recv: LPR_N
[15:28:43] LPR 11 Recv: LPR_N
[15:28:46] LPR 12 Recv: LPR_N
[15:28:49] LPR 11 Recv: LPR_N
[15:28:51] LPR 12 Recv: LPR_N
[15:28:54] LPR 11 Recv: LPR_N
[15:28:56] LPR 12 Recv: LPR_N
[15:28:59] LPR 11 Recv: LPR_N
[15:29:01] LPR 12 Recv: LPR_N
[15:29:04] LPR 11 Recv: LPR_N
[15:29:06] LPR 12 Recv: LPR_N
[15:29:09] LPR 11 Recv: LPR_N
[15:29:12] LPR 12 Recv: LPR_N
[15:29:15] LPR 11 Recv: LPR_N
[15:29:17] LPR 12 Recv: LPR_N
[15:29:20] LPR 11 Recv: LPR_N
[15:29:22] LPR 12 Recv: LPR_N
[15:29:25] LPR 11 Recv: LPR_N
[15:29:27] LPR 12 Recv: LPR_N
[15:29:30] LPR 11 Recv: LPR_N
[15:29:33] LPR 12 Recv: LPR_N
[15:29:36] LPR 11 Recv: LPR_N
[15:29:38] LPR 12 Recv: LPR_N
[15:29:41] LPR 11 Recv: LPR_N
[15:29:43] LPR 12 Recv: LPR_N
[15:29:46] LPR 11 Recv: LPR_N
[15:29:48] LPR 12 Recv: LPR_N
[15:29:51] LPR 11 Recv: LPR_N
[15:29:54] LPR 12 Recv: LPR_N
[15:29:57] LPR 11 Recv: LPR_N
[15:29:59] LPR 12 Recv: LPR_N
[15:30:02] LPR 11 Recv: LPR_N
[15:30:04] LPR 12 Recv: LPR_N
[15:30:07] LPR 11 Recv: LPR_N
[15:30:09] LPR 12 Recv: LPR_N
[15:30:12] LPR 11 Recv: LPR_N
[15:30:14] LPR 12 Recv: LPR_N
[15:30:17] LPR 11 Recv: LPR_N
[15:30:20] LPR 12 Recv: LPR_N
[15:30:23] LPR 11 Recv: LPR_N
[15:30:25] LPR 12 Recv: LPR_N
[15:30:28] LPR 11 Recv: LPR_N
[15:30:30] LPR 12 Recv: LPR_N
[15:30:33] LPR 11 Recv: LPR_N
[15:30:35] LPR 12 Recv: LPR_N
[15:30:38] LPR 11 Recv: LPR_N
[15:30:41] LPR 12 Recv: LPR_N
[15:30:44] LPR 11 Recv: LPR_N
[15:30:46] LPR 12 Recv: LPR_N
[15:30:49] LPR 11 Recv: LPR_N
[15:30:51] LPR 12 Recv: LPR_N
[15:30:54] LPR 11 Recv: LPR_N
[15:30:56] LPR 12 Recv: LPR_N
[15:30:59] LPR 11 Recv: LPR_N
[15:31:01] LPR 12 Recv: LPR_N
[15:31:04] LPR 11 Recv: LPR_N
[15:31:07] LPR 12 Recv: LPR_N
[15:31:10] LPR 11 Recv: LPR_N
[15:31:12] LPR 12 Recv: LPR_N
[15:31:15] LPR 11 Recv: LPR_N
[15:31:17] LPR 12 Recv: LPR_N
[15:31:20] LPR 11 Recv: LPR_N
[15:31:22] LPR 12 Recv: LPR_N
[15:31:25] LPR 11 Recv: LPR_N
[15:31:28] LPR 12 Recv: LPR_N
[15:31:31] LPR 11 Recv: LPR_N
[15:31:33] LPR 12 Recv: LPR_N
[15:31:36] LPR 11 Recv: LPR_N
[15:31:38] LPR 12 Recv: LPR_N
[15:31:41] LPR 11 Recv: LPR_N
[15:31:43] LPR 12 Recv: LPR_N
[15:31:46] LPR 11 Recv: LPR_N
[15:31:49] LPR 12 Recv: LPR_N
[15:31:52] LPR 11 Recv: LPR_N
[15:31:54] LPR 12 Recv: LPR_N
[15:31:57] LPR 11 Recv: LPR_N
[15:31:59] LPR 12 Recv: LPR_N
[15:32:02] LPR 11 Recv: LPR_N
[15:32:04] LPR 12 Recv: LPR_N
[15:32:07] LPR 11 Recv: LPR_N
[15:32:09] LPR 12 Recv: LPR_N
[15:32:12] LPR 11 Recv: LPR_N
[15:32:15] LPR 12 Recv: LPR_N
[15:32:18] LPR 11 Recv: LPR_N
[15:32:20] LPR 12 Recv: LPR_N
[15:32:23] LPR 11 Recv: LPR_N
[15:32:25] LPR 12 Recv: LPR_N
[15:32:28] LPR 11 Recv: LPR_N
[15:32:30] LPR 12 Recv: LPR_N
[15:32:33] LPR 11 Recv: LPR_N
[15:32:36] LPR 12 Recv: LPR_N
[15:32:39] LPR 11 Recv: LPR_N
[15:32:41] LPR 12 Recv: LPR_N
[15:32:44] LPR 11 Recv: LPR_N
[15:32:46] LPR 12 Recv: LPR_N
[15:32:49] LPR 11 Recv: LPR_N
[15:32:51] LPR 12 Recv: LPR_N
[15:32:54] LPR 11 Recv: LPR_N
[15:32:56] LPR 12 Recv: LPR_N
[15:32:59] LPR 11 Recv: LPR_N
[15:33:02] LPR 12 Recv: LPR_N
[15:33:05] LPR 11 Recv: LPR_N
[15:33:07] LPR 12 Recv: LPR_N
[15:33:10] LPR 11 Recv: LPR_N
[15:33:12] LPR 12 Recv: LPR_N
[15:33:15] LPR 11 Recv: LPR_N
[15:33:17] LPR 12 Recv: LPR_N
[15:33:20] LPR 11 Recv: LPR_N
[15:33:23] LPR 12 Recv: LPR_N
[15:33:26] LPR 11 Recv: LPR_N
[15:33:28] LPR 12 Recv: LPR_N
[15:33:31] LPR 11 Recv: LPR_N
[15:33:33] LPR 12 Recv: LPR_N
[15:33:36] LPR 11 Recv: LPR_N
[15:33:38] LPR 12 Recv: LPR_N
[15:33:41] LPR 11 Recv: LPR_N
[15:33:44] LPR 12 Recv: LPR_N
[15:33:47] LPR 11 Recv: LPR_N
[15:33:49] LPR 12 Recv: LPR_N
[15:33:52] LPR 11 Recv: LPR_N
[15:33:54] LPR 12 Recv: LPR_N
[15:33:57] LPR 11 Recv: LPR_N
[15:33:59] LPR 12 Recv: LPR_N
[15:34:02] LPR 11 Recv: LPR_N
[15:34:04] LPR 12 Recv: LPR_N
[15:34:07] LPR 11 Recv: LPR_N
[15:34:10] LPR 12 Recv: LPR_N
[15:34:13] LPR 11 Recv: LPR_N
[15:34:15] LPR 12 Recv: LPR_N
[15:34:18] LPR 11 Recv: LPR_N
[15:34:20] LPR 12 Recv: LPR_N
[15:34:23] LPR 11 Recv: LPR_N
[15:34:25] LPR 12 Recv: LPR_N
[15:34:28] LPR 11 Recv: LPR_N
[15:34:31] LPR 12 Recv: LPR_N
[15:34:34] LPR 11 Recv: LPR_N
[15:34:36] LPR 12 Recv: LPR_N
[15:34:39] LPR 11 Recv: LPR_N
[15:34:41] LPR 12 Recv: LPR_N
[15:34:44] LPR 11 Recv: LPR_N
[15:34:46] LPR 12 Recv: LPR_N
[15:34:49] LPR 11 Recv: LPR_N
[15:34:51] LPR 12 Recv: LPR_N
[15:34:54] LPR 11 Recv: LPR_N
[15:34:57] LPR 12 Recv: LPR_N
[15:35:00] LPR 11 Recv: LPR_N
[15:35:02] LPR 12 Recv: LPR_N
[15:35:05] LPR 11 Recv: LPR_N
[15:35:07] LPR 12 Recv: LPR_N
[15:35:10] LPR 11 Recv: LPR_N
[15:35:12] LPR 12 Recv: LPR_N
[15:35:15] LPR 11 Recv: LPR_N
[15:35:18] LPR 12 Recv: LPR_N
[15:35:21] LPR 11 Recv: LPR_N
[15:35:23] LPR 12 Recv: LPR_N
[15:35:26] LPR 11 Recv: LPR_N
[15:35:28] LPR 12 Recv: LPR_N
[15:35:31] LPR 11 Recv: LPR_N
[15:35:33] LPR 12 Recv: LPR_N
[15:35:36] LPR 11 Recv: LPR_N
[15:35:39] LPR 12 Recv: LPR_N
[15:35:42] LPR 11 Recv: LPR_N
[15:35:44] LPR 12 Recv: LPR_N
[15:35:47] LPR 11 Recv: LPR_N
[15:35:49] LPR 12 Recv: LPR_N
[15:35:52] LPR 11 Recv: LPR_N
[15:35:54] LPR 12 Recv: LPR_N
[15:35:57] LPR 11 Recv: LPR_N
[15:35:59] LPR 12 Recv: LPR_N
[15:36:02] LPR 11 Recv: LPR_N
[15:36:05] LPR 12 Recv: LPR_N
[15:36:08] LPR 11 Recv: LPR_N
[15:36:10] LPR 12 Recv: LPR_N
[15:36:13] LPR 11 Recv: LPR_N
[15:36:15] LPR 12 Recv: LPR_N
[15:36:18] LPR 11 Recv: LPR_N
[15:36:20] LPR 12 Recv: LPR_N
[15:36:23] LPR 11 Recv: LPR_N
[15:36:26] LPR 12 Recv: LPR_N
[15:36:29] LPR 11 Recv: LPR_N
[15:36:31] LPR 12 Recv: LPR_N
[15:36:34] LPR 11 Recv: LPR_N
[15:36:36] LPR 12 Recv: LPR_N
[15:36:39] LPR 11 Recv: LPR_N
[15:36:41] LPR 12 Recv: LPR_N
[15:36:44] LPR 11 Recv: LPR_N
[15:36:46] LPR 12 Recv: LPR_N
[15:36:49] LPR 11 Recv: LPR_N
[15:36:52] LPR 12 Recv: LPR_N
[15:36:55] LPR 11 Recv: LPR_N
[15:36:57] LPR 12 Recv: LPR_N
[15:37:00] LPR 11 Recv: LPR_N
[15:37:02] LPR 12 Recv: LPR_N
[15:37:05] LPR 11 Recv: LPR_N
[15:37:07] LPR 12 Recv: LPR_N
[15:37:10] LPR 11 Recv: LPR_N
[15:37:13] LPR 12 Recv: LPR_N
[15:37:16] LPR 11 Recv: LPR_N
[15:37:18] LPR 12 Recv: LPR_N
[15:37:21] LPR 11 Recv: LPR_N
[15:37:23] LPR 12 Recv: LPR_N
[15:37:26] LPR 11 Recv: LPR_N
[15:37:28] LPR 12 Recv: LPR_N
[15:37:31] LPR 11 Recv: LPR_N
[15:37:34] LPR 12 Recv: LPR_N
[15:37:37] LPR 11 Recv: LPR_N
[15:37:39] LPR 12 Recv: LPR_N
[15:37:42] LPR 11 Recv: LPR_N
[15:37:44] LPR 12 Recv: LPR_N
[15:37:47] LPR 11 Recv: LPR_N
[15:37:49] LPR 12 Recv: LPR_N
[15:37:52] LPR 11 Recv: LPR_N
[15:37:54] LPR 12 Recv: LPR_N
[15:37:57] LPR 11 Recv: LPR_N
[15:38:00] LPR 12 Recv: LPR_N
[15:38:03] LPR 11 Recv: LPR_N
[15:38:05] LPR 12 Recv: LPR_N
[15:38:08] LPR 11 Recv: LPR_N
[15:38:10] LPR 12 Recv: LPR_N
[15:38:13] LPR 11 Recv: LPR_N
[15:38:15] LPR 12 Recv: LPR_N
[15:38:18] LPR 11 Recv: LPR_N
[15:38:21] LPR 12 Recv: LPR_N
[15:38:24] LPR 11 Recv: LPR_N
[15:38:26] LPR 12 Recv: LPR_N
[15:38:29] LPR 11 Recv: LPR_N
[15:38:31] LPR 12 Recv: LPR_N
[15:38:34] LPR 11 Recv: LPR_N
[15:38:36] LPR 12 Recv: LPR_N
[15:38:39] LPR 11 Recv: LPR_N
[15:38:41] LPR 12 Recv: LPR_N
[15:38:44] LPR 11 Recv: LPR_N
[15:38:47] LPR 12 Recv: LPR_N
[15:38:50] LPR 11 Recv: LPR_N
[15:38:52] LPR 12 Recv: LPR_N
[15:38:55] LPR 11 Recv: LPR_N
[15:38:57] LPR 12 Recv: LPR_N
[15:39:00] LPR 11 Recv: LPR_N
[15:39:02] LPR 12 Recv: LPR_N
[15:39:05] LPR 11 Recv: LPR_N
[15:39:08] LPR 12 Recv: LPR_N
[15:39:11] LPR 11 Recv: LPR_N
[15:39:13] LPR 12 Recv: LPR_N
[15:39:16] LPR 11 Recv: LPR_N
[15:39:18] LPR 12 Recv: LPR_N
[15:39:21] LPR 11 Recv: LPR_N
[15:39:23] LPR 12 Recv: LPR_N
[15:39:26] LPR 11 Recv: LPR_N
[15:39:29] LPR 12 Recv: LPR_N
[15:39:32] LPR 11 Recv: LPR_N
[15:39:34] LPR 12 Recv: LPR_N
[15:39:37] LPR 11 Recv: LPR_N
[15:39:39] LPR 12 Recv: LPR_N
[15:39:42] LPR 11 Recv: LPR_N
[15:39:44] LPR 12 Recv: LPR_N
[15:39:47] LPR 11 Recv: LPR_N
[15:39:49] LPR 12 Recv: LPR_N
[15:39:52] LPR 11 Recv: LPR_N
[15:39:55] LPR 12 Recv: LPR_N
[15:39:58] LPR 11 Recv: LPR_N
[15:40:00] LPR 12 Recv: LPR_N
[15:40:03] LPR 11 Recv: LPR_N
[15:40:05] LPR 12 Recv: LPR_N
[15:40:08] LPR 11 Recv: LPR_N
[15:40:10] LPR 12 Recv: LPR_N
[15:40:13] LPR 11 Recv: LPR_N
[15:40:16] LPR 12 Recv: LPR_N
[15:40:19] LPR 11 Recv: LPR_N
[15:40:21] LPR 12 Recv: LPR_N
[15:40:24] LPR 11 Recv: LPR_N
[15:40:26] LPR 12 Recv: LPR_N
[15:40:29] LPR 11 Recv: LPR_N
[15:40:31] LPR 12 Recv: LPR_N
[15:40:34] LPR 11 Recv: LPR_N
[15:40:36] LPR 12 Recv: LPR_N
[15:40:39] LPR 11 Recv: LPR_N
[15:40:42] LPR 12 Recv: LPR_N
[15:40:45] LPR 11 Recv: LPR_N
[15:40:47] LPR 12 Recv: LPR_N
[15:40:50] LPR 11 Recv: LPR_N
[15:40:52] LPR 12 Recv: LPR_N
[15:40:55] LPR 11 Recv: LPR_N
[15:40:57] LPR 12 Recv: LPR_N
[15:41:00] LPR 11 Recv: LPR_N
[15:41:03] LPR 12 Recv: LPR_N
[15:41:06] LPR 11 Recv: LPR_N
[15:41:08] LPR 12 Recv: LPR_N
[15:41:11] LPR 11 Recv: LPR_N
[15:41:13] LPR 12 Recv: LPR_N
[15:41:16] LPR 11 Recv: LPR_N
[15:41:18] LPR 12 Recv: LPR_N
[15:41:21] LPR 11 Recv: LPR_N
[15:41:24] LPR 12 Recv: LPR_N
[15:41:27] LPR 11 Recv: LPR_N
[15:41:29] LPR 12 Recv: LPR_N
[15:41:32] LPR 11 Recv: LPR_N
[15:41:34] LPR 12 Recv: LPR_N
[15:41:37] LPR 11 Recv: LPR_N
[15:41:39] LPR 12 Recv: LPR_N
[15:41:42] LPR 11 Recv: LPR_N
[15:41:44] LPR 12 Recv: LPR_N
[15:41:47] LPR 11 Recv: LPR_N
[15:41:50] LPR 12 Recv: LPR_N
[15:41:53] LPR 11 Recv: LPR_N
[15:41:55] LPR 12 Recv: LPR_N
[15:41:58] LPR 11 Recv: LPR_N
[15:42:00] LPR 12 Recv: LPR_N
[15:42:03] LPR 11 Recv: LPR_N
[15:42:05] LPR 12 Recv: LPR_N
[15:42:08] LPR 11 Recv: LPR_N
[15:42:11] LPR 12 Recv: LPR_N
[15:42:14] LPR 11 Recv: LPR_N
[15:42:16] LPR 12 Recv: LPR_N
[15:42:19] LPR 11 Recv: LPR_N
[15:42:21] LPR 12 Recv: LPR_N
[15:42:24] LPR 11 Recv: LPR_N
[15:42:26] LPR 12 Recv: LPR_N
[15:42:29] LPR 11 Recv: LPR_N
[15:42:31] LPR 12 Recv: LPR_N
[15:42:34] LPR 11 Recv: LPR_N
[15:42:37] LPR 12 Recv: LPR_N
[15:42:40] LPR 11 Recv: LPR_N
[15:42:42] LPR 12 Recv: LPR_N
[15:42:45] LPR 11 Recv: LPR_N
[15:42:47] LPR 12 Recv: LPR_N
[15:42:50] LPR 11 Recv: LPR_N
[15:42:52] LPR 12 Recv: LPR_N
[15:42:55] LPR 11 Recv: LPR_N
[15:42:58] LPR 12 Recv: LPR_N
[15:43:01] LPR 11 Recv: LPR_N
[15:43:03] LPR 12 Recv: LPR_N
[15:43:06] LPR 11 Recv: LPR_N
[15:43:08] LPR 12 Recv: LPR_N
[15:43:11] LPR 11 Recv: LPR_N
[15:43:13] LPR 12 Recv: LPR_N
[15:43:16] LPR 11 Recv: LPR_N
[15:43:19] LPR 12 Recv: LPR_N
[15:43:22] LPR 11 Recv: LPR_N
[15:43:24] LPR 12 Recv: LPR_N
[15:43:27] LPR 11 Recv: LPR_N
[15:43:29] LPR 12 Recv: LPR_N
[15:43:32] LPR 11 Recv: LPR_N
[15:43:34] LPR 12 Recv: LPR_N
[15:43:37] LPR 11 Recv: LPR_N
[15:43:39] LPR 12 Recv: LPR_N
[15:43:42] LPR 11 Recv: LPR_N
[15:43:45] LPR 12 Recv: LPR_N
[15:43:48] LPR 11 Recv: LPR_N
[15:43:50] LPR 12 Recv: LPR_N
[15:43:53] LPR 11 Recv: LPR_N
[15:43:55] LPR 12 Recv: LPR_N
[15:43:58] LPR 11 Recv: LPR_N
[15:44:00] LPR 12 Recv: LPR_N
[15:44:03] LPR 11 Recv: LPR_N
[15:44:06] LPR 12 Recv: LPR_N
[15:44:09] LPR 11 Recv: LPR_N
[15:44:11] LPR 12 Recv: LPR_N
[15:44:14] LPR 11 Recv: LPR_N
[15:44:16] LPR 12 Recv: LPR_N
[15:44:19] LPR 11 Recv: LPR_N
[15:44:21] LPR 12 Recv: LPR_N
[15:44:24] LPR 11 Recv: LPR_N
[15:44:26] LPR 12 Recv: LPR_N
[15:44:29] LPR 11 Recv: LPR_N
[15:44:32] LPR 12 Recv: LPR_N
[15:44:35] LPR 11 Recv: LPR_N
[15:44:37] LPR 12 Recv: LPR_N
[15:44:40] LPR 11 Recv: LPR_N
[15:44:42] LPR 12 Recv: LPR_N
[15:44:46] LPR 11 Recv: LPR_N
[15:44:47] LPR 12 Recv: LPR_N
[15:44:51] LPR 11 Recv: LPR_N
[15:44:53] LPR 12 Recv: LPR_N
[15:44:56] LPR 11 Recv: LPR_N
[15:44:58] LPR 12 Recv: LPR_N
[15:45:01] LPR 11 Recv: LPR_N
[15:45:03] LPR 12 Recv: LPR_N
[15:45:07] LPR 11 Recv: LPR_N
[15:45:08] LPR 12 Recv: LPR_N
[15:45:12] LPR 11 Recv: LPR_N
[15:45:14] LPR 12 Recv: LPR_N
[15:45:17] LPR 11 Recv: LPR_N
[15:45:19] LPR 12 Recv: LPR_N
[15:45:22] LPR 11 Recv: LPR_N
[15:45:24] LPR 12 Recv: LPR_N
[15:45:27] LPR 11 Recv: LPR_N
[15:45:29] LPR 12 Recv: LPR_N
[15:45:33] LPR 11 Recv: LPR_N
[15:45:34] LPR 12 Recv: LPR_N
[15:45:38] LPR 11 Recv: LPR_N
[15:45:40] LPR 12 Recv: LPR_N
[15:45:43] LPR 11 Recv: LPR_N
[15:45:45] LPR 12 Recv: LPR_N
[15:45:48] LPR 11 Recv: LPR_N
[15:45:50] LPR 12 Recv: LPR_N
[15:45:54] LPR 11 Recv: LPR_N
[15:45:55] LPR 12 Recv: LPR_N
[15:45:59] LPR 11 Recv: LPR_N
[15:46:01] LPR 12 Recv: LPR_N
[15:46:04] LPR 11 Recv: LPR_N
[15:46:06] LPR 12 Recv: LPR_N
[15:46:09] LPR 11 Recv: LPR_N
[15:46:11] LPR 12 Recv: LPR_N
[15:46:15] LPR 11 Recv: LPR_N
[15:46:16] LPR 12 Recv: LPR_N
[15:46:20] LPR 11 Recv: LPR_N
[15:46:21] LPR 12 Recv: LPR_N
[15:46:25] LPR 11 Recv: LPR_N
[15:46:27] LPR 12 Recv: LPR_N
[15:46:30] LPR 11 Recv: LPR_N
[15:46:32] LPR 12 Recv: LPR_N
[15:46:35] LPR 11 Recv: LPR_N
[15:46:37] LPR 12 Recv: LPR_N
[15:46:41] LPR 11 Recv: LPR_N
[15:46:42] LPR 12 Recv: LPR_N
[15:46:46] LPR 11 Recv: LPR_N
[15:46:48] LPR 12 Recv: LPR_N
[15:46:51] LPR 11 Recv: LPR_N
[15:46:53] LPR 12 Recv: LPR_N
[15:46:56] LPR 11 Recv: LPR_N
[15:46:58] LPR 12 Recv: LPR_N
[15:47:02] LPR 11 Recv: LPR_N
[15:47:03] LPR 12 Recv: LPR_N
[15:47:07] LPR 11 Recv: LPR_N
[15:47:09] LPR 12 Recv: LPR_N
[15:47:12] LPR 11 Recv: LPR_N
[15:47:14] LPR 12 Recv: LPR_N
[15:47:17] LPR 11 Recv: LPR_N
[15:47:19] LPR 12 Recv: LPR_N
[15:47:22] LPR 11 Recv: LPR_N
[15:47:24] LPR 12 Recv: LPR_N
[15:47:28] LPR 11 Recv: LPR_N
[15:47:29] LPR 12 Recv: LPR_N
[15:47:33] LPR 11 Recv: LPR_N
[15:47:35] LPR 12 Recv: LPR_N
[15:47:38] LPR 11 Recv: LPR_N
[15:47:40] LPR 12 Recv: LPR_N
[15:47:43] LPR 11 Recv: LPR_N
[15:47:45] LPR 12 Recv: LPR_N
[15:47:49] LPR 11 Recv: LPR_N
[15:47:50] LPR 12 Recv: LPR_N
[15:47:54] LPR 11 Recv: LPR_N
[15:47:56] LPR 12 Recv: LPR_N
[15:47:59] LPR 11 Recv: LPR_N
[15:48:01] LPR 12 Recv: LPR_N
[15:48:04] LPR 11 Recv: LPR_N
[15:48:06] LPR 12 Recv: LPR_N
[15:48:10] LPR 11 Recv: LPR_N
[15:48:11] LPR 12 Recv: LPR_N
[15:48:15] LPR 11 Recv: LPR_N
[15:48:16] LPR 12 Recv: LPR_N
[15:48:20] LPR 11 Recv: LPR_N
[15:48:22] LPR 12 Recv: LPR_N
[15:48:25] LPR 11 Recv: LPR_N
[15:48:27] LPR 12 Recv: LPR_N
[15:48:30] LPR 11 Recv: LPR_N
[15:48:32] LPR 12 Recv: LPR_N
[15:48:36] LPR 11 Recv: LPR_N
[15:48:37] LPR 12 Recv: LPR_N
[15:48:41] LPR 11 Recv: LPR_N
[15:48:43] LPR 12 Recv: LPR_N
[15:48:46] LPR 11 Recv: LPR_N
[15:48:48] LPR 12 Recv: LPR_N
[15:48:51] LPR 11 Recv: LPR_N
[15:48:53] LPR 12 Recv: LPR_N
[15:48:57] LPR 11 Recv: LPR_N
[15:48:58] LPR 12 Recv: LPR_N
[15:49:02] LPR 11 Recv: LPR_N
[15:49:04] LPR 12 Recv: LPR_N
[15:49:07] LPR 11 Recv: LPR_N
[15:49:09] LPR 12 Recv: LPR_N
[15:49:12] LPR 11 Recv: LPR_N
[15:49:14] LPR 12 Recv: LPR_N
[15:49:17] LPR 11 Recv: LPR_N
[15:49:19] LPR 12 Recv: LPR_N
[15:49:23] LPR 11 Recv: LPR_N
[15:49:24] LPR 12 Recv: LPR_N
[15:49:28] LPR 11 Recv: LPR_N
[15:49:30] LPR 12 Recv: LPR_N
[15:49:33] LPR 11 Recv: LPR_N
[15:49:35] LPR 12 Recv: LPR_N
[15:49:38] LPR 11 Recv: LPR_N
[15:49:40] LPR 12 Recv: LPR_N
[15:49:44] LPR 11 Recv: LPR_N
[15:49:45] LPR 12 Recv: LPR_N
[15:49:49] LPR 11 Recv: LPR_N
[15:49:51] LPR 12 Recv: LPR_N
[15:49:54] LPR 11 Recv: LPR_N
[15:49:56] LPR 12 Recv: LPR_N
[15:49:59] LPR 11 Recv: LPR_N
[15:50:01] LPR 12 Recv: LPR_N
[15:50:05] LPR 11 Recv: LPR_N
[15:50:06] LPR 12 Recv: LPR_N
[15:50:10] LPR 11 Recv: LPR_N
[15:50:11] LPR 12 Recv: LPR_N
[15:50:15] LPR 11 Recv: LPR_N
[15:50:17] LPR 12 Recv: LPR_N
[15:50:20] LPR 11 Recv: LPR_N
[15:50:22] LPR 12 Recv: LPR_N
[15:50:25] LPR 11 Recv: LPR_N
[15:50:27] LPR 12 Recv: LPR_N
[15:50:31] LPR 11 Recv: LPR_N
[15:50:32] LPR 12 Recv: LPR_N
[15:50:36] LPR 11 Recv: LPR_N
[15:50:38] LPR 12 Recv: LPR_N
[15:50:41] LPR 11 Recv: LPR_N
[15:50:43] LPR 12 Recv: LPR_N
[15:50:46] LPR 11 Recv: LPR_N
[15:50:48] LPR 12 Recv: LPR_N
[15:50:52] LPR 11 Recv: LPR_N
[15:50:53] LPR 12 Recv: LPR_N
[15:50:57] LPR 11 Recv: LPR_N
[15:50:59] LPR 12 Recv: LPR_N
[15:51:02] LPR 11 Recv: LPR_N
[15:51:04] LPR 12 Recv: LPR_N
[15:51:07] LPR 11 Recv: LPR_N
[15:51:09] LPR 12 Recv: LPR_N
[15:51:12] LPR 11 Recv: LPR_N
[15:51:14] LPR 12 Recv: LPR_N
[15:51:18] LPR 11 Recv: LPR_N
[15:51:19] LPR 12 Recv: LPR_N
[15:51:23] LPR 11 Recv: LPR_N
[15:51:25] LPR 12 Recv: LPR_N
[15:51:28] LPR 11 Recv: LPR_N
[15:51:30] LPR 12 Recv: LPR_N
[15:51:33] LPR 11 Recv: LPR_N
[15:51:35] LPR 12 Recv: LPR_N
[15:51:39] LPR 11 Recv: LPR_N
[15:51:40] LPR 12 Recv: LPR_N
[15:51:44] LPR 11 Recv: LPR_N
[15:51:46] LPR 12 Recv: LPR_N
[15:51:49] LPR 11 Recv: LPR_N
[15:51:51] LPR 12 Recv: LPR_N
[15:51:54] LPR 11 Recv: LPR_N
[15:51:56] LPR 12 Recv: LPR_N
[15:52:00] LPR 11 Recv: LPR_N
[15:52:01] LPR 12 Recv: LPR_N
[15:52:05] LPR 11 Recv: LPR_N
[15:52:06] LPR 12 Recv: LPR_N
[15:52:10] LPR 11 Recv: LPR_N
[15:52:12] LPR 12 Recv: LPR_N
[15:52:15] LPR 11 Recv: LPR_N
[15:52:17] LPR 12 Recv: LPR_N
[15:52:20] LPR 11 Recv: LPR_N
[15:52:22] LPR 12 Recv: LPR_N
[15:52:26] LPR 11 Recv: LPR_N
[15:52:27] LPR 12 Recv: LPR_N
[15:52:31] LPR 11 Recv: LPR_N
[15:52:33] LPR 12 Recv: LPR_N
[15:52:36] LPR 11 Recv: LPR_N
[15:52:38] LPR 12 Recv: LPR_N
[15:52:41] LPR 11 Recv: LPR_N
[15:52:43] LPR 12 Recv: LPR_N
[15:52:47] LPR 11 Recv: LPR_N
[15:52:48] LPR 12 Recv: LPR_N
[15:52:52] LPR 11 Recv: LPR_N
[15:52:54] LPR 12 Recv: LPR_N
[15:52:57] LPR 11 Recv: LPR_N
[15:52:59] LPR 12 Recv: LPR_N
[15:53:02] LPR 11 Recv: LPR_N
[15:53:04] LPR 12 Recv: LPR_N
[15:53:07] LPR 11 Recv: LPR_N
[15:53:09] LPR 12 Recv: LPR_N
[15:53:13] LPR 11 Recv: LPR_N
[15:53:14] LPR 12 Recv: LPR_N
[15:53:18] LPR 11 Recv: LPR_N
[15:53:20] LPR 12 Recv: LPR_N
[15:53:23] LPR 11 Recv: LPR_N
[15:53:25] LPR 12 Recv: LPR_N
[15:53:28] LPR 11 Recv: LPR_N
[15:53:30] LPR 12 Recv: LPR_N
[15:53:34] LPR 11 Recv: LPR_N
[15:53:35] LPR 12 Recv: LPR_N
[15:53:39] LPR 11 Recv: LPR_N
[15:53:41] LPR 12 Recv: LPR_N
[15:53:44] LPR 11 Recv: LPR_N
[15:53:46] LPR 12 Recv: LPR_N
[15:53:49] LPR 11 Recv: LPR_N
[15:53:51] LPR 12 Recv: LPR_N
[15:53:55] LPR 11 Recv: LPR_N
[15:53:56] LPR 12 Recv: LPR_N
[15:54:00] LPR 11 Recv: LPR_N
[15:54:01] LPR 12 Recv: LPR_N
[15:54:05] LPR 11 Recv: LPR_N
[15:54:07] LPR 12 Recv: LPR_N
[15:54:10] LPR 11 Recv: LPR_N
[15:54:12] LPR 12 Recv: LPR_N
[15:54:15] LPR 11 Recv: LPR_N
[15:54:17] LPR 12 Recv: LPR_N
[15:54:21] LPR 11 Recv: LPR_N
[15:54:22] LPR 12 Recv: LPR_N
[15:54:26] LPR 11 Recv: LPR_N
[15:54:28] LPR 12 Recv: LPR_N
[15:54:31] LPR 11 Recv: LPR_N
[15:54:33] LPR 12 Recv: LPR_N
[15:54:36] LPR 11 Recv: LPR_N
[15:54:38] LPR 12 Recv: LPR_N
[15:54:42] LPR 11 Recv: LPR_N
[15:54:43] LPR 12 Recv: LPR_N
[15:54:47] LPR 11 Recv: LPR_N
[15:54:49] LPR 12 Recv: LPR_N
[15:54:52] LPR 11 Recv: LPR_N
[15:54:54] LPR 12 Recv: LPR_N
[15:54:57] LPR 11 Recv: LPR_N
[15:54:59] LPR 12 Recv: LPR_N
[15:55:02] LPR 11 Recv: LPR_N
[15:55:04] LPR 12 Recv: LPR_N
[15:55:08] LPR 11 Recv: LPR_N
[15:55:09] LPR 12 Recv: LPR_N
[15:55:13] LPR 11 Recv: LPR_N
[15:55:15] LPR 12 Recv: LPR_N
[15:55:18] LPR 11 Recv: LPR_N
[15:55:20] LPR 12 Recv: LPR_N
[15:55:23] LPR 11 Recv: LPR_N
[15:55:25] LPR 12 Recv: LPR_N
[15:55:29] LPR 11 Recv: LPR_N
[15:55:30] LPR 12 Recv: LPR_N
[15:55:34] LPR 11 Recv: LPR_N
[15:55:36] LPR 12 Recv: LPR_N
[15:55:39] LPR 11 Recv: LPR_N
[15:55:41] LPR 12 Recv: LPR_N
[15:55:44] LPR 11 Recv: LPR_N
[15:55:46] LPR 12 Recv: LPR_N
[15:55:50] LPR 11 Recv: LPR_N
[15:55:51] LPR 12 Recv: LPR_N
[15:55:55] LPR 11 Recv: LPR_N
[15:55:56] LPR 12 Recv: LPR_N
[15:56:00] LPR 11 Recv: LPR_N
[15:56:02] LPR 12 Recv: LPR_N
[15:56:05] LPR 11 Recv: LPR_N
[15:56:07] LPR 12 Recv: LPR_N
[15:56:10] LPR 11 Recv: LPR_N
[15:56:12] LPR 12 Recv: LPR_N
[15:56:16] LPR 11 Recv: LPR_N
[15:56:17] LPR 12 Recv: LPR_N
[15:56:21] LPR 11 Recv: LPR_N
[15:56:23] LPR 12 Recv: LPR_N
[15:56:27] LPR 11 Recv: LPR_N
[15:56:28] LPR 12 Recv: LPR_N
[15:56:32] LPR 11 Recv: LPR_N
[15:56:33] LPR 12 Recv: LPR_N
[15:56:37] LPR 11 Recv: LPR_N
[15:56:38] LPR 12 Recv: LPR_N
[15:56:42] LPR 11 Recv: LPR_N
[15:56:44] LPR 12 Recv: LPR_N
[15:56:48] LPR 11 Recv: LPR_N
[15:56:49] LPR 12 Recv: LPR_N
[15:56:53] LPR 11 Recv: LPR_N
[15:56:54] LPR 12 Recv: LPR_N
[15:56:58] LPR 11 Recv: LPR_N
[15:56:59] LPR 12 Recv: LPR_N
[15:57:03] LPR 11 Recv: LPR_N
[15:57:04] LPR 12 Recv: LPR_N
[15:57:08] LPR 11 Recv: LPR_N
[15:57:10] LPR 12 Recv: LPR_N
[15:57:14] LPR 11 Recv: LPR_N
[15:57:15] LPR 12 Recv: LPR_N
[15:57:19] LPR 11 Recv: LPR_N
[15:57:20] LPR 12 Recv: LPR_N
[15:57:24] LPR 11 Recv: LPR_N
[15:57:25] LPR 12 Recv: LPR_N
[15:57:29] LPR 11 Recv: LPR_N
[15:57:31] LPR 12 Recv: LPR_N
[15:57:35] LPR 11 Recv: LPR_N
[15:57:36] LPR 12 Recv: LPR_N
[15:57:40] LPR 11 Recv: LPR_N
[15:57:41] LPR 12 Recv: LPR_N
[15:57:45] LPR 11 Recv: LPR_N
[15:57:46] LPR 12 Recv: LPR_N
[15:57:50] LPR 11 Recv: LPR_N
[15:57:51] LPR 12 Recv: LPR_N
[15:57:55] LPR 11 Recv: LPR_N
[15:57:57] LPR 12 Recv: LPR_N
[15:58:01] LPR 11 Recv: LPR_N
[15:58:02] LPR 12 Recv: LPR_N
[15:58:06] LPR 11 Recv: LPR_N
[15:58:07] LPR 12 Recv: LPR_N
[15:58:11] LPR 11 Recv: LPR_N
[15:58:12] LPR 12 Recv: LPR_N
[15:58:16] LPR 11 Recv: LPR_N
[15:58:18] LPR 12 Recv: LPR_N
[15:58:22] LPR 11 Recv: LPR_N
[15:58:23] LPR 12 Recv: LPR_N
[15:58:27] LPR 11 Recv: LPR_N
[15:58:28] LPR 12 Recv: LPR_N
[15:58:32] LPR 11 Recv: LPR_N
[15:58:33] LPR 12 Recv: LPR_N
[15:58:37] LPR 11 Recv: LPR_N
[15:58:39] LPR 12 Recv: LPR_N
[15:58:43] LPR 11 Recv: LPR_N
[15:58:44] LPR 12 Recv: LPR_N
[15:58:48] LPR 11 Recv: LPR_N
[15:58:49] LPR 12 Recv: LPR_N
[15:58:53] LPR 11 Recv: LPR_N
[15:58:54] LPR 12 Recv: LPR_N
[15:58:58] LPR 11 Recv: LPR_N
[15:58:59] LPR 12 Recv: LPR_N
[15:59:03] LPR 11 Recv: LPR_N
[15:59:05] LPR 12 Recv: LPR_N
[15:59:09] LPR 11 Recv: LPR_N
[15:59:10] LPR 12 Recv: LPR_N
[15:59:14] LPR 11 Recv: LPR_N
[15:59:15] LPR 12 Recv: LPR_N
[15:59:19] LPR 11 Recv: LPR_N
[15:59:20] LPR 12 Recv: LPR_N
[15:59:24] LPR 11 Recv: LPR_N
[15:59:26] LPR 12 Recv: LPR_N
[15:59:30] LPR 11 Recv: LPR_N
[15:59:31] LPR 12 Recv: LPR_N
[15:59:35] LPR 11 Recv: LPR_N
[15:59:36] LPR 12 Recv: LPR_N
[15:59:40] LPR 11 Recv: LPR_N
[15:59:41] LPR 12 Recv: LPR_N
[15:59:45] LPR 11 Recv: LPR_N
[15:59:46] LPR 12 Recv: LPR_N
[15:59:50] LPR 11 Recv: LPR_N
[15:59:52] LPR 12 Recv: LPR_N
[15:59:56] LPR 11 Recv: LPR_N
[15:59:57] LPR 12 Recv: LPR_N
[16:00:01] LPR 11 Recv: LPR_N
[16:00:02] LPR 12 Recv: LPR_N
[16:00:06] LPR 11 Recv: LPR_N
[16:00:07] LPR 12 Recv: LPR_N
[16:00:11] LPR 11 Recv: LPR_N
[16:00:13] LPR 12 Recv: LPR_N
[16:00:17] LPR 11 Recv: LPR_N
[16:00:18] LPR 12 Recv: LPR_N
[16:00:22] LPR 11 Recv: LPR_N
[16:00:23] LPR 12 Recv: LPR_N
[16:00:27] LPR 11 Recv: LPR_N
[16:00:28] LPR 12 Recv: LPR_N
[16:00:32] LPR 11 Recv: LPR_N
[16:00:34] LPR 12 Recv: LPR_N
[16:00:38] LPR 11 Recv: LPR_N
[16:00:39] LPR 12 Recv: LPR_N
[16:00:43] LPR 11 Recv: LPR_N
[16:00:44] LPR 12 Recv: LPR_N
[16:00:48] LPR 11 Recv: LPR_N
[16:00:54] LPR 11 Recv: LPR_N
[16:00:58] LPR 12 Recv: LPR_N
[16:00:59] LPR 11 Recv: LPR_N
[16:01:03] LPR 12 Recv: LPR_N
[16:01:04] LPR 11 Recv: LPR_N
[16:01:09] LPR 12 Recv: LPR_N
[16:01:09] LPR 11 Recv: LPR_N
[16:01:14] LPR 12 Recv: LPR_N
[16:01:15] LPR 11 Recv: LPR_N
[16:01:19] LPR 12 Recv: LPR_N
[16:01:20] LPR 11 Recv: LPR_N
[16:01:24] LPR 12 Recv: LPR_N
[16:01:25] LPR 11 Recv: LPR_N
[16:01:30] LPR 12 Recv: LPR_N
[16:01:30] LPR 11 Recv: LPR_N
[16:01:35] LPR 12 Recv: LPR_N
[16:01:36] LPR 11 Recv: LPR_N
[16:01:40] LPR 12 Recv: LPR_N
[16:01:41] LPR 11 Recv: LPR_N
[16:01:45] LPR 12 Recv: LPR_N
[16:01:46] LPR 11 Recv: LPR_N
[16:01:50] LPR 12 Recv: LPR_N
[16:01:51] LPR 11 Recv: LPR_N
[16:01:56] LPR 12 Recv: LPR_N
[16:01:56] LPR 11 Recv: LPR_N
[16:02:01] LPR 12 Recv: LPR_N
[16:02:02] LPR 11 Recv: LPR_N
[16:02:06] LPR 12 Recv: LPR_N
[16:02:07] LPR 11 Recv: LPR_N
[16:02:11] LPR 12 Recv: LPR_N
[16:02:12] LPR 11 Recv: LPR_N
[16:02:17] LPR 12 Recv: LPR_N
[16:02:17] LPR 11 Recv: LPR_N
[16:02:22] LPR 12 Recv: LPR_N
[16:02:23] LPR 11 Recv: LPR_N
[16:02:27] LPR 12 Recv: LPR_N
[16:02:28] LPR 11 Recv: LPR_N
[16:02:32] LPR 12 Recv: LPR_N
[16:02:33] LPR 11 Recv: LPR_N
[16:02:38] LPR 12 Recv: LPR_N
[16:02:38] LPR 11 Recv: LPR_N
[16:02:43] LPR 12 Recv: LPR_N
[16:02:43] LPR 11 Recv: LPR_N
[16:02:48] LPR 12 Recv: LPR_N
[16:02:49] LPR 11 Recv: LPR_N
[16:02:53] LPR 12 Recv: LPR_N
[16:02:54] LPR 11 Recv: LPR_N
[16:02:58] LPR 12 Recv: LPR_N
[16:02:59] LPR 11 Recv: LPR_N
[16:03:04] LPR 12 Recv: LPR_N
[16:03:04] LPR 11 Recv: LPR_N
[16:03:09] LPR 12 Recv: LPR_N
[16:03:10] LPR 11 Recv: LPR_N
[16:03:14] LPR 12 Recv: LPR_N
[16:03:15] LPR 11 Recv: LPR_N
[16:03:19] LPR 12 Recv: LPR_N
[16:03:20] LPR 11 Recv: LPR_N
[16:03:25] LPR 12 Recv: LPR_N
[16:03:25] LPR 11 Recv: LPR_N
[16:03:30] LPR 12 Recv: LPR_N
[16:03:31] LPR 11 Recv: LPR_N
[16:03:35] LPR 12 Recv: LPR_N
[16:03:36] LPR 11 Recv: LPR_N
[16:03:40] LPR 12 Recv: LPR_N
[16:03:41] LPR 11 Recv: LPR_N
[16:03:45] LPR 12 Recv: LPR_N
[16:03:46] LPR 11 Recv: LPR_N
[16:03:51] LPR 12 Recv: LPR_N
[16:03:51] LPR 11 Recv: LPR_N
[16:03:56] LPR 12 Recv: LPR_N
[16:03:57] LPR 11 Recv: LPR_N
[16:04:01] LPR 12 Recv: LPR_N
[16:04:02] LPR 11 Recv: LPR_N
[16:04:06] LPR 12 Recv: LPR_N
[16:04:07] LPR 11 Recv: LPR_N
[16:04:12] LPR 12 Recv: LPR_N
[16:04:12] LPR 11 Recv: LPR_N
[16:04:17] LPR 12 Recv: LPR_N
[16:04:18] LPR 11 Recv: LPR_N
[16:04:22] LPR 12 Recv: LPR_N
[16:04:23] LPR 11 Recv: LPR_N
[16:04:27] LPR 12 Recv: LPR_N
[16:04:28] LPR 11 Recv: LPR_N
[16:04:33] LPR 12 Recv: LPR_N
[16:04:33] LPR 11 Recv: LPR_N
[16:04:38] LPR 12 Recv: LPR_N
[16:04:38] LPR 11 Recv: LPR_N
[16:04:43] LPR 12 Recv: LPR_N
[16:04:44] LPR 11 Recv: LPR_N
[16:04:48] LPR 12 Recv: LPR_N
[16:04:49] LPR 11 Recv: LPR_N
[16:04:53] LPR 12 Recv: LPR_N
[16:04:54] LPR 11 Recv: LPR_N
[16:04:59] LPR 12 Recv: LPR_N
[16:04:59] LPR 11 Recv: LPR_N
[16:05:04] LPR 12 Recv: LPR_N
[16:05:05] LPR 11 Recv: LPR_N
[16:05:09] LPR 12 Recv: LPR_N
[16:05:10] LPR 11 Recv: LPR_N
[16:05:11] Program Close
[16:46:09] Program Start!
[16:46:17] 근무시작: 배은화
[16:46:18] 영수증프린터 포트오픈 에러: ie_BadId - Specified comport doesn't exist
[16:46:18] Ping 시간 체크1-95686140
[16:46:18] Ping 시간 체크2-95686156
[16:46:18] Ping 시간 체크1-95686203
[16:46:18] Ping 시간 체크2-95686218
[16:46:18] Ping 시간 체크1-95686234
[16:46:18] Ping 시간 체크2-95686234
[16:46:18] Ping 시간 체크1-95686250
[16:46:18] Ping 시간 체크2-95686250
[16:46:18] 주차권  101
[16:46:18] 경차  102
[16:46:18] 장애인  103
[16:46:18] 전액무료  104
[16:46:28] LPR 11 Recv: 172.16.83.1LPR_N
[16:46:28] LPR Check: , http://172.16.66.33:9080/MSImage172.16.83.1LPR_N, 3,,,0, N   -  -     :  :  
[16:46:28] 이미지저장폴더 생성실패: C:\LPRImage\N   \  \  \11
[16:46:28] File: \\172.16.66.33\MSImage172.16.83.1LPR_N
[16:46:29] csInLpr1Read: qryInLpr1Proc: Cannot perform this operation on a closed dataset
[16:46:29] LPR 12 Recv: 172.16.83.1LPR_NLPR_N
[16:46:29] LPR Check: ,http://172.16.66.34:9080/MSImage172.16.83.1LPR_NLPR_N,3,,,0, NLPR-_N-     :  :  
[16:46:29] 이미지저장폴더 생성실패: C:\LPRImage\NLPR\_N\  \12
[16:46:29] File: \\172.16.66.34\MSImage172.16.83.1LPR_NLPR_N
[16:46:30] csOutLpr1Read: qryOutLpr1Proc: Cannot perform this operation on a closed dataset
[16:46:31] LPR 11 Recv: LPR_N
[16:46:32] LPR 12 Recv: LPR_N
[16:46:41] LPR 11 Recv: LPR_NLPR_N
[16:46:41] LPR 12 Recv: LPR_N
[16:46:43] LPR 12 Recv: LPR_N
[16:46:58] LPR 11 Recv: LPR_NCH1#31로685##\2014\10\07\CH1_20141007172307_31로685.jpgCH1#31로685##\2014\10\07\CH1_20141007172308_31로685.jpgLPR_NLPR_NCH1#31로685##\2014\10\07\CH1_20141007172316_31로685.jpg
[16:46:58] LPR Check: 31로685, http://172.16.66.33:9080/MSImage/2014/10/07/CH1_20141007172307_31로685.jpgCH1#31로685##/2014/10/07/CH1_20141007172308_31로685.jpgLPR_NLPR_NCH1#31로685##/2014/10/07/CH1_20141007172316_31로685.jpg, 3,,,0, 2014-10-07 17:23:07
[16:46:58] File: \\172.16.66.33\MSImage\2014\10\07\CH1_20141007172307_31로685.jpgCH1#31로685##\2014\10\07\CH1_20141007172308_31로685.jpgLPR_NLPR_NCH1#31로685##\2014\10\07\CH1_20141007172316_31로685.jpg
[16:47:02] 일반차량: 31로685, 
[16:47:02] Ping 시간 체크1-95729781
[16:47:02] Ping 시간 체크2-95729781
[16:47:02] Ping 시간 체크1-95729781
[16:47:02] Ping 시간 체크2-95729796
[16:47:02] 입구차단기 Open
[16:47:02] 일반차량입차: 31로685, 
[16:47:02] LPR 12 Recv: LPR_NLPR_NLPR_N
[16:47:03] LPR 11 Recv: LPR_N
[16:47:03] LPR 12 Recv: LPR_N
[16:47:42] LPR 11 Recv: CH1#31로685##\2014\10\07\CH1_20141007172324_31로685.jpgLPR_NLPR_NLPR_NLPR_NLPR_N
[16:49:20] LPR Check: 31로685, http://172.16.66.33:9080/MSImage/2014/10/07/CH1_20141007172324_31로685.jpgLPR_NLPR_NLPR_NLPR_NLPR_N, 3,,,0, 2014-10-07 17:23:24
[16:49:34] File: \\172.16.66.33\MSImage\2014\10\07\CH1_20141007172324_31로685.jpgLPR_NLPR_NLPR_NLPR_NLPR_N
[16:50:03] 일반차량: 31로685, 
[16:51:14] Ping 시간 체크1-95981921
[16:51:14] Ping 시간 체크2-95981953
[16:51:15] Ping 시간 체크1-95983078
[16:51:15] Ping 시간 체크2-95983078
[16:51:15] 입구차단기 Open
[16:51:16] 일반차량입차: 31로685, 
[17:12:15] Program Start!
[17:12:17] 근무시작: 배은화
[17:12:17] 영수증프린터 포트오픈 에러: ie_BadId - Specified comport doesn't exist
[17:12:17] Ping 시간 체크1-97245250
[17:12:17] Ping 시간 체크2-97245265
[17:12:17] Ping 시간 체크1-97245265
[17:12:17] Ping 시간 체크2-97245265
[17:12:17] Ping 시간 체크1-97245265
[17:12:17] Ping 시간 체크2-97245281
[17:12:17] Ping 시간 체크1-97245281
[17:12:17] Ping 시간 체크2-97245296
[17:12:17] 주차권  101
[17:12:17] 경차  102
[17:12:17] 장애인  103
[17:12:17] 전액무료  104
[17:12:17] LPR 11 Recv: 172.16.83.1
[17:12:17] LPR 12 Recv: 172.16.83.1
[17:12:18] LPR 12 Recv: LPR_N
[17:12:19] LPR 11 Recv: LPR_N
[17:12:19] LPR 12 Recv: LPR_N
[17:12:21] LPR 11 Recv: LPR_N
[17:12:25] LPR 12 Recv: LPR_N
[17:12:26] LPR 11 Recv: LPR_N
[17:12:30] LPR 12 Recv: LPR_N
[17:12:31] LPR 11 Recv: LPR_N
[17:12:35] LPR 12 Recv: LPR_N
[17:12:36] LPR 11 Recv: LPR_N
[17:12:40] LPR 12 Recv: LPR_N
[17:12:42] LPR 11 Recv: LPR_N
[17:12:45] LPR 12 Recv: LPR_N
[17:12:47] LPR 11 Recv: LPR_N
[17:12:51] LPR 12 Recv: LPR_N
[17:12:52] LPR 11 Recv: LPR_N
[17:12:56] LPR 12 Recv: LPR_N
[17:12:57] LPR 11 Recv: LPR_N
[17:13:01] LPR 12 Recv: LPR_N
[17:13:02] LPR 11 Recv: LPR_N
[17:13:06] LPR 12 Recv: LPR_N
[17:13:08] LPR 11 Recv: LPR_N
[17:13:12] LPR 12 Recv: LPR_N
[17:13:13] LPR 11 Recv: LPR_N
[17:13:17] LPR 12 Recv: LPR_N
[17:13:18] LPR 11 Recv: LPR_N
[17:13:22] LPR 12 Recv: LPR_N
[17:13:23] LPR 11 Recv: LPR_N
[17:13:27] LPR 12 Recv: LPR_N
[17:13:29] LPR 11 Recv: LPR_N
[17:13:33] LPR 12 Recv: LPR_N
[17:13:34] LPR 11 Recv: LPR_N
[17:13:38] LPR 12 Recv: LPR_N
[17:13:39] LPR 11 Recv: LPR_N
[17:13:43] LPR 12 Recv: LPR_N
[17:13:44] LPR 11 Recv: LPR_N
[17:13:48] LPR 12 Recv: LPR_N
[17:13:49] LPR 11 Recv: LPR_N
[17:13:53] LPR 12 Recv: LPR_N
[17:13:55] LPR 11 Recv: LPR_N
[17:13:59] LPR 12 Recv: LPR_N
[17:14:00] LPR 11 Recv: LPR_N
[17:14:04] LPR 12 Recv: LPR_N
[17:14:05] LPR 11 Recv: LPR_N
[17:14:09] LPR 12 Recv: LPR_N
[17:14:10] LPR 11 Recv: LPR_N
[17:14:14] LPR 12 Recv: LPR_N
[17:14:16] LPR 11 Recv: LPR_N
[17:14:20] LPR 12 Recv: LPR_N
[17:14:21] LPR 11 Recv: LPR_N
[17:14:25] LPR 12 Recv: LPR_N
[17:14:26] LPR 11 Recv: LPR_N
[17:14:30] LPR 12 Recv: LPR_N
[17:14:31] LPR 11 Recv: LPR_N
[17:14:35] LPR 12 Recv: LPR_N
[17:14:37] LPR 11 Recv: LPR_N
[17:14:40] LPR 12 Recv: LPR_N
[17:14:42] LPR 11 Recv: LPR_N
[17:14:46] LPR 12 Recv: LPR_N
[17:14:47] LPR 11 Recv: LPR_N
[17:14:51] LPR 12 Recv: LPR_N
[17:14:52] LPR 11 Recv: LPR_N
[17:14:56] LPR 12 Recv: LPR_N
[17:14:57] LPR 11 Recv: LPR_N
[17:15:01] LPR 12 Recv: LPR_N
[17:15:03] LPR 11 Recv: LPR_N
[17:15:07] LPR 12 Recv: LPR_N
[17:15:08] LPR 11 Recv: LPR_N
[17:15:12] LPR 12 Recv: LPR_N
[17:15:13] LPR 11 Recv: LPR_N
[17:15:17] LPR 12 Recv: LPR_N
[17:15:18] LPR 11 Recv: LPR_N
[17:15:22] LPR 12 Recv: LPR_N
[17:15:24] LPR 11 Recv: LPR_N
[17:15:28] LPR 12 Recv: LPR_N
[17:15:29] LPR 11 Recv: LPR_N
[17:15:33] LPR 12 Recv: LPR_N
[17:15:34] LPR 11 Recv: LPR_N
[17:15:38] LPR 12 Recv: LPR_N
[17:15:39] LPR 11 Recv: LPR_N
[17:15:43] LPR 12 Recv: LPR_N
[17:15:44] LPR 11 Recv: LPR_N
[17:15:48] LPR 12 Recv: LPR_N
[17:15:50] LPR 11 Recv: LPR_N
[17:15:54] LPR 12 Recv: LPR_N
[17:15:55] LPR 11 Recv: LPR_N
[17:15:59] LPR 12 Recv: LPR_N
[17:16:00] LPR 11 Recv: LPR_N
[17:16:04] LPR 12 Recv: LPR_N
[17:16:05] LPR 11 Recv: LPR_N
[17:16:09] LPR 12 Recv: LPR_N
[17:16:11] LPR 11 Recv: LPR_N
[17:16:15] LPR 12 Recv: LPR_N
[17:16:16] LPR 11 Recv: LPR_N
[17:16:20] LPR 12 Recv: LPR_N
[17:16:21] LPR 11 Recv: LPR_N
[17:16:25] LPR 12 Recv: LPR_N
[17:16:26] LPR 11 Recv: LPR_N
[17:16:30] LPR 12 Recv: LPR_N
[17:16:32] LPR 11 Recv: LPR_N
[17:16:35] LPR 12 Recv: LPR_N
[17:16:37] LPR 11 Recv: LPR_N
[17:16:41] LPR 12 Recv: LPR_N
[17:16:42] LPR 11 Recv: LPR_N
[17:16:46] LPR 12 Recv: LPR_N
[17:16:47] LPR 11 Recv: LPR_N
[17:16:51] LPR 12 Recv: LPR_N
[17:16:52] LPR 11 Recv: LPR_N
[17:16:56] LPR 12 Recv: LPR_N
[17:16:58] LPR 11 Recv: LPR_N
[17:17:02] LPR 12 Recv: LPR_N
[17:17:03] LPR 11 Recv: LPR_N
[17:17:07] LPR 12 Recv: LPR_N
[17:17:08] LPR 11 Recv: LPR_N
[17:17:12] LPR 12 Recv: LPR_N
[17:17:13] LPR 11 Recv: LPR_N
[17:17:17] LPR 12 Recv: LPR_N
[17:17:19] LPR 11 Recv: LPR_N
[17:17:19] Program Close
[17:22:25] Program Start!
[17:22:27] 근무시작: 배은화
[17:22:28] 영수증프린터 포트오픈 에러: ie_BadId - Specified comport doesn't exist
[17:22:28] Ping 시간 체크1-148765
[17:22:28] Ping 시간 체크2-148765
[17:22:28] Ping 시간 체크1-148781
[17:22:28] Ping 시간 체크2-148781
[17:22:28] Ping 시간 체크1-148781
[17:22:28] Ping 시간 체크2-148796
[17:22:28] Ping 시간 체크1-148796
[17:22:28] Ping 시간 체크2-148812
[17:22:28] 주차권  101
[17:22:28] 경차  102
[17:22:28] 장애인  103
[17:22:28] 전액무료  104
[17:22:28] LPR 11 Recv: 172.16.83.1
[17:22:28] LPR 12 Recv: 172.16.83.1
[17:22:29] LPR 11 Recv: LPR_N
[17:22:29] LPR 12 Recv: LPR_N
[17:22:31] LPR 11 Recv: LPR_N
[17:22:35] LPR 12 Recv: LPR_N
[17:22:36] LPR 11 Recv: LPR_N
[17:22:40] LPR 12 Recv: LPR_N
[17:22:41] LPR 11 Recv: CH1#31로6852#N#\2014\10\07\CH1_20141007175901_31로6852.jpg
[17:22:41] LPR Check: 31로6852, http://172.16.66.33:9080/MSImage/2014/10/07/CH1_20141007175901_31로6852.jpg, 1,,,0, 2014-10-07 17:59:01
[17:22:41] File: \\172.16.66.33\MSImage\2014\10\07\CH1_20141007175901_31로6852.jpg
[17:22:41] 일반차량: 31로6852, 
[17:22:41] Ping 시간 체크1-162671
[17:22:41] Ping 시간 체크2-162687
[17:22:41] Ping 시간 체크1-162687
[17:22:41] Ping 시간 체크2-162687
[17:22:41] 입구차단기 Open
[17:22:41] 일반차량입차: 31로6852, 
[17:22:42] LPR 11 Recv: LPR_N
[17:22:45] LPR 12 Recv: LPR_N
[17:22:47] LPR 11 Recv: LPR_N
[17:22:50] LPR 12 Recv: LPR_N
[17:22:52] LPR 11 Recv: LPR_N
[17:22:56] LPR 12 Recv: LPR_N
[17:22:57] LPR 11 Recv: LPR_N
[17:23:01] LPR 12 Recv: LPR_N
[17:23:03] LPR 11 Recv: LPR_N
[17:23:06] LPR 12 Recv: LPR_N
[17:23:08] LPR 11 Recv: LPR_N
[17:23:11] LPR 12 Recv: LPR_N
[17:23:13] LPR 11 Recv: LPR_N
[17:23:16] LPR 12 Recv: LPR_N
[17:23:18] LPR 11 Recv: LPR_N
[17:23:22] LPR 12 Recv: LPR_N
[17:23:23] LPR 11 Recv: LPR_N
[17:23:25] LPR 12 Recv: LPR_R
[17:23:25] 시간동기화 전송
[17:23:29] LPR 11 Recv: LPR_N
[17:23:34] LPR 11 Recv: LPR_N
[17:23:36] LPR 12 Recv: CH1#31로6852#N#\2014\10\02\CH1_20141002170625_31로6852.jpg
[17:23:36] LPR Check: 31로6852,http://172.16.66.34:9080/MSImage/2014/10/02/CH1_20141002170625_31로6852.jpg,1,,,0, 2014-10-02 17:06:25
[17:23:36] File: \\172.16.66.34\MSImage\2014\10\02\CH1_20141002170625_31로6852.jpg
[17:23:36] 일반차량: 31로6852, 
[17:23:36] In Image File: \\172.16.66.33\MSImage\2014\10\07\CH1_20141007175901_31로6852.jpg
[17:23:36] Ping 시간 체크1-216984
[17:23:36] Ping 시간 체크2-216984
[17:23:36] Out Image File: \\172.16.66.34\MSImage\2014\10\02\CH1_20141002170625_31로6852.jpg
[17:23:36] Ping 시간 체크1-217343
[17:23:36] Ping 시간 체크2-217343
[17:23:37] NormalOut: 현재 범위를 벗어났습니다
[17:23:37] 일반차량출차: 31로6852, 
[17:23:39] LPR 11 Recv: LPR_N
[17:23:44] LPR 11 Recv: LPR_N
[17:23:50] LPR 11 Recv: LPR_N
[17:23:55] LPR 11 Recv: LPR_N
[17:24:00] LPR 11 Recv: CH1#31로6822#N#\2014\10\02\CH1_20141002180019_31로6822.jpg
[17:24:00] LPR Check: 31로6822, http://172.16.66.33:9080/MSImage/2014/10/02/CH1_20141002180019_31로6822.jpg, 1,,,0, 2014-10-02 18:00:19
[17:24:00] File: \\172.16.66.33\MSImage\2014\10\02\CH1_20141002180019_31로6822.jpg
[17:24:00] 일반차량: 31로6822, 
[17:24:00] Ping 시간 체크1-241500
[17:24:00] Ping 시간 체크2-241515
[17:24:00] Ping 시간 체크1-241515
[17:24:00] Ping 시간 체크2-241515
[17:24:00] 입구차단기 Open
[17:24:00] 일반차량입차: 31로6822, 
[17:24:01] LPR 11 Recv: LPR_N
[17:24:03] LPR 12 Recv: CH1#31로6822#N#\2014\10\02\CH1_20141002170652_31로6822.jpg
[17:24:03] LPR Check: 31로6822,http://172.16.66.34:9080/MSImage/2014/10/02/CH1_20141002170652_31로6822.jpg,1,,,0, 2014-10-02 17:06:52
[17:24:03] File: \\172.16.66.34\MSImage\2014\10\02\CH1_20141002170652_31로6822.jpg
[17:24:06] LPR 11 Recv: LPR_N
[17:24:11] LPR 12 Recv: CH1#31로6822#N#\2014\10\02\CH1_20141002170700_31로6822.jpg
[17:24:11] LPR Check: 31로6822,http://172.16.66.34:9080/MSImage/2014/10/02/CH1_20141002170700_31로6822.jpg,1,,,0, 2014-10-02 17:07:00
[17:24:11] File: \\172.16.66.34\MSImage\2014\10\02\CH1_20141002170700_31로6822.jpg
[17:24:11] LPR 11 Recv: LPR_N
[17:24:16] LPR 11 Recv: LPR_N
[17:24:21] LPR 11 Recv: LPR_N
[17:24:22] LPR 11 Recv: CH1#31로6811#N#\2014\10\02\CH1_20141002180041_31로6811.jpg
[17:24:22] LPR Check: 31로6811, http://172.16.66.33:9080/MSImage/2014/10/02/CH1_20141002180041_31로6811.jpg, 1,,,0, 2014-10-02 18:00:41
[17:24:22] File: \\172.16.66.33\MSImage\2014\10\02\CH1_20141002180041_31로6811.jpg
[17:24:22] 일반차량: 31로6811, 
[17:24:22] Ping 시간 체크1-263156
[17:24:22] Ping 시간 체크2-263171
[17:24:22] Ping 시간 체크1-263171
[17:24:22] Ping 시간 체크2-263171
[17:24:22] 입구차단기 Open
[17:24:22] 일반차량입차: 31로6811, 
[17:24:27] LPR 11 Recv: LPR_N
[17:24:29] LPR 12 Recv: CH1#31로6811#N#\2014\10\02\CH1_20141002170718_31로6811.jpg
[17:24:29] LPR Check: 31로6811,http://172.16.66.34:9080/MSImage/2014/10/02/CH1_20141002170718_31로6811.jpg,1,,,0, 2014-10-02 17:07:18
[17:24:29] File: \\172.16.66.34\MSImage\2014\10\02\CH1_20141002170718_31로6811.jpg
[17:24:32] LPR 11 Recv: LPR_N
[17:24:34] LPR 11 Recv: CH1#31로6811#N#\2014\10\02\CH1_20141002180053_31로6811.jpg
[17:24:34] LPR Check: 31로6811, http://172.16.66.33:9080/MSImage/2014/10/02/CH1_20141002180053_31로6811.jpg, 1,,,0, 2014-10-02 18:00:53
[17:24:34] File: \\172.16.66.33\MSImage\2014\10\02\CH1_20141002180053_31로6811.jpg
[17:24:34] 일반차량: 31로6811, 
[17:24:34] Ping 시간 체크1-275421
[17:24:34] Ping 시간 체크2-275437
[17:24:34] Ping 시간 체크1-275437
[17:24:34] Ping 시간 체크2-275437
[17:24:34] 입구차단기 Open
[17:24:34] 일반차량입차: 31로6811, 
[17:24:36] LPR 12 Recv: CH1#31로6811#N#\2014\10\02\CH1_20141002170725_31로6811.jpg
[17:24:36] LPR Check: 31로6811,http://172.16.66.34:9080/MSImage/2014/10/02/CH1_20141002170725_31로6811.jpg,1,,,0, 2014-10-02 17:07:25
[17:24:36] File: \\172.16.66.34\MSImage\2014\10\02\CH1_20141002170725_31로6811.jpg
[17:24:37] LPR 11 Recv: LPR_N
[17:24:38] LPR 12 Recv: CH1#31로6811#N#\2014\10\02\CH1_20141002170727_31로6811.jpg
[17:24:38] LPR Check: 31로6811,http://172.16.66.34:9080/MSImage/2014/10/02/CH1_20141002170727_31로6811.jpg,1,,,0, 2014-10-02 17:07:27
[17:24:38] File: \\172.16.66.34\MSImage\2014\10\02\CH1_20141002170727_31로6811.jpg
[17:24:42] LPR 11 Recv: LPR_N
[17:24:47] LPR 12 Recv: LPR_N
[17:24:48] LPR 11 Recv: LPR_N
[17:24:49] LPR 12 Recv: LPR_R
[17:24:49] 시간동기화 전송
[17:24:53] LPR 11 Recv: LPR_N
[17:24:57] LPR 12 Recv: LPR_N
[17:24:58] LPR 11 Recv: LPR_N
[17:25:03] LPR 11 Recv: LPR_N
[17:25:05] LPR 12 Recv: LPR_N
[17:25:08] LPR 12 Recv: LPR_R
[17:25:08] 시간동기화 전송
[17:25:09] LPR 11 Recv: LPR_N
[17:25:14] LPR 11 Recv: LPR_N
[17:25:19] LPR 11 Recv: LPR_N
[17:25:24] LPR 11 Recv: LPR_N
[17:25:30] LPR 11 Recv: LPR_N
[17:25:35] LPR 11 Recv: LPR_N
[17:25:40] LPR 11 Recv: LPR_N
[17:25:46] LPR 11 Recv: LPR_N
[17:25:51] LPR 11 Recv: LPR_N
[17:25:56] LPR 11 Recv: LPR_N
[17:26:02] LPR 11 Recv: LPR_N
[17:26:07] LPR 11 Recv: LPR_N
[17:26:08] Ping 시간 체크1-368796
[17:26:08] Ping 시간 체크2-368796
[17:26:08] 12번 LPR OK 전송
[17:26:12] LPR 11 Recv: LPR_N
[17:26:16] LPR 11 Recv: CH1#31로6833#N#\2014\10\02\CH1_20141002180235_31로6833.jpg
[17:26:16] LPR Check: 31로6833, http://172.16.66.33:9080/MSImage/2014/10/02/CH1_20141002180235_31로6833.jpg, 1,,,0, 2014-10-02 18:02:35
[17:26:16] File: \\172.16.66.33\MSImage\2014\10\02\CH1_20141002180235_31로6833.jpg
[17:26:16] 일반차량: 31로6833, 
[17:26:16] Ping 시간 체크1-377250
[17:26:16] Ping 시간 체크2-377265
[17:26:16] Ping 시간 체크1-377265
[17:26:16] Ping 시간 체크2-377265
[17:26:16] 입구차단기 Open
[17:26:16] 일반차량입차: 31로6833, 
[17:26:17] LPR 11 Recv: LPR_N
[17:26:21] LPR 12 Recv: CH1#31로6833#N#\2014\10\02\CH1_20141002170728_31로6833.jpg
[17:26:21] LPR Check: 31로6833,http://172.16.66.34:9080/MSImage/2014/10/02/CH1_20141002170728_31로6833.jpg,1,,,0, 2014-10-02 17:07:28
[17:26:21] File: \\172.16.66.34\MSImage\2014\10\02\CH1_20141002170728_31로6833.jpg
[17:26:23] LPR 11 Recv: LPR_N
[17:26:24] LPR 12 Recv: CH1#31로6833#N#\2014\10\02\CH1_20141002170731_31로6833.jpg
[17:26:24] LPR Check: 31로6833,http://172.16.66.34:9080/MSImage/2014/10/02/CH1_20141002170731_31로6833.jpg,1,,,0, 2014-10-02 17:07:31
[17:26:24] File: \\172.16.66.34\MSImage\2014\10\02\CH1_20141002170731_31로6833.jpg
[17:26:28] LPR 11 Recv: LPR_N
[17:26:33] LPR 11 Recv: LPR_N
[17:26:33] Program Close
[17:26:39] Program Start!
[17:26:46] 근무시작: 배은화
[17:26:46] 영수증프린터 포트오픈 에러: ie_BadId - Specified comport doesn't exist
[17:26:46] Ping 시간 체크1-406937
[17:26:46] Ping 시간 체크2-406953
[17:26:46] Ping 시간 체크1-406953
[17:26:46] Ping 시간 체크2-406953
[17:26:46] Ping 시간 체크1-406968
[17:26:46] Ping 시간 체크2-406968
[17:26:46] Ping 시간 체크1-406968
[17:26:46] Ping 시간 체크2-406968
[17:26:46] 주차권  101
[17:26:46] 경차  102
[17:26:46] 장애인  103
[17:26:46] 전액무료  104
[17:26:46] LPR 11 Recv: 172.16.83.1
[17:26:46] LPR 12 Recv: 172.16.83.1
[17:26:47] LPR 11 Recv: LPR_N
[17:26:47] LPR 12 Recv: LPR_R
[17:26:47] 시간동기화 전송
[17:26:49] LPR 11 Recv: LPR_N
[17:26:50] LPR 11 Recv: CH1#31로6833#N#\2014\10\02\CH1_20141002180310_31로6833.jpg
[17:26:50] LPR Check: 31로6833, http://172.16.66.33:9080/MSImage/2014/10/02/CH1_20141002180310_31로6833.jpg, 1,,,0, 2014-10-02 18:03:10
[17:26:50] File: \\172.16.66.33\MSImage\2014\10\02\CH1_20141002180310_31로6833.jpg
[17:26:50] 일반차량: 31로6833, 
[17:26:51] Ping 시간 체크1-411734
[17:26:51] Ping 시간 체크2-411750
[17:26:51] Ping 시간 체크1-411750
[17:26:51] Ping 시간 체크2-411750
[17:26:51] 입구차단기 Open
[17:26:51] 일반차량입차: 31로6833, 
[17:26:52] LPR 12 Recv: CH1#31로6833#N#\2014\10\02\CH1_20141002170620_31로6833.jpg
[17:26:52] LPR Check: 31로6833,http://172.16.66.34:9080/MSImage/2014/10/02/CH1_20141002170620_31로6833.jpg,1,,,0, 2014-10-02 17:06:20
[17:26:52] File: \\172.16.66.34\MSImage\2014\10\02\CH1_20141002170620_31로6833.jpg
[17:26:52] 일반차량: 31로6833, 
[17:26:52] In Image File: \\172.16.66.33\MSImage\2014\10\02\CH1_20141002180310_31로6833.jpg
[17:26:52] Ping 시간 체크1-413562
[17:26:52] Ping 시간 체크2-413562
[17:26:53] Out Image File: \\172.16.66.34\MSImage\2014\10\02\CH1_20141002170620_31로6833.jpg
[17:26:53] Ping 시간 체크1-414000
[17:26:53] Ping 시간 체크2-414015
[17:26:53] Ping 시간 체크1-414640
[17:26:53] Ping 시간 체크2-414656
[17:26:53] 일반차량출차: 31로6833, 
[17:26:54] LPR 11 Recv: LPR_N
[17:26:59] LPR 11 Recv: LPR_N
[17:27:00] Ping 시간 체크1-421046
[17:27:00] Ping 시간 체크2-421062
[17:27:03] Ping 시간 체크1-424578
[17:27:03] Ping 시간 체크2-424578
[17:27:03] 출구차단기 Open
[17:27:03] Ping 시간 체크1-424578
[17:27:03] Ping 시간 체크2-424578
[17:27:05] LPR 11 Recv: LPR_N
[17:27:07] LPR 12 Recv: CH1#31로6833#N#\2014\10\02\CH1_20141002170634_31로6833.jpg
[17:27:07] LPR Check: 31로6833,http://172.16.66.34:9080/MSImage/2014/10/02/CH1_20141002170634_31로6833.jpg,1,,,0, 2014-10-02 17:06:34
[17:27:07] File: \\172.16.66.34\MSImage\2014\10\02\CH1_20141002170634_31로6833.jpg
[17:27:07] 일반차량: 31로6833, 
[17:27:07] Ping 시간 체크1-428296
[17:27:07] Ping 시간 체크2-428296
[17:27:07] 일반차량출차: 31로6833, 
[17:27:10] LPR 11 Recv: LPR_N
[17:27:15] LPR 11 Recv: LPR_N
[17:27:20] LPR 11 Recv: LPR_N
[17:27:24] File: 66.33\MSImage\2014\09\29\CH1_20140929090338_31로6819.jpg
[17:27:24] Ping 시간 체크1-445406
[17:27:24] Ping 시간 체크2-445406
[17:27:24] File 없음: 66.33\MSImage\2014\09\29\CH1_20140929090338_31로6819.jpg
[17:27:25] File: 66.33\MSImage\2014\09\15\CH1_20140915111040_31고6819.jpg
[17:27:25] Ping 시간 체크1-446109
[17:27:25] Ping 시간 체크2-446125
[17:27:25] File 없음: 66.33\MSImage\2014\09\15\CH1_20140915111040_31고6819.jpg
[17:27:25] File: 66.33\MSImage\2014\09\15\CH1_20140915111040_31고6819.jpg
[17:27:25] Ping 시간 체크1-446125
[17:27:25] Ping 시간 체크2-446125
[17:27:25] File 없음: 66.33\MSImage\2014\09\15\CH1_20140915111040_31고6819.jpg
[17:27:25] File: 66.33\MSImage\2014\09\15\CH1_20140915111040_31고6819.jpg
[17:27:25] Ping 시간 체크1-446250
[17:27:25] Ping 시간 체크2-446250
[17:27:25] File 없음: 66.33\MSImage\2014\09\15\CH1_20140915111040_31고6819.jpg
[17:27:25] LPR 11 Recv: LPR_N
[17:27:27] 일반차량: 31고6819, 
[17:27:27] In Image File: 66.33\MSImage\2014\09\15\CH1_20140915111040_31고6819.jpg
[17:27:27] Ping 시간 체크1-448328
[17:27:27] Ping 시간 체크2-448328
[17:27:27] 입차 이미지 File 없음: 66.33\MSImage\2014\09\15\CH1_20140915111040_31고6819.jpg
[17:27:27] Out Image File: \\172.16.66.34\MSImage\2014\10\02\CH1_20141002170634_31로6833.jpg
[17:27:27] Ping 시간 체크1-448328
[17:27:27] Ping 시간 체크2-448343
[17:27:28] Ping 시간 체크1-448781
[17:27:28] Ping 시간 체크2-448796
[17:27:28] 일반차량출차: 31고6819, 
[17:27:30] Ping 시간 체크1-450984
[17:27:30] Ping 시간 체크2-450984
[17:27:30] Ping 시간 체크1-451531
[17:27:30] Ping 시간 체크2-451531
[17:27:30] 출구차단기 Open
[17:27:30] Ping 시간 체크1-451531
[17:27:30] Ping 시간 체크2-451546
[17:27:31] LPR 11 Recv: LPR_N
[17:27:36] LPR 11 Recv: LPR_N
[17:27:36] LPR 12 Recv: CH1#31로6819#N#\2014\10\02\CH1_20141002170704_31로6819.jpg
[17:27:36] LPR Check: 31로6819,http://172.16.66.34:9080/MSImage/2014/10/02/CH1_20141002170704_31로6819.jpg,1,,,0, 2014-10-02 17:07:04
[17:27:36] File: \\172.16.66.34\MSImage\2014\10\02\CH1_20141002170704_31로6819.jpg
[17:27:36] 정기차량시작: 31로6819, 
[17:27:36] Ping 시간 체크1-457656
[17:27:36] Ping 시간 체크2-457671
[17:27:37] File: 66.33\MSImage\2014\09\30\CH1_20140930084311_31로6819.jpg
[17:27:37] Ping 시간 체크1-458046
[17:27:37] Ping 시간 체크2-458046
[17:27:37] File 없음: 66.33\MSImage\2014\09\30\CH1_20140930084311_31로6819.jpg
[17:27:37] Ping 시간 체크1-458046
[17:27:37] Ping 시간 체크2-458062
[17:27:37] Ping 시간 체크1-458062
[17:27:37] Ping 시간 체크2-458062
[17:27:37] 출구차단기 Open
[17:27:37] 정기차량처리: 31로6819, 
[17:27:42] LPR 11 Recv: LPR_N
[17:27:47] LPR 11 Recv: LPR_N
[17:27:47] LPR 12 Recv: CH1#31로6818#N#\2014\10\02\CH1_20141002170714_31로6818.jpg
[17:27:47] LPR Check: 31로6818,http://172.16.66.34:9080/MSImage/2014/10/02/CH1_20141002170714_31로6818.jpg,1,,,0, 2014-10-02 17:07:14
[17:27:47] File: \\172.16.66.34\MSImage\2014\10\02\CH1_20141002170714_31로6818.jpg
[17:27:47] 일반차량: 31로6818, 
[17:27:47] Ping 시간 체크1-468265
[17:27:47] Ping 시간 체크2-468281
[17:27:47] 일반차량출차: 31로6818, 
[17:27:52] LPR 11 Recv: LPR_N
[17:27:53] File: 66.33\MSImage\2014\09\29\CH1_20140929090338_31로6819.jpg
[17:27:53] Ping 시간 체크1-473921
[17:27:53] Ping 시간 체크2-473921
[17:27:53] File 없음: 66.33\MSImage\2014\09\29\CH1_20140929090338_31로6819.jpg
[17:27:53] File: 66.33\MSImage\2014\09\16\CH1_20140916094849_99로6819.jpg
[17:27:53] Ping 시간 체크1-474390
[17:27:53] Ping 시간 체크2-474390
[17:27:53] File 없음: 66.33\MSImage\2014\09\16\CH1_20140916094849_99로6819.jpg
[17:27:53] File: 66.33\MSImage\2014\09\16\CH1_20140916094849_99로6819.jpg
[17:27:53] Ping 시간 체크1-474390
[17:27:53] Ping 시간 체크2-474390
[17:27:53] File 없음: 66.33\MSImage\2014\09\16\CH1_20140916094849_99로6819.jpg
[17:27:53] File: 66.33\MSImage\2014\09\16\CH1_20140916094849_99로6819.jpg
[17:27:53] Ping 시간 체크1-474500
[17:27:53] Ping 시간 체크2-474515
[17:27:53] File 없음: 66.33\MSImage\2014\09\16\CH1_20140916094849_99로6819.jpg
[17:27:54] 정기차량시작: 31로6819, 
[17:27:54] Ping 시간 체크1-475359
[17:27:54] Ping 시간 체크2-475359
[17:27:54] File 없음: 
[17:27:54] Ping 시간 체크1-475375
[17:27:54] Ping 시간 체크2-475375
[17:27:54] Ping 시간 체크1-475375
[17:27:54] Ping 시간 체크2-475375
[17:27:54] 출구차단기 Open
[17:27:54] 정기차량처리: 31로6819, 
[17:27:57] LPR 11 Recv: LPR_N
[17:28:03] LPR 11 Recv: LPR_N
[17:28:08] LPR 11 Recv: LPR_N
[17:28:13] LPR 11 Recv: LPR_N
[17:28:18] LPR 11 Recv: LPR_N
[17:28:23] LPR 11 Recv: LPR_N
[17:28:29] LPR 11 Recv: LPR_N
[17:28:34] LPR 11 Recv: LPR_N
[17:28:39] LPR 11 Recv: LPR_N
[17:28:44] LPR 11 Recv: LPR_N
[17:28:47] Ping 시간 체크1-528625
[17:28:47] Ping 시간 체크2-528625
[17:28:47] 12번 LPR OK 전송
[17:28:50] LPR 11 Recv: LPR_N
[17:28:55] LPR 11 Recv: LPR_N
[17:29:01] LPR 11 Recv: LPR_N
[17:29:06] LPR 11 Recv: LPR_N
[17:29:11] LPR 11 Recv: LPR_N
[17:29:16] LPR 11 Recv: LPR_N
[17:29:21] LPR 11 Recv: LPR_N
[17:29:27] LPR 11 Recv: LPR_N
[17:29:28] LPR 12 Recv: CH1#31로6818#N#\2014\10\02\CH1_20141002170855_31로6818.jpg
[17:29:28] LPR Check: 31로6818,http://172.16.66.34:9080/MSImage/2014/10/02/CH1_20141002170855_31로6818.jpg,1,,,0, 2014-10-02 17:08:55
[17:29:28] File: \\172.16.66.34\MSImage\2014\10\02\CH1_20141002170855_31로6818.jpg
[17:29:28] 일반차량: 31로6818, 
[17:29:28] Ping 시간 체크1-568734
[17:29:28] Ping 시간 체크2-568734
[17:29:28] 일반차량출차: 31로6818, 
[17:29:32] LPR 11 Recv: LPR_N
[17:29:33] File: 66.33\MSImage\2014\09\29\CH1_20140929090338_31로6819.jpg
[17:29:33] Ping 시간 체크1-574359
[17:29:33] Ping 시간 체크2-574375
[17:29:33] File 없음: 66.33\MSImage\2014\09\29\CH1_20140929090338_31로6819.jpg
[17:29:35] File: \\172.16.66.33\MSImage\2014\09\19\CH1_20140919115013_31로6819.jpg
[17:29:35] Ping 시간 체크1-576375
[17:29:35] Ping 시간 체크2-576375
[17:29:36] File: \\172.16.66.33\MSImage\2014\09\19\CH1_20140919115013_31로6819.jpg
[17:29:36] Ping 시간 체크1-576765
[17:29:36] Ping 시간 체크2-576765
[17:29:36] File: \\172.16.66.33\MSImage\2014\09\19\CH1_20140919115013_31로6819.jpg
[17:29:36] Ping 시간 체크1-576968
[17:29:36] Ping 시간 체크2-576968
[17:29:36] File: \\172.16.66.33\MSImage\2014\09\19\CH1_20140919115013_31로6819.jpg
[17:29:36] Ping 시간 체크1-577265
[17:29:36] Ping 시간 체크2-577281
[17:29:36] File: 66.33\MSImage\2014\09\16\CH1_20140916094849_99로6819.jpg
[17:29:36] Ping 시간 체크1-577562
[17:29:36] Ping 시간 체크2-577578
[17:29:36] File 없음: 66.33\MSImage\2014\09\16\CH1_20140916094849_99로6819.jpg
[17:29:36] File: 66.33\MSImage\2014\09\16\CH1_20140916094849_99로6819.jpg
[17:29:36] Ping 시간 체크1-577578
[17:29:36] Ping 시간 체크2-577578
[17:29:36] File 없음: 66.33\MSImage\2014\09\16\CH1_20140916094849_99로6819.jpg
[17:29:36] File: 66.33\MSImage\2014\09\16\CH1_20140916094849_99로6819.jpg
[17:29:36] Ping 시간 체크1-577640
[17:29:36] Ping 시간 체크2-577640
[17:29:36] File 없음: 66.33\MSImage\2014\09\16\CH1_20140916094849_99로6819.jpg
[17:29:37] LPR 11 Recv: LPR_N
[17:29:42] File: \\172.16.66.33\MSImage\2014\09\19\CH1_20140919115013_31로6819.jpg
[17:29:42] Ping 시간 체크1-583171
[17:29:42] Ping 시간 체크2-583187
[17:29:42] File: \\172.16.66.33\MSImage\2014\09\19\CH1_20140919115013_31로6819.jpg
[17:29:42] Ping 시간 체크1-583421
[17:29:42] Ping 시간 체크2-583421
[17:29:42] LPR 11 Recv: LPR_N
[17:29:42] File: \\172.16.66.33\MSImage\2014\09\19\CH1_20140919115013_31로6819.jpg
[17:29:42] Ping 시간 체크1-583593
[17:29:42] Ping 시간 체크2-583593
[17:29:43] File: 66.33\MSImage\2014\09\29\CH1_20140929090338_31로6819.jpg
[17:29:43] Ping 시간 체크1-583890
[17:29:43] Ping 시간 체크2-583890
[17:29:43] File 없음: 66.33\MSImage\2014\09\29\CH1_20140929090338_31로6819.jpg
[17:29:43] File: 66.33\MSImage\2014\09\29\CH1_20140929090338_31로6819.jpg
[17:29:43] Ping 시간 체크1-583890
[17:29:43] Ping 시간 체크2-583906
[17:29:43] File 없음: 66.33\MSImage\2014\09\29\CH1_20140929090338_31로6819.jpg
[17:29:43] File: 66.33\MSImage\2014\09\29\CH1_20140929090338_31로6819.jpg
[17:29:43] Ping 시간 체크1-583968
[17:29:43] Ping 시간 체크2-583968
[17:29:43] File 없음: 66.33\MSImage\2014\09\29\CH1_20140929090338_31로6819.jpg
[17:29:48] LPR 11 Recv: LPR_N
[17:29:53] LPR 11 Recv: LPR_N
[17:29:58] LPR 11 Recv: LPR_N
[17:30:03] LPR 11 Recv: LPR_N
[17:30:08] LPR 11 Recv: LPR_N
[17:30:14] LPR 11 Recv: LPR_N
[17:30:19] LPR 11 Recv: LPR_N
[17:30:24] LPR 11 Recv: LPR_N
[17:30:28] Ping 시간 체크1-629140
[17:30:28] Ping 시간 체크2-629140
[17:30:28] 12번 LPR OK 전송
[17:30:30] LPR 11 Recv: LPR_N
[17:30:35] LPR 11 Recv: LPR_N
[17:30:40] LPR 11 Recv: LPR_N
[17:30:46] LPR 11 Recv: LPR_N
[17:30:51] LPR 11 Recv: LPR_N
[17:30:56] LPR 11 Recv: LPR_N
[17:31:01] LPR 11 Recv: LPR_N
[17:31:06] LPR 11 Recv: LPR_N
[17:31:12] LPR 11 Recv: LPR_N
[17:31:17] LPR 11 Recv: LPR_N
[17:31:22] LPR 11 Recv: LPR_N
[17:31:27] LPR 11 Recv: LPR_N
[17:31:28] Ping 시간 체크1-689140
[17:31:28] Ping 시간 체크2-689140
[17:31:28] 12번 LPR OK 전송
[17:31:33] LPR 11 Recv: LPR_N
[17:31:38] LPR 11 Recv: LPR_N
[17:31:43] LPR 11 Recv: LPR_N
[17:31:48] LPR 11 Recv: LPR_N
[17:31:54] LPR 11 Recv: LPR_N
[17:31:59] LPR 11 Recv: LPR_N
[17:32:04] LPR 11 Recv: LPR_N
[17:32:10] LPR 11 Recv: LPR_N
[17:32:15] LPR 11 Recv: LPR_N
[17:32:20] LPR 11 Recv: LPR_N
[17:32:25] LPR 11 Recv: LPR_N
[17:32:28] Ping 시간 체크1-749140
[17:32:28] Ping 시간 체크2-749140
[17:32:28] 12번 LPR OK 전송
[17:32:31] LPR 11 Recv: LPR_N
[17:32:36] LPR 11 Recv: LPR_N
[17:32:41] LPR 11 Recv: LPR_N
[17:32:46] LPR 11 Recv: LPR_N
[17:32:52] LPR 11 Recv: LPR_N
[17:32:57] LPR 11 Recv: LPR_N
[17:33:02] LPR 11 Recv: LPR_N
[17:33:07] LPR 11 Recv: LPR_N
[17:33:12] LPR 11 Recv: LPR_N
[17:33:18] LPR 11 Recv: LPR_N
[17:33:23] LPR 11 Recv: LPR_N
[17:33:28] Ping 시간 체크1-809140
[17:33:28] Ping 시간 체크2-809187
[17:33:28] 12번 LPR OK 전송
[17:33:28] LPR 11 Recv: LPR_N
[17:33:34] LPR 11 Recv: LPR_N
[17:33:39] LPR 11 Recv: LPR_N
[17:33:44] LPR 11 Recv: LPR_N
[17:33:50] LPR 11 Recv: LPR_N
[17:33:55] LPR 11 Recv: LPR_N
[17:34:00] LPR 11 Recv: LPR_N
[17:34:05] LPR 11 Recv: LPR_N
[17:34:10] LPR 11 Recv: LPR_N
[17:34:16] LPR 11 Recv: LPR_N
[17:34:21] LPR 11 Recv: LPR_N
[17:34:26] LPR 11 Recv: LPR_N
[17:34:28] Ping 시간 체크1-869140
[17:34:28] Ping 시간 체크2-869140
[17:34:28] 12번 LPR OK 전송
[17:34:31] LPR 11 Recv: LPR_N
[17:34:37] LPR 11 Recv: LPR_N
[17:34:42] LPR 11 Recv: LPR_N
[17:34:47] LPR 11 Recv: LPR_N
[17:34:52] LPR 11 Recv: LPR_N
[17:34:57] LPR 11 Recv: LPR_N
[17:35:03] LPR 11 Recv: LPR_N
[17:35:08] LPR 11 Recv: LPR_N
[17:35:14] LPR 11 Recv: LPR_N
[17:35:19] LPR 11 Recv: LPR_N
[17:35:24] LPR 11 Recv: LPR_N
[17:35:28] Ping 시간 체크1-929140
[17:35:28] Ping 시간 체크2-929140
[17:35:28] 12번 LPR OK 전송
[17:35:29] LPR 11 Recv: LPR_N
[17:35:35] LPR 11 Recv: LPR_N
[17:35:40] LPR 11 Recv: LPR_N
[17:35:45] LPR 11 Recv: LPR_N
[17:35:50] LPR 11 Recv: LPR_N
[17:35:55] LPR 11 Recv: LPR_N
[17:36:01] LPR 11 Recv: LPR_N
[17:36:06] LPR 11 Recv: LPR_N
[17:36:11] LPR 11 Recv: LPR_N
[17:36:16] LPR 11 Recv: LPR_N
[17:36:22] LPR 11 Recv: LPR_N
[17:36:27] LPR 11 Recv: LPR_N
[17:36:28] Ping 시간 체크1-989140
[17:36:28] Ping 시간 체크2-989140
[17:36:28] 12번 LPR OK 전송
[17:36:32] LPR 11 Recv: LPR_N
[17:36:38] LPR 11 Recv: LPR_N
[17:36:43] LPR 11 Recv: LPR_N
[17:36:48] LPR 11 Recv: LPR_N
[17:36:53] LPR 11 Recv: LPR_N
[17:36:59] LPR 11 Recv: LPR_N
[17:37:04] LPR 11 Recv: LPR_N
[17:37:09] LPR 11 Recv: LPR_N
[17:37:14] LPR 11 Recv: LPR_N
[17:37:20] LPR 11 Recv: LPR_N
[17:37:25] LPR 11 Recv: LPR_N
[17:37:28] Ping 시간 체크1-1049140
[17:37:28] Ping 시간 체크2-1049140
[17:37:28] 12번 LPR OK 전송
[17:37:30] LPR 11 Recv: LPR_N
[17:37:35] LPR 11 Recv: LPR_N
[17:37:41] LPR 11 Recv: LPR_N
[17:37:46] LPR 11 Recv: LPR_N
[17:37:51] LPR 11 Recv: LPR_N
[17:37:56] LPR 11 Recv: LPR_N
[17:38:01] LPR 11 Recv: LPR_N
[17:38:07] LPR 11 Recv: LPR_N
[17:38:12] LPR 11 Recv: LPR_N
[17:38:18] LPR 11 Recv: LPR_N
[17:38:23] LPR 11 Recv: LPR_N
[17:38:28] Ping 시간 체크1-1109140
[17:38:28] Ping 시간 체크2-1109140
[17:38:28] 12번 LPR OK 전송
[17:38:28] LPR 11 Recv: LPR_N
[17:38:33] LPR 11 Recv: LPR_N
[17:38:39] LPR 11 Recv: LPR_N
[17:38:44] LPR 11 Recv: LPR_N
[17:38:49] LPR 11 Recv: LPR_N
[17:38:54] LPR 11 Recv: LPR_N
[17:38:59] LPR 11 Recv: LPR_N
[17:39:05] LPR 11 Recv: LPR_N
[17:39:10] LPR 11 Recv: LPR_N
[17:39:15] LPR 11 Recv: LPR_N
[17:39:20] LPR 11 Recv: LPR_N
[17:39:26] LPR 11 Recv: LPR_N
[17:39:28] Ping 시간 체크1-1169140
[17:39:28] Ping 시간 체크2-1169140
[17:39:28] 12번 LPR OK 전송
[17:39:31] LPR 11 Recv: LPR_N
[17:39:36] LPR 11 Recv: LPR_N
[17:39:42] LPR 11 Recv: LPR_N
[17:39:47] LPR 11 Recv: LPR_N
[17:39:52] LPR 11 Recv: LPR_N
[17:39:57] LPR 11 Recv: LPR_N
[17:40:03] LPR 11 Recv: LPR_N
[17:40:08] LPR 11 Recv: LPR_N
[17:40:13] LPR 11 Recv: LPR_N
[17:40:18] LPR 11 Recv: LPR_N
[17:40:24] LPR 11 Recv: LPR_N
[17:40:28] Ping 시간 체크1-1229140
[17:40:28] Ping 시간 체크2-1229171
[17:40:28] 12번 LPR OK 전송
[17:40:29] LPR 11 Recv: LPR_N
[17:40:34] LPR 11 Recv: LPR_N
[17:40:39] LPR 11 Recv: LPR_N
[17:40:45] LPR 11 Recv: LPR_N
[17:40:50] LPR 11 Recv: LPR_N
[17:40:55] LPR 11 Recv: LPR_N
[17:41:01] LPR 11 Recv: LPR_N
[17:41:06] LPR 11 Recv: LPR_N
[17:41:11] LPR 11 Recv: LPR_N
[17:41:16] LPR 11 Recv: LPR_N
[17:41:22] LPR 11 Recv: LPR_N
[17:41:27] LPR 11 Recv: LPR_N
[17:41:28] Ping 시간 체크1-1289140
[17:41:28] Ping 시간 체크2-1289140
[17:41:28] 12번 LPR OK 전송
[17:41:33] LPR 11 Recv: LPR_N
[17:41:38] LPR 11 Recv: LPR_N
[17:41:43] LPR 11 Recv: LPR_N
[17:41:48] LPR 11 Recv: LPR_N
[17:41:53] LPR 11 Recv: LPR_N
[17:41:59] LPR 11 Recv: LPR_N
[17:42:04] LPR 11 Recv: LPR_N
[17:42:09] LPR 11 Recv: LPR_N
[17:42:14] LPR 11 Recv: LPR_N
[17:42:20] LPR 11 Recv: LPR_N
[17:42:25] LPR 11 Recv: LPR_N
[17:42:28] Ping 시간 체크1-1349140
[17:42:28] Ping 시간 체크2-1349140
[17:42:28] 12번 LPR OK 전송
[17:42:30] LPR 11 Recv: LPR_N
[17:42:35] LPR 11 Recv: LPR_N
[17:42:40] LPR 11 Recv: LPR_N
[17:42:46] LPR 11 Recv: LPR_N
[17:42:51] LPR 11 Recv: LPR_N
[17:42:56] LPR 11 Recv: LPR_N
[17:43:02] LPR 11 Recv: LPR_N
[17:43:07] LPR 11 Recv: LPR_N
[17:43:12] LPR 11 Recv: LPR_N
[17:43:18] LPR 11 Recv: LPR_N
[17:43:23] LPR 11 Recv: LPR_N
[17:43:28] Ping 시간 체크1-1409140
[17:43:28] Ping 시간 체크2-1409140
[17:43:28] 12번 LPR OK 전송
[17:43:28] LPR 11 Recv: LPR_N
[17:43:33] LPR 11 Recv: LPR_N
[17:43:38] LPR 11 Recv: LPR_N
[17:43:44] LPR 11 Recv: LPR_N
[17:43:49] LPR 11 Recv: LPR_N
[17:43:54] LPR 11 Recv: LPR_N
[17:43:59] LPR 11 Recv: LPR_N
[17:44:05] LPR 11 Recv: LPR_N
[17:44:10] LPR 11 Recv: LPR_N
[17:44:15] LPR 11 Recv: LPR_N
[17:44:20] LPR 11 Recv: LPR_N
[17:44:26] LPR 11 Recv: LPR_N
[17:44:28] Ping 시간 체크1-1469140
[17:44:28] Ping 시간 체크2-1469140
[17:44:28] 12번 LPR OK 전송
[17:44:31] LPR 11 Recv: LPR_N
[17:44:36] LPR 11 Recv: LPR_N
[17:44:42] LPR 11 Recv: LPR_N
[17:44:47] LPR 11 Recv: LPR_N
[17:44:52] LPR 11 Recv: LPR_N
[17:44:57] LPR 11 Recv: LPR_N
[17:45:03] LPR 11 Recv: LPR_N
[17:45:08] LPR 11 Recv: LPR_N
[17:45:13] LPR 11 Recv: LPR_N
[17:45:18] LPR 11 Recv: LPR_N
[17:45:24] LPR 11 Recv: LPR_N
[17:45:28] Ping 시간 체크1-1529140
[17:45:28] Ping 시간 체크2-1529140
[17:45:28] 12번 LPR OK 전송
[17:45:29] LPR 11 Recv: LPR_N
[17:45:34] LPR 11 Recv: LPR_N
[17:45:39] LPR 11 Recv: LPR_N
[17:45:44] LPR 11 Recv: LPR_N
[17:45:50] LPR 11 Recv: LPR_N
[17:45:55] LPR 11 Recv: LPR_N
[17:46:00] LPR 11 Recv: LPR_N
[17:46:06] LPR 11 Recv: LPR_N
[17:46:11] LPR 11 Recv: LPR_N
[17:46:16] LPR 11 Recv: LPR_N
[17:46:22] LPR 11 Recv: LPR_N
[17:46:27] LPR 11 Recv: LPR_N
[17:46:28] Ping 시간 체크1-1589140
[17:46:28] Ping 시간 체크2-1589140
[17:46:28] 12번 LPR OK 전송
[17:46:32] LPR 11 Recv: LPR_N
[17:46:37] LPR 11 Recv: LPR_N
[17:46:42] LPR 11 Recv: LPR_N
[17:46:48] LPR 11 Recv: LPR_N
[17:46:53] LPR 11 Recv: LPR_N
[17:46:58] LPR 11 Recv: LPR_N
[17:47:03] LPR 11 Recv: LPR_N
[17:47:09] LPR 11 Recv: LPR_N
[17:47:14] LPR 11 Recv: LPR_N
[17:47:19] LPR 11 Recv: LPR_N
[17:47:24] LPR 11 Recv: LPR_N
[17:47:28] Ping 시간 체크1-1649140
[17:47:28] Ping 시간 체크2-1649140
[17:47:28] 12번 LPR OK 전송
[17:47:29] LPR 11 Recv: LPR_N
[17:47:35] LPR 11 Recv: LPR_N
[17:47:40] LPR 11 Recv: LPR_N
[17:47:46] LPR 11 Recv: LPR_N
[17:47:51] LPR 11 Recv: LPR_N
[17:47:56] LPR 11 Recv: LPR_N
[17:48:01] LPR 11 Recv: LPR_N
[17:48:07] LPR 11 Recv: LPR_N
[17:48:12] LPR 11 Recv: LPR_N
[17:48:17] LPR 11 Recv: LPR_N
[17:48:22] LPR 11 Recv: LPR_N
[17:48:27] LPR 11 Recv: LPR_N
[17:48:28] Ping 시간 체크1-1709140
[17:48:28] Ping 시간 체크2-1709140
[17:48:28] 12번 LPR OK 전송
[17:48:33] LPR 11 Recv: LPR_N
[17:48:38] LPR 11 Recv: LPR_N
[17:48:43] LPR 11 Recv: LPR_N
[17:48:48] LPR 11 Recv: LPR_N
[17:48:54] LPR 11 Recv: LPR_N
[17:48:59] LPR 11 Recv: LPR_N
[17:49:04] LPR 11 Recv: LPR_N
[17:49:10] LPR 11 Recv: LPR_N
[17:49:15] LPR 11 Recv: LPR_N
[17:49:20] LPR 11 Recv: LPR_N
[17:49:25] LPR 11 Recv: LPR_N
[17:49:28] Ping 시간 체크1-1769140
[17:49:28] Ping 시간 체크2-1769140
[17:49:28] 12번 LPR OK 전송
[17:49:31] LPR 11 Recv: LPR_N
[17:49:36] LPR 11 Recv: LPR_N
[17:49:41] LPR 11 Recv: LPR_N
[17:49:46] LPR 11 Recv: LPR_N
[17:49:52] LPR 11 Recv: LPR_N
[17:49:57] LPR 11 Recv: LPR_N
[17:50:02] LPR 11 Recv: LPR_N
[17:50:07] LPR 11 Recv: LPR_N
[17:50:13] LPR 11 Recv: LPR_N
[17:50:18] LPR 11 Recv: LPR_N
[17:50:23] LPR 11 Recv: LPR_N
[17:50:28] Ping 시간 체크1-1829140
[17:50:28] Ping 시간 체크2-1829140
[17:50:28] 12번 LPR OK 전송
[17:50:28] LPR 11 Recv: LPR_N
[17:50:33] LPR 11 Recv: LPR_N
[17:50:39] LPR 11 Recv: LPR_N
[17:50:44] LPR 11 Recv: LPR_N
[17:50:50] LPR 11 Recv: LPR_N
[17:50:55] LPR 11 Recv: LPR_N
[17:51:00] LPR 11 Recv: LPR_N
[17:51:05] LPR 11 Recv: LPR_N
[17:51:11] LPR 11 Recv: LPR_N
[17:51:16] LPR 11 Recv: LPR_N
[17:51:21] LPR 11 Recv: LPR_N
[17:51:26] LPR 11 Recv: LPR_N
[17:51:28] Ping 시간 체크1-1889140
[17:51:28] Ping 시간 체크2-1889140
[17:51:28] 12번 LPR OK 전송
[17:51:31] LPR 11 Recv: LPR_N
[17:51:37] LPR 11 Recv: LPR_N
[17:51:42] LPR 11 Recv: LPR_N
[17:51:47] LPR 11 Recv: LPR_N
[17:51:52] LPR 11 Recv: LPR_N
[17:51:58] LPR 11 Recv: LPR_N
[17:52:03] LPR 11 Recv: LPR_N
[17:52:08] LPR 11 Recv: LPR_N
[17:52:14] LPR 11 Recv: LPR_N
[17:52:19] LPR 11 Recv: LPR_N
[17:52:24] LPR 11 Recv: LPR_N
[17:52:28] Ping 시간 체크1-1949140
[17:52:28] Ping 시간 체크2-1949140
[17:52:28] 12번 LPR OK 전송
[17:52:29] LPR 11 Recv: LPR_N
[17:52:35] LPR 11 Recv: LPR_N
[17:52:40] LPR 11 Recv: LPR_N
[17:52:45] LPR 11 Recv: LPR_N
[17:52:50] LPR 11 Recv: LPR_N
[17:52:56] LPR 11 Recv: LPR_N
[17:53:01] LPR 11 Recv: LPR_N
[17:53:06] LPR 11 Recv: LPR_N
[17:53:11] LPR 11 Recv: LPR_N
[17:53:16] LPR 11 Recv: LPR_N
[17:53:22] LPR 11 Recv: LPR_N
[17:53:27] LPR 11 Recv: LPR_N
[17:53:28] Ping 시간 체크1-2009140
[17:53:28] Ping 시간 체크2-2009140
[17:53:28] 12번 LPR OK 전송
[17:53:32] LPR 11 Recv: LPR_N
[17:53:37] LPR 11 Recv: LPR_N
[17:53:43] LPR 11 Recv: LPR_N
[17:53:48] LPR 11 Recv: LPR_N
[17:53:54] LPR 11 Recv: LPR_N
[17:53:59] LPR 11 Recv: LPR_N
[17:54:04] LPR 11 Recv: LPR_N
[17:54:09] LPR 11 Recv: LPR_N
[17:54:14] LPR 11 Recv: LPR_N
[17:54:20] LPR 11 Recv: LPR_N
[17:54:25] LPR 11 Recv: LPR_N
[17:54:28] Ping 시간 체크1-2069140
[17:54:28] Ping 시간 체크2-2069140
[17:54:28] 12번 LPR OK 전송
[17:54:30] LPR 11 Recv: LPR_N
[17:54:35] LPR 11 Recv: LPR_N
[17:54:41] LPR 11 Recv: LPR_N
[17:54:46] LPR 11 Recv: LPR_N
[17:54:51] LPR 11 Recv: LPR_N
[17:54:56] LPR 11 Recv: LPR_N
[17:55:02] LPR 11 Recv: LPR_N
[17:55:07] LPR 11 Recv: LPR_N
[17:55:12] LPR 11 Recv: LPR_N
[17:55:18] LPR 11 Recv: LPR_N
[17:55:23] LPR 11 Recv: LPR_N
[17:55:27] Program Close
