[08:34:48] Program Start!
[08:36:34] 근무시작: 배은화
[08:36:34] 영수증프린터 포트오픈 에러: ie_BadId - Specified comport doesn't exist
[08:36:34] Ping 시간 체크1-910125
[08:36:34] Ping 시간 체크2-910125
[08:36:34] Ping 시간 체크1-910140
[08:36:34] Ping 시간 체크2-910140
[08:36:34] Ping 시간 체크1-910156
[08:36:34] Ping 시간 체크2-910156
[08:36:34] Ping 시간 체크1-910171
[08:36:34] Ping 시간 체크2-910171
[08:36:34] 주차권  101
[08:36:34] 경차  102
[08:36:34] 장애인  103
[08:36:34] 전액무료  104
[08:36:34] LPR 11 Recv: 172.16.83.1
[08:36:34] LPR 12 Recv: 172.16.83.1
[08:36:35] LPR 11 Recv: LPR_R
[08:36:35] 시간동기화 전송
[08:36:36] LPR 12 Recv: LPR_R
[08:36:36] 시간동기화 전송
[08:36:38] LPR 12 Recv: CH1#31로6819#N#\2014\10\02\CH1_20141002170617_31로6819.jpg
[08:36:38] LPR Check: 31로6819,http://172.16.66.34:9080/MSImage/2014/10/02/CH1_20141002170617_31로6819.jpg,1,,,0, 2014-10-02 17:06:17
[08:36:38] File: \\172.16.66.34\MSImage\2014\10\02\CH1_20141002170617_31로6819.jpg
[08:36:38] 정기차량시작: 31로6819, 
[08:36:38] Ping 시간 체크1-914093
[08:36:38] Ping 시간 체크2-914109
[08:36:38] File: \\172.16.66.33\MSImage\2014\10\08\CH1_20141008170717_31로6819.jpg
[08:36:38] Ping 시간 체크1-914421
[08:36:38] Ping 시간 체크2-914437
[08:36:39] Ping 시간 체크1-914781
[08:36:39] Ping 시간 체크2-914781
[08:36:39] Ping 시간 체크1-914781
[08:36:39] Ping 시간 체크2-914796
[08:36:39] 출구차단기 Open
[08:36:39] 정기차량처리: 31로6819, 
[08:36:57] LPR 12 Recv: CH1#31로6813#N#\2014\10\02\CH1_20141002170636_31로6813.jpg
[08:36:57] LPR Check: 31로6813,http://172.16.66.34:9080/MSImage/2014/10/02/CH1_20141002170636_31로6813.jpg,1,,,0, 2014-10-02 17:06:36
[08:36:57] File: \\172.16.66.34\MSImage\2014\10\02\CH1_20141002170636_31로6813.jpg
[08:36:57] 일반차량: 31로6813, 
[08:36:57] Ping 시간 체크1-933125
[08:36:57] Ping 시간 체크2-933125
[08:36:57] 일반차량출차: 31로6813, 
[08:37:35] Ping 시간 체크1-971546
[08:37:35] Ping 시간 체크2-971546
[08:37:35] 11번 LPR OK 전송
[08:37:57] Ping 시간 체크1-993562
[08:37:57] Ping 시간 체크2-993562
[08:37:57] 12번 LPR OK 전송
[08:38:35] Ping 시간 체크1-1031546
[08:38:35] Ping 시간 체크2-1031546
[08:38:35] 11번 LPR OK 전송
[08:38:57] Ping 시간 체크1-1053562
[08:38:57] Ping 시간 체크2-1053562
[08:38:57] 12번 LPR OK 전송
[08:39:15] Program Close
[08:39:20] Program Start!
[08:39:23] 근무시작: 배은화
[08:39:23] 영수증프린터 포트오픈 에러: ie_BadId - Specified comport doesn't exist
[08:39:23] Ping 시간 체크1-1079343
[08:39:23] Ping 시간 체크2-1079343
[08:39:23] Ping 시간 체크1-1079359
[08:39:23] Ping 시간 체크2-1079359
[08:39:23] Ping 시간 체크1-1079359
[08:39:23] Ping 시간 체크2-1079375
[08:39:23] Ping 시간 체크1-1079375
[08:39:23] Ping 시간 체크2-1079375
[08:39:23] 주차권  101
[08:39:23] 경차  102
[08:39:23] 장애인  103
[08:39:23] 전액무료  104
[08:39:23] LPR 11 Recv: 172.16.83.1
[08:39:23] LPR 12 Recv: 172.16.83.1
[08:39:25] LPR 12 Recv: LPR_R
[08:39:25] 시간동기화 전송
[08:39:25] LPR 11 Recv: LPR_R
[08:39:25] 시간동기화 전송
[08:40:25] Ping 시간 체크1-1140906
[08:40:25] Ping 시간 체크2-1140906
[08:40:25] 12번 LPR OK 전송
[08:40:25] Ping 시간 체크1-1140921
[08:40:25] Ping 시간 체크2-1140921
[08:40:25] 11번 LPR OK 전송
[08:40:48] LPR 12 Recv: LPR_R
[08:40:48] 시간동기화 전송
[08:40:49] LPR 11 Recv: LPR_R
[08:40:49] 시간동기화 전송
[08:41:48] Ping 시간 체크1-1224265
[08:41:48] Ping 시간 체크2-1224265
[08:41:48] 12번 LPR OK 전송
[08:41:49] Ping 시간 체크1-1224921
[08:41:49] Ping 시간 체크2-1224921
[08:41:49] 11번 LPR OK 전송
[08:42:48] Ping 시간 체크1-1284265
[08:42:48] Ping 시간 체크2-1284265
[08:42:48] 12번 LPR OK 전송
[08:42:49] Ping 시간 체크1-1284921
[08:42:49] Ping 시간 체크2-1284921
[08:42:49] 11번 LPR OK 전송
[08:43:48] Ping 시간 체크1-1344265
[08:43:48] Ping 시간 체크2-1344265
[08:43:48] 12번 LPR OK 전송
[08:43:49] Ping 시간 체크1-1344921
[08:43:49] Ping 시간 체크2-1344937
[08:43:49] 11번 LPR OK 전송
[08:44:48] Ping 시간 체크1-1404265
[08:44:48] Ping 시간 체크2-1404265
[08:44:48] 12번 LPR OK 전송
[08:44:49] Ping 시간 체크1-1404921
[08:44:49] Ping 시간 체크2-1404921
[08:44:49] 11번 LPR OK 전송
[08:45:48] Ping 시간 체크1-1464265
[08:45:48] Ping 시간 체크2-1464265
[08:45:48] 12번 LPR OK 전송
[08:45:49] Ping 시간 체크1-1464921
[08:45:49] Ping 시간 체크2-1464937
[08:45:49] 11번 LPR OK 전송
[08:46:48] Ping 시간 체크1-1524265
[08:46:48] Ping 시간 체크2-1524281
[08:46:48] 12번 LPR OK 전송
[08:46:49] Ping 시간 체크1-1524921
[08:46:49] Ping 시간 체크2-1524921
[08:46:49] 11번 LPR OK 전송
[08:47:48] Ping 시간 체크1-1584265
[08:47:48] Ping 시간 체크2-1584265
[08:47:48] 12번 LPR OK 전송
[08:47:49] Ping 시간 체크1-1584921
[08:47:49] Ping 시간 체크2-1585125
[08:47:49] 11번 LPR OK 전송
[08:48:48] Ping 시간 체크1-1644265
[08:48:48] Ping 시간 체크2-1644265
[08:48:48] 12번 LPR OK 전송
[08:48:49] Ping 시간 체크1-1644921
[08:48:49] Ping 시간 체크2-1644921
[08:48:49] 11번 LPR OK 전송
[08:49:43] LPR 12 Recv: CH1#31로6813#N#\2014\10\02\CH1_20141002171508_31로6813.jpg
[08:49:43] LPR Check: 31로6813,http://172.16.66.34:9080/MSImage/2014/10/02/CH1_20141002171508_31로6813.jpg,1,,,0, 2014-10-02 17:15:08
[08:49:43] File: \\172.16.66.34\MSImage\2014\10\02\CH1_20141002171508_31로6813.jpg
[08:49:43] 일반차량: 31로6813, 
[08:49:43] Ping 시간 체크1-1698796
[08:49:43] Ping 시간 체크2-1698812
[08:49:43] 일반차량출차: 31로6813, 
[08:49:49] Ping 시간 체크1-1704921
[08:49:49] Ping 시간 체크2-1704921
[08:49:49] 11번 LPR OK 전송
[08:49:54] LPR 12 Recv: LPR_N
[08:49:57] LPR 12 Recv: LPR_R
[08:49:57] 시간동기화 전송
[08:50:23] LPR 12 Recv: CH1#31로6819#N#\2014\10\10\CH1_20141010084114_31로6819.jpg
[08:50:23] LPR Check: 31로6819,http://172.16.66.34:9080/MSImage/2014/10/10/CH1_20141010084114_31로6819.jpg,1,,,0, 2014-10-10 08:41:14
[08:50:23] File: \\172.16.66.34\MSImage\2014\10\10\CH1_20141010084114_31로6819.jpg
[08:50:23] 정기차량시작: 31로6819, 
[08:50:23] Ping 시간 체크1-1738937
[08:50:23] Ping 시간 체크2-1738937
[08:50:23] Ping 시간 체크1-1739250
[08:50:23] Ping 시간 체크2-1739250
[08:50:23] Ping 시간 체크1-1739250
[08:50:23] Ping 시간 체크2-1739265
[08:50:23] 출구차단기 Open
[08:50:23] 정기차량처리: 31로6819, 
[08:50:49] Ping 시간 체크1-1764921
[08:50:49] Ping 시간 체크2-1764921
[08:50:49] 11번 LPR OK 전송
[08:51:23] Ping 시간 체크1-1799265
[08:51:23] Ping 시간 체크2-1799265
[08:51:23] 12번 LPR OK 전송
[08:51:49] Ping 시간 체크1-1824921
[08:51:49] Ping 시간 체크2-1824921
[08:51:49] 11번 LPR OK 전송
[08:52:23] Ping 시간 체크1-1859265
[08:52:23] Ping 시간 체크2-1859265
[08:52:23] 12번 LPR OK 전송
[08:52:49] Ping 시간 체크1-1884921
[08:52:49] Ping 시간 체크2-1884921
[08:52:49] 11번 LPR OK 전송
[08:53:23] Ping 시간 체크1-1919265
[08:53:23] Ping 시간 체크2-1919265
[08:53:23] 12번 LPR OK 전송
[08:53:49] Ping 시간 체크1-1944921
[08:53:49] Ping 시간 체크2-1944921
[08:53:49] 11번 LPR OK 전송
[08:54:23] Ping 시간 체크1-1979265
[08:54:23] Ping 시간 체크2-1979265
[08:54:23] 12번 LPR OK 전송
[08:54:49] Ping 시간 체크1-2004921
[08:54:49] Ping 시간 체크2-2004921
[08:54:49] 11번 LPR OK 전송
[08:55:23] Ping 시간 체크1-2039265
[08:55:23] Ping 시간 체크2-2039265
[08:55:23] 12번 LPR OK 전송
[08:55:49] Ping 시간 체크1-2064921
[08:55:49] Ping 시간 체크2-2064921
[08:55:49] 11번 LPR OK 전송
[08:56:23] Ping 시간 체크1-2099265
[08:56:23] Ping 시간 체크2-2099265
[08:56:23] 12번 LPR OK 전송
[08:56:49] Ping 시간 체크1-2124921
[08:56:49] Ping 시간 체크2-2124921
[08:56:49] 11번 LPR OK 전송
[08:57:23] Ping 시간 체크1-2159265
[08:57:23] Ping 시간 체크2-2159265
[08:57:23] 12번 LPR OK 전송
[08:57:49] Ping 시간 체크1-2184921
[08:57:49] Ping 시간 체크2-2184921
[08:57:49] 11번 LPR OK 전송
[08:58:23] Ping 시간 체크1-2219265
[08:58:23] Ping 시간 체크2-2219265
[08:58:23] 12번 LPR OK 전송
[08:58:49] Ping 시간 체크1-2244921
[08:58:49] Ping 시간 체크2-2244921
[08:58:49] 11번 LPR OK 전송
[08:59:23] Ping 시간 체크1-2279265
[08:59:23] Ping 시간 체크2-2279265
[08:59:23] 12번 LPR OK 전송
[08:59:49] Ping 시간 체크1-2304921
[08:59:49] Ping 시간 체크2-2304921
[08:59:49] 11번 LPR OK 전송
[09:00:23] Ping 시간 체크1-2339265
[09:00:23] Ping 시간 체크2-2339265
[09:00:23] 12번 LPR OK 전송
[09:00:49] Ping 시간 체크1-2364921
[09:00:49] Ping 시간 체크2-2364921
[09:00:49] 11번 LPR OK 전송
[09:01:23] Ping 시간 체크1-2399265
[09:01:23] Ping 시간 체크2-2399265
[09:01:23] 12번 LPR OK 전송
[09:01:49] Ping 시간 체크1-2424921
[09:01:49] Ping 시간 체크2-2424921
[09:01:49] 11번 LPR OK 전송
[09:02:23] Ping 시간 체크1-2459265
[09:02:23] Ping 시간 체크2-2459265
[09:02:23] 12번 LPR OK 전송
[09:02:49] Ping 시간 체크1-2484921
[09:02:49] Ping 시간 체크2-2484921
[09:02:49] 11번 LPR OK 전송
[09:03:23] Ping 시간 체크1-2519265
[09:03:23] Ping 시간 체크2-2519265
[09:03:23] 12번 LPR OK 전송
[09:03:49] Ping 시간 체크1-2544921
[09:03:49] Ping 시간 체크2-2544921
[09:03:49] 11번 LPR OK 전송
[09:04:23] Ping 시간 체크1-2579265
[09:04:23] Ping 시간 체크2-2579281
[09:04:23] 12번 LPR OK 전송
[09:04:49] Ping 시간 체크1-2604921
[09:04:49] Ping 시간 체크2-2604921
[09:04:49] 11번 LPR OK 전송
[09:05:23] Ping 시간 체크1-2639265
[09:05:23] Ping 시간 체크2-2639265
[09:05:23] 12번 LPR OK 전송
[09:05:49] Ping 시간 체크1-2664921
[09:05:49] Ping 시간 체크2-2664921
[09:05:49] 11번 LPR OK 전송
[09:06:23] Ping 시간 체크1-2699265
[09:06:23] Ping 시간 체크2-2699265
[09:06:23] 12번 LPR OK 전송
[09:06:49] Ping 시간 체크1-2724921
[09:06:49] Ping 시간 체크2-2724921
[09:06:49] 11번 LPR OK 전송
[09:07:23] Ping 시간 체크1-2759265
[09:07:23] Ping 시간 체크2-2759265
[09:07:23] 12번 LPR OK 전송
[09:07:49] Ping 시간 체크1-2784921
[09:07:49] Ping 시간 체크2-2784921
[09:07:49] 11번 LPR OK 전송
[09:08:23] Ping 시간 체크1-2819265
[09:08:23] Ping 시간 체크2-2819265
[09:08:23] 12번 LPR OK 전송
[09:08:49] Ping 시간 체크1-2844921
[09:08:49] Ping 시간 체크2-2844921
[09:08:49] 11번 LPR OK 전송
[09:09:23] Ping 시간 체크1-2879265
[09:09:23] Ping 시간 체크2-2879265
[09:09:23] 12번 LPR OK 전송
[09:09:49] Ping 시간 체크1-2904921
[09:09:49] Ping 시간 체크2-2904921
[09:09:49] 11번 LPR OK 전송
[09:10:23] Ping 시간 체크1-2939265
[09:10:23] Ping 시간 체크2-2939265
[09:10:23] 12번 LPR OK 전송
[09:10:49] Ping 시간 체크1-2964921
[09:10:49] Ping 시간 체크2-2964921
[09:10:49] 11번 LPR OK 전송
[09:11:23] Ping 시간 체크1-2999265
[09:11:23] Ping 시간 체크2-2999281
[09:11:23] 12번 LPR OK 전송
[09:11:49] Ping 시간 체크1-3024921
[09:11:49] Ping 시간 체크2-3024921
[09:11:49] 11번 LPR OK 전송
[09:12:23] Ping 시간 체크1-3059265
[09:12:23] Ping 시간 체크2-3059265
[09:12:23] 12번 LPR OK 전송
[09:12:49] Ping 시간 체크1-3084921
[09:12:49] Ping 시간 체크2-3084937
[09:12:49] 11번 LPR OK 전송
[09:13:23] Ping 시간 체크1-3119265
[09:13:23] Ping 시간 체크2-3119265
[09:13:23] 12번 LPR OK 전송
[09:13:49] Ping 시간 체크1-3144921
[09:13:49] Ping 시간 체크2-3144921
[09:13:49] 11번 LPR OK 전송
[09:14:23] Ping 시간 체크1-3179265
[09:14:23] Ping 시간 체크2-3179281
[09:14:23] 12번 LPR OK 전송
[09:14:49] Ping 시간 체크1-3204921
[09:14:49] Ping 시간 체크2-3204921
[09:14:49] 11번 LPR OK 전송
[09:15:23] Ping 시간 체크1-3239265
[09:15:23] Ping 시간 체크2-3239265
[09:15:23] 12번 LPR OK 전송
[09:15:49] Ping 시간 체크1-3264921
[09:15:49] Ping 시간 체크2-3264937
[09:15:49] 11번 LPR OK 전송
[09:16:23] Ping 시간 체크1-3299265
[09:16:23] Ping 시간 체크2-3299265
[09:16:23] 12번 LPR OK 전송
[09:16:49] Ping 시간 체크1-3324921
[09:16:49] Ping 시간 체크2-3324921
[09:16:49] 11번 LPR OK 전송
[09:17:23] Ping 시간 체크1-3359265
[09:17:23] Ping 시간 체크2-3359265
[09:17:23] 12번 LPR OK 전송
[09:17:49] Ping 시간 체크1-3384921
[09:17:49] Ping 시간 체크2-3384921
[09:17:49] 11번 LPR OK 전송
[09:18:23] Ping 시간 체크1-3419265
[09:18:23] Ping 시간 체크2-3419265
[09:18:23] 12번 LPR OK 전송
[09:18:49] Ping 시간 체크1-3444921
[09:18:49] Ping 시간 체크2-3444921
[09:18:49] 11번 LPR OK 전송
[09:19:23] Ping 시간 체크1-3479265
[09:19:23] Ping 시간 체크2-3479265
[09:19:23] 12번 LPR OK 전송
[09:19:49] Ping 시간 체크1-3504921
[09:19:49] Ping 시간 체크2-3504921
[09:19:49] 11번 LPR OK 전송
[09:20:23] Ping 시간 체크1-3539265
[09:20:23] Ping 시간 체크2-3539265
[09:20:23] 12번 LPR OK 전송
[09:20:49] Ping 시간 체크1-3564921
[09:20:49] Ping 시간 체크2-3564921
[09:20:49] 11번 LPR OK 전송
[09:21:23] Ping 시간 체크1-3599265
[09:21:23] Ping 시간 체크2-3599265
[09:21:23] 12번 LPR OK 전송
[09:21:49] Ping 시간 체크1-3624921
[09:21:49] Ping 시간 체크2-3624937
[09:21:49] 11번 LPR OK 전송
[09:22:23] Ping 시간 체크1-3659265
[09:22:23] Ping 시간 체크2-3659265
[09:22:23] 12번 LPR OK 전송
[09:22:49] Ping 시간 체크1-3684921
[09:22:49] Ping 시간 체크2-3684921
[09:22:49] 11번 LPR OK 전송
[09:23:23] Ping 시간 체크1-3719265
[09:23:23] Ping 시간 체크2-3719265
[09:23:23] 12번 LPR OK 전송
[09:23:49] Ping 시간 체크1-3744921
[09:23:49] Ping 시간 체크2-3744921
[09:23:49] 11번 LPR OK 전송
[09:24:23] Ping 시간 체크1-3779265
[09:24:23] Ping 시간 체크2-3779265
[09:24:23] 12번 LPR OK 전송
[09:24:49] Ping 시간 체크1-3804921
[09:24:49] Ping 시간 체크2-3804921
[09:24:49] 11번 LPR OK 전송
[09:25:23] Ping 시간 체크1-3839265
[09:25:23] Ping 시간 체크2-3839265
[09:25:23] 12번 LPR OK 전송
[09:25:26] LPR 12 Recv: LPR_R
[09:25:26] 시간동기화 전송
[09:25:27] LPR 12 Recv: LPR_N
[09:25:33] LPR 12 Recv: LPR_N
[09:25:38] LPR 12 Recv: LPR_N
[09:25:43] LPR 12 Recv: LPR_N
[09:25:48] LPR 12 Recv: LPR_N
[09:25:49] Ping 시간 체크1-3864921
[09:25:49] Ping 시간 체크2-3864921
[09:25:49] 11번 LPR OK 전송
[09:25:54] LPR 12 Recv: LPR_N
[09:25:59] LPR 12 Recv: LPR_N
[09:26:04] LPR 12 Recv: LPR_N
[09:26:09] LPR 12 Recv: LPR_N
[09:26:14] LPR 12 Recv: LPR_N
[09:26:17] LPR 12 Recv: CH1#31로6819#N#\2014\10\10\CH1_20141010092616_31로6819.jpg
[09:26:17] LPR Check: 31로6819,http://172.16.66.34:9080/MSImage/2014/10/10/CH1_20141010092616_31로6819.jpg,1,,,0, 2014-10-10 09:26:16
[09:26:17] File: \\172.16.66.34\MSImage\2014\10\10\CH1_20141010092616_31로6819.jpg
[09:26:17] 정기차량시작: 31로6819, 
[09:26:17] Ping 시간 체크1-3893062
[09:26:17] Ping 시간 체크2-3893062
[09:26:17] Ping 시간 체크1-3893328
[09:26:17] Ping 시간 체크2-3893328
[09:26:17] Ping 시간 체크1-3893328
[09:26:17] Ping 시간 체크2-3893343
[09:26:17] 출구차단기 Open
[09:26:17] 정기차량처리: 31로6819, 
[09:26:20] LPR 12 Recv: LPR_N
[09:26:25] LPR 12 Recv: LPR_N
[09:26:30] LPR 12 Recv: LPR_N
[09:26:35] LPR 12 Recv: LPR_N
[09:26:37] LPR 11 Recv: LPR_R
[09:26:37] 시간동기화 전송
[09:26:37] LPR 12 Recv: LPR_N
[09:26:41] LPR 12 Recv: LPR_N
[09:26:46] LPR 12 Recv: LPR_N
[09:26:52] LPR 12 Recv: LPR_N
[09:26:57] LPR 12 Recv: LPR_N
[09:27:02] LPR 12 Recv: LPR_N
[09:27:07] LPR 12 Recv: LPR_N
[09:27:12] LPR 12 Recv: LPR_N
[09:27:18] LPR 12 Recv: LPR_N
[09:27:23] LPR 12 Recv: LPR_N
[09:27:28] LPR 12 Recv: LPR_N
[09:27:33] LPR 12 Recv: LPR_N
[09:27:35] LPR 12 Recv: LPR_N
[09:27:35] LPR 11 Recv: LPR_R
[09:27:35] 시간동기화 전송
[09:27:39] LPR 12 Recv: LPR_N
[09:27:44] LPR 12 Recv: LPR_N
[09:27:49] LPR 12 Recv: LPR_N
[09:27:54] LPR 12 Recv: LPR_N
[09:28:00] LPR 12 Recv: LPR_N
[09:28:05] LPR 12 Recv: LPR_N
[09:28:10] LPR 12 Recv: LPR_N
[09:28:16] LPR 12 Recv: LPR_N
[09:28:21] LPR 12 Recv: LPR_N
[09:28:26] LPR 12 Recv: LPR_N
[09:28:31] LPR 12 Recv: LPR_N
[09:28:35] Ping 시간 체크1-4031531
[09:28:35] Ping 시간 체크2-4031531
[09:28:35] 11번 LPR OK 전송
[09:28:37] LPR 12 Recv: LPR_N
[09:28:42] LPR 12 Recv: LPR_N
[09:28:47] LPR 12 Recv: LPR_N
[09:28:52] LPR 12 Recv: LPR_N
[09:28:58] LPR 12 Recv: LPR_N
[09:29:03] LPR 12 Recv: LPR_N
[09:29:08] LPR 12 Recv: LPR_N
[09:29:13] LPR 12 Recv: LPR_N
[09:29:18] LPR 12 Recv: LPR_N
[09:29:24] LPR 12 Recv: LPR_N
[09:29:29] LPR 12 Recv: LPR_N
[09:29:34] LPR 12 Recv: LPR_N
[09:29:35] Ping 시간 체크1-4091531
[09:29:35] Ping 시간 체크2-4091546
[09:29:35] 11번 LPR OK 전송
[09:29:39] LPR 12 Recv: LPR_N
[09:29:45] LPR 12 Recv: LPR_N
[09:29:50] LPR 12 Recv: LPR_N
[09:29:55] LPR 12 Recv: LPR_N
[09:30:00] LPR 12 Recv: LPR_N
[09:30:05] LPR 12 Recv: LPR_N
[09:30:11] LPR 12 Recv: LPR_N
[09:30:16] LPR 12 Recv: LPR_N
[09:30:22] LPR 12 Recv: LPR_N
[09:30:27] LPR 12 Recv: LPR_N
[09:30:32] LPR 12 Recv: LPR_N
[09:30:35] Ping 시간 체크1-4151531
[09:30:35] Ping 시간 체크2-4151531
[09:30:35] 11번 LPR OK 전송
[09:30:37] LPR 12 Recv: LPR_N
[09:30:43] LPR 12 Recv: LPR_N
[09:30:48] LPR 12 Recv: LPR_N
[09:30:53] LPR 12 Recv: LPR_N
[09:30:58] LPR 12 Recv: LPR_N
[09:31:03] LPR 12 Recv: LPR_N
[09:31:09] LPR 12 Recv: LPR_N
[09:31:14] LPR 12 Recv: LPR_N
[09:31:19] LPR 12 Recv: LPR_N
[09:31:24] LPR 12 Recv: LPR_N
[09:31:30] LPR 12 Recv: LPR_N
[09:31:35] LPR 12 Recv: LPR_N
[09:31:35] Ping 시간 체크1-4211531
[09:31:35] Ping 시간 체크2-4211531
[09:31:35] 11번 LPR OK 전송
[09:31:40] LPR 12 Recv: LPR_N
[09:31:45] LPR 12 Recv: LPR_N
[09:31:51] LPR 12 Recv: LPR_N
[09:31:56] LPR 12 Recv: LPR_N
[09:32:01] LPR 12 Recv: LPR_N
[09:32:06] LPR 12 Recv: LPR_N
[09:32:11] LPR 12 Recv: LPR_N
[09:32:17] LPR 12 Recv: LPR_N
[09:32:22] LPR 12 Recv: LPR_N
[09:32:28] LPR 12 Recv: LPR_N
[09:32:33] LPR 12 Recv: LPR_N
[09:32:35] Ping 시간 체크1-4271531
[09:32:35] Ping 시간 체크2-4271531
[09:32:35] 11번 LPR OK 전송
[09:32:38] LPR 12 Recv: LPR_N
[09:32:43] LPR 12 Recv: LPR_N
[09:32:49] LPR 12 Recv: LPR_N
[09:32:54] LPR 12 Recv: LPR_N
[09:32:59] LPR 12 Recv: LPR_N
[09:33:04] LPR 12 Recv: LPR_N
[09:33:09] LPR 12 Recv: LPR_N
[09:33:15] LPR 12 Recv: LPR_N
[09:33:20] LPR 12 Recv: LPR_N
[09:33:25] LPR 12 Recv: LPR_N
[09:33:30] LPR 12 Recv: LPR_N
[09:33:35] Ping 시간 체크1-4331531
[09:33:35] Ping 시간 체크2-4331531
[09:33:35] 11번 LPR OK 전송
[09:33:36] LPR 12 Recv: LPR_N
[09:33:41] LPR 12 Recv: LPR_N
[09:33:46] LPR 12 Recv: LPR_N
[09:33:51] LPR 12 Recv: LPR_N
[09:33:56] LPR 12 Recv: LPR_N
[09:34:02] LPR 12 Recv: LPR_N
[09:34:07] LPR 12 Recv: LPR_N
[09:34:12] LPR 12 Recv: LPR_N
[09:34:18] LPR 12 Recv: LPR_N
[09:34:23] LPR 12 Recv: LPR_N
[09:34:28] LPR 12 Recv: LPR_N
[09:34:34] LPR 12 Recv: LPR_N
[09:34:35] Ping 시간 체크1-4391531
[09:34:35] Ping 시간 체크2-4391531
[09:34:35] 11번 LPR OK 전송
[09:34:39] LPR 12 Recv: LPR_N
[09:34:44] LPR 12 Recv: LPR_N
[09:34:49] LPR 12 Recv: LPR_N
[09:34:54] LPR 12 Recv: LPR_N
[09:35:00] LPR 12 Recv: LPR_N
[09:35:05] LPR 12 Recv: LPR_N
[09:35:10] LPR 12 Recv: LPR_N
[09:35:15] LPR 12 Recv: LPR_N
[09:35:21] LPR 12 Recv: LPR_N
[09:35:26] LPR 12 Recv: LPR_N
[09:35:31] LPR 12 Recv: LPR_N
[09:35:35] Ping 시간 체크1-4451531
[09:35:35] Ping 시간 체크2-4451531
[09:35:35] 11번 LPR OK 전송
[09:35:36] LPR 12 Recv: LPR_N
[09:35:42] LPR 12 Recv: LPR_N
[09:35:47] LPR 12 Recv: LPR_N
[09:35:52] LPR 12 Recv: LPR_N
[09:35:57] LPR 12 Recv: LPR_N
[09:36:02] LPR 12 Recv: LPR_N
[09:36:08] LPR 12 Recv: LPR_N
[09:36:13] LPR 12 Recv: LPR_N
[09:36:19] LPR 12 Recv: LPR_N
[09:36:24] LPR 12 Recv: LPR_N
[09:36:29] LPR 12 Recv: LPR_N
[09:36:34] LPR 12 Recv: LPR_N
[09:36:35] Ping 시간 체크1-4511531
[09:36:35] Ping 시간 체크2-4511531
[09:36:35] 11번 LPR OK 전송
[09:36:40] LPR 12 Recv: LPR_N
[09:36:45] LPR 12 Recv: LPR_N
[09:36:50] LPR 12 Recv: LPR_N
[09:36:55] LPR 12 Recv: LPR_N
[09:37:00] LPR 12 Recv: LPR_N
[09:37:06] LPR 12 Recv: LPR_N
[09:37:11] LPR 12 Recv: LPR_N
[09:37:16] LPR 12 Recv: LPR_N
[09:37:21] LPR 12 Recv: LPR_N
[09:37:27] LPR 12 Recv: LPR_N
[09:37:32] LPR 12 Recv: LPR_N
[09:37:35] Ping 시간 체크1-4571531
[09:37:35] Ping 시간 체크2-4571531
[09:37:35] 11번 LPR OK 전송
[09:37:37] LPR 12 Recv: LPR_N
[09:37:42] LPR 12 Recv: LPR_N
[09:37:47] LPR 12 Recv: LPR_N
[09:37:53] LPR 12 Recv: LPR_N
[09:37:58] LPR 12 Recv: LPR_N
[09:38:03] LPR 12 Recv: LPR_N
[09:38:08] LPR 12 Recv: LPR_N
[09:38:14] LPR 12 Recv: LPR_N
[09:38:19] LPR 12 Recv: LPR_N
[09:38:25] LPR 12 Recv: LPR_N
[09:38:30] LPR 12 Recv: LPR_N
[09:38:35] LPR 12 Recv: LPR_N
[09:38:35] Ping 시간 체크1-4631531
[09:38:35] Ping 시간 체크2-4631531
[09:38:35] 11번 LPR OK 전송
[09:38:40] LPR 12 Recv: LPR_N
[09:38:45] LPR 12 Recv: LPR_N
[09:38:51] LPR 12 Recv: LPR_N
[09:38:56] LPR 12 Recv: LPR_N
[09:39:01] LPR 12 Recv: LPR_N
[09:39:06] LPR 12 Recv: LPR_N
[09:39:12] LPR 12 Recv: LPR_N
[09:39:17] LPR 12 Recv: LPR_N
[09:39:22] LPR 12 Recv: LPR_N
[09:39:27] LPR 12 Recv: LPR_N
[09:39:33] LPR 12 Recv: LPR_N
[09:39:35] Ping 시간 체크1-4691531
[09:39:35] Ping 시간 체크2-4691531
[09:39:35] 11번 LPR OK 전송
[09:39:35] Ping 시간 체크1-4691546
[09:39:35] Ping 시간 체크2-4691546
[09:39:35] 11번 LPR 시간동기화 전송
[09:39:38] LPR 12 Recv: LPR_N
[09:39:43] LPR 12 Recv: LPR_N
[09:39:48] LPR 12 Recv: LPR_N
[09:39:53] LPR 12 Recv: LPR_N
[09:39:59] LPR 12 Recv: LPR_N
[09:40:04] LPR 12 Recv: LPR_N
[09:40:09] LPR 12 Recv: LPR_N
[09:40:15] LPR 12 Recv: LPR_N
[09:40:20] LPR 12 Recv: LPR_N
[09:40:25] LPR 12 Recv: LPR_N
[09:40:31] LPR 12 Recv: LPR_N
[09:40:35] Ping 시간 체크1-4751531
[09:40:35] Ping 시간 체크2-4751531
[09:40:35] 11번 LPR OK 전송
[09:40:36] LPR 12 Recv: LPR_N
[09:40:41] LPR 12 Recv: LPR_N
[09:40:46] LPR 12 Recv: LPR_N
[09:40:51] LPR 12 Recv: LPR_N
[09:40:57] LPR 12 Recv: LPR_N
[09:41:02] LPR 12 Recv: LPR_N
[09:41:07] LPR 12 Recv: LPR_N
[09:41:12] LPR 12 Recv: LPR_N
[09:41:26] LPR 12 Recv: LPR_N
[09:41:31] LPR 12 Recv: LPR_N
[09:41:35] Ping 시간 체크1-4811531
[09:41:35] Ping 시간 체크2-4811531
[09:41:35] 11번 LPR OK 전송
[09:41:37] LPR 12 Recv: LPR_N
[09:41:42] LPR 12 Recv: LPR_N
[09:41:47] LPR 12 Recv: LPR_N
[09:41:52] LPR 12 Recv: LPR_N
[09:41:57] LPR 12 Recv: LPR_N
[09:42:03] LPR 12 Recv: LPR_N
[09:42:08] LPR 12 Recv: LPR_N
[09:42:13] LPR 12 Recv: LPR_N
[09:42:18] LPR 12 Recv: LPR_N
[09:42:24] LPR 12 Recv: LPR_N
[09:42:29] LPR 12 Recv: LPR_N
[09:42:34] LPR 12 Recv: LPR_N
[09:42:35] Ping 시간 체크1-4871531
[09:42:35] Ping 시간 체크2-4871531
[09:42:35] 11번 LPR OK 전송
[09:42:39] LPR 12 Recv: LPR_N
[09:42:44] LPR 12 Recv: LPR_N
[09:42:50] LPR 12 Recv: LPR_N
[09:42:55] LPR 12 Recv: LPR_N
[09:43:00] LPR 12 Recv: LPR_N
[09:43:05] LPR 12 Recv: LPR_N
[09:43:11] LPR 12 Recv: LPR_N
[09:43:16] LPR 12 Recv: LPR_N
[09:43:21] LPR 12 Recv: LPR_N
[09:43:27] LPR 12 Recv: LPR_N
[09:43:32] LPR 12 Recv: LPR_N
[09:43:35] Ping 시간 체크1-4931531
[09:43:35] Ping 시간 체크2-4931531
[09:43:35] 11번 LPR OK 전송
[09:43:37] LPR 12 Recv: LPR_N
[09:43:42] LPR 12 Recv: LPR_N
[09:43:48] LPR 12 Recv: LPR_N
[09:43:53] LPR 12 Recv: LPR_N
[09:43:58] LPR 12 Recv: LPR_N
[09:44:03] LPR 12 Recv: LPR_N
[09:44:09] LPR 12 Recv: LPR_N
[09:44:14] LPR 12 Recv: LPR_N
[09:44:19] LPR 12 Recv: LPR_N
[09:44:24] LPR 12 Recv: LPR_N
[09:44:30] LPR 12 Recv: LPR_N
[09:44:35] LPR 12 Recv: LPR_N
[09:44:35] Ping 시간 체크1-4991531
[09:44:35] Ping 시간 체크2-4991531
[09:44:35] 11번 LPR OK 전송
[09:44:40] LPR 12 Recv: LPR_N
[09:44:45] LPR 12 Recv: LPR_N
[09:44:50] LPR 12 Recv: LPR_N
[09:44:56] LPR 12 Recv: LPR_N
[09:45:01] LPR 12 Recv: LPR_N
[09:45:06] LPR 12 Recv: LPR_N
[09:45:11] LPR 12 Recv: LPR_N
[09:45:17] LPR 12 Recv: LPR_N
[09:45:22] LPR 12 Recv: LPR_N
[09:45:28] LPR 12 Recv: LPR_N
[09:45:33] LPR 12 Recv: LPR_N
[09:45:35] Ping 시간 체크1-5051531
[09:45:35] Ping 시간 체크2-5051531
[09:45:35] 11번 LPR OK 전송
[09:45:38] LPR 12 Recv: LPR_N
[09:45:43] LPR 12 Recv: LPR_N
[09:45:48] LPR 12 Recv: LPR_N
[09:45:54] LPR 12 Recv: LPR_N
[09:45:59] LPR 12 Recv: LPR_N
[09:46:04] LPR 12 Recv: LPR_N
[09:46:09] LPR 12 Recv: LPR_N
[09:46:15] LPR 12 Recv: LPR_N
[09:46:20] LPR 12 Recv: LPR_N
[09:46:25] LPR 12 Recv: LPR_N
[09:46:30] LPR 12 Recv: LPR_N
[09:46:35] Ping 시간 체크1-5111531
[09:46:35] Ping 시간 체크2-5111531
[09:46:35] 11번 LPR OK 전송
[09:46:35] LPR 12 Recv: LPR_N
[09:46:41] LPR 12 Recv: LPR_N
[09:46:46] LPR 12 Recv: LPR_N
[09:46:51] LPR 12 Recv: LPR_N
[09:46:56] LPR 12 Recv: LPR_N
[09:47:02] LPR 12 Recv: LPR_N
[09:47:07] LPR 12 Recv: LPR_N
[09:47:12] LPR 12 Recv: LPR_N
[09:47:17] LPR 12 Recv: LPR_N
[09:47:23] LPR 12 Recv: LPR_N
[09:47:28] LPR 12 Recv: LPR_N
[09:47:33] LPR 12 Recv: LPR_N
[09:47:35] Ping 시간 체크1-5171531
[09:47:35] Ping 시간 체크2-5171531
[09:47:35] 11번 LPR OK 전송
[09:47:39] LPR 12 Recv: LPR_N
[09:47:44] LPR 12 Recv: LPR_N
[09:47:49] LPR 12 Recv: LPR_N
[09:47:54] LPR 12 Recv: LPR_N
[09:48:00] LPR 12 Recv: LPR_N
[09:48:05] LPR 12 Recv: LPR_N
[09:48:12] LPR 12 Recv: LPR_N
[09:48:17] LPR 12 Recv: LPR_N
[09:48:22] LPR 12 Recv: LPR_N
[09:48:27] LPR 12 Recv: LPR_N
[09:48:32] LPR 12 Recv: LPR_N
[09:48:35] Ping 시간 체크1-5231531
[09:48:35] Ping 시간 체크2-5231531
[09:48:35] 11번 LPR OK 전송
[09:48:38] LPR 12 Recv: LPR_N
[09:48:43] LPR 12 Recv: LPR_N
[09:48:48] LPR 12 Recv: LPR_N
[09:48:53] LPR 12 Recv: LPR_N
[09:48:59] LPR 12 Recv: LPR_N
[09:49:04] LPR 12 Recv: LPR_N
[09:49:09] LPR 12 Recv: LPR_N
[09:49:14] LPR 12 Recv: LPR_N
[09:49:20] LPR 12 Recv: LPR_N
[09:49:25] LPR 12 Recv: LPR_N
[09:49:30] LPR 12 Recv: LPR_N
[09:49:35] Ping 시간 체크1-5291531
[09:49:35] Ping 시간 체크2-5291531
[09:49:35] 11번 LPR OK 전송
[09:49:35] LPR 12 Recv: LPR_N
[09:49:40] LPR 12 Recv: LPR_N
[09:49:46] LPR 12 Recv: LPR_N
[09:49:51] LPR 12 Recv: LPR_N
[09:49:57] LPR 12 Recv: LPR_N
[09:50:02] LPR 12 Recv: LPR_N
[09:50:07] LPR 12 Recv: LPR_N
[09:50:12] LPR 12 Recv: LPR_N
[09:50:18] LPR 12 Recv: LPR_N
[09:50:23] LPR 12 Recv: LPR_N
[09:50:28] LPR 12 Recv: LPR_N
[09:50:33] LPR 12 Recv: LPR_N
[09:50:35] Ping 시간 체크1-5351531
[09:50:35] Ping 시간 체크2-5351531
[09:50:35] 11번 LPR OK 전송
[09:50:38] LPR 12 Recv: LPR_N
[09:50:44] LPR 12 Recv: LPR_N
[09:50:49] LPR 12 Recv: LPR_N
[09:50:54] LPR 12 Recv: LPR_N
[09:50:59] LPR 12 Recv: LPR_N
[09:51:05] LPR 12 Recv: LPR_N
[09:51:10] LPR 12 Recv: LPR_N
[09:51:15] LPR 12 Recv: LPR_N
[09:51:20] LPR 12 Recv: LPR_N
[09:51:25] LPR 12 Recv: LPR_N
[09:51:31] LPR 12 Recv: LPR_N
[09:51:35] Ping 시간 체크1-5411531
[09:51:35] Ping 시간 체크2-5411531
[09:51:35] 11번 LPR OK 전송
[09:51:36] LPR 12 Recv: LPR_N
[09:51:41] LPR 12 Recv: LPR_N
[09:51:46] LPR 12 Recv: LPR_N
[09:51:52] LPR 12 Recv: LPR_N
[09:51:57] LPR 12 Recv: LPR_N
[09:52:03] LPR 12 Recv: LPR_N
[09:52:08] LPR 12 Recv: LPR_N
[09:52:13] LPR 12 Recv: LPR_N
[09:52:18] LPR 12 Recv: LPR_N
[09:52:23] LPR 12 Recv: LPR_N
[09:52:29] LPR 12 Recv: LPR_N
[09:52:34] LPR 12 Recv: LPR_N
[09:52:35] Ping 시간 체크1-5471531
[09:52:35] Ping 시간 체크2-5471531
[09:52:35] 11번 LPR OK 전송
[09:52:39] LPR 12 Recv: LPR_N
[09:52:44] LPR 12 Recv: LPR_N
[09:52:50] LPR 12 Recv: LPR_N
[09:52:55] LPR 12 Recv: LPR_N
[09:53:00] LPR 12 Recv: LPR_N
[09:53:05] LPR 12 Recv: LPR_N
[09:53:11] LPR 12 Recv: LPR_N
[09:53:16] LPR 12 Recv: LPR_N
[09:53:21] LPR 12 Recv: LPR_N
[09:53:26] LPR 12 Recv: LPR_N
[09:53:31] LPR 12 Recv: LPR_N
[09:53:35] Ping 시간 체크1-5531531
[09:53:35] Ping 시간 체크2-5531531
[09:53:35] 11번 LPR OK 전송
[09:53:37] LPR 12 Recv: LPR_N
[09:53:42] LPR 12 Recv: LPR_N
[09:53:47] LPR 12 Recv: LPR_N
[09:53:52] LPR 12 Recv: LPR_N
[09:53:58] LPR 12 Recv: LPR_N
[09:54:03] LPR 12 Recv: LPR_N
[09:54:09] LPR 12 Recv: LPR_N
[09:54:14] LPR 12 Recv: LPR_N
[09:54:19] LPR 12 Recv: LPR_N
[09:54:24] LPR 12 Recv: LPR_N
[09:54:29] LPR 12 Recv: LPR_N
[09:54:35] LPR 12 Recv: LPR_N
[09:54:35] Ping 시간 체크1-5591531
[09:54:35] Ping 시간 체크2-5591531
[09:54:35] 11번 LPR OK 전송
[09:54:40] LPR 12 Recv: LPR_N
[09:54:45] LPR 12 Recv: LPR_N
[09:54:50] LPR 12 Recv: LPR_N
[09:54:56] LPR 12 Recv: LPR_N
[09:55:01] LPR 12 Recv: LPR_N
[09:55:06] LPR 12 Recv: LPR_N
[09:55:11] LPR 12 Recv: LPR_N
[09:55:16] LPR 12 Recv: LPR_N
[09:55:22] LPR 12 Recv: LPR_N
[09:55:27] LPR 12 Recv: LPR_N
[09:55:32] LPR 12 Recv: LPR_N
[09:55:35] Ping 시간 체크1-5651531
[09:55:35] Ping 시간 체크2-5651531
[09:55:35] 11번 LPR OK 전송
[09:55:37] LPR 12 Recv: LPR_N
[09:55:43] LPR 12 Recv: LPR_N
[09:55:48] LPR 12 Recv: LPR_N
[09:55:53] LPR 12 Recv: LPR_N
[09:55:59] LPR 12 Recv: LPR_N
[09:56:04] LPR 12 Recv: LPR_N
[09:56:09] LPR 12 Recv: LPR_N
[09:56:14] LPR 12 Recv: LPR_N
[09:56:20] LPR 12 Recv: LPR_N
[09:56:25] LPR 12 Recv: LPR_N
[09:56:30] LPR 12 Recv: LPR_N
[09:56:35] LPR 12 Recv: LPR_N
[09:56:35] Ping 시간 체크1-5711531
[09:56:35] Ping 시간 체크2-5711531
[09:56:35] 11번 LPR OK 전송
[09:56:41] LPR 12 Recv: LPR_N
[09:56:46] LPR 12 Recv: LPR_N
[09:56:51] LPR 12 Recv: LPR_N
[09:56:56] LPR 12 Recv: LPR_N
[09:57:02] LPR 12 Recv: LPR_N
[09:57:07] LPR 12 Recv: LPR_N
[09:57:12] LPR 12 Recv: LPR_N
[09:57:17] LPR 12 Recv: LPR_N
[09:57:22] LPR 12 Recv: LPR_N
[09:57:28] LPR 12 Recv: LPR_N
[09:57:33] LPR 12 Recv: LPR_N
[09:57:35] Ping 시간 체크1-5771531
[09:57:35] Ping 시간 체크2-5771531
[09:57:35] 11번 LPR OK 전송
[09:57:38] LPR 12 Recv: LPR_N
[09:57:43] LPR 12 Recv: LPR_N
[09:57:49] LPR 12 Recv: LPR_N
[09:57:54] LPR 12 Recv: LPR_N
[09:58:00] LPR 12 Recv: LPR_N
[09:58:05] LPR 12 Recv: LPR_N
[09:58:10] LPR 12 Recv: LPR_N
[09:58:15] LPR 12 Recv: LPR_N
[09:58:20] LPR 12 Recv: LPR_N
[09:58:26] LPR 12 Recv: LPR_N
[09:58:31] LPR 12 Recv: LPR_N
[09:58:35] Ping 시간 체크1-5831531
[09:58:35] Ping 시간 체크2-5831531
[09:58:35] 11번 LPR OK 전송
[09:58:36] LPR 12 Recv: LPR_N
[09:58:41] LPR 12 Recv: LPR_N
[09:58:47] LPR 12 Recv: LPR_N
[09:58:52] LPR 12 Recv: LPR_N
[09:58:57] LPR 12 Recv: LPR_N
[09:59:02] LPR 12 Recv: LPR_N
[09:59:07] LPR 12 Recv: LPR_N
[09:59:13] LPR 12 Recv: LPR_N
[09:59:18] LPR 12 Recv: LPR_N
[09:59:23] LPR 12 Recv: LPR_N
[09:59:28] LPR 12 Recv: LPR_N
[09:59:34] LPR 12 Recv: LPR_N
[09:59:35] Ping 시간 체크1-5891531
[09:59:35] Ping 시간 체크2-5891546
[09:59:35] 11번 LPR OK 전송
[09:59:39] LPR 12 Recv: LPR_N
[09:59:44] LPR 12 Recv: LPR_N
[09:59:49] LPR 12 Recv: LPR_N
[09:59:55] LPR 12 Recv: LPR_N
[10:00:00] LPR 12 Recv: LPR_N
[10:00:05] LPR 12 Recv: LPR_N
[10:00:11] LPR 12 Recv: LPR_N
[10:00:16] LPR 12 Recv: LPR_N
[10:00:21] LPR 12 Recv: LPR_N
[10:00:26] LPR 12 Recv: LPR_N
[10:00:32] LPR 12 Recv: LPR_N
[10:00:35] Ping 시간 체크1-5951531
[10:00:35] Ping 시간 체크2-5951531
[10:00:35] 11번 LPR OK 전송
[10:00:37] LPR 12 Recv: LPR_N
[10:00:42] LPR 12 Recv: LPR_N
[10:00:47] LPR 12 Recv: LPR_N
[10:00:53] LPR 12 Recv: LPR_N
[10:00:58] LPR 12 Recv: LPR_N
[10:01:03] LPR 12 Recv: LPR_N
[10:01:08] LPR 12 Recv: LPR_N
[10:01:13] LPR 12 Recv: LPR_N
[10:01:19] LPR 12 Recv: LPR_N
[10:01:24] LPR 12 Recv: LPR_N
[10:01:29] LPR 12 Recv: LPR_N
[10:01:34] LPR 12 Recv: LPR_N
[10:01:35] Ping 시간 체크1-6011531
[10:01:35] Ping 시간 체크2-6011531
[10:01:35] 11번 LPR OK 전송
[10:01:40] LPR 12 Recv: LPR_N
[10:01:45] LPR 12 Recv: LPR_N
[10:01:50] LPR 12 Recv: LPR_N
[10:01:56] LPR 12 Recv: LPR_N
[10:02:01] LPR 12 Recv: LPR_N
[10:02:06] LPR 12 Recv: LPR_N
[10:02:11] LPR 12 Recv: LPR_N
[10:02:17] LPR 12 Recv: LPR_N
[10:02:22] LPR 12 Recv: LPR_N
[10:02:27] LPR 12 Recv: LPR_N
[10:02:32] LPR 12 Recv: LPR_N
[10:02:35] Ping 시간 체크1-6071531
[10:02:35] Ping 시간 체크2-6071531
[10:02:35] 11번 LPR OK 전송
[10:02:38] LPR 12 Recv: LPR_N
[10:02:43] LPR 12 Recv: LPR_N
[10:02:48] LPR 12 Recv: LPR_N
[10:02:53] LPR 12 Recv: LPR_N
[10:02:58] LPR 12 Recv: LPR_N
[10:03:04] LPR 12 Recv: LPR_N
[10:03:09] LPR 12 Recv: LPR_N
[10:03:14] LPR 12 Recv: LPR_N
[10:03:19] LPR 12 Recv: LPR_N
[10:03:25] LPR 12 Recv: LPR_N
[10:03:30] LPR 12 Recv: LPR_N
[10:03:35] Ping 시간 체크1-6131531
[10:03:35] Ping 시간 체크2-6131531
[10:03:35] 11번 LPR OK 전송
[10:03:35] LPR 12 Recv: LPR_N
[10:03:40] LPR 12 Recv: LPR_N
[10:03:46] LPR 12 Recv: LPR_N
[10:03:51] LPR 12 Recv: LPR_N
[10:03:56] LPR 12 Recv: LPR_N
[10:04:02] LPR 12 Recv: LPR_N
[10:04:07] LPR 12 Recv: LPR_N
[10:04:12] LPR 12 Recv: LPR_N
[10:04:17] LPR 12 Recv: LPR_N
[10:04:23] LPR 12 Recv: LPR_N
[10:04:28] LPR 12 Recv: LPR_N
[10:04:33] LPR 12 Recv: LPR_N
[10:04:35] Ping 시간 체크1-6191531
[10:04:35] Ping 시간 체크2-6191531
[10:04:35] 11번 LPR OK 전송
[10:04:38] LPR 12 Recv: LPR_N
[10:04:44] LPR 12 Recv: LPR_N
[10:04:49] LPR 12 Recv: LPR_N
[10:04:54] LPR 12 Recv: LPR_N
[10:04:59] LPR 12 Recv: LPR_N
[10:05:04] LPR 12 Recv: LPR_N
[10:05:10] LPR 12 Recv: LPR_N
[10:05:15] LPR 12 Recv: LPR_N
[10:05:20] LPR 12 Recv: LPR_N
[10:05:25] LPR 12 Recv: LPR_N
[10:05:31] LPR 12 Recv: LPR_N
[10:05:35] Ping 시간 체크1-6251531
[10:05:35] Ping 시간 체크2-6251531
[10:05:35] 11번 LPR OK 전송
[10:05:36] LPR 12 Recv: LPR_N
[10:05:41] LPR 12 Recv: LPR_N
[10:05:46] LPR 12 Recv: LPR_N
[10:05:51] LPR 12 Recv: LPR_N
[10:05:57] LPR 12 Recv: LPR_N
[10:06:02] LPR 12 Recv: LPR_N
[10:06:08] LPR 12 Recv: LPR_N
[10:06:13] LPR 12 Recv: LPR_N
[10:06:18] LPR 12 Recv: LPR_N
[10:06:23] LPR 12 Recv: LPR_N
[10:06:29] LPR 12 Recv: LPR_N
[10:06:34] LPR 12 Recv: LPR_N
[10:06:35] Ping 시간 체크1-6311531
[10:06:35] Ping 시간 체크2-6311531
[10:06:35] 11번 LPR OK 전송
[10:06:39] LPR 12 Recv: LPR_N
[10:06:44] LPR 12 Recv: LPR_N
[10:06:49] LPR 12 Recv: LPR_N
[10:06:55] LPR 12 Recv: LPR_N
[10:07:00] LPR 12 Recv: LPR_N
[10:07:05] LPR 12 Recv: LPR_N
[10:07:10] LPR 12 Recv: LPR_N
[10:07:16] LPR 12 Recv: LPR_N
[10:07:21] LPR 12 Recv: LPR_N
[10:07:26] LPR 12 Recv: LPR_N
[10:07:31] LPR 12 Recv: LPR_N
[10:07:35] Ping 시간 체크1-6371531
[10:07:35] Ping 시간 체크2-6371531
[10:07:35] 11번 LPR OK 전송
[10:07:37] LPR 12 Recv: LPR_N
[10:07:42] LPR 12 Recv: LPR_N
[10:07:47] LPR 12 Recv: LPR_N
[10:07:52] LPR 12 Recv: LPR_N
[10:07:58] LPR 12 Recv: LPR_N
[10:08:03] LPR 12 Recv: LPR_N
[10:08:08] LPR 12 Recv: LPR_N
[10:08:14] LPR 12 Recv: LPR_N
[10:08:19] LPR 12 Recv: LPR_N
[10:08:24] LPR 12 Recv: LPR_N
[10:08:29] LPR 12 Recv: LPR_N
[10:08:35] LPR 12 Recv: LPR_N
[10:08:35] Ping 시간 체크1-6431531
[10:08:35] Ping 시간 체크2-6431531
[10:08:35] 11번 LPR OK 전송
[10:08:40] LPR 12 Recv: LPR_N
[10:08:45] LPR 12 Recv: LPR_N
[10:08:50] LPR 12 Recv: LPR_N
[10:08:55] LPR 12 Recv: LPR_N
[10:09:01] LPR 12 Recv: LPR_N
[10:09:06] LPR 12 Recv: LPR_N
[10:09:11] LPR 12 Recv: LPR_N
[10:09:16] LPR 12 Recv: LPR_N
[10:09:22] LPR 12 Recv: LPR_N
[10:09:27] LPR 12 Recv: LPR_N
[10:09:32] LPR 12 Recv: LPR_N
[10:09:35] Ping 시간 체크1-6491531
[10:09:35] Ping 시간 체크2-6491531
[10:09:35] 11번 LPR OK 전송
[10:09:37] LPR 12 Recv: LPR_N
[10:09:42] LPR 12 Recv: LPR_N
[10:09:48] LPR 12 Recv: LPR_N
[10:09:53] LPR 12 Recv: LPR_N
[10:09:59] LPR 12 Recv: LPR_N
[10:10:04] LPR 12 Recv: LPR_N
[10:10:09] LPR 12 Recv: LPR_N
[10:10:11] LPR 12 Recv: LPR_N
[10:10:12] LPR 11 Recv: LPR_R
[10:10:12] 시간동기화 전송
[10:10:14] LPR 12 Recv: LPR_N
[10:10:20] LPR 12 Recv: LPR_N
[10:10:25] LPR 12 Recv: LPR_N
[10:10:30] LPR 12 Recv: LPR_N
[10:10:35] LPR 12 Recv: LPR_N
[10:10:40] LPR 12 Recv: LPR_N
[10:10:46] LPR 12 Recv: LPR_N
[10:10:51] LPR 12 Recv: LPR_N
[10:10:55] LPR 12 Recv: CH1#31로6850#N#\2014\10\10\CH1_20141010101054_31로6850.jpg
[10:10:55] LPR Check: 31로6850,http://172.16.66.34:9080/MSImage/2014/10/10/CH1_20141010101054_31로6850.jpg,1,,,0, 2014-10-10 10:10:54
[10:10:55] File: \\172.16.66.34\MSImage\2014\10\10\CH1_20141010101054_31로6850.jpg
[10:10:55] 일반차량: 31로6850, 
[10:10:55] In Image File: \\172.16.66.33\MSImage\2014\10\01\CH1_20141001160215_31로6850.jpg
[10:10:55] Ping 시간 체크1-6571109
[10:10:55] Ping 시간 체크2-6571109
[10:10:55] Out Image File: \\172.16.66.34\MSImage\2014\10\10\CH1_20141010101054_31로6850.jpg
[10:10:55] Ping 시간 체크1-6571328
[10:10:55] Ping 시간 체크2-6571328
[10:10:55] Ping 시간 체크1-6571687
[10:10:55] Ping 시간 체크2-6571687
[10:10:55] 일반차량출차: 31로6850, 
[10:10:56] LPR 12 Recv: LPR_N
[10:11:01] LPR 12 Recv: LPR_N
[10:11:07] LPR 12 Recv: LPR_N
[10:11:12] Ping 시간 체크1-6587781
[10:11:12] Ping 시간 체크2-6587781
[10:11:12] 11번 LPR OK 전송
[10:11:12] LPR 12 Recv: LPR_N
[10:11:17] LPR 12 Recv: LPR_N
[10:11:22] LPR 12 Recv: LPR_N
[10:11:28] LPR 12 Recv: LPR_N
[10:11:33] LPR 12 Recv: LPR_N
[10:11:38] LPR 12 Recv: LPR_N
[10:11:43] LPR 12 Recv: LPR_N
[10:11:48] LPR 12 Recv: LPR_N
[10:11:54] LPR 12 Recv: LPR_N
[10:11:59] LPR 12 Recv: LPR_N
[10:12:05] LPR 12 Recv: LPR_N
[10:12:10] LPR 12 Recv: LPR_N
[10:12:12] Ping 시간 체크1-6647781
[10:12:12] Ping 시간 체크2-6647781
[10:12:12] 11번 LPR OK 전송
[10:12:15] LPR 12 Recv: LPR_N
[10:12:20] LPR 12 Recv: LPR_N
[10:12:26] LPR 12 Recv: LPR_N
[10:12:31] LPR 12 Recv: LPR_N
[10:12:36] LPR 12 Recv: LPR_N
[10:12:41] LPR 12 Recv: LPR_N
[10:12:46] LPR 12 Recv: LPR_N
[10:12:52] LPR 12 Recv: LPR_N
[10:12:57] LPR 12 Recv: LPR_N
[10:13:02] LPR 12 Recv: LPR_N
[10:13:07] LPR 12 Recv: LPR_N
[10:13:12] Ping 시간 체크1-6707781
[10:13:12] Ping 시간 체크2-6707781
[10:13:12] 11번 LPR OK 전송
[10:13:13] LPR 12 Recv: LPR_N
[10:13:18] LPR 12 Recv: LPR_N
[10:13:23] LPR 12 Recv: LPR_N
[10:13:28] LPR 12 Recv: LPR_N
[10:13:33] LPR 12 Recv: LPR_N
[10:13:39] LPR 12 Recv: LPR_N
[10:13:44] LPR 12 Recv: LPR_N
[10:13:49] LPR 12 Recv: LPR_N
[10:13:54] LPR 12 Recv: LPR_N
[10:14:00] LPR 12 Recv: LPR_N
[10:14:05] LPR 12 Recv: LPR_N
[10:14:11] LPR 12 Recv: LPR_N
[10:14:12] Ping 시간 체크1-6767781
[10:14:12] Ping 시간 체크2-6767781
[10:14:12] 11번 LPR OK 전송
[10:14:16] LPR 12 Recv: LPR_N
[10:14:21] LPR 12 Recv: LPR_N
[10:14:26] LPR 12 Recv: LPR_N
[10:14:31] LPR 12 Recv: LPR_N
[10:14:37] LPR 12 Recv: LPR_N
[10:14:42] LPR 12 Recv: LPR_N
[10:14:47] LPR 12 Recv: LPR_N
[10:14:52] LPR 12 Recv: LPR_N
[10:14:57] LPR 12 Recv: LPR_N
[10:14:57] LPR 11 Recv: LPR_R
[10:14:57] 시간동기화 전송
[10:14:58] LPR 12 Recv: LPR_N
[10:15:03] LPR 12 Recv: LPR_N
[10:15:08] LPR 12 Recv: LPR_N
[10:15:13] LPR 12 Recv: LPR_N
[10:15:19] LPR 12 Recv: LPR_N
[10:15:24] LPR 12 Recv: LPR_N
[10:15:29] LPR 12 Recv: LPR_N
[10:15:34] LPR 12 Recv: LPR_N
[10:15:39] LPR 12 Recv: LPR_N
[10:15:45] LPR 12 Recv: LPR_N
[10:15:50] LPR 12 Recv: LPR_N
[10:15:55] LPR 12 Recv: LPR_N
[10:15:57] Ping 시간 체크1-6873140
[10:15:57] Ping 시간 체크2-6873140
[10:15:57] 11번 LPR OK 전송
[10:16:01] LPR 12 Recv: LPR_N
[10:16:04] LPR 11 Recv: LPR_R
[10:16:04] 시간동기화 전송
[10:16:05] LPR 12 Recv: LPR_N
[10:16:06] LPR 12 Recv: LPR_N
[10:16:11] LPR 12 Recv: LPR_N
[10:16:17] LPR 12 Recv: LPR_N
[10:16:22] LPR 12 Recv: LPR_N
[10:16:27] LPR 12 Recv: LPR_N
[10:16:32] LPR 12 Recv: LPR_N
[10:16:37] LPR 12 Recv: LPR_N
[10:16:43] LPR 12 Recv: LPR_N
[10:16:48] LPR 12 Recv: LPR_N
[10:16:53] LPR 12 Recv: LPR_N
[10:16:58] LPR 12 Recv: LPR_N
[10:17:04] LPR 12 Recv: LPR_N
[10:17:04] Ping 시간 체크1-6940484
[10:17:04] Ping 시간 체크2-6940484
[10:17:04] 11번 LPR OK 전송
[10:17:09] LPR 12 Recv: LPR_N
[10:17:14] LPR 12 Recv: LPR_N
[10:17:19] LPR 12 Recv: LPR_N
[10:17:24] LPR 12 Recv: LPR_N
[10:17:30] LPR 12 Recv: LPR_N
[10:17:35] LPR 12 Recv: LPR_N
[10:17:40] LPR 12 Recv: LPR_N
[10:17:45] LPR 12 Recv: LPR_N
[10:17:51] LPR 12 Recv: LPR_N
[10:17:56] LPR 12 Recv: LPR_N
[10:18:02] LPR 12 Recv: LPR_N
[10:18:04] Ping 시간 체크1-7000484
[10:18:04] Ping 시간 체크2-7000484
[10:18:04] 11번 LPR OK 전송
[10:18:07] LPR 12 Recv: LPR_N
[10:18:12] LPR 12 Recv: LPR_N
[10:18:17] LPR 12 Recv: LPR_N
[10:18:22] LPR 12 Recv: LPR_N
[10:18:28] LPR 12 Recv: LPR_N
[10:18:33] LPR 12 Recv: LPR_N
[10:18:38] LPR 12 Recv: LPR_N
[10:18:43] LPR 12 Recv: LPR_N
[10:18:49] LPR 12 Recv: LPR_N
[10:18:54] LPR 12 Recv: LPR_N
[10:18:59] LPR 12 Recv: LPR_N
[10:19:04] Ping 시간 체크1-7060484
[10:19:04] Ping 시간 체크2-7060484
[10:19:04] 11번 LPR OK 전송
[10:19:04] LPR 12 Recv: LPR_N
[10:19:10] LPR 12 Recv: LPR_N
[10:19:15] LPR 12 Recv: LPR_N
[10:19:20] LPR 12 Recv: LPR_N
[10:19:25] LPR 12 Recv: LPR_N
[10:19:30] LPR 12 Recv: LPR_N
[10:19:36] LPR 12 Recv: LPR_N
[10:19:41] LPR 12 Recv: LPR_N
[10:19:46] LPR 12 Recv: LPR_N
[10:19:51] LPR 12 Recv: LPR_N
[10:19:57] LPR 12 Recv: LPR_N
[10:20:02] LPR 12 Recv: LPR_N
[10:20:04] Ping 시간 체크1-7120484
[10:20:04] Ping 시간 체크2-7120500
[10:20:08] LPR 12 Recv: LPR_N
[10:20:13] LPR 12 Recv: LPR_N
[10:20:18] LPR 12 Recv: LPR_N
[10:20:23] LPR 12 Recv: LPR_N
[10:20:28] LPR 12 Recv: LPR_N
[10:20:34] LPR 12 Recv: LPR_N
[10:20:39] LPR 12 Recv: LPR_N
[10:20:44] LPR 12 Recv: LPR_N
[10:20:49] LPR 12 Recv: LPR_N
[10:20:55] LPR 12 Recv: LPR_N
[10:21:00] LPR 12 Recv: LPR_N
[10:21:04] Ping 시간 체크1-7180484
[10:21:04] Ping 시간 체크2-7180484
[10:21:04] 11번 LPR OK 전송
[10:21:05] LPR 12 Recv: LPR_N
[10:21:10] LPR 12 Recv: LPR_N
[10:21:15] LPR 12 Recv: LPR_N
[10:21:21] LPR 12 Recv: LPR_N
[10:21:26] LPR 12 Recv: LPR_N
[10:21:31] LPR 12 Recv: LPR_N
[10:21:36] LPR 12 Recv: LPR_N
[10:21:42] LPR 12 Recv: LPR_N
[10:21:47] LPR 12 Recv: LPR_N
[10:21:52] LPR 12 Recv: LPR_N
[10:21:58] LPR 12 Recv: LPR_N
[10:22:03] LPR 12 Recv: LPR_N
[10:22:04] Ping 시간 체크1-7240484
[10:22:04] Ping 시간 체크2-7240484
[10:22:04] 11번 LPR OK 전송
[10:22:08] LPR 12 Recv: LPR_N
[10:22:13] LPR 12 Recv: LPR_N
[10:22:19] LPR 12 Recv: LPR_N
[10:22:24] LPR 12 Recv: LPR_N
[10:22:29] LPR 12 Recv: LPR_N
[10:22:34] LPR 12 Recv: LPR_N
[10:22:40] LPR 12 Recv: LPR_N
[10:22:45] LPR 12 Recv: LPR_N
[10:22:50] LPR 12 Recv: LPR_N
[10:22:55] LPR 12 Recv: LPR_N
[10:23:01] LPR 12 Recv: LPR_N
[10:23:04] Ping 시간 체크1-7300484
[10:23:04] Ping 시간 체크2-7300484
[10:23:04] 11번 LPR OK 전송
[10:23:06] LPR 12 Recv: LPR_N
[10:23:11] LPR 12 Recv: LPR_N
[10:23:16] LPR 12 Recv: LPR_N
[10:23:21] LPR 12 Recv: LPR_N
[10:23:27] LPR 12 Recv: LPR_N
[10:23:32] LPR 12 Recv: LPR_N
[10:23:37] LPR 12 Recv: LPR_N
[10:23:42] LPR 12 Recv: LPR_N
[10:23:48] LPR 12 Recv: LPR_N
[10:23:53] LPR 12 Recv: LPR_N
[10:23:59] LPR 12 Recv: LPR_N
[10:24:04] LPR 12 Recv: LPR_N
[10:24:04] Ping 시간 체크1-7360484
[10:24:04] Ping 시간 체크2-7360484
[10:24:04] 11번 LPR OK 전송
[10:24:09] LPR 12 Recv: LPR_N
[10:24:14] LPR 12 Recv: LPR_N
[10:24:19] LPR 12 Recv: LPR_N
[10:24:25] LPR 12 Recv: LPR_N
[10:24:30] LPR 12 Recv: LPR_N
[10:24:35] LPR 12 Recv: LPR_N
[10:24:40] LPR 12 Recv: LPR_N
[10:24:46] LPR 12 Recv: LPR_N
[10:24:51] LPR 12 Recv: LPR_N
[10:24:56] LPR 12 Recv: LPR_N
[10:25:01] LPR 12 Recv: LPR_N
[10:25:04] Ping 시간 체크1-7420484
[10:25:04] Ping 시간 체크2-7420484
[10:25:04] 11번 LPR OK 전송
[10:25:06] LPR 12 Recv: LPR_N
[10:25:12] LPR 12 Recv: LPR_N
[10:25:17] LPR 12 Recv: LPR_N
[10:25:22] LPR 12 Recv: LPR_N
[10:25:27] LPR 12 Recv: LPR_N
[10:25:33] LPR 12 Recv: LPR_N
[10:25:38] LPR 12 Recv: LPR_N
[10:25:43] LPR 12 Recv: LPR_N
[10:25:48] LPR 12 Recv: LPR_N
[10:25:54] LPR 12 Recv: LPR_N
[10:25:59] LPR 12 Recv: LPR_N
[10:26:04] LPR 12 Recv: LPR_N
[10:26:04] Ping 시간 체크1-7480484
[10:26:04] Ping 시간 체크2-7480484
[10:26:04] 11번 LPR OK 전송
[10:26:10] LPR 12 Recv: LPR_N
[10:26:15] LPR 12 Recv: LPR_N
[10:26:20] LPR 12 Recv: LPR_N
[10:26:25] LPR 12 Recv: LPR_N
[10:26:31] LPR 12 Recv: LPR_N
[10:26:36] LPR 12 Recv: LPR_N
[10:26:41] LPR 12 Recv: LPR_N
[10:26:46] LPR 12 Recv: LPR_N
[10:26:52] LPR 12 Recv: LPR_N
[10:26:57] LPR 12 Recv: LPR_N
[10:27:02] LPR 12 Recv: LPR_N
[10:27:04] Ping 시간 체크1-7540484
[10:27:04] Ping 시간 체크2-7540484
[10:27:04] 11번 LPR OK 전송
[10:27:07] LPR 12 Recv: LPR_N
[10:27:12] LPR 12 Recv: LPR_N
[10:27:18] LPR 12 Recv: LPR_N
[10:27:23] LPR 12 Recv: LPR_N
[10:27:28] LPR 12 Recv: LPR_N
[10:27:33] LPR 12 Recv: LPR_N
[10:27:39] LPR 12 Recv: LPR_N
[10:27:44] LPR 12 Recv: LPR_N
[10:27:49] LPR 12 Recv: LPR_N
[10:27:54] LPR 12 Recv: LPR_N
[10:28:00] LPR 12 Recv: LPR_N
[10:28:04] Ping 시간 체크1-7600484
[10:28:04] Ping 시간 체크2-7600484
[10:28:04] 11번 LPR OK 전송
[10:28:05] LPR 12 Recv: LPR_N
[10:28:10] LPR 12 Recv: LPR_N
[10:28:16] LPR 12 Recv: LPR_N
[10:28:21] LPR 12 Recv: LPR_N
[10:28:26] LPR 12 Recv: LPR_N
[10:28:31] LPR 12 Recv: LPR_N
[10:28:37] LPR 12 Recv: LPR_N
[10:28:42] LPR 12 Recv: LPR_N
[10:28:47] LPR 12 Recv: LPR_N
[10:28:52] LPR 12 Recv: LPR_N
[10:28:57] LPR 12 Recv: LPR_N
[10:29:03] LPR 12 Recv: LPR_N
[10:29:04] Ping 시간 체크1-7660484
[10:29:04] Ping 시간 체크2-7660484
[10:29:04] 11번 LPR OK 전송
[10:29:08] LPR 12 Recv: LPR_N
[10:29:13] LPR 12 Recv: LPR_N
[10:29:18] LPR 12 Recv: LPR_N
[10:29:24] LPR 12 Recv: LPR_N
[10:29:29] LPR 12 Recv: LPR_N
[10:29:34] LPR 12 Recv: LPR_N
[10:29:39] LPR 12 Recv: LPR_N
[10:29:45] LPR 12 Recv: LPR_N
[10:29:50] LPR 12 Recv: LPR_N
[10:29:55] LPR 12 Recv: LPR_N
[10:30:01] LPR 12 Recv: LPR_N
[10:30:04] Ping 시간 체크1-7720484
[10:30:04] Ping 시간 체크2-7720484
[10:30:04] 11번 LPR OK 전송
[10:30:06] LPR 12 Recv: LPR_N
[10:30:11] LPR 12 Recv: LPR_N
[10:30:16] LPR 12 Recv: LPR_N
[10:30:22] LPR 12 Recv: LPR_N
[10:30:27] LPR 12 Recv: LPR_N
[10:30:32] LPR 12 Recv: LPR_N
[10:30:37] LPR 12 Recv: LPR_N
[10:30:43] LPR 12 Recv: LPR_N
[10:30:48] LPR 12 Recv: LPR_N
[10:30:53] LPR 12 Recv: LPR_N
[10:30:58] LPR 12 Recv: LPR_N
[10:31:03] LPR 12 Recv: LPR_N
[10:31:04] Ping 시간 체크1-7780484
[10:31:04] Ping 시간 체크2-7780484
[10:31:04] 11번 LPR OK 전송
[10:31:09] LPR 12 Recv: LPR_N
[10:31:14] LPR 12 Recv: LPR_N
[10:31:19] LPR 12 Recv: LPR_N
[10:31:24] LPR 12 Recv: LPR_N
[10:31:30] LPR 12 Recv: LPR_N
[10:31:35] LPR 12 Recv: LPR_N
[10:31:40] LPR 12 Recv: LPR_N
[10:31:45] LPR 12 Recv: LPR_N
[10:31:50] LPR 12 Recv: LPR_N
[10:31:56] LPR 12 Recv: LPR_N
[10:32:01] LPR 12 Recv: LPR_N
[10:32:04] Ping 시간 체크1-7840484
[10:32:04] Ping 시간 체크2-7840484
[10:32:04] 11번 LPR OK 전송
[10:32:07] LPR 12 Recv: LPR_N
[10:32:12] LPR 12 Recv: LPR_N
[10:32:17] LPR 12 Recv: LPR_N
[10:32:22] LPR 12 Recv: LPR_N
[10:32:28] LPR 12 Recv: LPR_N
[10:32:33] LPR 12 Recv: LPR_N
[10:32:38] LPR 12 Recv: LPR_N
[10:32:43] LPR 12 Recv: LPR_N
[10:32:48] LPR 12 Recv: LPR_N
[10:32:54] LPR 12 Recv: LPR_N
[10:32:59] LPR 12 Recv: LPR_N
[10:33:04] Ping 시간 체크1-7900484
[10:33:04] Ping 시간 체크2-7900484
[10:33:04] 11번 LPR OK 전송
[10:33:04] LPR 12 Recv: LPR_N
[10:33:09] LPR 12 Recv: LPR_N
[10:33:15] LPR 12 Recv: LPR_N
[10:33:20] LPR 12 Recv: LPR_N
[10:33:25] LPR 12 Recv: LPR_N
[10:33:30] LPR 12 Recv: LPR_N
[10:33:36] LPR 12 Recv: LPR_N
[10:33:41] LPR 12 Recv: LPR_N
[10:33:46] LPR 12 Recv: LPR_N
[10:33:51] LPR 12 Recv: LPR_N
[10:33:56] LPR 12 Recv: LPR_N
[10:34:02] LPR 12 Recv: LPR_N
[10:34:04] Ping 시간 체크1-7960484
[10:34:04] Ping 시간 체크2-7960484
[10:34:04] 11번 LPR OK 전송
[10:34:07] LPR 12 Recv: LPR_N
[10:34:13] LPR 12 Recv: LPR_N
[10:34:18] LPR 12 Recv: LPR_N
[10:34:23] LPR 12 Recv: LPR_N
[10:34:28] LPR 12 Recv: LPR_N
[10:34:34] LPR 12 Recv: LPR_N
[10:34:39] LPR 12 Recv: LPR_N
[10:34:44] LPR 12 Recv: LPR_N
[10:34:49] LPR 12 Recv: LPR_N
[10:34:54] LPR 12 Recv: LPR_N
[10:35:00] LPR 12 Recv: LPR_N
[10:35:04] Ping 시간 체크1-8020484
[10:35:04] Ping 시간 체크2-8020484
[10:35:04] 11번 LPR OK 전송
[10:35:05] LPR 12 Recv: LPR_N
[10:35:10] LPR 12 Recv: LPR_N
[10:35:15] LPR 12 Recv: LPR_N
[10:35:21] LPR 12 Recv: LPR_N
[10:35:26] LPR 12 Recv: LPR_N
[10:35:31] LPR 12 Recv: LPR_N
[10:35:36] LPR 12 Recv: LPR_N
[10:35:41] LPR 12 Recv: LPR_N
[10:35:47] LPR 12 Recv: LPR_N
[10:35:52] LPR 12 Recv: LPR_N
[10:35:57] LPR 12 Recv: LPR_N
[10:36:03] LPR 12 Recv: LPR_N
[10:36:04] Ping 시간 체크1-8080484
[10:36:04] Ping 시간 체크2-8080484
[10:36:04] 11번 LPR OK 전송
[10:36:08] LPR 12 Recv: LPR_N
[10:36:13] LPR 12 Recv: LPR_N
[10:36:19] LPR 12 Recv: LPR_N
[10:36:24] LPR 12 Recv: LPR_N
[10:36:29] LPR 12 Recv: LPR_N
[10:36:34] LPR 12 Recv: LPR_N
[10:36:39] LPR 12 Recv: LPR_N
[10:36:45] LPR 12 Recv: LPR_N
[10:36:50] LPR 12 Recv: LPR_N
[10:36:55] LPR 12 Recv: LPR_N
[10:37:00] LPR 12 Recv: LPR_N
[10:37:04] Ping 시간 체크1-8140484
[10:37:04] Ping 시간 체크2-8140484
[10:37:04] 11번 LPR OK 전송
[10:37:06] LPR 12 Recv: LPR_N
[10:37:11] LPR 12 Recv: LPR_N
[10:37:16] LPR 12 Recv: LPR_N
[10:37:21] LPR 12 Recv: LPR_N
[10:37:27] LPR 12 Recv: LPR_N
[10:37:32] LPR 12 Recv: LPR_N
[10:37:37] LPR 12 Recv: LPR_N
[10:37:42] LPR 12 Recv: LPR_N
[10:37:47] LPR 12 Recv: LPR_N
[10:37:53] LPR 12 Recv: LPR_N
[10:37:58] LPR 12 Recv: LPR_N
[10:38:04] LPR 12 Recv: LPR_N
[10:38:04] Ping 시간 체크1-8200484
[10:38:04] Ping 시간 체크2-8200484
[10:38:04] 11번 LPR OK 전송
[10:38:09] LPR 12 Recv: LPR_N
[10:38:14] LPR 12 Recv: LPR_N
[10:38:19] LPR 12 Recv: LPR_N
[10:38:25] LPR 12 Recv: LPR_N
[10:38:30] LPR 12 Recv: LPR_N
[10:38:35] LPR 12 Recv: LPR_N
[10:38:40] LPR 12 Recv: LPR_N
[10:38:45] LPR 12 Recv: LPR_N
[10:38:51] LPR 12 Recv: LPR_N
[10:38:56] LPR 12 Recv: LPR_N
[10:39:01] LPR 12 Recv: LPR_N
[10:39:04] Ping 시간 체크1-8260484
[10:39:04] Ping 시간 체크2-8260484
[10:39:04] 11번 LPR OK 전송
[10:39:06] LPR 12 Recv: LPR_N
[10:39:12] LPR 12 Recv: LPR_N
[10:39:17] LPR 12 Recv: LPR_N
[10:39:21] Program Close
[10:39:43] Program Start!
[10:39:51] 근무시작: 배은화
[10:39:52] 영수증프린터 포트오픈 에러: ie_BadId - Specified comport doesn't exist
[10:39:52] Ping 시간 체크1-8308625
[10:39:52] Ping 시간 체크2-8308640
[10:39:52] Ping 시간 체크1-8308687
[10:39:52] Ping 시간 체크2-8308703
[10:39:52] Ping 시간 체크1-8308703
[10:39:52] Ping 시간 체크2-8308718
[10:39:52] Ping 시간 체크1-8308718
[10:39:52] Ping 시간 체크2-8308718
[10:39:53] 주차권  101
[10:39:53] 경차  102
[10:39:53] 장애인  103
[10:39:53] 전액무료  104
[10:39:57] LPR 12 Recv: 172.16.83.1
[10:39:57] LPR 11 Recv: 172.16.83.1
[10:39:58] LPR 12 Recv: LPR_N
[10:39:58] LPR 11 Recv: LPR_R
[10:39:58] 시간동기화 전송
[10:39:59] LPR 12 Recv: LPR_N
[10:40:04] LPR 12 Recv: LPR_N
[10:40:07] LPR 12 Recv: CH1#31로6819#N#\2014\10\10\CH1_20141010104006_31로6819.jpg
[10:40:07] LPR Check: 31로6819,http://172.16.66.34:9080/MSImage/2014/10/10/CH1_20141010104006_31로6819.jpg,1,,,0, 2014-10-10 10:40:06
[10:40:07] File: \\172.16.66.34\MSImage\2014\10\10\CH1_20141010104006_31로6819.jpg
[10:40:07] 정기차량시작: 31로6819, 
[10:48:49] Program Start!
[10:48:53] 근무시작: 배은화
[10:48:55] 영수증프린터 포트오픈 에러: ie_BadId - Specified comport doesn't exist
[10:48:55] Ping 시간 체크1-8851125
[10:48:55] Ping 시간 체크2-8851140
[10:48:55] Ping 시간 체크1-8851187
[10:48:55] Ping 시간 체크2-8851203
[10:48:55] Ping 시간 체크1-8851203
[10:48:55] Ping 시간 체크2-8851218
[10:48:55] Ping 시간 체크1-8851218
[10:48:55] Ping 시간 체크2-8851234
[10:48:55] 주차권  101
[10:48:55] 경차  102
[10:48:55] 장애인  103
[10:48:55] 전액무료  104
[10:48:59] LPR 11 Recv: 172.16.83.1
[10:48:59] LPR 12 Recv: 172.16.83.1
[10:49:00] LPR 11 Recv: LPR_R
[10:49:00] 시간동기화 전송
[10:49:00] LPR 12 Recv: LPR_N
[10:49:03] LPR 12 Recv: CH1#31로6819#N#\2014\10\10\CH1_20141010104902_31로6819.jpg
[10:49:03] LPR Check: 31로6819,http://172.16.66.34:9080/MSImage/2014/10/10/CH1_20141010104902_31로6819.jpg,1,,,0, 2014-10-10 10:49:02
[10:49:03] File: \\172.16.66.34\MSImage\2014\10\10\CH1_20141010104902_31로6819.jpg
[10:49:03] 정기차량시작: 31로6819, 
[10:49:41] Ping 시간 체크1-8897328
[10:49:41] Ping 시간 체크2-8897343
[10:51:22] Ping 시간 체크1-8998046
[10:51:22] Ping 시간 체크2-8998093
[10:51:23] Ping 시간 체크1-8999078
[10:51:23] Ping 시간 체크2-8999078
[10:51:23] 출구차단기 Open
[10:51:24] 정기차량처리: 31로6819, 
[10:54:59] Program Start!
[10:55:04] 근무시작: 배은화
[10:55:06] 영수증프린터 포트오픈 에러: ie_BadId - Specified comport doesn't exist
[10:55:06] Ping 시간 체크1-9222312
[10:55:06] Ping 시간 체크2-9222312
[10:55:06] Ping 시간 체크1-9222375
[10:55:06] Ping 시간 체크2-9222375
[10:55:06] Ping 시간 체크1-9222390
[10:55:06] Ping 시간 체크2-9222390
[10:55:06] Ping 시간 체크1-9222406
[10:55:06] Ping 시간 체크2-9222406
[10:55:06] 주차권  101
[10:55:06] 경차  102
[10:55:06] 장애인  103
[10:55:06] 전액무료  104
[10:55:10] LPR 11 Recv: 172.16.83.1
[10:55:10] LPR 12 Recv: 172.16.83.1
[10:55:11] LPR 12 Recv: LPR_N
[10:55:11] LPR 11 Recv: LPR_R
[10:55:11] 시간동기화 전송
[10:55:12] LPR 12 Recv: CH1#31로6819#N#\2014\10\10\CH1_20141010105511_31로6819.jpg
[10:55:12] LPR Check: 31로6819,http://172.16.66.34:9080/MSImage/2014/10/10/CH1_20141010105511_31로6819.jpg,1,,,0, 2014-10-10 10:55:11
[10:55:12] File: \\172.16.66.34\MSImage\2014\10\10\CH1_20141010105511_31로6819.jpg
[10:55:12] 정기차량시작: 31로6819, 
[10:59:19] Ping 시간 체크1-9475359
[10:59:19] Ping 시간 체크2-9475390
[11:29:05] Program Start!
[11:29:08] 근무시작: 배은화
[11:29:08] 영수증프린터 포트오픈 에러: ie_BadId - Specified comport doesn't exist
[11:29:08] Ping 시간 체크1-11264109
[11:29:08] Ping 시간 체크2-11264125
[11:29:08] Ping 시간 체크1-11264125
[11:29:08] Ping 시간 체크2-11264125
[11:29:08] Ping 시간 체크1-11264140
[11:29:08] Ping 시간 체크2-11264140
[11:29:08] Ping 시간 체크1-11264140
[11:29:08] Ping 시간 체크2-11264156
[11:29:08] 주차권  101
[11:29:08] 경차  102
[11:29:08] 장애인  103
[11:29:08] 전액무료  104
[11:29:08] LPR 12 Recv: 172.16.83.1
[11:29:08] LPR 11 Recv: 172.16.83.1
[11:29:09] LPR 11 Recv: LPR_R
[11:29:09] 시간동기화 전송
[11:29:09] LPR 12 Recv: LPR_N
[11:29:11] Program Close
[11:34:13] Program Start!
[11:34:16] 근무시작: 배은화
[11:34:18] 영수증프린터 포트오픈 에러: ie_BadId - Specified comport doesn't exist
[11:34:18] Ping 시간 체크1-11573781
[11:34:18] Ping 시간 체크2-11573796
[11:34:18] Ping 시간 체크1-11573843
[11:34:18] Ping 시간 체크2-11573859
[11:34:18] Ping 시간 체크1-11573859
[11:34:18] Ping 시간 체크2-11573875
[11:34:18] Ping 시간 체크1-11573875
[11:34:18] Ping 시간 체크2-11573890
[11:34:18] 주차권  101
[11:34:18] 경차  102
[11:34:18] 장애인  103
[11:34:18] 전액무료  104
[11:34:20] LPR 12 Recv: 172.16.83.1
[11:34:20] LPR 11 Recv: 172.16.83.1
[11:34:21] LPR 11 Recv: LPR_R
[11:34:21] 시간동기화 전송
[11:34:21] LPR 12 Recv: LPR_N
[11:34:22] LPR 12 Recv: CH1#31로6819#N#\2014\10\10\CH1_20141010113421_31로6819.jpg
[11:34:22] LPR Check: 31로6819,http://172.16.66.34:9080/MSImage/2014/10/10/CH1_20141010113421_31로6819.jpg,1,,,0, 2014-10-10 11:34:21
[11:34:22] File: \\172.16.66.34\MSImage\2014\10\10\CH1_20141010113421_31로6819.jpg
[11:34:22] 정기차량시작: 31로6819, 
[11:34:22] Ping 시간 체크1-11578078
[11:34:22] Ping 시간 체크2-11578093
[11:50:52] Program Start!
[11:50:56] 근무시작: 배은화
[11:50:57] 영수증프린터 포트오픈 에러: ie_BadId - Specified comport doesn't exist
[11:50:57] Ping 시간 체크1-12573609
[11:50:57] Ping 시간 체크2-12573640
[11:50:57] Ping 시간 체크1-12573703
[11:50:57] Ping 시간 체크2-12573703
[11:50:57] Ping 시간 체크1-12573703
[11:50:57] Ping 시간 체크2-12573718
[11:50:57] Ping 시간 체크1-12573718
[11:50:58] Ping 시간 체크2-12573734
[11:50:58] 주차권  101
[11:50:58] 경차  102
[11:50:58] 장애인  103
[11:50:58] 전액무료  104
[11:51:01] LPR 12 Recv: 172.16.83.1
[11:51:01] LPR 11 Recv: 172.16.83.1
[11:51:01] LPR 12 Recv: RE_CH1#52소3038#N#\2013\07\17\CH1_20130717021623_52소3038.jpg
[11:51:01] LPR Check: 52소3038,http://172.16.66.34:9080/MSImage/2013/07/17/CH1_20130717021623_52소3038.jpg,1,,,0, 2013-07-17 02:16:23
[11:51:01] File: \\172.16.66.34\MSImage\2013\07\17\CH1_20130717021623_52소3038.jpg
[11:51:01] 일반차량: 52소3038, 
[11:51:01] Ping 시간 체크1-12576796
[11:51:01] Ping 시간 체크2-12576796
[11:51:01] 일반차량출차: 52소3038, 
[11:51:01] LPR 12 Recv: RE_CH1#52소3038#N#\2013\07\17\CH1_20130717021628_52소3038.jpgRE_CH1#52수3038#N#\2013\07\17\CH1_20130717021633_52수3038.jpg
[11:51:01] LPR Check: 52소3038,http://172.16.66.34:9080/MSImage/2013/07/17/CH1_20130717021628_52소3038.jpgRE_CH1#52수3038#N#/2013/07/17/CH1_20130717021633_52수3038.jpg,1,,,0, 2013-07-17 02:16:28
[11:51:01] File: \\172.16.66.34\MSImage\2013\07\17\CH1_20130717021628_52소3038.jpgRE_CH1#52수3038#N#\2013\07\17\CH1_20130717021633_52수3038.jpg
[11:51:01] LPR 12 Recv: RE_CH1#52소3038#N#\2013\07\17\CH1_20130717021638_52소3038.jpg
[11:51:01] LPR Check: 52소3038,http://172.16.66.34:9080/MSImage/2013/07/17/CH1_20130717021638_52소3038.jpg,1,,,0, 2013-07-17 02:16:38
[11:51:01] File: \\172.16.66.34\MSImage\2013\07\17\CH1_20130717021638_52소3038.jpg
[11:51:01] LPR 12 Recv: RE_CH1#52소3038#N#\2013\07\17\CH1_20130717021643_52소3038.jpg
[11:51:01] LPR Check: 52소3038,http://172.16.66.34:9080/MSImage/2013/07/17/CH1_20130717021643_52소3038.jpg,1,,,0, 2013-07-17 02:16:43
[11:51:01] File: \\172.16.66.34\MSImage\2013\07\17\CH1_20130717021643_52소3038.jpg
[11:51:01] LPR 12 Recv: RE_CH1#52수3038#N#\2013\07\17\CH1_20130717021648_52수3038.jpg
[11:51:01] LPR Check: 52수3038,http://172.16.66.34:9080/MSImage/2013/07/17/CH1_20130717021648_52수3038.jpg,1,,,0, 2013-07-17 02:16:48
[11:51:01] File: \\172.16.66.34\MSImage\2013\07\17\CH1_20130717021648_52수3038.jpg
[11:51:02] LPR 12 Recv: RE_CH1#52소3038#N#\2013\07\17\CH1_20130717021652_52소3038.jpg
[11:51:02] LPR Check: 52소3038,http://172.16.66.34:9080/MSImage/2013/07/17/CH1_20130717021652_52소3038.jpg,1,,,0, 2013-07-17 02:16:52
[11:51:02] File: \\172.16.66.34\MSImage\2013\07\17\CH1_20130717021652_52소3038.jpg
[11:51:02] LPR 12 Recv: RE_CH1#52수3038#N#\2013\07\17\CH1_20130717021657_52수3038.jpg
[11:51:02] LPR Check: 52수3038,http://172.16.66.34:9080/MSImage/2013/07/17/CH1_20130717021657_52수3038.jpg,1,,,0, 2013-07-17 02:16:57
[11:51:02] File: \\172.16.66.34\MSImage\2013\07\17\CH1_20130717021657_52수3038.jpg
[11:51:02] LPR 12 Recv: LPR_R
[11:51:02] 시간동기화 전송
[11:51:02] LPR 12 Recv: RE_CH1#52소3038#N#\2013\07\17\CH1_20130717021702_52소3038.jpg
[11:51:02] LPR Check: 52소3038,http://172.16.66.34:9080/MSImage/2013/07/17/CH1_20130717021702_52소3038.jpg,1,,,0, 2013-07-17 02:17:02
[11:51:02] File: \\172.16.66.34\MSImage\2013\07\17\CH1_20130717021702_52소3038.jpg
[11:51:02] LPR 12 Recv: RE_CH1#52소3038#N#\2013\07\17\CH1_20130717021707_52소3038.jpg
[11:51:02] LPR Check: 52소3038,http://172.16.66.34:9080/MSImage/2013/07/17/CH1_20130717021707_52소3038.jpg,1,,,0, 2013-07-17 02:17:07
[11:51:02] File: \\172.16.66.34\MSImage\2013\07\17\CH1_20130717021707_52소3038.jpg
[11:51:02] LPR 11 Recv: LPR_R
[11:51:02] 시간동기화 전송
[11:51:02] LPR 12 Recv: RE_CH1#52소3038#N#\2013\07\17\CH1_20130717021712_52소3038.jpg
[11:51:02] LPR Check: 52소3038,http://172.16.66.34:9080/MSImage/2013/07/17/CH1_20130717021712_52소3038.jpg,1,,,0, 2013-07-17 02:17:12
[11:51:02] File: \\172.16.66.34\MSImage\2013\07\17\CH1_20130717021712_52소3038.jpg
[11:51:02] LPR 12 Recv: RE_CH1#52소3038#N#\2013\07\17\CH1_20130717021717_52소3038.jpg
[11:51:02] LPR Check: 52소3038,http://172.16.66.34:9080/MSImage/2013/07/17/CH1_20130717021717_52소3038.jpg,1,,,0, 2013-07-17 02:17:17
[11:51:02] File: \\172.16.66.34\MSImage\2013\07\17\CH1_20130717021717_52소3038.jpg
[11:51:03] LPR 12 Recv: RE_CH1#52소3038#N#\2013\07\17\CH1_20130717021722_52소3038.jpg
[11:51:03] LPR Check: 52소3038,http://172.16.66.34:9080/MSImage/2013/07/17/CH1_20130717021722_52소3038.jpg,1,,,0, 2013-07-17 02:17:22
[11:51:03] File: \\172.16.66.34\MSImage\2013\07\17\CH1_20130717021722_52소3038.jpg
[11:51:03] LPR 12 Recv: RE_CH1#52소3038#N#\2013\07\17\CH1_20130717021727_52소3038.jpg
[11:51:03] LPR Check: 52소3038,http://172.16.66.34:9080/MSImage/2013/07/17/CH1_20130717021727_52소3038.jpg,1,,,0, 2013-07-17 02:17:27
[11:51:03] File: \\172.16.66.34\MSImage\2013\07\17\CH1_20130717021727_52소3038.jpg
[11:51:03] LPR 12 Recv: RE_CH1#52수3038#N#\2013\07\17\CH1_20130717021732_52수3038.jpg
[11:51:03] LPR Check: 52수3038,http://172.16.66.34:9080/MSImage/2013/07/17/CH1_20130717021732_52수3038.jpg,1,,,0, 2013-07-17 02:17:32
[11:51:03] File: \\172.16.66.34\MSImage\2013\07\17\CH1_20130717021732_52수3038.jpg
[11:51:03] LPR 12 Recv: RE_CH1#52수3038#N#\2013\07\17\CH1_20130717021737_52수3038.jpg
[11:51:03] LPR Check: 52수3038,http://172.16.66.34:9080/MSImage/2013/07/17/CH1_20130717021737_52수3038.jpg,1,,,0, 2013-07-17 02:17:37
[11:51:03] File: \\172.16.66.34\MSImage\2013\07\17\CH1_20130717021737_52수3038.jpg
[11:51:03] LPR 12 Recv: RE_CH1#52수3038#N#\2013\07\17\CH1_20130717021742_52수3038.jpg
[11:51:03] LPR Check: 52수3038,http://172.16.66.34:9080/MSImage/2013/07/17/CH1_20130717021742_52수3038.jpg,1,,,0, 2013-07-17 02:17:42
[11:51:03] File: \\172.16.66.34\MSImage\2013\07\17\CH1_20130717021742_52수3038.jpg
[11:51:03] LPR 12 Recv: RE_CH1#52소3038#N#\2013\07\17\CH1_20130717021746_52소3038.jpg
[11:51:03] LPR Check: 52소3038,http://172.16.66.34:9080/MSImage/2013/07/17/CH1_20130717021746_52소3038.jpg,1,,,0, 2013-07-17 02:17:46
[11:51:03] File: \\172.16.66.34\MSImage\2013\07\17\CH1_20130717021746_52소3038.jpg
[11:51:03] LPR 12 Recv: RE_CH1#52수3038#N#\2013\07\17\CH1_20130717021751_52수3038.jpg
[11:51:03] LPR Check: 52수3038,http://172.16.66.34:9080/MSImage/2013/07/17/CH1_20130717021751_52수3038.jpg,1,,,0, 2013-07-17 02:17:51
[11:51:03] File: \\172.16.66.34\MSImage\2013\07\17\CH1_20130717021751_52수3038.jpg
[11:51:04] LPR 12 Recv: RE_CH1#52소3038#N#\2013\07\17\CH1_20130717021756_52소3038.jpg
[11:51:04] LPR Check: 52소3038,http://172.16.66.34:9080/MSImage/2013/07/17/CH1_20130717021756_52소3038.jpg,1,,,0, 2013-07-17 02:17:56
[11:51:04] File: \\172.16.66.34\MSImage\2013\07\17\CH1_20130717021756_52소3038.jpg
[11:51:04] LPR 12 Recv: RE_CH1#52수3038#N#\2013\07\17\CH1_20130717021801_52수3038.jpg
[11:51:04] LPR Check: 52수3038,http://172.16.66.34:9080/MSImage/2013/07/17/CH1_20130717021801_52수3038.jpg,1,,,0, 2013-07-17 02:18:01
[11:51:04] File: \\172.16.66.34\MSImage\2013\07\17\CH1_20130717021801_52수3038.jpg
[11:51:04] LPR 12 Recv: RE_CH1#52수3038#N#\2013\07\17\CH1_20130717021806_52수3038.jpg
[11:51:04] LPR Check: 52수3038,http://172.16.66.34:9080/MSImage/2013/07/17/CH1_20130717021806_52수3038.jpg,1,,,0, 2013-07-17 02:18:06
[11:51:04] File: \\172.16.66.34\MSImage\2013\07\17\CH1_20130717021806_52수3038.jpg
[11:51:04] LPR 12 Recv: RE_CH1#52소3038#N#\2013\07\17\CH1_20130717021811_52소3038.jpg
[11:51:04] LPR Check: 52소3038,http://172.16.66.34:9080/MSImage/2013/07/17/CH1_20130717021811_52소3038.jpg,1,,,0, 2013-07-17 02:18:11
[11:51:04] File: \\172.16.66.34\MSImage\2013\07\17\CH1_20130717021811_52소3038.jpg
[11:51:04] LPR 12 Recv: RE_CH1#52소3038#N#\2013\07\17\CH1_20130717021816_52소3038.jpg
[11:51:04] LPR Check: 52소3038,http://172.16.66.34:9080/MSImage/2013/07/17/CH1_20130717021816_52소3038.jpg,1,,,0, 2013-07-17 02:18:16
[11:51:04] File: \\172.16.66.34\MSImage\2013\07\17\CH1_20130717021816_52소3038.jpg
[11:51:04] LPR 12 Recv: RE_CH1#52소3038#N#\2013\07\17\CH1_20130717021821_52소3038.jpg
[11:51:04] LPR Check: 52소3038,http://172.16.66.34:9080/MSImage/2013/07/17/CH1_20130717021821_52소3038.jpg,1,,,0, 2013-07-17 02:18:21
[11:51:04] File: \\172.16.66.34\MSImage\2013\07\17\CH1_20130717021821_52소3038.jpg
[11:51:05] LPR 12 Recv: RE_CH1#52수3038#N#\2013\07\17\CH1_20130717021826_52수3038.jpg
[11:51:05] LPR Check: 52수3038,http://172.16.66.34:9080/MSImage/2013/07/17/CH1_20130717021826_52수3038.jpg,1,,,0, 2013-07-17 02:18:26
[11:51:05] File: \\172.16.66.34\MSImage\2013\07\17\CH1_20130717021826_52수3038.jpg
[11:51:05] LPR 12 Recv: RE_CH1#52소3038#N#\2013\07\17\CH1_20130717021830_52소3038.jpg
[11:51:05] LPR Check: 52소3038,http://172.16.66.34:9080/MSImage/2013/07/17/CH1_20130717021830_52소3038.jpg,1,,,0, 2013-07-17 02:18:30
[11:51:05] File: \\172.16.66.34\MSImage\2013\07\17\CH1_20130717021830_52소3038.jpg
[11:51:05] LPR 12 Recv: RE_CH1#52소3038#N#\2013\07\17\CH1_20130717021835_52소3038.jpg
[11:51:05] LPR Check: 52소3038,http://172.16.66.34:9080/MSImage/2013/07/17/CH1_20130717021835_52소3038.jpg,1,,,0, 2013-07-17 02:18:35
[11:51:05] File: \\172.16.66.34\MSImage\2013\07\17\CH1_20130717021835_52소3038.jpg
[11:51:05] LPR 12 Recv: RE_CH1#52수3038#N#\2013\07\17\CH1_20130717021840_52수3038.jpg
[11:51:05] LPR Check: 52수3038,http://172.16.66.34:9080/MSImage/2013/07/17/CH1_20130717021840_52수3038.jpg,1,,,0, 2013-07-17 02:18:40
[11:51:05] File: \\172.16.66.34\MSImage\2013\07\17\CH1_20130717021840_52수3038.jpg
[11:51:05] LPR 12 Recv: RE_CH1#52수3038#N#\2013\07\17\CH1_20130717021845_52수3038.jpg
[11:51:05] LPR Check: 52수3038,http://172.16.66.34:9080/MSImage/2013/07/17/CH1_20130717021845_52수3038.jpg,1,,,0, 2013-07-17 02:18:45
[11:51:05] File: \\172.16.66.34\MSImage\2013\07\17\CH1_20130717021845_52수3038.jpg
[11:51:11] LPR 12 Recv: RE_CH1#52소3038#N#\2013\07\17\CH1_20130717021850_52소3038.jpgRE_CH1#52수3038#N#\2013\07\17\CH1_20130717021855_52수3038.jpgRE_CH1#52수3038#N#\2013\07\17\CH1_20130717021900_52수3038.jpgRE_CH1#52소3038#N#\2013\07\17\CH1_20130717021905_52소3038.jpgRE_CH1#52수3038#N#\2013\07\17\CH1_20130717021909_52수3038.jpgRE_CH1#52수3038#N#\2013\07\17\CH1_20130717021915_52수3038.jpgRE_CH1#52소3038#N#\2013\07\17\CH1_20130717021919_52소3038.jpgRE_CH1#52소3038#N#\2013\07\17\CH1_20130717021924_52소3038.jpgRE_CH1#52소3038#N#\2013\07\17\CH1_20130717021929_52소3038.jpgRE_CH1#52수3038#N#\2013\07\17\CH1_20130717021934_52수3038.jpgRE_CH1#52수3038#N#\2013\07\17\CH1_20130717021939_52수3038.jpgRE_CH1#52수3038#N#\2013\07\17\CH1_20130717021944_52수3038.jpgRE_CH1#52소3038#N#\2013\07\17\CH1_20130717021949_52소3038.jpgRE_CH1#52소3038#N#\2013\07\17\CH1_20130717021954_52소3038.jpgRE_CH1#52수3038#N#\2013\07\17\CH1_20130717021959_52수3038.jpgRE_CH1#52소3038#N#\2013\07\17\CH1_20130717022003_52소3038.jpgRE_CH1#52수3038#N#\2013\07\17\CH1_20130717022008_52수3038.jpgRE_CH1#52수3038#N#\2013\07\17\CH1_20130717022013_52수3038.jpgRE_CH1#52수3038#N#\2013\07\17\CH1_20130717022018_52수3038.jpgRE_CH1#52소3038#N#\2013\07\17\CH1_20130717022023_52소3038.jpgRE_CH1#52수3038#N#\2013\07\17\CH1_20130717022028_52수3038.jpgRE_CH1#52소3038#N#\2013\07\17\CH1_20130717022033_52소3038.jpgRE_CH1#52소3038#N#\2013\07\17\CH1_20130717022038_52소3038.jpgRE_CH1#52소3038#N#\2013\07\17\CH1_20130717022042_52소3038.jpgRE_CH1#52수3038#N#\2013\07\17\CH1_20130717022047_52수3038.jpgRE_CH1#52소3038#N#\2013\07\17\CH1_20130717022052_52소3038.jpgRE_CH1#52소3038#N#\2013\07\17\CH1_20130717022057_52소3038.jpgRE_CH1#52수3038#N#\2013\07\17\CH1_20130717022102_52수3038.jpgRE_CH1#52수3038#N#\2013\07\17\CH1_20130717022107_52수3038.jpgRE_CH1#52소3038#N#\2013\07\17\CH1_20130717022112_52소3038.jpgRE_CH1#52소3038#N#\2013\07\17\CH1_20130717022117_52소3038.jpgRE_CH1#52소3038#N#\2013\07\17\CH1_20130717022122_52소3038.jpg
[11:51:11] LPR Check: 52소3038,http://172.16.66.34:9080/MSImage/2013/07/17/CH1_20130717021850_52소3038.jpgRE_CH1#52수3038#N#/2013/07/17/CH1_20130717021855_52수3038.jpgRE_CH1#52수3038#N#/2013/07/17/CH1_20130717021900_52수3038.jpgRE_CH1#52소3038#N#/2013/07/17/CH1_20130717021905_52소3038.jpgRE_CH1#52수3038#N#/2013/07/17/CH1_20130717021909_52수3038.jpgRE_CH1#52수3038#N#/2013/07/17/CH1_20130717021915_52수3038.jpgRE_CH1#52소3038#N#/2013/07/17/CH1_20130717021919_52소3038.jpgRE_CH1#52소3038#N#/2013/07/17/CH1_20130717021924_52소3038.jpgRE_CH1#52소3038#N#/2013/07/17/CH1_20130717021929_52소3038.jpgRE_CH1#52수3038#N#/2013/07/17/CH1_20130717021934_52수3038.jpgRE_CH1#52수3038#N#/2013/07/17/CH1_20130717021939_52수3038.jpgRE_CH1#52수3038#N#/2013/07/17/CH1_20130717021944_52수3038.jpgRE_CH1#52소3038#N#/2013/07/17/CH1_20130717021949_52소3038.jpgRE_CH1#52소3038#N#/2013/07/17/CH1_20130717021954_52소3038.jpgRE_CH1#52수3038#N#/2013/07/17/CH1_20130717021959_52수3038.jpgRE_CH1#52소3038#N#/2013/07/17/CH1_20130717022003_52소3038.jpgRE_CH1#52수3038#N#/2013/07/17/CH1_20130717022008_52수3038.jpgRE_CH1#52수3038#N#/2013/07/17/CH1_20130717022013_52수3038.jpgRE_CH1#52수3038#N#/2013/07/17/CH1_20130717022018_52수3038.jpgRE_CH1#52소3038#N#/2013/07/17/CH1_20130717022023_52소3038.jpgRE_CH1#52수3038#N#/2013/07/17/CH1_20130717022028_52수3038.jpgRE_CH1#52소3038#N#/2013/07/17/CH1_20130717022033_52소3038.jpgRE_CH1#52소3038#N#/2013/07/17/CH1_20130717022038_52소3038.jpgRE_CH1#52소3038#N#/2013/07/17/CH1_20130717022042_52소3038.jpgRE_CH1#52수3038#N#/2013/07/17/CH1_20130717022047_52수3038.jpgRE_CH1#52소3038#N#/2013/07/17/CH1_20130717022052_52소3038.jpgRE_CH1#52소3038#N#/2013/07/17/CH1_20130717022057_52소3038.jpgRE_CH1#52수3038#N#/2013/07/17/CH1_20130717022102_52수3038.jpgRE_CH1#52수3038#N#/2013/07/17/CH1_20130717022107_52수3038.jpgRE_CH1#52소3038#N#/2013/07/17/CH1_20130717022112_52소3038.jpgRE_CH1#52소3038#N#/2013/07/17/CH1_20130717022117_52소3038.jpgRE_CH1#52소3038#N#/2013/07/17/CH1_20130717022122_52소3038.jpg,1,,,0, 2013-07-17 02:18:50
[11:51:11] File: \\172.16.66.34\MSImage\2013\07\17\CH1_20130717021850_52소3038.jpgRE_CH1#52수3038#N#\2013\07\17\CH1_20130717021855_52수3038.jpgRE_CH1#52수3038#N#\2013\07\17\CH1_20130717021900_52수3038.jpgRE_CH1#52소3038#N#\2013\07\17\CH1_20130717021905_52소3038.jpgRE_CH1#52수3038#N#\2013\07\17\CH1_20130717021909_52수3038.jpgRE_CH1#52수3038#N#\2013\07\17\CH1_20130717021915_52수3038.jpgRE_CH1#52소3038#N#\2013\07\17\CH1_20130717021919_52소3038.jpgRE_CH1#52소3038#N#\2013\07\17\CH1_20130717021924_52소3038.jpgRE_CH1#52소3038#N#\2013\07\17\CH1_20130717021929_52소3038.jpgRE_CH1#52수3038#N#\2013\07\17\CH1_20130717021934_52수3038.jpgRE_CH1#52수3038#N#\2013\07\17\CH1_20130717021939_52수3038.jpgRE_CH1#52수3038#N#\2013\07\17\CH1_20130717021944_52수3038.jpgRE_CH1#52소3038#N#\2013\07\17\CH1_20130717021949_52소3038.jpgRE_CH1#52소3038#N#\2013\07\17\CH1_20130717021954_52소3038.jpgRE_CH1#52수3038#N#\2013\07\17\CH1_20130717021959_52수3038.jpgRE_CH1#52소3038#N#\2013\07\17\CH1_20130717022003_52소3038.jpgRE_CH1#52수3038#N#\2013\07\17\CH1_20130717022008_52수3038.jpgRE_CH1#52수3038#N#\2013\07\17\CH1_20130717022013_52수3038.jpgRE_CH1#52수3038#N#\2013\07\17\CH1_20130717022018_52수3038.jpgRE_CH1#52소3038#N#\2013\07\17\CH1_20130717022023_52소3038.jpgRE_CH1#52수3038#N#\2013\07\17\CH1_20130717022028_52수3038.jpgRE_CH1#52소3038#N#\2013\07\17\CH1_20130717022033_52소3038.jpgRE_CH1#52소3038#N#\2013\07\17\CH1_20130717022038_52소3038.jpgRE_CH1#52소3038#N#\2013\07\17\CH1_20130717022042_52소3038.jpgRE_CH1#52수3038#N#\2013\07\17\CH1_20130717022047_52수3038.jpgRE_CH1#52소3038#N#\2013\07\17\CH1_20130717022052_52소3038.jpgRE_CH1#52소3038#N#\2013\07\17\CH1_20130717022057_52소3038.jpgRE_CH1#52수3038#N#\2013\07\17\CH1_20130717022102_52수3038.jpgRE_CH1#52수3038#N#\2013\07\17\CH1_20130717022107_52수3038.jpgRE_CH1#52소3038#N#\2013\07\17\CH1_20130717022112_52소3038.jpgRE_CH1#52소3038#N#\2013\07\17\CH1_20130717022117_52소3038.jpgRE_CH1#52소3038#N#\2013\07\17\CH1_20130717022122_52소3038.jpg
[11:51:11] 일반차량: 52소3038, 
[11:51:11] Ping 시간 체크1-12586781
[11:51:11] Ping 시간 체크2-12586796
[11:51:11] File 없음: \\172.16.66.34\MSImage\2013\07\17\CH1_20130717021850_52소3038.jpgRE_CH1#52수3038#N#\2013\07\17\CH1_20130717021855_52수3038.jpgRE_CH1#52수3038#N#\2013\07\17\CH1_20130717021900_52수3038.jpgRE_CH1#52소3038#N#\2013\07\17\CH1_20130717021905_52소3038.jpgRE_CH1#52수3038#N#\2013\07\17\CH1_20130717021909_52수3038.jpgRE_CH1#52수3038#N#\2013\07\17\CH1_20130717021915_52수3038.jpgRE_CH1#52소3038#N#\2013\07\17\CH1_20130717021919_52소3038.jpgRE_CH1#52소3038#N#\2013\07\17\CH1_20130717021924_52소3038.jpgRE_CH1#52소3038#N#\2013\07\17\CH1_20130717021929_52소3038.jpgRE_CH1#52수3038#N#\2013\07\17\CH1_20130717021934_52수3038.jpgRE_CH1#52수3038#N#\2013\07\17\CH1_20130717021939_52수3038.jpgRE_CH1#52수3038#N#\2013\07\17\CH1_20130717021944_52수3038.jpgRE_CH1#52소3038#N#\2013\07\17\CH1_20130717021949_52소3038.jpgRE_CH1#52소3038#N#\2013\07\17\CH1_20130717021954_52소3038.jpgRE_CH1#52수3038#N#\2013\07\17\CH1_20130717021959_52수3038.jpgRE_CH1#52소3038#N#\2013\07\17\CH1_20130717022003_52소3038.jpgRE_CH1#52수3038#N#\2013\07\17\CH1_20130717022008_52수3038.jpgRE_CH1#52수3038#N#\2013\07\17\CH1_20130717022013_52수3038.jpgRE_CH1#52수3038#N#\2013\07\17\CH1_20130717022018_52수3038.jpgRE_CH1#52소3038#N#\2013\07\17\CH1_20130717022023_52소3038.jpgRE_CH1#52수3038#N#\2013\07\17\CH1_20130717022028_52수3038.jpgRE_CH1#52소3038#N#\2013\07\17\CH1_20130717022033_52소3038.jpgRE_CH1#52소3038#N#\2013\07\17\CH1_20130717022038_52소3038.jpgRE_CH1#52소3038#N#\2013\07\17\CH1_20130717022042_52소3038.jpgRE_CH1#52수3038#N#\2013\07\17\CH1_20130717022047_52수3038.jpgRE_CH1#52소3038#N#\2013\07\17\CH1_20130717022052_52소3038.jpgRE_CH1#52소3038#N#\2013\07\17\CH1_20130717022057_52소3038.jpgRE_CH1#52수3038#N#\2013\07\17\CH1_20130717022102_52수3038.jpgRE_CH1#52수3038#N#\2013\07\17\CH1_20130717022107_52수3038.jpgRE_CH1#52소3038#N#\2013\07\17\CH1_20130717022112_52소3038.jpgRE_CH1#52소3038#N#\2013\07\17\CH1_20130717022117_52소3038.jpgRE_CH1#52소3038#N#\2013\07\17\CH1_20130717022122_52소3038.jpg
[11:51:11] 일반차량출차: 52소3038, 
[11:51:11] LPR 12 Recv: RE_CH1#52소3038#N#\2013\07\17\CH1_20130717022126_52소3038.jpg
[11:51:11] LPR Check: 52소3038,http://172.16.66.34:9080/MSImage/2013/07/17/CH1_20130717022126_52소3038.jpg,1,,,0, 2013-07-17 02:21:26
[11:51:11] File: \\172.16.66.34\MSImage\2013\07\17\CH1_20130717022126_52소3038.jpg
[11:51:11] LPR 12 Recv: RE_CH1#52소3038#N#\2013\07\17\CH1_20130717022131_52소3038.jpg
[11:51:11] LPR Check: 52소3038,http://172.16.66.34:9080/MSImage/2013/07/17/CH1_20130717022131_52소3038.jpg,1,,,0, 2013-07-17 02:21:31
[11:51:11] File: \\172.16.66.34\MSImage\2013\07\17\CH1_20130717022131_52소3038.jpg
[11:51:11] LPR 12 Recv: RE_CH1#52수3038#N#\2013\07\17\CH1_20130717022136_52수3038.jpg
[11:51:11] LPR Check: 52수3038,http://172.16.66.34:9080/MSImage/2013/07/17/CH1_20130717022136_52수3038.jpg,1,,,0, 2013-07-17 02:21:36
[11:51:11] File: \\172.16.66.34\MSImage\2013\07\17\CH1_20130717022136_52수3038.jpg
[11:51:11] LPR 12 Recv: RE_CH1#52소3038#N#\2013\07\17\CH1_20130717022141_52소3038.jpg
[11:51:11] LPR Check: 52소3038,http://172.16.66.34:9080/MSImage/2013/07/17/CH1_20130717022141_52소3038.jpg,1,,,0, 2013-07-17 02:21:41
[11:51:11] File: \\172.16.66.34\MSImage\2013\07\17\CH1_20130717022141_52소3038.jpg
[11:51:11] LPR 12 Recv: RE_CH1#52소3038#N#\2013\07\17\CH1_20130717022146_52소3038.jpg
[11:51:11] LPR Check: 52소3038,http://172.16.66.34:9080/MSImage/2013/07/17/CH1_20130717022146_52소3038.jpg,1,,,0, 2013-07-17 02:21:46
[11:51:11] File: \\172.16.66.34\MSImage\2013\07\17\CH1_20130717022146_52소3038.jpg
[11:51:11] LPR 12 Recv: RE_CH1#52소3038#N#\2013\07\17\CH1_20130717022151_52소3038.jpg
[11:51:11] LPR Check: 52소3038,http://172.16.66.34:9080/MSImage/2013/07/17/CH1_20130717022151_52소3038.jpg,1,,,0, 2013-07-17 02:21:51
[11:51:11] File: \\172.16.66.34\MSImage\2013\07\17\CH1_20130717022151_52소3038.jpg
[11:51:12] LPR 12 Recv: RE_CH1#52소3038#N#\2013\07\17\CH1_20130717022156_52소3038.jpg
[11:51:12] LPR Check: 52소3038,http://172.16.66.34:9080/MSImage/2013/07/17/CH1_20130717022156_52소3038.jpg,1,,,0, 2013-07-17 02:21:56
[11:51:12] File: \\172.16.66.34\MSImage\2013\07\17\CH1_20130717022156_52소3038.jpg
[11:51:12] LPR 12 Recv: RE_CH1#52수3038#N#\2013\07\17\CH1_20130717022201_52수3038.jpg
[11:51:12] LPR Check: 52수3038,http://172.16.66.34:9080/MSImage/2013/07/17/CH1_20130717022201_52수3038.jpg,1,,,0, 2013-07-17 02:22:01
[11:51:12] File: \\172.16.66.34\MSImage\2013\07\17\CH1_20130717022201_52수3038.jpg
[11:51:12] LPR 12 Recv: RE_CH1#52수3038#N#\2013\07\17\CH1_20130717022206_52수3038.jpg
[11:51:12] LPR Check: 52수3038,http://172.16.66.34:9080/MSImage/2013/07/17/CH1_20130717022206_52수3038.jpg,1,,,0, 2013-07-17 02:22:06
[11:51:12] File: \\172.16.66.34\MSImage\2013\07\17\CH1_20130717022206_52수3038.jpg
[11:51:12] LPR 12 Recv: RE_CH1#52소3038#N#\2013\07\17\CH1_20130717022210_52소3038.jpg
[11:51:12] LPR Check: 52소3038,http://172.16.66.34:9080/MSImage/2013/07/17/CH1_20130717022210_52소3038.jpg,1,,,0, 2013-07-17 02:22:10
[11:51:12] File: \\172.16.66.34\MSImage\2013\07\17\CH1_20130717022210_52소3038.jpg
[11:51:12] LPR 12 Recv: RE_CH1#52수3038#N#\2013\07\17\CH1_20130717022215_52수3038.jpg
[11:51:12] LPR Check: 52수3038,http://172.16.66.34:9080/MSImage/2013/07/17/CH1_20130717022215_52수3038.jpg,1,,,0, 2013-07-17 02:22:15
[11:51:12] File: \\172.16.66.34\MSImage\2013\07\17\CH1_20130717022215_52수3038.jpg
[11:51:12] LPR 12 Recv: RE_CH1#52소3038#N#\2013\07\17\CH1_20130717022220_52소3038.jpg
[11:51:12] LPR Check: 52소3038,http://172.16.66.34:9080/MSImage/2013/07/17/CH1_20130717022220_52소3038.jpg,1,,,0, 2013-07-17 02:22:20
[11:51:12] File: \\172.16.66.34\MSImage\2013\07\17\CH1_20130717022220_52소3038.jpg
