[09:16:08] Program Start!
[09:16:10] 근무시작: 배은화
[09:16:10] 영수증프린터 포트오픈 에러: ie_BadId - Specified comport doesn't exist
[09:16:10] Ping 시간 체크1-324586562
[09:16:10] Ping 시간 체크2-324586578
[09:16:10] Ping 시간 체크1-324586578
[09:16:10] Ping 시간 체크2-324586593
[09:16:10] Ping 시간 체크1-324586593
[09:16:10] Ping 시간 체크2-324586609
[09:16:10] Ping 시간 체크1-324586609
[09:16:10] Ping 시간 체크2-324586609
[09:16:10] 주차권  101
[09:16:10] 경차  102
[09:16:10] 장애인  103
[09:16:10] 전액무료  104
[09:16:10] TfrmMainNew.FormShow: Could not bind socket. Address and port are already in use.
[09:16:11] LPR 11 Recv: 172.16.83.1
[09:16:11] LPR 12 Recv: 172.16.83.1
[09:16:12] LPR 12 Recv: LPR_N
[09:16:12] LPR 11 Recv: LPR_N
[09:16:13] LPR 12 Recv: LPR_N
[09:16:14] LPR 11 Recv: LPR_N
[09:16:18] LPR 12 Recv: LPR_N
[09:16:19] LPR 11 Recv: LPR_N
[09:16:23] LPR 12 Recv: LPR_N
[09:16:24] LPR 11 Recv: LPR_N
[09:16:28] LPR 12 Recv: LPR_N
[09:16:29] LPR 11 Recv: LPR_N
[09:16:33] LPR 12 Recv: LPR_N
[09:16:35] LPR 11 Recv: LPR_N
[09:16:39] LPR 12 Recv: LPR_N
[09:16:40] LPR 11 Recv: LPR_N
[09:16:44] LPR 12 Recv: LPR_N
[09:16:45] LPR 11 Recv: LPR_N
[09:16:49] LPR 12 Recv: LPR_N
[09:16:50] LPR 11 Recv: LPR_N
[09:16:54] LPR 12 Recv: LPR_N
[09:16:55] LPR 11 Recv: LPR_N
[09:17:00] LPR 12 Recv: LPR_N
[09:17:01] LPR 11 Recv: LPR_N
[09:17:05] LPR 12 Recv: LPR_N
[09:17:06] LPR 11 Recv: LPR_N
[09:17:10] LPR 12 Recv: LPR_N
[09:17:11] LPR 11 Recv: LPR_N
[09:17:15] LPR 12 Recv: LPR_N
[09:17:16] LPR 11 Recv: LPR_N
[09:17:21] LPR 12 Recv: LPR_N
[09:17:22] LPR 11 Recv: LPR_N
[09:17:26] LPR 12 Recv: LPR_N
[09:17:27] LPR 11 Recv: LPR_N
[09:17:31] LPR 12 Recv: LPR_N
[09:17:32] LPR 11 Recv: LPR_N
[09:17:36] LPR 12 Recv: LPR_N
[09:17:37] LPR 11 Recv: LPR_N
[09:17:41] LPR 12 Recv: LPR_N
[09:17:42] LPR 11 Recv: LPR_N
[09:17:47] LPR 12 Recv: LPR_N
[09:17:48] LPR 11 Recv: LPR_N
[09:17:52] LPR 12 Recv: LPR_N
[09:17:53] LPR 11 Recv: LPR_N
[09:17:57] LPR 12 Recv: LPR_N
[09:17:58] LPR 11 Recv: LPR_N
[09:18:02] LPR 12 Recv: LPR_N
[09:18:04] LPR 11 Recv: LPR_N
[09:18:08] LPR 12 Recv: LPR_N
[09:18:09] LPR 11 Recv: LPR_N
[09:18:13] LPR 12 Recv: LPR_N
[09:18:14] LPR 11 Recv: LPR_N
[09:18:18] LPR 12 Recv: LPR_N
[09:18:20] LPR 11 Recv: LPR_N
[09:18:23] LPR 12 Recv: LPR_N
[09:18:25] LPR 11 Recv: LPR_N
[09:18:28] LPR 12 Recv: LPR_N
[09:18:30] LPR 11 Recv: LPR_N
[09:18:34] LPR 12 Recv: LPR_N
[09:18:35] LPR 11 Recv: LPR_N
[09:18:39] LPR 12 Recv: LPR_N
[09:18:40] Program Close
[13:50:05] Program Start!
[13:50:06] 근무시작: 배은화
[13:50:06] 영수증프린터 포트오픈 에러: ie_BadId - Specified comport doesn't exist
[13:50:06] Ping 시간 체크1-341022703
[13:50:06] Ping 시간 체크2-341022703
[13:50:06] Ping 시간 체크1-341022718
[13:50:06] Ping 시간 체크2-341022718
[13:50:06] Ping 시간 체크1-341022718
[13:50:07] Ping 시간 체크2-341022734
[13:50:07] Ping 시간 체크1-341022734
[13:50:07] Ping 시간 체크2-341022734
[13:50:07] 주차권  101
[13:50:07] 경차  102
[13:50:07] 장애인  103
[13:50:07] 전액무료  104
[13:50:07] TfrmMainNew.FormShow: Could not bind socket. Address and port are already in use.
[13:50:07] LPR 11 Recv: 172.16.83.1
[13:50:07] LPR 12 Recv: 172.16.83.1
[13:50:07] LPR 11 Recv: LPR_N
[13:50:08] LPR 12 Recv: LPR_R
[13:50:08] 시간동기화 전송
[13:50:10] LPR 11 Recv: LPR_N
[13:50:12] LPR 12 Recv: CH1#서울11라1341#O#\2014\10\02\CH1_20141002170618_서울11라1341.jpg
[13:50:12] LPR Check: 서울11라1341,http://172.16.66.34:9080/MSImage/2014/10/02/CH1_20141002170618_서울11라1341.jpg,1,,,0, 2014-10-02 17:06:18
[13:50:12] File: \\172.16.66.34\MSImage\2014\10\02\CH1_20141002170618_서울11라1341.jpg
[13:50:12] 일반차량: 서울11라1341, 
[13:50:12] Ping 시간 체크1-341027953
[13:50:12] Ping 시간 체크2-341027968
[13:50:12] 일반차량출차: 서울11라1341, 
[13:50:16] LPR 11 Recv: LPR_N
[13:50:16] File: 
[13:50:16] Ping 시간 체크1-341032468
[13:50:16] Ping 시간 체크2-341032468
[13:50:16] File 없음: 
[13:50:21] LPR 11 Recv: LPR_N
[13:50:23] File: 
[13:50:23] Ping 시간 체크1-341038765
[13:50:23] Ping 시간 체크2-341038765
[13:50:23] File 없음: 
[13:50:23] File: 
[13:50:23] Ping 시간 체크1-341039453
[13:50:23] Ping 시간 체크2-341039453
[13:50:23] File 없음: 
[13:50:26] LPR 11 Recv: LPR_N
[13:50:28] File: 66.33\MSImage\2014\09\29\CH1_20140929090338_31로6819.jpg
[13:50:28] Ping 시간 체크1-341043875
[13:50:28] Ping 시간 체크2-341043875
[13:50:28] File 없음: 66.33\MSImage\2014\09\29\CH1_20140929090338_31로6819.jpg
[13:50:29] File: 66.33\MSImage\2014\09\16\CH1_20140916094849_99로6819.jpg
[13:50:29] Ping 시간 체크1-341045015
[13:50:29] Ping 시간 체크2-341045015
[13:50:29] File 없음: 66.33\MSImage\2014\09\16\CH1_20140916094849_99로6819.jpg
[13:50:29] File: 66.33\MSImage\2014\09\16\CH1_20140916094849_99로6819.jpg
[13:50:29] Ping 시간 체크1-341045015
[13:50:29] Ping 시간 체크2-341045015
[13:50:29] File 없음: 66.33\MSImage\2014\09\16\CH1_20140916094849_99로6819.jpg
[13:50:29] File: 66.33\MSImage\2014\09\16\CH1_20140916094849_99로6819.jpg
[13:50:29] Ping 시간 체크1-341045125
[13:50:29] Ping 시간 체크2-341045125
[13:50:29] File 없음: 66.33\MSImage\2014\09\16\CH1_20140916094849_99로6819.jpg
[13:50:30] File: 66.33\MSImage\2014\09\16\CH1_20140916084552_99로6819.jpg
[13:50:30] Ping 시간 체크1-341045859
[13:50:30] Ping 시간 체크2-341045875
[13:50:30] File 없음: 66.33\MSImage\2014\09\16\CH1_20140916084552_99로6819.jpg
[13:50:30] File: 66.33\MSImage\2014\09\16\CH1_20140916084552_99로6819.jpg
[13:50:30] Ping 시간 체크1-341045875
[13:50:30] Ping 시간 체크2-341045875
[13:50:30] File 없음: 66.33\MSImage\2014\09\16\CH1_20140916084552_99로6819.jpg
[13:50:30] File: 66.33\MSImage\2014\09\16\CH1_20140916084552_99로6819.jpg
[13:50:30] Ping 시간 체크1-341045968
[13:50:30] Ping 시간 체크2-341045984
[13:50:30] File 없음: 66.33\MSImage\2014\09\16\CH1_20140916084552_99로6819.jpg
[13:50:30] File: \\172.16.66.33\MSImage\2014\09\19\CH1_20140919115013_31로6819.jpg
[13:50:30] Ping 시간 체크1-341046328
[13:50:30] Ping 시간 체크2-341046328
[13:50:30] File: \\172.16.66.33\MSImage\2014\09\19\CH1_20140919115013_31로6819.jpg
[13:50:30] Ping 시간 체크1-341046687
[13:50:30] Ping 시간 체크2-341046687
[13:50:31] File: \\172.16.66.33\MSImage\2014\09\19\CH1_20140919115013_31로6819.jpg
[13:50:31] Ping 시간 체크1-341046812
[13:50:31] Ping 시간 체크2-341046828
[13:50:31] File: 66.33\MSImage\2014\09\29\CH1_20140929090338_31로6819.jpg
[13:50:31] Ping 시간 체크1-341047015
[13:50:31] Ping 시간 체크2-341047015
[13:50:31] File 없음: 66.33\MSImage\2014\09\29\CH1_20140929090338_31로6819.jpg
[13:50:31] File: 66.33\MSImage\2014\09\29\CH1_20140929090338_31로6819.jpg
[13:50:31] Ping 시간 체크1-341047031
[13:50:31] Ping 시간 체크2-341047031
[13:50:31] File 없음: 66.33\MSImage\2014\09\29\CH1_20140929090338_31로6819.jpg
[13:50:31] File: 66.33\MSImage\2014\09\29\CH1_20140929090338_31로6819.jpg
[13:50:31] Ping 시간 체크1-341047046
[13:50:31] Ping 시간 체크2-341047046
[13:50:31] File 없음: 66.33\MSImage\2014\09\29\CH1_20140929090338_31로6819.jpg
[13:50:31] File: 66.33\MSImage\2014\09\29\CH1_20140929090338_31로6819.jpg
[13:50:31] Ping 시간 체크1-341047343
[13:50:31] Ping 시간 체크2-341047343
[13:50:31] File 없음: 66.33\MSImage\2014\09\29\CH1_20140929090338_31로6819.jpg
[13:50:31] File: 66.33\MSImage\2014\09\16\CH1_20140916090135_99로6819.jpg
[13:50:31] Ping 시간 체크1-341047625
[13:50:31] Ping 시간 체크2-341047625
[13:50:31] File 없음: 66.33\MSImage\2014\09\16\CH1_20140916090135_99로6819.jpg
[13:50:31] File: 66.33\MSImage\2014\09\16\CH1_20140916090135_99로6819.jpg
[13:50:31] Ping 시간 체크1-341047625
[13:50:31] Ping 시간 체크2-341047625
[13:50:31] File 없음: 66.33\MSImage\2014\09\16\CH1_20140916090135_99로6819.jpg
[13:50:31] LPR 11 Recv: LPR_N
[13:50:32] File: 66.33\MSImage\2014\09\16\CH1_20140916090135_99로6819.jpg
[13:50:32] Ping 시간 체크1-341047734
[13:50:32] Ping 시간 체크2-341047734
[13:50:32] File 없음: 66.33\MSImage\2014\09\16\CH1_20140916090135_99로6819.jpg
[13:50:32] File: 66.33\MSImage\2014\09\16\CH1_20140916084552_99로6819.jpg
[13:50:32] Ping 시간 체크1-341048609
[13:50:32] Ping 시간 체크2-341048625
[13:50:32] File 없음: 66.33\MSImage\2014\09\16\CH1_20140916084552_99로6819.jpg
[13:50:32] File: 66.33\MSImage\2014\09\16\CH1_20140916084552_99로6819.jpg
[13:50:32] Ping 시간 체크1-341048625
[13:50:32] Ping 시간 체크2-341048625
[13:50:32] File 없음: 66.33\MSImage\2014\09\16\CH1_20140916084552_99로6819.jpg
[13:50:33] File: 66.33\MSImage\2014\09\16\CH1_20140916084552_99로6819.jpg
[13:50:33] Ping 시간 체크1-341048750
[13:50:33] Ping 시간 체크2-341048750
[13:50:33] File 없음: 66.33\MSImage\2014\09\16\CH1_20140916084552_99로6819.jpg
[13:50:34] File: 66.33\MSImage\2014\09\29\CH1_20140929090338_31로6819.jpg
[13:50:34] Ping 시간 체크1-341050531
[13:50:34] Ping 시간 체크2-341050531
[13:50:34] File 없음: 66.33\MSImage\2014\09\29\CH1_20140929090338_31로6819.jpg
[13:50:35] File: 66.33\MSImage\2014\09\16\CH1_20140916090135_99로6819.jpg
[13:50:35] Ping 시간 체크1-341051343
[13:50:35] Ping 시간 체크2-341051343
[13:50:35] File 없음: 66.33\MSImage\2014\09\16\CH1_20140916090135_99로6819.jpg
[13:50:35] File: 66.33\MSImage\2014\09\16\CH1_20140916090135_99로6819.jpg
[13:50:35] Ping 시간 체크1-341051343
[13:50:35] Ping 시간 체크2-341051343
[13:50:35] File 없음: 66.33\MSImage\2014\09\16\CH1_20140916090135_99로6819.jpg
[13:50:35] File: 66.33\MSImage\2014\09\16\CH1_20140916090135_99로6819.jpg
[13:50:35] Ping 시간 체크1-341051453
[13:50:35] Ping 시간 체크2-341051453
[13:50:35] File 없음: 66.33\MSImage\2014\09\16\CH1_20140916090135_99로6819.jpg
[13:50:36] 일반차량: 99로6819, 
[13:50:36] In Image File: 66.33\MSImage\2014\09\16\CH1_20140916090135_99로6819.jpg
[13:50:36] Ping 시간 체크1-341052062
[13:50:36] Ping 시간 체크2-341052062
[13:50:36] 입차 이미지 File 없음: 66.33\MSImage\2014\09\16\CH1_20140916090135_99로6819.jpg
[13:50:36] Out Image File: \\172.16.66.34\MSImage\2014\10\02\CH1_20141002170618_서울11라1341.jpg
[13:50:36] Ping 시간 체크1-341052062
[13:50:36] Ping 시간 체크2-341052062
[13:50:36] Ping 시간 체크1-341052500
[13:50:36] Ping 시간 체크2-341052500
[13:50:36] 일반차량출차: 99로6819, 
[13:50:37] LPR 11 Recv: LPR_N
[13:50:42] LPR 11 Recv: LPR_N
[13:50:47] LPR 11 Recv: LPR_N
[13:50:52] LPR 11 Recv: LPR_N
[13:50:57] LPR 11 Recv: LPR_N
[13:51:01] Ping 시간 체크1-341077671
[13:51:01] Ping 시간 체크2-341077687
[13:51:01] 출구차단기 Open
[13:51:01] Ping 시간 체크1-341077687
[13:51:01] Ping 시간 체크2-341077687
[13:51:01] Ping 시간 체크1-341077718
[13:51:01] Ping 시간 체크2-341077718
[13:51:03] LPR 11 Recv: LPR_N
[13:51:05] Ping 시간 체크1-341080796
[13:51:05] Ping 시간 체크2-341080796
[13:51:05] Ping 시간 체크1-341081421
[13:51:05] Ping 시간 체크2-341081421
[13:51:06] Ping 시간 체크1-341082328
[13:51:06] Ping 시간 체크2-341082328
[13:51:06] 출구차단기 Open
[13:51:06] Ping 시간 체크1-341082328
[13:51:06] Ping 시간 체크2-341082343
[13:51:08] LPR 11 Recv: LPR_N
[13:51:12] Ping 시간 체크1-341088250
[13:51:12] Ping 시간 체크2-341088250
[13:51:12] 12번 LPR OK 전송
[13:51:13] LPR 11 Recv: LPR_N
[13:51:18] LPR 11 Recv: LPR_N
[13:51:24] LPR 11 Recv: LPR_N
[13:51:29] LPR 11 Recv: LPR_N
[13:51:33] Program Close
[13:58:43] Program Start!
[13:58:45] 근무시작: 배은화
[13:58:45] 영수증프린터 포트오픈 에러: ie_BadId - Specified comport doesn't exist
[13:58:45] Ping 시간 체크1-341541390
[13:58:45] Ping 시간 체크2-341541390
[13:58:45] Ping 시간 체크1-341541406
[13:58:45] Ping 시간 체크2-341541406
[13:58:45] Ping 시간 체크1-341541406
[13:58:45] Ping 시간 체크2-341541421
[13:58:45] Ping 시간 체크1-341541421
[13:58:45] Ping 시간 체크2-341541421
[13:58:45] 주차권  101
[13:58:45] 경차  102
[13:58:45] 장애인  103
[13:58:45] 전액무료  104
[13:58:45] TfrmMainNew.FormShow: Could not bind socket. Address and port are already in use.
[13:58:45] LPR 11 Recv: 172.16.83.1
[13:58:45] LPR 12 Recv: 172.16.83.1
[13:58:46] LPR 11 Recv: LPR_N
[13:58:46] LPR 12 Recv: LPR_R
[13:58:46] 시간동기화 전송
[13:58:47] LPR 11 Recv: LPR_N
[13:58:49] LPR 11 Recv: CH1#서울2르1341#O#\2014\10\06\CH1_20141006120949_서울2르1341.jpg
[13:58:49] LPR Check: 서울2르1341, http://172.16.66.33:9080/MSImage/2014/10/06/CH1_20141006120949_서울2르1341.jpg, 1,,,0, 2014-10-06 12:09:49
[13:58:49] File: \\172.16.66.33\MSImage\2014\10\06\CH1_20141006120949_서울2르1341.jpg
[13:58:49] 일반차량: 서울2르1341, 
[13:58:49] Ping 시간 체크1-341545640
[13:58:49] Ping 시간 체크2-341545640
[13:58:49] Ping 시간 체크1-341545640
[13:58:49] Ping 시간 체크2-341545656
[13:58:49] 입구차단기 Open
[13:58:49] 일반차량입차: 서울2르1341, 
[13:58:51] LPR 11 Recv: LPR_N
[13:58:54] LPR 12 Recv: CH1#서울2르1341#O#\2014\10\02\CH1_20141002170622_서울2르1341.jpg
[13:58:54] LPR Check: 서울2르1341,http://172.16.66.34:9080/MSImage/2014/10/02/CH1_20141002170622_서울2르1341.jpg,1,,,0, 2014-10-02 17:06:22
[13:58:54] File: \\172.16.66.34\MSImage\2014\10\02\CH1_20141002170622_서울2르1341.jpg
[13:58:54] 일반차량: 서울2르1341, 
[13:58:54] In Image File: \\172.16.66.33\MSImage\2014\10\06\CH1_20141006120949_서울2르1341.jpg
[13:58:54] Ping 시간 체크1-341549750
[13:58:54] Ping 시간 체크2-341549765
[13:58:54] Out Image File: \\172.16.66.34\MSImage\2014\10\02\CH1_20141002170622_서울2르1341.jpg
[13:58:54] Ping 시간 체크1-341550000
[13:58:54] Ping 시간 체크2-341550000
[13:58:54] Ping 시간 체크1-341550328
[13:58:54] Ping 시간 체크2-341550328
[13:58:54] 일반차량출차: 서울2르1341, 
[13:58:56] LPR 11 Recv: LPR_N
[13:59:01] LPR 11 Recv: LPR_N
[13:59:07] LPR 11 Recv: LPR_N
[13:59:12] LPR 11 Recv: LPR_N
[13:59:14] Ping 시간 체크1-341570609
[13:59:14] Ping 시간 체크2-341570609
[13:59:14] 출구차단기 Open
[13:59:14] Ping 시간 체크1-341570609
[13:59:14] Ping 시간 체크2-341570609
[13:59:18] LPR 11 Recv: LPR_N
[13:59:23] LPR 11 Recv: LPR_N
[13:59:28] LPR 11 Recv: LPR_N
[13:59:33] LPR 11 Recv: LPR_N
[13:59:38] LPR 11 Recv: LPR_N
[13:59:44] LPR 11 Recv: LPR_N
[13:59:49] LPR 11 Recv: LPR_N
[13:59:54] Ping 시간 체크1-341610343
[13:59:54] Ping 시간 체크2-341610343
[13:59:54] 12번 LPR OK 전송
[13:59:54] LPR 11 Recv: LPR_N
[13:59:59] LPR 11 Recv: LPR_N
[14:00:05] LPR 11 Recv: LPR_N
[14:00:10] LPR 11 Recv: LPR_N
[14:00:15] LPR 11 Recv: LPR_N
[14:00:20] LPR 11 Recv: LPR_N
[14:00:26] LPR 11 Recv: LPR_N
[14:00:31] LPR 11 Recv: LPR_N
[14:00:36] LPR 11 Recv: LPR_N
[14:00:42] LPR 11 Recv: LPR_N
[14:00:47] LPR 11 Recv: LPR_N
[14:00:52] LPR 11 Recv: LPR_N
[14:00:54] Ping 시간 체크1-341670343
[14:00:54] Ping 시간 체크2-341670343
[14:00:54] 12번 LPR OK 전송
[14:00:57] LPR 11 Recv: LPR_N
[14:01:03] LPR 11 Recv: LPR_N
[14:01:08] LPR 11 Recv: LPR_N
[14:01:13] LPR 11 Recv: LPR_N
[14:01:18] LPR 11 Recv: LPR_N
[14:01:24] LPR 11 Recv: LPR_N
[14:01:29] LPR 11 Recv: LPR_N
[14:01:34] LPR 11 Recv: LPR_N
[14:01:39] LPR 11 Recv: LPR_N
[14:01:44] LPR 11 Recv: LPR_N
[14:01:50] LPR 11 Recv: LPR_N
[14:01:54] Ping 시간 체크1-341730343
[14:01:54] Ping 시간 체크2-341730343
[14:01:54] 12번 LPR OK 전송
[14:01:55] LPR 11 Recv: LPR_N
[14:02:00] LPR 11 Recv: LPR_N
[14:02:05] LPR 11 Recv: LPR_N
[14:02:11] LPR 11 Recv: LPR_N
[14:02:16] LPR 11 Recv: LPR_N
[14:02:22] LPR 11 Recv: LPR_N
[14:02:27] LPR 11 Recv: LPR_N
[14:02:32] LPR 11 Recv: LPR_N
[14:02:37] LPR 11 Recv: LPR_N
[14:02:42] LPR 11 Recv: LPR_N
[14:02:48] LPR 11 Recv: LPR_N
[14:02:53] LPR 11 Recv: LPR_N
[14:02:54] Ping 시간 체크1-341790343
[14:02:54] Ping 시간 체크2-341790343
[14:02:54] 12번 LPR OK 전송
[14:02:58] LPR 11 Recv: LPR_N
[14:03:01] Program Close
[14:13:45] Program Start!
[14:13:51] 근무시작: 배은화
[14:13:53] 영수증프린터 포트오픈 에러: ie_BadId - Specified comport doesn't exist
[14:13:53] Ping 시간 체크1-128000
[14:13:53] Ping 시간 체크2-128015
[14:13:53] Ping 시간 체크1-128078
[14:13:53] Ping 시간 체크2-128078
[14:13:53] Ping 시간 체크1-128078
[14:13:53] Ping 시간 체크2-128093
[14:13:53] Ping 시간 체크1-128093
[14:13:53] Ping 시간 체크2-128109
[14:13:53] 주차권  101
[14:13:53] 경차  102
[14:13:53] 장애인  103
[14:13:53] 전액무료  104
[14:14:09] LPR 12 Recv: 172.16.83.1
[14:14:09] LPR 11 Recv: 172.16.83.1
[14:14:09] LPR 11 Recv: LPR_N
[14:14:10] LPR 12 Recv: LPR_R
[14:14:10] 시간동기화 전송
[14:14:10] LPR 11 Recv: LPR_N
[14:14:10] LPR 12 Recv: CH1#서울2르1341#O#\2014\10\02\CH1_20141002170615_서울2르1341.jpg
[14:14:10] LPR Check: 서울2르1341,http://172.16.66.34:9080/MSImage/2014/10/02/CH1_20141002170615_서울2르1341.jpg,1,,,0, 2014-10-02 17:06:15
[14:14:10] File: \\172.16.66.34\MSImage\2014\10\02\CH1_20141002170615_서울2르1341.jpg
[14:15:37] Program Start!
[14:15:45] 근무시작: 배은화
[14:15:46] 영수증프린터 포트오픈 에러: ie_BadId - Specified comport doesn't exist
[14:15:46] Ping 시간 체크1-240906
[14:15:46] Ping 시간 체크2-240906
[14:15:46] Ping 시간 체크1-240968
[14:15:46] Ping 시간 체크2-240984
[14:15:46] Ping 시간 체크1-240984
[14:15:46] Ping 시간 체크2-241000
[14:15:46] Ping 시간 체크1-241000
[14:15:46] Ping 시간 체크2-241000
[14:15:46] LPR 12 Recv: 172.16.83.1
[14:15:46] LPR 11 Recv: 172.16.83.1
[14:15:47] 주차권  101
[14:15:47] 경차  102
[14:15:47] 장애인  103
[14:15:47] 전액무료  104
[14:15:50] LPR 12 Recv: LPR_R
[14:15:50] 시간동기화 전송
[14:15:50] LPR 11 Recv: LPR_NLPR_N
[14:15:54] LPR 12 Recv: CH1#서울2르1341#O#\2014\10\02\CH1_20141002170618_서울2르1341.jpg
[14:15:54] LPR Check: 서울2르1341,http://172.16.66.34:9080/MSImage/2014/10/02/CH1_20141002170618_서울2르1341.jpg,1,,,0, 2014-10-02 17:06:18
[14:15:54] File: \\172.16.66.34\MSImage\2014\10\02\CH1_20141002170618_서울2르1341.jpg
[14:15:54] 일반차량: 서울2르1341, 
[14:15:54] Ping 시간 체크1-248328
[14:15:54] Ping 시간 체크2-248328
[14:15:54] 일반차량출차: 서울2르1341, 
[14:15:54] LPR 11 Recv: LPR_N
[14:16:03] LPR 11 Recv: LPR_N
[14:16:05] LPR 11 Recv: LPR_N
[14:16:08] LPR 12 Recv: CH1#서울2르1343#O#\2014\10\02\CH1_20141002170632_서울2르1343.jpg
[14:16:08] LPR Check: 서울2르1343,http://172.16.66.34:9080/MSImage/2014/10/02/CH1_20141002170632_서울2르1343.jpg,1,,,0, 2014-10-02 17:06:32
[14:16:08] File: \\172.16.66.34\MSImage\2014\10\02\CH1_20141002170632_서울2르1343.jpg
[14:16:08] 일반차량: 서울2르1343, 
[14:16:08] Ping 시간 체크1-262843
[14:16:08] Ping 시간 체크2-262859
[14:16:08] 일반차량출차: 서울2르1343, 
[14:16:10] LPR 11 Recv: LPR_N
[14:16:15] LPR 11 Recv: LPR_N
[14:16:18] File: 66.33\MSImage\2014\09\15\CH1_20140915141034_99가9999.jpg
[14:16:18] Ping 시간 체크1-272718
[14:16:18] Ping 시간 체크2-272718
[14:16:18] File 없음: 66.33\MSImage\2014\09\15\CH1_20140915141034_99가9999.jpg
[14:16:19] File: 66.33\MSImage\2014\09\15\CH1_20140915112420_99가9999.jpg
[14:16:19] Ping 시간 체크1-273531
[14:16:19] Ping 시간 체크2-273531
[14:16:19] File 없음: 66.33\MSImage\2014\09\15\CH1_20140915112420_99가9999.jpg
[14:16:19] File: 66.33\MSImage\2014\09\15\CH1_20140915112420_99가9999.jpg
[14:16:19] Ping 시간 체크1-273531
[14:16:19] Ping 시간 체크2-273531
[14:16:19] File 없음: 66.33\MSImage\2014\09\15\CH1_20140915112420_99가9999.jpg
[14:16:19] File: 66.33\MSImage\2014\09\15\CH1_20140915112420_99가9999.jpg
[14:16:19] Ping 시간 체크1-273671
[14:16:19] Ping 시간 체크2-273671
[14:16:19] File 없음: 66.33\MSImage\2014\09\15\CH1_20140915112420_99가9999.jpg
[14:16:20] 일반차량: 99가9999, 
[14:16:20] In Image File: 66.33\MSImage\2014\09\15\CH1_20140915112420_99가9999.jpg
[14:16:20] Ping 시간 체크1-274765
[14:16:20] Ping 시간 체크2-274765
[14:16:20] 입차 이미지 File 없음: 66.33\MSImage\2014\09\15\CH1_20140915112420_99가9999.jpg
[14:16:20] Out Image File: \\172.16.66.34\MSImage\2014\10\02\CH1_20141002170632_서울2르1343.jpg
[14:16:20] Ping 시간 체크1-274765
[14:16:20] Ping 시간 체크2-274781
[14:16:21] Ping 시간 체크1-275406
[14:16:21] Ping 시간 체크2-275406
[14:16:21] 일반차량출차: 99가9999, 
[14:16:21] LPR 11 Recv: LPR_N
[14:16:26] LPR 11 Recv: LPR_N
[14:16:31] LPR 11 Recv: LPR_N
[14:16:35] LPR 12 Recv: CH1#서울2르1111#O#\2014\10\02\CH1_20141002170659_서울2르1111.jpg
[14:16:35] LPR Check: 서울2르1111,http://172.16.66.34:9080/MSImage/2014/10/02/CH1_20141002170659_서울2르1111.jpg,1,,,0, 2014-10-02 17:06:59
[14:16:35] File: \\172.16.66.34\MSImage\2014\10\02\CH1_20141002170659_서울2르1111.jpg
[14:16:36] LPR 11 Recv: LPR_N
[14:16:39] LPR 12 Recv: CH1#서울2르1111#O#\2014\10\02\CH1_20141002170703_서울2르1111.jpg
[14:16:39] LPR Check: 서울2르1111,http://172.16.66.34:9080/MSImage/2014/10/02/CH1_20141002170703_서울2르1111.jpg,1,,,0, 2014-10-02 17:07:03
[14:16:39] File: \\172.16.66.34\MSImage\2014\10\02\CH1_20141002170703_서울2르1111.jpg
[14:16:41] LPR 11 Recv: LPR_N
[14:16:52] Program Start!
[14:16:55] 근무시작: 배은화
[14:16:56] 영수증프린터 포트오픈 에러: ie_BadId - Specified comport doesn't exist
[14:16:56] Ping 시간 체크1-310843
[14:16:56] Ping 시간 체크2-310843
[14:16:56] Ping 시간 체크1-310906
[14:16:56] Ping 시간 체크2-310921
[14:16:56] Ping 시간 체크1-310921
[14:16:56] Ping 시간 체크2-310921
[14:16:56] Ping 시간 체크1-310937
[14:16:56] Ping 시간 체크2-310937
[14:16:56] 주차권  101
[14:16:56] 경차  102
[14:16:56] 장애인  103
[14:16:56] 전액무료  104
[14:16:58] LPR 11 Recv: 172.16.83.1
[14:16:58] LPR 12 Recv: 172.16.83.1
[14:16:59] LPR 12 Recv: LPR_R
[14:16:59] 시간동기화 전송
[14:16:59] LPR 11 Recv: LPR_N
[14:16:59] LPR 12 Recv: CH1#서울2르1111#O#\2014\10\02\CH1_20141002170615_서울2르1111.jpg
[14:16:59] LPR Check: 서울2르1111,http://172.16.66.34:9080/MSImage/2014/10/02/CH1_20141002170615_서울2르1111.jpg,1,,,0, 2014-10-02 17:06:15
[14:16:59] File: \\172.16.66.34\MSImage\2014\10\02\CH1_20141002170615_서울2르1111.jpg
[14:16:59] 일반차량: 서울2르1111, 
[14:16:59] Ping 시간 체크1-314281
[14:16:59] Ping 시간 체크2-314281
[14:17:00] 일반차량출차: 서울2르1111, 
[14:17:02] LPR 11 Recv: LPR_N
