[08:57:10] Program Start!
[08:57:15] 근무시작: 시스템관리자
[08:57:15] 영수증프린터 포트오픈 에러: ie_BadId - Specified comport doesn't exist
[08:57:15] Ping 시간 체크1-238589656
[08:57:15] Ping 시간 체크2-238589671
[08:57:15] Ping 시간 체크1-238589671
[08:57:15] Ping 시간 체크2-238589687
[08:57:15] Ping 시간 체크1-238589703
[08:57:15] Ping 시간 체크2-238589703
[08:57:15] Ping 시간 체크1-238589718
[08:57:15] Ping 시간 체크2-238589718
[08:57:16] 주차권  101
[08:57:16] 경차  102
[08:57:16] 장애인  103
[08:57:16] 전액무료  104
[08:57:16] LPR 12 Recv: 172.16.83.1
[08:57:16] LPR 11 Recv: 172.16.83.1
[08:57:16] LPR 12 Recv: LPR_N
[08:57:16] LPR 11 Recv: LPR_R
[08:57:16] 시간동기화 전송
[08:57:17] LPR 12 Recv: LPR_N
[08:57:22] LPR 12 Recv: LPR_N
[08:57:27] LPR 12 Recv: LPR_N
[08:57:32] LPR 12 Recv: LPR_N
[08:57:37] LPR 12 Recv: LPR_N
[08:57:42] LPR 12 Recv: LPR_N
[08:57:48] LPR 12 Recv: LPR_N
[08:57:53] LPR 12 Recv: LPR_N
[08:57:58] LPR 12 Recv: LPR_N
[08:58:03] LPR 12 Recv: LPR_N
[08:58:09] LPR 12 Recv: LPR_N
[08:58:14] LPR 12 Recv: LPR_N
[08:58:16] Ping 시간 체크1-238650671
[08:58:16] Ping 시간 체크2-238650671
[08:58:16] 11번 LPR OK 전송
[08:58:19] LPR 12 Recv: LPR_N
[08:58:24] LPR 12 Recv: LPR_N
[08:58:30] LPR 12 Recv: LPR_N
[08:58:35] LPR 12 Recv: LPR_N
[08:58:40] LPR 12 Recv: LPR_N
[08:58:45] LPR 12 Recv: LPR_N
[08:58:50] LPR 12 Recv: LPR_N
[08:58:56] LPR 12 Recv: LPR_N
[08:59:01] LPR 12 Recv: LPR_N
[08:59:06] LPR 12 Recv: LPR_N
[08:59:11] LPR 12 Recv: LPR_N
[08:59:16] Ping 시간 체크1-238710671
[08:59:16] Ping 시간 체크2-238710671
[08:59:16] 11번 LPR OK 전송
[08:59:17] LPR 12 Recv: LPR_N
[08:59:22] LPR 12 Recv: LPR_N
[08:59:27] LPR 12 Recv: LPR_N
[08:59:32] LPR 12 Recv: LPR_N
[08:59:37] LPR 12 Recv: LPR_N
[08:59:43] LPR 12 Recv: LPR_N
[08:59:48] LPR 12 Recv: LPR_N
[08:59:53] LPR 12 Recv: LPR_N
[08:59:58] LPR 12 Recv: LPR_N
[09:00:04] LPR 12 Recv: LPR_N
[09:00:09] LPR 12 Recv: LPR_N
[09:00:14] LPR 12 Recv: LPR_N
[09:00:16] Ping 시간 체크1-238770671
[09:00:16] Ping 시간 체크2-238770687
[09:00:16] 11번 LPR OK 전송
[09:00:19] LPR 12 Recv: LPR_N
[09:00:25] LPR 12 Recv: LPR_N
[09:00:30] LPR 12 Recv: LPR_N
[09:00:35] LPR 12 Recv: LPR_N
[09:00:40] LPR 12 Recv: LPR_N
[09:00:45] LPR 12 Recv: LPR_N
[09:00:51] LPR 12 Recv: LPR_N
[09:00:56] LPR 12 Recv: LPR_N
[09:01:01] LPR 12 Recv: LPR_N
[09:01:06] LPR 12 Recv: LPR_N
[09:01:12] LPR 12 Recv: LPR_N
[09:01:16] Ping 시간 체크1-238830671
[09:01:16] Ping 시간 체크2-238830671
[09:01:16] 11번 LPR OK 전송
[09:01:17] LPR 12 Recv: LPR_N
[09:01:22] LPR 12 Recv: LPR_N
[09:01:27] LPR 12 Recv: LPR_N
[09:01:32] LPR 12 Recv: LPR_N
[09:01:38] LPR 12 Recv: LPR_N
[09:01:43] LPR 12 Recv: LPR_N
[09:01:48] LPR 12 Recv: LPR_N
[09:01:53] LPR 12 Recv: LPR_N
[09:01:59] LPR 12 Recv: LPR_N
[09:02:04] LPR 12 Recv: LPR_N
[09:02:09] LPR 12 Recv: LPR_N
[09:02:14] LPR 12 Recv: LPR_N
[09:02:16] Ping 시간 체크1-238890671
[09:02:16] Ping 시간 체크2-238890671
[09:02:16] 11번 LPR OK 전송
[09:02:20] LPR 12 Recv: LPR_N
[09:02:25] LPR 12 Recv: LPR_N
[09:02:30] LPR 12 Recv: LPR_N
[09:02:35] LPR 12 Recv: LPR_N
[09:02:40] LPR 12 Recv: LPR_N
[09:02:46] LPR 12 Recv: LPR_N
[09:02:51] LPR 12 Recv: LPR_N
[09:02:56] LPR 12 Recv: LPR_N
[09:03:01] LPR 12 Recv: LPR_N
[09:03:07] LPR 12 Recv: LPR_N
[09:03:12] LPR 12 Recv: LPR_N
[09:03:16] Ping 시간 체크1-238950671
[09:03:16] Ping 시간 체크2-238950671
[09:03:16] 11번 LPR OK 전송
[09:03:17] LPR 12 Recv: LPR_N
[09:03:22] LPR 12 Recv: LPR_N
[09:03:27] LPR 12 Recv: LPR_N
[09:03:33] LPR 12 Recv: LPR_N
[09:03:38] LPR 12 Recv: LPR_N
[09:03:43] LPR 12 Recv: LPR_N
[09:03:48] LPR 12 Recv: LPR_N
[09:03:54] LPR 12 Recv: LPR_N
[09:03:59] LPR 12 Recv: LPR_N
[09:04:04] LPR 12 Recv: LPR_N
[09:04:09] LPR 12 Recv: LPR_N
[09:04:15] LPR 12 Recv: LPR_N
[09:04:16] Ping 시간 체크1-239010671
[09:04:16] Ping 시간 체크2-239010671
[09:04:16] 11번 LPR OK 전송
[09:04:20] LPR 12 Recv: LPR_N
[09:04:25] LPR 12 Recv: LPR_N
[09:04:30] LPR 12 Recv: LPR_N
[09:04:35] LPR 12 Recv: LPR_N
[09:04:41] LPR 12 Recv: LPR_N
[09:04:46] LPR 12 Recv: LPR_N
[09:04:51] LPR 12 Recv: LPR_N
[09:04:56] LPR 12 Recv: LPR_N
[09:05:02] LPR 12 Recv: LPR_N
[09:05:07] LPR 12 Recv: LPR_N
[09:05:12] LPR 12 Recv: LPR_N
[09:05:16] Ping 시간 체크1-239070671
[09:05:16] Ping 시간 체크2-239070671
[09:05:16] 11번 LPR OK 전송
[09:05:17] LPR 12 Recv: LPR_N
[09:05:22] LPR 12 Recv: LPR_N
[09:05:28] LPR 12 Recv: LPR_N
[09:05:33] LPR 12 Recv: LPR_N
[09:05:38] LPR 12 Recv: LPR_N
[09:05:43] LPR 12 Recv: LPR_N
[09:05:49] LPR 12 Recv: LPR_N
[09:05:54] LPR 12 Recv: LPR_N
[09:05:59] LPR 12 Recv: LPR_N
[09:06:04] LPR 12 Recv: LPR_N
[09:06:10] LPR 12 Recv: LPR_N
[09:06:15] LPR 12 Recv: LPR_N
[09:06:16] Ping 시간 체크1-239130671
[09:06:16] Ping 시간 체크2-239130671
[09:06:16] 11번 LPR OK 전송
[09:06:20] LPR 12 Recv: LPR_N
[09:06:25] LPR 12 Recv: LPR_N
[09:06:30] LPR 12 Recv: LPR_N
[09:06:36] LPR 12 Recv: LPR_N
[09:06:41] LPR 12 Recv: LPR_N
[09:06:46] LPR 12 Recv: LPR_N
[09:06:51] LPR 12 Recv: LPR_N
[09:06:57] LPR 12 Recv: LPR_N
[09:07:02] LPR 12 Recv: LPR_N
[09:07:07] LPR 12 Recv: LPR_N
[09:07:12] LPR 12 Recv: LPR_N
[09:07:16] Ping 시간 체크1-239190671
[09:07:16] Ping 시간 체크2-239190671
[09:07:16] 11번 LPR OK 전송
[09:07:17] LPR 12 Recv: LPR_N
[09:07:23] LPR 12 Recv: LPR_N
[09:07:28] LPR 12 Recv: LPR_N
[09:07:33] LPR 12 Recv: LPR_N
[09:07:38] LPR 12 Recv: LPR_N
[09:07:44] LPR 12 Recv: LPR_N
[09:07:49] LPR 12 Recv: LPR_N
[09:07:54] LPR 12 Recv: LPR_N
[09:07:59] LPR 12 Recv: LPR_N
[09:08:05] LPR 12 Recv: LPR_N
[09:08:10] LPR 12 Recv: LPR_N
[09:08:15] LPR 12 Recv: LPR_N
[09:08:16] Ping 시간 체크1-239250671
[09:08:16] Ping 시간 체크2-239250671
[09:08:16] 11번 LPR OK 전송
[09:08:20] LPR 12 Recv: LPR_N
[09:08:25] LPR 12 Recv: LPR_N
[09:08:31] LPR 12 Recv: LPR_N
[09:08:36] LPR 12 Recv: LPR_N
[09:08:41] LPR 12 Recv: LPR_N
[09:08:46] LPR 12 Recv: LPR_N
[09:08:52] LPR 12 Recv: LPR_N
[09:08:57] LPR 12 Recv: LPR_N
[09:09:02] LPR 12 Recv: LPR_N
[09:09:07] LPR 12 Recv: LPR_N
[09:09:12] LPR 12 Recv: LPR_N
[09:09:16] Ping 시간 체크1-239310671
[09:09:16] Ping 시간 체크2-239310671
[09:09:16] 11번 LPR OK 전송
[09:09:18] LPR 12 Recv: LPR_N
[09:09:23] LPR 12 Recv: LPR_N
[09:09:28] LPR 12 Recv: LPR_N
[09:09:33] LPR 12 Recv: LPR_N
[09:09:39] LPR 12 Recv: LPR_N
[09:09:44] LPR 12 Recv: LPR_N
[09:09:49] LPR 12 Recv: LPR_N
[09:09:54] LPR 12 Recv: LPR_N
[09:10:00] LPR 12 Recv: LPR_N
[09:10:05] LPR 12 Recv: LPR_N
[09:10:10] LPR 12 Recv: LPR_N
[09:10:15] LPR 12 Recv: LPR_N
[09:10:16] Ping 시간 체크1-239370671
[09:10:16] Ping 시간 체크2-239370671
[09:10:16] 11번 LPR OK 전송
[09:10:20] LPR 12 Recv: LPR_N
[09:10:26] LPR 12 Recv: LPR_N
[09:10:31] LPR 12 Recv: LPR_N
[09:10:36] LPR 12 Recv: LPR_N
[09:10:41] LPR 12 Recv: LPR_N
[09:10:47] LPR 12 Recv: LPR_N
[09:10:52] LPR 12 Recv: LPR_N
[09:10:57] LPR 12 Recv: LPR_N
[09:11:02] LPR 12 Recv: LPR_N
[09:11:06] Program Close
[11:18:34] Program Start!
[11:18:36] 근무시작: 배은화
[11:18:36] 영수증프린터 포트오픈 에러: ie_BadId - Specified comport doesn't exist
[11:18:36] Ping 시간 체크1-247069781
[11:18:36] Ping 시간 체크2-247069781
[11:18:36] Ping 시간 체크1-247069796
[11:18:36] Ping 시간 체크2-247069796
[11:18:36] Ping 시간 체크1-247069796
[11:18:36] Ping 시간 체크2-247069812
[11:18:36] Ping 시간 체크1-247069812
[11:18:36] Ping 시간 체크2-247069812
[11:18:36] 주차권  101
[11:18:36] 경차  102
[11:18:36] 장애인  103
[11:18:36] 전액무료  104
[11:18:36] LPR 11 Recv: 172.16.83.1
[11:18:36] LPR 12 Recv: 172.16.83.1
[11:18:37] LPR 12 Recv: LPR_R
[11:18:37] 시간동기화 전송
[11:18:37] LPR 11 Recv: LPR_R
[11:18:37] 시간동기화 전송
[11:18:42] LPR 12 Recv: CH1#31로6819#N#\2014\10\20\CH1_20141020111816_31로6819.jpg
[11:18:42] LPR Check: 31로6819,http://172.16.66.34:9080/MSImage/2014/10/20/CH1_20141020111816_31로6819.jpg,1,,,0, 2014-10-20 11:18:16
[11:18:42] File: \\172.16.66.34\MSImage\2014\10\20\CH1_20141020111816_31로6819.jpg
[11:18:42] 정기차량시작: 31로6819, 
[11:18:42] Ping 시간 체크1-247076156
[11:18:42] Ping 시간 체크2-247076171
[11:18:42] Ping 시간 체크1-247076437
[11:18:42] Ping 시간 체크2-247076437
[11:18:42] Ping 시간 체크1-247076437
[11:18:42] Ping 시간 체크2-247076453
[11:18:42] 출구차단기 Open
[11:18:42] 정기차량처리: 31로6819, 
[11:19:37] Ping 시간 체크1-247131328
[11:19:37] Ping 시간 체크2-247131328
[11:19:37] 11번 LPR OK 전송
[11:19:42] Ping 시간 체크1-247136453
[11:19:42] Ping 시간 체크2-247136453
[11:19:42] 12번 LPR OK 전송
[11:20:37] Ping 시간 체크1-247191328
[11:20:37] Ping 시간 체크2-247191328
[11:20:37] 11번 LPR OK 전송
[11:20:42] Ping 시간 체크1-247196453
[11:20:42] Ping 시간 체크2-247196453
[11:20:42] 12번 LPR OK 전송
[11:21:21] Program Close
[11:21:56] Program Start!
[11:21:58] 근무시작: 배은화
[11:21:58] 영수증프린터 포트오픈 에러: ie_BadId - Specified comport doesn't exist
[11:21:58] Ping 시간 체크1-247272187
[11:21:58] Ping 시간 체크2-247272187
[11:21:58] Ping 시간 체크1-247272187
[11:21:58] Ping 시간 체크2-247272203
[11:21:58] Ping 시간 체크1-247272203
[11:21:58] Ping 시간 체크2-247272203
[11:21:58] Ping 시간 체크1-247272203
[11:21:58] Ping 시간 체크2-247272218
[11:21:58] 주차권  101
[11:21:58] 경차  102
[11:21:58] 장애인  103
[11:21:58] 전액무료  104
[11:21:58] LPR 11 Recv: 172.16.83.1
[11:21:58] LPR 12 Recv: 172.16.83.1
[11:21:59] LPR 11 Recv: LPR_R
[11:21:59] 시간동기화 전송
[11:21:59] LPR 12 Recv: LPR_R
[11:21:59] 시간동기화 전송
[11:22:01] LPR 11 Recv: CH1#31로6819#\2014\10\20\CH1_20141020112131_31로6819.jpg
[11:22:01] LPR Check: 31로6819, http://172.16.66.33:9080/MSImage/2014/10/20/CH1_20141020112131_31로6819.jpg, 3,,,0, 2014-10-20 11:21:31
[11:22:01] File: \\172.16.66.33\MSImage\2014\10\20\CH1_20141020112131_31로6819.jpg
[11:22:01] 정기차량시작: 31로6819, 
[11:22:01] Ping 시간 체크1-247275593
[11:22:01] Ping 시간 체크2-247275593
[11:22:01] 입구차단기 Open
[11:22:01] 정기차량처리: 31로6819, 
[11:22:10] LPR 12 Recv: CH1#31로6819#N#\2014\10\20\CH1_20141020112144_31로6819.jpg
[11:22:10] LPR Check: 31로6819,http://172.16.66.34:9080/MSImage/2014/10/20/CH1_20141020112144_31로6819.jpg,1,,,0, 2014-10-20 11:21:44
[11:22:10] File: \\172.16.66.34\MSImage\2014\10\20\CH1_20141020112144_31로6819.jpg
[11:22:10] 정기차량시작: 31로6819, 
[11:22:10] Ping 시간 체크1-247284265
[11:22:10] Ping 시간 체크2-247284265
[11:22:10] File: \\172.16.66.33\MSImage\2014\10\20\CH1_20141020112131_31로6819.jpg
[11:22:10] Ping 시간 체크1-247284515
[11:22:10] Ping 시간 체크2-247284515
[11:22:11] Ping 시간 체크1-247284750
[11:22:11] Ping 시간 체크2-247284750
[11:22:11] Ping 시간 체크1-247284750
[11:22:11] Ping 시간 체크2-247284765
[11:22:11] 출구차단기 Open
[11:22:11] 정기차량처리: 31로6819, 
[11:22:28] Program Close
[11:48:21] Program Start!
[12:13:15] Program Start!
[12:13:17] 근무시작: 배은화
[12:13:17] 영수증프린터 포트오픈 에러: ie_BadId - Specified comport doesn't exist
[12:13:17] Ping 시간 체크1-250351250
[12:13:17] Ping 시간 체크2-250351265
[12:13:17] Ping 시간 체크1-250351265
[12:13:17] Ping 시간 체크2-250351265
[12:13:17] Ping 시간 체크1-250351281
[12:13:17] Ping 시간 체크2-250351281
[12:13:17] Ping 시간 체크1-250351296
[12:13:17] Ping 시간 체크2-250351296
[12:13:17] 주차권  101
[12:13:17] 경차  102
[12:13:17] 장애인  103
[12:13:17] 전액무료  104
[12:13:17] LPR 12 Recv: 172.16.83.1
[12:13:18] LPR 12 Recv: LPR_R
[12:13:18] 시간동기화 전송
[12:13:38] Program Close
[14:08:02] Program Start!
[14:08:21] 근무시작: 배은화
[14:08:21] 영수증프린터 포트오픈 에러: ie_BadId - Specified comport doesn't exist
[14:08:21] Ping 시간 체크1-257255500
[14:08:21] Ping 시간 체크2-257255515
[14:08:21] Ping 시간 체크1-257255515
[14:08:21] Ping 시간 체크2-257255515
[14:08:21] Ping 시간 체크1-257255546
[14:08:21] Ping 시간 체크2-257255562
[14:08:21] Ping 시간 체크1-257255578
[14:08:21] Ping 시간 체크2-257255578
[14:08:21] 주차권  101
[14:08:21] 경차  102
[14:08:21] 장애인  103
[14:08:21] 전액무료  104
[14:08:21] LPR 11 Recv: 172.16.83.1
[14:08:21] LPR 12 Recv: 172.16.83.1
[14:08:23] LPR 11 Recv: LPR_R
[14:08:23] 시간동기화 전송
[14:08:24] LPR 12 Recv: LPR_N
[14:08:27] LPR 12 Recv: LPR_N
[14:08:32] LPR 12 Recv: LPR_N
[14:08:37] LPR 12 Recv: LPR_N
[14:08:42] LPR 12 Recv: LPR_N
[14:08:42] OutDsp1SocketError: 10060
[14:08:48] LPR 12 Recv: LPR_N
[14:08:53] LPR 12 Recv: LPR_N
[14:08:53] Program Close
