[12:50:01] Program Start!
[12:50:05] Program Close
[16:41:29] Program Start!
[16:41:30] 근무시작: 배은화
[16:41:30] 영수증프린터 포트오픈 에러: ie_BadId - Specified comport doesn't exist
[16:41:30] Ping 시간 체크1-7244484
[16:41:30] Ping 시간 체크2-7244500
[16:41:30] Ping 시간 체크1-7244500
[16:41:30] Ping 시간 체크2-7244500
[16:41:30] Ping 시간 체크1-7244500
[16:41:30] Ping 시간 체크2-7244515
[16:41:30] Ping 시간 체크1-7244515
[16:41:30] Ping 시간 체크2-7244515
[16:41:30] LPR 12 Recv: 172.16.83.1
[16:41:31] 주차권  101
[16:41:31] 경차  102
[16:41:31] 장애인  103
[16:41:31] 전액무료  104
[16:41:31] LPR 12 Recv: LPR_N
[16:41:37] LPR 12 Recv: LPR_N
[16:41:42] LPR 12 Recv: LPR_N
[16:41:47] LPR 12 Recv: LPR_N
[16:41:51] OutDsp1SocketError: 10060
[16:41:52] LPR 12 Recv: LPR_N
[16:41:58] LPR 12 Recv: LPR_N
[16:42:03] LPR 12 Recv: LPR_N
[16:42:09] LPR 12 Recv: LPR_N
[16:42:14] LPR 12 Recv: LPR_N
[16:42:19] LPR 12 Recv: LPR_N
[16:42:24] LPR 12 Recv: LPR_N
[16:42:29] LPR 12 Recv: LPR_N
[16:42:30] Ping 시간 체크1-7304484
[16:42:30] Ping 시간 체크2-7304484
[16:42:30] LPR 11 Recv: 172.16.83.1
[16:42:31] LPR 11 Recv: LPR_R
[16:42:31] 시간동기화 전송
[16:42:35] LPR 12 Recv: LPR_N
[16:42:40] LPR 12 Recv: LPR_N
[16:42:45] LPR 12 Recv: LPR_N
[16:42:50] LPR 12 Recv: LPR_N
[16:42:56] LPR 12 Recv: LPR_N
[16:43:01] LPR 12 Recv: LPR_N
[16:43:06] LPR 12 Recv: LPR_N
[16:43:11] LPR 12 Recv: LPR_N
[16:43:17] LPR 12 Recv: LPR_N
[16:43:22] LPR 12 Recv: LPR_N
[16:43:27] LPR 12 Recv: LPR_N
[16:43:31] Ping 시간 체크1-7365578
[16:43:31] Ping 시간 체크2-7365578
[16:43:31] 11번 LPR OK 전송
[16:43:32] LPR 12 Recv: LPR_N
[16:43:37] LPR 12 Recv: LPR_N
[16:43:43] LPR 12 Recv: LPR_N
[16:43:48] LPR 12 Recv: LPR_N
[16:43:53] LPR 12 Recv: LPR_N
[16:43:58] LPR 12 Recv: LPR_N
[16:44:04] LPR 12 Recv: LPR_N
[16:44:09] LPR 12 Recv: LPR_N
[16:44:15] LPR 12 Recv: LPR_N
[16:44:20] LPR 12 Recv: LPR_N
[16:44:25] LPR 12 Recv: LPR_N
[16:44:30] LPR 12 Recv: LPR_N
[16:44:31] Ping 시간 체크1-7425578
[16:44:31] Ping 시간 체크2-7425578
[16:44:31] 11번 LPR OK 전송
[16:44:35] LPR 12 Recv: LPR_N
[16:44:41] LPR 12 Recv: LPR_N
[16:44:46] LPR 12 Recv: LPR_N
[16:44:51] LPR 12 Recv: LPR_N
[16:44:56] LPR 12 Recv: LPR_N
[16:45:02] LPR 12 Recv: LPR_N
[16:45:07] LPR 12 Recv: LPR_N
[16:45:12] LPR 12 Recv: LPR_N
[16:45:17] LPR 12 Recv: LPR_N
[16:45:22] LPR 12 Recv: LPR_N
[16:45:28] LPR 12 Recv: LPR_N
[16:45:31] Ping 시간 체크1-7485578
[16:45:31] Ping 시간 체크2-7485578
[16:45:31] 11번 LPR OK 전송
[16:45:33] LPR 12 Recv: LPR_N
[16:45:37] LPR 11 Recv: CH1#31로6819#\2014\10\15\CH1_20141015164524_31로6819.jpg
[16:45:37] LPR Check: 31로6819, http://172.16.66.33:9080/MSImage/2014/10/15/CH1_20141015164524_31로6819.jpg, 3,,,0, 2014-10-15 16:45:24
[16:45:37] File: \\172.16.66.33\MSImage\2014\10\15\CH1_20141015164524_31로6819.jpg
[16:45:37] 정기차량시작: 31로6819, 
[16:45:37] Ping 시간 체크1-7491531
[16:45:37] Ping 시간 체크2-7491531
[16:45:37] 입구차단기 Open
[16:45:37] 정기차량처리: 31로6819, 
[16:45:38] LPR 12 Recv: LPR_N
[16:45:43] LPR 12 Recv: LPR_N
[16:45:49] LPR 12 Recv: LPR_N
[16:45:54] LPR 12 Recv: LPR_N
[16:45:59] LPR 12 Recv: LPR_N
[16:46:05] LPR 12 Recv: LPR_N
[16:46:10] LPR 12 Recv: LPR_N
[16:46:15] LPR 12 Recv: LPR_N
[16:46:20] LPR 12 Recv: LPR_N
[16:46:26] LPR 12 Recv: LPR_N
[16:46:31] LPR 12 Recv: LPR_N
[16:46:36] LPR 12 Recv: LPR_N
[16:46:37] Ping 시간 체크1-7551531
[16:46:37] Ping 시간 체크2-7551531
[16:46:37] 11번 LPR OK 전송
[16:46:41] LPR 12 Recv: LPR_N
[16:46:47] LPR 12 Recv: LPR_N
[16:46:52] LPR 12 Recv: LPR_N
[16:46:57] LPR 12 Recv: LPR_N
[16:47:02] LPR 12 Recv: LPR_N
[16:47:08] LPR 12 Recv: LPR_N
[16:47:13] LPR 12 Recv: LPR_N
[16:47:18] LPR 12 Recv: LPR_N
[16:47:23] LPR 12 Recv: LPR_N
[16:47:28] LPR 12 Recv: LPR_N
[16:47:34] LPR 12 Recv: LPR_N
[16:47:37] Ping 시간 체크1-7611531
[16:47:37] Ping 시간 체크2-7611531
[16:47:37] 11번 LPR OK 전송
[16:47:39] LPR 12 Recv: LPR_N
[16:47:44] LPR 12 Recv: LPR_N
[16:47:49] LPR 12 Recv: LPR_N
[16:47:55] LPR 12 Recv: LPR_N
[16:48:00] LPR 12 Recv: LPR_N
[16:48:06] LPR 12 Recv: LPR_N
[16:48:11] LPR 12 Recv: LPR_N
[16:48:16] LPR 12 Recv: LPR_N
[16:48:21] LPR 12 Recv: LPR_N
[16:48:26] LPR 12 Recv: LPR_N
[16:48:32] LPR 12 Recv: LPR_N
[16:48:37] LPR 12 Recv: LPR_N
[16:48:37] Ping 시간 체크1-7671531
[16:48:37] Ping 시간 체크2-7671531
[16:48:37] 11번 LPR OK 전송
[16:48:42] LPR 12 Recv: LPR_N
[16:48:47] LPR 12 Recv: LPR_N
[16:48:53] LPR 12 Recv: LPR_N
[16:48:58] LPR 12 Recv: LPR_N
[16:49:03] LPR 12 Recv: LPR_N
[16:49:08] LPR 12 Recv: LPR_N
[16:49:13] LPR 12 Recv: LPR_N
[16:49:19] LPR 12 Recv: LPR_N
[16:49:24] LPR 12 Recv: LPR_N
[16:49:30] LPR 12 Recv: LPR_N
[16:49:35] LPR 12 Recv: LPR_N
[16:49:37] Ping 시간 체크1-7731531
[16:49:37] Ping 시간 체크2-7731531
[16:49:37] 11번 LPR OK 전송
[16:49:40] LPR 12 Recv: LPR_N
[16:49:45] LPR 12 Recv: LPR_N
[16:49:51] LPR 12 Recv: LPR_N
[16:49:56] LPR 12 Recv: LPR_N
[16:50:01] LPR 12 Recv: LPR_N
[16:50:06] LPR 12 Recv: LPR_N
[16:50:11] LPR 12 Recv: LPR_N
[16:50:17] LPR 12 Recv: LPR_N
[16:50:22] LPR 12 Recv: LPR_N
[16:50:27] LPR 12 Recv: LPR_N
[16:50:32] LPR 12 Recv: LPR_N
[16:50:37] Ping 시간 체크1-7791531
[16:50:37] Ping 시간 체크2-7791531
[16:50:37] 11번 LPR OK 전송
[16:50:38] LPR 12 Recv: LPR_N
[16:50:43] LPR 12 Recv: LPR_N
[16:50:48] LPR 12 Recv: LPR_N
[16:50:53] LPR 12 Recv: LPR_N
[16:50:59] LPR 12 Recv: LPR_N
[16:51:04] LPR 12 Recv: LPR_N
[16:51:09] LPR 12 Recv: LPR_N
[16:51:15] LPR 12 Recv: LPR_N
[16:51:20] LPR 12 Recv: LPR_N
[16:51:25] LPR 12 Recv: LPR_N
[16:51:30] LPR 12 Recv: LPR_N
[16:51:36] LPR 12 Recv: LPR_N
[16:51:37] Ping 시간 체크1-7851531
[16:51:37] Ping 시간 체크2-7851531
[16:51:37] 11번 LPR OK 전송
[16:51:41] LPR 12 Recv: LPR_N
[16:51:46] LPR 12 Recv: LPR_N
[16:51:51] LPR 12 Recv: LPR_N
[16:51:57] LPR 12 Recv: LPR_N
[16:52:02] LPR 12 Recv: LPR_N
[16:52:07] LPR 12 Recv: LPR_N
[16:52:12] LPR 12 Recv: LPR_N
[16:52:17] LPR 12 Recv: LPR_N
[16:52:23] LPR 12 Recv: LPR_N
[16:52:28] LPR 12 Recv: LPR_N
[16:52:33] LPR 12 Recv: LPR_N
[16:52:37] Ping 시간 체크1-7911531
[16:52:37] Ping 시간 체크2-7911531
[16:52:37] 11번 LPR OK 전송
[16:52:38] LPR 12 Recv: LPR_N
[16:52:44] LPR 12 Recv: LPR_N
[16:52:49] LPR 12 Recv: LPR_N
[16:52:54] LPR 12 Recv: LPR_N
[16:52:59] LPR 12 Recv: LPR_N
[16:53:04] LPR 12 Recv: LPR_N
[16:53:10] LPR 12 Recv: LPR_N
[16:53:15] LPR 12 Recv: LPR_N
[16:53:21] LPR 12 Recv: LPR_N
[16:53:26] LPR 12 Recv: LPR_N
[16:53:31] LPR 12 Recv: LPR_N
[16:53:36] LPR 12 Recv: LPR_N
[16:53:37] Ping 시간 체크1-7971531
[16:53:37] Ping 시간 체크2-7971531
[16:53:37] 11번 LPR OK 전송
[16:53:42] LPR 12 Recv: LPR_N
[16:53:47] LPR 12 Recv: LPR_N
[16:53:52] LPR 12 Recv: LPR_N
[16:53:57] LPR 12 Recv: LPR_N
[16:54:02] LPR 12 Recv: LPR_N
[16:54:08] LPR 12 Recv: LPR_N
[16:54:13] LPR 12 Recv: LPR_N
[16:54:18] LPR 12 Recv: LPR_N
[16:54:23] LPR 12 Recv: LPR_N
[16:54:29] LPR 12 Recv: LPR_N
[16:54:34] LPR 12 Recv: LPR_N
[16:54:37] Ping 시간 체크1-8031531
[16:54:37] Ping 시간 체크2-8031531
[16:54:37] 11번 LPR OK 전송
[16:54:39] LPR 12 Recv: LPR_N
[16:54:41] Program Close
[17:26:08] Program Start!
[17:26:14] 근무시작: 배은화
[17:26:15] 영수증프린터 포트오픈 에러: ie_BadId - Specified comport doesn't exist
[17:26:15] Ping 시간 체크1-9929484
[17:26:15] Ping 시간 체크2-9929500
[17:26:15] Ping 시간 체크1-9929500
[17:26:15] Ping 시간 체크2-9929515
[17:26:15] Ping 시간 체크1-9929562
[17:26:15] Ping 시간 체크2-9929578
[17:26:15] Ping 시간 체크1-9929593
[17:26:15] Ping 시간 체크2-9929593
[17:26:15] LPR 12 Recv: 172.16.83.1
[17:26:17] 주차권  101
[17:26:17] 경차  102
[17:26:17] 장애인  103
[17:26:17] 전액무료  104
[17:26:20] LPR 12 Recv: LPR_NLPR_N
[17:26:25] LPR 12 Recv: LPR_N
[17:26:30] LPR 12 Recv: LPR_N
[17:26:35] LPR 12 Recv: LPR_N
[17:26:40] LPR 12 Recv: LPR_N
[17:26:45] LPR 12 Recv: LPR_N
[17:26:51] LPR 12 Recv: LPR_N
[17:26:56] LPR 12 Recv: LPR_N
[17:27:01] LPR 12 Recv: LPR_N
[17:27:06] LPR 12 Recv: LPR_N
[17:27:12] LPR 12 Recv: LPR_N
[17:27:15] Ping 시간 체크1-9989484
[17:27:15] Ping 시간 체크2-9989515
[17:27:15] LPR 11 Recv: 172.16.83.1
[17:27:17] LPR 11 Recv: LPR_R
[17:27:17] 시간동기화 전송
[17:27:17] LPR 12 Recv: LPR_N
[17:27:23] LPR 12 Recv: LPR_N
[17:27:28] LPR 12 Recv: LPR_N
[17:27:33] LPR 12 Recv: LPR_N
[17:27:38] LPR 11 Recv: CH1#31로6811#\2014\10\17\CH1_20141017172724_31로6811.jpg
[17:27:38] LPR Check: 31로6811, http://172.16.66.33:9080/MSImage/2014/10/17/CH1_20141017172724_31로6811.jpg, 3,,,0, 2014-10-17 17:27:24
[17:27:38] File: \\172.16.66.33\MSImage\2014\10\17\CH1_20141017172724_31로6811.jpg
[17:27:38] 일반차량: 31로6811, 
[17:27:38] Ping 시간 체크1-10012296
[17:27:38] Ping 시간 체크2-10012296
[17:27:38] 입구차단기 Open
[17:27:38] 일반차량입차: 31로6811, 
[17:27:38] LPR 12 Recv: LPR_N
[17:27:41] LPR 11 Recv: CH1#31로6819#\2014\10\17\CH1_20141017172726_31로6819.jpg
[17:27:41] LPR Check: 31로6819, http://172.16.66.33:9080/MSImage/2014/10/17/CH1_20141017172726_31로6819.jpg, 3,,,0, 2014-10-17 17:27:26
[17:27:41] File: \\172.16.66.33\MSImage\2014\10\17\CH1_20141017172726_31로6819.jpg
[17:27:41] 정기차량시작: 31로6819, 
[17:29:49] Ping 시간 체크1-10143437
[17:29:49] Ping 시간 체크2-10143468
[17:29:49] 입구차단기 Open
[17:29:56] 정기차량처리: 31로6819, 
[17:30:12] Program Start!
[17:30:14] 근무시작: 배은화
[17:30:14] 영수증프린터 포트오픈 에러: ie_BadId - Specified comport doesn't exist
[17:30:14] Ping 시간 체크1-10168375
[17:30:14] Ping 시간 체크2-10168375
[17:30:14] Ping 시간 체크1-10168390
[17:30:14] Ping 시간 체크2-10168390
[17:30:14] Ping 시간 체크1-10168390
[17:30:14] Ping 시간 체크2-10168390
[17:30:14] Ping 시간 체크1-10168406
[17:30:14] Ping 시간 체크2-10168406
[17:30:14] 주차권  101
[17:30:14] 경차  102
[17:30:14] 장애인  103
[17:30:14] 전액무료  104
[17:30:14] LPR 11 Recv: 172.16.83.1
[17:30:14] LPR 12 Recv: 172.16.83.1
[17:30:16] LPR 11 Recv: LPR_R
[17:30:16] 시간동기화 전송
[17:30:16] LPR 12 Recv: LPR_N
[17:30:21] LPR 12 Recv: LPR_N
[17:30:26] LPR 12 Recv: LPR_N
[17:30:31] LPR 12 Recv: LPR_N
[17:30:36] LPR 12 Recv: LPR_N
[17:30:42] LPR 12 Recv: LPR_N
[17:30:47] LPR 12 Recv: LPR_N
[17:30:52] LPR 12 Recv: LPR_N
[17:30:57] LPR 12 Recv: LPR_N
[17:31:03] LPR 12 Recv: LPR_N
[17:31:08] LPR 12 Recv: LPR_N
[17:31:14] LPR 12 Recv: LPR_N
[17:31:16] Ping 시간 체크1-10229921
[17:31:16] Ping 시간 체크2-10229921
[17:31:16] 11번 LPR OK 전송
[17:31:19] LPR 12 Recv: LPR_N
[17:31:19] LPR 11 Recv: LPR_R
[17:31:19] 시간동기화 전송
[17:31:24] LPR 12 Recv: LPR_N
[17:31:29] LPR 12 Recv: LPR_N
[17:31:34] LPR 12 Recv: LPR_N
[17:31:38] Program Close
[17:31:42] Program Start!
[17:31:55] 근무시작: 배은화
[17:31:57] 영수증프린터 포트오픈 에러: ie_BadId - Specified comport doesn't exist
[17:31:57] Ping 시간 체크1-10271203
[17:31:57] Ping 시간 체크2-10271203
[17:31:57] Ping 시간 체크1-10271265
[17:31:57] Ping 시간 체크2-10271265
[17:31:57] Ping 시간 체크1-10271265
[17:31:57] Ping 시간 체크2-10271281
[17:31:57] Ping 시간 체크1-10271281
[17:31:57] Ping 시간 체크2-10271281
[17:31:57] 주차권  101
[17:31:57] 경차  102
[17:31:57] 장애인  103
[17:31:57] 전액무료  104
[17:31:59] LPR 12 Recv: 172.16.83.1
[17:31:59] LPR 11 Recv: 172.16.83.1
[17:32:00] LPR 11 Recv: LPR_R
[17:32:00] 시간동기화 전송
[17:32:01] LPR 12 Recv: LPR_N
[17:32:05] LPR 11 Recv: CH1#31로6811#\2014\10\15\CH1_20141015173150_31로6811.jpg
[17:32:05] LPR Check: 31로6811, http://172.16.66.33:9080/MSImage/2014/10/15/CH1_20141015173150_31로6811.jpg, 3,,,0, 2014-10-15 17:31:50
[17:32:05] File: \\172.16.66.33\MSImage\2014\10\15\CH1_20141015173150_31로6811.jpg
[17:32:05] 일반차량: 31로6811, 
[17:32:05] Ping 시간 체크1-10279203
[17:32:05] Ping 시간 체크2-10279203
[17:32:05] 입구차단기 Open
[17:32:05] 일반차량입차: 31로6811, 
[17:32:06] LPR 12 Recv: LPR_N
[17:32:11] LPR 12 Recv: LPR_N
[17:32:13] LPR 12 Recv: CH1#31로6819#N#\2014\10\17\CH1_20141017173201_31로6819.jpg
[17:32:13] LPR Check: 31로6819,http://172.16.66.34:9080/MSImage/2014/10/17/CH1_20141017173201_31로6819.jpg,1,,,0, 2014-10-17 17:32:01
[17:32:13] File: \\172.16.66.34\MSImage\2014\10\17\CH1_20141017173201_31로6819.jpg
[17:32:15] 정기차량시작: 31로6819, 
[17:33:25] Ping 시간 체크1-10359703
[17:33:26] Ping 시간 체크2-10359734
[17:39:05] Ping 시간 체크1-10699546
[17:39:05] Ping 시간 체크2-10699578
[17:39:06] Ping 시간 체크1-10699906
[17:39:06] Ping 시간 체크2-10699921
[17:39:06] 출구차단기 Open
[17:39:07] 정기차량처리: 31로6819, 
[17:41:03] Program Start!
[17:41:07] 근무시작: 배은화
[17:41:08] 영수증프린터 포트오픈 에러: ie_BadId - Specified comport doesn't exist
[17:41:08] Ping 시간 체크1-10822593
[17:41:08] Ping 시간 체크2-10822609
[17:41:08] Ping 시간 체크1-10822671
[17:41:08] Ping 시간 체크2-10822687
[17:41:08] Ping 시간 체크1-10822687
[17:41:08] Ping 시간 체크2-10822703
[17:41:08] Ping 시간 체크1-10822703
[17:41:08] Ping 시간 체크2-10822718
[17:41:08] 주차권  101
[17:41:08] 경차  102
[17:41:08] 장애인  103
[17:41:08] 전액무료  104
[17:41:10] LPR 11 Recv: 172.16.83.1
[17:41:10] LPR 12 Recv: 172.16.83.1
[17:41:11] LPR 11 Recv: LPR_R
[17:41:11] 시간동기화 전송
[17:41:12] LPR 12 Recv: LPR_N
[17:41:14] LPR 12 Recv: CH1#31로6819#N#\2014\10\17\CH1_20141017174101_31로6819.jpg
[17:41:14] LPR Check: 31로6819,http://172.16.66.34:9080/MSImage/2014/10/17/CH1_20141017174101_31로6819.jpg,1,,,0, 2014-10-17 17:41:01
[17:41:14] File: \\172.16.66.34\MSImage\2014\10\17\CH1_20141017174101_31로6819.jpg
[17:41:15] 정기차량시작: 31로6819, 
[17:41:30] Ping 시간 체크1-10844640
[17:41:30] Ping 시간 체크2-10844656
[17:41:50] Ping 시간 체크1-10864578
[17:41:50] Ping 시간 체크2-10864578
[17:41:51] Ping 시간 체크1-10865250
[17:41:51] Ping 시간 체크2-10865265
[17:41:51] 출구차단기 Open
[17:41:52] 정기차량처리: 31로6819, 
[17:42:30] Program Start!
[17:42:34] 근무시작: 배은화
[17:42:35] 영수증프린터 포트오픈 에러: ie_BadId - Specified comport doesn't exist
[17:42:35] Ping 시간 체크1-10909484
[17:42:35] Ping 시간 체크2-10909484
[17:42:35] Ping 시간 체크1-10909546
[17:42:35] Ping 시간 체크2-10909546
[17:42:35] Ping 시간 체크1-10909562
[17:42:35] Ping 시간 체크2-10909562
[17:42:35] Ping 시간 체크1-10909562
[17:42:35] Ping 시간 체크2-10909578
[17:42:35] 주차권  101
[17:42:35] 경차  102
[17:42:35] 장애인  103
[17:42:35] 전액무료  104
[17:42:38] LPR 11 Recv: 172.16.83.1
[17:42:38] LPR 12 Recv: 172.16.83.1
[17:42:39] LPR 11 Recv: LPR_R
[17:42:39] 시간동기화 전송
[17:42:39] LPR 12 Recv: LPR_N
[17:42:41] LPR 12 Recv: LPR_N
[17:42:44] LPR 11 Recv: CH1#31로6813#\2014\10\15\CH1_20141015174228_31로6813.jpg
[17:42:44] LPR Check: 31로6813, http://172.16.66.33:9080/MSImage/2014/10/15/CH1_20141015174228_31로6813.jpg, 3,,,0, 2014-10-15 17:42:28
[17:42:44] File: \\172.16.66.33\MSImage\2014\10\15\CH1_20141015174228_31로6813.jpg
[17:42:44] 일반차량: 31로6813, 
[17:42:48] Ping 시간 체크1-10922171
[17:42:48] Ping 시간 체크2-10922171
[17:42:48] 입구차단기 Open
[17:42:48] 일반차량입차: 31로6813, 
[17:42:48] LPR 12 Recv: LPR_N
[17:42:52] LPR 12 Recv: LPR_N
[17:42:57] LPR 12 Recv: CH1#31로6813#N#\2014\10\17\CH1_20141017174244_31로6813.jpg
[17:42:57] LPR Check: 31로6813,http://172.16.66.34:9080/MSImage/2014/10/17/CH1_20141017174244_31로6813.jpg,1,,,0, 2014-10-17 17:42:44
[17:42:57] File: \\172.16.66.34\MSImage\2014\10\17\CH1_20141017174244_31로6813.jpg
[17:42:57] 일반차량: 31로6813, 
[17:43:00] In Image File: \\172.16.66.33\MSImage\2014\10\15\CH1_20141015174228_31로6813.jpg
[17:43:00] Ping 시간 체크1-10934140
[17:43:00] Ping 시간 체크2-10934156
[17:43:00] Out Image File: \\172.16.66.34\MSImage\2014\10\17\CH1_20141017174244_31로6813.jpg
[17:43:00] Ping 시간 체크1-10934406
[17:43:00] Ping 시간 체크2-10934421
[17:43:01] Ping 시간 체크1-10934828
[17:43:01] Ping 시간 체크2-10934828
[17:43:01] 일반차량출차: 31로6813, 
[17:43:31] Program Start!
[17:43:37] 근무시작: 배은화
[17:43:44] 영수증프린터 포트오픈 에러: ie_BadId - Specified comport doesn't exist
[17:43:44] Ping 시간 체크1-10977906
[17:43:44] Ping 시간 체크2-10977921
[17:43:44] Ping 시간 체크1-10977984
[17:43:44] Ping 시간 체크2-10978000
[17:43:44] Ping 시간 체크1-10978000
[17:43:44] Ping 시간 체크2-10978000
[17:43:44] Ping 시간 체크1-10978000
[17:43:44] Ping 시간 체크2-10978015
[17:43:44] LPR 11 Recv: 172.16.83.1
[17:43:45] LPR 11 Recv: LPR_R
[17:43:45] 시간동기화 전송
[17:43:45] 주차권  101
[17:43:45] 경차  102
[17:43:45] 장애인  103
[17:43:45] 전액무료  104
[17:43:52] LPR 11 Recv: CH1#31로6813#\2014\10\15\CH1_20141015174337_31로6813.jpg
[17:43:52] LPR Check: 31로6813, http://172.16.66.33:9080/MSImage/2014/10/15/CH1_20141015174337_31로6813.jpg, 3,,,0, 2014-10-15 17:43:37
[17:43:52] File: \\172.16.66.33\MSImage\2014\10\15\CH1_20141015174337_31로6813.jpg
[17:43:52] 일반차량: 31로6813, 
[17:43:52] Ping 시간 체크1-10986281
[17:43:52] Ping 시간 체크2-10986281
[17:43:52] 입구차단기 Open
[17:43:52] 일반차량입차: 31로6813, 
[17:44:05] InDsp1SocketError: 10060
[17:53:41] Program Start!
[17:53:45] 근무시작: 배은화
[17:53:46] 영수증프린터 포트오픈 에러: ie_BadId - Specified comport doesn't exist
[17:53:46] Ping 시간 체크1-11580453
[17:53:46] Ping 시간 체크2-11580453
[17:53:46] Ping 시간 체크1-11580515
[17:53:46] Ping 시간 체크2-11580531
[17:53:46] Ping 시간 체크1-11580531
[17:53:46] Ping 시간 체크2-11580546
[17:53:46] Ping 시간 체크1-11580546
[17:53:46] Ping 시간 체크2-11580546
[17:53:46] 주차권  101
[17:53:46] 경차  102
[17:53:46] 장애인  103
[17:53:46] 전액무료  104
[17:53:48] LPR 11 Recv: 172.16.83.1
[17:53:48] LPR 12 Recv: 172.16.83.1
[17:53:49] LPR 11 Recv: LPR_R
[17:53:49] 시간동기화 전송
[17:53:50] LPR 12 Recv: LPR_N
[17:53:53] LPR 12 Recv: LPR_N
[17:53:58] LPR 12 Recv: LPR_N
[17:54:00] LPR 11 Recv: CH1#31로6813#\2014\10\15\CH1_20141015175344_31로6813.jpg
[17:54:00] LPR Check: 31로6813, http://172.16.66.33:9080/MSImage/2014/10/15/CH1_20141015175344_31로6813.jpg, 3,,,0, 2014-10-15 17:53:44
[17:54:00] File: \\172.16.66.33\MSImage\2014\10\15\CH1_20141015175344_31로6813.jpg
[17:54:00] 일반차량: 31로6813, 
[17:54:00] Ping 시간 체크1-11594031
[17:54:00] Ping 시간 체크2-11594031
[17:54:00] 입구차단기 Open
[17:54:00] 일반차량입차: 31로6813, 
[17:54:04] LPR 12 Recv: LPR_N
[17:54:06] LPR 12 Recv: CH1#31로6813#N#\2014\10\17\CH1_20141017175353_31로6813.jpg
[17:54:06] LPR Check: 31로6813,http://172.16.66.34:9080/MSImage/2014/10/17/CH1_20141017175353_31로6813.jpg,1,,,0, 2014-10-17 17:53:53
[17:54:06] File: \\172.16.66.34\MSImage\2014\10\17\CH1_20141017175353_31로6813.jpg
[17:54:06] 일반차량: 31로6813, 
[17:56:46] In Image File: \\172.16.66.33\MSImage\2014\10\15\CH1_20141015175344_31로6813.jpg
[17:56:48] Ping 시간 체크1-11762140
[17:56:48] Ping 시간 체크2-11762171
[17:56:51] Out Image File: \\172.16.66.34\MSImage\2014\10\17\CH1_20141017175353_31로6813.jpg
[17:56:52] Ping 시간 체크1-11766265
[17:56:52] Ping 시간 체크2-11766265
