[16:14:33] Program Start!
[16:14:35] 근무시작: 배은화
[16:14:35] 영수증프린터 포트오픈 에러: ie_BadId - Specified comport doesn't exist
[16:14:35] Ping 시간 체크1-4091640
[16:14:35] Ping 시간 체크2-4091656
[16:14:35] Ping 시간 체크1-4091656
[16:14:35] Ping 시간 체크2-4091671
[16:14:35] Ping 시간 체크1-4091671
[16:14:35] Ping 시간 체크2-4091687
[16:14:35] Ping 시간 체크1-4091687
[16:14:35] Ping 시간 체크2-4091703
[16:14:35] 주차권  101
[16:14:35] 경차  102
[16:14:35] 장애인  103
[16:14:35] 전액무료  104
[16:14:36] LPR 11 Recv: 172.16.83.1
[16:14:36] LPR 12 Recv: 172.16.83.1
[16:14:37] LPR 11 Recv: LPR_N
[16:14:37] LPR 12 Recv: LPR_N
[16:14:39] LPR 11 Recv: LPR_N
[16:14:40] LPR 12 Recv: LPR_N
[16:14:44] LPR 11 Recv: LPR_N
[16:14:45] LPR 12 Recv: LPR_N
[16:14:49] LPR 11 Recv: LPR_N
[16:14:51] LPR 12 Recv: LPR_N
[16:14:55] LPR 11 Recv: LPR_N
[16:14:56] LPR 12 Recv: LPR_N
[16:15:00] LPR 11 Recv: LPR_N
[16:15:01] LPR 12 Recv: LPR_N
[16:15:05] LPR 11 Recv: LPR_N
[16:15:06] LPR 12 Recv: LPR_N
[16:15:10] LPR 11 Recv: LPR_N
[16:15:12] LPR 12 Recv: LPR_N
[16:15:16] LPR 11 Recv: LPR_N
[16:15:17] LPR 12 Recv: LPR_N
[16:15:21] LPR 11 Recv: LPR_N
[16:15:22] LPR 12 Recv: LPR_N
[16:15:26] LPR 11 Recv: LPR_N
[16:15:27] LPR 12 Recv: LPR_N
[16:15:31] LPR 11 Recv: LPR_N
[16:15:33] LPR 12 Recv: LPR_N
[16:15:36] LPR 11 Recv: LPR_N
[16:15:38] LPR 12 Recv: LPR_N
[16:15:42] LPR 11 Recv: LPR_N
[16:15:43] LPR 12 Recv: LPR_N
[16:15:47] LPR 11 Recv: LPR_N
[16:15:48] LPR 12 Recv: LPR_N
[16:15:52] LPR 11 Recv: LPR_N
[16:15:53] LPR 12 Recv: LPR_N
[16:15:57] LPR 11 Recv: LPR_N
[16:15:59] LPR 12 Recv: LPR_N
[16:16:03] LPR 11 Recv: LPR_N
[16:16:04] LPR 12 Recv: LPR_N
[16:16:08] LPR 11 Recv: LPR_N
[16:16:09] LPR 12 Recv: LPR_N
[16:16:13] LPR 11 Recv: LPR_N
[16:16:14] LPR 12 Recv: LPR_N
[16:16:18] LPR 11 Recv: LPR_N
[16:16:20] LPR 12 Recv: LPR_N
[16:16:24] LPR 11 Recv: LPR_N
[16:16:25] LPR 12 Recv: LPR_N
[16:16:29] LPR 11 Recv: LPR_N
[16:16:30] LPR 12 Recv: LPR_N
[16:16:34] LPR 11 Recv: LPR_N
[16:16:35] LPR 12 Recv: LPR_N
[16:16:39] LPR 11 Recv: LPR_N
[16:16:40] LPR 12 Recv: LPR_N
[16:16:44] LPR 11 Recv: LPR_N
[16:16:46] LPR 12 Recv: LPR_N
[16:16:50] LPR 11 Recv: LPR_N
[16:16:51] LPR 12 Recv: LPR_N
[16:16:55] LPR 11 Recv: LPR_N
[16:16:56] LPR 12 Recv: LPR_N
[16:17:00] LPR 11 Recv: LPR_N
[16:17:01] LPR 12 Recv: LPR_N
[16:17:05] LPR 11 Recv: LPR_N
[16:17:07] LPR 12 Recv: LPR_N
[16:17:11] LPR 11 Recv: LPR_N
[16:17:12] LPR 12 Recv: LPR_N
[16:17:16] LPR 11 Recv: LPR_N
[16:17:17] LPR 12 Recv: LPR_N
[16:17:21] LPR 11 Recv: LPR_N
[16:17:22] LPR 12 Recv: LPR_N
[16:17:26] LPR 11 Recv: LPR_N
[16:17:28] LPR 12 Recv: LPR_N
[16:17:31] LPR 11 Recv: LPR_N
[16:17:33] LPR 12 Recv: LPR_N
[16:17:37] LPR 11 Recv: LPR_N
[16:17:38] LPR 12 Recv: LPR_N
[16:17:42] LPR 11 Recv: LPR_N
[16:17:43] LPR 12 Recv: LPR_N
[16:17:47] LPR 11 Recv: LPR_N
[16:17:48] LPR 12 Recv: LPR_N
[16:17:52] LPR 11 Recv: LPR_N
[16:17:54] LPR 12 Recv: LPR_N
[16:17:58] LPR 11 Recv: LPR_N
[16:17:59] LPR 12 Recv: LPR_N
[16:18:03] LPR 11 Recv: LPR_N
[16:18:04] LPR 12 Recv: LPR_N
[16:18:08] LPR 11 Recv: LPR_N
[16:18:09] LPR 12 Recv: LPR_N
[16:18:13] LPR 11 Recv: LPR_N
[16:18:15] LPR 12 Recv: LPR_N
[16:18:19] LPR 11 Recv: LPR_N
[16:18:20] LPR 12 Recv: LPR_N
[16:18:24] LPR 11 Recv: LPR_N
[16:18:25] LPR 12 Recv: LPR_N
[16:18:29] LPR 11 Recv: LPR_N
[16:18:30] LPR 12 Recv: LPR_N
[16:18:34] LPR 11 Recv: LPR_N
[16:18:35] LPR 12 Recv: LPR_N
[16:18:39] LPR 11 Recv: LPR_N
[16:18:41] LPR 12 Recv: LPR_N
[16:18:45] LPR 11 Recv: LPR_N
[16:18:46] LPR 12 Recv: LPR_N
[16:18:50] LPR 11 Recv: LPR_N
[16:18:51] LPR 12 Recv: LPR_N
[16:18:55] LPR 11 Recv: LPR_N
[16:18:56] LPR 12 Recv: LPR_N
[16:19:00] LPR 11 Recv: LPR_N
[16:19:02] LPR 12 Recv: LPR_N
[16:19:06] LPR 11 Recv: LPR_N
[16:19:07] LPR 12 Recv: LPR_N
[16:19:11] LPR 11 Recv: LPR_N
[16:19:12] LPR 12 Recv: LPR_N
[16:19:16] LPR 11 Recv: LPR_N
[16:19:17] LPR 12 Recv: LPR_N
[16:19:21] LPR 11 Recv: LPR_N
[16:19:23] LPR 12 Recv: LPR_N
[16:19:26] LPR 11 Recv: LPR_N
[16:19:28] LPR 12 Recv: LPR_N
[16:19:32] LPR 11 Recv: LPR_N
[16:19:33] LPR 12 Recv: LPR_N
[16:19:37] LPR 11 Recv: LPR_N
[16:19:38] LPR 12 Recv: LPR_N
[16:19:42] LPR 11 Recv: LPR_N
[16:19:43] LPR 12 Recv: LPR_N
[16:19:47] LPR 11 Recv: LPR_N
[16:19:49] LPR 12 Recv: LPR_N
[16:19:53] LPR 11 Recv: LPR_N
[16:19:54] LPR 12 Recv: LPR_N
[16:19:58] LPR 11 Recv: LPR_N
[16:19:59] LPR 12 Recv: LPR_N
[16:20:03] LPR 11 Recv: LPR_N
[16:20:04] LPR 12 Recv: LPR_N
[16:20:08] LPR 11 Recv: LPR_N
[16:20:10] LPR 12 Recv: LPR_N
[16:20:14] LPR 11 Recv: LPR_N
[16:20:15] LPR 12 Recv: LPR_N
[16:20:19] LPR 11 Recv: LPR_N
[16:20:20] LPR 12 Recv: LPR_N
[16:20:24] LPR 11 Recv: LPR_N
[16:20:25] LPR 12 Recv: LPR_N
[16:20:29] LPR 11 Recv: LPR_N
[16:20:30] LPR 12 Recv: LPR_N
[16:20:34] LPR 11 Recv: LPR_N
[16:20:36] LPR 12 Recv: LPR_N
[16:20:40] LPR 11 Recv: LPR_N
[16:20:41] LPR 12 Recv: LPR_N
[16:20:45] LPR 11 Recv: LPR_N
[16:20:46] LPR 12 Recv: LPR_N
[16:20:50] LPR 11 Recv: LPR_N
[16:20:51] LPR 12 Recv: LPR_N
[16:20:55] LPR 11 Recv: LPR_N
[16:20:57] LPR 12 Recv: LPR_N
[16:21:01] LPR 11 Recv: LPR_N
[16:21:02] LPR 12 Recv: LPR_N
[16:21:06] LPR 11 Recv: LPR_N
[16:21:07] LPR 12 Recv: LPR_N
[16:21:11] LPR 11 Recv: LPR_N
[16:21:12] LPR 12 Recv: LPR_N
[16:21:16] LPR 11 Recv: LPR_N
[16:21:18] LPR 12 Recv: LPR_N
[16:21:21] LPR 11 Recv: LPR_N
[16:21:23] LPR 12 Recv: LPR_N
[16:21:27] LPR 11 Recv: LPR_N
[16:21:28] LPR 12 Recv: LPR_N
[16:21:32] LPR 11 Recv: LPR_N
[16:21:33] LPR 12 Recv: LPR_N
[16:21:37] LPR 11 Recv: LPR_N
[16:21:38] LPR 12 Recv: LPR_N
[16:21:42] LPR 11 Recv: LPR_N
[16:21:44] LPR 12 Recv: LPR_N
[16:21:48] LPR 11 Recv: LPR_N
[16:21:49] LPR 12 Recv: LPR_N
[16:21:53] LPR 11 Recv: LPR_N
[16:21:54] LPR 12 Recv: LPR_N
[16:21:58] LPR 11 Recv: LPR_N
[16:21:59] LPR 12 Recv: LPR_N
[16:22:03] LPR 11 Recv: LPR_N
[16:22:05] LPR 12 Recv: LPR_N
[16:22:09] LPR 11 Recv: LPR_N
[16:22:10] LPR 12 Recv: LPR_N
[16:22:14] LPR 11 Recv: LPR_N
[16:22:15] LPR 12 Recv: LPR_N
[16:22:19] LPR 11 Recv: LPR_N
[16:22:20] LPR 12 Recv: LPR_N
[16:22:24] LPR 11 Recv: LPR_N
[16:22:25] LPR 12 Recv: LPR_N
[16:22:29] LPR 11 Recv: LPR_N
[16:22:31] LPR 12 Recv: LPR_N
[16:22:35] LPR 11 Recv: LPR_N
[16:22:36] LPR 12 Recv: LPR_N
[16:22:40] LPR 11 Recv: LPR_N
[16:22:41] LPR 12 Recv: LPR_N
[16:22:45] LPR 11 Recv: LPR_N
[16:22:46] LPR 12 Recv: LPR_N
[16:22:50] LPR 11 Recv: LPR_N
[16:22:52] LPR 12 Recv: LPR_N
[16:22:56] LPR 11 Recv: LPR_N
[16:22:57] LPR 12 Recv: LPR_N
[16:23:01] LPR 11 Recv: LPR_N
[16:23:02] LPR 12 Recv: LPR_N
[16:23:06] LPR 11 Recv: LPR_N
[16:23:07] LPR 12 Recv: LPR_N
[16:23:11] LPR 11 Recv: LPR_N
[16:23:13] LPR 12 Recv: LPR_N
[16:23:17] LPR 11 Recv: LPR_N
[16:23:18] LPR 12 Recv: LPR_N
[16:23:22] LPR 11 Recv: LPR_N
[16:23:23] LPR 12 Recv: LPR_N
[16:23:27] LPR 11 Recv: LPR_N
[16:23:28] LPR 12 Recv: LPR_N
[16:23:33] LPR 11 Recv: LPR_N
[16:23:33] LPR 12 Recv: LPR_N
[16:23:38] LPR 11 Recv: LPR_N
[16:23:39] LPR 12 Recv: LPR_N
[16:23:44] LPR 12 Recv: LPR_N
[16:23:44] LPR 11 Recv: LPR_N
[16:23:49] LPR 11 Recv: LPR_N
[16:23:49] LPR 12 Recv: LPR_N
[16:23:54] LPR 12 Recv: LPR_N
[16:23:55] LPR 11 Recv: LPR_N
[16:24:00] LPR 11 Recv: LPR_N
[16:24:00] LPR 12 Recv: LPR_N
[16:24:05] LPR 12 Recv: LPR_N
[16:24:05] LPR 11 Recv: LPR_N
[16:24:10] LPR 11 Recv: LPR_N
[16:24:10] LPR 12 Recv: LPR_N
[16:24:15] LPR 11 Recv: LPR_N
[16:24:15] LPR 12 Recv: LPR_N
[16:24:20] LPR 12 Recv: LPR_N
[16:24:21] LPR 11 Recv: LPR_N
[16:24:26] LPR 11 Recv: LPR_N
[16:24:26] LPR 12 Recv: LPR_N
[16:24:31] LPR 12 Recv: LPR_N
[16:24:31] LPR 11 Recv: LPR_N
[16:24:36] LPR 11 Recv: LPR_N
[16:24:36] LPR 12 Recv: LPR_N
[16:24:41] LPR 12 Recv: LPR_N
[16:24:42] LPR 11 Recv: LPR_N
[16:24:47] LPR 11 Recv: LPR_N
[16:24:47] LPR 12 Recv: LPR_N
[16:24:52] LPR 12 Recv: LPR_N
[16:24:52] LPR 11 Recv: LPR_N
[16:24:57] LPR 11 Recv: LPR_N
[16:24:57] LPR 12 Recv: LPR_N
[16:25:02] LPR 12 Recv: LPR_N
[16:25:03] LPR 11 Recv: LPR_N
[16:25:08] LPR 11 Recv: LPR_N
[16:25:08] LPR 12 Recv: LPR_N
[16:25:13] LPR 11 Recv: LPR_N
[16:25:13] LPR 12 Recv: LPR_N
[16:25:18] LPR 12 Recv: LPR_N
[16:25:18] LPR 11 Recv: LPR_N
[16:25:23] LPR 11 Recv: LPR_N
[16:25:23] LPR 12 Recv: LPR_N
[16:25:28] LPR 12 Recv: LPR_N
[16:25:29] LPR 11 Recv: LPR_N
[16:25:34] LPR 11 Recv: LPR_N
[16:25:34] LPR 12 Recv: LPR_N
[16:25:39] LPR 12 Recv: LPR_N
[16:25:39] LPR 11 Recv: LPR_N
[16:25:44] LPR 11 Recv: LPR_N
[16:25:44] LPR 12 Recv: LPR_N
[16:25:49] LPR 12 Recv: LPR_N
[16:25:50] LPR 11 Recv: LPR_N
[16:25:55] LPR 11 Recv: LPR_N
[16:25:55] LPR 12 Recv: LPR_N
[16:26:00] LPR 12 Recv: LPR_N
[16:26:00] LPR 11 Recv: LPR_N
[16:26:05] LPR 11 Recv: LPR_N
[16:26:05] LPR 12 Recv: LPR_N
[16:26:10] LPR 11 Recv: LPR_N
[16:26:10] LPR 12 Recv: LPR_N
[16:26:15] LPR 12 Recv: LPR_N
[16:26:16] LPR 11 Recv: LPR_N
[16:26:21] LPR 11 Recv: LPR_N
[16:26:21] LPR 12 Recv: LPR_N
[16:26:26] LPR 12 Recv: LPR_N
[16:26:26] LPR 11 Recv: LPR_N
[16:26:31] LPR 11 Recv: LPR_N
[16:26:31] LPR 12 Recv: LPR_N
[16:26:36] LPR 12 Recv: LPR_N
[16:26:37] LPR 11 Recv: LPR_N
[16:26:42] LPR 11 Recv: LPR_N
[16:26:42] LPR 12 Recv: LPR_N
[16:26:47] LPR 12 Recv: LPR_N
[16:26:47] LPR 11 Recv: LPR_N
[16:26:52] LPR 11 Recv: LPR_N
[16:26:52] LPR 12 Recv: LPR_N
[16:26:57] LPR 12 Recv: LPR_N
[16:26:58] LPR 11 Recv: LPR_N
[16:27:03] LPR 11 Recv: LPR_N
[16:27:03] LPR 12 Recv: LPR_N
[16:27:08] LPR 11 Recv: LPR_N
[16:27:08] LPR 12 Recv: LPR_N
[16:27:13] LPR 12 Recv: LPR_N
[16:27:13] LPR 11 Recv: LPR_N
[16:27:18] LPR 11 Recv: LPR_N
[16:27:18] LPR 12 Recv: LPR_N
[16:27:23] LPR 12 Recv: LPR_N
[16:27:24] LPR 11 Recv: LPR_N
[16:27:29] LPR 12 Recv: LPR_N
[16:27:29] LPR 11 Recv: LPR_N
[16:27:34] LPR 12 Recv: LPR_N
[16:27:34] LPR 11 Recv: LPR_N
[16:27:39] LPR 12 Recv: LPR_N
[16:27:39] LPR 11 Recv: LPR_N
[16:27:44] LPR 12 Recv: LPR_N
[16:27:45] LPR 11 Recv: LPR_N
[16:27:50] LPR 12 Recv: LPR_N
[16:27:50] LPR 11 Recv: LPR_N
[16:27:55] LPR 12 Recv: LPR_N
[16:27:55] LPR 11 Recv: LPR_N
[16:28:00] LPR 12 Recv: LPR_N
[16:28:00] LPR 11 Recv: LPR_N
[16:28:05] LPR 12 Recv: LPR_N
[16:28:05] LPR 11 Recv: LPR_N
[16:28:10] LPR 12 Recv: LPR_N
[16:28:11] LPR 11 Recv: LPR_N
[16:28:16] LPR 12 Recv: LPR_N
[16:28:16] LPR 11 Recv: LPR_N
[16:28:21] LPR 12 Recv: LPR_N
[16:28:22] LPR 11 Recv: LPR_N
[16:28:26] LPR 12 Recv: LPR_N
[16:28:27] LPR 11 Recv: LPR_N
[16:28:31] LPR 12 Recv: LPR_N
[16:28:32] LPR 11 Recv: LPR_N
[16:28:37] LPR 12 Recv: LPR_N
[16:28:37] LPR 11 Recv: LPR_N
[16:28:42] LPR 12 Recv: LPR_N
[16:28:43] LPR 11 Recv: LPR_N
[16:28:47] LPR 12 Recv: LPR_N
[16:28:48] LPR 11 Recv: LPR_N
[16:28:52] LPR 12 Recv: LPR_N
[16:28:53] LPR 11 Recv: LPR_N
[16:28:58] LPR 12 Recv: LPR_N
[16:28:58] LPR 11 Recv: LPR_N
[16:29:03] LPR 12 Recv: LPR_N
[16:29:03] LPR 11 Recv: LPR_N
[16:29:08] LPR 12 Recv: LPR_N
[16:29:09] LPR 11 Recv: LPR_N
[16:29:13] LPR 12 Recv: LPR_N
[16:29:14] LPR 11 Recv: LPR_N
[16:29:18] LPR 12 Recv: LPR_N
[16:29:19] LPR 11 Recv: LPR_N
[16:29:24] LPR 12 Recv: LPR_N
[16:29:24] LPR 11 Recv: LPR_N
[16:29:29] LPR 12 Recv: LPR_N
[16:29:30] LPR 11 Recv: LPR_N
[16:29:34] LPR 12 Recv: LPR_N
[16:29:35] LPR 11 Recv: LPR_N
[16:29:39] LPR 12 Recv: LPR_N
[16:29:40] LPR 11 Recv: LPR_N
[16:29:45] LPR 12 Recv: LPR_N
[16:29:45] LPR 11 Recv: LPR_N
[16:29:50] LPR 12 Recv: LPR_N
[16:29:51] LPR 11 Recv: LPR_N
[16:29:55] LPR 12 Recv: LPR_N
[16:29:56] LPR 11 Recv: LPR_N
[16:30:00] LPR 12 Recv: LPR_N
[16:30:01] LPR 11 Recv: LPR_N
[16:30:05] LPR 12 Recv: LPR_N
[16:30:07] LPR 11 Recv: LPR_N
[16:30:11] LPR 12 Recv: LPR_N
[16:30:12] LPR 11 Recv: LPR_N
[16:30:16] LPR 12 Recv: LPR_N
[16:30:17] LPR 11 Recv: LPR_N
[16:30:21] LPR 12 Recv: LPR_N
[16:30:22] LPR 11 Recv: LPR_N
[16:30:26] LPR 12 Recv: LPR_N
[16:30:28] LPR 11 Recv: LPR_N
[16:30:32] LPR 12 Recv: LPR_N
[16:30:33] LPR 11 Recv: LPR_N
[16:30:37] LPR 12 Recv: LPR_N
[16:30:38] LPR 11 Recv: LPR_N
[16:30:42] LPR 12 Recv: LPR_N
[16:30:43] LPR 11 Recv: LPR_N
[16:30:47] LPR 12 Recv: LPR_N
[16:30:49] LPR 11 Recv: LPR_N
[16:30:53] LPR 12 Recv: LPR_N
[16:30:54] LPR 11 Recv: LPR_N
[16:30:58] LPR 12 Recv: LPR_N
[16:30:59] LPR 11 Recv: LPR_N
[16:31:03] LPR 12 Recv: LPR_N
[16:31:04] LPR 11 Recv: LPR_N
[16:31:08] LPR 12 Recv: LPR_N
[16:31:09] LPR 11 Recv: LPR_N
[16:31:13] LPR 12 Recv: LPR_N
[16:31:15] LPR 11 Recv: LPR_N
[16:31:19] LPR 12 Recv: LPR_N
[16:31:20] LPR 11 Recv: LPR_N
[16:31:24] LPR 12 Recv: LPR_N
[16:31:26] LPR 11 Recv: LPR_N
[16:31:29] LPR 12 Recv: LPR_N
[16:31:31] LPR 11 Recv: LPR_N
[16:31:34] LPR 12 Recv: LPR_N
[16:31:36] LPR 11 Recv: LPR_N
[16:31:40] LPR 12 Recv: LPR_N
[16:31:41] LPR 11 Recv: LPR_N
[16:31:45] LPR 12 Recv: LPR_N
[16:31:47] LPR 11 Recv: LPR_N
[16:31:50] LPR 12 Recv: LPR_N
[16:31:52] LPR 11 Recv: LPR_N
[16:31:55] LPR 12 Recv: LPR_N
[16:31:57] LPR 11 Recv: LPR_N
[16:32:00] LPR 12 Recv: LPR_N
[16:32:02] LPR 11 Recv: LPR_N
[16:32:06] LPR 12 Recv: LPR_N
[16:32:07] LPR 11 Recv: LPR_N
[16:32:11] LPR 12 Recv: LPR_N
[16:32:13] LPR 11 Recv: LPR_N
[16:32:16] LPR 12 Recv: LPR_N
[16:32:18] LPR 11 Recv: LPR_N
[16:32:21] LPR 12 Recv: LPR_N
[16:32:23] LPR 11 Recv: LPR_N
[16:32:27] LPR 12 Recv: LPR_N
[16:32:28] LPR 11 Recv: LPR_N
[16:32:32] LPR 12 Recv: LPR_N
[16:32:34] LPR 11 Recv: LPR_N
[16:32:37] LPR 12 Recv: LPR_N
[16:32:39] LPR 11 Recv: LPR_N
[16:32:42] LPR 12 Recv: LPR_N
[16:32:44] LPR 11 Recv: LPR_N
[16:32:48] LPR 12 Recv: LPR_N
[16:32:49] LPR 11 Recv: LPR_N
[16:32:53] LPR 12 Recv: LPR_N
[16:32:54] LPR 11 Recv: LPR_N
[16:32:58] LPR 12 Recv: LPR_N
[16:33:00] LPR 11 Recv: LPR_N
[16:33:03] LPR 12 Recv: LPR_N
[16:33:05] LPR 11 Recv: LPR_N
[16:33:08] LPR 12 Recv: LPR_N
[16:33:10] LPR 11 Recv: LPR_N
[16:33:14] LPR 12 Recv: LPR_N
[16:33:16] LPR 11 Recv: LPR_N
[16:33:19] LPR 12 Recv: LPR_N
[16:33:21] LPR 11 Recv: LPR_N
[16:33:24] LPR 12 Recv: LPR_N
[16:33:26] LPR 11 Recv: LPR_N
[16:33:29] LPR 12 Recv: LPR_N
[16:33:32] LPR 11 Recv: LPR_N
[16:33:35] LPR 12 Recv: LPR_N
[16:33:37] LPR 11 Recv: LPR_N
[16:33:40] LPR 12 Recv: LPR_N
[16:33:42] LPR 11 Recv: LPR_N
[16:33:45] LPR 12 Recv: LPR_N
[16:33:47] LPR 11 Recv: LPR_N
[16:33:50] LPR 12 Recv: LPR_N
[16:33:52] LPR 11 Recv: LPR_N
[16:33:55] LPR 12 Recv: LPR_N
[16:33:58] LPR 11 Recv: LPR_N
[16:34:01] LPR 12 Recv: LPR_N
[16:34:03] LPR 11 Recv: LPR_N
[16:34:06] LPR 12 Recv: LPR_N
[16:34:08] LPR 11 Recv: LPR_N
[16:34:11] LPR 12 Recv: LPR_N
[16:34:13] LPR 11 Recv: LPR_N
[16:34:16] LPR 12 Recv: LPR_N
[16:34:19] LPR 11 Recv: LPR_N
[16:34:22] LPR 12 Recv: LPR_N
[16:34:24] LPR 11 Recv: LPR_N
[16:34:27] LPR 12 Recv: LPR_N
[16:34:29] LPR 11 Recv: LPR_N
[16:34:32] LPR 12 Recv: LPR_N
[16:34:34] LPR 11 Recv: LPR_N
[16:34:37] LPR 12 Recv: LPR_N
[16:34:40] LPR 11 Recv: LPR_N
[16:34:43] LPR 12 Recv: LPR_N
[16:34:45] LPR 11 Recv: LPR_N
[16:34:48] LPR 12 Recv: LPR_N
[16:34:50] LPR 11 Recv: LPR_N
[16:34:53] LPR 12 Recv: LPR_N
[16:34:55] LPR 11 Recv: LPR_N
[16:34:58] LPR 12 Recv: LPR_N
[16:35:00] LPR 11 Recv: LPR_N
[16:35:03] LPR 12 Recv: LPR_N
[16:35:06] LPR 11 Recv: LPR_N
[16:35:09] LPR 12 Recv: LPR_N
[16:35:11] LPR 11 Recv: LPR_N
[16:35:14] LPR 12 Recv: LPR_N
[16:35:17] LPR 11 Recv: LPR_N
[16:35:19] LPR 12 Recv: LPR_N
[16:35:22] LPR 11 Recv: LPR_N
[16:35:24] LPR 12 Recv: LPR_N
[16:35:27] LPR 11 Recv: LPR_N
[16:35:30] LPR 12 Recv: LPR_N
[16:35:32] LPR 11 Recv: LPR_N
[16:35:35] LPR 12 Recv: LPR_N
[16:35:38] LPR 11 Recv: LPR_N
[16:35:40] LPR 12 Recv: LPR_N
[16:35:43] LPR 11 Recv: LPR_N
[16:35:45] LPR 12 Recv: LPR_N
[16:35:48] LPR 11 Recv: LPR_N
[16:35:50] LPR 12 Recv: LPR_N
[16:35:53] LPR 11 Recv: LPR_N
[16:35:56] LPR 12 Recv: LPR_N
[16:35:58] LPR 11 Recv: LPR_N
[16:36:01] LPR 12 Recv: LPR_N
[16:36:04] LPR 11 Recv: LPR_N
[16:36:06] LPR 12 Recv: LPR_N
[16:36:09] LPR 11 Recv: LPR_N
[16:36:11] LPR 12 Recv: LPR_N
[16:36:14] LPR 11 Recv: LPR_N
[16:36:17] LPR 12 Recv: LPR_N
[16:36:19] LPR 11 Recv: LPR_N
[16:36:22] LPR 12 Recv: LPR_N
[16:36:25] LPR 11 Recv: LPR_N
[16:36:27] LPR 12 Recv: LPR_N
[16:36:30] LPR 11 Recv: LPR_N
[16:36:32] LPR 12 Recv: LPR_N
[16:36:35] LPR 11 Recv: LPR_N
[16:36:38] LPR 12 Recv: LPR_N
[16:36:40] LPR 11 Recv: LPR_N
[16:36:43] LPR 12 Recv: LPR_N
[16:36:45] LPR 11 Recv: LPR_N
[16:36:48] LPR 12 Recv: LPR_N
[16:36:51] LPR 11 Recv: LPR_N
[16:36:53] LPR 12 Recv: LPR_N
[16:36:56] LPR 11 Recv: LPR_N
[16:36:58] LPR 12 Recv: LPR_N
[16:37:02] LPR 11 Recv: LPR_N
[16:37:04] LPR 12 Recv: LPR_N
[16:37:07] LPR 11 Recv: LPR_N
[16:37:09] LPR 12 Recv: LPR_N
[16:37:12] LPR 11 Recv: LPR_N
[16:37:14] LPR 12 Recv: LPR_N
[16:37:17] LPR 11 Recv: LPR_N
[16:37:19] LPR 12 Recv: LPR_N
[16:37:23] LPR 11 Recv: LPR_N
[16:37:25] LPR 12 Recv: LPR_N
[16:37:28] LPR 11 Recv: LPR_N
[16:37:30] LPR 12 Recv: LPR_N
[16:37:33] LPR 11 Recv: LPR_N
[16:37:35] LPR 12 Recv: LPR_N
[16:37:38] LPR 11 Recv: LPR_N
[16:37:40] LPR 12 Recv: LPR_N
[16:37:43] LPR 11 Recv: LPR_N
[16:37:45] LPR 12 Recv: LPR_N
[16:37:49] LPR 11 Recv: LPR_N
[16:37:51] LPR 12 Recv: LPR_N
[16:37:54] LPR 11 Recv: LPR_N
[16:37:56] LPR 12 Recv: LPR_N
[16:37:59] LPR 11 Recv: LPR_N
[16:38:01] LPR 12 Recv: LPR_N
[16:38:04] LPR 11 Recv: LPR_N
[16:38:06] LPR 12 Recv: LPR_N
[16:38:10] LPR 11 Recv: LPR_N
[16:38:12] LPR 12 Recv: LPR_N
[16:38:15] LPR 11 Recv: LPR_N
[16:38:17] LPR 12 Recv: LPR_N
[16:38:21] LPR 11 Recv: LPR_N
[16:38:22] LPR 12 Recv: LPR_N
[16:38:26] LPR 11 Recv: LPR_N
[16:38:27] LPR 12 Recv: LPR_N
[16:38:32] LPR 11 Recv: LPR_N
[16:38:33] LPR 12 Recv: LPR_N
[16:38:37] LPR 11 Recv: LPR_N
[16:38:38] LPR 12 Recv: LPR_N
[16:38:42] LPR 11 Recv: LPR_N
[16:38:43] LPR 12 Recv: LPR_N
[16:38:47] LPR 11 Recv: LPR_N
[16:38:48] LPR 12 Recv: LPR_N
[16:38:52] LPR 11 Recv: LPR_N
[16:38:53] LPR 12 Recv: LPR_N
[16:38:58] LPR 11 Recv: LPR_N
[16:38:59] LPR 12 Recv: LPR_N
[16:39:03] LPR 11 Recv: LPR_N
[16:39:04] LPR 12 Recv: LPR_N
[16:39:08] LPR 11 Recv: LPR_N
[16:39:09] LPR 12 Recv: LPR_N
[16:39:13] LPR 11 Recv: LPR_N
[16:39:14] LPR 12 Recv: LPR_N
[16:39:19] LPR 11 Recv: LPR_N
[16:39:20] LPR 12 Recv: LPR_N
[16:39:24] LPR 11 Recv: LPR_N
[16:39:25] LPR 12 Recv: LPR_N
[16:39:29] LPR 11 Recv: LPR_N
[16:39:30] LPR 12 Recv: LPR_N
[16:39:34] LPR 11 Recv: LPR_N
[16:39:35] LPR 12 Recv: LPR_N
[16:39:39] LPR 11 Recv: LPR_N
[16:39:40] LPR 12 Recv: LPR_N
[16:39:45] LPR 11 Recv: LPR_N
[16:39:46] LPR 12 Recv: LPR_N
[16:39:50] LPR 11 Recv: LPR_N
[16:39:51] LPR 12 Recv: LPR_N
[16:39:55] LPR 11 Recv: LPR_N
[16:39:56] LPR 12 Recv: LPR_N
[16:40:01] LPR 11 Recv: LPR_N
[16:40:01] LPR 12 Recv: LPR_N
[16:40:06] LPR 11 Recv: LPR_N
[16:40:07] LPR 12 Recv: LPR_N
[16:40:11] LPR 11 Recv: LPR_N
[16:40:12] LPR 12 Recv: LPR_N
[16:40:17] LPR 11 Recv: LPR_N
[16:40:17] LPR 12 Recv: LPR_N
[16:40:22] LPR 11 Recv: LPR_N
[16:40:22] LPR 12 Recv: LPR_N
[16:40:27] LPR 11 Recv: LPR_N
[16:40:28] LPR 12 Recv: LPR_N
[16:40:32] LPR 11 Recv: LPR_N
[16:40:33] LPR 12 Recv: LPR_N
[16:40:37] LPR 11 Recv: LPR_N
[16:40:38] LPR 12 Recv: LPR_N
[16:40:43] LPR 11 Recv: LPR_N
[16:40:43] LPR 12 Recv: LPR_N
[16:40:48] LPR 11 Recv: LPR_N
[16:40:48] LPR 12 Recv: LPR_N
[16:40:53] LPR 11 Recv: LPR_N
[16:40:54] LPR 12 Recv: LPR_N
[16:40:58] LPR 11 Recv: LPR_N
[16:40:59] LPR 12 Recv: LPR_N
[16:41:04] LPR 11 Recv: LPR_N
[16:41:04] LPR 12 Recv: LPR_N
[16:41:09] LPR 11 Recv: LPR_N
[16:41:09] LPR 12 Recv: LPR_N
[16:41:14] LPR 11 Recv: LPR_N
[16:41:15] LPR 12 Recv: LPR_N
[16:41:19] LPR 11 Recv: LPR_N
[16:41:20] LPR 12 Recv: LPR_N
[16:41:25] LPR 11 Recv: LPR_N
[16:41:25] LPR 12 Recv: LPR_N
[16:41:30] LPR 11 Recv: LPR_N
[16:41:30] LPR 12 Recv: LPR_N
[16:41:35] LPR 11 Recv: LPR_N
[16:41:35] LPR 12 Recv: LPR_N
[16:41:40] LPR 11 Recv: LPR_N
[16:41:41] LPR 12 Recv: LPR_N
[16:41:45] LPR 11 Recv: LPR_N
[16:41:46] LPR 12 Recv: LPR_N
[16:41:51] LPR 11 Recv: LPR_N
[16:41:51] LPR 12 Recv: LPR_N
[16:41:56] LPR 11 Recv: LPR_N
[16:41:56] LPR 12 Recv: LPR_N
[16:42:02] LPR 11 Recv: LPR_N
[16:42:02] LPR 12 Recv: LPR_N
[16:42:07] LPR 11 Recv: LPR_N
[16:42:07] LPR 12 Recv: LPR_N
[16:42:12] LPR 11 Recv: LPR_N
[16:42:12] LPR 12 Recv: LPR_N
[16:42:17] LPR 11 Recv: LPR_N
[16:42:17] LPR 12 Recv: LPR_N
[16:42:23] LPR 11 Recv: LPR_N
[16:42:23] LPR 12 Recv: LPR_N
[16:42:28] LPR 11 Recv: LPR_N
[16:42:28] LPR 12 Recv: LPR_N
[16:42:33] LPR 11 Recv: LPR_N
[16:42:33] LPR 12 Recv: LPR_N
[16:42:38] LPR 11 Recv: LPR_N
[16:42:38] LPR 12 Recv: LPR_N
[16:42:43] LPR 11 Recv: LPR_N
[16:42:43] LPR 12 Recv: LPR_N
[16:42:49] LPR 11 Recv: LPR_N
[16:42:49] LPR 12 Recv: LPR_N
[16:42:54] LPR 11 Recv: LPR_N
[16:42:54] LPR 12 Recv: LPR_N
[16:42:59] LPR 11 Recv: LPR_N
[16:42:59] LPR 12 Recv: LPR_N
[16:43:04] LPR 11 Recv: LPR_N
[16:43:04] LPR 12 Recv: LPR_N
[16:43:10] LPR 12 Recv: LPR_N
[16:43:10] LPR 11 Recv: LPR_N
[16:43:15] LPR 12 Recv: LPR_N
[16:43:15] LPR 11 Recv: LPR_N
[16:43:20] LPR 12 Recv: LPR_N
[16:43:20] LPR 11 Recv: LPR_N
[16:43:25] LPR 12 Recv: LPR_N
[16:43:25] LPR 11 Recv: LPR_N
[16:43:30] LPR 12 Recv: LPR_N
[16:43:30] LPR 11 Recv: LPR_N
[16:43:36] LPR 12 Recv: LPR_N
[16:43:36] LPR 11 Recv: LPR_N
[16:43:41] LPR 12 Recv: LPR_N
[16:43:41] LPR 11 Recv: LPR_N
[16:43:46] LPR 12 Recv: LPR_N
[16:43:47] LPR 11 Recv: LPR_N
[16:43:51] LPR 12 Recv: LPR_N
[16:43:52] LPR 11 Recv: LPR_N
[16:43:57] LPR 12 Recv: LPR_N
[16:43:57] LPR 11 Recv: LPR_N
[16:44:02] LPR 12 Recv: LPR_N
[16:44:02] LPR 11 Recv: LPR_N
[16:44:07] LPR 12 Recv: LPR_N
[16:44:08] LPR 11 Recv: LPR_N
[16:44:12] LPR 12 Recv: LPR_N
[16:44:13] LPR 11 Recv: LPR_N
[16:44:18] LPR 12 Recv: LPR_N
[16:44:18] LPR 11 Recv: LPR_N
[16:44:23] LPR 12 Recv: LPR_N
[16:44:23] LPR 11 Recv: LPR_N
[16:44:28] LPR 12 Recv: LPR_N
[16:44:28] LPR 11 Recv: LPR_N
[16:44:33] LPR 12 Recv: LPR_N
[16:44:34] LPR 11 Recv: LPR_N
[16:44:38] LPR 12 Recv: LPR_N
[16:44:39] LPR 11 Recv: LPR_N
[16:44:44] LPR 12 Recv: LPR_N
[16:44:44] LPR 11 Recv: LPR_N
[16:44:49] LPR 12 Recv: LPR_N
[16:44:49] LPR 11 Recv: LPR_N
[16:44:54] LPR 12 Recv: LPR_N
[16:44:55] LPR 11 Recv: LPR_N
[16:44:59] LPR 12 Recv: LPR_N
[16:45:00] LPR 11 Recv: LPR_N
[16:45:05] LPR 12 Recv: LPR_N
[16:45:05] LPR 11 Recv: LPR_N
[16:45:10] LPR 12 Recv: LPR_N
[16:45:10] LPR 11 Recv: LPR_N
[16:45:15] LPR 12 Recv: LPR_N
[16:45:16] LPR 11 Recv: LPR_N
[16:45:20] LPR 12 Recv: LPR_N
[16:45:21] LPR 11 Recv: LPR_N
[16:45:25] LPR 12 Recv: LPR_N
[16:45:26] LPR 11 Recv: LPR_N
[16:45:31] LPR 12 Recv: LPR_N
[16:45:31] LPR 11 Recv: LPR_N
[16:45:36] LPR 12 Recv: LPR_N
[16:45:37] LPR 11 Recv: LPR_N
[16:45:41] LPR 12 Recv: LPR_N
[16:45:42] LPR 11 Recv: LPR_N
[16:45:46] LPR 12 Recv: LPR_N
[16:45:47] LPR 11 Recv: LPR_N
[16:45:52] LPR 12 Recv: LPR_N
[16:45:53] LPR 11 Recv: LPR_N
[16:45:57] LPR 12 Recv: LPR_N
[16:45:58] LPR 11 Recv: LPR_N
[16:46:02] LPR 12 Recv: LPR_N
[16:46:03] LPR 11 Recv: LPR_N
[16:46:07] LPR 12 Recv: LPR_N
[16:46:08] LPR 11 Recv: LPR_N
[16:46:13] LPR 12 Recv: LPR_N
[16:46:14] LPR 11 Recv: LPR_N
[16:46:18] LPR 12 Recv: LPR_N
[16:46:19] LPR 11 Recv: LPR_N
[16:46:23] LPR 12 Recv: LPR_N
[16:46:24] LPR 11 Recv: LPR_N
[16:46:28] LPR 12 Recv: LPR_N
[16:46:29] LPR 11 Recv: LPR_N
[16:46:33] LPR 12 Recv: LPR_N
[16:46:34] LPR 11 Recv: LPR_N
[16:46:39] LPR 12 Recv: LPR_N
[16:46:40] LPR 11 Recv: LPR_N
[16:46:44] LPR 12 Recv: LPR_N
[16:46:45] LPR 11 Recv: LPR_N
[16:46:49] LPR 12 Recv: LPR_N
[16:46:50] LPR 11 Recv: LPR_N
[16:46:54] LPR 12 Recv: LPR_N
[16:46:55] LPR 11 Recv: LPR_N
[16:47:00] LPR 12 Recv: LPR_N
[16:47:01] LPR 11 Recv: LPR_N
[16:47:05] LPR 12 Recv: LPR_N
[16:47:06] LPR 11 Recv: LPR_N
[16:47:10] LPR 12 Recv: LPR_N
[16:47:11] LPR 11 Recv: LPR_N
[16:47:15] LPR 12 Recv: LPR_N
[16:47:16] LPR 11 Recv: LPR_N
[16:47:20] LPR 12 Recv: LPR_N
[16:47:21] LPR 11 Recv: LPR_N
[16:47:26] LPR 12 Recv: LPR_N
[16:47:27] LPR 11 Recv: LPR_N
[16:47:31] LPR 12 Recv: LPR_N
[16:47:32] LPR 11 Recv: LPR_N
[16:47:36] LPR 12 Recv: LPR_N
[16:47:38] LPR 11 Recv: LPR_N
[16:47:41] LPR 12 Recv: LPR_N
[16:47:43] LPR 11 Recv: LPR_N
[16:47:47] LPR 12 Recv: LPR_N
[16:47:48] LPR 11 Recv: LPR_N
[16:47:52] LPR 12 Recv: LPR_N
[16:47:53] LPR 11 Recv: LPR_N
[16:47:57] LPR 12 Recv: LPR_N
[16:47:59] LPR 11 Recv: LPR_N
[16:48:02] LPR 12 Recv: LPR_N
[16:48:04] LPR 11 Recv: LPR_N
[16:48:08] LPR 12 Recv: LPR_N
[16:48:09] LPR 11 Recv: LPR_N
[16:48:13] LPR 12 Recv: LPR_N
[16:48:14] LPR 11 Recv: LPR_N
[16:48:18] LPR 12 Recv: LPR_N
[16:48:19] LPR 11 Recv: LPR_N
[16:48:23] LPR 12 Recv: LPR_N
[16:48:25] LPR 11 Recv: LPR_N
[16:48:28] LPR 12 Recv: LPR_N
[16:48:30] LPR 11 Recv: LPR_N
[16:48:34] LPR 12 Recv: LPR_N
[16:48:35] LPR 11 Recv: LPR_N
[16:48:39] LPR 12 Recv: LPR_N
[16:48:40] LPR 11 Recv: LPR_N
[16:48:44] LPR 12 Recv: LPR_N
[16:48:46] LPR 11 Recv: LPR_N
[16:48:49] LPR 12 Recv: LPR_N
[16:48:51] LPR 11 Recv: LPR_N
[16:48:55] LPR 12 Recv: LPR_N
[16:48:56] LPR 11 Recv: LPR_N
[16:49:00] LPR 12 Recv: LPR_N
[16:49:01] LPR 11 Recv: LPR_N
[16:49:05] LPR 12 Recv: LPR_N
[16:49:07] LPR 11 Recv: LPR_N
[16:49:10] LPR 12 Recv: LPR_N
[16:49:12] LPR 11 Recv: LPR_N
[16:49:15] LPR 12 Recv: LPR_N
[16:49:17] LPR 11 Recv: LPR_N
[16:49:21] LPR 12 Recv: LPR_N
[16:49:23] LPR 11 Recv: LPR_N
[16:49:26] LPR 12 Recv: LPR_N
[16:49:28] LPR 11 Recv: LPR_N
[16:49:31] LPR 12 Recv: LPR_N
[16:49:33] LPR 11 Recv: LPR_N
[16:49:36] LPR 12 Recv: LPR_N
[16:49:38] LPR 11 Recv: LPR_N
[16:49:42] LPR 12 Recv: LPR_N
[16:49:44] LPR 11 Recv: LPR_N
[16:49:47] LPR 12 Recv: LPR_N
[16:49:49] LPR 11 Recv: LPR_N
[16:49:52] LPR 12 Recv: LPR_N
[16:49:54] LPR 11 Recv: LPR_N
[16:49:57] LPR 12 Recv: LPR_N
[16:49:59] LPR 11 Recv: LPR_N
[16:50:03] LPR 12 Recv: LPR_N
[16:50:05] LPR 11 Recv: LPR_N
[16:50:08] LPR 12 Recv: LPR_N
[16:50:10] LPR 11 Recv: LPR_N
[16:50:13] LPR 12 Recv: LPR_N
[16:50:15] LPR 11 Recv: LPR_N
[16:50:18] LPR 12 Recv: LPR_N
[16:50:20] LPR 11 Recv: LPR_N
[16:50:23] LPR 12 Recv: LPR_N
[16:50:25] LPR 11 Recv: LPR_N
[16:50:29] LPR 12 Recv: LPR_N
[16:50:31] LPR 11 Recv: LPR_N
[16:50:34] LPR 12 Recv: LPR_N
[16:50:36] LPR 11 Recv: LPR_N
[16:50:39] LPR 12 Recv: LPR_N
[16:50:41] LPR 11 Recv: LPR_N
[16:50:44] LPR 12 Recv: LPR_N
[16:50:46] LPR 11 Recv: LPR_N
[16:50:50] LPR 12 Recv: LPR_N
[16:50:52] LPR 11 Recv: LPR_N
[16:50:55] LPR 12 Recv: LPR_N
[16:50:57] LPR 11 Recv: LPR_N
[16:51:00] LPR 12 Recv: LPR_N
[16:51:02] LPR 11 Recv: LPR_N
[16:51:05] LPR 12 Recv: LPR_N
[16:51:07] LPR 11 Recv: LPR_N
[16:51:10] LPR 12 Recv: LPR_N
[16:51:13] LPR 11 Recv: LPR_N
[16:51:16] LPR 12 Recv: LPR_N
[16:51:18] LPR 11 Recv: LPR_N
[16:51:21] LPR 12 Recv: LPR_N
[16:51:23] LPR 11 Recv: LPR_N
[16:51:26] LPR 12 Recv: LPR_N
[16:51:29] LPR 11 Recv: LPR_N
[16:51:31] LPR 12 Recv: LPR_N
[16:51:34] LPR 11 Recv: LPR_N
[16:51:37] LPR 12 Recv: LPR_N
[16:51:39] LPR 11 Recv: LPR_N
[16:51:42] LPR 12 Recv: LPR_N
[16:51:44] LPR 11 Recv: LPR_N
[16:51:47] LPR 12 Recv: LPR_N
[16:51:50] LPR 11 Recv: LPR_N
[16:51:52] LPR 12 Recv: LPR_N
[16:51:55] LPR 11 Recv: LPR_N
[16:51:58] LPR 12 Recv: LPR_N
[16:52:00] LPR 11 Recv: LPR_N
[16:52:03] LPR 12 Recv: LPR_N
[16:52:05] LPR 11 Recv: LPR_N
[16:52:08] LPR 12 Recv: LPR_N
[16:52:10] LPR 11 Recv: LPR_N
[16:52:13] LPR 12 Recv: LPR_N
[16:52:16] LPR 11 Recv: LPR_N
[16:52:18] LPR 12 Recv: LPR_N
[16:52:21] LPR 11 Recv: LPR_N
[16:52:24] LPR 12 Recv: LPR_N
[16:52:26] LPR 11 Recv: LPR_N
[16:52:29] LPR 12 Recv: LPR_N
[16:52:31] LPR 11 Recv: LPR_N
[16:52:34] LPR 12 Recv: LPR_N
[16:52:37] LPR 11 Recv: LPR_N
[16:52:39] LPR 12 Recv: LPR_N
[16:52:42] LPR 11 Recv: LPR_N
[16:52:45] LPR 12 Recv: LPR_N
[16:52:47] LPR 11 Recv: LPR_N
[16:52:50] LPR 12 Recv: LPR_N
[16:52:52] LPR 11 Recv: LPR_N
[16:52:55] LPR 12 Recv: LPR_N
[16:52:58] LPR 11 Recv: LPR_N
[16:53:00] LPR 12 Recv: LPR_N
[16:53:03] LPR 11 Recv: LPR_N
[16:53:05] LPR 12 Recv: LPR_N
[16:53:08] LPR 11 Recv: LPR_N
[16:53:11] LPR 12 Recv: LPR_N
[16:53:14] LPR 11 Recv: LPR_N
[16:53:16] LPR 12 Recv: LPR_N
[16:53:19] LPR 11 Recv: LPR_N
[16:53:21] LPR 12 Recv: LPR_N
[16:53:25] LPR 11 Recv: LPR_N
[16:53:26] LPR 12 Recv: LPR_N
[16:53:30] LPR 11 Recv: LPR_N
[16:53:32] LPR 12 Recv: LPR_N
[16:53:35] LPR 11 Recv: LPR_N
[16:53:37] LPR 12 Recv: LPR_N
[16:53:40] LPR 11 Recv: LPR_N
[16:53:42] LPR 12 Recv: LPR_N
[16:53:46] LPR 11 Recv: LPR_N
[16:53:47] LPR 12 Recv: LPR_N
[16:53:51] LPR 11 Recv: LPR_N
[16:53:53] LPR 12 Recv: LPR_N
[16:53:56] LPR 11 Recv: LPR_N
[16:53:58] LPR 12 Recv: LPR_N
[16:54:01] LPR 11 Recv: LPR_N
[16:54:03] LPR 12 Recv: LPR_N
[16:54:06] LPR 11 Recv: LPR_N
[16:54:08] LPR 12 Recv: LPR_N
[16:54:12] LPR 11 Recv: LPR_N
[16:54:13] LPR 12 Recv: LPR_N
[16:54:17] LPR 11 Recv: LPR_N
[16:54:19] LPR 12 Recv: LPR_N
[16:54:22] LPR 11 Recv: LPR_N
[16:54:24] LPR 12 Recv: LPR_N
[16:54:27] LPR 11 Recv: LPR_N
[16:54:29] LPR 12 Recv: LPR_N
[16:54:33] LPR 11 Recv: LPR_N
[16:54:34] LPR 12 Recv: LPR_N
[16:54:38] LPR 11 Recv: LPR_N
[16:54:40] LPR 12 Recv: LPR_N
[16:54:43] LPR 11 Recv: LPR_N
[16:54:45] LPR 12 Recv: LPR_N
[16:54:48] LPR 11 Recv: LPR_N
[16:54:50] LPR 12 Recv: LPR_N
[16:54:54] LPR 11 Recv: LPR_N
[16:54:55] LPR 12 Recv: LPR_N
[16:54:59] LPR 11 Recv: LPR_N
[16:55:00] LPR 12 Recv: LPR_N
[16:55:04] LPR 11 Recv: LPR_N
[16:55:06] LPR 12 Recv: LPR_N
[16:55:10] LPR 11 Recv: LPR_N
[16:55:11] LPR 12 Recv: LPR_N
[16:55:15] LPR 11 Recv: LPR_N
[16:55:16] LPR 12 Recv: LPR_N
[16:55:20] LPR 11 Recv: LPR_N
[16:55:21] LPR 12 Recv: LPR_N
[16:55:25] LPR 11 Recv: LPR_N
[16:55:27] LPR 12 Recv: LPR_N
[16:55:31] LPR 11 Recv: LPR_N
[16:55:32] LPR 12 Recv: LPR_N
[16:55:36] LPR 11 Recv: LPR_N
[16:55:37] LPR 12 Recv: LPR_N
[16:55:41] LPR 11 Recv: LPR_N
[16:55:42] LPR 12 Recv: LPR_N
[16:55:46] LPR 11 Recv: LPR_N
[16:55:48] LPR 12 Recv: LPR_N
[16:55:52] LPR 11 Recv: LPR_N
[16:55:53] LPR 12 Recv: LPR_N
[16:55:57] LPR 11 Recv: LPR_N
[16:55:58] LPR 12 Recv: LPR_N
[16:56:02] LPR 11 Recv: LPR_N
[16:56:03] LPR 12 Recv: LPR_N
[16:56:07] LPR 11 Recv: LPR_N
[16:56:08] LPR 12 Recv: LPR_N
[16:56:12] LPR 11 Recv: LPR_N
[16:56:14] LPR 12 Recv: LPR_N
[16:56:18] LPR 11 Recv: LPR_N
[16:56:19] LPR 12 Recv: LPR_N
[16:56:23] LPR 11 Recv: LPR_N
[16:56:24] LPR 12 Recv: LPR_N
[16:56:28] LPR 11 Recv: LPR_N
[16:56:29] LPR 12 Recv: LPR_N
[16:56:33] LPR 11 Recv: LPR_N
[16:56:35] LPR 12 Recv: LPR_N
[16:56:39] LPR 11 Recv: LPR_N
[16:56:40] LPR 12 Recv: LPR_N
[16:56:44] LPR 11 Recv: LPR_N
[16:56:45] LPR 12 Recv: LPR_N
[16:56:49] LPR 11 Recv: LPR_N
[16:56:50] LPR 12 Recv: LPR_N
[16:56:55] LPR 11 Recv: LPR_N
[16:56:55] LPR 12 Recv: LPR_N
[16:57:00] LPR 11 Recv: LPR_N
[16:57:01] LPR 12 Recv: LPR_N
[16:57:05] LPR 11 Recv: LPR_N
[16:57:06] LPR 12 Recv: LPR_N
[16:57:10] LPR 11 Recv: LPR_N
[16:57:11] LPR 12 Recv: LPR_N
[16:57:16] LPR 11 Recv: LPR_N
[16:57:16] LPR 12 Recv: LPR_N
[16:57:21] LPR 11 Recv: LPR_N
[16:57:22] LPR 12 Recv: LPR_N
[16:57:26] LPR 11 Recv: LPR_N
[16:57:27] LPR 12 Recv: LPR_N
[16:57:31] LPR 11 Recv: LPR_N
[16:57:32] LPR 12 Recv: LPR_N
[16:57:37] LPR 11 Recv: LPR_N
[16:57:37] LPR 12 Recv: LPR_N
[16:57:42] LPR 11 Recv: LPR_N
[16:57:43] LPR 12 Recv: LPR_N
[16:57:47] LPR 11 Recv: LPR_N
[16:57:48] LPR 12 Recv: LPR_N
[16:57:52] LPR 11 Recv: LPR_N
[16:57:53] LPR 12 Recv: LPR_N
[16:57:57] LPR 11 Recv: LPR_N
[16:57:58] LPR 12 Recv: LPR_N
[16:58:03] LPR 11 Recv: LPR_N
[16:58:03] LPR 12 Recv: LPR_N
[16:58:08] LPR 11 Recv: LPR_N
[16:58:09] LPR 12 Recv: LPR_N
[16:58:13] LPR 11 Recv: LPR_N
[16:58:14] LPR 12 Recv: LPR_N
[16:58:18] LPR 11 Recv: LPR_N
[16:58:19] LPR 12 Recv: LPR_N
[16:58:24] LPR 11 Recv: LPR_N
[16:58:24] LPR 12 Recv: LPR_N
[16:58:29] LPR 11 Recv: LPR_N
[16:58:30] LPR 12 Recv: LPR_N
[16:58:34] LPR 11 Recv: LPR_N
[16:58:35] LPR 12 Recv: LPR_N
[16:58:39] LPR 11 Recv: LPR_N
[16:58:40] LPR 12 Recv: LPR_N
[16:58:45] LPR 11 Recv: LPR_N
[16:58:45] LPR 12 Recv: LPR_N
[16:58:50] LPR 11 Recv: LPR_N
[16:58:50] LPR 12 Recv: LPR_N
[16:58:55] LPR 11 Recv: LPR_N
[16:58:56] LPR 12 Recv: LPR_N
[16:59:01] LPR 11 Recv: LPR_N
[16:59:01] LPR 12 Recv: LPR_N
[16:59:06] LPR 11 Recv: LPR_N
[16:59:06] LPR 12 Recv: LPR_N
[16:59:11] LPR 11 Recv: LPR_N
[16:59:11] LPR 12 Recv: LPR_N
[16:59:16] LPR 11 Recv: LPR_N
[16:59:17] LPR 12 Recv: LPR_N
[16:59:22] LPR 11 Recv: LPR_N
[16:59:22] LPR 12 Recv: LPR_N
[16:59:27] LPR 11 Recv: LPR_N
[16:59:27] LPR 12 Recv: LPR_N
[16:59:32] LPR 11 Recv: LPR_N
[16:59:32] LPR 12 Recv: LPR_N
[16:59:37] LPR 11 Recv: LPR_N
[16:59:38] LPR 12 Recv: LPR_N
[16:59:43] LPR 11 Recv: LPR_N
[16:59:43] LPR 12 Recv: LPR_N
[16:59:48] LPR 11 Recv: LPR_N
[16:59:48] LPR 12 Recv: LPR_N
[16:59:53] LPR 11 Recv: LPR_N
[16:59:53] LPR 12 Recv: LPR_N
[16:59:58] LPR 11 Recv: LPR_N
[16:59:58] LPR 12 Recv: LPR_N
[17:00:03] LPR 11 Recv: LPR_N
[17:00:04] LPR 12 Recv: LPR_N
[17:00:09] LPR 11 Recv: LPR_N
[17:00:09] LPR 12 Recv: LPR_N
[17:00:14] LPR 11 Recv: LPR_N
[17:00:14] LPR 12 Recv: LPR_N
[17:00:19] LPR 12 Recv: LPR_N
[17:00:19] LPR 11 Recv: LPR_N
[17:00:24] LPR 11 Recv: LPR_N
[17:00:25] LPR 12 Recv: LPR_N
[17:00:30] LPR 12 Recv: LPR_N
[17:00:30] LPR 11 Recv: LPR_N
[17:00:35] LPR 11 Recv: LPR_N
[17:00:35] LPR 12 Recv: LPR_N
[17:00:40] LPR 12 Recv: LPR_N
[17:00:41] LPR 11 Recv: LPR_N
[17:00:45] LPR 12 Recv: LPR_N
[17:00:46] LPR 11 Recv: LPR_N
[17:00:51] LPR 11 Recv: LPR_N
[17:00:51] LPR 12 Recv: LPR_N
[17:00:56] LPR 12 Recv: LPR_N
[17:00:56] LPR 11 Recv: LPR_N
[17:01:01] LPR 11 Recv: LPR_N
[17:01:01] LPR 12 Recv: LPR_N
[17:01:06] LPR 12 Recv: LPR_N
[17:01:07] LPR 11 Recv: LPR_N
[17:01:12] LPR 11 Recv: LPR_N
[17:01:12] LPR 12 Recv: LPR_N
[17:01:17] LPR 12 Recv: LPR_N
[17:01:17] LPR 11 Recv: LPR_N
[17:01:20] LPR 11 Recv: LPR_N
[17:01:21] LPR 12 Recv: LPR_N
[17:01:22] LPR 11 Recv: LPR_N
[17:01:22] LPR 12 Recv: LPR_N
[17:01:27] LPR 12 Recv: LPR_N
[17:01:28] LPR 11 Recv: LPR_N
[17:01:33] LPR 11 Recv: LPR_N
[17:01:33] LPR 12 Recv: LPR_N
[17:01:38] LPR 12 Recv: LPR_N
[17:01:38] LPR 11 Recv: LPR_N
[17:01:43] LPR 12 Recv: LPR_N
[17:01:43] LPR 11 Recv: LPR_N
[17:01:48] LPR 11 Recv: LPR_N
[17:01:48] LPR 12 Recv: LPR_N
[17:01:53] LPR 12 Recv: LPR_N
[17:01:54] LPR 11 Recv: LPR_N
[17:01:59] LPR 11 Recv: LPR_N
[17:01:59] LPR 12 Recv: LPR_N
[17:02:04] LPR 12 Recv: LPR_N
[17:02:04] LPR 11 Recv: LPR_N
[17:02:09] LPR 11 Recv: LPR_N
[17:02:09] LPR 12 Recv: LPR_N
[17:02:14] LPR 12 Recv: LPR_N
[17:02:15] LPR 11 Recv: LPR_N
[17:02:20] LPR 12 Recv: LPR_N
[17:02:20] LPR 11 Recv: LPR_N
[17:02:25] LPR 12 Recv: LPR_N
[17:02:25] LPR 11 Recv: LPR_N
[17:02:30] LPR 12 Recv: LPR_N
[17:02:31] LPR 11 Recv: LPR_N
[17:02:35] LPR 12 Recv: LPR_N
[17:02:36] LPR 11 Recv: LPR_N
[17:02:40] LPR 12 Recv: LPR_N
[17:02:41] LPR 11 Recv: LPR_N
[17:02:46] LPR 12 Recv: LPR_N
[17:02:46] LPR 11 Recv: LPR_N
[17:02:51] LPR 12 Recv: LPR_N
[17:02:52] LPR 11 Recv: LPR_N
[17:02:56] LPR 12 Recv: LPR_N
[17:02:57] LPR 11 Recv: LPR_N
[17:03:01] LPR 12 Recv: LPR_N
[17:03:02] LPR 11 Recv: LPR_N
[17:03:07] LPR 12 Recv: LPR_N
[17:03:07] LPR 11 Recv: LPR_N
[17:03:12] LPR 12 Recv: LPR_N
[17:03:13] LPR 11 Recv: LPR_N
[17:03:17] LPR 12 Recv: LPR_N
[17:03:18] LPR 11 Recv: LPR_N
[17:03:22] LPR 12 Recv: LPR_N
[17:03:23] LPR 11 Recv: LPR_N
[17:03:28] LPR 12 Recv: LPR_N
[17:03:28] LPR 11 Recv: LPR_N
[17:03:33] LPR 12 Recv: LPR_N
[17:03:34] LPR 11 Recv: LPR_N
[17:03:38] LPR 12 Recv: LPR_N
[17:03:39] LPR 11 Recv: LPR_N
[17:03:43] LPR 12 Recv: LPR_N
[17:03:44] LPR 11 Recv: LPR_N
[17:03:48] LPR 12 Recv: LPR_N
[17:03:49] LPR 11 Recv: LPR_N
[17:03:54] LPR 12 Recv: LPR_N
[17:03:54] LPR 11 Recv: LPR_N
[17:03:59] LPR 12 Recv: LPR_N
[17:04:00] LPR 11 Recv: LPR_N
[17:04:04] LPR 12 Recv: LPR_N
[17:04:05] LPR 11 Recv: LPR_N
[17:04:09] LPR 12 Recv: LPR_N
[17:04:10] LPR 11 Recv: LPR_N
[17:04:15] LPR 12 Recv: LPR_N
[17:04:15] LPR 11 Recv: LPR_N
[17:04:20] LPR 12 Recv: LPR_N
[17:04:21] LPR 11 Recv: LPR_N
[17:04:25] LPR 12 Recv: LPR_N
[17:04:26] LPR 11 Recv: LPR_N
[17:04:30] LPR 12 Recv: LPR_N
[17:04:32] LPR 11 Recv: LPR_N
[17:04:35] LPR 12 Recv: LPR_N
[17:04:37] LPR 11 Recv: LPR_N
[17:04:41] LPR 12 Recv: LPR_N
[17:04:42] LPR 11 Recv: LPR_N
[17:04:46] LPR 12 Recv: LPR_N
[17:04:47] LPR 11 Recv: LPR_N
[17:04:51] LPR 12 Recv: LPR_N
[17:04:52] LPR 11 Recv: LPR_N
[17:04:56] LPR 12 Recv: LPR_N
[17:04:58] LPR 11 Recv: LPR_N
[17:05:02] LPR 12 Recv: LPR_N
[17:05:03] LPR 11 Recv: LPR_N
[17:05:07] LPR 12 Recv: LPR_N
[17:05:07] LPR 11 Recv: CH1#서울2르1341#O#\2014\10\02\CH1_20141002170500_서울2르1341.jpg
[17:05:07] LPR Check: 서울2르1341, http://172.16.66.33:9080/MSImage/2014/10/02/CH1_20141002170500_서울2르1341.jpg, 1,,,0, 2014-10-02 17:05:00
[17:05:07] File: \\172.16.66.33\MSImage\2014\10\02\CH1_20141002170500_서울2르1341.jpg
[17:05:07] 일반차량: 서울2르1341, 
[17:05:07] Ping 시간 체크1-7123484
[17:05:07] Ping 시간 체크2-7123484
[17:05:07] Ping 시간 체크1-7123484
[17:05:07] Ping 시간 체크2-7123500
[17:05:07] 172.16.66.33 LPR 차단기 오픈시 네트워크 오류!
[17:05:07] 일반차량입차: 서울2르1341, 
[17:05:08] LPR 11 Recv: LPR_N
[17:05:12] LPR 12 Recv: LPR_N
[17:05:13] LPR 11 Recv: LPR_N
[17:05:17] LPR 12 Recv: LPR_N
[17:05:19] LPR 11 Recv: LPR_N
[17:05:23] LPR 12 Recv: LPR_N
[17:05:24] LPR 11 Recv: LPR_N
[17:05:28] LPR 12 Recv: LPR_N
[17:05:29] LPR 11 Recv: LPR_N
[17:05:33] LPR 12 Recv: LPR_N
[17:05:34] LPR 11 Recv: LPR_N
[17:05:37] LPR 12 Recv: CH1#서울11라1341#O#\2014\10\02\CH1_20141002170411_서울11라1341.jpg
[17:05:37] LPR Check: 서울11라1341,http://172.16.66.34:9080/MSImage/2014/10/02/CH1_20141002170411_서울11라1341.jpg,1,,,0, 2014-10-02 17:04:11
[17:05:37] File: \\172.16.66.34\MSImage\2014\10\02\CH1_20141002170411_서울11라1341.jpg
[17:05:37] 일반차량: 서울11라1341, 
[17:05:37] Ping 시간 체크1-7153609
[17:05:37] Ping 시간 체크2-7153625
[17:05:38] 일반차량출차: 서울11라1341, 
[17:05:38] LPR 12 Recv: LPR_N
[17:05:39] LPR 11 Recv: LPR_N
[17:05:43] LPR 12 Recv: LPR_N
[17:05:45] LPR 11 Recv: LPR_N
[17:05:49] LPR 12 Recv: LPR_N
[17:05:50] LPR 11 Recv: LPR_N
[17:05:54] LPR 12 Recv: LPR_N
[17:05:56] LPR 11 Recv: LPR_N
[17:06:00] LPR 12 Recv: LPR_N
[17:06:01] LPR 11 Recv: LPR_N
[17:06:05] LPR 12 Recv: LPR_N
[17:06:06] LPR 11 Recv: LPR_N
[17:06:09] LPR 11 Recv: LPR_N
[17:06:09] LPR 12 Recv: LPR_N
[17:06:10] LPR 12 Recv: LPR_N
[17:06:11] LPR 11 Recv: LPR_N
[17:06:15] LPR 12 Recv: LPR_R
[17:06:15] 시간동기화 전송
[17:06:17] LPR 11 Recv: LPR_N
[17:06:22] LPR 11 Recv: LPR_N
[17:06:27] LPR 11 Recv: LPR_N
[17:06:32] LPR 11 Recv: LPR_N
[17:06:37] LPR 11 Recv: LPR_N
[17:06:43] LPR 11 Recv: LPR_N
[17:06:48] LPR 11 Recv: LPR_N
[17:06:53] LPR 11 Recv: LPR_N
[17:06:58] LPR 11 Recv: LPR_N
[17:07:04] LPR 11 Recv: LPR_N
[17:07:09] LPR 11 Recv: LPR_N
[17:07:14] LPR 11 Recv: LPR_N
[17:07:15] Ping 시간 체크1-7251343
[17:07:15] Ping 시간 체크2-7251359
[17:07:15] 12번 LPR OK 전송
[17:07:19] LPR 11 Recv: LPR_N
[17:07:25] LPR 11 Recv: LPR_N
[17:07:30] LPR 11 Recv: LPR_N
[17:07:35] LPR 11 Recv: LPR_N
[17:07:41] LPR 11 Recv: LPR_N
[17:07:46] LPR 11 Recv: LPR_N
[17:07:51] LPR 11 Recv: LPR_N
[17:07:56] LPR 11 Recv: LPR_N
[17:08:02] LPR 11 Recv: LPR_N
[17:08:07] LPR 11 Recv: LPR_N
[17:08:13] LPR 11 Recv: LPR_N
[17:08:15] Ping 시간 체크1-7311343
[17:08:15] Ping 시간 체크2-7311343
[17:08:15] 12번 LPR OK 전송
[17:08:18] LPR 11 Recv: LPR_N
[17:08:23] LPR 11 Recv: LPR_N
[17:08:29] LPR 11 Recv: LPR_N
[17:08:34] LPR 11 Recv: LPR_N
[17:08:39] LPR 11 Recv: LPR_N
[17:08:44] LPR 11 Recv: LPR_N
[17:08:50] LPR 11 Recv: LPR_N
[17:08:55] LPR 11 Recv: LPR_N
[17:09:01] LPR 11 Recv: LPR_N
[17:09:06] LPR 11 Recv: LPR_N
[17:09:11] LPR 11 Recv: LPR_N
[17:09:15] Ping 시간 체크1-7371343
[17:09:15] Ping 시간 체크2-7371343
[17:09:15] 12번 LPR OK 전송
[17:09:16] LPR 11 Recv: LPR_N
[17:09:22] LPR 11 Recv: LPR_N
[17:09:27] LPR 11 Recv: LPR_N
[17:09:32] LPR 11 Recv: LPR_N
[17:09:37] LPR 11 Recv: LPR_N
[17:09:42] LPR 11 Recv: LPR_N
[17:09:48] LPR 11 Recv: LPR_N
[17:09:53] LPR 11 Recv: LPR_N
[17:09:58] LPR 11 Recv: LPR_N
[17:10:03] LPR 11 Recv: LPR_N
[17:10:09] LPR 11 Recv: LPR_N
[17:10:14] LPR 11 Recv: LPR_N
[17:10:15] Ping 시간 체크1-7431343
[17:10:15] Ping 시간 체크2-7431343
[17:10:15] 12번 LPR OK 전송
[17:10:19] LPR 11 Recv: LPR_N
[17:10:24] LPR 11 Recv: LPR_N
[17:10:30] LPR 11 Recv: LPR_N
[17:10:35] LPR 11 Recv: LPR_N
[17:10:40] LPR 11 Recv: LPR_N
[17:10:46] LPR 11 Recv: LPR_N
[17:10:51] LPR 11 Recv: LPR_N
[17:10:56] LPR 11 Recv: LPR_N
[17:11:01] LPR 11 Recv: LPR_N
[17:11:07] LPR 11 Recv: LPR_N
[17:11:12] LPR 11 Recv: LPR_N
[17:11:15] Ping 시간 체크1-7491343
[17:11:15] Ping 시간 체크2-7491359
[17:11:15] 12번 LPR OK 전송
[17:11:17] LPR 11 Recv: LPR_N
[17:11:22] LPR 11 Recv: LPR_N
[17:11:27] LPR 11 Recv: LPR_N
[17:11:33] LPR 11 Recv: LPR_N
[17:11:38] LPR 11 Recv: LPR_N
[17:11:43] LPR 11 Recv: LPR_N
[17:11:48] LPR 11 Recv: LPR_N
[17:11:54] LPR 11 Recv: LPR_N
[17:11:59] LPR 11 Recv: LPR_N
[17:12:05] LPR 11 Recv: LPR_N
[17:12:10] LPR 11 Recv: LPR_N
[17:12:15] LPR 11 Recv: LPR_N
[17:12:15] Ping 시간 체크1-7551343
[17:12:15] Ping 시간 체크2-7551359
[17:12:15] 12번 LPR OK 전송
[17:12:20] LPR 11 Recv: LPR_N
[17:12:25] LPR 11 Recv: LPR_N
[17:12:31] LPR 11 Recv: LPR_N
[17:12:36] LPR 11 Recv: LPR_N
[17:12:41] LPR 11 Recv: LPR_N
[17:12:46] LPR 11 Recv: LPR_N
[17:12:52] LPR 11 Recv: LPR_N
[17:12:57] LPR 11 Recv: LPR_N
[17:13:02] LPR 11 Recv: LPR_N
[17:13:07] LPR 11 Recv: LPR_N
[17:13:13] LPR 11 Recv: LPR_N
[17:13:13] LPR 11 Recv: CH1#서울2르1341#O#\2014\10\02\CH1_20141002171306_서울2르1341.jpg
[17:13:13] LPR Check: 서울2르1341, http://172.16.66.33:9080/MSImage/2014/10/02/CH1_20141002171306_서울2르1341.jpg, 1,,,0, 2014-10-02 17:13:06
[17:13:13] File: \\172.16.66.33\MSImage\2014\10\02\CH1_20141002171306_서울2르1341.jpg
[17:13:13] 일반차량: 서울2르1341, 
[17:13:13] Ping 시간 체크1-7609625
[17:13:13] Ping 시간 체크2-7609640
[17:13:13] Ping 시간 체크1-7609640
[17:13:13] Ping 시간 체크2-7609640
[17:13:13] 입구차단기 Open
[17:13:13] 일반차량입차: 서울2르1341, 
[17:13:15] Ping 시간 체크1-7611343
[17:13:15] Ping 시간 체크2-7611343
[17:13:15] 12번 LPR OK 전송
[17:13:18] LPR 11 Recv: LPR_N
[17:13:23] LPR 11 Recv: LPR_N
[17:13:28] LPR 11 Recv: LPR_N
[17:13:34] LPR 11 Recv: LPR_N
[17:13:39] LPR 11 Recv: LPR_N
[17:13:44] LPR 11 Recv: LPR_N
[17:13:50] LPR 11 Recv: LPR_N
[17:13:55] LPR 11 Recv: LPR_N
[17:14:00] LPR 11 Recv: LPR_N
[17:14:05] LPR 11 Recv: LPR_N
[17:14:11] LPR 11 Recv: LPR_N
[17:14:15] Ping 시간 체크1-7671343
[17:14:15] Ping 시간 체크2-7671359
[17:14:15] 12번 LPR OK 전송
[17:14:16] LPR 11 Recv: LPR_N
[17:14:21] LPR 11 Recv: LPR_N
[17:14:26] LPR 11 Recv: LPR_N
[17:14:31] LPR 11 Recv: LPR_N
[17:14:37] LPR 11 Recv: LPR_N
[17:14:42] LPR 11 Recv: LPR_N
[17:14:47] LPR 11 Recv: LPR_N
[17:14:52] LPR 11 Recv: LPR_N
[17:14:58] LPR 11 Recv: LPR_N
[17:15:03] LPR 11 Recv: LPR_N
[17:15:09] LPR 11 Recv: LPR_N
[17:15:14] LPR 11 Recv: LPR_N
[17:15:15] Ping 시간 체크1-7731343
[17:15:15] Ping 시간 체크2-7731359
[17:15:15] 12번 LPR OK 전송
[17:15:15] Ping 시간 체크1-7731359
[17:15:15] Ping 시간 체크2-7731359
[17:15:15] 12번 LPR 시간동기화 전송
[17:15:15] LPR 12 Recv: LPR_N
[17:15:19] LPR 11 Recv: LPR_N
[17:15:21] LPR 12 Recv: LPR_N
[17:15:24] LPR 11 Recv: LPR_N
[17:15:26] LPR 12 Recv: LPR_N
[17:15:29] LPR 11 Recv: LPR_N
[17:15:31] LPR 12 Recv: LPR_N
[17:15:35] LPR 11 Recv: LPR_N
[17:15:37] LPR 12 Recv: LPR_N
[17:15:40] LPR 11 Recv: LPR_N
[17:15:42] LPR 12 Recv: LPR_N
[17:15:45] LPR 11 Recv: LPR_N
[17:15:47] LPR 12 Recv: LPR_N
[17:15:50] LPR 11 Recv: LPR_N
[17:15:52] LPR 12 Recv: LPR_N
[17:15:56] LPR 11 Recv: LPR_N
[17:15:58] LPR 12 Recv: LPR_N
[17:16:01] LPR 11 Recv: LPR_N
[17:16:03] LPR 12 Recv: LPR_N
[17:16:06] LPR 11 Recv: LPR_N
[17:16:08] LPR 12 Recv: LPR_N
[17:16:11] LPR 11 Recv: LPR_N
[17:16:13] LPR 12 Recv: LPR_N
[17:16:16] LPR 11 Recv: LPR_N
[17:16:19] LPR 12 Recv: LPR_N
[17:16:22] LPR 11 Recv: LPR_N
[17:16:24] LPR 12 Recv: LPR_N
[17:16:27] LPR 11 Recv: LPR_N
[17:16:29] LPR 12 Recv: LPR_N
[17:16:32] LPR 11 Recv: LPR_N
[17:16:35] LPR 12 Recv: LPR_N
[17:16:37] LPR 11 Recv: LPR_N
[17:16:40] LPR 12 Recv: LPR_N
[17:16:43] LPR 11 Recv: LPR_N
[17:16:45] LPR 12 Recv: LPR_N
[17:16:48] LPR 11 Recv: LPR_N
[17:16:50] LPR 12 Recv: LPR_N
[17:16:54] LPR 11 Recv: LPR_N
[17:16:56] LPR 12 Recv: LPR_N
[17:16:59] LPR 11 Recv: LPR_N
[17:17:01] LPR 12 Recv: LPR_N
[17:17:04] LPR 11 Recv: LPR_N
[17:17:06] LPR 12 Recv: LPR_N
[17:17:09] LPR 11 Recv: LPR_N
[17:17:11] LPR 12 Recv: LPR_N
[17:17:14] LPR 11 Recv: LPR_N
[17:17:17] LPR 12 Recv: LPR_N
[17:17:20] LPR 11 Recv: LPR_N
[17:17:22] LPR 12 Recv: LPR_N
[17:17:25] LPR 11 Recv: LPR_N
[17:17:27] LPR 12 Recv: LPR_N
[17:17:30] LPR 11 Recv: LPR_N
[17:17:32] LPR 12 Recv: LPR_N
[17:17:35] LPR 11 Recv: LPR_N
[17:17:37] LPR 12 Recv: LPR_N
[17:17:41] LPR 11 Recv: LPR_N
[17:17:43] LPR 12 Recv: LPR_N
[17:17:46] LPR 11 Recv: LPR_N
[17:17:48] LPR 12 Recv: LPR_N
[17:17:51] LPR 11 Recv: LPR_N
[17:17:53] LPR 12 Recv: LPR_N
[17:17:56] LPR 11 Recv: LPR_N
[17:17:58] LPR 12 Recv: LPR_N
[17:18:02] LPR 11 Recv: LPR_N
[17:18:04] LPR 12 Recv: LPR_N
[17:18:07] LPR 11 Recv: LPR_N
[17:18:09] LPR 12 Recv: LPR_N
[17:18:12] LPR 11 Recv: LPR_N
[17:18:14] LPR 12 Recv: LPR_N
[17:18:18] LPR 11 Recv: LPR_N
[17:18:20] LPR 12 Recv: LPR_N
[17:18:23] LPR 11 Recv: LPR_N
[17:18:25] LPR 12 Recv: LPR_N
[17:18:28] LPR 11 Recv: LPR_N
[17:18:30] LPR 12 Recv: LPR_N
[17:18:33] LPR 11 Recv: LPR_N
[17:18:35] LPR 12 Recv: LPR_N
[17:18:39] LPR 11 Recv: LPR_N
[17:18:41] LPR 12 Recv: LPR_N
[17:18:44] LPR 11 Recv: LPR_N
[17:18:46] LPR 12 Recv: LPR_N
[17:18:49] LPR 11 Recv: LPR_N
[17:18:51] LPR 12 Recv: LPR_N
[17:18:54] LPR 11 Recv: LPR_N
[17:18:56] LPR 12 Recv: LPR_N
[17:19:00] LPR 11 Recv: LPR_N
[17:19:02] LPR 12 Recv: LPR_N
[17:19:05] LPR 11 Recv: LPR_N
[17:19:07] LPR 12 Recv: LPR_N
[17:19:10] LPR 11 Recv: LPR_N
[17:19:12] LPR 12 Recv: LPR_N
[17:19:15] LPR 11 Recv: LPR_N
[17:19:17] LPR 12 Recv: LPR_N
[17:19:20] LPR 11 Recv: LPR_N
[17:19:22] LPR 12 Recv: LPR_N
[17:19:26] LPR 11 Recv: LPR_N
[17:19:28] LPR 12 Recv: LPR_N
[17:19:31] LPR 11 Recv: LPR_N
[17:19:33] LPR 12 Recv: LPR_N
[17:19:36] LPR 11 Recv: LPR_N
[17:19:38] LPR 12 Recv: LPR_N
[17:19:41] LPR 11 Recv: LPR_N
[17:19:43] LPR 12 Recv: LPR_N
[17:19:47] LPR 11 Recv: LPR_N
[17:19:49] LPR 12 Recv: LPR_N
[17:19:52] LPR 11 Recv: LPR_N
[17:19:54] LPR 12 Recv: LPR_N
[17:19:58] LPR 11 Recv: LPR_N
[17:19:59] LPR 12 Recv: LPR_N
[17:20:03] LPR 11 Recv: LPR_N
[17:20:04] LPR 12 Recv: LPR_N
[17:20:08] LPR 11 Recv: LPR_N
[17:20:10] LPR 12 Recv: LPR_N
[17:20:13] LPR 11 Recv: LPR_N
[17:20:15] LPR 12 Recv: LPR_N
[17:20:18] LPR 11 Recv: LPR_N
[17:20:20] LPR 12 Recv: LPR_N
[17:20:24] LPR 11 Recv: LPR_N
[17:20:26] LPR 12 Recv: LPR_N
[17:20:29] LPR 11 Recv: LPR_N
[17:20:31] LPR 12 Recv: LPR_N
[17:20:34] LPR 11 Recv: LPR_N
[17:20:36] LPR 12 Recv: LPR_N
[17:20:39] LPR 11 Recv: LPR_N
[17:20:41] LPR 12 Recv: LPR_N
[17:20:45] LPR 11 Recv: LPR_N
[17:20:47] LPR 12 Recv: LPR_N
[17:20:50] LPR 11 Recv: LPR_N
[17:20:52] LPR 12 Recv: LPR_N
[17:20:55] LPR 11 Recv: LPR_N
[17:20:57] LPR 12 Recv: LPR_N
[17:21:00] LPR 11 Recv: LPR_N
[17:21:02] LPR 12 Recv: LPR_N
[17:21:05] LPR 11 Recv: LPR_N
[17:21:08] LPR 12 Recv: LPR_N
[17:21:11] LPR 11 Recv: LPR_N
[17:21:13] LPR 12 Recv: LPR_N
[17:21:16] LPR 11 Recv: LPR_N
[17:21:18] LPR 12 Recv: LPR_N
[17:21:22] LPR 11 Recv: LPR_N
[17:21:23] LPR 12 Recv: LPR_N
[17:21:27] LPR 11 Recv: LPR_N
[17:21:28] LPR 12 Recv: LPR_N
[17:21:32] LPR 11 Recv: LPR_N
[17:21:34] LPR 12 Recv: LPR_N
[17:21:37] LPR 11 Recv: LPR_N
[17:21:39] LPR 12 Recv: LPR_N
[17:21:43] LPR 11 Recv: LPR_N
[17:21:44] LPR 12 Recv: LPR_N
[17:21:48] LPR 11 Recv: LPR_N
[17:21:49] LPR 12 Recv: LPR_N
[17:21:53] LPR 11 Recv: LPR_N
[17:21:55] LPR 12 Recv: LPR_N
[17:21:58] LPR 11 Recv: LPR_N
[17:22:00] LPR 12 Recv: LPR_N
[17:22:03] LPR 11 Recv: LPR_N
[17:22:05] LPR 12 Recv: LPR_N
[17:22:09] LPR 11 Recv: LPR_N
[17:22:10] LPR 12 Recv: LPR_N
[17:22:14] LPR 11 Recv: LPR_N
[17:22:15] LPR 12 Recv: LPR_N
[17:22:19] LPR 11 Recv: LPR_N
[17:22:21] LPR 12 Recv: LPR_N
[17:22:24] LPR 11 Recv: LPR_N
[17:22:26] LPR 12 Recv: LPR_N
[17:22:30] LPR 11 Recv: LPR_N
[17:22:32] LPR 12 Recv: LPR_N
[17:22:35] LPR 11 Recv: LPR_N
[17:22:37] LPR 12 Recv: LPR_N
[17:22:40] LPR 11 Recv: LPR_N
[17:22:42] LPR 12 Recv: LPR_N
[17:22:45] LPR 11 Recv: LPR_N
[17:22:47] LPR 12 Recv: LPR_N
[17:22:51] LPR 11 Recv: LPR_N
[17:22:53] LPR 12 Recv: LPR_N
[17:22:56] LPR 11 Recv: LPR_N
[17:22:58] LPR 12 Recv: LPR_N
[17:23:01] LPR 11 Recv: LPR_N
[17:23:03] LPR 12 Recv: LPR_N
[17:23:07] LPR 11 Recv: LPR_N
[17:23:08] LPR 12 Recv: LPR_N
[17:23:12] LPR 11 Recv: LPR_N
[17:23:13] LPR 12 Recv: LPR_N
[17:23:17] LPR 11 Recv: LPR_N
[17:23:19] LPR 12 Recv: LPR_N
[17:23:22] LPR 11 Recv: LPR_N
[17:23:24] LPR 12 Recv: LPR_N
[17:23:28] LPR 11 Recv: LPR_N
[17:23:29] LPR 12 Recv: LPR_N
[17:23:33] LPR 11 Recv: LPR_N
[17:23:34] LPR 12 Recv: LPR_N
[17:23:39] LPR 11 Recv: LPR_N
[17:23:40] LPR 12 Recv: LPR_N
[17:23:44] LPR 11 Recv: LPR_N
[17:23:45] LPR 12 Recv: LPR_N
[17:23:49] LPR 11 Recv: LPR_N
[17:23:50] LPR 12 Recv: LPR_N
[17:23:54] LPR 11 Recv: LPR_N
[17:23:55] LPR 12 Recv: LPR_N
[17:24:00] LPR 11 Recv: LPR_N
[17:24:01] LPR 12 Recv: LPR_N
[17:24:05] LPR 11 Recv: LPR_N
[17:24:06] LPR 12 Recv: LPR_N
[17:24:10] LPR 11 Recv: LPR_N
[17:24:11] LPR 12 Recv: LPR_N
[17:24:16] LPR 11 Recv: LPR_N
[17:24:16] LPR 12 Recv: LPR_N
[17:24:21] LPR 11 Recv: LPR_N
[17:24:22] LPR 12 Recv: LPR_N
[17:24:26] LPR 11 Recv: LPR_N
[17:24:27] LPR 12 Recv: LPR_N
[17:24:31] LPR 11 Recv: LPR_N
[17:24:32] LPR 12 Recv: LPR_N
[17:24:37] LPR 11 Recv: LPR_N
[17:24:38] LPR 12 Recv: LPR_N
[17:24:42] LPR 11 Recv: LPR_N
[17:24:43] LPR 12 Recv: LPR_N
[17:24:47] LPR 11 Recv: LPR_N
[17:24:48] LPR 12 Recv: LPR_N
[17:24:52] LPR 11 Recv: LPR_N
[17:24:53] LPR 12 Recv: LPR_N
[17:24:57] LPR 11 Recv: LPR_N
[17:24:59] LPR 12 Recv: LPR_N
[17:25:03] LPR 11 Recv: LPR_N
[17:25:04] LPR 12 Recv: LPR_N
[17:25:08] LPR 11 Recv: LPR_N
[17:25:09] LPR 12 Recv: LPR_N
[17:25:13] LPR 11 Recv: LPR_N
[17:25:14] LPR 12 Recv: LPR_N
[17:25:18] LPR 11 Recv: LPR_N
[17:25:19] LPR 12 Recv: LPR_N
[17:25:24] LPR 11 Recv: LPR_N
[17:25:25] LPR 12 Recv: LPR_N
[17:25:29] LPR 11 Recv: LPR_N
[17:25:30] LPR 12 Recv: LPR_N
[17:25:35] LPR 11 Recv: LPR_N
[17:25:35] LPR 12 Recv: LPR_N
[17:25:40] LPR 11 Recv: LPR_N
[17:25:40] LPR 12 Recv: LPR_N
[17:25:45] LPR 11 Recv: LPR_N
[17:25:46] LPR 12 Recv: LPR_N
[17:25:50] LPR 11 Recv: LPR_N
[17:25:51] LPR 12 Recv: LPR_N
[17:25:55] LPR 11 Recv: LPR_N
[17:25:56] LPR 12 Recv: LPR_N
[17:26:01] LPR 11 Recv: LPR_N
[17:26:01] LPR 12 Recv: LPR_N
[17:26:06] LPR 11 Recv: LPR_N
[17:26:06] LPR 12 Recv: LPR_N
[17:26:11] LPR 11 Recv: LPR_N
[17:26:12] LPR 12 Recv: LPR_N
[17:26:16] LPR 11 Recv: LPR_N
[17:26:17] LPR 12 Recv: LPR_N
[17:26:22] LPR 11 Recv: LPR_N
[17:26:23] LPR 12 Recv: LPR_N
[17:26:27] LPR 11 Recv: LPR_N
[17:26:28] LPR 12 Recv: LPR_N
[17:26:32] LPR 11 Recv: LPR_N
[17:26:33] LPR 12 Recv: LPR_N
[17:26:37] LPR 11 Recv: LPR_N
[17:26:38] LPR 12 Recv: LPR_N
[17:26:43] LPR 11 Recv: LPR_N
[17:26:44] LPR 12 Recv: LPR_N
[17:26:48] LPR 11 Recv: LPR_N
[17:26:49] LPR 12 Recv: LPR_N
[17:26:53] LPR 11 Recv: LPR_N
[17:26:54] LPR 12 Recv: LPR_N
[17:26:58] LPR 11 Recv: LPR_N
[17:26:59] LPR 12 Recv: LPR_N
[17:27:03] LPR 11 Recv: LPR_N
[17:27:04] LPR 12 Recv: LPR_N
[17:27:09] LPR 11 Recv: LPR_N
[17:27:10] LPR 12 Recv: LPR_N
[17:27:14] LPR 11 Recv: LPR_N
[17:27:15] LPR 12 Recv: LPR_N
[17:27:20] LPR 11 Recv: LPR_N
[17:27:20] LPR 12 Recv: LPR_N
[17:27:25] LPR 11 Recv: LPR_N
[17:27:25] LPR 12 Recv: LPR_N
[17:27:30] LPR 11 Recv: LPR_N
[17:27:31] LPR 12 Recv: LPR_N
[17:27:35] LPR 11 Recv: LPR_N
[17:27:36] LPR 12 Recv: LPR_N
[17:27:41] LPR 11 Recv: LPR_N
[17:27:41] LPR 12 Recv: LPR_N
[17:27:46] LPR 11 Recv: LPR_N
[17:27:46] LPR 12 Recv: LPR_N
[17:27:51] LPR 11 Recv: LPR_N
[17:27:52] LPR 12 Recv: LPR_N
[17:27:56] LPR 11 Recv: LPR_N
[17:27:57] LPR 12 Recv: LPR_N
[17:28:01] LPR 11 Recv: LPR_N
[17:28:02] LPR 12 Recv: LPR_N
[17:28:07] LPR 11 Recv: LPR_N
[17:28:07] LPR 12 Recv: LPR_N
[17:28:12] LPR 11 Recv: LPR_N
[17:28:12] LPR 12 Recv: LPR_N
[17:28:17] LPR 11 Recv: LPR_N
[17:28:18] LPR 12 Recv: LPR_N
[17:28:22] LPR 11 Recv: LPR_N
[17:28:23] LPR 12 Recv: LPR_N
[17:28:28] LPR 11 Recv: LPR_N
[17:28:29] LPR 12 Recv: LPR_N
[17:28:33] LPR 11 Recv: LPR_N
[17:28:34] LPR 12 Recv: LPR_N
[17:28:39] LPR 11 Recv: LPR_N
[17:28:39] LPR 12 Recv: LPR_N
[17:28:44] LPR 11 Recv: LPR_N
[17:28:44] LPR 12 Recv: LPR_N
[17:28:49] LPR 11 Recv: LPR_N
[17:28:50] LPR 12 Recv: LPR_N
[17:28:54] LPR 11 Recv: LPR_N
[17:28:55] LPR 12 Recv: LPR_N
[17:28:59] LPR 11 Recv: LPR_N
[17:29:00] LPR 12 Recv: LPR_N
[17:29:05] LPR 11 Recv: LPR_N
[17:29:05] LPR 12 Recv: LPR_N
[17:29:10] LPR 11 Recv: LPR_N
[17:29:10] LPR 12 Recv: LPR_N
[17:29:15] LPR 11 Recv: LPR_N
[17:29:16] LPR 12 Recv: LPR_N
[17:29:20] LPR 11 Recv: LPR_N
[17:29:21] LPR 12 Recv: LPR_N
[17:29:26] LPR 11 Recv: LPR_N
[17:29:26] LPR 12 Recv: LPR_N
[17:29:31] LPR 11 Recv: LPR_N
[17:29:31] LPR 12 Recv: LPR_N
[17:29:36] LPR 11 Recv: LPR_N
[17:29:37] LPR 12 Recv: LPR_N
[17:29:41] LPR 11 Recv: LPR_N
[17:29:42] LPR 12 Recv: LPR_N
[17:29:46] LPR 11 Recv: LPR_N
[17:29:47] LPR 12 Recv: LPR_N
[17:29:52] LPR 11 Recv: LPR_N
[17:29:52] LPR 12 Recv: LPR_N
[17:29:57] LPR 11 Recv: LPR_N
[17:29:57] LPR 12 Recv: LPR_N
[17:30:02] LPR 11 Recv: LPR_N
[17:30:03] LPR 12 Recv: LPR_N
[17:30:07] LPR 11 Recv: LPR_N
[17:30:08] LPR 12 Recv: LPR_N
[17:30:13] LPR 11 Recv: LPR_N
[17:30:13] LPR 12 Recv: LPR_N
[17:30:18] LPR 11 Recv: LPR_N
[17:30:18] LPR 12 Recv: LPR_N
[17:30:24] LPR 11 Recv: LPR_N
[17:30:24] LPR 12 Recv: LPR_N
[17:30:29] LPR 11 Recv: LPR_N
[17:30:29] LPR 12 Recv: LPR_N
[17:30:34] LPR 11 Recv: LPR_N
[17:30:35] LPR 12 Recv: LPR_N
[17:30:39] LPR 11 Recv: LPR_N
[17:30:40] LPR 12 Recv: LPR_N
[17:30:44] LPR 11 Recv: LPR_N
[17:30:45] LPR 12 Recv: LPR_N
[17:30:50] LPR 11 Recv: LPR_N
[17:30:50] LPR 12 Recv: LPR_N
[17:30:55] LPR 11 Recv: LPR_N
[17:30:55] LPR 12 Recv: LPR_N
[17:31:00] LPR 11 Recv: LPR_N
[17:31:01] LPR 12 Recv: LPR_N
[17:31:05] LPR 11 Recv: LPR_N
[17:31:06] LPR 12 Recv: LPR_N
[17:31:11] LPR 11 Recv: LPR_N
[17:31:11] LPR 12 Recv: LPR_N
[17:31:16] LPR 11 Recv: LPR_N
[17:31:16] LPR 12 Recv: LPR_N
[17:31:21] LPR 11 Recv: LPR_N
[17:31:22] LPR 12 Recv: LPR_N
[17:31:26] LPR 11 Recv: LPR_N
[17:31:27] LPR 12 Recv: LPR_N
[17:31:32] LPR 11 Recv: LPR_N
[17:31:32] LPR 12 Recv: LPR_N
[17:31:37] LPR 11 Recv: LPR_N
[17:31:37] LPR 12 Recv: LPR_N
[17:31:42] LPR 11 Recv: LPR_N
[17:31:43] LPR 12 Recv: LPR_N
[17:31:47] LPR 11 Recv: LPR_N
[17:31:48] LPR 12 Recv: LPR_N
[17:31:53] LPR 11 Recv: LPR_N
[17:31:53] LPR 12 Recv: LPR_N
[17:31:58] LPR 11 Recv: LPR_N
[17:31:58] LPR 12 Recv: LPR_N
[17:32:03] LPR 11 Recv: LPR_N
[17:32:03] LPR 12 Recv: LPR_N
[17:32:09] LPR 11 Recv: LPR_N
[17:32:09] LPR 12 Recv: LPR_N
[17:32:14] LPR 11 Recv: LPR_N
[17:32:14] LPR 12 Recv: LPR_N
[17:32:19] LPR 11 Recv: LPR_N
[17:32:19] LPR 12 Recv: LPR_N
[17:32:24] LPR 11 Recv: LPR_N
[17:32:25] LPR 12 Recv: LPR_N
[17:32:30] LPR 11 Recv: LPR_N
[17:32:30] LPR 12 Recv: LPR_N
[17:32:35] LPR 11 Recv: LPR_N
[17:32:35] LPR 12 Recv: LPR_N
[17:32:40] LPR 11 Recv: LPR_N
[17:32:41] LPR 12 Recv: LPR_N
[17:32:45] LPR 11 Recv: LPR_N
[17:32:46] LPR 12 Recv: LPR_N
[17:32:50] LPR 11 Recv: LPR_N
[17:32:51] LPR 12 Recv: LPR_N
[17:32:56] LPR 11 Recv: LPR_N
[17:32:56] LPR 12 Recv: LPR_N
[17:33:01] LPR 11 Recv: LPR_N
[17:33:01] LPR 12 Recv: LPR_N
[17:33:06] LPR 11 Recv: LPR_N
[17:33:07] LPR 12 Recv: LPR_N
[17:33:11] LPR 11 Recv: LPR_N
[17:33:12] LPR 12 Recv: LPR_N
[17:33:17] LPR 11 Recv: LPR_N
[17:33:17] LPR 12 Recv: LPR_N
[17:33:22] LPR 11 Recv: LPR_N
[17:33:22] LPR 12 Recv: LPR_N
[17:33:28] LPR 11 Recv: LPR_N
[17:33:28] LPR 12 Recv: LPR_N
[17:33:33] LPR 11 Recv: LPR_N
[17:33:33] LPR 12 Recv: LPR_N
[17:33:38] LPR 11 Recv: LPR_N
[17:33:38] LPR 12 Recv: LPR_N
[17:33:43] LPR 11 Recv: LPR_N
[17:33:43] LPR 12 Recv: LPR_N
[17:33:48] LPR 11 Recv: LPR_N
[17:33:48] LPR 12 Recv: LPR_N
[17:33:54] LPR 11 Recv: LPR_N
[17:33:54] LPR 12 Recv: LPR_N
[17:33:59] LPR 11 Recv: LPR_N
[17:33:59] LPR 12 Recv: LPR_N
[17:34:04] LPR 11 Recv: LPR_N
[17:34:04] LPR 12 Recv: LPR_N
[17:34:09] LPR 11 Recv: LPR_N
[17:34:09] LPR 12 Recv: LPR_N
[17:34:15] LPR 11 Recv: LPR_N
[17:34:15] LPR 12 Recv: LPR_N
[17:34:20] LPR 11 Recv: LPR_N
[17:34:20] LPR 12 Recv: LPR_N
[17:34:25] LPR 11 Recv: LPR_N
[17:34:26] LPR 12 Recv: LPR_N
[17:34:30] LPR 11 Recv: LPR_N
[17:34:31] LPR 12 Recv: LPR_N
[17:34:35] LPR 11 Recv: LPR_N
[17:34:36] LPR 12 Recv: LPR_N
[17:34:41] LPR 11 Recv: LPR_N
[17:34:41] LPR 12 Recv: LPR_N
[17:34:46] LPR 11 Recv: LPR_N
[17:34:46] LPR 12 Recv: LPR_N
[17:34:51] LPR 11 Recv: LPR_N
[17:34:52] LPR 12 Recv: LPR_N
[17:34:57] LPR 11 Recv: LPR_N
[17:34:57] LPR 12 Recv: LPR_N
[17:35:02] LPR 11 Recv: LPR_N
[17:35:02] LPR 12 Recv: LPR_N
[17:35:07] LPR 11 Recv: LPR_N
[17:35:07] LPR 12 Recv: LPR_N
[17:35:13] LPR 11 Recv: LPR_N
[17:35:13] LPR 12 Recv: LPR_N
[17:35:18] LPR 11 Recv: LPR_N
[17:35:18] LPR 12 Recv: LPR_N
[17:35:23] LPR 11 Recv: LPR_N
[17:35:23] LPR 12 Recv: LPR_N
[17:35:28] LPR 11 Recv: LPR_N
[17:35:28] LPR 12 Recv: LPR_N
[17:35:33] LPR 11 Recv: LPR_N
[17:35:34] LPR 12 Recv: LPR_N
[17:35:39] LPR 11 Recv: LPR_N
[17:35:39] LPR 12 Recv: LPR_N
[17:35:44] LPR 11 Recv: LPR_N
[17:35:44] LPR 12 Recv: LPR_N
[17:35:49] LPR 11 Recv: LPR_N
[17:35:49] LPR 12 Recv: LPR_N
[17:35:54] LPR 11 Recv: LPR_N
[17:35:54] LPR 12 Recv: LPR_N
[17:36:00] LPR 11 Recv: LPR_N
[17:36:00] LPR 12 Recv: LPR_N
[17:36:05] LPR 11 Recv: LPR_N
[17:36:05] LPR 12 Recv: LPR_N
[17:36:10] LPR 11 Recv: LPR_N
[17:36:10] LPR 12 Recv: LPR_N
[17:36:15] LPR 11 Recv: LPR_N
[17:36:15] LPR 12 Recv: LPR_N
[17:36:21] LPR 11 Recv: LPR_N
[17:36:21] LPR 12 Recv: LPR_N
[17:36:26] LPR 11 Recv: LPR_N
[17:36:26] LPR 12 Recv: LPR_N
[17:36:31] LPR 11 Recv: LPR_N
[17:36:32] LPR 12 Recv: LPR_N
[17:36:37] LPR 11 Recv: LPR_N
[17:36:37] LPR 12 Recv: LPR_N
[17:36:42] LPR 11 Recv: LPR_N
[17:36:42] LPR 12 Recv: LPR_N
[17:36:47] LPR 11 Recv: LPR_N
[17:36:47] LPR 12 Recv: LPR_N
[17:36:52] LPR 11 Recv: LPR_N
[17:36:52] LPR 12 Recv: LPR_N
[17:36:58] LPR 12 Recv: LPR_N
[17:36:58] LPR 11 Recv: LPR_N
[17:37:03] LPR 12 Recv: LPR_N
[17:37:03] LPR 11 Recv: LPR_N
[17:37:08] LPR 12 Recv: LPR_N
[17:37:08] LPR 11 Recv: LPR_N
[17:37:13] LPR 12 Recv: LPR_N
[17:37:13] LPR 11 Recv: LPR_N
[17:37:19] LPR 12 Recv: LPR_N
[17:37:19] LPR 11 Recv: LPR_N
[17:37:24] LPR 12 Recv: LPR_N
[17:37:24] LPR 11 Recv: LPR_N
[17:37:29] LPR 11 Recv: LPR_N
[17:37:29] LPR 12 Recv: LPR_N
[17:37:34] LPR 12 Recv: LPR_N
[17:37:34] LPR 11 Recv: LPR_N
[17:37:39] LPR 12 Recv: LPR_N
[17:37:39] LPR 11 Recv: LPR_N
[17:37:45] LPR 12 Recv: LPR_N
[17:37:45] LPR 11 Recv: LPR_N
[17:37:50] LPR 12 Recv: LPR_N
[17:37:50] LPR 11 Recv: LPR_N
[17:37:55] LPR 12 Recv: LPR_N
[17:37:55] LPR 11 Recv: LPR_N
[17:38:00] LPR 12 Recv: LPR_N
[17:38:00] LPR 11 Recv: LPR_N
[17:38:06] LPR 12 Recv: LPR_N
[17:38:06] LPR 11 Recv: LPR_N
[17:38:11] LPR 12 Recv: LPR_N
[17:38:11] LPR 11 Recv: LPR_N
[17:38:16] LPR 12 Recv: LPR_N
[17:38:17] LPR 11 Recv: LPR_N
[17:38:22] LPR 12 Recv: LPR_N
[17:38:22] LPR 11 Recv: LPR_N
[17:38:27] LPR 12 Recv: LPR_N
[17:38:27] LPR 11 Recv: LPR_N
[17:38:32] LPR 12 Recv: LPR_N
[17:38:33] LPR 11 Recv: LPR_N
[17:38:37] LPR 12 Recv: LPR_N
[17:38:38] LPR 11 Recv: LPR_N
[17:38:43] LPR 12 Recv: LPR_N
[17:38:44] LPR 11 Recv: LPR_N
[17:38:48] LPR 12 Recv: LPR_N
[17:38:49] LPR 11 Recv: LPR_N
[17:38:53] LPR 12 Recv: LPR_N
[17:38:54] LPR 11 Recv: LPR_N
[17:38:58] LPR 12 Recv: LPR_N
[17:38:59] LPR 11 Recv: LPR_N
[17:39:04] LPR 12 Recv: LPR_N
[17:39:05] LPR 11 Recv: LPR_N
[17:39:09] LPR 12 Recv: LPR_N
[17:39:10] LPR 11 Recv: LPR_N
[17:39:14] LPR 12 Recv: LPR_N
[17:39:15] LPR 11 Recv: LPR_N
[17:39:19] LPR 12 Recv: LPR_N
[17:39:20] LPR 11 Recv: LPR_N
[17:39:25] LPR 12 Recv: LPR_N
[17:39:25] LPR 11 Recv: LPR_N
[17:39:30] LPR 12 Recv: LPR_N
[17:39:31] LPR 11 Recv: LPR_N
[17:39:35] LPR 12 Recv: LPR_N
[17:39:36] LPR 11 Recv: LPR_N
[17:39:40] LPR 12 Recv: LPR_N
[17:39:42] LPR 11 Recv: LPR_N
[17:39:45] LPR 12 Recv: LPR_N
[17:39:47] LPR 11 Recv: LPR_N
[17:39:51] LPR 12 Recv: LPR_N
[17:39:52] LPR 11 Recv: LPR_N
[17:39:56] LPR 12 Recv: LPR_N
[17:39:57] LPR 11 Recv: LPR_N
[17:40:01] LPR 12 Recv: LPR_N
[17:40:03] LPR 11 Recv: LPR_N
[17:40:06] LPR 12 Recv: LPR_N
[17:40:08] LPR 11 Recv: LPR_N
[17:40:12] LPR 12 Recv: LPR_N
[17:40:13] LPR 11 Recv: LPR_N
[17:40:17] LPR 12 Recv: LPR_N
[17:40:18] LPR 11 Recv: LPR_N
[17:40:23] LPR 12 Recv: LPR_N
[17:40:23] LPR 11 Recv: LPR_N
[17:40:28] LPR 12 Recv: LPR_N
[17:40:29] LPR 11 Recv: LPR_N
[17:40:33] LPR 12 Recv: LPR_N
[17:40:34] LPR 11 Recv: LPR_N
[17:40:38] LPR 12 Recv: LPR_N
[17:40:39] LPR 11 Recv: LPR_N
[17:40:43] LPR 12 Recv: LPR_N
[17:40:44] LPR 11 Recv: LPR_N
[17:40:49] LPR 12 Recv: LPR_N
[17:40:50] LPR 11 Recv: LPR_N
[17:40:54] LPR 12 Recv: LPR_N
[17:40:55] LPR 11 Recv: LPR_N
[17:40:59] LPR 12 Recv: LPR_N
[17:41:00] LPR 11 Recv: LPR_N
[17:41:04] LPR 12 Recv: LPR_N
[17:41:06] LPR 11 Recv: LPR_N
[17:41:10] LPR 12 Recv: LPR_N
[17:41:11] LPR 11 Recv: LPR_N
[17:41:15] LPR 12 Recv: LPR_N
[17:41:16] LPR 11 Recv: LPR_N
[17:41:20] LPR 12 Recv: LPR_N
[17:41:21] LPR 11 Recv: LPR_N
[17:41:25] LPR 12 Recv: LPR_N
[17:41:27] LPR 11 Recv: LPR_N
[17:41:30] LPR 12 Recv: LPR_N
[17:41:32] LPR 11 Recv: LPR_N
[17:41:36] LPR 12 Recv: LPR_N
[17:41:37] LPR 11 Recv: LPR_N
[17:41:41] LPR 12 Recv: LPR_N
[17:41:42] LPR 11 Recv: LPR_N
[17:41:46] LPR 12 Recv: LPR_N
[17:41:48] LPR 11 Recv: LPR_N
[17:41:51] LPR 12 Recv: LPR_N
[17:41:53] LPR 11 Recv: LPR_N
[17:41:57] LPR 12 Recv: LPR_N
[17:41:58] LPR 11 Recv: LPR_N
[17:42:02] LPR 12 Recv: LPR_N
[17:42:03] LPR 11 Recv: LPR_N
[17:42:07] LPR 12 Recv: LPR_N
[17:42:09] LPR 11 Recv: LPR_N
[17:42:12] LPR 12 Recv: LPR_N
[17:42:14] LPR 11 Recv: LPR_N
[17:42:18] LPR 12 Recv: LPR_N
[17:42:19] LPR 11 Recv: LPR_N
[17:42:23] LPR 12 Recv: LPR_N
[17:42:24] LPR 11 Recv: LPR_N
[17:42:28] LPR 12 Recv: LPR_N
[17:42:29] LPR 11 Recv: LPR_N
[17:42:34] LPR 12 Recv: LPR_N
[17:42:35] LPR 11 Recv: LPR_N
[17:42:39] LPR 12 Recv: LPR_N
[17:42:40] LPR 11 Recv: LPR_N
[17:42:44] LPR 12 Recv: LPR_N
[17:42:46] LPR 11 Recv: LPR_N
[17:42:49] LPR 12 Recv: LPR_N
[17:42:51] LPR 11 Recv: LPR_N
[17:42:55] LPR 12 Recv: LPR_N
[17:42:56] LPR 11 Recv: LPR_N
[17:43:00] LPR 12 Recv: LPR_N
[17:43:01] LPR 11 Recv: LPR_N
[17:43:05] LPR 12 Recv: LPR_N
[17:43:07] LPR 11 Recv: LPR_N
[17:43:10] LPR 12 Recv: LPR_N
[17:43:12] LPR 11 Recv: LPR_N
[17:43:16] LPR 12 Recv: LPR_N
[17:43:17] LPR 11 Recv: LPR_N
[17:43:21] LPR 12 Recv: LPR_N
[17:43:22] LPR 11 Recv: LPR_N
[17:43:26] LPR 12 Recv: LPR_N
[17:43:27] LPR 11 Recv: LPR_N
[17:43:31] LPR 12 Recv: LPR_N
[17:43:33] LPR 11 Recv: LPR_N
[17:43:36] LPR 12 Recv: LPR_N
[17:43:38] LPR 11 Recv: LPR_N
[17:43:42] LPR 12 Recv: LPR_N
[17:43:43] LPR 11 Recv: LPR_N
[17:43:47] LPR 12 Recv: LPR_N
[17:43:48] LPR 11 Recv: LPR_N
[17:43:52] LPR 12 Recv: LPR_N
[17:43:54] LPR 11 Recv: LPR_N
[17:43:57] LPR 12 Recv: LPR_N
[17:43:59] LPR 11 Recv: LPR_N
[17:44:03] LPR 12 Recv: LPR_N
[17:44:04] LPR 11 Recv: LPR_N
[17:44:08] LPR 12 Recv: LPR_N
[17:44:09] LPR 11 Recv: LPR_N
[17:44:13] LPR 12 Recv: LPR_N
[17:44:15] LPR 11 Recv: LPR_N
[17:44:18] LPR 12 Recv: LPR_N
[17:44:19] LPR 11 Recv: LPR_N
[17:44:20] LPR 11 Recv: LPR_N
[17:44:24] LPR 12 Recv: LPR_N
[17:44:25] LPR 11 Recv: LPR_N
[17:44:29] LPR 12 Recv: LPR_N
[17:44:31] LPR 11 Recv: LPR_N
[17:44:34] LPR 12 Recv: LPR_N
[17:44:36] LPR 11 Recv: LPR_N
[17:44:40] LPR 12 Recv: LPR_N
[17:44:41] LPR 11 Recv: LPR_N
[17:44:45] LPR 12 Recv: LPR_N
[17:44:46] LPR 11 Recv: LPR_N
[17:44:50] LPR 12 Recv: LPR_N
[17:44:52] LPR 11 Recv: LPR_N
[17:44:55] LPR 12 Recv: LPR_N
[17:44:57] LPR 11 Recv: LPR_N
[17:45:01] LPR 12 Recv: LPR_N
[17:45:02] LPR 11 Recv: LPR_N
[17:45:06] LPR 12 Recv: LPR_N
[17:45:07] LPR 11 Recv: LPR_N
[17:45:11] LPR 12 Recv: LPR_N
[17:45:12] LPR 11 Recv: LPR_N
[17:45:16] LPR 12 Recv: LPR_N
[17:45:18] LPR 11 Recv: LPR_N
[17:45:21] LPR 12 Recv: LPR_N
[17:45:23] LPR 11 Recv: LPR_N
[17:45:27] LPR 12 Recv: LPR_N
[17:45:28] LPR 11 Recv: LPR_N
[17:45:32] LPR 12 Recv: LPR_N
[17:45:33] LPR 11 Recv: LPR_N
[17:45:37] LPR 12 Recv: LPR_N
[17:45:39] LPR 11 Recv: LPR_N
[17:45:42] LPR 12 Recv: LPR_N
[17:45:44] LPR 11 Recv: LPR_N
[17:45:48] LPR 12 Recv: LPR_N
[17:45:50] LPR 11 Recv: LPR_N
[17:45:53] LPR 12 Recv: LPR_N
[17:45:55] LPR 11 Recv: LPR_N
[17:45:58] LPR 12 Recv: LPR_N
[17:46:00] LPR 11 Recv: LPR_N
[17:46:03] LPR 12 Recv: LPR_N
[17:46:05] LPR 11 Recv: LPR_N
[17:46:09] LPR 12 Recv: LPR_N
[17:46:10] LPR 11 Recv: LPR_N
[17:46:14] LPR 12 Recv: LPR_N
[17:46:16] LPR 11 Recv: LPR_N
[17:46:19] LPR 12 Recv: LPR_N
[17:46:21] LPR 11 Recv: LPR_N
[17:46:25] LPR 12 Recv: LPR_N
[17:46:26] LPR 11 Recv: LPR_N
[17:46:30] LPR 12 Recv: LPR_N
[17:46:31] LPR 11 Recv: LPR_N
[17:46:35] LPR 12 Recv: LPR_N
[17:46:37] LPR 11 Recv: LPR_N
[17:46:40] LPR 12 Recv: LPR_N
[17:46:42] LPR 11 Recv: LPR_N
[17:46:46] LPR 12 Recv: LPR_N
[17:46:47] LPR 11 Recv: LPR_N
[17:46:51] LPR 12 Recv: LPR_N
[17:46:52] LPR 11 Recv: LPR_N
[17:46:56] LPR 12 Recv: LPR_N
[17:46:58] LPR 11 Recv: LPR_N
[17:47:01] LPR 12 Recv: LPR_N
[17:47:03] LPR 11 Recv: LPR_N
[17:47:07] LPR 12 Recv: LPR_N
[17:47:08] LPR 11 Recv: LPR_N
[17:47:12] LPR 12 Recv: LPR_N
[17:47:13] LPR 11 Recv: LPR_N
[17:47:17] LPR 12 Recv: LPR_N
[17:47:19] LPR 11 Recv: LPR_N
[17:47:22] LPR 12 Recv: LPR_N
[17:47:24] LPR 11 Recv: LPR_N
[17:47:27] LPR 12 Recv: LPR_N
[17:47:29] LPR 11 Recv: LPR_N
[17:47:33] LPR 12 Recv: LPR_N
[17:47:35] LPR 11 Recv: LPR_N
[17:47:38] LPR 12 Recv: LPR_N
[17:47:40] LPR 11 Recv: LPR_N
[17:47:43] LPR 12 Recv: LPR_N
[17:47:45] LPR 11 Recv: LPR_N
[17:47:48] LPR 12 Recv: LPR_N
[17:47:50] LPR 11 Recv: LPR_N
[17:47:54] LPR 12 Recv: LPR_N
[17:47:56] LPR 11 Recv: LPR_N
[17:47:59] LPR 12 Recv: LPR_N
[17:48:01] LPR 11 Recv: LPR_N
[17:48:04] LPR 12 Recv: LPR_N
[17:48:06] LPR 11 Recv: LPR_N
[17:48:09] LPR 12 Recv: LPR_N
[17:48:11] LPR 11 Recv: LPR_N
[17:48:14] LPR 12 Recv: LPR_N
[17:48:16] LPR 11 Recv: LPR_N
[17:48:20] LPR 12 Recv: LPR_N
[17:48:22] LPR 11 Recv: LPR_N
[17:48:25] LPR 12 Recv: LPR_N
[17:48:27] LPR 11 Recv: LPR_N
[17:48:31] LPR 12 Recv: LPR_N
[17:48:32] LPR 11 Recv: LPR_N
[17:48:36] LPR 12 Recv: LPR_N
[17:48:37] LPR 11 Recv: LPR_N
[17:48:41] LPR 12 Recv: LPR_N
[17:48:43] LPR 11 Recv: LPR_N
[17:48:46] LPR 12 Recv: LPR_N
[17:48:48] LPR 11 Recv: LPR_N
[17:48:52] LPR 12 Recv: LPR_N
[17:48:54] LPR 11 Recv: LPR_N
[17:48:57] LPR 12 Recv: LPR_N
[17:48:59] LPR 11 Recv: LPR_N
[17:49:02] LPR 12 Recv: LPR_N
[17:49:04] LPR 11 Recv: LPR_N
[17:49:07] LPR 12 Recv: LPR_N
[17:49:09] LPR 11 Recv: LPR_N
[17:49:12] LPR 12 Recv: LPR_N
[17:49:14] LPR 11 Recv: LPR_N
[17:49:18] LPR 12 Recv: LPR_N
[17:49:20] LPR 11 Recv: LPR_N
[17:49:23] LPR 12 Recv: LPR_N
[17:49:25] LPR 11 Recv: LPR_N
[17:49:28] LPR 12 Recv: LPR_N
[17:49:30] LPR 11 Recv: LPR_N
[17:49:33] LPR 12 Recv: LPR_N
[17:49:35] LPR 11 Recv: LPR_N
[17:49:39] LPR 12 Recv: LPR_N
[17:49:41] LPR 11 Recv: LPR_N
[17:49:44] LPR 12 Recv: LPR_N
[17:49:46] LPR 11 Recv: LPR_N
[17:49:49] LPR 12 Recv: LPR_N
[17:49:51] LPR 11 Recv: LPR_N
[17:49:54] LPR 12 Recv: LPR_N
[17:49:56] LPR 11 Recv: LPR_N
[17:49:57] LPR 11 Recv: LPR_N
[17:49:57] LPR 12 Recv: LPR_N
[17:50:00] LPR 12 Recv: LPR_N
[17:50:01] LPR 11 Recv: LPR_N
[17:50:05] LPR 12 Recv: LPR_N
[17:50:07] LPR 11 Recv: LPR_N
[17:50:10] LPR 12 Recv: LPR_N
[17:50:12] LPR 11 Recv: LPR_N
[17:50:15] LPR 12 Recv: LPR_N
[17:50:17] LPR 11 Recv: LPR_N
[17:50:20] LPR 12 Recv: LPR_N
[17:50:23] LPR 11 Recv: LPR_N
[17:50:26] LPR 12 Recv: LPR_N
[17:50:28] LPR 11 Recv: LPR_N
[17:50:31] LPR 12 Recv: LPR_N
[17:50:33] LPR 11 Recv: LPR_N
[17:50:34] Program Close
