[09:01:57] Program Start!
[09:01:59] 근무시작: 배은화
[09:01:59] 영수증프린터 포트오픈 에러: ie_BadId - Specified comport doesn't exist
[09:01:59] Ping 시간 체크1-51379937
[09:01:59] Ping 시간 체크2-51379937
[09:01:59] Ping 시간 체크1-51379937
[09:01:59] Ping 시간 체크2-51379953
[09:01:59] Ping 시간 체크1-51379953
[09:01:59] Ping 시간 체크2-51379968
[09:01:59] Ping 시간 체크1-51379968
[09:01:59] Ping 시간 체크2-51379968
[09:01:59] 주차권  101
[09:01:59] 경차  102
[09:01:59] 장애인  103
[09:01:59] 전액무료  104
[09:01:59] LPR 12 Recv: 172.16.83.1
[09:01:59] LPR 11 Recv: 172.16.83.1
[09:01:59] LPR 12 Recv: LPR_N
[09:02:00] LPR 12 Recv: LPR_N
[09:02:01] LPR 11 Recv: LPR_R
[09:02:01] 시간동기화 전송
[09:02:05] LPR 12 Recv: LPR_N
[09:02:10] LPR 12 Recv: LPR_N
[09:02:15] LPR 12 Recv: LPR_N
[09:02:20] LPR 12 Recv: LPR_N
[09:02:25] LPR 12 Recv: LPR_N
[09:02:31] LPR 12 Recv: LPR_N
[09:02:36] LPR 12 Recv: LPR_N
[09:02:41] LPR 12 Recv: LPR_N
[09:02:46] LPR 12 Recv: LPR_N
[09:02:52] LPR 12 Recv: LPR_N
[09:02:57] LPR 12 Recv: LPR_N
[09:03:01] Ping 시간 체크1-51441812
[09:03:01] Ping 시간 체크2-51441812
[09:03:01] 11번 LPR OK 전송
[09:03:02] LPR 12 Recv: LPR_N
[09:03:07] LPR 12 Recv: LPR_N
[09:03:12] LPR 12 Recv: LPR_N
[09:03:18] LPR 12 Recv: LPR_N
[09:03:23] LPR 12 Recv: LPR_N
[09:03:28] LPR 12 Recv: LPR_N
[09:03:33] LPR 12 Recv: LPR_N
[09:03:39] LPR 12 Recv: LPR_N
[09:03:44] LPR 12 Recv: LPR_N
[09:03:49] LPR 12 Recv: LPR_N
[09:03:54] LPR 12 Recv: LPR_N
[09:04:00] LPR 12 Recv: LPR_N
[09:04:01] Ping 시간 체크1-51501812
[09:04:01] Ping 시간 체크2-51501828
[09:04:01] 11번 LPR OK 전송
[09:04:05] LPR 12 Recv: LPR_N
[09:04:11] LPR 12 Recv: LPR_N
[09:04:17] LPR 12 Recv: LPR_N
[09:04:17] LPR 11 Recv: CH1#0000000000#X#\2014\10\21\CH1_20141021090343_0000000000.jpg
[09:04:17] LPR Check: 0000000000, http://172.16.66.33:9080/MSImage/2014/10/21/CH1_20141021090343_0000000000.jpg, 3,,,0, 2014-10-21 09:03:43
[09:04:17] File: \\172.16.66.33\MSImage\2014\10\21\CH1_20141021090343_0000000000.jpg
[09:04:17] 일반차량: 0000000000, 
[09:04:17] Ping 시간 체크1-51518437
[09:04:17] Ping 시간 체크2-51518453
[09:04:17] Ping 시간 체크1-51518453
[09:04:17] Ping 시간 체크2-51518468
[09:04:17] 입구차단기 Open
[09:04:17] 일반차량입차: 0000000000, 
[09:04:22] LPR 12 Recv: LPR_N
[09:04:27] LPR 12 Recv: LPR_N
[09:04:29] LPR 11 Recv: CH1#0000000000#X#\2014\10\21\CH1_20141021090355_0000000000.jpg
[09:04:29] LPR Check: 0000000000, http://172.16.66.33:9080/MSImage/2014/10/21/CH1_20141021090355_0000000000.jpg, 3,,,0, 2014-10-21 09:03:55
[09:04:29] File: \\172.16.66.33\MSImage\2014\10\21\CH1_20141021090355_0000000000.jpg
[09:04:29] 일반차량: 0000000000, 
[09:04:29] Ping 시간 체크1-51530171
[09:04:29] Ping 시간 체크2-51530171
[09:04:29] Ping 시간 체크1-51530171
[09:04:29] Ping 시간 체크2-51530187
[09:04:29] 입구차단기 Open
[09:04:29] 일반차량입차: 0000000000, 
[09:04:32] LPR 12 Recv: LPR_N
[09:04:38] LPR 12 Recv: LPR_N
[09:04:43] LPR 12 Recv: LPR_N
[09:04:46] LPR 11 Recv: CH1#31로6819#N#\2014\10\21\CH1_20141021090412_31로6819.jpg
[09:04:46] LPR Check: 31로6819, http://172.16.66.33:9080/MSImage/2014/10/21/CH1_20141021090412_31로6819.jpg, 1,,,0, 2014-10-21 09:04:12
[09:04:46] File: \\172.16.66.33\MSImage\2014\10\21\CH1_20141021090412_31로6819.jpg
[09:04:46] 정기차량시작: 31로6819, 
[09:04:46] Ping 시간 체크1-51546875
[09:04:46] Ping 시간 체크2-51546875
[09:04:46] Ping 시간 체크1-51546875
[09:04:46] Ping 시간 체크2-51546890
[09:04:46] 입구차단기 Open
[09:04:46] 정기차량처리: 31로6819, 
[09:04:48] LPR 12 Recv: LPR_N
[09:04:53] LPR 12 Recv: LPR_N
[09:04:59] LPR 12 Recv: LPR_N
[09:05:04] LPR 12 Recv: LPR_N
[09:05:07] LPR 11 Recv: CH1#31로6811#N#\2014\10\21\CH1_20141021090433_31로6811.jpg
[09:05:07] LPR Check: 31로6811, http://172.16.66.33:9080/MSImage/2014/10/21/CH1_20141021090433_31로6811.jpg, 1,,,0, 2014-10-21 09:04:33
[09:05:07] File: \\172.16.66.33\MSImage\2014\10\21\CH1_20141021090433_31로6811.jpg
[09:05:07] 일반차량: 31로6811, 
[09:05:07] Ping 시간 체크1-51568406
[09:05:07] Ping 시간 체크2-51568406
[09:05:07] Ping 시간 체크1-51568406
[09:05:07] Ping 시간 체크2-51568406
[09:05:07] 입구차단기 Open
[09:05:07] 일반차량입차: 31로6811, 
[09:05:09] LPR 12 Recv: LPR_N
[09:05:14] LPR 12 Recv: LPR_N
[09:05:19] LPR 12 Recv: LPR_N
[09:05:25] LPR 12 Recv: LPR_N
[09:05:30] LPR 12 Recv: LPR_N
[09:05:36] LPR 12 Recv: LPR_N
[09:05:41] LPR 12 Recv: LPR_N
[09:05:46] LPR 12 Recv: LPR_N
[09:05:51] LPR 12 Recv: LPR_N
[09:05:57] LPR 12 Recv: LPR_N
[09:06:02] LPR 12 Recv: LPR_N
[09:06:07] LPR 12 Recv: LPR_N
[09:06:07] Ping 시간 체크1-51628406
[09:06:07] Ping 시간 체크2-51628421
[09:06:07] 11번 LPR OK 전송
[09:06:12] LPR 12 Recv: LPR_N
[09:06:17] LPR 12 Recv: LPR_N
[09:06:23] LPR 12 Recv: LPR_N
[09:06:28] LPR 12 Recv: LPR_N
[09:06:33] LPR 12 Recv: LPR_N
[09:06:38] LPR 12 Recv: LPR_N
[09:06:44] LPR 12 Recv: LPR_N
[09:06:45] LPR 12 Recv: CH1#31로6819#N#\2014\10\21\CH1_20141021090616_31로6819.jpg
[09:06:45] LPR Check: 31로6819,http://172.16.66.34:9080/MSImage/2014/10/21/CH1_20141021090616_31로6819.jpg,1,,,0, 2014-10-21 09:06:16
[09:06:45] File: \\172.16.66.34\MSImage\2014\10\21\CH1_20141021090616_31로6819.jpg
[09:06:45] 정기차량시작: 31로6819, 
[09:06:45] Ping 시간 체크1-51666281
[09:06:45] Ping 시간 체크2-51666281
[09:06:45] File: \\172.16.66.33\MSImage\2014\10\21\CH1_20141021090412_31로6819.jpg
[09:06:45] Ping 시간 체크1-51666546
[09:06:45] Ping 시간 체크2-51666546
[09:06:46] Ping 시간 체크1-51666765
[09:06:46] Ping 시간 체크2-51666765
[09:06:46] Ping 시간 체크1-51666765
[09:06:46] Ping 시간 체크2-51666781
[09:06:46] 출구차단기 Open
[09:06:46] 정기차량처리: 31로6819, 
[09:06:49] LPR 12 Recv: LPR_N
[09:06:54] LPR 12 Recv: LPR_N
[09:06:59] LPR 12 Recv: LPR_N
[09:07:04] LPR 12 Recv: LPR_N
[09:07:07] Ping 시간 체크1-51688406
[09:07:07] Ping 시간 체크2-51688406
[09:07:07] 11번 LPR OK 전송
[09:07:10] LPR 12 Recv: LPR_N
[09:07:15] LPR 12 Recv: LPR_N
[09:07:20] LPR 12 Recv: LPR_N
[09:07:25] LPR 12 Recv: LPR_N
[09:07:31] LPR 12 Recv: LPR_N
[09:20:58] LPR 12 Recv: LPR_N
[09:21:01] LPR 11 Recv: CH1#31로6819#N#\2014\10\21\CH1_20141021092029_31로6819.jpg
[09:21:01] LPR Check: 31로6819, http://172.16.66.33:9080/MSImage/2014/10/21/CH1_20141021092029_31로6819.jpg, 1,,,0, 2014-10-21 09:20:29
[09:21:01] File: \\172.16.66.33\MSImage\2014\10\21\CH1_20141021092029_31로6819.jpg
[09:21:06] 정기차량시작: 31로6819, 
[10:03:24] Program Start!
[10:03:28] 근무시작: 배은화
[10:03:30] 영수증프린터 포트오픈 에러: ie_BadId - Specified comport doesn't exist
[10:03:30] Ping 시간 체크1-1871765
[10:03:30] Ping 시간 체크2-1871781
[10:03:30] Ping 시간 체크1-1871843
[10:03:30] Ping 시간 체크2-1871859
[10:03:30] Ping 시간 체크1-1871859
[10:03:30] Ping 시간 체크2-1871875
[10:03:30] Ping 시간 체크1-1871875
[10:03:30] Ping 시간 체크2-1871890
[10:03:30] 주차권  101
[10:03:30] 경차  102
[10:03:30] 장애인  103
[10:03:30] 전액무료  104
[10:03:31] LPR 11 Recv: 172.16.83.1
[10:03:31] LPR 12 Recv: 172.16.83.1
[10:03:32] LPR 12 Recv: LPR_N
[10:03:32] LPR 11 Recv: LPR_R
[10:03:32] 시간동기화 전송
[10:03:33] LPR 12 Recv: LPR_N
[10:03:38] LPR 12 Recv: LPR_N
[10:03:43] LPR 12 Recv: LPR_N
[10:03:48] LPR 12 Recv: LPR_N
[10:03:49] LPR 12 Recv: CH1#31로6825#N#\2014\10\24\CH1_20141024100319_31로6825.jpg
[10:03:49] LPR Check: 31로6825,http://172.16.66.34:9080/MSImage/2014/10/24/CH1_20141024100319_31로6825.jpg,1,,,0, 2014-10-24 10:03:19
[10:03:49] File: \\172.16.66.34\MSImage\2014\10\24\CH1_20141024100319_31로6825.jpg
[10:03:49] 일반차량: 31로6825, 
[10:04:16] Program Start!
[10:04:42] 근무시작: 배은화
[10:04:44] 영수증프린터 포트오픈 에러: ie_BadId - Specified comport doesn't exist
[10:04:44] Ping 시간 체크1-1946093
[10:04:44] Ping 시간 체크2-1946093
[10:04:44] Ping 시간 체크1-1946156
[10:04:44] Ping 시간 체크2-1946156
[10:04:44] Ping 시간 체크1-1946171
[10:04:44] Ping 시간 체크2-1946171
[10:04:44] Ping 시간 체크1-1946171
[10:04:44] Ping 시간 체크2-1946187
[10:04:44] 주차권  101
[10:04:44] 경차  102
[10:04:44] 장애인  103
[10:04:44] 전액무료  104
[10:04:46] LPR 11 Recv: 172.16.83.1
[10:04:46] LPR 12 Recv: 172.16.83.1LPR_N
[10:04:46] LPR Check: ,http://172.16.66.34:9080/MSImage172.16.83.1LPR_N,3,,,0, N   -  -     :  :  
[10:04:46] 이미지저장폴더 생성실패: C:\LPRImage\N   \  \  \12
[10:04:46] File: \\172.16.66.34\MSImage172.16.83.1LPR_N
[10:04:47] csOutLpr1Read: qryOutLpr1Proc: Cannot perform this operation on a closed dataset
[10:04:47] LPR 12 Recv: LPR_N
[10:04:47] LPR 11 Recv: LPR_R
[10:04:47] 시간동기화 전송
[10:04:50] LPR 12 Recv: CH1#31로6825#N#\2014\10\24\CH1_20141024100420_31로6825.jpg
[10:04:50] LPR Check: 31로6825,http://172.16.66.34:9080/MSImage/2014/10/24/CH1_20141024100420_31로6825.jpg,1,,,0, 2014-10-24 10:04:20
[10:04:50] File: \\172.16.66.34\MSImage\2014\10\24\CH1_20141024100420_31로6825.jpg
[10:04:50] 일반차량: 31로6825, 
