[09:26:55] Program Start!
[09:27:39] Program Start!
[09:27:43] 근무시작: 배은화
[09:27:44] 영수증프린터 포트오픈 에러: ie_BadId - Specified comport doesn't exist
[09:27:44] Ping 시간 체크1-58084468
[09:27:44] Ping 시간 체크2-58084468
[09:27:44] Ping 시간 체크1-58084531
[09:27:44] Ping 시간 체크2-58084546
[09:27:44] Ping 시간 체크1-58084546
[09:27:44] Ping 시간 체크2-58084562
[09:27:44] Ping 시간 체크1-58084562
[09:27:44] Ping 시간 체크2-58084562
[09:27:44] 주차권  101
[09:27:44] 경차  102
[09:27:44] 장애인  103
[09:27:44] 전액무료  104
[09:27:47] LPR 12 Recv: 172.16.83.1
[09:27:50] LPR 11 Recv: 172.16.83.1LPR_N
[09:27:50] LPR Check: , http://172.16.66.33:9080/MSImage172.16.83.1LPR_N, 3,,,0, N   -  -     :  :  
[09:27:50] 이미지저장폴더 생성실패: C:\LPRImage\N   \  \  \11
[09:27:50] File: \\172.16.66.33\MSImage172.16.83.1LPR_N
[09:27:51] csInLpr1Read: qryInLpr1Proc: Cannot perform this operation on a closed dataset
[09:27:51] LPR 12 Recv: LPR_R
[09:27:51] 시간동기화 전송
[09:27:55] LPR 11 Recv: LPR_N
[09:31:42] Program Start!
[09:32:19] Program Start!
[09:32:27] Program Start!
[09:32:32] 근무시작: 배은화
[09:32:33] 영수증프린터 포트오픈 에러: ie_BadId - Specified comport doesn't exist
[09:32:33] Ping 시간 체크1-58373468
[09:32:33] Ping 시간 체크2-58373484
[09:32:33] Ping 시간 체크1-58373546
[09:32:33] Ping 시간 체크2-58373546
[09:32:33] Ping 시간 체크1-58373562
[09:32:33] Ping 시간 체크2-58373562
[09:32:33] Ping 시간 체크1-58373578
[09:32:33] Ping 시간 체크2-58373578
[09:32:33] 주차권  101
[09:32:33] 경차  102
[09:32:33] 장애인  103
[09:32:33] 전액무료  104
[09:32:36] LPR 12 Recv: 172.16.83.1
[09:32:37] LPR 11 Recv: 172.16.83.1LPR_N
[09:32:37] LPR Check: , http://172.16.66.33:9080/MSImage172.16.83.1LPR_N, 3,,,0, N   -  -     :  :  
[09:32:37] 이미지저장폴더 생성실패: C:\LPRImage\N   \  \  \11
[09:32:37] File: \\172.16.66.33\MSImage172.16.83.1LPR_N
[09:32:38] csInLpr1Read: qryInLpr1Proc: Cannot perform this operation on a closed dataset
[09:32:38] LPR 12 Recv: LPR_R
[09:32:38] 시간동기화 전송
[09:32:39] LPR 11 Recv: LPR_N
[09:32:40] LPR 12 Recv: LPR_R
[09:32:40] 시간동기화 전송
[09:38:29] Program Start!
[09:38:35] 근무시작: 배은화
[09:38:36] 영수증프린터 포트오픈 에러: ie_BadId - Specified comport doesn't exist
[09:38:36] Ping 시간 체크1-58736046
[09:38:36] Ping 시간 체크2-58736062
[09:38:36] Ping 시간 체크1-58736093
[09:38:36] Ping 시간 체크2-58736093
[09:38:36] Ping 시간 체크1-58736109
[09:38:36] Ping 시간 체크2-58736109
[09:38:36] Ping 시간 체크1-58736140
[09:38:36] Ping 시간 체크2-58736140
[09:38:36] 주차권  101
[09:38:36] 경차  102
[09:38:36] 장애인  103
[09:38:36] 전액무료  104
[09:38:38] LPR 11 Recv: 172.16.83.1LPR_N
[09:38:38] LPR Check: , http://172.16.66.33:9080/MSImage172.16.83.1LPR_N, 3,,,0, N   -  -     :  :  
[09:38:38] 이미지저장폴더 생성실패: C:\LPRImage\N   \  \  \11
[09:38:38] File: \\172.16.66.33\MSImage172.16.83.1LPR_N
[09:38:39] csInLpr1Read: qryInLpr1Proc: Cannot perform this operation on a closed dataset
[09:38:39] LPR 12 Recv: 172.16.83.1LPR_R
[09:38:39] LPR Check: ,http://172.16.66.34:9080/MSImage172.16.83.1LPR_R,3,,,0, R   -  -     :  :  
[09:38:39] 이미지저장폴더 생성실패: C:\LPRImage\R   \  \  \12
[09:38:39] File: \\172.16.66.34\MSImage172.16.83.1LPR_R
[09:38:40] csOutLpr1Read: qryOutLpr1Proc: Cannot perform this operation on a closed dataset
[09:38:42] LPR 11 Recv: LPR_N
[09:38:48] LPR 11 Recv: LPR_N
[09:39:15] LPR 11 Recv: LPR_N
[09:39:20] Program Start!
[09:42:10] Program Start!
[16:29:24] Program Start!
[16:29:26] 근무시작: 배은화
[16:29:26] 영수증프린터 포트오픈 에러: ie_BadId - Specified comport doesn't exist
[16:29:26] Ping 시간 체크1-83386281
[16:29:26] Ping 시간 체크2-83386296
[16:29:26] Ping 시간 체크1-83386296
[16:29:26] Ping 시간 체크2-83386312
[16:29:26] Ping 시간 체크1-83386312
[16:29:26] Ping 시간 체크2-83386328
[16:29:26] Ping 시간 체크1-83386328
[16:29:26] Ping 시간 체크2-83386343
[16:29:26] 주차권  101
[16:29:26] 경차  102
[16:29:26] 장애인  103
[16:29:26] 전액무료  104
[16:29:26] LPR 11 Recv: 172.16.83.1
[16:29:26] LPR 12 Recv: 172.16.83.1
[16:29:27] LPR 11 Recv: LPR_N
[16:29:28] LPR 12 Recv: LPR_R
[16:29:28] 시간동기화 전송
[16:29:30] LPR 11 Recv: LPR_N
[16:29:35] LPR 11 Recv: LPR_N
[16:29:40] LPR 11 Recv: LPR_N
[16:29:45] LPR 11 Recv: LPR_N
[16:29:51] LPR 11 Recv: LPR_N
[16:29:56] LPR 11 Recv: LPR_N
[16:30:01] LPR 11 Recv: LPR_N
[16:30:06] LPR 11 Recv: LPR_N
[16:30:12] LPR 11 Recv: LPR_N
[16:30:17] LPR 11 Recv: LPR_N
[16:30:22] LPR 11 Recv: LPR_N
[16:30:27] LPR 11 Recv: LPR_N
[16:30:28] Ping 시간 체크1-83448140
[16:30:28] Ping 시간 체크2-83448156
[16:30:28] 12번 LPR OK 전송
[16:30:32] LPR 11 Recv: LPR_N
[16:30:38] LPR 11 Recv: LPR_N
[16:30:43] LPR 11 Recv: LPR_N
[16:30:47] LPR 11 Recv: CH1#31로6819#N#\2014\10\08\CH1_20141008170717_31로6819.jpg
[16:30:47] LPR Check: 31로6819, http://172.16.66.33:9080/MSImage/2014/10/08/CH1_20141008170717_31로6819.jpg, 1,,,0, 2014-10-08 17:07:17
[16:30:47] File: \\172.16.66.33\MSImage\2014\10\08\CH1_20141008170717_31로6819.jpg
[16:30:47] 정기차량시작: 31로6819, 
[16:30:47] Ping 시간 체크1-83467765
[16:30:47] Ping 시간 체크2-83467781
[16:30:47] Ping 시간 체크1-83467781
[16:30:47] Ping 시간 체크2-83467781
[16:30:47] 입구차단기 Open
[16:30:47] 정기차량처리: 31로6819, 
[16:30:48] LPR 11 Recv: LPR_N
[16:30:54] LPR 11 Recv: LPR_R
[16:30:54] 시간동기화 전송
[16:31:01] LPR 11 Recv: CH1#31로6819#N#\2014\10\01\CH1_20141001160138_31로6819.jpg
[16:31:01] LPR Check: 31로6819, http://172.16.66.33:9080/MSImage/2014/10/01/CH1_20141001160138_31로6819.jpg, 1,,,0, 2014-10-01 16:01:38
[16:31:01] File: \\172.16.66.33\MSImage\2014\10\01\CH1_20141001160138_31로6819.jpg
[16:31:01] 정기차량시작: 31로6819, 
[16:31:01] Ping 시간 체크1-83481421
[16:31:01] Ping 시간 체크2-83481421
[16:31:01] Ping 시간 체크1-83481421
[16:31:01] Ping 시간 체크2-83481437
[16:31:01] 입구차단기 Open
[16:31:01] 정기차량처리: 31로6819, 
[16:31:28] Ping 시간 체크1-83508140
[16:31:28] Ping 시간 체크2-83508140
[16:31:28] 12번 LPR OK 전송
[16:32:01] Ping 시간 체크1-83541437
[16:32:01] Ping 시간 체크2-83541453
[16:32:01] 11번 LPR OK 전송
[16:32:28] Ping 시간 체크1-83568140
[16:32:28] Ping 시간 체크2-83568140
[16:32:28] 12번 LPR OK 전송
[16:33:01] Ping 시간 체크1-83601437
[16:33:01] Ping 시간 체크2-83601437
[16:33:01] 11번 LPR OK 전송
[16:33:28] Ping 시간 체크1-83628140
[16:33:28] Ping 시간 체크2-83628140
[16:33:28] 12번 LPR OK 전송
[16:34:01] Ping 시간 체크1-83661437
[16:34:01] Ping 시간 체크2-83661437
[16:34:01] 11번 LPR OK 전송
[16:34:28] Ping 시간 체크1-83688140
[16:34:28] Ping 시간 체크2-83688140
[16:34:28] 12번 LPR OK 전송
[16:35:01] Ping 시간 체크1-83721437
[16:35:01] Ping 시간 체크2-83721453
[16:35:01] 11번 LPR OK 전송
[16:35:28] Ping 시간 체크1-83748140
[16:35:28] Ping 시간 체크2-83748140
[16:35:28] 12번 LPR OK 전송
[16:36:01] Ping 시간 체크1-83781437
[16:36:01] Ping 시간 체크2-83781437
[16:36:01] 11번 LPR OK 전송
[16:36:28] Ping 시간 체크1-83808140
[16:36:28] Ping 시간 체크2-83808140
[16:36:28] 12번 LPR OK 전송
[16:37:01] Ping 시간 체크1-83841437
[16:37:01] Ping 시간 체크2-83841437
[16:37:01] 11번 LPR OK 전송
[16:37:28] Ping 시간 체크1-83868140
[16:37:28] Ping 시간 체크2-83868140
[16:37:28] 12번 LPR OK 전송
[16:38:01] Ping 시간 체크1-83901437
[16:38:01] Ping 시간 체크2-83901437
[16:38:01] 11번 LPR OK 전송
[16:38:28] Ping 시간 체크1-83928140
[16:38:28] Ping 시간 체크2-83928140
[16:38:28] 12번 LPR OK 전송
[16:39:01] Ping 시간 체크1-83961437
[16:39:01] Ping 시간 체크2-83961453
[16:39:01] 11번 LPR OK 전송
[16:39:28] Ping 시간 체크1-83988140
[16:39:28] Ping 시간 체크2-83988140
[16:39:28] 12번 LPR OK 전송
[16:40:01] Ping 시간 체크1-84021437
[16:40:01] Ping 시간 체크2-84021437
[16:40:01] 11번 LPR OK 전송
[16:40:28] Ping 시간 체크1-84048140
[16:40:28] Ping 시간 체크2-84048140
[16:40:28] 12번 LPR OK 전송
[16:41:01] Ping 시간 체크1-84081437
[16:41:01] Ping 시간 체크2-84081437
[16:41:01] 11번 LPR OK 전송
[16:41:28] Ping 시간 체크1-84108140
[16:41:28] Ping 시간 체크2-84108140
[16:41:28] 12번 LPR OK 전송
[16:42:01] Ping 시간 체크1-84141437
[16:42:01] Ping 시간 체크2-84141437
[16:42:01] 11번 LPR OK 전송
[16:42:28] Ping 시간 체크1-84168140
[16:42:28] Ping 시간 체크2-84168140
[16:42:28] 12번 LPR OK 전송
[16:43:01] Ping 시간 체크1-84201437
[16:43:01] Ping 시간 체크2-84201437
[16:43:01] 11번 LPR OK 전송
[16:43:27] Program Close
