[10:49:05] Program Start!
[10:49:08] Program Close
[10:57:53] Program Start!
[10:57:55] 근무시작: 근무자
[10:57:55] 설치된 영수증프린터가 없음!
[10:57:55] Ping 시간 체크1-177689578
[10:57:55] Ping 시간 체크2-177689578
[10:57:55] Ping 시간 체크1-177689578
[10:57:55] Ping 시간 체크2-177689593
[10:57:55] Ping 시간 체크1-177689593
[10:57:55] Ping 시간 체크2-177689593
[10:57:55] Ping 시간 체크1-177689593
[10:57:55] Ping 시간 체크2-177689609
[10:57:55] 2시간  101
[10:57:55] 3시간  102
[10:57:55] 무료  103
[10:57:55] LPR 12 Recv: 172.16.83.1
[10:57:55] LPR 11 Recv: 172.16.83.1
[10:57:56] LPR 11 Recv: LPR_R
[10:57:56] 시간동기화 전송
[10:57:56] LPR 12 Recv: LPR_R
[10:57:56] 시간동기화 전송
[10:58:18] Ping 시간 체크1-177712875
[10:58:18] Ping 시간 체크2-177712875
[10:58:43] Program Close
[10:58:45] Program Start!
[10:58:46] 근무시작: 근무자
[10:58:46] 설치된 영수증프린터가 없음!
[10:58:46] Ping 시간 체크1-177740843
[10:58:46] Ping 시간 체크2-177740843
[10:58:46] Ping 시간 체크1-177740859
[10:58:46] Ping 시간 체크2-177740859
[10:58:46] Ping 시간 체크1-177740859
[10:58:46] Ping 시간 체크2-177740859
[10:58:46] Ping 시간 체크1-177740859
[10:58:46] Ping 시간 체크2-177740875
[10:58:46] 2시간  101
[10:58:46] 3시간  102
[10:58:46] 무료  103
[10:58:46] LPR 12 Recv: 172.16.83.1
[10:58:46] LPR 11 Recv: 172.16.83.1
[10:58:48] LPR 12 Recv: LPR_R
[10:58:48] 시간동기화 전송
[10:58:48] LPR 11 Recv: LPR_R
[10:58:48] 시간동기화 전송
[10:59:47] Ping 시간 체크1-177802531
[10:59:48] Ping 시간 체크2-177802546
[10:59:48] 12번 LPR OK 전송
[10:59:48] Ping 시간 체크1-177802656
[10:59:48] Ping 시간 체크2-177802671
[10:59:48] 11번 LPR OK 전송
[11:00:47] Ping 시간 체크1-177862531
[11:00:48] Ping 시간 체크2-177862531
[11:00:48] 12번 LPR OK 전송
[11:00:48] Ping 시간 체크1-177862656
[11:00:48] Ping 시간 체크2-177862656
[11:00:48] 11번 LPR OK 전송
[11:01:47] Ping 시간 체크1-177922531
[11:01:47] Ping 시간 체크2-177922531
[11:01:47] 12번 LPR OK 전송
[11:01:48] Ping 시간 체크1-177922656
[11:01:48] Ping 시간 체크2-177922656
[11:01:48] 11번 LPR OK 전송
[11:02:47] Ping 시간 체크1-177982531
[11:02:47] Ping 시간 체크2-177982531
[11:02:48] 12번 LPR OK 전송
[11:02:48] Ping 시간 체크1-177982656
[11:02:48] Ping 시간 체크2-177982656
[11:02:48] 11번 LPR OK 전송
[11:03:30] Program Close
[11:17:04] Program Start!
[11:17:21] Program Start!
[11:17:26] 근무시작: 근무자
[11:17:26] 설치된 영수증프린터가 없음!
[11:17:26] Ping 시간 체크1-178860703
[11:17:26] Ping 시간 체크2-178860718
[11:17:26] Ping 시간 체크1-178860781
[11:17:26] Ping 시간 체크2-178860796
[11:17:26] Ping 시간 체크1-178860796
[11:17:26] Ping 시간 체크2-178860812
[11:17:26] Ping 시간 체크1-178860812
[11:17:26] Ping 시간 체크2-178860812
[11:17:26] 2시간  101
[11:17:26] 3시간  102
[11:17:26] 무료  103
[11:17:27] LPR 12 Recv: 172.16.83.1
[11:17:27] LPR 11 Recv: 172.16.83.1
[11:17:29] LPR 12 Recv: LPR_R
[11:17:29] 시간동기화 전송
[11:17:29] LPR 11 Recv: LPR_R
[11:17:29] 시간동기화 전송
[11:17:38] LPR 11 Recv: CH1#서울77로7789#O#\2014\11\12\CH1_20141112111733_서울77로7789.jpg
[11:17:38] LPR Check: 서울77로7789, http://172.16.66.33:9080/MSImage/2014/11/12/CH1_20141112111733_서울77로7789.jpg, 1,,,0, 2014-11-12 11:17:33
[11:17:38] File: \\172.16.66.33\MSImage\2014\11\12\CH1_20141112111733_서울77로7789.jpg
[11:17:40] 정기차량시작: 서울77로7789, 
[11:21:25] Program Start!
[11:21:28] 근무시작: 근무자
[11:21:28] 설치된 영수증프린터가 없음!
[11:21:28] Ping 시간 체크1-179102843
[11:21:28] Ping 시간 체크2-179102859
[11:21:28] Ping 시간 체크1-179102906
[11:21:28] Ping 시간 체크2-179102921
[11:21:28] Ping 시간 체크1-179102921
[11:21:28] Ping 시간 체크2-179102921
[11:21:28] Ping 시간 체크1-179102937
[11:21:28] Ping 시간 체크2-179102937
[11:21:28] 2시간  101
[11:21:28] 3시간  102
[11:21:28] 무료  103
[11:21:29] LPR 11 Recv: 172.16.83.1
[11:21:29] LPR 12 Recv: 172.16.83.1
[11:21:30] LPR 12 Recv: LPR_R
[11:21:30] 시간동기화 전송
[11:21:30] LPR 11 Recv: LPR_R
[11:21:30] 시간동기화 전송
[11:21:32] LPR 11 Recv: CH1#서울77로7789#O#\2014\11\12\CH1_20141112112127_서울77로7789.jpg
[11:21:32] LPR Check: 서울77로7789, http://172.16.66.33:9080/MSImage/2014/11/12/CH1_20141112112127_서울77로7789.jpg, 1,,,0, 2014-11-12 11:21:27
[11:21:32] File: \\172.16.66.33\MSImage\2014\11\12\CH1_20141112112127_서울77로7789.jpg
[11:21:33] 정기차량시작: 서울77로7789, 
[11:22:34] Ping 시간 체크1-179169343
[11:22:34] Ping 시간 체크2-179169359
[11:22:40] Ping 시간 체크1-179175250
[11:22:40] Ping 시간 체크2-179175250
[11:22:40] 입구차단기 Open
[11:22:41] 정기차량처리: 서울77로7789, 
[11:23:07] Program Start!
[11:23:13] 근무시작: 근무자
[11:23:13] 설치된 영수증프린터가 없음!
[11:23:13] Ping 시간 체크1-179207968
[11:23:13] Ping 시간 체크2-179207984
[11:23:13] Ping 시간 체크1-179208031
[11:23:13] Ping 시간 체크2-179208046
[11:23:13] Ping 시간 체크1-179208046
[11:23:13] Ping 시간 체크2-179208046
[11:23:13] Ping 시간 체크1-179208046
[11:23:13] Ping 시간 체크2-179208062
[11:23:13] 2시간  101
[11:23:13] 3시간  102
[11:23:13] 무료  103
[11:23:14] LPR 11 Recv: 172.16.83.1
[11:23:14] LPR 12 Recv: 172.16.83.1
[11:23:15] LPR 12 Recv: LPR_R
[11:23:15] 시간동기화 전송
[11:23:15] LPR 11 Recv: LPR_R
[11:23:15] 시간동기화 전송
[11:23:22] LPR 12 Recv: CH1#서울77로7789#O#\2014\11\12\CH1_20141112112330_서울77로7789.jpg
[11:23:22] LPR Check: 서울77로7789,http://172.16.66.34:9080/MSImage/2014/11/12/CH1_20141112112330_서울77로7789.jpg,1,,,0, 2014-11-12 11:23:30
[11:23:22] File: \\172.16.66.34\MSImage\2014\11\12\CH1_20141112112330_서울77로7789.jpg
[11:23:24] 정기차량시작: 서울77로7789, 
[11:23:24] Ping 시간 체크1-179218578
[11:23:24] Ping 시간 체크2-179218593
[11:23:24] File: \\172.16.66.33\MSImage\2014\11\12\CH1_20141112112127_서울77로7789.jpg
[11:23:24] Ping 시간 체크1-179218734
[11:23:24] Ping 시간 체크2-179218734
[11:23:24] Ping 시간 체크1-179218843
[11:23:24] Ping 시간 체크2-179218843
[11:23:24] Ping 시간 체크1-179218843
[11:23:24] Ping 시간 체크2-179218859
[11:23:24] 출구차단기 Open
[11:23:24] 정기차량처리: 서울77로7789, 
[11:23:32] Program Start!
[11:23:35] 근무시작: 근무자
[11:23:36] 설치된 영수증프린터가 없음!
[11:23:36] Ping 시간 체크1-179230546
[11:23:36] Ping 시간 체크2-179230562
[11:23:36] Ping 시간 체크1-179230625
[11:23:36] Ping 시간 체크2-179230625
[11:23:36] Ping 시간 체크1-179230625
[11:23:36] Ping 시간 체크2-179230640
[11:23:36] Ping 시간 체크1-179230640
[11:23:36] Ping 시간 체크2-179230640
[11:23:36] 2시간  101
[11:23:36] 3시간  102
[11:23:36] 무료  103
[11:23:40] LPR 12 Recv: 172.16.83.1
[11:23:40] LPR 11 Recv: 172.16.83.1
[11:23:41] LPR 12 Recv: LPR_R
[11:23:41] 시간동기화 전송
[11:23:41] LPR 11 Recv: LPR_R
[11:23:41] 시간동기화 전송
[11:23:44] LPR 12 Recv: CH1#서울77로7789#O#\2014\11\12\CH1_20141112112353_서울77로7789.jpg
[11:23:44] LPR Check: 서울77로7789,http://172.16.66.34:9080/MSImage/2014/11/12/CH1_20141112112353_서울77로7789.jpg,1,,,0, 2014-11-12 11:23:53
[11:23:44] File: \\172.16.66.34\MSImage\2014\11\12\CH1_20141112112353_서울77로7789.jpg
[11:23:45] 정기차량시작: 서울77로7789, 
[11:23:46] Ping 시간 체크1-179241312
[11:23:46] Ping 시간 체크2-179241312
[11:23:46] Ping 시간 체크1-179241406
[11:23:46] Ping 시간 체크2-179241406
[11:23:46] Ping 시간 체크1-179241406
[11:23:46] Ping 시간 체크2-179241406
[11:23:46] 출구차단기 Open
[11:23:46] 정기차량처리: 서울77로7789, 
[11:24:01] Program Start!
[11:24:04] 근무시작: 근무자
[11:24:04] 설치된 영수증프린터가 없음!
[11:24:04] Ping 시간 체크1-179258906
[11:24:04] Ping 시간 체크2-179258906
[11:24:04] Ping 시간 체크1-179258968
[11:24:04] Ping 시간 체크2-179258968
[11:24:04] Ping 시간 체크1-179258968
[11:24:04] Ping 시간 체크2-179258984
[11:24:04] Ping 시간 체크1-179258984
[11:24:04] Ping 시간 체크2-179258984
[11:24:04] 2시간  101
[11:24:04] 3시간  102
[11:24:04] 무료  103
[11:24:05] LPR 12 Recv: 172.16.83.1
[11:24:05] LPR 11 Recv: 172.16.83.1
[11:24:06] LPR 11 Recv: LPR_R
[11:24:06] 시간동기화 전송
[11:24:06] LPR 12 Recv: LPR_R
[11:24:06] 시간동기화 전송
[11:24:07] LPR 12 Recv: CH1#서울77로7789#O#\2014\11\12\CH1_20141112112416_서울77로7789.jpg
[11:24:07] LPR Check: 서울77로7789,http://172.16.66.34:9080/MSImage/2014/11/12/CH1_20141112112416_서울77로7789.jpg,1,,,0, 2014-11-12 11:24:16
[11:24:07] File: \\172.16.66.34\MSImage\2014\11\12\CH1_20141112112416_서울77로7789.jpg
[11:24:08] 정기차량시작: 서울77로7789, 
[11:24:15] Ping 시간 체크1-179269578
[11:24:15] Ping 시간 체크2-179269593
[11:28:44] Ping 시간 체크1-179538828
[11:28:44] Ping 시간 체크2-179538859
[11:28:45] Ping 시간 체크1-179540296
[11:28:45] Ping 시간 체크2-179540296
[11:28:45] 출구차단기 Open
[11:50:39] Program Start!
[11:50:43] 근무시작: 근무자
[11:50:43] 설치된 영수증프린터가 없음!
[11:50:43] Ping 시간 체크1-180858203
[11:50:43] Ping 시간 체크2-180858218
[11:50:43] Ping 시간 체크1-180858281
[11:50:43] Ping 시간 체크2-180858281
[11:50:43] Ping 시간 체크1-180858281
[11:50:43] Ping 시간 체크2-180858296
[11:50:43] Ping 시간 체크1-180858296
[11:50:43] Ping 시간 체크2-180858312
[11:50:43] 2시간  101
[11:50:43] 3시간  102
[11:50:43] 무료  103
[11:50:45] LPR 11 Recv: 172.16.83.1
[11:50:45] LPR 12 Recv: 172.16.83.1
[11:50:45] LPR 11 Recv: LPR_R
[11:50:45] 시간동기화 전송
[11:50:46] LPR 12 Recv: LPR_R
[11:50:46] 시간동기화 전송
[11:50:48] LPR 12 Recv: CH1#서울77로7789#O#\2014\11\12\CH1_20141112115056_서울77로7789.jpg
[11:50:48] LPR Check: 서울77로7789,http://172.16.66.34:9080/MSImage/2014/11/12/CH1_20141112115056_서울77로7789.jpg,1,,,0, 2014-11-12 11:50:56
[11:50:48] File: \\172.16.66.34\MSImage\2014\11\12\CH1_20141112115056_서울77로7789.jpg
[11:50:49] 정기차량시작: 서울77로7789, 
[11:50:55] Ping 시간 체크1-180870437
[11:50:55] Ping 시간 체크2-180870453
[11:52:22] Program Start!
[11:52:25] 근무시작: 근무자
[11:52:25] 설치된 영수증프린터가 없음!
[11:52:25] Ping 시간 체크1-180959640
[11:52:25] Ping 시간 체크2-180959656
[11:52:25] Ping 시간 체크1-180959718
[11:52:25] Ping 시간 체크2-180959718
[11:52:25] Ping 시간 체크1-180959734
[11:52:25] Ping 시간 체크2-180959734
[11:52:25] Ping 시간 체크1-180959734
[11:52:25] Ping 시간 체크2-180959750
[11:52:25] 2시간  101
[11:52:25] 3시간  102
[11:52:25] 무료  103
[11:52:26] LPR 11 Recv: 172.16.83.1
[11:52:26] LPR 12 Recv: 172.16.83.1
[11:52:27] LPR 11 Recv: LPR_R
[11:52:27] 시간동기화 전송
[11:52:28] LPR 12 Recv: LPR_R
[11:52:28] 시간동기화 전송
[11:52:28] LPR 11 Recv: LPR_R
[11:52:28] 시간동기화 전송
[11:52:29] LPR 11 Recv: CH1#서울77로7789#O#\2014\11\12\CH1_20141112115224_서울77로7789.jpg
[11:52:29] LPR Check: 서울77로7789, http://172.16.66.33:9080/MSImage/2014/11/12/CH1_20141112115224_서울77로7789.jpg, 1,,,0, 2014-11-12 11:52:24
[11:52:29] File: \\172.16.66.33\MSImage\2014\11\12\CH1_20141112115224_서울77로7789.jpg
[11:52:31] 정기차량시작: 서울77로7789, 
[13:11:28] Ping 시간 체크1-185703109
[13:11:28] Ping 시간 체크2-185703140
[13:11:28] Ping 시간 체크1-185703140
[13:11:28] Ping 시간 체크2-185703140
[13:11:28] 입구차단기 Open
[13:11:28] 정기차량처리: 서울77로7789, 
[13:11:28] LPR 11 Recv: CH1#서울77로7789#O#\2014\11\12\CH1_20141112115225_서울77로7789.jpg
[13:11:28] LPR Check: 서울77로7789, http://172.16.66.33:9080/MSImage/2014/11/12/CH1_20141112115225_서울77로7789.jpg, 1,,,0, 2014-11-12 11:52:25
[13:11:28] File: \\172.16.66.33\MSImage\2014\11\12\CH1_20141112115225_서울77로7789.jpg
[13:11:28] 정기차량시작: 서울77로7789, 
[13:11:28] Ping 시간 체크1-185703156
[13:11:28] Ping 시간 체크2-185703171
[13:11:28] Ping 시간 체크1-185703171
[13:11:28] Ping 시간 체크2-185703171
[13:11:28] 입구차단기 Open
[13:11:28] 정기차량처리: 서울77로7789, 
[13:11:28] Ping 시간 체크1-185703171
[13:11:28] Ping 시간 체크2-185703187
[13:11:28] 12번 LPR OK 전송
[13:11:28] Ping 시간 체크1-185703187
[13:11:28] Ping 시간 체크2-185703187
[13:11:28] 12번 LPR 시간동기화 전송
[13:11:34] Program Close
[13:11:37] Program Start!
[13:11:38] 근무시작: 근무자
[13:11:38] 설치된 영수증프린터가 없음!
[13:11:38] Ping 시간 체크1-185713281
[13:11:38] Ping 시간 체크2-185713296
[13:11:38] Ping 시간 체크1-185713312
[13:11:38] Ping 시간 체크2-185713312
[13:11:38] Ping 시간 체크1-185713328
[13:11:38] Ping 시간 체크2-185713328
[13:11:38] Ping 시간 체크1-185713328
[13:11:38] Ping 시간 체크2-185713343
[13:11:38] 2시간  101
[13:11:38] 3시간  102
[13:11:38] 무료  103
[13:11:38] LPR 11 Recv: 172.16.83.1
[13:11:38] LPR 12 Recv: 172.16.83.1
[13:11:40] LPR 12 Recv: LPR_R
[13:11:40] 시간동기화 전송
[13:11:40] LPR 11 Recv: LPR_R
[13:11:40] 시간동기화 전송
[13:11:41] Program Close
[13:20:16] Program Start!
[13:20:18] 근무시작: 근무자
[13:20:18] 설치된 영수증프린터가 없음!
[13:20:18] Ping 시간 체크1-186232671
[13:20:18] Ping 시간 체크2-186232687
[13:20:18] Ping 시간 체크1-186232703
[13:20:18] Ping 시간 체크2-186232703
[13:20:18] Ping 시간 체크1-186232718
[13:20:18] Ping 시간 체크2-186232718
[13:20:18] Ping 시간 체크1-186232734
[13:20:18] Ping 시간 체크2-186232734
[13:20:18] 2시간  101
[13:20:18] 3시간  102
[13:20:18] 무료  103
[13:20:18] LPR 11 Recv: 172.16.83.1
[13:20:18] LPR 12 Recv: 172.16.83.1
[13:20:19] LPR 12 Recv: LPR_R
[13:20:19] 시간동기화 전송
[13:20:19] LPR 11 Recv: LPR_R
[13:20:19] 시간동기화 전송
[13:20:35] LPR 12 Recv: CH1#서울77로7789#O#\2014\11\12\CH1_20141112132043_서울77로7789.jpg
[13:20:35] LPR Check: 서울77로7789,http://172.16.66.34:9080/MSImage/2014/11/12/CH1_20141112132043_서울77로7789.jpg,1,,,0, 2014-11-12 13:20:43
[13:20:35] File: \\172.16.66.34\MSImage\2014\11\12\CH1_20141112132043_서울77로7789.jpg
[13:20:36] 정기차량시작: 서울77로7789, 
[13:28:46] Ping 시간 체크1-186741265
[13:28:46] Ping 시간 체크2-186741312
[13:29:07] File: \\172.16.66.33\MSImage\2014\11\12\CH1_20141112115225_서울77로7789.jpg
[13:51:15] Ping 시간 체크1-188090390
[13:51:15] Ping 시간 체크2-188090453
[13:51:19] Ping 시간 체크1-188093546
[13:51:19] Ping 시간 체크2-188093750
[13:51:19] Ping 시간 체크1-188094218
[13:51:19] Ping 시간 체크2-188094218
[13:51:19] 출구차단기 Open
[13:51:20] 정기차량처리: 서울77로7789, 
[13:51:32] Program Start!
[13:51:34] 근무시작: 근무자
[13:51:34] 설치된 영수증프린터가 없음!
[13:51:34] Ping 시간 체크1-188109296
[13:51:34] Ping 시간 체크2-188109312
[13:51:34] Ping 시간 체크1-188109343
[13:51:34] Ping 시간 체크2-188109343
[13:51:34] Ping 시간 체크1-188109343
[13:51:34] Ping 시간 체크2-188109359
[13:51:34] Ping 시간 체크1-188109359
[13:51:34] Ping 시간 체크2-188109359
[13:51:34] 2시간  101
[13:51:34] 3시간  102
[13:51:34] 무료  103
[13:51:35] LPR 11 Recv: 172.16.83.1
[13:51:35] LPR 12 Recv: 172.16.83.1
[13:51:36] LPR 11 Recv: LPR_R
[13:51:36] 시간동기화 전송
[13:51:36] LPR 12 Recv: LPR_R
[13:51:36] 시간동기화 전송
[13:51:39] LPR 12 Recv: CH1#서울77로7789#O#\2014\11\12\CH1_20141112135147_서울77로7789.jpg
[13:51:39] LPR Check: 서울77로7789,http://172.16.66.34:9080/MSImage/2014/11/12/CH1_20141112135147_서울77로7789.jpg,1,,,0, 2014-11-12 13:51:47
[13:51:39] File: \\172.16.66.34\MSImage\2014\11\12\CH1_20141112135147_서울77로7789.jpg
[13:51:41] 정기차량시작: 서울77로7789, 
[13:57:06] Ping 시간 체크1-188441000
[13:57:06] Ping 시간 체크2-188441031
[14:00:01] Program Start!
[14:00:06] 근무시작: 근무자
[14:00:06] 설치된 영수증프린터가 없음!
[14:00:06] Ping 시간 체크1-188621359
[14:00:06] Ping 시간 체크2-188621359
[14:00:06] Ping 시간 체크1-188621390
[14:00:06] Ping 시간 체크2-188621390
[14:00:06] Ping 시간 체크1-188621390
[14:00:06] Ping 시간 체크2-188621406
[14:00:06] Ping 시간 체크1-188621406
[14:00:06] Ping 시간 체크2-188621406
[14:00:06] 2시간  101
[14:00:06] 3시간  102
[14:00:06] 무료  103
[14:00:07] LPR 11 Recv: 172.16.83.1
[14:00:07] LPR 12 Recv: 172.16.83.1
[14:00:08] LPR 12 Recv: LPR_R
[14:00:08] 시간동기화 전송
[14:00:08] LPR 11 Recv: LPR_R
[14:00:08] 시간동기화 전송
[14:00:31] LPR 12 Recv: CH1#서울77로7786#O#\2014\11\12\CH1_20141112140039_서울77로7786.jpg
[14:00:31] LPR Check: 서울77로7786,http://172.16.66.34:9080/MSImage/2014/11/12/CH1_20141112140039_서울77로7786.jpg,1,,,0, 2014-11-12 14:00:39
[14:00:31] File: \\172.16.66.34\MSImage\2014\11\12\CH1_20141112140039_서울77로7786.jpg
[14:00:31] 일반차량: 서울77로7786, 
[14:00:36] Ping 시간 체크1-188650781
[14:00:36] Ping 시간 체크2-188650781
[14:00:36] 일반차량출차: 서울77로7786, 
[14:01:36] Program Start!
[14:01:38] 근무시작: 근무자
[14:01:38] 설치된 영수증프린터가 없음!
[14:01:38] Ping 시간 체크1-188713250
[14:01:38] Ping 시간 체크2-188713250
[14:01:38] Ping 시간 체크1-188713281
[14:01:38] Ping 시간 체크2-188713281
[14:01:38] Ping 시간 체크1-188713281
[14:01:38] Ping 시간 체크2-188713296
[14:01:38] Ping 시간 체크1-188713296
[14:01:38] Ping 시간 체크2-188713312
[14:01:38] 2시간  101
[14:01:38] 3시간  102
[14:01:38] 무료  103
[14:01:38] LPR 12 Recv: 172.16.83.1
[14:01:38] LPR 11 Recv: 172.16.83.1
[14:01:39] LPR 12 Recv: LPR_R
[14:01:39] 시간동기화 전송
[14:01:40] LPR 11 Recv: LPR_R
[14:01:40] 시간동기화 전송
[14:01:42] LPR 12 Recv: CH1#서울77로7786#O#\2014\11\12\CH1_20141112140149_서울77로7786.jpg
[14:01:42] LPR Check: 서울77로7786,http://172.16.66.34:9080/MSImage/2014/11/12/CH1_20141112140149_서울77로7786.jpg,1,,,0, 2014-11-12 14:01:49
[14:01:42] File: \\172.16.66.34\MSImage\2014\11\12\CH1_20141112140149_서울77로7786.jpg
[14:01:42] 일반차량: 서울77로7786, 
[14:01:44] Ping 시간 체크1-188718734
[14:01:44] Ping 시간 체크2-188718734
[14:01:44] 일반차량출차: 서울77로7786, 
[14:03:21] Program Start!
[14:03:23] 근무시작: 근무자
[14:03:23] 설치된 영수증프린터가 없음!
[14:03:23] Ping 시간 체크1-188818000
[14:03:23] Ping 시간 체크2-188818015
[14:03:23] Ping 시간 체크1-188818031
[14:03:23] Ping 시간 체크2-188818046
[14:03:23] Ping 시간 체크1-188818046
[14:03:23] Ping 시간 체크2-188818062
[14:03:23] Ping 시간 체크1-188818062
[14:03:23] Ping 시간 체크2-188818078
[14:03:23] 2시간  101
[14:03:23] 3시간  102
[14:03:23] 무료  103
[14:03:23] LPR 11 Recv: 172.16.83.1
[14:03:34] Program Start!
[14:03:35] 근무시작: 근무자
[14:03:35] 설치된 영수증프린터가 없음!
[14:03:35] Ping 시간 체크1-188830171
[14:03:35] Ping 시간 체크2-188830187
[14:03:35] Ping 시간 체크1-188830203
[14:03:35] Ping 시간 체크2-188830218
[14:03:35] Ping 시간 체크1-188830218
[14:03:35] Ping 시간 체크2-188830218
[14:03:35] Ping 시간 체크1-188830218
[14:03:35] Ping 시간 체크2-188830234
[14:03:35] 2시간  101
[14:03:35] 3시간  102
[14:03:35] 무료  103
[14:03:35] LPR 12 Recv: 172.16.83.1
[14:03:35] LPR 11 Recv: 172.16.83.1
[14:04:31] Program Start!
[14:04:33] 근무시작: 근무자
[14:04:33] 설치된 영수증프린터가 없음!
[14:04:33] Ping 시간 체크1-188888234
[14:04:33] Ping 시간 체크2-188888250
[14:04:33] Ping 시간 체크1-188888281
[14:04:33] Ping 시간 체크2-188888281
[14:04:33] Ping 시간 체크1-188888281
[14:04:33] Ping 시간 체크2-188888296
[14:04:33] Ping 시간 체크1-188888296
[14:04:33] Ping 시간 체크2-188888296
[14:04:33] 2시간  101
[14:04:33] 3시간  102
[14:04:33] 무료  103
[14:04:33] LPR 12 Recv: 172.16.83.1
[14:04:33] LPR 11 Recv: 172.16.83.1
[14:12:44] Program Start!
[14:12:46] 근무시작: 근무자
[14:12:46] 설치된 영수증프린터가 없음!
[14:12:46] Ping 시간 체크1-189380890
[14:12:46] Ping 시간 체크2-189380906
[14:12:46] Ping 시간 체크1-189380906
[14:12:46] Ping 시간 체크2-189380906
[14:12:46] Ping 시간 체크1-189380906
[14:12:46] Ping 시간 체크2-189380921
[14:12:46] Ping 시간 체크1-189380921
[14:12:46] Ping 시간 체크2-189380921
[14:12:46] 2시간  101
[14:12:46] 3시간  102
[14:12:46] 무료  103
[14:12:46] LPR 11 Recv: 172.16.83.1
[14:12:46] LPR 12 Recv: 172.16.83.1
[14:12:47] LPR 11 Recv: LPR_R
[14:12:47] 시간동기화 전송
[14:12:47] LPR 12 Recv: LPR_R
[14:12:47] 시간동기화 전송
[14:12:51] LPR 11 Recv: CH1#서울77로7786#O#\2014\11\12\CH1_20141112141245_서울77로7786.jpg
[14:12:51] LPR Check: 서울77로7786, http://172.16.66.33:9080/MSImage/2014/11/12/CH1_20141112141245_서울77로7786.jpg, 1,,,0, 2014-11-12 14:12:45
[14:12:51] File: \\172.16.66.33\MSImage\2014\11\12\CH1_20141112141245_서울77로7786.jpg
[14:12:51] 일반차량: 서울77로7786, 
[14:12:51] Ping 시간 체크1-189386109
[14:12:51] Ping 시간 체크2-189386109
[14:12:51] Ping 시간 체크1-189386109
[14:12:51] Ping 시간 체크2-189386125
[14:12:51] 입구차단기 Open
[14:12:51] 일반차량입차: 서울77로7786, 
[14:12:55] Program Close
[14:15:30] Program Start!
[14:16:02] Program Start!
[14:16:04] 근무시작: 근무자
[14:16:04] 설치된 영수증프린터가 없음!
[14:16:04] Ping 시간 체크1-189579500
[14:16:04] Ping 시간 체크2-189579500
[14:16:04] Ping 시간 체크1-189579531
[14:16:05] Ping 시간 체크2-189579531
[14:16:05] Ping 시간 체크1-189579546
[14:16:05] Ping 시간 체크2-189579546
[14:16:05] Ping 시간 체크1-189579546
[14:16:05] Ping 시간 체크2-189579562
[14:16:05] 2시간  101
[14:16:05] 3시간  102
[14:16:05] 무료  103
[14:16:05] LPR 12 Recv: 172.16.83.1
[14:16:05] LPR 11 Recv: 172.16.83.1
[14:16:06] LPR 12 Recv: LPR_R
[14:16:06] 시간동기화 전송
[14:16:06] LPR 11 Recv: LPR_R
[14:16:06] 시간동기화 전송
[14:16:07] LPR 12 Recv: CH1#서울77로7786#O#\2014\11\12\CH1_20141112141615_서울77로7786.jpg
[14:16:07] LPR Check: 서울77로7786,http://172.16.66.34:9080/MSImage/2014/11/12/CH1_20141112141615_서울77로7786.jpg,1,,,0, 2014-11-12 14:16:15
[14:16:07] File: \\172.16.66.34\MSImage\2014\11\12\CH1_20141112141615_서울77로7786.jpg
[14:16:07] 일반차량: 서울77로7786, 
[14:16:07] In Image File: \\172.16.66.33\MSImage\2014\11\12\CH1_20141112141245_서울77로7786.jpg
[14:16:07] Ping 시간 체크1-189581984
[14:16:07] Ping 시간 체크2-189581984
[14:16:07] Out Image File: \\172.16.66.34\MSImage\2014\11\12\CH1_20141112141615_서울77로7786.jpg
[14:16:07] Ping 시간 체크1-189582109
[14:16:07] Ping 시간 체크2-189582109
[14:16:07] Ping 시간 체크1-189582312
[14:16:07] Ping 시간 체크2-189582312
[14:16:07] Ping 시간 체크1-189582312
[14:16:07] Ping 시간 체크2-189582328
[14:16:07] 출구차단기 Open
[14:16:07] 일반차량출차: 서울77로7786, 
[14:16:12] LPR 12 Recv: CH1#서울77로7786#O#\2014\11\12\CH1_20141112141620_서울77로7786.jpg
[14:16:12] LPR Check: 서울77로7786,http://172.16.66.34:9080/MSImage/2014/11/12/CH1_20141112141620_서울77로7786.jpg,1,,,0, 2014-11-12 14:16:20
[14:16:12] File: \\172.16.66.34\MSImage\2014\11\12\CH1_20141112141620_서울77로7786.jpg
[14:16:12] 일반차량: 서울77로7786, 
[14:16:12] Ping 시간 체크1-189586859
[14:16:12] Ping 시간 체크2-189586859
[14:16:12] 일반차량출차: 서울77로7786, 
[14:16:25] LPR 12 Recv: CH1#서울77로7789#O#\2014\11\12\CH1_20141112141632_서울77로7789.jpg
[14:16:25] LPR Check: 서울77로7789,http://172.16.66.34:9080/MSImage/2014/11/12/CH1_20141112141632_서울77로7789.jpg,1,,,0, 2014-11-12 14:16:32
[14:16:25] File: \\172.16.66.34\MSImage\2014\11\12\CH1_20141112141632_서울77로7789.jpg
[14:16:25] 정기차량시작: 서울77로7789, 
[14:17:29] Ping 시간 체크1-189664250
[14:17:29] Ping 시간 체크2-189664296
