[08:43:22] Program Start!
[08:43:29] Program Close
[08:43:47] Program Start!
[08:43:50] Program Close
[08:44:17] Program Start!
[08:45:11] 근무시작: 근무자
[08:45:11] 설치된 영수증프린터가 없음!
[08:45:11] Ping 시간 체크1-401355156
[08:45:11] Ping 시간 체크2-401355171
[08:45:11] Ping 시간 체크1-401355234
[08:45:11] Ping 시간 체크2-401355250
[08:45:11] Ping 시간 체크1-401355250
[08:45:11] Ping 시간 체크2-401355265
[08:45:11] Ping 시간 체크1-401355265
[08:45:11] Ping 시간 체크2-401355281
[08:45:11] 2시간  101
[08:45:11] 3시간  102
[08:45:11] 무료  103
[08:45:36] LPR 12 Recv: 172.16.83.1
[08:45:36] LPR 11 Recv: 172.16.83.1
[08:45:37] LPR 12 Recv: LPR_R
[08:45:37] 시간동기화 전송
[08:45:37] LPR 11 Recv: LPR_R
[08:45:37] 시간동기화 전송
[08:45:37] LPR 11 Recv: LPR_R
[08:45:37] 시간동기화 전송
[09:53:13] Program Start!
[09:53:15] 근무시작: 근무자
[09:53:15] 설치된 영수증프린터가 없음!
[09:53:15] Ping 시간 체크1-405438812
[09:53:15] Ping 시간 체크2-405438828
[09:53:15] Ping 시간 체크1-405438828
[09:53:15] Ping 시간 체크2-405438828
[09:53:15] Ping 시간 체크1-405438828
[09:53:15] Ping 시간 체크2-405438843
[09:53:15] Ping 시간 체크1-405438843
[09:53:15] Ping 시간 체크2-405438843
[09:53:15] 2시간  101
[09:53:15] 3시간  102
[09:53:15] 무료  103
[09:53:15] LPR 11 Recv: 172.16.83.1
[09:53:15] LPR 12 Recv: 172.16.83.1
[09:53:16] LPR 12 Recv: LPR_R
[09:53:16] 시간동기화 전송
[09:54:15] Ping 시간 체크1-405498968
[09:54:15] Ping 시간 체크2-405498968
[09:54:15] 11번 LPR OK 전송
[09:54:16] Ping 시간 체크1-405500093
[09:54:16] Ping 시간 체크2-405500109
[09:54:16] 12번 LPR OK 전송
[09:55:15] Ping 시간 체크1-405558968
[09:55:15] Ping 시간 체크2-405558968
[09:55:15] 11번 LPR OK 전송
[09:55:16] Ping 시간 체크1-405560093
[09:55:16] Ping 시간 체크2-405560093
[09:55:16] 12번 LPR OK 전송
[09:56:15] Ping 시간 체크1-405618968
[09:56:15] Ping 시간 체크2-405618968
[09:56:15] 11번 LPR OK 전송
[09:56:16] Ping 시간 체크1-405620093
[09:56:16] Ping 시간 체크2-405620109
[09:56:16] 12번 LPR OK 전송
[09:57:15] Ping 시간 체크1-405678968
[09:57:15] Ping 시간 체크2-405678968
[09:57:15] 11번 LPR OK 전송
[09:57:16] Ping 시간 체크1-405680093
[09:57:16] Ping 시간 체크2-405680171
[09:57:16] 12번 LPR OK 전송
[09:58:15] Ping 시간 체크1-405738968
[09:58:15] Ping 시간 체크2-405738968
[09:58:15] 11번 LPR OK 전송
[09:58:16] Ping 시간 체크1-405740093
[09:58:16] Ping 시간 체크2-405740093
[09:58:16] 12번 LPR OK 전송
[09:58:46] Program Close
[09:58:49] Program Start!
[09:58:56] 근무시작: 근무자
[09:58:56] 설치된 영수증프린터가 없음!
[09:58:56] Ping 시간 체크1-405779546
[09:58:56] Ping 시간 체크2-405779546
[09:58:56] Ping 시간 체크1-405779640
[09:58:56] Ping 시간 체크2-405779640
[09:58:56] Ping 시간 체크1-405779640
[09:58:56] Ping 시간 체크2-405779656
[09:58:56] Ping 시간 체크1-405779656
[09:58:56] Ping 시간 체크2-405779671
[09:58:56] 2시간  101
[09:58:56] 3시간  102
[09:58:56] 무료  103
[09:58:59] LPR 12 Recv: 172.16.83.1
[09:58:59] LPR 11 Recv: 172.16.83.1
[09:59:00] LPR 12 Recv: LPR_R
[09:59:00] 시간동기화 전송
[09:59:01] LPR 11 Recv: LPR_R
[09:59:01] 시간동기화 전송
[10:08:40] Program Start!
[10:08:42] 근무시작: 근무자
[10:08:42] 설치된 영수증프린터가 없음!
[10:08:42] Ping 시간 체크1-406365921
[10:08:42] Ping 시간 체크2-406365921
[10:08:42] Ping 시간 체크1-406365937
[10:08:42] Ping 시간 체크2-406365937
[10:08:42] Ping 시간 체크1-406365937
[10:08:42] Ping 시간 체크2-406365953
[10:08:42] Ping 시간 체크1-406365953
[10:08:42] Ping 시간 체크2-406365953
[10:08:42] 2시간  101
[10:08:42] 3시간  102
[10:08:42] 무료  103
[10:08:42] LPR 11 Recv: 172.16.83.1
[10:08:42] LPR 12 Recv: 172.16.83.1
[10:08:43] LPR 11 Recv: LPR_R
[10:08:43] 시간동기화 전송
[10:08:43] LPR 12 Recv: LPR_R
[10:08:43] 시간동기화 전송
[10:09:17] LPR 11 Recv: CH1#31로6817#N#\2014\11\03\CH1_20141103100859_31로6817.jpg
[10:09:17] LPR Check: 31로6817, http://172.16.66.33:9080/MSImage/2014/11/03/CH1_20141103100859_31로6817.jpg, 1,,,0, 2014-11-03 10:08:59
[10:09:17] File: \\172.16.66.33\MSImage\2014\11\03\CH1_20141103100859_31로6817.jpg
[10:09:17] 일반차량: 31로6817, 
[10:09:17] Ping 시간 체크1-406400609
[10:09:17] Ping 시간 체크2-406400609
[10:09:17] Ping 시간 체크1-406400609
[10:09:17] Ping 시간 체크2-406400609
[10:09:17] 입구차단기 Open
[10:09:17] 일반차량입차: 31로6817, 
[10:09:33] LPR 12 Recv: CH1#31로6817#N#\2014\11\05\CH1_20141105100759_31로6817.jpg
[10:09:33] LPR Check: 31로6817,http://172.16.66.34:9080/MSImage/2014/11/05/CH1_20141105100759_31로6817.jpg,1,,,0, 2014-11-05 10:07:59
[10:09:33] File: \\172.16.66.34\MSImage\2014\11\05\CH1_20141105100759_31로6817.jpg
[10:09:33] 일반차량: 31로6817, 
[10:09:33] In Image File: \\172.16.66.33\MSImage\2014\11\03\CH1_20141103100859_31로6817.jpg
[10:09:33] Ping 시간 체크1-406417218
[10:09:33] Ping 시간 체크2-406417218
[10:09:33] Out Image File: \\172.16.66.34\MSImage\2014\11\05\CH1_20141105100759_31로6817.jpg
[10:09:33] Ping 시간 체크1-406417312
[10:09:33] Ping 시간 체크2-406417312
[10:09:34] Ping 시간 체크1-406417500
[10:09:34] Ping 시간 체크2-406417500
[10:09:34] 일반차량출차: 31로6817, 
[10:09:36] Ping 시간 체크1-406419468
[10:09:36] Ping 시간 체크2-406419468
[10:09:36] Ping 시간 체크1-406420453
[10:09:36] Ping 시간 체크2-406420468
[10:09:37] 출구차단기 Open
[10:09:37] Ping 시간 체크1-406420468
[10:09:37] Ping 시간 체크2-406420468
[10:10:17] Ping 시간 체크1-406460609
[10:10:17] Ping 시간 체크2-406460609
[10:10:17] 11번 LPR OK 전송
[10:10:34] Ping 시간 체크1-406477500
[10:10:34] Ping 시간 체크2-406477500
[10:10:34] 12번 LPR OK 전송
[10:10:46] Program Close
[10:22:20] Program Start!
[10:22:28] 근무시작: 근무자
[10:22:28] 설치된 영수증프린터가 없음!
[10:22:28] Ping 시간 체크1-407192234
[10:22:28] Ping 시간 체크2-407192234
[10:22:28] Ping 시간 체크1-407192281
[10:22:28] Ping 시간 체크2-407192296
[10:22:28] Ping 시간 체크1-407192296
[10:22:28] Ping 시간 체크2-407192296
[10:22:28] Ping 시간 체크1-407192296
[10:22:28] Ping 시간 체크2-407192312
[10:22:28] 2시간  101
[10:22:28] 3시간  102
[10:22:28] 무료  103
[10:22:33] LPR 12 Recv: 172.16.83.1
[10:22:33] LPR 11 Recv: 172.16.83.1
[10:22:33] LPR 12 Recv: LPR_R
[10:22:33] 시간동기화 전송
[10:22:34] LPR 11 Recv: LPR_R
[10:22:34] 시간동기화 전송
[10:31:07] Program Start!
[10:31:12] 근무시작: 근무자
[10:31:12] 설치된 영수증프린터가 없음!
[10:31:12] Ping 시간 체크1-407715750
[10:31:12] Ping 시간 체크2-407715750
[10:31:12] Ping 시간 체크1-407715796
[10:31:12] Ping 시간 체크2-407715812
[10:31:12] Ping 시간 체크1-407715812
[10:31:12] Ping 시간 체크2-407715828
[10:31:12] Ping 시간 체크1-407715828
[10:31:12] Ping 시간 체크2-407715828
[10:31:12] 2시간  101
[10:31:12] 3시간  102
[10:31:12] 무료  103
[10:31:13] LPR 11 Recv: 172.16.83.1
[10:31:13] LPR 12 Recv: 172.16.83.1
[10:31:14] LPR 11 Recv: LPR_R
[10:31:14] 시간동기화 전송
[10:31:15] LPR 12 Recv: LPR_R
[10:31:15] 시간동기화 전송
[10:39:06] Program Start!
[10:39:08] 근무시작: 근무자
[10:39:08] 설치된 영수증프린터가 없음!
[10:39:08] Ping 시간 체크1-408192015
[10:39:08] Ping 시간 체크2-408192031
[10:39:08] Ping 시간 체크1-408192031
[10:39:08] Ping 시간 체크2-408192031
[10:39:08] Ping 시간 체크1-408192046
[10:39:08] Ping 시간 체크2-408192046
[10:39:08] Ping 시간 체크1-408192046
[10:39:08] Ping 시간 체크2-408192062
[10:39:08] 2시간  101
[10:39:08] 3시간  102
[10:39:08] 무료  103
[10:39:08] LPR 11 Recv: 172.16.83.1
[10:39:08] LPR 12 Recv: 172.16.83.1
[10:39:09] LPR 12 Recv: LPR_R
[10:39:09] 시간동기화 전송
[10:39:10] LPR 11 Recv: LPR_R
[10:39:10] 시간동기화 전송
[10:40:09] Ping 시간 체크1-408253250
[10:40:09] Ping 시간 체크2-408253250
[10:40:09] 12번 LPR OK 전송
[10:40:10] Ping 시간 체크1-408253703
[10:40:10] Ping 시간 체크2-408253703
[10:40:10] 11번 LPR OK 전송
[10:41:09] Ping 시간 체크1-408313250
[10:41:09] Ping 시간 체크2-408313265
[10:41:09] 12번 LPR OK 전송
[10:41:10] Ping 시간 체크1-408313703
[10:41:10] Ping 시간 체크2-408313703
[10:41:10] 11번 LPR OK 전송
[10:42:09] Ping 시간 체크1-408373250
[10:42:09] Ping 시간 체크2-408373250
[10:42:09] 12번 LPR OK 전송
[10:42:10] Ping 시간 체크1-408373703
[10:42:10] Ping 시간 체크2-408373703
[10:42:10] 11번 LPR OK 전송
[10:43:09] Ping 시간 체크1-408433250
[10:43:09] Ping 시간 체크2-408433250
[10:43:09] 12번 LPR OK 전송
[10:43:10] Ping 시간 체크1-408433703
[10:43:10] Ping 시간 체크2-408433703
[10:43:10] 11번 LPR OK 전송
[10:44:09] Ping 시간 체크1-408493250
[10:44:09] Ping 시간 체크2-408493250
[10:44:09] 12번 LPR OK 전송
[10:44:10] Ping 시간 체크1-408493703
[10:44:10] Ping 시간 체크2-408493703
[10:44:10] 11번 LPR OK 전송
[10:45:09] Ping 시간 체크1-408553250
[10:45:09] Ping 시간 체크2-408553250
[10:45:09] 12번 LPR OK 전송
[10:45:10] Ping 시간 체크1-408553703
[10:45:10] Ping 시간 체크2-408553703
[10:45:10] 11번 LPR OK 전송
[10:46:09] Ping 시간 체크1-408613250
[10:46:09] Ping 시간 체크2-408613250
[10:46:09] 12번 LPR OK 전송
[10:46:10] Ping 시간 체크1-408613703
[10:46:10] Ping 시간 체크2-408613703
[10:46:10] 11번 LPR OK 전송
[10:47:09] Ping 시간 체크1-408673250
[10:47:09] Ping 시간 체크2-408673250
[10:47:09] 12번 LPR OK 전송
[10:47:10] Ping 시간 체크1-408673703
[10:47:10] Ping 시간 체크2-408673765
[10:47:10] 11번 LPR OK 전송
[10:48:09] Ping 시간 체크1-408733250
[10:48:09] Ping 시간 체크2-408733250
[10:48:09] 12번 LPR OK 전송
[10:48:10] Ping 시간 체크1-408733703
[10:48:10] Ping 시간 체크2-408733703
[10:48:10] 11번 LPR OK 전송
[10:49:09] Ping 시간 체크1-408793250
[10:49:09] Ping 시간 체크2-408793250
[10:49:09] 12번 LPR OK 전송
[10:49:10] Ping 시간 체크1-408793703
[10:49:10] Ping 시간 체크2-408793703
[10:49:10] 11번 LPR OK 전송
[10:50:09] Ping 시간 체크1-408853250
[10:50:09] Ping 시간 체크2-408853250
[10:50:09] 12번 LPR OK 전송
[10:50:10] Ping 시간 체크1-408853703
[10:50:10] Ping 시간 체크2-408853703
[10:50:10] 11번 LPR OK 전송
[10:51:09] Ping 시간 체크1-408913250
[10:51:09] Ping 시간 체크2-408913250
[10:51:09] 12번 LPR OK 전송
[10:51:10] Ping 시간 체크1-408913703
[10:51:10] Ping 시간 체크2-408913703
[10:51:10] 11번 LPR OK 전송
[10:52:01] Ping 시간 체크1-408965390
[10:52:01] Ping 시간 체크2-408965406
[10:52:09] Ping 시간 체크1-408973250
[10:52:09] Ping 시간 체크2-408973265
[10:52:09] 12번 LPR OK 전송
[10:52:10] Ping 시간 체크1-408973703
[10:52:10] Ping 시간 체크2-408973703
[10:52:10] 11번 LPR OK 전송
[10:52:22] Ping 시간 체크1-408985765
[10:52:22] Ping 시간 체크2-408985765
[10:52:34] Ping 시간 체크1-408997562
[10:52:34] Ping 시간 체크2-408997578
[10:52:34] 출구차단기 Open
[10:52:34] Ping 시간 체크1-408997578
[10:52:34] Ping 시간 체크2-408997593
[10:53:09] Ping 시간 체크1-409033250
[10:53:09] Ping 시간 체크2-409033250
[10:53:09] 12번 LPR OK 전송
[10:53:10] Ping 시간 체크1-409033703
[10:53:10] Ping 시간 체크2-409033718
[10:53:10] 11번 LPR OK 전송
[10:54:09] Ping 시간 체크1-409093250
[10:54:09] Ping 시간 체크2-409093250
[10:54:09] 12번 LPR OK 전송
[10:54:10] Ping 시간 체크1-409093703
[10:54:10] Ping 시간 체크2-409093703
[10:54:10] 11번 LPR OK 전송
[10:55:09] Ping 시간 체크1-409153250
[10:55:09] Ping 시간 체크2-409153265
[10:55:09] 12번 LPR OK 전송
[10:55:10] Ping 시간 체크1-409153703
[10:55:10] Ping 시간 체크2-409153718
[10:55:10] 11번 LPR OK 전송
[10:56:09] Ping 시간 체크1-409213250
[10:56:09] Ping 시간 체크2-409213265
[10:56:09] 12번 LPR OK 전송
[10:56:10] Ping 시간 체크1-409213703
[10:56:10] Ping 시간 체크2-409213703
[10:56:10] 11번 LPR OK 전송
[10:57:09] Ping 시간 체크1-409273250
[10:57:09] Ping 시간 체크2-409273250
[10:57:09] 12번 LPR OK 전송
[10:57:10] Ping 시간 체크1-409273703
[10:57:10] Ping 시간 체크2-409273703
[10:57:10] 11번 LPR OK 전송
[10:57:42] Program Close
[10:57:45] Program Start!
[10:57:53] 근무시작: 근무자
[10:57:53] 설치된 영수증프린터가 없음!
[10:57:53] Ping 시간 체크1-409317078
[10:57:53] Ping 시간 체크2-409317078
[10:57:53] Ping 시간 체크1-409317140
[10:57:53] Ping 시간 체크2-409317140
[10:57:53] Ping 시간 체크1-409317156
[10:57:53] Ping 시간 체크2-409317156
[10:57:53] Ping 시간 체크1-409317156
[10:57:53] Ping 시간 체크2-409317171
[10:57:53] 2시간  101
[10:57:53] 3시간  102
[10:57:53] 무료  103
[10:57:55] LPR 11 Recv: 172.16.83.1
[10:57:55] LPR 12 Recv: 172.16.83.1
[10:57:56] LPR 11 Recv: LPR_R
[10:57:56] 시간동기화 전송
[10:57:56] LPR 12 Recv: LPR_R
[10:57:56] 시간동기화 전송
