[09:48:36] Program Start!
[09:48:38] 근무시작: 근무자
[09:48:38] 설치된 영수증프린터가 없음!
[09:48:38] Ping 시간 체크1-682015
[09:48:38] Ping 시간 체크2-682015
[09:48:38] Ping 시간 체크1-682031
[09:48:38] Ping 시간 체크2-682031
[09:48:38] Ping 시간 체크1-682031
[09:48:38] Ping 시간 체크2-682046
[09:48:38] Ping 시간 체크1-682046
[09:48:38] Ping 시간 체크2-682062
[09:48:38] 2시간  101
[09:48:38] 3시간  102
[09:48:38] 무료  103
[09:48:38] LPR 11 Recv: 172.16.83.1
[09:48:38] LPR 12 Recv: 172.16.83.1
[09:48:39] LPR 12 Recv: LPR_R
[09:48:39] 시간동기화 전송
[09:48:40] LPR 11 Recv: LPR_R
[09:48:40] 시간동기화 전송
[09:48:48] LPR 11 Recv: CH1#31로6860#N#\2014\11\08\CH1_20141108094806_31로6860.jpg
[09:48:48] LPR Check: 31로6860, http://172.16.66.33:9080/MSImage/2014/11/08/CH1_20141108094806_31로6860.jpg, 1,,,0, 2014-11-08 09:48:06
[09:48:48] File: \\172.16.66.33\MSImage\2014\11\08\CH1_20141108094806_31로6860.jpg
[09:48:48] 일반차량: 31로6860, 
[09:48:48] Ping 시간 체크1-692375
[09:48:48] Ping 시간 체크2-692375
[09:48:48] Ping 시간 체크1-692375
[09:48:48] Ping 시간 체크2-692390
[09:48:48] 입구차단기 Open
[09:48:48] 일반차량입차: 31로6860, 
[09:48:59] InDsp1SocketError: 10060
[09:48:59] OutDsp1SocketError: 10060
[09:49:39] Ping 시간 체크1-743484
[09:49:39] Ping 시간 체크2-743500
[09:49:48] Ping 시간 체크1-752390
[09:49:48] Ping 시간 체크2-752390
[09:49:48] 11번 LPR OK 전송
[09:50:39] Ping 시간 체크1-803484
[09:50:39] Ping 시간 체크2-803484
[09:50:39] 12번 LPR OK 전송
[09:50:48] Ping 시간 체크1-812390
[09:50:48] Ping 시간 체크2-812390
[09:50:48] 11번 LPR OK 전송
[09:51:39] Ping 시간 체크1-863484
[09:51:39] Ping 시간 체크2-863484
[09:51:39] 12번 LPR OK 전송
[09:51:48] Ping 시간 체크1-872390
[09:51:48] Ping 시간 체크2-872390
[09:51:48] 11번 LPR OK 전송
[09:52:39] Ping 시간 체크1-923484
[09:52:39] Ping 시간 체크2-923484
[09:52:39] 12번 LPR OK 전송
[09:52:48] Ping 시간 체크1-932390
[09:52:48] Ping 시간 체크2-932390
[09:52:48] 11번 LPR OK 전송
[09:53:39] Ping 시간 체크1-983484
[09:53:39] Ping 시간 체크2-983484
[09:53:39] 12번 LPR OK 전송
[09:53:48] Ping 시간 체크1-992390
[09:53:48] Ping 시간 체크2-992390
[09:53:48] 11번 LPR OK 전송
[09:54:39] Ping 시간 체크1-1043484
[09:54:39] Ping 시간 체크2-1043484
[09:54:39] 12번 LPR OK 전송
[09:54:48] Ping 시간 체크1-1052390
[09:54:48] Ping 시간 체크2-1052390
[09:54:48] 11번 LPR OK 전송
[09:55:39] Ping 시간 체크1-1103484
[09:55:39] Ping 시간 체크2-1103484
[09:55:39] 12번 LPR OK 전송
[09:55:48] Ping 시간 체크1-1112390
[09:55:48] Ping 시간 체크2-1112390
[09:55:48] 11번 LPR OK 전송
[09:56:39] Ping 시간 체크1-1163484
[09:56:39] Ping 시간 체크2-1163484
[09:56:39] 12번 LPR OK 전송
[09:56:48] Ping 시간 체크1-1172390
[09:56:48] Ping 시간 체크2-1172406
[09:56:48] 11번 LPR OK 전송
[09:57:39] Ping 시간 체크1-1223484
[09:57:39] Ping 시간 체크2-1223484
[09:57:39] 12번 LPR OK 전송
[09:57:48] Ping 시간 체크1-1232390
[09:57:48] Ping 시간 체크2-1232390
[09:57:48] 11번 LPR OK 전송
[09:58:39] Ping 시간 체크1-1283484
[09:58:39] Ping 시간 체크2-1283484
[09:58:39] 12번 LPR OK 전송
[09:58:48] Ping 시간 체크1-1292390
[09:58:48] Ping 시간 체크2-1292406
[09:58:48] 11번 LPR OK 전송
[09:59:39] Ping 시간 체크1-1343484
[09:59:39] Ping 시간 체크2-1343484
[09:59:39] 12번 LPR OK 전송
[09:59:48] Ping 시간 체크1-1352390
[09:59:48] Ping 시간 체크2-1352390
[09:59:48] 11번 LPR OK 전송
[10:00:39] Ping 시간 체크1-1403484
[10:00:39] Ping 시간 체크2-1403484
[10:00:39] 12번 LPR OK 전송
[10:00:48] Ping 시간 체크1-1412390
[10:00:48] Ping 시간 체크2-1412406
[10:00:48] 11번 LPR OK 전송
[10:01:36] Program Close
[11:21:06] Program Start!
[11:21:07] 근무시작: 근무자
[11:21:07] 설치된 영수증프린터가 없음!
[11:21:07] Ping 시간 체크1-6231703
[11:21:07] Ping 시간 체크2-6231718
[11:21:07] Ping 시간 체크1-6231718
[11:21:08] Ping 시간 체크2-6231734
[11:21:08] Ping 시간 체크1-6231734
[11:21:08] Ping 시간 체크2-6231734
[11:21:08] Ping 시간 체크1-6231734
[11:21:08] Ping 시간 체크2-6231750
[11:21:08] 2시간  101
[11:21:08] 3시간  102
[11:21:08] 무료  103
[11:21:08] LPR 11 Recv: 172.16.83.1
[11:21:08] LPR 12 Recv: 172.16.83.1
[11:21:09] LPR 12 Recv: LPR_R
[11:21:09] 시간동기화 전송
[11:21:09] LPR 11 Recv: LPR_R
[11:21:09] 시간동기화 전송
[11:21:23] LPR 11 Recv: CH1#31로6819#N#\2014\11\08\CH1_20141108112040_31로6819.jpg
[11:21:23] LPR Check: 31로6819, http://172.16.66.33:9080/MSImage/2014/11/08/CH1_20141108112040_31로6819.jpg, 1,,,0, 2014-11-08 11:20:40
[11:21:23] File: \\172.16.66.33\MSImage\2014\11\08\CH1_20141108112040_31로6819.jpg
[11:21:23] 정기차량시작: 31로6819, 
[11:21:23] Ping 시간 체크1-6246765
[11:21:23] Ping 시간 체크2-6246765
[11:21:23] Ping 시간 체크1-6246765
[11:21:23] Ping 시간 체크2-6246781
[11:21:23] 입구차단기 Open
[11:21:23] 정기차량처리: 31로6819, 
[11:21:29] InDsp1SocketError: 10060
[11:21:29] OutDsp1SocketError: 10060
[11:21:37] Program Close
[11:24:40] Program Start!
[11:24:42] 근무시작: 근무자
[11:24:42] 설치된 영수증프린터가 없음!
[11:24:42] Ping 시간 체크1-6446359
[11:24:42] Ping 시간 체크2-6446375
[11:24:42] Ping 시간 체크1-6446375
[11:24:42] Ping 시간 체크2-6446390
[11:24:42] Ping 시간 체크1-6446390
[11:24:42] Ping 시간 체크2-6446390
[11:24:42] Ping 시간 체크1-6446406
[11:24:42] Ping 시간 체크2-6446406
[11:24:42] 2시간  101
[11:24:42] 3시간  102
[11:24:42] 무료  103
[11:24:42] LPR 12 Recv: 172.16.83.1
[11:24:42] LPR 11 Recv: 172.16.83.1
[11:24:44] LPR 11 Recv: LPR_R
[11:24:44] 시간동기화 전송
[11:24:44] LPR 11 Recv: LPR_R
[11:24:44] 시간동기화 전송
[11:24:44] LPR 12 Recv: LPR_R
[11:24:44] 시간동기화 전송
[11:24:50] 수동입차: 2014-11-10, 11:24:50, 31로6819
[11:25:03] OutDsp1SocketError: 10060
[11:25:03] InDsp1SocketError: 10060
[13:14:21] Program Start!
[13:14:22] 근무시작: 근무자
[13:14:22] 설치된 영수증프린터가 없음!
[13:14:22] Ping 시간 체크1-13026687
[13:14:22] Ping 시간 체크2-13026687
[13:14:22] Ping 시간 체크1-13026687
[13:14:22] Ping 시간 체크2-13026703
[13:14:22] Ping 시간 체크1-13026718
[13:14:23] Ping 시간 체크2-13026718
[13:14:23] Ping 시간 체크1-13026734
[13:14:23] Ping 시간 체크2-13026734
[13:14:23] 2시간  101
[13:14:23] 3시간  102
[13:14:23] 무료  103
[13:14:23] LPR 11 Recv: 172.16.83.1
[13:14:23] LPR 12 Recv: 172.16.83.1
[13:14:24] LPR 12 Recv: LPR_R
[13:14:24] 시간동기화 전송
[13:14:24] LPR 11 Recv: LPR_R
[13:14:24] 시간동기화 전송
[13:14:24] Ping 시간 체크1-13028656
[13:14:24] Ping 시간 체크2-13028656
[13:14:36] Ping 시간 체크1-13040000
[13:14:36] Ping 시간 체크2-13040000
[13:14:38] Ping 시간 체크1-13042546
[13:14:38] Ping 시간 체크2-13042546
[13:14:41] Ping 시간 체크1-13045468
[13:14:41] Ping 시간 체크2-13045468
[13:14:42] Ping 시간 체크1-13046546
[13:14:42] Ping 시간 체크2-13046546
[13:14:44] Ping 시간 체크1-13048046
[13:14:44] Ping 시간 체크2-13048046
[13:14:47] Ping 시간 체크1-13051000
[13:14:47] Ping 시간 체크2-13051015
[13:14:47] Ping 시간 체크1-13051640
[13:14:47] Ping 시간 체크2-13051656
[13:14:49] Ping 시간 체크1-13052937
[13:14:49] Ping 시간 체크2-13052953
[13:14:49] Ping 시간 체크1-13053437
[13:14:49] Ping 시간 체크2-13053453
[13:14:50] Ping 시간 체크1-13054203
[13:14:50] Ping 시간 체크2-13054203
[13:14:51] Ping 시간 체크1-13055421
[13:14:51] Ping 시간 체크2-13055421
[13:14:52] Ping 시간 체크1-13055890
[13:14:52] Ping 시간 체크2-13055890
[13:14:53] Ping 시간 체크1-13057437
[13:14:53] Ping 시간 체크2-13057453
[13:15:12] Ping 시간 체크1-13076156
[13:15:12] Ping 시간 체크2-13076171
[13:15:13] Ping 시간 체크1-13076968
[13:15:13] Ping 시간 체크2-13076984
[13:15:13] Ping 시간 체크1-13077531
[13:15:13] Ping 시간 체크2-13077531
[13:15:14] Ping 시간 체크1-13077812
[13:15:14] Ping 시간 체크2-13077812
[13:15:14] 출구차단기 Open
[13:15:14] Ping 시간 체크1-13077812
[13:15:14] Ping 시간 체크2-13077828
[13:15:22] Program Close
[13:16:45] Program Start!
[13:17:16] 근무시작: 근무자
[13:17:16] 설치된 영수증프린터가 없음!
[13:17:16] Ping 시간 체크1-13199890
[13:17:16] Ping 시간 체크2-13199906
[13:17:16] Ping 시간 체크1-13199906
[13:17:16] Ping 시간 체크2-13199906
[13:17:16] Ping 시간 체크1-13199921
[13:17:16] Ping 시간 체크2-13199937
[13:17:16] Ping 시간 체크1-13199937
[13:17:16] Ping 시간 체크2-13199937
[13:17:16] 2시간  101
[13:17:16] 3시간  102
[13:17:16] 무료  103
[13:17:16] LPR 11 Recv: 172.16.83.1
[13:17:16] LPR 12 Recv: 172.16.83.1
[13:17:17] LPR 12 Recv: LPR_R
[13:17:17] 시간동기화 전송
[13:17:17] LPR 11 Recv: LPR_R
[13:17:17] 시간동기화 전송
[13:18:17] Ping 시간 체크1-13261203
[13:18:17] Ping 시간 체크2-13261218
[13:18:17] 12번 LPR OK 전송
[13:18:17] Ping 시간 체크1-13261281
[13:18:17] Ping 시간 체크2-13261281
[13:18:17] 11번 LPR OK 전송
[13:18:23] Program Close
[13:19:27] Program Start!
[13:19:35] 근무시작: 근무자
[13:19:35] 설치된 영수증프린터가 없음!
[13:19:35] Ping 시간 체크1-13339343
[13:19:35] Ping 시간 체크2-13339359
[13:19:35] Ping 시간 체크1-13339406
[13:19:35] Ping 시간 체크2-13339421
[13:19:35] Ping 시간 체크1-13339421
[13:19:35] Ping 시간 체크2-13339437
[13:19:35] Ping 시간 체크1-13339437
[13:19:35] Ping 시간 체크2-13339453
[13:19:35] 2시간  101
[13:19:35] 3시간  102
[13:19:35] 무료  103
[13:19:43] LPR 11 Recv: 172.16.83.1
[13:19:43] LPR 12 Recv: 172.16.83.1
[13:19:44] LPR 12 Recv: LPR_R
[13:19:44] 시간동기화 전송
[13:19:44] LPR 11 Recv: LPR_R
[13:19:44] 시간동기화 전송
[14:21:11] Program Start!
[14:21:16] 근무시작: 근무자
[14:21:16] 설치된 영수증프린터가 없음!
[14:21:16] Ping 시간 체크1-17040609
[14:21:16] Ping 시간 체크2-17040609
[14:21:16] Ping 시간 체크1-17040656
[14:21:16] Ping 시간 체크2-17040671
[14:21:16] Ping 시간 체크1-17040671
[14:21:16] Ping 시간 체크2-17040671
[14:21:16] Ping 시간 체크1-17040671
[14:21:16] Ping 시간 체크2-17040687
[14:21:16] 2시간  101
[14:21:16] 3시간  102
[14:21:16] 무료  103
[14:21:18] LPR 12 Recv: 172.16.83.1
[14:21:18] LPR 11 Recv: 172.16.83.1
[14:21:18] LPR 11 Recv: LPR_R
[14:21:18] 시간동기화 전송
[14:21:19] LPR 12 Recv: LPR_R
[14:21:19] 시간동기화 전송
[14:21:23] Ping 시간 체크1-17047203
[14:21:23] Ping 시간 체크2-17047218
[14:21:24] Ping 시간 체크1-17048656
[14:21:24] Ping 시간 체크2-17048671
[14:21:27] Ping 시간 체크1-17051093
[14:21:27] Ping 시간 체크2-17051109
[14:21:28] Ping 시간 체크1-17052125
[14:21:28] Ping 시간 체크2-17052125
[14:21:29] Ping 시간 체크1-17052968
[14:21:29] Ping 시간 체크2-17052968
[14:21:29] Ping 시간 체크1-17053406
[14:21:29] Ping 시간 체크2-17053406
[14:21:30] Ping 시간 체크1-17054046
[14:21:30] Ping 시간 체크2-17054062
[14:21:30] Ping 시간 체크1-17054468
[14:21:30] Ping 시간 체크2-17054468
[14:22:00] Program Start!
[14:22:03] 근무시작: 근무자
[14:22:03] 설치된 영수증프린터가 없음!
[14:22:03] Ping 시간 체크1-17087125
[14:22:03] Ping 시간 체크2-17087125
[14:22:03] Ping 시간 체크1-17087203
[14:22:03] Ping 시간 체크2-17087203
[14:22:03] Ping 시간 체크1-17087203
[14:22:03] Ping 시간 체크2-17087218
[14:22:03] Ping 시간 체크1-17087218
[14:22:03] Ping 시간 체크2-17087218
[14:22:03] 2시간  101
[14:22:03] 3시간  102
[14:22:03] 무료  103
[14:22:04] LPR 11 Recv: 172.16.83.1
[14:22:04] LPR 12 Recv: 172.16.83.1
[14:22:05] LPR 12 Recv: LPR_R
[14:22:05] 시간동기화 전송
[14:22:05] LPR 11 Recv: LPR_R
[14:22:05] 시간동기화 전송
[14:29:58] Program Start!
[14:29:59] 근무시작: 근무자
[14:29:59] 설치된 영수증프린터가 없음!
[14:29:59] Ping 시간 체크1-17563671
[14:29:59] Ping 시간 체크2-17563687
[14:29:59] Ping 시간 체크1-17563687
[14:29:59] Ping 시간 체크2-17563687
[14:29:59] Ping 시간 체크1-17563703
[14:29:59] Ping 시간 체크2-17563703
[14:29:59] Ping 시간 체크1-17563703
[14:29:59] Ping 시간 체크2-17563718
[14:29:59] 2시간  101
[14:29:59] 3시간  102
[14:29:59] 무료  103
[14:30:00] LPR 11 Recv: 172.16.83.1
[14:30:00] LPR 12 Recv: 172.16.83.1
[14:30:00] LPR 11 Recv: LPR_R
[14:30:00] 시간동기화 전송
[14:30:01] LPR 12 Recv: LPR_R
[14:30:01] 시간동기화 전송
[14:30:07] LPR 11 Recv: CH1#31로6819#N#\2014\11\08\CH1_20141108142923_31로6819.jpg
[14:30:07] LPR Check: 31로6819, http://172.16.66.33:9080/MSImage/2014/11/08/CH1_20141108142923_31로6819.jpg, 1,,,0, 2014-11-08 14:29:23
[14:30:07] File: \\172.16.66.33\MSImage\2014\11\08\CH1_20141108142923_31로6819.jpg
[14:30:07] 정기차량시작: 31로6819, 
[14:30:07] Ping 시간 체크1-17571187
[14:30:07] Ping 시간 체크2-17571187
[14:30:07] Ping 시간 체크1-17571187
[14:30:07] Ping 시간 체크2-17571203
[14:30:07] 입구차단기 Open
[14:30:07] 정기차량처리: 31로6819, 
[14:30:22] LPR 12 Recv: LPR_N
[14:33:57] LPR 12 Recv: LPR_N
[14:34:02] LPR 12 Recv: LPR_N
[14:34:03] Program Close
[14:34:06] Program Start!
[14:34:07] 근무시작: 근무자
[14:34:07] 설치된 영수증프린터가 없음!
[14:34:07] Ping 시간 체크1-17813468
[14:34:07] Ping 시간 체크2-17813484
[14:34:07] Ping 시간 체크1-17813484
[14:34:07] Ping 시간 체크2-17813484
[14:34:07] Ping 시간 체크1-17813484
[14:34:07] Ping 시간 체크2-17813500
[14:34:07] Ping 시간 체크1-17813500
[14:34:07] Ping 시간 체크2-17813500
[14:34:07] LPR 12 Recv: 172.16.83.1
[14:34:07] LPR 11 Recv: 172.16.83.1
[14:34:08] LPR 12 Recv: LPR_N
[14:34:09] 2시간  101
[14:34:09] 3시간  102
[14:34:09] 무료  103
[14:34:09] LPR 11 Recv: LPR_R
[14:34:09] 시간동기화 전송
[14:34:12] LPR 11 Recv: CH1#서울77로7789#O#\2014\11\10\CH1_20141110143330_서울77로7789.jpg
[14:34:12] LPR Check: 서울77로7789, http://172.16.66.33:9080/MSImage/2014/11/10/CH1_20141110143330_서울77로7789.jpg, 1,,,0, 2014-11-10 14:33:30
[14:34:12] File: \\172.16.66.33\MSImage\2014\11\10\CH1_20141110143330_서울77로7789.jpg
[14:34:12] 정기차량시작: 서울77로7789, 
[14:34:12] Ping 시간 체크1-17818343
[14:34:12] Ping 시간 체크2-17818343
[14:34:12] Ping 시간 체크1-17818343
[14:34:12] Ping 시간 체크2-17818343
[14:34:12] 입구차단기 Open
[14:34:12] 정기차량처리: 서울77로7789, 
[14:34:12] LPR 12 Recv: LPR_N
[14:34:18] LPR 12 Recv: LPR_N
[14:34:23] LPR 12 Recv: LPR_N
[14:34:28] LPR 12 Recv: LPR_N
[14:35:35] LPR 12 Recv: LPR_N
[14:35:38] Program Close
[14:35:41] Program Start!
[14:35:43] 근무시작: 근무자
[14:35:43] 설치된 영수증프린터가 없음!
[14:35:43] Ping 시간 체크1-17910312
[14:35:43] Ping 시간 체크2-17910328
[14:35:43] Ping 시간 체크1-17910328
[14:35:43] Ping 시간 체크2-17910328
[14:35:43] Ping 시간 체크1-17910328
[14:35:43] Ping 시간 체크2-17910343
[14:35:43] Ping 시간 체크1-17910343
[14:35:43] Ping 시간 체크2-17910343
[14:35:43] 2시간  101
[14:35:43] 3시간  102
[14:35:43] 무료  103
[14:35:43] LPR 11 Recv: 172.16.83.1
[14:35:43] LPR 12 Recv: 172.16.83.1
[14:35:45] LPR 11 Recv: LPR_R
[14:35:45] 시간동기화 전송
[14:35:45] LPR 12 Recv: LPR_N
[14:35:45] LPR 11 Recv: CH1#서울77로7789#O#\2014\11\10\CH1_20141110143504_서울77로7789.jpg
[14:35:45] LPR Check: 서울77로7789, http://172.16.66.33:9080/MSImage/2014/11/10/CH1_20141110143504_서울77로7789.jpg, 1,,,0, 2014-11-10 14:35:04
[14:35:45] File: \\172.16.66.33\MSImage\2014\11\10\CH1_20141110143504_서울77로7789.jpg
[14:35:45] 정기차량시작: 서울77로7789, 
[14:35:45] Ping 시간 체크1-17912828
[14:35:45] Ping 시간 체크2-17912828
[14:35:45] Ping 시간 체크1-17912828
[14:35:45] Ping 시간 체크2-17912828
[14:35:45] 입구차단기 Open
[14:35:45] 정기차량처리: 서울77로7789, 
[14:35:46] LPR 12 Recv: LPR_N
[14:35:51] LPR 12 Recv: LPR_N
[14:35:56] LPR 12 Recv: LPR_N
[16:24:42] Program Start!
[16:24:43] 근무시작: 근무자
[16:24:43] 설치된 영수증프린터가 없음!
[16:24:43] Ping 시간 체크1-24451656
[16:24:43] Ping 시간 체크2-24451671
[16:24:43] Ping 시간 체크1-24451671
[16:24:43] Ping 시간 체크2-24451671
[16:24:43] Ping 시간 체크1-24451671
[16:24:43] Ping 시간 체크2-24451687
[16:24:43] Ping 시간 체크1-24451687
[16:24:43] Ping 시간 체크2-24451687
[16:24:43] 2시간  101
[16:24:43] 3시간  102
[16:24:43] 무료  103
[16:24:43] LPR 12 Recv: 172.16.83.1
[16:24:43] LPR 11 Recv: 172.16.83.1
[16:24:44] LPR 12 Recv: LPR_N
[16:24:45] TfrmClosing.DataCheck: ie_NOpen - device not open
[16:24:45] LPR 11 Recv: LPR_R
[16:24:45] 시간동기화 전송
[16:24:48] LPR 12 Recv: LPR_N
[16:24:53] LPR 12 Recv: LPR_N
[16:24:58] LPR 12 Recv: LPR_N
[16:25:03] LPR 12 Recv: LPR_N
[16:25:08] LPR 12 Recv: LPR_N
[16:25:14] LPR 12 Recv: LPR_N
[16:25:19] LPR 12 Recv: LPR_N
[16:25:24] LPR 12 Recv: LPR_N
[16:25:26] 근무시작: 근무자
[16:25:29] TfrmClosing.DataCheck: ie_NOpen - device not open
[16:25:29] LPR 12 Recv: LPR_N
[16:25:35] LPR 12 Recv: LPR_N
[16:25:40] LPR 12 Recv: LPR_N
[16:25:45] 근무시작: 근무자
[16:25:45] Ping 시간 체크1-24513656
[16:25:45] Ping 시간 체크2-24513656
[16:25:45] 11번 LPR OK 전송
[16:25:45] LPR 12 Recv: LPR_N
[16:25:47] Ping 시간 체크1-24516078
[16:25:47] Ping 시간 체크2-24516093
[16:25:48] Ping 시간 체크1-24516656
[16:25:48] Ping 시간 체크2-24516671
[16:25:48] Ping 시간 체크1-24517078
[16:25:48] Ping 시간 체크2-24517093
[16:25:48] 출구차단기 Open
[16:25:48] Ping 시간 체크1-24517093
[16:25:48] Ping 시간 체크2-24517093
[16:25:51] TfrmClosing.DataCheck: ie_NOpen - device not open
[16:25:51] LPR 12 Recv: LPR_N
[16:25:55] Program Close
[16:25:58] Program Start!
[16:26:01] 근무시작: 근무자
[16:26:02] 설치된 영수증프린터가 없음!
[16:26:02] Ping 시간 체크1-24530187
[16:26:02] Ping 시간 체크2-24530187
[16:26:02] Ping 시간 체크1-24530234
[16:26:02] Ping 시간 체크2-24530250
[16:26:02] Ping 시간 체크1-24530250
[16:26:02] Ping 시간 체크2-24530250
[16:26:02] Ping 시간 체크1-24530265
[16:26:02] Ping 시간 체크2-24530265
[16:26:02] 2시간  101
[16:26:02] 3시간  102
[16:26:02] 무료  103
[16:26:03] LPR 12 Recv: 172.16.83.1
[16:26:03] LPR 11 Recv: 172.16.83.1
[16:26:04] LPR 11 Recv: LPR_R
[16:26:04] 시간동기화 전송
[16:26:04] LPR 12 Recv: LPR_N
[16:27:39] Program Start!
[16:27:41] 근무시작: 근무자
[16:27:41] 설치된 영수증프린터가 없음!
[16:27:41] Ping 시간 체크1-24630109
[16:27:41] Ping 시간 체크2-24630109
[16:27:41] Ping 시간 체크1-24630125
[16:27:41] Ping 시간 체크2-24630125
[16:27:41] Ping 시간 체크1-24630125
[16:27:41] Ping 시간 체크2-24630140
[16:27:41] Ping 시간 체크1-24630140
[16:27:41] Ping 시간 체크2-24630140
[16:27:41] 2시간  101
[16:27:41] 3시간  102
[16:27:41] 무료  103
[16:27:42] LPR 11 Recv: 172.16.83.1
[16:27:42] LPR 12 Recv: 172.16.83.1
[16:27:43] LPR 11 Recv: LPR_R
[16:27:43] 시간동기화 전송
[16:27:43] LPR 12 Recv: LPR_N
[16:27:44] TfrmClosing.DataCheck: ie_NOpen - device not open
[16:27:46] LPR 12 Recv: LPR_N
[16:27:48] 근무시작: 근무자
[16:27:51] LPR 12 Recv: LPR_N
[16:27:52] Program Close
[16:30:44] Program Start!
[16:30:46] 근무시작: 근무자
[16:30:46] 설치된 영수증프린터가 없음!
[16:30:46] Ping 시간 체크1-24814812
[16:30:46] Ping 시간 체크2-24814828
[16:30:46] Ping 시간 체크1-24814828
[16:30:46] Ping 시간 체크2-24814828
[16:30:46] Ping 시간 체크1-24814828
[16:30:46] Ping 시간 체크2-24814843
[16:30:46] Ping 시간 체크1-24814843
[16:30:46] Ping 시간 체크2-24814859
[16:30:46] 2시간  101
[16:30:46] 3시간  102
[16:30:46] 무료  103
[16:30:46] LPR 11 Recv: 172.16.83.1
[16:30:46] LPR 12 Recv: 172.16.83.1
[16:30:48] LPR 12 Recv: LPR_N
[16:30:48] LPR 11 Recv: LPR_R
[16:30:48] 시간동기화 전송
[16:30:50] LPR 12 Recv: LPR_N
[16:30:50] Program Close
[16:30:54] Program Start!
[16:30:56] 근무시작: 근무자
[16:30:56] 설치된 영수증프린터가 없음!
[16:30:56] Ping 시간 체크1-24824765
[16:30:56] Ping 시간 체크2-24824765
[16:30:56] Ping 시간 체크1-24824765
[16:30:56] Ping 시간 체크2-24824765
[16:30:56] Ping 시간 체크1-24824765
[16:30:56] Ping 시간 체크2-24824781
[16:30:56] Ping 시간 체크1-24824781
[16:30:56] Ping 시간 체크2-24824796
[16:30:56] 2시간  101
[16:30:56] 3시간  102
[16:30:56] 무료  103
[16:30:56] LPR 12 Recv: 172.16.83.1
[16:30:56] LPR 11 Recv: 172.16.83.1
[16:30:57] LPR 11 Recv: LPR_R
[16:30:57] 시간동기화 전송
[16:30:57] LPR 12 Recv: LPR_N
[16:31:00] LPR 12 Recv: LPR_N
[16:31:05] LPR 12 Recv: LPR_N
[16:31:11] LPR 12 Recv: LPR_N
[16:31:16] LPR 12 Recv: LPR_N
[16:31:21] LPR 12 Recv: LPR_N
[16:31:26] LPR 12 Recv: LPR_N
[16:31:32] LPR 12 Recv: LPR_N
[16:31:37] LPR 12 Recv: LPR_N
[16:31:42] LPR 12 Recv: LPR_N
[16:31:47] LPR 12 Recv: LPR_N
[16:31:52] LPR 12 Recv: LPR_N
[16:31:57] Ping 시간 체크1-24885812
[16:31:57] Ping 시간 체크2-24885812
[16:31:57] 11번 LPR OK 전송
[16:31:58] LPR 12 Recv: LPR_N
[16:32:03] LPR 12 Recv: LPR_N
[16:32:08] LPR 11 Recv: CH1#서울77로7789#O#\2014\11\10\CH1_20141110163128_서울77로7789.jpg
[16:32:08] LPR Check: 서울77로7789, http://172.16.66.33:9080/MSImage/2014/11/10/CH1_20141110163128_서울77로7789.jpg, 1,,,0, 2014-11-10 16:31:28
[16:32:08] File: \\172.16.66.33\MSImage\2014\11\10\CH1_20141110163128_서울77로7789.jpg
[16:32:08] 정기차량시작: 서울77로7789, 
[16:32:08] Ping 시간 체크1-24896984
[16:32:08] Ping 시간 체크2-24896984
[16:32:08] Ping 시간 체크1-24896984
[16:32:08] Ping 시간 체크2-24897000
[16:32:08] 입구차단기 Open
[16:32:08] 정기차량처리: 서울77로7789, 
[16:32:08] LPR 12 Recv: LPR_N
[16:32:13] LPR 12 Recv: LPR_N
[16:32:19] LPR 12 Recv: LPR_N
[16:32:20] LPR 12 Recv: CH1#서울77로7789#O#\2014\11\10\CH1_20141110163024_서울77로7789.jpg
[16:32:20] LPR Check: 서울77로7789,http://172.16.66.34:9080/MSImage/2014/11/10/CH1_20141110163024_서울77로7789.jpg,1,,,0, 2014-11-10 16:30:24
[16:32:20] File: \\172.16.66.34\MSImage\2014\11\10\CH1_20141110163024_서울77로7789.jpg
[16:32:20] 정기차량시작: 서울77로7789, 
[16:32:20] Ping 시간 체크1-24908218
[16:32:20] Ping 시간 체크2-24908218
[16:32:20] File: \\172.16.66.33\MSImage\2014\11\10\CH1_20141110163128_서울77로7789.jpg
[16:32:20] Ping 시간 체크1-24908312
[16:32:20] Ping 시간 체크2-24908312
[16:32:20] Ping 시간 체크1-24908406
[16:32:20] Ping 시간 체크2-24908406
[16:32:20] Ping 시간 체크1-24908406
[16:32:20] Ping 시간 체크2-24908421
[16:32:20] 출구차단기 Open
[16:32:20] 정기차량처리: 서울77로7789, 
[16:32:25] LPR 12 Recv: LPR_N
[16:32:30] LPR 12 Recv: LPR_N
[16:32:35] LPR 12 Recv: LPR_N
[16:32:40] LPR 12 Recv: LPR_N
[16:32:46] LPR 12 Recv: LPR_N
[16:32:51] LPR 12 Recv: LPR_N
[16:32:56] LPR 12 Recv: LPR_N
[16:33:01] LPR 12 Recv: LPR_N
[16:33:07] LPR 12 Recv: LPR_N
[16:33:08] Ping 시간 체크1-24957000
[16:33:08] Ping 시간 체크2-24957000
[16:33:08] 11번 LPR OK 전송
[16:33:12] LPR 12 Recv: LPR_N
[16:33:17] LPR 12 Recv: LPR_N
[16:33:22] LPR 12 Recv: LPR_N
[16:33:28] LPR 12 Recv: LPR_N
[16:33:33] LPR 12 Recv: LPR_N
[16:33:38] LPR 12 Recv: LPR_N
[16:33:43] LPR 12 Recv: LPR_N
[16:33:46] LPR 11 Recv: LPR_R
[16:33:46] 시간동기화 전송
[16:33:48] LPR 12 Recv: LPR_N
[16:33:54] LPR 12 Recv: LPR_N
[16:33:59] LPR 12 Recv: LPR_N
[16:34:04] LPR 12 Recv: LPR_N
[16:34:09] LPR 12 Recv: LPR_N
[16:34:15] LPR 12 Recv: LPR_N
[16:34:20] LPR 12 Recv: LPR_N
[16:34:26] LPR 12 Recv: LPR_N
[16:34:31] LPR 12 Recv: LPR_N
[16:34:36] LPR 12 Recv: LPR_N
[16:34:41] LPR 12 Recv: LPR_N
[16:34:46] LPR 12 Recv: LPR_N
[16:34:46] Ping 시간 체크1-25054828
[16:34:46] Ping 시간 체크2-25054828
[16:34:46] 11번 LPR OK 전송
[16:34:52] LPR 12 Recv: LPR_N
[16:34:57] LPR 12 Recv: LPR_N
[16:35:02] LPR 11 Recv: CH1#서울77로7789#O#\2014\11\10\CH1_20141110163421_서울77로7789.jpg
[16:35:02] LPR Check: 서울77로7789, http://172.16.66.33:9080/MSImage/2014/11/10/CH1_20141110163421_서울77로7789.jpg, 1,,,0, 2014-11-10 16:34:21
[16:35:02] File: \\172.16.66.33\MSImage\2014\11\10\CH1_20141110163421_서울77로7789.jpg
[16:35:02] 정기차량시작: 서울77로7789, 
[16:35:02] Ping 시간 체크1-25070765
[16:35:02] Ping 시간 체크2-25070781
[16:35:02] Ping 시간 체크1-25070781
[16:35:02] Ping 시간 체크2-25070781
[16:35:02] 입구차단기 Open
[16:35:02] 정기차량처리: 서울77로7789, 
[16:35:02] LPR 12 Recv: LPR_N
[16:35:03] LPR 12 Recv: CH1#서울77로7789#O#\2014\11\10\CH1_20141110163504_서울77로7789.jpg
[16:35:03] LPR Check: 서울77로7789,http://172.16.66.34:9080/MSImage/2014/11/10/CH1_20141110163504_서울77로7789.jpg,1,,,0, 2014-11-10 16:35:04
[16:35:03] File: \\172.16.66.34\MSImage\2014\11\10\CH1_20141110163504_서울77로7789.jpg
[16:35:03] 정기차량시작: 서울77로7789, 
[16:35:04] Ping 시간 체크1-25072156
[16:35:04] Ping 시간 체크2-25072171
[16:35:04] File: \\172.16.66.33\MSImage\2014\11\10\CH1_20141110163421_서울77로7789.jpg
[16:35:04] Ping 시간 체크1-25072265
[16:35:04] Ping 시간 체크2-25072265
[16:35:04] Ping 시간 체크1-25072343
[16:35:04] Ping 시간 체크2-25072359
[16:35:04] Ping 시간 체크1-25072359
[16:35:04] Ping 시간 체크2-25072359
[16:35:04] 출구차단기 Open
[16:35:04] 정기차량처리: 서울77로7789, 
[16:35:07] LPR 12 Recv: LPR_N
[16:35:13] LPR 12 Recv: LPR_N
[16:35:18] LPR 12 Recv: LPR_N
[16:35:23] LPR 12 Recv: LPR_N
[16:35:28] LPR 12 Recv: LPR_N
[16:35:33] LPR 12 Recv: LPR_N
[16:35:39] LPR 12 Recv: LPR_N
[16:35:44] LPR 12 Recv: LPR_N
[16:35:49] LPR 12 Recv: LPR_N
[16:35:54] LPR 12 Recv: LPR_N
[16:36:00] LPR 12 Recv: LPR_N
[16:36:02] Ping 시간 체크1-25130781
[16:36:02] Ping 시간 체크2-25130781
[16:36:02] 11번 LPR OK 전송
[16:36:05] LPR 12 Recv: LPR_N
[16:36:10] LPR 12 Recv: LPR_N
[16:36:16] LPR 12 Recv: LPR_N
[16:36:21] LPR 12 Recv: LPR_N
[16:36:26] LPR 12 Recv: LPR_N
[16:36:31] LPR 12 Recv: LPR_N
[16:36:37] LPR 12 Recv: LPR_N
[16:36:42] LPR 12 Recv: LPR_N
[16:36:47] LPR 12 Recv: LPR_N
[16:36:52] LPR 12 Recv: LPR_N
[16:36:58] LPR 12 Recv: LPR_N
[16:37:02] Ping 시간 체크1-25190781
[16:37:02] Ping 시간 체크2-25190781
[16:37:02] 11번 LPR OK 전송
[16:37:03] LPR 12 Recv: LPR_N
[16:37:08] LPR 12 Recv: LPR_N
[16:37:13] LPR 12 Recv: LPR_N
[16:37:19] LPR 12 Recv: LPR_N
[16:37:24] LPR 12 Recv: LPR_N
[16:37:29] LPR 12 Recv: LPR_N
[16:37:34] LPR 12 Recv: LPR_N
[16:37:39] LPR 12 Recv: LPR_N
[16:37:45] LPR 12 Recv: LPR_N
[16:37:45] LPR 11 Recv: LPR_R
[16:37:45] 시간동기화 전송
[16:37:48] Program Close
[16:37:49] Program Start!
[16:37:53] 근무시작: 근무자
[16:37:53] 설치된 영수증프린터가 없음!
[16:37:53] Ping 시간 체크1-25241843
[16:37:53] Ping 시간 체크2-25241859
[16:37:53] Ping 시간 체크1-25241859
[16:37:53] Ping 시간 체크2-25241859
[16:37:53] Ping 시간 체크1-25241859
[16:37:53] Ping 시간 체크2-25241875
[16:37:53] Ping 시간 체크1-25241875
[16:37:53] Ping 시간 체크2-25241875
[16:37:53] 2시간  101
[16:37:53] 3시간  102
[16:37:53] 무료  103
[16:37:53] LPR 12 Recv: 172.16.83.1
[16:37:53] LPR 11 Recv: 172.16.83.1
[16:37:54] LPR 11 Recv: LPR_R
[16:37:54] 시간동기화 전송
[16:37:54] LPR 12 Recv: LPR_N
[16:37:55] LPR 12 Recv: LPR_N
[16:38:00] LPR 12 Recv: LPR_N
[16:38:06] LPR 12 Recv: LPR_N
[16:38:11] LPR 12 Recv: LPR_N
[16:38:17] LPR 12 Recv: LPR_N
[16:38:22] LPR 12 Recv: LPR_N
[16:38:27] LPR 12 Recv: LPR_N
[16:38:32] LPR 12 Recv: LPR_N
[16:38:37] LPR 12 Recv: LPR_N
[16:38:43] LPR 12 Recv: LPR_N
[16:38:48] LPR 12 Recv: LPR_N
[16:38:53] LPR 12 Recv: LPR_N
[16:38:54] Ping 시간 체크1-25302843
[16:38:54] Ping 시간 체크2-25302843
[16:38:54] 11번 LPR OK 전송
[16:38:58] LPR 12 Recv: LPR_N
[16:39:04] LPR 12 Recv: LPR_N
[16:39:09] LPR 12 Recv: LPR_N
[16:39:14] LPR 12 Recv: LPR_N
[16:39:19] LPR 12 Recv: LPR_N
[16:39:24] LPR 12 Recv: LPR_N
[16:39:30] LPR 12 Recv: LPR_N
[16:39:35] LPR 12 Recv: LPR_N
[16:39:40] LPR 12 Recv: LPR_N
[16:39:45] LPR 12 Recv: LPR_N
[16:39:48] LPR 11 Recv: CH1#서울77로7789#O#\2014\11\10\CH1_20141110163907_서울77로7789.jpg
[16:39:48] LPR Check: 서울77로7789, http://172.16.66.33:9080/MSImage/2014/11/10/CH1_20141110163907_서울77로7789.jpg, 1,,,0, 2014-11-10 16:39:07
[16:39:48] File: \\172.16.66.33\MSImage\2014\11\10\CH1_20141110163907_서울77로7789.jpg
[16:39:48] 정기차량시작: 서울77로7789, 
[16:39:48] Ping 시간 체크1-25356500
[16:39:48] Ping 시간 체크2-25356500
[16:39:48] Ping 시간 체크1-25356500
[16:39:48] Ping 시간 체크2-25356500
[16:39:48] 입구차단기 Open
[16:39:48] 정기차량처리: 서울77로7789, 
[16:39:51] LPR 12 Recv: LPR_N
[16:39:51] LPR 12 Recv: CH1#서울77로7789#O#\2014\11\10\CH1_20141110163952_서울77로7789.jpg
[16:39:51] LPR Check: 서울77로7789,http://172.16.66.34:9080/MSImage/2014/11/10/CH1_20141110163952_서울77로7789.jpg,1,,,0, 2014-11-10 16:39:52
[16:39:51] File: \\172.16.66.34\MSImage\2014\11\10\CH1_20141110163952_서울77로7789.jpg
[16:39:51] 정기차량시작: 서울77로7789, 
[16:39:51] Ping 시간 체크1-25359906
[16:39:51] Ping 시간 체크2-25359906
[16:39:51] File: \\172.16.66.33\MSImage\2014\11\10\CH1_20141110163907_서울77로7789.jpg
[16:39:51] Ping 시간 체크1-25360000
[16:39:51] Ping 시간 체크2-25360000
[16:39:51] Ping 시간 체크1-25360078
[16:39:51] Ping 시간 체크2-25360093
[16:39:51] Ping 시간 체크1-25360093
[16:39:51] Ping 시간 체크2-25360093
[16:39:51] 출구차단기 Open
[16:39:51] 정기차량처리: 서울77로7789, 
[16:39:56] LPR 12 Recv: LPR_N
[16:40:01] LPR 12 Recv: LPR_N
[16:40:06] LPR 12 Recv: LPR_N
[16:40:12] LPR 12 Recv: LPR_N
[16:40:17] LPR 12 Recv: LPR_N
[16:40:20] LPR 11 Recv: LPR_R
[16:40:20] 시간동기화 전송
[16:40:22] LPR 12 Recv: LPR_N
[16:40:28] LPR 12 Recv: LPR_N
[16:40:33] LPR 12 Recv: LPR_N
[16:40:38] LPR 12 Recv: LPR_N
[16:40:43] LPR 12 Recv: LPR_N
[16:40:49] LPR 12 Recv: LPR_N
[16:40:53] LPR 11 Recv: LPR_R
[16:40:53] 시간동기화 전송
[16:40:54] LPR 12 Recv: LPR_N
[16:40:59] LPR 12 Recv: LPR_N
[16:41:04] LPR 12 Recv: LPR_N
[16:41:10] LPR 12 Recv: LPR_N
[16:41:15] LPR 12 Recv: LPR_N
[16:41:20] LPR 12 Recv: LPR_N
[16:41:25] LPR 12 Recv: LPR_N
[16:41:30] LPR 12 Recv: LPR_N
[16:41:36] LPR 12 Recv: LPR_N
[16:41:41] LPR 12 Recv: LPR_N
[16:41:46] LPR 12 Recv: LPR_N
[16:41:51] LPR 12 Recv: LPR_N
[16:41:53] Ping 시간 체크1-25481859
[16:41:53] Ping 시간 체크2-25481859
[16:41:53] 11번 LPR OK 전송
[16:41:57] LPR 12 Recv: LPR_N
[16:42:02] LPR 12 Recv: LPR_N
[16:42:07] LPR 12 Recv: LPR_N
[16:42:12] LPR 12 Recv: LPR_N
[16:42:18] LPR 12 Recv: LPR_N
[16:42:23] LPR 12 Recv: LPR_N
[16:42:28] LPR 12 Recv: LPR_N
[16:42:30] LPR 11 Recv: LPR_R
[16:42:30] 시간동기화 전송
[16:42:34] LPR 12 Recv: LPR_N
[16:42:39] LPR 12 Recv: LPR_N
[16:42:44] LPR 12 Recv: LPR_N
[16:42:49] LPR 12 Recv: LPR_N
[16:42:55] LPR 12 Recv: LPR_N
[16:43:00] LPR 12 Recv: LPR_N
[16:43:05] LPR 12 Recv: LPR_N
[16:43:10] LPR 12 Recv: LPR_N
[16:43:14] LPR 11 Recv: LPR_R
[16:43:14] 시간동기화 전송
[16:43:15] LPR 12 Recv: LPR_N
[16:43:21] LPR 12 Recv: LPR_N
[16:43:26] LPR 12 Recv: LPR_N
[16:43:31] LPR 12 Recv: LPR_N
[16:43:36] LPR 12 Recv: LPR_N
[16:43:42] LPR 12 Recv: LPR_N
[16:43:47] LPR 12 Recv: LPR_N
[16:43:52] LPR 12 Recv: LPR_N
[16:43:57] LPR 12 Recv: LPR_N
[16:44:03] LPR 12 Recv: LPR_N
[16:44:08] LPR 12 Recv: LPR_N
[16:44:13] LPR 12 Recv: LPR_N
[16:44:14] Ping 시간 체크1-25622859
[16:44:14] Ping 시간 체크2-25622859
[16:44:14] 11번 LPR OK 전송
[16:44:19] LPR 12 Recv: LPR_N
[16:44:21] LPR 11 Recv: LPR_R
[16:44:21] 시간동기화 전송
[16:44:24] LPR 12 Recv: LPR_N
[16:44:29] LPR 12 Recv: LPR_N
[16:44:34] LPR 12 Recv: LPR_N
[16:44:40] LPR 12 Recv: LPR_N
[16:44:45] LPR 12 Recv: LPR_N
[16:44:50] LPR 12 Recv: LPR_N
[16:44:55] LPR 12 Recv: LPR_N
[16:45:01] LPR 12 Recv: LPR_N
[16:45:06] LPR 12 Recv: LPR_N
[16:45:11] LPR 12 Recv: LPR_N
[16:45:16] LPR 12 Recv: LPR_N
[16:45:21] Ping 시간 체크1-25689875
[16:45:21] Ping 시간 체크2-25689890
[16:45:21] 11번 LPR OK 전송
[16:45:21] LPR 12 Recv: LPR_N
[16:45:27] LPR 12 Recv: LPR_N
[16:45:32] LPR 12 Recv: LPR_N
[16:45:37] LPR 12 Recv: LPR_N
[16:45:39] Ping 시간 체크1-25707546
[16:45:39] Ping 시간 체크2-25707546
[16:45:41] Ping 시간 체크1-25709390
[16:45:41] Ping 시간 체크2-25709406
[16:45:42] LPR 12 Recv: LPR_N
[16:45:42] Ping 시간 체크1-25711140
[16:45:42] Ping 시간 체크2-25711140
[16:45:46] Program Close
[16:46:22] Program Start!
[16:46:24] 근무시작: 근무자
[16:46:24] 설치된 영수증프린터가 없음!
[16:46:24] Ping 시간 체크1-25752625
[16:46:24] Ping 시간 체크2-25752640
[16:46:24] Ping 시간 체크1-25752640
[16:46:24] Ping 시간 체크2-25752640
[16:46:24] Ping 시간 체크1-25752640
[16:46:24] Ping 시간 체크2-25752656
[16:46:24] Ping 시간 체크1-25752656
[16:46:24] Ping 시간 체크2-25752656
[16:46:24] 2시간  101
[16:46:24] 3시간  102
[16:46:24] 무료  103
[16:46:27] LPR 11 Recv: 172.16.83.1
[16:46:27] Ping 시간 체크1-25755609
[16:46:27] Ping 시간 체크2-25755625
[16:46:27] LPR 12 Recv: 172.16.83.1
[16:46:28] Ping 시간 체크1-25756593
[16:46:28] Ping 시간 체크2-25756593
[16:46:28] LPR 11 Recv: LPR_R
[16:46:28] 시간동기화 전송
[16:46:29] LPR 12 Recv: LPR_N
[16:46:30] Ping 시간 체크1-25758265
[16:46:30] Ping 시간 체크2-25758281
[16:46:30] LPR 12 Recv: LPR_N
[16:46:30] Ping 시간 체크1-25758656
[16:46:30] Ping 시간 체크2-25758656
[16:46:31] Ping 시간 체크1-25759609
[16:46:31] Ping 시간 체크2-25759625
[16:46:31] Ping 시간 체크1-25759937
[16:46:31] Ping 시간 체크2-25759937
[16:46:32] Ping 시간 체크1-25760937
[16:46:32] Ping 시간 체크2-25760984
[16:46:33] Ping 시간 체크1-25761343
[16:46:33] Ping 시간 체크2-25761343
[16:46:33] Ping 시간 체크1-25762015
[16:46:33] Ping 시간 체크2-25762015
[16:46:34] Ping 시간 체크1-25762421
[16:46:34] Ping 시간 체크2-25762421
[16:46:34] Ping 시간 체크1-25763015
[16:46:34] Ping 시간 체크2-25763031
[16:46:35] LPR 12 Recv: LPR_N
[16:46:35] Ping 시간 체크1-25764093
[16:46:35] Ping 시간 체크2-25764093
[16:46:36] Ping 시간 체크1-25765156
[16:46:37] Ping 시간 체크2-25765156
[16:46:37] 출구차단기 Open
[16:46:40] LPR 12 Recv: LPR_N
[16:46:42] Program Close
[16:47:14] Program Start!
[16:47:15] 근무시작: 근무자
[16:47:15] 설치된 영수증프린터가 없음!
[16:47:15] Ping 시간 체크1-25803984
[16:47:15] Ping 시간 체크2-25804000
[16:47:15] Ping 시간 체크1-25804000
[16:47:15] Ping 시간 체크2-25804000
[16:47:15] Ping 시간 체크1-25804000
[16:47:15] Ping 시간 체크2-25804000
[16:47:15] Ping 시간 체크1-25804015
[16:47:15] Ping 시간 체크2-25804015
[16:47:15] LPR 12 Recv: 172.16.83.1
[16:47:16] 2시간  101
[16:47:16] 3시간  102
[16:47:16] 무료  103
[16:47:17] LPR 12 Recv: LPR_N
[16:47:21] Program Close
[16:47:22] Program Start!
[16:47:24] 근무시작: 근무자
[16:47:24] 설치된 영수증프린터가 없음!
[16:47:24] Ping 시간 체크1-25812531
[16:47:24] Ping 시간 체크2-25812546
[16:47:24] Ping 시간 체크1-25812546
[16:47:24] Ping 시간 체크2-25812546
[16:47:24] Ping 시간 체크1-25812546
[16:47:24] Ping 시간 체크2-25812546
[16:47:24] Ping 시간 체크1-25812562
[16:47:24] Ping 시간 체크2-25812562
[16:47:24] 2시간  101
[16:47:24] 3시간  102
[16:47:24] 무료  103
[16:47:24] LPR 12 Recv: 172.16.83.1
[16:47:24] LPR 11 Recv: 172.16.83.1
[16:47:25] LPR 11 Recv: LPR_R
[16:47:25] 시간동기화 전송
[16:47:25] LPR 12 Recv: LPR_N
[16:47:27] LPR 12 Recv: LPR_N
[16:47:28] LPR 11 Recv: LPR_R
[16:47:28] 시간동기화 전송
[16:47:31] LPR 11 Recv: CH1#서울77로7789#O#\2014\11\10\CH1_20141110164650_서울77로7789.jpg
[16:47:31] LPR Check: 서울77로7789, http://172.16.66.33:9080/MSImage/2014/11/10/CH1_20141110164650_서울77로7789.jpg, 1,,,0, 2014-11-10 16:46:50
[16:47:31] File: \\172.16.66.33\MSImage\2014\11\10\CH1_20141110164650_서울77로7789.jpg
[16:47:31] 정기차량시작: 서울77로7789, 
[16:47:31] Ping 시간 체크1-25819750
[16:47:31] Ping 시간 체크2-25819750
[16:47:31] Ping 시간 체크1-25819750
[16:47:31] Ping 시간 체크2-25819765
[16:47:31] 입구차단기 Open
[16:47:31] 정기차량처리: 서울77로7789, 
[16:47:33] LPR 12 Recv: LPR_N
[16:47:38] LPR 12 Recv: LPR_N
[16:50:55] Ping 시간 체크1-26025781
[16:50:55] Ping 시간 체크2-26025781
[16:50:55] 11번 LPR OK 전송
[16:50:58] Ping 시간 체크1-26028156
[16:50:58] Ping 시간 체크2-26028156
[16:50:58] 12번 LPR OK 전송
[16:51:55] Ping 시간 체크1-26085781
[16:51:55] Ping 시간 체크2-26085781
[16:51:55] 11번 LPR OK 전송
[16:51:58] Ping 시간 체크1-26088156
[16:51:58] Ping 시간 체크2-26088156
[16:51:58] 12번 LPR OK 전송
[16:52:55] Ping 시간 체크1-26145781
[16:52:55] Ping 시간 체크2-26145781
[16:52:55] 11번 LPR OK 전송
[16:52:58] Ping 시간 체크1-26148156
[16:52:58] Ping 시간 체크2-26148156
[16:52:58] 12번 LPR OK 전송
[16:53:55] Ping 시간 체크1-26205781
[16:53:55] Ping 시간 체크2-26205781
[16:53:55] 11번 LPR OK 전송
[16:53:58] Ping 시간 체크1-26208156
[16:53:58] Ping 시간 체크2-26208156
[16:53:58] 12번 LPR OK 전송
[16:54:29] Program Close
[16:56:10] Program Start!
[16:56:13] 근무시작: 근무자
[16:56:13] 설치된 영수증프린터가 없음!
[16:56:13] Ping 시간 체크1-26343796
[16:56:13] Ping 시간 체크2-26343796
[16:56:14] Ping 시간 체크1-26343843
[16:56:14] Ping 시간 체크2-26343859
[16:56:14] Ping 시간 체크1-26343859
[16:56:14] Ping 시간 체크2-26343875
[16:56:14] Ping 시간 체크1-26343875
[16:56:14] Ping 시간 체크2-26343875
[16:56:14] 2시간  101
[16:56:14] 3시간  102
[16:56:14] 무료  103
[16:56:15] LPR 12 Recv: 172.16.83.1
[16:56:15] LPR 11 Recv: 172.16.83.1
[16:56:17] LPR 11 Recv: LPR_R
[16:56:17] 시간동기화 전송
[16:56:17] LPR 12 Recv: LPR_R
[16:56:17] 시간동기화 전송
[18:01:16] Program Start!
[18:01:17] 근무시작: 근무자
[18:01:17] 설치된 영수증프린터가 없음!
[18:01:17] Ping 시간 체크1-30247734
[18:01:17] Ping 시간 체크2-30247734
[18:01:17] Ping 시간 체크1-30247750
[18:01:17] Ping 시간 체크2-30247750
[18:01:17] Ping 시간 체크1-30247750
[18:01:17] Ping 시간 체크2-30247765
[18:01:17] Ping 시간 체크1-30247765
[18:01:17] Ping 시간 체크2-30247781
[18:01:17] 2시간  101
[18:01:17] 3시간  102
[18:01:17] 무료  103
[18:01:18] LPR 12 Recv: 172.16.83.1
[18:01:18] LPR 11 Recv: 172.16.83.1
[18:01:19] LPR 12 Recv: LPR_R
[18:01:19] 시간동기화 전송
[18:01:19] LPR 11 Recv: LPR_R
[18:01:19] 시간동기화 전송
[18:01:20] Program Close
[18:01:43] Program Start!
[18:02:25] 근무시작: 근무자
[18:02:25] 설치된 영수증프린터가 없음!
[18:02:25] Ping 시간 체크1-30315765
[18:02:25] Ping 시간 체크2-30315765
[18:02:26] Ping 시간 체크1-30315828
[18:02:26] Ping 시간 체크2-30315828
[18:02:26] Ping 시간 체크1-30315843
[18:02:26] Ping 시간 체크2-30315859
[18:02:26] Ping 시간 체크1-30315859
[18:02:26] Ping 시간 체크2-30315859
[18:02:26] 2시간  101
[18:02:26] 3시간  102
[18:02:26] 무료  103
[18:02:27] LPR 12 Recv: 172.16.83.1
[18:02:27] LPR 11 Recv: 172.16.83.1
[18:02:28] LPR 12 Recv: LPR_R
[18:02:28] 시간동기화 전송
[18:02:29] LPR 11 Recv: LPR_R
[18:02:29] 시간동기화 전송
[18:08:55] TfrmClosing.DataCheck: ie_NOpen - device not open
[18:08:55] LPR 11 Recv: LPR_R
[18:08:55] 시간동기화 전송
[18:08:55] Ping 시간 체크1-30705578
[18:08:55] Ping 시간 체크2-30705593
[18:08:55] 12번 LPR OK 전송
[18:10:35] Program Start!
[18:10:40] 근무시작: 근무자
[18:10:40] 설치된 영수증프린터가 없음!
[18:10:40] Ping 시간 체크1-30810671
[18:10:40] Ping 시간 체크2-30810687
[18:10:40] Ping 시간 체크1-30810687
[18:10:40] Ping 시간 체크2-30810687
[18:10:40] Ping 시간 체크1-30810687
[18:10:40] Ping 시간 체크2-30810703
[18:10:40] Ping 시간 체크1-30810703
[18:10:40] Ping 시간 체크2-30810718
[18:10:40] 2시간  101
[18:10:40] 3시간  102
[18:10:40] 무료  103
[18:10:41] LPR 12 Recv: 172.16.83.1
[18:10:41] LPR 11 Recv: 172.16.83.1
[18:10:42] LPR 11 Recv: LPR_R
[18:10:42] 시간동기화 전송
[18:10:42] LPR 12 Recv: LPR_R
[18:10:42] 시간동기화 전송
[18:10:59] TfrmClosing.DataCheck: ie_NOpen - device not open
[18:11:04] Program Close
