[16:30:03] Program Start!
[16:30:03] DB Connect Error:사용자 'parking_user'이(가) 로그인하지 못했습니다
[16:30:08] Program Close
[16:30:45] Program Start!
[16:30:45] DB Connect Error:사용자 'parking_user'이(가) 로그인하지 못했습니다
[16:30:49] Program Close
[16:31:07] Program Start!
[16:31:08] 근무시작: 근무자
[16:31:08] 설치된 영수증프린터가 없음!
[16:31:08] Ping 시간 체크1-342912328
[16:31:08] Ping 시간 체크2-342912343
[16:31:08] Ping 시간 체크1-342912343
[16:31:08] Ping 시간 체크2-342912343
[16:31:08] Ping 시간 체크1-342912343
[16:31:08] Ping 시간 체크2-342912359
[16:31:08] Ping 시간 체크1-342912359
[16:31:08] Ping 시간 체크2-342912375
[16:31:09] LPR12 Recv: 172.16.83.1
[16:31:09] LPR11 Recv: 172.16.83.1
[16:31:09] LPR11 Recv: LPR_R
[16:31:09] 시간동기화 전송
[16:31:10] LPR12 Recv: LPR_R
[16:31:10] 시간동기화 전송
[16:31:12] LPR11 Recv: CH1#31로6819#N#\2014\11\04\CH1_20141104163100_31로6819.jpg
[16:31:12] LPR Check: 31로6819,http://172.16.66.33:9080/MSImage/2014/11/04/CH1_20141104163100_31로6819.jpg,1,,,0, 2014-11-04 16:31:00
[16:31:12] File: \\172.16.66.33\MSImage\2014\11\04\CH1_20141104163100_31로6819.jpg
[16:31:12] 정기차량시작: 31로6819, 
[16:31:12] Ping 시간 체크1-342916093
[16:31:12] Ping 시간 체크2-342916093
[16:31:12] Ping 시간 체크1-342916093
[16:31:12] Ping 시간 체크2-342916093
[16:31:12] 입구차단기 Open
[16:31:12] 정기차량처리: 31로6819, 
[16:32:10] Ping 시간 체크1-342973562
[16:32:10] Ping 시간 체크2-342973562
[16:32:10] 12번 LPR OK 전송
[16:32:12] Ping 시간 체크1-342976093
[16:32:12] Ping 시간 체크2-342976093
[16:32:12] 11번 LPR OK 전송
[16:32:56] Program Close
[16:32:59] Program Start!
[16:33:01] 근무시작: 근무자
[16:33:01] 설치된 영수증프린터가 없음!
[16:33:01] Ping 시간 체크1-343024906
[16:33:01] Ping 시간 체크2-343024921
[16:33:01] Ping 시간 체크1-343024921
[16:33:01] Ping 시간 체크2-343024921
[16:33:01] Ping 시간 체크1-343024937
[16:33:01] Ping 시간 체크2-343024937
[16:33:01] Ping 시간 체크1-343024937
[16:33:01] Ping 시간 체크2-343024953
[16:33:01] LPR11 Recv: 172.16.83.1
[16:33:01] LPR12 Recv: 172.16.83.1
[16:33:02] LPR12 Recv: LPR_R
[16:33:02] 시간동기화 전송
[16:33:03] LPR11 Recv: LPR_R
[16:33:03] 시간동기화 전송
[16:33:03] Program Close
[16:50:45] Program Start!
[16:50:47] 근무시작: 근무자
[16:50:47] 설치된 영수증프린터가 없음!
[16:50:47] Ping 시간 체크1-344090937
[16:50:47] Ping 시간 체크2-344090953
[16:50:47] Ping 시간 체크1-344090953
[16:50:47] Ping 시간 체크2-344090968
[16:50:47] Ping 시간 체크1-344090968
[16:50:47] Ping 시간 체크2-344090968
[16:50:47] Ping 시간 체크1-344090984
[16:50:47] Ping 시간 체크2-344090984
[16:50:47] LPR 11 Recv: 172.16.83.1
[16:50:47] LPR 12 Recv: 172.16.83.1
[16:50:49] LPR 12 Recv: LPR_R
[16:50:49] 시간동기화 전송
[16:50:49] LPR 11 Recv: LPR_R
[16:50:49] 시간동기화 전송
[16:51:49] Ping 시간 체크1-344152765
[16:51:49] Ping 시간 체크2-344152765
[16:51:49] 12번 LPR OK 전송
[16:51:49] Ping 시간 체크1-344152843
[16:51:49] Ping 시간 체크2-344152843
[16:51:49] 11번 LPR OK 전송
[16:52:17] Program Close
[16:52:29] Program Start!
[16:52:31] 근무시작: 근무자
[16:52:31] 설치된 영수증프린터가 없음!
[16:52:31] Ping 시간 체크1-344194750
[16:52:31] Ping 시간 체크2-344194750
[16:52:31] Ping 시간 체크1-344194796
[16:52:31] Ping 시간 체크2-344194796
[16:52:31] Ping 시간 체크1-344194796
[16:52:31] Ping 시간 체크2-344194812
[16:52:31] Ping 시간 체크1-344194812
[16:52:31] Ping 시간 체크2-344194812
[16:52:31] LPR 11 Recv: 172.16.83.1
[16:52:31] LPR 12 Recv: 172.16.83.1
[16:53:08] Program Start!
[16:53:10] 근무시작: 근무자
[16:53:10] 설치된 영수증프린터가 없음!
[16:53:10] Ping 시간 체크1-344233828
[16:53:10] Ping 시간 체크2-344233828
[16:53:10] Ping 시간 체크1-344233875
[16:53:10] Ping 시간 체크2-344233875
[16:53:10] Ping 시간 체크1-344233890
[16:53:10] Ping 시간 체크2-344233890
[16:53:10] Ping 시간 체크1-344233890
[16:53:10] Ping 시간 체크2-344233906
[16:53:10] LPR 12 Recv: 172.16.83.1
[16:53:10] LPR 11 Recv: 172.16.83.1
[16:53:11] LPR 11 Recv: LPR_R
[16:53:11] 시간동기화 전송
[16:53:11] LPR 12 Recv: LPR_R
[16:53:11] 시간동기화 전송
[17:01:22] Program Start!
[17:01:23] 근무시작: 근무자
[17:01:24] 설치된 영수증프린터가 없음!
[17:01:24] Ping 시간 체크1-344727468
[17:01:24] Ping 시간 체크2-344727484
[17:01:24] Ping 시간 체크1-344727484
[17:01:24] Ping 시간 체크2-344727484
[17:01:24] Ping 시간 체크1-344727484
[17:01:24] Ping 시간 체크2-344727500
[17:01:24] Ping 시간 체크1-344727500
[17:01:24] Ping 시간 체크2-344727500
[17:01:24] LPR 12 Recv: 172.16.83.1
[17:01:24] LPR 11 Recv: 172.16.83.1
[17:01:24] LPR 12 Recv: LPR_R
[17:01:24] 시간동기화 전송
[17:01:25] LPR 11 Recv: LPR_R
[17:01:25] 시간동기화 전송
[17:01:28] Program Close
[17:01:50] Program Start!
[17:01:52] 근무시작: 근무자
[17:01:52] 설치된 영수증프린터가 없음!
[17:01:52] Ping 시간 체크1-344755984
[17:01:52] Ping 시간 체크2-344756000
[17:01:52] Ping 시간 체크1-344756000
[17:01:52] Ping 시간 체크2-344756000
[17:01:52] Ping 시간 체크1-344756000
[17:01:52] Ping 시간 체크2-344756000
[17:01:52] Ping 시간 체크1-344756015
[17:01:52] Ping 시간 체크2-344756015
[17:01:52] LPR 12 Recv: 172.16.83.1
[17:01:54] LPR 12 Recv: LPR_R
[17:01:54] 시간동기화 전송
[17:01:59] Ping 시간 체크1-344762703
[17:01:59] Ping 시간 체크2-344762718
[17:02:02] Ping 시간 체크1-344765796
[17:02:02] Ping 시간 체크2-344765796
[17:02:02] 출구차단기 Open
[17:02:14] Program Close
[17:02:52] Program Start!
[17:02:54] 근무시작: 근무자
[17:02:54] 설치된 영수증프린터가 없음!
[17:02:54] Ping 시간 체크1-344817734
[17:02:54] Ping 시간 체크2-344817734
[17:02:54] Ping 시간 체크1-344817750
[17:02:54] Ping 시간 체크2-344817750
[17:02:54] Ping 시간 체크1-344817750
[17:02:54] Ping 시간 체크2-344817765
[17:02:54] Ping 시간 체크1-344817765
[17:02:54] Ping 시간 체크2-344817765
[17:02:54] LPR 11 Recv: 172.16.83.1
[17:02:54] LPR 12 Recv: 172.16.83.1
[17:02:55] LPR 12 Recv: LPR_R
[17:02:55] 시간동기화 전송
[17:02:55] LPR 11 Recv: LPR_R
[17:02:55] 시간동기화 전송
[17:03:05] Program Close
[17:05:43] Program Start!
[17:05:44] 근무시작: 근무자
[17:05:44] 설치된 영수증프린터가 없음!
[17:05:44] Ping 시간 체크1-344988062
[17:05:44] Ping 시간 체크2-344988078
[17:05:44] Ping 시간 체크1-344988078
[17:05:44] Ping 시간 체크2-344988078
[17:05:44] Ping 시간 체크1-344988078
[17:05:44] Ping 시간 체크2-344988093
[17:05:44] Ping 시간 체크1-344988093
[17:05:44] Ping 시간 체크2-344988109
[17:05:44] 2시간  101
[17:05:44] 3시간  102
[17:05:44] 무료  103
[17:05:44] LPR 12 Recv: 172.16.83.1
[17:05:44] LPR 11 Recv: 172.16.83.1
[17:05:46] LPR 12 Recv: LPR_R
[17:05:46] 시간동기화 전송
[17:05:46] Ping 시간 체크1-344990203
[17:05:46] Ping 시간 체크2-344990218
[17:05:46] LPR 11 Recv: LPR_R
[17:05:46] 시간동기화 전송
[17:05:46] LPR 11 Recv: LPR_R
[17:05:46] 시간동기화 전송
[17:05:55] Program Close
[17:11:44] Program Start!
[17:11:47] 근무시작: 근무자
[17:11:47] 설치된 영수증프린터가 없음!
[17:11:47] Ping 시간 체크1-345350500
[17:11:47] Ping 시간 체크2-345350500
[17:11:47] Ping 시간 체크1-345350515
[17:11:47] Ping 시간 체크2-345350515
[17:11:47] Ping 시간 체크1-345350515
[17:11:47] Ping 시간 체크2-345350531
[17:11:47] Ping 시간 체크1-345350531
[17:11:47] Ping 시간 체크2-345350531
[17:11:47] 2시간  101
[17:11:47] 3시간  102
[17:11:47] 무료  103
[17:11:47] LPR 12 Recv: 172.16.83.1
[17:11:47] LPR 11 Recv: 172.16.83.1
[17:11:48] LPR 12 Recv: LPR_R
[17:11:48] 시간동기화 전송
[17:11:48] LPR 11 Recv: LPR_R
[17:11:48] 시간동기화 전송
[17:12:10] Program Close
[17:19:05] Program Start!
[17:19:06] 근무시작: 근무자
[17:19:06] 설치된 영수증프린터가 없음!
[17:19:06] Ping 시간 체크1-345789671
[17:19:06] Ping 시간 체크2-345789687
[17:19:06] Ping 시간 체크1-345789687
[17:19:06] Ping 시간 체크2-345789687
[17:19:06] Ping 시간 체크1-345789687
[17:19:06] Ping 시간 체크2-345789703
[17:19:06] Ping 시간 체크1-345789718
[17:19:06] Ping 시간 체크2-345789718
[17:19:06] 2시간  101
[17:19:06] 3시간  102
[17:19:06] 무료  103
[17:19:06] LPR 11 Recv: 172.16.83.1
[17:19:06] LPR 12 Recv: 172.16.83.1
[17:19:08] LPR 12 Recv: LPR_R
[17:19:08] 시간동기화 전송
[17:19:09] Ping 시간 체크1-345793078
[17:19:09] Ping 시간 체크2-345793093
[17:19:15] Program Close
[17:20:05] Program Start!
[17:20:07] 근무시작: 근무자
[17:20:07] 설치된 영수증프린터가 없음!
[17:20:07] Ping 시간 체크1-345850718
[17:20:07] Ping 시간 체크2-345850734
[17:20:07] Ping 시간 체크1-345850734
[17:20:07] Ping 시간 체크2-345850750
[17:20:07] Ping 시간 체크1-345850750
[17:20:07] Ping 시간 체크2-345850750
[17:20:07] Ping 시간 체크1-345850750
[17:20:07] Ping 시간 체크2-345850765
[17:20:07] 2시간  101
[17:20:07] 3시간  102
[17:20:07] 무료  103
[17:20:07] TfrmMainNew.FormShow: Could not bind socket. Address and port are already in use.
[17:20:07] LPR 12 Recv: 172.16.83.1
[17:20:07] LPR 11 Recv: 172.16.83.1
[17:20:08] LPR 12 Recv: LPR_R
[17:20:08] 시간동기화 전송
[17:20:08] LPR 11 Recv: LPR_R
[17:20:08] 시간동기화 전송
[17:20:09] Ping 시간 체크1-345853187
[17:20:09] Ping 시간 체크2-345853187
[17:20:17] Program Close
[17:21:14] Program Start!
[17:21:16] 근무시작: 근무자
[17:21:16] 설치된 영수증프린터가 없음!
[17:21:16] Ping 시간 체크1-345920234
[17:21:16] Ping 시간 체크2-345920250
[17:21:16] Ping 시간 체크1-345920250
[17:21:16] Ping 시간 체크2-345920250
[17:21:16] Ping 시간 체크1-345920250
[17:21:16] Ping 시간 체크2-345920265
[17:21:16] Ping 시간 체크1-345920265
[17:21:16] Ping 시간 체크2-345920281
[17:21:16] 2시간  101
[17:21:16] 3시간  102
[17:21:16] 무료  103
[17:21:16] TfrmMainNew.FormShow: Could not bind socket. Address and port are already in use.
[17:21:16] LPR 12 Recv: 172.16.83.1
[17:21:16] LPR 11 Recv: 172.16.83.1
[17:21:17] LPR 12 Recv: LPR_R
[17:21:17] 시간동기화 전송
[17:21:18] LPR 11 Recv: LPR_R
[17:21:18] 시간동기화 전송
[17:21:19] Ping 시간 체크1-345922765
[17:21:19] Ping 시간 체크2-345922765
[17:21:23] Ping 시간 체크1-345926843
[17:21:23] Ping 시간 체크2-345926859
[17:21:24] Ping 시간 체크1-345927562
[17:21:24] Ping 시간 체크2-345927562
[17:21:24] 출구차단기 Open
[17:21:24] Ping 시간 체크1-345927562
[17:21:24] Ping 시간 체크2-345927578
[17:22:17] Ping 시간 체크1-345981312
[17:22:17] Ping 시간 체크2-345981312
[17:22:17] 12번 LPR OK 전송
[17:22:18] Ping 시간 체크1-345982046
[17:22:18] Ping 시간 체크2-345982046
[17:22:18] 11번 LPR OK 전송
[17:22:22] LPR 11 Recv: CH1#31로6817#N#\2014\11\04\CH1_20141104172210_31로6817.jpg
[17:22:22] LPR Check: 31로6817, http://172.16.66.33:9080/MSImage/2014/11/04/CH1_20141104172210_31로6817.jpg, 1,,,0, 2014-11-04 17:22:10
[17:22:22] File: \\172.16.66.33\MSImage\2014\11\04\CH1_20141104172210_31로6817.jpg
[17:22:22] 일반차량: 31로6817, 
[17:22:22] Ping 시간 체크1-345986171
[17:22:22] Ping 시간 체크2-345986187
[17:22:22] Ping 시간 체크1-345986187
[17:22:22] Ping 시간 체크2-345986187
[17:22:22] 입구차단기 Open
[17:22:22] 일반차량입차: 31로6817, 
[17:22:28] LPR 12 Recv: CH1#31로6817#N#\2014\11\04\CH1_20141104172056_31로6817.jpg
[17:22:28] LPR Check: 31로6817,http://172.16.66.34:9080/MSImage/2014/11/04/CH1_20141104172056_31로6817.jpg,1,,,0, 2014-11-04 17:20:56
[17:22:28] File: \\172.16.66.34\MSImage\2014\11\04\CH1_20141104172056_31로6817.jpg
[17:22:28] 일반차량: 31로6817, 
[17:22:28] In Image File: \\172.16.66.33\MSImage\2014\11\04\CH1_20141104172210_31로6817.jpg
[17:22:28] Ping 시간 체크1-345991640
[17:22:28] Ping 시간 체크2-345991640
[17:22:28] Out Image File: \\172.16.66.34\MSImage\2014\11\04\CH1_20141104172056_31로6817.jpg
[17:22:28] Ping 시간 체크1-345991750
[17:22:28] Ping 시간 체크2-345991750
[17:22:28] Ping 시간 체크1-345991875
[17:22:28] Ping 시간 체크2-345991890
[17:22:28] Ping 시간 체크1-345991890
[17:22:28] Ping 시간 체크2-345991890
[17:22:28] 출구차단기 Open
[17:22:28] 일반차량출차: 31로6817, 
[17:22:47] Ping 시간 체크1-346010906
[17:22:47] Ping 시간 체크2-346010906
[17:22:52] Ping 시간 체크1-346015578
[17:22:52] Ping 시간 체크2-346015578
[17:23:05] Ping 시간 체크1-346029296
[17:23:05] Ping 시간 체크2-346029312
[17:23:05] 출구차단기 Open
[17:23:05] Ping 시간 체크1-346029312
[17:23:05] Ping 시간 체크2-346029312
[17:23:22] Ping 시간 체크1-346046187
[17:23:22] Ping 시간 체크2-346046187
[17:23:22] 11번 LPR OK 전송
[17:23:28] Ping 시간 체크1-346051890
[17:23:28] Ping 시간 체크2-346051890
[17:23:28] 12번 LPR OK 전송
[17:23:56] Ping 시간 체크1-346080015
[17:23:56] Ping 시간 체크2-346080015
[17:23:57] Ping 시간 체크1-346080781
[17:23:57] Ping 시간 체크2-346080796
[17:23:57] Ping 시간 체크1-346081359
[17:23:57] Ping 시간 체크2-346081375
[17:23:57] 출구차단기 Open
[17:23:57] Ping 시간 체크1-346081375
[17:23:57] Ping 시간 체크2-346081375
[17:24:22] Ping 시간 체크1-346106187
[17:24:22] Ping 시간 체크2-346106203
[17:24:22] 11번 LPR OK 전송
[17:24:28] Ping 시간 체크1-346111890
[17:24:28] Ping 시간 체크2-346111890
[17:24:28] 12번 LPR OK 전송
[17:24:32] Ping 시간 체크1-346116203
[17:24:32] Ping 시간 체크2-346116203
[17:24:33] Ping 시간 체크1-346116718
[17:24:33] Ping 시간 체크2-346116718
[17:24:34] Ping 시간 체크1-346117562
[17:24:34] Ping 시간 체크2-346117562
[17:24:34] 출구차단기 Open
[17:24:34] Ping 시간 체크1-346117562
[17:24:34] Ping 시간 체크2-346117562
[17:25:22] Ping 시간 체크1-346166187
[17:25:22] Ping 시간 체크2-346166187
[17:25:22] 11번 LPR OK 전송
[17:25:28] Ping 시간 체크1-346171890
[17:25:28] Ping 시간 체크2-346171890
[17:25:28] 12번 LPR OK 전송
[17:26:22] Ping 시간 체크1-346226187
[17:26:22] Ping 시간 체크2-346226187
[17:26:22] 11번 LPR OK 전송
[17:26:28] Ping 시간 체크1-346231890
[17:26:28] Ping 시간 체크2-346231890
[17:26:28] 12번 LPR OK 전송
[17:27:22] Ping 시간 체크1-346286187
[17:27:22] Ping 시간 체크2-346286187
[17:27:22] 11번 LPR OK 전송
[17:27:28] Ping 시간 체크1-346291890
[17:27:28] Ping 시간 체크2-346291890
[17:27:28] 12번 LPR OK 전송
[17:27:54] Program Close
[17:28:55] Program Start!
[17:28:58] 근무시작: 근무자
[17:28:58] 설치된 영수증프린터가 없음!
[17:28:58] Ping 시간 체크1-346381656
[17:28:58] Ping 시간 체크2-346381656
[17:28:58] Ping 시간 체크1-346381687
[17:28:58] Ping 시간 체크2-346381703
[17:28:58] Ping 시간 체크1-346381703
[17:28:58] Ping 시간 체크2-346381718
[17:28:58] Ping 시간 체크1-346381718
[17:28:58] Ping 시간 체크2-346381734
[17:28:58] 2시간  101
[17:28:58] 3시간  102
[17:28:58] 무료  103
[17:28:58] LPR 11 Recv: 172.16.83.1
[17:28:58] LPR 12 Recv: 172.16.83.1
[17:28:59] LPR 11 Recv: LPR_R
[17:28:59] 시간동기화 전송
[17:28:59] LPR 12 Recv: LPR_R
[17:28:59] 시간동기화 전송
[17:37:42] Program Start!
[17:37:44] 근무시작: 근무자
[17:37:44] 설치된 영수증프린터가 없음!
[17:37:44] Ping 시간 체크1-346907953
[17:37:44] Ping 시간 체크2-346907968
[17:37:44] Ping 시간 체크1-346907968
[17:37:44] Ping 시간 체크2-346907968
[17:37:44] Ping 시간 체크1-346907968
[17:37:44] Ping 시간 체크2-346907984
[17:37:44] Ping 시간 체크1-346907984
[17:37:44] Ping 시간 체크2-346907984
[17:37:44] 2시간  101
[17:37:44] 3시간  102
[17:37:44] 무료  103
[17:37:44] LPR 11 Recv: 172.16.83.1
[17:37:44] LPR 12 Recv: 172.16.83.1
[17:37:45] LPR 11 Recv: LPR_R
[17:37:45] 시간동기화 전송
[17:37:45] LPR 12 Recv: LPR_R
[17:37:45] 시간동기화 전송
[17:37:47] Program Close
