[08:45:50] Program Start!
[08:47:00] 근무시작: 근무자
[08:47:00] 설치된 영수증프린터가 없음!
[08:47:00] Ping 시간 체크1-256235187
[08:47:00] Ping 시간 체크2-256235187
[08:47:00] Ping 시간 체크1-256235203
[08:47:00] Ping 시간 체크2-256235203
[08:47:00] Ping 시간 체크1-256235203
[08:47:00] Ping 시간 체크2-256235218
[08:47:00] Ping 시간 체크1-256235218
[08:47:00] Ping 시간 체크2-256235218
[08:47:00] 2시간  101
[08:47:00] 3시간  102
[08:47:00] 무료  103
[08:47:00] LPR 11 Recv: 172.16.83.1
[08:47:00] LPR 12 Recv: 172.16.83.1
[08:47:01] LPR 12 Recv: LPR_R
[08:47:01] 시간동기화 전송
[08:47:02] LPR 11 Recv: LPR_R
[08:47:02] 시간동기화 전송
[08:48:01] Ping 시간 체크1-256296265
[08:48:01] Ping 시간 체크2-256296265
[08:48:01] 12번 LPR OK 전송
[08:48:02] Ping 시간 체크1-256296578
[08:48:02] Ping 시간 체크2-256296578
[08:48:02] 11번 LPR OK 전송
[08:49:01] Ping 시간 체크1-256356265
[08:49:01] Ping 시간 체크2-256356265
[08:49:01] 12번 LPR OK 전송
[08:49:02] Ping 시간 체크1-256356578
[08:49:02] Ping 시간 체크2-256356578
[08:49:02] 11번 LPR OK 전송
[08:50:01] Ping 시간 체크1-256416265
[08:50:01] Ping 시간 체크2-256416265
[08:50:01] 12번 LPR OK 전송
[08:50:02] Ping 시간 체크1-256416578
[08:50:02] Ping 시간 체크2-256416578
[08:50:02] 11번 LPR OK 전송
[08:51:01] Ping 시간 체크1-256476265
[08:51:01] Ping 시간 체크2-256476265
[08:51:01] 12번 LPR OK 전송
[08:51:02] Ping 시간 체크1-256476578
[08:51:02] Ping 시간 체크2-256476578
[08:51:02] 11번 LPR OK 전송
[08:52:01] Ping 시간 체크1-256536265
[08:52:01] Ping 시간 체크2-256536265
[08:52:01] 12번 LPR OK 전송
[08:52:02] Ping 시간 체크1-256536578
[08:52:02] Ping 시간 체크2-256536578
[08:52:02] 11번 LPR OK 전송
[08:52:58] Program Close
[08:55:07] Program Start!
[08:55:09] 근무시작: 근무자
[08:55:09] 설치된 영수증프린터가 없음!
[08:55:09] Ping 시간 체크1-256723968
[08:55:09] Ping 시간 체크2-256723968
[08:55:09] Ping 시간 체크1-256723968
[08:55:09] Ping 시간 체크2-256723968
[08:55:09] Ping 시간 체크1-256723984
[08:55:09] Ping 시간 체크2-256723984
[08:55:09] Ping 시간 체크1-256723984
[08:55:09] Ping 시간 체크2-256724000
[08:55:09] LPR 11 Recv: 172.16.83.1
[08:55:09] LPR 12 Recv: 172.16.83.1
[08:55:10] LPR 12 Recv: LPR_R
[08:55:10] 시간동기화 전송
[08:55:10] 2시간  101
[08:55:10] 3시간  102
[08:55:10] 무료  103
[08:55:11] LPR 11 Recv: LPR_R
[08:55:11] 시간동기화 전송
[08:55:24] Program Close
[08:55:33] Program Start!
[08:55:50] Program Start!
[08:55:52] 근무시작: 근무자
[08:55:52] 설치된 영수증프린터가 없음!
[08:55:52] Ping 시간 체크1-256767156
[08:55:52] Ping 시간 체크2-256767156
[08:55:52] Ping 시간 체크1-256767187
[08:55:52] Ping 시간 체크2-256767187
[08:55:52] Ping 시간 체크1-256767187
[08:55:52] Ping 시간 체크2-256767187
[08:55:52] Ping 시간 체크1-256767203
[08:55:52] Ping 시간 체크2-256767203
[08:55:52] 2시간  101
[08:55:52] 3시간  102
[08:55:52] 무료  103
[08:55:52] LPR 12 Recv: 172.16.83.1
[08:55:52] LPR 11 Recv: 172.16.83.1
[08:55:54] LPR 12 Recv: LPR_R
[08:55:54] 시간동기화 전송
[08:55:54] LPR 11 Recv: LPR_R
[08:55:54] 시간동기화 전송
[09:12:42] Program Start!
[09:13:44] 근무시작: 근무자
[09:13:44] 설치된 영수증프린터가 없음!
[09:13:44] Ping 시간 체크1-257838890
[09:13:44] Ping 시간 체크2-257838906
[09:13:44] Ping 시간 체크1-257838906
[09:13:44] Ping 시간 체크2-257838921
[09:13:44] Ping 시간 체크1-257838921
[09:13:44] Ping 시간 체크2-257838921
[09:13:44] Ping 시간 체크1-257838937
[09:13:44] Ping 시간 체크2-257838937
[09:13:44] 2시간  101
[09:13:44] 3시간  102
[09:13:44] 무료  103
[09:13:44] LPR 12 Recv: 172.16.83.1
[09:13:44] LPR 11 Recv: 172.16.83.1
[09:13:45] LPR 11 Recv: LPR_R
[09:13:45] 시간동기화 전송
[09:13:46] LPR 12 Recv: LPR_R
[09:13:46] 시간동기화 전송
[09:13:46] Ping 시간 체크1-257840828
[09:13:46] Ping 시간 체크2-257840828
[09:13:47] Ping 시간 체크1-257842000
[09:13:47] Ping 시간 체크2-257842000
[09:13:49] Ping 시간 체크1-257844531
[09:13:50] Ping 시간 체크2-257844531
[09:13:50] Ping 시간 체크1-257845203
[09:13:50] Ping 시간 체크2-257845218
[09:13:51] Ping 시간 체크1-257845859
[09:13:51] Ping 시간 체크2-257845859
[09:13:51] Ping 시간 체크1-257846187
[09:13:51] Ping 시간 체크2-257846187
[09:13:53] Ping 시간 체크1-257848031
[09:13:53] Ping 시간 체크2-257848031
[09:13:53] 출구차단기 Open
[09:13:55] Program Close
[09:14:09] Program Start!
[09:14:13] Program Close
[09:14:18] Program Start!
[09:14:19] 근무시작: 근무자
[09:14:19] 설치된 영수증프린터가 없음!
[09:14:19] Ping 시간 체크1-257874531
[09:14:20] Ping 시간 체크2-257874531
[09:14:20] Ping 시간 체크1-257874531
[09:14:20] Ping 시간 체크2-257874546
[09:14:20] Ping 시간 체크1-257874546
[09:14:20] Ping 시간 체크2-257874546
[09:14:20] Ping 시간 체크1-257874562
[09:14:20] Ping 시간 체크2-257874562
[09:14:20] 2시간  101
[09:14:20] 3시간  102
[09:14:20] 무료  103
[09:14:20] LPR 11 Recv: 172.16.83.1
[09:14:20] LPR 12 Recv: 172.16.83.1
[09:14:21] LPR 12 Recv: LPR_R
[09:14:21] 시간동기화 전송
[09:14:21] LPR 11 Recv: LPR_R
[09:14:21] 시간동기화 전송
[09:15:21] Ping 시간 체크1-257935718
[09:15:21] Ping 시간 체크2-257935734
[09:15:21] 12번 LPR OK 전송
[09:15:21] Ping 시간 체크1-257936031
[09:15:21] Ping 시간 체크2-257936046
[09:15:21] 11번 LPR OK 전송
[09:16:21] Ping 시간 체크1-257995718
[09:16:21] Ping 시간 체크2-257995718
[09:16:21] 12번 LPR OK 전송
[09:16:21] Ping 시간 체크1-257996031
[09:16:21] Ping 시간 체크2-257996031
[09:16:21] 11번 LPR OK 전송
[09:17:21] Ping 시간 체크1-258055718
[09:17:21] Ping 시간 체크2-258055718
[09:17:21] 12번 LPR OK 전송
[09:17:21] Ping 시간 체크1-258056031
[09:17:21] Ping 시간 체크2-258056031
[09:17:21] 11번 LPR OK 전송
[09:17:22] LPR 11 Recv: LPR_R
[09:17:22] 시간동기화 전송
[09:17:23] LPR 12 Recv: LPR_R
[09:17:23] 시간동기화 전송
[09:18:10] Program Close
[09:18:12] Program Start!
[09:18:14] 근무시작: 근무자
[09:18:15] 설치된 영수증프린터가 없음!
[09:18:15] Ping 시간 체크1-258109546
[09:18:15] Ping 시간 체크2-258109546
[09:18:15] Ping 시간 체크1-258109578
[09:18:15] Ping 시간 체크2-258109578
[09:18:15] Ping 시간 체크1-258109578
[09:18:15] Ping 시간 체크2-258109593
[09:18:15] Ping 시간 체크1-258109593
[09:18:15] Ping 시간 체크2-258109593
[09:18:15] 2시간  101
[09:18:15] 3시간  102
[09:18:15] 무료  103
[09:18:15] LPR 11 Recv: 172.16.83.1
[09:18:15] LPR 12 Recv: 172.16.83.1
[09:18:16] LPR 12 Recv: LPR_R
[09:18:16] 시간동기화 전송
[09:18:16] LPR 11 Recv: LPR_R
[09:18:16] 시간동기화 전송
[09:34:14] Program Start!
[09:34:16] 근무시작: 근무자
[09:34:16] 설치된 영수증프린터가 없음!
[09:34:16] Ping 시간 체크1-259071312
[09:34:16] Ping 시간 체크2-259071312
[09:34:16] Ping 시간 체크1-259071343
[09:34:16] Ping 시간 체크2-259071343
[09:34:16] Ping 시간 체크1-259071359
[09:34:16] Ping 시간 체크2-259071359
[09:34:16] Ping 시간 체크1-259071359
[09:34:16] Ping 시간 체크2-259071375
[09:34:16] 2시간  101
[09:34:16] 3시간  102
[09:34:16] 무료  103
[09:34:16] LPR 11 Recv: 172.16.83.1
[09:34:16] LPR 12 Recv: 172.16.83.1
[09:34:18] LPR 12 Recv: LPR_R
[09:34:18] 시간동기화 전송
[09:34:18] LPR 11 Recv: LPR_R
[09:34:18] 시간동기화 전송
[10:18:59] Program Start!
[10:19:01] 근무시작: 근무자
[10:19:01] 설치된 영수증프린터가 없음!
[10:19:01] Ping 시간 체크1-261756328
[10:19:01] Ping 시간 체크2-261756343
[10:19:01] Ping 시간 체크1-261756359
[10:19:01] Ping 시간 체크2-261756375
[10:19:01] Ping 시간 체크1-261756390
[10:19:01] Ping 시간 체크2-261756390
[10:19:01] Ping 시간 체크1-261756390
[10:19:01] Ping 시간 체크2-261756406
[10:19:01] 2시간  101
[10:19:01] 3시간  102
[10:19:01] 무료  103
[10:19:02] LPR 12 Recv: 172.16.83.1
[10:19:02] LPR 11 Recv: 172.16.83.1
[10:19:03] LPR 11 Recv: LPR_R
[10:19:03] 시간동기화 전송
[10:19:03] LPR 12 Recv: LPR_R
[10:19:03] 시간동기화 전송
[10:19:26] Program Start!
[10:19:28] 근무시작: 근무자
[10:19:28] 설치된 영수증프린터가 없음!
[10:19:28] Ping 시간 체크1-261782578
[10:19:28] Ping 시간 체크2-261782578
[10:19:28] Ping 시간 체크1-261782593
[10:19:28] Ping 시간 체크2-261782593
[10:19:28] Ping 시간 체크1-261782593
[10:19:28] Ping 시간 체크2-261782593
[10:19:28] Ping 시간 체크1-261782593
[10:19:28] Ping 시간 체크2-261782609
[10:19:28] 2시간  101
[10:19:28] 3시간  102
[10:19:28] 무료  103
[10:19:28] LPR 12 Recv: 172.16.83.1
[10:19:28] LPR 11 Recv: 172.16.83.1
[10:19:29] LPR 12 Recv: LPR_R
[10:19:29] 시간동기화 전송
[10:19:29] LPR 11 Recv: LPR_R
[10:19:29] 시간동기화 전송
[10:19:32] LPR 12 Recv: LPR_R
[10:19:32] 시간동기화 전송
[10:19:32] LPR 11 Recv: LPR_R
[10:19:32] 시간동기화 전송
[10:19:33] LPR 12 Recv: LPR_R
[10:19:33] 시간동기화 전송
[10:19:33] Program Close
[10:19:36] Program Start!
[10:19:37] 근무시작: 근무자
[10:19:37] 설치된 영수증프린터가 없음!
[10:19:37] Ping 시간 체크1-261792515
[10:19:37] Ping 시간 체크2-261792515
[10:19:38] Ping 시간 체크1-261792546
[10:19:38] Ping 시간 체크2-261792546
[10:19:38] Ping 시간 체크1-261792562
[10:19:38] Ping 시간 체크2-261792562
[10:19:38] Ping 시간 체크1-261792562
[10:19:38] Ping 시간 체크2-261792562
[10:19:38] 2시간  101
[10:19:38] 3시간  102
[10:19:38] 무료  103
[10:19:38] LPR 12 Recv: 172.16.83.1
[10:19:38] LPR 11 Recv: 172.16.83.1
[10:19:39] LPR 12 Recv: LPR_R
[10:19:39] 시간동기화 전송
[10:19:39] LPR 11 Recv: LPR_R
[10:19:39] 시간동기화 전송
[10:38:12] Program Start!
[10:38:14] 근무시작: 근무자
[10:38:14] 설치된 영수증프린터가 없음!
[10:38:14] Ping 시간 체크1-262909234
[10:38:14] Ping 시간 체크2-262909250
[10:38:14] Ping 시간 체크1-262909250
[10:38:14] Ping 시간 체크2-262909250
[10:38:14] Ping 시간 체크1-262909250
[10:38:14] Ping 시간 체크2-262909250
[10:38:14] Ping 시간 체크1-262909265
[10:38:14] Ping 시간 체크2-262909265
[10:38:14] 2시간  101
[10:38:14] 3시간  102
[10:38:14] 무료  103
[10:38:14] LPR 12 Recv: 172.16.83.1
[10:38:14] LPR 11 Recv: 172.16.83.1
[10:38:16] LPR 12 Recv: LPR_R
[10:38:16] 시간동기화 전송
[10:38:16] LPR 11 Recv: LPR_R
[10:38:16] 시간동기화 전송
[10:38:19] Program Close
[10:39:09] Program Start!
[10:39:10] 근무시작: 근무자
[10:39:10] 설치된 영수증프린터가 없음!
[10:39:10] Ping 시간 체크1-262965328
[10:39:10] Ping 시간 체크2-262965343
[10:39:10] Ping 시간 체크1-262965343
[10:39:10] Ping 시간 체크2-262965343
[10:39:10] Ping 시간 체크1-262965343
[10:39:10] Ping 시간 체크2-262965359
[10:39:10] Ping 시간 체크1-262965359
[10:39:10] Ping 시간 체크2-262965359
[10:39:10] 2시간  101
[10:39:10] 3시간  102
[10:39:10] 무료  103
[10:39:10] LPR 12 Recv: 172.16.83.1
[10:39:10] LPR 11 Recv: 172.16.83.1
[10:39:12] LPR 11 Recv: LPR_R
[10:39:12] 시간동기화 전송
[10:39:12] LPR 12 Recv: LPR_R
[10:39:12] 시간동기화 전송
[10:39:31] OutDsp1SocketError: 10060
[10:40:12] Ping 시간 체크1-263027078
[10:40:12] Ping 시간 체크2-263027093
[10:40:12] 11번 LPR OK 전송
[10:40:12] Ping 시간 체크1-263027156
[10:40:12] Ping 시간 체크2-263027156
[10:40:12] 12번 LPR OK 전송
[10:41:12] Ping 시간 체크1-263087078
[10:41:12] Ping 시간 체크2-263087078
[10:41:12] 11번 LPR OK 전송
[10:41:12] Ping 시간 체크1-263087156
[10:41:12] Ping 시간 체크2-263087156
[10:41:12] 12번 LPR OK 전송
[10:42:12] Ping 시간 체크1-263147078
[10:42:12] Ping 시간 체크2-263147078
[10:42:12] 11번 LPR OK 전송
[10:42:12] Ping 시간 체크1-263147156
[10:42:12] Ping 시간 체크2-263147156
[10:42:12] 12번 LPR OK 전송
[10:43:12] Ping 시간 체크1-263207078
[10:43:12] Ping 시간 체크2-263207078
[10:43:12] 11번 LPR OK 전송
[10:43:12] Ping 시간 체크1-263207156
[10:43:12] Ping 시간 체크2-263207156
[10:43:12] 12번 LPR OK 전송
[10:44:12] Ping 시간 체크1-263267078
[10:44:12] Ping 시간 체크2-263267078
[10:44:12] 11번 LPR OK 전송
[10:44:12] Ping 시간 체크1-263267156
[10:44:12] Ping 시간 체크2-263267156
[10:44:12] 12번 LPR OK 전송
[10:45:12] Ping 시간 체크1-263327078
[10:45:12] Ping 시간 체크2-263327078
[10:45:12] 11번 LPR OK 전송
[10:45:12] Ping 시간 체크1-263327156
[10:45:12] Ping 시간 체크2-263327156
[10:45:12] 12번 LPR OK 전송
[10:46:12] Ping 시간 체크1-263387078
[10:46:12] Ping 시간 체크2-263387078
[10:46:12] 11번 LPR OK 전송
[10:46:12] Ping 시간 체크1-263387156
[10:46:12] Ping 시간 체크2-263387156
[10:46:12] 12번 LPR OK 전송
[10:47:12] Ping 시간 체크1-263447078
[10:47:12] Ping 시간 체크2-263447078
[10:47:12] 11번 LPR OK 전송
[10:47:12] Ping 시간 체크1-263447156
[10:47:12] Ping 시간 체크2-263447156
[10:47:12] 12번 LPR OK 전송
[10:48:12] Ping 시간 체크1-263507078
[10:48:12] Ping 시간 체크2-263507093
[10:48:12] 11번 LPR OK 전송
[10:48:12] Ping 시간 체크1-263507156
[10:48:12] Ping 시간 체크2-263507156
[10:48:12] 12번 LPR OK 전송
[10:49:12] Ping 시간 체크1-263567078
[10:49:12] Ping 시간 체크2-263567093
[10:49:12] 11번 LPR OK 전송
[10:49:12] Ping 시간 체크1-263567156
[10:49:12] Ping 시간 체크2-263567156
[10:49:12] 12번 LPR OK 전송
[10:50:12] Ping 시간 체크1-263627078
[10:50:12] Ping 시간 체크2-263627078
[10:50:12] 11번 LPR OK 전송
[10:50:12] Ping 시간 체크1-263627156
[10:50:12] Ping 시간 체크2-263627156
[10:50:12] 12번 LPR OK 전송
[10:51:12] Ping 시간 체크1-263687078
[10:51:12] Ping 시간 체크2-263687078
[10:51:12] 11번 LPR OK 전송
[10:51:12] Ping 시간 체크1-263687156
[10:51:12] Ping 시간 체크2-263687156
[10:51:12] 12번 LPR OK 전송
[10:52:12] Ping 시간 체크1-263747078
[10:52:12] Ping 시간 체크2-263747078
[10:52:12] 11번 LPR OK 전송
[10:52:12] Ping 시간 체크1-263747156
[10:52:12] Ping 시간 체크2-263747156
[10:52:12] 12번 LPR OK 전송
[10:53:12] Ping 시간 체크1-263807078
[10:53:12] Ping 시간 체크2-263807078
[10:53:12] 11번 LPR OK 전송
[10:53:12] Ping 시간 체크1-263807156
[10:53:12] Ping 시간 체크2-263807156
[10:53:12] 12번 LPR OK 전송
[10:54:12] Ping 시간 체크1-263867078
[10:54:12] Ping 시간 체크2-263867078
[10:54:12] 11번 LPR OK 전송
[10:54:12] Ping 시간 체크1-263867156
[10:54:12] Ping 시간 체크2-263867171
[10:54:12] 12번 LPR OK 전송
[10:55:12] Ping 시간 체크1-263927078
[10:55:12] Ping 시간 체크2-263927078
[10:55:12] 11번 LPR OK 전송
[10:55:12] Ping 시간 체크1-263927156
[10:55:12] Ping 시간 체크2-263927156
[10:55:12] 12번 LPR OK 전송
[10:56:12] Ping 시간 체크1-263987078
[10:56:12] Ping 시간 체크2-263987078
[10:56:12] 11번 LPR OK 전송
[10:56:12] Ping 시간 체크1-263987156
[10:56:12] Ping 시간 체크2-263987156
[10:56:12] 12번 LPR OK 전송
[10:57:12] Ping 시간 체크1-264047078
[10:57:12] Ping 시간 체크2-264047078
[10:57:12] 11번 LPR OK 전송
[10:57:12] Ping 시간 체크1-264047156
[10:57:12] Ping 시간 체크2-264047156
[10:57:12] 12번 LPR OK 전송
[10:58:12] Ping 시간 체크1-264107078
[10:58:12] Ping 시간 체크2-264107078
[10:58:12] 11번 LPR OK 전송
[10:58:12] Ping 시간 체크1-264107156
[10:58:12] Ping 시간 체크2-264107156
[10:58:12] 12번 LPR OK 전송
[10:59:12] Ping 시간 체크1-264167078
[10:59:12] Ping 시간 체크2-264167093
[10:59:12] 11번 LPR OK 전송
[10:59:12] Ping 시간 체크1-264167156
[10:59:12] Ping 시간 체크2-264167156
[10:59:12] 12번 LPR OK 전송
[11:00:12] Ping 시간 체크1-264227078
[11:00:12] Ping 시간 체크2-264227078
[11:00:12] 11번 LPR OK 전송
[11:00:12] Ping 시간 체크1-264227156
[11:00:12] Ping 시간 체크2-264227156
[11:00:12] 12번 LPR OK 전송
[11:01:12] Ping 시간 체크1-264287078
[11:01:12] Ping 시간 체크2-264287078
[11:01:12] 11번 LPR OK 전송
[11:01:12] Ping 시간 체크1-264287156
[11:01:12] Ping 시간 체크2-264287156
[11:01:12] 12번 LPR OK 전송
[11:02:12] Ping 시간 체크1-264347078
[11:02:12] Ping 시간 체크2-264347078
[11:02:12] 11번 LPR OK 전송
[11:02:12] Ping 시간 체크1-264347156
[11:02:12] Ping 시간 체크2-264347156
[11:02:12] 12번 LPR OK 전송
[11:02:50] Program Close
[11:02:54] Program Start!
[11:03:01] 근무시작: 근무자
[11:03:01] 설치된 영수증프린터가 없음!
[11:03:02] Ping 시간 체크1-264396703
[11:03:02] Ping 시간 체크2-264396703
[11:03:02] Ping 시간 체크1-264397421
[11:03:02] Ping 시간 체크2-264397437
[11:03:04] Ping 시간 체크1-264398656
[11:03:04] Ping 시간 체크2-264398656
[11:03:04] Ping 시간 체크1-264399156
[11:03:04] Ping 시간 체크2-264399171
[11:03:04] 2시간  101
[11:03:04] 3시간  102
[11:03:04] 무료  103
[11:03:09] Program Start!
[11:03:13] 근무시작: 근무자
[11:03:13] 설치된 영수증프린터가 없음!
[11:03:13] Ping 시간 체크1-264408140
[11:03:13] Ping 시간 체크2-264408140
[11:03:13] Ping 시간 체크1-264408234
[11:03:13] Ping 시간 체크2-264408234
[11:03:14] Ping 시간 체크1-264409250
[11:03:14] Ping 시간 체크2-264409265
[11:03:14] Ping 시간 체크1-264409312
[11:03:14] Ping 시간 체크2-264409312
[11:03:14] 2시간  101
[11:03:14] 3시간  102
[11:03:14] 무료  103
[11:03:15] LPR 11 Recv: 172.16.83.1
[11:03:15] LPR 12 Recv: 172.16.83.1
[11:03:17] LPR 11 Recv: LPR_R
[11:03:17] 시간동기화 전송
[11:03:17] LPR 12 Recv: LPR_R
[11:03:17] 시간동기화 전송
[11:25:56] Program Start!
[11:26:03] Program Close
[11:26:06] Program Start!
[11:26:08] 근무시작: 근무자
[11:26:08] 설치된 영수증프린터가 없음!
[11:26:08] Ping 시간 체크1-265783093
[11:26:08] Ping 시간 체크2-265783093
[11:26:08] Ping 시간 체크1-265783140
[11:26:08] Ping 시간 체크2-265783140
[11:26:08] Ping 시간 체크1-265783140
[11:26:08] Ping 시간 체크2-265783156
[11:26:08] Ping 시간 체크1-265783156
[11:26:08] Ping 시간 체크2-265783171
[11:26:08] 2시간  101
[11:26:08] 3시간  102
[11:26:08] 무료  103
[11:26:08] LPR 12 Recv: 172.16.83.1
[11:26:08] LPR 11 Recv: 172.16.83.1
[11:26:09] LPR 11 Recv: LPR_R
[11:26:09] 시간동기화 전송
[11:26:10] LPR 12 Recv: LPR_R
[11:26:10] 시간동기화 전송
[11:36:26] Program Start!
[11:36:28] 근무시작: 근무자
[11:36:28] 설치된 영수증프린터가 없음!
[11:36:28] Ping 시간 체크1-266403031
[11:36:28] Ping 시간 체크2-266403031
[11:36:28] Ping 시간 체크1-266403062
[11:36:28] Ping 시간 체크2-266403062
[11:36:28] Ping 시간 체크1-266403062
[11:36:28] Ping 시간 체크2-266403078
[11:36:28] Ping 시간 체크1-266403078
[11:36:28] Ping 시간 체크2-266403078
[11:36:28] 2시간  101
[11:36:28] 3시간  102
[11:36:28] 무료  103
[11:36:28] LPR 12 Recv: 172.16.83.1
[11:36:28] LPR 11 Recv: 172.16.83.1
[11:36:29] LPR 11 Recv: LPR_R
[11:36:29] 시간동기화 전송
[11:36:30] LPR 12 Recv: LPR_R
[11:36:30] 시간동기화 전송
[13:22:09] Program Start!
[13:22:11] 근무시작: 근무자
[13:22:11] 설치된 영수증프린터가 없음!
[13:22:11] Ping 시간 체크1-272745656
[13:22:11] Ping 시간 체크2-272745671
[13:22:11] Ping 시간 체크1-272745703
[13:22:11] Ping 시간 체크2-272745703
[13:22:11] Ping 시간 체크1-272745718
[13:22:11] Ping 시간 체크2-272745718
[13:22:11] Ping 시간 체크1-272745734
[13:22:11] Ping 시간 체크2-272745734
[13:22:11] 2시간  101
[13:22:11] 3시간  102
[13:22:11] 무료  103
[13:22:11] LPR 11 Recv: 172.16.83.1
[13:22:11] LPR 12 Recv: 172.16.83.1
[13:22:12] LPR 12 Recv: LPR_R
[13:22:12] 시간동기화 전송
[13:22:13] LPR 11 Recv: LPR_R
[13:22:13] 시간동기화 전송
[13:26:05] Program Start!
[13:26:10] 근무시작: 근무자
[13:26:10] 설치된 영수증프린터가 없음!
[13:26:10] Ping 시간 체크1-272984828
[13:26:10] Ping 시간 체크2-272984843
[13:26:10] Ping 시간 체크1-272984843
[13:26:10] Ping 시간 체크2-272984859
[13:26:10] Ping 시간 체크1-272984859
[13:26:10] Ping 시간 체크2-272984859
[13:26:10] Ping 시간 체크1-272984859
[13:26:10] Ping 시간 체크2-272984875
[13:26:10] 2시간  101
[13:26:10] 3시간  102
[13:26:10] 무료  103
[13:26:10] LPR 11 Recv: 172.16.83.1
[13:26:10] LPR 12 Recv: 172.16.83.1
[13:26:11] LPR 12 Recv: LPR_R
[13:26:11] 시간동기화 전송
[13:26:11] LPR 12 Recv: LPR_R
[13:26:11] 시간동기화 전송
[13:26:12] LPR 11 Recv: LPR_R
[13:26:12] 시간동기화 전송
[13:26:31] OutDsp1SocketError: 10060
[13:27:06] Ping 시간 체크1-273041046
[13:27:06] Ping 시간 체크2-273041062
[13:27:08] Ping 시간 체크1-273043171
[13:27:08] Ping 시간 체크2-273043171
[13:27:09] Ping 시간 체크1-273043562
[13:27:09] Ping 시간 체크2-273043562
[13:27:09] 출구차단기 Open
[13:27:09] Ping 시간 체크1-273043562
[13:27:09] Ping 시간 체크2-273043562
[13:27:09] LPR 12 Recv: CH1#31로6819#N#\2014\11\13\CH1_20141113132712_31로6819.jpg
[13:27:09] LPR Check: 31로6819,http://172.16.66.34:9080/MSImage/2014/11/13/CH1_20141113132712_31로6819.jpg,1,,,0, 2014-11-13 13:27:12
[13:27:09] File: \\172.16.66.34\MSImage\2014\11\13\CH1_20141113132712_31로6819.jpg
[13:27:09] 정기차량시작: 31로6819, 
[13:27:09] Ping 시간 체크1-273043718
[13:27:09] Ping 시간 체크2-273043718
[13:27:09] Ping 시간 체크1-273043843
[13:27:09] Ping 시간 체크2-273043859
[13:27:09] Ping 시간 체크1-273043859
[13:27:09] Ping 시간 체크2-273043859
[13:27:09] 출구차단기 Open
[13:27:09] 정기차량처리: 31로6819, 
[13:27:12] Ping 시간 체크1-273046578
[13:27:12] Ping 시간 체크2-273046578
[13:27:12] 11번 LPR OK 전송
[13:27:18] Ping 시간 체크1-273052843
[13:27:18] Ping 시간 체크2-273052859
[13:27:18] Ping 시간 체크1-273053390
[13:27:18] Ping 시간 체크2-273053406
[13:27:19] Ping 시간 체크1-273054015
[13:27:19] Ping 시간 체크2-273054015
[13:27:19] 출구차단기 Open
[13:28:09] Ping 시간 체크1-273103859
[13:28:09] Ping 시간 체크2-273103859
[13:28:09] 12번 LPR OK 전송
[13:28:12] Ping 시간 체크1-273106578
[13:28:12] Ping 시간 체크2-273106578
[13:28:12] 11번 LPR OK 전송
[13:29:09] Ping 시간 체크1-273163859
[13:29:09] Ping 시간 체크2-273163875
[13:29:09] 12번 LPR OK 전송
[13:29:12] Ping 시간 체크1-273166578
[13:29:12] Ping 시간 체크2-273166578
[13:29:12] 11번 LPR OK 전송
[13:30:09] Ping 시간 체크1-273223859
[13:30:09] Ping 시간 체크2-273223859
[13:30:09] 12번 LPR OK 전송
[13:30:12] Ping 시간 체크1-273226578
[13:30:12] Ping 시간 체크2-273226578
[13:30:12] 11번 LPR OK 전송
[13:31:09] Ping 시간 체크1-273283859
[13:31:09] Ping 시간 체크2-273283859
[13:31:09] 12번 LPR OK 전송
[13:31:12] Ping 시간 체크1-273286578
[13:31:12] Ping 시간 체크2-273286578
[13:31:12] 11번 LPR OK 전송
[13:31:13] Program Close
[13:31:17] Program Start!
[13:32:02] 근무시작: 근무자
[13:32:02] 설치된 영수증프린터가 없음!
[13:32:02] Ping 시간 체크1-273336937
[13:32:02] Ping 시간 체크2-273336937
[13:32:02] Ping 시간 체크1-273336937
[13:32:02] Ping 시간 체크2-273336953
[13:32:02] Ping 시간 체크1-273336953
[13:32:02] Ping 시간 체크2-273336953
[13:32:02] Ping 시간 체크1-273336953
[13:32:02] Ping 시간 체크2-273336968
[13:32:02] 2시간  101
[13:32:02] 3시간  102
[13:32:02] 무료  103
[13:32:02] LPR 11 Recv: 172.16.83.1
[13:32:02] LPR 12 Recv: 172.16.83.1
[13:32:03] LPR 11 Recv: LPR_R
[13:32:03] 시간동기화 전송
[13:32:04] LPR 12 Recv: LPR_R
[13:32:04] 시간동기화 전송
[13:32:23] OutDsp1SocketError: 10060
[13:32:23] InDsp1SocketError: 10060
[13:33:03] Ping 시간 체크1-273397984
[13:33:03] Ping 시간 체크2-273397984
[13:33:03] 11번 LPR OK 전송
[13:33:04] Ping 시간 체크1-273398625
[13:33:04] Ping 시간 체크2-273398625
[13:33:04] 12번 LPR OK 전송
[13:33:35] Program Close
[14:00:27] Program Start!
[14:00:33] Program Close
[14:01:05] Program Start!
[14:01:11] 근무시작: 근무자
[14:01:11] 설치된 영수증프린터가 없음!
[14:01:11] Ping 시간 체크1-275085578
[14:01:11] Ping 시간 체크2-275085578
[14:01:11] Ping 시간 체크1-275085609
[14:01:11] Ping 시간 체크2-275085625
[14:01:11] Ping 시간 체크1-275085625
[14:01:11] Ping 시간 체크2-275085640
[14:01:11] Ping 시간 체크1-275085640
[14:01:11] Ping 시간 체크2-275085656
[14:01:11] 2시간  101
[14:01:11] 3시간  102
[14:01:11] 무료  103
[14:01:11] LPR 11 Recv: 172.16.83.1
[14:01:11] LPR 12 Recv: 172.16.83.1
[14:01:12] LPR 11 Recv: LPR_R
[14:01:12] 시간동기화 전송
[14:01:12] LPR 12 Recv: LPR_R
[14:01:12] 시간동기화 전송
[14:01:26] Ping 시간 체크1-275100625
[14:01:26] Ping 시간 체크2-275100625
[14:01:32] OutDsp1SocketError: 10060
[14:02:59] LPR 12 Recv: LPR_RLPR_R
[14:02:59] LPR 11 Recv: LPR_RCH1#경기46로8862#O#\2014\11\13\CH1_20141113140243_경기46로8862.jpg
[14:02:59] LPR Check: 경기46로8862, http://172.16.66.33:9080/MSImage/2014/11/13/CH1_20141113140243_경기46로8862.jpg, 1,,,0, 2014-11-13 14:02:43
[14:02:59] File: \\172.16.66.33\MSImage\2014\11\13\CH1_20141113140243_경기46로8862.jpg
[14:02:59] 일반차량: 경기46로8862, 
[14:03:01] Ping 시간 체크1-275196281
[14:03:01] Ping 시간 체크2-275196312
[14:03:01] Ping 시간 체크1-275196312
[14:03:01] Ping 시간 체크2-275196312
[14:03:01] 입구차단기 Open
[14:03:01] 일반차량입차: 경기46로8862, 
[14:03:37] Program Start!
[14:03:38] 근무시작: 근무자
[14:03:38] 설치된 영수증프린터가 없음!
[14:03:38] Ping 시간 체크1-275233531
[14:03:38] Ping 시간 체크2-275233531
[14:03:39] Ping 시간 체크1-275233546
[14:03:39] Ping 시간 체크2-275233562
[14:03:39] Ping 시간 체크1-275233562
[14:03:39] Ping 시간 체크2-275233562
[14:03:39] Ping 시간 체크1-275233562
[14:03:39] Ping 시간 체크2-275233578
[14:03:39] 2시간  101
[14:03:39] 3시간  102
[14:03:39] 무료  103
[14:03:39] LPR 12 Recv: 172.16.83.1
[14:03:39] LPR 11 Recv: 172.16.83.1
[14:03:40] LPR 11 Recv: LPR_R
[14:03:40] 시간동기화 전송
[14:03:40] LPR 12 Recv: LPR_R
[14:03:40] 시간동기화 전송
[14:03:49] Ping 시간 체크1-275243781
[14:03:49] Ping 시간 체크2-275243796
[14:04:00] OutDsp1SocketError: 10060
[14:04:40] Ping 시간 체크1-275294656
[14:04:40] Ping 시간 체크2-275294656
[14:04:40] 11번 LPR OK 전송
[14:04:40] Ping 시간 체크1-275294703
[14:04:40] Ping 시간 체크2-275294703
[14:04:40] 12번 LPR OK 전송
[14:07:28] Program Start!
[14:08:16] 근무시작: 근무자
[14:08:16] 설치된 영수증프린터가 없음!
[14:08:16] Ping 시간 체크1-275511421
[14:08:16] Ping 시간 체크2-275511437
[14:08:16] Ping 시간 체크1-275511437
[14:08:16] Ping 시간 체크2-275511453
[14:08:16] Ping 시간 체크1-275511453
[14:08:16] Ping 시간 체크2-275511468
[14:08:16] Ping 시간 체크1-275511468
[14:08:16] Ping 시간 체크2-275511484
[14:08:16] 2시간  101
[14:08:16] 3시간  102
[14:08:16] 무료  103
[14:08:17] LPR 11 Recv: 172.16.83.1
[14:08:17] LPR 12 Recv: 172.16.83.1
[14:08:18] LPR 11 Recv: LPR_R
[14:08:18] 시간동기화 전송
[14:08:18] LPR 12 Recv: LPR_R
[14:08:18] 시간동기화 전송
[14:08:20] Program Close
[14:09:23] Program Start!
[14:09:25] 근무시작: 근무자
[14:09:25] 설치된 영수증프린터가 없음!
[14:09:25] Ping 시간 체크1-275580031
[14:09:25] Ping 시간 체크2-275580046
[14:09:25] Ping 시간 체크1-275580078
[14:09:25] Ping 시간 체크2-275580078
[14:09:25] Ping 시간 체크1-275580078
[14:09:25] Ping 시간 체크2-275580093
[14:09:25] Ping 시간 체크1-275580109
[14:09:25] Ping 시간 체크2-275580109
[14:09:25] 2시간  101
[14:09:25] 3시간  102
[14:09:25] 무료  103
[14:09:25] LPR 11 Recv: 172.16.83.1
[14:09:25] LPR 12 Recv: 172.16.83.1
[14:09:26] LPR 12 Recv: LPR_R
[14:09:26] 시간동기화 전송
[14:09:27] LPR 11 Recv: LPR_R
[14:09:27] 시간동기화 전송
[14:21:53] Program Start!
[14:21:55] 근무시작: 근무자
[14:21:55] 설치된 영수증프린터가 없음!
[14:21:55] Ping 시간 체크1-276329593
[14:21:55] Ping 시간 체크2-276329609
[14:21:55] Ping 시간 체크1-276329640
[14:21:55] Ping 시간 체크2-276329640
[14:21:55] Ping 시간 체크1-276329640
[14:21:55] Ping 시간 체크2-276329656
[14:21:55] Ping 시간 체크1-276329656
[14:21:55] Ping 시간 체크2-276329656
[14:21:55] 2시간  101
[14:21:55] 3시간  102
[14:21:55] 무료  103
[14:21:55] LPR 12 Recv: 172.16.83.1
[14:21:55] LPR 11 Recv: 172.16.83.1
[14:21:56] LPR 11 Recv: LPR_R
[14:21:56] 시간동기화 전송
[14:21:58] LPR 12 Recv: LPR_R
[14:21:58] 시간동기화 전송
[14:21:59] Ping 시간 체크1-276334359
[14:21:59] Ping 시간 체크2-276334359
[14:24:41] Ping 시간 체크1-276495765
[14:24:41] Ping 시간 체크2-276495812
[14:24:50] Program Start!
[14:24:52] 근무시작: 근무자
[14:24:52] 설치된 영수증프린터가 없음!
[14:24:52] Ping 시간 체크1-276506984
[14:24:52] Ping 시간 체크2-276507000
[14:24:52] Ping 시간 체크1-276507031
[14:24:52] Ping 시간 체크2-276507031
[14:24:52] Ping 시간 체크1-276507031
[14:24:52] Ping 시간 체크2-276507046
[14:24:52] Ping 시간 체크1-276507046
[14:24:52] Ping 시간 체크2-276507046
[14:24:52] 2시간  101
[14:24:52] 3시간  102
[14:24:52] 무료  103
[14:24:52] LPR 11 Recv: 172.16.83.1
[14:24:52] LPR 12 Recv: 172.16.83.1
[14:24:54] LPR 12 Recv: LPR_R
[14:24:54] 시간동기화 전송
[14:24:54] LPR 11 Recv: LPR_R
[14:24:54] 시간동기화 전송
[14:24:55] Ping 시간 체크1-276509734
[14:24:55] Ping 시간 체크2-276509734
[14:33:17] Program Start!
[14:33:19] 근무시작: 근무자
[14:33:19] 설치된 영수증프린터가 없음!
[14:33:19] Ping 시간 체크1-277013875
[14:33:19] Ping 시간 체크2-277013875
[14:33:19] Ping 시간 체크1-277013890
[14:33:19] Ping 시간 체크2-277013906
[14:33:19] Ping 시간 체크1-277013906
[14:33:19] Ping 시간 체크2-277013906
[14:33:19] Ping 시간 체크1-277013906
[14:33:19] Ping 시간 체크2-277013921
[14:33:19] 2시간  101
[14:33:19] 3시간  102
[14:33:19] 무료  103
[14:33:19] LPR 11 Recv: 172.16.83.1
[14:33:19] LPR 12 Recv: 172.16.83.1
[14:33:21] Ping 시간 체크1-277015656
[14:33:21] Ping 시간 체크2-277015656
[14:33:21] LPR 12 Recv: LPR_R
[14:33:21] 시간동기화 전송
[14:33:21] LPR 11 Recv: LPR_R
[14:33:21] 시간동기화 전송
[14:44:08] Ping 시간 체크1-277663375
[14:44:08] Ping 시간 체크2-277663421
[15:40:45] Program Start!
[15:40:47] 근무시작: 근무자
[15:40:48] 설치된 영수증프린터가 없음!
[15:40:48] Ping 시간 체크1-281062546
[15:40:48] Ping 시간 체크2-281062562
[15:40:48] Ping 시간 체크1-281062562
[15:40:48] Ping 시간 체크2-281062578
[15:40:48] Ping 시간 체크1-281062578
[15:40:48] Ping 시간 체크2-281062593
[15:40:48] Ping 시간 체크1-281062593
[15:40:48] Ping 시간 체크2-281062609
[15:40:48] 2시간  101
[15:40:48] 3시간  102
[15:40:48] 무료  103
[15:40:48] LPR 11 Recv: 172.16.83.1
[15:40:48] LPR 12 Recv: 172.16.83.1
[15:40:49] LPR 12 Recv: LPR_R
[15:40:49] 시간동기화 전송
[15:40:49] LPR 11 Recv: LPR_R
[15:40:49] 시간동기화 전송
[15:40:56] Program Close
[16:12:17] Program Start!
[16:12:19] 근무시작: 근무자
[16:12:19] 설치된 영수증프린터가 없음!
[16:12:19] Ping 시간 체크1-282954343
[16:12:19] Ping 시간 체크2-282954359
[16:12:19] Ping 시간 체크1-282954359
[16:12:19] Ping 시간 체크2-282954375
[16:12:19] Ping 시간 체크1-282954375
[16:12:19] Ping 시간 체크2-282954390
[16:12:19] Ping 시간 체크1-282954390
[16:12:19] Ping 시간 체크2-282954390
[16:12:19] 2시간  101
[16:12:19] 3시간  102
[16:12:19] 무료  103
[16:12:19] LPR 11 Recv: 172.16.83.1
[16:12:19] LPR 12 Recv: 172.16.83.1
[16:12:21] LPR 12 Recv: LPR_R
[16:12:21] 시간동기화 전송
[16:12:21] LPR 11 Recv: LPR_R
[16:12:21] 시간동기화 전송
[16:13:21] Ping 시간 체크1-283015906
[16:13:21] Ping 시간 체크2-283015906
[16:13:21] 12번 LPR OK 전송
[16:13:21] Ping 시간 체크1-283016234
[16:13:21] Ping 시간 체크2-283016234
[16:13:21] 11번 LPR OK 전송
[16:13:44] LPR 12 Recv: CH1#31로6819#N#\2014\11\13\CH1_20141113161347_31로6819.jpg
[16:13:44] LPR Check: 31로6819,http://172.16.66.34:9080/MSImage/2014/11/13/CH1_20141113161347_31로6819.jpg,1,,,0, 2014-11-13 16:13:47
[16:13:44] File: \\172.16.66.34\MSImage\2014\11\13\CH1_20141113161347_31로6819.jpg
[16:13:44] 정기차량시작: 31로6819, 
[16:13:44] Ping 시간 체크1-283039250
[16:13:44] Ping 시간 체크2-283039250
[16:13:44] Ping 시간 체크1-283039359
[16:13:44] Ping 시간 체크2-283039359
[16:13:44] Ping 시간 체크1-283039359
[16:13:44] Ping 시간 체크2-283039375
[16:13:44] 출구차단기 Open
[16:13:44] 정기차량처리: 31로6819, 
[16:13:58] LPR 12 Recv: CH1#31로6816#N#\2014\11\13\CH1_20141113161401_31로6816.jpg
[16:13:58] LPR Check: 31로6816,http://172.16.66.34:9080/MSImage/2014/11/13/CH1_20141113161401_31로6816.jpg,1,,,0, 2014-11-13 16:14:01
[16:13:58] File: \\172.16.66.34\MSImage\2014\11\13\CH1_20141113161401_31로6816.jpg
[16:13:58] 일반차량: 31로6816, 
[16:13:58] Ping 시간 체크1-283053390
[16:13:58] Ping 시간 체크2-283053406
[16:13:58] 일반차량출차: 31로6816, 
[16:14:21] Ping 시간 체크1-283076234
[16:14:21] Ping 시간 체크2-283076234
[16:14:21] 11번 LPR OK 전송
[16:14:53] Program Close
[16:14:56] Program Start!
[16:14:59] 근무시작: 근무자
[16:14:59] 설치된 영수증프린터가 없음!
[16:14:59] Ping 시간 체크1-283113796
[16:14:59] Ping 시간 체크2-283113796
[16:14:59] Ping 시간 체크1-283113828
[16:14:59] Ping 시간 체크2-283113828
[16:14:59] Ping 시간 체크1-283113843
[16:14:59] Ping 시간 체크2-283113843
[16:14:59] Ping 시간 체크1-283113843
[16:14:59] Ping 시간 체크2-283113859
[16:14:59] 2시간  101
[16:14:59] 3시간  102
[16:14:59] 무료  103
[16:15:04] LPR 12 Recv: 172.16.83.1LPR_R
[16:15:04] LPR Check: ,http://172.16.66.34:9080/MSImage172.16.83.1LPR_R,3,,,0, R   -  -     :  :  
[16:15:04] 이미지저장폴더 생성실패: C:\LPRImage\R   \  \  \12
[16:15:04] File: \\172.16.66.34\MSImage172.16.83.1LPR_R
[16:15:05] csOutLpr1Read: qryOutLpr1Proc: Cannot perform this operation on a closed dataset
[16:15:05] LPR 11 Recv: 172.16.83.1LPR_R
[16:15:05] LPR Check: , http://172.16.66.33:9080/MSImage172.16.83.1LPR_R, 3,,,0, R   -  -     :  :  
[16:15:05] 이미지저장폴더 생성실패: C:\LPRImage\R   \  \  \11
[16:15:05] File: \\172.16.66.33\MSImage172.16.83.1LPR_R
[16:15:06] csInLpr1Read: qryInLpr1Proc: Cannot perform this operation on a closed dataset
[16:19:51] LPR 12 Recv: CH1#31로6816#N#\2014\11\13\CH1_20141113161512_31로6816.jpg
[16:21:10] LPR Check: 31로6816,http://172.16.66.34:9080/MSImage/2014/11/13/CH1_20141113161512_31로6816.jpg,1,,,0, 2014-11-13 16:15:12
[16:21:10] File: \\172.16.66.34\MSImage\2014\11\13\CH1_20141113161512_31로6816.jpg
[16:21:10] 일반차량: 31로6816, 
[16:21:41] Ping 시간 체크1-283515781
[16:21:41] Ping 시간 체크2-283515812
[16:23:48] Program Start!
[16:23:50] 근무시작: 근무자
[16:23:50] 설치된 영수증프린터가 없음!
[16:23:50] Ping 시간 체크1-283644953
[16:23:50] Ping 시간 체크2-283644968
[16:23:50] Ping 시간 체크1-283644968
[16:23:50] Ping 시간 체크2-283644968
[16:23:50] Ping 시간 체크1-283644968
[16:23:50] Ping 시간 체크2-283644968
[16:23:50] Ping 시간 체크1-283644968
[16:23:50] Ping 시간 체크2-283644984
[16:23:50] 2시간  101
[16:23:50] 3시간  102
[16:23:50] 무료  103
[16:23:50] LPR 12 Recv: 172.16.83.1
[16:23:50] LPR 11 Recv: 172.16.83.1
[16:23:51] LPR 12 Recv: LPR_R
[16:23:51] 시간동기화 전송
[16:23:51] LPR 11 Recv: LPR_R
[16:23:51] 시간동기화 전송
[16:24:51] Ping 시간 체크1-283705843
[16:24:51] Ping 시간 체크2-283705843
[16:24:51] 12번 LPR OK 전송
[16:24:51] Ping 시간 체크1-283705906
[16:24:51] Ping 시간 체크2-283705921
[16:24:51] 11번 LPR OK 전송
[16:25:51] Ping 시간 체크1-283765843
[16:25:51] Ping 시간 체크2-283765843
[16:25:51] 12번 LPR OK 전송
[16:25:51] Ping 시간 체크1-283765906
[16:25:51] Ping 시간 체크2-283765906
[16:25:51] 11번 LPR OK 전송
[16:26:51] Ping 시간 체크1-283825843
[16:26:51] Ping 시간 체크2-283825843
[16:26:51] 12번 LPR OK 전송
[16:26:51] Ping 시간 체크1-283825906
[16:26:51] Ping 시간 체크2-283825921
[16:26:51] 11번 LPR OK 전송
[16:27:51] Ping 시간 체크1-283885843
[16:27:51] Ping 시간 체크2-283885859
[16:27:51] 12번 LPR OK 전송
[16:27:51] Ping 시간 체크1-283885906
[16:27:51] Ping 시간 체크2-283885906
[16:27:51] 11번 LPR OK 전송
[16:28:51] Ping 시간 체크1-283945843
[16:28:51] Ping 시간 체크2-283945843
[16:28:51] 12번 LPR OK 전송
[16:28:51] Ping 시간 체크1-283945906
[16:28:51] Ping 시간 체크2-283945906
[16:28:51] 11번 LPR OK 전송
[16:29:51] Ping 시간 체크1-284005843
[16:29:51] Ping 시간 체크2-284005843
[16:29:51] 12번 LPR OK 전송
[16:29:51] Ping 시간 체크1-284005906
[16:29:51] Ping 시간 체크2-284005906
[16:29:51] 11번 LPR OK 전송
[16:30:51] Ping 시간 체크1-284065843
[16:30:51] Ping 시간 체크2-284065843
[16:30:51] 12번 LPR OK 전송
[16:30:51] Ping 시간 체크1-284065906
[16:30:51] Ping 시간 체크2-284065906
[16:30:51] 11번 LPR OK 전송
[16:31:51] Ping 시간 체크1-284125843
[16:31:51] Ping 시간 체크2-284125843
[16:31:51] 12번 LPR OK 전송
[16:31:51] Ping 시간 체크1-284125906
[16:31:51] Ping 시간 체크2-284125906
[16:31:51] 11번 LPR OK 전송
[16:32:14] LPR 11 Recv: CH1#서울77로7789#O#\2014\11\13\CH1_20141113163202_서울77로7789.jpg
[16:32:14] LPR Check: 서울77로7789, http://172.16.66.33:9080/MSImage/2014/11/13/CH1_20141113163202_서울77로7789.jpg, 1,,,0, 2014-11-13 16:32:02
[16:32:14] File: \\172.16.66.33\MSImage\2014\11\13\CH1_20141113163202_서울77로7789.jpg
[16:32:14] 정기차량시작: 서울77로7789, 
[16:32:14] Ping 시간 체크1-284149140
[16:32:14] Ping 시간 체크2-284149156
[16:32:14] Ping 시간 체크1-284149156
[16:32:14] Ping 시간 체크2-284149156
[16:32:14] 입구차단기 Open
[16:32:14] 정기차량처리: 서울77로7789, 
[16:32:36] LPR 11 Recv: CH1#서울77로7784#O#\2014\11\13\CH1_20141113163224_서울77로7784.jpg
[16:32:36] LPR Check: 서울77로7784, http://172.16.66.33:9080/MSImage/2014/11/13/CH1_20141113163224_서울77로7784.jpg, 1,,,0, 2014-11-13 16:32:24
[16:32:36] File: \\172.16.66.33\MSImage\2014\11\13\CH1_20141113163224_서울77로7784.jpg
[16:32:36] 일반차량: 서울77로7784, 
[16:32:36] Ping 시간 체크1-284170875
[16:32:36] Ping 시간 체크2-284170875
[16:32:36] Ping 시간 체크1-284170875
[16:32:36] Ping 시간 체크2-284170890
[16:32:36] 입구차단기 Open
[16:32:36] 일반차량입차: 서울77로7784, 
[16:32:48] File: \\172.16.66.33\MSImage\2014\11\13\CH1_20141113163224_서울77로7784.jpg
[16:32:48] Ping 시간 체크1-284182562
[16:32:48] Ping 시간 체크2-284182562
[16:32:51] Ping 시간 체크1-284185843
[16:32:51] Ping 시간 체크2-284185843
[16:32:51] 12번 LPR OK 전송
[16:33:36] Ping 시간 체크1-284230890
[16:33:36] Ping 시간 체크2-284230890
[16:33:36] 11번 LPR OK 전송
[16:33:51] Ping 시간 체크1-284245843
[16:33:51] Ping 시간 체크2-284245843
[16:33:51] 12번 LPR OK 전송
[16:34:36] Ping 시간 체크1-284290890
[16:34:36] Ping 시간 체크2-284290890
[16:34:36] 11번 LPR OK 전송
[16:34:51] Ping 시간 체크1-284305843
[16:34:51] Ping 시간 체크2-284305843
[16:34:51] 12번 LPR OK 전송
[16:35:36] Ping 시간 체크1-284350890
[16:35:36] Ping 시간 체크2-284350890
[16:35:36] 11번 LPR OK 전송
[16:35:51] Ping 시간 체크1-284365843
[16:35:51] Ping 시간 체크2-284365843
[16:35:51] 12번 LPR OK 전송
[16:36:36] Ping 시간 체크1-284410890
[16:36:36] Ping 시간 체크2-284410890
[16:36:36] 11번 LPR OK 전송
[16:36:51] Ping 시간 체크1-284425843
[16:36:51] Ping 시간 체크2-284425843
[16:36:51] 12번 LPR OK 전송
[16:36:52] File: \\172.16.66.33\MSImage\2014\11\13\CH1_20141113163224_서울77로7784.jpg
[16:36:52] Ping 시간 체크1-284427015
[16:36:52] Ping 시간 체크2-284427015
[16:37:26] File: \\172.16.66.33\MSImage\2014\11\13\CH1_20141113163224_서울77로7784.jpg
[16:37:26] Ping 시간 체크1-284461500
[16:37:26] Ping 시간 체크2-284461500
[16:37:32] File: \\172.16.66.33\MSImage\2014\11\13\CH1_20141113163224_서울77로7784.jpg
[16:37:32] Ping 시간 체크1-284467031
[16:37:32] Ping 시간 체크2-284467031
[16:37:36] Ping 시간 체크1-284470890
[16:37:36] Ping 시간 체크2-284470890
[16:37:36] 11번 LPR OK 전송
[16:37:51] Ping 시간 체크1-284485843
[16:37:51] Ping 시간 체크2-284485843
[16:37:51] 12번 LPR OK 전송
[16:38:36] Ping 시간 체크1-284530890
[16:38:36] Ping 시간 체크2-284530890
[16:38:36] 11번 LPR OK 전송
[16:38:51] Ping 시간 체크1-284545843
[16:38:51] Ping 시간 체크2-284545843
[16:38:51] 12번 LPR OK 전송
[16:39:36] Ping 시간 체크1-284590890
[16:39:36] Ping 시간 체크2-284590890
[16:39:36] 11번 LPR OK 전송
[16:39:51] Ping 시간 체크1-284605843
[16:39:51] Ping 시간 체크2-284605843
[16:39:51] 12번 LPR OK 전송
[16:40:36] Ping 시간 체크1-284650890
[16:40:36] Ping 시간 체크2-284650890
[16:40:36] 11번 LPR OK 전송
[16:40:51] Ping 시간 체크1-284665843
[16:40:51] Ping 시간 체크2-284665843
[16:40:51] 12번 LPR OK 전송
[16:41:36] Ping 시간 체크1-284710890
[16:41:36] Ping 시간 체크2-284710890
[16:41:36] 11번 LPR OK 전송
[16:41:51] Ping 시간 체크1-284725843
[16:41:51] Ping 시간 체크2-284725843
[16:41:51] 12번 LPR OK 전송
[16:42:36] Ping 시간 체크1-284770890
[16:42:36] Ping 시간 체크2-284770890
[16:42:36] 11번 LPR OK 전송
[16:42:51] Ping 시간 체크1-284785843
[16:42:51] Ping 시간 체크2-284785859
[16:42:51] 12번 LPR OK 전송
[16:43:36] Ping 시간 체크1-284830890
[16:43:36] Ping 시간 체크2-284830890
[16:43:36] 11번 LPR OK 전송
[16:43:51] Ping 시간 체크1-284845843
[16:43:51] Ping 시간 체크2-284845843
[16:43:51] 12번 LPR OK 전송
[16:44:36] Ping 시간 체크1-284890890
[16:44:36] Ping 시간 체크2-284890890
[16:44:36] 11번 LPR OK 전송
[16:44:51] Ping 시간 체크1-284905843
[16:44:51] Ping 시간 체크2-284905843
[16:44:51] 12번 LPR OK 전송
[16:45:36] Ping 시간 체크1-284950890
[16:45:36] Ping 시간 체크2-284950890
[16:45:36] 11번 LPR OK 전송
[16:45:51] Ping 시간 체크1-284965843
[16:45:51] Ping 시간 체크2-284965843
[16:45:51] 12번 LPR OK 전송
[16:46:36] Ping 시간 체크1-285010890
[16:46:36] Ping 시간 체크2-285010890
[16:46:36] 11번 LPR OK 전송
[16:46:51] Ping 시간 체크1-285025843
[16:46:51] Ping 시간 체크2-285025843
[16:46:51] 12번 LPR OK 전송
[16:47:36] Ping 시간 체크1-285070890
[16:47:36] Ping 시간 체크2-285070890
[16:47:36] 11번 LPR OK 전송
[16:47:51] Ping 시간 체크1-285085843
[16:47:51] Ping 시간 체크2-285085843
[16:47:51] 12번 LPR OK 전송
[16:48:36] Ping 시간 체크1-285130890
[16:48:36] Ping 시간 체크2-285130890
[16:48:36] 11번 LPR OK 전송
[16:48:51] Ping 시간 체크1-285145843
[16:48:51] Ping 시간 체크2-285145859
[16:48:51] 12번 LPR OK 전송
[16:49:36] Ping 시간 체크1-285190890
[16:49:36] Ping 시간 체크2-285190890
[16:49:36] 11번 LPR OK 전송
[16:49:51] Ping 시간 체크1-285205843
[16:49:51] Ping 시간 체크2-285205859
[16:49:51] 12번 LPR OK 전송
[16:50:36] Ping 시간 체크1-285250890
[16:50:36] Ping 시간 체크2-285250890
[16:50:36] 11번 LPR OK 전송
[16:50:51] Ping 시간 체크1-285265843
[16:50:51] Ping 시간 체크2-285265843
[16:50:51] 12번 LPR OK 전송
[16:51:36] Ping 시간 체크1-285310890
[16:51:36] Ping 시간 체크2-285310890
[16:51:36] 11번 LPR OK 전송
[16:51:51] Ping 시간 체크1-285325843
[16:51:51] Ping 시간 체크2-285325843
[16:51:51] 12번 LPR OK 전송
[16:52:36] Ping 시간 체크1-285370890
[16:52:36] Ping 시간 체크2-285370890
[16:52:36] 11번 LPR OK 전송
[16:52:51] Ping 시간 체크1-285385843
[16:52:51] Ping 시간 체크2-285385843
[16:52:51] 12번 LPR OK 전송
[16:53:10] Program Close
[16:53:14] Program Start!
[16:53:16] 근무시작: 근무자
[16:53:16] 설치된 영수증프린터가 없음!
[16:53:16] Ping 시간 체크1-285410968
[16:53:16] Ping 시간 체크2-285410968
[16:53:16] Ping 시간 체크1-285410984
[16:53:16] Ping 시간 체크2-285410984
[16:53:16] Ping 시간 체크1-285410984
[16:53:16] Ping 시간 체크2-285411000
[16:53:16] Ping 시간 체크1-285411000
[16:53:16] Ping 시간 체크2-285411000
[16:53:16] LPR 12 Recv: 172.16.83.1
[16:53:16] LPR 11 Recv: 172.16.83.1
[16:53:17] LPR 11 Recv: LPR_R
[16:53:17] 시간동기화 전송
[16:53:17] 2시간  101
[16:53:17] 3시간  102
[16:53:17] 무료  103
[16:53:17] LPR 12 Recv: LPR_R
[16:53:17] 시간동기화 전송
[16:53:31] Program Close
[16:53:38] Program Start!
[16:53:40] 근무시작: 근무자
[16:53:40] 설치된 영수증프린터가 없음!
[16:53:40] Ping 시간 체크1-285435234
[16:53:40] Ping 시간 체크2-285435250
[16:53:40] Ping 시간 체크1-285435250
[16:53:40] Ping 시간 체크2-285435265
[16:53:40] Ping 시간 체크1-285435265
[16:53:40] Ping 시간 체크2-285435265
[16:53:40] Ping 시간 체크1-285435265
[16:53:40] Ping 시간 체크2-285435281
[16:53:40] 2시간  101
[16:53:40] 3시간  102
[16:53:40] 무료  103
[16:53:40] LPR 12 Recv: 172.16.83.1
[16:53:40] LPR 11 Recv: 172.16.83.1
[16:53:41] LPR 11 Recv: LPR_R
[16:53:41] 시간동기화 전송
[16:53:41] LPR 12 Recv: LPR_R
[16:53:41] 시간동기화 전송
[16:54:41] Ping 시간 체크1-285496187
[16:54:41] Ping 시간 체크2-285496187
[16:54:41] 11번 LPR OK 전송
[16:54:41] Ping 시간 체크1-285496359
[16:54:41] Ping 시간 체크2-285496359
[16:54:41] 12번 LPR OK 전송
[16:55:05] 정기차량시작: 서울77로7789, 
[16:55:05] Ping 시간 체크1-285520093
[16:55:05] Ping 시간 체크2-285520500
[16:55:05] File 없음: 
[16:55:05] File: \\172.16.66.33\MSImage\2014\11\13\CH1_20141113163202_서울77로7789.jpg
[16:55:05] Ping 시간 체크1-285520531
[16:55:05] Ping 시간 체크2-285520531
[16:55:06] Ping 시간 체크1-285520656
[16:55:06] Ping 시간 체크2-285520656
[16:55:06] Ping 시간 체크1-285520656
[16:55:06] Ping 시간 체크2-285520671
[16:55:06] 출구차단기 Open
[16:55:06] 정기차량처리: 서울77로7789, 
[16:55:24] Program Close
[16:55:27] Program Start!
[16:55:31] 근무시작: 근무자
[16:55:31] 설치된 영수증프린터가 없음!
[16:55:31] Ping 시간 체크1-285546140
[16:55:31] Ping 시간 체크2-285546140
[16:55:31] Ping 시간 체크1-285546171
[16:55:31] Ping 시간 체크2-285546171
[16:55:31] Ping 시간 체크1-285546187
[16:55:31] Ping 시간 체크2-285546187
[16:55:31] Ping 시간 체크1-285546187
[16:55:31] Ping 시간 체크2-285546203
[16:55:31] 2시간  101
[16:55:31] 3시간  102
[16:55:31] 무료  103
[16:55:31] LPR 11 Recv: 172.16.83.1
[16:55:36] LPR 12 Recv: 172.16.83.1LPR_R
[16:55:36] LPR Check: ,http://172.16.66.34:9080/MSImage172.16.83.1LPR_R,3,,,0, R   -  -     :  :  
[16:55:36] 이미지저장폴더 생성실패: C:\LPRImage\R   \  \  \12
[16:55:36] File: \\172.16.66.34\MSImage172.16.83.1LPR_R
[16:55:38] csOutLpr1Read: qryOutLpr1Proc: Cannot perform this operation on a closed dataset
[16:55:38] LPR 11 Recv: LPR_R
[16:55:38] 시간동기화 전송
[16:55:43] 정기차량시작: 서울77로7789, 
[16:55:43] Ping 시간 체크1-285558171
[16:55:43] Ping 시간 체크2-285558500
[16:55:43] File 없음: 
[16:55:43] Ping 시간 체크1-285558515
[16:55:43] Ping 시간 체크2-285558531
[16:55:43] Ping 시간 체크1-285558531
[16:55:44] Ping 시간 체크2-285558546
[16:55:44] 출구차단기 Open
[16:55:44] 정기차량처리: 서울77로7789, 
[16:59:14] 정기차량시작: 서울77로7789, 
[16:59:14] Ping 시간 체크1-285769468
[16:59:14] Ping 시간 체크2-285769500
[16:59:14] File 없음: 
[16:59:14] Ping 시간 체크1-285769515
[16:59:14] Ping 시간 체크2-285769515
[16:59:14] Ping 시간 체크1-285769515
[16:59:14] Ping 시간 체크2-285769531
[16:59:14] 출구차단기 Open
[16:59:14] 정기차량처리: 서울77로7789, 
[16:59:15] Ping 시간 체크1-285769656
[16:59:15] Ping 시간 체크2-285769656
[16:59:15] 11번 LPR OK 전송
[16:59:15] Ping 시간 체크1-285769656
[16:59:15] Ping 시간 체크2-285769671
[16:59:15] 12번 LPR OK 전송
[16:59:24] Program Start!
[16:59:26] 근무시작: 근무자
[16:59:26] 설치된 영수증프린터가 없음!
[16:59:26] Ping 시간 체크1-285781203
[16:59:26] Ping 시간 체크2-285781203
[16:59:26] Ping 시간 체크1-285781234
[16:59:26] Ping 시간 체크2-285781234
[16:59:26] Ping 시간 체크1-285781234
[16:59:26] Ping 시간 체크2-285781250
[16:59:26] Ping 시간 체크1-285781250
[16:59:26] Ping 시간 체크2-285781250
[16:59:26] 2시간  101
[16:59:26] 3시간  102
[16:59:26] 무료  103
[16:59:28] LPR 12 Recv: 172.16.83.1LPR_R
[16:59:28] LPR Check: ,http://172.16.66.34:9080/MSImage172.16.83.1LPR_R,3,,,0, R   -  -     :  :  
[16:59:28] 이미지저장폴더 생성실패: C:\LPRImage\R   \  \  \12
[16:59:28] File: \\172.16.66.34\MSImage172.16.83.1LPR_R
[16:59:30] csOutLpr1Read: qryOutLpr1Proc: Cannot perform this operation on a closed dataset
[16:59:30] LPR 11 Recv: 172.16.83.1LPR_R
[16:59:30] LPR Check: , http://172.16.66.33:9080/MSImage172.16.83.1LPR_R, 3,,,0, R   -  -     :  :  
[16:59:30] 이미지저장폴더 생성실패: C:\LPRImage\R   \  \  \11
[16:59:30] File: \\172.16.66.33\MSImage172.16.83.1LPR_R
[16:59:31] csInLpr1Read: qryInLpr1Proc: Cannot perform this operation on a closed dataset
[17:01:44] 정기차량시작: 서울77로7789, 
[17:01:54] Ping 시간 체크1-285928750
[17:01:54] Ping 시간 체크2-285929000
[17:01:59] Program Start!
[17:02:01] 근무시작: 근무자
[17:02:02] 설치된 영수증프린터가 없음!
[17:02:02] Ping 시간 체크1-285936531
[17:02:02] Ping 시간 체크2-285936546
[17:02:02] Ping 시간 체크1-285936546
[17:02:02] Ping 시간 체크2-285936546
[17:02:02] Ping 시간 체크1-285936546
[17:02:02] Ping 시간 체크2-285936562
[17:02:02] Ping 시간 체크1-285936562
[17:02:02] Ping 시간 체크2-285936562
[17:02:02] 2시간  101
[17:02:02] 3시간  102
[17:02:02] 무료  103
[17:02:02] LPR 12 Recv: 172.16.83.1
[17:02:02] LPR 11 Recv: 172.16.83.1
[17:02:02] LPR 12 Recv: LPR_R
[17:02:02] 시간동기화 전송
[17:02:03] LPR 11 Recv: LPR_R
[17:02:03] 시간동기화 전송
[17:02:23] Ping 시간 체크1-285958125
[17:02:23] Ping 시간 체크2-285958125
[17:02:29] Ping 시간 체크1-285963718
[17:02:29] Ping 시간 체크2-285963718
[17:02:31] Ping 시간 체크1-285965625
[17:02:31] Ping 시간 체크2-285965625
[17:03:02] Ping 시간 체크1-285997453
[17:03:02] Ping 시간 체크2-285997468
[17:03:02] 12번 LPR OK 전송
[17:03:03] Ping 시간 체크1-285998218
[17:03:03] Ping 시간 체크2-285998218
[17:03:03] 11번 LPR OK 전송
[17:03:36] Ping 시간 체크1-286030843
[17:03:36] Ping 시간 체크2-286030843
[17:03:36] 출구차단기 Open
[17:03:36] Ping 시간 체크1-286030843
[17:03:36] Ping 시간 체크2-286030843
[17:03:36] Ping 시간 체크1-286030890
[17:03:36] Ping 시간 체크2-286030890
[17:04:02] Ping 시간 체크1-286057453
[17:04:02] Ping 시간 체크2-286057453
[17:04:02] 12번 LPR OK 전송
[17:04:03] Ping 시간 체크1-286058218
[17:04:03] Ping 시간 체크2-286058218
[17:04:03] 11번 LPR OK 전송
[17:04:12] Ping 시간 체크1-286067343
[17:04:12] Ping 시간 체크2-286067343
[17:04:22] Ping 시간 체크1-286076578
[17:04:22] Ping 시간 체크2-286076578
[17:04:22] Ping 시간 체크1-286076578
[17:04:22] Ping 시간 체크2-286076593
[17:04:22] 출구차단기 Open
[17:04:22] Ping 시간 체크1-286076593
[17:04:22] Ping 시간 체크2-286076593
[17:04:28] Ping 시간 체크1-286082593
[17:04:28] Ping 시간 체크2-286082593
[17:04:53] Ping 시간 체크1-286107828
[17:04:53] Ping 시간 체크2-286107828
[17:04:53] Ping 시간 체크1-286107828
[17:04:53] Ping 시간 체크2-286107828
[17:04:59] Ping 시간 체크1-286113828
[17:04:59] Ping 시간 체크2-286113828
[17:05:02] Ping 시간 체크1-286117453
[17:05:02] Ping 시간 체크2-286117453
[17:05:02] 12번 LPR OK 전송
[17:05:03] Ping 시간 체크1-286118218
[17:05:03] Ping 시간 체크2-286118218
[17:05:03] 11번 LPR OK 전송
[17:05:03] Ping 시간 체크1-286118453
[17:05:03] Ping 시간 체크2-286118453
[17:06:02] Ping 시간 체크1-286177453
[17:06:02] Ping 시간 체크2-286177468
[17:06:02] 12번 LPR OK 전송
[17:06:03] Ping 시간 체크1-286178218
[17:06:03] Ping 시간 체크2-286178218
[17:06:03] 11번 LPR OK 전송
[17:07:02] Ping 시간 체크1-286237453
[17:07:02] Ping 시간 체크2-286237453
[17:07:02] 12번 LPR OK 전송
[17:07:03] Ping 시간 체크1-286238218
[17:07:03] Ping 시간 체크2-286238218
[17:07:03] 11번 LPR OK 전송
[17:08:02] Ping 시간 체크1-286297453
[17:08:02] Ping 시간 체크2-286297468
[17:08:02] 12번 LPR OK 전송
[17:08:03] Ping 시간 체크1-286298218
[17:08:03] Ping 시간 체크2-286298234
[17:08:03] 11번 LPR OK 전송
[17:09:02] Ping 시간 체크1-286357453
[17:09:02] Ping 시간 체크2-286357453
[17:09:02] 12번 LPR OK 전송
[17:09:03] Ping 시간 체크1-286358218
[17:09:03] Ping 시간 체크2-286358234
[17:09:03] 11번 LPR OK 전송
[17:10:02] Ping 시간 체크1-286417453
[17:10:02] Ping 시간 체크2-286417468
[17:10:02] 12번 LPR OK 전송
[17:10:03] Ping 시간 체크1-286418218
[17:10:03] Ping 시간 체크2-286418218
[17:10:03] 11번 LPR OK 전송
[17:11:02] Ping 시간 체크1-286477453
[17:11:02] Ping 시간 체크2-286477468
[17:11:02] 12번 LPR OK 전송
[17:11:03] Ping 시간 체크1-286478218
[17:11:03] Ping 시간 체크2-286478218
[17:11:03] 11번 LPR OK 전송
[17:12:02] Ping 시간 체크1-286537453
[17:12:02] Ping 시간 체크2-286537453
[17:12:02] 12번 LPR OK 전송
[17:12:03] Ping 시간 체크1-286538218
[17:12:03] Ping 시간 체크2-286538218
[17:12:03] 11번 LPR OK 전송
[17:13:02] Ping 시간 체크1-286597453
[17:13:02] Ping 시간 체크2-286597453
[17:13:02] 12번 LPR OK 전송
[17:13:03] Ping 시간 체크1-286598218
[17:13:03] Ping 시간 체크2-286598218
[17:13:03] 11번 LPR OK 전송
[17:14:02] Ping 시간 체크1-286657453
[17:14:02] Ping 시간 체크2-286657453
[17:14:02] 12번 LPR OK 전송
[17:14:03] Ping 시간 체크1-286658218
[17:14:03] Ping 시간 체크2-286658218
[17:14:03] 11번 LPR OK 전송
[17:15:02] Ping 시간 체크1-286717453
[17:15:02] Ping 시간 체크2-286717453
[17:15:02] 12번 LPR OK 전송
[17:15:03] Ping 시간 체크1-286718218
[17:15:03] Ping 시간 체크2-286718218
[17:15:03] 11번 LPR OK 전송
[17:16:02] Ping 시간 체크1-286777453
[17:16:02] Ping 시간 체크2-286777468
[17:16:02] 12번 LPR OK 전송
[17:16:03] Ping 시간 체크1-286778218
[17:16:03] Ping 시간 체크2-286778218
[17:16:03] 11번 LPR OK 전송
[17:17:02] Ping 시간 체크1-286837453
[17:17:02] Ping 시간 체크2-286837453
[17:17:02] 12번 LPR OK 전송
[17:17:03] Ping 시간 체크1-286838218
[17:17:03] Ping 시간 체크2-286838218
[17:17:03] 11번 LPR OK 전송
[17:18:02] Ping 시간 체크1-286897453
[17:18:02] Ping 시간 체크2-286897468
[17:18:02] 12번 LPR OK 전송
[17:18:03] Ping 시간 체크1-286898218
[17:18:03] Ping 시간 체크2-286898234
[17:18:03] 11번 LPR OK 전송
[17:19:02] Ping 시간 체크1-286957453
[17:19:02] Ping 시간 체크2-286957468
[17:19:02] 12번 LPR OK 전송
[17:19:03] Ping 시간 체크1-286958218
[17:19:03] Ping 시간 체크2-286958218
[17:19:03] 11번 LPR OK 전송
[17:20:02] Ping 시간 체크1-287017453
[17:20:02] Ping 시간 체크2-287017453
[17:20:02] 12번 LPR OK 전송
[17:20:03] Ping 시간 체크1-287018218
[17:20:03] Ping 시간 체크2-287018218
[17:20:03] 11번 LPR OK 전송
[17:21:02] Ping 시간 체크1-287077453
[17:21:02] Ping 시간 체크2-287077468
[17:21:02] 12번 LPR OK 전송
[17:21:03] Ping 시간 체크1-287078218
[17:21:03] Ping 시간 체크2-287078218
[17:21:03] 11번 LPR OK 전송
[17:22:02] Ping 시간 체크1-287137453
[17:22:02] Ping 시간 체크2-287137453
[17:22:02] 12번 LPR OK 전송
[17:22:03] Ping 시간 체크1-287138218
[17:22:03] Ping 시간 체크2-287138218
[17:22:03] 11번 LPR OK 전송
[17:23:02] Ping 시간 체크1-287197453
[17:23:02] Ping 시간 체크2-287197453
[17:23:02] 12번 LPR OK 전송
[17:23:03] Ping 시간 체크1-287198218
[17:23:03] Ping 시간 체크2-287198218
[17:23:03] 11번 LPR OK 전송
[17:24:02] Ping 시간 체크1-287257453
[17:24:02] Ping 시간 체크2-287257453
[17:24:02] 12번 LPR OK 전송
[17:24:03] Ping 시간 체크1-287258218
[17:24:03] Ping 시간 체크2-287258218
[17:24:03] 11번 LPR OK 전송
[17:25:02] Ping 시간 체크1-287317453
[17:25:02] Ping 시간 체크2-287317453
[17:25:02] 12번 LPR OK 전송
[17:25:03] Ping 시간 체크1-287318218
[17:25:03] Ping 시간 체크2-287318218
[17:25:03] 11번 LPR OK 전송
[17:26:02] Ping 시간 체크1-287377453
[17:26:02] Ping 시간 체크2-287377453
[17:26:02] 12번 LPR OK 전송
[17:26:03] Ping 시간 체크1-287378218
[17:26:03] Ping 시간 체크2-287378218
[17:26:03] 11번 LPR OK 전송
[17:27:02] Ping 시간 체크1-287437453
[17:27:02] Ping 시간 체크2-287437453
[17:27:02] 12번 LPR OK 전송
[17:27:03] Ping 시간 체크1-287438218
[17:27:03] Ping 시간 체크2-287438234
[17:27:03] 11번 LPR OK 전송
[17:28:02] Ping 시간 체크1-287497453
[17:28:02] Ping 시간 체크2-287497453
[17:28:02] 12번 LPR OK 전송
[17:28:03] Ping 시간 체크1-287498218
[17:28:03] Ping 시간 체크2-287498218
[17:28:03] 11번 LPR OK 전송
[17:29:02] Ping 시간 체크1-287557453
[17:29:02] Ping 시간 체크2-287557453
[17:29:02] 12번 LPR OK 전송
[17:29:03] Ping 시간 체크1-287558218
[17:29:03] Ping 시간 체크2-287558218
[17:29:03] 11번 LPR OK 전송
[17:30:02] Ping 시간 체크1-287617453
[17:30:02] Ping 시간 체크2-287617453
[17:30:02] 12번 LPR OK 전송
[17:30:03] Ping 시간 체크1-287618218
[17:30:03] Ping 시간 체크2-287618218
[17:30:03] 11번 LPR OK 전송
[17:31:02] Ping 시간 체크1-287677453
[17:31:02] Ping 시간 체크2-287677468
[17:31:02] 12번 LPR OK 전송
[17:31:03] Ping 시간 체크1-287678218
[17:31:03] Ping 시간 체크2-287678218
[17:31:03] 11번 LPR OK 전송
[17:32:02] Ping 시간 체크1-287737453
[17:32:02] Ping 시간 체크2-287737453
[17:32:02] 12번 LPR OK 전송
[17:32:03] Ping 시간 체크1-287738218
[17:32:03] Ping 시간 체크2-287738218
[17:32:03] 11번 LPR OK 전송
[17:33:02] Ping 시간 체크1-287797453
[17:33:02] Ping 시간 체크2-287797453
[17:33:02] 12번 LPR OK 전송
[17:33:03] Ping 시간 체크1-287798218
[17:33:03] Ping 시간 체크2-287798218
[17:33:03] 11번 LPR OK 전송
[17:34:02] Ping 시간 체크1-287857453
[17:34:02] Ping 시간 체크2-287857453
[17:34:02] 12번 LPR OK 전송
[17:34:03] Ping 시간 체크1-287858218
[17:34:03] Ping 시간 체크2-287858218
[17:34:03] 11번 LPR OK 전송
[17:35:02] Ping 시간 체크1-287917453
[17:35:02] Ping 시간 체크2-287917453
[17:35:02] 12번 LPR OK 전송
[17:35:03] Ping 시간 체크1-287918218
[17:35:03] Ping 시간 체크2-287918218
[17:35:03] 11번 LPR OK 전송
[17:36:02] Ping 시간 체크1-287977453
[17:36:02] Ping 시간 체크2-287977453
[17:36:02] 12번 LPR OK 전송
[17:36:03] Ping 시간 체크1-287978218
[17:36:03] Ping 시간 체크2-287978218
[17:36:03] 11번 LPR OK 전송
[17:37:02] Ping 시간 체크1-288037453
[17:37:02] Ping 시간 체크2-288037453
[17:37:02] 12번 LPR OK 전송
[17:37:03] Ping 시간 체크1-288038218
[17:37:03] Ping 시간 체크2-288038218
[17:37:03] 11번 LPR OK 전송
[17:38:02] Ping 시간 체크1-288097453
[17:38:02] Ping 시간 체크2-288097453
[17:38:02] 12번 LPR OK 전송
[17:38:03] Ping 시간 체크1-288098218
[17:38:03] Ping 시간 체크2-288098218
[17:38:03] 11번 LPR OK 전송
[17:39:02] Ping 시간 체크1-288157453
[17:39:02] Ping 시간 체크2-288157453
[17:39:02] 12번 LPR OK 전송
[17:39:03] Ping 시간 체크1-288158218
[17:39:03] Ping 시간 체크2-288158218
[17:39:03] 11번 LPR OK 전송
[17:39:46] Program Close
[17:47:04] Program Start!
[17:47:05] 근무시작: 근무자
[17:47:05] 설치된 영수증프린터가 없음!
[17:47:05] Ping 시간 체크1-288640437
[17:47:05] Ping 시간 체크2-288640437
[17:47:05] Ping 시간 체크1-288640437
[17:47:05] Ping 시간 체크2-288640453
[17:47:05] Ping 시간 체크1-288640453
[17:47:05] Ping 시간 체크2-288640453
[17:47:05] Ping 시간 체크1-288640468
[17:47:05] Ping 시간 체크2-288640468
[17:47:05] 2시간  101
[17:47:05] 3시간  102
[17:47:05] 무료  103
[17:47:06] LPR 11 Recv: 172.16.83.1
[17:47:06] LPR 12 Recv: 172.16.83.1
[17:47:07] LPR 12 Recv: LPR_R
[17:47:07] 시간동기화 전송
[17:47:07] LPR 11 Recv: LPR_R
[17:47:07] 시간동기화 전송
[17:47:32] Program Close
