[12:54:29] Program Start!
[12:54:40] 근무시작: 근무자
[12:54:41] 설치된 영수증프린터가 없음!
[12:54:41] Ping 시간 체크1-17226426
[12:54:41] Ping 시간 체크2-17226426
[12:54:41] 설치된 출구 LPR이 없음!
[12:54:41] Ping 시간 체크1-17226426
[12:54:41] Ping 시간 체크2-17226426
[12:54:41] 설치된 출구전광판이 없음!
[12:54:41] 65세이상차량  101
[12:54:41] 경형자동차  102
[12:54:41] 교통약자차량  103
[12:54:41] 국가유공자  104
[12:54:41] 긴급차량  105
[12:54:41] 다자녀할인(후)  106
[12:54:41] 부제및함께타기차량  107
[12:54:41] 사고차량  108
[12:54:41] 성실납세증  110
[12:54:41] 임산부차량  111
[12:54:41] 자원봉사차량  112
[12:54:41] 장애인(1급~3급)  113
[12:54:41] 장애인(4급~6급)  114
[12:54:41] 저공해자동차  115
[12:54:41] 투표확인증  116
[12:54:41] TfrmMainNew.FormShow: Access violation at address 00B5C3A4 in module 'Nexpa_FC.exe'. Read of address 00000074
[12:54:41] LPR 11 Recv: 127.0.0.1
[12:54:42] LPR 11 Recv: LPR_N
[12:54:46] LPR 11 Recv: LPR_N
[12:54:47] Program Close
[12:57:37] Program Start!
[12:57:48] 근무시작: 근무자
[12:57:48] 설치된 영수증프린터가 없음!
[12:57:48] Ping 시간 체크1-17414422
[12:57:48] Ping 시간 체크2-17414422
[12:57:48] 설치된 출구 LPR이 없음!
[12:57:48] Ping 시간 체크1-17414438
[12:57:48] Ping 시간 체크2-17414438
[12:57:48] 설치된 출구전광판이 없음!
[12:57:48] 65세이상차량  101
[12:57:48] 경형자동차  102
[12:57:48] 교통약자차량  103
[12:57:48] 국가유공자  104
[12:57:48] 긴급차량  105
[12:57:48] 다자녀할인(후)  106
[12:57:48] 부제및함께타기차량  107
[12:57:48] 사고차량  108
[12:57:48] 성실납세증  110
[12:57:48] 임산부차량  111
[12:57:48] 자원봉사차량  112
[12:57:48] 장애인(1급~3급)  113
[12:57:48] 장애인(4급~6급)  114
[12:57:48] 저공해자동차  115
[12:57:48] 투표확인증  116
[12:57:48] TfrmMainNew.FormShow: Access violation at address 00B5BD8E in module 'Nexpa_FC.exe'. Read of address 00000074
[12:57:48] LPR 11 Recv: 127.0.0.1
[12:57:50] LPR 11 Recv: LPR_N
[12:57:55] LPR 11 Recv: LPR_N
[12:57:56] Program Close
[13:35:08] Program Start!
[13:35:10] 근무시작: 근무자
[13:35:10] 설치된 영수증프린터가 없음!
[13:35:10] Ping 시간 체크1-19657264
[13:35:10] Ping 시간 체크2-19657264
[13:35:10] 설치된 출구 LPR이 없음!
[13:35:10] Ping 시간 체크1-19657264
[13:35:10] Ping 시간 체크2-19657264
[13:35:10] 설치된 출구전광판이 없음!
[13:35:11] 65세이상차량  101
[13:35:11] 경형자동차  102
[13:35:11] 교통약자차량  103
[13:35:11] 국가유공자  104
[13:35:11] 긴급차량  105
[13:35:11] 다자녀할인(후)  106
[13:35:11] 부제및함께타기차량  107
[13:35:11] 사고차량  108
[13:35:11] 성실납세증  110
[13:35:11] 임산부차량  111
[13:35:11] 자원봉사차량  112
[13:35:11] 장애인(1급~3급)  113
[13:35:11] 장애인(4급~6급)  114
[13:35:11] 저공해자동차  115
[13:35:11] 투표확인증  116
[13:35:11] TfrmMainNew.FormShow: Access violation at address 00B561A2 in module 'Nexpa_FC.exe'. Read of address 00000074
[13:35:11] LPR 11 Recv: 127.0.0.1
[13:35:12] LPR 11 Recv: LPR_N
[13:35:14] Program Close
[13:48:34] Program Start!
[13:48:51] 근무시작: 근무자
[13:48:51] 설치된 영수증프린터가 없음!
[13:48:51] Ping 시간 체크1-20478781
[13:48:51] Ping 시간 체크2-20478781
[13:48:51] 설치된 출구 LPR이 없음!
[13:48:51] Ping 시간 체크1-20478812
[13:48:51] Ping 시간 체크2-20478812
[13:48:51] 설치된 출구전광판이 없음!
[13:48:51] 65세이상차량  101
[13:48:52] 경형자동차  102
[13:48:52] 교통약자차량  103
[13:48:52] 국가유공자  104
[13:48:52] 긴급차량  105
[13:48:52] 다자녀할인(후)  106
[13:48:52] 부제및함께타기차량  107
[13:48:52] 사고차량  108
[13:48:52] 성실납세증  110
[13:48:52] 임산부차량  111
[13:48:52] 자원봉사차량  112
[13:48:52] 장애인(1급~3급)  113
[13:48:52] 장애인(4급~6급)  114
[13:48:52] 저공해자동차  115
[13:48:52] 투표확인증  116
[13:48:52] TfrmMainNew.FormShow: Access violation at address 00B5B76A in module 'Nexpa_FC.exe'. Read of address 00000074
[13:48:52] LPR 11 Recv: 127.0.0.1LPR_N
[13:48:53] LPR 11 Recv: LPR_N
[13:48:57] LPR 11 Recv: LPR_N
[13:49:01] Program Close
[13:49:52] Program Start!
[13:49:54] 근무시작: 근무자
[13:49:54] 설치된 영수증프린터가 없음!
[13:49:54] Ping 시간 체크1-20541728
[13:49:54] Ping 시간 체크2-20541728
[13:49:54] 설치된 출구 LPR이 없음!
[13:49:54] Ping 시간 체크1-20541743
[13:49:54] Ping 시간 체크2-20541743
[13:49:54] 설치된 출구전광판이 없음!
[13:49:54] 65세이상차량  101
[13:49:54] 경형자동차  102
[13:49:54] 교통약자차량  103
[13:49:54] 국가유공자  104
[13:49:54] 긴급차량  105
[13:49:54] 다자녀할인(후)  106
[13:49:54] 부제및함께타기차량  107
[13:49:54] LPR 11 Recv: 127.0.0.1
[13:49:55] LPR 11 Recv: LPR_N
[13:49:56] LPR 11 Recv: LPR_N
[13:50:00] Program Close
[13:50:05] Program Start!
[13:50:07] 근무시작: 근무자
[13:50:07] 설치된 영수증프린터가 없음!
[13:50:07] Ping 시간 체크1-20554816
[13:50:07] Ping 시간 체크2-20554816
[13:50:07] 설치된 출구 LPR이 없음!
[13:50:07] Ping 시간 체크1-20554832
[13:50:07] Ping 시간 체크2-20554832
[13:50:07] 설치된 출구전광판이 없음!
[13:50:07] 65세이상차량  101
[13:50:07] 경형자동차  102
[13:50:07] 교통약자차량  103
[13:50:07] 국가유공자  104
[13:50:07] 긴급차량  105
[13:50:07] 다자녀할인(후)  106
[13:50:07] 부제및함께타기차량  107
[13:50:07] LPR 11 Recv: 127.0.0.1
[13:50:08] LPR 11 Recv: LPR_N
[13:50:10] Program Close
[14:24:42] Program Start!
[14:24:43] 근무시작: 근무자
[14:24:43] 설치된 영수증프린터가 없음!
[14:24:43] Ping 시간 체크1-22633639
[14:24:43] Ping 시간 체크2-22633654
[14:24:43] 설치된 출구 LPR이 없음!
[14:24:43] Ping 시간 체크1-22633654
[14:24:43] Ping 시간 체크2-22633654
[14:24:43] 설치된 출구전광판이 없음!
[14:24:43] 65세이상차량  101
[14:24:43] 경형자동차  102
[14:24:43] 교통약자차량  103
[14:24:43] 국가유공자  104
[14:24:43] 긴급차량  105
[14:24:43] 다자녀할인(후)  106
[14:24:43] 부제및함께타기차량  107
[14:24:43] LPR 11 Recv: 127.0.0.1
[14:24:45] LPR 11 Recv: LPR_N
[14:24:46] Program Close
[14:39:32] Program Start!
[14:39:39] 근무시작: 근무자
[14:39:39] 설치된 영수증프린터가 없음!
[14:39:39] Ping 시간 체크1-23532236
[14:39:39] Ping 시간 체크2-23532236
[14:39:39] 설치된 출구 LPR이 없음!
[14:39:39] Ping 시간 체크1-23532236
[14:39:39] Ping 시간 체크2-23532236
[14:39:39] 설치된 출구전광판이 없음!
[14:39:39] 65세이상차량  101
[14:39:39] 경형자동차  102
[14:39:39] 교통약자차량  103
[14:39:39] 국가유공자  104
[14:39:39] 긴급차량  105
[14:39:39] 다자녀할인(후)  106
[14:39:39] 부제및함께타기차량  107
[14:39:39] LPR 11 Recv: 127.0.0.1
[14:39:40] LPR 11 Recv: LPR_N
[14:39:43] LPR 11 Recv: LPR_N
[14:39:49] LPR 11 Recv: LPR_N
[14:39:50] LPR 11 Recv: CH1#12가1234#N#\2017\03\21\CH1_20170321143950_12가1234.jpg
[14:39:50] LPR Check: 12가1234, http://127.0.0.1:9080/MSImage/2017/03/21/CH1_20170321143950_12가1234.jpg, 1,,,0, 2017-03-21 14:39:50
[14:39:50] File: \\127.0.0.1\MSImage\2017\03\21\CH1_20170321143950_12가1234.jpg
[14:39:50] 정기차량시작: 12가1234, 
[14:39:50] Ping 시간 체크1-23543031
[14:39:50] Ping 시간 체크2-23543031
[14:39:50] Ping 시간 체크1-23543031
[14:39:50] Ping 시간 체크2-23543031
[14:39:50] 입구차단기 Open
[14:39:50] Ping 시간 체크1-23543031
[14:39:50] Ping 시간 체크2-23543046
[14:39:51] TfrmMainNew.AlarmProc: Socket Error # 10061
Connection refused.
[14:39:51] Ping 시간 체크1-23544170
[14:39:51] Ping 시간 체크2-23544170
[14:39:52] TfrmMainNew.AlarmProc: Socket Error # 10061
Connection refused.
[14:39:52] 정기차량처리: 12가1234, 
[14:39:54] LPR 11 Recv: LPR_N
[14:39:59] LPR 11 Recv: LPR_N
[14:40:04] LPR 11 Recv: LPR_N
[14:40:10] LPR 11 Recv: LPR_N
[14:40:15] LPR 11 Recv: LPR_N
[14:40:21] LPR 11 Recv: LPR_N
[14:40:26] LPR 11 Recv: LPR_N
[14:40:28] Program Close
[14:41:13] Program Start!
[14:41:16] 근무시작: 근무자
[14:41:16] 설치된 영수증프린터가 없음!
[14:41:16] Ping 시간 체크1-23629253
[14:41:16] Ping 시간 체크2-23629253
[14:41:16] 설치된 출구 LPR이 없음!
[14:41:16] Ping 시간 체크1-23629377
[14:41:16] Ping 시간 체크2-23629393
[14:41:16] 설치된 출구전광판이 없음!
[14:41:16] 65세이상차량  101
[14:41:16] 경형자동차  102
[14:41:16] 교통약자차량  103
[14:41:16] 국가유공자  104
[14:41:16] 긴급차량  105
[14:41:16] 다자녀할인(후)  106
[14:41:16] 부제및함께타기차량  107
[14:41:16] LPR 11 Recv: 127.0.0.1
[14:41:17] LPR 11 Recv: LPR_N
[14:41:18] LPR 11 Recv: LPR_N
[14:41:23] LPR 11 Recv: CH1#12가1234#N#\2017\03\21\CH1_20170321144123_12가1234.jpg
[14:41:23] LPR Check: 12가1234, http://127.0.0.1:9080/MSImage/2017/03/21/CH1_20170321144123_12가1234.jpg, 1,,,0, 2017-03-21 14:41:23
[14:41:23] File: \\127.0.0.1\MSImage\2017\03\21\CH1_20170321144123_12가1234.jpg
[14:41:23] 정기차량시작: 12가1234, 
[14:41:23] Ping 시간 체크1-23636507
[14:41:23] Ping 시간 체크2-23636507
[14:41:23] Ping 시간 체크1-23636507
[14:41:23] Ping 시간 체크2-23636507
[14:41:23] 입구차단기 Open
[14:41:24] Ping 시간 체크1-23637567
[14:41:24] Ping 시간 체크2-23637567
[14:41:32] LPR 11 Recv: LPR_NLPR_N
[14:41:36] LPR 11 Recv: LPR_N
[14:41:37] TfrmMainNew.AlarmProc: Socket Error # 10061
Connection refused.
[14:41:37] Ping 시간 체크1-23650219
[14:41:37] Ping 시간 체크2-23650219
[14:41:39] LPR 11 Recv: LPR_N
[14:41:40] TfrmMainNew.AlarmProc: Socket Error # 10061
Connection refused.
[14:41:40] 정기차량처리: 12가1234, 
[14:41:44] LPR 11 Recv: LPR_N
[14:41:49] LPR 11 Recv: LPR_N
[14:41:55] LPR 11 Recv: LPR_N
[14:42:00] LPR 11 Recv: LPR_N
[14:42:06] Program Close
[14:42:13] Program Start!
[14:42:16] 근무시작: 근무자
[14:42:16] 설치된 영수증프린터가 없음!
[14:42:16] Ping 시간 체크1-23690140
[14:42:16] Ping 시간 체크2-23690140
[14:42:16] 설치된 출구 LPR이 없음!
[14:42:16] Ping 시간 체크1-23690218
[14:42:16] Ping 시간 체크2-23690218
[14:42:16] 설치된 출구전광판이 없음!
[14:42:16] 65세이상차량  101
[14:42:16] 경형자동차  102
[14:42:16] 교통약자차량  103
[14:42:16] 국가유공자  104
[14:42:16] 긴급차량  105
[14:42:16] 다자녀할인(후)  106
[14:42:16] 부제및함께타기차량  107
[14:42:16] LPR 11 Recv: 127.0.0.1
[14:42:17] LPR 11 Recv: LPR_N
[14:42:19] LPR 11 Recv: CH1#12가1234#N#\2017\03\21\CH1_20170321144219_12가1234.jpg
[14:42:19] LPR Check: 12가1234, http://127.0.0.1:9080/MSImage/2017/03/21/CH1_20170321144219_12가1234.jpg, 1,,,0, 2017-03-21 14:42:19
[14:42:19] File: \\127.0.0.1\MSImage\2017\03\21\CH1_20170321144219_12가1234.jpg
[14:42:19] 정기차량시작: 12가1234, 
[14:42:19] Ping 시간 체크1-23693338
[14:42:19] Ping 시간 체크2-23693338
[14:42:19] Ping 시간 체크1-23693338
[14:42:19] Ping 시간 체크2-23693338
[14:42:19] 입구차단기 Open
[14:42:20] Ping 시간 체크1-23694211
[14:42:20] Ping 시간 체크2-23694211
[14:42:23] LPR 11 Recv: LPR_N
[14:42:38] LPR 11 Recv: LPR_NLPR_NLPR_N
[14:42:40] 정기차량 알람정보 전송: ^^12가1234^
[14:42:42] Ping 시간 체크1-23716597
[14:42:42] Ping 시간 체크2-23716597
[14:42:42] LPR 11 Recv: LPR_N
[14:42:46] TfrmMainNew.AlarmProc: Socket Error # 10061
Connection refused.
[14:42:46] 정기차량처리: 12가1234, 
[14:42:47] LPR 11 Recv: LPR_N
[14:42:52] LPR 11 Recv: LPR_N
[14:42:57] Program Start!
[14:43:00] 근무시작: 근무자
[14:43:00] 설치된 영수증프린터가 없음!
[14:43:00] Ping 시간 체크1-23734928
[14:43:00] Ping 시간 체크2-23734928
[14:43:00] 설치된 출구 LPR이 없음!
[14:43:00] Ping 시간 체크1-23734943
[14:43:00] Ping 시간 체크2-23734943
[14:43:00] 설치된 출구전광판이 없음!
[14:43:00] 65세이상차량  101
[14:43:00] 경형자동차  102
[14:43:00] 교통약자차량  103
[14:43:00] 국가유공자  104
[14:43:00] 긴급차량  105
[14:43:00] 다자녀할인(후)  106
[14:43:00] 부제및함께타기차량  107
[14:43:00] LPR 11 Recv: 127.0.0.1
[14:43:01] LPR 11 Recv: LPR_N
[14:43:02] LPR 11 Recv: LPR_N
[14:43:07] LPR 11 Recv: LPR_N
[14:43:13] LPR 11 Recv: LPR_N
[14:43:15] LPR 11 Recv: CH1#12가1234#N#\2017\03\21\CH1_20170321144315_12가1234.jpg
[14:43:15] LPR Check: 12가1234, http://127.0.0.1:9080/MSImage/2017/03/21/CH1_20170321144315_12가1234.jpg, 1,,,0, 2017-03-21 14:43:15
[14:43:15] File: \\127.0.0.1\MSImage\2017\03\21\CH1_20170321144315_12가1234.jpg
[14:43:15] 정기차량시작: 12가1234, 
[14:43:15] Ping 시간 체크1-23750044
[14:43:15] Ping 시간 체크2-23750044
[14:43:15] Ping 시간 체크1-23750044
[14:43:15] Ping 시간 체크2-23750044
[14:43:15] 입구차단기 Open
[14:43:15] Ping 시간 체크1-23750044
[14:43:15] Ping 시간 체크2-23750044
[14:43:15] 정기차량 알람정보 전송: ^^12가1234^
[14:43:15] Ping 시간 체크1-23750169
[14:43:15] Ping 시간 체크2-23750169
[14:43:16] TfrmMainNew.AlarmProc: Socket Error # 10061
Connection refused.
[14:43:16] 정기차량처리: 12가1234, 
[14:43:18] LPR 11 Recv: LPR_N
[14:43:24] LPR 11 Recv: LPR_N
[14:43:29] LPR 11 Recv: LPR_N
[14:43:34] LPR 11 Recv: LPR_N
[14:43:39] LPR 11 Recv: LPR_N
[14:43:44] LPR 11 Recv: LPR_N
[14:43:50] LPR 11 Recv: LPR_N
[14:43:55] LPR 11 Recv: LPR_N
[14:44:00] LPR 11 Recv: LPR_N
[14:44:05] LPR 11 Recv: LPR_N
[14:44:11] LPR 11 Recv: LPR_N
[14:44:16] LPR 11 Recv: LPR_N
[14:44:22] LPR 11 Recv: LPR_N
[14:44:27] LPR 11 Recv: LPR_N
[14:44:32] LPR 11 Recv: LPR_N
[14:44:37] LPR 11 Recv: LPR_N
[14:44:42] LPR 11 Recv: LPR_N
[14:44:48] LPR 11 Recv: LPR_N
[14:44:53] LPR 11 Recv: LPR_N
[14:44:58] LPR 11 Recv: LPR_N
[14:45:04] LPR 11 Recv: LPR_N
[14:45:09] LPR 11 Recv: LPR_N
[14:45:14] LPR 11 Recv: LPR_N
[14:45:20] LPR 11 Recv: LPR_N
[14:45:25] LPR 11 Recv: LPR_N
[14:45:30] LPR 11 Recv: LPR_N
[14:45:35] LPR 11 Recv: LPR_N
[14:45:40] LPR 11 Recv: LPR_N
[14:45:46] LPR 11 Recv: LPR_N
[14:45:51] LPR 11 Recv: LPR_N
[14:45:57] LPR 11 Recv: LPR_N
[14:46:02] LPR 11 Recv: LPR_N
[14:46:07] LPR 11 Recv: LPR_N
[14:46:12] LPR 11 Recv: LPR_N
[14:46:18] LPR 11 Recv: LPR_N
[14:46:23] LPR 11 Recv: LPR_N
[14:46:28] LPR 11 Recv: LPR_N
[14:46:31] LPR 11 Recv: CH1#12가1234#N#\2017\03\21\CH1_20170321144631_12가1234.jpg
[14:46:31] LPR Check: 12가1234, http://127.0.0.1:9080/MSImage/2017/03/21/CH1_20170321144631_12가1234.jpg, 1,,,0, 2017-03-21 14:46:31
[14:46:31] File: \\127.0.0.1\MSImage\2017\03\21\CH1_20170321144631_12가1234.jpg
[14:46:31] 정기차량시작: 12가1234, 
[14:46:31] Ping 시간 체크1-23946169
[14:46:31] Ping 시간 체크2-23946169
[14:46:31] Ping 시간 체크1-23946184
[14:46:31] Ping 시간 체크2-23946184
[14:46:31] 입구차단기 Open
[14:46:31] Ping 시간 체크1-23946184
[14:46:31] Ping 시간 체크2-23946184
[14:46:31] 정기차량 알람정보 전송: ^^12가1234^
[14:46:31] Ping 시간 체크1-23946309
[14:46:31] Ping 시간 체크2-23946309
[14:46:32] TfrmMainNew.AlarmProc: Socket Error # 10061
Connection refused.
[14:46:32] 정기차량처리: 12가1234, 
[14:46:33] LPR 11 Recv: LPR_N
[14:46:39] LPR 11 Recv: LPR_N
[14:46:44] Program Close
[15:40:56] Program Start!
[15:41:16] 근무시작: 시스템관리자
[15:41:17] 설치된 영수증프린터가 없음!
[15:41:17] 설치된 입구 LPR이 없음!
[15:41:17] 설치된 출구 LPR이 없음!
[15:41:17] 설치된 입구전광판이 없음!
[15:41:17] 설치된 출구전광판이 없음!
[15:41:17] 1만원이상  101
[15:41:17] 5만원이상  102
[15:41:17] 10만원이상  103
[15:42:17] Program Close
[15:42:19] Program Start!
[15:42:23] 근무시작: 근무자
[15:42:23] 영수증프린터 포트오픈 에러: ie_BadId - Specified comport doesn't exist
[15:42:23] Ping 시간 체크1-27284933
[15:42:23] Ping 시간 체크2-27284933
[15:42:23] Ping 시간 체크1-27284949
[15:42:23] Ping 시간 체크2-27284949
[15:42:23] 설치된 입구전광판이 없음!
[15:42:23] 설치된 출구전광판이 없음!
[15:42:23] 1만원이상  101
[15:42:23] 5만원이상  102
[15:42:23] 10만원이상  103
[15:42:23] LPR 11 Recv: 172.16.82.1
[15:42:23] LPR 12 Recv: 172.16.82.1
[15:42:24] LPR 11 Recv: LPR_N
[15:42:24] LPR 12 Recv: LPR_N
[15:42:28] LPR 11 Recv: LPR_N
[15:42:30] LPR 12 Recv: LPR_N
[15:42:33] LPR 11 Recv: LPR_N
[15:42:35] LPR 12 Recv: LPR_N
[15:42:38] LPR 11 Recv: LPR_N
[15:42:41] LPR 12 Recv: LPR_N
[15:42:43] LPR 11 Recv: LPR_N
[15:42:46] LPR 12 Recv: LPR_N
[15:42:46] LPR 11 Recv: CH1#12가1235#N#\2017\03\21\CH1_20170321154246_12가1235.jpg
[15:42:46] LPR Check: 12가1235, http://172.16.82.1:9080/MSImage/2017/03/21/CH1_20170321154246_12가1235.jpg, 1,,,0, 2017-03-21 15:42:46
[15:42:46] File: \\172.16.82.1\MSImage\2017\03\21\CH1_20170321154246_12가1235.jpg
[15:42:47] 일반차량: 12가1235, 
[15:42:47] Ping 시간 체크1-27308614
[15:42:47] Ping 시간 체크2-27308614
[15:42:47] 입구차단기 Open
[15:42:47] 일반차량입차: 12가1235, 
[15:42:48] LPR 11 Recv: LPR_N
[15:42:51] LPR 12 Recv: LPR_N
[15:42:52] LPR 12 Recv: CH1#경기46로8864#O#\2017\03\21\CH1_20170321154252_경기46로8864.jpg
[15:42:52] LPR Check: 경기46로8864,http://172.16.82.1:9080/MSImage/2017/03/21/CH1_20170321154252_경기46로8864.jpg,1,,,0, 2017-03-21 15:42:52
[15:42:52] File: \\172.16.82.1\MSImage\2017\03\21\CH1_20170321154252_경기46로8864.jpg
[15:42:52] 일반차량: 경기46로8864, 
[15:42:52] Ping 시간 체크1-27313840
[15:42:52] Ping 시간 체크2-27313840
[15:43:03] Ping 시간 체크1-27325135
[15:43:03] Ping 시간 체크2-27325135
[15:43:03] 출구차단기 Open
[15:43:03] 일반차량출차: 경기46로8864, 
[15:43:03] LPR 11 Recv: LPR_NLPR_N
[15:43:03] LPR 12 Recv: LPR_NLPR_N
[15:43:05] LPR 11 Recv: LPR_N
[15:43:07] LPR 12 Recv: LPR_N
[15:43:10] LPR 12 Recv: CH1#경기46로8864#O#\2017\03\21\CH1_20170321154310_경기46로8864.jpg
[15:43:10] LPR Check: 경기46로8864,http://172.16.82.1:9080/MSImage/2017/03/21/CH1_20170321154310_경기46로8864.jpg,1,,,0, 2017-03-21 15:43:10
[15:43:10] File: \\172.16.82.1\MSImage\2017\03\21\CH1_20170321154310_경기46로8864.jpg
[15:43:10] 일반차량: 경기46로8864, 
[15:43:10] Ping 시간 체크1-27331733
[15:43:10] Ping 시간 체크2-27331749
[15:43:10] 일반차량출차: 경기46로8864, 
[15:43:10] LPR 11 Recv: LPR_N
[15:43:12] LPR 12 Recv: LPR_N
[15:43:15] LPR 11 Recv: LPR_N
[15:43:16] Ping 시간 체크1-27338535
[15:43:16] Ping 시간 체크2-27338535
[15:43:16] 출구차단기 Open
[15:43:18] LPR 12 Recv: LPR_N
[15:43:21] LPR 11 Recv: LPR_N
[15:43:24] TfrmClosing.DataCheck: ie_NOpen - device not open
[15:43:24] LPR 12 Recv: LPR_N
[15:43:26] LPR 11 Recv: LPR_N
[15:43:27] 근무시작: 근무자
[15:43:28] LPR 12 Recv: LPR_N
[15:43:31] LPR 11 Recv: LPR_N
[15:43:33] LPR 12 Recv: LPR_N
[15:43:36] LPR 11 Recv: LPR_N
[15:43:38] Program Close
