[09:56:25] Program Start!
[09:56:26] 근무시작: 관리자
[09:56:26] 설치된 영수증프린터가 없음!
[09:56:26] Ping 시간 체크1-1218399
[09:56:26] Ping 시간 체크2-1218399
[09:56:26] Ping 시간 체크1-1218399
[09:56:26] Ping 시간 체크2-1218399
[09:56:26] 설치된 출구 LPR이 없음!
[09:56:26] Ping 시간 체크1-1218399
[09:56:26] Ping 시간 체크2-1218399
[09:56:26] 설치된 출구전광판이 없음!
[09:56:26] 업무용차량  104
[09:56:26] 납품차량  144
[09:56:26] 3시간무료  147
[09:56:26] 공무할인  148
[09:56:26] 국가유공자  165
[09:56:26] 승용차요일제  167
[09:56:26] 4시간2000원  170
[09:56:26] 8시간3000원  172
[09:56:26] 12시간8000  174
[09:56:26] 4시간천원  175
[09:56:26] 8시간2천원  176
[09:56:26] 장애인할인  180
[09:56:26] LPR 11 Recv: 127.0.0.1
[09:56:26] LPR12 Recv: 127.0.0.1
[09:56:28] LPR12 Recv: LPR_N
[09:56:28] LPR 11 Recv: LPR_N
[09:56:31] LPR 11 Recv: LPR_N
[09:56:31] LPR12 Recv: LPR_N
[09:56:36] LPR 11 Recv: LPR_N
[09:56:36] LPR12 Recv: LPR_N
[09:56:42] LPR12 Recv: LPR_N
[09:56:42] LPR 11 Recv: LPR_N
[09:56:47] LPR12 Recv: LPR_N
[09:56:47] LPR 11 Recv: LPR_N
[09:56:52] LPR 11 Recv: LPR_N
[09:56:52] LPR12 Recv: LPR_N
[09:56:57] LPR 11 Recv: LPR_N
[09:56:57] LPR12 Recv: LPR_N
[09:57:03] LPR12 Recv: LPR_N
[09:57:03] LPR 11 Recv: LPR_N
[09:57:06] InDsp1_Disconnect
[09:57:08] Program Close
[10:04:04] Program Start!
[10:04:07] 근무시작: 관리자
[10:04:07] 설치된 영수증프린터가 없음!
[10:04:07] Ping 시간 체크1-1680130
[10:04:07] Ping 시간 체크2-1680130
[10:04:07] Ping 시간 체크1-1680146
[10:04:07] Ping 시간 체크2-1680146
[10:04:07] 설치된 출구 LPR이 없음!
[10:04:07] Ping 시간 체크1-1680286
[10:04:07] Ping 시간 체크2-1680286
[10:04:07] 설치된 출구전광판이 없음!
[10:04:07] 업무용차량  104
[10:04:07] 납품차량  144
[10:04:07] 3시간무료  147
[10:04:07] 공무할인  148
[10:04:07] 국가유공자  165
[10:04:07] 승용차요일제  167
[10:04:07] 4시간2000원  170
[10:04:07] 8시간3000원  172
[10:04:07] 12시간8000  174
[10:04:07] 4시간천원  175
[10:04:07] 8시간2천원  176
[10:04:07] 장애인할인  180
[10:04:07] LPR 11 Recv: 127.0.0.1
[10:04:07] LPR12 Recv: 127.0.0.1
