[15:31:39] Program Start!
[15:31:40] 근무시작: 근무자
[15:31:40] 영수증프린터 포트오픈 에러: ie_BadId - Specified comport doesn't exist
[15:31:40] Ping 시간 체크1-26355339
[15:31:40] Ping 시간 체크2-26355339
[15:31:40] Ping 시간 체크1-26355339
[15:31:40] Ping 시간 체크2-26355339
[15:31:40] Ping 시간 체크1-26355339
[15:31:40] Ping 시간 체크2-26355339
[15:31:40] 설치된 출구전광판이 없음!
[15:31:40] 문화홀  101
[15:31:40] 40분할인  104
[15:31:40] 2시간할인  105
[15:31:40] 3시간할인  106
[15:31:40] 4시간할인  107
[15:31:40] 전액무료  108
[15:31:41] LPR 13 Recv: 127.0.0.1
[15:31:41] LPR 11 Recv: 127.0.0.1
[15:31:41] LPR 11 Recv: LPR_N
[15:31:42] LPR 13 Recv: LPR_N
[15:31:43] LPR 13 Recv: LPR_N
[15:31:46] LPR 11 Recv: LPR_N
[15:31:48] TfrmClosing.DataCheck: ie_NOpen - device not open
[15:31:48] LPR 13 Recv: LPR_N
[15:31:51] LPR 11 Recv: LPR_N
[15:31:51] 근무시작: 근무자
[15:31:53] LPR 13 Recv: LPR_N
[15:31:56] LPR 11 Recv: LPR_N
[15:31:58] LPR 13 Recv: LPR_N
[15:32:02] LPR 11 Recv: LPR_N
[15:32:04] Program Close
[15:32:04] LPR 13 Recv: LPR_N
