[16:36:05] Program Start!
[16:36:37] 근무시작: 관리자
[16:36:37] 설치된 영수증프린터가 없음!
[16:36:37] Ping 시간 체크1-29825269
[16:36:37] Ping 시간 체크2-29825285
[16:36:37] 설치된 출구 LPR이 없음!
[16:36:37] 설치된 입구전광판이 없음!
[16:36:37] 설치된 출구전광판이 없음!
[16:36:37] 업무용차량  104
[16:36:37] 납품차량  144
[16:36:37] 3시간무료  147
[16:36:37] 공무할인  148
[16:36:37] 국가유공자  165
[16:36:37] 승용차요일제  167
[16:36:37] 4시간2000원  170
[16:36:37] 8시간3000원  172
[16:36:37] 12시간8000  174
[16:36:37] 4시간천원  175
[16:36:37] 8시간2천원  176
[16:36:37] 장애인할인  180
[16:36:38] LPR 11 Recv: 172.16.82.1
[16:36:39] LPR 11 Recv: LPR_N
[16:36:42] LPR 11 Recv: CH1#06로1490#N#\2017\04\10\CH1_20170410163642_06로1490.jpg
[16:36:42] LPR Check: 06로1490, http://172.16.82.1:9080/MSImage/2017/04/10/CH1_20170410163642_06로1490.jpg, 1,,,0, 2017-04-10 16:36:42
[16:36:42] File: \\172.16.82.1\MSImage\2017\04\10\CH1_20170410163642_06로1490.jpg
[16:36:42] 정기차량시작: 06로1490, 
[16:36:42] Ping 시간 체크1-29830074
[16:36:42] Ping 시간 체크2-29830074
[16:36:42] 입구차단기 Open
[16:36:42] Ping 시간 체크1-29830074
[16:36:42] Ping 시간 체크2-29830074
[16:36:42] 정기차량 알람정보 전송: 박동섭^^06로1490^
[16:36:42] Ping 시간 체크1-29830199
[16:36:42] Ping 시간 체크2-29830199
[16:36:42] 정기차량 알람정보 전송: 박동섭^^06로1490^
[16:36:42] 정기차량처리: 06로1490, 
[16:36:43] LPR 11 Recv: LPR_N
[16:36:48] LPR 11 Recv: LPR_N
[16:36:50] Program Close
