[13:11:11] Program Start!
[13:11:15] 근무시작: 관리자
[13:11:15] 설치된 영수증프린터가 없음!
[13:11:15] Ping 시간 체크1-15335288
[13:11:15] Ping 시간 체크2-15335288
[13:11:15] 설치된 출구 LPR이 없음!
[13:11:15] 설치된 입구전광판이 없음!
[13:11:15] 설치된 출구전광판이 없음!
[13:11:15] 업무용차량  104
[13:11:15] 납품차량  144
[13:11:15] 3시간무료  147
[13:11:15] 공무할인  148
[13:11:15] 국가유공자  165
[13:11:15] 승용차요일제  167
[13:11:15] 4시간2000원  170
[13:11:15] 8시간3000원  172
[13:11:15] 12시간8000  174
[13:11:15] 4시간천원  175
[13:11:15] 8시간2천원  176
[13:11:15] 장애인할인  180
[13:11:15] LPR 11 Recv: 172.16.82.1
[13:11:17] LPR 11 Recv: LPR_N
[13:11:18] LPR 11 Recv: LPR_N
[13:11:19] LPR 11 Recv: CH1#06로1490#N#\2017\04\07\CH1_20170407131119_06로1490.jpg
[13:11:19] LPR Check: 06로1490, http://172.16.82.1:9080/MSImage/2017/04/07/CH1_20170407131119_06로1490.jpg, 1,,,0, 2017-04-07 13:11:19
[13:11:19] File: \\172.16.82.1\MSImage\2017\04\07\CH1_20170407131119_06로1490.jpg
[13:11:20] 정기차량시작: 06로1490, 
[13:11:20] Ping 시간 체크1-15339656
[13:11:20] Ping 시간 체크2-15339656
[13:11:20] 입구차단기 Open
[13:11:20] 정기차량처리: 06로1490, 
[13:11:23] LPR 11 Recv: LPR_N
[13:11:29] LPR 11 Recv: LPR_N
[13:11:31] Program Close
[13:12:58] Program Start!
[13:13:09] 근무시작: 관리자
[13:13:09] 설치된 영수증프린터가 없음!
[13:13:09] Ping 시간 체크1-15450198
[13:13:09] Ping 시간 체크2-15450214
[13:13:09] 설치된 출구 LPR이 없음!
[13:13:09] 설치된 입구전광판이 없음!
[13:13:09] 설치된 출구전광판이 없음!
[13:13:09] 업무용차량  104
[13:13:09] 납품차량  144
[13:13:09] 3시간무료  147
[13:13:09] 공무할인  148
[13:13:09] 국가유공자  165
[13:13:09] 승용차요일제  167
[13:13:09] 4시간2000원  170
[13:13:09] 8시간3000원  172
[13:13:09] 12시간8000  174
[13:13:09] 4시간천원  175
[13:13:09] 8시간2천원  176
[13:13:09] 장애인할인  180
[13:13:17] TfrmMainNew.FormShow: Could not bind socket. Address and port are already in use.
[13:13:17] LPR 11 Recv: 172.16.82.1
[13:13:19] LPR 11 Recv: LPR_N
[13:13:20] Program Close
[13:14:08] Program Start!
[13:14:11] 근무시작: 관리자
[13:14:11] 설치된 영수증프린터가 없음!
[13:14:11] Ping 시간 체크1-15512006
[13:14:11] Ping 시간 체크2-15512006
[13:14:11] 설치된 출구 LPR이 없음!
[13:14:11] 설치된 입구전광판이 없음!
[13:14:11] 설치된 출구전광판이 없음!
[13:14:11] 업무용차량  104
[13:14:11] 납품차량  144
[13:14:11] 3시간무료  147
[13:14:11] 공무할인  148
[13:14:11] 국가유공자  165
[13:14:11] 승용차요일제  167
[13:14:11] 4시간2000원  170
[13:14:11] 8시간3000원  172
[13:14:11] 12시간8000  174
[13:14:11] 4시간천원  175
[13:14:11] 8시간2천원  176
[13:14:11] 장애인할인  180
[13:14:11] LPR 11 Recv: 172.16.82.1
[13:14:11] LPR 11 Recv: LPR_N
[13:14:12] LPR 11 Recv: LPR_N
[13:14:15] LPR 11 Recv: CH1#06로1490#N#\2017\04\07\CH1_20170407131415_06로1490.jpg
[13:14:15] LPR Check: 06로1490, http://172.16.82.1:9080/MSImage/2017/04/07/CH1_20170407131415_06로1490.jpg, 1,,,0, 2017-04-07 13:14:15
[13:14:15] File: \\172.16.82.1\MSImage\2017\04\07\CH1_20170407131415_06로1490.jpg
[13:14:15] 정기차량시작: 06로1490, 
[13:14:15] Ping 시간 체크1-15516311
[13:14:15] Ping 시간 체크2-15516311
[13:14:15] 입구차단기 Open
[13:14:15] 정기차량처리: 06로1490, 
[13:14:16] LPR 11 Recv: LPR_N
[13:14:22] LPR 11 Recv: LPR_N
[13:14:27] LPR 11 Recv: LPR_N
[13:14:30] LPR 11 Recv: CH1#06로1490#N#\2017\04\07\CH1_20170407131430_06로1490.jpg
[13:14:30] LPR Check: 06로1490, http://172.16.82.1:9080/MSImage/2017/04/07/CH1_20170407131430_06로1490.jpg, 1,,,0, 2017-04-07 13:14:30
[13:14:30] File: \\172.16.82.1\MSImage\2017\04\07\CH1_20170407131430_06로1490.jpg
[13:14:31] 정기차량시작: 06로1490, 
[13:14:50] Ping 시간 체크1-15551115
[13:14:50] Ping 시간 체크2-15551115
[13:14:50] 입구차단기 Open
[13:14:50] 정기차량처리: 06로1490, 
[13:14:50] LPR 11 Recv: LPR_NLPR_NLPR_NLPR_N
[13:14:50] LPR Check: , http://172.16.82.1:9080/MSImageLPR_NLPR_NLPR_NLPR_N, 3,,,0, NLPR-_N-LP R_:NL:PR
[13:14:50] File: \\172.16.82.1\MSImageLPR_NLPR_NLPR_NLPR_N
[13:14:51] csInLpr1Read: qryInLpr1Proc: Cannot perform this operation on a closed dataset
[13:14:53] LPR 11 Recv: LPR_N
[13:14:55] LPR 11 Recv: CH1#06로1490#N#\2017\04\07\CH1_20170407131455_06로1490.jpg
[13:14:55] LPR Check: 06로1490, http://172.16.82.1:9080/MSImage/2017/04/07/CH1_20170407131455_06로1490.jpg, 1,,,0, 2017-04-07 13:14:55
[13:14:55] File: \\172.16.82.1\MSImage\2017\04\07\CH1_20170407131455_06로1490.jpg
[13:14:56] 정기차량시작: 06로1490, 
[13:15:42] Ping 시간 체크1-15603422
[13:15:42] Ping 시간 체크2-15603422
[13:15:42] 입구차단기 Open
[13:15:42] 정기차량처리: 06로1490, 
[13:15:42] LPR 11 Recv: LPR_NLPR_NLPR_NLPR_NLPR_NLPR_NLPR_NLPR_NLPR_N
[13:15:42] LPR Check: , http://172.16.82.1:9080/MSImageLPR_NLPR_NLPR_NLPR_NLPR_NLPR_NLPR_NLPR_NLPR_N, 3,,,0, NLPR-_N-LP R_:NL:PR
[13:15:42] File: \\172.16.82.1\MSImageLPR_NLPR_NLPR_NLPR_NLPR_NLPR_NLPR_NLPR_NLPR_N
[13:15:43] csInLpr1Read: qryInLpr1Proc: Cannot perform this operation on a closed dataset
[13:15:46] LPR 11 Recv: LPR_N
[13:15:47] LPR 11 Recv: CH1#06로1490#N#\2017\04\07\CH1_20170407131547_06로1490.jpg
[13:15:47] LPR Check: 06로1490, http://172.16.82.1:9080/MSImage/2017/04/07/CH1_20170407131547_06로1490.jpg, 1,,,0, 2017-04-07 13:15:47
[13:15:47] File: \\172.16.82.1\MSImage\2017\04\07\CH1_20170407131547_06로1490.jpg
[13:15:50] 정기차량시작: 06로1490, 
[13:16:12] Ping 시간 체크1-15633374
[13:16:12] Ping 시간 체크2-15633374
[13:16:12] 입구차단기 Open
[13:16:16] Ping 시간 체크1-15637119
[13:16:16] Ping 시간 체크2-15637119
[13:16:18] LPR 11 Recv: LPR_NLPR_NLPR_NLPR_NLPR_N
[13:16:18] LPR Check: , http://172.16.82.1:9080/MSImageLPR_NLPR_NLPR_NLPR_NLPR_N, 3,,,0, NLPR-_N-LP R_:NL:PR
[13:16:18] File: \\172.16.82.1\MSImageLPR_NLPR_NLPR_NLPR_NLPR_N
[13:16:21] csInLpr1Read: qryInLpr1Proc: Cannot perform this operation on a closed dataset
[13:16:21] LPR 11 Recv: LPR_N
[13:16:22] TfrmMainNew.AlarmProc: Socket Error # 10061
Connection refused.
[13:16:22] Ping 시간 체크1-15643156
[13:16:22] Ping 시간 체크2-15643156
[13:16:22] 정기차량 알람정보 전송: 박동섭^^06로1490^
[13:16:22] 정기차량처리: 06로1490, 
[13:16:23] LPR 11 Recv: LPR_N
[13:16:28] LPR 11 Recv: LPR_N
[13:16:37] Program Start!
[13:16:40] 근무시작: 관리자
[13:16:40] 설치된 영수증프린터가 없음!
[13:16:40] Ping 시간 체크1-15661579
[13:16:40] Ping 시간 체크2-15661595
[13:16:40] 설치된 출구 LPR이 없음!
[13:16:40] 설치된 입구전광판이 없음!
[13:16:40] 설치된 출구전광판이 없음!
[13:16:40] 업무용차량  104
[13:16:40] 납품차량  144
[13:16:40] 3시간무료  147
[13:16:40] 공무할인  148
[13:16:40] 국가유공자  165
[13:16:40] 승용차요일제  167
[13:16:40] 4시간2000원  170
[13:16:40] 8시간3000원  172
[13:16:40] 12시간8000  174
[13:16:40] 4시간천원  175
[13:16:40] 8시간2천원  176
[13:16:40] 장애인할인  180
[13:16:41] LPR 11 Recv: 172.16.82.1
[13:16:42] LPR 11 Recv: LPR_N
[13:16:44] LPR 11 Recv: CH1#06로1490#N#\2017\04\07\CH1_20170407131644_06로1490.jpg
[13:16:44] LPR Check: 06로1490, http://172.16.82.1:9080/MSImage/2017/04/07/CH1_20170407131644_06로1490.jpg, 1,,,0, 2017-04-07 13:16:44
[13:16:44] File: \\172.16.82.1\MSImage\2017\04\07\CH1_20170407131644_06로1490.jpg
[13:16:45] 정기차량시작: 06로1490, 
[13:16:46] Ping 시간 체크1-15667523
[13:16:46] Ping 시간 체크2-15667523
[13:16:46] 입구차단기 Open
[13:16:47] Ping 시간 체크1-15668366
[13:16:47] Ping 시간 체크2-15668381
[13:16:47] LPR 11 Recv: LPR_N
[13:16:54] LPR 11 Recv: LPR_NLPR_N
[13:16:55] TfrmMainNew.AlarmProc: Socket Error # 10061
Connection refused.
[13:16:55] Ping 시간 체크1-15676446
[13:16:55] Ping 시간 체크2-15676446
[13:16:55] 정기차량 알람정보 전송: 박동섭^^06로1490^
[13:16:55] 정기차량처리: 06로1490, 
[13:16:58] Program Close
[13:17:28] Program Start!
[13:17:30] 근무시작: 관리자
[13:17:30] 설치된 영수증프린터가 없음!
[13:17:30] Ping 시간 체크1-15711983
[13:17:30] Ping 시간 체크2-15711983
[13:17:30] 설치된 출구 LPR이 없음!
[13:17:30] 설치된 입구전광판이 없음!
[13:17:30] 설치된 출구전광판이 없음!
[13:17:30] 업무용차량  104
[13:17:30] 납품차량  144
[13:17:30] 3시간무료  147
[13:17:30] 공무할인  148
[13:17:30] 국가유공자  165
[13:17:30] 승용차요일제  167
[13:17:30] 4시간2000원  170
[13:17:30] 8시간3000원  172
[13:17:30] 12시간8000  174
[13:17:30] 4시간천원  175
[13:17:30] 8시간2천원  176
[13:17:30] 장애인할인  180
[13:17:31] LPR 11 Recv: 172.16.82.1
[13:17:31] LPR 11 Recv: LPR_N
[13:17:32] LPR 11 Recv: LPR_N
[13:17:34] LPR 11 Recv: CH1#06로1490#N#\2017\04\07\CH1_20170407131734_06로1490.jpg
[13:17:34] LPR Check: 06로1490, http://172.16.82.1:9080/MSImage/2017/04/07/CH1_20170407131734_06로1490.jpg, 1,,,0, 2017-04-07 13:17:34
[13:17:34] File: \\172.16.82.1\MSImage\2017\04\07\CH1_20170407131734_06로1490.jpg
[13:17:36] 정기차량시작: 06로1490, 
[13:17:40] Ping 시간 체크1-15721359
[13:17:40] Ping 시간 체크2-15721359
[13:17:40] 입구차단기 Open
[13:17:40] Ping 시간 체크1-15722045
[13:17:40] Ping 시간 체크2-15722045
[13:17:42] LPR 11 Recv: LPR_NLPR_N
[13:17:45] 정기차량 알람정보 전송: 박동섭^^06로1490^
[13:17:47] Ping 시간 체크1-15728629
[13:17:47] Ping 시간 체크2-15728629
[13:17:47] 정기차량 알람정보 전송: 박동섭^^06로1490^
[13:17:47] 정기차량처리: 06로1490, 
[13:17:47] LPR 11 Recv: LPR_N
[13:17:52] LPR 11 Recv: LPR_N
[13:17:56] Program Close
[13:35:06] Program Start!
[13:35:08] 근무시작: 관리자
[13:35:08] 설치된 영수증프린터가 없음!
[13:35:08] Ping 시간 체크1-16776066
[13:35:08] Ping 시간 체크2-16776066
[13:35:08] 설치된 출구 LPR이 없음!
[13:35:08] 설치된 입구전광판이 없음!
[13:35:08] 설치된 출구전광판이 없음!
[13:35:08] 업무용차량  104
[13:35:08] 납품차량  144
[13:35:08] 3시간무료  147
[13:35:08] 공무할인  148
[13:35:08] 국가유공자  165
[13:35:08] 승용차요일제  167
[13:35:08] 4시간2000원  170
[13:35:08] 8시간3000원  172
[13:35:08] 12시간8000  174
[13:35:08] 4시간천원  175
[13:35:08] 8시간2천원  176
[13:35:08] 장애인할인  180
[13:35:08] LPR 11 Recv: 172.16.82.1
[13:35:09] LPR 11 Recv: LPR_N
[13:35:11] LPR 11 Recv: LPR_N
[13:35:12] LPR 11 Recv: CH1#06로1490#N#\2017\04\07\CH1_20170407133512_06로1490.jpg
[13:35:12] LPR Check: 06로1490, http://172.16.82.1:9080/MSImage/2017/04/07/CH1_20170407133512_06로1490.jpg, 1,,,0, 2017-04-07 13:35:12
[13:35:12] File: \\172.16.82.1\MSImage\2017\04\07\CH1_20170407133512_06로1490.jpg
[13:35:12] 정기차량시작: 06로1490, 
[13:35:12] Ping 시간 체크1-16780606
[13:35:12] Ping 시간 체크2-16780606
[13:35:12] 입구차단기 Open
[13:35:12] Ping 시간 체크1-16780606
[13:35:12] Ping 시간 체크2-16780606
[13:35:13] TfrmMainNew.AlarmProc: Socket Error # 10061
Connection refused.
[13:35:13] Ping 시간 체크1-16781745
[13:35:13] Ping 시간 체크2-16781745
[13:35:14] TfrmMainNew.AlarmProc: Socket Error # 10061
Connection refused.
[13:35:14] 정기차량처리: 06로1490, 
[13:35:16] LPR 11 Recv: LPR_N
[13:35:22] LPR 11 Recv: LPR_N
[13:35:27] LPR 11 Recv: LPR_N
[13:35:32] LPR 11 Recv: LPR_N
[13:35:37] LPR 11 Recv: LPR_N
[13:35:43] LPR 11 Recv: LPR_N
[13:35:48] LPR 11 Recv: LPR_N
[13:35:54] LPR 11 Recv: LPR_N
[13:35:59] LPR 11 Recv: LPR_N
[13:36:04] LPR 11 Recv: LPR_N
[13:36:09] LPR 11 Recv: LPR_N
[13:36:10] LPR 11 Recv: CH1#06로1490#N#\2017\04\07\CH1_20170407133610_06로1490.jpg
[13:36:10] LPR Check: 06로1490, http://172.16.82.1:9080/MSImage/2017/04/07/CH1_20170407133610_06로1490.jpg, 1,,,0, 2017-04-07 13:36:10
[13:36:10] File: \\172.16.82.1\MSImage\2017\04\07\CH1_20170407133610_06로1490.jpg
[13:36:10] 정기차량시작: 06로1490, 
[13:36:10] Ping 시간 체크1-16838420
[13:36:10] Ping 시간 체크2-16838420
[13:36:10] 입구차단기 Open
[13:36:10] Ping 시간 체크1-16838420
[13:36:10] Ping 시간 체크2-16838420
[13:36:10] 정기차량 알람정보 전송: 박동섭^^06로1490^
[13:36:10] Ping 시간 체크1-16838545
[13:36:10] Ping 시간 체크2-16838545
[13:36:11] TfrmMainNew.AlarmProc: Socket Error # 10061
Connection refused.
[13:36:11] 정기차량처리: 06로1490, 
[13:36:14] LPR 11 Recv: LPR_N
[13:36:20] LPR 11 Recv: LPR_N
[13:36:25] LPR 11 Recv: LPR_N
[13:36:30] LPR 11 Recv: LPR_N
[13:36:36] LPR 11 Recv: LPR_N
[13:36:41] LPR 11 Recv: LPR_N
[13:36:42] Program Close
[13:40:19] Program Start!
[13:40:22] 근무시작: 관리자
[13:40:22] 설치된 영수증프린터가 없음!
[13:40:22] Ping 시간 체크1-17091204
[13:40:22] Ping 시간 체크2-17091204
[13:40:22] 설치된 출구 LPR이 없음!
[13:40:22] 설치된 입구전광판이 없음!
[13:40:22] 설치된 출구전광판이 없음!
[13:40:22] 업무용차량  104
[13:40:22] 납품차량  144
[13:40:22] 3시간무료  147
[13:40:22] 공무할인  148
[13:40:22] 국가유공자  165
[13:40:22] 승용차요일제  167
[13:40:22] 4시간2000원  170
[13:40:22] 8시간3000원  172
[13:40:22] 12시간8000  174
[13:40:22] 4시간천원  175
[13:40:22] 8시간2천원  176
[13:40:22] 장애인할인  180
[13:40:22] LPR 11 Recv: 172.16.82.1
[13:40:22] LPR 11 Recv: LPR_N
[13:40:23] LPR 11 Recv: LPR_N
[13:40:26] LPR 11 Recv: CH1#06로1490#N#\2017\04\07\CH1_20170407134026_06로1490.jpg
[13:40:26] LPR Check: 06로1490, http://172.16.82.1:9080/MSImage/2017/04/07/CH1_20170407134026_06로1490.jpg, 1,,,0, 2017-04-07 13:40:26
[13:40:26] File: \\172.16.82.1\MSImage\2017\04\07\CH1_20170407134026_06로1490.jpg
[13:40:27] 정기차량시작: 06로1490, 
[13:40:27] Ping 시간 체크1-17096024
[13:40:27] Ping 시간 체크2-17096024
[13:40:27] 입구차단기 Open
[13:40:27] Ping 시간 체크1-17096024
[13:40:27] Ping 시간 체크2-17096040
[13:40:27] LPR 11 Recv: LPR_N
[13:40:28] TfrmMainNew.AlarmProc: Socket Error # 10061
Connection refused.
[13:40:28] Ping 시간 체크1-17097163
[13:40:28] Ping 시간 체크2-17097163
[13:40:28] 정기차량 알람정보 전송: 박동섭^^06로1490^
[13:40:28] 정기차량처리: 06로1490, 
[13:40:33] LPR 11 Recv: LPR_N
[13:40:38] LPR 11 Recv: LPR_N
[13:40:44] LPR 11 Recv: LPR_N
[13:40:49] LPR 11 Recv: LPR_N
[13:40:54] LPR 11 Recv: LPR_N
[13:40:59] LPR 11 Recv: LPR_N
[13:41:04] LPR 11 Recv: LPR_N
[13:41:10] LPR 11 Recv: LPR_N
[13:41:15] LPR 11 Recv: LPR_N
[13:41:17] LPR 11 Recv: CH1#06로1490#N#\2017\04\07\CH1_20170407134117_06로1490.jpg
[13:41:17] LPR Check: 06로1490, http://172.16.82.1:9080/MSImage/2017/04/07/CH1_20170407134117_06로1490.jpg, 1,,,0, 2017-04-07 13:41:17
[13:41:17] File: \\172.16.82.1\MSImage\2017\04\07\CH1_20170407134117_06로1490.jpg
[13:41:17] 정기차량시작: 06로1490, 
[13:41:17] Ping 시간 체크1-17146444
[13:41:17] Ping 시간 체크2-17146444
[13:41:17] 입구차단기 Open
[13:41:17] Ping 시간 체크1-17146444
[13:41:17] Ping 시간 체크2-17146444
[13:41:18] TfrmMainNew.AlarmProc: Socket Error # 10061
Connection refused.
[13:41:18] Ping 시간 체크1-17147567
[13:41:18] Ping 시간 체크2-17147567
[13:41:18] 정기차량 알람정보 전송: 박동섭^^06로1490^
[13:41:18] 정기차량처리: 06로1490, 
[13:41:20] LPR 11 Recv: LPR_N
[13:41:25] LPR 11 Recv: LPR_N
[13:41:31] LPR 11 Recv: LPR_N
[13:41:36] LPR 11 Recv: LPR_N
[13:41:42] LPR 11 Recv: LPR_N
[13:41:47] LPR 11 Recv: LPR_N
[13:41:51] LPR 11 Recv: LPR_N
[13:41:55] LPR 11 Recv: CH1#06로1490#N#\2017\04\07\CH1_20170407134155_06로1490.jpg
[13:41:55] LPR Check: 06로1490, http://172.16.82.1:9080/MSImage/2017/04/07/CH1_20170407134155_06로1490.jpg, 1,,,0, 2017-04-07 13:41:55
[13:41:55] File: \\172.16.82.1\MSImage\2017\04\07\CH1_20170407134155_06로1490.jpg
[13:41:55] 정기차량시작: 06로1490, 
[13:41:55] Ping 시간 체크1-17185210
[13:41:55] Ping 시간 체크2-17185210
[13:41:55] 입구차단기 Open
[13:41:55] Ping 시간 체크1-17185210
[13:41:55] Ping 시간 체크2-17185210
[13:41:56] TfrmMainNew.AlarmProc: Socket Error # 10061
Connection refused.
[13:41:56] Ping 시간 체크1-17186224
[13:41:56] Ping 시간 체크2-17186224
[13:41:56] 정기차량 알람정보 전송: 박동섭^^06로1490^
[13:41:56] 정기차량처리: 06로1490, 
[13:41:56] LPR 11 Recv: LPR_N
[13:42:02] LPR 11 Recv: LPR_N
[13:42:07] LPR 11 Recv: LPR_N
[13:42:12] LPR 11 Recv: LPR_N
[13:42:18] LPR 11 Recv: LPR_N
[13:42:23] LPR 11 Recv: LPR_N
[13:42:28] LPR 11 Recv: LPR_N
[13:42:33] LPR 11 Recv: LPR_N
[13:42:39] LPR 11 Recv: LPR_N
[13:42:44] LPR 11 Recv: LPR_N
[13:42:50] LPR 11 Recv: LPR_N
[13:42:55] LPR 11 Recv: LPR_N
[13:43:00] LPR 11 Recv: LPR_N
[13:43:01] LPR 11 Recv: LPR_N
[13:43:05] LPR 11 Recv: LPR_N
[13:43:10] LPR 11 Recv: LPR_N
[13:43:16] LPR 11 Recv: LPR_N
[13:43:21] LPR 11 Recv: LPR_N
[13:43:27] LPR 11 Recv: LPR_N
[13:43:32] LPR 11 Recv: LPR_N
[13:43:37] LPR 11 Recv: LPR_N
[13:43:42] LPR 11 Recv: LPR_N
[13:43:48] LPR 11 Recv: LPR_N
[13:43:53] LPR 11 Recv: LPR_N
[13:43:58] LPR 11 Recv: LPR_N
[13:44:03] LPR 11 Recv: LPR_N
[13:44:09] LPR 11 Recv: LPR_N
[13:44:14] LPR 11 Recv: LPR_N
[13:44:19] LPR 11 Recv: LPR_N
[13:44:25] LPR 11 Recv: LPR_N
[13:44:30] LPR 11 Recv: LPR_N
[13:44:35] LPR 11 Recv: LPR_N
[13:44:40] LPR 11 Recv: LPR_N
[13:44:46] LPR 11 Recv: LPR_N
[13:44:51] LPR 11 Recv: LPR_N
[13:44:56] LPR 11 Recv: LPR_N
[13:45:02] LPR 11 Recv: LPR_N
[13:45:07] LPR 11 Recv: LPR_N
[13:45:12] LPR 11 Recv: LPR_N
[13:45:17] LPR 11 Recv: LPR_N
[13:45:23] LPR 11 Recv: LPR_N
[13:45:28] LPR 11 Recv: LPR_N
[13:45:33] LPR 11 Recv: LPR_N
[13:45:38] LPR 11 Recv: LPR_N
[13:45:44] LPR 11 Recv: LPR_N
[13:45:49] LPR 11 Recv: LPR_N
[13:45:54] LPR 11 Recv: LPR_N
[13:46:00] LPR 11 Recv: LPR_N
[13:46:05] LPR 11 Recv: LPR_N
[13:46:10] LPR 11 Recv: LPR_N
[13:46:15] LPR 11 Recv: LPR_N
[13:46:21] LPR 11 Recv: LPR_N
[13:46:26] LPR 11 Recv: LPR_N
[13:46:32] LPR 11 Recv: LPR_N
[13:46:37] LPR 11 Recv: LPR_N
[13:46:42] LPR 11 Recv: LPR_N
[13:46:47] LPR 11 Recv: LPR_N
[13:46:52] LPR 11 Recv: LPR_N
[13:46:58] LPR 11 Recv: LPR_N
[13:47:03] LPR 11 Recv: LPR_N
[13:47:08] LPR 11 Recv: LPR_N
[13:47:14] LPR 11 Recv: LPR_N
[13:47:19] LPR 11 Recv: LPR_N
[13:47:24] LPR 11 Recv: LPR_N
[13:47:30] LPR 11 Recv: LPR_N
[13:47:35] LPR 11 Recv: LPR_N
[13:47:40] LPR 11 Recv: LPR_N
[13:47:45] LPR 11 Recv: LPR_N
[13:47:50] LPR 11 Recv: LPR_N
[13:47:56] LPR 11 Recv: LPR_N
[13:48:01] LPR 11 Recv: LPR_N
[13:48:07] LPR 11 Recv: LPR_N
[13:48:12] LPR 11 Recv: LPR_N
[13:48:17] LPR 11 Recv: LPR_N
[13:48:22] LPR 11 Recv: LPR_N
[13:48:28] LPR 11 Recv: LPR_N
[13:48:33] LPR 11 Recv: LPR_N
[13:48:34] LPR 11 Recv: CH1#06로1490#N#\2017\04\07\CH1_20170407134834_06로1490.jpg
[13:48:34] LPR Check: 06로1490, http://172.16.82.1:9080/MSImage/2017/04/07/CH1_20170407134834_06로1490.jpg, 1,,,0, 2017-04-07 13:48:34
[13:48:34] File: \\172.16.82.1\MSImage\2017\04\07\CH1_20170407134834_06로1490.jpg
[13:48:34] 정기차량시작: 06로1490, 
[13:48:34] Ping 시간 체크1-17584463
[13:48:34] Ping 시간 체크2-17584463
[13:48:34] 입구차단기 Open
[13:48:34] Ping 시간 체크1-17584463
[13:48:34] Ping 시간 체크2-17584479
[13:48:35] TfrmMainNew.AlarmProc: Socket Error # 10061
Connection refused.
[13:48:35] Ping 시간 체크1-17585602
[13:48:35] Ping 시간 체크2-17585602
[13:48:35] 정기차량 알람정보 전송: 박동섭^^06로1490^
[13:48:35] 정기차량처리: 06로1490, 
[13:48:38] LPR 11 Recv: LPR_N
[13:48:43] LPR 11 Recv: LPR_N
[13:48:48] LPR 11 Recv: LPR_N
[13:48:54] LPR 11 Recv: LPR_N
[13:48:59] LPR 11 Recv: LPR_N
[13:49:04] LPR 11 Recv: LPR_N
[13:49:10] LPR 11 Recv: LPR_N
[13:49:15] LPR 11 Recv: LPR_N
[13:49:20] LPR 11 Recv: LPR_N
[13:49:26] LPR 11 Recv: LPR_N
[13:49:30] LPR 11 Recv: LPR_N
[13:49:32] LPR 11 Recv: CH1#06로1490#N#\2017\04\07\CH1_20170407134932_06로1490.jpg
[13:49:32] LPR Check: 06로1490, http://172.16.82.1:9080/MSImage/2017/04/07/CH1_20170407134932_06로1490.jpg, 1,,,0, 2017-04-07 13:49:32
[13:49:32] File: \\172.16.82.1\MSImage\2017\04\07\CH1_20170407134932_06로1490.jpg
[13:49:32] 정기차량시작: 06로1490, 
[13:49:32] Ping 시간 체크1-17643120
[13:49:32] Ping 시간 체크2-17643135
[13:49:32] 입구차단기 Open
[13:49:32] Ping 시간 체크1-17643135
[13:49:32] Ping 시간 체크2-17643135
[13:49:33] TfrmMainNew.AlarmProc: Socket Error # 10061
Connection refused.
[13:49:33] Ping 시간 체크1-17644259
[13:49:33] Ping 시간 체크2-17644259
[13:49:33] 정기차량 알람정보 전송: 박동섭^^06로1490^
[13:49:33] 정기차량처리: 06로1490, 
[13:49:36] LPR 11 Recv: LPR_N
[13:49:41] LPR 11 Recv: LPR_N
[13:49:46] LPR 11 Recv: LPR_N
[13:49:52] LPR 11 Recv: LPR_N
[13:49:57] LPR 11 Recv: LPR_N
[13:50:02] LPR 11 Recv: LPR_N
[13:50:07] LPR 11 Recv: LPR_N
[13:50:13] LPR 11 Recv: LPR_N
[13:50:18] LPR 11 Recv: LPR_N
[13:50:23] LPR 11 Recv: LPR_N
[13:50:28] LPR 11 Recv: LPR_N
[13:50:34] LPR 11 Recv: LPR_N
[13:50:39] LPR 11 Recv: LPR_N
[13:50:44] LPR 11 Recv: LPR_N
[13:50:50] LPR 11 Recv: LPR_N
[13:50:55] LPR 11 Recv: LPR_N
[13:51:00] LPR 11 Recv: LPR_N
[13:51:05] LPR 11 Recv: LPR_N
[13:51:11] LPR 11 Recv: LPR_N
[13:51:16] LPR 11 Recv: LPR_N
[13:51:21] LPR 11 Recv: LPR_N
[13:51:27] LPR 11 Recv: LPR_N
[13:51:32] LPR 11 Recv: LPR_N
[13:51:37] LPR 11 Recv: LPR_N
[13:51:42] LPR 11 Recv: LPR_N
[13:51:48] LPR 11 Recv: LPR_N
[13:51:53] LPR 11 Recv: LPR_N
[13:51:58] LPR 11 Recv: LPR_N
[13:52:03] LPR 11 Recv: LPR_N
[13:52:09] LPR 11 Recv: LPR_N
[13:52:14] LPR 11 Recv: LPR_N
[13:52:20] LPR 11 Recv: LPR_N
[13:52:25] LPR 11 Recv: LPR_N
[13:52:30] LPR 11 Recv: LPR_N
[13:52:35] LPR 11 Recv: LPR_N
[13:52:40] LPR 11 Recv: LPR_N
[13:52:46] LPR 11 Recv: LPR_N
[13:52:51] LPR 11 Recv: LPR_N
[13:52:57] LPR 11 Recv: LPR_N
[13:53:02] LPR 11 Recv: LPR_N
[13:53:07] LPR 11 Recv: LPR_N
[13:53:12] LPR 11 Recv: LPR_N
[13:53:18] LPR 11 Recv: LPR_N
[13:53:23] LPR 11 Recv: LPR_N
[13:53:28] LPR 11 Recv: LPR_N
[13:53:34] LPR 11 Recv: LPR_N
[13:53:39] LPR 11 Recv: LPR_N
[13:53:44] LPR 11 Recv: LPR_N
[13:53:49] LPR 11 Recv: LPR_N
[13:53:55] LPR 11 Recv: LPR_N
[13:54:00] LPR 11 Recv: LPR_N
[13:54:05] LPR 11 Recv: LPR_N
[13:54:10] LPR 11 Recv: LPR_N
[13:54:16] LPR 11 Recv: LPR_N
[13:54:21] LPR 11 Recv: LPR_N
[13:54:27] LPR 11 Recv: LPR_N
[13:54:32] LPR 11 Recv: LPR_N
[13:54:37] LPR 11 Recv: LPR_N
[13:54:42] LPR 11 Recv: LPR_N
[13:54:47] LPR 11 Recv: LPR_N
[13:54:53] LPR 11 Recv: LPR_N
[13:54:58] LPR 11 Recv: LPR_N
[13:55:04] LPR 11 Recv: LPR_N
[13:55:09] LPR 11 Recv: LPR_N
[13:55:14] LPR 11 Recv: LPR_N
[13:55:19] LPR 11 Recv: LPR_N
[13:55:25] LPR 11 Recv: LPR_N
[13:55:30] LPR 11 Recv: LPR_N
[13:55:35] LPR 11 Recv: LPR_N
[13:55:40] LPR 11 Recv: LPR_N
[13:55:46] LPR 11 Recv: LPR_N
[13:55:51] LPR 11 Recv: LPR_N
[13:55:56] LPR 11 Recv: LPR_N
[13:56:02] LPR 11 Recv: LPR_N
[13:56:07] LPR 11 Recv: LPR_N
[13:56:12] LPR 11 Recv: LPR_N
[13:56:17] LPR 11 Recv: LPR_N
[13:56:23] LPR 11 Recv: LPR_N
[13:56:28] LPR 11 Recv: LPR_N
[13:56:33] LPR 11 Recv: LPR_N
[13:56:39] LPR 11 Recv: LPR_N
[13:56:44] LPR 11 Recv: LPR_N
[13:56:49] LPR 11 Recv: LPR_N
[13:56:54] LPR 11 Recv: LPR_N
[13:57:00] LPR 11 Recv: LPR_N
[13:57:05] LPR 11 Recv: LPR_N
[13:57:10] LPR 11 Recv: LPR_N
[13:57:16] LPR 11 Recv: LPR_N
[13:57:21] LPR 11 Recv: LPR_N
[13:57:26] LPR 11 Recv: LPR_N
[13:57:31] LPR 11 Recv: LPR_N
[13:57:37] LPR 11 Recv: LPR_N
[13:57:42] LPR 11 Recv: LPR_N
[13:57:47] LPR 11 Recv: LPR_N
[13:57:52] LPR 11 Recv: LPR_N
[13:57:58] LPR 11 Recv: LPR_N
[13:58:03] LPR 11 Recv: LPR_N
[13:58:09] LPR 11 Recv: LPR_N
[13:58:14] LPR 11 Recv: LPR_N
[13:58:19] LPR 11 Recv: LPR_N
[13:58:24] LPR 11 Recv: LPR_N
[13:58:29] LPR 11 Recv: LPR_N
[13:58:35] LPR 11 Recv: LPR_N
[13:58:40] LPR 11 Recv: LPR_N
[13:58:45] LPR 11 Recv: LPR_N
[13:58:51] LPR 11 Recv: LPR_N
[13:58:56] LPR 11 Recv: LPR_N
[13:59:01] LPR 11 Recv: LPR_N
[13:59:07] LPR 11 Recv: LPR_N
[13:59:12] LPR 11 Recv: LPR_N
[13:59:17] LPR 11 Recv: LPR_N
[13:59:22] LPR 11 Recv: LPR_N
[13:59:27] LPR 11 Recv: LPR_N
[13:59:33] LPR 11 Recv: LPR_N
[13:59:38] LPR 11 Recv: LPR_N
[13:59:44] LPR 11 Recv: LPR_N
[13:59:49] LPR 11 Recv: LPR_N
[13:59:54] LPR 11 Recv: LPR_N
[13:59:59] LPR 11 Recv: LPR_N
[14:00:05] LPR 11 Recv: LPR_N
[14:00:10] LPR 11 Recv: LPR_N
[14:00:15] LPR 11 Recv: LPR_N
[14:00:20] LPR 11 Recv: LPR_N
[14:00:26] LPR 11 Recv: LPR_N
[14:00:31] LPR 11 Recv: LPR_N
[14:00:32] LPR 11 Recv: CH1#경기06로1490#O#\2017\04\07\CH1_20170407140032_경기06로1490.jpg
[14:00:32] LPR Check: 경기06로1490, http://172.16.82.1:9080/MSImage/2017/04/07/CH1_20170407140032_경기06로1490.jpg, 1,,,0, 2017-04-07 14:00:32
[14:00:32] File: \\172.16.82.1\MSImage\2017\04\07\CH1_20170407140032_경기06로1490.jpg
[14:00:33] 일반차량: 경기06로1490, 
[14:00:33] Ping 시간 체크1-18304096
[14:00:33] Ping 시간 체크2-18304096
[14:00:33] 입구차단기 Open
[14:00:33] 일반차량입차: 경기06로1490, 
[14:00:36] LPR 11 Recv: LPR_N
[14:00:41] LPR 11 Recv: LPR_N
[14:00:46] LPR 11 Recv: LPR_N
[14:00:52] LPR 11 Recv: LPR_N
[14:00:57] LPR 11 Recv: LPR_N
[14:01:02] LPR 11 Recv: LPR_N
[14:01:07] LPR 11 Recv: LPR_N
[14:01:13] LPR 11 Recv: LPR_N
[14:01:15] LPR 11 Recv: CH1#경기06로1490#O#\2017\04\07\CH1_20170407140115_경기06로1490.jpg
[14:01:15] LPR Check: 경기06로1490, http://172.16.82.1:9080/MSImage/2017/04/07/CH1_20170407140115_경기06로1490.jpg, 1,,,0, 2017-04-07 14:01:15
[14:01:15] File: \\172.16.82.1\MSImage\2017\04\07\CH1_20170407140115_경기06로1490.jpg
[14:01:15] 정기차량시작: 경기06로1490, 
[14:01:15] Ping 시간 체크1-18347090
[14:01:15] Ping 시간 체크2-18347090
[14:01:15] 입구차단기 Open
[14:01:15] Ping 시간 체크1-18347090
[14:01:15] Ping 시간 체크2-18347090
[14:01:16] TfrmMainNew.AlarmProc: Socket Error # 10061
Connection refused.
[14:01:16] Ping 시간 체크1-18348229
[14:01:16] Ping 시간 체크2-18348229
[14:01:17] 정기차량 알람정보 전송: 박동섭^^경기06로1490^
[14:01:17] 정기차량처리: 경기06로1490, 
[14:01:18] LPR 11 Recv: LPR_N
[14:01:23] LPR 11 Recv: LPR_N
[14:01:29] LPR 11 Recv: LPR_N
[14:01:34] LPR 11 Recv: LPR_N
[14:01:39] LPR 11 Recv: LPR_N
[14:01:44] LPR 11 Recv: LPR_N
[14:01:50] LPR 11 Recv: LPR_N
[14:01:55] LPR 11 Recv: LPR_N
[14:02:01] LPR 11 Recv: LPR_N
[14:02:05] LPR 11 Recv: LPR_N
[14:02:10] LPR 11 Recv: CH1#경기06로1490#O#\2017\04\07\CH1_20170407140210_경기06로1490.jpg
[14:02:10] LPR Check: 경기06로1490, http://172.16.82.1:9080/MSImage/2017/04/07/CH1_20170407140210_경기06로1490.jpg, 1,,,0, 2017-04-07 14:02:10
[14:02:10] File: \\172.16.82.1\MSImage\2017\04\07\CH1_20170407140210_경기06로1490.jpg
[14:02:10] 정기차량시작: 경기06로1490, 
[14:02:10] Ping 시간 체크1-18401955
[14:02:10] Ping 시간 체크2-18401955
[14:02:10] 입구차단기 Open
[14:02:10] Ping 시간 체크1-18401955
[14:02:10] Ping 시간 체크2-18401971
[14:02:11] LPR 11 Recv: LPR_N
[14:02:11] TfrmMainNew.AlarmProc: Socket Error # 10061
Connection refused.
[14:02:11] Ping 시간 체크1-18403094
[14:02:11] Ping 시간 체크2-18403094
[14:02:11] 정기차량 알람정보 전송: 박동섭^^경기06로1490^
[14:02:11] 정기차량처리: 경기06로1490, 
[14:02:16] LPR 11 Recv: LPR_N
[14:02:21] LPR 11 Recv: LPR_N
[14:02:26] LPR 11 Recv: LPR_N
[14:02:31] LPR 11 Recv: LPR_N
[14:02:37] LPR 11 Recv: LPR_N
[14:02:42] LPR 11 Recv: LPR_N
[14:02:47] LPR 11 Recv: LPR_N
[14:02:52] LPR 11 Recv: LPR_N
[14:02:57] LPR 11 Recv: LPR_N
[14:02:57] LPR 11 Recv: CH1#16로1490#N#\2017\04\07\CH1_20170407140257_16로1490.jpg
[14:02:57] LPR Check: 16로1490, http://172.16.82.1:9080/MSImage/2017/04/07/CH1_20170407140257_16로1490.jpg, 1,,,0, 2017-04-07 14:02:57
[14:02:57] File: \\172.16.82.1\MSImage\2017\04\07\CH1_20170407140257_16로1490.jpg
[14:02:57] 정기차량시작: 16로1490, 
[14:02:57] Ping 시간 체크1-18450846
[14:02:57] Ping 시간 체크2-18450846
[14:02:57] 입구차단기 Open
[14:02:57] Ping 시간 체크1-18450846
[14:02:57] Ping 시간 체크2-18450862
[14:02:59] TfrmMainNew.AlarmProc: Socket Error # 10061
Connection refused.
[14:02:59] Ping 시간 체크1-18451985
[14:02:59] Ping 시간 체크2-18451985
[14:02:59] 정기차량 알람정보 전송: 박동섭^^16로1490^
[14:02:59] 정기차량처리: 16로1490, 
[14:03:02] LPR 11 Recv: LPR_N
[14:03:08] LPR 11 Recv: LPR_N
[14:03:13] LPR 11 Recv: LPR_N
[14:03:18] LPR 11 Recv: LPR_N
[14:03:23] LPR 11 Recv: LPR_N
[14:03:28] LPR 11 Recv: LPR_N
[14:03:32] LPR 11 Recv: CH1#16로1490#N#\2017\04\07\CH1_20170407140332_16로1490.jpg
[14:03:32] LPR Check: 16로1490, http://172.16.82.1:9080/MSImage/2017/04/07/CH1_20170407140332_16로1490.jpg, 1,,,0, 2017-04-07 14:03:32
[14:03:32] File: \\172.16.82.1\MSImage\2017\04\07\CH1_20170407140332_16로1490.jpg
[14:03:32] 일반차량: 16로1490, 
[14:03:32] Ping 시간 체크1-18485759
[14:03:32] Ping 시간 체크2-18485759
[14:03:32] 입구차단기 Open
[14:03:32] 일반차량입차: 16로1490, 
[14:03:34] LPR 11 Recv: LPR_N
[14:03:39] LPR 11 Recv: LPR_N
[14:03:42] LPR 11 Recv: CH1#06로1490#N#\2017\04\07\CH1_20170407140342_06로1490.jpg
[14:03:42] LPR Check: 06로1490, http://172.16.82.1:9080/MSImage/2017/04/07/CH1_20170407140342_06로1490.jpg, 1,,,0, 2017-04-07 14:03:42
[14:03:42] File: \\172.16.82.1\MSImage\2017\04\07\CH1_20170407140342_06로1490.jpg
[14:03:42] 정기차량시작: 06로1490, 
[14:03:42] Ping 시간 체크1-18495837
[14:03:42] Ping 시간 체크2-18495837
[14:03:42] 입구차단기 Open
[14:03:42] Ping 시간 체크1-18495837
[14:03:42] Ping 시간 체크2-18495837
[14:03:44] TfrmMainNew.AlarmProc: Socket Error # 10061
Connection refused.
[14:03:44] Ping 시간 체크1-18496976
[14:03:44] Ping 시간 체크2-18496976
[14:03:44] 정기차량 알람정보 전송: 박동섭^^06로1490^
[14:03:44] 정기차량처리: 06로1490, 
[14:03:45] LPR 11 Recv: LPR_N
[14:03:50] LPR 11 Recv: LPR_N
[14:03:55] LPR 11 Recv: LPR_N
[14:04:00] LPR 11 Recv: LPR_N
[14:04:06] LPR 11 Recv: LPR_N
[14:04:11] LPR 11 Recv: LPR_N
[14:04:16] LPR 11 Recv: LPR_N
[14:04:22] LPR 11 Recv: LPR_N
[14:04:27] LPR 11 Recv: LPR_N
[14:04:32] LPR 11 Recv: LPR_N
[14:04:37] LPR 11 Recv: LPR_N
[14:04:43] LPR 11 Recv: LPR_N
[14:04:48] LPR 11 Recv: LPR_N
[14:04:53] LPR 11 Recv: LPR_N
[14:04:58] LPR 11 Recv: LPR_N
[14:05:04] LPR 11 Recv: LPR_N
[14:05:09] LPR 11 Recv: LPR_N
[14:05:14] LPR 11 Recv: LPR_N
[14:05:20] LPR 11 Recv: LPR_N
[14:05:25] LPR 11 Recv: LPR_N
[14:05:30] LPR 11 Recv: LPR_N
[14:05:35] LPR 11 Recv: LPR_N
[14:05:41] LPR 11 Recv: LPR_N
[14:05:46] LPR 11 Recv: LPR_N
[14:05:52] LPR 11 Recv: LPR_N
[14:05:57] LPR 11 Recv: LPR_N
[14:06:02] LPR 11 Recv: LPR_N
[14:06:07] LPR 11 Recv: LPR_N
[14:06:12] LPR 11 Recv: LPR_N
[14:06:18] LPR 11 Recv: LPR_N
[14:06:23] LPR 11 Recv: LPR_N
[14:06:28] LPR 11 Recv: LPR_N
[14:06:34] LPR 11 Recv: LPR_N
[14:06:39] LPR 11 Recv: LPR_N
[14:06:44] LPR 11 Recv: LPR_N
[14:06:49] LPR 11 Recv: LPR_N
[14:06:50] LPR 11 Recv: CH1#06로1490#N#\2017\04\07\CH1_20170407140650_06로1490.jpg
[14:06:50] LPR Check: 06로1490, http://172.16.82.1:9080/MSImage/2017/04/07/CH1_20170407140650_06로1490.jpg, 1,,,0, 2017-04-07 14:06:50
[14:06:50] File: \\172.16.82.1\MSImage\2017\04\07\CH1_20170407140650_06로1490.jpg
[14:06:50] 정기차량시작: 06로1490, 
[14:06:50] Ping 시간 체크1-18684083
[14:06:50] Ping 시간 체크2-18684083
[14:06:50] 입구차단기 Open
[14:06:50] Ping 시간 체크1-18684083
[14:06:50] Ping 시간 체크2-18684099
[14:06:51] TfrmMainNew.AlarmProc: Socket Error # 10061
Connection refused.
[14:06:51] Ping 시간 체크1-18685222
[14:06:51] Ping 시간 체크2-18685222
[14:06:51] 정기차량 알람정보 전송: 박동섭^^06로1490^
[14:06:51] 정기차량처리: 06로1490, 
[14:06:54] LPR 11 Recv: LPR_N
[14:07:00] LPR 11 Recv: LPR_N
[14:07:05] LPR 11 Recv: LPR_N
[14:07:10] LPR 11 Recv: LPR_N
[14:07:15] LPR 11 Recv: LPR_N
[14:07:21] LPR 11 Recv: LPR_N
[14:07:26] LPR 11 Recv: LPR_N
[14:07:31] LPR 11 Recv: LPR_N
[14:07:37] LPR 11 Recv: LPR_N
[14:07:42] LPR 11 Recv: LPR_N
[14:07:47] LPR 11 Recv: LPR_N
[14:07:52] LPR 11 Recv: LPR_N
[14:07:58] LPR 11 Recv: LPR_N
[14:08:03] LPR 11 Recv: LPR_N
[14:08:08] LPR 11 Recv: LPR_N
[14:08:14] LPR 11 Recv: LPR_N
[14:08:19] LPR 11 Recv: LPR_N
[14:08:24] LPR 11 Recv: LPR_N
[14:08:29] LPR 11 Recv: LPR_N
[14:08:35] LPR 11 Recv: LPR_N
[14:08:40] LPR 11 Recv: LPR_N
[14:08:45] LPR 11 Recv: LPR_N
[14:08:46] LPR 11 Recv: CH1#06로1490#N#\2017\04\07\CH1_20170407140846_06로1490.jpg
[14:08:46] LPR Check: 06로1490, http://172.16.82.1:9080/MSImage/2017/04/07/CH1_20170407140846_06로1490.jpg, 1,,,0, 2017-04-07 14:08:46
[14:08:46] File: \\172.16.82.1\MSImage\2017\04\07\CH1_20170407140846_06로1490.jpg
[14:08:46] 정기차량시작: 06로1490, 
[14:08:46] Ping 시간 체크1-18800663
[14:08:46] Ping 시간 체크2-18800663
[14:08:46] 입구차단기 Open
[14:08:46] Ping 시간 체크1-18800663
[14:08:47] Ping 시간 체크2-18801084
[14:08:47] 정기차량 알람정보 전송시 네트워크 오류!172.16.92.1
[14:08:47] Ping 시간 체크1-18801084
[14:08:47] Ping 시간 체크2-18801084
[14:08:47] 정기차량 알람정보 전송: 박동섭^^06로1490^
[14:08:47] 정기차량처리: 06로1490, 
[14:08:50] LPR 11 Recv: LPR_N
[14:08:55] LPR 11 Recv: LPR_N
[14:09:00] LPR 11 Recv: LPR_N
[14:09:05] LPR 11 Recv: LPR_N
[14:09:11] LPR 11 Recv: LPR_N
[14:09:16] LPR 11 Recv: LPR_N
[14:09:22] LPR 11 Recv: LPR_N
[14:09:27] LPR 11 Recv: LPR_N
[14:09:32] LPR 11 Recv: LPR_N
[14:09:37] LPR 11 Recv: LPR_N
[14:09:43] LPR 11 Recv: LPR_N
[14:09:48] LPR 11 Recv: LPR_N
[14:09:53] LPR 11 Recv: LPR_N
[14:09:58] LPR 11 Recv: LPR_N
[14:10:03] LPR 11 Recv: LPR_N
[14:10:09] LPR 11 Recv: LPR_N
[14:10:14] LPR 11 Recv: LPR_N
[14:10:20] LPR 11 Recv: LPR_N
[14:10:25] LPR 11 Recv: LPR_N
[14:10:30] LPR 11 Recv: LPR_N
[14:10:35] LPR 11 Recv: LPR_N
[14:10:41] LPR 11 Recv: LPR_N
[14:10:46] LPR 11 Recv: LPR_N
[14:10:52] LPR 11 Recv: LPR_N
[14:10:57] LPR 11 Recv: LPR_N
[14:11:02] LPR 11 Recv: LPR_N
[14:11:07] LPR 11 Recv: LPR_N
[14:11:12] LPR 11 Recv: LPR_N
[14:11:18] LPR 11 Recv: LPR_N
[14:11:23] LPR 11 Recv: LPR_N
[14:11:28] LPR 11 Recv: LPR_N
[14:11:34] LPR 11 Recv: LPR_N
[14:11:39] LPR 11 Recv: LPR_N
[14:11:44] LPR 11 Recv: LPR_N
[14:11:50] LPR 11 Recv: LPR_N
[14:11:55] LPR 11 Recv: LPR_N
[14:12:00] LPR 11 Recv: LPR_N
[14:12:05] LPR 11 Recv: LPR_N
[14:12:10] LPR 11 Recv: LPR_N
[14:12:16] LPR 11 Recv: LPR_N
[14:12:21] LPR 11 Recv: LPR_N
[14:12:27] LPR 11 Recv: LPR_N
[14:12:32] LPR 11 Recv: LPR_N
[14:12:37] LPR 11 Recv: LPR_N
[14:12:42] LPR 11 Recv: LPR_N
[14:12:48] LPR 11 Recv: LPR_N
[14:12:53] LPR 11 Recv: LPR_N
[14:12:58] LPR 11 Recv: LPR_N
[14:13:03] LPR 11 Recv: LPR_N
[14:13:09] LPR 11 Recv: LPR_N
[14:13:14] LPR 11 Recv: LPR_N
[14:13:19] LPR 11 Recv: LPR_N
[14:13:25] LPR 11 Recv: LPR_N
[14:13:30] LPR 11 Recv: LPR_N
[14:13:35] LPR 11 Recv: LPR_N
[14:13:40] LPR 11 Recv: LPR_N
[14:13:46] LPR 11 Recv: LPR_N
[14:13:51] LPR 11 Recv: LPR_N
[14:13:56] LPR 11 Recv: LPR_N
[14:14:02] LPR 11 Recv: LPR_N
[14:14:07] LPR 11 Recv: LPR_N
[14:14:12] LPR 11 Recv: LPR_N
[14:14:17] LPR 11 Recv: LPR_N
[14:14:23] LPR 11 Recv: LPR_N
[14:14:28] LPR 11 Recv: LPR_N
[14:14:34] LPR 11 Recv: LPR_N
[14:14:39] LPR 11 Recv: LPR_N
[14:14:44] LPR 11 Recv: LPR_N
[14:14:49] LPR 11 Recv: LPR_N
[14:14:54] LPR 11 Recv: LPR_N
[14:15:00] LPR 11 Recv: LPR_N
[14:15:05] LPR 11 Recv: LPR_N
[14:15:11] LPR 11 Recv: LPR_N
[14:15:16] LPR 11 Recv: LPR_N
[14:15:21] LPR 11 Recv: LPR_N
[14:15:26] LPR 11 Recv: LPR_N
[14:15:32] LPR 11 Recv: LPR_N
[14:15:37] LPR 11 Recv: LPR_N
[14:15:42] LPR 11 Recv: LPR_N
[14:15:47] LPR 11 Recv: LPR_N
[14:15:53] LPR 11 Recv: LPR_N
[14:15:58] LPR 11 Recv: LPR_N
[14:16:03] LPR 11 Recv: LPR_N
[14:16:09] LPR 11 Recv: LPR_N
[14:16:14] LPR 11 Recv: LPR_N
[14:16:19] LPR 11 Recv: LPR_N
[14:16:24] LPR 11 Recv: LPR_N
[14:16:30] LPR 11 Recv: LPR_N
[14:16:35] LPR 11 Recv: LPR_N
[14:16:41] LPR 11 Recv: LPR_N
[14:16:46] LPR 11 Recv: LPR_N
[14:16:51] LPR 11 Recv: LPR_N
[14:16:56] LPR 11 Recv: LPR_N
[14:17:01] LPR 11 Recv: LPR_N
[14:17:07] LPR 11 Recv: LPR_N
[14:17:12] LPR 11 Recv: LPR_N
[14:17:17] LPR 11 Recv: LPR_N
[14:17:22] LPR 11 Recv: LPR_N
[14:17:28] LPR 11 Recv: LPR_N
[14:17:33] LPR 11 Recv: LPR_N
[14:17:39] LPR 11 Recv: LPR_N
[14:17:44] LPR 11 Recv: LPR_N
[14:17:49] LPR 11 Recv: LPR_N
[14:17:54] LPR 11 Recv: LPR_N
[14:17:59] LPR 11 Recv: LPR_N
[14:18:05] LPR 11 Recv: LPR_N
[14:18:10] LPR 11 Recv: LPR_N
[14:18:16] LPR 11 Recv: LPR_N
[14:18:21] LPR 11 Recv: LPR_N
[14:18:26] LPR 11 Recv: LPR_N
[14:18:31] LPR 11 Recv: LPR_N
[14:18:37] LPR 11 Recv: LPR_N
[14:18:42] LPR 11 Recv: LPR_N
[14:18:47] LPR 11 Recv: LPR_N
[14:18:52] LPR 11 Recv: LPR_N
[14:18:57] LPR 11 Recv: LPR_N
[14:19:03] LPR 11 Recv: LPR_N
[14:19:08] LPR 11 Recv: LPR_N
[14:19:14] LPR 11 Recv: LPR_N
[14:19:19] LPR 11 Recv: LPR_N
[14:19:24] LPR 11 Recv: LPR_N
[14:19:29] LPR 11 Recv: LPR_N
[14:19:35] LPR 11 Recv: LPR_N
[14:19:40] LPR 11 Recv: LPR_N
[14:19:45] LPR 11 Recv: LPR_N
[14:19:51] LPR 11 Recv: LPR_N
[14:19:56] LPR 11 Recv: LPR_N
[14:20:01] LPR 11 Recv: LPR_N
[14:20:06] LPR 11 Recv: LPR_N
[14:20:12] LPR 11 Recv: LPR_N
[14:20:17] LPR 11 Recv: LPR_N
[14:20:22] LPR 11 Recv: LPR_N
[14:20:27] LPR 11 Recv: LPR_N
[14:20:33] LPR 11 Recv: LPR_N
[14:20:38] LPR 11 Recv: LPR_N
[14:20:43] LPR 11 Recv: LPR_N
[14:20:49] LPR 11 Recv: LPR_N
[14:20:54] LPR 11 Recv: LPR_N
[14:20:59] LPR 11 Recv: LPR_N
[14:21:04] LPR 11 Recv: LPR_N
[14:21:10] LPR 11 Recv: LPR_N
[14:21:15] LPR 11 Recv: LPR_N
[14:21:21] LPR 11 Recv: LPR_N
[14:21:26] LPR 11 Recv: LPR_N
[14:21:31] LPR 11 Recv: LPR_N
[14:21:36] LPR 11 Recv: LPR_N
[14:21:41] LPR 11 Recv: LPR_N
[14:21:47] LPR 11 Recv: LPR_N
[14:21:52] LPR 11 Recv: LPR_N
[14:21:57] LPR 11 Recv: LPR_N
[14:22:02] LPR 11 Recv: LPR_N
[14:22:08] LPR 11 Recv: LPR_N
[14:22:13] LPR 11 Recv: LPR_N
[14:22:19] LPR 11 Recv: LPR_N
[14:22:24] LPR 11 Recv: LPR_N
[14:22:29] LPR 11 Recv: LPR_N
[14:22:34] LPR 11 Recv: LPR_N
[14:22:39] LPR 11 Recv: LPR_N
[14:22:45] LPR 11 Recv: LPR_N
[14:22:50] LPR 11 Recv: LPR_N
[14:22:56] LPR 11 Recv: LPR_N
[14:23:01] LPR 11 Recv: LPR_N
[14:23:06] LPR 11 Recv: LPR_N
[14:23:11] LPR 11 Recv: LPR_N
[14:23:17] LPR 11 Recv: LPR_N
[14:23:22] LPR 11 Recv: LPR_N
[14:23:27] LPR 11 Recv: LPR_N
[14:23:32] LPR 11 Recv: LPR_N
[14:23:38] LPR 11 Recv: LPR_N
[14:23:43] LPR 11 Recv: LPR_N
[14:23:48] LPR 11 Recv: LPR_N
[14:23:54] LPR 11 Recv: LPR_N
[14:23:59] LPR 11 Recv: LPR_N
[14:24:04] LPR 11 Recv: LPR_N
[14:24:09] LPR 11 Recv: LPR_N
[14:24:15] LPR 11 Recv: LPR_N
[14:24:20] LPR 11 Recv: LPR_N
[14:24:26] LPR 11 Recv: LPR_N
[14:24:31] LPR 11 Recv: LPR_N
[14:24:36] LPR 11 Recv: LPR_N
[14:24:41] LPR 11 Recv: LPR_N
[14:24:46] LPR 11 Recv: LPR_N
[14:24:52] LPR 11 Recv: LPR_N
[14:24:57] LPR 11 Recv: LPR_N
[14:25:02] LPR 11 Recv: LPR_N
[14:25:08] LPR 11 Recv: LPR_N
[14:25:13] LPR 11 Recv: LPR_N
[14:25:18] LPR 11 Recv: LPR_N
[14:25:24] LPR 11 Recv: LPR_N
[14:25:29] LPR 11 Recv: LPR_N
[14:25:34] LPR 11 Recv: LPR_N
[14:25:39] LPR 11 Recv: LPR_N
[14:25:44] LPR 11 Recv: LPR_N
[14:25:50] LPR 11 Recv: LPR_N
[14:25:55] LPR 11 Recv: LPR_N
[14:26:01] LPR 11 Recv: LPR_N
[14:26:06] LPR 11 Recv: LPR_N
[14:26:11] LPR 11 Recv: LPR_N
[14:26:16] LPR 11 Recv: LPR_N
[14:26:22] LPR 11 Recv: LPR_N
[14:26:27] LPR 11 Recv: LPR_N
[14:26:32] LPR 11 Recv: LPR_N
[14:26:38] LPR 11 Recv: LPR_N
[14:26:43] LPR 11 Recv: LPR_N
[14:26:48] LPR 11 Recv: LPR_N
[14:26:53] LPR 11 Recv: LPR_N
[14:26:59] LPR 11 Recv: LPR_N
[14:27:04] LPR 11 Recv: LPR_N
[14:27:09] LPR 11 Recv: LPR_N
[14:27:14] LPR 11 Recv: LPR_N
[14:27:20] LPR 11 Recv: LPR_N
[14:27:25] LPR 11 Recv: LPR_N
[14:27:30] LPR 11 Recv: LPR_N
[14:27:36] LPR 11 Recv: LPR_N
[14:27:41] LPR 11 Recv: LPR_N
[14:27:46] LPR 11 Recv: LPR_N
[14:27:51] LPR 11 Recv: LPR_N
[14:27:57] LPR 11 Recv: LPR_N
[14:28:02] LPR 11 Recv: LPR_N
[14:28:08] LPR 11 Recv: LPR_N
[14:28:13] LPR 11 Recv: LPR_N
[14:28:18] LPR 11 Recv: LPR_N
[14:28:23] LPR 11 Recv: LPR_N
[14:28:28] LPR 11 Recv: LPR_N
[14:28:34] LPR 11 Recv: LPR_N
[14:28:39] LPR 11 Recv: LPR_N
[14:28:45] LPR 11 Recv: LPR_N
[14:28:50] LPR 11 Recv: LPR_N
[14:28:55] LPR 11 Recv: LPR_N
[14:29:00] LPR 11 Recv: LPR_N
[14:29:06] LPR 11 Recv: LPR_N
[14:29:11] LPR 11 Recv: LPR_N
[14:29:16] LPR 11 Recv: LPR_N
[14:29:22] LPR 11 Recv: LPR_N
[14:29:27] LPR 11 Recv: LPR_N
[14:29:32] LPR 11 Recv: LPR_N
[14:29:37] LPR 11 Recv: LPR_N
[14:29:43] LPR 11 Recv: LPR_N
[14:29:48] LPR 11 Recv: LPR_N
[14:29:53] LPR 11 Recv: LPR_N
[14:29:58] LPR 11 Recv: LPR_N
[14:30:04] LPR 11 Recv: LPR_N
[14:30:09] LPR 11 Recv: LPR_N
[14:30:15] LPR 11 Recv: LPR_N
[14:30:20] LPR 11 Recv: LPR_N
[14:30:25] LPR 11 Recv: LPR_N
[14:30:30] LPR 11 Recv: LPR_N
[14:30:35] LPR 11 Recv: LPR_N
[14:30:41] LPR 11 Recv: LPR_N
[14:30:46] LPR 11 Recv: LPR_N
[14:30:52] LPR 11 Recv: LPR_N
[14:30:57] LPR 11 Recv: LPR_N
[14:31:02] LPR 11 Recv: LPR_N
[14:31:07] LPR 11 Recv: LPR_N
[14:31:13] LPR 11 Recv: LPR_N
[14:31:18] LPR 11 Recv: LPR_N
[14:31:23] LPR 11 Recv: LPR_N
[14:31:29] LPR 11 Recv: LPR_N
[14:31:34] LPR 11 Recv: LPR_N
[14:31:39] LPR 11 Recv: LPR_N
[14:31:44] LPR 11 Recv: LPR_N
[14:31:50] LPR 11 Recv: LPR_N
[14:31:55] LPR 11 Recv: LPR_N
[14:32:00] LPR 11 Recv: LPR_N
[14:32:06] LPR 11 Recv: LPR_N
[14:32:11] LPR 11 Recv: LPR_N
[14:32:16] LPR 11 Recv: LPR_N
[14:32:21] LPR 11 Recv: LPR_N
[14:32:27] LPR 11 Recv: LPR_N
[14:32:32] LPR 11 Recv: LPR_N
[14:32:37] LPR 11 Recv: LPR_N
[14:32:42] LPR 11 Recv: LPR_N
[14:32:48] LPR 11 Recv: LPR_N
[14:32:53] LPR 11 Recv: LPR_N
[14:32:59] LPR 11 Recv: LPR_N
[14:33:04] LPR 11 Recv: LPR_N
[14:33:09] LPR 11 Recv: LPR_N
[14:33:14] LPR 11 Recv: LPR_N
[14:33:19] LPR 11 Recv: LPR_N
[14:33:25] LPR 11 Recv: LPR_N
[14:33:30] LPR 11 Recv: LPR_N
[14:33:36] LPR 11 Recv: LPR_N
[14:33:41] LPR 11 Recv: LPR_N
[14:33:46] LPR 11 Recv: LPR_N
[14:33:51] LPR 11 Recv: LPR_N
[14:33:57] LPR 11 Recv: LPR_N
[14:34:02] LPR 11 Recv: LPR_N
[14:34:07] LPR 11 Recv: LPR_N
[14:34:13] LPR 11 Recv: LPR_N
[14:34:18] LPR 11 Recv: LPR_N
[14:34:23] LPR 11 Recv: LPR_N
[14:34:28] LPR 11 Recv: LPR_N
[14:34:34] LPR 11 Recv: LPR_N
[14:34:39] LPR 11 Recv: LPR_N
[14:34:44] LPR 11 Recv: LPR_N
[14:34:49] LPR 11 Recv: LPR_N
[14:34:55] LPR 11 Recv: LPR_N
[14:35:00] LPR 11 Recv: LPR_N
[14:35:06] LPR 11 Recv: LPR_N
[14:35:11] LPR 11 Recv: LPR_N
[14:35:16] LPR 11 Recv: LPR_N
[14:35:21] LPR 11 Recv: LPR_N
[14:35:26] LPR 11 Recv: LPR_N
[14:35:32] LPR 11 Recv: LPR_N
[14:35:37] LPR 11 Recv: LPR_N
[14:35:43] LPR 11 Recv: LPR_N
[14:35:48] LPR 11 Recv: LPR_N
[14:35:53] LPR 11 Recv: LPR_N
[14:35:58] LPR 11 Recv: LPR_N
[14:36:04] LPR 11 Recv: LPR_N
[14:36:09] LPR 11 Recv: LPR_N
[14:36:14] LPR 11 Recv: LPR_N
[14:36:20] LPR 11 Recv: LPR_N
[14:36:25] LPR 11 Recv: LPR_N
[14:36:30] LPR 11 Recv: LPR_N
[14:36:35] LPR 11 Recv: LPR_N
[14:36:41] LPR 11 Recv: LPR_N
[14:36:46] LPR 11 Recv: LPR_N
[14:36:52] LPR 11 Recv: LPR_N
[14:36:57] LPR 11 Recv: LPR_N
[14:37:02] LPR 11 Recv: LPR_N
[14:37:07] LPR 11 Recv: LPR_N
[14:37:12] LPR 11 Recv: LPR_N
[14:37:18] LPR 11 Recv: LPR_N
[14:37:23] LPR 11 Recv: LPR_N
[14:37:28] LPR 11 Recv: LPR_N
[14:37:34] LPR 11 Recv: LPR_N
[14:37:39] LPR 11 Recv: LPR_N
[14:37:44] LPR 11 Recv: LPR_N
[14:37:50] LPR 11 Recv: LPR_N
[14:37:55] LPR 11 Recv: LPR_N
[14:38:00] LPR 11 Recv: LPR_N
[14:38:05] LPR 11 Recv: LPR_N
[14:38:10] LPR 11 Recv: LPR_N
[14:38:16] LPR 11 Recv: LPR_N
[14:38:21] LPR 11 Recv: LPR_N
[14:38:27] LPR 11 Recv: LPR_N
[14:38:32] LPR 11 Recv: LPR_N
[14:38:37] LPR 11 Recv: LPR_N
[14:38:42] LPR 11 Recv: LPR_N
[14:38:48] LPR 11 Recv: LPR_N
[14:38:53] LPR 11 Recv: LPR_N
[14:38:59] LPR 11 Recv: LPR_N
[14:39:04] LPR 11 Recv: LPR_N
[14:39:09] LPR 11 Recv: LPR_N
[14:39:14] LPR 11 Recv: LPR_N
[14:39:19] LPR 11 Recv: LPR_N
[14:39:25] LPR 11 Recv: LPR_N
[14:39:30] LPR 11 Recv: LPR_N
[14:39:36] LPR 11 Recv: LPR_N
[14:39:41] LPR 11 Recv: LPR_N
[14:39:46] LPR 11 Recv: LPR_N
[14:39:51] LPR 11 Recv: LPR_N
[14:39:57] LPR 11 Recv: LPR_N
[14:40:02] LPR 11 Recv: LPR_N
[14:40:07] LPR 11 Recv: LPR_N
[14:40:12] LPR 11 Recv: LPR_N
[14:40:18] LPR 11 Recv: LPR_N
[14:40:23] LPR 11 Recv: LPR_N
[14:40:28] LPR 11 Recv: LPR_N
[14:40:34] LPR 11 Recv: LPR_N
[14:40:39] LPR 11 Recv: LPR_N
[14:40:44] LPR 11 Recv: LPR_N
[14:40:49] LPR 11 Recv: LPR_N
[14:40:55] LPR 11 Recv: LPR_N
[14:41:00] LPR 11 Recv: LPR_N
[14:41:05] LPR 11 Recv: LPR_N
[14:41:11] LPR 11 Recv: LPR_N
[14:41:16] LPR 11 Recv: LPR_N
[14:41:21] LPR 11 Recv: LPR_N
[14:41:26] LPR 11 Recv: LPR_N
[14:41:32] LPR 11 Recv: LPR_N
[14:41:37] LPR 11 Recv: LPR_N
[14:41:43] LPR 11 Recv: LPR_N
[14:41:48] LPR 11 Recv: LPR_N
[14:41:53] LPR 11 Recv: LPR_N
[14:41:58] LPR 11 Recv: LPR_N
[14:42:03] LPR 11 Recv: LPR_N
[14:42:09] LPR 11 Recv: LPR_N
[14:42:14] LPR 11 Recv: LPR_N
[14:42:20] LPR 11 Recv: LPR_N
[14:42:25] LPR 11 Recv: LPR_N
[14:42:30] LPR 11 Recv: LPR_N
[14:42:35] LPR 11 Recv: LPR_N
[14:42:41] LPR 11 Recv: LPR_N
[14:42:46] LPR 11 Recv: LPR_N
[14:42:51] LPR 11 Recv: LPR_N
[14:42:57] LPR 11 Recv: LPR_N
[14:43:02] LPR 11 Recv: LPR_N
[14:43:07] LPR 11 Recv: LPR_N
[14:43:12] LPR 11 Recv: LPR_N
[14:43:18] LPR 11 Recv: LPR_N
[14:43:23] LPR 11 Recv: LPR_N
[14:43:28] LPR 11 Recv: LPR_N
[14:43:34] LPR 11 Recv: LPR_N
[14:43:39] LPR 11 Recv: LPR_N
[14:43:44] LPR 11 Recv: LPR_N
[14:43:50] LPR 11 Recv: LPR_N
[14:43:55] LPR 11 Recv: LPR_N
[14:44:00] LPR 11 Recv: LPR_N
[14:44:05] LPR 11 Recv: LPR_N
[14:44:10] LPR 11 Recv: LPR_N
[14:44:16] LPR 11 Recv: LPR_N
[14:44:21] LPR 11 Recv: LPR_N
[14:44:27] LPR 11 Recv: LPR_N
[14:44:32] LPR 11 Recv: LPR_N
[14:44:37] LPR 11 Recv: LPR_N
[14:44:42] LPR 11 Recv: LPR_N
[14:44:48] LPR 11 Recv: LPR_N
[14:44:53] LPR 11 Recv: LPR_N
[14:44:58] LPR 11 Recv: LPR_N
[14:45:04] LPR 11 Recv: LPR_N
[14:45:09] LPR 11 Recv: LPR_N
[14:45:14] LPR 11 Recv: LPR_N
[14:45:19] LPR 11 Recv: LPR_N
[14:45:25] LPR 11 Recv: LPR_N
[14:45:30] LPR 11 Recv: LPR_N
[14:45:35] LPR 11 Recv: LPR_N
[14:45:41] LPR 11 Recv: LPR_N
[14:45:46] LPR 11 Recv: LPR_N
[14:45:51] LPR 11 Recv: LPR_N
[14:45:56] LPR 11 Recv: LPR_N
[14:46:02] LPR 11 Recv: LPR_N
[14:46:07] LPR 11 Recv: LPR_N
[14:46:12] LPR 11 Recv: LPR_N
[14:46:18] LPR 11 Recv: LPR_N
[14:46:23] LPR 11 Recv: LPR_N
[14:46:28] LPR 11 Recv: LPR_N
[14:46:34] LPR 11 Recv: LPR_N
[14:46:39] LPR 11 Recv: LPR_N
[14:46:44] LPR 11 Recv: LPR_N
[14:46:49] LPR 11 Recv: LPR_N
[14:46:54] LPR 11 Recv: LPR_N
[14:47:00] LPR 11 Recv: LPR_N
[14:47:05] LPR 11 Recv: LPR_N
[14:47:11] LPR 11 Recv: LPR_N
[14:47:16] LPR 11 Recv: LPR_N
[14:47:21] LPR 11 Recv: LPR_N
[14:47:26] LPR 11 Recv: LPR_N
[14:47:32] LPR 11 Recv: LPR_N
[14:47:37] LPR 11 Recv: LPR_N
[14:47:43] LPR 11 Recv: LPR_N
[14:47:48] LPR 11 Recv: LPR_N
[14:47:53] LPR 11 Recv: LPR_N
[14:47:58] LPR 11 Recv: LPR_N
[14:48:03] LPR 11 Recv: LPR_N
[14:48:09] LPR 11 Recv: LPR_N
[14:48:14] LPR 11 Recv: LPR_N
[14:48:19] LPR 11 Recv: LPR_N
[14:48:25] LPR 11 Recv: LPR_N
[14:48:30] LPR 11 Recv: LPR_N
[14:48:35] LPR 11 Recv: LPR_N
[14:48:41] LPR 11 Recv: LPR_N
[14:48:46] LPR 11 Recv: LPR_N
[14:48:51] LPR 11 Recv: LPR_N
[14:48:56] LPR 11 Recv: LPR_N
[14:49:01] LPR 11 Recv: LPR_N
[14:49:07] LPR 11 Recv: LPR_N
[14:49:12] LPR 11 Recv: LPR_N
[14:49:18] LPR 11 Recv: LPR_N
[14:49:23] LPR 11 Recv: LPR_N
[14:49:28] LPR 11 Recv: LPR_N
[14:49:33] LPR 11 Recv: LPR_N
[14:49:39] LPR 11 Recv: LPR_N
[14:49:44] LPR 11 Recv: LPR_N
[14:49:49] LPR 11 Recv: LPR_N
[14:49:55] LPR 11 Recv: LPR_N
[14:50:00] LPR 11 Recv: LPR_N
[14:50:05] LPR 11 Recv: LPR_N
[14:50:10] LPR 11 Recv: LPR_N
[14:50:16] LPR 11 Recv: LPR_N
[14:50:21] LPR 11 Recv: LPR_N
[14:50:27] LPR 11 Recv: LPR_N
[14:50:32] LPR 11 Recv: LPR_N
[14:50:37] LPR 11 Recv: LPR_N
[14:50:42] LPR 11 Recv: LPR_N
[14:50:47] LPR 11 Recv: LPR_N
[14:50:53] LPR 11 Recv: LPR_N
[14:50:58] LPR 11 Recv: LPR_N
[14:51:04] LPR 11 Recv: LPR_N
[14:51:09] LPR 11 Recv: LPR_N
[14:51:14] LPR 11 Recv: LPR_N
[14:51:19] LPR 11 Recv: LPR_N
[14:51:25] LPR 11 Recv: LPR_N
[14:51:30] LPR 11 Recv: LPR_N
[14:51:35] LPR 11 Recv: LPR_N
[14:51:40] LPR 11 Recv: LPR_N
[14:51:46] LPR 11 Recv: LPR_N
[14:51:51] LPR 11 Recv: LPR_N
[14:51:56] LPR 11 Recv: LPR_N
[14:52:02] LPR 11 Recv: LPR_N
[14:52:07] LPR 11 Recv: LPR_N
[14:52:12] LPR 11 Recv: LPR_N
[14:52:17] LPR 11 Recv: LPR_N
[14:52:23] LPR 11 Recv: LPR_N
[14:52:28] LPR 11 Recv: LPR_N
[14:52:34] LPR 11 Recv: LPR_N
[14:52:39] LPR 11 Recv: LPR_N
[14:52:44] LPR 11 Recv: LPR_N
[14:52:49] LPR 11 Recv: LPR_N
[14:52:54] LPR 11 Recv: LPR_N
[14:53:00] LPR 11 Recv: LPR_N
[14:53:05] LPR 11 Recv: LPR_N
[14:53:11] LPR 11 Recv: LPR_N
[14:53:16] LPR 11 Recv: LPR_N
[14:53:21] LPR 11 Recv: LPR_N
[14:53:26] LPR 11 Recv: LPR_N
[14:53:32] LPR 11 Recv: LPR_N
[14:53:37] LPR 11 Recv: LPR_N
[14:53:42] LPR 11 Recv: LPR_N
[14:53:48] LPR 11 Recv: LPR_N
[14:53:53] LPR 11 Recv: LPR_N
[14:53:58] LPR 11 Recv: LPR_N
[14:54:03] LPR 11 Recv: LPR_N
[14:54:09] LPR 11 Recv: LPR_N
[14:54:14] LPR 11 Recv: LPR_N
[14:54:19] LPR 11 Recv: LPR_N
[14:54:24] LPR 11 Recv: LPR_N
[14:54:30] LPR 11 Recv: LPR_N
[14:54:35] LPR 11 Recv: LPR_N
[14:54:40] LPR 11 Recv: LPR_N
[14:54:46] LPR 11 Recv: LPR_N
[14:54:51] LPR 11 Recv: LPR_N
[14:54:56] LPR 11 Recv: LPR_N
[14:55:01] LPR 11 Recv: LPR_N
[14:55:07] LPR 11 Recv: LPR_N
[14:55:12] LPR 11 Recv: LPR_N
[14:55:18] LPR 11 Recv: LPR_N
[14:55:23] LPR 11 Recv: LPR_N
[14:55:28] LPR 11 Recv: LPR_N
[14:55:33] LPR 11 Recv: LPR_N
[14:55:38] LPR 11 Recv: LPR_N
[14:55:44] LPR 11 Recv: LPR_N
[14:55:49] LPR 11 Recv: LPR_N
[14:55:55] LPR 11 Recv: LPR_N
[14:56:00] LPR 11 Recv: LPR_N
[14:56:05] LPR 11 Recv: LPR_N
[14:56:10] LPR 11 Recv: LPR_N
[14:56:16] LPR 11 Recv: LPR_N
[14:56:21] LPR 11 Recv: LPR_N
[14:56:26] LPR 11 Recv: LPR_N
[14:56:32] LPR 11 Recv: LPR_N
[14:56:37] LPR 11 Recv: LPR_N
[14:56:42] LPR 11 Recv: LPR_N
[14:56:47] LPR 11 Recv: LPR_N
[14:56:53] LPR 11 Recv: LPR_N
[14:56:58] LPR 11 Recv: LPR_N
[14:57:03] LPR 11 Recv: LPR_N
[14:57:09] LPR 11 Recv: LPR_N
[14:57:14] LPR 11 Recv: LPR_N
[14:57:19] LPR 11 Recv: LPR_N
[14:57:25] LPR 11 Recv: LPR_N
[14:57:30] LPR 11 Recv: LPR_N
[14:57:35] LPR 11 Recv: LPR_N
[14:57:40] LPR 11 Recv: LPR_N
[14:57:45] LPR 11 Recv: LPR_N
[14:57:51] LPR 11 Recv: LPR_N
[14:57:56] LPR 11 Recv: LPR_N
[14:58:02] LPR 11 Recv: LPR_N
[14:58:07] LPR 11 Recv: LPR_N
[14:58:12] LPR 11 Recv: LPR_N
[14:58:17] LPR 11 Recv: LPR_N
[14:58:23] LPR 11 Recv: LPR_N
[14:58:28] LPR 11 Recv: LPR_N
[14:58:33] LPR 11 Recv: LPR_N
[14:58:39] LPR 11 Recv: LPR_N
[14:58:44] LPR 11 Recv: LPR_N
[14:58:49] LPR 11 Recv: LPR_N
[14:58:54] LPR 11 Recv: LPR_N
[14:59:00] LPR 11 Recv: LPR_N
[14:59:05] LPR 11 Recv: LPR_N
[14:59:10] LPR 11 Recv: LPR_N
[14:59:16] LPR 11 Recv: LPR_N
[14:59:21] LPR 11 Recv: LPR_N
[14:59:26] LPR 11 Recv: LPR_N
[14:59:31] LPR 11 Recv: LPR_N
[14:59:37] LPR 11 Recv: LPR_N
[14:59:42] LPR 11 Recv: LPR_N
[14:59:47] LPR 11 Recv: LPR_N
[14:59:52] LPR 11 Recv: LPR_N
[14:59:58] LPR 11 Recv: LPR_N
[15:00:03] LPR 11 Recv: LPR_N
[15:00:09] LPR 11 Recv: LPR_N
[15:00:14] LPR 11 Recv: LPR_N
[15:00:19] LPR 11 Recv: LPR_N
[15:00:24] LPR 11 Recv: LPR_N
[15:00:29] LPR 11 Recv: LPR_N
[15:00:35] LPR 11 Recv: LPR_N
[15:00:40] LPR 11 Recv: LPR_N
[15:00:46] LPR 11 Recv: LPR_N
[15:00:51] LPR 11 Recv: LPR_N
[15:00:56] LPR 11 Recv: LPR_N
[15:01:01] LPR 11 Recv: LPR_N
[15:01:07] LPR 11 Recv: LPR_N
[15:01:12] LPR 11 Recv: LPR_N
[15:01:18] LPR 11 Recv: LPR_N
[15:01:23] LPR 11 Recv: LPR_N
[15:01:28] LPR 11 Recv: LPR_N
[15:01:33] LPR 11 Recv: LPR_N
[15:01:38] LPR 11 Recv: LPR_N
[15:01:44] LPR 11 Recv: LPR_N
[15:01:49] LPR 11 Recv: LPR_N
[15:01:55] LPR 11 Recv: LPR_N
[15:02:00] LPR 11 Recv: LPR_N
[15:02:05] LPR 11 Recv: LPR_N
[15:02:10] LPR 11 Recv: LPR_N
[15:02:16] LPR 11 Recv: LPR_N
[15:02:21] LPR 11 Recv: LPR_N
[15:02:26] LPR 11 Recv: LPR_N
[15:02:31] LPR 11 Recv: LPR_N
[15:02:37] LPR 11 Recv: LPR_N
[15:02:42] LPR 11 Recv: LPR_N
[15:02:47] LPR 11 Recv: LPR_N
[15:02:53] LPR 11 Recv: LPR_N
[15:02:58] LPR 11 Recv: LPR_N
[15:03:03] LPR 11 Recv: LPR_N
[15:03:08] LPR 11 Recv: LPR_N
[15:03:14] LPR 11 Recv: LPR_N
[15:03:19] LPR 11 Recv: LPR_N
[15:03:24] LPR 11 Recv: LPR_N
[15:03:30] LPR 11 Recv: LPR_N
[15:03:35] LPR 11 Recv: LPR_N
[15:03:40] LPR 11 Recv: LPR_N
[15:03:45] LPR 11 Recv: LPR_N
[15:03:51] LPR 11 Recv: LPR_N
[15:03:56] LPR 11 Recv: LPR_N
[15:04:02] LPR 11 Recv: LPR_N
[15:04:07] LPR 11 Recv: LPR_N
[15:04:12] LPR 11 Recv: LPR_N
[15:04:17] LPR 11 Recv: LPR_N
[15:04:22] LPR 11 Recv: LPR_N
[15:04:28] LPR 11 Recv: LPR_N
[15:04:33] LPR 11 Recv: LPR_N
[15:04:38] LPR 11 Recv: LPR_N
[15:04:44] LPR 11 Recv: LPR_N
[15:04:49] LPR 11 Recv: LPR_N
[15:04:54] LPR 11 Recv: LPR_N
[15:05:00] LPR 11 Recv: LPR_N
[15:05:05] LPR 11 Recv: LPR_N
[15:05:10] LPR 11 Recv: LPR_N
[15:05:15] LPR 11 Recv: LPR_N
[15:05:21] LPR 11 Recv: LPR_N
[15:05:26] LPR 11 Recv: LPR_N
[15:05:31] LPR 11 Recv: LPR_N
[15:05:37] LPR 11 Recv: LPR_N
[15:05:42] LPR 11 Recv: LPR_N
[15:05:47] LPR 11 Recv: LPR_N
[15:05:52] LPR 11 Recv: LPR_N
[15:05:58] LPR 11 Recv: LPR_N
[15:06:03] LPR 11 Recv: LPR_N
[15:06:09] LPR 11 Recv: LPR_N
[15:06:14] LPR 11 Recv: LPR_N
[15:06:19] LPR 11 Recv: LPR_N
[15:06:24] LPR 11 Recv: LPR_N
[15:06:29] LPR 11 Recv: LPR_N
[15:06:35] LPR 11 Recv: LPR_N
[15:06:40] LPR 11 Recv: LPR_N
[15:06:46] LPR 11 Recv: LPR_N
[15:06:51] LPR 11 Recv: LPR_N
[15:06:56] LPR 11 Recv: LPR_N
[15:07:01] LPR 11 Recv: LPR_N
[15:07:07] LPR 11 Recv: LPR_N
[15:07:12] LPR 11 Recv: LPR_N
[15:07:17] LPR 11 Recv: LPR_N
[15:07:23] LPR 11 Recv: LPR_N
[15:07:28] LPR 11 Recv: LPR_N
[15:07:33] LPR 11 Recv: LPR_N
[15:07:38] LPR 11 Recv: LPR_N
[15:07:44] LPR 11 Recv: LPR_N
[15:07:49] LPR 11 Recv: LPR_N
[15:07:54] LPR 11 Recv: LPR_N
[15:08:00] LPR 11 Recv: LPR_N
[15:08:05] LPR 11 Recv: LPR_N
[15:08:10] LPR 11 Recv: LPR_N
[15:08:15] LPR 11 Recv: LPR_N
[15:08:21] LPR 11 Recv: LPR_N
[15:08:26] LPR 11 Recv: LPR_N
[15:08:31] LPR 11 Recv: LPR_N
[15:08:37] LPR 11 Recv: LPR_N
[15:08:42] LPR 11 Recv: LPR_N
[15:08:47] LPR 11 Recv: LPR_N
[15:08:53] LPR 11 Recv: LPR_N
[15:08:58] LPR 11 Recv: LPR_N
[15:09:03] LPR 11 Recv: LPR_N
[15:09:08] LPR 11 Recv: LPR_N
[15:09:13] LPR 11 Recv: LPR_N
[15:09:19] LPR 11 Recv: LPR_N
[15:09:24] LPR 11 Recv: LPR_N
[15:09:30] LPR 11 Recv: LPR_N
[15:09:35] LPR 11 Recv: LPR_N
[15:09:40] LPR 11 Recv: LPR_N
[15:09:45] LPR 11 Recv: LPR_N
[15:09:51] LPR 11 Recv: LPR_N
[15:09:56] LPR 11 Recv: LPR_N
[15:10:02] LPR 11 Recv: LPR_N
[15:10:07] LPR 11 Recv: LPR_N
[15:10:12] LPR 11 Recv: LPR_N
[15:10:17] LPR 11 Recv: LPR_N
[15:10:22] LPR 11 Recv: LPR_N
[15:10:28] LPR 11 Recv: LPR_N
[15:10:33] LPR 11 Recv: LPR_N
[15:10:39] LPR 11 Recv: LPR_N
[15:10:44] LPR 11 Recv: LPR_N
[15:10:49] LPR 11 Recv: LPR_N
[15:10:54] LPR 11 Recv: LPR_N
[15:11:00] LPR 11 Recv: LPR_N
[15:11:05] LPR 11 Recv: LPR_N
[15:11:10] LPR 11 Recv: LPR_N
[15:11:16] LPR 11 Recv: LPR_N
[15:11:21] LPR 11 Recv: LPR_N
[15:11:26] LPR 11 Recv: LPR_N
[15:11:31] LPR 11 Recv: LPR_N
[15:11:37] LPR 11 Recv: LPR_N
[15:11:42] LPR 11 Recv: LPR_N
[15:11:47] LPR 11 Recv: LPR_N
[15:11:53] LPR 11 Recv: LPR_N
[15:11:58] LPR 11 Recv: LPR_N
[15:12:03] LPR 11 Recv: LPR_N
[15:12:08] LPR 11 Recv: LPR_N
[15:12:14] LPR 11 Recv: LPR_N
[15:12:19] LPR 11 Recv: LPR_N
[15:12:24] LPR 11 Recv: LPR_N
[15:12:29] LPR 11 Recv: LPR_N
[15:12:35] LPR 11 Recv: LPR_N
[15:12:40] LPR 11 Recv: LPR_N
[15:12:46] LPR 11 Recv: LPR_N
[15:12:51] LPR 11 Recv: LPR_N
[15:12:56] LPR 11 Recv: LPR_N
[15:13:01] LPR 11 Recv: LPR_N
[15:13:06] LPR 11 Recv: LPR_N
[15:13:12] LPR 11 Recv: LPR_N
[15:13:17] LPR 11 Recv: LPR_N
[15:13:23] LPR 11 Recv: LPR_N
[15:13:28] LPR 11 Recv: LPR_N
[15:13:33] LPR 11 Recv: LPR_N
[15:13:38] LPR 11 Recv: LPR_N
[15:13:44] LPR 11 Recv: LPR_N
[15:13:49] LPR 11 Recv: LPR_N
[15:13:55] LPR 11 Recv: LPR_N
[15:14:00] LPR 11 Recv: LPR_N
[15:14:05] LPR 11 Recv: LPR_N
[15:14:10] LPR 11 Recv: LPR_N
[15:14:15] LPR 11 Recv: LPR_N
[15:14:21] LPR 11 Recv: LPR_N
[15:14:26] LPR 11 Recv: LPR_N
[15:14:32] LPR 11 Recv: LPR_N
[15:14:37] LPR 11 Recv: LPR_N
[15:14:42] LPR 11 Recv: LPR_N
[15:14:47] LPR 11 Recv: LPR_N
[15:14:53] LPR 11 Recv: LPR_N
[15:14:58] LPR 11 Recv: LPR_N
[15:15:03] LPR 11 Recv: LPR_N
[15:15:08] LPR 11 Recv: LPR_N
[15:15:14] LPR 11 Recv: LPR_N
[15:15:19] LPR 11 Recv: LPR_N
[15:15:24] LPR 11 Recv: LPR_N
[15:15:30] LPR 11 Recv: LPR_N
[15:15:35] LPR 11 Recv: LPR_N
[15:15:40] LPR 11 Recv: LPR_N
[15:15:46] LPR 11 Recv: LPR_N
[15:15:51] LPR 11 Recv: LPR_N
[15:15:56] LPR 11 Recv: LPR_N
[15:16:01] LPR 11 Recv: LPR_N
[15:16:07] LPR 11 Recv: LPR_N
[15:16:12] LPR 11 Recv: LPR_N
[15:16:17] LPR 11 Recv: LPR_N
[15:16:23] LPR 11 Recv: LPR_N
[15:16:28] LPR 11 Recv: LPR_N
[15:16:33] LPR 11 Recv: LPR_N
[15:16:39] LPR 11 Recv: LPR_N
[15:16:44] LPR 11 Recv: LPR_N
[15:16:49] LPR 11 Recv: LPR_N
[15:16:54] LPR 11 Recv: LPR_N
[15:16:59] LPR 11 Recv: LPR_N
[15:17:05] LPR 11 Recv: LPR_N
[15:17:10] LPR 11 Recv: LPR_N
[15:17:16] LPR 11 Recv: LPR_N
[15:17:21] LPR 11 Recv: LPR_N
[15:17:26] LPR 11 Recv: LPR_N
[15:17:32] LPR 11 Recv: LPR_N
[15:17:37] LPR 11 Recv: LPR_N
[15:17:42] LPR 11 Recv: LPR_N
[15:17:48] LPR 11 Recv: LPR_N
[15:17:53] LPR 11 Recv: LPR_N
[15:17:58] LPR 11 Recv: LPR_N
[15:18:03] LPR 11 Recv: LPR_N
[15:18:08] LPR 11 Recv: LPR_N
[15:18:14] LPR 11 Recv: LPR_N
[15:18:19] LPR 11 Recv: LPR_N
[15:18:25] LPR 11 Recv: LPR_N
[15:18:30] LPR 11 Recv: LPR_N
[15:18:35] LPR 11 Recv: LPR_N
[15:18:40] LPR 11 Recv: LPR_N
[15:18:46] LPR 11 Recv: LPR_N
[15:18:51] LPR 11 Recv: LPR_N
[15:18:56] LPR 11 Recv: LPR_N
[15:19:02] LPR 11 Recv: LPR_N
[15:19:07] LPR 11 Recv: LPR_N
[15:19:12] LPR 11 Recv: LPR_N
[15:19:17] LPR 11 Recv: LPR_N
[15:19:23] LPR 11 Recv: LPR_N
[15:19:28] LPR 11 Recv: LPR_N
[15:19:33] LPR 11 Recv: LPR_N
[15:19:39] LPR 11 Recv: LPR_N
[15:19:44] LPR 11 Recv: LPR_N
[15:19:49] LPR 11 Recv: LPR_N
[15:19:54] LPR 11 Recv: LPR_N
[15:20:00] LPR 11 Recv: LPR_N
[15:20:05] LPR 11 Recv: LPR_N
[15:20:10] LPR 11 Recv: LPR_N
[15:20:15] LPR 11 Recv: LPR_N
[15:20:21] LPR 11 Recv: LPR_N
[15:20:26] LPR 11 Recv: LPR_N
[15:20:32] LPR 11 Recv: LPR_N
[15:20:37] LPR 11 Recv: LPR_N
[15:20:42] LPR 11 Recv: LPR_N
[15:20:47] LPR 11 Recv: LPR_N
[15:20:52] LPR 11 Recv: LPR_N
[15:20:58] LPR 11 Recv: LPR_N
[15:21:03] LPR 11 Recv: LPR_N
[15:21:09] LPR 11 Recv: LPR_N
[15:21:14] LPR 11 Recv: LPR_N
[15:21:19] LPR 11 Recv: LPR_N
[15:21:24] LPR 11 Recv: LPR_N
[15:21:30] LPR 11 Recv: LPR_N
[15:21:35] LPR 11 Recv: LPR_N
[15:21:40] LPR 11 Recv: LPR_N
[15:21:46] LPR 11 Recv: LPR_N
[15:21:51] LPR 11 Recv: LPR_N
[15:21:56] LPR 11 Recv: LPR_N
[15:22:01] LPR 11 Recv: LPR_N
[15:22:07] LPR 11 Recv: LPR_N
[15:22:12] LPR 11 Recv: LPR_N
[15:22:17] LPR 11 Recv: LPR_N
[15:22:23] LPR 11 Recv: LPR_N
[15:22:28] LPR 11 Recv: LPR_N
[15:22:33] LPR 11 Recv: LPR_N
[15:22:39] LPR 11 Recv: LPR_N
[15:22:44] LPR 11 Recv: LPR_N
[15:22:49] LPR 11 Recv: LPR_N
[15:22:54] LPR 11 Recv: LPR_N
[15:22:59] LPR 11 Recv: LPR_N
[15:23:05] LPR 11 Recv: LPR_N
[15:23:10] LPR 11 Recv: LPR_N
[15:23:16] LPR 11 Recv: LPR_N
[15:23:21] LPR 11 Recv: LPR_N
[15:23:26] LPR 11 Recv: LPR_N
[15:23:31] LPR 11 Recv: LPR_N
[15:23:37] LPR 11 Recv: LPR_N
[15:23:42] LPR 11 Recv: LPR_N
[15:23:47] LPR 11 Recv: LPR_N
[15:23:53] LPR 11 Recv: LPR_N
[15:23:58] LPR 11 Recv: LPR_N
[15:24:03] LPR 11 Recv: LPR_N
[15:24:08] LPR 11 Recv: LPR_N
[15:24:14] LPR 11 Recv: LPR_N
[15:24:19] LPR 11 Recv: LPR_N
[15:24:25] LPR 11 Recv: LPR_N
[15:24:30] LPR 11 Recv: LPR_N
[15:24:35] LPR 11 Recv: LPR_N
[15:24:40] LPR 11 Recv: LPR_N
[15:24:45] LPR 11 Recv: LPR_N
[15:24:51] LPR 11 Recv: LPR_N
[15:24:56] LPR 11 Recv: LPR_N
[15:25:01] LPR 11 Recv: LPR_N
[15:25:07] LPR 11 Recv: LPR_N
[15:25:12] LPR 11 Recv: LPR_N
[15:25:17] LPR 11 Recv: LPR_N
[15:25:23] LPR 11 Recv: LPR_N
[15:25:28] LPR 11 Recv: LPR_N
[15:25:33] LPR 11 Recv: LPR_N
[15:25:38] LPR 11 Recv: LPR_N
[15:25:44] LPR 11 Recv: LPR_N
[15:25:49] LPR 11 Recv: LPR_N
[15:25:54] LPR 11 Recv: LPR_N
[15:26:00] LPR 11 Recv: LPR_N
[15:26:05] LPR 11 Recv: LPR_N
[15:26:10] LPR 11 Recv: LPR_N
[15:26:15] LPR 11 Recv: LPR_N
[15:26:21] LPR 11 Recv: LPR_N
[15:26:26] LPR 11 Recv: LPR_N
[15:26:32] LPR 11 Recv: LPR_N
[15:26:37] LPR 11 Recv: LPR_N
[15:26:42] LPR 11 Recv: LPR_N
[15:26:47] LPR 11 Recv: LPR_N
[15:26:52] LPR 11 Recv: LPR_N
[15:26:58] LPR 11 Recv: LPR_N
[15:27:03] LPR 11 Recv: LPR_N
[15:27:09] LPR 11 Recv: LPR_N
[15:27:14] LPR 11 Recv: LPR_N
[15:27:19] LPR 11 Recv: LPR_N
[15:27:24] LPR 11 Recv: LPR_N
[15:27:30] LPR 11 Recv: LPR_N
[15:27:35] LPR 11 Recv: LPR_N
[15:27:40] LPR 11 Recv: LPR_N
[15:27:45] LPR 11 Recv: LPR_N
[15:27:50] LPR 11 Recv: LPR_N
[15:27:56] LPR 11 Recv: LPR_N
[15:28:01] LPR 11 Recv: LPR_N
[15:28:07] LPR 11 Recv: LPR_N
[15:28:12] LPR 11 Recv: LPR_N
[15:28:17] LPR 11 Recv: LPR_N
[15:28:22] LPR 11 Recv: LPR_N
[15:28:28] LPR 11 Recv: LPR_N
[15:28:33] LPR 11 Recv: LPR_N
[15:28:38] LPR 11 Recv: LPR_N
[15:28:44] LPR 11 Recv: LPR_N
[15:28:49] LPR 11 Recv: LPR_N
[15:28:54] LPR 11 Recv: LPR_N
[15:28:59] LPR 11 Recv: LPR_N
[15:29:05] LPR 11 Recv: LPR_N
[15:29:10] LPR 11 Recv: LPR_N
[15:29:16] LPR 11 Recv: LPR_N
[15:29:21] LPR 11 Recv: LPR_N
[15:29:26] LPR 11 Recv: LPR_N
[15:29:31] LPR 11 Recv: LPR_N
[15:29:36] LPR 11 Recv: LPR_N
[15:29:42] LPR 11 Recv: LPR_N
[15:29:47] LPR 11 Recv: LPR_N
[15:29:52] LPR 11 Recv: LPR_N
[15:29:58] LPR 11 Recv: LPR_N
[15:30:03] LPR 11 Recv: LPR_N
[15:30:08] LPR 11 Recv: LPR_N
[15:30:14] LPR 11 Recv: LPR_N
[15:30:19] LPR 11 Recv: LPR_N
[15:30:24] LPR 11 Recv: LPR_N
[15:30:29] LPR 11 Recv: LPR_N
[15:30:34] LPR 11 Recv: LPR_N
[15:30:40] LPR 11 Recv: LPR_N
[15:30:45] LPR 11 Recv: LPR_N
[15:30:51] LPR 11 Recv: LPR_N
[15:30:56] LPR 11 Recv: LPR_N
[15:31:01] LPR 11 Recv: LPR_N
[15:31:06] LPR 11 Recv: LPR_N
[15:31:12] LPR 11 Recv: LPR_N
[15:31:17] LPR 11 Recv: LPR_N
[15:31:22] LPR 11 Recv: LPR_N
[15:31:28] LPR 11 Recv: LPR_N
[15:31:33] LPR 11 Recv: LPR_N
[15:31:38] LPR 11 Recv: LPR_N
[15:31:43] LPR 11 Recv: LPR_N
[15:31:49] LPR 11 Recv: LPR_N
[15:31:54] LPR 11 Recv: LPR_N
[15:31:59] LPR 11 Recv: LPR_N
[15:32:04] LPR 11 Recv: LPR_N
[15:32:10] LPR 11 Recv: LPR_N
[15:32:15] LPR 11 Recv: LPR_N
[15:32:21] LPR 11 Recv: LPR_N
[15:32:26] LPR 11 Recv: LPR_N
[15:32:31] LPR 11 Recv: LPR_N
[15:32:36] LPR 11 Recv: LPR_N
[15:32:41] LPR 11 Recv: LPR_N
[15:32:47] LPR 11 Recv: LPR_N
[15:32:52] LPR 11 Recv: LPR_N
[15:32:58] LPR 11 Recv: LPR_N
[15:33:03] LPR 11 Recv: LPR_N
[15:33:08] LPR 11 Recv: LPR_N
[15:33:13] LPR 11 Recv: LPR_N
[15:33:19] LPR 11 Recv: LPR_N
[15:33:24] LPR 11 Recv: LPR_N
[15:33:29] LPR 11 Recv: LPR_N
[15:33:35] LPR 11 Recv: LPR_N
[15:33:40] LPR 11 Recv: LPR_N
[15:33:45] LPR 11 Recv: LPR_N
[15:33:50] LPR 11 Recv: LPR_N
[15:33:56] LPR 11 Recv: LPR_N
[15:34:01] LPR 11 Recv: LPR_N
[15:34:06] LPR 11 Recv: LPR_N
[15:34:11] LPR 11 Recv: LPR_N
[15:34:17] LPR 11 Recv: LPR_N
[15:34:22] LPR 11 Recv: LPR_N
[15:34:27] LPR 11 Recv: LPR_N
[15:34:33] LPR 11 Recv: LPR_N
[15:34:38] LPR 11 Recv: LPR_N
[15:34:43] LPR 11 Recv: LPR_N
[15:34:48] LPR 11 Recv: LPR_N
[15:34:54] LPR 11 Recv: LPR_N
[15:34:59] LPR 11 Recv: LPR_N
[15:35:05] LPR 11 Recv: LPR_N
[15:35:10] LPR 11 Recv: LPR_N
[15:35:15] LPR 11 Recv: LPR_N
[15:35:20] LPR 11 Recv: LPR_N
[15:35:25] LPR 11 Recv: LPR_N
[15:35:31] LPR 11 Recv: LPR_N
[15:35:36] LPR 11 Recv: LPR_N
[15:35:41] LPR 11 Recv: LPR_N
[15:35:47] LPR 11 Recv: LPR_N
[15:35:52] LPR 11 Recv: LPR_N
[15:35:57] LPR 11 Recv: LPR_N
[15:36:03] LPR 11 Recv: LPR_N
[15:36:08] LPR 11 Recv: LPR_N
[15:36:13] LPR 11 Recv: LPR_N
[15:36:18] LPR 11 Recv: LPR_N
[15:36:23] LPR 11 Recv: LPR_N
[15:36:29] LPR 11 Recv: LPR_N
[15:36:34] LPR 11 Recv: LPR_N
[15:36:40] LPR 11 Recv: LPR_N
[15:36:45] LPR 11 Recv: LPR_N
[15:36:50] LPR 11 Recv: LPR_N
[15:36:55] LPR 11 Recv: LPR_N
[15:37:01] LPR 11 Recv: LPR_N
[15:37:06] LPR 11 Recv: LPR_N
[15:37:12] LPR 11 Recv: LPR_N
[15:37:17] LPR 11 Recv: LPR_N
[15:37:22] LPR 11 Recv: LPR_N
[15:37:27] LPR 11 Recv: LPR_N
[15:37:32] LPR 11 Recv: LPR_N
[15:37:38] LPR 11 Recv: LPR_N
[15:37:43] LPR 11 Recv: LPR_N
[15:37:48] LPR 11 Recv: LPR_N
[15:37:54] LPR 11 Recv: LPR_N
[15:37:59] LPR 11 Recv: LPR_N
[15:38:04] LPR 11 Recv: LPR_N
[15:38:10] LPR 11 Recv: LPR_N
[15:38:15] LPR 11 Recv: LPR_N
[15:38:20] LPR 11 Recv: LPR_N
[15:38:25] LPR 11 Recv: LPR_N
[15:38:31] LPR 11 Recv: LPR_N
[15:38:36] LPR 11 Recv: LPR_N
[15:38:41] LPR 11 Recv: LPR_N
[15:38:47] LPR 11 Recv: LPR_N
[15:38:52] LPR 11 Recv: LPR_N
[15:38:57] LPR 11 Recv: LPR_N
[15:39:02] LPR 11 Recv: LPR_N
[15:39:08] LPR 11 Recv: LPR_N
[15:39:13] LPR 11 Recv: LPR_N
[15:39:18] LPR 11 Recv: LPR_N
[15:39:24] LPR 11 Recv: LPR_N
[15:39:29] LPR 11 Recv: LPR_N
[15:39:34] LPR 11 Recv: LPR_N
[15:39:39] LPR 11 Recv: LPR_N
[15:39:45] LPR 11 Recv: LPR_N
[15:39:50] LPR 11 Recv: LPR_N
[15:39:55] LPR 11 Recv: LPR_N
[15:40:01] LPR 11 Recv: LPR_N
[15:40:06] LPR 11 Recv: LPR_N
[15:40:11] LPR 11 Recv: LPR_N
[15:40:16] LPR 11 Recv: LPR_N
[15:40:22] LPR 11 Recv: LPR_N
[15:40:27] LPR 11 Recv: LPR_N
[15:40:32] LPR 11 Recv: LPR_N
[15:40:37] LPR 11 Recv: LPR_N
[15:40:43] LPR 11 Recv: LPR_N
[15:40:48] LPR 11 Recv: LPR_N
[15:40:54] LPR 11 Recv: LPR_N
[15:40:59] LPR 11 Recv: LPR_N
[15:41:04] LPR 11 Recv: LPR_N
[15:41:09] LPR 11 Recv: LPR_N
[15:41:14] LPR 11 Recv: LPR_N
[15:41:20] LPR 11 Recv: LPR_N
[15:41:25] LPR 11 Recv: LPR_N
[15:41:30] LPR 11 Recv: LPR_N
[15:41:35] LPR 11 Recv: LPR_N
[15:41:41] LPR 11 Recv: LPR_N
[15:41:46] LPR 11 Recv: LPR_N
[15:41:52] LPR 11 Recv: LPR_N
[15:41:57] LPR 11 Recv: LPR_N
[15:42:02] LPR 11 Recv: LPR_N
[15:42:07] LPR 11 Recv: LPR_N
[15:42:12] LPR 11 Recv: LPR_N
[15:42:18] LPR 11 Recv: LPR_N
[15:42:23] LPR 11 Recv: LPR_N
[15:42:28] LPR 11 Recv: LPR_N
[15:42:34] LPR 11 Recv: LPR_N
[15:42:39] LPR 11 Recv: LPR_N
[15:42:44] LPR 11 Recv: LPR_N
[15:42:50] LPR 11 Recv: LPR_N
[15:42:55] LPR 11 Recv: LPR_N
[15:43:00] LPR 11 Recv: LPR_N
[15:43:05] LPR 11 Recv: LPR_N
[15:43:10] LPR 11 Recv: LPR_N
[15:43:16] LPR 11 Recv: LPR_N
[15:43:21] LPR 11 Recv: LPR_N
[15:43:27] LPR 11 Recv: LPR_N
[15:43:32] LPR 11 Recv: LPR_N
[15:43:37] LPR 11 Recv: LPR_N
[15:43:42] LPR 11 Recv: LPR_N
[15:43:48] LPR 11 Recv: LPR_N
[15:43:53] LPR 11 Recv: LPR_N
[15:43:59] LPR 11 Recv: LPR_N
[15:44:04] LPR 11 Recv: LPR_N
[15:44:09] LPR 11 Recv: LPR_N
[15:44:14] LPR 11 Recv: LPR_N
[15:44:19] LPR 11 Recv: LPR_N
[15:44:25] LPR 11 Recv: LPR_N
[15:44:30] LPR 11 Recv: LPR_N
[15:44:36] LPR 11 Recv: LPR_N
[15:44:41] LPR 11 Recv: LPR_N
[15:44:46] LPR 11 Recv: LPR_N
[15:44:51] LPR 11 Recv: LPR_N
[15:44:57] LPR 11 Recv: LPR_N
[15:45:02] LPR 11 Recv: LPR_N
[15:45:07] LPR 11 Recv: LPR_N
[15:45:12] LPR 11 Recv: LPR_N
[15:45:17] LPR 11 Recv: LPR_N
[15:45:23] LPR 11 Recv: LPR_N
[15:45:28] LPR 11 Recv: LPR_N
[15:45:34] LPR 11 Recv: LPR_N
[15:45:39] LPR 11 Recv: LPR_N
[15:45:44] LPR 11 Recv: LPR_N
[15:45:49] LPR 11 Recv: LPR_N
[15:45:55] LPR 11 Recv: LPR_N
[15:46:00] LPR 11 Recv: LPR_N
[15:46:05] LPR 11 Recv: LPR_N
[15:46:11] LPR 11 Recv: LPR_N
[15:46:16] LPR 11 Recv: LPR_N
[15:46:21] LPR 11 Recv: LPR_N
[15:46:26] LPR 11 Recv: LPR_N
[15:46:32] LPR 11 Recv: LPR_N
[15:46:37] LPR 11 Recv: LPR_N
[15:46:42] LPR 11 Recv: LPR_N
[15:46:48] LPR 11 Recv: LPR_N
[15:46:53] LPR 11 Recv: LPR_N
[15:46:58] LPR 11 Recv: LPR_N
[15:47:03] LPR 11 Recv: LPR_N
[15:47:09] LPR 11 Recv: LPR_N
[15:47:14] LPR 11 Recv: LPR_N
[15:47:19] LPR 11 Recv: LPR_N
[15:47:24] LPR 11 Recv: LPR_N
[15:47:30] LPR 11 Recv: LPR_N
[15:47:35] LPR 11 Recv: LPR_N
[15:47:41] LPR 11 Recv: LPR_N
[15:47:46] LPR 11 Recv: LPR_N
[15:47:51] LPR 11 Recv: LPR_N
[15:47:56] LPR 11 Recv: LPR_N
[15:48:01] LPR 11 Recv: LPR_N
[15:48:07] LPR 11 Recv: LPR_N
[15:48:12] LPR 11 Recv: LPR_N
[15:48:17] LPR 11 Recv: LPR_N
[15:48:23] LPR 11 Recv: LPR_N
[15:48:28] LPR 11 Recv: LPR_N
[15:48:33] LPR 11 Recv: LPR_N
[15:48:39] LPR 11 Recv: LPR_N
[15:48:44] LPR 11 Recv: LPR_N
[15:48:49] LPR 11 Recv: LPR_N
[15:48:54] LPR 11 Recv: LPR_N
[15:48:59] LPR 11 Recv: LPR_N
[15:49:05] LPR 11 Recv: LPR_N
[15:49:10] LPR 11 Recv: LPR_N
[15:49:16] LPR 11 Recv: LPR_N
[15:49:21] LPR 11 Recv: LPR_N
[15:49:26] LPR 11 Recv: LPR_N
[15:49:31] LPR 11 Recv: LPR_N
[15:49:37] LPR 11 Recv: LPR_N
[15:49:42] LPR 11 Recv: LPR_N
[15:49:47] LPR 11 Recv: LPR_N
[15:49:53] LPR 11 Recv: LPR_N
[15:49:58] LPR 11 Recv: LPR_N
[15:50:03] LPR 11 Recv: LPR_N
[15:50:08] LPR 11 Recv: LPR_N
[15:50:14] LPR 11 Recv: LPR_N
[15:50:19] LPR 11 Recv: LPR_N
[15:50:24] LPR 11 Recv: LPR_N
[15:50:29] LPR 11 Recv: LPR_N
[15:50:35] LPR 11 Recv: LPR_N
[15:50:40] LPR 11 Recv: LPR_N
[15:50:46] LPR 11 Recv: LPR_N
[15:50:51] LPR 11 Recv: LPR_N
[15:50:56] LPR 11 Recv: LPR_N
[15:51:01] LPR 11 Recv: LPR_N
[15:51:06] LPR 11 Recv: LPR_N
[15:51:12] LPR 11 Recv: LPR_N
[15:51:17] LPR 11 Recv: LPR_N
[15:51:23] LPR 11 Recv: LPR_N
[15:51:28] LPR 11 Recv: LPR_N
[15:51:33] LPR 11 Recv: LPR_N
[15:51:38] LPR 11 Recv: LPR_N
[15:51:44] LPR 11 Recv: LPR_N
[15:51:49] LPR 11 Recv: LPR_N
[15:51:54] LPR 11 Recv: LPR_N
[15:52:00] LPR 11 Recv: LPR_N
[15:52:05] LPR 11 Recv: LPR_N
[15:52:10] LPR 11 Recv: LPR_N
[15:52:15] LPR 11 Recv: LPR_N
[15:52:21] LPR 11 Recv: LPR_N
[15:52:26] LPR 11 Recv: LPR_N
[15:52:31] LPR 11 Recv: LPR_N
[15:52:36] LPR 11 Recv: LPR_N
[15:52:42] LPR 11 Recv: LPR_N
[15:52:47] LPR 11 Recv: LPR_N
[15:52:52] LPR 11 Recv: LPR_N
[15:52:58] LPR 11 Recv: LPR_N
[15:53:03] LPR 11 Recv: LPR_N
[15:53:08] LPR 11 Recv: LPR_N
[15:53:13] LPR 11 Recv: LPR_N
[15:53:19] LPR 11 Recv: LPR_N
[15:53:24] LPR 11 Recv: LPR_N
[15:53:30] LPR 11 Recv: LPR_N
[15:53:35] LPR 11 Recv: LPR_N
[15:53:40] LPR 11 Recv: LPR_N
[15:53:45] LPR 11 Recv: LPR_N
[15:53:50] LPR 11 Recv: LPR_N
[15:53:56] LPR 11 Recv: LPR_N
[15:54:01] LPR 11 Recv: LPR_N
[15:54:07] LPR 11 Recv: LPR_N
[15:54:12] LPR 11 Recv: LPR_N
[15:54:17] LPR 11 Recv: LPR_N
[15:54:22] LPR 11 Recv: LPR_N
[15:54:28] LPR 11 Recv: LPR_N
[15:54:33] LPR 11 Recv: LPR_N
[15:54:39] LPR 11 Recv: LPR_N
[15:54:44] LPR 11 Recv: LPR_N
[15:54:49] LPR 11 Recv: LPR_N
[15:54:54] LPR 11 Recv: LPR_N
[15:54:59] LPR 11 Recv: LPR_N
[15:55:05] LPR 11 Recv: LPR_N
[15:55:10] LPR 11 Recv: LPR_N
[15:55:15] LPR 11 Recv: LPR_N
[15:55:21] LPR 11 Recv: LPR_N
[15:55:26] LPR 11 Recv: LPR_N
[15:55:31] LPR 11 Recv: LPR_N
[15:55:37] LPR 11 Recv: LPR_N
[15:55:42] LPR 11 Recv: LPR_N
[15:55:47] LPR 11 Recv: LPR_N
[15:55:52] LPR 11 Recv: LPR_N
[15:55:57] LPR 11 Recv: LPR_N
[15:56:03] LPR 11 Recv: LPR_N
[15:56:08] LPR 11 Recv: LPR_N
[15:56:14] LPR 11 Recv: LPR_N
[15:56:19] LPR 11 Recv: LPR_N
[15:56:24] LPR 11 Recv: LPR_N
[15:56:29] LPR 11 Recv: LPR_N
[15:56:35] LPR 11 Recv: LPR_N
[15:56:40] LPR 11 Recv: LPR_N
[15:56:45] LPR 11 Recv: LPR_N
[15:56:51] LPR 11 Recv: LPR_N
[15:56:56] LPR 11 Recv: LPR_N
[15:57:01] LPR 11 Recv: LPR_N
[15:57:06] LPR 11 Recv: LPR_N
[15:57:12] LPR 11 Recv: LPR_N
[15:57:17] LPR 11 Recv: LPR_N
[15:57:22] LPR 11 Recv: LPR_N
[15:57:28] LPR 11 Recv: LPR_N
[15:57:33] LPR 11 Recv: LPR_N
[15:57:38] LPR 11 Recv: LPR_N
[15:57:43] LPR 11 Recv: LPR_N
[15:57:49] LPR 11 Recv: LPR_N
[15:57:54] LPR 11 Recv: LPR_N
[15:57:59] LPR 11 Recv: LPR_N
[15:58:05] LPR 11 Recv: LPR_N
[15:58:10] LPR 11 Recv: LPR_N
[15:58:15] LPR 11 Recv: LPR_N
[15:58:21] LPR 11 Recv: LPR_N
[15:58:26] LPR 11 Recv: LPR_N
[15:58:31] LPR 11 Recv: LPR_N
[15:58:36] LPR 11 Recv: LPR_N
[15:58:41] LPR 11 Recv: LPR_N
[15:58:47] LPR 11 Recv: LPR_N
[15:58:52] LPR 11 Recv: LPR_N
[15:58:58] LPR 11 Recv: LPR_N
[15:59:03] LPR 11 Recv: LPR_N
[15:59:08] LPR 11 Recv: LPR_N
[15:59:13] LPR 11 Recv: LPR_N
[15:59:19] LPR 11 Recv: LPR_N
[15:59:24] LPR 11 Recv: LPR_N
[15:59:29] LPR 11 Recv: LPR_N
[15:59:34] LPR 11 Recv: LPR_N
[15:59:40] LPR 11 Recv: LPR_N
[15:59:45] LPR 11 Recv: LPR_N
[15:59:50] LPR 11 Recv: LPR_N
[15:59:56] LPR 11 Recv: LPR_N
[16:00:01] LPR 11 Recv: LPR_N
[16:00:06] LPR 11 Recv: LPR_N
[16:00:11] LPR 11 Recv: LPR_N
[16:00:17] LPR 11 Recv: LPR_N
[16:00:22] LPR 11 Recv: LPR_N
[16:00:27] LPR 11 Recv: LPR_N
[16:00:33] LPR 11 Recv: LPR_N
[16:00:38] LPR 11 Recv: LPR_N
[16:00:43] LPR 11 Recv: LPR_N
[16:00:48] LPR 11 Recv: LPR_N
[16:00:54] LPR 11 Recv: LPR_N
[16:00:59] LPR 11 Recv: LPR_N
[16:01:04] LPR 11 Recv: LPR_N
[16:01:09] LPR 11 Recv: LPR_N
[16:01:15] LPR 11 Recv: LPR_N
[16:01:20] LPR 11 Recv: LPR_N
[16:01:26] LPR 11 Recv: LPR_N
[16:01:31] LPR 11 Recv: LPR_N
[16:01:36] LPR 11 Recv: LPR_N
[16:01:41] LPR 11 Recv: LPR_N
[16:01:46] LPR 11 Recv: LPR_N
[16:01:52] LPR 11 Recv: LPR_N
[16:01:57] LPR 11 Recv: LPR_N
[16:02:03] LPR 11 Recv: LPR_N
[16:02:08] LPR 11 Recv: LPR_N
[16:02:13] LPR 11 Recv: LPR_N
[16:02:18] LPR 11 Recv: LPR_N
[16:02:24] LPR 11 Recv: LPR_N
[16:02:29] LPR 11 Recv: LPR_N
[16:02:34] LPR 11 Recv: LPR_N
[16:02:39] LPR 11 Recv: LPR_N
[16:02:45] LPR 11 Recv: LPR_N
[16:02:50] LPR 11 Recv: LPR_N
[16:02:55] LPR 11 Recv: LPR_N
[16:03:01] LPR 11 Recv: LPR_N
[16:03:06] LPR 11 Recv: LPR_N
[16:03:11] LPR 11 Recv: LPR_N
[16:03:16] LPR 11 Recv: LPR_N
[16:03:22] LPR 11 Recv: LPR_N
[16:03:27] LPR 11 Recv: LPR_N
[16:03:32] LPR 11 Recv: LPR_N
[16:03:38] LPR 11 Recv: LPR_N
[16:03:43] LPR 11 Recv: LPR_N
[16:03:48] LPR 11 Recv: LPR_N
[16:03:53] LPR 11 Recv: LPR_N
[16:03:59] LPR 11 Recv: LPR_N
[16:04:04] LPR 11 Recv: LPR_N
[16:04:10] LPR 11 Recv: LPR_N
[16:04:15] LPR 11 Recv: LPR_N
[16:04:20] LPR 11 Recv: LPR_N
[16:04:25] LPR 11 Recv: LPR_N
[16:04:30] LPR 11 Recv: LPR_N
[16:04:36] LPR 11 Recv: LPR_N
[16:04:41] LPR 11 Recv: LPR_N
[16:04:47] LPR 11 Recv: LPR_N
[16:04:52] LPR 11 Recv: LPR_N
[16:04:57] LPR 11 Recv: LPR_N
[16:05:02] LPR 11 Recv: LPR_N
[16:05:08] LPR 11 Recv: LPR_N
[16:05:13] LPR 11 Recv: LPR_N
[16:05:18] LPR 11 Recv: LPR_N
[16:05:23] LPR 11 Recv: LPR_N
[16:05:28] LPR 11 Recv: LPR_N
[16:05:34] LPR 11 Recv: LPR_N
[16:05:39] LPR 11 Recv: LPR_N
[16:05:45] LPR 11 Recv: LPR_N
[16:05:50] LPR 11 Recv: LPR_N
[16:05:55] LPR 11 Recv: LPR_N
[16:06:00] LPR 11 Recv: LPR_N
[16:06:06] LPR 11 Recv: LPR_N
[16:06:11] LPR 11 Recv: LPR_N
[16:06:17] LPR 11 Recv: LPR_N
[16:06:22] LPR 11 Recv: LPR_N
[16:06:27] LPR 11 Recv: LPR_N
[16:06:32] LPR 11 Recv: LPR_N
[16:06:37] LPR 11 Recv: LPR_N
[16:06:43] LPR 11 Recv: LPR_N
[16:06:48] LPR 11 Recv: LPR_N
[16:06:53] LPR 11 Recv: LPR_N
[16:06:59] LPR 11 Recv: LPR_N
[16:07:04] LPR 11 Recv: LPR_N
[16:07:09] LPR 11 Recv: LPR_N
[16:07:15] LPR 11 Recv: LPR_N
[16:07:20] LPR 11 Recv: LPR_N
[16:07:25] LPR 11 Recv: LPR_N
[16:07:30] LPR 11 Recv: LPR_N
[16:07:35] LPR 11 Recv: LPR_N
[16:07:41] LPR 11 Recv: LPR_N
[16:07:46] LPR 11 Recv: LPR_N
[16:07:52] LPR 11 Recv: LPR_N
[16:07:57] LPR 11 Recv: LPR_N
[16:08:02] LPR 11 Recv: LPR_N
[16:08:07] LPR 11 Recv: LPR_N
[16:08:13] LPR 11 Recv: LPR_N
[16:08:18] LPR 11 Recv: LPR_N
[16:08:23] LPR 11 Recv: LPR_N
[16:08:29] LPR 11 Recv: LPR_N
[16:08:34] LPR 11 Recv: LPR_N
[16:08:39] LPR 11 Recv: LPR_N
[16:08:44] LPR 11 Recv: LPR_N
[16:08:50] LPR 11 Recv: LPR_N
[16:08:55] LPR 11 Recv: LPR_N
[16:09:00] LPR 11 Recv: LPR_N
[16:09:05] LPR 11 Recv: LPR_N
[16:09:11] LPR 11 Recv: LPR_N
[16:09:16] LPR 11 Recv: LPR_N
[16:09:21] LPR 11 Recv: LPR_N
[16:09:27] LPR 11 Recv: LPR_N
[16:09:32] LPR 11 Recv: LPR_N
[16:09:37] LPR 11 Recv: LPR_N
[16:09:42] LPR 11 Recv: LPR_N
[16:09:48] LPR 11 Recv: LPR_N
[16:09:53] LPR 11 Recv: LPR_N
[16:09:59] LPR 11 Recv: LPR_N
[16:10:04] LPR 11 Recv: LPR_N
[16:10:09] LPR 11 Recv: LPR_N
[16:10:14] LPR 11 Recv: LPR_N
[16:10:19] LPR 11 Recv: LPR_N
[16:10:25] LPR 11 Recv: LPR_N
[16:10:30] LPR 11 Recv: LPR_N
[16:10:36] LPR 11 Recv: LPR_N
[16:10:41] LPR 11 Recv: LPR_N
[16:10:46] LPR 11 Recv: LPR_N
[16:10:51] LPR 11 Recv: LPR_N
[16:10:57] LPR 11 Recv: LPR_N
[16:11:02] LPR 11 Recv: LPR_N
[16:11:07] LPR 11 Recv: LPR_N
[16:11:12] LPR 11 Recv: LPR_N
[16:11:18] LPR 11 Recv: LPR_N
[16:11:23] LPR 11 Recv: LPR_N
[16:11:28] LPR 11 Recv: LPR_N
[16:11:34] LPR 11 Recv: LPR_N
[16:11:39] LPR 11 Recv: LPR_N
[16:11:45] LPR 11 Recv: LPR_N
[16:11:50] LPR 11 Recv: LPR_N
[16:11:55] LPR 11 Recv: LPR_N
[16:12:00] LPR 11 Recv: LPR_N
[16:12:06] LPR 11 Recv: LPR_N
[16:12:11] LPR 11 Recv: LPR_N
[16:12:16] LPR 11 Recv: LPR_N
[16:12:22] LPR 11 Recv: LPR_N
[16:12:27] LPR 11 Recv: LPR_N
[16:12:32] LPR 11 Recv: LPR_N
[16:12:37] LPR 11 Recv: LPR_N
[16:12:43] LPR 11 Recv: LPR_N
[16:12:48] LPR 11 Recv: LPR_N
[16:12:53] LPR 11 Recv: LPR_N
[16:12:58] LPR 11 Recv: LPR_N
[16:13:04] LPR 11 Recv: LPR_N
[16:13:09] LPR 11 Recv: LPR_N
[16:13:14] LPR 11 Recv: LPR_N
[16:13:20] LPR 11 Recv: LPR_N
[16:13:25] LPR 11 Recv: LPR_N
[16:13:30] LPR 11 Recv: LPR_N
[16:13:35] LPR 11 Recv: LPR_N
[16:13:41] LPR 11 Recv: LPR_N
[16:13:46] LPR 11 Recv: LPR_N
[16:13:52] LPR 11 Recv: LPR_N
[16:13:57] LPR 11 Recv: LPR_N
[16:14:02] LPR 11 Recv: LPR_N
[16:14:07] LPR 11 Recv: LPR_N
[16:14:12] LPR 11 Recv: LPR_N
[16:14:18] LPR 11 Recv: LPR_N
[16:14:23] LPR 11 Recv: LPR_N
[16:14:29] LPR 11 Recv: LPR_N
[16:14:34] LPR 11 Recv: LPR_N
[16:14:39] LPR 11 Recv: LPR_N
[16:14:44] LPR 11 Recv: LPR_N
[16:14:50] LPR 11 Recv: LPR_N
[16:14:55] LPR 11 Recv: LPR_N
[16:15:01] LPR 11 Recv: LPR_N
[16:15:06] LPR 11 Recv: LPR_N
[16:15:11] LPR 11 Recv: LPR_N
[16:15:16] LPR 11 Recv: LPR_N
[16:15:21] LPR 11 Recv: LPR_N
[16:15:27] LPR 11 Recv: LPR_N
[16:15:32] LPR 11 Recv: LPR_N
[16:15:37] LPR 11 Recv: LPR_N
[16:15:43] LPR 11 Recv: LPR_N
[16:15:48] LPR 11 Recv: LPR_N
[16:15:53] LPR 11 Recv: LPR_N
[16:15:59] LPR 11 Recv: LPR_N
[16:16:04] LPR 11 Recv: LPR_N
[16:16:09] LPR 11 Recv: LPR_N
[16:16:14] LPR 11 Recv: LPR_N
[16:16:19] LPR 11 Recv: LPR_N
[16:16:25] LPR 11 Recv: LPR_N
[16:16:30] LPR 11 Recv: LPR_N
[16:16:36] LPR 11 Recv: LPR_N
[16:16:41] LPR 11 Recv: LPR_N
[16:16:46] LPR 11 Recv: LPR_N
[16:16:51] LPR 11 Recv: LPR_N
[16:16:57] LPR 11 Recv: LPR_N
[16:17:02] LPR 11 Recv: LPR_N
[16:17:07] LPR 11 Recv: LPR_N
[16:17:13] LPR 11 Recv: LPR_N
[16:17:18] LPR 11 Recv: LPR_N
[16:17:23] LPR 11 Recv: LPR_N
[16:17:28] LPR 11 Recv: LPR_N
[16:17:34] LPR 11 Recv: LPR_N
[16:17:39] LPR 11 Recv: LPR_N
[16:17:45] LPR 11 Recv: LPR_N
[16:17:50] LPR 11 Recv: LPR_N
[16:17:55] LPR 11 Recv: LPR_N
[16:18:00] LPR 11 Recv: LPR_N
[16:18:05] LPR 11 Recv: LPR_N
[16:18:11] LPR 11 Recv: LPR_N
[16:18:16] LPR 11 Recv: LPR_N
[16:18:21] LPR 11 Recv: LPR_N
[16:18:26] LPR 11 Recv: LPR_N
[16:18:32] LPR 11 Recv: LPR_N
[16:18:37] LPR 11 Recv: LPR_N
[16:18:43] LPR 11 Recv: LPR_N
[16:18:48] LPR 11 Recv: LPR_N
[16:18:53] LPR 11 Recv: LPR_N
[16:18:58] LPR 11 Recv: LPR_N
[16:19:03] LPR 11 Recv: LPR_N
[16:19:09] LPR 11 Recv: LPR_N
[16:19:14] LPR 11 Recv: LPR_N
[16:19:20] LPR 11 Recv: LPR_N
[16:19:25] LPR 11 Recv: LPR_N
[16:19:30] LPR 11 Recv: LPR_N
[16:19:35] LPR 11 Recv: LPR_N
[16:19:41] LPR 11 Recv: LPR_N
[16:19:46] LPR 11 Recv: LPR_N
[16:19:51] LPR 11 Recv: LPR_N
[16:19:57] LPR 11 Recv: LPR_N
[16:20:02] LPR 11 Recv: LPR_N
[16:20:07] LPR 11 Recv: LPR_N
[16:20:12] LPR 11 Recv: LPR_N
[16:20:18] LPR 11 Recv: LPR_N
[16:20:23] LPR 11 Recv: LPR_N
[16:20:28] LPR 11 Recv: LPR_N
[16:20:34] LPR 11 Recv: LPR_N
[16:20:39] LPR 11 Recv: LPR_N
[16:20:44] LPR 11 Recv: LPR_N
[16:20:50] LPR 11 Recv: LPR_N
[16:20:55] LPR 11 Recv: LPR_N
[16:21:00] LPR 11 Recv: LPR_N
[16:21:05] LPR 11 Recv: LPR_N
[16:21:10] LPR 11 Recv: LPR_N
[16:21:16] LPR 11 Recv: LPR_N
[16:21:21] LPR 11 Recv: LPR_N
[16:21:27] LPR 11 Recv: LPR_N
[16:21:32] LPR 11 Recv: LPR_N
[16:21:37] LPR 11 Recv: LPR_N
[16:21:42] LPR 11 Recv: LPR_N
[16:21:48] LPR 11 Recv: LPR_N
[16:21:53] LPR 11 Recv: LPR_N
[16:21:58] LPR 11 Recv: LPR_N
[16:22:04] LPR 11 Recv: LPR_N
[16:22:09] LPR 11 Recv: LPR_N
[16:22:14] LPR 11 Recv: LPR_N
[16:22:19] LPR 11 Recv: LPR_N
[16:22:25] LPR 11 Recv: LPR_N
[16:22:30] LPR 11 Recv: LPR_N
[16:22:35] LPR 11 Recv: LPR_N
[16:22:40] LPR 11 Recv: LPR_N
[16:22:46] LPR 11 Recv: LPR_N
[16:22:51] LPR 11 Recv: LPR_N
[16:22:56] LPR 11 Recv: LPR_N
[16:23:02] LPR 11 Recv: LPR_N
[16:23:07] LPR 11 Recv: LPR_N
[16:23:12] LPR 11 Recv: LPR_N
[16:23:17] LPR 11 Recv: LPR_N
[16:23:23] LPR 11 Recv: LPR_N
[16:23:28] LPR 11 Recv: LPR_N
[16:23:34] LPR 11 Recv: LPR_N
[16:23:39] LPR 11 Recv: LPR_N
[16:23:44] LPR 11 Recv: LPR_N
[16:23:49] LPR 11 Recv: LPR_N
[16:23:54] LPR 11 Recv: LPR_N
[16:24:00] LPR 11 Recv: LPR_N
[16:24:05] LPR 11 Recv: LPR_N
[16:24:11] LPR 11 Recv: LPR_N
[16:24:16] LPR 11 Recv: LPR_N
[16:24:21] LPR 11 Recv: LPR_N
[16:24:26] LPR 11 Recv: LPR_N
[16:24:32] LPR 11 Recv: LPR_N
[16:24:37] LPR 11 Recv: LPR_N
[16:24:42] LPR 11 Recv: LPR_N
[16:24:47] LPR 11 Recv: LPR_N
[16:24:52] LPR 11 Recv: LPR_N
[16:24:58] LPR 11 Recv: LPR_N
[16:25:03] LPR 11 Recv: LPR_N
[16:25:09] LPR 11 Recv: LPR_N
[16:25:14] LPR 11 Recv: LPR_N
[16:25:19] LPR 11 Recv: LPR_N
[16:25:24] LPR 11 Recv: LPR_N
[16:25:30] LPR 11 Recv: LPR_N
[16:25:35] LPR 11 Recv: LPR_N
[16:25:41] LPR 11 Recv: LPR_N
[16:25:46] LPR 11 Recv: LPR_N
[16:25:51] LPR 11 Recv: LPR_N
[16:25:56] LPR 11 Recv: LPR_N
[16:26:01] LPR 11 Recv: LPR_N
[16:26:07] LPR 11 Recv: LPR_N
[16:26:12] LPR 11 Recv: LPR_N
[16:26:17] LPR 11 Recv: LPR_N
[16:26:23] LPR 11 Recv: LPR_N
[16:26:28] LPR 11 Recv: LPR_N
[16:26:33] LPR 11 Recv: LPR_N
[16:26:39] LPR 11 Recv: LPR_N
[16:26:44] LPR 11 Recv: LPR_N
[16:26:49] LPR 11 Recv: LPR_N
[16:26:54] LPR 11 Recv: LPR_N
[16:26:59] LPR 11 Recv: LPR_N
[16:27:05] LPR 11 Recv: LPR_N
[16:27:10] LPR 11 Recv: LPR_N
[16:27:16] LPR 11 Recv: LPR_N
[16:27:21] LPR 11 Recv: LPR_N
[16:27:26] LPR 11 Recv: LPR_N
[16:27:31] LPR 11 Recv: LPR_N
[16:27:37] LPR 11 Recv: LPR_N
[16:27:42] LPR 11 Recv: LPR_N
[16:27:47] LPR 11 Recv: LPR_N
[16:27:53] LPR 11 Recv: LPR_N
[16:27:58] LPR 11 Recv: LPR_N
[16:28:03] LPR 11 Recv: LPR_N
[16:28:08] LPR 11 Recv: LPR_N
[16:28:14] LPR 11 Recv: LPR_N
[16:28:19] LPR 11 Recv: LPR_N
[16:28:24] LPR 11 Recv: LPR_N
[16:28:29] LPR 11 Recv: LPR_N
[16:28:35] LPR 11 Recv: LPR_N
[16:28:40] LPR 11 Recv: LPR_N
[16:28:45] LPR 11 Recv: LPR_N
[16:28:51] LPR 11 Recv: LPR_N
[16:28:56] LPR 11 Recv: LPR_N
[16:29:01] LPR 11 Recv: LPR_N
[16:29:06] LPR 11 Recv: LPR_N
[16:29:12] LPR 11 Recv: LPR_N
[16:29:17] LPR 11 Recv: LPR_N
[16:29:22] LPR 11 Recv: LPR_N
[16:29:28] LPR 11 Recv: LPR_N
[16:29:33] LPR 11 Recv: LPR_N
[16:29:38] LPR 11 Recv: LPR_N
[16:29:43] LPR 11 Recv: LPR_N
[16:29:49] LPR 11 Recv: LPR_N
[16:29:54] LPR 11 Recv: LPR_N
[16:29:59] LPR 11 Recv: LPR_N
[16:30:04] LPR 11 Recv: LPR_N
[16:30:10] LPR 11 Recv: LPR_N
[16:30:15] LPR 11 Recv: LPR_N
[16:30:21] LPR 11 Recv: LPR_N
[16:30:26] LPR 11 Recv: LPR_N
[16:30:31] LPR 11 Recv: LPR_N
[16:30:36] LPR 11 Recv: LPR_N
[16:30:41] LPR 11 Recv: LPR_N
[16:30:47] LPR 11 Recv: LPR_N
[16:30:52] LPR 11 Recv: LPR_N
[16:30:58] LPR 11 Recv: LPR_N
[16:31:03] LPR 11 Recv: LPR_N
[16:31:08] LPR 11 Recv: LPR_N
[16:31:13] LPR 11 Recv: LPR_N
[16:31:19] LPR 11 Recv: LPR_N
[16:31:24] LPR 11 Recv: LPR_N
[16:31:29] LPR 11 Recv: LPR_N
[16:31:35] LPR 11 Recv: LPR_N
[16:31:40] LPR 11 Recv: LPR_N
[16:31:45] LPR 11 Recv: LPR_N
[16:31:50] LPR 11 Recv: LPR_N
[16:31:56] LPR 11 Recv: LPR_N
[16:32:01] LPR 11 Recv: LPR_N
[16:32:06] LPR 11 Recv: LPR_N
[16:32:11] LPR 11 Recv: LPR_N
[16:32:17] LPR 11 Recv: LPR_N
[16:32:22] LPR 11 Recv: LPR_N
[16:32:28] LPR 11 Recv: LPR_N
[16:32:33] LPR 11 Recv: LPR_N
[16:32:38] LPR 11 Recv: LPR_N
[16:32:43] LPR 11 Recv: LPR_N
[16:32:48] LPR 11 Recv: LPR_N
[16:32:54] LPR 11 Recv: LPR_N
[16:32:59] LPR 11 Recv: LPR_N
[16:33:05] LPR 11 Recv: LPR_N
[16:33:10] LPR 11 Recv: LPR_N
[16:33:15] LPR 11 Recv: LPR_N
[16:33:20] LPR 11 Recv: LPR_N
[16:33:26] LPR 11 Recv: LPR_N
[16:33:31] LPR 11 Recv: LPR_N
[16:33:36] LPR 11 Recv: LPR_N
[16:33:42] LPR 11 Recv: LPR_N
[16:33:47] LPR 11 Recv: LPR_N
[16:33:52] LPR 11 Recv: LPR_N
[16:33:57] LPR 11 Recv: LPR_N
[16:34:03] LPR 11 Recv: LPR_N
[16:34:08] LPR 11 Recv: LPR_N
[16:34:13] LPR 11 Recv: LPR_N
[16:34:19] LPR 11 Recv: LPR_N
[16:34:24] LPR 11 Recv: LPR_N
[16:34:29] LPR 11 Recv: LPR_N
[16:34:34] LPR 11 Recv: LPR_N
[16:34:40] LPR 11 Recv: LPR_N
[16:34:45] LPR 11 Recv: LPR_N
[16:34:50] LPR 11 Recv: LPR_N
[16:34:55] LPR 11 Recv: LPR_N
[16:35:01] LPR 11 Recv: LPR_N
[16:35:06] LPR 11 Recv: LPR_N
[16:35:12] LPR 11 Recv: LPR_N
[16:35:17] LPR 11 Recv: LPR_N
[16:35:22] LPR 11 Recv: LPR_N
[16:35:27] LPR 11 Recv: LPR_N
[16:35:32] LPR 11 Recv: LPR_N
[16:35:38] LPR 11 Recv: LPR_N
[16:35:43] LPR 11 Recv: LPR_N
[16:35:48] LPR 11 Recv: LPR_N
[16:35:53] LPR 11 Recv: LPR_N
[16:35:59] LPR 11 Recv: LPR_N
[16:36:04] LPR 11 Recv: LPR_N
[16:36:10] LPR 11 Recv: LPR_N
[16:36:15] LPR 11 Recv: LPR_N
[16:36:20] LPR 11 Recv: LPR_N
[16:36:25] LPR 11 Recv: LPR_N
[16:36:30] LPR 11 Recv: LPR_N
[16:36:36] LPR 11 Recv: LPR_N
[16:36:41] LPR 11 Recv: LPR_N
[16:36:47] LPR 11 Recv: LPR_N
[16:36:52] LPR 11 Recv: LPR_N
[16:36:57] LPR 11 Recv: LPR_N
[16:37:02] LPR 11 Recv: LPR_N
[16:37:08] LPR 11 Recv: LPR_N
[16:37:13] LPR 11 Recv: LPR_N
[16:37:19] LPR 11 Recv: LPR_N
[16:37:24] LPR 11 Recv: LPR_N
[16:37:29] LPR 11 Recv: LPR_N
[16:37:34] LPR 11 Recv: LPR_N
[16:37:39] LPR 11 Recv: LPR_N
[16:37:45] LPR 11 Recv: LPR_N
[16:37:50] LPR 11 Recv: LPR_N
[16:37:55] LPR 11 Recv: LPR_N
[16:38:00] LPR 11 Recv: LPR_N
[16:38:06] LPR 11 Recv: LPR_N
[16:38:11] LPR 11 Recv: LPR_N
[16:38:17] LPR 11 Recv: LPR_N
[16:38:22] LPR 11 Recv: LPR_N
[16:38:27] LPR 11 Recv: LPR_N
[16:38:32] LPR 11 Recv: LPR_N
[16:38:37] LPR 11 Recv: LPR_N
[16:38:43] LPR 11 Recv: LPR_N
[16:38:48] LPR 11 Recv: LPR_N
[16:38:54] LPR 11 Recv: LPR_N
[16:38:59] LPR 11 Recv: LPR_N
[16:39:04] LPR 11 Recv: LPR_N
[16:39:09] LPR 11 Recv: LPR_N
[16:39:15] LPR 11 Recv: LPR_N
[16:39:20] LPR 11 Recv: LPR_N
[16:39:25] LPR 11 Recv: LPR_N
[16:39:31] LPR 11 Recv: LPR_N
[16:39:36] LPR 11 Recv: LPR_N
[16:39:41] LPR 11 Recv: LPR_N
[16:39:46] LPR 11 Recv: LPR_N
[16:39:52] LPR 11 Recv: LPR_N
[16:39:57] LPR 11 Recv: LPR_N
[16:40:02] LPR 11 Recv: LPR_N
[16:40:08] LPR 11 Recv: LPR_N
[16:40:13] LPR 11 Recv: LPR_N
[16:40:18] LPR 11 Recv: LPR_N
[16:40:23] LPR 11 Recv: LPR_N
[16:40:29] LPR 11 Recv: LPR_N
[16:40:34] LPR 11 Recv: LPR_N
[16:40:39] LPR 11 Recv: LPR_N
[16:40:45] LPR 11 Recv: LPR_N
[16:40:50] LPR 11 Recv: LPR_N
[16:40:55] LPR 11 Recv: LPR_N
[16:41:01] LPR 11 Recv: LPR_N
[16:41:06] LPR 11 Recv: LPR_N
[16:41:11] LPR 11 Recv: LPR_N
[16:41:17] LPR 11 Recv: LPR_N
[16:41:22] LPR 11 Recv: LPR_N
[16:41:27] LPR 11 Recv: LPR_N
[16:41:32] LPR 11 Recv: LPR_N
[16:41:38] LPR 11 Recv: LPR_N
[16:41:43] LPR 11 Recv: LPR_N
[16:41:48] LPR 11 Recv: LPR_N
[16:41:53] LPR 11 Recv: LPR_N
[16:41:59] LPR 11 Recv: LPR_N
[16:42:04] LPR 11 Recv: LPR_N
[16:42:10] LPR 11 Recv: LPR_N
[16:42:15] LPR 11 Recv: LPR_N
[16:42:20] LPR 11 Recv: LPR_N
[16:42:25] LPR 11 Recv: LPR_N
[16:42:30] LPR 11 Recv: LPR_N
[16:42:36] LPR 11 Recv: LPR_N
[16:42:41] LPR 11 Recv: LPR_N
[16:42:47] LPR 11 Recv: LPR_N
[16:42:52] LPR 11 Recv: LPR_N
[16:42:57] LPR 11 Recv: LPR_N
[16:43:02] LPR 11 Recv: LPR_N
[16:43:08] LPR 11 Recv: LPR_N
[16:43:13] LPR 11 Recv: LPR_N
[16:43:18] LPR 11 Recv: LPR_N
[16:43:23] LPR 11 Recv: LPR_N
[16:43:29] LPR 11 Recv: LPR_N
[16:43:34] LPR 11 Recv: LPR_N
[16:43:39] LPR 11 Recv: LPR_N
[16:43:45] LPR 11 Recv: LPR_N
[16:43:50] LPR 11 Recv: LPR_N
[16:43:56] LPR 11 Recv: LPR_N
[16:44:01] LPR 11 Recv: LPR_N
[16:44:06] LPR 11 Recv: LPR_N
[16:44:11] LPR 11 Recv: LPR_N
[16:44:16] LPR 11 Recv: LPR_N
[16:44:22] LPR 11 Recv: LPR_N
[16:44:27] LPR 11 Recv: LPR_N
[16:44:33] LPR 11 Recv: LPR_N
[16:44:38] LPR 11 Recv: LPR_N
[16:44:43] LPR 11 Recv: LPR_N
[16:44:48] LPR 11 Recv: LPR_N
[16:44:54] LPR 11 Recv: LPR_N
[16:44:59] LPR 11 Recv: LPR_N
[16:45:04] LPR 11 Recv: LPR_N
[16:45:09] LPR 11 Recv: LPR_N
[16:45:15] LPR 11 Recv: LPR_N
[16:45:20] LPR 11 Recv: LPR_N
[16:45:25] LPR 11 Recv: LPR_N
[16:45:31] LPR 11 Recv: LPR_N
[16:45:47] LPR 11 Recv: LPR_N
[16:45:53] LPR 11 Recv: LPR_N
[16:45:58] LPR 11 Recv: LPR_N
[16:46:03] LPR 11 Recv: LPR_N
[16:46:08] LPR 11 Recv: LPR_N
[16:46:14] LPR 11 Recv: LPR_N
[16:46:19] LPR 11 Recv: LPR_N
[16:46:24] LPR 11 Recv: LPR_N
[16:46:30] LPR 11 Recv: LPR_N
[16:46:35] LPR 11 Recv: LPR_N
[16:46:40] LPR 11 Recv: LPR_N
[16:46:45] LPR 11 Recv: LPR_N
[16:46:51] LPR 11 Recv: LPR_N
[16:46:56] LPR 11 Recv: LPR_N
[16:47:01] LPR 11 Recv: LPR_N
[16:47:06] LPR 11 Recv: LPR_N
[16:47:12] LPR 11 Recv: LPR_N
[16:47:17] LPR 11 Recv: LPR_N
[16:47:22] LPR 11 Recv: LPR_N
[16:47:28] LPR 11 Recv: LPR_N
[16:47:33] LPR 11 Recv: LPR_N
[16:47:38] LPR 11 Recv: LPR_N
[16:47:43] LPR 11 Recv: LPR_N
[16:47:49] LPR 11 Recv: LPR_N
[16:47:54] LPR 11 Recv: LPR_N
[16:48:00] LPR 11 Recv: LPR_N
[16:48:05] LPR 11 Recv: LPR_N
[16:48:10] LPR 11 Recv: LPR_N
[16:48:15] LPR 11 Recv: LPR_N
[16:48:20] LPR 11 Recv: LPR_N
[16:48:26] LPR 11 Recv: LPR_N
[16:48:31] LPR 11 Recv: LPR_N
[16:48:37] LPR 11 Recv: LPR_N
[16:48:42] LPR 11 Recv: LPR_N
[16:48:47] LPR 11 Recv: LPR_N
[16:48:52] LPR 11 Recv: LPR_N
[16:48:58] LPR 11 Recv: LPR_N
[16:49:03] LPR 11 Recv: LPR_N
[16:49:08] LPR 11 Recv: LPR_N
[16:49:14] LPR 11 Recv: LPR_N
[16:49:19] LPR 11 Recv: LPR_N
[16:49:24] LPR 11 Recv: LPR_N
[16:49:29] LPR 11 Recv: LPR_N
[16:49:35] LPR 11 Recv: LPR_N
[16:49:40] LPR 11 Recv: LPR_N
[16:49:46] LPR 11 Recv: LPR_N
[16:49:51] LPR 11 Recv: LPR_N
[16:49:56] LPR 11 Recv: LPR_N
[16:50:01] LPR 11 Recv: LPR_N
[16:50:07] LPR 11 Recv: LPR_N
[16:50:12] LPR 11 Recv: LPR_N
[16:50:17] LPR 11 Recv: LPR_N
[16:50:23] LPR 11 Recv: LPR_N
[16:50:28] LPR 11 Recv: LPR_N
[16:50:33] LPR 11 Recv: LPR_N
[16:50:38] LPR 11 Recv: LPR_N
[16:50:44] LPR 11 Recv: LPR_N
[16:50:49] LPR 11 Recv: LPR_N
[16:50:54] LPR 11 Recv: LPR_N
[16:51:00] LPR 11 Recv: LPR_N
[16:51:05] LPR 11 Recv: LPR_N
[16:51:10] LPR 11 Recv: LPR_N
[16:51:15] LPR 11 Recv: LPR_N
[16:51:21] LPR 11 Recv: LPR_N
[16:51:26] LPR 11 Recv: LPR_N
[16:51:31] LPR 11 Recv: LPR_N
[16:51:36] LPR 11 Recv: LPR_N
[16:51:42] LPR 11 Recv: LPR_N
[16:51:47] LPR 11 Recv: LPR_N
[16:51:53] LPR 11 Recv: LPR_N
[16:51:58] LPR 11 Recv: LPR_N
[16:52:03] LPR 11 Recv: LPR_N
[16:52:08] LPR 11 Recv: LPR_N
[16:52:13] LPR 11 Recv: LPR_N
[16:52:19] LPR 11 Recv: LPR_N
[16:52:24] LPR 11 Recv: LPR_N
[16:52:30] LPR 11 Recv: LPR_N
[16:52:35] LPR 11 Recv: LPR_N
[16:52:40] LPR 11 Recv: LPR_N
[16:52:45] LPR 11 Recv: LPR_N
[16:52:51] LPR 11 Recv: LPR_N
[16:52:56] LPR 11 Recv: LPR_N
[16:53:02] LPR 11 Recv: LPR_N
[16:53:07] LPR 11 Recv: LPR_N
[16:53:12] LPR 11 Recv: LPR_N
[16:53:17] LPR 11 Recv: LPR_N
[16:53:22] LPR 11 Recv: LPR_N
[16:53:28] LPR 11 Recv: LPR_N
[16:53:33] LPR 11 Recv: LPR_N
[16:53:38] LPR 11 Recv: LPR_N
[16:53:44] LPR 11 Recv: LPR_N
[16:53:49] LPR 11 Recv: LPR_N
[16:53:54] LPR 11 Recv: LPR_N
[16:54:00] LPR 11 Recv: LPR_N
[16:54:05] LPR 11 Recv: LPR_N
[16:54:10] LPR 11 Recv: LPR_N
[16:54:15] LPR 11 Recv: LPR_N
[16:54:21] LPR 11 Recv: LPR_N
[16:54:26] LPR 11 Recv: LPR_N
[16:54:31] LPR 11 Recv: LPR_N
[16:54:37] LPR 11 Recv: LPR_N
[16:54:42] LPR 11 Recv: LPR_N
[16:54:47] LPR 11 Recv: LPR_N
[16:54:52] LPR 11 Recv: LPR_N
[16:54:58] LPR 11 Recv: LPR_N
[16:55:03] LPR 11 Recv: LPR_N
[16:55:08] LPR 11 Recv: LPR_N
[16:55:14] LPR 11 Recv: LPR_N
[16:55:19] LPR 11 Recv: LPR_N
[16:55:24] LPR 11 Recv: LPR_N
[16:55:29] LPR 11 Recv: LPR_N
[16:55:35] LPR 11 Recv: LPR_N
[16:55:40] LPR 11 Recv: LPR_N
[16:55:46] LPR 11 Recv: LPR_N
[16:55:51] LPR 11 Recv: LPR_N
[16:55:56] LPR 11 Recv: LPR_N
[16:56:01] LPR 11 Recv: LPR_N
[16:56:06] LPR 11 Recv: LPR_N
[16:56:12] LPR 11 Recv: LPR_N
[16:56:17] LPR 11 Recv: LPR_N
[16:56:23] LPR 11 Recv: LPR_N
[16:56:28] LPR 11 Recv: LPR_N
[16:56:33] LPR 11 Recv: LPR_N
[16:56:38] LPR 11 Recv: LPR_N
[16:56:44] LPR 11 Recv: LPR_N
[16:56:49] LPR 11 Recv: LPR_N
[16:56:54] LPR 11 Recv: LPR_N
[16:56:59] LPR 11 Recv: LPR_N
[16:57:05] LPR 11 Recv: LPR_N
[16:57:10] LPR 11 Recv: LPR_N
[16:57:15] LPR 11 Recv: LPR_N
[16:57:21] LPR 11 Recv: LPR_N
[16:57:26] LPR 11 Recv: LPR_N
[16:57:31] LPR 11 Recv: LPR_N
[16:57:36] LPR 11 Recv: LPR_N
[16:57:42] LPR 11 Recv: LPR_N
[16:57:47] LPR 11 Recv: LPR_N
[16:57:53] LPR 11 Recv: LPR_N
[16:57:58] LPR 11 Recv: LPR_N
[16:58:03] LPR 11 Recv: LPR_N
[16:58:08] LPR 11 Recv: LPR_N
[16:58:13] LPR 11 Recv: LPR_N
[16:58:19] LPR 11 Recv: LPR_N
[16:58:24] LPR 11 Recv: LPR_N
[16:58:30] LPR 11 Recv: LPR_N
[16:58:35] LPR 11 Recv: LPR_N
[16:58:40] LPR 11 Recv: LPR_N
[16:58:45] LPR 11 Recv: LPR_N
[16:58:51] LPR 11 Recv: LPR_N
[16:58:56] LPR 11 Recv: LPR_N
[16:59:01] LPR 11 Recv: LPR_N
[16:59:06] LPR 11 Recv: LPR_N
[16:59:12] LPR 11 Recv: LPR_N
[16:59:17] LPR 11 Recv: LPR_N
[16:59:22] LPR 11 Recv: LPR_N
[16:59:28] LPR 11 Recv: LPR_N
[16:59:33] LPR 11 Recv: LPR_N
[16:59:38] LPR 11 Recv: LPR_N
[16:59:43] LPR 11 Recv: LPR_N
[16:59:49] LPR 11 Recv: LPR_N
[16:59:54] LPR 11 Recv: LPR_N
[16:59:59] LPR 11 Recv: LPR_N
[17:00:05] LPR 11 Recv: LPR_N
[17:00:10] LPR 11 Recv: LPR_N
[17:00:15] LPR 11 Recv: LPR_N
[17:00:20] LPR 11 Recv: LPR_N
[17:00:26] LPR 11 Recv: LPR_N
[17:00:31] LPR 11 Recv: LPR_N
[17:00:36] LPR 11 Recv: LPR_N
[17:00:42] LPR 11 Recv: LPR_N
[17:00:47] LPR 11 Recv: LPR_N
[17:00:52] LPR 11 Recv: LPR_N
[17:00:57] LPR 11 Recv: LPR_N
[17:01:03] LPR 11 Recv: LPR_N
[17:01:08] LPR 11 Recv: LPR_N
[17:01:13] LPR 11 Recv: LPR_N
[17:01:18] LPR 11 Recv: LPR_N
[17:01:24] LPR 11 Recv: LPR_N
[17:01:29] LPR 11 Recv: LPR_N
[17:01:35] LPR 11 Recv: LPR_N
[17:01:40] LPR 11 Recv: LPR_N
[17:01:45] LPR 11 Recv: LPR_N
[17:01:50] LPR 11 Recv: LPR_N
[17:01:55] LPR 11 Recv: LPR_N
[17:02:01] LPR 11 Recv: LPR_N
[17:02:06] LPR 11 Recv: LPR_N
[17:02:12] LPR 11 Recv: LPR_N
[17:02:17] LPR 11 Recv: LPR_N
[17:02:22] LPR 11 Recv: LPR_N
[17:02:27] LPR 11 Recv: LPR_N
[17:02:33] LPR 11 Recv: LPR_N
[17:02:38] LPR 11 Recv: LPR_N
[17:02:43] LPR 11 Recv: LPR_N
[17:02:48] LPR 11 Recv: LPR_N
[17:02:54] LPR 11 Recv: LPR_N
[17:02:59] LPR 11 Recv: LPR_N
[17:03:04] LPR 11 Recv: LPR_N
[17:03:10] LPR 11 Recv: LPR_N
[17:03:15] LPR 11 Recv: LPR_N
[17:03:20] LPR 11 Recv: LPR_N
[17:03:25] LPR 11 Recv: LPR_N
[17:03:31] LPR 11 Recv: LPR_N
[17:03:36] LPR 11 Recv: LPR_N
[17:03:42] LPR 11 Recv: LPR_N
[17:03:47] LPR 11 Recv: LPR_N
[17:03:52] LPR 11 Recv: LPR_N
[17:03:57] LPR 11 Recv: LPR_N
[17:04:02] LPR 11 Recv: LPR_N
[17:04:08] LPR 11 Recv: LPR_N
[17:04:13] LPR 11 Recv: LPR_N
[17:04:19] LPR 11 Recv: LPR_N
[17:04:24] LPR 11 Recv: LPR_N
[17:04:29] LPR 11 Recv: LPR_N
[17:04:34] LPR 11 Recv: LPR_N
[17:04:40] LPR 11 Recv: LPR_N
[17:04:45] LPR 11 Recv: LPR_N
[17:04:50] LPR 11 Recv: LPR_N
[17:04:56] LPR 11 Recv: LPR_N
[17:05:01] LPR 11 Recv: LPR_N
[17:05:06] LPR 11 Recv: LPR_N
[17:05:11] LPR 11 Recv: LPR_N
[17:05:17] LPR 11 Recv: LPR_N
[17:05:22] LPR 11 Recv: LPR_N
[17:05:27] LPR 11 Recv: LPR_N
[17:05:32] LPR 11 Recv: LPR_N
[17:05:38] LPR 11 Recv: LPR_N
[17:05:43] LPR 11 Recv: LPR_N
[17:05:48] LPR 11 Recv: LPR_N
[17:05:54] LPR 11 Recv: LPR_N
[17:05:59] LPR 11 Recv: LPR_N
[17:06:04] LPR 11 Recv: LPR_N
[17:06:09] LPR 11 Recv: LPR_N
[17:06:15] LPR 11 Recv: LPR_N
[17:06:20] LPR 11 Recv: LPR_N
[17:06:26] LPR 11 Recv: LPR_N
[17:06:31] LPR 11 Recv: LPR_N
[17:06:36] LPR 11 Recv: LPR_N
[17:06:41] LPR 11 Recv: LPR_N
[17:06:46] LPR 11 Recv: LPR_N
[17:06:52] LPR 11 Recv: LPR_N
[17:06:57] LPR 11 Recv: LPR_N
[17:07:03] LPR 11 Recv: LPR_N
[17:07:08] LPR 11 Recv: LPR_N
[17:07:13] LPR 11 Recv: LPR_N
[17:07:18] LPR 11 Recv: LPR_N
[17:07:24] LPR 11 Recv: LPR_N
[17:07:29] LPR 11 Recv: LPR_N
[17:07:34] LPR 11 Recv: LPR_N
[17:07:40] LPR 11 Recv: LPR_N
[17:07:45] LPR 11 Recv: LPR_N
[17:07:50] LPR 11 Recv: LPR_N
[17:07:55] LPR 11 Recv: LPR_N
[17:08:01] LPR 11 Recv: LPR_N
[17:08:06] LPR 11 Recv: LPR_N
[17:08:11] LPR 11 Recv: LPR_N
[17:08:16] LPR 11 Recv: LPR_N
[17:08:22] LPR 11 Recv: LPR_N
[17:08:27] LPR 11 Recv: LPR_N
[17:08:33] LPR 11 Recv: LPR_N
[17:08:38] LPR 11 Recv: LPR_N
[17:08:43] LPR 11 Recv: LPR_N
[17:08:48] LPR 11 Recv: LPR_N
[17:08:53] LPR 11 Recv: LPR_N
[17:08:59] LPR 11 Recv: LPR_N
[17:09:04] LPR 11 Recv: LPR_N
[17:09:10] LPR 11 Recv: LPR_N
[17:09:15] LPR 11 Recv: LPR_N
[17:09:20] LPR 11 Recv: LPR_N
[17:09:25] LPR 11 Recv: LPR_N
[17:09:31] LPR 11 Recv: LPR_N
[17:09:36] LPR 11 Recv: LPR_N
[17:09:41] LPR 11 Recv: LPR_N
[17:09:46] LPR 11 Recv: LPR_N
[17:09:52] LPR 11 Recv: LPR_N
[17:09:57] LPR 11 Recv: LPR_N
[17:10:02] LPR 11 Recv: LPR_N
[17:10:08] LPR 11 Recv: LPR_N
[17:10:13] LPR 11 Recv: LPR_N
[17:10:18] LPR 11 Recv: LPR_N
[17:10:23] LPR 11 Recv: LPR_N
[17:10:29] LPR 11 Recv: LPR_N
[17:10:34] LPR 11 Recv: LPR_N
[17:10:39] LPR 11 Recv: LPR_N
[17:10:45] LPR 11 Recv: LPR_N
[17:10:50] LPR 11 Recv: LPR_N
[17:10:55] LPR 11 Recv: LPR_N
[17:11:00] LPR 11 Recv: LPR_N
[17:11:06] LPR 11 Recv: LPR_N
[17:11:11] LPR 11 Recv: LPR_N
[17:11:16] LPR 11 Recv: LPR_N
[17:11:22] LPR 11 Recv: LPR_N
[17:11:27] LPR 11 Recv: LPR_N
[17:11:32] LPR 11 Recv: LPR_N
[17:11:37] LPR 11 Recv: LPR_N
[17:11:43] LPR 11 Recv: LPR_N
[17:11:48] LPR 11 Recv: LPR_N
[17:11:53] LPR 11 Recv: LPR_N
[17:11:58] LPR 11 Recv: LPR_N
[17:12:04] LPR 11 Recv: LPR_N
[17:12:09] LPR 11 Recv: LPR_N
[17:12:15] LPR 11 Recv: LPR_N
[17:12:20] LPR 11 Recv: LPR_N
[17:12:25] LPR 11 Recv: LPR_N
[17:12:31] LPR 11 Recv: LPR_N
[17:12:36] LPR 11 Recv: LPR_N
[17:12:41] LPR 11 Recv: LPR_N
[17:12:46] LPR 11 Recv: LPR_N
[17:12:52] LPR 11 Recv: LPR_N
[17:12:57] LPR 11 Recv: LPR_N
[17:13:02] LPR 11 Recv: LPR_N
[17:13:07] LPR 11 Recv: LPR_N
[17:13:13] LPR 11 Recv: LPR_N
[17:13:18] LPR 11 Recv: LPR_N
[17:13:24] LPR 11 Recv: LPR_N
[17:13:29] LPR 11 Recv: LPR_N
[17:13:34] LPR 11 Recv: LPR_N
[17:13:39] LPR 11 Recv: LPR_N
[17:13:44] LPR 11 Recv: LPR_N
[17:13:50] LPR 11 Recv: LPR_N
[17:13:55] LPR 11 Recv: LPR_N
[17:14:01] LPR 11 Recv: LPR_N
[17:14:06] LPR 11 Recv: LPR_N
[17:14:11] LPR 11 Recv: LPR_N
[17:14:16] LPR 11 Recv: LPR_N
[17:14:22] LPR 11 Recv: LPR_N
[17:14:27] LPR 11 Recv: LPR_N
[17:14:32] LPR 11 Recv: LPR_N
[17:14:38] LPR 11 Recv: LPR_N
[17:14:43] LPR 11 Recv: LPR_N
[17:14:48] LPR 11 Recv: LPR_N
[17:14:53] LPR 11 Recv: LPR_N
[17:14:59] LPR 11 Recv: LPR_N
[17:15:04] LPR 11 Recv: LPR_N
[17:15:09] LPR 11 Recv: LPR_N
[17:15:15] LPR 11 Recv: LPR_N
[17:15:20] LPR 11 Recv: LPR_N
[17:15:25] LPR 11 Recv: LPR_N
[17:15:30] LPR 11 Recv: LPR_N
[17:15:36] LPR 11 Recv: LPR_N
[17:15:41] LPR 11 Recv: LPR_N
[17:15:46] LPR 11 Recv: LPR_N
[17:15:51] LPR 11 Recv: LPR_N
[17:15:57] LPR 11 Recv: LPR_N
[17:16:02] LPR 11 Recv: LPR_N
[17:16:08] LPR 11 Recv: LPR_N
[17:16:13] LPR 11 Recv: LPR_N
[17:16:18] LPR 11 Recv: LPR_N
[17:16:23] LPR 11 Recv: LPR_N
[17:16:28] LPR 11 Recv: LPR_N
[17:16:34] LPR 11 Recv: LPR_N
[17:16:39] LPR 11 Recv: LPR_N
[17:16:45] LPR 11 Recv: LPR_N
[17:16:50] LPR 11 Recv: LPR_N
[17:16:55] LPR 11 Recv: LPR_N
[17:17:00] LPR 11 Recv: LPR_N
[17:17:06] LPR 11 Recv: LPR_N
[17:17:11] LPR 11 Recv: LPR_N
[17:17:16] LPR 11 Recv: LPR_N
[17:17:22] LPR 11 Recv: LPR_N
[17:17:27] LPR 11 Recv: LPR_N
[17:17:32] LPR 11 Recv: LPR_N
[17:17:37] LPR 11 Recv: LPR_N
[17:17:43] LPR 11 Recv: LPR_N
[17:17:48] LPR 11 Recv: LPR_N
[17:17:53] LPR 11 Recv: LPR_N
[17:17:58] LPR 11 Recv: LPR_N
[17:18:04] LPR 11 Recv: LPR_N
[17:18:09] LPR 11 Recv: LPR_N
[17:18:15] LPR 11 Recv: LPR_N
[17:18:20] LPR 11 Recv: LPR_N
[17:18:25] LPR 11 Recv: LPR_N
[17:18:30] LPR 11 Recv: LPR_N
[17:18:35] LPR 11 Recv: LPR_N
[17:18:41] LPR 11 Recv: LPR_N
[17:18:46] LPR 11 Recv: LPR_N
[17:18:52] LPR 11 Recv: LPR_N
[17:18:57] LPR 11 Recv: LPR_N
[17:19:02] LPR 11 Recv: LPR_N
[17:19:07] LPR 11 Recv: LPR_N
[17:19:13] LPR 11 Recv: LPR_N
[17:19:18] LPR 11 Recv: LPR_N
[17:19:23] LPR 11 Recv: LPR_N
[17:19:29] LPR 11 Recv: LPR_N
[17:19:34] LPR 11 Recv: LPR_N
[17:19:39] LPR 11 Recv: LPR_N
[17:19:44] LPR 11 Recv: LPR_N
[17:19:50] LPR 11 Recv: LPR_N
[17:19:55] LPR 11 Recv: LPR_N
[17:20:00] LPR 11 Recv: LPR_N
[17:20:06] LPR 11 Recv: LPR_N
[17:20:11] LPR 11 Recv: LPR_N
[17:20:16] LPR 11 Recv: LPR_N
[17:20:21] LPR 11 Recv: LPR_N
[17:20:27] LPR 11 Recv: LPR_N
[17:20:32] LPR 11 Recv: LPR_N
[17:20:37] LPR 11 Recv: LPR_N
[17:20:43] LPR 11 Recv: LPR_N
[17:20:48] LPR 11 Recv: LPR_N
[17:20:53] LPR 11 Recv: LPR_N
[17:20:59] LPR 11 Recv: LPR_N
[17:21:04] LPR 11 Recv: LPR_N
[17:21:09] LPR 11 Recv: LPR_N
[17:21:14] LPR 11 Recv: LPR_N
[17:21:19] LPR 11 Recv: LPR_N
[17:21:25] LPR 11 Recv: LPR_N
[17:21:30] LPR 11 Recv: LPR_N
[17:21:36] LPR 11 Recv: LPR_N
[17:21:41] LPR 11 Recv: LPR_N
[17:21:46] LPR 11 Recv: LPR_N
[17:21:51] LPR 11 Recv: LPR_N
[17:21:57] LPR 11 Recv: LPR_N
[17:22:02] LPR 11 Recv: LPR_N
[17:22:08] LPR 11 Recv: LPR_N
[17:22:13] LPR 11 Recv: LPR_N
[17:22:18] LPR 11 Recv: LPR_N
[17:22:23] LPR 11 Recv: LPR_N
[17:22:28] LPR 11 Recv: LPR_N
[17:22:34] LPR 11 Recv: LPR_N
[17:22:39] LPR 11 Recv: LPR_N
[17:22:45] LPR 11 Recv: LPR_N
[17:22:50] LPR 11 Recv: LPR_N
[17:22:55] LPR 11 Recv: LPR_N
[17:23:00] LPR 11 Recv: LPR_N
[17:23:06] LPR 11 Recv: LPR_N
[17:23:11] LPR 11 Recv: LPR_N
[17:23:16] LPR 11 Recv: LPR_N
[17:23:21] LPR 11 Recv: LPR_N
[17:23:27] LPR 11 Recv: LPR_N
[17:23:32] LPR 11 Recv: LPR_N
[17:23:37] LPR 11 Recv: LPR_N
[17:23:43] LPR 11 Recv: LPR_N
[17:23:48] LPR 11 Recv: LPR_N
[17:23:53] LPR 11 Recv: LPR_N
[17:23:58] LPR 11 Recv: LPR_N
[17:24:04] LPR 11 Recv: LPR_N
[17:24:09] LPR 11 Recv: LPR_N
[17:24:14] LPR 11 Recv: LPR_N
[17:24:20] LPR 11 Recv: LPR_N
[17:24:25] LPR 11 Recv: LPR_N
[17:24:30] LPR 11 Recv: LPR_N
[17:24:35] LPR 11 Recv: LPR_N
[17:24:41] LPR 11 Recv: LPR_N
[17:24:46] LPR 11 Recv: LPR_N
[17:24:52] LPR 11 Recv: LPR_N
[17:24:57] LPR 11 Recv: LPR_N
[17:25:02] LPR 11 Recv: LPR_N
[17:25:07] LPR 11 Recv: LPR_N
[17:25:12] LPR 11 Recv: LPR_N
[17:25:18] LPR 11 Recv: LPR_N
[17:25:23] LPR 11 Recv: LPR_N
[17:25:29] LPR 11 Recv: LPR_N
[17:25:34] LPR 11 Recv: LPR_N
[17:25:39] LPR 11 Recv: LPR_N
[17:25:44] LPR 11 Recv: LPR_N
[17:25:50] LPR 11 Recv: LPR_N
[17:25:55] LPR 11 Recv: LPR_N
[17:26:00] LPR 11 Recv: LPR_N
[17:26:06] LPR 11 Recv: LPR_N
[17:26:11] LPR 11 Recv: LPR_N
[17:26:16] LPR 11 Recv: LPR_N
[17:26:21] LPR 11 Recv: LPR_N
[17:26:27] LPR 11 Recv: LPR_N
[17:26:32] LPR 11 Recv: LPR_N
[17:26:37] LPR 11 Recv: LPR_N
[17:26:42] LPR 11 Recv: LPR_N
[17:26:48] LPR 11 Recv: LPR_N
[17:26:53] LPR 11 Recv: LPR_N
[17:26:59] LPR 11 Recv: LPR_N
[17:27:04] LPR 11 Recv: LPR_N
[17:27:09] LPR 11 Recv: LPR_N
[17:27:14] LPR 11 Recv: LPR_N
[17:27:19] LPR 11 Recv: LPR_N
[17:27:25] LPR 11 Recv: LPR_N
[17:27:30] LPR 11 Recv: LPR_N
[17:27:36] LPR 11 Recv: LPR_N
[17:27:41] LPR 11 Recv: LPR_N
[17:27:46] LPR 11 Recv: LPR_N
[17:27:51] LPR 11 Recv: LPR_N
[17:27:57] LPR 11 Recv: LPR_N
[17:28:02] LPR 11 Recv: LPR_N
[17:28:07] LPR 11 Recv: LPR_N
[17:28:13] LPR 11 Recv: LPR_N
[17:28:18] LPR 11 Recv: LPR_N
[17:28:23] LPR 11 Recv: LPR_N
[17:28:28] LPR 11 Recv: LPR_N
[17:28:31] Program Close
