[12:03:10] Program Start!
[12:03:14] 근무시작: 근무자
[12:03:14] 영수증프린터 포트오픈 에러: ie_BadId - Specified comport doesn't exist
[12:03:14] Ping 시간 체크1-6765123
[12:03:14] Ping 시간 체크2-6765310
[12:03:14] Ping 시간 체크1-6765310
[12:03:14] Ping 시간 체크2-6765810
[12:03:14] 설치된 입구전광판이 없음!
[12:03:14] 설치된 출구전광판이 없음!
[12:03:16] 30분  101
[12:03:16] 1시간  102
[12:03:16] 2시간  103
[12:03:16] 무료  104
[12:03:16] 2시간50%  105
[12:03:16] 30%  106
[12:04:48] 승인요구 Timeout
[12:04:48] Ping 시간 체크1-6859800
[12:04:48] Ping 시간 체크2-6859800
[12:04:48] Ping 시간 체크1-6859800
[12:04:49] Ping 시간 체크2-6860299
[12:04:56] Program Close
[23:54:40] Program Start!
[23:54:56] 근무시작: 근무자
[23:54:56] 영수증프린터 포트오픈 에러: ie_BadId - Specified comport doesn't exist
[23:54:56] Ping 시간 체크1-3767377
[23:54:56] Ping 시간 체크2-3767689
[23:54:56] Ping 시간 체크1-3767689
[23:54:57] Ping 시간 체크2-3768188
[23:54:57] 설치된 입구전광판이 없음!
[23:54:57] 설치된 출구전광판이 없음!
[23:54:58] 30분  101
[23:54:58] 1시간  102
[23:54:58] 2시간  103
[23:54:58] 무료  104
[23:54:58] 2시간50%  105
[23:54:58] 30%  106
[23:55:43] 승인요구 에러
[23:55:52] Program Close
