[07:22:02] Program Start!
[07:22:12] 근무시작: 근무자
[07:22:13] 영수증프린터 포트오픈 에러: ie_BadId - Specified comport doesn't exist
[07:22:13] Ping 시간 체크1-1141552
[07:22:13] Ping 시간 체크2-1141615
[07:22:13] Ping 시간 체크1-1141615
[07:22:13] Ping 시간 체크2-1142114
[07:22:13] 설치된 입구전광판이 없음!
[07:22:13] 설치된 출구전광판이 없음!
[07:22:19] 30분  101
[07:22:19] 1시간  102
[07:22:19] 2시간  103
[07:22:19] 무료  104
[07:22:19] 2시간50%  105
[07:22:19] 30%  106
[07:22:27] ApprVer    : [A1]
[07:22:27] SvcType    : [DN]
[07:22:27] TrdType    : [T1]
[07:22:27] SndType    : [R]
[07:22:27] TermID     : [0710000001]
[07:22:27] TrdDate    : [20170616072303]
[07:22:27] TrdNo      : [0000000001]
[07:22:27] MchData    : [                    ]
[07:22:27] AnsCode    : [0000]
[07:22:27] Serial     : [1000000007          ]
[07:22:27] Message    : [테스트 버전 입니다.                     ]
[07:22:27] SftVer     : [07201]
[07:22:27] ShpNm      : [한국신용카드결제(주)                    ]
[07:22:27] BsnNo      : [2148631917]
[07:22:27] PreNm      : [소재광              ]
[07:22:27] ShpAdr     : [서울특별시 강남구 삼성동  159-1 트레이드타워 9    ]
[07:22:27] ShpTel     : [0234153600     ]
[07:22:34] Ping 시간 체크1-1162971
[07:22:34] Ping 시간 체크2-1163112
[07:22:34] 172.16.82.1 LPR 차단기 오픈시 네트워크 오류!
[07:22:40] Ping 시간 체크1-1169040
[07:22:40] Ping 시간 체크2-1169118
[07:22:40] 172.16.82.1 LPR 차단기 오픈시 네트워크 오류!
[07:22:50] Ping 시간 체크1-1178727
[07:22:50] Ping 시간 체크2-1179117
[07:22:50] 172.16.82.1 LPR 차단기 오픈시 네트워크 오류!
[07:23:13] Ping 시간 체크1-1201566
[07:23:13] Ping 시간 체크2-1201613
[07:23:13] Ping 시간 체크1-1201628
[07:23:13] Ping 시간 체크2-1202112
[07:25:59] Program Close
[07:29:21] Program Start!
[07:29:25] 근무시작: 근무자
[07:29:27] 영수증프린터 포트오픈 에러: ie_BadId - Specified comport doesn't exist
[07:29:27] Ping 시간 체크1-1457127
[07:29:27] Ping 시간 체크2-1457127
[07:29:27] Ping 시간 체크1-1457236
[07:29:27] Ping 시간 체크2-1457252
[07:29:27] 설치된 입구전광판이 없음!
[07:29:27] 설치된 출구전광판이 없음!
[07:29:27] 30분  101
[07:29:27] 1시간  102
[07:29:27] 2시간  103
[07:29:27] 무료  104
[07:29:27] 2시간50%  105
[07:29:27] 30%  106
[07:29:28] ApprVer    : [A1]
[07:29:28] SvcType    : [DN]
[07:29:28] TrdType    : [T1]
[07:29:28] SndType    : [R]
[07:29:28] TermID     : [0710000001]
[07:29:28] TrdDate    : [20170616072809]
[07:29:28] TrdNo      : [0000000001]
[07:29:28] MchData    : [                    ]
[07:29:28] AnsCode    : [0000]
[07:29:28] Serial     : [1000000007          ]
[07:29:28] Message    : [테스트 버전 입니다.                     ]
[07:29:28] SftVer     : [07201]
[07:29:28] ShpNm      : [한국신용카드결제(주)                    ]
[07:29:28] BsnNo      : [2148631917]
[07:29:28] PreNm      : [소재광              ]
[07:29:28] ShpAdr     : [서울특별시 강남구 삼성동  159-1 트레이드타워 9    ]
[07:29:28] ShpTel     : [0234153600     ]
[07:29:28] LPR 12 Recv: 127.0.0.1
[07:29:28] LPR 11 Recv: 127.0.0.1
[07:29:30] LPR 11 Recv: LPR_N
[07:29:30] LPR 12 Recv: LPR_N
[07:31:15] Program Start!
[07:42:06] 근무시작: 근무자
[07:42:06] 영수증프린터 포트오픈 에러: ie_BadId - Specified comport doesn't exist
[07:42:06] Ping 시간 체크1-2217117
[07:42:06] Ping 시간 체크2-2217117
[07:42:06] Ping 시간 체크1-2217117
[07:42:06] Ping 시간 체크2-2217117
[07:42:06] 설치된 입구전광판이 없음!
[07:42:06] 설치된 출구전광판이 없음!
[07:42:06] 30분  101
[07:42:06] 1시간  102
[07:42:06] 2시간  103
[07:42:06] 무료  104
[07:42:06] 2시간50%  105
[07:42:06] 30%  106
[07:42:06] ApprVer    : [A1]
[07:42:06] SvcType    : [DN]
[07:42:06] TrdType    : [T1]
[07:42:06] SndType    : [R]
[07:42:06] TermID     : [0710000001]
[07:42:06] TrdDate    : [20170616074049]
[07:42:06] TrdNo      : [0000000001]
[07:42:06] MchData    : [                    ]
[07:42:06] AnsCode    : [0000]
[07:42:06] Serial     : [1000000007          ]
[07:42:06] Message    : [테스트 버전 입니다.                     ]
[07:42:06] SftVer     : [07201]
[07:42:06] ShpNm      : [한국신용카드결제(주)                    ]
[07:42:06] BsnNo      : [2148631917]
[07:42:06] PreNm      : [소재광              ]
[07:42:06] ShpAdr     : [서울특별시 강남구 삼성동  159-1 트레이드타워 9    ]
[07:42:06] ShpTel     : [0234153600     ]
[07:42:06] LPR 11 Recv: 127.0.0.1
[07:42:06] LPR 12 Recv: 127.0.0.1
[07:42:07] LPR 11 Recv: LPR_N
[07:42:07] LPR 12 Recv: LPR_N
[07:42:10] LPR 11 Recv: LPR_N
[07:42:10] LPR 12 Recv: LPR_N
[07:42:11] Program Close
[11:35:26] Program Start!
[11:35:31] 근무시작: 근무자
[11:35:31] 영수증프린터 포트오픈 에러: ie_BadId - Specified comport doesn't exist
[11:35:32] Ping 시간 체크1-3135401
[11:35:32] Ping 시간 체크2-3135401
[11:35:32] Ping 시간 체크1-3135417
[11:35:32] Ping 시간 체크2-3135417
[11:35:32] 설치된 입구전광판이 없음!
[11:35:32] 설치된 출구전광판이 없음!
[11:35:32] 30분  101
[11:35:32] 1시간  102
[11:35:32] 2시간  103
[11:35:32] 무료  104
[11:35:32] 2시간50%  105
[11:35:32] 30%  106
[11:35:34] ApprVer    : [  ]
[11:35:34] SvcType    : [  ]
[11:35:34] TrdType    : [  ]
[11:35:34] SndType    : [ ]
[11:35:34] TermID     : [          ]
[11:35:34] TrdDate    : [              ]
[11:35:34] TrdNo      : [          ]
[11:35:34] MchData    : [                    ]
[11:35:34] AnsCode    : [9999]
[11:35:34] Serial     : [                    ]
[11:35:34] Message    : [                                        ]
[11:35:34] SftVer     : [     ]
[11:35:34] ShpNm      : [                                        ]
[11:35:34] BsnNo      : [          ]
[11:35:34] PreNm      : [                    ]
[11:35:34] ShpAdr     : [                                                  ]
[11:35:34] ShpTel     : [               ]
[11:35:35] InLpr1_SocketError: 10061
[11:35:35] OutLpr1_SocketError: 10061
[11:35:40] Program Close
[11:53:03] Program Start!
[11:53:06] 근무시작: 근무자
[11:53:06] 영수증프린터 포트오픈 에러: ie_BadId - Specified comport doesn't exist
[11:53:06] Ping 시간 체크1-4190436
[11:53:06] Ping 시간 체크2-4190452
[11:53:06] Ping 시간 체크1-4190452
[11:53:06] Ping 시간 체크2-4190452
[11:53:06] 설치된 입구전광판이 없음!
[11:53:06] 설치된 출구전광판이 없음!
[11:53:06] 30분  101
[11:53:06] 1시간  102
[11:53:06] 2시간  103
[11:53:06] 무료  104
[11:53:06] 2시간50%  105
[11:53:06] 30%  106
[11:53:07] ApprVer    : [  ]
[11:53:07] SvcType    : [  ]
[11:53:07] TrdType    : [  ]
[11:53:07] SndType    : [ ]
[11:53:07] TermID     : [          ]
[11:53:07] TrdDate    : [              ]
[11:53:07] TrdNo      : [          ]
[11:53:07] MchData    : [                    ]
[11:53:07] AnsCode    : [9999]
[11:53:07] Serial     : [                    ]
[11:53:07] Message    : [                                        ]
[11:53:07] SftVer     : [     ]
[11:53:07] ShpNm      : [                                        ]
[11:53:07] BsnNo      : [          ]
[11:53:07] PreNm      : [                    ]
[11:53:07] ShpAdr     : [                                                  ]
[11:53:07] ShpTel     : [               ]
[11:53:08] InLpr1_SocketError: 10061
[11:53:08] OutLpr1_SocketError: 10061
[11:53:12] Program Close
[11:53:28] Program Start!
[11:53:29] 근무시작: 근무자
[11:53:29] 영수증프린터 포트오픈 에러: ie_BadId - Specified comport doesn't exist
[11:53:29] Ping 시간 체크1-4213602
[11:53:29] Ping 시간 체크2-4213602
[11:53:29] Ping 시간 체크1-4213602
[11:53:29] Ping 시간 체크2-4213602
[11:53:29] 설치된 입구전광판이 없음!
[11:53:29] 설치된 출구전광판이 없음!
[11:53:29] 30분  101
[11:53:29] 1시간  102
[11:53:29] 2시간  103
[11:53:29] 무료  104
[11:53:29] 2시간50%  105
[11:53:29] 30%  106
[11:53:30] ApprVer    : [  ]
[11:53:30] SvcType    : [  ]
[11:53:30] TrdType    : [  ]
[11:53:30] SndType    : [ ]
[11:53:30] TermID     : [          ]
[11:53:30] TrdDate    : [              ]
[11:53:30] TrdNo      : [          ]
[11:53:30] MchData    : [                    ]
[11:53:30] AnsCode    : [9999]
[11:53:30] Serial     : [                    ]
[11:53:30] Message    : [                                        ]
[11:53:30] SftVer     : [     ]
[11:53:30] ShpNm      : [                                        ]
[11:53:30] BsnNo      : [          ]
[11:53:30] PreNm      : [                    ]
[11:53:30] ShpAdr     : [                                                  ]
[11:53:30] ShpTel     : [               ]
[11:53:31] OutLpr1_SocketError: 10061
[11:53:31] InLpr1_SocketError: 10061
[11:53:43] Ping 시간 체크1-4227689
[11:53:43] Ping 시간 체크2-4227705
[11:53:43] 출구차단기 Open
[11:53:46] Program Close
[11:53:55] Program Start!
[11:53:58] 근무시작: 근무자
[11:54:01] 영수증프린터 포트오픈 에러: ie_BadId - Specified comport doesn't exist
[11:54:01] Ping 시간 체크1-4246269
[11:54:01] Ping 시간 체크2-4246269
[11:54:01] Ping 시간 체크1-4246440
[11:54:01] Ping 시간 체크2-4246440
[11:54:01] 설치된 입구전광판이 없음!
[11:54:01] 설치된 출구전광판이 없음!
[11:54:01] 30분  101
[11:54:01] 1시간  102
[11:54:01] 2시간  103
[11:54:01] 무료  104
[11:54:01] 2시간50%  105
[11:54:01] 30%  106
[11:54:02] ApprVer    : [  ]
[11:54:02] SvcType    : [  ]
[11:54:02] TrdType    : [  ]
[11:54:02] SndType    : [ ]
[11:54:02] TermID     : [          ]
[11:54:02] TrdDate    : [              ]
[11:54:02] TrdNo      : [          ]
[11:54:02] MchData    : [                    ]
[11:54:02] AnsCode    : [9999]
[11:54:02] Serial     : [                    ]
[11:54:02] Message    : [                                        ]
[11:54:02] SftVer     : [     ]
[11:54:02] ShpNm      : [                                        ]
[11:54:02] BsnNo      : [          ]
[11:54:02] PreNm      : [                    ]
[11:54:02] ShpAdr     : [                                                  ]
[11:54:02] ShpTel     : [               ]
[11:54:03] InLpr1_SocketError: 10061
[11:54:04] OutLpr1_SocketError: 10061
[11:54:50] Program Start!
[11:54:51] 근무시작: 근무자
[11:54:51] 영수증프린터 포트오픈 에러: ie_BadId - Specified comport doesn't exist
[11:54:51] Ping 시간 체크1-4296766
[11:54:51] Ping 시간 체크2-4296766
[11:54:51] Ping 시간 체크1-4296782
[11:54:51] Ping 시간 체크2-4296782
[11:54:51] 설치된 입구전광판이 없음!
[11:54:51] 설치된 출구전광판이 없음!
[11:54:51] 30분  101
[11:54:51] 1시간  102
[11:54:51] 2시간  103
[11:54:51] 무료  104
[11:54:51] 2시간50%  105
[11:54:51] 30%  106
[11:54:52] ApprVer    : [  ]
[11:54:52] SvcType    : [  ]
[11:54:52] TrdType    : [  ]
[11:54:52] SndType    : [ ]
[11:54:52] TermID     : [          ]
[11:54:52] TrdDate    : [              ]
[11:54:52] TrdNo      : [          ]
[11:54:52] MchData    : [                    ]
[11:54:52] AnsCode    : [9999]
[11:54:52] Serial     : [                    ]
[11:54:52] Message    : [                                        ]
[11:54:52] SftVer     : [     ]
[11:54:52] ShpNm      : [                                        ]
[11:54:52] BsnNo      : [          ]
[11:54:52] PreNm      : [                    ]
[11:54:52] ShpAdr     : [                                                  ]
[11:54:52] ShpTel     : [               ]
[11:54:53] InLpr1_SocketError: 10061
[11:54:53] OutLpr1_SocketError: 10061
[11:55:17] Ping 시간 체크1-4322070
[11:55:17] Ping 시간 체크2-4322070
[11:55:17] 출구차단기 Open
[11:55:22] Program Close
[11:55:39] Program Start!
[11:55:40] 근무시작: 근무자
[11:55:40] 영수증프린터 포트오픈 에러: ie_BadId - Specified comport doesn't exist
[11:55:40] Ping 시간 체크1-4345938
[11:55:40] Ping 시간 체크2-4345938
[11:55:40] Ping 시간 체크1-4345938
[11:55:40] Ping 시간 체크2-4345938
[11:55:40] 설치된 입구전광판이 없음!
[11:55:40] 설치된 출구전광판이 없음!
[11:55:40] 30분  101
[11:55:40] 1시간  102
[11:55:40] 2시간  103
[11:55:40] 무료  104
[11:55:40] 2시간50%  105
[11:55:40] 30%  106
[11:55:41] ApprVer    : [  ]
[11:55:41] SvcType    : [  ]
[11:55:41] TrdType    : [  ]
[11:55:41] SndType    : [ ]
[11:55:41] TermID     : [          ]
[11:55:41] TrdDate    : [              ]
[11:55:41] TrdNo      : [          ]
[11:55:41] MchData    : [                    ]
[11:55:41] AnsCode    : [9999]
[11:55:41] Serial     : [                    ]
[11:55:41] Message    : [                                        ]
[11:55:41] SftVer     : [     ]
[11:55:41] ShpNm      : [                                        ]
[11:55:41] BsnNo      : [          ]
[11:55:41] PreNm      : [                    ]
[11:55:41] ShpAdr     : [                                                  ]
[11:55:41] ShpTel     : [               ]
[11:55:42] InLpr1_SocketError: 10061
[11:55:42] OutLpr1_SocketError: 10061
[11:55:49] Ping 시간 체크1-4354658
[11:55:49] Ping 시간 체크2-4354658
[11:55:49] 출구차단기 Open
[11:55:52] Program Close
[12:30:31] Program Start!
[12:30:38] 근무시작: 근무자
[12:30:38] 영수증프린터 포트오픈 에러: ie_BadId - Specified comport doesn't exist
[12:30:38] Ping 시간 체크1-565300
[12:30:38] Ping 시간 체크2-565300
[12:30:38] Ping 시간 체크1-565300
[12:30:38] Ping 시간 체크2-565300
[12:30:38] 설치된 입구전광판이 없음!
[12:30:38] 설치된 출구전광판이 없음!
[12:30:38] 30분  101
[12:30:38] 1시간  102
[12:30:38] 2시간  103
[12:30:38] 무료  104
[12:30:38] 2시간50%  105
[12:30:38] 30%  106
[12:31:15] Program Start!
[12:31:18] 근무시작: 근무자
[12:31:18] 영수증프린터 포트오픈 에러: ie_BadId - Specified comport doesn't exist
[12:31:18] Ping 시간 체크1-606485
[12:31:18] Ping 시간 체크2-606485
[12:31:18] Ping 시간 체크1-606485
[12:31:18] Ping 시간 체크2-606485
[12:31:18] 설치된 입구전광판이 없음!
[12:31:18] 설치된 출구전광판이 없음!
[12:31:18] 30분  101
[12:31:18] 1시간  102
[12:31:18] 2시간  103
[12:31:18] 무료  104
[12:31:18] 2시간50%  105
[12:31:18] 30%  106
[12:31:20] ApprVer    : [A1]
[12:31:20] SvcType    : [DN]
[12:31:20] TrdType    : [T1]
[12:31:20] SndType    : [R]
[12:31:20] TermID     : [0710000001]
[12:31:20] TrdDate    : [20170616123004]
[12:31:20] TrdNo      : [0000000001]
[12:31:20] MchData    : [                    ]
[12:31:20] AnsCode    : [0000]
[12:31:20] Serial     : [1000000007          ]
[12:31:20] Message    : [테스트 버전 입니다.                     ]
[12:31:20] SftVer     : [07201]
[12:31:20] ShpNm      : [한국신용카드결제(주)                    ]
[12:31:20] BsnNo      : [2148631917]
[12:31:20] PreNm      : [소재광              ]
[12:31:20] ShpAdr     : [서울특별시 강남구 삼성동  159-1 트레이드타워 9    ]
[12:31:20] ShpTel     : [0234153600     ]
[12:31:21] InLpr1_SocketError: 10061
[12:31:21] OutLpr1_SocketError: 10061
[12:31:43] Ping 시간 체크1-630868
[12:31:43] Ping 시간 체크2-630868
[12:31:43] 출구차단기 Open
[12:32:04] Program Close
[12:32:26] Program Start!
[12:32:29] 근무시작: 근무자
[12:32:29] 영수증프린터 포트오픈 에러: ie_BadId - Specified comport doesn't exist
[12:32:29] Ping 시간 체크1-678432
[12:32:29] Ping 시간 체크2-678432
[12:32:29] Ping 시간 체크1-678448
[12:32:29] Ping 시간 체크2-678448
[12:32:29] 설치된 입구전광판이 없음!
[12:32:29] 설치된 출구전광판이 없음!
[12:32:30] 30분  101
[12:32:30] 1시간  102
[12:32:30] 2시간  103
[12:32:30] 무료  104
[12:32:30] 2시간50%  105
[12:32:30] 30%  106
[12:32:31] ApprVer    : [A1]
[12:32:31] SvcType    : [DN]
[12:32:31] TrdType    : [T1]
[12:32:31] SndType    : [R]
[12:32:31] TermID     : [0710000001]
[12:32:31] TrdDate    : [20170616123116]
[12:32:31] TrdNo      : [0000000001]
[12:32:31] MchData    : [                    ]
[12:32:31] AnsCode    : [0000]
[12:32:31] Serial     : [1000000007          ]
[12:32:31] Message    : [테스트 버전 입니다.                     ]
[12:32:31] SftVer     : [07201]
[12:32:31] ShpNm      : [한국신용카드결제(주)                    ]
[12:32:31] BsnNo      : [2148631917]
[12:32:31] PreNm      : [소재광              ]
[12:32:31] ShpAdr     : [서울특별시 강남구 삼성동  159-1 트레이드타워 9    ]
[12:32:31] ShpTel     : [0234153600     ]
[12:32:32] OutLpr1_SocketError: 10061
[12:32:32] InLpr1_SocketError: 10061
[12:32:43] Ping 시간 체크1-691614
[12:32:43] Ping 시간 체크2-691614
[12:32:43] 출구차단기 Open
[12:32:56] 수동입차: 2017-06-16, 12:32:56, 12가1234
[12:33:29] Ping 시간 체크1-738446
[12:33:29] Ping 시간 체크2-738446
[12:33:29] Ping 시간 체크1-738461
[12:33:29] Ping 시간 체크2-738461
[12:33:30] InLpr1_SocketError: 10061
[12:33:30] OutLpr1_SocketError: 10061
[12:33:47] Program Close
