[12:42:12] Program Start!
[12:42:27] 근무시작: 근무자
[12:42:29] 영수증프린터 포트오픈 에러: ie_BadId - Specified comport doesn't exist
[12:42:29] Ping 시간 체크1-16046372
[12:42:29] Ping 시간 체크2-16046372
[12:42:29] Ping 시간 체크1-16046481
[12:42:29] Ping 시간 체크2-16046481
[12:42:30] 설치된 입구전광판이 없음!
[12:42:30] 설치된 출구전광판이 없음!
[12:42:30] 30분  101
[12:42:30] 1시간  102
[12:42:30] 2시간  103
[12:42:30] 무료  104
[12:42:30] 2시간50%  105
[12:42:30] 30%  106
[12:42:31] OutLpr1_SocketError: 10061
[12:42:33] InLpr1_SocketError: 10061
[12:42:38] Program Close
[12:44:31] Program Start!
[12:44:33] 근무시작: 근무자
[12:44:35] 영수증프린터 포트오픈 에러: ie_BadId - Specified comport doesn't exist
[12:44:35] Ping 시간 체크1-16173434
[12:44:35] Ping 시간 체크2-16173434
[12:44:35] Ping 시간 체크1-16173481
[12:44:35] Ping 시간 체크2-16173481
[12:44:35] 설치된 입구전광판이 없음!
[12:44:35] 설치된 출구전광판이 없음!
[12:44:35] 30분  101
[12:44:35] 1시간  102
[12:44:35] 2시간  103
[12:44:35] 무료  104
[12:44:35] 2시간50%  105
[12:44:35] 30%  106
[12:44:39] ApprVer    : [A1]
[12:44:39] SvcType    : [DN]
[12:44:39] TrdType    : [T1]
[12:44:39] SndType    : [R]
[12:44:39] TermID     : [0710000001]
[12:44:39] TrdDate    : [20170609124440]
[12:44:39] TrdNo      : [0000000001]
[12:44:39] MchData    : [                    ]
[12:44:39] AnsCode    : [0000]
[12:44:39] Serial     : [1000000007          ]
[12:44:39] Message    : [테스트 버전 입니다.                     ]
[12:44:39] SftVer     : [07201]
[12:44:39] ShpNm      : [한국신용카드결제(주)                    ]
[12:44:39] BsnNo      : [2148631917]
[12:44:39] PreNm      : [소재광              ]
[12:44:39] ShpAdr     : [서울특별시 강남구 삼성동  159-1 트레이드타워 9    ]
[12:44:39] ShpTel     : [0234153600     ]
[12:44:40] OutLpr1_SocketError: 10061
[12:44:42] InLpr1_SocketError: 10061
[12:44:46] Program Close
[12:54:04] Program Start!
[12:58:58] 근무시작: 근무자
[12:59:00] 영수증프린터 포트오픈 에러: ie_BadId - Specified comport doesn't exist
[12:59:00] Ping 시간 체크1-17038616
[12:59:00] Ping 시간 체크2-17038647
[12:59:00] Ping 시간 체크1-17038710
[12:59:00] Ping 시간 체크2-17038710
[12:59:00] 설치된 입구전광판이 없음!
[12:59:00] 설치된 출구전광판이 없음!
[12:59:00] 30분  101
[12:59:00] 1시간  102
[12:59:00] 2시간  103
[12:59:00] 무료  104
[12:59:00] 2시간50%  105
[12:59:00] 30%  106
[12:59:01] ApprVer    : [A1]
[12:59:01] SvcType    : [DN]
[12:59:01] TrdType    : [T1]
[12:59:01] SndType    : [R]
[12:59:01] TermID     : [0710000001]
[12:59:01] TrdDate    : [20170609125902]
[12:59:01] TrdNo      : [0000000001]
[12:59:01] MchData    : [                    ]
[12:59:01] AnsCode    : [0000]
[12:59:01] Serial     : [1000000007          ]
[12:59:01] Message    : [테스트 버전 입니다.                     ]
[12:59:01] SftVer     : [07201]
[12:59:01] ShpNm      : [한국신용카드결제(주)                    ]
[12:59:01] BsnNo      : [2148631917]
[12:59:01] PreNm      : [소재광              ]
[12:59:01] ShpAdr     : [서울특별시 강남구 삼성동  159-1 트레이드타워 9    ]
[12:59:01] ShpTel     : [0234153600     ]
[12:59:02] OutLpr1_SocketError: 10061
[12:59:03] InLpr1_SocketError: 10061
[13:00:00] Ping 시간 체크1-17098629
[13:00:00] Ping 시간 체크2-17098645
[13:00:00] Ping 시간 체크1-17098723
[13:00:00] Ping 시간 체크2-17098879
[13:00:01] InLpr1_SocketError: 10061
[13:00:02] OutLpr1_SocketError: 10061
[13:01:00] Ping 시간 체크1-17158643
[13:01:00] Ping 시간 체크2-17158643
[13:01:00] Ping 시간 체크1-17158737
[13:01:00] Ping 시간 체크2-17158737
[13:01:01] InLpr1_SocketError: 10061
[13:01:02] OutLpr1_SocketError: 10061
