[12:57:22] Program Start!
[12:57:32] 근무시작: 근무자
[12:57:35] 영수증프린터 포트오픈 에러: ie_BadId - Specified comport doesn't exist
[12:57:35] Ping 시간 체크1-16785660
[12:57:35] Ping 시간 체크2-16785691
[12:57:35] Ping 시간 체크1-16785707
[12:57:35] Ping 시간 체크2-16785707
[12:57:35] 설치된 출구 LPR이 없음!
[12:57:35] Ping 시간 체크1-16785832
[12:57:35] Ping 시간 체크2-16785832
[12:57:35] Ping 시간 체크1-16785832
[12:57:35] Ping 시간 체크2-16785832
[12:57:35] 설치된 출구전광판이 없음!
[12:57:35] 30분  101
[12:57:35] 1시간  102
[12:57:35] 2시간  103
[12:57:35] 무료  104
[12:57:35] 2시간50%  105
[12:57:35] 30%  106
[12:57:44] CardDownload : Access violation at address 10001871 in module 'KocesICLib.dll'. Read of address 00000000
[12:57:44] LPR 11 Recv: 127.0.0.1
[12:57:45] InLpr2_SocketError: 10061
[12:57:47] InDsp2SocketError: 10061
[12:57:47] LPR 11 Recv: LPR_N
[12:57:48] LPR 11 Recv: LPR_N
[12:57:51] Program Close
[13:05:49] Program Start!
[13:06:08] 근무시작: 근무자
[13:06:09] 영수증프린터 포트오픈 에러: ie_BadId - Specified comport doesn't exist
[13:06:09] Ping 시간 체크1-17301025
[13:06:09] Ping 시간 체크2-17301025
[13:06:09] Ping 시간 체크1-17301041
[13:06:09] Ping 시간 체크2-17301056
[13:06:09] 설치된 출구 LPR이 없음!
[13:06:09] Ping 시간 체크1-17301103
[13:06:09] Ping 시간 체크2-17301103
[13:06:09] Ping 시간 체크1-17301103
[13:06:09] Ping 시간 체크2-17301103
[13:06:09] 설치된 출구전광판이 없음!
[13:06:09] 30분  101
[13:06:09] 1시간  102
[13:06:09] 2시간  103
[13:06:09] 무료  104
[13:06:09] 2시간50%  105
[13:06:09] 30%  106
[13:06:16] ApprVer    : [A1]
[13:06:16] SvcType    : [DN]
[13:06:16] TrdType    : [T1]
[13:06:16] SndType    : [R]
[13:06:16] TermID     : [0710000001]
[13:06:16] TrdDate    : [20170608130356]
[13:06:16] TrdNo      : [0000000001]
[13:06:16] MchData    : [                    ]
[13:06:16] AnsCode    : [0000]
[13:06:16] Serial     : [1000000007          ]
[13:06:16] Message    : [테스트 버전 입니다.                     ]
[13:06:16] SftVer     : [07201]
[13:06:16] ShpNm      : [한국신용카드결제(주)                    ]
[13:06:16] BsnNo      : [2148631917]
[13:06:16] PreNm      : [소재광              ]
[13:06:16] ShpAdr     : [서울특별시 강남구 삼성동  159-1 트레이드타워 9    ]
[13:06:16] ShpTel     : [0234153600     ]
[13:20:03] Program Start!
[13:20:07] 근무시작: 근무자
[13:20:09] 영수증프린터 포트오픈 에러: ie_BadId - Specified comport doesn't exist
[13:20:09] Ping 시간 체크1-18141434
[13:20:09] Ping 시간 체크2-18141434
[13:20:09] Ping 시간 체크1-18141465
[13:20:09] Ping 시간 체크2-18141465
[13:20:09] 설치된 출구 LPR이 없음!
[13:20:09] Ping 시간 체크1-18141605
[13:20:09] Ping 시간 체크2-18141605
[13:20:09] Ping 시간 체크1-18141605
[13:20:09] Ping 시간 체크2-18141605
[13:20:09] 설치된 출구전광판이 없음!
[13:20:09] 30분  101
[13:20:09] 1시간  102
[13:20:09] 2시간  103
[13:20:09] 무료  104
[13:20:09] 2시간50%  105
[13:20:09] 30%  106
[13:20:15] ApprVer    : [A1]
[13:20:15] SvcType    : [DN]
[13:20:15] TrdType    : [T1]
[13:20:15] SndType    : [R]
[13:20:15] TermID     : [0710000001]
[13:20:15] TrdDate    : [20170608131756]
[13:20:15] TrdNo      : [0000000001]
[13:20:15] MchData    : [                    ]
[13:20:15] AnsCode    : [0000]
[13:20:15] Serial     : [1000000007          ]
[13:20:15] Message    : [테스트 버전 입니다.                     ]
[13:20:15] SftVer     : [07201]
[13:20:15] ShpNm      : [한국신용카드결제(주)                    ]
[13:20:15] BsnNo      : [2148631917]
[13:20:15] PreNm      : [소재광              ]
[13:20:15] ShpAdr     : [서울특별시 강남구 삼성동  159-1 트레이드타워 9    ]
[13:20:15] ShpTel     : [0234153600     ]
[13:20:54] Program Start!
[13:20:57] 근무시작: 근무자
[13:20:58] 영수증프린터 포트오픈 에러: ie_BadId - Specified comport doesn't exist
[13:20:58] Ping 시간 체크1-18191775
[13:20:58] Ping 시간 체크2-18191775
[13:20:58] Ping 시간 체크1-18191791
[13:20:58] Ping 시간 체크2-18191791
[13:20:59] 설치된 출구 LPR이 없음!
[13:20:59] Ping 시간 체크1-18191853
[13:20:59] Ping 시간 체크2-18191853
[13:20:59] Ping 시간 체크1-18191853
[13:20:59] Ping 시간 체크2-18191853
[13:20:59] 설치된 출구전광판이 없음!
[13:20:59] 30분  101
[13:20:59] 1시간  102
[13:20:59] 2시간  103
[13:20:59] 무료  104
[13:20:59] 2시간50%  105
[13:20:59] 30%  106
[13:21:15] ApprVer    : [A1]
[13:21:15] SvcType    : [DN]
[13:21:16] TrdType    : [T1]
[13:21:16] SndType    : [R]
[13:21:16] TermID     : [0710000001]
[13:21:16] TrdDate    : [20170608131843]
[13:21:17] TrdNo      : [0000000001]
[13:21:17] MchData    : [                    ]
[13:21:17] AnsCode    : [0000]
[13:21:17] Serial     : [1000000007          ]
[13:21:18] Message    : [테스트 버전 입니다.                     ]
[13:21:18] SftVer     : [07201]
[13:21:18] ShpNm      : [한국신용카드결제(주)                    ]
[13:21:18] BsnNo      : [2148631917]
[13:21:19] PreNm      : [소재광              ]
[13:21:19] ShpAdr     : [서울특별시 강남구 삼성동  159-1 트레이드타워 9    ]
[13:21:20] ShpTel     : [0234153600     ]
[13:21:36] LPR 11 Recv: 127.0.0.1
[13:21:37] InDsp2SocketError: 10061
[13:21:38] InLpr2_SocketError: 10061
[13:21:39] LPR 11 Recv: LPR_N
[13:21:40] LPR 11 Recv: LPR_N
[13:21:43] Program Close
[13:21:54] Program Start!
[13:21:57] 근무시작: 근무자
[13:21:59] 영수증프린터 포트오픈 에러: ie_BadId - Specified comport doesn't exist
[13:21:59] Ping 시간 체크1-18252148
[13:21:59] Ping 시간 체크2-18252163
[13:21:59] Ping 시간 체크1-18252179
[13:21:59] Ping 시간 체크2-18252179
[13:21:59] 설치된 출구 LPR이 없음!
[13:21:59] Ping 시간 체크1-18252241
[13:21:59] Ping 시간 체크2-18252241
[13:21:59] Ping 시간 체크1-18252241
[13:21:59] Ping 시간 체크2-18252241
[13:21:59] 설치된 출구전광판이 없음!
[13:21:59] 30분  101
[13:21:59] 1시간  102
[13:21:59] 2시간  103
[13:21:59] 무료  104
[13:21:59] 2시간50%  105
[13:21:59] 30%  106
[13:22:26] 승인요구 에러
[14:58:03] Program Start!
[14:58:07] 근무시작: 근무자
[14:58:09] 영수증프린터 포트오픈 에러: ie_BadId - Specified comport doesn't exist
[14:58:09] Ping 시간 체크1-24023311
[14:58:09] Ping 시간 체크2-24023311
[14:58:09] Ping 시간 체크1-24023342
[14:58:09] Ping 시간 체크2-24023358
[14:58:09] 설치된 출구 LPR이 없음!
[14:58:09] Ping 시간 체크1-24023483
[14:58:09] Ping 시간 체크2-24023483
[14:58:09] Ping 시간 체크1-24023483
[14:58:09] Ping 시간 체크2-24023483
[14:58:09] 설치된 출구전광판이 없음!
[14:58:09] 30분  101
[14:58:09] 1시간  102
[14:58:09] 2시간  103
[14:58:09] 무료  104
[14:58:09] 2시간50%  105
[14:58:09] 30%  106
[14:58:17] ApprVer    : [A1]
[14:58:17] SvcType    : [DN]
[14:58:17] TrdType    : [T1]
[14:58:17] SndType    : [R]
[14:58:17] TermID     : [0710000001]
[14:58:17] TrdDate    : [20170608145600]
[14:58:17] TrdNo      : [0000000001]
[14:58:17] MchData    : [                    ]
[14:58:17] AnsCode    : [0000]
[14:58:17] Serial     : [1000000007          ]
[14:58:17] Message    : [테스트 버전 입니다.                     ]
[14:58:17] SftVer     : [07201]
[14:58:17] ShpNm      : [한국신용카드결제(주)                    ]
[14:58:17] BsnNo      : [2148631917]
[14:58:17] PreNm      : [소재광              ]
[14:58:17] ShpAdr     : [서울특별시 강남구 삼성동  159-1 트레이드타워 9    ]
[14:58:17] ShpTel     : [0234153600     ]
[14:58:17] LPR 11 Recv: 127.0.0.1
[14:58:18] InDsp2SocketError: 10061
[14:58:20] InLpr2_SocketError: 10061
[14:58:20] LPR 11 Recv: LPR_N
[14:58:22] LPR 11 Recv: LPR_N
[14:58:30] LPR 11 Recv: LPR_N
[14:58:32] LPR 11 Recv: LPR_N
[14:58:35] Program Close
[14:59:05] Program Start!
[14:59:10] Program Close
[15:01:17] Program Start!
[15:02:09] Program Start!
[15:02:14] Program Close
[15:02:24] Program Start!
[15:02:25] 근무시작: 근무자
[15:02:25] 영수증프린터 포트오픈 에러: ie_BadId - Specified comport doesn't exist
[15:02:25] Ping 시간 체크1-24281462
[15:02:25] Ping 시간 체크2-24281462
[15:02:25] 설치된 출구 LPR이 없음!
[15:02:25] Ping 시간 체크1-24281477
[15:02:25] Ping 시간 체크2-24281477
[15:02:25] 설치된 출구전광판이 없음!
[15:02:26] 30분  101
[15:02:26] 1시간  102
[15:02:26] 2시간  103
[15:02:26] 무료  104
[15:02:26] 2시간50%  105
[15:02:26] 30%  106
[15:02:26] ApprVer    : [A1]
[15:02:26] SvcType    : [DN]
[15:02:26] TrdType    : [T1]
[15:02:26] SndType    : [R]
[15:02:26] TermID     : [0710000001]
[15:02:26] TrdDate    : [20170608150010]
[15:02:26] TrdNo      : [0000000001]
[15:02:26] MchData    : [                    ]
[15:02:26] AnsCode    : [0000]
[15:02:26] Serial     : [1000000007          ]
[15:02:26] Message    : [테스트 버전 입니다.                     ]
[15:02:26] SftVer     : [07201]
[15:02:26] ShpNm      : [한국신용카드결제(주)                    ]
[15:02:26] BsnNo      : [2148631917]
[15:02:26] PreNm      : [소재광              ]
[15:02:26] ShpAdr     : [서울특별시 강남구 삼성동  159-1 트레이드타워 9    ]
[15:02:26] ShpTel     : [0234153600     ]
[15:02:26] LPR 11 Recv: 127.0.0.1
[15:02:27] LPR 11 Recv: LPR_N
[15:02:29] LPR 11 Recv: LPR_N
[15:02:34] LPR 11 Recv: LPR_N
[15:02:40] LPR 11 Recv: LPR_N
[15:02:45] LPR 11 Recv: LPR_N
[15:02:51] LPR 11 Recv: LPR_N
[15:02:56] LPR 11 Recv: LPR_N
[15:03:01] LPR 11 Recv: LPR_N
[15:03:06] LPR 11 Recv: LPR_N
[15:03:12] LPR 11 Recv: LPR_N
[15:03:17] LPR 11 Recv: LPR_N
[15:03:22] LPR 11 Recv: LPR_N
[15:03:28] LPR 11 Recv: LPR_N
[15:03:33] LPR 11 Recv: LPR_N
[15:03:38] LPR 11 Recv: LPR_N
[15:03:43] LPR 11 Recv: LPR_N
[15:03:49] LPR 11 Recv: LPR_N
[15:03:54] LPR 11 Recv: LPR_N
[15:04:00] LPR 11 Recv: LPR_N
[15:04:05] LPR 11 Recv: LPR_N
[15:04:10] LPR 11 Recv: LPR_N
[15:04:15] LPR 11 Recv: LPR_N
[15:04:20] LPR 11 Recv: LPR_N
[15:04:26] LPR 11 Recv: LPR_N
[15:04:31] LPR 11 Recv: LPR_N
[15:04:37] LPR 11 Recv: LPR_N
[15:04:42] LPR 11 Recv: LPR_N
[15:04:47] LPR 11 Recv: LPR_N
[15:04:49] Program Close
[15:05:13] Program Start!
[15:05:15] 근무시작: 근무자
[15:05:17] 영수증프린터 포트오픈 에러: ie_BadId - Specified comport doesn't exist
[15:05:17] Ping 시간 체크1-24453343
[15:05:17] Ping 시간 체크2-24453390
[15:05:17] 설치된 출구 LPR이 없음!
[15:05:17] Ping 시간 체크1-24453437
[15:05:17] Ping 시간 체크2-24453437
[15:05:17] 설치된 출구전광판이 없음!
[15:05:17] 30분  101
[15:05:17] 1시간  102
[15:05:17] 2시간  103
[15:05:17] 무료  104
[15:05:17] 2시간50%  105
[15:05:17] 30%  106
[15:05:40] Program Start!
[15:05:42] 근무시작: 근무자
[15:05:45] 영수증프린터 포트오픈 에러: ie_BadId - Specified comport doesn't exist
[15:05:45] Ping 시간 체크1-24481361
[15:05:45] Ping 시간 체크2-24481361
[15:05:45] 설치된 출구 LPR이 없음!
[15:05:45] Ping 시간 체크1-24481424
[15:05:45] Ping 시간 체크2-24481424
[15:05:45] 설치된 출구전광판이 없음!
[15:05:45] 30분  101
[15:05:45] 1시간  102
[15:05:45] 2시간  103
[15:05:45] 무료  104
[15:05:45] 2시간50%  105
[15:05:45] 30%  106
[15:05:45] ApprVer    : [A1]
[15:05:45] SvcType    : [DN]
[15:05:45] TrdType    : [T1]
[15:05:45] SndType    : [R]
[15:05:45] TermID     : [0710000001]
[15:05:45] TrdDate    : [20170608150330]
[15:05:45] TrdNo      : [0000000001]
[15:05:45] MchData    : [                    ]
[15:05:45] AnsCode    : [0000]
[15:05:45] Serial     : [1000000007          ]
[15:05:45] Message    : [테스트 버전 입니다.                     ]
[15:05:45] SftVer     : [07201]
[15:05:45] ShpNm      : [한국신용카드결제(주)                    ]
[15:05:45] BsnNo      : [2148631917]
[15:05:45] PreNm      : [소재광              ]
[15:05:45] ShpAdr     : [서울특별시 강남구 삼성동  159-1 트레이드타워 9    ]
[15:05:45] ShpTel     : [0234153600     ]
[15:05:45] LPR 11 Recv: 127.0.0.1
[15:05:47] LPR 11 Recv: LPR_N
[15:05:50] LPR 11 Recv: LPR_N
[15:05:55] LPR 11 Recv: LPR_N
[15:06:00] LPR 11 Recv: LPR_N
[15:06:06] LPR 11 Recv: LPR_N
[15:06:11] LPR 11 Recv: LPR_N
[15:06:16] LPR 11 Recv: LPR_N
[15:06:22] LPR 11 Recv: LPR_N
[15:06:27] LPR 11 Recv: LPR_N
[15:06:34] LPR 11 Recv: LPR_N
[15:06:40] LPR 11 Recv: LPR_N
[15:06:46] LPR 11 Recv: CH1#경기46로8862#O#\2017\06\02\CH1_20170602150645_경기46로8862.jpg
[15:06:46] LPR Check: 경기46로8862, http://127.0.0.1:9080/MSImage/2017/06/02/CH1_20170602150645_경기46로8862.jpg, 1,,,0, 2017-06-02 15:06:45
[15:06:46] File: \\127.0.0.1\MSImage\2017\06\02\CH1_20170602150645_경기46로8862.jpg
[15:06:46] 일반차량: 경기46로8862, 
[15:06:46] Ping 시간 체크1-24543153
[15:06:46] Ping 시간 체크2-24543169
[15:06:46] Ping 시간 체크1-24543169
[15:06:46] Ping 시간 체크2-24543169
[15:06:46] 입구차단기 Open
[15:06:46] 일반차량입차: 경기46로8862, 
[15:06:47] LPR 11 Recv: LPR_N
[15:06:52] LPR 11 Recv: LPR_N
[15:07:25] Program Start!
[15:07:28] 근무시작: 근무자
[15:07:29] 영수증프린터 포트오픈 에러: ie_BadId - Specified comport doesn't exist
[15:07:29] Ping 시간 체크1-24586053
[15:07:29] Ping 시간 체크2-24586069
[15:09:37] Program Start!
[15:09:38] 근무시작: 근무자
[15:09:38] 영수증프린터 포트오픈 에러: ie_BadId - Specified comport doesn't exist
[15:09:38] Ping 시간 체크1-24716002
[15:09:38] Ping 시간 체크2-24716002
[15:09:38] Ping 시간 체크1-24716002
[15:09:38] Ping 시간 체크2-24716002
[15:09:38] 설치된 입구전광판이 없음!
[15:09:38] 설치된 출구전광판이 없음!
[15:09:38] 30분  101
[15:09:38] 1시간  102
[15:09:38] 2시간  103
[15:09:38] 무료  104
[15:09:38] 2시간50%  105
[15:09:38] 30%  106
[15:09:39] ApprVer    : [A1]
[15:09:39] SvcType    : [DN]
[15:09:39] TrdType    : [T1]
[15:09:39] SndType    : [R]
[15:09:39] TermID     : [0710000001]
[15:09:39] TrdDate    : [20170608150725]
[15:09:39] TrdNo      : [0000000001]
[15:09:39] MchData    : [                    ]
[15:09:39] AnsCode    : [0000]
[15:09:39] Serial     : [1000000007          ]
[15:09:39] Message    : [테스트 버전 입니다.                     ]
[15:09:39] SftVer     : [07201]
[15:09:39] ShpNm      : [한국신용카드결제(주)                    ]
[15:09:39] BsnNo      : [2148631917]
[15:09:39] PreNm      : [소재광              ]
[15:09:39] ShpAdr     : [서울특별시 강남구 삼성동  159-1 트레이드타워 9    ]
[15:09:39] ShpTel     : [0234153600     ]
[15:09:39] LPR 11 Recv: 127.0.0.1
[15:09:39] LPR 12 Recv: 127.0.0.1
[15:09:40] LPR 11 Recv: LPR_N
[15:09:40] LPR 12 Recv: LPR_N
[15:09:41] LPR 11 Recv: LPR_N
[15:09:43] LPR 12 Recv: LPR_N
[15:09:46] LPR 11 Recv: LPR_N
[15:09:48] LPR 12 Recv: CH1#61노9260#N#\2017\06\02\CH1_20170602150948_61노9260.jpg
[15:09:48] LPR Check: 61노9260,http://127.0.0.1:9080/MSImage/2017/06/02/CH1_20170602150948_61노9260.jpg,1,,,0, 2017-06-02 15:09:48
[15:09:48] File: \\127.0.0.1\MSImage\2017\06\02\CH1_20170602150948_61노9260.jpg
[15:09:48] 일반차량: 61노9260, 
[15:09:48] Ping 시간 체크1-24725503
[15:09:48] Ping 시간 체크2-24725503
[15:09:48] 일반차량출차: 61노9260, 
[15:09:48] LPR 12 Recv: LPR_N
[15:09:52] LPR 11 Recv: LPR_N
[15:09:54] LPR 12 Recv: LPR_N
[15:09:57] LPR 11 Recv: LPR_N
[15:09:57] Ping 시간 체크1-24734644
[15:09:57] Ping 시간 체크2-24734644
[15:09:57] 출구차단기 Open
[15:09:59] LPR 12 Recv: LPR_N
[15:10:00] Program Close
[15:10:17] Program Start!
[15:10:18] 근무시작: 근무자
[15:10:20] 영수증프린터 포트오픈 에러: ie_BadId - Specified comport doesn't exist
[15:10:20] Ping 시간 체크1-24757857
[15:10:20] Ping 시간 체크2-24757857
[15:10:23] Ping 시간 체크1-24761555
[15:10:23] Ping 시간 체크2-24761555
[15:10:23] 설치된 입구전광판이 없음!
[15:10:23] 설치된 출구전광판이 없음!
[15:10:23] 30분  101
[15:10:23] 1시간  102
[15:10:23] 2시간  103
[15:10:23] 무료  104
[15:10:23] 2시간50%  105
[15:10:23] 30%  106
[15:10:24] ApprVer    : [A1]
[15:10:24] SvcType    : [DN]
[15:10:24] TrdType    : [T1]
[15:10:24] SndType    : [R]
[15:10:24] TermID     : [0710000001]
[15:10:24] TrdDate    : [20170608150810]
[15:10:24] TrdNo      : [0000000001]
[15:10:24] MchData    : [                    ]
[15:10:24] AnsCode    : [0000]
[15:10:24] Serial     : [1000000007          ]
[15:10:24] Message    : [테스트 버전 입니다.                     ]
[15:10:24] SftVer     : [07201]
[15:10:24] ShpNm      : [한국신용카드결제(주)                    ]
[15:10:24] BsnNo      : [2148631917]
[15:10:24] PreNm      : [소재광              ]
[15:10:24] ShpAdr     : [서울특별시 강남구 삼성동  159-1 트레이드타워 9    ]
[15:10:24] ShpTel     : [0234153600     ]
[15:10:24] LPR 11 Recv: 127.0.0.1
[15:10:26] LPR 12 Recv: 127.0.0.1LPR_N
[15:10:26] LPR 11 Recv: LPR_N
[15:10:28] LPR 11 Recv: LPR_N
[15:10:34] Program Start!
[15:10:36] 근무시작: 근무자
[15:10:36] 영수증프린터 포트오픈 에러: ie_BadId - Specified comport doesn't exist
[15:10:36] Ping 시간 체크1-24774331
[15:10:36] Ping 시간 체크2-24774331
[15:10:36] Ping 시간 체크1-24774331
[15:10:36] Ping 시간 체크2-24774347
[15:10:36] 설치된 입구전광판이 없음!
[15:10:36] 설치된 출구전광판이 없음!
[15:10:36] 30분  101
[15:10:36] 1시간  102
[15:10:36] 2시간  103
[15:10:36] 무료  104
[15:10:36] 2시간50%  105
[15:10:36] 30%  106
[15:11:07] Program Start!
[15:11:08] 근무시작: 근무자
[15:11:08] 영수증프린터 포트오픈 에러: ie_BadId - Specified comport doesn't exist
[15:11:08] Ping 시간 체크1-24807185
[15:11:08] Ping 시간 체크2-24807185
[15:11:08] Ping 시간 체크1-24807185
[15:11:08] Ping 시간 체크2-24807185
[15:11:08] 설치된 입구전광판이 없음!
[15:11:08] 설치된 출구전광판이 없음!
[15:11:08] 30분  101
[15:11:08] 1시간  102
[15:11:08] 2시간  103
[15:11:08] 무료  104
[15:11:08] 2시간50%  105
[15:11:08] 30%  106
[15:11:09] ApprVer    : [A1]
[15:11:09] SvcType    : [DN]
[15:11:09] TrdType    : [T1]
[15:11:09] SndType    : [R]
[15:11:09] TermID     : [0710000001]
[15:11:09] TrdDate    : [20170608150856]
[15:11:09] TrdNo      : [0000000001]
[15:11:09] MchData    : [                    ]
[15:11:09] AnsCode    : [0000]
[15:11:09] Serial     : [1000000007          ]
[15:11:09] Message    : [테스트 버전 입니다.                     ]
[15:11:09] SftVer     : [07201]
[15:11:09] ShpNm      : [한국신용카드결제(주)                    ]
[15:11:09] BsnNo      : [2148631917]
[15:11:09] PreNm      : [소재광              ]
[15:11:09] ShpAdr     : [서울특별시 강남구 삼성동  159-1 트레이드타워 9    ]
[15:11:09] ShpTel     : [0234153600     ]
[15:11:09] LPR 11 Recv: 127.0.0.1
[15:11:09] LPR 12 Recv: 127.0.0.1
[15:11:09] LPR 11 Recv: LPR_N
[15:11:10] LPR 12 Recv: LPR_N
[15:11:11] LPR 11 Recv: LPR_N
[15:11:12] LPR 12 Recv: LPR_N
[15:11:15] LPR 12 Recv: CH1#61노9260#N#\2017\06\02\CH1_20170602151115_61노9260.jpg
[15:11:15] LPR Check: 61노9260,http://127.0.0.1:9080/MSImage/2017/06/02/CH1_20170602151115_61노9260.jpg,1,,,0, 2017-06-02 15:11:15
[15:11:15] File: \\127.0.0.1\MSImage\2017\06\02\CH1_20170602151115_61노9260.jpg
[15:11:15] 일반차량: 61노9260, 
[15:11:15] Ping 시간 체크1-24813503
[15:11:15] Ping 시간 체크2-24813503
[15:11:15] 일반차량출차: 61노9260, 
[15:11:15] LPR 11 Recv: LPR_N
[15:11:17] LPR 12 Recv: LPR_N
[15:11:20] LPR 11 Recv: LPR_N
[15:11:22] LPR 12 Recv: LPR_N
[15:11:24] ApprVer    : [  ]
[15:11:24] SvcType    : [  ]
[15:11:24] TrdType    : [  ]
[15:11:24] SndType    : [ ]
[15:11:24] TermID     : [          ]
[15:11:24] TrdDate    : [              ]
[15:11:24] TrdNo      : [          ]
[15:11:24] MchData    : [                    ]
[15:11:24] AnsCode    : [9999]
[15:11:24] TradeNo    : [            ]
[15:11:24] AuNo       : [            ]
[15:11:24] TradeDate  : [              ]
[15:11:24] Message    : [포트 연결 실패                  ]
[15:11:24] Bin        : [                                        ]
[15:11:24] CardKind   : [            ]
[15:11:24] OrdCd      : [    ]
[15:11:24] OrdNm      : [            ]
[15:11:24] InpCd      : [    ]
[15:11:24] InpNm      : [        ]
[15:11:24] MchNo      : [                ]
[15:11:24] PtCardCd   : [  ]
[15:11:24] PtCardNm   : [        ]
[15:11:24] JukPoint   : [         ]
[15:11:24] GayPoint   : [         ]
[15:11:24] NujPoint   : [         ]
[15:11:24] SaleRate   : [         ]
[15:11:24] PtAuNo     : [                    ]
[15:11:24] PtMchNo    : [               ]
[15:11:24] PtAnswerCd : [    ]
[15:11:24] PtMessage  : [                                                ]
[15:11:24] DDCYN      : [ ]
[15:11:24] EDIYN      : [ ]
[15:11:24] CardType   : [ ]
[15:11:24] TrdKey     : [            ]
[15:11:24] KeyRenewal : [  ]
[15:11:24] 
[15:11:26] LPR 11 Recv: LPR_N
[15:11:28] LPR 12 Recv: LPR_N
[15:11:31] LPR 11 Recv: LPR_N
[15:11:33] LPR 12 Recv: LPR_N
[15:11:36] LPR 11 Recv: LPR_N
[15:11:38] LPR 12 Recv: LPR_N
[15:11:41] LPR 11 Recv: LPR_N
[15:11:44] LPR 12 Recv: LPR_N
[15:11:47] LPR 11 Recv: LPR_N
[15:11:49] LPR 12 Recv: LPR_N
[15:11:52] LPR 11 Recv: LPR_N
[15:11:54] LPR 12 Recv: LPR_N
[15:11:57] LPR 11 Recv: LPR_N
[15:11:59] LPR 12 Recv: LPR_N
[15:12:02] LPR 11 Recv: LPR_N
[15:12:05] LPR 12 Recv: LPR_N
[15:12:08] LPR 11 Recv: LPR_N
[15:12:10] LPR 12 Recv: LPR_N
[15:12:13] LPR 11 Recv: LPR_N
[15:12:16] LPR 12 Recv: LPR_N
[15:12:18] LPR 11 Recv: LPR_N
[15:12:21] LPR 12 Recv: LPR_N
[15:12:24] LPR 11 Recv: LPR_N
[15:12:26] LPR 12 Recv: LPR_N
[15:12:29] LPR 11 Recv: LPR_N
[15:12:31] LPR 12 Recv: LPR_N
[15:12:34] LPR 11 Recv: LPR_N
[15:12:36] LPR 12 Recv: LPR_N
[15:12:39] LPR 11 Recv: LPR_N
[15:12:42] LPR 12 Recv: LPR_N
[15:12:45] LPR 11 Recv: LPR_N
[15:12:47] LPR 12 Recv: LPR_N
[15:12:47] Ping 시간 체크1-24906199
[15:12:47] Ping 시간 체크2-24906199
[15:12:47] 출구차단기 Open
[15:12:50] LPR 11 Recv: LPR_N
[15:12:53] LPR 12 Recv: LPR_N
[15:12:55] Program Close
[15:13:14] Program Start!
[15:13:16] 근무시작: 근무자
[15:13:18] 영수증프린터 포트오픈 에러: ie_BadId - Specified comport doesn't exist
[15:13:18] Ping 시간 체크1-24937321
[15:13:18] Ping 시간 체크2-24937352
[15:13:18] Ping 시간 체크1-24937383
[15:13:18] Ping 시간 체크2-24937383
[15:13:18] 설치된 입구전광판이 없음!
[15:13:18] 설치된 출구전광판이 없음!
[15:13:18] 30분  101
[15:13:18] 1시간  102
[15:13:18] 2시간  103
[15:13:18] 무료  104
[15:13:18] 2시간50%  105
[15:13:18] 30%  106
[15:13:18] ApprVer    : [A1]
[15:13:18] SvcType    : [DN]
[15:13:18] TrdType    : [T1]
[15:13:18] SndType    : [R]
[15:13:18] TermID     : [0710000001]
[15:13:18] TrdDate    : [20170608151106]
[15:13:18] TrdNo      : [0000000001]
[15:13:18] MchData    : [                    ]
[15:13:18] AnsCode    : [0000]
[15:13:18] Serial     : [1000000007          ]
[15:13:18] Message    : [테스트 버전 입니다.                     ]
[15:13:18] SftVer     : [07201]
[15:13:18] ShpNm      : [한국신용카드결제(주)                    ]
[15:13:18] BsnNo      : [2148631917]
[15:13:18] PreNm      : [소재광              ]
[15:13:18] ShpAdr     : [서울특별시 강남구 삼성동  159-1 트레이드타워 9    ]
[15:13:18] ShpTel     : [0234153600     ]
[15:13:18] LPR 11 Recv: 127.0.0.1
[15:13:18] LPR 12 Recv: 127.0.0.1
[15:13:20] LPR 12 Recv: LPR_N
[15:13:20] LPR 11 Recv: LPR_N
[15:13:21] LPR 11 Recv: LPR_N
[15:13:25] LPR 12 Recv: LPR_N
[15:13:26] LPR 11 Recv: LPR_N
[15:13:48] ApprVer    : [  ]
[15:13:48] SvcType    : [  ]
[15:13:48] TrdType    : [  ]
[15:13:48] SndType    : [ ]
[15:13:48] TermID     : [          ]
[15:13:48] TrdDate    : [              ]
[15:13:48] TrdNo      : [          ]
[15:13:48] MchData    : [                    ]
[15:13:48] AnsCode    : [9999]
[15:13:48] TradeNo    : [            ]
[15:13:48] AuNo       : [            ]
[15:13:48] TradeDate  : [              ]
[15:13:48] Message    : [포트 연결 실패                  ]
[15:13:48] Bin        : [                                        ]
[15:13:48] CardKind   : [            ]
[15:13:48] OrdCd      : [    ]
[15:13:48] OrdNm      : [            ]
[15:13:48] InpCd      : [    ]
[15:13:48] InpNm      : [        ]
[15:13:48] MchNo      : [                ]
[15:13:48] PtCardCd   : [  ]
[15:13:48] PtCardNm   : [        ]
[15:13:48] JukPoint   : [         ]
[15:13:48] GayPoint   : [         ]
[15:13:48] NujPoint   : [         ]
[15:13:48] SaleRate   : [         ]
[15:13:48] PtAuNo     : [                    ]
[15:13:48] PtMchNo    : [               ]
[15:13:48] PtAnswerCd : [    ]
[15:13:48] PtMessage  : [                                                ]
[15:13:48] DDCYN      : [ ]
[15:13:48] EDIYN      : [ ]
[15:13:48] CardType   : [ ]
[15:13:48] TrdKey     : [            ]
[15:13:48] KeyRenewal : [  ]
[15:13:48] 
[15:13:48] LPR 12 Recv: LPR_NLPR_NLPR_NLPR_N
[15:13:48] LPR Check: ,http://127.0.0.1:9080/MSImageLPR_NLPR_NLPR_NLPR_N,3,,,0, NLPR-_N-LP R_:NL:PR
[15:13:48] File: \\127.0.0.1\MSImageLPR_NLPR_NLPR_NLPR_N
[15:13:49] csOutLpr1Read: qryOutLpr1Proc: Cannot perform this operation on a closed dataset
[15:13:49] LPR 11 Recv: LPR_NLPR_NLPR_NLPR_N
[15:13:49] LPR Check: , http://127.0.0.1:9080/MSImageLPR_NLPR_NLPR_NLPR_N, 3,,,0, NLPR-_N-LP R_:NL:PR
[15:13:49] File: \\127.0.0.1\MSImageLPR_NLPR_NLPR_NLPR_N
[15:13:52] csInLpr1Read: qryInLpr1Proc: Cannot perform this operation on a closed dataset
[15:13:52] LPR 12 Recv: LPR_N
[15:13:53] LPR 11 Recv: LPR_N
[15:14:48] Program Start!
[15:14:50] 근무시작: 근무자
[15:14:51] 영수증프린터 포트오픈 에러: ie_BadId - Specified comport doesn't exist
[15:14:51] Ping 시간 체크1-25032014
[15:14:51] Ping 시간 체크2-25032029
[15:14:51] Ping 시간 체크1-25032060
[15:14:51] Ping 시간 체크2-25032060
[15:14:51] 설치된 입구전광판이 없음!
[15:14:51] 설치된 출구전광판이 없음!
[15:14:51] 30분  101
[15:14:51] 1시간  102
[15:14:51] 2시간  103
[15:14:51] 무료  104
[15:14:51] 2시간50%  105
[15:14:51] 30%  106
[15:14:52] ApprVer    : [A1]
[15:14:52] SvcType    : [DN]
[15:14:52] TrdType    : [T1]
[15:14:52] SndType    : [R]
[15:14:52] TermID     : [0710000001]
[15:14:52] TrdDate    : [20170608151241]
[15:14:52] TrdNo      : [0000000001]
[15:14:52] MchData    : [                    ]
[15:14:52] AnsCode    : [0000]
[15:14:52] Serial     : [1000000007          ]
[15:14:52] Message    : [테스트 버전 입니다.                     ]
[15:14:52] SftVer     : [07201]
[15:14:52] ShpNm      : [한국신용카드결제(주)                    ]
[15:14:52] BsnNo      : [2148631917]
[15:14:52] PreNm      : [소재광              ]
[15:14:52] ShpAdr     : [서울특별시 강남구 삼성동  159-1 트레이드타워 9    ]
[15:14:52] ShpTel     : [0234153600     ]
[15:14:52] LPR 11 Recv: 127.0.0.1
[15:14:52] LPR 12 Recv: 127.0.0.1
[15:14:53] LPR 12 Recv: LPR_N
[15:14:54] LPR 11 Recv: LPR_N
[15:14:55] LPR 11 Recv: LPR_N
[15:14:58] LPR 12 Recv: LPR_N
[15:15:04] ApprVer    : [  ]
[15:15:04] SvcType    : [  ]
[15:15:04] TrdType    : [  ]
[15:15:04] SndType    : [ ]
[15:15:04] TermID     : [          ]
[15:15:04] TrdDate    : [              ]
[15:15:04] TrdNo      : [          ]
[15:15:04] MchData    : [                    ]
[15:15:04] AnsCode    : [9999]
[15:15:04] TradeNo    : [            ]
[15:15:04] AuNo       : [            ]
[15:15:04] TradeDate  : [              ]
[15:15:04] Message    : [포트 연결 실패                  ]
[15:15:04] Bin        : [                                        ]
[15:15:04] CardKind   : [            ]
[15:15:04] OrdCd      : [    ]
[15:15:04] OrdNm      : [            ]
[15:15:04] InpCd      : [    ]
[15:15:04] InpNm      : [        ]
[15:15:04] MchNo      : [                ]
[15:15:04] PtCardCd   : [  ]
[15:15:04] PtCardNm   : [        ]
[15:15:04] JukPoint   : [         ]
[15:15:04] GayPoint   : [         ]
[15:15:04] NujPoint   : [         ]
[15:15:04] SaleRate   : [         ]
[15:15:04] PtAuNo     : [                    ]
[15:15:04] PtMchNo    : [               ]
[15:15:04] PtAnswerCd : [    ]
[15:15:04] PtMessage  : [                                                ]
[15:15:04] DDCYN      : [ ]
[15:15:04] EDIYN      : [ ]
[15:15:04] CardType   : [ ]
[15:15:04] TrdKey     : [            ]
[15:15:04] KeyRenewal : [  ]
[15:15:04] 
[15:15:04] LPR 11 Recv: LPR_N
[15:15:04] LPR 12 Recv: LPR_N
[15:15:06] LPR 11 Recv: LPR_N
[15:15:11] LPR 12 Recv: LPR_N
[15:15:11] LPR 11 Recv: LPR_N
[15:15:13] LPR 12 Recv: LPR_N
[15:15:15] Program Close
[15:15:31] Program Start!
[15:15:33] 근무시작: 근무자
[15:15:35] 영수증프린터 포트오픈 에러: ie_BadId - Specified comport doesn't exist
[15:15:35] Ping 시간 체크1-25075819
[15:15:35] Ping 시간 체크2-25075819
[15:15:35] Ping 시간 체크1-25075850
[15:15:35] Ping 시간 체크2-25075850
[15:15:35] 설치된 입구전광판이 없음!
[15:15:35] 설치된 출구전광판이 없음!
[15:15:35] 30분  101
[15:15:35] 1시간  102
[15:15:35] 2시간  103
[15:15:35] 무료  104
[15:15:35] 2시간50%  105
[15:15:35] 30%  106
[15:15:35] ApprVer    : [A1]
[15:15:35] SvcType    : [DN]
[15:15:35] TrdType    : [T1]
[15:15:35] SndType    : [R]
[15:15:35] TermID     : [0710000001]
[15:15:35] TrdDate    : [20170608151325]
[15:15:35] TrdNo      : [0000000001]
[15:15:35] MchData    : [                    ]
[15:15:35] AnsCode    : [0000]
[15:15:35] Serial     : [1000000007          ]
[15:15:35] Message    : [테스트 버전 입니다.                     ]
[15:15:35] SftVer     : [07201]
[15:15:35] ShpNm      : [한국신용카드결제(주)                    ]
[15:15:35] BsnNo      : [2148631917]
[15:15:35] PreNm      : [소재광              ]
[15:15:35] ShpAdr     : [서울특별시 강남구 삼성동  159-1 트레이드타워 9    ]
[15:15:35] ShpTel     : [0234153600     ]
[15:15:35] LPR 11 Recv: 127.0.0.1
[15:15:35] LPR 12 Recv: 127.0.0.1
[15:15:37] LPR 11 Recv: LPR_N
[15:15:37] LPR 12 Recv: LPR_N
[15:15:39] LPR 12 Recv: LPR_N
[15:15:43] LPR 11 Recv: LPR_N
[15:15:52] ApprVer    : [  ]
[15:15:52] SvcType    : [  ]
[15:15:52] TrdType    : [  ]
[15:15:52] SndType    : [ ]
[15:15:52] TermID     : [          ]
[15:15:52] TrdDate    : [              ]
[15:15:52] TrdNo      : [          ]
[15:15:52] MchData    : [                    ]
[15:15:52] AnsCode    : [9999]
[15:15:52] TradeNo    : [            ]
[15:15:52] AuNo       : [            ]
[15:15:52] TradeDate  : [              ]
[15:15:52] Message    : [포트 연결 실패                  ]
[15:15:52] Bin        : [                                        ]
[15:15:52] CardKind   : [            ]
[15:15:52] OrdCd      : [    ]
[15:15:52] OrdNm      : [            ]
[15:15:52] InpCd      : [    ]
[15:15:52] InpNm      : [        ]
[15:15:52] MchNo      : [                ]
[15:15:52] PtCardCd   : [  ]
[15:15:52] PtCardNm   : [        ]
[15:15:52] JukPoint   : [         ]
[15:15:52] GayPoint   : [         ]
[15:15:52] NujPoint   : [         ]
[15:15:52] SaleRate   : [         ]
[15:15:52] PtAuNo     : [                    ]
[15:15:52] PtMchNo    : [               ]
[15:15:52] PtAnswerCd : [    ]
[15:15:52] PtMessage  : [                                                ]
[15:15:52] DDCYN      : [ ]
[15:15:52] EDIYN      : [ ]
[15:15:52] CardType   : [ ]
[15:15:52] TrdKey     : [            ]
[15:15:52] KeyRenewal : [  ]
[15:15:52] 
[15:16:37] Program Start!
[15:16:38] 근무시작: 근무자
[15:16:40] 영수증프린터 포트오픈 에러: ie_BadId - Specified comport doesn't exist
[15:16:40] Ping 시간 체크1-25141854
[15:16:40] Ping 시간 체크2-25141854
[15:16:40] Ping 시간 체크1-25141885
[15:16:40] Ping 시간 체크2-25141885
[15:16:40] 설치된 입구전광판이 없음!
[15:16:40] 설치된 출구전광판이 없음!
[15:16:40] 30분  101
[15:16:40] 1시간  102
[15:16:40] 2시간  103
[15:16:40] 무료  104
[15:16:40] 2시간50%  105
[15:16:40] 30%  106
[15:16:41] ApprVer    : [A1]
[15:16:41] SvcType    : [DN]
[15:16:41] TrdType    : [T1]
[15:16:41] SndType    : [R]
[15:16:41] TermID     : [0710000001]
[15:16:41] TrdDate    : [20170608151431]
[15:16:41] TrdNo      : [0000000001]
[15:16:41] MchData    : [                    ]
[15:16:41] AnsCode    : [0000]
[15:16:41] Serial     : [1000000007          ]
[15:16:41] Message    : [테스트 버전 입니다.                     ]
[15:16:41] SftVer     : [07201]
[15:16:41] ShpNm      : [한국신용카드결제(주)                    ]
[15:16:41] BsnNo      : [2148631917]
[15:16:41] PreNm      : [소재광              ]
[15:16:41] ShpAdr     : [서울특별시 강남구 삼성동  159-1 트레이드타워 9    ]
[15:16:41] ShpTel     : [0234153600     ]
[15:16:41] LPR 11 Recv: 127.0.0.1
[15:16:41] LPR 12 Recv: 127.0.0.1
[15:16:42] LPR 12 Recv: LPR_N
[15:16:42] LPR 11 Recv: LPR_N
[15:16:45] LPR 11 Recv: LPR_N
[15:16:47] LPR 12 Recv: LPR_N
[15:19:15] Program Start!
[15:19:20] 근무시작: 근무자
[15:19:22] 영수증프린터 포트오픈 에러: ie_BadId - Specified comport doesn't exist
[15:19:22] Ping 시간 체크1-25304204
[15:19:22] Ping 시간 체크2-25304204
[15:19:22] Ping 시간 체크1-25304266
[15:19:22] Ping 시간 체크2-25304282
[15:19:22] 설치된 입구전광판이 없음!
[15:19:22] 설치된 출구전광판이 없음!
[15:19:22] 30분  101
[15:19:22] 1시간  102
[15:19:22] 2시간  103
[15:19:22] 무료  104
[15:19:22] 2시간50%  105
[15:19:22] 30%  106
[15:20:04] Program Start!
[15:20:05] 근무시작: 근무자
[15:20:06] 영수증프린터 포트오픈 에러: ie_BadId - Specified comport doesn't exist
[15:20:06] Ping 시간 체크1-25348618
[15:20:06] Ping 시간 체크2-25348618
[15:20:06] Ping 시간 체크1-25348618
[15:20:06] Ping 시간 체크2-25348618
[15:20:06] 설치된 입구전광판이 없음!
[15:20:06] 설치된 출구전광판이 없음!
[15:20:06] 30분  101
[15:20:06] 1시간  102
[15:20:06] 2시간  103
[15:20:06] 무료  104
[15:20:06] 2시간50%  105
[15:20:06] 30%  106
[15:20:09] ApprVer    : [A1]
[15:20:09] SvcType    : [DN]
[15:20:09] TrdType    : [T1]
[15:20:09] SndType    : [R]
[15:20:09] TermID     : [0710000001]
[15:20:09] TrdDate    : [20170608151800]
[15:20:09] TrdNo      : [0000000001]
[15:20:09] MchData    : [                    ]
[15:20:09] AnsCode    : [0000]
[15:20:09] Serial     : [1000000007          ]
[15:20:09] Message    : [테스트 버전 입니다.                     ]
[15:20:09] SftVer     : [07201]
[15:20:09] ShpNm      : [한국신용카드결제(주)                    ]
[15:20:09] BsnNo      : [2148631917]
[15:20:09] PreNm      : [소재광              ]
[15:20:09] ShpAdr     : [서울특별시 강남구 삼성동  159-1 트레이드타워 9    ]
[15:20:09] ShpTel     : [0234153600     ]
[15:20:09] LPR 11 Recv: 127.0.0.1
[15:20:09] LPR 12 Recv: 127.0.0.1
[15:20:09] LPR 11 Recv: LPR_N
[15:20:10] LPR 11 Recv: LPR_N
[15:20:11] LPR 12 Recv: LPR_N
[15:20:12] LPR 12 Recv: LPR_N
[15:20:15] ApprVer    : [  ]
[15:20:15] SvcType    : [  ]
[15:20:15] TrdType    : [  ]
[15:20:15] SndType    : [ ]
[15:20:15] TermID     : [          ]
[15:20:15] TrdDate    : [              ]
[15:20:15] TrdNo      : [          ]
[15:20:15] MchData    : [                    ]
[15:20:15] AnsCode    : [9999]
[15:20:15] TradeNo    : [            ]
[15:20:15] AuNo       : [            ]
[15:20:15] TradeDate  : [              ]
[15:20:15] Message    : [포트 연결 실패                  ]
[15:20:15] Bin        : [                                        ]
[15:20:15] CardKind   : [            ]
[15:20:15] OrdCd      : [    ]
[15:20:15] OrdNm      : [            ]
[15:20:15] InpCd      : [    ]
[15:20:15] InpNm      : [        ]
[15:20:15] MchNo      : [                ]
[15:20:15] PtCardCd   : [  ]
[15:20:15] PtCardNm   : [        ]
[15:20:15] JukPoint   : [         ]
[15:20:15] GayPoint   : [         ]
[15:20:15] NujPoint   : [         ]
[15:20:15] SaleRate   : [         ]
[15:20:15] PtAuNo     : [                    ]
[15:20:15] PtMchNo    : [               ]
[15:20:15] PtAnswerCd : [    ]
[15:20:15] PtMessage  : [                                                ]
[15:20:15] DDCYN      : [ ]
[15:20:15] EDIYN      : [ ]
[15:20:15] CardType   : [ ]
[15:20:15] TrdKey     : [            ]
[15:20:15] KeyRenewal : [  ]
[15:20:15] 
[15:20:15] LPR 11 Recv: LPR_N
[15:20:17] LPR 12 Recv: LPR_N
[15:20:20] LPR 11 Recv: LPR_N
[15:20:23] LPR 12 Recv: LPR_N
[15:20:23] Program Close
[15:20:47] Program Start!
[15:20:50] 근무시작: 근무자
[15:20:52] 영수증프린터 포트오픈 에러: ie_BadId - Specified comport doesn't exist
[15:20:52] Ping 시간 체크1-25395075
[15:20:52] Ping 시간 체크2-25395075
[15:20:52] Ping 시간 체크1-25395106
[15:20:52] Ping 시간 체크2-25395106
[15:20:52] 설치된 입구전광판이 없음!
[15:20:52] 설치된 출구전광판이 없음!
[15:20:52] 30분  101
[15:20:52] 1시간  102
[15:20:52] 2시간  103
[15:20:52] 무료  104
[15:20:52] 2시간50%  105
[15:20:52] 30%  106
[15:20:55] ApprVer    : [A1]
[15:20:55] SvcType    : [DN]
[15:20:55] TrdType    : [T1]
[15:20:55] SndType    : [R]
[15:20:55] TermID     : [0710000001]
[15:20:55] TrdDate    : [20170608151847]
[15:20:55] TrdNo      : [0000000001]
[15:20:55] MchData    : [                    ]
[15:20:55] AnsCode    : [0000]
[15:20:55] Serial     : [1000000007          ]
[15:20:55] Message    : [테스트 버전 입니다.                     ]
[15:20:55] SftVer     : [07201]
[15:20:55] ShpNm      : [한국신용카드결제(주)                    ]
[15:20:55] BsnNo      : [2148631917]
[15:20:55] PreNm      : [소재광              ]
[15:20:55] ShpAdr     : [서울특별시 강남구 삼성동  159-1 트레이드타워 9    ]
[15:20:55] ShpTel     : [0234153600     ]
[15:20:55] LPR 11 Recv: 127.0.0.1
[15:20:55] LPR 12 Recv: 127.0.0.1
[15:20:56] LPR 12 Recv: LPR_N
[15:20:57] LPR 11 Recv: LPR_N
[15:20:59] LPR 12 Recv: LPR_N
[15:21:02] LPR 11 Recv: LPR_N
[15:21:37] Program Start!
[15:21:40] Program Close
[15:21:48] Program Start!
[15:21:51] 근무시작: 근무자
[15:21:52] 영수증프린터 포트오픈 에러: ie_BadId - Specified comport doesn't exist
[15:21:52] Ping 시간 체크1-25456430
[15:21:52] Ping 시간 체크2-25456445
[15:21:52] Ping 시간 체크1-25456477
[15:21:52] Ping 시간 체크2-25456492
[15:21:52] 설치된 입구전광판이 없음!
[15:21:52] 설치된 출구전광판이 없음!
[15:21:52] 30분  101
[15:21:52] 1시간  102
[15:21:52] 2시간  103
[15:21:52] 무료  104
[15:21:52] 2시간50%  105
[15:21:52] 30%  106
[15:22:00] ApprVer    : [A1]
[15:22:00] SvcType    : [DN]
[15:22:00] TrdType    : [T1]
[15:22:00] SndType    : [R]
[15:22:00] TermID     : [0710000001]
[15:22:00] TrdDate    : [20170608151952]
[15:22:00] TrdNo      : [0000000001]
[15:22:00] MchData    : [                    ]
[15:22:00] AnsCode    : [0000]
[15:22:00] Serial     : [1000000007          ]
[15:22:00] Message    : [테스트 버전 입니다.                     ]
[15:22:00] SftVer     : [07201]
[15:22:00] ShpNm      : [한국신용카드결제(주)                    ]
[15:22:00] BsnNo      : [2148631917]
[15:22:00] PreNm      : [소재광              ]
[15:22:00] ShpAdr     : [서울특별시 강남구 삼성동  159-1 트레이드타워 9    ]
[15:22:00] ShpTel     : [0234153600     ]
[15:22:49] Program Start!
[15:22:53] 근무시작: 근무자
[15:22:54] 영수증프린터 포트오픈 에러: ie_BadId - Specified comport doesn't exist
[15:22:54] Ping 시간 체크1-25519127
[15:22:54] Ping 시간 체크2-25519127
[15:22:54] Ping 시간 체크1-25519158
[15:22:54] Ping 시간 체크2-25519158
[15:22:54] 설치된 입구전광판이 없음!
[15:22:54] 설치된 출구전광판이 없음!
[15:22:54] 30분  101
[15:22:54] 1시간  102
[15:22:54] 2시간  103
[15:22:54] 무료  104
[15:22:54] 2시간50%  105
[15:22:54] 30%  106
[15:24:37] Program Start!
[15:24:39] 근무시작: 근무자
[15:24:41] 영수증프린터 포트오픈 에러: ie_BadId - Specified comport doesn't exist
[15:24:41] Ping 시간 체크1-25626533
[15:24:41] Ping 시간 체크2-25626533
[15:24:41] Ping 시간 체크1-25626565
[15:24:41] Ping 시간 체크2-25626565
[15:24:41] 설치된 입구전광판이 없음!
[15:24:41] 설치된 출구전광판이 없음!
[15:24:41] 30분  101
[15:24:41] 1시간  102
[15:24:41] 2시간  103
[15:24:41] 무료  104
[15:24:41] 2시간50%  105
[15:24:41] 30%  106
[15:25:27] Program Start!
[15:25:30] 근무시작: 근무자
[15:25:33] 영수증프린터 포트오픈 에러: ie_BadId - Specified comport doesn't exist
[15:25:33] Ping 시간 체크1-25679121
[15:25:33] Ping 시간 체크2-25679152
[15:25:33] Ping 시간 체크1-25679184
[15:25:33] Ping 시간 체크2-25679184
[15:25:33] 설치된 입구전광판이 없음!
[15:25:33] 설치된 출구전광판이 없음!
[15:25:33] 30분  101
[15:25:33] 1시간  102
[15:25:33] 2시간  103
[15:25:33] 무료  104
[15:25:33] 2시간50%  105
[15:25:33] 30%  106
[15:27:45] Program Start!
[15:27:46] 근무시작: 근무자
[15:27:46] 영수증프린터 포트오픈 에러: ie_BadId - Specified comport doesn't exist
[15:27:46] Ping 시간 체크1-25812845
[15:27:46] Ping 시간 체크2-25812861
[15:27:46] Ping 시간 체크1-25812861
[15:27:46] Ping 시간 체크2-25812861
[15:27:46] 설치된 입구전광판이 없음!
[15:27:46] 설치된 출구전광판이 없음!
[15:27:46] 30분  101
[15:27:46] 1시간  102
[15:27:46] 2시간  103
[15:27:46] 무료  104
[15:27:46] 2시간50%  105
[15:27:46] 30%  106
[15:27:49] ApprVer    : [A1]
[15:27:49] SvcType    : [DN]
[15:27:49] TrdType    : [T1]
[15:27:49] SndType    : [R]
[15:27:49] TermID     : [0710000001]
[15:27:49] TrdDate    : [20170608152544]
[15:27:49] TrdNo      : [0000000001]
[15:27:49] MchData    : [                    ]
[15:27:49] AnsCode    : [0000]
[15:27:49] Serial     : [1000000007          ]
[15:27:49] Message    : [테스트 버전 입니다.                     ]
[15:27:49] SftVer     : [07201]
[15:27:49] ShpNm      : [한국신용카드결제(주)                    ]
[15:27:49] BsnNo      : [2148631917]
[15:27:49] PreNm      : [소재광              ]
[15:27:49] ShpAdr     : [서울특별시 강남구 삼성동  159-1 트레이드타워 9    ]
[15:27:49] ShpTel     : [0234153600     ]
[15:27:49] LPR 11 Recv: 127.0.0.1
[15:27:49] LPR 12 Recv: 127.0.0.1
[15:27:51] LPR 12 Recv: LPR_N
[15:27:51] LPR 11 Recv: LPR_N
[15:27:54] LPR 12 Recv: LPR_N
[15:27:56] LPR 11 Recv: LPR_N
[15:27:59] LPR 12 Recv: LPR_N
[15:28:01] LPR 11 Recv: LPR_N
[15:28:04] LPR 12 Recv: LPR_N
[15:28:07] LPR 11 Recv: LPR_N
[15:28:09] LPR 12 Recv: LPR_N
[15:28:12] LPR 11 Recv: LPR_N
[15:28:15] LPR 12 Recv: LPR_N
[15:28:18] LPR 11 Recv: LPR_N
[15:28:20] LPR 12 Recv: LPR_N
[15:28:23] LPR 11 Recv: LPR_N
[15:28:26] LPR 12 Recv: LPR_N
[15:28:28] LPR 11 Recv: LPR_N
[15:28:31] LPR 12 Recv: LPR_N
[15:28:33] LPR 11 Recv: LPR_N
[15:28:36] LPR 12 Recv: LPR_N
[15:28:38] LPR 11 Recv: LPR_N
[15:28:41] LPR 12 Recv: LPR_N
[15:28:44] LPR 11 Recv: LPR_N
[15:28:46] LPR 12 Recv: LPR_N
[15:28:49] LPR 11 Recv: LPR_N
[15:28:52] LPR 12 Recv: LPR_N
[15:28:54] LPR 11 Recv: LPR_N
[15:28:57] LPR 12 Recv: LPR_N
[15:28:59] LPR 11 Recv: LPR_N
[15:29:02] LPR 12 Recv: LPR_N
[15:29:04] Program Close
