[13:28:14] Program Start!
[13:28:29] 근무시작: 근무자
[13:28:29] 영수증프린터 포트오픈 에러: ie_BadId - Specified comport doesn't exist
[13:28:29] Ping 시간 체크1-146247598
[13:28:29] Ping 시간 체크2-146247598
[13:28:29] Ping 시간 체크1-146247614
[13:28:29] Ping 시간 체크2-146247614
[13:28:29] Ping 시간 체크1-146247614
[13:28:29] Ping 시간 체크2-146247614
[13:28:29] Ping 시간 체크1-146247614
[13:28:29] Ping 시간 체크2-146247614
[13:28:29] 설치된 입구전광판이 없음!
[13:28:29] 설치된 출구전광판이 없음!
[13:28:29] 30분  101
[13:28:29] 1시간  102
[13:28:29] 2시간  103
[13:28:29] 무료  104
[13:28:29] 2시간50%  105
[13:28:29] 30%  106
[13:28:30] LPR 12 Recv: 127.0.0.1
[13:28:30] LPR13 Recv: 127.0.0.1
[13:28:30] LPR 11 Recv: 127.0.0.1
[13:28:30] LPR14 Recv: 127.0.0.1
[13:28:32] LPR 11 Recv: LPR_N
[13:28:32] LPR 12 Recv: LPR_N
[13:28:32] LPR14 Recv: LPR_N
[13:28:32] LPR13 Recv: LPR_N
[13:28:33] Program Close
[13:29:40] Program Start!
[13:29:49] 근무시작: 근무자
[13:29:50] 영수증프린터 포트오픈 에러: ie_BadId - Specified comport doesn't exist
[13:29:50] Ping 시간 체크1-146328376
[13:29:50] Ping 시간 체크2-146328376
[13:29:50] Ping 시간 체크1-146328376
[13:29:50] Ping 시간 체크2-146328376
[13:29:50] Ping 시간 체크1-146328376
[13:29:50] Ping 시간 체크2-146328376
[13:29:50] Ping 시간 체크1-146328376
[13:29:50] Ping 시간 체크2-146328376
[13:29:50] 설치된 입구전광판이 없음!
[13:29:50] 설치된 출구전광판이 없음!
[13:29:50] 30분  101
[13:29:50] 1시간  102
[13:29:50] 2시간  103
[13:29:50] 무료  104
[13:29:50] 2시간50%  105
[13:29:50] 30%  106
[13:29:50] LPR 11 Recv: 127.0.0.1
[13:29:50] LPR13 Recv: 127.0.0.1
[13:29:50] LPR 12 Recv: 127.0.0.1
[13:29:50] LPR14 Recv: 127.0.0.1
[13:29:51] LPR13 Recv: LPR_N
[13:29:51] LPR14 Recv: LPR_N
[13:29:52] LPR 11 Recv: LPR_N
[13:29:52] LPR 12 Recv: LPR_N
[13:29:54] LPR 11 Recv: LPR_N
[13:29:54] LPR 12 Recv: LPR_N
[13:29:56] LPR14 Recv: LPR_N
[13:29:56] LPR13 Recv: LPR_N
[13:29:59] LPR 11 Recv: LPR_N
[13:29:59] LPR 12 Recv: LPR_N
[13:30:01] LPR14 Recv: LPR_N
[13:30:02] LPR13 Recv: LPR_N
[13:30:04] LPR 11 Recv: LPR_N
[13:30:04] LPR 12 Recv: LPR_N
[13:30:07] LPR14 Recv: LPR_N
[13:30:07] LPR13 Recv: LPR_N
[13:30:09] LPR 11 Recv: LPR_N
[13:30:10] LPR 12 Recv: LPR_N
[13:30:12] LPR14 Recv: LPR_N
[13:30:12] LPR13 Recv: LPR_N
[13:30:13] Program Close
[13:30:19] Program Start!
[13:30:21] 근무시작: 근무자
[13:30:21] 영수증프린터 포트오픈 에러: ie_BadId - Specified comport doesn't exist
[13:30:21] Ping 시간 체크1-146360418
[13:30:21] Ping 시간 체크2-146360418
[13:30:21] Ping 시간 체크1-146360418
[13:30:21] Ping 시간 체크2-146360434
[13:30:21] Ping 시간 체크1-146360434
[13:30:21] Ping 시간 체크2-146360434
[13:30:21] Ping 시간 체크1-146360434
[13:30:21] Ping 시간 체크2-146360434
[13:30:21] 설치된 입구전광판이 없음!
[13:30:21] 설치된 출구전광판이 없음!
[13:30:21] 30분  101
[13:30:21] 1시간  102
[13:30:21] 2시간  103
[13:30:21] 무료  104
[13:30:21] 2시간50%  105
[13:30:21] 30%  106
[13:30:21] LPR 11 Recv: 127.0.0.1
[13:30:21] LPR13 Recv: 127.0.0.1
[13:30:21] LPR 12 Recv: 127.0.0.1
[13:30:21] LPR14 Recv: 127.0.0.1
[13:30:22] LPR14 Recv: LPR_N
[13:30:22] LPR13 Recv: LPR_N
[13:30:22] LPR 11 Recv: LPR_N
[13:30:22] LPR 12 Recv: LPR_N
[13:30:24] LPR 11 Recv: LPR_N
[13:30:24] LPR 12 Recv: LPR_N
[13:30:27] LPR14 Recv: LPR_N
[13:30:27] LPR13 Recv: LPR_N
[13:30:30] LPR 11 Recv: LPR_N
[13:30:30] LPR 12 Recv: LPR_N
[13:30:33] LPR14 Recv: LPR_N
[13:30:33] LPR13 Recv: LPR_N
[13:30:35] LPR 11 Recv: LPR_N
[13:30:35] LPR 12 Recv: LPR_N
[13:30:38] LPR13 Recv: LPR_N
[13:30:38] LPR14 Recv: LPR_N
[13:30:40] File: \\127.0.0.1\MSImage\2017\06\23\CH1_20170623102945_경기46로8862.jpg
[13:30:40] Ping 시간 체크1-146379825
[13:30:40] Ping 시간 체크2-146379825
[13:30:41] LPR 11 Recv: LPR_N
[13:30:41] LPR 12 Recv: LPR_N
[13:30:43] LPR14 Recv: LPR_N
[13:30:43] LPR13 Recv: LPR_N
[13:30:46] LPR 11 Recv: LPR_N
[13:30:46] LPR 12 Recv: LPR_N
[13:30:48] 일반차량: 경기46로8862, 
[13:30:48] In Image File: \\127.0.0.1\MSImage\2017\06\23\CH1_20170623102945_경기46로8862.jpg
[13:30:48] Ping 시간 체크1-146387235
[13:30:48] Ping 시간 체크2-146387235
[13:30:48] Out Image File: 
[13:30:48] Ping 시간 체크1-146387250
[13:30:48] Ping 시간 체크2-146387250
[13:30:48] 출차 이미지 File 없음: 
[13:30:48] 일반차량출차: 경기46로8862, 
[13:30:48] LPR14 Recv: LPR_N
[13:30:48] LPR13 Recv: LPR_N
[13:30:51] LPR 11 Recv: LPR_N
[13:30:51] LPR 12 Recv: LPR_N
[13:30:53] LPR14 Recv: LPR_N
[13:30:53] LPR13 Recv: LPR_N
[13:30:56] LPR 11 Recv: LPR_N
[13:30:56] LPR 12 Recv: LPR_N
[13:30:59] LPR14 Recv: LPR_N
[13:30:59] LPR13 Recv: LPR_N
[13:31:02] LPR 11 Recv: LPR_N
[13:31:02] LPR 12 Recv: LPR_N
[13:31:04] LPR14 Recv: LPR_N
[13:31:04] LPR13 Recv: LPR_N
[13:31:07] LPR 11 Recv: LPR_N
[13:31:07] LPR 12 Recv: LPR_N
[13:31:10] LPR14 Recv: LPR_N
[13:31:10] LPR13 Recv: LPR_N
[13:31:12] LPR 11 Recv: LPR_N
[13:31:12] LPR 12 Recv: LPR_N
[13:31:15] LPR13 Recv: LPR_N
[13:31:15] LPR14 Recv: LPR_N
[13:31:17] LPR 11 Recv: LPR_N
[13:31:18] LPR 12 Recv: LPR_N
[13:31:20] LPR14 Recv: LPR_N
[13:31:20] LPR13 Recv: LPR_N
[13:31:23] LPR 11 Recv: LPR_N
[13:31:23] LPR 12 Recv: LPR_N
[13:31:25] LPR13 Recv: LPR_N
[13:31:25] LPR14 Recv: LPR_N
[13:31:28] LPR 11 Recv: LPR_N
[13:31:28] LPR 12 Recv: LPR_N
[13:31:31] LPR14 Recv: LPR_N
[13:31:31] LPR13 Recv: LPR_N
[13:31:33] LPR 12 Recv: LPR_N
[13:31:33] LPR 11 Recv: LPR_N
[13:31:36] LPR14 Recv: LPR_N
[13:31:36] LPR13 Recv: LPR_N
[13:31:39] LPR 11 Recv: LPR_N
[13:31:39] LPR 12 Recv: LPR_N
[13:31:41] LPR14 Recv: LPR_N
[13:31:41] LPR13 Recv: LPR_N
[13:31:44] LPR 11 Recv: LPR_N
[13:31:44] LPR 12 Recv: LPR_N
[13:31:46] LPR14 Recv: LPR_N
[13:31:46] LPR13 Recv: LPR_N
[13:31:49] LPR 11 Recv: LPR_N
[13:31:49] LPR 12 Recv: LPR_N
[13:31:51] LPR14 Recv: LPR_N
[13:31:51] LPR13 Recv: LPR_N
[13:31:55] LPR 12 Recv: LPR_N
[13:31:55] LPR 11 Recv: LPR_N
[13:31:57] LPR14 Recv: LPR_N
[13:31:57] LPR13 Recv: LPR_N
[13:32:00] LPR 12 Recv: LPR_N
[13:32:00] LPR 11 Recv: LPR_N
[13:32:02] LPR14 Recv: LPR_N
[13:32:02] LPR13 Recv: LPR_N
[13:32:05] LPR 12 Recv: LPR_N
[13:32:05] LPR 11 Recv: LPR_N
[13:32:08] LPR14 Recv: LPR_N
[13:32:08] LPR13 Recv: LPR_N
[13:32:11] LPR 12 Recv: LPR_N
[13:32:11] LPR 11 Recv: LPR_N
[13:32:13] LPR13 Recv: LPR_N
[13:32:13] LPR14 Recv: LPR_N
[13:32:16] LPR 11 Recv: LPR_N
[13:32:16] LPR 12 Recv: LPR_N
[13:32:18] LPR13 Recv: LPR_N
[13:32:18] LPR14 Recv: LPR_N
[13:32:21] LPR 11 Recv: LPR_N
[13:32:21] LPR 12 Recv: LPR_N
[13:32:23] LPR13 Recv: LPR_N
[13:32:23] LPR14 Recv: LPR_N
[13:32:26] LPR 11 Recv: LPR_N
[13:32:26] LPR 12 Recv: LPR_N
[13:32:29] LPR13 Recv: LPR_N
[13:32:29] LPR14 Recv: LPR_N
[13:32:32] LPR 11 Recv: LPR_N
[13:32:32] LPR 12 Recv: LPR_N
[13:32:34] LPR14 Recv: LPR_N
[13:32:34] LPR13 Recv: LPR_N
[13:32:37] LPR 11 Recv: LPR_N
[13:32:37] LPR 12 Recv: LPR_N
[13:32:40] LPR14 Recv: LPR_N
[13:32:40] LPR13 Recv: LPR_N
[13:32:42] LPR 11 Recv: LPR_N
[13:32:42] LPR 12 Recv: LPR_N
[13:32:45] LPR14 Recv: LPR_N
[13:32:45] LPR13 Recv: LPR_N
[13:32:48] LPR 12 Recv: LPR_N
[13:32:48] LPR 11 Recv: LPR_N
[13:32:50] LPR13 Recv: LPR_N
[13:32:50] LPR14 Recv: LPR_N
[13:32:53] LPR 11 Recv: LPR_N
[13:32:53] LPR 12 Recv: LPR_N
[13:32:55] LPR13 Recv: LPR_N
[13:32:55] LPR14 Recv: LPR_N
[13:32:58] LPR 12 Recv: LPR_N
[13:32:58] LPR 11 Recv: LPR_N
[13:33:00] LPR14 Recv: LPR_N
[13:33:00] LPR13 Recv: LPR_N
[13:33:04] LPR 11 Recv: LPR_N
[13:33:04] LPR 12 Recv: LPR_N
[13:33:06] LPR14 Recv: LPR_N
[13:33:06] LPR13 Recv: LPR_N
[13:33:09] LPR 12 Recv: LPR_N
[13:33:09] LPR 11 Recv: LPR_N
[13:33:11] LPR14 Recv: LPR_N
[13:33:11] LPR13 Recv: LPR_N
[13:33:14] LPR 12 Recv: LPR_N
[13:33:14] LPR 11 Recv: LPR_N
[13:33:17] LPR14 Recv: LPR_N
[13:33:17] LPR13 Recv: LPR_N
[13:33:19] LPR 12 Recv: LPR_N
[13:33:19] LPR 11 Recv: LPR_N
[13:33:22] LPR14 Recv: LPR_N
[13:33:22] LPR13 Recv: LPR_N
[13:33:25] LPR 12 Recv: LPR_N
[13:33:25] LPR 11 Recv: LPR_N
[13:33:27] LPR14 Recv: LPR_N
[13:33:27] LPR13 Recv: LPR_N
[13:33:30] LPR 12 Recv: LPR_N
[13:33:30] LPR 11 Recv: LPR_N
[13:33:32] LPR14 Recv: LPR_N
[13:33:32] LPR13 Recv: LPR_N
[13:33:35] LPR 12 Recv: LPR_N
[13:33:35] LPR 11 Recv: LPR_N
[13:33:38] LPR14 Recv: LPR_N
[13:33:38] LPR13 Recv: LPR_N
[13:33:41] LPR 12 Recv: LPR_N
[13:33:41] LPR 11 Recv: LPR_N
[13:33:43] LPR14 Recv: LPR_N
[13:33:43] LPR13 Recv: LPR_N
[13:33:46] LPR 11 Recv: LPR_N
[13:33:46] LPR 12 Recv: LPR_N
[13:33:48] LPR14 Recv: LPR_N
[13:33:48] LPR13 Recv: LPR_N
[13:33:51] LPR 12 Recv: LPR_N
[13:33:51] LPR 11 Recv: LPR_N
[13:33:54] LPR13 Recv: LPR_N
[13:33:54] LPR14 Recv: LPR_N
[13:33:57] LPR 11 Recv: LPR_N
[13:33:57] LPR 12 Recv: LPR_N
[13:33:59] LPR13 Recv: LPR_N
[13:33:59] LPR14 Recv: LPR_N
[13:34:02] LPR 11 Recv: LPR_N
[13:34:02] LPR 12 Recv: LPR_N
[13:34:04] LPR13 Recv: LPR_N
[13:34:04] LPR14 Recv: LPR_N
[13:34:07] LPR 11 Recv: LPR_N
[13:34:07] LPR 12 Recv: LPR_N
[13:34:09] LPR13 Recv: LPR_N
[13:34:09] LPR14 Recv: LPR_N
[13:34:13] LPR 11 Recv: LPR_N
[13:34:13] LPR 12 Recv: LPR_N
[13:34:15] LPR13 Recv: LPR_N
[13:34:15] LPR14 Recv: LPR_N
[13:34:18] LPR 12 Recv: LPR_N
[13:34:18] LPR 11 Recv: LPR_N
[13:34:20] LPR13 Recv: LPR_N
[13:34:20] LPR14 Recv: LPR_N
[13:34:23] LPR 11 Recv: LPR_N
[13:34:23] LPR 12 Recv: LPR_N
[13:34:25] LPR13 Recv: LPR_N
[13:34:25] LPR14 Recv: LPR_N
[13:34:28] LPR 11 Recv: LPR_N
[13:34:28] LPR 12 Recv: LPR_N
[13:34:30] LPR13 Recv: LPR_N
[13:34:30] LPR14 Recv: LPR_N
[13:34:34] LPR 12 Recv: LPR_N
[13:34:34] LPR 11 Recv: LPR_N
[13:34:36] LPR13 Recv: LPR_N
[13:34:36] LPR14 Recv: LPR_N
[13:34:39] LPR 11 Recv: LPR_N
[13:34:39] LPR 12 Recv: LPR_N
[13:34:41] LPR14 Recv: LPR_N
[13:34:41] LPR13 Recv: LPR_N
[13:34:44] LPR 11 Recv: LPR_N
[13:34:44] LPR 12 Recv: LPR_N
[13:34:46] LPR14 Recv: LPR_N
[13:34:46] LPR13 Recv: LPR_N
[13:34:50] LPR 12 Recv: LPR_N
[13:34:50] LPR 11 Recv: LPR_N
[13:34:52] LPR14 Recv: LPR_N
[13:34:52] LPR13 Recv: LPR_N
[13:34:55] LPR 11 Recv: LPR_N
[13:34:55] LPR 12 Recv: LPR_N
[13:34:57] LPR14 Recv: LPR_N
[13:34:57] LPR13 Recv: LPR_N
[13:35:00] LPR 11 Recv: LPR_N
[13:35:00] LPR 12 Recv: LPR_N
[13:35:02] LPR13 Recv: LPR_N
[13:35:02] LPR14 Recv: LPR_N
[13:35:06] LPR 12 Recv: LPR_N
[13:35:06] LPR 11 Recv: LPR_N
[13:35:07] LPR14 Recv: LPR_N
[13:35:07] LPR13 Recv: LPR_N
[13:35:11] LPR 11 Recv: LPR_N
[13:35:11] LPR 12 Recv: LPR_N
[13:35:13] LPR14 Recv: LPR_N
[13:35:13] LPR13 Recv: LPR_N
[13:35:16] LPR 11 Recv: LPR_N
[13:35:16] LPR 12 Recv: LPR_N
[13:35:18] LPR13 Recv: LPR_N
[13:35:18] LPR14 Recv: LPR_N
[13:35:22] LPR 11 Recv: LPR_N
[13:35:22] LPR 12 Recv: LPR_N
[13:35:24] LPR13 Recv: LPR_N
[13:35:24] LPR14 Recv: LPR_N
[13:35:27] LPR 11 Recv: LPR_N
[13:35:27] LPR 12 Recv: LPR_N
[13:35:29] LPR13 Recv: LPR_N
[13:35:29] LPR14 Recv: LPR_N
[13:35:32] LPR 11 Recv: LPR_N
[13:35:32] LPR 12 Recv: LPR_N
[13:35:34] LPR13 Recv: LPR_N
[13:35:34] LPR14 Recv: LPR_N
[13:35:37] LPR 12 Recv: LPR_N
[13:35:37] LPR 11 Recv: LPR_N
[13:35:39] LPR14 Recv: LPR_N
[13:35:39] LPR13 Recv: LPR_N
[13:35:43] LPR 11 Recv: LPR_N
[13:35:43] LPR 12 Recv: LPR_N
[13:35:44] LPR13 Recv: LPR_N
[13:35:44] LPR14 Recv: LPR_N
[13:35:48] LPR 11 Recv: LPR_N
[13:35:48] LPR 12 Recv: LPR_N
[13:35:50] LPR14 Recv: LPR_N
[13:35:50] LPR13 Recv: LPR_N
[13:35:53] LPR 12 Recv: LPR_N
[13:35:53] LPR 11 Recv: LPR_N
[13:35:55] LPR14 Recv: LPR_N
[13:35:55] LPR13 Recv: LPR_N
[13:35:59] LPR 12 Recv: LPR_N
[13:35:59] LPR 11 Recv: LPR_N
[13:36:01] LPR14 Recv: LPR_N
[13:36:01] LPR13 Recv: LPR_N
[13:36:04] LPR 11 Recv: LPR_N
[13:36:04] LPR 12 Recv: LPR_N
[13:36:06] LPR14 Recv: LPR_N
[13:36:06] LPR13 Recv: LPR_N
[13:36:09] LPR 11 Recv: LPR_N
[13:36:09] LPR 12 Recv: LPR_N
[13:36:11] LPR14 Recv: LPR_N
[13:36:11] LPR13 Recv: LPR_N
[13:36:14] LPR 11 Recv: LPR_N
[13:36:14] LPR 12 Recv: LPR_N
[13:36:16] LPR14 Recv: LPR_N
[13:36:16] LPR13 Recv: LPR_N
[13:36:20] LPR 12 Recv: LPR_N
[13:36:20] LPR 11 Recv: LPR_N
[13:36:22] LPR14 Recv: LPR_N
[13:36:22] LPR13 Recv: LPR_N
[13:36:25] LPR 11 Recv: LPR_N
[13:36:25] LPR 12 Recv: LPR_N
[13:36:27] LPR14 Recv: LPR_N
[13:36:27] LPR13 Recv: LPR_N
[13:36:30] LPR 11 Recv: LPR_N
[13:36:30] LPR 12 Recv: LPR_N
[13:36:32] LPR14 Recv: LPR_N
[13:36:32] LPR13 Recv: LPR_N
[13:36:36] LPR 11 Recv: LPR_N
[13:36:36] LPR 12 Recv: LPR_N
[13:36:38] LPR14 Recv: LPR_N
[13:36:38] LPR13 Recv: LPR_N
[13:36:41] LPR 11 Recv: LPR_N
[13:36:41] LPR 12 Recv: LPR_N
[13:36:43] LPR14 Recv: LPR_N
[13:36:43] LPR13 Recv: LPR_N
[13:36:46] LPR 12 Recv: LPR_N
[13:36:46] LPR 11 Recv: LPR_N
[13:36:48] LPR14 Recv: LPR_N
[13:36:48] LPR13 Recv: LPR_N
[13:36:52] LPR 12 Recv: LPR_N
[13:36:52] LPR 11 Recv: LPR_N
[13:36:53] LPR14 Recv: LPR_N
[13:36:53] LPR13 Recv: LPR_N
[13:36:57] LPR 11 Recv: LPR_N
[13:36:57] LPR 12 Recv: LPR_N
[13:36:59] LPR14 Recv: LPR_N
[13:36:59] LPR13 Recv: LPR_N
[13:37:02] LPR 11 Recv: LPR_N
[13:37:02] LPR 12 Recv: LPR_N
[13:37:04] LPR14 Recv: LPR_N
[13:37:04] LPR13 Recv: LPR_N
[13:37:07] LPR 12 Recv: LPR_N
[13:37:07] LPR 11 Recv: LPR_N
[13:37:09] LPR14 Recv: LPR_N
[13:37:09] LPR13 Recv: LPR_N
[13:37:13] LPR 12 Recv: LPR_N
[13:37:13] LPR 11 Recv: LPR_N
[13:37:14] LPR14 Recv: LPR_N
[13:37:14] LPR13 Recv: LPR_N
[13:37:18] LPR 11 Recv: LPR_N
[13:37:18] LPR 12 Recv: LPR_N
[13:37:20] LPR14 Recv: LPR_N
[13:37:20] LPR13 Recv: LPR_N
[13:37:23] LPR 11 Recv: LPR_N
[13:37:23] LPR 12 Recv: LPR_N
[13:37:25] LPR14 Recv: LPR_N
[13:37:25] LPR13 Recv: LPR_N
[13:37:29] LPR 11 Recv: LPR_N
[13:37:29] LPR 12 Recv: LPR_N
[13:37:31] LPR14 Recv: LPR_N
[13:37:31] LPR13 Recv: LPR_N
[13:37:34] LPR 12 Recv: LPR_N
[13:37:34] LPR 11 Recv: LPR_N
[13:37:36] LPR14 Recv: LPR_N
[13:37:36] LPR13 Recv: LPR_N
[13:37:39] LPR 12 Recv: LPR_N
[13:37:39] LPR 11 Recv: LPR_N
[13:37:41] LPR14 Recv: LPR_N
[13:37:41] LPR13 Recv: LPR_N
[13:37:44] LPR 12 Recv: LPR_N
[13:37:44] LPR 11 Recv: LPR_N
[13:37:47] LPR14 Recv: LPR_N
[13:37:47] LPR13 Recv: LPR_N
[13:37:50] LPR 11 Recv: LPR_N
[13:37:50] LPR 12 Recv: LPR_N
[13:37:52] LPR14 Recv: LPR_N
[13:37:52] LPR13 Recv: LPR_N
[13:37:55] LPR 12 Recv: LPR_N
[13:37:55] LPR 11 Recv: LPR_N
[13:37:57] LPR14 Recv: LPR_N
[13:37:57] LPR13 Recv: LPR_N
[13:38:01] LPR 12 Recv: LPR_N
[13:38:01] LPR 11 Recv: LPR_N
[13:38:02] LPR14 Recv: LPR_N
[13:38:02] LPR13 Recv: LPR_N
[13:38:06] LPR 12 Recv: LPR_N
[13:38:06] LPR 11 Recv: LPR_N
[13:38:08] LPR14 Recv: LPR_N
[13:38:08] LPR13 Recv: LPR_N
[13:38:11] LPR 11 Recv: LPR_N
[13:38:11] LPR 12 Recv: LPR_N
[13:38:13] LPR14 Recv: LPR_N
[13:38:13] LPR13 Recv: LPR_N
[13:38:16] LPR 11 Recv: LPR_N
[13:38:17] LPR 12 Recv: LPR_N
[13:38:18] LPR14 Recv: LPR_N
[13:38:18] LPR13 Recv: LPR_N
[13:38:21] LPR 11 Recv: LPR_N
[13:38:22] LPR 12 Recv: LPR_N
[13:38:23] LPR14 Recv: LPR_N
[13:38:23] LPR13 Recv: LPR_N
[13:38:27] LPR 11 Recv: LPR_N
[13:38:27] LPR 12 Recv: LPR_N
[13:38:29] LPR13 Recv: LPR_N
[13:38:29] LPR14 Recv: LPR_N
[13:38:32] LPR 11 Recv: LPR_N
[13:38:32] LPR 12 Recv: LPR_N
[13:38:34] LPR14 Recv: LPR_N
[13:38:34] LPR13 Recv: LPR_N
[13:38:38] LPR 11 Recv: LPR_N
[13:38:38] LPR 12 Recv: LPR_N
[13:38:39] LPR14 Recv: LPR_N
[13:38:39] LPR13 Recv: LPR_N
[13:38:43] LPR 11 Recv: LPR_N
[13:38:43] LPR 12 Recv: LPR_N
[13:38:45] LPR13 Recv: LPR_N
[13:38:45] LPR14 Recv: LPR_N
[13:38:48] LPR 11 Recv: LPR_N
[13:38:48] LPR 12 Recv: LPR_N
[13:38:50] LPR13 Recv: LPR_N
[13:38:50] LPR14 Recv: LPR_N
[13:38:53] LPR 11 Recv: LPR_N
[13:38:54] LPR 12 Recv: LPR_N
[13:38:55] LPR13 Recv: LPR_N
[13:38:55] LPR14 Recv: LPR_N
[13:38:59] LPR 11 Recv: LPR_N
[13:38:59] LPR 12 Recv: LPR_N
[13:39:00] Program Close
[14:54:36] Program Start!
[14:56:03] 근무시작: 근무자
[14:56:04] 영수증프린터 포트오픈 에러: ie_BadId - Specified comport doesn't exist
[14:56:04] Ping 시간 체크1-151504130
[14:56:04] Ping 시간 체크2-151504146
[14:56:04] Ping 시간 체크1-151504146
[14:56:04] Ping 시간 체크2-151504146
[14:56:04] Ping 시간 체크1-151504146
[14:56:04] Ping 시간 체크2-151504146
[14:56:04] Ping 시간 체크1-151504146
[14:56:04] Ping 시간 체크2-151504146
[14:56:04] 설치된 입구전광판이 없음!
[14:56:04] 설치된 출구전광판이 없음!
[14:56:04] 30분  101
[14:56:04] 1시간  102
[14:56:04] 2시간  103
[14:56:04] 무료  104
[14:56:04] 2시간50%  105
[14:56:04] 30%  106
[14:56:04] LPR 11 Recv: 127.0.0.1
[14:56:04] LPR 12 Recv: 127.0.0.1
[14:56:04] LPR14 Recv: 127.0.0.1
[14:56:04] LPR13 Recv: 127.0.0.1
[14:56:05] LPR13 Recv: LPR_N
[14:56:05] LPR14 Recv: LPR_N
[14:56:05] LPR 11 Recv: LPR_N
[14:56:05] LPR 12 Recv: LPR_N
[14:56:07] LPR 11 Recv: LPR_N
[14:56:07] LPR 12 Recv: LPR_N
[14:56:10] LPR13 Recv: LPR_N
[14:56:10] LPR14 Recv: LPR_N
[14:56:12] LPR 11 Recv: LPR_N
[14:56:12] LPR 12 Recv: LPR_N
[14:56:15] LPR14 Recv: LPR_N
[14:56:15] LPR13 Recv: LPR_N
[14:56:18] LPR 12 Recv: LPR_N
[14:56:18] LPR 11 Recv: LPR_N
[14:56:20] LPR14 Recv: LPR_N
[14:56:20] LPR13 Recv: LPR_N
[14:56:23] LPR 12 Recv: LPR_N
[14:56:23] LPR 11 Recv: LPR_N
[14:56:26] LPR14 Recv: LPR_N
[14:56:26] LPR13 Recv: LPR_N
[14:56:29] LPR 12 Recv: LPR_N
[14:56:29] LPR 11 Recv: LPR_N
[14:56:31] LPR14 Recv: LPR_N
[14:56:31] LPR13 Recv: LPR_N
[14:56:34] LPR 11 Recv: LPR_N
[14:56:34] LPR 12 Recv: LPR_N
[14:56:37] LPR14 Recv: LPR_N
[14:56:37] LPR13 Recv: LPR_N
[14:56:39] LPR 11 Recv: LPR_N
[14:56:39] LPR 12 Recv: LPR_N
[14:56:42] LPR14 Recv: LPR_N
[14:56:42] LPR13 Recv: LPR_N
[14:56:44] LPR 11 Recv: LPR_N
[14:56:44] LPR 12 Recv: LPR_N
[14:56:47] LPR14 Recv: LPR_N
[14:56:47] LPR13 Recv: LPR_N
[14:56:50] LPR 12 Recv: LPR_N
[14:56:50] LPR 11 Recv: LPR_N
[14:56:52] LPR14 Recv: LPR_N
[14:56:52] LPR13 Recv: LPR_N
[14:56:55] LPR 11 Recv: LPR_N
[14:56:55] LPR 12 Recv: LPR_N
[14:56:58] LPR14 Recv: LPR_N
[14:56:58] LPR13 Recv: LPR_N
[14:57:00] LPR 12 Recv: LPR_N
[14:57:00] LPR 11 Recv: LPR_N
[14:57:03] LPR14 Recv: LPR_N
[14:57:03] LPR13 Recv: LPR_N
[14:57:05] LPR 11 Recv: LPR_N
[14:57:05] LPR 12 Recv: LPR_N
[14:57:08] LPR14 Recv: LPR_N
[14:57:08] LPR13 Recv: LPR_N
[14:57:11] LPR 11 Recv: LPR_N
[14:57:11] LPR 12 Recv: LPR_N
[14:57:13] LPR14 Recv: LPR_N
[14:57:13] LPR13 Recv: LPR_N
[14:57:16] LPR 12 Recv: LPR_N
[14:57:16] LPR 11 Recv: LPR_N
[14:57:18] LPR14 Recv: LPR_N
[14:57:18] LPR13 Recv: LPR_N
[14:57:21] LPR 12 Recv: LPR_N
[14:57:21] LPR 11 Recv: LPR_N
[14:57:24] LPR14 Recv: LPR_N
[14:57:24] LPR13 Recv: LPR_N
[14:57:27] LPR 12 Recv: LPR_N
[14:57:27] LPR 11 Recv: LPR_N
[14:57:29] LPR14 Recv: LPR_N
[14:57:29] LPR13 Recv: LPR_N
[14:57:32] LPR 12 Recv: LPR_N
[14:57:32] LPR 11 Recv: LPR_N
[14:57:35] LPR14 Recv: LPR_N
[14:57:35] LPR13 Recv: LPR_N
[14:57:37] LPR 12 Recv: LPR_N
[14:57:37] LPR 11 Recv: LPR_N
[14:57:40] LPR14 Recv: LPR_N
[14:57:40] LPR13 Recv: LPR_N
[14:57:42] LPR 11 Recv: LPR_N
[14:57:42] LPR 12 Recv: LPR_N
[14:57:45] LPR14 Recv: LPR_N
[14:57:45] LPR13 Recv: LPR_N
[14:57:48] LPR 11 Recv: LPR_N
[14:57:48] LPR 12 Recv: LPR_N
[14:57:50] LPR14 Recv: LPR_N
[14:57:50] LPR13 Recv: LPR_N
[14:57:53] LPR 12 Recv: LPR_N
[14:57:53] LPR 11 Recv: LPR_N
[14:57:56] LPR14 Recv: LPR_N
[14:57:56] LPR13 Recv: LPR_N
[14:57:58] LPR 12 Recv: LPR_N
[14:57:58] LPR 11 Recv: LPR_N
[14:58:01] LPR14 Recv: LPR_N
[14:58:01] LPR13 Recv: LPR_N
[14:58:04] LPR 12 Recv: LPR_N
[14:58:04] LPR 11 Recv: LPR_N
[14:58:06] LPR14 Recv: LPR_N
[14:58:06] LPR13 Recv: LPR_N
[14:58:09] LPR 11 Recv: LPR_N
[14:58:09] LPR 12 Recv: LPR_N
[14:58:11] LPR14 Recv: LPR_N
[14:58:11] LPR13 Recv: LPR_N
[14:58:14] LPR 11 Recv: LPR_N
[14:58:14] LPR 12 Recv: LPR_N
[14:58:17] LPR14 Recv: LPR_N
[14:58:17] LPR13 Recv: LPR_N
[14:58:19] LPR 11 Recv: LPR_N
[14:58:19] LPR 12 Recv: LPR_N
[14:58:22] LPR14 Recv: LPR_N
[14:58:22] LPR13 Recv: LPR_N
[14:58:25] LPR 11 Recv: LPR_N
[14:58:25] LPR 12 Recv: LPR_N
[14:58:27] LPR14 Recv: LPR_N
[14:58:27] LPR13 Recv: LPR_N
[14:58:30] LPR 11 Recv: LPR_N
[14:58:30] LPR 12 Recv: LPR_N
[14:58:33] LPR13 Recv: LPR_N
[14:58:33] LPR14 Recv: LPR_N
[14:58:36] LPR 11 Recv: LPR_N
[14:58:36] LPR 12 Recv: LPR_N
[14:58:38] LPR13 Recv: LPR_N
[14:58:38] LPR14 Recv: LPR_N
[14:58:41] LPR 11 Recv: LPR_N
[14:58:41] LPR 12 Recv: LPR_N
[14:58:43] LPR14 Recv: LPR_N
[14:58:43] LPR13 Recv: LPR_N
[14:58:46] LPR 11 Recv: LPR_N
[14:58:46] LPR 12 Recv: LPR_N
[14:58:48] LPR14 Recv: LPR_N
[14:58:48] LPR13 Recv: LPR_N
[14:58:51] LPR 11 Recv: LPR_N
[14:58:51] LPR 12 Recv: LPR_N
[14:58:54] LPR14 Recv: LPR_N
[14:58:54] LPR13 Recv: LPR_N
[14:58:56] LPR 12 Recv: LPR_N
[14:58:56] LPR 11 Recv: LPR_N
[14:58:59] LPR14 Recv: LPR_N
[14:58:59] LPR13 Recv: LPR_N
[14:59:02] LPR 11 Recv: LPR_N
[14:59:02] LPR 12 Recv: LPR_N
[14:59:05] LPR14 Recv: LPR_N
[14:59:05] LPR13 Recv: LPR_N
[14:59:07] LPR 12 Recv: LPR_N
[14:59:07] LPR 11 Recv: LPR_N
[14:59:10] LPR14 Recv: LPR_N
[14:59:10] LPR13 Recv: LPR_N
[14:59:13] LPR 12 Recv: LPR_N
[14:59:13] LPR 11 Recv: LPR_N
[14:59:15] LPR13 Recv: LPR_N
[14:59:15] LPR14 Recv: LPR_N
[14:59:18] LPR 11 Recv: LPR_N
[14:59:18] LPR 12 Recv: LPR_N
[14:59:20] LPR13 Recv: LPR_N
[14:59:20] LPR14 Recv: LPR_N
[14:59:23] LPR 12 Recv: LPR_N
[14:59:23] LPR 11 Recv: LPR_N
[14:59:25] LPR14 Recv: LPR_N
[14:59:25] LPR13 Recv: LPR_N
[14:59:28] LPR 12 Recv: LPR_N
[14:59:28] LPR 11 Recv: LPR_N
[14:59:31] LPR14 Recv: LPR_N
[14:59:31] LPR13 Recv: LPR_N
[14:59:34] LPR 11 Recv: LPR_N
[14:59:34] LPR 12 Recv: LPR_N
[14:59:36] LPR14 Recv: LPR_N
[14:59:36] LPR13 Recv: LPR_N
[14:59:39] LPR 11 Recv: LPR_N
[14:59:39] LPR 12 Recv: LPR_N
[14:59:42] LPR14 Recv: LPR_N
[14:59:42] LPR13 Recv: LPR_N
[14:59:45] LPR 11 Recv: LPR_N
[14:59:45] LPR 12 Recv: LPR_N
[14:59:47] LPR14 Recv: LPR_N
[14:59:47] LPR13 Recv: LPR_N
[14:59:50] LPR 11 Recv: LPR_N
[14:59:50] LPR 12 Recv: LPR_N
[14:59:52] LPR14 Recv: LPR_N
[14:59:52] LPR13 Recv: LPR_N
[14:59:55] LPR 11 Recv: LPR_N
[14:59:55] LPR 12 Recv: LPR_N
[14:59:57] LPR14 Recv: LPR_N
[14:59:57] LPR13 Recv: LPR_N
[15:00:00] LPR 11 Recv: LPR_N
[15:00:00] LPR 12 Recv: LPR_N
[15:00:03] LPR14 Recv: LPR_N
[15:00:03] LPR13 Recv: LPR_N
[15:00:05] LPR 11 Recv: LPR_N
[15:00:05] LPR 12 Recv: LPR_N
[15:00:08] LPR14 Recv: LPR_N
[15:00:08] LPR13 Recv: LPR_N
[15:00:11] LPR 12 Recv: LPR_N
[15:00:11] LPR 11 Recv: LPR_N
[15:00:13] LPR14 Recv: LPR_N
[15:00:13] LPR13 Recv: LPR_N
[15:00:16] LPR 11 Recv: LPR_N
[15:00:16] LPR 12 Recv: LPR_N
[15:00:19] LPR14 Recv: LPR_N
[15:00:19] LPR13 Recv: LPR_N
[15:00:22] LPR 11 Recv: LPR_N
[15:00:22] LPR 12 Recv: LPR_N
[15:00:24] LPR14 Recv: LPR_N
[15:00:24] LPR13 Recv: LPR_N
[15:00:27] LPR 11 Recv: LPR_N
[15:00:27] LPR 12 Recv: LPR_N
[15:00:29] LPR14 Recv: LPR_N
[15:00:29] LPR13 Recv: LPR_N
[15:00:32] LPR 11 Recv: LPR_N
[15:00:32] LPR 12 Recv: LPR_N
[15:00:34] LPR13 Recv: LPR_N
[15:00:34] LPR14 Recv: LPR_N
[15:00:37] LPR 11 Recv: LPR_N
[15:00:37] LPR 12 Recv: LPR_N
[15:00:40] LPR14 Recv: LPR_N
[15:00:40] LPR13 Recv: LPR_N
[15:00:43] LPR 12 Recv: LPR_N
[15:00:43] LPR 11 Recv: LPR_N
[15:00:45] LPR14 Recv: LPR_N
[15:00:45] LPR13 Recv: LPR_N
[15:00:48] LPR 11 Recv: LPR_N
[15:00:48] LPR 12 Recv: LPR_N
[15:00:50] LPR14 Recv: LPR_N
[15:00:50] LPR13 Recv: LPR_N
[15:00:53] LPR 11 Recv: LPR_N
[15:00:53] LPR 12 Recv: LPR_N
[15:00:55] LPR14 Recv: LPR_N
[15:00:55] LPR13 Recv: LPR_N
[15:00:59] LPR 12 Recv: LPR_N
[15:00:59] LPR 11 Recv: LPR_N
[15:01:01] LPR14 Recv: LPR_N
[15:01:01] LPR13 Recv: LPR_N
[15:01:04] LPR 11 Recv: LPR_N
[15:01:04] LPR 12 Recv: LPR_N
[15:01:06] LPR13 Recv: LPR_N
[15:01:06] LPR14 Recv: LPR_N
[15:01:09] LPR 12 Recv: LPR_N
[15:01:09] LPR 11 Recv: LPR_N
[15:01:11] LPR14 Recv: LPR_N
[15:01:11] LPR13 Recv: LPR_N
[15:01:14] LPR 12 Recv: LPR_N
[15:01:14] LPR 11 Recv: LPR_N
[15:01:17] LPR14 Recv: LPR_N
[15:01:17] LPR13 Recv: LPR_N
[15:01:20] LPR 11 Recv: LPR_N
[15:01:20] LPR 12 Recv: LPR_N
[15:01:22] LPR14 Recv: LPR_N
[15:01:22] LPR13 Recv: LPR_N
[15:01:25] LPR 11 Recv: LPR_N
[15:01:25] LPR 12 Recv: LPR_N
[15:01:27] LPR13 Recv: LPR_N
[15:01:27] LPR14 Recv: LPR_N
[15:01:31] LPR 12 Recv: LPR_N
[15:01:31] LPR 11 Recv: LPR_N
[15:01:32] LPR13 Recv: LPR_N
[15:01:32] LPR14 Recv: LPR_N
[15:01:36] LPR 11 Recv: LPR_N
[15:01:36] LPR 12 Recv: LPR_N
[15:01:38] LPR13 Recv: LPR_N
[15:01:38] LPR14 Recv: LPR_N
[15:01:41] LPR 11 Recv: LPR_N
[15:01:41] LPR 12 Recv: LPR_N
[15:01:43] LPR13 Recv: LPR_N
[15:01:43] LPR14 Recv: LPR_N
[15:01:46] LPR 12 Recv: LPR_N
[15:01:46] LPR 11 Recv: LPR_N
[15:01:49] LPR13 Recv: LPR_N
[15:01:49] LPR14 Recv: LPR_N
[15:01:51] LPR 12 Recv: LPR_N
[15:01:51] LPR 11 Recv: LPR_N
[15:01:54] LPR14 Recv: LPR_N
[15:01:54] LPR13 Recv: LPR_N
[15:01:57] LPR 12 Recv: LPR_N
[15:01:57] LPR 11 Recv: LPR_N
[15:01:59] LPR14 Recv: LPR_N
[15:01:59] LPR13 Recv: LPR_N
[15:02:02] LPR 12 Recv: LPR_N
[15:02:02] LPR 11 Recv: LPR_N
[15:02:04] LPR14 Recv: LPR_N
[15:02:04] LPR13 Recv: LPR_N
[15:02:08] LPR 12 Recv: LPR_N
[15:02:08] LPR 11 Recv: LPR_N
[15:02:09] LPR13 Recv: LPR_N
[15:02:09] LPR14 Recv: LPR_N
[15:02:13] LPR 12 Recv: LPR_N
[15:02:13] LPR 11 Recv: LPR_N
[15:02:15] LPR13 Recv: LPR_N
[15:02:15] LPR14 Recv: LPR_N
[15:02:18] LPR 11 Recv: LPR_N
[15:02:18] LPR 12 Recv: LPR_N
[15:02:20] LPR14 Recv: LPR_N
[15:02:20] LPR13 Recv: LPR_N
[15:02:24] LPR 11 Recv: LPR_N
[15:02:24] LPR 12 Recv: LPR_N
[15:02:26] LPR14 Recv: LPR_N
[15:02:26] LPR13 Recv: LPR_N
[15:02:29] LPR 12 Recv: LPR_N
[15:02:29] LPR 11 Recv: LPR_N
[15:02:31] LPR14 Recv: LPR_N
[15:02:31] LPR13 Recv: LPR_N
[15:02:34] LPR 12 Recv: LPR_N
[15:02:34] LPR 11 Recv: LPR_N
[15:02:36] LPR14 Recv: LPR_N
[15:02:36] LPR13 Recv: LPR_N
[15:02:40] LPR 11 Recv: LPR_N
[15:02:40] LPR 12 Recv: LPR_N
[15:02:41] LPR14 Recv: LPR_N
[15:02:41] LPR13 Recv: LPR_N
[15:02:45] LPR 12 Recv: LPR_N
[15:02:45] LPR 11 Recv: LPR_N
[15:02:47] LPR13 Recv: LPR_N
[15:02:47] LPR14 Recv: LPR_N
[15:02:50] LPR 12 Recv: LPR_N
[15:02:50] LPR 11 Recv: LPR_N
[15:02:52] LPR14 Recv: LPR_N
[15:02:52] LPR13 Recv: LPR_N
[15:02:55] LPR 11 Recv: LPR_N
[15:02:55] LPR 12 Recv: LPR_N
[15:02:58] LPR13 Recv: LPR_N
[15:02:58] LPR14 Recv: LPR_N
[15:03:01] LPR 11 Recv: LPR_N
[15:03:01] LPR 12 Recv: LPR_N
[15:03:03] LPR13 Recv: LPR_N
[15:03:03] LPR14 Recv: LPR_N
[15:03:06] LPR 11 Recv: LPR_N
[15:03:06] LPR 12 Recv: LPR_N
[15:03:08] LPR14 Recv: LPR_N
[15:03:08] LPR13 Recv: LPR_N
[15:03:11] LPR 11 Recv: LPR_N
[15:03:11] LPR 12 Recv: LPR_N
[15:03:13] LPR14 Recv: LPR_N
[15:03:13] LPR13 Recv: LPR_N
[15:03:17] LPR 12 Recv: LPR_N
[15:03:17] LPR 11 Recv: LPR_N
[15:03:18] LPR13 Recv: LPR_N
[15:03:18] LPR14 Recv: LPR_N
[15:03:22] LPR 11 Recv: LPR_N
[15:03:22] LPR 12 Recv: LPR_N
[15:03:24] LPR13 Recv: LPR_N
[15:03:24] LPR14 Recv: LPR_N
[15:03:27] LPR 11 Recv: LPR_N
[15:03:27] LPR 12 Recv: LPR_N
[15:03:29] LPR14 Recv: LPR_N
[15:03:29] LPR13 Recv: LPR_N
[15:03:33] LPR 11 Recv: LPR_N
[15:03:33] LPR 12 Recv: LPR_N
[15:03:35] LPR14 Recv: LPR_N
[15:03:35] LPR13 Recv: LPR_N
[15:03:38] LPR 11 Recv: LPR_N
[15:03:38] LPR 12 Recv: LPR_N
[15:03:40] LPR14 Recv: LPR_N
[15:03:40] LPR13 Recv: LPR_N
[15:03:43] LPR 12 Recv: LPR_N
[15:03:43] LPR 11 Recv: LPR_N
[15:03:45] LPR14 Recv: LPR_N
[15:03:45] LPR13 Recv: LPR_N
[15:03:48] LPR 11 Recv: LPR_N
[15:03:48] LPR 12 Recv: LPR_N
[15:03:50] LPR14 Recv: LPR_N
[15:03:50] LPR13 Recv: LPR_N
[15:03:54] LPR 11 Recv: LPR_N
[15:03:54] LPR 12 Recv: LPR_N
[15:03:56] LPR14 Recv: LPR_N
[15:03:56] LPR13 Recv: LPR_N
[15:03:59] LPR 12 Recv: LPR_N
[15:03:59] LPR 11 Recv: LPR_N
[15:04:01] LPR14 Recv: LPR_N
[15:04:01] LPR13 Recv: LPR_N
[15:04:05] LPR 12 Recv: LPR_N
[15:04:05] LPR 11 Recv: LPR_N
[15:04:06] LPR14 Recv: LPR_N
[15:04:06] LPR13 Recv: LPR_N
[15:04:10] LPR 11 Recv: LPR_N
[15:04:10] LPR 12 Recv: LPR_N
[15:04:12] LPR14 Recv: LPR_N
[15:04:12] LPR13 Recv: LPR_N
[15:04:15] LPR 11 Recv: LPR_N
[15:04:15] LPR 12 Recv: LPR_N
[15:04:17] LPR14 Recv: LPR_N
[15:04:17] LPR13 Recv: LPR_N
[15:04:20] LPR 12 Recv: LPR_N
[15:04:20] LPR 11 Recv: LPR_N
[15:04:22] LPR14 Recv: LPR_N
[15:04:22] LPR13 Recv: LPR_N
[15:04:26] LPR 11 Recv: LPR_N
[15:04:26] LPR 12 Recv: LPR_N
[15:04:27] LPR13 Recv: LPR_N
[15:04:27] LPR14 Recv: LPR_N
[15:04:31] LPR 12 Recv: LPR_N
[15:04:31] LPR 11 Recv: LPR_N
[15:04:33] LPR13 Recv: LPR_N
[15:04:33] LPR14 Recv: LPR_N
[15:04:37] LPR 12 Recv: LPR_N
[15:04:37] LPR 11 Recv: LPR_N
[15:04:38] LPR13 Recv: LPR_N
[15:04:38] LPR14 Recv: LPR_N
[15:04:42] LPR 12 Recv: LPR_N
[15:04:42] LPR 11 Recv: LPR_N
[15:04:44] LPR13 Recv: LPR_N
[15:04:44] LPR14 Recv: LPR_N
[15:04:47] LPR 12 Recv: LPR_N
[15:04:47] LPR 11 Recv: LPR_N
[15:04:49] LPR13 Recv: LPR_N
[15:04:49] LPR14 Recv: LPR_N
[15:04:52] LPR 12 Recv: LPR_N
[15:04:52] LPR 11 Recv: LPR_N
[15:04:54] LPR14 Recv: LPR_N
[15:04:54] LPR13 Recv: LPR_N
[15:04:57] LPR 11 Recv: LPR_N
[15:04:57] LPR 12 Recv: LPR_N
[15:04:59] LPR14 Recv: LPR_N
[15:04:59] LPR13 Recv: LPR_N
[15:05:03] LPR 11 Recv: LPR_N
[15:05:03] LPR 12 Recv: LPR_N
[15:05:04] LPR14 Recv: LPR_N
[15:05:04] LPR13 Recv: LPR_N
[15:05:08] LPR 12 Recv: LPR_N
[15:05:08] LPR 11 Recv: LPR_N
[15:05:10] LPR14 Recv: LPR_N
[15:05:10] LPR13 Recv: LPR_N
[15:05:14] LPR 11 Recv: LPR_N
[15:05:14] LPR 12 Recv: LPR_N
[15:05:15] LPR14 Recv: LPR_N
[15:05:15] LPR13 Recv: LPR_N
[15:05:19] LPR 11 Recv: LPR_N
[15:05:19] LPR 12 Recv: LPR_N
[15:05:21] LPR14 Recv: LPR_N
[15:05:21] LPR13 Recv: LPR_N
[15:05:24] LPR 11 Recv: LPR_N
[15:05:24] LPR 12 Recv: LPR_N
[15:05:26] LPR14 Recv: LPR_N
[15:05:26] LPR13 Recv: LPR_N
[15:05:29] LPR 12 Recv: LPR_N
[15:05:29] LPR 11 Recv: LPR_N
[15:05:31] LPR14 Recv: LPR_N
[15:05:31] LPR13 Recv: LPR_N
[15:05:35] LPR 11 Recv: LPR_N
[15:05:35] LPR 12 Recv: LPR_N
[15:05:36] LPR14 Recv: LPR_N
[15:05:36] LPR13 Recv: LPR_N
[15:05:40] LPR 12 Recv: LPR_N
[15:05:40] LPR 11 Recv: LPR_N
[15:05:42] LPR14 Recv: LPR_N
[15:05:42] LPR13 Recv: LPR_N
[15:05:45] LPR 12 Recv: LPR_N
[15:05:45] LPR 11 Recv: LPR_N
[15:05:47] LPR14 Recv: LPR_N
[15:05:47] LPR13 Recv: LPR_N
[15:05:51] LPR 11 Recv: LPR_N
[15:05:51] LPR 12 Recv: LPR_N
[15:05:52] LPR14 Recv: LPR_N
[15:05:52] LPR13 Recv: LPR_N
[15:05:56] LPR 12 Recv: LPR_N
[15:05:56] LPR 11 Recv: LPR_N
[15:05:57] LPR14 Recv: LPR_N
[15:05:57] LPR13 Recv: LPR_N
[15:06:01] LPR 11 Recv: LPR_N
[15:06:01] LPR 12 Recv: LPR_N
[15:06:03] LPR14 Recv: LPR_N
[15:06:03] LPR13 Recv: LPR_N
[15:06:06] LPR 11 Recv: LPR_N
[15:06:06] LPR 12 Recv: LPR_N
[15:06:08] LPR14 Recv: LPR_N
[15:06:08] LPR13 Recv: LPR_N
[15:06:12] LPR 11 Recv: LPR_N
[15:06:12] LPR 12 Recv: LPR_N
[15:06:13] LPR14 Recv: LPR_N
[15:06:13] LPR13 Recv: LPR_N
[15:06:17] LPR 11 Recv: LPR_N
[15:06:17] LPR 12 Recv: LPR_N
[15:06:19] LPR14 Recv: LPR_N
[15:06:19] LPR13 Recv: LPR_N
[15:06:23] LPR 11 Recv: LPR_N
[15:06:23] LPR 12 Recv: LPR_N
[15:06:24] LPR14 Recv: LPR_N
[15:06:24] LPR13 Recv: LPR_N
[15:06:28] LPR 11 Recv: LPR_N
[15:06:28] LPR 12 Recv: LPR_N
[15:06:29] LPR13 Recv: LPR_N
[15:06:29] LPR14 Recv: LPR_N
[15:06:33] LPR 11 Recv: LPR_N
[15:06:33] LPR 12 Recv: LPR_N
[15:06:34] LPR14 Recv: LPR_N
[15:06:34] LPR13 Recv: LPR_N
[15:06:38] LPR 11 Recv: LPR_N
[15:06:38] LPR 12 Recv: LPR_N
[15:06:40] LPR14 Recv: LPR_N
[15:06:40] LPR13 Recv: LPR_N
[15:06:43] LPR 11 Recv: LPR_N
[15:06:43] LPR 12 Recv: LPR_N
[15:06:45] LPR14 Recv: LPR_N
[15:06:45] LPR13 Recv: LPR_N
[15:06:49] LPR 11 Recv: LPR_N
[15:06:49] LPR 12 Recv: LPR_N
[15:06:51] LPR14 Recv: LPR_N
[15:06:51] LPR13 Recv: LPR_N
[15:06:54] LPR 12 Recv: LPR_N
[15:06:54] LPR 11 Recv: LPR_N
[15:06:56] LPR13 Recv: LPR_N
[15:06:56] LPR14 Recv: LPR_N
[15:07:00] LPR 12 Recv: LPR_N
[15:07:00] LPR 11 Recv: LPR_N
[15:07:01] LPR14 Recv: LPR_N
[15:07:01] LPR13 Recv: LPR_N
[15:07:05] LPR 12 Recv: LPR_N
[15:07:05] LPR 11 Recv: LPR_N
[15:07:06] LPR14 Recv: LPR_N
[15:07:06] LPR13 Recv: LPR_N
[15:07:10] LPR 11 Recv: LPR_N
[15:07:10] LPR 12 Recv: LPR_N
[15:07:11] LPR14 Recv: LPR_N
[15:07:11] LPR13 Recv: LPR_N
[15:07:15] LPR 11 Recv: LPR_N
[15:07:15] LPR 12 Recv: LPR_N
[15:07:17] LPR14 Recv: LPR_N
[15:07:17] LPR13 Recv: LPR_N
[15:07:21] LPR 11 Recv: LPR_N
[15:07:21] LPR 12 Recv: LPR_N
[15:07:22] LPR14 Recv: LPR_N
[15:07:22] LPR13 Recv: LPR_N
[15:07:26] LPR 11 Recv: LPR_N
[15:07:26] LPR 12 Recv: LPR_N
[15:07:28] LPR13 Recv: LPR_N
[15:07:28] LPR14 Recv: LPR_N
[15:07:32] LPR 11 Recv: LPR_N
[15:07:32] LPR 12 Recv: LPR_N
[15:07:33] LPR13 Recv: LPR_N
[15:07:33] LPR14 Recv: LPR_N
[15:07:37] LPR 11 Recv: LPR_N
[15:07:37] LPR 12 Recv: LPR_N
[15:07:38] LPR13 Recv: LPR_N
[15:07:38] LPR14 Recv: LPR_N
[15:07:42] LPR 11 Recv: LPR_N
[15:07:42] LPR 12 Recv: LPR_N
[15:07:43] LPR13 Recv: LPR_N
[15:07:43] LPR14 Recv: LPR_N
[15:07:47] LPR 11 Recv: LPR_N
[15:07:47] LPR 12 Recv: LPR_N
[15:07:49] LPR13 Recv: LPR_N
[15:07:49] LPR14 Recv: LPR_N
[15:07:52] LPR 12 Recv: LPR_N
[15:07:52] LPR 11 Recv: LPR_N
[15:07:54] LPR13 Recv: LPR_N
[15:07:54] LPR14 Recv: LPR_N
[15:07:58] LPR 12 Recv: LPR_N
[15:07:58] LPR 11 Recv: LPR_N
[15:07:59] LPR13 Recv: LPR_N
[15:07:59] LPR14 Recv: LPR_N
[15:08:03] LPR 11 Recv: LPR_N
[15:08:03] LPR 12 Recv: LPR_N
[15:08:05] LPR13 Recv: LPR_N
[15:08:05] LPR14 Recv: LPR_N
[15:08:09] LPR 12 Recv: LPR_N
[15:08:09] LPR 11 Recv: LPR_N
[15:08:10] LPR14 Recv: LPR_N
[15:08:10] LPR13 Recv: LPR_N
[15:08:14] LPR 12 Recv: LPR_N
[15:08:14] LPR 11 Recv: LPR_N
[15:08:15] LPR14 Recv: LPR_N
[15:08:15] LPR13 Recv: LPR_N
[15:08:19] LPR 12 Recv: LPR_N
[15:08:19] LPR 11 Recv: LPR_N
[15:08:20] LPR14 Recv: LPR_N
[15:08:20] LPR13 Recv: LPR_N
[15:08:24] LPR 11 Recv: LPR_N
[15:08:24] LPR 12 Recv: LPR_N
[15:08:26] LPR14 Recv: LPR_N
[15:08:26] LPR13 Recv: LPR_N
[15:08:30] LPR 12 Recv: LPR_N
[15:08:30] LPR 11 Recv: LPR_N
[15:08:31] LPR14 Recv: LPR_N
[15:08:31] LPR13 Recv: LPR_N
[15:08:35] LPR 11 Recv: LPR_N
[15:08:35] LPR 12 Recv: LPR_N
[15:08:37] LPR13 Recv: LPR_N
[15:08:37] LPR14 Recv: LPR_N
[15:08:40] LPR 12 Recv: LPR_N
[15:08:40] LPR 11 Recv: LPR_N
[15:08:42] LPR13 Recv: LPR_N
[15:08:42] LPR14 Recv: LPR_N
[15:08:46] LPR 11 Recv: LPR_N
[15:08:46] LPR 12 Recv: LPR_N
[15:08:47] LPR13 Recv: LPR_N
[15:08:47] LPR14 Recv: LPR_N
[15:08:51] LPR 11 Recv: LPR_N
[15:08:51] LPR 12 Recv: LPR_N
[15:08:52] LPR13 Recv: LPR_N
[15:08:52] LPR14 Recv: LPR_N
[15:08:56] LPR 11 Recv: LPR_N
[15:08:56] LPR 12 Recv: LPR_N
[15:08:57] LPR13 Recv: LPR_N
[15:08:57] LPR14 Recv: LPR_N
[15:09:01] LPR 12 Recv: LPR_N
[15:09:02] LPR 11 Recv: LPR_N
[15:09:03] LPR13 Recv: LPR_N
[15:09:03] LPR14 Recv: LPR_N
[15:09:07] LPR 12 Recv: LPR_N
[15:09:07] LPR 11 Recv: LPR_N
[15:09:08] LPR13 Recv: LPR_N
[15:09:08] LPR14 Recv: LPR_N
[15:09:12] LPR 11 Recv: LPR_N
[15:09:12] LPR 12 Recv: LPR_N
[15:09:14] LPR14 Recv: LPR_N
[15:09:14] LPR13 Recv: LPR_N
[15:09:18] LPR 11 Recv: LPR_N
[15:09:18] LPR 12 Recv: LPR_N
[15:09:19] LPR14 Recv: LPR_N
[15:09:19] LPR13 Recv: LPR_N
[15:09:23] LPR 11 Recv: LPR_N
[15:09:23] LPR 12 Recv: LPR_N
[15:09:24] LPR13 Recv: LPR_N
[15:09:24] LPR14 Recv: LPR_N
[15:09:28] LPR 12 Recv: LPR_N
[15:09:28] LPR 11 Recv: LPR_N
[15:09:29] LPR13 Recv: LPR_N
[15:09:29] LPR14 Recv: LPR_N
[15:09:33] LPR 11 Recv: LPR_N
[15:09:33] LPR 12 Recv: LPR_N
[15:09:35] LPR14 Recv: LPR_N
[15:09:35] LPR13 Recv: LPR_N
[15:09:38] LPR 11 Recv: LPR_N
[15:09:38] LPR 12 Recv: LPR_N
[15:09:40] LPR14 Recv: LPR_N
[15:09:40] LPR13 Recv: LPR_N
[15:09:44] LPR 11 Recv: LPR_N
[15:09:44] LPR 12 Recv: LPR_N
[15:09:45] LPR14 Recv: LPR_N
[15:09:45] LPR13 Recv: LPR_N
[15:09:49] LPR 11 Recv: LPR_N
[15:09:49] LPR 12 Recv: LPR_N
[15:09:51] LPR14 Recv: LPR_N
[15:09:51] LPR13 Recv: LPR_N
[15:09:55] LPR 11 Recv: LPR_N
[15:09:55] LPR 12 Recv: LPR_N
[15:09:56] LPR14 Recv: LPR_N
[15:09:56] LPR13 Recv: LPR_N
[15:10:00] LPR 12 Recv: LPR_N
[15:10:00] LPR 11 Recv: LPR_N
[15:10:01] LPR14 Recv: LPR_N
[15:10:01] LPR13 Recv: LPR_N
[15:10:05] LPR 12 Recv: LPR_N
[15:10:05] LPR 11 Recv: LPR_N
[15:10:06] LPR14 Recv: LPR_N
[15:10:06] LPR13 Recv: LPR_N
[15:10:10] LPR 11 Recv: LPR_N
[15:10:10] LPR 12 Recv: LPR_N
[15:10:12] LPR14 Recv: LPR_N
[15:10:12] LPR13 Recv: LPR_N
[15:10:16] LPR 11 Recv: LPR_N
[15:10:16] LPR 12 Recv: LPR_N
[15:10:17] LPR14 Recv: LPR_N
[15:10:17] LPR13 Recv: LPR_N
[15:10:21] LPR 11 Recv: LPR_N
[15:10:21] LPR 12 Recv: LPR_N
[15:10:22] LPR14 Recv: LPR_N
[15:10:22] LPR13 Recv: LPR_N
[15:10:27] LPR 12 Recv: LPR_N
[15:10:27] LPR 11 Recv: LPR_N
[15:10:28] LPR14 Recv: LPR_N
[15:10:28] LPR13 Recv: LPR_N
[15:10:32] LPR 11 Recv: LPR_N
[15:10:32] LPR 12 Recv: LPR_N
[15:10:33] LPR13 Recv: LPR_N
[15:10:33] LPR14 Recv: LPR_N
[15:10:37] LPR 12 Recv: LPR_N
[15:10:37] LPR 11 Recv: LPR_N
[15:10:38] LPR14 Recv: LPR_N
[15:10:38] LPR13 Recv: LPR_N
[15:10:43] LPR 12 Recv: LPR_N
[15:10:43] LPR 11 Recv: LPR_N
[15:10:44] LPR14 Recv: LPR_N
[15:10:44] LPR13 Recv: LPR_N
[15:10:48] LPR 12 Recv: LPR_N
[15:10:48] LPR 11 Recv: LPR_N
[15:10:49] LPR14 Recv: LPR_N
[15:10:49] LPR13 Recv: LPR_N
[15:10:53] LPR 12 Recv: LPR_N
[15:10:53] LPR 11 Recv: LPR_N
[15:10:54] LPR14 Recv: LPR_N
[15:10:54] LPR13 Recv: LPR_N
[15:10:58] LPR 11 Recv: LPR_N
[15:10:58] LPR 12 Recv: LPR_N
[15:10:59] LPR14 Recv: LPR_N
[15:10:59] LPR13 Recv: LPR_N
[15:11:04] LPR 11 Recv: LPR_N
[15:11:04] LPR 12 Recv: LPR_N
[15:11:05] LPR14 Recv: LPR_N
[15:11:05] LPR13 Recv: LPR_N
[15:11:09] LPR 11 Recv: LPR_N
[15:11:09] LPR 12 Recv: LPR_N
[15:11:10] LPR14 Recv: LPR_N
[15:11:10] LPR13 Recv: LPR_N
[15:11:15] LPR 11 Recv: LPR_N
[15:11:15] LPR 12 Recv: LPR_N
[15:11:15] LPR14 Recv: LPR_N
[15:11:15] LPR13 Recv: LPR_N
[15:11:20] LPR 11 Recv: LPR_N
[15:11:20] LPR 12 Recv: LPR_N
[15:11:21] LPR13 Recv: LPR_N
[15:11:21] LPR14 Recv: LPR_N
[15:11:25] LPR 11 Recv: LPR_N
[15:11:25] LPR 12 Recv: LPR_N
[15:11:26] LPR13 Recv: LPR_N
[15:11:26] LPR14 Recv: LPR_N
[15:11:30] LPR 12 Recv: LPR_N
[15:11:30] LPR 11 Recv: LPR_N
[15:11:31] LPR13 Recv: LPR_N
[15:11:31] LPR14 Recv: LPR_N
[15:11:35] LPR 11 Recv: LPR_N
[15:11:35] LPR 12 Recv: LPR_N
[15:11:37] LPR13 Recv: LPR_N
[15:11:37] LPR14 Recv: LPR_N
[15:11:41] LPR 11 Recv: LPR_N
[15:11:41] LPR 12 Recv: LPR_N
[15:11:42] LPR13 Recv: LPR_N
[15:11:42] LPR14 Recv: LPR_N
[15:11:46] LPR 12 Recv: LPR_N
[15:11:46] LPR 11 Recv: LPR_N
[15:11:47] LPR14 Recv: LPR_N
[15:11:47] LPR13 Recv: LPR_N
[15:11:52] LPR 11 Recv: LPR_N
[15:11:52] LPR 12 Recv: LPR_N
[15:11:52] LPR14 Recv: LPR_N
[15:11:52] LPR13 Recv: LPR_N
[15:11:57] LPR 12 Recv: LPR_N
[15:11:57] LPR 11 Recv: LPR_N
[15:11:58] LPR14 Recv: LPR_N
[15:11:58] LPR13 Recv: LPR_N
[15:12:02] LPR 11 Recv: LPR_N
[15:12:02] LPR 12 Recv: LPR_N
[15:12:03] LPR14 Recv: LPR_N
[15:12:03] LPR13 Recv: LPR_N
[15:12:07] LPR 12 Recv: LPR_N
[15:12:07] LPR 11 Recv: LPR_N
[15:12:08] LPR13 Recv: LPR_N
[15:12:08] LPR14 Recv: LPR_N
[15:12:13] LPR 11 Recv: LPR_N
[15:12:13] LPR 12 Recv: LPR_N
[15:12:13] LPR14 Recv: LPR_N
[15:12:13] LPR13 Recv: LPR_N
[15:12:18] LPR 11 Recv: LPR_N
[15:12:18] LPR 12 Recv: LPR_N
[15:12:19] LPR14 Recv: LPR_N
[15:12:19] LPR13 Recv: LPR_N
[15:12:24] LPR 12 Recv: LPR_N
[15:12:24] LPR 11 Recv: LPR_N
[15:12:24] LPR14 Recv: LPR_N
[15:12:24] LPR13 Recv: LPR_N
[15:12:29] LPR 11 Recv: LPR_N
[15:12:29] LPR 12 Recv: LPR_N
[15:12:30] LPR14 Recv: LPR_N
[15:12:30] LPR13 Recv: LPR_N
[15:12:34] LPR 11 Recv: LPR_N
[15:12:34] LPR 12 Recv: LPR_N
[15:12:35] LPR13 Recv: LPR_N
[15:12:35] LPR14 Recv: LPR_N
[15:12:39] LPR 12 Recv: LPR_N
[15:12:39] LPR 11 Recv: LPR_N
[15:12:40] LPR13 Recv: LPR_N
[15:12:40] LPR14 Recv: LPR_N
[15:12:44] LPR 11 Recv: LPR_N
[15:12:44] LPR 12 Recv: LPR_N
[15:12:45] LPR13 Recv: LPR_N
[15:12:45] LPR14 Recv: LPR_N
[15:12:50] LPR 11 Recv: LPR_N
[15:12:50] LPR 12 Recv: LPR_N
[15:12:50] LPR13 Recv: LPR_N
[15:12:50] LPR14 Recv: LPR_N
[15:12:55] LPR 12 Recv: LPR_N
[15:12:55] LPR 11 Recv: LPR_N
[15:12:56] LPR14 Recv: LPR_N
[15:12:56] LPR13 Recv: LPR_N
[15:13:01] LPR 11 Recv: LPR_N
[15:13:01] LPR 12 Recv: LPR_N
[15:13:01] LPR14 Recv: LPR_N
[15:13:01] LPR13 Recv: LPR_N
[15:13:06] LPR 11 Recv: LPR_N
[15:13:06] LPR 12 Recv: LPR_N
[15:13:07] LPR14 Recv: LPR_N
[15:13:07] LPR13 Recv: LPR_N
[15:13:11] LPR 11 Recv: LPR_N
[15:13:11] LPR 12 Recv: LPR_N
[15:13:12] LPR14 Recv: LPR_N
[15:13:12] LPR13 Recv: LPR_N
[15:13:16] LPR 12 Recv: LPR_N
[15:13:16] LPR 11 Recv: LPR_N
[15:13:17] LPR14 Recv: LPR_N
[15:13:17] LPR13 Recv: LPR_N
[15:13:22] LPR 11 Recv: LPR_N
[15:13:22] LPR 12 Recv: LPR_N
[15:13:22] LPR14 Recv: LPR_N
[15:13:22] LPR13 Recv: LPR_N
[15:13:27] LPR 12 Recv: LPR_N
[15:13:27] LPR 11 Recv: LPR_N
[15:13:28] LPR14 Recv: LPR_N
[15:13:28] LPR13 Recv: LPR_N
[15:13:32] LPR 12 Recv: LPR_N
[15:13:32] LPR 11 Recv: LPR_N
[15:13:33] LPR14 Recv: LPR_N
[15:13:33] LPR13 Recv: LPR_N
[15:13:38] LPR 12 Recv: LPR_N
[15:13:38] LPR 11 Recv: LPR_N
[15:13:39] LPR14 Recv: LPR_N
[15:13:39] LPR13 Recv: LPR_N
[15:13:43] LPR 11 Recv: LPR_N
[15:13:43] LPR 12 Recv: LPR_N
[15:13:44] LPR14 Recv: LPR_N
[15:13:44] LPR13 Recv: LPR_N
[15:13:48] LPR 11 Recv: LPR_N
[15:13:48] LPR 12 Recv: LPR_N
[15:13:49] LPR14 Recv: LPR_N
[15:13:49] LPR13 Recv: LPR_N
[15:13:54] LPR 11 Recv: LPR_N
[15:13:54] LPR 12 Recv: LPR_N
[15:13:54] LPR14 Recv: LPR_N
[15:13:54] LPR13 Recv: LPR_N
[15:13:59] LPR 12 Recv: LPR_N
[15:13:59] LPR 11 Recv: LPR_N
[15:13:59] LPR14 Recv: LPR_N
[15:13:59] LPR13 Recv: LPR_N
[15:14:04] LPR 12 Recv: LPR_N
[15:14:04] LPR 11 Recv: LPR_N
[15:14:05] LPR14 Recv: LPR_N
[15:14:05] LPR13 Recv: LPR_N
[15:14:10] LPR 11 Recv: LPR_N
[15:14:10] LPR 12 Recv: LPR_N
[15:14:10] LPR14 Recv: LPR_N
[15:14:10] LPR13 Recv: LPR_N
[15:14:15] LPR 12 Recv: LPR_N
[15:14:15] LPR 11 Recv: LPR_N
[15:14:16] LPR14 Recv: LPR_N
[15:14:16] LPR13 Recv: LPR_N
[15:14:20] LPR 12 Recv: LPR_N
[15:14:20] LPR 11 Recv: LPR_N
[15:14:21] LPR14 Recv: LPR_N
[15:14:21] LPR13 Recv: LPR_N
[15:14:25] LPR 11 Recv: LPR_N
[15:14:25] LPR 12 Recv: LPR_N
[15:14:26] LPR13 Recv: LPR_N
[15:14:26] LPR14 Recv: LPR_N
[15:14:31] LPR 11 Recv: LPR_N
[15:14:31] LPR 12 Recv: LPR_N
[15:14:31] LPR13 Recv: LPR_N
[15:14:31] LPR14 Recv: LPR_N
[15:14:36] LPR 12 Recv: LPR_N
[15:14:36] LPR 11 Recv: LPR_N
[15:14:37] LPR14 Recv: LPR_N
[15:14:37] LPR13 Recv: LPR_N
[15:14:41] LPR 12 Recv: LPR_N
[15:14:41] LPR 11 Recv: LPR_N
[15:14:42] LPR14 Recv: LPR_N
[15:14:42] LPR13 Recv: LPR_N
[15:14:47] LPR 11 Recv: LPR_N
[15:14:47] LPR 12 Recv: LPR_N
[15:14:47] LPR14 Recv: LPR_N
[15:14:47] LPR13 Recv: LPR_N
[15:14:52] LPR 11 Recv: LPR_N
[15:14:52] LPR 12 Recv: LPR_N
[15:14:53] LPR14 Recv: LPR_N
[15:14:53] LPR13 Recv: LPR_N
[15:14:57] LPR 11 Recv: LPR_N
[15:14:57] LPR 12 Recv: LPR_N
[15:14:58] LPR14 Recv: LPR_N
[15:14:58] LPR13 Recv: LPR_N
[15:15:03] LPR 12 Recv: LPR_N
[15:15:03] LPR 11 Recv: LPR_N
[15:15:03] LPR13 Recv: LPR_N
[15:15:03] LPR14 Recv: LPR_N
[15:15:08] LPR 12 Recv: LPR_N
[15:15:08] LPR 11 Recv: LPR_N
[15:15:08] LPR14 Recv: LPR_N
[15:15:08] LPR13 Recv: LPR_N
[15:15:13] LPR 11 Recv: LPR_N
[15:15:13] LPR 12 Recv: LPR_N
[15:15:14] LPR14 Recv: LPR_N
[15:15:14] LPR13 Recv: LPR_N
[15:15:19] LPR 11 Recv: LPR_N
[15:15:19] LPR 12 Recv: LPR_N
[15:15:19] LPR14 Recv: LPR_N
[15:15:19] LPR13 Recv: LPR_N
[15:15:24] LPR 11 Recv: LPR_N
[15:15:24] LPR 12 Recv: LPR_N
[15:15:25] LPR14 Recv: LPR_N
[15:15:25] LPR13 Recv: LPR_N
[15:15:29] LPR 11 Recv: LPR_N
[15:15:29] LPR 12 Recv: LPR_N
[15:15:30] LPR14 Recv: LPR_N
[15:15:30] LPR13 Recv: LPR_N
[15:15:33] Program Close
