[10:49:27] Program Start!
[10:49:48] 근무시작: 근무자
[10:49:48] 영수증프린터 포트오픈 에러: ie_BadId - Specified comport doesn't exist
[10:49:48] Ping 시간 체크1-9741669
[10:49:48] Ping 시간 체크2-9741669
[10:49:48] Ping 시간 체크1-9741669
[10:49:48] Ping 시간 체크2-9741669
[10:49:48] Ping 시간 체크1-9741685
[10:49:48] Ping 시간 체크2-9741685
[10:49:48] Ping 시간 체크1-9741685
[10:49:48] Ping 시간 체크2-9741685
[10:49:48] 설치된 입구전광판이 없음!
[10:49:48] 설치된 출구전광판이 없음!
[10:49:48] 30분  101
[10:49:48] 1시간  102
[10:49:48] 2시간  103
[10:49:48] 무료  104
[10:49:48] 2시간50%  105
[10:49:48] 30%  106
[10:49:49] InLpr1_SocketError: 10061
[10:49:49] InLpr2_SocketError: 10061
[10:49:49] OutLpr1_SocketError: 10061
[10:49:49] OutLpr2_SocketError: 10061
[10:49:55] Program Close
