[10:50:06] Program Start!
[10:50:10] 근무시작: 근무자
[10:50:10] 설치된 영수증프린터가 없음!
[10:50:10] Ping 시간 체크1-573381765
[10:50:10] Ping 시간 체크2-573381796
[10:50:10] 설치된 출구 LPR이 없음!
[10:50:10] Ping 시간 체크1-573381875
[10:50:10] Ping 시간 체크2-573381875
[10:50:10] 설치된 출구전광판이 없음!
[10:50:12] InLpr1_SocketError: 10061
[10:51:07] Program Close
[10:51:27] Program Start!
[10:51:30] 근무시작: 근무자
[10:51:30] 설치된 영수증프린터가 없음!
[10:51:30] Ping 시간 체크1-573461312
[10:51:30] Ping 시간 체크2-573461328
[10:51:30] 설치된 출구 LPR이 없음!
[10:51:30] Ping 시간 체크1-573461421
[10:51:30] Ping 시간 체크2-573461421
[10:51:30] 설치된 출구전광판이 없음!
