[10:00:51] Program Start!
[10:00:54] 근무시작: 김진옥
[10:00:54] 설치된 영수증프린터가 없음!
[10:00:54] Ping 시간 체크1-352583640
[10:00:54] Ping 시간 체크2-352583640
[10:00:54] Ping 시간 체크1-352583656
[10:00:54] Ping 시간 체크2-352583656
[10:00:54] Ping 시간 체크1-352583656
[10:00:54] Ping 시간 체크2-352584000
[10:00:54] Ping 시간 체크1-352584000
[10:00:55] Ping 시간 체크2-352584500
[10:00:56] LPR 11 Recv: 127.0.0.1
[10:00:56] LPR 16 Recv: 127.0.0.1
[10:00:57] LPR 16 Recv: LPR_N
[10:00:58] 패스권  101
[10:00:58] 1일권  102
[10:00:58] 30분  103
[10:00:58] 1시간  104
[10:00:58] 1시간30분  105
[10:00:58] 2시간  106
[10:00:58] 2시간30분  107
[10:00:58] 3시간  108
[10:00:58] 3시간30분  109
[10:00:58] 4시간  110
[10:00:58] 5시간  111
[10:00:58] 6시간  112
[10:00:58] 무료통과  113
[10:00:58] 공사차량  114
[10:00:58] 12시간  115
[10:00:58] LPR 11 Recv: LPR_N
[10:00:59] LPR 11 Recv: LPR_N
[10:01:01] LPR 16 Recv: LPR_N
[10:01:04] LPR 11 Recv: LPR_N
[10:01:06] LPR 16 Recv: LPR_N
[10:01:09] LPR 11 Recv: LPR_N
[10:01:12] LPR 16 Recv: LPR_N
[10:01:15] LPR 11 Recv: LPR_N
[10:01:17] LPR 16 Recv: LPR_N
[10:01:20] LPR 11 Recv: LPR_N
[10:01:23] LPR 16 Recv: LPR_N
[10:01:25] LPR 11 Recv: LPR_N
[10:01:28] LPR 16 Recv: LPR_N
[10:01:30] LPR 11 Recv: LPR_N
[10:01:34] LPR 16 Recv: LPR_N
[10:01:36] LPR 11 Recv: LPR_N
[10:01:38] LPR 16 Recv: CH1#12나1234#N#\2017\07\24\CH1_20170724100138_12나1234.jpg
[10:01:38] LPR Check: 12나1234,http://127.0.0.1:9080/MSImage/2017/07/24/CH1_20170724100138_12나1234.jpg,1,,,0, 2017-07-24 10:01:38
[10:01:38] File: \\127.0.0.1\MSImage\2017\07\24\CH1_20170724100138_12나1234.jpg
[10:01:38] 일반차량: 12나1234, 
[10:01:38] In Image File: 
[10:01:38] Ping 시간 체크1-352627796
[10:01:38] Ping 시간 체크2-352628000
[10:01:38] 파일로드시 LPR과 Ping Error(): 
[10:01:38] Out Image File: \\127.0.0.1\MSImage\2017\07\24\CH1_20170724100138_12나1234.jpg
[10:01:38] Ping 시간 체크1-352628000
[10:01:38] Ping 시간 체크2-352628000
[10:01:38] 출차 이미지 File 없음: \\127.0.0.1\MSImage\2017\07\24\CH1_20170724100138_12나1234.jpg
[10:01:38] Ping 시간 체크1-352628046
[10:01:39] Ping 시간 체크2-352628500
[10:01:39] 전광판(192.168.0.21) 네트워크 에러
[10:01:39] 일반차량출차: 12나1234, 
[10:01:39] LPR 16 Recv: LPR_N
[10:01:41] LPR 11 Recv: LPR_N
[10:01:44] LPR 16 Recv: LPR_N
[10:01:44] Ping 시간 체크1-352633562
[10:01:44] Ping 시간 체크2-352633562
[10:01:44] 출구차단기 Open
[10:01:44] Ping 시간 체크1-352633562
[10:01:44] Ping 시간 체크2-352634000
[10:01:44] 전광판(192.168.0.21) 네트워크 에러
[10:01:46] LPR 11 Recv: LPR_N
[10:01:49] LPR 16 Recv: LPR_N
[10:01:52] LPR 11 Recv: LPR_N
[10:01:54] LPR 16 Recv: LPR_N
[10:01:57] LPR 11 Recv: LPR_N
[10:02:00] LPR 16 Recv: LPR_N
[10:02:02] LPR 11 Recv: LPR_N
[10:02:05] LPR 16 Recv: LPR_N
[10:02:08] LPR 11 Recv: LPR_N
[10:02:11] LPR 16 Recv: LPR_N
[10:02:13] LPR 11 Recv: LPR_N
[10:02:16] LPR 16 Recv: LPR_N
[10:02:18] LPR 11 Recv: LPR_N
[10:02:21] LPR 16 Recv: LPR_N
[10:02:23] LPR 11 Recv: LPR_N
[10:02:26] LPR 16 Recv: LPR_N
[10:02:28] LPR 11 Recv: LPR_N
[10:02:32] LPR 16 Recv: LPR_N
[10:02:34] LPR 11 Recv: LPR_N
[10:02:37] LPR 16 Recv: LPR_N
[10:02:39] LPR 11 Recv: LPR_N
[10:02:42] LPR 16 Recv: LPR_N
[10:02:45] LPR 11 Recv: LPR_N
[10:02:48] LPR 16 Recv: LPR_N
[10:02:49] 수동입차: 2017-07-24, 10:02:49, 12다1234
[10:02:50] LPR 11 Recv: LPR_N
[10:02:53] LPR 16 Recv: LPR_N
[10:02:55] LPR 11 Recv: LPR_N
[10:02:58] LPR 16 Recv: LPR_N
[10:03:00] LPR 11 Recv: LPR_N
[10:03:03] LPR 16 Recv: LPR_N
[10:03:06] LPR 11 Recv: LPR_N
[10:03:09] LPR 16 Recv: LPR_N
[10:03:11] LPR 11 Recv: LPR_N
[10:03:14] LPR 16 Recv: LPR_N
[10:03:16] LPR 11 Recv: LPR_N
[10:03:19] LPR 16 Recv: LPR_N
[10:03:22] LPR 11 Recv: LPR_N
[10:03:25] LPR 16 Recv: LPR_N
[10:03:27] LPR 11 Recv: LPR_N
[10:03:30] LPR 16 Recv: LPR_N
[10:03:32] LPR 11 Recv: LPR_N
[10:03:35] LPR 16 Recv: LPR_N
[10:03:37] LPR 11 Recv: LPR_N
[10:03:40] LPR 16 Recv: LPR_N
[10:03:43] LPR 11 Recv: LPR_N
[10:03:46] LPR 16 Recv: LPR_N
[10:03:48] LPR 11 Recv: LPR_N
[10:03:51] LPR 16 Recv: LPR_N
[10:03:54] LPR 11 Recv: LPR_N
[10:03:57] LPR 16 Recv: LPR_N
[10:03:59] LPR 11 Recv: LPR_N
[10:04:02] LPR 16 Recv: LPR_N
[10:04:04] LPR 11 Recv: LPR_N
[10:04:07] LPR 16 Recv: LPR_N
[10:04:10] LPR 11 Recv: LPR_N
[10:04:12] LPR 16 Recv: LPR_N
[10:04:15] LPR 11 Recv: LPR_N
[10:04:18] LPR 16 Recv: LPR_N
[10:04:20] LPR 11 Recv: LPR_N
[10:04:23] LPR 16 Recv: LPR_N
[10:04:25] File: 
[10:04:25] Ping 시간 체크1-352794828
[10:04:25] Ping 시간 체크2-352795000
[10:04:25] File 없음: 
[10:04:25] LPR 11 Recv: LPR_N
[10:04:27] File: 
[10:04:27] Ping 시간 체크1-352796281
[10:04:27] Ping 시간 체크2-352796500
[10:04:27] File 없음: 
[10:04:28] 일반차량: 12다1234, 
[10:04:28] In Image File: 
[10:04:28] Ping 시간 체크1-352797593
[10:04:28] Ping 시간 체크2-352798000
[10:04:28] 파일로드시 LPR과 Ping Error(): 
[10:04:28] Out Image File: \\127.0.0.1\MSImage\2017\07\24\CH1_20170724100138_12나1234.jpg
[10:04:28] Ping 시간 체크1-352798000
[10:04:28] Ping 시간 체크2-352798000
[10:04:28] 출차 이미지 File 없음: \\127.0.0.1\MSImage\2017\07\24\CH1_20170724100138_12나1234.jpg
[10:04:28] Ping 시간 체크1-352798031
[10:04:29] Ping 시간 체크2-352798500
[10:04:29] 전광판(192.168.0.21) 네트워크 에러
[10:04:29] 일반차량출차: 12다1234, 
[10:04:29] LPR 16 Recv: LPR_N
[10:04:31] LPR 11 Recv: LPR_N
[10:04:32] Ping 시간 체크1-352801546
[10:04:32] Ping 시간 체크2-352801546
[10:04:32] 출구차단기 Open
[10:04:32] Ping 시간 체크1-352801546
[10:04:32] Ping 시간 체크2-352802000
[10:04:32] 전광판(192.168.0.21) 네트워크 에러
[10:04:34] LPR 16 Recv: LPR_N
[10:04:36] LPR 11 Recv: LPR_N
[10:04:39] LPR 16 Recv: LPR_N
[10:04:41] LPR 11 Recv: LPR_N
[10:04:44] LPR 16 Recv: LPR_N
[10:04:47] LPR 11 Recv: LPR_N
[10:04:49] LPR 16 Recv: LPR_N
[10:04:52] LPR 11 Recv: LPR_N
[10:04:55] LPR 16 Recv: LPR_N
[10:04:57] LPR 11 Recv: LPR_N
[10:05:00] LPR 16 Recv: LPR_N
[10:05:03] LPR 11 Recv: LPR_N
[10:05:05] LPR 16 Recv: LPR_N
[10:05:08] LPR 11 Recv: LPR_N
[10:05:11] LPR 16 Recv: LPR_N
[10:05:13] LPR 11 Recv: LPR_N
[10:05:16] LPR 16 Recv: LPR_N
[10:05:18] LPR 11 Recv: LPR_N
[10:05:21] LPR 16 Recv: LPR_N
[10:05:24] LPR 11 Recv: LPR_N
[10:05:27] LPR 16 Recv: LPR_N
[10:05:29] LPR 11 Recv: LPR_N
[10:05:32] LPR 16 Recv: LPR_N
[10:05:34] LPR 11 Recv: LPR_N
[10:05:34] Program Close
[10:08:06] Program Start!
[10:08:08] 근무시작: 김진옥
[10:08:08] 설치된 영수증프린터가 없음!
[10:08:08] Ping 시간 체크1-353017562
[10:08:08] Ping 시간 체크2-353017578
[10:08:08] Ping 시간 체크1-353017578
[10:08:08] Ping 시간 체크2-353017593
[10:08:08] Ping 시간 체크1-353017593
[10:08:08] Ping 시간 체크2-353018000
[10:08:08] Ping 시간 체크1-353018000
[10:08:09] Ping 시간 체크2-353018500
[10:08:10] LPR 11 Recv: 127.0.0.1
[10:08:10] LPR 16 Recv: 127.0.0.1
[10:08:10] LPR 11 Recv: LPR_N
[10:08:11] 패스권  101
[10:08:11] 1일권  102
[10:08:11] 30분  103
[10:08:11] 1시간  104
[10:08:11] 1시간30분  105
[10:08:11] 2시간  106
[10:08:11] 2시간30분  107
[10:08:11] 3시간  108
[10:08:11] 3시간30분  109
[10:08:11] 4시간  110
[10:08:11] 5시간  111
[10:08:11] 6시간  112
[10:08:11] 무료통과  113
[10:08:11] 공사차량  114
[10:08:11] 12시간  115
[10:08:11] LPR 16 Recv: LPR_N
[10:08:13] LPR 11 Recv: LPR_N
[10:08:16] LPR 16 Recv: LPR_N
[10:08:19] LPR 11 Recv: LPR_N
[10:08:19] Program Close
[10:09:16] Program Start!
[10:09:19] 근무시작: 김진옥
[10:09:19] 설치된 영수증프린터가 없음!
[10:09:19] Ping 시간 체크1-353088687
[10:09:19] Ping 시간 체크2-353088687
[10:09:19] Ping 시간 체크1-353088703
[10:09:19] Ping 시간 체크2-353088703
[10:09:19] Ping 시간 체크1-353088703
[10:09:19] Ping 시간 체크2-353089000
[10:09:19] Ping 시간 체크1-353089000
[10:09:20] Ping 시간 체크2-353089500
[10:09:20] LPR 11 Recv: 127.0.0.1
[10:09:20] LPR 16 Recv: 127.0.0.1
[10:09:21] LPR 16 Recv: LPR_N
[10:09:21] LPR 11 Recv: LPR_N
[10:09:22] 패스권  101
[10:09:22] 1일권  102
[10:09:22] 30분  103
[10:09:22] 1시간  104
[10:09:22] 1시간30분  105
[10:09:22] 2시간  106
[10:09:22] 2시간30분  107
[10:09:22] 3시간  108
[10:09:22] 3시간30분  109
[10:09:22] 4시간  110
[10:09:22] 5시간  111
[10:09:22] 6시간  112
[10:09:22] 무료통과  113
[10:09:22] 공사차량  114
[10:09:22] 12시간  115
[10:09:22] LPR 11 Recv: LPR_N
[10:09:25] LPR 16 Recv: LPR_N
[10:09:26] File: 
[10:09:26] Ping 시간 체크1-353095890
[10:09:26] Ping 시간 체크2-353096000
[10:09:26] File 없음: 
[10:09:27] LPR 11 Recv: LPR_N
[10:09:29] File: 
[10:09:29] Ping 시간 체크1-353098265
[10:09:29] Ping 시간 체크2-353098500
[10:09:29] File 없음: 
[10:09:29] File: 
[10:09:29] Ping 시간 체크1-353098500
[10:09:29] Ping 시간 체크2-353099000
[10:09:29] File 없음: 
[10:09:29] File: 
[10:09:29] Ping 시간 체크1-353099000
[10:09:30] Ping 시간 체크2-353099500
[10:09:30] File 없음: 
[10:09:30] LPR 16 Recv: LPR_N
[10:09:30] File: 
[10:09:30] Ping 시간 체크1-353099562
[10:09:30] Ping 시간 체크2-353100000
[10:09:30] File 없음: 
[10:09:33] LPR 11 Recv: LPR_N
[10:09:35] LPR 16 Recv: LPR_N
[10:09:38] LPR 11 Recv: LPR_N
[10:09:40] LPR 16 Recv: LPR_N
[10:09:43] LPR 11 Recv: LPR_N
[10:09:44] Program Close
[10:12:22] Program Start!
[10:12:24] 근무시작: 김진옥
[10:12:24] 설치된 영수증프린터가 없음!
[10:12:24] Ping 시간 체크1-353274093
[10:12:24] Ping 시간 체크2-353274093
[10:12:24] Ping 시간 체크1-353274093
[10:12:24] Ping 시간 체크2-353274093
[10:12:24] Ping 시간 체크1-353274109
[10:12:25] Ping 시간 체크2-353274500
[10:12:25] Ping 시간 체크1-353274515
[10:12:25] Ping 시간 체크2-353275000
[10:12:26] LPR 11 Recv: 127.0.0.1
[10:12:26] LPR 16 Recv: 127.0.0.1
[10:12:27] LPR 16 Recv: LPR_N
[10:12:28] 패스권  101
[10:12:28] 1일권  102
[10:12:28] 30분  103
[10:12:28] 1시간  104
[10:12:28] 1시간30분  105
[10:12:28] 2시간  106
[10:12:28] 2시간30분  107
[10:12:28] 3시간  108
[10:12:28] 3시간30분  109
[10:12:28] 4시간  110
[10:12:28] 5시간  111
[10:12:28] 6시간  112
[10:12:28] 무료통과  113
[10:12:28] 공사차량  114
[10:12:28] 12시간  115
[10:12:28] LPR 11 Recv: LPR_N
[10:12:30] LPR 16 Recv: LPR_N
[10:12:31] File: 
[10:12:31] Ping 시간 체크1-353280671
[10:12:31] Ping 시간 체크2-353281000
[10:12:31] File 없음: 
[10:12:32] File: 
[10:12:32] Ping 시간 체크1-353282000
[10:12:33] Ping 시간 체크2-353282500
[10:12:33] File 없음: 
[10:12:33] File: 
[10:12:33] Ping 시간 체크1-353282500
[10:12:33] Ping 시간 체크2-353283000
[10:12:33] File 없음: 
[10:12:33] LPR 11 Recv: LPR_N
[10:12:33] File: 
[10:12:33] Ping 시간 체크1-353283000
[10:12:34] Ping 시간 체크2-353283500
[10:12:34] File 없음: 
[10:12:35] 일반차량: 12다1234, 
[10:12:35] In Image File: 
[10:12:35] Ping 시간 체크1-353285031
[10:12:36] Ping 시간 체크2-353285500
[10:12:36] 파일로드시 LPR과 Ping Error(): 
[10:12:36] Out Image File: 
[10:12:36] Ping 시간 체크1-353285500
[10:12:36] Ping 시간 체크2-353286000
[10:12:36] 출차 이미지 파일로드시 LPR과 Ping Error(): 
[10:12:36] NormalOut: '09:30:00   10:04:28' is not a valid date and time
[10:12:36] 일반차량출차: 12다1234, 
[10:12:36] LPR 16 Recv: LPR_N
[10:12:38] LPR 11 Recv: LPR_N
[10:12:41] LPR 16 Recv: LPR_N
[10:12:43] LPR 11 Recv: LPR_N
[10:12:46] LPR 16 Recv: LPR_N
[10:12:49] LPR 11 Recv: LPR_N
[10:12:52] LPR 16 Recv: LPR_N
[10:12:54] LPR 11 Recv: LPR_N
[10:12:57] LPR 16 Recv: LPR_N
[10:12:59] LPR 11 Recv: LPR_N
[10:13:02] File: 
[10:13:02] Ping 시간 체크1-353311625
[10:13:02] Ping 시간 체크2-353312000
[10:13:02] File 없음: 
[10:13:02] LPR 16 Recv: LPR_N
[10:13:03] File: 
[10:13:03] Ping 시간 체크1-353312890
[10:13:03] Ping 시간 체크2-353313000
[10:13:03] File 없음: 
[10:13:03] File: 
[10:13:03] Ping 시간 체크1-353313000
[10:13:04] Ping 시간 체크2-353313500
[10:13:04] File 없음: 
[10:13:04] File: 
[10:13:04] Ping 시간 체크1-353313500
[10:13:04] Ping 시간 체크2-353314000
[10:13:04] File 없음: 
[10:13:04] LPR 11 Recv: LPR_N
[10:13:06] 일반차량: 12다1234, 
[10:13:06] In Image File: 
[10:13:06] Ping 시간 체크1-353315625
[10:13:06] Ping 시간 체크2-353316000
[10:13:06] 파일로드시 LPR과 Ping Error(): 
[10:13:06] Out Image File: 
[10:13:06] Ping 시간 체크1-353316000
[10:13:07] Ping 시간 체크2-353316500
[10:13:07] 출차 이미지 파일로드시 LPR과 Ping Error(): 
[10:13:07] Ping 시간 체크1-353316546
[10:13:07] Ping 시간 체크2-353317000
[10:13:07] 전광판(192.168.0.21) 네트워크 에러
[10:13:07] Ping 시간 체크1-353317000
[10:13:07] Ping 시간 체크2-353317000
[10:13:07] 출구차단기 Open
[10:13:07] 일반차량출차: 12다1234, 
[10:13:07] LPR 16 Recv: LPR_N
[10:13:10] LPR 11 Recv: LPR_N
[10:13:13] LPR 16 Recv: LPR_N
[10:13:15] LPR 11 Recv: LPR_N
[10:13:18] LPR 16 Recv: LPR_N
[10:13:20] LPR 11 Recv: LPR_N
[10:13:23] LPR 16 Recv: LPR_N
[10:13:26] LPR 11 Recv: LPR_N
[10:13:29] LPR 16 Recv: LPR_N
[10:13:31] LPR 11 Recv: LPR_N
[10:13:34] LPR 16 Recv: LPR_N
[10:13:36] LPR 11 Recv: LPR_N
[10:13:40] LPR 16 Recv: LPR_N
[10:13:42] LPR 11 Recv: LPR_N
[10:13:45] LPR 16 Recv: LPR_N
[10:13:47] LPR 11 Recv: LPR_N
[10:13:50] LPR 16 Recv: LPR_N
[10:13:52] LPR 11 Recv: LPR_N
[10:13:55] LPR 16 Recv: LPR_N
[10:13:57] LPR 11 Recv: LPR_N
[10:14:01] LPR 16 Recv: LPR_N
[10:14:03] LPR 11 Recv: LPR_N
[10:14:06] LPR 16 Recv: LPR_N
[10:14:08] LPR 11 Recv: LPR_N
[10:14:11] LPR 16 Recv: LPR_N
[10:14:13] LPR 11 Recv: LPR_N
[10:14:16] LPR 16 Recv: LPR_N
[10:14:19] LPR 11 Recv: LPR_N
[10:14:22] LPR 16 Recv: LPR_N
[10:14:24] LPR 11 Recv: LPR_N
[10:14:27] LPR 16 Recv: LPR_N
[10:14:29] LPR 11 Recv: LPR_N
[10:14:32] LPR 16 Recv: LPR_N
[10:14:35] LPR 11 Recv: LPR_N
[10:14:38] LPR 16 Recv: LPR_N
[10:14:40] LPR 11 Recv: LPR_N
[10:14:43] LPR 16 Recv: LPR_N
[10:14:45] LPR 11 Recv: LPR_N
[10:14:48] LPR 16 Recv: LPR_N
[10:14:51] LPR 11 Recv: LPR_N
[10:14:54] LPR 16 Recv: LPR_N
[10:14:56] LPR 11 Recv: LPR_N
[10:14:59] LPR 16 Recv: LPR_N
[10:15:01] LPR 11 Recv: LPR_N
[10:15:04] LPR 16 Recv: LPR_N
[10:15:06] LPR 11 Recv: LPR_N
[10:15:10] LPR 16 Recv: LPR_N
[10:15:12] LPR 11 Recv: LPR_N
[10:15:15] LPR 16 Recv: LPR_N
[10:15:17] LPR 11 Recv: LPR_N
[10:15:20] LPR 16 Recv: LPR_N
[10:15:22] LPR 11 Recv: LPR_N
[10:15:25] LPR 16 Recv: LPR_N
[10:15:28] LPR 11 Recv: LPR_N
[10:15:31] LPR 16 Recv: LPR_N
[10:15:33] LPR 11 Recv: LPR_N
[10:15:36] LPR 16 Recv: LPR_N
[10:15:38] LPR 11 Recv: LPR_N
[10:15:41] LPR 16 Recv: LPR_N
[10:15:44] LPR 11 Recv: LPR_N
[10:15:47] LPR 16 Recv: LPR_N
[10:15:49] LPR 11 Recv: LPR_N
[10:15:50] File: 
[10:15:50] Ping 시간 체크1-353479703
[10:15:50] Ping 시간 체크2-353480000
[10:15:50] File 없음: 
[10:15:52] LPR 16 Recv: LPR_N
[10:15:52] File: 
[10:15:52] Ping 시간 체크1-353481640
[10:15:52] Ping 시간 체크2-353482000
[10:15:52] File 없음: 
[10:15:54] LPR 11 Recv: LPR_N
[10:15:54] 일반차량: 12나1234, 
[10:15:54] In Image File: 
[10:15:54] Ping 시간 체크1-353483687
[10:15:54] Ping 시간 체크2-353484000
[10:15:54] 파일로드시 LPR과 Ping Error(): 
[10:15:54] Out Image File: 
[10:15:54] Ping 시간 체크1-353484000
[10:15:55] Ping 시간 체크2-353484500
[10:15:55] 출차 이미지 파일로드시 LPR과 Ping Error(): 
[10:15:55] Ping 시간 체크1-353484531
[10:15:55] Ping 시간 체크2-353485000
[10:15:55] 전광판(192.168.0.21) 네트워크 에러
[10:15:55] 일반차량출차: 12나1234, 
[10:15:57] LPR 16 Recv: LPR_N
[10:16:00] LPR 11 Recv: LPR_N
[10:16:03] LPR 16 Recv: LPR_N
[10:16:05] LPR 11 Recv: LPR_N
[10:16:08] Ping 시간 체크1-353497359
[10:16:08] Ping 시간 체크2-353497500
[10:16:08] 전광판(192.168.0.21) 네트워크 에러
[10:16:08] LPR 16 Recv: LPR_N
[10:16:10] LPR 11 Recv: LPR_N
[10:16:13] LPR 16 Recv: LPR_N
[10:16:15] LPR 11 Recv: LPR_N
[10:16:18] LPR 16 Recv: LPR_N
[10:16:20] Program Close
[10:16:24] Program Start!
[10:16:29] 근무시작: 김진옥
[10:16:29] 설치된 영수증프린터가 없음!
[10:16:29] Ping 시간 체크1-353518765
[10:16:29] Ping 시간 체크2-353518781
[10:16:29] Ping 시간 체크1-353518843
[10:16:29] Ping 시간 체크2-353518843
[10:16:29] Ping 시간 체크1-353518875
[10:16:29] Ping 시간 체크2-353519000
[10:16:32] Ping 시간 체크1-353521656
[10:16:32] Ping 시간 체크2-353522000
[10:16:32] LPR 11 Recv: 127.0.0.1
[10:16:32] LPR 16 Recv: 127.0.0.1
[10:16:33] LPR 16 Recv: LPR_N
[10:16:33] LPR 11 Recv: LPR_N
[10:16:34] 패스권  101
[10:16:34] 1일권  102
[10:16:34] 30분  103
[10:16:34] 1시간  104
[10:16:34] 1시간30분  105
[10:16:34] 2시간  106
[10:16:34] 2시간30분  107
[10:16:34] 3시간  108
[10:16:34] 3시간30분  109
[10:16:34] 4시간  110
[10:16:34] 5시간  111
[10:16:34] 6시간  112
[10:16:34] 무료통과  113
[10:16:34] 공사차량  114
[10:16:34] 12시간  115
[10:16:35] LPR 16 Recv: LPR_N
[10:16:37] LPR 11 Recv: LPR_N
[10:16:39] Program Close
[10:18:56] Program Start!
[10:19:20] 근무시작: 김진옥
[10:19:20] 설치된 영수증프린터가 없음!
[10:19:20] Ping 시간 체크1-353689468
[10:19:20] Ping 시간 체크2-353689468
[10:19:20] Ping 시간 체크1-353689468
[10:19:20] Ping 시간 체크2-353689484
[10:19:20] Ping 시간 체크1-353689484
[10:19:20] Ping 시간 체크2-353689500
[10:19:20] Ping 시간 체크1-353689500
[10:19:20] Ping 시간 체크2-353690000
[10:19:20] LPR 11 Recv: 127.0.0.1
[10:19:20] LPR 16 Recv: 127.0.0.1
[10:19:20] LPR 11 Recv: LPR_N
[10:19:21] 패스권  101
[10:19:21] 1일권  102
[10:19:21] 30분  103
[10:19:21] 1시간  104
[10:19:21] 1시간30분  105
[10:19:21] 2시간  106
[10:19:21] 2시간30분  107
[10:19:21] 3시간  108
[10:19:21] 3시간30분  109
[10:19:21] 4시간  110
[10:19:21] 5시간  111
[10:19:21] 6시간  112
[10:19:21] 무료통과  113
[10:19:21] 공사차량  114
[10:19:21] 12시간  115
[10:19:22] LPR 16 Recv: LPR_N
[10:19:22] LPR 11 Recv: LPR_N
[10:19:24] LPR 16 Recv: LPR_N
[10:19:24] File: 
[10:19:24] Ping 시간 체크1-353694140
[10:19:25] Ping 시간 체크2-353694500
[10:19:25] File 없음: 
[10:19:26] LPR 11 Recv: LPR_N
[10:19:27] File: 
[10:19:27] Ping 시간 체크1-353696234
[10:19:27] Ping 시간 체크2-353696500
[10:19:27] File 없음: 
[10:19:28] 일반차량: 12나1234, 
[10:19:28] In Image File: 
[10:19:28] Ping 시간 체크1-353697718
[10:19:28] Ping 시간 체크2-353698000
[10:19:28] 파일로드시 LPR과 Ping Error(): 
[10:19:28] Out Image File: 
[10:19:28] Ping 시간 체크1-353698000
[10:19:29] Ping 시간 체크2-353698500
[10:19:29] 출차 이미지 파일로드시 LPR과 Ping Error(): 
[10:19:29] Ping 시간 체크1-353698546
[10:19:29] Ping 시간 체크2-353699000
[10:19:29] 전광판(192.168.0.21) 네트워크 에러
[10:19:29] 일반차량출차: 12나1234, 
[10:19:29] LPR 16 Recv: LPR_N
[10:19:31] LPR 11 Recv: LPR_N
[10:19:34] LPR 16 Recv: LPR_N
[10:19:37] LPR 11 Recv: LPR_N
[10:19:40] LPR 16 Recv: LPR_N
[10:19:42] LPR 11 Recv: LPR_N
[10:19:42] Ping 시간 체크1-353711765
[10:19:42] Ping 시간 체크2-353712000
[10:19:42] 전광판(192.168.0.21) 네트워크 에러
[10:19:45] LPR 16 Recv: LPR_N
[10:19:46] Program Close
[10:21:04] Program Start!
[10:21:07] 근무시작: 김진옥
[10:21:07] 설치된 영수증프린터가 없음!
[10:21:07] Ping 시간 체크1-353796265
[10:21:07] Ping 시간 체크2-353796281
[10:21:07] 설치된 출구 LPR이 없음!
[10:21:07] 설치된 입구전광판이 없음!
[10:21:07] 설치된 출구전광판이 없음!
[10:21:07] 패스권  101
[10:21:07] 1일권  102
[10:21:07] 30분  103
[10:21:07] 1시간  104
[10:21:07] 1시간30분  105
[10:21:07] 2시간  106
[10:21:07] 2시간30분  107
[10:21:07] 3시간  108
[10:21:07] 3시간30분  109
[10:21:07] 4시간  110
[10:21:07] 5시간  111
[10:21:07] 6시간  112
[10:21:07] 무료통과  113
[10:21:07] 공사차량  114
[10:21:07] 12시간  115
[10:21:07] LPR 11 Recv: 127.0.0.1
[10:21:08] LPR 11 Recv: LPR_N
[10:21:12] LPR 11 Recv: LPR_N
[10:21:17] LPR 11 Recv: LPR_N
[10:21:22] LPR 11 Recv: LPR_N
[10:21:27] LPR 11 Recv: LPR_N
[10:22:43] Program Start!
[10:22:46] 근무시작: 김진옥
[10:22:46] 설치된 영수증프린터가 없음!
[10:22:46] Ping 시간 체크1-353895578
[10:22:46] Ping 시간 체크2-353895578
[10:22:46] 설치된 출구 LPR이 없음!
[10:22:46] 설치된 입구전광판이 없음!
[10:22:46] 설치된 출구전광판이 없음!
[10:22:46] 패스권  101
[10:22:46] 1일권  102
[10:22:46] 30분  103
[10:22:46] 1시간  104
[10:22:46] 1시간30분  105
[10:22:46] 2시간  106
[10:22:46] 2시간30분  107
[10:22:46] 3시간  108
[10:22:46] 3시간30분  109
[10:22:46] 4시간  110
[10:22:46] 5시간  111
[10:22:46] 6시간  112
[10:22:46] 무료통과  113
[10:22:46] 공사차량  114
[10:22:46] 12시간  115
[10:22:46] LPR 11 Recv: 127.0.0.1
[10:22:47] LPR 11 Recv: LPR_N
[10:22:50] File: 
[10:22:50] Ping 시간 체크1-353899437
[10:22:50] Ping 시간 체크2-353899500
[10:22:50] File 없음: 
[10:22:52] LPR 11 Recv: LPR_N
[10:22:53] 일반차량: 12나1234, 
[10:22:53] In Image File: 
[10:22:53] Ping 시간 체크1-353902421
[10:22:53] Ping 시간 체크2-353902500
[10:22:53] 파일로드시 LPR과 Ping Error(): 
[10:22:53] Out Image File: 
[10:22:53] Ping 시간 체크1-353902500
[10:22:53] Ping 시간 체크2-353903000
[10:22:53] 출차 이미지 파일로드시 LPR과 Ping Error(): 
[10:22:53] 일반차량출차: 12나1234, 
[10:22:57] LPR 11 Recv: LPR_N
[10:23:03] LPR 11 Recv: LPR_N
[10:23:07] Program Close
[11:25:36] Program Start!
[11:25:45] 근무시작: 근무자
[11:25:45] 설치된 입구 LPR이 없음!
[11:25:45] 설치된 출구 LPR이 없음!
[11:25:45] 설치된 입구전광판이 없음!
[11:25:45] 설치된 출구전광판이 없음!
[11:26:07] Program Close
[11:28:05] Program Start!
[11:28:07] 근무시작: 근무자
[11:28:07] 설치된 입구 LPR이 없음!
[11:28:07] 설치된 출구 LPR이 없음!
[11:28:07] 설치된 입구전광판이 없음!
[11:28:07] 설치된 출구전광판이 없음!
[11:28:10] Program Close
[12:57:21] Program Start!
[12:57:22] 근무시작: 근무자
[12:57:23] 영수증프린터 포트오픈 에러: ie_BadId - Specified comport doesn't exist
[12:57:23] 설치된 입구 LPR이 없음!
[12:57:23] 설치된 출구 LPR이 없음!
[12:57:23] 설치된 입구전광판이 없음!
[12:57:23] 설치된 출구전광판이 없음!
[12:57:29] File: 
[12:57:29] Ping 시간 체크1-6756156
[12:57:29] Ping 시간 체크2-6756500
[12:57:29] File 없음: 
[12:57:33] Program Close
[13:05:11] Program Start!
[13:05:13] 근무시작: 근무자
[13:05:13] 영수증프린터 포트오픈 에러: ie_BadId - Specified comport doesn't exist
[13:05:13] 설치된 입구 LPR이 없음!
[13:05:13] 설치된 출구 LPR이 없음!
[13:05:13] 설치된 입구전광판이 없음!
[13:05:13] 설치된 출구전광판이 없음!
[13:05:21] Program Close
[13:05:34] Program Start!
[13:05:36] 근무시작: 근무자
[13:05:36] 영수증프린터 포트오픈 에러: ie_BadId - Specified comport doesn't exist
[13:05:36] 설치된 입구 LPR이 없음!
[13:05:36] 설치된 출구 LPR이 없음!
[13:05:36] 설치된 입구전광판이 없음!
[13:05:36] 설치된 출구전광판이 없음!
[13:05:39] Program Close
