[12:38:44] Program Start!
[12:38:51] 근무시작: 근무자
[12:38:51] 영수증프린터 포트오픈 에러: ie_BadId - Specified comport doesn't exist
[12:38:51] Ping 시간 체크1-2312363390
[12:38:51] Ping 시간 체크2-2312363406
[12:38:51] Ping 시간 체크1-2312363406
[12:38:51] Ping 시간 체크2-2312363406
[12:38:51] 설치된 입구전광판이 없음!
[12:38:51] 설치된 출구전광판이 없음!
[12:38:51] 1시간할인  101
[12:38:51] 장애인할인  102
[12:38:51] 3시간  103
[12:38:51] 장애인  104
[12:38:51] 건강/종합/투석  184
[12:38:51] 혁산할인  199
[12:38:51] LPR 11 Recv: 127.0.0.1
[12:38:51] LPR 21 Recv: 127.0.0.1
[12:38:52] LPR 21 Recv: LPR_N
[12:38:53] LPR 11 Recv: LPR_N
[12:38:54] LPR 21 Recv: LPR_N
[12:38:57] LPR 11 Recv: LPR_N
[12:38:57] LPR 11 Recv: CH1#경기46로8862#O#\2018\05\08\CH1_20180508123857_경기46로8862.jpg
[12:38:57] LPR Check: 경기46로8862, http://127.0.0.1:9080/MSImage/2018/05/08/CH1_20180508123857_경기46로8862.jpg, 1,,,0, 2018-05-08 12:38:57
[12:38:57] File: \\127.0.0.1\MSImage\2018\05\08\CH1_20180508123857_경기46로8862.jpg
[12:38:58] 정기차량시작: 경기46로8862, 
[12:38:58] Ping 시간 체크1-2312370109
[12:38:58] Ping 시간 체크2-2312370109
[12:38:58] Ping 시간 체크1-2312370109
[12:38:58] Ping 시간 체크2-2312370109
[12:38:58] Ping 시간 체크1-2312370109
[12:38:58] Ping 시간 체크2-2312370125
[12:38:58] Ping 시간 체크1-2312370125
[12:38:58] Ping 시간 체크2-2312370125
[12:38:58] Ping 시간 체크1-2312370125
[12:38:58] Ping 시간 체크2-2312370125
[12:38:58] Ping 시간 체크1-2312370125
[12:38:58] Ping 시간 체크2-2312370125
[12:38:58] 입구차단기 Open
[12:38:58] 정기차량처리: 경기46로8862, 
[12:39:00] LPR 21 Recv: LPR_N
[12:39:02] LPR 11 Recv: LPR_N
[12:39:04] LPR 11 Recv: CH1#경기46로8869#O#\2018\05\08\CH1_20180508123904_경기46로8869.jpg
[12:39:04] LPR Check: 경기46로8869, http://127.0.0.1:9080/MSImage/2018/05/08/CH1_20180508123904_경기46로8869.jpg, 1,,,0, 2018-05-08 12:39:04
[12:39:04] File: \\127.0.0.1\MSImage\2018\05\08\CH1_20180508123904_경기46로8869.jpg
[12:39:04] 일반차량: 경기46로8869, 
[12:39:04] Ping 시간 체크1-2312376500
[12:39:04] Ping 시간 체크2-2312376500
[12:39:04] 입구차단기 Open
[12:39:04] 일반차량입차: 경기46로8869, 
[12:39:05] LPR 21 Recv: LPR_N
[12:39:07] LPR 11 Recv: LPR_N
[12:39:10] LPR 21 Recv: LPR_N
[12:39:12] LPR 11 Recv: LPR_N
[12:39:16] LPR 21 Recv: LPR_N
[12:39:17] LPR 11 Recv: LPR_N
[12:39:21] LPR 21 Recv: LPR_N
[12:39:23] LPR 11 Recv: LPR_N
[12:39:26] LPR 21 Recv: LPR_N
[12:39:28] LPR 11 Recv: LPR_N
[12:39:31] LPR 21 Recv: LPR_N
[12:39:34] LPR 11 Recv: LPR_N
[12:39:37] LPR 21 Recv: LPR_N
[12:39:39] LPR 11 Recv: LPR_N
[12:39:42] LPR 21 Recv: LPR_N
[12:39:43] File: \\127.0.0.1\MSImage\2018\05\08\CH1_20180508123904_경기46로8869.jpg
[12:39:43] Ping 시간 체크1-2312415656
[12:39:43] Ping 시간 체크2-2312415656
[12:39:44] LPR 11 Recv: LPR_N
[12:39:45] 일반차량: 경기46로8869, 
[12:39:45] In Image File: \\127.0.0.1\MSImage\2018\05\08\CH1_20180508123904_경기46로8869.jpg
[12:39:45] Ping 시간 체크1-2312417140
[12:39:45] Ping 시간 체크2-2312417140
[12:39:45] Out Image File: 
[12:39:45] Ping 시간 체크1-2312417140
[12:39:45] Ping 시간 체크2-2312417140
[12:39:45] 출차 이미지 File 없음: 
[12:39:45] 일반차량출차: 경기46로8869, 
[12:39:48] LPR 21 Recv: LPR_N
[12:39:49] LPR 11 Recv: LPR_N
[12:39:50] Ping 시간 체크1-2312422031
[12:39:50] Ping 시간 체크2-2312422031
[12:39:50] 출구차단기 Open
[12:39:53] LPR 21 Recv: LPR_N
[12:39:55] LPR 11 Recv: LPR_N
[12:39:58] LPR 21 Recv: LPR_N
[12:40:00] LPR 11 Recv: LPR_N
[12:40:03] LPR 21 Recv: LPR_N
[12:40:05] LPR 11 Recv: LPR_N
[12:40:08] LPR 21 Recv: LPR_N
[12:40:11] LPR 11 Recv: LPR_N
[12:40:14] LPR 21 Recv: LPR_N
[12:40:16] LPR 11 Recv: LPR_N
[12:40:19] LPR 21 Recv: LPR_N
[12:40:21] LPR 11 Recv: LPR_N
[12:40:25] LPR 21 Recv: LPR_N
[12:40:26] LPR 11 Recv: LPR_N
[12:40:30] LPR 21 Recv: LPR_N
[12:40:32] LPR 11 Recv: LPR_N
[12:40:35] LPR 21 Recv: LPR_N
[12:40:37] LPR 11 Recv: LPR_N
[12:40:40] LPR 21 Recv: LPR_N
[12:40:43] LPR 11 Recv: LPR_N
[12:40:46] LPR 21 Recv: LPR_N
[12:40:48] LPR 11 Recv: LPR_N
[12:40:50] LPR 21 Recv: CH1#경기46로8862#O#\2018\05\08\CH1_20180508124050_경기46로8862.jpg
[12:40:50] LPR Check: 경기46로8862,http://127.0.0.1:9080/MSImage/2018/05/08/CH1_20180508124050_경기46로8862.jpg,1,,,0, 2018-05-08 12:40:50
[12:40:50] File: \\127.0.0.1\MSImage\2018\05\08\CH1_20180508124050_경기46로8862.jpg
[12:40:50] 정기차량시작: 경기46로8862, 
[12:40:50] Ping 시간 체크1-2312482187
[12:40:50] Ping 시간 체크2-2312482187
[12:40:50] File: \\127.0.0.1\MSImage\2018\05\08\CH1_20180508123857_경기46로8862.jpg
[12:40:50] Ping 시간 체크1-2312482218
[12:40:50] Ping 시간 체크2-2312482218
[12:40:50] Ping 시간 체크1-2312482218
[12:40:50] Ping 시간 체크2-2312482234
[12:40:50] Ping 시간 체크1-2312482234
[12:40:50] Ping 시간 체크2-2312482234
[12:40:50] Ping 시간 체크1-2312482234
[12:40:50] Ping 시간 체크2-2312482234
[12:40:50] Ping 시간 체크1-2312482234
[12:40:50] Ping 시간 체크2-2312482234
[12:40:50] 출구차단기 Open
[12:40:50] 정기차량처리: 경기46로8862, 
[12:40:51] LPR 21 Recv: LPR_N
[12:40:53] LPR 11 Recv: LPR_N
[12:40:57] LPR 21 Recv: LPR_N
[12:40:57] LPR 21 Recv: CH1#경기46로8869#O#\2018\05\08\CH1_20180508124057_경기46로8869.jpg
[12:40:57] LPR Check: 경기46로8869,http://127.0.0.1:9080/MSImage/2018/05/08/CH1_20180508124057_경기46로8869.jpg,1,,,0, 2018-05-08 12:40:57
[12:40:57] File: \\127.0.0.1\MSImage\2018\05\08\CH1_20180508124057_경기46로8869.jpg
[12:40:57] 일반차량: 경기46로8869, 
[12:40:57] In Image File: \\127.0.0.1\MSImage\2018\05\08\CH1_20180508123904_경기46로8869.jpg
[12:40:57] Ping 시간 체크1-2312489296
[12:40:57] Ping 시간 체크2-2312489296
[12:40:57] Out Image File: \\127.0.0.1\MSImage\2018\05\08\CH1_20180508124057_경기46로8869.jpg
[12:40:57] Ping 시간 체크1-2312489296
[12:40:57] Ping 시간 체크2-2312489296
[12:40:57] 일반차량출차: 경기46로8869, 
[12:40:58] LPR 11 Recv: LPR_N
[12:41:02] LPR 21 Recv: LPR_N
[12:41:04] LPR 11 Recv: LPR_N
[12:41:07] LPR 21 Recv: LPR_N
[12:41:09] LPR 11 Recv: LPR_N
[12:41:13] LPR 21 Recv: LPR_N
[12:41:14] LPR 11 Recv: LPR_N
[12:41:18] LPR 21 Recv: LPR_N
[12:41:20] LPR 11 Recv: LPR_N
[12:41:23] LPR 21 Recv: LPR_N
[12:41:23] Program Close
[12:43:29] Program Start!
[12:43:37] 근무시작: 근무자
[12:43:37] 영수증프린터 포트오픈 에러: ie_BadId - Specified comport doesn't exist
[12:43:37] Ping 시간 체크1-2312649062
[12:43:37] Ping 시간 체크2-2312649062
[12:43:37] Ping 시간 체크1-2312649062
[12:43:37] Ping 시간 체크2-2312649062
[12:43:37] 설치된 입구전광판이 없음!
[12:43:37] 설치된 출구전광판이 없음!
[12:43:37] 1시간할인  101
[12:43:37] 장애인할인  102
[12:43:37] 3시간  103
[12:43:37] 장애인  104
[12:43:37] 건강/종합/투석  184
[12:43:37] 혁산할인  199
[12:43:37] LPR 11 Recv: 127.0.0.1
[12:43:37] LPR 21 Recv: 127.0.0.1
[12:43:38] LPR 21 Recv: LPR_N
[12:43:38] LPR 11 Recv: LPR_N
[12:43:40] LPR 11 Recv: CH1#경기46로8868#O#\2018\05\08\CH1_20180508124340_경기46로8868.jpg
[12:43:40] LPR Check: 경기46로8868, http://127.0.0.1:9080/MSImage/2018/05/08/CH1_20180508124340_경기46로8868.jpg, 1,,,0, 2018-05-08 12:43:40
[12:43:40] File: \\127.0.0.1\MSImage\2018\05\08\CH1_20180508124340_경기46로8868.jpg
[12:43:40] 일반차량: 경기46로8868, 
[12:43:40] Ping 시간 체크1-2312652546
[12:43:40] Ping 시간 체크2-2312652546
[12:43:40] 입구차단기 Open
[12:43:40] 일반차량입차: 경기46로8868, 
[12:43:41] LPR 21 Recv: LPR_N
[12:43:43] LPR 11 Recv: LPR_N
[12:43:46] LPR 21 Recv: LPR_N
[12:43:48] LPR 11 Recv: LPR_N
[12:43:52] LPR 21 Recv: LPR_N
[12:43:54] LPR 11 Recv: LPR_N
[12:43:57] LPR 21 Recv: LPR_N
[12:43:59] LPR 11 Recv: LPR_N
[12:44:02] LPR 21 Recv: LPR_N
[12:44:04] LPR 11 Recv: LPR_N
[12:44:08] LPR 21 Recv: LPR_N
[12:44:09] LPR 11 Recv: LPR_N
[12:44:12] File: \\127.0.0.1\MSImage\2018\05\08\CH1_20180508124340_경기46로8868.jpg
[12:44:12] Ping 시간 체크1-2312684687
[12:44:12] Ping 시간 체크2-2312684687
[12:44:13] LPR 21 Recv: LPR_N
[12:44:14] 일반차량: 경기46로8868, 
[12:44:14] In Image File: \\127.0.0.1\MSImage\2018\05\08\CH1_20180508124340_경기46로8868.jpg
[12:44:14] Ping 시간 체크1-2312686109
[12:44:14] Ping 시간 체크2-2312686109
[12:44:14] Out Image File: 
[12:44:14] Ping 시간 체크1-2312686109
[12:44:14] Ping 시간 체크2-2312686125
[12:44:14] 출차 이미지 File 없음: 
[12:44:14] 일반차량출차: 경기46로8868, 
[12:44:15] LPR 11 Recv: LPR_N
[12:44:16] Ping 시간 체크1-2312688000
[12:44:16] Ping 시간 체크2-2312688000
[12:44:16] 출구차단기 Open
[12:44:18] LPR 21 Recv: CH1#경기46로8868#O#\2018\05\08\CH1_20180508124418_경기46로8868.jpg
[12:44:18] LPR Check: 경기46로8868,http://127.0.0.1:9080/MSImage/2018/05/08/CH1_20180508124418_경기46로8868.jpg,1,,,0, 2018-05-08 12:44:18
[12:44:18] File: \\127.0.0.1\MSImage\2018\05\08\CH1_20180508124418_경기46로8868.jpg
[12:44:18] 일반차량: 경기46로8868, 
[12:44:18] Ping 시간 체크1-2312690187
[12:44:18] Ping 시간 체크2-2312690203
[12:44:18] 일반차량출차: 경기46로8868, 
[12:44:18] LPR 21 Recv: LPR_N
[12:44:20] LPR 11 Recv: LPR_N
[12:44:23] LPR 21 Recv: LPR_N
[12:44:25] LPR 11 Recv: LPR_N
[12:44:29] LPR 21 Recv: LPR_N
[12:44:30] LPR 11 Recv: LPR_N
[12:44:34] LPR 21 Recv: LPR_N
[12:44:36] LPR 11 Recv: LPR_N
[12:44:40] LPR 21 Recv: LPR_N
[12:44:41] LPR 11 Recv: LPR_N
[12:44:44] LPR 21 Recv: CH1#경기46로8868#O#\2018\05\08\CH1_20180508124444_경기46로8868.jpg
[12:44:44] LPR Check: 경기46로8868,http://127.0.0.1:9080/MSImage/2018/05/08/CH1_20180508124444_경기46로8868.jpg,1,,,0, 2018-05-08 12:44:44
[12:44:44] File: \\127.0.0.1\MSImage\2018\05\08\CH1_20180508124444_경기46로8868.jpg
[12:44:44] 일반차량: 경기46로8868, 
[12:44:44] Ping 시간 체크1-2312716265
[12:44:44] Ping 시간 체크2-2312716265
[12:44:44] Ping 시간 체크1-2312716281
[12:44:44] Ping 시간 체크2-2312716281
[12:44:44] 출구차단기 Open
[12:44:44] 일반차량출차: 경기46로8868, 
[12:44:45] LPR 21 Recv: LPR_N
[12:44:47] LPR 11 Recv: LPR_N
[12:44:50] LPR 21 Recv: LPR_N
[12:44:52] LPR 21 Recv: CH1#경기46로8864#O#\2018\05\08\CH1_20180508124452_경기46로8864.jpg
[12:44:52] LPR Check: 경기46로8864,http://127.0.0.1:9080/MSImage/2018/05/08/CH1_20180508124452_경기46로8864.jpg,1,,,0, 2018-05-08 12:44:52
[12:44:52] File: \\127.0.0.1\MSImage\2018\05\08\CH1_20180508124452_경기46로8864.jpg
[12:44:52] 일반차량: 경기46로8864, 
[12:44:52] Ping 시간 체크1-2312723921
[12:44:52] Ping 시간 체크2-2312723921
[12:44:52] Ping 시간 체크1-2312723921
[12:44:52] Ping 시간 체크2-2312723921
[12:44:52] 출구차단기 Open
[12:44:52] 일반차량출차: 경기46로8864, 
[12:44:52] LPR 11 Recv: LPR_N
[12:44:55] LPR 21 Recv: LPR_N
[12:44:57] LPR 11 Recv: LPR_N
[12:45:00] LPR 21 Recv: LPR_N
[12:45:02] LPR 11 Recv: LPR_N
[12:45:06] LPR 21 Recv: LPR_N
[12:45:08] LPR 11 Recv: LPR_N
[12:45:11] LPR 21 Recv: LPR_N
[12:45:13] LPR 11 Recv: LPR_N
[12:45:17] LPR 21 Recv: LPR_N
[12:45:18] LPR 11 Recv: LPR_N
[12:45:22] LPR 21 Recv: LPR_N
[12:45:24] LPR 11 Recv: LPR_N
[12:45:27] LPR 21 Recv: LPR_N
[12:45:29] LPR 11 Recv: LPR_N
[12:45:32] LPR 21 Recv: LPR_N
[12:45:34] LPR 11 Recv: LPR_N
[12:45:38] Program Close
[12:45:59] Program Start!
[12:46:02] 근무시작: 근무자
[12:46:07] 영수증프린터 포트오픈 에러: ie_BadId - Specified comport doesn't exist
[12:46:07] Ping 시간 체크1-2312799625
[12:46:07] Ping 시간 체크2-2312799656
[12:46:07] Ping 시간 체크1-2312799734
[12:46:07] Ping 시간 체크2-2312799734
[12:46:07] 설치된 입구전광판이 없음!
[12:46:07] 설치된 출구전광판이 없음!
[12:46:07] 1시간할인  101
[12:46:07] 장애인할인  102
[12:46:07] 3시간  103
[12:46:07] 장애인  104
[12:46:07] 건강/종합/투석  184
[12:46:07] 혁산할인  199
[12:46:08] LPR 11 Recv: 127.0.0.1
[12:46:08] LPR 21 Recv: 127.0.0.1
[12:46:08] LPR 21 Recv: LPR_N
[12:46:08] LPR 11 Recv: LPR_N
[12:46:09] LPR 21 Recv: LPR_N
[12:46:11] LPR 11 Recv: LPR_N
[12:46:12] LPR 21 Recv: CH1#경기46로8864#O#\2018\05\08\CH1_20180508124612_경기46로8864.jpg
[12:46:12] LPR Check: 경기46로8864,http://127.0.0.1:9080/MSImage/2018/05/08/CH1_20180508124612_경기46로8864.jpg,1,,,0, 2018-05-08 12:46:12
[12:46:12] File: \\127.0.0.1\MSImage\2018\05\08\CH1_20180508124612_경기46로8864.jpg
[12:46:12] 일반차량: 경기46로8864, 
[12:46:34] Ping 시간 체크1-2312826156
[12:46:34] Ping 시간 체크2-2312826156
[12:46:36] Ping 시간 체크1-2312828328
[12:46:36] Ping 시간 체크2-2312828328
[12:46:36] 출구차단기 Open
[12:46:46] 일반차량출차: 경기46로8864, 
[12:46:46] LPR 21 Recv: LPR_NLPR_NLPR_NLPR_NLPR_NLPR_N
[12:46:46] LPR Check: ,http://127.0.0.1:9080/MSImageLPR_NLPR_NLPR_NLPR_NLPR_NLPR_N,3,,,0, NLPR-_N-LP R_:NL:PR
[12:46:46] File: \\127.0.0.1\MSImageLPR_NLPR_NLPR_NLPR_NLPR_NLPR_N
[12:46:47] csOutLpr1Read: qryOutLpr1Proc: Cannot perform this operation on a closed dataset
[12:46:47] LPR 11 Recv: LPR_NLPR_NLPR_NLPR_NLPR_NLPR_N
[12:46:47] LPR Check: , http://127.0.0.1:9080/MSImageLPR_NLPR_NLPR_NLPR_NLPR_NLPR_N, 3,,,0, NLPR-_N-LP R_:NL:PR
[12:46:47] File: \\127.0.0.1\MSImageLPR_NLPR_NLPR_NLPR_NLPR_NLPR_N
[12:46:48] csInLpr1Read: qryInLpr1Proc: Cannot perform this operation on a closed dataset
[12:46:48] LPR 21 Recv: LPR_N
[12:46:48] LPR 11 Recv: LPR_N
[12:46:52] LPR 21 Recv: LPR_N
[12:46:54] LPR 11 Recv: LPR_N
[12:46:57] LPR 21 Recv: LPR_N
[12:46:59] LPR 11 Recv: LPR_N
[12:47:03] LPR 21 Recv: LPR_N
[12:47:04] LPR 11 Recv: LPR_N
[12:47:08] LPR 21 Recv: LPR_N
[12:47:10] LPR 11 Recv: LPR_N
[12:47:12] Program Close
