[14:19:06] Program Start!
[14:19:07] DB Connect Error:로그인에서 요청한 데이터베이스 "parking"을(를) 열 수 없습니다. 로그인이 실패했습니다
[14:19:21] Program Close
[16:23:53] Program Start!
[16:23:53] DB Connect Error:로그인에서 요청한 데이터베이스 "parking"을(를) 열 수 없습니다. 로그인이 실패했습니다
[16:23:58] Program Close
[16:24:35] Program Start!
[16:24:37] 근무시작: 관리자
[16:24:37] 설치된 영수증프린터가 없음!
[16:24:37] Ping 시간 체크1-406493937
[16:24:37] Ping 시간 체크2-406494000
[16:24:37] 설치된 출구 LPR이 없음!
[16:24:37] Ping 시간 체크1-406494015
[16:24:37] Ping 시간 체크2-406494500
[16:24:37] 설치된 출구전광판이 없음!
[16:24:39] 10분(바코드)  101
[16:24:39] 20분(바코드)  102
[16:24:39] 30분(바코드)  103
[16:24:39] 50%(웹)  180
[16:24:39] 100%(웹)  181
[16:24:39] 10분(웹)  182
[16:24:39] 20분(웹)  183
[16:24:39] 30분(웹)  184
[16:24:39] 50%  190
[16:24:39] 100%  191
[16:24:39] 10분(구200원)  192
[16:24:39] 20분(구300원)  193
[16:24:39] 30분(구500원)  194
[16:24:39] 시간이후퍼센트  195
[16:24:39] TfrmMainNew.FormShow: Could not bind socket. Address and port are already in use.
[16:25:36] Program Close
