**************************************************************
[10:35:44] Program Start!
[10:35:44] [DB저장 모드]
[10:35:44] TfrmMain.btnModeClick: 유인운영
[10:35:46] 근무시작: 근무자
[10:35:46] 설치된 입구보조 LPR이 없음!
[10:35:46] 설치된 출구보조 LPR이 없음!
[10:35:46] 설치된 출구 LPR이 없음!
[10:35:46] 설치된 입구전광판이 없음!
[10:35:46] csInLpr1 접속성공
[10:35:47] csOutDsp1 접속성공
[10:35:48] [메인화면 에러] Socket Error # 10061
Connection refused.
[10:35:49] 정기권연동 쓰레드시작
[10:35:58] Program Close
**************************************************************
[10:36:22] Program Start!
[10:36:22] [DB저장 모드]
[10:36:22] TfrmMain.btnModeClick: 유인운영
[10:36:25] Program Close
**************************************************************
[10:36:51] Program Start!
[10:36:51] [DB저장 모드]
[10:36:51] TfrmMain.btnModeClick: 유인운영
[10:36:53] 근무시작: 근무자
[10:36:53] 설치된 입구보조 LPR이 없음!
[10:36:53] 설치된 출구보조 LPR이 없음!
[10:36:53] 설치된 출구 LPR이 없음!
[10:36:53] 설치된 입구전광판이 없음!
[10:36:53] LPR재접속 쓰레드시작
[10:36:53] 전광판재접속 쓰레드시작
[10:36:53] 정기권연동 쓰레드시작
[10:36:53] csOutDsp1 접속성공
[10:36:53] csInLpr1 접속성공
[10:37:03] csOutDsp1 연결끊김
[10:37:06] Program Close
**************************************************************
[10:37:11] Program Start!
[10:37:11] [DB저장 모드]
[10:37:12] TfrmMain.btnModeClick: 유인운영
[10:37:14] 근무시작: 근무자
[10:37:14] 설치된 입구보조 LPR이 없음!
[10:37:14] 설치된 출구보조 LPR이 없음!
[10:37:14] 설치된 출구 LPR이 없음!
[10:37:14] 설치된 입구전광판이 없음!
[10:37:14] LPR재접속 쓰레드시작
[10:37:14] 전광판재접속 쓰레드시작
[10:37:15] 정기권연동 쓰레드시작
[10:37:15] csInLpr1 접속성공
[10:37:16] csOutDsp1 접속성공
[10:37:26] LPR Check: 176로1286,http://10.22.30.10:9080/MSImage/2020/10/28/CH1_20201028103726_176로1286.jpg,1,,,0, 2020-10-28 10:37:26
[10:37:26] File: \\10.22.30.10\MSImage\2020\10\28\CH1_20201028103726_176로1286.jpg
[10:37:26] NormalProc: 일반차량 처리 시작 : 176로1286, 
[10:37:26] 미등록차량 입차: 176로1286 - \\10.22.30.10\MSImage\2020\10\28\CH1_20201028103726_176로1286.jpg
[10:37:26] 일반차량 입차 이미지 가져오기 시작
[10:37:26] 일반차량 입차 이미지 가져오기 끝
[10:37:34] LPR Check: 27나1583,http://10.22.30.10:9080/MSImage/2020/10/28/CH1_20201028103734_27나1583.jpg,1,,,0, 2020-10-28 10:37:34
[10:37:34] File: \\10.22.30.10\MSImage\2020\10\28\CH1_20201028103734_27나1583.jpg
[10:37:34] NormalProc: 일반차량 처리 시작 : 27나1583, 
[10:37:34] 미등록차량 입차: 27나1583 - \\10.22.30.10\MSImage\2020\10\28\CH1_20201028103734_27나1583.jpg
[10:37:34] 일반차량 입차 이미지 가져오기 시작
[10:37:34] 일반차량 입차 이미지 가져오기 끝
[10:37:44] LPR Check: 18우2876,http://10.22.30.10:9080/MSImage/2020/10/28/CH1_20201028103745_18우2876.jpg,1,,,0, 2020-10-28 10:37:45
[10:37:44] File: \\10.22.30.10\MSImage\2020\10\28\CH1_20201028103745_18우2876.jpg
[10:37:44] 정기차량시작: 18우2876, 
[10:37:44] 입구차단기 Open 10.22.30.10:2000
[10:37:45] 정기차량 입차 이미지 가져오기 시작
[10:37:45] 정기차량 입차 이미지 가져오기 끝
[10:37:45] 정기차량처리: 18우2876, 
[10:38:03] csOutDsp1 연결끊김
[10:38:04] 10.22.30.10:2000 소켓 연결끊김 = 10053
[10:38:14] 10.22.30.10:2000 소켓 연결끊김 = 10054
**************************************************************
[10:38:22] Program Start!
[10:38:22] [DB저장 모드]
[10:38:22] TfrmMain.btnModeClick: 유인운영
[10:38:24] 근무시작: 근무자
[10:38:24] 설치된 입구보조 LPR이 없음!
[10:38:24] 설치된 출구보조 LPR이 없음!
[10:38:24] 설치된 출구 LPR이 없음!
[10:38:24] 설치된 입구전광판이 없음!
[10:38:24] LPR재접속 쓰레드시작
[10:38:24] 전광판재접속 쓰레드시작
[10:38:25] 정기권연동 쓰레드시작
[10:38:25] csInLpr1 접속성공
[10:38:25] csOutDsp1 접속성공
[10:38:48] Program Close
**************************************************************
[10:38:49] Program Start!
[10:38:49] [DB저장 모드]
[10:38:49] TfrmMain.btnModeClick: 유인운영
[10:38:52] 근무시작: 근무자
[10:38:52] 설치된 입구보조 LPR이 없음!
[10:38:52] 설치된 출구보조 LPR이 없음!
[10:38:52] 설치된 출구 LPR이 없음!
[10:38:52] 설치된 출구전광판이 없음!
[10:38:52] LPR재접속 쓰레드시작
[10:38:52] 전광판재접속 쓰레드시작
[10:38:52] 정기권연동 쓰레드시작
[10:38:52] csInLpr1 접속성공
[10:38:52] csInDsp1 접속성공
[10:39:20] LPR Check: 0000000000,http://10.22.30.10:9080/MSImage/2020/10/28/CH1_20201028103920_0000000000.jpg,3,,,0, 2020-10-28 10:39:20
[10:39:20] File: \\10.22.30.10\MSImage\2020\10\28\CH1_20201028103920_0000000000.jpg
[10:39:20] NormalProc: 일반차량 처리 시작 : 0000000000, 
[10:39:20] 미등록차량 입차: 0000000000 - \\10.22.30.10\MSImage\2020\10\28\CH1_20201028103920_0000000000.jpg
[10:39:20] 전광판(10.22.30.10) : 일반차량    0000000000  
[10:39:20] 일반차량 입차 이미지 가져오기 시작
[10:39:20] 일반차량 입차 이미지 가져오기 끝
[10:40:05] Program Close
**************************************************************
[10:40:07] Program Start!
[10:40:07] [DB저장 모드]
[10:40:07] TfrmMain.btnModeClick: 유인운영
[10:40:12] 근무시작: (주)넥스파시스템
[10:40:12] 설치된 입구보조 LPR이 없음!
[10:40:12] 설치된 출구보조 LPR이 없음!
[10:40:12] 설치된 출구 LPR이 없음!
[10:40:12] 설치된 출구전광판이 없음!
[10:40:12] LPR재접속 쓰레드시작
[10:40:12] 전광판재접속 쓰레드시작
[10:40:12] 정기권연동 쓰레드시작
[10:40:12] csInLpr1 접속성공
[10:40:12] csInDsp1 접속성공
**************************************************************
[10:41:02] Program Start!
[10:41:02] [DB저장 모드]
[10:41:02] TfrmMain.btnModeClick: 유인운영
[10:41:04] 근무시작: 근무자
[10:41:04] 설치된 입구보조 LPR이 없음!
[10:41:04] 설치된 출구보조 LPR이 없음!
[10:41:04] 설치된 출구 LPR이 없음!
[10:41:04] 설치된 출구전광판이 없음!
[10:41:04] LPR재접속 쓰레드시작
[10:41:04] 전광판재접속 쓰레드시작
[10:41:04] 정기권연동 쓰레드시작
[10:41:05] csInLpr1 접속성공
[10:41:05] csInDsp1 접속성공
[10:41:38] LPR Check: 0000000000,http://10.22.30.10:9080/MSImage/2020/10/28/CH1_20201028104138_0000000000.jpg,3,,,0, 2020-10-28 10:41:38
[10:41:38] File: \\10.22.30.10\MSImage\2020\10\28\CH1_20201028104138_0000000000.jpg
[10:41:38] NormalProc: 일반차량 처리 시작 : 0000000000, 
[10:41:38] 미등록차량 입차: 0000000000 - \\10.22.30.10\MSImage\2020\10\28\CH1_20201028104138_0000000000.jpg
[10:41:38] 전광판(10.22.30.10) : 일반차량    0000000000  
[10:41:38] 일반차량 입차 이미지 가져오기 시작
[10:41:38] 일반차량 입차 이미지 가져오기 끝
[10:41:47] Program Close
**************************************************************
[10:41:50] Program Start!
[10:41:50] [DB저장 모드]
[10:41:50] TfrmMain.btnModeClick: 유인운영
[10:41:52] 근무시작: 근무자
[10:41:52] 설치된 입구보조 LPR이 없음!
[10:41:52] 설치된 출구보조 LPR이 없음!
[10:41:52] 설치된 출구 LPR이 없음!
[10:41:52] 설치된 출구전광판이 없음!
[10:41:52] LPR재접속 쓰레드시작
[10:41:52] 전광판재접속 쓰레드시작
[10:41:52] 정기권연동 쓰레드시작
[10:41:53] csInLpr1 접속성공
[10:41:53] csInDsp1 접속성공
[10:41:55] 입구차단기 Open 10.22.30.10:2000
[10:41:55] TfrmMain.popOpenClick: 입차1 차단기 OPEN
[10:41:57] TfrmMain.popOpenClick: 입차1 차단기 Close
[10:42:04] 입구차단기 Open 10.22.30.10:2000
[10:42:04] TfrmMain.popOpenClick: 입차1 차단기 OPEN
[10:43:42] 10.22.30.10:2000 소켓 연결끊김 = 10053
[10:43:52] 10.22.30.10:2000 소켓 연결끊김 = 10054
[10:44:07] csInLpr1 접속성공
[10:45:05] LPR Check: 176로1286,http://10.22.30.10:9080/MSImage/2020/10/28/CH1_20201028104506_176로1286.jpg,1,,,0, 2020-10-28 10:45:06
[10:45:05] File: \\10.22.30.10\MSImage\2020\10\28\CH1_20201028104506_176로1286.jpg
[10:45:05] NormalProc: 일반차량 처리 시작 : 176로1286, 
[10:45:05] 미등록차량 입차: 176로1286 - \\10.22.30.10\MSImage\2020\10\28\CH1_20201028104506_176로1286.jpg
[10:45:05] 전광판(10.22.30.10) : 일반차량    176로1286   
[10:45:05] 일반차량 입차 이미지 가져오기 시작
[10:45:05] 일반차량 입차 이미지 가져오기 끝
[10:45:16] Program Close
