**************************************************************
[08:21:59] Program Start!
[08:21:59] [DB저장 모드]
[08:21:59] TfrmMain.btnModeClick: 유인운영
[08:21:59] 비로그인
[08:21:59] 설치된 입구보조 LPR이 없음!
[08:21:59] 설치된 출구보조 LPR이 없음!
[08:21:59] 설치된 출구 LPR이 없음!
[08:21:59] 설치된 입구전광판이 없음!
[08:21:59] 설치된 출구전광판이 없음!
[08:21:59] LPR재접속 쓰레드시작
[08:21:59] 전광판재접속 쓰레드시작
[08:21:59] 정기권연동 쓰레드시작
[08:21:59] 71번 LPR에 연결된 방문증(시리얼타입) 오픈에러!
[08:22:00] csInLpr1 접속성공
[08:22:05] LPR Check: 235로3457,http://10.22.31.1:9080/MSImage/2020/12/24/CH1_20201224082207_235로3457.jpg,3,,,0, 2020-12-24 08:22:07
[08:22:05] File: \\10.22.31.1\MSImage\2020\12\24\CH1_20201224082207_235로3457.jpg
[08:22:05] NormalProc: 일반차량 처리 시작 : 235로3457, 
[08:22:05] 미등록차량 입차: 235로3457 - \\10.22.31.1\MSImage\2020\12\24\CH1_20201224082207_235로3457.jpg
[08:22:05] File 없음: \\10.22.31.1\MSImage\2020\12\24\CH1_20201224082207_235로3457.jpg
[08:22:35] 방문증내용 업데이트완료:2020122408220545770
[08:22:40] Program Close
**************************************************************
[14:34:36] Program Start!
[14:34:36] [DB저장 모드]
[14:34:36] TfrmMain.btnModeClick: 유인운영
[14:34:37] 비로그인
[14:34:37] 설치된 입구보조 LPR이 없음!
[14:34:37] 설치된 출구보조 LPR이 없음!
[14:34:37] 설치된 출구 LPR이 없음!
[14:34:37] 설치된 입구전광판이 없음!
[14:34:37] 설치된 출구전광판이 없음!
[14:34:38] 전광판재접속 쓰레드시작
[14:34:38] 정기권연동 쓰레드시작
[14:34:39] 71번 LPR에 연결된 방문증(시리얼타입) 오픈에러!
[14:34:42] csInLpr1 접속성공
[14:34:50] TfrmMain.mnu1_1Click 입구1 차단기 오픈 
[14:35:06] Program Close
