**************************************************************
[11:17:34] Program Start!
[11:17:34] [DB저장 모드]
[11:17:34] TfrmMain.btnModeClick: 유인운영
[11:17:36] 근무시작: 근무자
[11:17:36] 설치된 입구보조 LPR이 없음!
[11:17:36] 설치된 출구보조 LPR이 없음!
[11:17:36] 설치된 입구전광판이 없음!
[11:17:36] 설치된 출구전광판이 없음!
[11:17:37] LPR재접속 쓰레드시작
[11:17:37] 전광판재접속 쓰레드시작
[11:17:37] 정기권연동 쓰레드시작
[11:17:37] csInLpr1 접속성공
[11:17:37] csOutLpr1 접속성공
[11:17:42] Program Close
**************************************************************
[11:18:06] Program Start!
[11:18:06] [DB저장 모드]
[11:18:06] TfrmMain.btnModeClick: 유인운영
[11:18:13] 근무시작: (주)넥스파시스템
[11:18:13] 설치된 입구보조 LPR이 없음!
[11:18:13] 설치된 출구보조 LPR이 없음!
[11:18:13] 설치된 입구전광판이 없음!
[11:18:13] 설치된 출구전광판이 없음!
[11:18:13] LPR재접속 쓰레드시작
[11:18:13] 전광판재접속 쓰레드시작
[11:18:13] 정기권연동 쓰레드시작
[11:18:13] csInLpr1 접속성공
[11:18:13] csOutLpr1 접속성공
[11:18:30] Program Close
**************************************************************
[11:21:19] Program Start!
[11:21:19] [DB저장 모드]
[11:21:19] TfrmMain.btnModeClick: 유인운영
[11:21:21] 근무시작: 근무자
[11:21:21] 설치된 입구보조 LPR이 없음!
[11:21:21] 설치된 출구보조 LPR이 없음!
[11:21:21] 설치된 입구전광판이 없음!
[11:21:21] 설치된 출구전광판이 없음!
[11:21:21] LPR재접속 쓰레드시작
[11:21:21] 전광판재접속 쓰레드시작
[11:21:22] 정기권연동 쓰레드시작
[11:21:22] csOutLpr1 접속성공
[11:21:22] csInLpr1 접속성공
[11:21:29] Program Close
**************************************************************
[11:21:39] Program Start!
[11:21:39] [DB저장 모드]
[11:21:39] TfrmMain.btnModeClick: 유인운영
[11:21:39] 비로그인
[11:21:39] 설치된 입구보조 LPR이 없음!
[11:21:39] 설치된 출구보조 LPR이 없음!
[11:21:39] 설치된 입구전광판이 없음!
[11:21:40] 설치된 출구전광판이 없음!
[11:21:40] LPR재접속 쓰레드시작
[11:21:40] 전광판재접속 쓰레드시작
[11:21:40] 정기권연동 쓰레드시작
[11:21:40] csInLpr1 접속성공
[11:21:40] csOutLpr1 접속성공
**************************************************************
[11:21:55] Program Start!
[11:21:55] [DB저장 모드]
[11:21:55] TfrmMain.btnModeClick: 유인운영
[11:21:55] 비로그인
[11:21:55] 설치된 입구보조 LPR이 없음!
[11:21:55] 설치된 출구보조 LPR이 없음!
[11:21:55] 설치된 입구전광판이 없음!
[11:21:55] 설치된 출구전광판이 없음!
[11:21:55] LPR재접속 쓰레드시작
[11:21:55] 전광판재접속 쓰레드시작
[11:21:56] 정기권연동 쓰레드시작
[11:21:56] csInLpr1 접속성공
[11:21:56] csOutLpr1 접속성공
[11:22:44] Program Close
**************************************************************
[11:23:15] Program Start!
[11:23:15] [DB저장 모드]
[11:23:15] TfrmMain.btnModeClick: 유인운영
[11:23:15] 비로그인
[11:23:15] 설치된 입구보조 LPR이 없음!
[11:23:15] 설치된 출구보조 LPR이 없음!
[11:23:15] 설치된 입구전광판이 없음!
[11:23:15] 설치된 출구전광판이 없음!
[11:23:15] LPR재접속 쓰레드시작
[11:23:15] 전광판재접속 쓰레드시작
[11:23:15] 정기권연동 쓰레드시작
[11:23:16] csInLpr1 접속성공
[11:23:16] csOutLpr1 접속성공
**************************************************************
[11:23:26] Program Start!
[11:23:26] [DB저장 모드]
[11:23:26] TfrmMain.btnModeClick: 유인운영
[11:23:26] 비로그인
[11:23:26] 설치된 입구보조 LPR이 없음!
[11:23:26] 설치된 출구보조 LPR이 없음!
[11:23:26] 설치된 입구전광판이 없음!
[11:23:26] 설치된 출구전광판이 없음!
[11:23:27] LPR재접속 쓰레드시작
[11:23:27] 전광판재접속 쓰레드시작
[11:23:27] 정기권연동 쓰레드시작
[11:23:27] csInLpr1 접속성공
[11:23:27] csOutLpr1 접속성공
[11:23:45] Program Close
**************************************************************
[11:24:25] Program Start!
[11:24:25] [DB저장 모드]
[11:24:25] TfrmMain.btnModeClick: 유인운영
[11:24:25] 비로그인
[11:24:25] 설치된 입구보조 LPR이 없음!
[11:24:25] 설치된 출구보조 LPR이 없음!
[11:24:25] 설치된 입구전광판이 없음!
[11:24:25] 설치된 출구전광판이 없음!
[11:24:25] LPR재접속 쓰레드시작
[11:24:25] 전광판재접속 쓰레드시작
[11:24:26] 정기권연동 쓰레드시작
[11:24:26] csInLpr1 접속성공
[11:24:26] csOutLpr1 접속성공
**************************************************************
[11:24:38] Program Start!
[11:24:38] [DB저장 모드]
[11:24:38] TfrmMain.btnModeClick: 유인운영
[11:24:38] 비로그인
[11:24:38] 설치된 입구보조 LPR이 없음!
[11:24:38] 설치된 출구보조 LPR이 없음!
[11:24:38] 설치된 입구전광판이 없음!
[11:24:38] 설치된 출구전광판이 없음!
[11:24:38] LPR재접속 쓰레드시작
[11:24:39] 전광판재접속 쓰레드시작
[11:24:39] 정기권연동 쓰레드시작
[11:24:39] csInLpr1 접속성공
[11:24:39] csOutLpr1 접속성공
**************************************************************
[15:12:42] Program Start!
[15:12:42] [DB저장 모드]
[15:12:42] TfrmMain.btnModeClick: 유인운영
[15:12:43] 비로그인
[15:12:43] 설치된 입구보조 LPR이 없음!
[15:12:43] 설치된 출구보조 LPR이 없음!
[15:12:43] 설치된 입구전광판이 없음!
[15:12:43] 설치된 출구전광판이 없음!
[15:12:43] LPR재접속 쓰레드시작
[15:12:43] 전광판재접속 쓰레드시작
[15:12:44] 정기권연동 쓰레드시작
[15:12:45] csOutLpr1 접속성공
[15:12:45] csInLpr1 접속성공
[15:13:03] Program Close
