**************************************************************
[12:46:24] Program Start!
[12:46:24] [DB저장 모드]
[12:46:24] TfrmMain.btnModeClick: 유인운영
[12:46:24] 비로그인
[12:46:24] 설치된 입구보조 LPR이 없음!
[12:46:24] 설치된 출구보조 LPR이 없음!
[12:46:24] 설치된 출구 LPR이 없음!
[12:46:24] 설치된 입구전광판이 없음!
[12:46:24] 설치된 출구전광판이 없음!
[12:46:25] LPR재접속 쓰레드시작
[12:46:25] 전광판재접속 쓰레드시작
[12:46:25] 정기권연동 쓰레드시작
[12:46:25] 71번 LPR에 연결된 방문증(시리얼타입) 오픈에러!
[12:46:25] csInLpr1 접속성공
[12:46:38] LPR Check: 00000000,http://10.22.30.20:9080/MSImage/2021/01/14/CH1_20210114124636_00000000.jpg,3,,,0, 2021-01-14 12:46:36
[12:46:38] File: \\10.22.30.20\MSImage\2021\01\14\CH1_20210114124636_00000000.jpg
[12:46:38] NormalProc: 일반차량 처리 시작 : 00000000, 
[12:46:38] 미등록차량 입차: 00000000 - \\10.22.30.20\MSImage\2021\01\14\CH1_20210114124636_00000000.jpg
[12:46:38] 일반차량 입차 이미지 가져오기 시작
[12:46:38] 일반차량 입차 이미지 가져오기 끝
[12:46:40] 방문증내용 업데이트완료:2021011412463880170
[12:46:47] Program Close
**************************************************************
[13:10:17] Program Start!
[13:10:17] [DB저장 모드]
[13:10:17] TfrmMain.btnModeClick: 유인운영
[13:10:17] 비로그인
[13:10:17] 설치된 입구보조 LPR이 없음!
[13:10:17] 설치된 출구보조 LPR이 없음!
[13:10:17] 설치된 출구 LPR이 없음!
[13:10:17] 설치된 입구전광판이 없음!
[13:10:17] 설치된 출구전광판이 없음!
[13:10:17] LPR재접속 쓰레드시작
[13:10:17] 전광판재접속 쓰레드시작
[13:10:17] 정기권연동 쓰레드시작
[13:10:17] 71번 LPR에 연결된 방문증(시리얼타입) 오픈에러!
[13:10:18] csInLpr1 접속성공
[13:10:44] LPR Check: 0000000000,http://10.22.30.20:9080/MSImage/2021/01/14/CH1_20210114131042_0000000000.jpg,3,,,0, 2021-01-14 13:10:42
[13:10:44] File: \\10.22.30.20\MSImage\2021\01\14\CH1_20210114131042_0000000000.jpg
[13:10:44] NormalProc: 일반차량 처리 시작 : 0000000000, 
[13:10:44] 미등록차량 입차: 0000000000 - \\10.22.30.20\MSImage\2021\01\14\CH1_20210114131042_0000000000.jpg
[13:10:44] 일반차량 입차 이미지 가져오기 시작
[13:10:44] 일반차량 입차 이미지 가져오기 끝
[13:10:45] 방문증내용 업데이트완료:202101141310447870
[13:10:48] Program Close
**************************************************************
[13:11:24] Program Start!
[13:11:24] [DB저장 모드]
[13:11:25] TfrmMain.btnModeClick: 유인운영
[13:11:25] 비로그인
[13:11:25] 설치된 입구보조 LPR이 없음!
[13:11:25] 설치된 출구보조 LPR이 없음!
[13:11:25] 설치된 출구 LPR이 없음!
[13:11:25] 설치된 입구전광판이 없음!
[13:11:25] 설치된 출구전광판이 없음!
[13:11:25] LPR재접속 쓰레드시작
[13:11:25] 전광판재접속 쓰레드시작
[13:11:25] 정기권연동 쓰레드시작
[13:11:26] csInLpr1 접속성공
[13:11:31] LPR Check: 0000000000,http://10.22.30.20:9080/MSImage/2021/01/14/CH1_20210114131129_0000000000.jpg,3,,,0, 2021-01-14 13:11:29
[13:11:31] File: \\10.22.30.20\MSImage\2021\01\14\CH1_20210114131129_0000000000.jpg
[13:11:31] NormalProc: 일반차량 처리 시작 : 0000000000, 
[13:11:31] 미등록차량 입차: 0000000000 - \\10.22.30.20\MSImage\2021\01\14\CH1_20210114131129_0000000000.jpg
[13:11:31] 일반차량 입차 이미지 가져오기 시작
[13:11:31] 일반차량 입차 이미지 가져오기 끝
[13:11:34] Program Close
**************************************************************
[13:11:47] Program Start!
[13:11:47] [DB저장 모드]
[13:11:47] TfrmMain.btnModeClick: 유인운영
[13:11:48] 비로그인
[13:11:48] 설치된 입구보조 LPR이 없음!
[13:11:48] 설치된 출구보조 LPR이 없음!
[13:11:48] 설치된 출구 LPR이 없음!
[13:11:48] 설치된 입구전광판이 없음!
[13:11:48] 설치된 출구전광판이 없음!
[13:11:48] LPR재접속 쓰레드시작
[13:11:48] 전광판재접속 쓰레드시작
[13:11:48] 정기권연동 쓰레드시작
[13:11:49] csInLpr1 접속성공
[13:11:53] LPR Check: 0000000000,http://10.22.30.20:9080/MSImage/2021/01/14/CH1_20210114131152_0000000000.jpg,3,,,0, 2021-01-14 13:11:52
[13:11:53] File: \\10.22.30.20\MSImage\2021\01\14\CH1_20210114131152_0000000000.jpg
[13:11:53] NormalProc: 일반차량 처리 시작 : 0000000000, 
[13:11:53] 미등록차량 입차: 0000000000 - \\10.22.30.20\MSImage\2021\01\14\CH1_20210114131152_0000000000.jpg
[13:11:54] 일반차량 입차 이미지 가져오기 시작
[13:11:54] 일반차량 입차 이미지 가져오기 끝
[13:11:56] Program Close
**************************************************************
[13:12:26] Program Start!
[13:12:26] [DB저장 모드]
[13:12:26] TfrmMain.btnModeClick: 유인운영
[13:12:27] 비로그인
[13:12:27] 설치된 입구보조 LPR이 없음!
[13:12:27] 설치된 출구보조 LPR이 없음!
[13:12:27] 설치된 출구 LPR이 없음!
[13:12:27] 설치된 입구전광판이 없음!
[13:12:27] 설치된 출구전광판이 없음!
[13:12:27] LPR재접속 쓰레드시작
[13:12:27] 전광판재접속 쓰레드시작
[13:12:27] 정기권연동 쓰레드시작
[13:12:28] csInLpr1 접속성공
[13:12:38] LPR Check: 0000000000,http://10.22.30.20:9080/MSImage/2021/01/14/CH1_20210114131236_0000000000.jpg,3,,,0, 2021-01-14 13:12:36
[13:12:38] File: \\10.22.30.20\MSImage\2021\01\14\CH1_20210114131236_0000000000.jpg
**************************************************************
[13:13:29] Program Start!
[13:13:29] [DB저장 모드]
[13:13:29] TfrmMain.btnModeClick: 유인운영
[13:13:29] 비로그인
[13:13:29] 설치된 입구보조 LPR이 없음!
[13:13:29] 설치된 출구보조 LPR이 없음!
[13:13:29] 설치된 출구 LPR이 없음!
[13:13:29] 설치된 입구전광판이 없음!
[13:13:29] 설치된 출구전광판이 없음!
[13:13:29] LPR재접속 쓰레드시작
[13:13:29] 전광판재접속 쓰레드시작
[13:13:29] 정기권연동 쓰레드시작
[13:13:29] csInLpr1 접속성공
[13:13:31] LPR Check: 0000000000,http://10.22.30.20:9080/MSImage/2021/01/14/CH1_20210114131329_0000000000.jpg,3,,,0, 2021-01-14 13:13:29
[13:13:31] File: \\10.22.30.20\MSImage\2021\01\14\CH1_20210114131329_0000000000.jpg
[13:13:33] Program Close
**************************************************************
[13:13:47] Program Start!
[13:13:47] [DB저장 모드]
[13:13:47] TfrmMain.btnModeClick: 유인운영
[13:13:47] 비로그인
[13:13:47] 설치된 입구보조 LPR이 없음!
[13:13:47] 설치된 출구보조 LPR이 없음!
[13:13:47] 설치된 출구 LPR이 없음!
[13:13:47] 설치된 입구전광판이 없음!
[13:13:47] 설치된 출구전광판이 없음!
[13:13:48] LPR재접속 쓰레드시작
[13:13:48] 전광판재접속 쓰레드시작
[13:13:48] 정기권연동 쓰레드시작
[13:13:48] csInLpr1 접속성공
[13:13:49] LPR Check: 0000000000,http://10.22.30.20:9080/MSImage/2021/01/14/CH1_20210114131347_0000000000.jpg,3,,,0, 2021-01-14 13:13:47
[13:13:49] File: \\10.22.30.20\MSImage\2021\01\14\CH1_20210114131347_0000000000.jpg
**************************************************************
[13:21:11] Program Start!
[13:21:11] [DB저장 모드]
[13:21:11] TfrmMain.btnModeClick: 유인운영
[13:21:11] 비로그인
[13:21:11] 설치된 입구보조 LPR이 없음!
[13:21:11] 설치된 출구보조 LPR이 없음!
[13:21:11] 설치된 출구 LPR이 없음!
[13:21:11] 설치된 입구전광판이 없음!
[13:21:11] 설치된 출구전광판이 없음!
[13:21:12] LPR재접속 쓰레드시작
[13:21:12] 전광판재접속 쓰레드시작
[13:21:12] 정기권연동 쓰레드시작
[13:21:12] csInLpr1 접속성공
[13:21:36] LPR Check: 0000000000,http://10.22.30.20:9080/MSImage/2021/01/14/CH1_20210114132134_0000000000.jpg,3,,,0, 2021-01-14 13:21:34
[13:21:36] File: \\10.22.30.20\MSImage\2021\01\14\CH1_20210114132134_0000000000.jpg
[13:22:02] Program Close
**************************************************************
[13:22:08] Program Start!
[13:22:08] [DB저장 모드]
[13:22:08] TfrmMain.btnModeClick: 유인운영
[13:22:09] 비로그인
[13:22:09] 설치된 입구보조 LPR이 없음!
[13:22:09] 설치된 출구보조 LPR이 없음!
[13:22:09] 설치된 출구 LPR이 없음!
[13:22:09] 설치된 입구전광판이 없음!
[13:22:09] 설치된 출구전광판이 없음!
[13:22:09] LPR재접속 쓰레드시작
[13:22:09] 전광판재접속 쓰레드시작
[13:22:09] 정기권연동 쓰레드시작
[13:22:10] csInLpr1 접속성공
[13:22:17] LPR Check: 0000000000,http://10.22.30.20:9080/MSImage/2021/01/14/CH1_20210114132215_0000000000.jpg,3,,,0, 2021-01-14 13:22:15
[13:22:17] File: \\10.22.30.20\MSImage\2021\01\14\CH1_20210114132215_0000000000.jpg
**************************************************************
[13:23:19] Program Start!
[13:23:19] [DB저장 모드]
[13:23:19] TfrmMain.btnModeClick: 유인운영
[13:23:19] 비로그인
[13:23:19] 설치된 입구보조 LPR이 없음!
[13:23:19] 설치된 출구보조 LPR이 없음!
[13:23:19] 설치된 출구 LPR이 없음!
[13:23:19] 설치된 입구전광판이 없음!
[13:23:19] 설치된 출구전광판이 없음!
[13:23:20] LPR재접속 쓰레드시작
[13:23:20] 전광판재접속 쓰레드시작
[13:23:20] 정기권연동 쓰레드시작
[13:23:20] csInLpr1 접속성공
[13:23:22] LPR Check: 0000000000,http://10.22.30.20:9080/MSImage/2021/01/14/CH1_20210114132320_0000000000.jpg,3,,,0, 2021-01-14 13:23:20
[13:23:22] File: \\10.22.30.20\MSImage\2021\01\14\CH1_20210114132320_0000000000.jpg
**************************************************************
[13:25:00] Program Start!
[13:25:00] [DB저장 모드]
[13:25:00] TfrmMain.btnModeClick: 유인운영
[13:25:00] 비로그인
[13:25:00] 설치된 입구보조 LPR이 없음!
[13:25:00] 설치된 출구보조 LPR이 없음!
[13:25:00] 설치된 출구 LPR이 없음!
[13:25:00] 설치된 입구전광판이 없음!
[13:25:00] 설치된 출구전광판이 없음!
[13:25:01] LPR재접속 쓰레드시작
[13:25:01] 전광판재접속 쓰레드시작
[13:25:01] 정기권연동 쓰레드시작
[13:25:01] csInLpr1 접속성공
[13:25:02] LPR Check: 0000000000,http://10.22.30.20:9080/MSImage/2021/01/14/CH1_20210114132501_0000000000.jpg,3,,,0, 2021-01-14 13:25:01
[13:25:02] File: \\10.22.30.20\MSImage\2021\01\14\CH1_20210114132501_0000000000.jpg
[13:25:02] 입구차단기 Open 10.22.30.20:2100
[13:25:17] Program Close
