**************************************************************
[14:22:57] Program Start!
[14:22:57] [DB저장 모드]
[14:22:57] TfrmMain.btnModeClick: 유인운영
[14:22:57] 비로그인
[14:22:57] 설치된 입구보조 LPR이 없음!
[14:22:57] 설치된 출구보조 LPR이 없음!
[14:22:57] 설치된 입구전광판이 없음!
[14:22:57] 설치된 입구보조전광판이 없음!
[14:22:57] 설치된 출구전광판이 없음!
[14:22:58] LPR재접속 쓰레드시작
[14:22:58] 전광판재접속 쓰레드시작
[14:22:58] 정기권연동 쓰레드시작
[14:22:58] csOutLpr1 접속성공
[14:22:58] csInLpr1 접속성공
[14:23:01] Program Close
**************************************************************
[14:48:19] Program Start!
[14:48:19] [DB저장 모드]
[14:48:19] TfrmMain.btnModeClick: 유인운영
[14:48:20] 비로그인
[14:48:20] 설치된 입구보조 LPR이 없음!
[14:48:20] 설치된 출구보조 LPR이 없음!
[14:48:20] 설치된 입구전광판이 없음!
[14:48:20] 설치된 입구보조전광판이 없음!
[14:48:20] 설치된 출구전광판이 없음!
[14:48:20] LPR재접속 쓰레드시작
[14:48:20] 전광판재접속 쓰레드시작
[14:48:20] 정기권연동 쓰레드시작
[14:48:21] csOutLpr1 접속성공
[14:48:21] csInLpr1 접속성공
[14:48:23] LPR Check: 14라5314,http://10.22.30.20:9080/MSImage/2021/01/28/CH1_20210128144821_14라5314.jpg,1,,,0, 2021-01-28 14:48:21
[14:48:23] File: \\10.22.30.20\MSImage\2021\01\28\CH1_20210128144821_14라5314.jpg
[14:48:23] NormalProc: 일반차량 처리 시작 : 14라5314, 
[14:48:23] 미등록차량 입차: 14라5314 - \\10.22.30.20\MSImage\2021\01\28\CH1_20210128144821_14라5314.jpg
[14:48:23] 
[14:48:23] 일반차량 입차 이미지 가져오기 시작
[14:48:23] 일반차량 입차 이미지 가져오기 끝
[14:48:36] Program Close
**************************************************************
[14:49:08] Program Start!
[14:49:08] [DB저장 모드]
[14:49:08] TfrmMain.btnModeClick: 유인운영
[14:49:09] 비로그인
[14:49:09] 설치된 입구보조 LPR이 없음!
[14:49:09] 설치된 출구보조 LPR이 없음!
[14:49:09] 설치된 입구전광판이 없음!
[14:49:09] 설치된 입구보조전광판이 없음!
[14:49:09] 설치된 출구전광판이 없음!
[14:49:09] LPR재접속 쓰레드시작
[14:49:09] 전광판재접속 쓰레드시작
[14:49:09] 정기권연동 쓰레드시작
[14:49:10] csInLpr1 접속성공
[14:49:10] csOutLpr1 접속성공
[14:49:11] LPR Check: 14라5314,http://10.22.30.20:9080/MSImage/2021/01/28/CH1_20210128144910_14라5314.jpg,1,,,0, 2021-01-28 14:49:10
[14:49:11] File: \\10.22.30.20\MSImage\2021\01\28\CH1_20210128144910_14라5314.jpg
[14:49:11] NormalProc: 일반차량 처리 시작 : 14라5314, 
[14:49:12] 미등록차량 입차: 14라5314 - \\10.22.30.20\MSImage\2021\01\28\CH1_20210128144910_14라5314.jpg
[14:49:12] 
[14:49:12] 일반차량 입차 이미지 가져오기 시작
[14:49:12] 일반차량 입차 이미지 가져오기 끝
[14:49:38] Program Close
**************************************************************
[14:52:06] Program Start!
[14:52:06] [DB저장 모드]
[14:52:07] TfrmMain.btnModeClick: 유인운영
[14:52:07] 비로그인
[14:52:07] 설치된 입구보조 LPR이 없음!
[14:52:07] 설치된 출구보조 LPR이 없음!
[14:52:07] 설치된 입구전광판이 없음!
[14:52:07] 설치된 입구보조전광판이 없음!
[14:52:07] 설치된 출구전광판이 없음!
[14:52:07] LPR재접속 쓰레드시작
[14:52:07] 전광판재접속 쓰레드시작
[14:52:08] 정기권연동 쓰레드시작
[14:52:08] csOutLpr1 접속성공
[14:52:08] csInLpr1 접속성공
[14:52:10] LPR Check: 14라5314,http://10.22.30.20:9080/MSImage/2021/01/28/CH1_20210128145208_14라5314.jpg,1,,,0, 2021-01-28 14:52:08
[14:52:10] File: \\10.22.30.20\MSImage\2021\01\28\CH1_20210128145208_14라5314.jpg
[14:52:10] NormalProc: 일반차량 처리 시작 : 14라5314, 
[14:52:10] 미등록차량 입차: 14라5314 - \\10.22.30.20\MSImage\2021\01\28\CH1_20210128145208_14라5314.jpg
[14:52:10] 
[14:52:10] 일반차량 입차 이미지 가져오기 시작
[14:52:10] 일반차량 입차 이미지 가져오기 끝
[14:52:16] Program Close
**************************************************************
[14:52:40] Program Start!
[14:52:40] [DB저장 모드]
[14:52:40] TfrmMain.btnModeClick: 유인운영
[14:52:41] 비로그인
[14:52:41] 설치된 입구보조 LPR이 없음!
[14:52:41] 설치된 출구보조 LPR이 없음!
[14:52:41] 설치된 입구전광판이 없음!
[14:52:41] 설치된 입구보조전광판이 없음!
[14:52:41] 설치된 출구전광판이 없음!
[14:52:41] LPR재접속 쓰레드시작
[14:52:41] 전광판재접속 쓰레드시작
[14:52:41] 정기권연동 쓰레드시작
[14:52:42] csInLpr1 접속성공
[14:52:42] csOutLpr1 접속성공
[14:52:43] LPR Check: 14라5314,http://10.22.30.20:9080/MSImage/2021/01/28/CH1_20210128145242_14라5314.jpg,1,,,0, 2021-01-28 14:52:42
[14:52:43] File: \\10.22.30.20\MSImage\2021\01\28\CH1_20210128145242_14라5314.jpg
[14:52:43] NormalProc: 일반차량 처리 시작 : 14라5314, 
[14:52:43] 미등록차량 입차: 14라5314 - \\10.22.30.20\MSImage\2021\01\28\CH1_20210128145242_14라5314.jpg
[14:52:44] 
[14:52:44] 일반차량 입차 이미지 가져오기 시작
[14:52:44] 일반차량 입차 이미지 가져오기 끝
[14:52:50] Program Close
**************************************************************
[14:56:05] Program Start!
[14:56:05] [DB저장 모드]
[14:56:05] TfrmMain.btnModeClick: 유인운영
[14:56:05] 비로그인
[14:56:05] 설치된 입구보조 LPR이 없음!
[14:56:05] 설치된 출구보조 LPR이 없음!
[14:56:05] 설치된 입구전광판이 없음!
[14:56:05] 설치된 입구보조전광판이 없음!
[14:56:05] 설치된 출구전광판이 없음!
[14:56:06] LPR재접속 쓰레드시작
[14:56:06] 전광판재접속 쓰레드시작
[14:56:06] 정기권연동 쓰레드시작
[14:56:06] csInLpr1 접속성공
[14:56:06] csOutLpr1 접속성공
[14:56:51] LPR Check: 14라5314,http://10.22.30.20:9080/MSImage/2021/01/28/CH1_20210128145649_14라5314.jpg,1,,,0, 2021-01-28 14:56:49
[14:56:51] File: \\10.22.30.20\MSImage\2021\01\28\CH1_20210128145649_14라5314.jpg
[14:56:51] NormalProc: 일반차량 처리 시작 : 14라5314, 
[14:56:51] 미등록차량 입차: 14라5314 - \\10.22.30.20\MSImage\2021\01\28\CH1_20210128145649_14라5314.jpg
[14:56:51] 
[14:56:51] 일반차량 입차 이미지 가져오기 시작
[14:56:51] 일반차량 입차 이미지 가져오기 끝
[14:57:00] Program Close
**************************************************************
[14:59:16] Program Start!
[14:59:16] [DB저장 모드]
[14:59:17] TfrmMain.btnModeClick: 유인운영
[14:59:17] 비로그인
[14:59:17] 설치된 입구보조 LPR이 없음!
[14:59:17] 설치된 출구보조 LPR이 없음!
[14:59:17] 설치된 입구전광판이 없음!
[14:59:17] 설치된 입구보조전광판이 없음!
[14:59:17] 설치된 출구전광판이 없음!
[14:59:17] LPR재접속 쓰레드시작
[14:59:18] 전광판재접속 쓰레드시작
[14:59:18] 정기권연동 쓰레드시작
[14:59:18] csInLpr1 접속성공
[14:59:18] csOutLpr1 접속성공
[14:59:19] LPR Check: 14라5314,http://10.22.30.20:9080/MSImage/2021/01/28/CH1_20210128145917_14라5314.jpg,1,,,0, 2021-01-28 14:59:17
[14:59:19] File: \\10.22.30.20\MSImage\2021\01\28\CH1_20210128145917_14라5314.jpg
[14:59:19] NormalProc: 일반차량 처리 시작 : 14라5314, 
[14:59:19] 미등록차량 입차: 14라5314 - \\10.22.30.20\MSImage\2021\01\28\CH1_20210128145917_14라5314.jpg
[14:59:19] 
[14:59:19] 일반차량 입차 이미지 가져오기 시작
[14:59:19] 일반차량 입차 이미지 가져오기 끝
[14:59:54] Program Close
**************************************************************
[16:53:15] Program Start!
[16:53:15] [DB저장 모드]
[16:53:15] TfrmMain.btnModeClick: 유인운영
[16:53:15] 비로그인
[16:53:16] 설치된 입구보조 LPR이 없음!
[16:53:16] 설치된 출구보조 LPR이 없음!
[16:53:16] 설치된 입구전광판이 없음!
[16:53:16] 설치된 입구보조전광판이 없음!
[16:53:16] 설치된 출구전광판이 없음!
[16:53:16] LPR재접속 쓰레드시작
[16:53:16] 전광판재접속 쓰레드시작
[16:53:16] 정기권연동 쓰레드시작
[16:53:17] csInLpr1 접속성공
[16:53:17] csOutLpr1 접속성공
**************************************************************
[16:53:40] Program Start!
[16:53:40] [DB저장 모드]
[16:53:40] TfrmMain.btnModeClick: 유인운영
[16:53:41] 비로그인
[16:53:41] 설치된 입구보조 LPR이 없음!
[16:53:41] 설치된 출구보조 LPR이 없음!
[16:53:41] 설치된 입구전광판이 없음!
[16:53:41] 설치된 입구보조전광판이 없음!
[16:53:41] 설치된 출구전광판이 없음!
[16:53:41] LPR재접속 쓰레드시작
[16:53:41] 전광판재접속 쓰레드시작
[16:53:41] 정기권연동 쓰레드시작
[16:53:42] csInLpr1 접속성공
[16:53:42] csOutLpr1 접속성공
