**************************************************************
[09:07:53] Program Start!
[09:07:53] [DB저장 모드]
[09:07:53] TfrmMain.btnModeClick: 유인운영
[09:07:54] 비로그인
[09:07:54] 설치된 입구보조 LPR이 없음!
[09:07:54] 설치된 출구보조 LPR이 없음!
[09:07:54] 설치된 입구전광판이 없음!
[09:07:54] 설치된 출구전광판이 없음!
[09:07:54] LPR재접속 쓰레드시작
[09:07:54] 전광판재접속 쓰레드시작
[09:07:55] 정기권연동 쓰레드시작
[09:07:55] csOutLpr1 접속성공
[09:07:55] csInLpr1 접속성공
[09:08:05] Program Close
**************************************************************
[09:09:22] Program Start!
[09:09:22] [DB저장 모드]
[09:09:22] TfrmMain.btnModeClick: 유인운영
[09:09:22] 비로그인
[09:09:22] 설치된 입구보조 LPR이 없음!
[09:09:22] 설치된 출구보조 LPR이 없음!
[09:09:22] 설치된 입구전광판이 없음!
[09:09:22] 설치된 출구전광판이 없음!
[09:09:23] LPR재접속 쓰레드시작
[09:09:23] 전광판재접속 쓰레드시작
[09:09:23] 정기권연동 쓰레드시작
[09:09:23] csInLpr1 접속성공
[09:09:23] csOutLpr1 접속성공
[09:09:44] Program Close
