**************************************************************
[09:02:33] Program Start!
[09:02:33] [DB저장 모드]
[09:02:33] TfrmMain.btnModeClick: 유인운영
[09:02:34] 비로그인
[09:02:34] 설치된 출구보조 LPR이 없음!
[09:02:34] 설치된 출구 LPR이 없음!
[09:02:34] 설치된 입구전광판이 없음!
[09:02:34] 설치된 출구전광판이 없음!
[09:02:34] LPR재접속 쓰레드시작
[09:02:34] 전광판재접속 쓰레드시작
[09:02:34] 정기권연동 쓰레드시작
[09:02:35] [subcsInLpr1] 10.22.30.20:2200 접속성공
[09:02:35] csInLpr1 접속성공
[09:02:43] Program Close
**************************************************************
[09:03:04] Program Start!
[09:03:04] [DB저장 모드]
[09:03:04] TfrmMain.btnModeClick: 유인운영
[09:03:05] 비로그인
[09:03:05] 설치된 출구보조 LPR이 없음!
[09:03:05] 설치된 출구 LPR이 없음!
[09:03:05] 설치된 입구전광판이 없음!
[09:03:05] 설치된 출구전광판이 없음!
[09:03:05] LPR재접속 쓰레드시작
[09:03:05] 전광판재접속 쓰레드시작
[09:03:05] 정기권연동 쓰레드시작
[09:03:06] [subcsInLpr1] 10.22.30.20:2200 접속성공
[09:03:06] csInLpr1 접속성공
[09:03:19] Program Close
**************************************************************
[09:03:46] Program Start!
[09:03:46] [DB저장 모드]
[09:03:46] TfrmMain.btnModeClick: 유인운영
[09:03:46] 비로그인
[09:03:46] 설치된 출구보조 LPR이 없음!
[09:03:46] 설치된 출구 LPR이 없음!
[09:03:46] 설치된 입구전광판이 없음!
[09:03:47] 설치된 출구전광판이 없음!
[09:03:47] LPR재접속 쓰레드시작
[09:03:47] 전광판재접속 쓰레드시작
[09:03:47] 정기권연동 쓰레드시작
[09:03:47] csInLpr1 접속성공
[09:03:47] [subcsInLpr1] 10.22.30.20:2200 접속성공
[09:03:58] LPR Check: 0000000000,http://10.22.30.20:9080/MSImage/2021/02/10/CH1_20210210090356_0000000000.jpg,3,,,0, 2021-02-10 09:03:56
[09:03:58] File: \\10.22.30.20\MSImage\2021\02\10\CH1_20210210090356_0000000000.jpg
[09:03:59] 보조전광판 IP : 
[09:03:59] LPR Check: 11가1111,http://10.22.30.20:9080/MSImage/2021/02/10/CH1_20210210090357_11가1111.jpg,1,,,0, 2021-02-10 09:03:57
[09:03:59] File: \\10.22.30.20\MSImage\2021\02\10\CH1_20210210090357_11가1111.jpg
[09:03:59] 메인 LPR 차량번호(입차): 0000000000
[09:03:59] 보조 보조LPR 싱크시작(M/S):0000000000/11가1111
[09:03:59] 보조 싱크데이터:11가1111/0000000000/1/3
[09:03:59] 싱크데이터 적용:11가1111/0000000000/1/3
[09:03:59] NormalProc: 일반차량 처리 시작 : 11가1111, 0000000000
[09:03:59] 미등록차량 입차: 11가1111 - \\10.22.30.20\MSImage\2021\02\10\CH1_20210210090357_11가1111.jpg
[09:03:59] 0000000000
[09:03:59] 전광판() 네트워크 에러
[09:03:59] 전광판() 네트워크 에러
[09:04:00] 전광판() 네트워크 에러
[09:04:00] 전광판() 네트워크 에러
[09:04:01] 전광판() 네트워크 에러
[09:04:01] 일반차량 입차 이미지 가져오기 시작
[09:04:01] 일반차량 입차 이미지 가져오기 끝
[09:04:07] 보조전광판 IP : 
[09:04:07] LPR Check: 11가1111,http://10.22.30.20:9080/MSImage/2021/02/10/CH1_20210210090406_11가1111.jpg,1,,,0, 2021-02-10 09:04:06
[09:04:07] File: \\10.22.30.20\MSImage\2021\02\10\CH1_20210210090406_11가1111.jpg
[09:04:07] 메인 LPR 차량번호(입차): 0000000000
[09:04:25] Program Close
**************************************************************
[09:06:50] Program Start!
[09:06:50] [DB저장 모드]
[09:06:51] TfrmMain.btnModeClick: 유인운영
[09:06:51] 비로그인
[09:06:51] 설치된 출구보조 LPR이 없음!
[09:06:51] 설치된 출구 LPR이 없음!
[09:06:51] 설치된 입구전광판이 없음!
[09:06:51] 설치된 출구전광판이 없음!
[09:06:51] LPR재접속 쓰레드시작
[09:06:51] 전광판재접속 쓰레드시작
[09:06:51] 정기권연동 쓰레드시작
[09:06:52] csInLpr1 접속성공
[09:06:52] [subcsInLpr1] 10.22.30.20:2200 접속성공
[09:07:08] 보조전광판 IP : 
[09:07:08] LPR Check: 11가1111,http://10.22.30.20:9080/MSImage/2021/02/10/CH1_20210210090707_11가1111.jpg,1,,,0, 2021-02-10 09:07:07
[09:07:08] File: \\10.22.30.20\MSImage\2021\02\10\CH1_20210210090707_11가1111.jpg
[09:07:08] 보조 보조LPR 싱크시작(M/S):11가1111/11가1111
[09:07:08] 보조 싱크데이터:11가1111/11가1111/1/1
[09:07:08] 싱크데이터 적용:11가1111/11가1111/1/1
[09:07:08] NormalProc: 일반차량 처리 시작 : 11가1111, 11가1111
[09:07:08] 미등록차량 입차: 11가1111 - \\10.22.30.20\MSImage\2021\02\10\CH1_20210210090707_11가1111.jpg
[09:07:08] 11가1111
[09:07:09] 전광판() 네트워크 에러
[09:07:09] 전광판() 네트워크 에러
[09:07:10] 전광판() 네트워크 에러
[09:07:10] 전광판() 네트워크 에러
[09:07:11] 전광판() 네트워크 에러
[09:07:11] 일반차량 입차 이미지 가져오기 시작
[09:07:11] 일반차량 입차 이미지 가져오기 끝
[09:07:17] LPR Check: 0000000000,http://10.22.30.20:9080/MSImage/2021/02/10/CH1_20210210090715_0000000000.jpg,3,,,0, 2021-02-10 09:07:15
[09:07:17] File: \\10.22.30.20\MSImage\2021\02\10\CH1_20210210090715_0000000000.jpg
[09:07:18] 입구차단기 Open 10.22.30.20:2100
[09:07:18] 보조전광판 IP : 
[09:07:18] LPR Check: 11가1111,http://10.22.30.20:9080/MSImage/2021/02/10/CH1_20210210090716_11가1111.jpg,1,,,0, 2021-02-10 09:07:16
[09:07:18] File: \\10.22.30.20\MSImage\2021\02\10\CH1_20210210090716_11가1111.jpg
[09:07:18] 보조 보조LPR 싱크시작(M/S):11가1111/11가1111
[09:07:18] 보조 싱크데이터:11가1111/11가1111/1/1
[09:07:18] 싱크데이터 적용:11가1111/11가1111/1/1
[09:07:18] NormalProc: 일반차량 처리 시작 : 11가1111, 11가1111
[09:07:18] 미등록차량 입차: 11가1111 - \\10.22.30.20\MSImage\2021\02\10\CH1_20210210090716_11가1111.jpg
[09:07:18] 11가1111
[09:07:18] 전광판() 네트워크 에러
[09:07:19] 전광판() 네트워크 에러
[09:07:19] 전광판() 네트워크 에러
[09:07:20] 전광판() 네트워크 에러
[09:07:20] 전광판() 네트워크 에러
[09:07:20] 일반차량 입차 이미지 가져오기 시작
[09:07:20] 일반차량 입차 이미지 가져오기 끝
[09:07:29] LPR Check: 0000000000,http://10.22.30.20:9080/MSImage/2021/02/10/CH1_20210210090727_0000000000.jpg,3,,,0, 2021-02-10 09:07:27
[09:07:29] File: \\10.22.30.20\MSImage\2021\02\10\CH1_20210210090727_0000000000.jpg
[09:07:30] 보조전광판 IP : 
[09:07:30] LPR Check: 11가1111,http://10.22.30.20:9080/MSImage/2021/02/10/CH1_20210210090728_11가1111.jpg,1,,,0, 2021-02-10 09:07:28
[09:07:30] File: \\10.22.30.20\MSImage\2021\02\10\CH1_20210210090728_11가1111.jpg
[09:07:30] 메인 LPR 차량번호(입차): 0000000000
[09:07:30] 보조 보조LPR 싱크시작(M/S):0000000000/11가1111
[09:07:30] 보조 싱크데이터:11가1111/0000000000/1/3
[09:07:30] 싱크데이터 적용:11가1111/0000000000/1/3
[09:07:30] NormalProc: 일반차량 처리 시작 : 11가1111, 0000000000
[09:07:30] 미등록차량 입차: 11가1111 - \\10.22.30.20\MSImage\2021\02\10\CH1_20210210090728_11가1111.jpg
[09:07:30] 0000000000
[09:07:30] 전광판() 네트워크 에러
[09:07:30] 전광판() 네트워크 에러
[09:07:31] 전광판() 네트워크 에러
[09:07:31] 전광판() 네트워크 에러
[09:07:32] 전광판() 네트워크 에러
[09:07:32] 일반차량 입차 이미지 가져오기 시작
[09:07:32] 일반차량 입차 이미지 가져오기 끝
[09:07:42] Program Close
**************************************************************
[09:08:01] Program Start!
[09:08:01] [DB저장 모드]
[09:08:01] TfrmMain.btnModeClick: 유인운영
[09:08:01] 비로그인
[09:08:01] 설치된 출구보조 LPR이 없음!
[09:08:01] 설치된 출구 LPR이 없음!
[09:08:01] 설치된 입구전광판이 없음!
[09:08:01] 설치된 출구전광판이 없음!
[09:08:01] LPR재접속 쓰레드시작
[09:08:01] 전광판재접속 쓰레드시작
[09:08:01] 정기권연동 쓰레드시작
[09:08:01] csInLpr1 접속성공
[09:08:01] [subcsInLpr1] 10.22.30.20:2200 접속성공
[09:08:03] LPR Check: 0000000000,http://10.22.30.20:9080/MSImage/2021/02/10/CH1_20210210090801_0000000000.jpg,3,,,0, 2021-02-10 09:08:01
[09:08:03] File: \\10.22.30.20\MSImage\2021\02\10\CH1_20210210090801_0000000000.jpg
[09:08:04] 보조전광판 IP : 
[09:08:04] LPR Check: 11가1111,http://10.22.30.20:9080/MSImage/2021/02/10/CH1_20210210090802_11가1111.jpg,1,,,0, 2021-02-10 09:08:02
[09:08:04] File: \\10.22.30.20\MSImage\2021\02\10\CH1_20210210090802_11가1111.jpg
[09:08:04] 메인 LPR 차량번호(입차): 0000000000
[09:08:04] 보조 보조LPR 싱크시작(M/S):0000000000/11가1111
[09:08:04] 보조 싱크데이터:11가1111/0000000000/1/3
[09:08:04] 싱크데이터 적용:11가1111/0000000000/1/3
[09:08:04] NormalProc: 일반차량 처리 시작 : 11가1111, 0000000000
[09:08:04] 미등록차량 입차: 11가1111 - \\10.22.30.20\MSImage\2021\02\10\CH1_20210210090802_11가1111.jpg
[09:08:04] 0000000000
[09:08:04] 전광판() 네트워크 에러
[09:08:05] 전광판() 네트워크 에러
[09:08:05] 전광판() 네트워크 에러
[09:08:06] 전광판() 네트워크 에러
[09:08:06] 전광판() 네트워크 에러
[09:08:06] 일반차량 입차 이미지 가져오기 시작
[09:08:06] 일반차량 입차 이미지 가져오기 끝
[09:08:09] 보조전광판 IP : 
[09:08:09] LPR Check: 11가1111,http://10.22.30.20:9080/MSImage/2021/02/10/CH1_20210210090808_11가1111.jpg,1,,,0, 2021-02-10 09:08:08
[09:08:09] File: \\10.22.30.20\MSImage\2021\02\10\CH1_20210210090808_11가1111.jpg
[09:08:09] 보조 보조LPR 싱크시작(M/S):11가1111/11가1111
[09:08:09] 보조 싱크데이터:11가1111/11가1111/1/1
[09:08:09] 싱크데이터 적용:11가1111/11가1111/1/1
[09:08:09] NormalProc: 일반차량 처리 시작 : 11가1111, 11가1111
[09:08:09] 미등록차량 입차: 11가1111 - \\10.22.30.20\MSImage\2021\02\10\CH1_20210210090808_11가1111.jpg
[09:08:09] 11가1111
[09:08:10] 전광판() 네트워크 에러
[09:08:10] 전광판() 네트워크 에러
[09:08:11] 전광판() 네트워크 에러
[09:08:11] 전광판() 네트워크 에러
[09:08:12] 전광판() 네트워크 에러
[09:08:12] 일반차량 입차 이미지 가져오기 시작
[09:08:12] 일반차량 입차 이미지 가져오기 끝
[09:08:15] LPR Check: 0000000000,http://10.22.30.20:9080/MSImage/2021/02/10/CH1_20210210090814_0000000000.jpg,3,,,0, 2021-02-10 09:08:14
[09:08:15] File: \\10.22.30.20\MSImage\2021\02\10\CH1_20210210090814_0000000000.jpg
[09:08:16] NormalProc: 일반차량 처리 시작 : 0000000000, 
[09:08:16] 미등록차량 입차: 0000000000 - \\10.22.30.20\MSImage\2021\02\10\CH1_20210210090814_0000000000.jpg
[09:08:16] 
[09:08:17] 일반차량 입차 이미지 가져오기 시작
[09:08:17] 일반차량 입차 이미지 가져오기 끝
[09:08:24] LPR Check: 11가1111,http://10.22.30.20:9080/MSImage/2021/02/10/CH1_20210210090823_11가1111.jpg,1,,,0, 2021-02-10 09:08:23
[09:08:24] File: \\10.22.30.20\MSImage\2021\02\10\CH1_20210210090823_11가1111.jpg
[09:08:25] NormalProc: 일반차량 처리 시작 : 11가1111, 
[09:08:25] 미등록차량 입차: 11가1111 - \\10.22.30.20\MSImage\2021\02\10\CH1_20210210090823_11가1111.jpg
[09:08:25] 
[09:08:25] 일반차량 입차 이미지 가져오기 시작
[09:08:25] 일반차량 입차 이미지 가져오기 끝
[09:08:31] Program Close
**************************************************************
[12:40:49] Program Start!
[12:40:49] [DB저장 모드]
[12:40:49] TfrmMain.btnModeClick: 유인운영
[12:40:49] 비로그인
[12:40:49] 설치된 출구보조 LPR이 없음!
[12:40:49] 설치된 출구 LPR이 없음!
[12:40:49] 설치된 입구전광판이 없음!
[12:40:49] 설치된 출구전광판이 없음!
[12:40:49] LPR재접속 쓰레드시작
[12:40:49] 전광판재접속 쓰레드시작
[12:40:49] 정기권연동 쓰레드시작
[12:40:50] csInLpr1 접속성공
[12:40:50] [subcsInLpr1] 10.22.30.20:2200 접속성공
[12:44:16] Program Close
