**************************************************************
[13:08:28] Program Start!
[13:08:28] [DB저장 모드]
[13:08:28] TfrmMain.btnModeClick: 유인운영
[13:08:29] 비로그인
[13:08:29] 설치된 입구보조 LPR이 없음!
[13:08:29] 설치된 출구보조 LPR이 없음!
[13:08:29] 설치된 입구전광판이 없음!
[13:08:29] 설치된 출구전광판이 없음!
[13:08:29] LPR재접속 쓰레드시작
[13:08:29] 전광판재접속 쓰레드시작
[13:08:29] 정기권연동 쓰레드시작
[13:08:30] csInLpr1 접속성공
[13:08:30] csOutLpr1 접속성공
[13:08:35] Program Close
**************************************************************
[13:08:56] Program Start!
[13:08:56] [DB저장 모드]
[13:08:56] TfrmMain.btnModeClick: 유인운영
[13:08:56] 비로그인
[13:08:56] 설치된 입구보조 LPR이 없음!
[13:08:56] 설치된 출구보조 LPR이 없음!
[13:08:57] 설치된 입구전광판이 없음!
[13:08:57] 설치된 출구전광판이 없음!
[13:08:57] LPR재접속 쓰레드시작
[13:08:57] 전광판재접속 쓰레드시작
[13:08:57] 정기권연동 쓰레드시작
[13:08:58] csInLpr1 접속성공
[13:08:58] csOutLpr1 접속성공
[13:09:51] 입차 File 없음: 
[13:09:51] 출차 File 없음: 
[13:09:52] 입차 File 없음: 
[13:09:52] 출차 File 없음: 
[13:09:52] 입차 File 없음: 
[13:09:52] 출차 File 없음: 
[13:09:52] 입차 File 없음: 
[13:09:52] 출차 File 없음: 
[13:09:52] 입차 File 없음: 
[13:09:52] 출차 File 없음: 
[13:09:52] 입차 File 없음: 
[13:09:52] 출차 File 없음: 
[13:09:53] 입차 File 없음: 
[13:09:53] 출차 File 없음: 
[13:09:53] 입차 File 없음: 
[13:09:53] 출차 File 없음: 
[13:09:53] 입차 File 없음: 
[13:09:53] 출차 File 없음: 
[13:09:53] 입차 File 없음: 
[13:09:53] 출차 File 없음: 
[13:09:54] 입차 File 없음: 
[13:09:54] 출차 File 없음: 
[13:09:54] 입차 File 없음: 
[13:09:54] 출차 File 없음: 
[13:09:54] 입차 File 없음: 
[13:09:54] 출차 File 없음: 
[13:09:54] 입차 File 없음: 
[13:09:54] 출차 File 없음: 
[13:09:54] 입차 File 없음: 
[13:09:54] 출차 File 없음: 
[13:09:55] 입차 File 없음: 
[13:09:55] 출차 File 없음: 
[13:09:55] 입차 File 없음: 
[13:09:55] 출차 File 없음: 
[13:10:06] Program Close
**************************************************************
[14:01:50] Program Start!
[14:01:50] [DB저장 모드]
[14:01:50] TfrmMain.btnModeClick: 유인운영
[14:01:51] 비로그인
[14:01:51] 설치된 입구보조 LPR이 없음!
[14:01:51] 설치된 출구보조 LPR이 없음!
[14:01:51] 설치된 입구전광판이 없음!
[14:01:51] 설치된 출구전광판이 없음!
[14:01:51] LPR재접속 쓰레드시작
[14:01:51] 전광판재접속 쓰레드시작
[14:01:51] 정기권연동 쓰레드시작
[14:01:52] csInLpr1 접속성공
[14:01:52] csOutLpr1 접속성공
[14:02:09] LPR Check: 02가9999,http://10.22.30.20:9080/MSImage/2021/03/02/CH1_20210302140207_02가9999.jpg,1,,,0, 2021-03-02 14:02:07
[14:02:12] File: \\10.22.30.20\MSImage\2021\03\02\CH1_20210302140207_02가9999.jpg
[14:02:12] 정기차량시작: 02가9999, 
[14:02:12] 출구차단기 Open 10.22.30.20:2200
[14:02:12] 정기차량 출차 이미지 가져오기 시작
[14:02:12] 정기차량 출차 이미지 가져오기 끝
[14:02:12] 정기차량처리: 02가9999, 
[14:02:26] LPR Check: 02가9998,http://10.22.30.20:9080/MSImage/2021/03/02/CH1_20210302140224_02가9998.jpg,1,,,0, 2021-03-02 14:02:24
[14:02:28] File: \\10.22.30.20\MSImage\2021\03\02\CH1_20210302140224_02가9998.jpg
[14:02:28] NormalProc: 일반차량 처리 시작 : 02가9998, 
[14:02:28] 02가9998차량 입차데이터 존재
[14:02:28] 출구차단기 Open 10.22.30.20:2200
[14:02:28] 입차
**************************************************************
[14:03:07] Program Start!
[14:03:07] [DB저장 모드]
[14:03:07] TfrmMain.btnModeClick: 유인운영
[14:03:08] 비로그인
[14:03:08] 설치된 입구보조 LPR이 없음!
[14:03:08] 설치된 출구보조 LPR이 없음!
[14:03:08] 설치된 입구전광판이 없음!
[14:03:08] 설치된 출구전광판이 없음!
[14:03:08] LPR재접속 쓰레드시작
[14:03:08] 전광판재접속 쓰레드시작
[14:03:09] 정기권연동 쓰레드시작
[14:03:09] csInLpr1 접속성공
[14:03:09] csOutLpr1 접속성공
[14:03:12] LPR Check: 02가9998,http://10.22.30.20:9080/MSImage/2021/03/02/CH1_20210302140309_02가9998.jpg,1,,,0, 2021-03-02 14:03:09
[14:03:13] File: \\10.22.30.20\MSImage\2021\03\02\CH1_20210302140309_02가9998.jpg
[14:03:13] NormalProc: 일반차량 처리 시작 : 02가9998, 
[14:03:13] 02가9998차량 입차데이터 존재
[14:03:13] 출구차단기 Open 10.22.30.20:2200
[14:03:13] 입차
[14:03:56] LPR Check: 02가9999,http://10.22.30.20:9080/MSImage/2021/03/02/CH1_20210302140354_02가9999.jpg,1,,,0, 2021-03-02 14:03:54
[14:03:58] File: \\10.22.30.20\MSImage\2021\03\02\CH1_20210302140354_02가9999.jpg
[14:03:58] 정기차량시작: 02가9999, 
[14:03:58] 출구차단기 Open 10.22.30.20:2200
[14:03:58] 정기차량 출차 이미지 가져오기 시작
[14:03:58] 정기차량 출차 이미지 가져오기 끝
[14:03:58] 정기차량처리: 02가9999, 
**************************************************************
[14:05:06] Program Start!
[14:05:06] [DB저장 모드]
[14:05:06] TfrmMain.btnModeClick: 유인운영
[14:05:06] 비로그인
[14:05:06] 설치된 입구보조 LPR이 없음!
[14:05:06] 설치된 출구보조 LPR이 없음!
[14:05:06] 설치된 입구전광판이 없음!
[14:05:06] 설치된 출구전광판이 없음!
[14:05:07] LPR재접속 쓰레드시작
[14:05:07] 전광판재접속 쓰레드시작
[14:05:07] 정기권연동 쓰레드시작
[14:05:07] csInLpr1 접속성공
[14:05:07] csOutLpr1 접속성공
[14:05:09] LPR Check: 02가9999,http://10.22.30.20:9080/MSImage/2021/03/02/CH1_20210302140507_02가9999.jpg,1,,,0, 2021-03-02 14:05:07
[14:05:13] File: \\10.22.30.20\MSImage\2021\03\02\CH1_20210302140507_02가9999.jpg
[14:05:13] 정기차량시작: 02가9999, 
[14:05:13] 출구차단기 Open 10.22.30.20:2200
[14:05:13] 정기차량 출차 이미지 가져오기 시작
[14:05:13] 정기차량 출차 이미지 가져오기 끝
[14:05:13] 정기차량처리: 02가9999, 
[14:05:17] LPR Check: 02가9998,http://10.22.30.20:9080/MSImage/2021/03/02/CH1_20210302140515_02가9998.jpg,1,,,0, 2021-03-02 14:05:15
[14:05:18] File: \\10.22.30.20\MSImage\2021\03\02\CH1_20210302140515_02가9998.jpg
[14:05:18] NormalProc: 일반차량 처리 시작 : 02가9998, 
[14:05:18] 02가9998차량 입차데이터 존재
[14:05:18] 출구차단기 Open 10.22.30.20:2200
[14:05:18] 입차
**************************************************************
[14:06:59] Program Start!
[14:07:00] [DB저장 모드]
[14:07:00] TfrmMain.btnModeClick: 유인운영
[14:07:00] 비로그인
[14:07:00] 설치된 입구보조 LPR이 없음!
[14:07:00] 설치된 출구보조 LPR이 없음!
[14:07:00] 설치된 입구전광판이 없음!
[14:07:00] 설치된 출구전광판이 없음!
[14:07:00] LPR재접속 쓰레드시작
[14:07:01] 전광판재접속 쓰레드시작
[14:07:01] 정기권연동 쓰레드시작
[14:07:01] csInLpr1 접속성공
[14:07:01] csOutLpr1 접속성공
[14:07:03] LPR Check: 02가9998,http://10.22.30.20:9080/MSImage/2021/03/02/CH1_20210302140701_02가9998.jpg,1,,,0, 2021-03-02 14:07:01
[14:07:04] File: \\10.22.30.20\MSImage\2021\03\02\CH1_20210302140701_02가9998.jpg
[14:07:04] NormalProc: 일반차량 처리 시작 : 02가9998, 
[14:07:04] 02가9998차량 입차데이터 존재
[14:07:04] 출구차단기 Open 10.22.30.20:2200
[14:07:04] 입차
[14:07:09] LPR Check: 02가9999,http://10.22.30.20:9080/MSImage/2021/03/02/CH1_20210302140706_02가9999.jpg,1,,,0, 2021-03-02 14:07:06
[14:07:09] File: \\10.22.30.20\MSImage\2021\03\02\CH1_20210302140706_02가9999.jpg
[14:07:09] 정기차량시작: 02가9999, 
[14:07:09] 출구차단기 Open 10.22.30.20:2200
[14:07:09] 정기차량 출차 이미지 가져오기 시작
[14:07:09] 정기차량 출차 이미지 가져오기 끝
[14:07:09] 정기차량처리: 02가9999, 
[14:07:11] File 없음: 
**************************************************************
[14:08:06] Program Start!
[14:08:06] [DB저장 모드]
[14:08:06] TfrmMain.btnModeClick: 유인운영
[14:08:07] 비로그인
[14:08:07] 설치된 입구보조 LPR이 없음!
[14:08:07] 설치된 출구보조 LPR이 없음!
[14:08:07] 설치된 입구전광판이 없음!
[14:08:07] 설치된 출구전광판이 없음!
[14:08:07] LPR재접속 쓰레드시작
[14:08:07] 전광판재접속 쓰레드시작
[14:08:07] 정기권연동 쓰레드시작
[14:08:08] csInLpr1 접속성공
[14:08:08] csOutLpr1 접속성공
[14:08:10] LPR Check: 02가9999,http://10.22.30.20:9080/MSImage/2021/03/02/CH1_20210302140808_02가9999.jpg,1,,,0, 2021-03-02 14:08:08
[14:08:11] File: \\10.22.30.20\MSImage\2021\03\02\CH1_20210302140808_02가9999.jpg
[14:08:11] 정기차량시작: 02가9999, 
[14:08:11] 출구차단기 Open 10.22.30.20:2200
[14:08:11] 정기차량 출차 이미지 가져오기 시작
[14:08:11] 정기차량 출차 이미지 가져오기 끝
[14:08:11] 정기차량처리: 02가9999, 
[14:08:14] LPR Check: 02가9998,http://10.22.30.20:9080/MSImage/2021/03/02/CH1_20210302140812_02가9998.jpg,1,,,0, 2021-03-02 14:08:12
[14:08:17] File: \\10.22.30.20\MSImage\2021\03\02\CH1_20210302140812_02가9998.jpg
[14:08:17] NormalProc: 일반차량 처리 시작 : 02가9998, 
[14:08:17] 02가9998차량 입차데이터 존재
[14:08:17] 출구차단기 Open 10.22.30.20:2200
[14:08:17] 입차
[14:08:31] Program Close
**************************************************************
[14:10:59] Program Start!
[14:10:59] [DB저장 모드]
[14:10:59] TfrmMain.btnModeClick: 유인운영
[14:10:59] 비로그인
[14:10:59] 설치된 입구보조 LPR이 없음!
[14:10:59] 설치된 출구보조 LPR이 없음!
[14:10:59] 설치된 입구전광판이 없음!
[14:10:59] 설치된 출구전광판이 없음!
[14:10:59] LPR재접속 쓰레드시작
[14:11:00] 전광판재접속 쓰레드시작
[14:11:00] 정기권연동 쓰레드시작
[14:11:00] csInLpr1 접속성공
[14:11:00] csOutLpr1 접속성공
[14:11:02] LPR Check: 02가9998,http://10.22.30.20:9080/MSImage/2021/03/02/CH1_20210302141100_02가9998.jpg,1,,,0, 2021-03-02 14:11:00
[14:11:03] File: \\10.22.30.20\MSImage\2021\03\02\CH1_20210302141100_02가9998.jpg
[14:11:03] NormalProc: 일반차량 처리 시작 : 02가9998, 
[14:11:03] 02가9998차량 입차데이터 존재
[14:11:03] 출구차단기 Open 10.22.30.20:2200
[14:11:03] 입차
[14:11:06] LPR Check: 02가9999,http://10.22.30.20:9080/MSImage/2021/03/02/CH1_20210302141104_02가9999.jpg,1,,,0, 2021-03-02 14:11:04
[14:11:07] File: \\10.22.30.20\MSImage\2021\03\02\CH1_20210302141104_02가9999.jpg
[14:11:07] 정기차량시작: 02가9999, 
[14:11:07] 출구차단기 Open 10.22.30.20:2200
[14:11:07] 정기차량 출차 이미지 가져오기 시작
[14:11:07] 정기차량 출차 이미지 가져오기 끝
[14:11:07] 정기차량처리: 02가9999, 
**************************************************************
[14:12:44] Program Start!
[14:12:44] [DB저장 모드]
[14:12:45] TfrmMain.btnModeClick: 유인운영
[14:12:45] 비로그인
[14:12:45] 설치된 입구보조 LPR이 없음!
[14:12:45] 설치된 출구보조 LPR이 없음!
[14:12:45] 설치된 입구전광판이 없음!
[14:12:45] 설치된 출구전광판이 없음!
[14:12:45] LPR재접속 쓰레드시작
[14:12:45] 전광판재접속 쓰레드시작
[14:12:46] 정기권연동 쓰레드시작
[14:12:46] csInLpr1 접속성공
[14:12:46] csOutLpr1 접속성공
[14:12:51] LPR Check: 02가9998,http://10.22.30.20:9080/MSImage/2021/03/02/CH1_20210302141248_02가9998.jpg,1,,,0, 2021-03-02 14:12:48
[14:12:59] File: \\10.22.30.20\MSImage\2021\03\02\CH1_20210302141248_02가9998.jpg
[14:12:59] NormalProc: 일반차량 처리 시작 : 02가9998, 
[14:12:59] 02가9998차량 입차데이터 존재
[14:12:59] 출구차단기 Open 10.22.30.20:2200
[14:12:59] 입차
[14:12:59] LPR Check: 02가9999,http://10.22.30.20:9080/MSImage/2021/03/02/CH1_20210302141255_02가9999.jpg,1,,,0, 2021-03-02 14:12:55
[14:13:02] File: \\10.22.30.20\MSImage\2021\03\02\CH1_20210302141255_02가9999.jpg
[14:13:02] 정기차량시작: 02가9999, 
[14:13:02] 출구차단기 Open 10.22.30.20:2200
[14:13:02] 정기차량 출차 이미지 가져오기 시작
[14:13:02] 정기차량 출차 이미지 가져오기 끝
[14:13:02] 정기차량처리: 02가9999, 
[14:13:13] Program Close
**************************************************************
[14:13:36] Program Start!
[14:13:36] [DB저장 모드]
[14:13:36] TfrmMain.btnModeClick: 유인운영
[14:13:36] 비로그인
[14:13:37] 설치된 입구보조 LPR이 없음!
[14:13:37] 설치된 출구보조 LPR이 없음!
[14:13:37] 설치된 입구전광판이 없음!
[14:13:37] 설치된 출구전광판이 없음!
[14:13:37] LPR재접속 쓰레드시작
[14:13:37] 전광판재접속 쓰레드시작
[14:13:37] 정기권연동 쓰레드시작
[14:13:38] csInLpr1 접속성공
[14:13:38] csOutLpr1 접속성공
[14:13:40] LPR Check: 02가9999,http://10.22.30.20:9080/MSImage/2021/03/02/CH1_20210302141338_02가9999.jpg,1,,,0, 2021-03-02 14:13:38
[14:13:40] File: \\10.22.30.20\MSImage\2021\03\02\CH1_20210302141338_02가9999.jpg
[14:13:40] 정기차량시작: 02가9999, 
[14:13:40] 입구차단기 Open 10.22.30.20:2100
[14:13:40] 정기차량 입차 이미지 가져오기 시작
[14:13:40] 정기차량 입차 이미지 가져오기 끝
[14:13:40] 정기차량처리: 02가9999, 
[14:13:54] Program Close
**************************************************************
[14:17:27] Program Start!
[14:17:27] [DB저장 모드]
[14:17:27] TfrmMain.btnModeClick: 유인운영
[14:17:27] 비로그인
[14:17:27] 설치된 입구보조 LPR이 없음!
[14:17:27] 설치된 출구보조 LPR이 없음!
[14:17:27] 설치된 입구전광판이 없음!
[14:17:27] 설치된 출구전광판이 없음!
[14:17:28] LPR재접속 쓰레드시작
[14:17:28] 전광판재접속 쓰레드시작
[14:17:28] 정기권연동 쓰레드시작
[14:17:28] csInLpr1 접속성공
[14:17:28] csOutLpr1 접속성공
[14:17:31] LPR Check: 02가9999,http://10.22.30.20:9080/MSImage/2021/03/02/CH1_20210302141729_02가9999.jpg,1,,,0, 2021-03-02 14:17:29
[14:17:31] File: \\10.22.30.20\MSImage\2021\03\02\CH1_20210302141729_02가9999.jpg
[14:17:31] 정기차량시작: 02가9999, 
[14:17:31] 입구차단기 Open 10.22.30.20:2100
[14:17:31] 정기차량 입차 이미지 가져오기 시작
[14:17:31] 정기차량 입차 이미지 가져오기 끝
[14:17:31] 정기차량처리: 02가9999, 
[14:17:40] Program Close
**************************************************************
[14:17:46] Program Start!
[14:17:46] [DB저장 모드]
[14:17:46] TfrmMain.btnModeClick: 유인운영
[14:17:47] 비로그인
[14:17:47] 설치된 입구보조 LPR이 없음!
[14:17:47] 설치된 출구보조 LPR이 없음!
[14:17:47] 설치된 입구전광판이 없음!
[14:17:47] 설치된 출구전광판이 없음!
[14:17:47] LPR재접속 쓰레드시작
[14:17:47] 전광판재접속 쓰레드시작
[14:17:47] 정기권연동 쓰레드시작
[14:17:48] csInLpr1 접속성공
[14:17:48] csOutLpr1 접속성공
[14:17:50] LPR Check: 02가9999,http://10.22.30.20:9080/MSImage/2021/03/02/CH1_20210302141748_02가9999.jpg,1,,,0, 2021-03-02 14:17:48
[14:17:50] File: \\10.22.30.20\MSImage\2021\03\02\CH1_20210302141748_02가9999.jpg
[14:17:50] 정기차량시작: 02가9999, 
[14:17:50] 입구차단기 Open 10.22.30.20:2100
[14:17:50] 정기차량 입차 이미지 가져오기 시작
[14:17:50] 정기차량 입차 이미지 가져오기 끝
[14:17:50] 정기차량처리: 02가9999, 
**************************************************************
[14:21:26] Program Start!
[14:21:26] [DB저장 모드]
[14:21:26] TfrmMain.btnModeClick: 유인운영
[14:21:26] 비로그인
[14:21:26] 설치된 입구보조 LPR이 없음!
[14:21:26] 설치된 출구보조 LPR이 없음!
[14:21:26] 설치된 입구전광판이 없음!
[14:21:26] 설치된 출구전광판이 없음!
[14:21:26] LPR재접속 쓰레드시작
[14:21:27] 전광판재접속 쓰레드시작
[14:21:27] 정기권연동 쓰레드시작
[14:21:27] csInLpr1 접속성공
[14:21:27] csOutLpr1 접속성공
[14:21:32] LPR Check: 02가9999,http://10.22.30.20:9080/MSImage/2021/03/02/CH1_20210302142130_02가9999.jpg,1,,,0, 2021-03-02 14:21:30
[14:21:32] File: \\10.22.30.20\MSImage\2021\03\02\CH1_20210302142130_02가9999.jpg
[14:21:32] 정기차량시작: 02가9999, 
[14:21:32] 입구차단기 Open 10.22.30.20:2100
[14:21:33] 정기차량 입차 이미지 가져오기 시작
[14:21:33] 정기차량 입차 이미지 가져오기 끝
[14:21:33] 정기차량처리: 02가9999, 
[14:22:01] Program Close
