**************************************************************
[19:58:57] Program Start!
[19:58:57] [DB저장 모드]
[19:58:57] TfrmMain.btnModeClick: 유인운영
[19:58:57] 비로그인
[19:58:57] 설치된 입구보조 LPR이 없음!
[19:58:57] 설치된 출구보조 LPR이 없음!
[19:58:57] 설치된 출구 LPR이 없음!
[19:58:57] 설치된 입구전광판이 없음!
[19:58:58] LPR재접속 쓰레드시작
[19:58:58] 전광판재접속 쓰레드시작
[19:58:58] 정기권연동 쓰레드시작
[19:58:58] 설치된 영수증프린터가 없음!
[19:58:58] csInLpr1 접속성공
[19:59:01] SocketError > ErrorNo: [10061] Host: [127.0.0.1] Port: [5000] Name: [csOutDsp1] Msg: [서버가 죽었거나 클라이언트에서 접속환경이 잘못되었을때 나타나는 현상]
[19:59:01] SocketError > ErrorNo: [10061] Host: [127.0.0.1] Port: [4000] Name: [csSubInDsp1] Msg: [서버가 죽었거나 클라이언트에서 접속환경이 잘못되었을때 나타나는 현상]
**************************************************************
[19:59:09] Program Start!
[19:59:09] [DB저장 모드]
[19:59:09] TfrmMain.btnModeClick: 유인운영
[19:59:09] 비로그인
[19:59:09] 설치된 입구보조 LPR이 없음!
[19:59:09] 설치된 출구보조 LPR이 없음!
[19:59:09] 설치된 출구 LPR이 없음!
[19:59:09] 설치된 입구전광판이 없음!
[19:59:09] LPR재접속 쓰레드시작
[19:59:09] 전광판재접속 쓰레드시작
[19:59:10] 정기권연동 쓰레드시작
[19:59:10] 설치된 영수증프린터가 없음!
[19:59:10] csInLpr1 접속성공
[19:59:13] SocketError > ErrorNo: [10061] Host: [127.0.0.1] Port: [5000] Name: [csOutDsp1] Msg: [서버가 죽었거나 클라이언트에서 접속환경이 잘못되었을때 나타나는 현상]
[19:59:13] SocketError > ErrorNo: [10061] Host: [127.0.0.1] Port: [4000] Name: [csSubInDsp1] Msg: [서버가 죽었거나 클라이언트에서 접속환경이 잘못되었을때 나타나는 현상]
[19:59:16] Program Close
