**************************************************************
[10:13:03] Program Start!
[10:13:03] [DB저장 모드]
[10:13:03] TfrmMain.btnModeClick: 유인운영
[10:13:03] 비로그인
[10:13:03] 설치된 입구보조 LPR이 없음!
[10:13:03] 설치된 출구보조 LPR이 없음!
[10:13:03] 설치된 입구전광판이 없음!
[10:13:03] 설치된 출구전광판이 없음!
[10:13:03] LPR재접속 쓰레드시작
[10:13:03] 전광판재접속 쓰레드시작
[10:13:03] 정기권연동 쓰레드시작
[10:13:04] csInLpr1 접속성공
[10:13:04] csOutLpr1 접속성공
[10:13:05] Program Close
**************************************************************
[10:13:21] Program Start!
[10:13:21] [DB저장 모드]
[10:13:21] TfrmMain.btnModeClick: 유인운영
[10:13:22] 비로그인
[10:13:22] 설치된 입구보조 LPR이 없음!
[10:13:22] 설치된 출구보조 LPR이 없음!
[10:13:22] 설치된 입구전광판이 없음!
[10:13:22] 설치된 출구전광판이 없음!
[10:13:24] csInLpr1 접속성공
[10:13:24] csOutLpr1 접속성공
[10:13:52] LPR Check: 33가3333,http://10.22.31.1:9080/MSImage/2021/07/22/CH1_20210722101353_33가3333.jpg,1,,,0, 2021-07-22 10:13:53
[10:13:52] File: \\10.22.31.1\MSImage\2021\07\22\CH1_20210722101353_33가3333.jpg
[10:13:52] NormalProc: 일반차량 처리 시작 : 33가3333, 
[10:13:52] 미등록차량 입차: 33가3333 - \\10.22.31.1\MSImage\2021\07\22\CH1_20210722101353_33가3333.jpg
[10:13:54] 
[10:13:54] File 없음: \\10.22.31.1\MSImage\2021\07\22\CH1_20210722101353_33가3333.jpg
[10:14:08] 방문증내용 업데이트완료:2021072210135270010 1/1 33가3333
[10:14:13] Program Close
**************************************************************
[10:28:11] Program Start!
[10:28:11] [DB저장 모드]
[10:28:11] TfrmMain.btnModeClick: 유인운영
[10:28:12] 비로그인
[10:28:12] 설치된 입구보조 LPR이 없음!
[10:28:12] 설치된 출구보조 LPR이 없음!
[10:28:12] 설치된 입구전광판이 없음!
[10:28:12] 설치된 출구전광판이 없음!
[10:28:14] csInLpr1 접속성공
[10:28:14] csOutLpr1 접속성공
[10:28:15] LPR Check: 33가3333,http://10.22.31.1:9080/MSImage/2021/07/22/CH1_20210722102816_33가3333.jpg,1,,,0, 2021-07-22 10:28:16
[10:28:15] File: \\10.22.31.1\MSImage\2021\07\22\CH1_20210722102816_33가3333.jpg
[10:28:15] NormalProc: 일반차량 처리 시작 : 33가3333, 
[10:28:15] 미등록차량 입차: 33가3333 - \\10.22.31.1\MSImage\2021\07\22\CH1_20210722102816_33가3333.jpg
[10:28:17] 
[10:28:17] File 없음: \\10.22.31.1\MSImage\2021\07\22\CH1_20210722102816_33가3333.jpg
[10:29:31] LPR Check: 33가3333,http://10.22.31.1:9080/MSImage/2021/07/22/CH1_20210722102932_33가3333.jpg,1,,,0, 2021-07-22 10:29:32
[10:29:31] File: \\10.22.31.1\MSImage\2021\07\22\CH1_20210722102932_33가3333.jpg
[10:29:31] NormalProc: 일반차량 처리 시작 : 33가3333, 
[10:29:31] 33가3333차량 입차데이터 존재
[10:29:31] 웹할인 데이터 없음.. 출차 제한
[10:29:31] 33가3333방문차량 조회 시작
[10:29:31] 33가3333차량: 입차  
[10:29:31] 33가3333차량: 방문차량
**************************************************************
[10:30:05] Program Start!
[10:30:05] [DB저장 모드]
[10:30:06] TfrmMain.btnModeClick: 유인운영
[10:30:07] 비로그인
[10:30:07] 설치된 입구보조 LPR이 없음!
[10:30:07] 설치된 출구보조 LPR이 없음!
[10:30:07] 설치된 입구전광판이 없음!
[10:30:07] 설치된 출구전광판이 없음!
[10:30:07] LPR재접속 쓰레드시작
[10:30:09] csInLpr1 접속성공
[10:30:09] csOutLpr1 접속성공
[10:30:10] LPR Check: 33가3333,http://10.22.31.1:9080/MSImage/2021/07/22/CH1_20210722103011_33가3333.jpg,1,,,0, 2021-07-22 10:30:11
[10:30:10] File: \\10.22.31.1\MSImage\2021\07\22\CH1_20210722103011_33가3333.jpg
[10:30:10] NormalProc: 일반차량 처리 시작 : 33가3333, 
[10:30:10] 33가3333차량 입차데이터 존재
[10:30:10] 웹할인 데이터 없음.. 출차 제한
[10:30:10] 33가3333방문차량 조회 시작
[10:30:10] 33가3333차량: 입차 1 1
[10:30:10] 33가3333차량: 방문차량
**************************************************************
[13:11:35] Program Start!
[13:11:35] [DB저장 모드]
[13:11:35] TfrmMain.btnModeClick: 유인운영
[13:11:35] 비로그인
[13:11:35] 설치된 입구보조 LPR이 없음!
[13:11:35] 설치된 출구보조 LPR이 없음!
[13:11:35] 설치된 입구전광판이 없음!
[13:11:35] 설치된 출구전광판이 없음!
[13:11:35] LPR재접속 쓰레드시작
[13:11:35] 전광판재접속 쓰레드시작
[13:11:35] 정기권연동 쓰레드시작
[13:11:36] csInLpr1 접속성공
[13:11:36] csOutLpr1 접속성공
**************************************************************
[13:11:55] Program Start!
[13:11:55] [DB저장 모드]
[13:11:55] TfrmMain.btnModeClick: 유인운영
[13:11:55] 비로그인
[13:11:56] 설치된 입구보조 LPR이 없음!
[13:11:56] 설치된 출구보조 LPR이 없음!
[13:11:56] 설치된 입구전광판이 없음!
[13:11:56] 설치된 출구전광판이 없음!
[13:11:56] LPR재접속 쓰레드시작
[13:11:56] 전광판재접속 쓰레드시작
[13:11:56] 정기권연동 쓰레드시작
[13:11:57] csInLpr1 접속성공
[13:11:57] csOutLpr1 접속성공
[13:12:02] LPR Check: 0000000000,http://10.22.31.1:9080/MSImage/2021/07/22/CH1_20210722131203_0000000000.jpg,3,,,0, 2021-07-22 13:12:03
[13:12:02] File: \\10.22.31.1\MSImage\2021\07\22\CH1_20210722131203_0000000000.jpg
[13:12:02] NormalProc: 일반차량 처리 시작 : 0000000000, 
[13:12:02] 미등록차량 입차: 0000000000 - \\10.22.31.1\MSImage\2021\07\22\CH1_20210722131203_0000000000.jpg
[13:12:04] 
[13:12:05] File 없음: \\10.22.31.1\MSImage\2021\07\22\CH1_20210722131203_0000000000.jpg
[13:12:12] 방문증 수정된 차량번호 : 12345
[13:12:12] 방문증내용 업데이트완료:2021072213120272510 / 12345
[13:12:14] Program Close
**************************************************************
[13:24:37] Program Start!
[13:24:37] [DB저장 모드]
[13:24:37] TfrmMain.btnModeClick: 유인운영
[13:24:37] 비로그인
[13:24:37] 설치된 입구보조 LPR이 없음!
[13:24:37] 설치된 출구보조 LPR이 없음!
[13:24:37] 설치된 입구전광판이 없음!
[13:24:37] 설치된 출구전광판이 없음!
[13:24:38] LPR재접속 쓰레드시작
[13:24:38] 전광판재접속 쓰레드시작
[13:24:38] 정기권연동 쓰레드시작
[13:24:38] csInLpr1 접속성공
[13:24:38] csOutLpr1 접속성공
[13:24:51] Program Close
**************************************************************
[17:36:01] Program Start!
[17:36:02] [DB저장 모드]
[17:36:02] TfrmMain.btnModeClick: 유인운영
[17:36:02] 비로그인
[17:36:02] 설치된 입구보조 LPR이 없음!
[17:36:02] 설치된 출구보조 LPR이 없음!
[17:36:02] 설치된 출구전광판이 없음!
[17:36:02] LPR재접속 쓰레드시작
[17:36:02] 전광판재접속 쓰레드시작
[17:36:02] 정기권연동 쓰레드시작
[17:36:03] csInLpr1 접속성공
[17:36:03] csOutLpr1 접속성공
[17:36:03] csInDsp1 접속성공
[17:36:08] Program Close
**************************************************************
[17:40:02] Program Start!
[17:40:02] [DB저장 모드]
[17:40:02] TfrmMain.btnModeClick: 유인운영
[17:40:02] 비로그인
[17:40:02] 설치된 입구보조 LPR이 없음!
[17:40:02] 설치된 출구보조 LPR이 없음!
[17:40:02] 설치된 출구전광판이 없음!
[17:40:03] LPR재접속 쓰레드시작
[17:40:03] 전광판재접속 쓰레드시작
[17:40:03] 정기권연동 쓰레드시작
[17:40:03] csInLpr1 접속성공
[17:40:03] csOutLpr1 접속성공
[17:40:03] csInDsp1 접속성공
[17:40:09] Program Close
**************************************************************
[17:40:56] Program Start!
[17:40:56] [DB저장 모드]
[17:40:56] TfrmMain.btnModeClick: 유인운영
[17:40:56] 비로그인
[17:40:56] 설치된 입구보조 LPR이 없음!
[17:40:56] 설치된 출구보조 LPR이 없음!
[17:40:56] 설치된 출구전광판이 없음!
[17:40:57] LPR재접속 쓰레드시작
[17:40:57] 전광판재접속 쓰레드시작
[17:40:57] 정기권연동 쓰레드시작
[17:40:57] csInLpr1 접속성공
[17:40:57] csOutLpr1 접속성공
[17:40:57] csInDsp1 접속성공
[17:41:17] Program Close
**************************************************************
[17:41:51] Program Start!
[17:41:51] [DB저장 모드]
[17:41:51] TfrmMain.btnModeClick: 유인운영
[17:41:51] 비로그인
[17:41:51] 설치된 입구보조 LPR이 없음!
[17:41:51] 설치된 출구보조 LPR이 없음!
[17:41:51] 설치된 출구전광판이 없음!
[17:41:51] LPR재접속 쓰레드시작
[17:41:51] 전광판재접속 쓰레드시작
[17:41:51] 정기권연동 쓰레드시작
[17:41:52] csInLpr1 접속성공
[17:41:52] csOutLpr1 접속성공
[17:41:52] csInDsp1 접속성공
[17:42:02] Program Close
**************************************************************
[17:45:36] Program Start!
[17:45:36] [DB저장 모드]
[17:45:36] TfrmMain.btnModeClick: 유인운영
[17:45:36] 비로그인
[17:45:36] 설치된 입구보조 LPR이 없음!
[17:45:36] 설치된 출구보조 LPR이 없음!
[17:45:36] 설치된 출구전광판이 없음!
[17:45:36] LPR재접속 쓰레드시작
[17:45:36] 전광판재접속 쓰레드시작
[17:45:36] 정기권연동 쓰레드시작
[17:45:37] csInLpr1 접속성공
[17:45:37] csOutLpr1 접속성공
[17:45:37] csInDsp1 접속성공
[17:45:41] Program Close
**************************************************************
[18:03:05] Program Start!
[18:03:05] [DB저장 모드]
[18:03:05] TfrmMain.btnModeClick: 유인운영
[18:03:06] 비로그인
[18:03:06] 설치된 입구보조 LPR이 없음!
[18:03:06] 설치된 출구보조 LPR이 없음!
[18:03:06] 설치된 출구전광판이 없음!
[18:03:06] LPR재접속 쓰레드시작
[18:03:06] 전광판재접속 쓰레드시작
[18:03:06] 정기권연동 쓰레드시작
[18:03:07] csInLpr1 접속성공
[18:03:07] csOutLpr1 접속성공
[18:03:07] csInDsp1 접속성공
[18:03:09] Program Close
**************************************************************
[18:05:45] Program Start!
[18:05:45] [DB저장 모드]
[18:05:45] TfrmMain.btnModeClick: 유인운영
[18:05:45] 비로그인
[18:05:45] 설치된 입구보조 LPR이 없음!
[18:05:45] 설치된 출구보조 LPR이 없음!
[18:05:45] 설치된 출구전광판이 없음!
[18:05:46] LPR재접속 쓰레드시작
[18:05:46] 전광판재접속 쓰레드시작
[18:05:46] 정기권연동 쓰레드시작
[18:05:46] csInDsp1 접속성공
[18:05:46] csInLpr1 접속성공
[18:05:46] csOutLpr1 접속성공
[18:05:51] Program Close
**************************************************************
[18:07:05] Program Start!
[18:07:05] [DB저장 모드]
[18:07:05] TfrmMain.btnModeClick: 유인운영
[18:07:05] 비로그인
[18:07:05] 설치된 입구보조 LPR이 없음!
[18:07:05] 설치된 출구보조 LPR이 없음!
[18:07:05] 설치된 출구전광판이 없음!
[18:07:05] LPR재접속 쓰레드시작
[18:07:05] 전광판재접속 쓰레드시작
[18:07:05] 정기권연동 쓰레드시작
[18:07:06] csInLpr1 접속성공
[18:07:06] csOutLpr1 접속성공
[18:07:06] csInDsp1 접속성공
[18:07:09] Program Close
**************************************************************
[18:09:28] Program Start!
[18:09:28] [DB저장 모드]
[18:09:28] TfrmMain.btnModeClick: 유인운영
[18:09:28] 비로그인
[18:09:28] 설치된 입구보조 LPR이 없음!
[18:09:28] 설치된 출구보조 LPR이 없음!
[18:09:28] 설치된 출구전광판이 없음!
[18:09:29] LPR재접속 쓰레드시작
[18:09:29] 전광판재접속 쓰레드시작
[18:09:29] 정기권연동 쓰레드시작
[18:09:29] csInDsp1 접속성공
[18:09:29] csInLpr1 접속성공
[18:09:29] csOutLpr1 접속성공
[18:09:33] Program Close
**************************************************************
[18:15:23] Program Start!
[18:15:23] [DB저장 모드]
[18:15:23] TfrmMain.btnModeClick: 유인운영
[18:15:23] 비로그인
[18:15:23] 설치된 입구보조 LPR이 없음!
[18:15:23] 설치된 출구보조 LPR이 없음!
[18:15:23] 설치된 출구전광판이 없음!
[18:15:24] LPR재접속 쓰레드시작
[18:15:24] 전광판재접속 쓰레드시작
[18:15:24] 정기권연동 쓰레드시작
[18:15:24] csInDsp1 접속성공
[18:15:24] csInLpr1 접속성공
[18:15:24] csOutLpr1 접속성공
**************************************************************
[18:15:52] Program Start!
[18:15:52] [DB저장 모드]
[18:15:52] TfrmMain.btnModeClick: 유인운영
[18:15:52] 비로그인
[18:15:52] 설치된 입구보조 LPR이 없음!
[18:15:52] 설치된 출구보조 LPR이 없음!
[18:15:52] 설치된 출구전광판이 없음!
[18:15:53] LPR재접속 쓰레드시작
[18:15:53] 전광판재접속 쓰레드시작
[18:15:53] 정기권연동 쓰레드시작
[18:15:53] csInLpr1 접속성공
[18:15:53] csOutLpr1 접속성공
[18:15:53] csInDsp1 접속성공
[18:16:30] Program Close
**************************************************************
[18:17:12] Program Start!
[18:17:12] [DB저장 모드]
[18:17:12] TfrmMain.btnModeClick: 유인운영
[18:17:13] 비로그인
[18:17:13] 설치된 입구보조 LPR이 없음!
[18:17:13] 설치된 출구보조 LPR이 없음!
[18:17:13] 설치된 출구전광판이 없음!
[18:17:14] 전광판재접속 쓰레드시작
[18:17:15] csInDsp1 접속성공
[18:17:15] csInLpr1 접속성공
[18:17:15] csOutLpr1 접속성공
[18:17:29] Program Close
**************************************************************
[18:19:31] Program Start!
[18:19:31] [DB저장 모드]
[18:19:31] TfrmMain.btnModeClick: 유인운영
[18:19:31] 비로그인
[18:19:32] 설치된 입구보조 LPR이 없음!
[18:19:32] 설치된 출구보조 LPR이 없음!
[18:19:32] 설치된 출구전광판이 없음!
[18:19:32] LPR재접속 쓰레드시작
[18:19:32] 정기권연동 쓰레드시작
[18:19:33] csInLpr1 접속성공
[18:19:33] csOutLpr1 접속성공
[18:19:33] csInDsp1 접속성공
[18:19:51] Program Close
**************************************************************
[18:20:51] Program Start!
[18:20:51] [DB저장 모드]
[18:20:51] TfrmMain.btnModeClick: 유인운영
[18:20:52] 비로그인
[18:20:52] 설치된 입구보조 LPR이 없음!
[18:20:52] 설치된 출구보조 LPR이 없음!
[18:20:52] 설치된 출구전광판이 없음!
[18:20:52] LPR재접속 쓰레드시작
[18:20:52] 전광판재접속 쓰레드시작
[18:20:53] csInLpr1 접속성공
[18:20:53] csOutLpr1 접속성공
[18:20:53] csInDsp1 접속성공
[18:21:07] Program Close
**************************************************************
[18:24:35] Program Start!
[18:24:35] [DB저장 모드]
[18:24:35] TfrmMain.btnModeClick: 유인운영
[18:24:36] 비로그인
[18:24:36] 설치된 입구보조 LPR이 없음!
[18:24:36] 설치된 출구보조 LPR이 없음!
[18:24:36] 설치된 출구전광판이 없음!
[18:24:36] LPR재접속 쓰레드시작
[18:24:36] 전광판재접속 쓰레드시작
[18:24:37] csInLpr1 접속성공
[18:24:37] csOutLpr1 접속성공
[18:24:37] csInDsp1 접속성공
[18:24:45] Program Close
**************************************************************
[18:27:44] Program Start!
[18:27:44] [DB저장 모드]
[18:27:44] TfrmMain.btnModeClick: 유인운영
[18:27:44] 비로그인
[18:27:44] 설치된 입구보조 LPR이 없음!
[18:27:44] 설치된 출구보조 LPR이 없음!
[18:27:44] 설치된 출구전광판이 없음!
[18:27:45] 전광판재접속 쓰레드시작
[18:27:46] 정기권연동 쓰레드시작
[18:27:46] csInDsp1 접속성공
[18:27:46] csInLpr1 접속성공
[18:27:46] csOutLpr1 접속성공
**************************************************************
[18:28:22] Program Start!
[18:28:22] [DB저장 모드]
[18:28:22] TfrmMain.btnModeClick: 유인운영
[18:28:22] 비로그인
[18:28:22] 설치된 입구보조 LPR이 없음!
[18:28:22] 설치된 출구보조 LPR이 없음!
[18:28:22] 설치된 출구전광판이 없음!
[18:28:23] LPR재접속 쓰레드시작
[18:28:24] 전광판재접속 쓰레드시작
[18:28:24] 정기권연동 쓰레드시작
[18:28:24] csInLpr1 접속성공
[18:28:24] csOutLpr1 접속성공
[18:28:24] csInDsp1 접속성공
[18:28:33] Program Close
**************************************************************
[18:28:57] Program Start!
[18:28:57] [DB저장 모드]
[18:28:57] TfrmMain.btnModeClick: 유인운영
[18:28:58] 비로그인
[18:28:58] 설치된 입구보조 LPR이 없음!
[18:28:58] 설치된 출구보조 LPR이 없음!
[18:28:58] 설치된 출구전광판이 없음!
[18:28:58] LPR재접속 쓰레드시작
[18:28:59] csInDsp1 접속성공
[18:28:59] csInLpr1 접속성공
[18:28:59] csOutLpr1 접속성공
**************************************************************
[18:29:31] Program Start!
[18:29:31] [DB저장 모드]
[18:29:31] TfrmMain.btnModeClick: 유인운영
[18:29:31] 비로그인
[18:29:31] 설치된 입구보조 LPR이 없음!
[18:29:31] 설치된 출구보조 LPR이 없음!
[18:29:32] 설치된 출구전광판이 없음!
[18:29:32] 전광판재접속 쓰레드시작
[18:29:33] csInLpr1 접속성공
[18:29:33] csInDsp1 접속성공
[18:29:33] csOutLpr1 접속성공
[18:29:41] Program Close
**************************************************************
[18:33:48] Program Start!
[18:33:48] [DB저장 모드]
[18:33:49] TfrmMain.btnModeClick: 유인운영
[18:33:49] 비로그인
[18:33:49] 설치된 입구보조 LPR이 없음!
[18:33:49] 설치된 출구보조 LPR이 없음!
[18:33:49] 설치된 출구전광판이 없음!
[18:33:51] csInDsp1 접속성공
[18:33:51] csInLpr1 접속성공
[18:33:51] csOutLpr1 접속성공
[18:34:00] Program Close
**************************************************************
[18:37:41] Program Start!
[18:37:41] [DB저장 모드]
[18:37:41] TfrmMain.btnModeClick: 유인운영
[18:37:42] 비로그인
[18:37:42] 설치된 입구보조 LPR이 없음!
[18:37:42] 설치된 출구보조 LPR이 없음!
[18:37:42] 설치된 출구전광판이 없음!
[18:37:43] LPR재접속 쓰레드시작
[18:37:43] 정기권연동 쓰레드시작
[18:37:44] csInLpr1 접속성공
[18:37:44] csOutLpr1 접속성공
[18:37:44] csInDsp1 접속성공
[18:37:52] Program Close
**************************************************************
[18:39:38] Program Start!
[18:39:38] [DB저장 모드]
[18:39:38] TfrmMain.btnModeClick: 유인운영
[18:39:39] 비로그인
[18:39:39] 설치된 입구보조 LPR이 없음!
[18:39:39] 설치된 출구보조 LPR이 없음!
[18:39:39] 설치된 출구전광판이 없음!
[18:39:39] LPR재접속 쓰레드시작
[18:39:39] 전광판재접속 쓰레드시작
[18:39:40] csInLpr1 접속성공
[18:39:40] csOutLpr1 접속성공
[18:39:40] csInDsp1 접속성공
[18:39:52] Program Close
**************************************************************
[18:40:10] Program Start!
[18:40:10] [DB저장 모드]
[18:40:10] TfrmMain.btnModeClick: 유인운영
[18:40:11] 비로그인
[18:40:11] 설치된 입구보조 LPR이 없음!
[18:40:11] 설치된 출구보조 LPR이 없음!
[18:40:11] 설치된 출구전광판이 없음!
[18:40:12] 정기권연동 쓰레드시작
[18:40:13] csInLpr1 접속성공
[18:40:13] csOutLpr1 접속성공
[18:40:13] csInDsp1 접속성공
[18:40:23] Program Close
**************************************************************
[18:40:42] Program Start!
[18:40:43] [DB저장 모드]
[18:40:43] TfrmMain.btnModeClick: 유인운영
[18:40:43] 비로그인
[18:40:43] 설치된 입구보조 LPR이 없음!
[18:40:43] 설치된 출구보조 LPR이 없음!
[18:40:43] 설치된 출구전광판이 없음!
[18:40:44] 정기권연동 쓰레드시작
[18:40:45] csInLpr1 접속성공
[18:40:45] csOutLpr1 접속성공
[18:40:45] csInDsp1 접속성공
[18:41:00] Program Close
**************************************************************
[18:41:25] Program Start!
[18:41:25] [DB저장 모드]
[18:41:25] TfrmMain.btnModeClick: 유인운영
[18:41:26] 비로그인
[18:41:26] 설치된 입구보조 LPR이 없음!
[18:41:26] 설치된 출구보조 LPR이 없음!
[18:41:26] 설치된 출구전광판이 없음!
[18:41:26] LPR재접속 쓰레드시작
[18:41:27] 정기권연동 쓰레드시작
[18:41:27] csInLpr1 접속성공
[18:41:27] csOutLpr1 접속성공
[18:41:27] csInDsp1 접속성공
[18:41:41] Program Close
**************************************************************
[18:42:08] Program Start!
[18:42:08] [DB저장 모드]
[18:42:08] TfrmMain.btnModeClick: 유인운영
[18:42:09] 비로그인
[18:42:09] 설치된 입구보조 LPR이 없음!
[18:42:09] 설치된 출구보조 LPR이 없음!
[18:42:09] 설치된 출구전광판이 없음!
[18:42:11] csInDsp1 접속성공
[18:42:11] csInLpr1 접속성공
[18:42:11] csOutLpr1 접속성공
**************************************************************
[18:43:04] Program Start!
[18:43:04] [DB저장 모드]
[18:43:04] TfrmMain.btnModeClick: 유인운영
[18:43:05] 비로그인
[18:43:05] 설치된 입구보조 LPR이 없음!
[18:43:05] 설치된 출구보조 LPR이 없음!
[18:43:05] 설치된 출구전광판이 없음!
[18:43:05] LPR재접속 쓰레드시작
[18:43:05] 전광판재접속 쓰레드시작
[18:43:06] 정기권연동 쓰레드시작
[18:43:06] csInLpr1 접속성공
[18:43:06] csOutLpr1 접속성공
[18:43:06] csInDsp1 접속성공
[18:43:14] Program Close
**************************************************************
[18:46:34] Program Start!
[18:46:34] [DB저장 모드]
[18:46:34] TfrmMain.btnModeClick: 유인운영
[18:46:35] 비로그인
[18:46:35] 설치된 입구보조 LPR이 없음!
[18:46:35] 설치된 출구보조 LPR이 없음!
[18:46:35] 설치된 출구전광판이 없음!
[18:46:36] LPR재접속 쓰레드시작
[18:46:36] 정기권연동 쓰레드시작
[18:46:37] csInLpr1 접속성공
[18:46:37] csOutLpr1 접속성공
[18:46:37] csInDsp1 접속성공
[18:46:37] TfrmMain.tInDspTimer: 10 02 00 00 3C 53 00 00 00 61 00 00 80 01 20 06 00 03 03 03 03 03 03 03 03 03 03 03 03 02 02 02 02 02 02 02 02 02 02 02 02 BE C8 B3 E7 C7 CF BD CA B4 CF B1 EE BE EE BC AD BF C0 BD CA BD C3 BF C0 10 03 
[18:46:41] Program Close
**************************************************************
[18:48:43] Program Start!
[18:48:43] [DB저장 모드]
[18:48:43] TfrmMain.btnModeClick: 유인운영
[18:48:44] 비로그인
[18:48:44] 설치된 입구보조 LPR이 없음!
[18:48:44] 설치된 출구보조 LPR이 없음!
[18:48:44] 설치된 출구전광판이 없음!
[18:48:44] LPR재접속 쓰레드시작
[18:48:45] csInLpr1 접속성공
[18:48:45] csOutLpr1 접속성공
[18:48:45] csInDsp1 접속성공
[18:48:54] Program Close
**************************************************************
[18:49:19] Program Start!
[18:49:19] [DB저장 모드]
[18:49:19] TfrmMain.btnModeClick: 유인운영
[18:49:19] 비로그인
[18:49:19] 설치된 입구보조 LPR이 없음!
[18:49:19] 설치된 출구보조 LPR이 없음!
[18:49:19] 설치된 출구전광판이 없음!
[18:49:20] LPR재접속 쓰레드시작
[18:49:21] 전광판재접속 쓰레드시작
[18:49:21] 정기권연동 쓰레드시작
[18:49:21] csInLpr1 접속성공
[18:49:21] csOutLpr1 접속성공
[18:49:21] csInDsp1 접속성공
**************************************************************
[18:50:50] Program Start!
[18:50:50] [DB저장 모드]
[18:50:50] TfrmMain.btnModeClick: 유인운영
[18:50:51] 비로그인
[18:50:51] 설치된 입구보조 LPR이 없음!
[18:50:51] 설치된 출구보조 LPR이 없음!
[18:50:51] 설치된 출구전광판이 없음!
[18:50:52] LPR재접속 쓰레드시작
[18:50:58] csInLpr1 접속성공
[18:50:58] csInDsp1 접속성공
[18:50:58] csOutLpr1 접속성공
[18:51:06] Program Close
**************************************************************
[18:52:53] Program Start!
[18:52:53] [DB저장 모드]
[18:52:53] TfrmMain.btnModeClick: 유인운영
[18:52:54] 비로그인
[18:52:54] 설치된 입구보조 LPR이 없음!
[18:52:54] 설치된 출구보조 LPR이 없음!
[18:52:54] 설치된 출구전광판이 없음!
[18:52:55] LPR재접속 쓰레드시작
[18:52:55] 전광판재접속 쓰레드시작
[18:52:55] 정기권연동 쓰레드시작
[18:52:56] csInDsp1 접속성공
[18:52:56] csInLpr1 접속성공
[18:52:56] csOutLpr1 접속성공
[18:53:06] Program Close
**************************************************************
[18:55:17] Program Start!
[18:55:17] [DB저장 모드]
[18:55:18] TfrmMain.btnModeClick: 유인운영
[18:55:18] 비로그인
[18:55:18] 설치된 입구보조 LPR이 없음!
[18:55:18] 설치된 출구보조 LPR이 없음!
[18:55:18] 설치된 출구전광판이 없음!
[18:55:19] LPR재접속 쓰레드시작
[18:55:19] 정기권연동 쓰레드시작
[18:55:20] csInLpr1 접속성공
[18:55:20] csInDsp1 접속성공
[18:55:20] csOutLpr1 접속성공
[18:55:30] Program Close
**************************************************************
[18:56:56] Program Start!
[18:56:56] [DB저장 모드]
[18:56:56] TfrmMain.btnModeClick: 유인운영
[18:56:56] 비로그인
[18:56:56] 설치된 입구보조 LPR이 없음!
[18:56:56] 설치된 출구보조 LPR이 없음!
[18:56:56] 설치된 출구전광판이 없음!
[18:56:56] LPR재접속 쓰레드시작
[18:56:56] 전광판재접속 쓰레드시작
[18:56:56] 정기권연동 쓰레드시작
[18:56:57] csInLpr1 접속성공
[18:56:57] csInDsp1 접속성공
[18:56:57] csOutLpr1 접속성공
[18:57:09] Program Close
**************************************************************
[19:00:08] Program Start!
[19:00:08] [DB저장 모드]
[19:00:08] TfrmMain.btnModeClick: 유인운영
[19:00:09] 비로그인
[19:00:09] 설치된 입구보조 LPR이 없음!
[19:00:09] 설치된 출구보조 LPR이 없음!
[19:00:09] 설치된 출구전광판이 없음!
[19:00:10] LPR재접속 쓰레드시작
[19:00:11] csInDsp1 접속성공
[19:00:11] csInLpr1 접속성공
[19:00:11] csOutLpr1 접속성공
**************************************************************
[19:00:33] Program Start!
[19:00:34] [DB저장 모드]
[19:00:34] TfrmMain.btnModeClick: 유인운영
[19:00:34] 비로그인
[19:00:34] 설치된 입구보조 LPR이 없음!
[19:00:34] 설치된 출구보조 LPR이 없음!
[19:00:34] 설치된 출구전광판이 없음!
[19:00:35] LPR재접속 쓰레드시작
[19:00:35] 전광판재접속 쓰레드시작
[19:00:35] 정기권연동 쓰레드시작
[19:00:36] csInDsp1 접속성공
[19:00:36] csInLpr1 접속성공
[19:00:36] csOutLpr1 접속성공
**************************************************************
[19:01:19] Program Start!
[19:01:19] [DB저장 모드]
[19:01:19] TfrmMain.btnModeClick: 유인운영
[19:01:20] 비로그인
[19:01:20] 설치된 입구보조 LPR이 없음!
[19:01:20] 설치된 출구보조 LPR이 없음!
[19:01:20] 설치된 출구전광판이 없음!
[19:01:21] LPR재접속 쓰레드시작
[19:01:21] 전광판재접속 쓰레드시작
[19:01:22] csInLpr1 접속성공
[19:01:22] csInDsp1 접속성공
[19:01:28] TfrmMain.tInDspTimer: 10 02 00 00 3C 53 00 00 00 61 00 00 80 81 20 06 00 03 03 03 03 03 03 03 03 03 03 03 03 02 02 02 02 02 02 02 02 02 02 02 02 BE C8 B3 E7 C7 CF BD CA B4 CF B1 EE BE EE BC AD BF C0 BD CA BD C3 BF C0 10 03 
[19:01:36] Program Close
