**************************************************************
[15:58:46] Program Start!
[15:58:46] [DB저장 모드]
[15:58:46] TfrmMain.btnModeClick: 유인운영
[15:58:46] 비로그인
[15:58:46] 설치된 입구보조 LPR이 없음!
[15:58:46] 설치된 출구보조 LPR이 없음!
[15:58:46] 설치된 입구전광판이 없음!
[15:58:46] 설치된 출구전광판이 없음!
[15:58:46] LPR재접속 쓰레드시작
[15:58:46] 전광판재접속 쓰레드시작
[15:58:46] 정기권연동 쓰레드시작
[15:58:47] 설치된 영수증프린터가 없음!
[15:58:47] csInLpr1 접속성공
[15:58:47] csOutLpr1 접속성공
[15:58:57] LPR Check: 33가3333,http://10.22.31.1:9080/MSImage/2021/07/20/CH1_20210720155858_33가3333.jpg,1,,,0, 2021-07-20 15:58:58
[15:58:57] File: \\10.22.31.1\MSImage\2021\07\20\CH1_20210720155858_33가3333.jpg
[15:58:57] NormalProc: 일반차량 처리 시작 : 33가3333, 
[15:58:57] 미등록차량 입차: 33가3333 - \\10.22.31.1\MSImage\2021\07\20\CH1_20210720155858_33가3333.jpg
[15:58:57] 
[15:58:57] File 없음: \\10.22.31.1\MSImage\2021\07\20\CH1_20210720155858_33가3333.jpg
[16:01:07] Program Close
**************************************************************
[16:01:17] Program Start!
[16:01:18] [DB저장 모드]
[16:01:18] TfrmMain.btnModeClick: 유인운영
[16:01:18] 비로그인
[16:01:18] 설치된 입구보조 LPR이 없음!
[16:01:18] 설치된 출구보조 LPR이 없음!
[16:01:18] 설치된 입구전광판이 없음!
[16:01:18] 설치된 출구전광판이 없음!
[16:01:18] LPR재접속 쓰레드시작
[16:01:18] 전광판재접속 쓰레드시작
[16:01:18] 정기권연동 쓰레드시작
[16:01:19] 설치된 영수증프린터가 없음!
[16:01:19] csInLpr1 접속성공
[16:01:19] csOutLpr1 접속성공
[16:01:33] Program Close
**************************************************************
[18:14:44] Program Start!
[18:14:44] [DB저장 모드]
[18:14:44] TfrmMain.btnModeClick: 유인운영
[18:14:45] 비로그인
[18:14:45] 설치된 입구보조 LPR이 없음!
[18:14:45] 설치된 출구보조 LPR이 없음!
[18:14:45] 설치된 입구전광판이 없음!
[18:14:45] 설치된 출구전광판이 없음!
[18:14:46] 설치된 영수증프린터가 없음!
[18:14:47] csOutLpr1 접속성공
[18:14:49] SocketError > ErrorNo: [10061] Host: [10.22.31.1] Port: [2000] Name: [csInLpr1] Msg: [서버가 죽었거나 클라이언트에서 접속환경이 잘못되었을때 나타나는 현상]
[18:15:03] SocketError > ErrorNo: [10061] Host: [10.22.31.1] Port: [2000] Name: [csInLpr1] Msg: [서버가 죽었거나 클라이언트에서 접속환경이 잘못되었을때 나타나는 현상]
[18:15:18] SocketError > ErrorNo: [10061] Host: [10.22.31.1] Port: [2000] Name: [csInLpr1] Msg: [서버가 죽었거나 클라이언트에서 접속환경이 잘못되었을때 나타나는 현상]
[18:15:33] SocketError > ErrorNo: [10061] Host: [10.22.31.1] Port: [2000] Name: [csInLpr1] Msg: [서버가 죽었거나 클라이언트에서 접속환경이 잘못되었을때 나타나는 현상]
[18:15:38] Program Close
**************************************************************
[18:16:06] Program Start!
[18:16:06] [DB저장 모드]
[18:16:06] TfrmMain.btnModeClick: 유인운영
[18:16:07] 비로그인
[18:16:08] 설치된 입구보조 LPR이 없음!
[18:16:08] 설치된 출구보조 LPR이 없음!
[18:16:08] 설치된 입구전광판이 없음!
[18:16:08] 설치된 출구전광판이 없음!
[18:16:08] 전광판재접속 쓰레드시작
[18:16:09] 설치된 영수증프린터가 없음!
[18:16:09] csInLpr1 접속성공
[18:16:09] csOutLpr1 접속성공
[18:16:35] LPR Check: 33가3333,http://10.22.31.1:9080/MSImage/2021/07/20/CH1_20210720181633_33가3333.jpg,1,,,0, 2021-07-20 18:16:33
[18:16:35] File: \\10.22.31.1\MSImage\2021\07\20\CH1_20210720181633_33가3333.jpg
[18:16:35] NormalProc: 일반차량 처리 시작 : 33가3333, 
[18:16:37] 33가3333차량 입차데이터 없음
[18:16:52] 웹할인 데이터 [1]건 [0]분 미만으로 회차 처리.
[18:16:54] 주차시간 [0]분 확인. 주차시간보다 할인시간이 크므로 차단기 개방
[18:16:56] 33가3333방문차량 조회 시작
[18:16:56] 33가3333차량:   
[18:16:56] 33가3333차량: 방문차량
[18:16:56] 전광판() 네트워크 에러
[18:16:56] 출구차단기 Open 10.22.31.1:4000
[18:16:56] File 없음: \\10.22.31.1\MSImage\2021\07\20\CH1_20210720181633_33가3333.jpg
[18:17:14] Program Close
**************************************************************
[18:19:51] Program Start!
[18:19:51] [DB저장 모드]
[18:19:51] TfrmMain.btnModeClick: 유인운영
[18:19:51] 비로그인
[18:19:51] 설치된 입구보조 LPR이 없음!
[18:19:51] 설치된 출구보조 LPR이 없음!
[18:19:51] 설치된 입구전광판이 없음!
[18:19:51] 설치된 출구전광판이 없음!
[18:19:52] LPR재접속 쓰레드시작
[18:19:52] 정기권연동 쓰레드시작
[18:19:53] 설치된 영수증프린터가 없음!
[18:19:54] csInLpr1 접속성공
[18:19:54] csOutLpr1 접속성공
[18:19:58] LPR Check: 33가3333,http://10.22.31.1:9080/MSImage/2021/07/20/CH1_20210720181955_33가3333.jpg,1,,,0, 2021-07-20 18:19:55
[18:19:58] File: \\10.22.31.1\MSImage\2021\07\20\CH1_20210720181955_33가3333.jpg
[18:19:58] NormalProc: 일반차량 처리 시작 : 33가3333, 
[18:19:58] 33가3333차량 입차데이터 없음
[18:20:00] 웹할인 데이터 [1]건 [0]분 미만으로 회차 처리.
[18:20:00] 주차시간 [0]분 확인. 주차시간보다 할인시간이 크므로 차단기 개방
[18:20:00] 33가3333방문차량 조회 시작
**************************************************************
[18:20:45] Program Start!
[18:20:45] [DB저장 모드]
[18:20:46] TfrmMain.btnModeClick: 유인운영
[18:20:47] 비로그인
[18:20:47] 설치된 입구보조 LPR이 없음!
[18:20:47] 설치된 출구보조 LPR이 없음!
[18:20:47] 설치된 입구전광판이 없음!
[18:20:47] 설치된 출구전광판이 없음!
[18:20:47] LPR재접속 쓰레드시작
[18:20:47] 전광판재접속 쓰레드시작
[18:20:48] 설치된 영수증프린터가 없음!
[18:20:48] csInLpr1 접속성공
[18:20:48] csOutLpr1 접속성공
[18:20:51] LPR Check: 33가3333,http://10.22.31.1:9080/MSImage/2021/07/20/CH1_20210720182051_33가3333.jpg,1,,,0, 2021-07-20 18:20:51
[18:20:51] File: \\10.22.31.1\MSImage\2021\07\20\CH1_20210720182051_33가3333.jpg
[18:20:51] NormalProc: 일반차량 처리 시작 : 33가3333, 
[18:20:51] 33가3333차량 입차데이터 없음
[18:20:52] 웹할인 데이터 [1]건 [0]분 미만으로 회차 처리.
[18:20:52] 주차시간 [0]분 확인. 주차시간보다 할인시간이 크므로 차단기 개방
[18:20:52] 33가3333방문차량 조회 시작
[18:20:53] 33가3333차량:   
**************************************************************
[18:22:18] Program Start!
[18:22:18] [DB저장 모드]
[18:22:19] TfrmMain.btnModeClick: 유인운영
[18:22:20] 비로그인
[18:22:20] 설치된 입구보조 LPR이 없음!
[18:22:20] 설치된 출구보조 LPR이 없음!
[18:22:20] 설치된 입구전광판이 없음!
[18:22:20] 설치된 출구전광판이 없음!
[18:22:21] 정기권연동 쓰레드시작
[18:22:21] 설치된 영수증프린터가 없음!
[18:22:22] csInLpr1 접속성공
[18:22:22] csOutLpr1 접속성공
[18:22:24] LPR Check: 33가3333,http://10.22.31.1:9080/MSImage/2021/07/20/CH1_20210720182224_33가3333.jpg,1,,,0, 2021-07-20 18:22:24
[18:22:24] File: \\10.22.31.1\MSImage\2021\07\20\CH1_20210720182224_33가3333.jpg
[18:22:24] NormalProc: 일반차량 처리 시작 : 33가3333, 
[18:22:24] 33가3333차량 입차데이터 없음
[18:22:26] 웹할인 데이터 [1]건 [0]분 미만으로 회차 처리.
[18:22:26] 주차시간 [0]분 확인. 주차시간보다 할인시간이 크므로 차단기 개방
[18:22:26] 33가3333방문차량 조회 시작
[18:22:27] 33가3333차량:   
**************************************************************
[18:24:20] Program Start!
[18:24:21] [DB저장 모드]
[18:24:21] TfrmMain.btnModeClick: 유인운영
[18:24:23] 비로그인
[18:24:23] 설치된 입구보조 LPR이 없음!
[18:24:23] 설치된 출구보조 LPR이 없음!
[18:24:23] 설치된 입구전광판이 없음!
[18:24:23] 설치된 출구전광판이 없음!
[18:24:24] 정기권연동 쓰레드시작
[18:24:24] 설치된 영수증프린터가 없음!
[18:24:25] csInLpr1 접속성공
[18:24:25] csOutLpr1 접속성공
[18:24:28] LPR Check: 33가3333,http://10.22.31.1:9080/MSImage/2021/07/20/CH1_20210720182428_33가3333.jpg,1,,,0, 2021-07-20 18:24:28
[18:24:28] File: \\10.22.31.1\MSImage\2021\07\20\CH1_20210720182428_33가3333.jpg
[18:24:28] NormalProc: 일반차량 처리 시작 : 33가3333, 
[18:24:28] 33가3333차량 입차데이터 없음
[18:24:30] 웹할인 데이터 [1]건 [0]분 미만으로 회차 처리.
[18:24:30] 주차시간 [0]분 확인. 주차시간보다 할인시간이 크므로 차단기 개방
[18:24:30] 33가3333방문차량 조회 시작
[18:24:31] 33가3333차량:   
**************************************************************
[18:25:14] Program Start!
[18:25:14] [DB저장 모드]
[18:25:14] TfrmMain.btnModeClick: 유인운영
[18:25:15] 비로그인
[18:25:15] 설치된 입구보조 LPR이 없음!
[18:25:15] 설치된 출구보조 LPR이 없음!
[18:25:15] 설치된 입구전광판이 없음!
[18:25:15] 설치된 출구전광판이 없음!
[18:25:16] 설치된 영수증프린터가 없음!
[18:25:17] csInLpr1 접속성공
[18:25:17] csOutLpr1 접속성공
[18:25:38] LPR Check: 33가3333,http://10.22.31.1:9080/MSImage/2021/07/20/CH1_20210720182539_33가3333.jpg,1,,,0, 2021-07-20 18:25:39
[18:25:38] File: \\10.22.31.1\MSImage\2021\07\20\CH1_20210720182539_33가3333.jpg
[18:25:38] NormalProc: 일반차량 처리 시작 : 33가3333, 
[18:25:38] 미등록차량 입차: 33가3333 - \\10.22.31.1\MSImage\2021\07\20\CH1_20210720182539_33가3333.jpg
[18:25:38] 
[18:25:38] File 없음: \\10.22.31.1\MSImage\2021\07\20\CH1_20210720182539_33가3333.jpg
[18:26:08] LPR Check: 33가3333,http://10.22.31.1:9080/MSImage/2021/07/20/CH1_20210720182606_33가3333.jpg,1,,,0, 2021-07-20 18:26:06
[18:26:08] File: \\10.22.31.1\MSImage\2021\07\20\CH1_20210720182606_33가3333.jpg
[18:26:08] NormalProc: 일반차량 처리 시작 : 33가3333, 
[18:26:08] 33가3333차량 입차데이터 존재
[18:26:24] 웹할인 데이터 [1]건 [120]분 확인.
[18:26:26] 주차시간 [301]분 확인. 주차시간이 할인시간보다 크므로 차단기 개방안함
[18:26:28] 33가3333방문차량 조회 시작
[18:26:28] 33가3333차량: 입차  
[18:26:28] 33가3333차량: 방문차량
[18:26:28] 전광판() 네트워크 에러
[18:26:28] 출구차단기 Open 10.22.31.1:4000
[18:26:28] File 없음: \\10.22.31.1\MSImage\2021\07\20\CH1_20210720182606_33가3333.jpg
**************************************************************
[18:27:13] Program Start!
[18:27:13] [DB저장 모드]
[18:27:13] TfrmMain.btnModeClick: 유인운영
[18:27:14] 비로그인
[18:27:14] 설치된 입구보조 LPR이 없음!
[18:27:14] 설치된 출구보조 LPR이 없음!
[18:27:14] 설치된 입구전광판이 없음!
[18:27:14] 설치된 출구전광판이 없음!
[18:27:15] LPR재접속 쓰레드시작
[18:27:15] 전광판재접속 쓰레드시작
[18:27:15] 정기권연동 쓰레드시작
[18:27:15] 설치된 영수증프린터가 없음!
[18:27:16] csInLpr1 접속성공
[18:27:16] csOutLpr1 접속성공
[18:27:17] LPR Check: 33가3333,http://10.22.31.1:9080/MSImage/2021/07/20/CH1_20210720182718_33가3333.jpg,1,,,0, 2021-07-20 18:27:18
[18:27:17] File: \\10.22.31.1\MSImage\2021\07\20\CH1_20210720182718_33가3333.jpg
[18:27:17] NormalProc: 일반차량 처리 시작 : 33가3333, 
[18:27:17] 미등록차량 입차: 33가3333 - \\10.22.31.1\MSImage\2021\07\20\CH1_20210720182718_33가3333.jpg
[18:27:17] 
[18:27:17] File 없음: \\10.22.31.1\MSImage\2021\07\20\CH1_20210720182718_33가3333.jpg
[18:27:36] LPR Check: 33가3333,http://10.22.31.1:9080/MSImage/2021/07/20/CH1_20210720182736_33가3333.jpg,1,,,0, 2021-07-20 18:27:36
[18:27:36] File: \\10.22.31.1\MSImage\2021\07\20\CH1_20210720182736_33가3333.jpg
[18:27:36] NormalProc: 일반차량 처리 시작 : 33가3333, 
[18:27:37] 33가3333차량 입차데이터 존재
[18:27:45] 웹할인 데이터 [1]건 [120]분 확인.
[18:27:45] 주차시간 [300]분 확인. 주차시간이 할인시간보다 크므로 차단기 개방안함
[18:27:45] 33가3333방문차량 조회 시작
[18:27:45] 33가3333차량: 입차  
[18:27:45] 33가3333차량: 방문차량
[18:27:45] 전광판() 네트워크 에러
[18:27:45] 출구차단기 Open 10.22.31.1:4000
[18:27:45] File 없음: \\10.22.31.1\MSImage\2021\07\20\CH1_20210720182736_33가3333.jpg
**************************************************************
[18:28:32] Program Start!
[18:28:32] [DB저장 모드]
[18:28:33] TfrmMain.btnModeClick: 유인운영
[18:28:34] 비로그인
[18:28:34] 설치된 입구보조 LPR이 없음!
[18:28:34] 설치된 출구보조 LPR이 없음!
[18:28:34] 설치된 입구전광판이 없음!
[18:28:34] 설치된 출구전광판이 없음!
[18:28:36] 정기권연동 쓰레드시작
[18:28:36] 설치된 영수증프린터가 없음!
[18:28:37] csInLpr1 접속성공
[18:28:37] csOutLpr1 접속성공
[18:28:44] LPR Check: 33가3333,http://10.22.31.1:9080/MSImage/2021/07/20/CH1_20210720182846_33가3333.jpg,1,,,0, 2021-07-20 18:28:46
[18:28:44] File: \\10.22.31.1\MSImage\2021\07\20\CH1_20210720182846_33가3333.jpg
[18:28:44] NormalProc: 일반차량 처리 시작 : 33가3333, 
[18:28:44] 미등록차량 입차: 33가3333 - \\10.22.31.1\MSImage\2021\07\20\CH1_20210720182846_33가3333.jpg
[18:28:44] 
[18:28:45] File 없음: \\10.22.31.1\MSImage\2021\07\20\CH1_20210720182846_33가3333.jpg
[18:28:54] LPR Check: 33가3333,http://10.22.31.1:9080/MSImage/2021/07/20/CH1_20210720182854_33가3333.jpg,1,,,0, 2021-07-20 18:28:54
[18:28:54] File: \\10.22.31.1\MSImage\2021\07\20\CH1_20210720182854_33가3333.jpg
[18:28:54] NormalProc: 일반차량 처리 시작 : 33가3333, 
[18:28:54] 33가3333차량 입차데이터 존재
[18:28:56] 웹할인 데이터 [1]건 [120]분 확인.
[18:28:56] 주차시간 [300]분 확인. 주차시간이 할인시간보다 크므로 차단기 개방안함
[18:28:56] 33가3333방문차량 조회 시작
[18:28:56] 33가3333차량: 입차  
[18:28:56] 33가3333차량: 방문차량
[18:28:56] 전광판() 네트워크 에러
**************************************************************
[18:29:29] Program Start!
[18:29:29] [DB저장 모드]
[18:29:29] TfrmMain.btnModeClick: 유인운영
[18:29:30] 비로그인
[18:29:30] 설치된 입구보조 LPR이 없음!
[18:29:30] 설치된 출구보조 LPR이 없음!
[18:29:30] 설치된 입구전광판이 없음!
[18:29:30] 설치된 출구전광판이 없음!
[18:29:31] LPR재접속 쓰레드시작
[18:29:31] 전광판재접속 쓰레드시작
[18:29:31] 설치된 영수증프린터가 없음!
[18:29:32] csInLpr1 접속성공
[18:29:32] csOutLpr1 접속성공
[18:29:36] LPR Check: 33가3333,http://10.22.31.1:9080/MSImage/2021/07/20/CH1_20210720182934_33가3333.jpg,1,,,0, 2021-07-20 18:29:34
[18:29:36] File: \\10.22.31.1\MSImage\2021\07\20\CH1_20210720182934_33가3333.jpg
[18:29:36] NormalProc: 일반차량 처리 시작 : 33가3333, 
[18:29:36] 33가3333차량 입차데이터 존재
[18:29:37] 웹할인 데이터 [1]건 [120]분 확인.
[18:29:37] 주차시간 [301]분 확인. 주차시간이 할인시간보다 크므로 차단기 개방안함
[18:29:42] 33가3333방문차량 조회 시작
[18:29:57] 33가3333차량: 입차  
**************************************************************
[18:31:41] Program Start!
[18:31:41] [DB저장 모드]
[18:31:41] TfrmMain.btnModeClick: 유인운영
[18:31:42] 비로그인
[18:31:43] 설치된 입구보조 LPR이 없음!
[18:31:43] 설치된 출구보조 LPR이 없음!
[18:31:43] 설치된 입구전광판이 없음!
[18:31:43] 설치된 출구전광판이 없음!
[18:31:43] 전광판재접속 쓰레드시작
[18:31:43] 정기권연동 쓰레드시작
[18:31:43] 설치된 영수증프린터가 없음!
[18:31:44] csInLpr1 접속성공
[18:31:44] csOutLpr1 접속성공
[18:31:55] LPR Check: 33가3333,http://10.22.31.1:9080/MSImage/2021/07/20/CH1_20210720183154_33가3333.jpg,1,,,0, 2021-07-20 18:31:54
[18:31:55] File: \\10.22.31.1\MSImage\2021\07\20\CH1_20210720183154_33가3333.jpg
[18:31:55] NormalProc: 일반차량 처리 시작 : 33가3333, 
[18:31:55] 33가3333차량 입차데이터 존재
[18:31:56] 웹할인 데이터 [1]건 [120]분 확인.
[18:31:56] 주차시간 [303]분 확인. 주차시간이 할인시간보다 크므로 차단기 개방안함
[18:31:58] 33가3333방문차량 조회 시작
[18:32:00] 33가3333차량: 입차  
[18:32:23] 33가3333차량: 방문차량
**************************************************************
[18:37:39] Program Start!
[18:37:39] [DB저장 모드]
[18:37:39] TfrmMain.btnModeClick: 유인운영
[18:37:40] 비로그인
[18:37:40] 설치된 입구보조 LPR이 없음!
[18:37:40] 설치된 출구보조 LPR이 없음!
[18:37:40] 설치된 입구전광판이 없음!
[18:37:40] 설치된 출구전광판이 없음!
[18:37:41] 정기권연동 쓰레드시작
[18:37:41] 설치된 영수증프린터가 없음!
[18:37:42] csInLpr1 접속성공
[18:37:42] csOutLpr1 접속성공
[18:38:34] LPR Check: 33가3333,http://10.22.31.1:9080/MSImage/2021/07/20/CH1_20210720183833_33가3333.jpg,1,,,0, 2021-07-20 18:38:33
[18:38:34] File: \\10.22.31.1\MSImage\2021\07\20\CH1_20210720183833_33가3333.jpg
[18:38:34] NormalProc: 일반차량 처리 시작 : 33가3333, 
[18:38:34] 33가3333차량 입차데이터 존재
[18:38:35] 웹할인 데이터 [1]건 [120]분 확인.
[18:38:35] 주차시간 [310]분 확인. 주차시간이 할인시간보다 크므로 차단기 개방안함
[18:39:28] 33가3333방문차량 조회 시작
[18:39:32] 33가3333차량: 입차  
[18:39:36] 33가3333차량: 방문차량
[18:39:38] 33가3333차량: 방문차량 아님
[18:40:14] 전광판() 네트워크 에러
**************************************************************
[18:41:00] Program Start!
[18:41:01] [DB저장 모드]
[18:41:01] TfrmMain.btnModeClick: 유인운영
[18:41:01] 비로그인
[18:41:02] 설치된 입구보조 LPR이 없음!
[18:41:02] 설치된 출구보조 LPR이 없음!
[18:41:02] 설치된 입구전광판이 없음!
[18:41:02] 설치된 출구전광판이 없음!
[18:41:02] 전광판재접속 쓰레드시작
[18:41:02] 설치된 영수증프린터가 없음!
[18:41:04] csInLpr1 접속성공
[18:41:04] csOutLpr1 접속성공
[18:41:28] LPR Check: 33가3333,http://10.22.31.1:9080/MSImage/2021/07/20/CH1_20210720184127_33가3333.jpg,1,,,0, 2021-07-20 18:41:27
[18:41:28] File: \\10.22.31.1\MSImage\2021\07\20\CH1_20210720184127_33가3333.jpg
[18:41:28] NormalProc: 일반차량 처리 시작 : 33가3333, 
[18:41:28] 33가3333차량 입차데이터 존재
[18:41:31] 웹할인 데이터 [1]건 [120]분 확인.
[18:41:31] 주차시간 [313]분 확인. 주차시간이 할인시간보다 크므로 차단기 개방안함
[18:41:32] 33가3333방문차량 조회 시작
[18:41:33] 33가3333차량: 입차  
[18:41:33] 33가3333차량: 방문차량
[18:41:33] 33가3333차량: 방문차량 아님
[18:41:33] 전광판() 네트워크 에러
[18:41:36] File 없음: \\10.22.31.1\MSImage\2021\07\20\CH1_20210720184127_33가3333.jpg
[18:41:42] Program Close
