[11:40:15] 단지서버(홈넷) Ping 정상! (단지서버 IP-127.0.0.1)
[11:41:19] 단지서버(홈넷) Ping 정상! (단지서버 IP-127.0.0.1)
[11:45:35] 단지서버(홈넷) Ping 정상! (단지서버 IP-127.0.0.1)
[11:46:37] tGetVisitTimer: 방문자 정보 획득 시작
[11:46:45] tGetVisitTimer: 방문자 등록 정보 없음
[11:46:53] TfrmMain.tGetVisitTimer: error 응용 프로그램이 현재 작업에 대해 잘못된 형식을 가진 값을 사용하고 있습니다
[11:49:21] 단지서버(홈넷) Ping 정상! (단지서버 IP-127.0.0.1)
[11:50:24] tGetVisitTimer: 방문자 정보 획득 시작
[11:50:26] tGetVisitTimer: 방문자 등록 정보 없음
[12:13:43] 단지서버(홈넷) Ping 정상! (단지서버 IP-127.0.0.1)
[12:14:43] tGetVisitTimer: 방문자 정보 획득 시작
[12:14:43] tGetVisitTimer: 방문자 등록 정보 없음
[12:14:49] TfrmMain.tGetVisitTimer 방문자 삭제날짜 :2018-04-10
[12:19:08] 단지서버(홈넷) Ping 정상! (단지서버 IP-127.0.0.1)
[12:41:26] 단지서버(홈넷) Ping 정상! (단지서버 IP-127.0.0.1)
[12:42:26] tGetVisitTimer: 방문자 정보 획득 시작
[12:42:26] tGetVisitTimer: 방문자 등록 정보 없음
[12:43:02] TfrmMain.tGetVisitTimer 방문자 삭제날짜 :2018-04-10
[12:44:27] 단지서버(홈넷) Ping 정상! (단지서버 IP-127.0.0.1)
[12:45:27] tGetVisitTimer: 방문자 정보 획득 시작
[12:45:27] tGetVisitTimer: 방문자 등록 정보 없음
[12:45:31] TfrmMain.tGetVisitTimer 방문자 삭제날짜 :2018-04-10
[12:48:23] 단지서버(홈넷) Ping 정상! (단지서버 IP-127.0.0.1)
[12:49:23] tGetVisitTimer: 방문자 정보 획득 시작
[12:49:23] tGetVisitTimer: 방문자 등록 정보 없음
[12:49:28] TfrmMain.tGetVisitTimer 방문자 삭제날짜 :2021-08-11 13:37:46
[12:50:37] 단지서버(홈넷) Ping 정상! (단지서버 IP-127.0.0.1)
[12:51:37] tGetVisitTimer: 방문자 정보 획득 시작
[12:51:37] tGetVisitTimer: 방문자 등록 정보 없음
[12:51:41] TfrmMain.tGetVisitTimer 방문자 삭제날짜 :2021-08-11 13:37:46
[12:51:45] TfrmMain.tGetVisitTimer 방문자 삭제불가능(동/호/차번) : 105 / 501 / 13나4609
[12:52:52] 단지서버(홈넷) Ping 정상! (단지서버 IP-127.0.0.1)
[12:53:52] tGetVisitTimer: 방문자 정보 획득 시작
[12:53:52] tGetVisitTimer: 방문자 등록 정보 없음
[12:53:58] TfrmMain.tGetVisitTimer 방문자 삭제날짜 :2021-08-11 13:37:46
[13:00:34] 단지서버(홈넷) Ping 정상! (단지서버 IP-127.0.0.1)
[13:01:34] tGetVisitTimer: 방문자 정보 획득 시작
[13:01:34] tGetVisitTimer: 방문자 등록 정보 없음
[13:01:48] TfrmMain.tGetVisitTimer 방문자 삭제날짜 :2021-08-11 13:37:46
[13:01:51] TfrmMain.tGetVisitTimer 방문자 삭제불가능(동/호/차번) : 1 /105 / 501 / 13나4609
[13:27:45] 단지서버(홈넷) Ping 정상! (단지서버 IP-127.0.0.1)
[13:28:45] tGetVisitTimer: 방문자 정보 획득 시작
[13:28:45] tGetVisitTimer: 방문자 등록 정보 없음
[13:28:48] TfrmMain.tGetVisitTimer 방문자 삭제날짜 :2021-08-11 13:37:46
[13:30:46] 단지서버(홈넷) Ping 정상! (단지서버 IP-127.0.0.1)
[13:31:46] tGetVisitTimer: 방문자 정보 획득 시작
[13:31:46] tGetVisitTimer: 방문자 등록 정보 없음
[13:31:54] TfrmMain.tGetVisitTimer 방문자 삭제날짜 :2021-08-11 13:37:46:010
[13:32:53] 단지서버(홈넷) Ping 정상! (단지서버 IP-127.0.0.1)
[13:33:53] tGetVisitTimer: 방문자 정보 획득 시작
[13:33:53] tGetVisitTimer: 방문자 등록 정보 없음
[13:33:57] TfrmMain.tGetVisitTimer 방문자 삭제날짜 :2021-08-11 13:37:46:010
[13:34:06] TfrmMain.tGetVisitTimer: error 응용 프로그램이 현재 작업에 대해 잘못된 형식을 가진 값을 사용하고 있습니다
[13:35:26] 단지서버(홈넷) Ping 정상! (단지서버 IP-127.0.0.1)
[13:36:26] tGetVisitTimer: 방문자 정보 획득 시작
[13:36:26] tGetVisitTimer: 방문자 등록 정보 없음
[13:37:07] TfrmMain.tGetVisitTimer 방문자 삭제날짜 :2021-08-11 13:37:46:010
[13:38:40] 단지서버(홈넷) Ping 정상! (단지서버 IP-127.0.0.1)
[13:39:41] tGetVisitTimer: 방문자 정보 획득 시작
[13:39:41] tGetVisitTimer: 방문자 등록 정보 없음
[13:39:44] TfrmMain.tGetVisitTimer 방문자 삭제날짜 :2021-08-11 13:37:46:010
[13:40:07] TfrmMain.tGetVisitTimer 방문자 삭제불가능(동/호/차번) : 1 /105 / 501 / 13나4609
[13:42:40] 단지서버(홈넷) Ping 정상! (단지서버 IP-127.0.0.1)
[13:43:40] tGetVisitTimer: 방문자 정보 획득 시작
[13:43:40] tGetVisitTimer: 방문자 등록 정보 없음
[13:44:13] TfrmMain.tGetVisitTimer 방문자 삭제날짜 :2021-08-11 13:37:46:010
[13:47:46] 단지서버(홈넷) Ping 정상! (단지서버 IP-127.0.0.1)
[13:47:57] tGetVisitTimer: 방문자 정보 획득 시작
[13:47:57] tGetVisitTimer: 방문자 등록 정보 없음
[13:48:38] TfrmMain.tGetVisitTimer 방문자 삭제날짜 :2021-08-11 13:37:46:010
[13:49:54] 단지서버(홈넷) Ping 정상! (단지서버 IP-127.0.0.1)
[13:50:05] tGetVisitTimer: 방문자 정보 획득 시작
[13:50:05] tGetVisitTimer: 방문자 등록 정보 없음
[13:50:09] TfrmMain.tGetVisitTimer 방문자 삭제날짜 :2021-08-11 13:37:46:010
[13:51:44] 단지서버(홈넷) Ping 정상! (단지서버 IP-127.0.0.1)
[13:51:55] tGetVisitTimer: 방문자 정보 획득 시작
[13:51:55] tGetVisitTimer: 방문자 등록 정보 없음
[13:52:03] TfrmMain.tGetVisitTimer 방문자 삭제날짜 :2021-08-11 13:37:46:010
[13:54:23] 단지서버(홈넷) Ping 정상! (단지서버 IP-127.0.0.1)
[13:54:34] tGetVisitTimer: 방문자 정보 획득 시작
[13:54:34] tGetVisitTimer: 방문자 등록 정보 없음
[13:54:37] TfrmMain.tGetVisitTimer 방문자 삭제날짜 :2021-08-11 13:37:46:010
[13:55:54] 단지서버(홈넷) Ping 정상! (단지서버 IP-127.0.0.1)
[13:56:04] tGetVisitTimer: 방문자 정보 획득 시작
[13:56:04] tGetVisitTimer: 방문자 등록 정보 없음
[13:56:07] TfrmMain.tGetVisitTimer 방문자 삭제날짜 :2021-08-11 13:37:46:010
[13:58:24] 단지서버(홈넷) Ping 정상! (단지서버 IP-127.0.0.1)
[13:58:35] tGetVisitTimer: 방문자 정보 획득 시작
[13:58:35] tGetVisitTimer: 방문자 등록 정보 없음
[13:58:38] TfrmMain.tGetVisitTimer 방문자 삭제날짜 :2021-08-11 13:37:46:010
[14:02:16] 단지서버(홈넷) Ping 정상! (단지서버 IP-127.0.0.1)
[14:02:27] tGetVisitTimer: 방문자 정보 획득 시작
[14:02:27] tGetVisitTimer: 방문자 등록 정보 없음
[14:02:30] TfrmMain.tGetVisitTimer 방문자 삭제날짜 :2021-08-11 13:37:46:010
[14:02:43] TfrmMain.tGetVisitTimer: error 'dong_code' 근처의 구문이 잘못되었습니다
[14:03:05] 단지서버(홈넷) Ping 정상! (단지서버 IP-127.0.0.1)
[14:03:15] tGetVisitTimer: 방문자 정보 획득 시작
[14:03:15] tGetVisitTimer: 방문자 등록 정보 없음
[14:03:18] TfrmMain.tGetVisitTimer 방문자 삭제날짜 :2021-08-11 13:37:46:010
[14:03:25] TfrmMain.tGetVisitTimer 방문자 삭제불가능(동/호/차번) : 1 / 105 / 501 / 13나4609
[14:03:34] TfrmMain.tGetVisitTimer 방문자 삭제날짜 :2021-02-18 02:31:34:150
[14:09:15] 단지서버(홈넷) Ping 정상! (단지서버 IP-127.0.0.1)
[14:09:26] tGetVisitTimer: 방문자 정보 획득 시작
[14:09:26] tGetVisitTimer: 방문자 등록 정보 없음
[14:09:30] TfrmMain.tGetVisitTimer 방문자 삭제날짜 :2021-08-11 13:37:46:010
[14:09:33] TfrmMain.tGetVisitTimer 방문자 삭제불가능(동/호/차번) : 1 / 105 / 501 / 13나4609
[14:09:39] TfrmMain.tGetVisitTimer 방문자 삭제날짜 :2021-02-18 02:31:34:150
[18:04:12] 단지서버(홈넷) Ping 정상! (단지서버 IP-127.0.0.1)
[18:04:22] tGetVisitTimer: 방문자 정보 획득 시작
[18:04:22] tGetVisitTimer: 방문자 등록 정보 없음
[18:04:22] TfrmMain.tGetVisitTimer 방문자 삭제날짜 :2021-08-11 13:37:46:010
[18:04:22] TfrmMain.tGetVisitTimer 방문자 삭제불가능(동/호/차번) : 1 / 105 / 501 / 13나4609
[18:04:22] TfrmMain.tGetVisitTimer 방문자 삭제날짜 :2021-02-18 02:31:34:150
[18:04:22] TfrmMain.tGetVisitTimer 방문자 삭제(동/호/차번) : 2 / 103 / 2503 / 224로1394
[18:04:22] TfrmMain.tGetVisitTimer 방문자 삭제날짜 :2021-02-17 09:53:09:217
[18:04:22] TfrmMain.tGetVisitTimer 방문자 삭제(동/호/차번) : 2 / 103 / 2503 / 06나7394
[18:04:22] TfrmMain.tGetVisitTimer 방문자 삭제날짜 :2021-02-16 12:43:46:363
[18:04:22] TfrmMain.tGetVisitTimer 방문자 삭제(동/호/차번) : 2 / 102 / 2402 / 39너8251
[18:04:22] TfrmMain.tGetVisitTimer 방문자 삭제날짜 :2021-02-16 08:01:38:790
[18:04:22] TfrmMain.tGetVisitTimer 방문자 삭제(동/호/차번) : 1 / 105 / 803 / 151조4286
[18:04:22] TfrmMain.tGetVisitTimer 방문자 삭제날짜 :2021-02-15 04:03:51:297
[18:04:22] TfrmMain.tGetVisitTimer 방문자 삭제(동/호/차번) : 2 / 103 / 2503 / 224로1839
[18:04:22] TfrmMain.tGetVisitTimer 방문자 삭제날짜 :2021-02-15 04:03:39:300
[18:04:22] TfrmMain.tGetVisitTimer 방문자 삭제(동/호/차번) : 2 / 103 / 2503 / 06나7394
[18:04:22] TfrmMain.tGetVisitTimer 방문자 삭제날짜 :2021-02-13 17:55:44:117
[18:04:22] TfrmMain.tGetVisitTimer 방문자 삭제(동/호/차번) : 1 / 103 / 2704 / 40머7091
[18:04:22] TfrmMain.tGetVisitTimer 방문자 삭제날짜 :2021-02-12 20:38:47:387
[18:04:22] TfrmMain.tGetVisitTimer 방문자 삭제(동/호/차번) : 2 / 103 / 803 / 46저6638
[18:04:22] TfrmMain.tGetVisitTimer 방문자 삭제날짜 :2021-02-11 13:09:32:150
[18:04:22] TfrmMain.tGetVisitTimer 방문자 삭제(동/호/차번) : 2 / 103 / 2704 / 15로2368
[18:04:22] TfrmMain.tGetVisitTimer 방문자 삭제날짜 :2021-02-11 07:26:10:170
[18:04:22] TfrmMain.tGetVisitTimer 방문자 삭제(동/호/차번) : 2 / 103 / 803 / 46저6638
[18:04:22] TfrmMain.tGetVisitTimer 방문자 삭제날짜 :2021-02-10 15:53:42:730
[18:04:22] TfrmMain.tGetVisitTimer 방문자 삭제(동/호/차번) : 2 / 103 / 2704 / 15로2368
[18:04:22] TfrmMain.tGetVisitTimer 방문자 삭제날짜 :2021-02-09 18:55:44:320
[18:04:22] TfrmMain.tGetVisitTimer 방문자 삭제(동/호/차번) : 2 / 102 / 1601 / 64무1317
[18:04:22] TfrmMain.tGetVisitTimer 방문자 삭제날짜 :2021-02-09 07:59:28:827
[18:04:22] TfrmMain.tGetVisitTimer 방문자 삭제(동/호/차번) : 1 / 105 / 803 / 151조4286
[18:04:22] TfrmMain.tGetVisitTimer 방문자 삭제날짜 :2021-02-08 11:56:41:053
[18:04:22] TfrmMain.tGetVisitTimer 방문자 삭제(동/호/차번) : 2 / 103 / 2503 / 224로1839
[18:04:22] TfrmMain.tGetVisitTimer 방문자 삭제날짜 :2021-02-08 11:56:23:450
[18:04:22] TfrmMain.tGetVisitTimer 방문자 삭제(동/호/차번) : 2 / 103 / 2503 / 06나7394
[18:04:22] TfrmMain.tGetVisitTimer 방문자 삭제날짜 :2021-02-07 22:53:10:720
[18:04:22] TfrmMain.tGetVisitTimer 방문자 삭제(동/호/차번) : 2 / 103 / 803 / 46저6638
[18:04:22] TfrmMain.tGetVisitTimer 방문자 삭제날짜 :2021-02-07 22:52:50:150
[18:04:22] TfrmMain.tGetVisitTimer 방문자 삭제(동/호/차번) : 1 / 103 / 803 / 46저6638
[18:04:22] TfrmMain.tGetVisitTimer 방문자 삭제날짜 :2021-02-06 17:21:40:410
[18:04:22] TfrmMain.tGetVisitTimer 방문자 삭제(동/호/차번) : 2 / 103 / 3104 / 36서0245
[18:04:22] TfrmMain.tGetVisitTimer 방문자 삭제날짜 :2021-02-06 16:17:15:780
[18:04:22] TfrmMain.tGetVisitTimer 방문자 삭제(동/호/차번) : 1 / 103 / 3104 / 03거5241
[18:04:22] TfrmMain.tGetVisitTimer 방문자 삭제날짜 :2021-02-06 15:08:24:080
[18:04:22] TfrmMain.tGetVisitTimer 방문자 삭제(동/호/차번) : 1 / 103 / 701 / 20소6722
[18:04:22] TfrmMain.tGetVisitTimer 방문자 삭제날짜 :2021-02-05 22:20:05:740
[18:04:22] TfrmMain.tGetVisitTimer 방문자 삭제(동/호/차번) : 2 / 103 / 2704 / 15로2368
[18:04:22] TfrmMain.tGetVisitTimer 방문자 삭제날짜 :2021-02-05 20:02:45:827
[18:04:22] TfrmMain.tGetVisitTimer 방문자 삭제(동/호/차번) : 2 / 104 / 2104 / 68부6388
[18:04:22] TfrmMain.tGetVisitTimer 방문자 삭제날짜 :2021-02-05 19:22:22:617
[18:04:22] TfrmMain.tGetVisitTimer 방문자 삭제(동/호/차번) : 2 / 105 / 1803 / 20도0826
[18:04:22] TfrmMain.tGetVisitTimer 방문자 삭제날짜 :2021-02-05 17:44:44:690
[18:04:22] TfrmMain.tGetVisitTimer 방문자 삭제(동/호/차번) : 2 / 103 / 2704 / 15로2368
[18:04:22] TfrmMain.tGetVisitTimer 방문자 삭제날짜 :2021-02-05 17:36:15:657
[18:04:22] TfrmMain.tGetVisitTimer 방문자 삭제(동/호/차번) : 2 / 102 / 1302 / 45로4180
[18:04:22] TfrmMain.tGetVisitTimer 방문자 삭제날짜 :2021-02-05 16:33:02:033
[18:04:22] TfrmMain.tGetVisitTimer 방문자 삭제(동/호/차번) : 1 / 105 / 1702 / 39하3578
[18:04:22] TfrmMain.tGetVisitTimer 방문자 삭제날짜 :2021-02-05 14:10:39:047
[18:04:22] TfrmMain.tGetVisitTimer 방문자 삭제(동/호/차번) : 2 / 105 / 2302 / 43우0772
[18:04:22] TfrmMain.tGetVisitTimer 방문자 삭제날짜 :2021-02-04 18:45:27:737
[18:04:22] TfrmMain.tGetVisitTimer 방문자 삭제(동/호/차번) : 2 / 107 / 1601 / 35무0734
[18:04:22] TfrmMain.tGetVisitTimer 방문자 삭제날짜 :2021-02-04 09:42:03:393
[18:04:22] TfrmMain.tGetVisitTimer 방문자 삭제(동/호/차번) : 2 / 105 / 2202 / 152조2762
[18:04:22] TfrmMain.tGetVisitTimer 방문자 삭제날짜 :2021-02-03 11:18:04:917
[18:04:22] TfrmMain.tGetVisitTimer 방문자 삭제(동/호/차번) : 1 / 102 / 1601 / 64무1317
[18:04:22] TfrmMain.tGetVisitTimer 방문자 삭제날짜 :2021-02-02 14:14:14:360
[18:04:22] TfrmMain.tGetVisitTimer 방문자 삭제(동/호/차번) : 2 / 104 / 804 / 20소7126
[18:04:22] TfrmMain.tGetVisitTimer 방문자 삭제날짜 :2021-01-30 11:29:56:273
[18:04:22] TfrmMain.tGetVisitTimer 방문자 삭제(동/호/차번) : 2 / 108 / 701 / 26루7479
[18:04:22] TfrmMain.tGetVisitTimer 방문자 삭제날짜 :2021-01-25 12:46:53:997
[18:04:22] TfrmMain.tGetVisitTimer 방문자 삭제(동/호/차번) : 1 / 108 / 3002 / 162버6201
[18:04:22] TfrmMain.tGetVisitTimer 방문자 삭제날짜 :2021-01-24 16:38:25:090
[18:04:22] TfrmMain.tGetVisitTimer 방문자 삭제(동/호/차번) : 1 / 106 / 2002 / 29노6669
[18:04:22] TfrmMain.tGetVisitTimer 방문자 삭제날짜 :2021-01-24 13:08:50:957
[18:04:22] TfrmMain.tGetVisitTimer 방문자 삭제(동/호/차번) : 2 / 103 / 3104 / 314루4185
[18:04:22] TfrmMain.tGetVisitTimer 방문자 삭제날짜 :2021-01-22 16:29:40:057
[18:04:22] TfrmMain.tGetVisitTimer 방문자 삭제(동/호/차번) : 2 / 102 / 1302 / 45로4180
[18:04:22] TfrmMain.tGetVisitTimer 방문자 삭제날짜 :2021-01-22 07:49:40:160
[18:04:22] TfrmMain.tGetVisitTimer 방문자 삭제(동/호/차번) : 1 / 105 / 803 / 151조4286
[18:04:22] TfrmMain.tGetVisitTimer 방문자 삭제날짜 :2021-01-19 20:54:17:473
[18:04:22] TfrmMain.tGetVisitTimer 방문자 삭제(동/호/차번) : 1 / 105 / 1202 / 24마9654
[18:04:22] TfrmMain.tGetVisitTimer 방문자 삭제날짜 :2021-01-19 17:33:54:783
[18:04:22] TfrmMain.tGetVisitTimer 방문자 삭제(동/호/차번) : 2 / 105 / 3302 / 60다6419
[18:04:22] TfrmMain.tGetVisitTimer 방문자 삭제날짜 :2021-01-17 15:50:09:347
[18:04:22] TfrmMain.tGetVisitTimer 방문자 삭제(동/호/차번) : 1 / 108 / 1004 / 33로9087
[18:04:22] TfrmMain.tGetVisitTimer 방문자 삭제날짜 :2021-01-17 12:32:08:647
[18:04:22] TfrmMain.tGetVisitTimer 방문자 삭제(동/호/차번) : 1 / 104 / 1504 / 13조7015
[18:04:22] TfrmMain.tGetVisitTimer 방문자 삭제날짜 :2021-01-16 22:51:22:740
[18:04:22] TfrmMain.tGetVisitTimer 방문자 삭제(동/호/차번) : 1 / 103 / 2104 / 36두1035
[18:04:22] TfrmMain.tGetVisitTimer 방문자 삭제날짜 :2021-01-09 16:30:58:697
[18:04:22] TfrmMain.tGetVisitTimer 방문자 삭제(동/호/차번) : 1 / 108 / 1004 / 69오3830
[18:04:22] TfrmMain.tGetVisitTimer 방문자 삭제날짜 :2020-12-30 21:26:37:693
[18:04:22] TfrmMain.tGetVisitTimer 방문자 삭제(동/호/차번) : 2 / 107 / 1601 / 35무0734
[18:04:22] TfrmMain.tGetVisitTimer 방문자 삭제날짜 :2020-12-30 14:10:09:120
[18:04:22] TfrmMain.tGetVisitTimer 방문자 삭제(동/호/차번) : 1 / 105 / 3504 / 02누5881
[18:04:22] TfrmMain.tGetVisitTimer 방문자 삭제날짜 :2020-12-26 18:33:44:870
[18:04:22] TfrmMain.tGetVisitTimer 방문자 삭제(동/호/차번) : 2 / 105 / 2104 / 166허6792
[18:04:22] TfrmMain.tGetVisitTimer 방문자 삭제날짜 :2020-12-26 14:28:13:153
[18:04:22] TfrmMain.tGetVisitTimer 방문자 삭제(동/호/차번) : 1 / 105 / 1702 / 39하3578
[18:04:22] TfrmMain.tGetVisitTimer 방문자 삭제날짜 :2020-12-22 13:01:39:083
[18:04:22] TfrmMain.tGetVisitTimer 방문자 삭제(동/호/차번) : 1 / 107 / 501 / 19버8466
[18:04:22] TfrmMain.tGetVisitTimer 방문자 삭제날짜 :2020-12-21 08:30:00:653
[18:04:22] TfrmMain.tGetVisitTimer 방문자 삭제(동/호/차번) : 1 / 103 / 3404 / 60구0688
[18:04:22] TfrmMain.tGetVisitTimer 방문자 삭제날짜 :2020-12-14 10:15:41:323
[18:04:22] TfrmMain.tGetVisitTimer 방문자 삭제(동/호/차번) : 1 / 102 / 1403 / 09주7747
[18:04:22] TfrmMain.tGetVisitTimer 방문자 삭제날짜 :2020-12-14 10:15:33:857
[18:04:22] TfrmMain.tGetVisitTimer 방문자 삭제(동/호/차번) : 1 / 102 / 1403 / 09주7063
[18:04:22] TfrmMain.tGetVisitTimer 방문자 삭제날짜 :2020-12-10 17:45:46:253
[18:04:22] TfrmMain.tGetVisitTimer 방문자 삭제(동/호/차번) : 2 / 105 / 1103 / 56주7102
[18:04:22] TfrmMain.tGetVisitTimer 방문자 삭제날짜 :2020-11-28 14:35:12:430
[18:04:22] TfrmMain.tGetVisitTimer 방문자 삭제(동/호/차번) : 1 / 103 / 3503 / 10버6782
[18:04:22] TfrmMain.tGetVisitTimer 방문자 삭제날짜 :2020-11-20 14:03:21:990
[18:04:22] TfrmMain.tGetVisitTimer 방문자 삭제(동/호/차번) : 2 / 102 / 2402 / 39너8251
[18:04:22] TfrmMain.tGetVisitTimer 방문자 삭제날짜 :2020-09-30 12:45:00:087
[18:04:22] TfrmMain.tGetVisitTimer 방문자 삭제(동/호/차번) : 2 / 105 / 2104 / 39호5111
[18:04:22] TfrmMain.tGetVisitTimer 방문자 삭제날짜 :2020-08-26 11:39:19:237
[18:04:22] TfrmMain.tGetVisitTimer 방문자 삭제(동/호/차번) : 2 / 108 / 2803 / 36러1944
[18:04:22] TfrmMain.tGetVisitTimer 방문자 삭제날짜 :2020-04-07 17:30:50:210
[18:04:22] TfrmMain.tGetVisitTimer 방문자 삭제(동/호/차번) : 2 / 108 / 2803 / 57조5683
[18:04:22] TfrmMain.tGetVisitTimer 방문자 삭제날짜 :2019-11-22 18:47:35:420
[18:04:22] TfrmMain.tGetVisitTimer 방문자 삭제(동/호/차번) : 2 / 103 / 2404 / 387거3130
[18:04:22] TfrmMain.tGetVisitTimer 방문자 삭제날짜 :2019-11-02 17:13:19:920
[18:04:22] TfrmMain.tGetVisitTimer 방문자 삭제(동/호/차번) : 2 / 105 / 3503 / 05모7487
[18:04:22] TfrmMain.tGetVisitTimer 방문자 삭제날짜 :2019-08-02 15:49:33:303
[18:04:22] TfrmMain.tGetVisitTimer 방문자 삭제(동/호/차번) : 2 / 102 / 401 / 06다6438
[18:04:32] tGetVisitTimer: 방문자 정보 획득 시작
[18:04:32] tGetVisitTimer: 방문자 등록 정보 없음
[18:04:33] TfrmMain.tGetVisitTimer 방문자 삭제날짜 :2021-02-18 02:31:34:150
[18:04:33] TfrmMain.tGetVisitTimer 방문자 삭제(동/호/차번) : 2 / 103 / 2503 / 224로1394
[18:04:33] TfrmMain.tGetVisitTimer 방문자 삭제날짜 :2021-02-17 09:53:09:217
[18:04:33] TfrmMain.tGetVisitTimer 방문자 삭제(동/호/차번) : 2 / 103 / 2503 / 06나7394
[18:04:33] TfrmMain.tGetVisitTimer 방문자 삭제날짜 :2021-02-16 12:43:46:363
[18:04:33] TfrmMain.tGetVisitTimer 방문자 삭제(동/호/차번) : 2 / 102 / 2402 / 39너8251
[18:04:33] TfrmMain.tGetVisitTimer 방문자 삭제날짜 :2021-02-16 08:01:38:790
[18:04:33] TfrmMain.tGetVisitTimer 방문자 삭제(동/호/차번) : 1 / 105 / 803 / 151조4286
[18:04:33] TfrmMain.tGetVisitTimer 방문자 삭제날짜 :2021-02-15 04:03:51:297
[18:04:33] TfrmMain.tGetVisitTimer 방문자 삭제(동/호/차번) : 2 / 103 / 2503 / 224로1839
[18:04:33] TfrmMain.tGetVisitTimer 방문자 삭제날짜 :2021-02-15 04:03:39:300
[18:04:33] TfrmMain.tGetVisitTimer 방문자 삭제(동/호/차번) : 2 / 103 / 2503 / 06나7394
[18:04:33] TfrmMain.tGetVisitTimer 방문자 삭제날짜 :2021-02-13 17:55:44:117
[18:04:33] TfrmMain.tGetVisitTimer 방문자 삭제(동/호/차번) : 1 / 103 / 2704 / 40머7091
[18:04:33] TfrmMain.tGetVisitTimer 방문자 삭제날짜 :2021-02-12 20:38:47:387
[18:04:33] TfrmMain.tGetVisitTimer 방문자 삭제(동/호/차번) : 2 / 103 / 803 / 46저6638
[18:04:33] TfrmMain.tGetVisitTimer 방문자 삭제날짜 :2021-02-11 13:09:32:150
[18:04:33] TfrmMain.tGetVisitTimer 방문자 삭제(동/호/차번) : 2 / 103 / 2704 / 15로2368
[18:04:33] TfrmMain.tGetVisitTimer 방문자 삭제날짜 :2021-02-11 07:26:10:170
[18:04:33] TfrmMain.tGetVisitTimer 방문자 삭제(동/호/차번) : 2 / 103 / 803 / 46저6638
[18:04:33] TfrmMain.tGetVisitTimer 방문자 삭제날짜 :2021-02-10 15:53:42:730
[18:04:33] TfrmMain.tGetVisitTimer 방문자 삭제(동/호/차번) : 2 / 103 / 2704 / 15로2368
[18:04:33] TfrmMain.tGetVisitTimer 방문자 삭제날짜 :2021-02-09 18:55:44:320
[18:04:33] TfrmMain.tGetVisitTimer 방문자 삭제(동/호/차번) : 2 / 102 / 1601 / 64무1317
[18:04:33] TfrmMain.tGetVisitTimer 방문자 삭제날짜 :2021-02-09 07:59:28:827
[18:04:33] TfrmMain.tGetVisitTimer 방문자 삭제(동/호/차번) : 1 / 105 / 803 / 151조4286
[18:04:33] TfrmMain.tGetVisitTimer 방문자 삭제날짜 :2021-02-08 11:56:41:053
[18:04:33] TfrmMain.tGetVisitTimer 방문자 삭제(동/호/차번) : 2 / 103 / 2503 / 224로1839
[18:04:33] TfrmMain.tGetVisitTimer 방문자 삭제날짜 :2021-02-08 11:56:23:450
[18:04:33] TfrmMain.tGetVisitTimer 방문자 삭제(동/호/차번) : 2 / 103 / 2503 / 06나7394
[18:04:33] TfrmMain.tGetVisitTimer 방문자 삭제날짜 :2021-02-07 22:53:10:720
[18:04:33] TfrmMain.tGetVisitTimer 방문자 삭제(동/호/차번) : 2 / 103 / 803 / 46저6638
[18:04:33] TfrmMain.tGetVisitTimer 방문자 삭제날짜 :2021-02-07 22:52:50:150
[18:04:33] TfrmMain.tGetVisitTimer 방문자 삭제(동/호/차번) : 1 / 103 / 803 / 46저6638
[18:04:33] TfrmMain.tGetVisitTimer 방문자 삭제날짜 :2021-02-06 17:21:40:410
[18:04:33] TfrmMain.tGetVisitTimer 방문자 삭제(동/호/차번) : 2 / 103 / 3104 / 36서0245
[18:04:33] TfrmMain.tGetVisitTimer 방문자 삭제날짜 :2021-02-06 16:17:15:780
[18:04:33] TfrmMain.tGetVisitTimer 방문자 삭제(동/호/차번) : 1 / 103 / 3104 / 03거5241
[18:04:33] TfrmMain.tGetVisitTimer 방문자 삭제날짜 :2021-02-06 15:08:24:080
[18:04:33] TfrmMain.tGetVisitTimer 방문자 삭제(동/호/차번) : 1 / 103 / 701 / 20소6722
[18:04:33] TfrmMain.tGetVisitTimer 방문자 삭제날짜 :2021-02-05 22:20:05:740
[18:04:33] TfrmMain.tGetVisitTimer 방문자 삭제(동/호/차번) : 2 / 103 / 2704 / 15로2368
[18:04:33] TfrmMain.tGetVisitTimer 방문자 삭제날짜 :2021-02-05 20:02:45:827
[18:04:33] TfrmMain.tGetVisitTimer 방문자 삭제(동/호/차번) : 2 / 104 / 2104 / 68부6388
[18:04:33] TfrmMain.tGetVisitTimer 방문자 삭제날짜 :2021-02-05 19:22:22:617
[18:04:33] TfrmMain.tGetVisitTimer 방문자 삭제(동/호/차번) : 2 / 105 / 1803 / 20도0826
[18:04:33] TfrmMain.tGetVisitTimer 방문자 삭제날짜 :2021-02-05 17:44:44:690
[18:04:33] TfrmMain.tGetVisitTimer 방문자 삭제(동/호/차번) : 2 / 103 / 2704 / 15로2368
[18:04:33] TfrmMain.tGetVisitTimer 방문자 삭제날짜 :2021-02-05 17:36:15:657
[18:04:33] TfrmMain.tGetVisitTimer 방문자 삭제(동/호/차번) : 2 / 102 / 1302 / 45로4180
[18:04:33] TfrmMain.tGetVisitTimer 방문자 삭제날짜 :2021-02-05 16:33:02:033
[18:04:33] TfrmMain.tGetVisitTimer 방문자 삭제(동/호/차번) : 1 / 105 / 1702 / 39하3578
[18:04:33] TfrmMain.tGetVisitTimer 방문자 삭제날짜 :2021-02-05 14:10:39:047
[18:04:33] TfrmMain.tGetVisitTimer 방문자 삭제(동/호/차번) : 2 / 105 / 2302 / 43우0772
[18:04:33] TfrmMain.tGetVisitTimer 방문자 삭제날짜 :2021-02-04 18:45:27:737
[18:04:33] TfrmMain.tGetVisitTimer 방문자 삭제(동/호/차번) : 2 / 107 / 1601 / 35무0734
[18:04:33] TfrmMain.tGetVisitTimer 방문자 삭제날짜 :2021-02-04 09:42:03:393
[18:04:33] TfrmMain.tGetVisitTimer 방문자 삭제(동/호/차번) : 2 / 105 / 2202 / 152조2762
[18:04:33] TfrmMain.tGetVisitTimer 방문자 삭제날짜 :2021-02-03 11:18:04:917
[18:04:33] TfrmMain.tGetVisitTimer 방문자 삭제(동/호/차번) : 1 / 102 / 1601 / 64무1317
[18:04:33] TfrmMain.tGetVisitTimer 방문자 삭제날짜 :2021-02-02 14:14:14:360
[18:04:33] TfrmMain.tGetVisitTimer 방문자 삭제(동/호/차번) : 2 / 104 / 804 / 20소7126
[18:04:33] TfrmMain.tGetVisitTimer 방문자 삭제날짜 :2021-01-30 11:29:56:273
[18:04:33] TfrmMain.tGetVisitTimer 방문자 삭제(동/호/차번) : 2 / 108 / 701 / 26루7479
[18:04:33] TfrmMain.tGetVisitTimer 방문자 삭제날짜 :2021-01-25 12:46:53:997
[18:04:33] TfrmMain.tGetVisitTimer 방문자 삭제(동/호/차번) : 1 / 108 / 3002 / 162버6201
[18:04:33] TfrmMain.tGetVisitTimer 방문자 삭제날짜 :2021-01-24 16:38:25:090
[18:04:33] TfrmMain.tGetVisitTimer 방문자 삭제(동/호/차번) : 1 / 106 / 2002 / 29노6669
[18:04:33] TfrmMain.tGetVisitTimer 방문자 삭제날짜 :2021-01-24 13:08:50:957
[18:04:33] TfrmMain.tGetVisitTimer 방문자 삭제(동/호/차번) : 2 / 103 / 3104 / 314루4185
[18:04:33] TfrmMain.tGetVisitTimer 방문자 삭제날짜 :2021-01-22 16:29:40:057
[18:04:33] TfrmMain.tGetVisitTimer 방문자 삭제(동/호/차번) : 2 / 102 / 1302 / 45로4180
[18:04:33] TfrmMain.tGetVisitTimer 방문자 삭제날짜 :2021-01-22 07:49:40:160
[18:04:33] TfrmMain.tGetVisitTimer 방문자 삭제(동/호/차번) : 1 / 105 / 803 / 151조4286
[18:04:33] TfrmMain.tGetVisitTimer 방문자 삭제날짜 :2021-01-19 20:54:17:473
[18:04:33] TfrmMain.tGetVisitTimer 방문자 삭제(동/호/차번) : 1 / 105 / 1202 / 24마9654
[18:04:33] TfrmMain.tGetVisitTimer 방문자 삭제날짜 :2021-01-19 17:33:54:783
[18:04:33] TfrmMain.tGetVisitTimer 방문자 삭제(동/호/차번) : 2 / 105 / 3302 / 60다6419
[18:04:33] TfrmMain.tGetVisitTimer 방문자 삭제날짜 :2021-01-17 15:50:09:347
[18:04:33] TfrmMain.tGetVisitTimer 방문자 삭제(동/호/차번) : 1 / 108 / 1004 / 33로9087
[18:04:33] TfrmMain.tGetVisitTimer 방문자 삭제날짜 :2021-01-17 12:32:08:647
[18:04:33] TfrmMain.tGetVisitTimer 방문자 삭제(동/호/차번) : 1 / 104 / 1504 / 13조7015
[18:04:33] TfrmMain.tGetVisitTimer 방문자 삭제날짜 :2021-01-16 22:51:22:740
[18:04:33] TfrmMain.tGetVisitTimer 방문자 삭제(동/호/차번) : 1 / 103 / 2104 / 36두1035
[18:04:33] TfrmMain.tGetVisitTimer 방문자 삭제날짜 :2021-01-09 16:30:58:697
[18:04:33] TfrmMain.tGetVisitTimer 방문자 삭제(동/호/차번) : 1 / 108 / 1004 / 69오3830
[18:04:33] TfrmMain.tGetVisitTimer 방문자 삭제날짜 :2020-12-30 21:26:37:693
[18:04:33] TfrmMain.tGetVisitTimer 방문자 삭제(동/호/차번) : 2 / 107 / 1601 / 35무0734
[18:04:33] TfrmMain.tGetVisitTimer 방문자 삭제날짜 :2020-12-30 14:10:09:120
[18:04:33] TfrmMain.tGetVisitTimer 방문자 삭제(동/호/차번) : 1 / 105 / 3504 / 02누5881
[18:04:33] TfrmMain.tGetVisitTimer 방문자 삭제날짜 :2020-12-26 18:33:44:870
[18:04:33] TfrmMain.tGetVisitTimer 방문자 삭제(동/호/차번) : 2 / 105 / 2104 / 166허6792
[18:04:33] TfrmMain.tGetVisitTimer 방문자 삭제날짜 :2020-12-26 14:28:13:153
[18:04:33] TfrmMain.tGetVisitTimer 방문자 삭제(동/호/차번) : 1 / 105 / 1702 / 39하3578
[18:04:33] TfrmMain.tGetVisitTimer 방문자 삭제날짜 :2020-12-22 13:01:39:083
[18:04:33] TfrmMain.tGetVisitTimer 방문자 삭제(동/호/차번) : 1 / 107 / 501 / 19버8466
[18:04:33] TfrmMain.tGetVisitTimer 방문자 삭제날짜 :2020-12-21 08:30:00:653
[18:04:33] TfrmMain.tGetVisitTimer 방문자 삭제(동/호/차번) : 1 / 103 / 3404 / 60구0688
[18:04:33] TfrmMain.tGetVisitTimer 방문자 삭제날짜 :2020-12-14 10:15:41:323
[18:04:33] TfrmMain.tGetVisitTimer 방문자 삭제(동/호/차번) : 1 / 102 / 1403 / 09주7747
[18:04:33] TfrmMain.tGetVisitTimer 방문자 삭제날짜 :2020-12-14 10:15:33:857
[18:04:33] TfrmMain.tGetVisitTimer 방문자 삭제(동/호/차번) : 1 / 102 / 1403 / 09주7063
[18:04:33] TfrmMain.tGetVisitTimer 방문자 삭제날짜 :2020-12-10 17:45:46:253
[18:04:33] TfrmMain.tGetVisitTimer 방문자 삭제(동/호/차번) : 2 / 105 / 1103 / 56주7102
[18:04:33] TfrmMain.tGetVisitTimer 방문자 삭제날짜 :2020-11-28 14:35:12:430
[18:04:33] TfrmMain.tGetVisitTimer 방문자 삭제(동/호/차번) : 1 / 103 / 3503 / 10버6782
[18:04:33] TfrmMain.tGetVisitTimer 방문자 삭제날짜 :2020-11-20 14:03:21:990
[18:04:33] TfrmMain.tGetVisitTimer 방문자 삭제(동/호/차번) : 2 / 102 / 2402 / 39너8251
[18:04:33] TfrmMain.tGetVisitTimer 방문자 삭제날짜 :2020-09-30 12:45:00:087
[18:04:33] TfrmMain.tGetVisitTimer 방문자 삭제(동/호/차번) : 2 / 105 / 2104 / 39호5111
[18:04:33] TfrmMain.tGetVisitTimer 방문자 삭제날짜 :2020-08-26 11:39:19:237
[18:04:33] TfrmMain.tGetVisitTimer 방문자 삭제(동/호/차번) : 2 / 108 / 2803 / 36러1944
[18:04:33] TfrmMain.tGetVisitTimer 방문자 삭제날짜 :2020-04-07 17:30:50:210
[18:04:33] TfrmMain.tGetVisitTimer 방문자 삭제(동/호/차번) : 2 / 108 / 2803 / 57조5683
[18:04:33] TfrmMain.tGetVisitTimer 방문자 삭제날짜 :2019-11-22 18:47:35:420
[18:04:33] TfrmMain.tGetVisitTimer 방문자 삭제(동/호/차번) : 2 / 103 / 2404 / 387거3130
[18:04:33] TfrmMain.tGetVisitTimer 방문자 삭제날짜 :2019-11-02 17:13:19:920
[18:04:33] TfrmMain.tGetVisitTimer 방문자 삭제(동/호/차번) : 2 / 105 / 3503 / 05모7487
[18:04:38] 단지서버(홈넷) Ping 정상! (단지서버 IP-127.0.0.1)
[18:04:48] tGetVisitTimer: 방문자 정보 획득 시작
[18:04:48] tGetVisitTimer: 방문자 등록 정보 없음
[18:04:48] TfrmMain.tGetVisitTimer 방문자 삭제날짜 :2021-02-17 09:53:09:217
[18:04:48] TfrmMain.tGetVisitTimer 방문자 삭제(동/호/차번) : 2 / 103 / 2503 / 06나7394
[18:04:48] TfrmMain.tGetVisitTimer 방문자 삭제날짜 :2021-02-16 12:43:46:363
[18:04:48] TfrmMain.tGetVisitTimer 방문자 삭제(동/호/차번) : 2 / 102 / 2402 / 39너8251
[18:04:48] TfrmMain.tGetVisitTimer 방문자 삭제날짜 :2021-02-16 08:01:38:790
[18:04:48] TfrmMain.tGetVisitTimer 방문자 삭제(동/호/차번) : 1 / 105 / 803 / 151조4286
[18:04:48] TfrmMain.tGetVisitTimer 방문자 삭제날짜 :2021-02-15 04:03:51:297
[18:04:48] TfrmMain.tGetVisitTimer 방문자 삭제(동/호/차번) : 2 / 103 / 2503 / 224로1839
[18:04:48] TfrmMain.tGetVisitTimer 방문자 삭제날짜 :2021-02-15 04:03:39:300
[18:04:48] TfrmMain.tGetVisitTimer 방문자 삭제(동/호/차번) : 2 / 103 / 2503 / 06나7394
[18:04:48] TfrmMain.tGetVisitTimer 방문자 삭제날짜 :2021-02-13 17:55:44:117
[18:04:48] TfrmMain.tGetVisitTimer 방문자 삭제(동/호/차번) : 1 / 103 / 2704 / 40머7091
[18:04:48] TfrmMain.tGetVisitTimer 방문자 삭제날짜 :2021-02-12 20:38:47:387
[18:04:48] TfrmMain.tGetVisitTimer 방문자 삭제(동/호/차번) : 2 / 103 / 803 / 46저6638
[18:04:48] TfrmMain.tGetVisitTimer 방문자 삭제날짜 :2021-02-11 13:09:32:150
[18:04:48] TfrmMain.tGetVisitTimer 방문자 삭제(동/호/차번) : 2 / 103 / 2704 / 15로2368
[18:04:48] TfrmMain.tGetVisitTimer 방문자 삭제날짜 :2021-02-11 07:26:10:170
[18:04:48] TfrmMain.tGetVisitTimer 방문자 삭제(동/호/차번) : 2 / 103 / 803 / 46저6638
[18:04:48] TfrmMain.tGetVisitTimer 방문자 삭제날짜 :2021-02-10 15:53:42:730
[18:04:48] TfrmMain.tGetVisitTimer 방문자 삭제(동/호/차번) : 2 / 103 / 2704 / 15로2368
[18:04:48] TfrmMain.tGetVisitTimer 방문자 삭제날짜 :2021-02-09 18:55:44:320
[18:04:48] TfrmMain.tGetVisitTimer 방문자 삭제(동/호/차번) : 2 / 102 / 1601 / 64무1317
[18:04:48] TfrmMain.tGetVisitTimer 방문자 삭제날짜 :2021-02-09 07:59:28:827
[18:04:48] TfrmMain.tGetVisitTimer 방문자 삭제(동/호/차번) : 1 / 105 / 803 / 151조4286
[18:04:48] TfrmMain.tGetVisitTimer 방문자 삭제날짜 :2021-02-08 11:56:41:053
[18:04:48] TfrmMain.tGetVisitTimer 방문자 삭제(동/호/차번) : 2 / 103 / 2503 / 224로1839
[18:04:48] TfrmMain.tGetVisitTimer 방문자 삭제날짜 :2021-02-08 11:56:23:450
[18:04:48] TfrmMain.tGetVisitTimer 방문자 삭제(동/호/차번) : 2 / 103 / 2503 / 06나7394
[18:04:48] TfrmMain.tGetVisitTimer 방문자 삭제날짜 :2021-02-07 22:53:10:720
[18:04:48] TfrmMain.tGetVisitTimer 방문자 삭제(동/호/차번) : 2 / 103 / 803 / 46저6638
[18:04:48] TfrmMain.tGetVisitTimer 방문자 삭제날짜 :2021-02-07 22:52:50:150
[18:04:48] TfrmMain.tGetVisitTimer 방문자 삭제(동/호/차번) : 1 / 103 / 803 / 46저6638
[18:04:48] TfrmMain.tGetVisitTimer 방문자 삭제날짜 :2021-02-06 17:21:40:410
[18:04:48] TfrmMain.tGetVisitTimer 방문자 삭제(동/호/차번) : 2 / 103 / 3104 / 36서0245
[18:04:48] TfrmMain.tGetVisitTimer 방문자 삭제날짜 :2021-02-06 16:17:15:780
[18:04:48] TfrmMain.tGetVisitTimer 방문자 삭제(동/호/차번) : 1 / 103 / 3104 / 03거5241
[18:04:48] TfrmMain.tGetVisitTimer 방문자 삭제날짜 :2021-02-06 15:08:24:080
[18:04:48] TfrmMain.tGetVisitTimer 방문자 삭제(동/호/차번) : 1 / 103 / 701 / 20소6722
[18:04:48] TfrmMain.tGetVisitTimer 방문자 삭제날짜 :2021-02-05 22:20:05:740
[18:04:48] TfrmMain.tGetVisitTimer 방문자 삭제(동/호/차번) : 2 / 103 / 2704 / 15로2368
[18:04:48] TfrmMain.tGetVisitTimer 방문자 삭제날짜 :2021-02-05 20:02:45:827
[18:04:48] TfrmMain.tGetVisitTimer 방문자 삭제(동/호/차번) : 2 / 104 / 2104 / 68부6388
[18:04:48] TfrmMain.tGetVisitTimer 방문자 삭제날짜 :2021-02-05 19:22:22:617
[18:04:48] TfrmMain.tGetVisitTimer 방문자 삭제(동/호/차번) : 2 / 105 / 1803 / 20도0826
[18:04:48] TfrmMain.tGetVisitTimer 방문자 삭제날짜 :2021-02-05 17:44:44:690
[18:04:48] TfrmMain.tGetVisitTimer 방문자 삭제(동/호/차번) : 2 / 103 / 2704 / 15로2368
[18:04:48] TfrmMain.tGetVisitTimer 방문자 삭제날짜 :2021-02-05 17:36:15:657
[18:04:48] TfrmMain.tGetVisitTimer 방문자 삭제(동/호/차번) : 2 / 102 / 1302 / 45로4180
[18:04:48] TfrmMain.tGetVisitTimer 방문자 삭제날짜 :2021-02-05 16:33:02:033
[18:04:48] TfrmMain.tGetVisitTimer 방문자 삭제(동/호/차번) : 1 / 105 / 1702 / 39하3578
[18:04:48] TfrmMain.tGetVisitTimer 방문자 삭제날짜 :2021-02-05 14:10:39:047
[18:04:48] TfrmMain.tGetVisitTimer 방문자 삭제(동/호/차번) : 2 / 105 / 2302 / 43우0772
[18:04:48] TfrmMain.tGetVisitTimer 방문자 삭제날짜 :2021-02-04 18:45:27:737
[18:04:48] TfrmMain.tGetVisitTimer 방문자 삭제(동/호/차번) : 2 / 107 / 1601 / 35무0734
[18:04:48] TfrmMain.tGetVisitTimer 방문자 삭제날짜 :2021-02-04 09:42:03:393
[18:04:48] TfrmMain.tGetVisitTimer 방문자 삭제(동/호/차번) : 2 / 105 / 2202 / 152조2762
[18:04:48] TfrmMain.tGetVisitTimer 방문자 삭제날짜 :2021-02-03 11:18:04:917
[18:04:48] TfrmMain.tGetVisitTimer 방문자 삭제(동/호/차번) : 1 / 102 / 1601 / 64무1317
[18:04:48] TfrmMain.tGetVisitTimer 방문자 삭제날짜 :2021-02-02 14:14:14:360
[18:04:48] TfrmMain.tGetVisitTimer 방문자 삭제(동/호/차번) : 2 / 104 / 804 / 20소7126
[18:04:48] TfrmMain.tGetVisitTimer 방문자 삭제날짜 :2021-01-30 11:29:56:273
[18:04:48] TfrmMain.tGetVisitTimer 방문자 삭제(동/호/차번) : 2 / 108 / 701 / 26루7479
[18:04:48] TfrmMain.tGetVisitTimer 방문자 삭제날짜 :2021-01-25 12:46:53:997
[18:04:48] TfrmMain.tGetVisitTimer 방문자 삭제(동/호/차번) : 1 / 108 / 3002 / 162버6201
[18:04:48] TfrmMain.tGetVisitTimer 방문자 삭제날짜 :2021-01-24 16:38:25:090
[18:04:48] TfrmMain.tGetVisitTimer 방문자 삭제(동/호/차번) : 1 / 106 / 2002 / 29노6669
[18:04:48] TfrmMain.tGetVisitTimer 방문자 삭제날짜 :2021-01-24 13:08:50:957
[18:04:48] TfrmMain.tGetVisitTimer 방문자 삭제(동/호/차번) : 2 / 103 / 3104 / 314루4185
[18:04:48] TfrmMain.tGetVisitTimer 방문자 삭제날짜 :2021-01-22 16:29:40:057
[18:04:48] TfrmMain.tGetVisitTimer 방문자 삭제(동/호/차번) : 2 / 102 / 1302 / 45로4180
[18:04:48] TfrmMain.tGetVisitTimer 방문자 삭제날짜 :2021-01-22 07:49:40:160
[18:04:48] TfrmMain.tGetVisitTimer 방문자 삭제(동/호/차번) : 1 / 105 / 803 / 151조4286
[18:04:48] TfrmMain.tGetVisitTimer 방문자 삭제날짜 :2021-01-19 20:54:17:473
[18:04:48] TfrmMain.tGetVisitTimer 방문자 삭제(동/호/차번) : 1 / 105 / 1202 / 24마9654
[18:04:48] TfrmMain.tGetVisitTimer 방문자 삭제날짜 :2021-01-19 17:33:54:783
[18:04:48] TfrmMain.tGetVisitTimer 방문자 삭제(동/호/차번) : 2 / 105 / 3302 / 60다6419
[18:04:48] TfrmMain.tGetVisitTimer 방문자 삭제날짜 :2021-01-17 15:50:09:347
[18:04:48] TfrmMain.tGetVisitTimer 방문자 삭제(동/호/차번) : 1 / 108 / 1004 / 33로9087
[18:04:48] TfrmMain.tGetVisitTimer 방문자 삭제날짜 :2021-01-17 12:32:08:647
[18:04:48] TfrmMain.tGetVisitTimer 방문자 삭제(동/호/차번) : 1 / 104 / 1504 / 13조7015
[18:04:48] TfrmMain.tGetVisitTimer 방문자 삭제날짜 :2021-01-16 22:51:22:740
[18:04:48] TfrmMain.tGetVisitTimer 방문자 삭제(동/호/차번) : 1 / 103 / 2104 / 36두1035
[18:04:48] TfrmMain.tGetVisitTimer 방문자 삭제날짜 :2021-01-09 16:30:58:697
[18:04:48] TfrmMain.tGetVisitTimer 방문자 삭제(동/호/차번) : 1 / 108 / 1004 / 69오3830
[18:04:48] TfrmMain.tGetVisitTimer 방문자 삭제날짜 :2020-12-30 21:26:37:693
[18:04:48] TfrmMain.tGetVisitTimer 방문자 삭제(동/호/차번) : 2 / 107 / 1601 / 35무0734
[18:04:48] TfrmMain.tGetVisitTimer 방문자 삭제날짜 :2020-12-30 14:10:09:120
[18:04:48] TfrmMain.tGetVisitTimer 방문자 삭제(동/호/차번) : 1 / 105 / 3504 / 02누5881
[18:04:48] TfrmMain.tGetVisitTimer 방문자 삭제날짜 :2020-12-26 18:33:44:870
[18:04:48] TfrmMain.tGetVisitTimer 방문자 삭제(동/호/차번) : 2 / 105 / 2104 / 166허6792
[18:04:48] TfrmMain.tGetVisitTimer 방문자 삭제날짜 :2020-12-26 14:28:13:153
[18:04:48] TfrmMain.tGetVisitTimer 방문자 삭제(동/호/차번) : 1 / 105 / 1702 / 39하3578
[18:04:48] TfrmMain.tGetVisitTimer 방문자 삭제날짜 :2020-12-22 13:01:39:083
[18:04:48] TfrmMain.tGetVisitTimer 방문자 삭제(동/호/차번) : 1 / 107 / 501 / 19버8466
[18:04:48] TfrmMain.tGetVisitTimer 방문자 삭제날짜 :2020-12-21 08:30:00:653
[18:04:48] TfrmMain.tGetVisitTimer 방문자 삭제(동/호/차번) : 1 / 103 / 3404 / 60구0688
[18:04:48] TfrmMain.tGetVisitTimer 방문자 삭제날짜 :2020-12-14 10:15:41:323
[18:04:48] TfrmMain.tGetVisitTimer 방문자 삭제(동/호/차번) : 1 / 102 / 1403 / 09주7747
[18:04:48] TfrmMain.tGetVisitTimer 방문자 삭제날짜 :2020-12-14 10:15:33:857
[18:04:48] TfrmMain.tGetVisitTimer 방문자 삭제(동/호/차번) : 1 / 102 / 1403 / 09주7063
[18:04:48] TfrmMain.tGetVisitTimer 방문자 삭제날짜 :2020-12-10 17:45:46:253
[18:04:48] TfrmMain.tGetVisitTimer 방문자 삭제(동/호/차번) : 2 / 105 / 1103 / 56주7102
[18:04:48] TfrmMain.tGetVisitTimer 방문자 삭제날짜 :2020-11-28 14:35:12:430
[18:04:48] TfrmMain.tGetVisitTimer 방문자 삭제(동/호/차번) : 1 / 103 / 3503 / 10버6782
[18:04:48] TfrmMain.tGetVisitTimer 방문자 삭제날짜 :2020-11-20 14:03:21:990
[18:04:48] TfrmMain.tGetVisitTimer 방문자 삭제(동/호/차번) : 2 / 102 / 2402 / 39너8251
[18:04:48] TfrmMain.tGetVisitTimer 방문자 삭제날짜 :2020-09-30 12:45:00:087
[18:04:48] TfrmMain.tGetVisitTimer 방문자 삭제(동/호/차번) : 2 / 105 / 2104 / 39호5111
[18:04:48] TfrmMain.tGetVisitTimer 방문자 삭제날짜 :2020-08-26 11:39:19:237
[18:04:48] TfrmMain.tGetVisitTimer 방문자 삭제(동/호/차번) : 2 / 108 / 2803 / 36러1944
[18:04:48] TfrmMain.tGetVisitTimer 방문자 삭제날짜 :2020-04-07 17:30:50:210
[18:04:48] TfrmMain.tGetVisitTimer 방문자 삭제(동/호/차번) : 2 / 108 / 2803 / 57조5683
[18:04:48] TfrmMain.tGetVisitTimer 방문자 삭제날짜 :2019-11-22 18:47:35:420
[18:04:48] TfrmMain.tGetVisitTimer 방문자 삭제(동/호/차번) : 2 / 103 / 2404 / 387거3130
[18:04:58] tGetVisitTimer: 방문자 정보 획득 시작
[18:04:58] tGetVisitTimer: 방문자 등록 정보 없음
[18:04:58] TfrmMain.tGetVisitTimer 방문자 삭제날짜 :2021-02-16 12:43:46:363
[18:04:58] TfrmMain.tGetVisitTimer 방문자 삭제(동/호/차번) : 2 / 102 / 2402 / 39너8251
[18:04:58] TfrmMain.tGetVisitTimer 방문자 삭제날짜 :2021-02-16 08:01:38:790
[18:04:58] TfrmMain.tGetVisitTimer 방문자 삭제(동/호/차번) : 1 / 105 / 803 / 151조4286
[18:04:58] TfrmMain.tGetVisitTimer 방문자 삭제날짜 :2021-02-15 04:03:51:297
[18:04:58] TfrmMain.tGetVisitTimer 방문자 삭제(동/호/차번) : 2 / 103 / 2503 / 224로1839
[18:04:58] TfrmMain.tGetVisitTimer 방문자 삭제날짜 :2021-02-15 04:03:39:300
[18:04:58] TfrmMain.tGetVisitTimer 방문자 삭제(동/호/차번) : 2 / 103 / 2503 / 06나7394
[18:04:58] TfrmMain.tGetVisitTimer 방문자 삭제날짜 :2021-02-13 17:55:44:117
[18:04:58] TfrmMain.tGetVisitTimer 방문자 삭제(동/호/차번) : 1 / 103 / 2704 / 40머7091
[18:04:58] TfrmMain.tGetVisitTimer 방문자 삭제날짜 :2021-02-12 20:38:47:387
[18:04:58] TfrmMain.tGetVisitTimer 방문자 삭제(동/호/차번) : 2 / 103 / 803 / 46저6638
[18:04:58] TfrmMain.tGetVisitTimer 방문자 삭제날짜 :2021-02-11 13:09:32:150
[18:04:58] TfrmMain.tGetVisitTimer 방문자 삭제(동/호/차번) : 2 / 103 / 2704 / 15로2368
[18:04:58] TfrmMain.tGetVisitTimer 방문자 삭제날짜 :2021-02-11 07:26:10:170
[18:04:58] TfrmMain.tGetVisitTimer 방문자 삭제(동/호/차번) : 2 / 103 / 803 / 46저6638
[18:04:58] TfrmMain.tGetVisitTimer 방문자 삭제날짜 :2021-02-10 15:53:42:730
[18:04:58] TfrmMain.tGetVisitTimer 방문자 삭제(동/호/차번) : 2 / 103 / 2704 / 15로2368
[18:04:58] TfrmMain.tGetVisitTimer 방문자 삭제날짜 :2021-02-09 18:55:44:320
[18:04:58] TfrmMain.tGetVisitTimer 방문자 삭제(동/호/차번) : 2 / 102 / 1601 / 64무1317
[18:04:58] TfrmMain.tGetVisitTimer 방문자 삭제날짜 :2021-02-09 07:59:28:827
[18:04:58] TfrmMain.tGetVisitTimer 방문자 삭제(동/호/차번) : 1 / 105 / 803 / 151조4286
[18:04:58] TfrmMain.tGetVisitTimer 방문자 삭제날짜 :2021-02-08 11:56:41:053
[18:04:58] TfrmMain.tGetVisitTimer 방문자 삭제(동/호/차번) : 2 / 103 / 2503 / 224로1839
[18:04:58] TfrmMain.tGetVisitTimer 방문자 삭제날짜 :2021-02-08 11:56:23:450
[18:04:58] TfrmMain.tGetVisitTimer 방문자 삭제(동/호/차번) : 2 / 103 / 2503 / 06나7394
[18:04:58] TfrmMain.tGetVisitTimer 방문자 삭제날짜 :2021-02-07 22:53:10:720
[18:04:58] TfrmMain.tGetVisitTimer 방문자 삭제(동/호/차번) : 2 / 103 / 803 / 46저6638
[18:04:58] TfrmMain.tGetVisitTimer 방문자 삭제날짜 :2021-02-07 22:52:50:150
[18:04:58] TfrmMain.tGetVisitTimer 방문자 삭제(동/호/차번) : 1 / 103 / 803 / 46저6638
[18:04:58] TfrmMain.tGetVisitTimer 방문자 삭제날짜 :2021-02-06 17:21:40:410
[18:04:58] TfrmMain.tGetVisitTimer 방문자 삭제(동/호/차번) : 2 / 103 / 3104 / 36서0245
[18:04:58] TfrmMain.tGetVisitTimer 방문자 삭제날짜 :2021-02-06 16:17:15:780
[18:04:58] TfrmMain.tGetVisitTimer 방문자 삭제(동/호/차번) : 1 / 103 / 3104 / 03거5241
[18:04:58] TfrmMain.tGetVisitTimer 방문자 삭제날짜 :2021-02-06 15:08:24:080
[18:04:58] TfrmMain.tGetVisitTimer 방문자 삭제(동/호/차번) : 1 / 103 / 701 / 20소6722
[18:04:58] TfrmMain.tGetVisitTimer 방문자 삭제날짜 :2021-02-05 22:20:05:740
[18:04:58] TfrmMain.tGetVisitTimer 방문자 삭제(동/호/차번) : 2 / 103 / 2704 / 15로2368
[18:04:58] TfrmMain.tGetVisitTimer 방문자 삭제날짜 :2021-02-05 20:02:45:827
[18:04:58] TfrmMain.tGetVisitTimer 방문자 삭제(동/호/차번) : 2 / 104 / 2104 / 68부6388
[18:04:58] TfrmMain.tGetVisitTimer 방문자 삭제날짜 :2021-02-05 19:22:22:617
[18:04:58] TfrmMain.tGetVisitTimer 방문자 삭제(동/호/차번) : 2 / 105 / 1803 / 20도0826
[18:04:58] TfrmMain.tGetVisitTimer 방문자 삭제날짜 :2021-02-05 17:44:44:690
[18:04:58] TfrmMain.tGetVisitTimer 방문자 삭제(동/호/차번) : 2 / 103 / 2704 / 15로2368
[18:04:58] TfrmMain.tGetVisitTimer 방문자 삭제날짜 :2021-02-05 17:36:15:657
[18:04:58] TfrmMain.tGetVisitTimer 방문자 삭제(동/호/차번) : 2 / 102 / 1302 / 45로4180
[18:04:58] TfrmMain.tGetVisitTimer 방문자 삭제날짜 :2021-02-05 16:33:02:033
[18:04:58] TfrmMain.tGetVisitTimer 방문자 삭제(동/호/차번) : 1 / 105 / 1702 / 39하3578
[18:04:58] TfrmMain.tGetVisitTimer 방문자 삭제날짜 :2021-02-05 14:10:39:047
[18:04:58] TfrmMain.tGetVisitTimer 방문자 삭제(동/호/차번) : 2 / 105 / 2302 / 43우0772
[18:04:58] TfrmMain.tGetVisitTimer 방문자 삭제날짜 :2021-02-04 18:45:27:737
[18:04:58] TfrmMain.tGetVisitTimer 방문자 삭제(동/호/차번) : 2 / 107 / 1601 / 35무0734
[18:04:58] TfrmMain.tGetVisitTimer 방문자 삭제날짜 :2021-02-04 09:42:03:393
[18:04:58] TfrmMain.tGetVisitTimer 방문자 삭제(동/호/차번) : 2 / 105 / 2202 / 152조2762
[18:04:58] TfrmMain.tGetVisitTimer 방문자 삭제날짜 :2021-02-03 11:18:04:917
[18:04:58] TfrmMain.tGetVisitTimer 방문자 삭제(동/호/차번) : 1 / 102 / 1601 / 64무1317
[18:04:58] TfrmMain.tGetVisitTimer 방문자 삭제날짜 :2021-02-02 14:14:14:360
[18:04:58] TfrmMain.tGetVisitTimer 방문자 삭제(동/호/차번) : 2 / 104 / 804 / 20소7126
[18:04:58] TfrmMain.tGetVisitTimer 방문자 삭제날짜 :2021-01-30 11:29:56:273
[18:04:58] TfrmMain.tGetVisitTimer 방문자 삭제(동/호/차번) : 2 / 108 / 701 / 26루7479
[18:04:58] TfrmMain.tGetVisitTimer 방문자 삭제날짜 :2021-01-25 12:46:53:997
[18:04:58] TfrmMain.tGetVisitTimer 방문자 삭제(동/호/차번) : 1 / 108 / 3002 / 162버6201
[18:04:58] TfrmMain.tGetVisitTimer 방문자 삭제날짜 :2021-01-24 16:38:25:090
[18:04:58] TfrmMain.tGetVisitTimer 방문자 삭제(동/호/차번) : 1 / 106 / 2002 / 29노6669
[18:04:58] TfrmMain.tGetVisitTimer 방문자 삭제날짜 :2021-01-24 13:08:50:957
[18:04:58] TfrmMain.tGetVisitTimer 방문자 삭제(동/호/차번) : 2 / 103 / 3104 / 314루4185
[18:04:58] TfrmMain.tGetVisitTimer 방문자 삭제날짜 :2021-01-22 16:29:40:057
[18:04:58] TfrmMain.tGetVisitTimer 방문자 삭제(동/호/차번) : 2 / 102 / 1302 / 45로4180
[18:04:58] TfrmMain.tGetVisitTimer 방문자 삭제날짜 :2021-01-22 07:49:40:160
[18:04:58] TfrmMain.tGetVisitTimer 방문자 삭제(동/호/차번) : 1 / 105 / 803 / 151조4286
[18:04:58] TfrmMain.tGetVisitTimer 방문자 삭제날짜 :2021-01-19 20:54:17:473
[18:04:58] TfrmMain.tGetVisitTimer 방문자 삭제(동/호/차번) : 1 / 105 / 1202 / 24마9654
[18:04:58] TfrmMain.tGetVisitTimer 방문자 삭제날짜 :2021-01-19 17:33:54:783
[18:04:58] TfrmMain.tGetVisitTimer 방문자 삭제(동/호/차번) : 2 / 105 / 3302 / 60다6419
[18:04:58] TfrmMain.tGetVisitTimer 방문자 삭제날짜 :2021-01-17 15:50:09:347
[18:04:58] TfrmMain.tGetVisitTimer 방문자 삭제(동/호/차번) : 1 / 108 / 1004 / 33로9087
[18:04:58] TfrmMain.tGetVisitTimer 방문자 삭제날짜 :2021-01-17 12:32:08:647
[18:04:58] TfrmMain.tGetVisitTimer 방문자 삭제(동/호/차번) : 1 / 104 / 1504 / 13조7015
[18:04:58] TfrmMain.tGetVisitTimer 방문자 삭제날짜 :2021-01-16 22:51:22:740
[18:04:58] TfrmMain.tGetVisitTimer 방문자 삭제(동/호/차번) : 1 / 103 / 2104 / 36두1035
[18:04:58] TfrmMain.tGetVisitTimer 방문자 삭제날짜 :2021-01-09 16:30:58:697
[18:04:58] TfrmMain.tGetVisitTimer 방문자 삭제(동/호/차번) : 1 / 108 / 1004 / 69오3830
[18:04:58] TfrmMain.tGetVisitTimer 방문자 삭제날짜 :2020-12-30 21:26:37:693
[18:04:58] TfrmMain.tGetVisitTimer 방문자 삭제(동/호/차번) : 2 / 107 / 1601 / 35무0734
[18:04:58] TfrmMain.tGetVisitTimer 방문자 삭제날짜 :2020-12-30 14:10:09:120
[18:04:58] TfrmMain.tGetVisitTimer 방문자 삭제(동/호/차번) : 1 / 105 / 3504 / 02누5881
[18:04:58] TfrmMain.tGetVisitTimer 방문자 삭제날짜 :2020-12-26 18:33:44:870
[18:04:58] TfrmMain.tGetVisitTimer 방문자 삭제(동/호/차번) : 2 / 105 / 2104 / 166허6792
[18:04:58] TfrmMain.tGetVisitTimer 방문자 삭제날짜 :2020-12-26 14:28:13:153
[18:04:58] TfrmMain.tGetVisitTimer 방문자 삭제(동/호/차번) : 1 / 105 / 1702 / 39하3578
[18:04:58] TfrmMain.tGetVisitTimer 방문자 삭제날짜 :2020-12-22 13:01:39:083
[18:04:58] TfrmMain.tGetVisitTimer 방문자 삭제(동/호/차번) : 1 / 107 / 501 / 19버8466
[18:04:58] TfrmMain.tGetVisitTimer 방문자 삭제날짜 :2020-12-21 08:30:00:653
[18:04:58] TfrmMain.tGetVisitTimer 방문자 삭제(동/호/차번) : 1 / 103 / 3404 / 60구0688
[18:04:58] TfrmMain.tGetVisitTimer 방문자 삭제날짜 :2020-12-14 10:15:41:323
[18:04:58] TfrmMain.tGetVisitTimer 방문자 삭제(동/호/차번) : 1 / 102 / 1403 / 09주7747
[18:04:58] TfrmMain.tGetVisitTimer 방문자 삭제날짜 :2020-12-14 10:15:33:857
[18:04:58] TfrmMain.tGetVisitTimer 방문자 삭제(동/호/차번) : 1 / 102 / 1403 / 09주7063
[18:04:58] TfrmMain.tGetVisitTimer 방문자 삭제날짜 :2020-12-10 17:45:46:253
[18:04:58] TfrmMain.tGetVisitTimer 방문자 삭제(동/호/차번) : 2 / 105 / 1103 / 56주7102
[18:04:58] TfrmMain.tGetVisitTimer 방문자 삭제날짜 :2020-11-28 14:35:12:430
[18:04:58] TfrmMain.tGetVisitTimer 방문자 삭제(동/호/차번) : 1 / 103 / 3503 / 10버6782
[18:04:58] TfrmMain.tGetVisitTimer 방문자 삭제날짜 :2020-11-20 14:03:21:990
[18:04:58] TfrmMain.tGetVisitTimer 방문자 삭제(동/호/차번) : 2 / 102 / 2402 / 39너8251
[18:04:58] TfrmMain.tGetVisitTimer 방문자 삭제날짜 :2020-09-30 12:45:00:087
[18:04:58] TfrmMain.tGetVisitTimer 방문자 삭제(동/호/차번) : 2 / 105 / 2104 / 39호5111
[18:04:58] TfrmMain.tGetVisitTimer 방문자 삭제날짜 :2020-08-26 11:39:19:237
[18:04:58] TfrmMain.tGetVisitTimer 방문자 삭제(동/호/차번) : 2 / 108 / 2803 / 36러1944
[18:04:58] TfrmMain.tGetVisitTimer 방문자 삭제날짜 :2020-04-07 17:30:50:210
[18:04:58] TfrmMain.tGetVisitTimer 방문자 삭제(동/호/차번) : 2 / 108 / 2803 / 57조5683
