**************************************************************
[11:22:58] Program Start!
[11:22:58] [DB저장 모드]
[11:22:59] TfrmMain.btnModeClick: 유인운영
[11:23:00] 비로그인
[11:23:00] 설치된 입구보조 LPR이 없음!
[11:23:00] 설치된 출구보조 LPR이 없음!
[11:23:00] 설치된 입구전광판이 없음!
[11:23:00] 설치된 출구전광판이 없음!
[11:23:00] LPR재접속 쓰레드시작
[11:23:00] 정기권연동 쓰레드시작
[11:23:00] 설치된 영수증프린터가 없음!
[11:23:01] csInLpr1 접속성공
[11:23:01] csOutLpr1 접속성공
[11:24:01] 방문차량 출입내역 조회 차량번호 66호6666 동1 호1
[11:24:02] 방문차량 단지내에 있음 차량번호 66호6666 동1 호1
**************************************************************
[11:25:18] Program Start!
[11:25:18] [DB저장 모드]
[11:25:18] TfrmMain.btnModeClick: 유인운영
[11:25:19] 비로그인
[11:25:19] 설치된 입구보조 LPR이 없음!
[11:25:19] 설치된 출구보조 LPR이 없음!
[11:25:19] 설치된 입구전광판이 없음!
[11:25:19] 설치된 출구전광판이 없음!
[11:25:19] LPR재접속 쓰레드시작
[11:25:19] 전광판재접속 쓰레드시작
[11:25:20] 정기권연동 쓰레드시작
[11:25:20] 설치된 영수증프린터가 없음!
[11:25:20] csInLpr1 접속성공
[11:25:20] csOutLpr1 접속성공
[11:25:22] 방문차량 출입내역 조회 차량번호 66호6666 동1 호1
[11:25:22] 방문차량 단지내에 있음 차량번호 66호6666 동1 호1
**************************************************************
[11:28:08] Program Start!
[11:28:08] [DB저장 모드]
[11:28:08] TfrmMain.btnModeClick: 유인운영
[11:28:08] 비로그인
[11:28:08] 설치된 입구보조 LPR이 없음!
[11:28:08] 설치된 출구보조 LPR이 없음!
[11:28:08] 설치된 입구전광판이 없음!
[11:28:08] 설치된 출구전광판이 없음!
[11:28:09] LPR재접속 쓰레드시작
[11:28:09] 정기권연동 쓰레드시작
[11:28:09] 설치된 영수증프린터가 없음!
[11:28:10] csInLpr1 접속성공
[11:28:10] csOutLpr1 접속성공
[11:28:11] 방문차량 출입내역 조회 차량번호 66호6666 동1 호1
[11:28:11] 방문차량 단지내에 있음 차량번호 66호6666 동1 호1
[11:28:23] Program Close
**************************************************************
[11:30:41] Program Start!
[11:30:41] [DB저장 모드]
[11:30:41] TfrmMain.btnModeClick: 유인운영
[11:30:42] 비로그인
[11:30:42] 설치된 입구보조 LPR이 없음!
[11:30:42] 설치된 출구보조 LPR이 없음!
[11:30:42] 설치된 입구전광판이 없음!
[11:30:42] 설치된 출구전광판이 없음!
[11:30:43] LPR재접속 쓰레드시작
[11:30:43] 전광판재접속 쓰레드시작
[11:30:43] 정기권연동 쓰레드시작
[11:30:43] 설치된 영수증프린터가 없음!
[11:30:44] csInLpr1 접속성공
[11:30:44] csOutLpr1 접속성공
[11:31:03] 방문차량 출입내역 조회 차량번호 66호6666 동1 호1
[11:31:03] 방문차량 단지내에 있음 차량번호 66호6666 동1 호1
[11:31:10] Program Close
**************************************************************
[11:33:02] Program Start!
[11:33:02] [DB저장 모드]
[11:33:03] TfrmMain.btnModeClick: 유인운영
[11:33:03] 비로그인
[11:33:03] 설치된 입구보조 LPR이 없음!
[11:33:03] 설치된 출구보조 LPR이 없음!
[11:33:03] 설치된 입구전광판이 없음!
[11:33:03] 설치된 출구전광판이 없음!
[11:33:04] LPR재접속 쓰레드시작
[11:33:04] 전광판재접속 쓰레드시작
[11:33:04] 정기권연동 쓰레드시작
[11:33:04] 설치된 영수증프린터가 없음!
[11:33:04] csInLpr1 접속성공
[11:33:04] csOutLpr1 접속성공
[11:33:05] 방문차량 출입내역 조회 차량번호 66호6666 동1 호1
[11:33:05] 방문차량 단지내에 있음 차량번호 66호6666 동1 호1
[11:33:14] Program Close
**************************************************************
[11:38:31] Program Start!
[11:38:31] [DB저장 모드]
[11:38:31] TfrmMain.btnModeClick: 유인운영
[11:38:32] 비로그인
[11:38:32] 설치된 입구보조 LPR이 없음!
[11:38:32] 설치된 출구보조 LPR이 없음!
[11:38:32] 설치된 입구전광판이 없음!
[11:38:32] 설치된 출구전광판이 없음!
[11:38:32] LPR재접속 쓰레드시작
[11:38:32] 전광판재접속 쓰레드시작
[11:38:33] 정기권연동 쓰레드시작
[11:38:33] 설치된 영수증프린터가 없음!
[11:38:33] csInLpr1 접속성공
[11:38:33] csOutLpr1 접속성공
[11:38:38] Program Close
**************************************************************
[11:38:52] Program Start!
[11:38:52] [DB저장 모드]
[11:38:52] TfrmMain.btnModeClick: 유인운영
[11:38:53] 비로그인
[11:38:53] 설치된 입구보조 LPR이 없음!
[11:38:53] 설치된 출구보조 LPR이 없음!
[11:38:53] 설치된 입구전광판이 없음!
[11:38:53] 설치된 출구전광판이 없음!
[11:38:53] LPR재접속 쓰레드시작
[11:38:53] 전광판재접속 쓰레드시작
[11:38:54] 정기권연동 쓰레드시작
[11:38:54] 설치된 영수증프린터가 없음!
[11:38:54] csOutLpr1 접속성공
[11:38:54] csInLpr1 접속성공
[11:38:56] 방문차량 출입내역 조회 차량번호 66호6666 동1 호1
[11:38:56] 방문차량 단지내에 있음 차량번호 66호6666 동1 호1
[11:39:06] Program Close
**************************************************************
[11:41:51] Program Start!
[11:41:51] [DB저장 모드]
[11:41:51] TfrmMain.btnModeClick: 유인운영
[11:41:52] 비로그인
[11:41:52] 설치된 입구보조 LPR이 없음!
[11:41:52] 설치된 출구보조 LPR이 없음!
[11:41:52] 설치된 입구전광판이 없음!
[11:41:52] 설치된 출구전광판이 없음!
[11:41:52] LPR재접속 쓰레드시작
[11:41:53] 정기권연동 쓰레드시작
[11:41:53] 설치된 영수증프린터가 없음!
[11:41:53] csInLpr1 접속성공
[11:41:53] csOutLpr1 접속성공
[11:41:55] 방문차량 출입내역 조회 차량번호 66호6666 동1 호1
[11:41:55] 방문차량 단지내에 있음 차량번호 66호6666 동1 호1
**************************************************************
[11:44:52] Program Start!
[11:44:52] [DB저장 모드]
[11:44:52] TfrmMain.btnModeClick: 유인운영
[11:44:52] 비로그인
[11:44:52] 설치된 입구보조 LPR이 없음!
[11:44:52] 설치된 출구보조 LPR이 없음!
[11:44:52] 설치된 입구전광판이 없음!
[11:44:52] 설치된 출구전광판이 없음!
[11:44:53] LPR재접속 쓰레드시작
[11:44:53] 전광판재접속 쓰레드시작
[11:44:53] 정기권연동 쓰레드시작
[11:44:53] 설치된 영수증프린터가 없음!
[11:44:54] csInLpr1 접속성공
[11:44:54] csOutLpr1 접속성공
[11:44:55] 방문차량 출입내역 조회 차량번호 66호6666 동1 호1
[11:44:55] 방문차량 단지내에 있음 차량번호 66호6666 동1 호1
[11:45:11] Program Close
**************************************************************
[11:47:40] Program Start!
[11:47:40] [DB저장 모드]
[11:47:40] TfrmMain.btnModeClick: 유인운영
[11:47:40] 비로그인
[11:47:40] 설치된 입구보조 LPR이 없음!
[11:47:40] 설치된 출구보조 LPR이 없음!
[11:47:40] 설치된 입구전광판이 없음!
[11:47:40] 설치된 출구전광판이 없음!
[11:47:41] LPR재접속 쓰레드시작
[11:47:41] 전광판재접속 쓰레드시작
[11:47:41] 정기권연동 쓰레드시작
[11:47:41] 설치된 영수증프린터가 없음!
[11:47:41] csInLpr1 접속성공
[11:47:41] csOutLpr1 접속성공
[11:47:45] 방문차량 출입내역 조회 차량번호 66호6666 동1 호1
[11:47:45] 방문차량 단지내에 있음 차량번호 66호6666 동1 호1
[11:47:51] Program Close
**************************************************************
[11:49:41] Program Start!
[11:49:41] [DB저장 모드]
[11:49:41] TfrmMain.btnModeClick: 유인운영
[11:49:42] 비로그인
[11:49:42] 설치된 입구보조 LPR이 없음!
[11:49:42] 설치된 출구보조 LPR이 없음!
[11:49:42] 설치된 입구전광판이 없음!
[11:49:42] 설치된 출구전광판이 없음!
[11:49:42] LPR재접속 쓰레드시작
[11:49:42] 전광판재접속 쓰레드시작
[11:49:42] 정기권연동 쓰레드시작
[11:49:42] 설치된 영수증프린터가 없음!
[11:49:43] csInLpr1 접속성공
[11:49:43] csOutLpr1 접속성공
[11:49:44] 방문차량 출입내역 조회 차량번호 66호6666 동1 호1
[11:49:44] 방문차량 단지내에 있음 차량번호 66호6666 동1 호1
[11:49:51] Program Close
**************************************************************
[11:51:14] Program Start!
[11:51:14] [DB저장 모드]
[11:51:14] TfrmMain.btnModeClick: 유인운영
[11:51:15] 비로그인
[11:51:15] 설치된 입구보조 LPR이 없음!
[11:51:15] 설치된 출구보조 LPR이 없음!
[11:51:15] 설치된 입구전광판이 없음!
[11:51:15] 설치된 출구전광판이 없음!
[11:51:15] LPR재접속 쓰레드시작
[11:51:16] 설치된 영수증프린터가 없음!
[11:51:16] csInLpr1 접속성공
[11:51:16] csOutLpr1 접속성공
[11:51:17] 방문차량 출입내역 조회 차량번호 66호6666 동1 호1
[11:51:17] 방문차량 단지내에 있음 차량번호 66호6666 동1 호1
**************************************************************
[11:51:43] Program Start!
[11:51:43] [DB저장 모드]
[11:51:43] TfrmMain.btnModeClick: 유인운영
[11:51:44] 비로그인
[11:51:44] 설치된 입구보조 LPR이 없음!
[11:51:44] 설치된 출구보조 LPR이 없음!
[11:51:44] 설치된 입구전광판이 없음!
[11:51:44] 설치된 출구전광판이 없음!
[11:51:44] LPR재접속 쓰레드시작
[11:51:44] 전광판재접속 쓰레드시작
[11:51:44] 정기권연동 쓰레드시작
[11:51:44] 설치된 영수증프린터가 없음!
[11:51:45] csInLpr1 접속성공
[11:51:45] csOutLpr1 접속성공
**************************************************************
[11:52:25] Program Start!
[11:52:25] [DB저장 모드]
[11:52:25] TfrmMain.btnModeClick: 유인운영
[11:52:26] 비로그인
[11:52:26] 설치된 입구보조 LPR이 없음!
[11:52:26] 설치된 출구보조 LPR이 없음!
[11:52:26] 설치된 입구전광판이 없음!
[11:52:26] 설치된 출구전광판이 없음!
[11:52:26] 전광판재접속 쓰레드시작
[11:52:26] 정기권연동 쓰레드시작
[11:52:26] 설치된 영수증프린터가 없음!
[11:52:27] csInLpr1 접속성공
[11:52:27] csOutLpr1 접속성공
[11:52:28] 방문차량 출입내역 조회 차량번호 66호6666 동1 호1
[11:52:28] 방문차량 단지내에 있음 차량번호 66호6666 동1 호1
[11:52:33] Program Close
**************************************************************
[13:28:19] Program Start!
[13:28:19] [DB저장 모드]
[13:28:19] TfrmMain.btnModeClick: 유인운영
[13:28:20] 비로그인
[13:28:20] 설치된 입구보조 LPR이 없음!
[13:28:20] 설치된 출구보조 LPR이 없음!
[13:28:20] 설치된 입구전광판이 없음!
[13:28:20] 설치된 출구전광판이 없음!
[13:28:20] LPR재접속 쓰레드시작
[13:28:20] 전광판재접속 쓰레드시작
[13:28:20] 정기권연동 쓰레드시작
[13:28:20] 설치된 영수증프린터가 없음!
[13:28:21] csInLpr1 접속성공
[13:28:21] csOutLpr1 접속성공
[13:28:22] 방문차량 출입내역 조회 차량번호 66호6666 동1 호1
[13:28:22] 방문차량 단지내에 있음 차량번호 66호6666 동1 호1
[13:28:38] Program Close
**************************************************************
[15:29:43] Program Start!
[15:29:43] [DB저장 모드]
[15:29:43] TfrmMain.btnModeClick: 유인운영
[15:29:44] 비로그인
[15:29:44] 설치된 입구보조 LPR이 없음!
[15:29:44] 설치된 출구보조 LPR이 없음!
[15:29:44] 설치된 입구전광판이 없음!
[15:29:44] 설치된 출구전광판이 없음!
[15:29:44] LPR재접속 쓰레드시작
[15:29:44] 전광판재접속 쓰레드시작
[15:29:45] 정기권연동 쓰레드시작
[15:29:45] 설치된 영수증프린터가 없음!
[15:29:45] csInLpr1 접속성공
[15:29:45] csOutLpr1 접속성공
**************************************************************
[15:30:24] Program Start!
[15:30:24] [DB저장 모드]
[15:30:24] TfrmMain.btnModeClick: 유인운영
[15:30:25] 비로그인
[15:30:25] 설치된 입구보조 LPR이 없음!
[15:30:25] 설치된 출구보조 LPR이 없음!
[15:30:25] 설치된 입구전광판이 없음!
[15:30:25] 설치된 출구전광판이 없음!
[15:30:25] LPR재접속 쓰레드시작
[15:30:25] 설치된 영수증프린터가 없음!
[15:30:26] csInLpr1 접속성공
[15:30:26] csOutLpr1 접속성공
[15:31:13] 방문차량 출입내역 조회 차량번호 66호6666 동1 호1
[15:31:13] 방문차량 단지내에 있음 차량번호 66호6666 동1 호1
