**************************************************************
[12:39:28] Program Start!
[12:39:28] [DB저장 모드]
[12:39:28] TfrmMain.btnModeClick: 유인운영
[12:39:29] 비로그인
[12:39:29] 설치된 입구보조 LPR이 없음!
[12:39:29] 설치된 출구보조 LPR이 없음!
[12:39:29] 설치된 입구전광판이 없음!
[12:39:29] 설치된 출구전광판이 없음!
[12:39:29] LPR재접속 쓰레드시작
[12:39:29] 전광판재접속 쓰레드시작
[12:39:29] 정기권연동 쓰레드시작
[12:39:29] 설치된 영수증프린터가 없음!
[12:39:30] csInLpr1 접속성공
[12:39:30] csOutLpr1 접속성공
[12:39:38] Program Close
**************************************************************
[12:40:42] Program Start!
[12:40:43] [DB저장 모드]
[12:40:43] TfrmMain.btnModeClick: 유인운영
[12:40:43] 비로그인
[12:40:43] 설치된 입구보조 LPR이 없음!
[12:40:43] 설치된 출구보조 LPR이 없음!
[12:40:43] 설치된 입구전광판이 없음!
[12:40:43] 설치된 출구전광판이 없음!
[12:40:44] LPR재접속 쓰레드시작
[12:40:44] 전광판재접속 쓰레드시작
[12:40:44] 정기권연동 쓰레드시작
[12:40:44] 설치된 영수증프린터가 없음!
[12:40:44] csInLpr1 접속성공
[12:40:44] csOutLpr1 접속성공
**************************************************************
[12:41:24] Program Start!
[12:41:24] [DB저장 모드]
[12:41:24] TfrmMain.btnModeClick: 유인운영
[12:41:24] 비로그인
[12:41:24] 설치된 입구보조 LPR이 없음!
[12:41:24] 설치된 출구보조 LPR이 없음!
[12:41:24] 설치된 입구전광판이 없음!
[12:41:24] 설치된 출구전광판이 없음!
[12:41:25] LPR재접속 쓰레드시작
[12:41:25] 전광판재접속 쓰레드시작
[12:41:25] 정기권연동 쓰레드시작
[12:41:25] 설치된 영수증프린터가 없음!
[12:41:25] csInLpr1 접속성공
[12:41:25] csOutLpr1 접속성공
[12:41:27] ICon_VisitAddRespone : 등록 응답 전문 생성 : 
[12:41:27] 아이콘트롤스 XML파싱실패!: List index out of bounds (0)
[12:41:28] ICon_VisitAddRespone : 등록 응답 전문 생성 : 
[12:41:28] 아이콘트롤스 XML파싱실패!: List index out of bounds (0)
[12:42:24] Program Close
**************************************************************
[12:42:34] Program Start!
[12:42:34] [DB저장 모드]
[12:42:34] TfrmMain.btnModeClick: 유인운영
[12:42:34] 비로그인
[12:42:34] 설치된 입구보조 LPR이 없음!
[12:42:34] 설치된 출구보조 LPR이 없음!
[12:42:34] 설치된 입구전광판이 없음!
[12:42:34] 설치된 출구전광판이 없음!
[12:42:35] LPR재접속 쓰레드시작
[12:42:35] 전광판재접속 쓰레드시작
[12:42:35] 정기권연동 쓰레드시작
[12:42:35] 설치된 영수증프린터가 없음!
[12:42:36] csInLpr1 접속성공
[12:42:36] csOutLpr1 접속성공
**************************************************************
[13:24:38] Program Start!
[13:24:38] [DB저장 모드]
[13:24:38] TfrmMain.btnModeClick: 유인운영
[13:24:38] 비로그인
[13:24:38] 설치된 입구보조 LPR이 없음!
[13:24:38] 설치된 출구보조 LPR이 없음!
[13:24:38] 설치된 입구전광판이 없음!
[13:24:38] 설치된 출구전광판이 없음!
[13:24:39] LPR재접속 쓰레드시작
[13:24:39] 전광판재접속 쓰레드시작
[13:24:39] 정기권연동 쓰레드시작
[13:24:39] 설치된 영수증프린터가 없음!
[13:24:39] csInLpr1 접속성공
[13:24:39] csOutLpr1 접속성공
[13:24:40] 방문차량 출입내역 조회 차량번호 33가3333 동1 호1
[13:24:40] 방문차량 단지내에 없음 차량번호 33가3333 동1 호1
[13:24:40] 아이콘트롤스 XML파싱실패!: List index out of bounds (0)
[13:25:05] Program Close
**************************************************************
[13:26:25] Program Start!
[13:26:25] [DB저장 모드]
[13:26:25] TfrmMain.btnModeClick: 유인운영
[13:26:25] 비로그인
[13:26:25] 설치된 입구보조 LPR이 없음!
[13:26:25] 설치된 출구보조 LPR이 없음!
[13:26:25] 설치된 입구전광판이 없음!
[13:26:25] 설치된 출구전광판이 없음!
[13:26:26] LPR재접속 쓰레드시작
[13:26:26] 전광판재접속 쓰레드시작
[13:26:26] 정기권연동 쓰레드시작
[13:26:26] 설치된 영수증프린터가 없음!
[13:26:26] csInLpr1 접속성공
[13:26:26] csOutLpr1 접속성공
**************************************************************
[13:29:17] Program Start!
[13:29:17] [DB저장 모드]
[13:29:17] TfrmMain.btnModeClick: 유인운영
[13:29:17] 비로그인
[13:29:17] 설치된 입구보조 LPR이 없음!
[13:29:17] 설치된 출구보조 LPR이 없음!
[13:29:17] 설치된 입구전광판이 없음!
[13:29:17] 설치된 출구전광판이 없음!
[13:29:18] LPR재접속 쓰레드시작
[13:29:18] 전광판재접속 쓰레드시작
[13:29:18] 정기권연동 쓰레드시작
[13:29:18] 설치된 영수증프린터가 없음!
[13:29:18] csInLpr1 접속성공
[13:29:18] csOutLpr1 접속성공
[13:29:19] 방문차량 출입내역 조회 차량번호 33가3333 동1 호1
[13:29:19] 방문차량 단지내에 없음 차량번호 33가3333 동1 호1
[13:29:19] 아이콘트롤스 XML파싱실패!: List index out of bounds (0)
[13:30:58] Program Close
**************************************************************
[13:31:05] Program Start!
[13:31:05] [DB저장 모드]
[13:31:05] TfrmMain.btnModeClick: 유인운영
[13:31:05] 비로그인
[13:31:05] 설치된 입구보조 LPR이 없음!
[13:31:05] 설치된 출구보조 LPR이 없음!
[13:31:05] 설치된 입구전광판이 없음!
[13:31:05] 설치된 출구전광판이 없음!
[13:31:06] LPR재접속 쓰레드시작
[13:31:06] 전광판재접속 쓰레드시작
[13:31:06] 정기권연동 쓰레드시작
[13:31:06] 설치된 영수증프린터가 없음!
[13:31:06] csInLpr1 접속성공
[13:31:06] csOutLpr1 접속성공
[13:31:18] 방문차량 출입내역 조회 차량번호 33가3333 동1 호1
[13:31:18] 방문차량 단지내에 없음 차량번호 33가3333 동1 호1
[13:31:18] 아이콘트롤스 XML파싱실패!: List index out of bounds (0)
[13:31:29] Program Close
