**************************************************************
[16:34:16] Program Start!
[16:34:16] [모니터링 모드]
[16:34:16] TfrmMain.btnModeClick: 유인운영
[16:34:16] 비로그인
[16:34:16] 설치된 입구보조 LPR이 없음!
[16:34:16] 설치된 출구보조 LPR이 없음!
[16:34:16] 설치된 입구전광판이 없음!
[16:34:16] 설치된 출구전광판이 없음!
[16:34:17] LPR재접속 쓰레드시작
[16:34:17] csOutLpr1 접속성공
[16:34:17] csInLpr1 접속성공
[16:34:21] Program Close
**************************************************************
[16:34:41] Program Start!
[16:34:41] [DB저장 모드]
[16:34:41] TfrmMain.btnModeClick: 유인운영
[16:34:41] 비로그인
[16:34:41] 설치된 입구보조 LPR이 없음!
[16:34:41] 설치된 출구보조 LPR이 없음!
[16:34:41] 설치된 입구전광판이 없음!
[16:34:41] 설치된 출구전광판이 없음!
[16:34:41] LPR재접속 쓰레드시작
[16:34:41] 전광판재접속 쓰레드시작
[16:34:41] 정기권연동 쓰레드시작
[16:34:41] 설치된 영수증프린터가 없음!
[16:34:42] csOutLpr1 접속성공
[16:34:42] csInLpr1 접속성공
[16:34:44] LPR Check: 66호6666,http://10.22.31.1:9080/MSImage/2021/08/27/CH1_20210827163447_66호6666.jpg,1,,,0, 2021-08-27 16:34:47
[16:34:44] File: \\10.22.31.1\MSImage\2021\08\27\CH1_20210827163447_66호6666.jpg
[16:34:44] NormalProc: 일반차량 처리 시작 : 66호6666, 
[16:34:44] 방문차량 입차: 66호6666 - \\10.22.31.1\MSImage\2021\08\27\CH1_20210827163447_66호6666.jpg
[16:34:44] 입구차단기 Open 10.22.31.1:3000
[16:34:44] 1/1/66호6666 사전예약방문 차량 차단기오픈
[16:34:44] 일반차량 입차 이미지 가져오기 시작
[16:34:44] 일반차량 입차 이미지 가져오기 끝
[16:34:59] Program Close
**************************************************************
[16:35:11] Program Start!
[16:35:11] [DB저장 모드]
[16:35:11] TfrmMain.btnModeClick: 유인운영
[16:35:11] 비로그인
[16:35:11] 설치된 입구보조 LPR이 없음!
[16:35:11] 설치된 출구보조 LPR이 없음!
[16:35:11] 설치된 입구전광판이 없음!
[16:35:11] 설치된 출구전광판이 없음!
[16:35:12] LPR재접속 쓰레드시작
[16:35:12] 전광판재접속 쓰레드시작
[16:35:12] 정기권연동 쓰레드시작
[16:35:12] 설치된 영수증프린터가 없음!
[16:35:12] csOutLpr1 접속성공
[16:35:12] csInLpr1 접속성공
[16:35:14] LPR Check: 66호6666,http://10.22.31.1:9080/MSImage/2021/08/27/CH1_20210827163517_66호6666.jpg,1,,,0, 2021-08-27 16:35:17
[16:35:14] File: \\10.22.31.1\MSImage\2021\08\27\CH1_20210827163517_66호6666.jpg
[16:35:14] NormalProc: 일반차량 처리 시작 : 66호6666, 
[16:35:14] 방문차량 입차: 66호6666 - \\10.22.31.1\MSImage\2021\08\27\CH1_20210827163517_66호6666.jpg
[16:35:14] 입구차단기 Open 10.22.31.1:3000
[16:35:14] 1/1/66호6666 사전예약방문 차량 차단기오픈
**************************************************************
[16:36:43] Program Start!
[16:36:43] [DB저장 모드]
[16:36:43] TfrmMain.btnModeClick: 유인운영
[16:36:44] 비로그인
[16:36:44] 설치된 입구보조 LPR이 없음!
[16:36:44] 설치된 출구보조 LPR이 없음!
[16:36:44] 설치된 입구전광판이 없음!
[16:36:44] 설치된 출구전광판이 없음!
[16:36:44] LPR재접속 쓰레드시작
[16:36:44] 전광판재접속 쓰레드시작
[16:36:44] 정기권연동 쓰레드시작
[16:36:44] 설치된 영수증프린터가 없음!
[16:36:45] csInLpr1 접속성공
[16:36:45] csOutLpr1 접속성공
[16:36:46] LPR Check: 66호6666,http://10.22.31.1:9080/MSImage/2021/08/27/CH1_20210827163649_66호6666.jpg,1,,,0, 2021-08-27 16:36:49
[16:36:46] File: \\10.22.31.1\MSImage\2021\08\27\CH1_20210827163649_66호6666.jpg
[16:36:46] NormalProc: 일반차량 처리 시작 : 66호6666, 
[16:36:46] 방문차량 입차: 66호6666 - \\10.22.31.1\MSImage\2021\08\27\CH1_20210827163649_66호6666.jpg
[16:36:46] 입구차단기 Open 10.22.31.1:3000
[16:36:46] 1/1/66호6666 사전예약방문 차량 차단기오픈
[16:37:05] 일반차량 입차 이미지 가져오기 시작
[16:37:05] 일반차량 입차 이미지 가져오기 끝
[16:37:18] Program Close
**************************************************************
[17:04:32] Program Start!
[17:04:33] [DB저장 모드]
[17:04:33] TfrmMain.btnModeClick: 유인운영
[17:04:33] 비로그인
[17:04:33] 설치된 입구보조 LPR이 없음!
[17:04:33] 설치된 출구보조 LPR이 없음!
[17:04:33] 설치된 입구전광판이 없음!
[17:04:33] 설치된 출구전광판이 없음!
[17:04:33] LPR재접속 쓰레드시작
[17:04:33] 전광판재접속 쓰레드시작
[17:04:33] 정기권연동 쓰레드시작
[17:04:33] 설치된 영수증프린터가 없음!
[17:04:33] csInLpr1 접속성공
[17:04:33] csOutLpr1 접속성공
[17:04:35] LPR Check: 66호6666,http://10.22.31.1:9080/MSImage/2021/08/27/CH1_20210827170437_66호6666.jpg,1,,,0, 2021-08-27 17:04:37
[17:04:35] File: \\10.22.31.1\MSImage\2021\08\27\CH1_20210827170437_66호6666.jpg
[17:04:35] NormalProc: 일반차량 처리 시작 : 66호6666, 
[17:04:35] 방문차량 입차: 66호6666 - \\10.22.31.1\MSImage\2021\08\27\CH1_20210827170437_66호6666.jpg
[17:04:35] 입구차단기 Open 10.22.31.1:3000
[17:04:35] 1/1/66호6666 사전예약방문 차량 차단기오픈
[17:04:35] 일반차량 입차 이미지 가져오기 시작
[17:04:35] 일반차량 입차 이미지 가져오기 끝
[17:04:46] Program Close
