**************************************************************
[14:02:07] Program Start!
[14:02:07] [DB저장 모드]
[14:02:07] TfrmMain.btnModeClick: 유인운영
[14:02:07] 비로그인
[14:02:07] 설치된 입구보조 LPR이 없음!
[14:02:07] 설치된 출구보조 LPR이 없음!
[14:02:07] 설치된 입구전광판이 없음!
[14:02:07] 설치된 출구전광판이 없음!
[14:02:07] LPR재접속 쓰레드시작
[14:02:07] 전광판재접속 쓰레드시작
[14:02:07] 정기권연동 쓰레드시작
[14:02:07] 설치된 영수증프린터가 없음!
[14:02:08] csInLpr1 접속성공
[14:02:08] csOutLpr1 접속성공
[14:02:10] LPR Check: 27도2466,http://10.22.31.1:9080/MSImage/2021/09/02/CH1_20210902140214_27도2466.jpg,1,,,0, 2021-09-02 14:02:14
[14:02:10] File: \\10.22.31.1\MSImage\2021\09\02\CH1_20210902140214_27도2466.jpg
[14:02:10] 정기차량시작: 27도2466, 
[14:02:10] 출구차단기 Open 10.22.31.1:4000
[14:02:10] ##### 사용기간 오류 - 사용시작일: 2021-07-01, 사용종료일: 2021-08-31 #####
[14:02:10] 정기차량 출차 이미지 가져오기 시작
[14:02:10] 정기차량 출차 이미지 가져오기 끝
[14:02:10] 정기차량처리: 27도2466, 
[14:02:46] Program Close
**************************************************************
[14:02:48] Program Start!
[14:02:48] [모니터링 모드]
[14:02:48] TfrmMain.btnModeClick: 유인운영
[14:02:48] 비로그인
[14:02:48] 설치된 입구보조 LPR이 없음!
[14:02:48] 설치된 출구보조 LPR이 없음!
[14:02:48] 설치된 입구전광판이 없음!
[14:02:48] 설치된 출구전광판이 없음!
[14:02:48] LPR재접속 쓰레드시작
[14:02:49] csInLpr1 접속성공
[14:02:49] csOutLpr1 접속성공
[14:02:50] LPR Check: 27도2466,http://10.22.31.1:9080/MSImage/2021/09/02/CH1_20210902140254_27도2466.jpg,1,,,0, 2021-09-02 14:02:54
[14:02:50] File: \\10.22.31.1\MSImage\2021\09\02\CH1_20210902140254_27도2466.jpg
[14:02:50] 정기차량시작: 27도2466, 
[14:02:50] ##### 사용기간 오류 - 사용시작일: 2021-07-01, 사용종료일: 2021-08-31 #####
[14:02:50] 정기차량 출차 이미지 가져오기 시작
[14:02:50] 정기차량 출차 이미지 가져오기 끝
[14:02:50] 정기차량처리: 27도2466, 
[15:03:00] Program Close
