[08:43:29] Program Start!
[08:43:29] 알람 사용 안함
[08:43:30] 165
[08:45:02] Program Start!
[08:45:02] 알람 사용 안함
[08:45:03] 165
[09:23:39] Program Start!
[09:23:39] 알람 사용 안함
[09:23:39] 165
[09:24:13] Program Start!
[09:24:13] 알람 사용 안함
[09:24:14] 165
[09:26:33] Program Start!
[09:26:33] 알람 사용 안함
[09:26:34] 165
[09:30:03] Program Start!
[09:30:03] 알람 사용 안함
[09:30:04] 165
[09:30:47] Program Start!
[09:30:47] 알람 사용 안함
[09:30:48] 165
[09:31:42] Program Start!
[09:31:42] 알람 사용 안함
[09:31:43] 165
[10:57:04] Program Start!
[10:57:04] 알람 사용 안함
[10:57:05] 165
[16:26:04] Program Start!
[16:26:04] 알람 사용 안함
[16:26:04] DB Connect Error:로그인에서 요청한 데이터베이스 "parking_한양대구리병원"을(를) 열 수 없습니다. 로그인이 실패했습니다
[16:26:32] Program Start!
[16:26:32] 알람 사용 안함
[16:26:32] 그룹별 진입차단 컬럼추가 완료
[16:26:32] SMS기능 컬럼추가 완료
[16:26:33] 방문객입출차제한 컬럼추가 완료
[16:26:33] 방문객 주차시간 컬럼추가 완료
[16:26:33] 정기권 부제 컬럼추가 완료
[16:26:33] 정기권 별명(sAlias), 업데이트시각(dtUpd)  컬럼추가 완료
[16:26:33] 그룹별 부제 컬럼추가 완료
[16:26:33] 만차전광판 사용유무 컬럼추가 완료
[16:26:33] 만차여도 정기권 통과유무 컬럼추가 완료
[16:26:33] 홈넷포인트 컬럼 추가 컬럼추가 완료
[16:26:33] 일반차량 삭제 컬럼 추가 컬럼추가 완료
[16:26:33] 홈넷포인트조회 컬럼추가 완료
[16:26:33] 홈넷포인트조회Table 생성 컬럼추가 완료
[16:26:33] 아이콘트롤스 사전방문차량Table 생성 컬럼추가 완료
[16:26:33] 저장 프로시저 함수 생성 컬럼추가 완료
[16:26:33] 단기 정기차량 컬럼 추가 컬럼추가 완료
[16:26:33] 방문차량 즐겨찾기 Table 생성  컬럼추가 완료
[16:26:33] 지진발생 Table 생성  컬럼추가 완료
[16:26:33] 사전방문 차량 대수 컬럼추가 완료
[16:26:33] 사전방문 차량 등록 가능 시간  컬럼추가 완료
[16:26:33] 사전방문 예약가능일  컬럼추가 완료
[16:26:33] 사전방문 차량등록 횟수  컬럼추가 완료
[16:26:33] 홈넷 포인트 타입   컬럼추가 완료
[16:26:33] 홈넷 포인트 단위   컬럼추가 완료
[16:26:33] 일반차량 홈넷 포인트이력 단위   컬럼추가 완료
[16:26:33] 휴일출입관리 단위   컬럼추가 완료
[16:26:33] 사전 방문 동 추가(무인)   컬럼추가 완료
[16:26:33] 사전 방문 호 추가(무인)   컬럼추가 완료
[16:26:33] 사전 방문 방문사유 추가(무인)   컬럼추가 완료
[16:26:33] 1
[16:37:07] Program Start!
[16:37:07] 알람 사용 안함
[16:37:08] 1
[16:37:30] Program Start!
[16:37:30] 알람 사용 안함
[16:37:31] 1
[17:32:14] Program Start!
[17:32:14] 알람 사용 안함
[17:32:15] 1
[17:33:39] Program Start!
[17:33:39] 알람 사용 안함
[17:33:41] 1
[17:35:43] Program Start!
[17:35:43] 알람 사용 안함
[17:35:45] 1
[17:36:32] 포인트 누적(기존): 9990
[17:36:32] 1동1호세대주 포인트 : 10000 남은 포인트 : 100 누적포인트 : 10090
[17:38:01] Program Start!
[17:38:01] 알람 사용 안함
[17:38:03] 1
[17:39:37] Program Start!
[17:39:37] 알람 사용 안함
[17:39:40] 1
[17:40:02] 포인트 누적(기존): 0
[17:40:02] 2동2호세대주 포인트 : 10000 남은 포인트 : 30 누적포인트 : 30
[17:41:09] Program Start!
[17:41:09] 알람 사용 안함
[17:41:11] 1
[17:41:48] Program Start!
[17:41:48] 알람 사용 안함
[17:41:52] 1
