[11:08:17] Program Start!
[11:08:17] 알람 사용 안함
[11:08:17] 1
[11:15:38] Program Start!
[11:15:38] 알람 사용 안함
[11:15:38] 포인트 누적 단위2   컬럼추가 완료
[11:15:38] 1
[11:20:05] Program Start!
[11:20:05] 알람 사용 안함
[11:20:06] 1
[11:22:00] Program Start!
[11:22:00] 알람 사용 안함
[11:22:01] 1
[11:23:07] Program Start!
[11:23:07] 알람 사용 안함
[11:23:08] 1
[11:23:28] Program Start!
[11:23:28] 알람 사용 안함
[11:23:28] 1
[11:29:50] Program Start!
[11:29:50] 알람 사용 안함
[11:29:51] 1
[11:30:53] Program Start!
[11:30:53] 알람 사용 안함
[11:30:54] 1
[11:33:45] Program Start!
[11:33:45] 알람 사용 안함
[11:33:46] 1
[11:33:50] TfrmSCGroup.FormCreate: qryGroup: Type mismatch for field 'BujaeType2', expecting: Integer actual: String
[11:35:27] Program Start!
[11:35:27] 알람 사용 안함
[11:35:27] 1
[11:35:32] TfrmSCGroup.dgGroupClick: qryGroup: Field 'BujaeType' not found
[11:35:32] TfrmSCGroup.dgGroupClick: qryGroup: Field 'BujaeType' not found
[11:35:33] TfrmSCGroup.dgGroupClick: qryGroup: Field 'BujaeType' not found
[11:35:33] TfrmSCGroup.dgGroupClick: qryGroup: Field 'BujaeType' not found
[11:35:33] TfrmSCGroup.dgGroupClick: qryGroup: Field 'BujaeType' not found
[11:35:33] TfrmSCGroup.dgGroupClick: qryGroup: Field 'BujaeType' not found
[11:35:33] TfrmSCGroup.dgGroupClick: qryGroup: Field 'BujaeType' not found
[11:35:33] TfrmSCGroup.dgGroupClick: qryGroup: Field 'BujaeType' not found
[11:35:34] TfrmSCGroup.dgGroupClick: qryGroup: Field 'BujaeType' not found
[11:35:34] TfrmSCGroup.dgGroupClick: qryGroup: Field 'BujaeType' not found
[11:35:34] TfrmSCGroup.dgGroupClick: qryGroup: Field 'BujaeType' not found
[11:35:34] TfrmSCGroup.dgGroupClick: qryGroup: Field 'BujaeType' not found
[11:35:34] TfrmSCGroup.dgGroupClick: qryGroup: Field 'BujaeType' not found
[11:35:34] TfrmSCGroup.dgGroupClick: qryGroup: Field 'BujaeType' not found
[11:35:34] TfrmSCGroup.dgGroupClick: qryGroup: Field 'BujaeType' not found
[11:35:56] Program Start!
[11:35:56] 알람 사용 안함
[11:35:56] 1
[11:36:00] TfrmSCGroup.dgGroupClick: qryGroup: Field 'BujaeType' not found
[11:36:01] TfrmSCGroup.dgGroupClick: qryGroup: Field 'BujaeType' not found
[11:36:01] TfrmSCGroup.dgGroupClick: qryGroup: Field 'BujaeType' not found
[11:36:01] TfrmSCGroup.dgGroupClick: qryGroup: Field 'BujaeType' not found
[11:36:02] TfrmSCGroup.dgGroupClick: qryGroup: Field 'BujaeType' not found
[11:36:02] TfrmSCGroup.dgGroupClick: qryGroup: Field 'BujaeType' not found
[11:36:28] Program Start!
[11:36:28] 알람 사용 안함
[11:36:29] 1
[11:36:36] TfrmSCGroup.dgGroupClick: qryGroup: Field 'BujaeType' not found
[11:36:36] TfrmSCGroup.dgGroupClick: qryGroup: Field 'BujaeType' not found
[11:36:36] TfrmSCGroup.dgGroupClick: qryGroup: Field 'BujaeType' not found
[11:36:36] TfrmSCGroup.dgGroupClick: qryGroup: Field 'BujaeType' not found
[11:36:43] TfrmSCGroup.dgGroupClick: qryGroup: Field 'BujaeType' not found
[11:36:48] TfrmSCGroup.dgGroupClick: qryGroup: Field 'BujaeType' not found
[11:36:48] TfrmSCGroup.dgGroupClick: qryGroup: Field 'BujaeType' not found
[11:36:48] TfrmSCGroup.dgGroupClick: qryGroup: Field 'BujaeType' not found
[11:36:48] TfrmSCGroup.dgGroupClick: qryGroup: Field 'BujaeType' not found
[11:36:49] TfrmSCGroup.dgGroupClick: qryGroup: Field 'BujaeType' not found
[11:36:49] TfrmSCGroup.dgGroupClick: qryGroup: Field 'BujaeType' not found
[11:36:49] TfrmSCGroup.dgGroupClick: qryGroup: Field 'BujaeType' not found
[11:36:49] TfrmSCGroup.dgGroupClick: qryGroup: Field 'BujaeType' not found
[11:36:50] TfrmSCGroup.dgGroupClick: qryGroup: Field 'BujaeType' not found
[11:36:50] TfrmSCGroup.dgGroupClick: qryGroup: Field 'BujaeType' not found
[11:36:50] TfrmSCGroup.dgGroupClick: qryGroup: Field 'BujaeType' not found
[11:36:50] TfrmSCGroup.dgGroupClick: qryGroup: Field 'BujaeType' not found
[11:39:40] Program Start!
[11:39:40] 알람 사용 안함
[11:39:41] 1
[11:39:49] TfrmSCGroup.dgGroupClick: qryGroup: Field 'BujaeType' not found
[11:41:51] Program Start!
[11:41:51] 알람 사용 안함
[11:41:51] 1
[11:41:56] TfrmSCGroup.dgGroupClick: '사용안함' is not a valid integer value
[11:41:56] TfrmSCGroup.dgGroupClick: '사용안함' is not a valid integer value
[11:41:57] TfrmSCGroup.dgGroupClick: '사용안함' is not a valid integer value
[11:41:57] TfrmSCGroup.dgGroupClick: '사용안함' is not a valid integer value
[11:41:58] TfrmSCGroup.dgGroupClick: '사용안함' is not a valid integer value
[11:41:58] TfrmSCGroup.dgGroupClick: '사용안함' is not a valid integer value
[11:42:38] Program Start!
[11:42:38] 알람 사용 안함
[11:42:39] 1
[11:42:54] TfrmSCGroup.dgGroupClick: '사용안함' is not a valid integer value
[11:44:12] Program Start!
[11:44:12] 알람 사용 안함
[11:44:13] 1
[11:44:33] Update GGroup 
Set GroupName = :N3, APB = :N4, Status = :N5, Remark = :N6, UseMiddle = :pUseMiddle, BujaeType = :pBujaeType, 
GroupType = :N7, HIType = :N9, UseFeeItem = :pUseFeeItem, 
OneMonth = :N10, TwoMonth = :N11, ThreeMonth = :N12, 
FourMonth = :N13, FiveMonth = :N14, SixMonth = :N15 
Where ParkNo = :N1 and GroupNo = :N2

[13:11:58] Program Start!
[13:11:58] 알람 사용 안함
[13:11:59] 1
[14:11:43] Program Start!
[14:11:43] 알람 사용 안함
[14:11:43] 1
[14:14:11] Program Start!
[14:14:11] 알람 사용 안함
[14:14:11] 1
[14:15:06] Program Start!
[14:15:06] 알람 사용 안함
[14:15:06] 1
[17:13:45] Program Start!
[17:13:45] 알람 사용 안함
[17:13:46] 1
[17:17:10] Program Start!
[17:17:10] 알람 사용 안함
[17:17:11] 1
[17:21:16] Freetime: 0,   :  ,   :  
[22:13:47] Program Start!
[22:13:47] 알람 사용 안함
[22:13:48] 1
[22:32:13] Program Start!
[22:32:13] 알람 사용 안함
[22:32:13] 1
[22:32:29] Program Close
[22:35:04] Program Start!
[22:35:04] 알람 사용 안함
[22:35:05] 1
[22:39:11] Program Start!
[22:39:11] 알람 사용 안함
[22:39:12] 1
