[12:17:33] Program Start!
[12:17:55] Program Start!
[12:26:51] Program Start!
[12:27:05] Program Start!
[12:33:31] Program Start!
[12:34:05] TfrmParkInfo.btnDeleteClick: DELETE 문이 REFERENCE 제약 조건 "BankCode_FK"과(와) 충돌했습니다. 데이터베이스 "PARKING_1.3.0", 테이블 "dbo.sdc_BankCode", column 'ParkNo'에서 충돌이 발생했습니다
[12:41:08] Program Start!
[12:41:23] Program Start!
[12:47:33] Program Start!
[12:51:27] Program Start!
[12:51:27] 현대통신포인트 컬럼 추가 컬럼추가 완료
[12:51:39] 블랙리스트 삭제 컬럼 추가 컬럼추가 완료
[12:51:39] 아이콘트롤스 사전방문차량Table 생성 컬럼추가 완료
[12:57:53] Program Start!
[12:58:45] Program Start!
[12:58:47] 현대통신포인트 컬럼 추가 컬럼추가 완료
[12:58:47] frmMain테이블 'parkinfo'의 열 'PointMonth'은(는) 기본 제약 조건 생성에 적합하지 않습니다
[12:59:47] Program Start!
[13:01:26] Program Start!
[13:01:27] 현대통신포인트 컬럼 추가 컬럼추가 완료
[13:01:27] frmMainALTER TABLE은 Null 값을 포함하거나 DEFAULT 정의가 지정된 열만 추가할 수 있습니다. 또는 추가되는 열이 ID 또는 타임스탬프 열이어야 합니다. 앞의 조건이 모두 만족되지 않을 경우 테이블이 비어 있어야 이 열을 추가할 수 있습니다. 열 'PointMonth'은(는) 이러한 조건을 만족하지 않으므로 비어 있지 않은 테이블 'parkinfo'에 추가할 수 없습니다
[13:02:30] Program Start!
[13:02:31] 현대통신포인트 컬럼 추가 컬럼추가 완료
[13:02:31] frmMain'DF_ADDR' 근처의 구문이 잘못되었습니다
[13:03:49] Program Start!
[13:03:49] frmMain데이터베이스에 'DF_ADDR'(이)라는 개체가 이미 있습니다
[13:04:28] Program Start!
[13:04:28] 현대통신포인트 컬럼 추가 컬럼추가 완료
[13:04:28] frmMain데이터베이스에 'DF_ADDR'(이)라는 개체가 이미 있습니다
[13:05:32] Program Start!
[13:05:33] 현대통신포인트 컬럼 추가 컬럼추가 완료
[13:05:33] frmMain데이터베이스에 'DF_ADDR'(이)라는 개체가 이미 있습니다
[13:06:19] Program Start!
[13:07:35] Program Start!
[13:07:36] 현대통신포인트 컬럼 추가 컬럼추가 완료
[13:08:11] 현대통신포인트조회 컬럼추가 완료
[13:09:18] Program Start!
[13:10:26] TfrmParkInfo.dgParkInfoClick: '' is not a valid integer value
[13:10:27] TfrmParkInfo.dgParkInfoClick: '' is not a valid integer value
[13:11:10] Program Start!
[13:11:39] TfrmParkInfo.dgParkInfoClick: '' is not a valid integer value
[13:12:30] Program Start!
[13:12:38] Program Start!
[13:12:49] TfrmParkInfo.dgParkInfoClick: '' is not a valid integer value
[13:12:49] TfrmParkInfo.dgParkInfoClick: '' is not a valid integer value
[13:12:50] TfrmParkInfo.dgParkInfoClick: '' is not a valid integer value
[13:14:25] Program Start!
[13:14:25] 현대통신포인트조회 컬럼추가 완료
[13:17:56] Program Start!
[13:17:57] 현대통신포인트 컬럼 추가 컬럼추가 완료
[13:17:57] 현대통신포인트조회 컬럼추가 완료
[13:18:06] Program Start!
[13:18:14] TfrmParkInfo.FormShow: qryParkInfo: Type mismatch for field 'pointmonth', expecting: String actual: Integer
[13:18:16] TfrmParkInfo.dgParkInfoClick: qryParkInfo: Cannot perform this operation on a closed dataset
[13:18:16] TfrmParkInfo.dgParkInfoClick: qryParkInfo: Cannot perform this operation on a closed dataset
[13:23:30] Program Start!
[13:23:40] Program Start!
[13:24:54] Program Start!
[13:25:06] Program Start!
[13:26:28] Program Start!
[13:26:29] 현대통신포인트 컬럼 추가 컬럼추가 완료
[13:26:29] 현대통신포인트조회 컬럼추가 완료
[13:26:35] Program Start!
[13:27:03] TfrmParkInfo.btnDeleteClick: DELETE 문이 REFERENCE 제약 조건 "BankCode_FK"과(와) 충돌했습니다. 데이터베이스 "PARKING_1.3.0", 테이블 "dbo.sdc_BankCode", column 'ParkNo'에서 충돌이 발생했습니다
[13:42:01] Program Start!
[13:42:15] Program Start!
[13:43:06] TfrmParkInfo.btnDeleteClick: DELETE 문이 REFERENCE 제약 조건 "BankCode_FK"과(와) 충돌했습니다. 데이터베이스 "PARKING_1.3.0", 테이블 "dbo.sdc_BankCode", column 'ParkNo'에서 충돌이 발생했습니다
[13:44:19] Program Start!
