[14:08:07] Program Start!
[16:22:21] Program Start!
[16:23:35] Program Start!
[16:28:24] Program Start!
[16:28:33] select CompName, DeptName, max(TelNo), max(CarNo) ,max(IssueDate) from CustInfo where isnull(DeptName,'') <> '' group by CompName, DeptName
HAVING count(*) = 2
 Order by CompName, len(DeptName)

[16:29:01] Program Start!
[16:30:07] Program Start!
[16:30:16] select CompName, DeptName, max(TelNo), max(CarNo) ,max(IssueDate) from CustInfo where isnull(DeptName,'') <> '' group by CompName, DeptName
HAVING count(*) = 2
 Order by CompName, len(DeptName)

[16:30:49] Program Start!
[16:30:56] select CompName, DeptName, max(TelNo), max(CarNo) ,max(IssueDate) from CustInfo where isnull(DeptName,'') <> '' group by CompName, DeptName
HAVING count(*) = 2
 Order by CompName, len(DeptName)

[16:31:02] I/O error 6
[16:32:31] Program Start!
[16:32:38] select CompName, DeptName, max(TelNo), max(CarNo) ,max(IssueDate) from CustInfo where isnull(DeptName,'') <> '' group by CompName, DeptName
HAVING count(*) = 2
 Order by CompName, len(DeptName)

[16:32:40] I/O error 6
[16:33:27] Program Start!
[16:33:33] select CompName, DeptName, max(TelNo), max(CarNo) ,max(IssueDate) from CustInfo where isnull(DeptName,'') <> '' group by CompName, DeptName
HAVING count(*) = 2
 Order by CompName, len(DeptName)

[16:33:55] Program Start!
[16:34:02] select CompName, DeptName, max(TelNo), max(CarNo) ,max(IssueDate) from CustInfo where isnull(DeptName,'') <> '' group by CompName, DeptName
HAVING count(*) = 2
 Order by CompName, len(DeptName)

[16:34:06] I/O error 6
[16:34:48] Program Start!
[16:34:56] select CompName, DeptName, max(TelNo), max(CarNo) ,max(IssueDate) from CustInfo where isnull(DeptName,'') <> '' group by CompName, DeptName
HAVING count(*) = 2
 Order by CompName, len(DeptName)

[16:35:18] Program Start!
[16:35:25] select CompName, DeptName, max(TelNo), max(CarNo) ,max(IssueDate) from CustInfo where isnull(DeptName,'') <> '' group by CompName, DeptName
HAVING count(*) = 2
 Order by CompName, len(DeptName)

[16:35:28] 개체 이름 'qryCarPsn.CustInfo'이(가) 유효하지 않습니다
[16:37:08] Program Start!
[16:37:16] select CompName, DeptName, max(TelNo), max(CarNo) ,max(IssueDate) from CustInfo where isnull(DeptName,'') <> '' group by CompName, DeptName
HAVING count(*) = 2
 Order by CompName, len(DeptName)

[16:37:49] 개체 이름 'qryCarPsn.CustInfo'이(가) 유효하지 않습니다
[16:38:17] Program Start!
[16:38:43] Program Start!
[16:38:51] select CompName, DeptName, max(TelNo), max(CarNo) ,max(IssueDate) from CustInfo where isnull(DeptName,'') <> '' group by CompName, DeptName
HAVING count(*) = 2
 Order by CompName, len(DeptName)

[16:38:56] I/O error 6
[16:39:30] Program Start!
[16:39:38] select CompName, DeptName, max(TelNo), max(CarNo) ,max(IssueDate) from CustInfo where isnull(DeptName,'') <> '' group by CompName, DeptName
HAVING count(*) = 2
 Order by CompName, len(DeptName)

[16:40:17] Program Start!
[16:40:49] select CompName, DeptName, max(TelNo), max(CarNo) ,max(IssueDate) from CustInfo where isnull(DeptName,'') <> '' group by CompName, DeptName
HAVING count(*) = 2
 Order by CompName, len(DeptName)

[16:41:16] Program Start!
[16:41:24] select CompName, DeptName, max(TelNo), max(CarNo) ,max(IssueDate) from CustInfo where isnull(DeptName,'') <> '' group by CompName, DeptName
HAVING count(*) = 2
 Order by CompName, len(DeptName)

[16:42:08] Program Start!
[16:42:16] select CompName, DeptName, max(TelNo), max(CarNo) ,max(IssueDate) from CustInfo where isnull(DeptName,'') <> '' group by CompName, DeptName
HAVING count(*) = 2
 Order by CompName, len(DeptName)

[16:42:18] I/O error 6
[16:43:27] Program Start!
[16:43:43] 개체 이름 'qryCarPsn.CustInfo'이(가) 유효하지 않습니다
[16:43:59] Program Start!
[16:44:09] 개체 이름 'qryCarPsn.CustInfo'이(가) 유효하지 않습니다
[16:47:07] Program Start!
[16:47:16] qryCarPsn: Parameter 'N1' not found
[16:47:29] Program Start!
[16:47:45] 개체 이름 'qryCarPsn.CustInfo'이(가) 유효하지 않습니다
[16:47:58] Program Start!
[16:48:03] 개체 이름 'qryCarPsn.CustInfo'이(가) 유효하지 않습니다
[16:48:05] 개체 이름 'qryCarPsn.CustInfo'이(가) 유효하지 않습니다
[16:48:06] 개체 이름 'qryCarPsn.CustInfo'이(가) 유효하지 않습니다
[16:48:06] 개체 이름 'qryCarPsn.CustInfo'이(가) 유효하지 않습니다
[16:48:06] 개체 이름 'qryCarPsn.CustInfo'이(가) 유효하지 않습니다
[16:48:06] 개체 이름 'qryCarPsn.CustInfo'이(가) 유효하지 않습니다
[16:48:22] Program Start!
[16:48:31] 개체 이름 'qryCarPsn.CustInfo'이(가) 유효하지 않습니다
[16:49:38] Program Start!
[16:49:48] 개체 이름 'qryCarPsn.CustInfo'이(가) 유효하지 않습니다
[16:50:22] Program Start!
[16:50:32] 개체 이름 'qryCarPsn.CustInfo'이(가) 유효하지 않습니다
[16:50:59] Program Start!
[16:51:08] 열 이름 'DeptName'이(가) 불확실합니다
[16:51:56] Program Start!
[16:52:08] 열 이름 'DeptName'이(가) 불확실합니다
[16:52:51] Program Start!
[16:53:33] Program Start!
[16:53:41] 열 이름 'DeptName'이(가) 불확실합니다
[16:54:04] Program Start!
[16:54:25] 열 'CustInfo.IssueDate'이(가) 집계 함수나 GROUP BY 절에 없으므로 SELECT 목록에서 사용할 수 없습니다
[16:55:34] Program Start!
[16:55:40] SELECT distinct a.CompName, a.DeptName, a.TelNo, a.Carno, a.IssueDate  
from CustInfo a left merge join CustInfo b ON a.CompName = b.CompName and  a.DeptName = b.DeptName 
where isnull(a.DeptName,'') <> '' group by a.CompName, a.DeptName, a.TelNo, a.Carno, a.IssueDate 
HAVING count(*) = 2

[16:55:51] SELECT distinct a.CompName, a.DeptName, a.TelNo, a.Carno, a.IssueDate  
from CustInfo a left merge join CustInfo b ON a.CompName = b.CompName and  a.DeptName = b.DeptName 
where isnull(a.DeptName,'') <> '' group by a.CompName, a.DeptName, a.TelNo, a.Carno, a.IssueDate 
HAVING count(*) = 3

[16:55:54] SELECT distinct a.CompName, a.DeptName, a.TelNo, a.Carno, a.IssueDate  
from CustInfo a left merge join CustInfo b ON a.CompName = b.CompName and  a.DeptName = b.DeptName 
where isnull(a.DeptName,'') <> '' group by a.CompName, a.DeptName, a.TelNo, a.Carno, a.IssueDate 
HAVING count(*) >= 4

[17:06:57] Program Start!
[17:10:10] Program Start!
[17:11:14] Program Start!
[17:11:27] Select reserve2, reserve3, count(*) as cnt , sum(parkingmin) as prkMin from IONData where ProcDate between :N1 and  :N2 
group by reserve2, reserve3 Order by reserve2, reserve3

[17:18:33] Program Start!
[17:18:34] SMS기능 컬럼추가 완료
[17:18:34] 방문객입출차제한 컬럼추가 완료
[17:18:34] 방문객 주차시간 컬럼추가 완료
[17:18:34] 만차전광판 사용유무 컬럼추가 완료
[17:18:34] 만차여도 정기권 통과유무 컬럼추가 완료
[17:18:34] 현대통신 방문자컬럼 컬럼추가 완료
[17:18:34] 현대통신포인트 컬럼 추가 컬럼추가 완료
[17:18:34] 블랙리스트 삭제 컬럼 추가 컬럼추가 완료
[17:18:34] 현대통신포인트조회 컬럼추가 완료
[17:18:34] 현대통신포인트조회Table 생성 컬럼추가 완료
[17:18:34] 저장 프로시저 함수 생성 컬럼추가 완료
[17:18:34] 단기 정기차량 컬럼 추가 컬럼추가 완료
