[12:55:40] Program Start!
[13:01:06] Program Start!
[13:01:42] Program Start!
[13:02:10] Program Start!
[13:03:04] 현대통신 방문자 포인트 추가
[13:03:04] 현대통신 방문자 포인트 수정
[13:03:04] 현대통신 방문자 포인트 추가
[13:03:04] 현대통신 방문자 포인트 수정
[13:03:04] 현대통신 방문자 포인트 추가
[13:03:04] 현대통신 방문자 포인트 수정
[13:03:04] 현대통신 방문자 포인트 추가
[13:03:04] 현대통신 방문자 포인트 수정
[13:03:04] 현대통신 방문자 포인트 추가
[13:03:04] 현대통신 방문자 포인트 수정
[13:03:04] 현대통신 방문자 포인트 추가
[13:03:04] 현대통신 방문자 포인트 수정
[13:03:04] 현대통신 방문자 포인트 추가
[13:03:04] 현대통신 방문자 포인트 수정
[13:03:04] 현대통신 방문자 포인트 추가
[13:03:04] 현대통신 방문자 포인트 수정
[13:03:04] 현대통신 방문자 포인트 추가
[13:03:04] 현대통신 방문자 포인트 수정
[13:03:04] 현대통신 방문자 포인트 추가
[13:03:04] 현대통신 방문자 포인트 수정
[13:03:04] 현대통신 방문자 포인트 추가
[13:03:04] 현대통신 방문자 포인트 수정
[13:03:04] 현대통신 방문자 포인트 추가
[13:03:04] 현대통신 방문자 포인트 수정
[13:03:04] 현대통신 방문자 포인트 추가
[13:03:04] 현대통신 방문자 포인트 수정
[13:03:04] 현대통신 방문자 포인트 추가
[13:03:04] 현대통신 방문자 포인트 수정
[13:03:04] 현대통신 방문자 포인트 추가
[13:03:04] 현대통신 방문자 포인트 수정
[13:03:04] 현대통신 방문자 포인트 추가
[13:03:04] 현대통신 방문자 포인트 수정
[13:03:04] 현대통신 방문자 포인트 추가
[13:03:04] 현대통신 방문자 포인트 수정
[13:03:04] 현대통신 방문자 포인트 추가
[13:03:04] 현대통신 방문자 포인트 수정
[13:03:04] 현대통신 방문자 포인트 추가
[13:03:04] 현대통신 방문자 포인트 수정
[13:03:04] 현대통신 방문자 포인트 추가
[13:03:04] 현대통신 방문자 포인트 수정
[13:03:04] 현대통신 방문자 포인트 추가
[13:03:04] 현대통신 방문자 포인트 수정
[13:03:04] 현대통신 방문자 포인트 추가
[13:03:04] 현대통신 방문자 포인트 수정
[13:03:04] 현대통신 방문자 포인트 추가
[13:03:04] 현대통신 방문자 포인트 수정
[13:03:04] 현대통신 방문자 포인트 추가
[13:03:04] 현대통신 방문자 포인트 수정
[13:03:04] 현대통신 방문자 포인트 추가
[13:03:05] 현대통신 방문자 포인트 수정
[13:03:05] 현대통신 방문자 포인트 추가
[13:03:05] 현대통신 방문자 포인트 수정
[13:03:05] 현대통신 방문자 포인트 추가
[13:03:05] 현대통신 방문자 포인트 수정
[13:03:05] 현대통신 방문자 포인트 추가
[13:03:05] 현대통신 방문자 포인트 수정
[13:03:05] 현대통신 방문자 포인트 추가
[13:03:05] 현대통신 방문자 포인트 수정
[13:03:05] 현대통신 방문자 포인트 추가
[13:03:05] 현대통신 방문자 포인트 수정
[13:03:05] 현대통신 방문자 포인트 추가
[13:03:05] 현대통신 방문자 포인트 수정
[13:03:05] 현대통신 방문자 포인트 추가
[13:03:05] 현대통신 방문자 포인트 수정
[13:03:05] 현대통신 방문자 포인트 추가
[13:03:05] 현대통신 방문자 포인트 수정
[13:03:05] 현대통신 방문자 포인트 추가
[13:03:05] 현대통신 방문자 포인트 수정
[13:03:05] 현대통신 방문자 포인트 추가
[13:03:05] 현대통신 방문자 포인트 수정
[13:03:05] 현대통신 방문자 포인트 추가
[13:03:05] 현대통신 방문자 포인트 수정
[13:03:05] 현대통신 방문자 포인트 추가
[13:03:05] 현대통신 방문자 포인트 수정
[13:03:05] 현대통신 방문자 포인트 추가
[13:03:05] 현대통신 방문자 포인트 수정
[13:03:05] 현대통신 방문자 포인트 추가
[13:03:05] 현대통신 방문자 포인트 수정
[13:03:05] 현대통신 방문자 포인트 추가
[13:03:05] 현대통신 방문자 포인트 수정
[13:03:05] 현대통신 방문자 포인트 추가
[13:03:05] 현대통신 방문자 포인트 수정
[13:03:05] 현대통신 방문자 포인트 추가
[13:03:05] 현대통신 방문자 포인트 수정
[13:03:05] 현대통신 방문자 포인트 추가
[13:03:05] 현대통신 방문자 포인트 수정
[13:03:05] 현대통신 방문자 포인트 추가
[13:03:05] 현대통신 방문자 포인트 수정
[13:03:05] 현대통신 방문자 포인트 추가
[13:03:05] 현대통신 방문자 포인트 수정
[13:03:05] 현대통신 방문자 포인트 추가
[13:03:05] 현대통신 방문자 포인트 수정
[13:03:05] 현대통신 방문자 포인트 추가
[13:03:05] 현대통신 방문자 포인트 수정
[13:03:05] 현대통신 방문자 포인트 추가
[13:03:05] 현대통신 방문자 포인트 수정
[13:03:05] 현대통신 방문자 포인트 추가
[13:03:05] 현대통신 방문자 포인트 수정
[13:03:05] 현대통신 방문자 포인트 추가
[13:03:05] 현대통신 방문자 포인트 수정
[13:03:05] 현대통신 방문자 포인트 추가
[13:03:05] 현대통신 방문자 포인트 수정
[13:03:05] 현대통신 방문자 포인트 추가
[13:03:05] 현대통신 방문자 포인트 수정
[13:03:05] 현대통신 방문자 포인트 추가
[13:03:05] 현대통신 방문자 포인트 수정
[13:03:05] 현대통신 방문자 포인트 추가
[13:03:05] 현대통신 방문자 포인트 수정
[13:03:05] 현대통신 방문자 포인트 추가
[13:03:05] 현대통신 방문자 포인트 수정
[13:03:05] 현대통신 방문자 포인트 추가
[13:03:05] 현대통신 방문자 포인트 수정
[13:03:05] 현대통신 방문자 포인트 추가
[13:03:05] 현대통신 방문자 포인트 수정
[13:03:05] 현대통신 방문자 포인트 추가
[13:03:05] 현대통신 방문자 포인트 수정
[13:03:05] 현대통신 방문자 포인트 추가
[13:03:05] 현대통신 방문자 포인트 수정
[13:03:05] 현대통신 방문자 포인트 추가
[13:03:05] 현대통신 방문자 포인트 수정
[13:03:05] 현대통신 방문자 포인트 추가
[13:03:05] 현대통신 방문자 포인트 수정
[13:03:05] 현대통신 방문자 포인트 추가
[13:03:05] 현대통신 방문자 포인트 수정
[13:03:05] 현대통신 방문자 포인트 추가
[13:03:05] 현대통신 방문자 포인트 수정
[13:03:05] 현대통신 방문자 포인트 추가
[13:03:05] 현대통신 방문자 포인트 수정
[13:03:05] 현대통신 방문자 포인트 추가
[13:03:05] 현대통신 방문자 포인트 수정
[13:03:05] 현대통신 방문자 포인트 추가
[13:03:05] 현대통신 방문자 포인트 수정
[13:03:05] 현대통신 방문자 포인트 추가
[13:03:05] 현대통신 방문자 포인트 수정
[13:03:05] 현대통신 방문자 포인트 추가
[13:03:05] 현대통신 방문자 포인트 수정
[13:03:05] 현대통신 방문자 포인트 추가
[13:03:06] 현대통신 방문자 포인트 수정
[13:03:06] 현대통신 방문자 포인트 추가
[13:03:06] 현대통신 방문자 포인트 수정
[13:03:06] 현대통신 방문자 포인트 추가
[13:03:06] 현대통신 방문자 포인트 수정
[13:03:06] 현대통신 방문자 포인트 추가
[13:03:06] 현대통신 방문자 포인트 수정
[13:03:06] 현대통신 방문자 포인트 추가
[13:03:06] 현대통신 방문자 포인트 수정
[13:03:06] 현대통신 방문자 포인트 추가
[13:03:06] 현대통신 방문자 포인트 수정
[13:03:06] 현대통신 방문자 포인트 추가
[13:03:06] 현대통신 방문자 포인트 수정
[13:03:06] 현대통신 방문자 포인트 추가
[13:03:06] 현대통신 방문자 포인트 수정
[13:03:06] 현대통신 방문자 포인트 추가
[13:03:06] 현대통신 방문자 포인트 수정
[13:03:06] 현대통신 방문자 포인트 추가
[13:03:06] 현대통신 방문자 포인트 수정
[13:03:06] 현대통신 방문자 포인트 추가
[13:03:06] 현대통신 방문자 포인트 수정
[13:03:06] 현대통신 방문자 포인트 추가
[13:03:06] 현대통신 방문자 포인트 수정
[13:03:06] 현대통신 방문자 포인트 추가
[13:03:06] 현대통신 방문자 포인트 수정
[13:03:06] 현대통신 방문자 포인트 추가
[13:03:06] 현대통신 방문자 포인트 수정
[13:03:06] 현대통신 방문자 포인트 추가
[13:03:06] 현대통신 방문자 포인트 수정
[13:03:06] 현대통신 방문자 포인트 추가
[13:03:06] 현대통신 방문자 포인트 수정
[13:03:06] 현대통신 방문자 포인트 추가
[13:03:06] 현대통신 방문자 포인트 수정
[13:03:06] 현대통신 방문자 포인트 추가
[13:03:06] 현대통신 방문자 포인트 수정
[13:03:06] 현대통신 방문자 포인트 추가
[13:03:06] 현대통신 방문자 포인트 수정
[13:03:06] 현대통신 방문자 포인트 추가
[13:03:06] 현대통신 방문자 포인트 수정
[13:03:06] 현대통신 방문자 포인트 추가
[13:03:06] 현대통신 방문자 포인트 수정
[13:03:06] 현대통신 방문자 포인트 추가
[13:03:06] 현대통신 방문자 포인트 수정
[13:03:06] 현대통신 방문자 포인트 추가
[13:03:06] 현대통신 방문자 포인트 수정
[13:03:06] 현대통신 방문자 포인트 추가
[13:03:06] 현대통신 방문자 포인트 수정
[13:03:06] 현대통신 방문자 포인트 추가
[13:03:06] 현대통신 방문자 포인트 수정
[13:03:06] 현대통신 방문자 포인트 추가
[13:03:06] 현대통신 방문자 포인트 수정
[13:03:06] 현대통신 방문자 포인트 추가
[13:03:06] 현대통신 방문자 포인트 수정
[13:03:06] 현대통신 방문자 포인트 추가
[13:03:06] 현대통신 방문자 포인트 수정
[13:03:06] 현대통신 방문자 포인트 추가
[13:03:06] 현대통신 방문자 포인트 수정
[13:03:06] 현대통신 방문자 포인트 추가
[13:03:06] 현대통신 방문자 포인트 수정
[13:03:06] 현대통신 방문자 포인트 추가
[13:03:06] 현대통신 방문자 포인트 수정
[13:03:06] 현대통신 방문자 포인트 추가
[13:03:06] 현대통신 방문자 포인트 수정
[13:03:06] 현대통신 방문자 포인트 추가
[13:03:06] 현대통신 방문자 포인트 수정
[13:03:06] 현대통신 방문자 포인트 추가
[13:03:06] 현대통신 방문자 포인트 수정
[13:03:06] 현대통신 방문자 포인트 추가
[13:03:06] 현대통신 방문자 포인트 수정
[13:03:06] 현대통신 방문자 포인트 추가
[13:03:06] 현대통신 방문자 포인트 수정
[13:03:06] 현대통신 방문자 포인트 추가
[13:03:06] 현대통신 방문자 포인트 수정
[13:03:06] 현대통신 방문자 포인트 추가
[13:03:06] 현대통신 방문자 포인트 수정
[13:03:06] 현대통신 방문자 포인트 추가
[13:03:06] 현대통신 방문자 포인트 수정
[13:03:06] 현대통신 방문자 포인트 추가
[13:03:06] 현대통신 방문자 포인트 수정
[13:03:06] 현대통신 방문자 포인트 추가
[13:03:06] 현대통신 방문자 포인트 수정
[13:03:06] 현대통신 방문자 포인트 추가
[13:03:06] 현대통신 방문자 포인트 수정
[13:03:06] 현대통신 방문자 포인트 추가
[13:03:06] 현대통신 방문자 포인트 수정
[13:03:06] 현대통신 방문자 포인트 추가
[13:03:06] 현대통신 방문자 포인트 수정
[13:03:06] 현대통신 방문자 포인트 추가
[13:03:06] 현대통신 방문자 포인트 수정
[13:03:06] 현대통신 방문자 포인트 추가
[13:03:06] 현대통신 방문자 포인트 수정
[13:03:06] 현대통신 방문자 포인트 추가
[13:03:06] 현대통신 방문자 포인트 수정
[13:03:06] 현대통신 방문자 포인트 추가
[13:03:06] 현대통신 방문자 포인트 수정
[13:03:07] 현대통신 방문자 포인트 추가
[13:03:07] 현대통신 방문자 포인트 수정
[13:03:07] 현대통신 방문자 포인트 추가
[13:03:07] 현대통신 방문자 포인트 수정
[13:03:07] 현대통신 방문자 포인트 추가
[13:03:07] 현대통신 방문자 포인트 수정
[13:03:07] 현대통신 방문자 포인트 추가
[13:03:07] 현대통신 방문자 포인트 수정
[13:03:07] 현대통신 방문자 포인트 추가
[13:03:07] 현대통신 방문자 포인트 수정
[13:03:07] 현대통신 방문자 포인트 추가
[13:03:07] 현대통신 방문자 포인트 수정
[13:03:07] 현대통신 방문자 포인트 추가
[13:03:07] 현대통신 방문자 포인트 수정
[13:03:07] 현대통신 방문자 포인트 추가
[13:03:07] 현대통신 방문자 포인트 수정
[13:03:07] 현대통신 방문자 포인트 추가
[13:03:07] 현대통신 방문자 포인트 수정
[13:03:07] 현대통신 방문자 포인트 추가
[13:03:07] 현대통신 방문자 포인트 수정
[13:03:07] 현대통신 방문자 포인트 추가
[13:03:07] 현대통신 방문자 포인트 수정
[13:03:07] 현대통신 방문자 포인트 추가
[13:03:07] 현대통신 방문자 포인트 수정
[13:03:07] 현대통신 방문자 포인트 추가
[13:03:07] 현대통신 방문자 포인트 수정
[13:03:07] 현대통신 방문자 포인트 추가
[13:03:07] 현대통신 방문자 포인트 수정
[13:03:07] 현대통신 방문자 포인트 추가
[13:03:07] 현대통신 방문자 포인트 수정
[13:03:07] 현대통신 방문자 포인트 추가
[13:03:07] 현대통신 방문자 포인트 수정
[13:03:07] 현대통신 방문자 포인트 추가
[13:03:07] 현대통신 방문자 포인트 수정
[13:03:07] 현대통신 방문자 포인트 추가
[13:03:07] 현대통신 방문자 포인트 수정
[13:03:07] 현대통신 방문자 포인트 추가
[13:03:07] 현대통신 방문자 포인트 수정
[13:03:07] 현대통신 방문자 포인트 추가
[13:03:07] 현대통신 방문자 포인트 수정
[13:03:07] 현대통신 방문자 포인트 추가
[13:03:07] 현대통신 방문자 포인트 수정
[13:03:07] 현대통신 방문자 포인트 추가
[13:03:07] 현대통신 방문자 포인트 수정
[13:03:07] 현대통신 방문자 포인트 추가
[13:03:07] 현대통신 방문자 포인트 수정
[13:03:07] 현대통신 방문자 포인트 추가
[13:03:07] 현대통신 방문자 포인트 수정
[13:03:07] 현대통신 방문자 포인트 추가
[13:03:07] 현대통신 방문자 포인트 수정
[13:03:07] 현대통신 방문자 포인트 추가
[13:03:07] 현대통신 방문자 포인트 수정
[13:03:07] 현대통신 방문자 포인트 추가
[13:03:07] 현대통신 방문자 포인트 수정
[13:03:07] 현대통신 방문자 포인트 추가
[13:03:07] 현대통신 방문자 포인트 수정
[13:03:07] 현대통신 방문자 포인트 추가
[13:03:07] 현대통신 방문자 포인트 수정
[13:03:07] 현대통신 방문자 포인트 추가
[13:03:07] 현대통신 방문자 포인트 수정
[13:03:07] 현대통신 방문자 포인트 추가
[13:03:07] 현대통신 방문자 포인트 수정
[13:03:07] 현대통신 방문자 포인트 추가
[13:03:07] 현대통신 방문자 포인트 수정
[13:03:07] 현대통신 방문자 포인트 추가
[13:03:07] 현대통신 방문자 포인트 수정
[13:03:07] 현대통신 방문자 포인트 추가
[13:03:07] 현대통신 방문자 포인트 수정
[13:03:07] 현대통신 방문자 포인트 추가
[13:03:07] 현대통신 방문자 포인트 수정
[13:03:07] 현대통신 방문자 포인트 추가
[13:03:07] 현대통신 방문자 포인트 수정
[13:03:07] 현대통신 방문자 포인트 추가
[13:03:07] 현대통신 방문자 포인트 수정
[13:03:07] 현대통신 방문자 포인트 추가
[13:03:07] 현대통신 방문자 포인트 수정
[13:03:07] 현대통신 방문자 포인트 추가
[13:03:07] 현대통신 방문자 포인트 수정
[13:03:07] 현대통신 방문자 포인트 추가
[13:03:07] 현대통신 방문자 포인트 수정
[13:03:07] 현대통신 방문자 포인트 추가
[13:03:07] 현대통신 방문자 포인트 수정
[13:03:07] 현대통신 방문자 포인트 추가
[13:03:07] 현대통신 방문자 포인트 수정
[13:03:07] 현대통신 방문자 포인트 추가
[13:03:07] 현대통신 방문자 포인트 수정
[13:03:07] 현대통신 방문자 포인트 추가
[13:03:07] 현대통신 방문자 포인트 수정
[13:03:07] 현대통신 방문자 포인트 추가
[13:03:07] 현대통신 방문자 포인트 수정
[13:03:07] 현대통신 방문자 포인트 추가
[13:03:07] 현대통신 방문자 포인트 수정
[13:03:07] 현대통신 방문자 포인트 추가
[13:03:07] 현대통신 방문자 포인트 수정
[13:03:07] 현대통신 방문자 포인트 추가
[13:03:07] 현대통신 방문자 포인트 수정
[13:03:07] 현대통신 방문자 포인트 추가
[13:03:07] 현대통신 방문자 포인트 수정
[13:03:07] 현대통신 방문자 포인트 추가
[13:03:07] 현대통신 방문자 포인트 수정
[13:03:07] 현대통신 방문자 포인트 추가
[13:03:08] 현대통신 방문자 포인트 수정
[13:03:08] 현대통신 방문자 포인트 추가
[13:03:08] 현대통신 방문자 포인트 수정
[13:03:08] 현대통신 방문자 포인트 추가
[13:03:08] 현대통신 방문자 포인트 수정
[13:03:08] 현대통신 방문자 포인트 추가
[13:03:08] 현대통신 방문자 포인트 수정
[13:03:08] 현대통신 방문자 포인트 추가
[13:03:08] 현대통신 방문자 포인트 수정
[13:03:08] 현대통신 방문자 포인트 추가
[13:03:08] 현대통신 방문자 포인트 수정
[13:03:08] 현대통신 방문자 포인트 추가
[13:03:08] 현대통신 방문자 포인트 수정
[13:03:08] 현대통신 방문자 포인트 추가
[13:03:08] 현대통신 방문자 포인트 수정
[13:03:08] 현대통신 방문자 포인트 추가
[13:03:08] 현대통신 방문자 포인트 수정
[13:03:08] 현대통신 방문자 포인트 추가
[13:03:08] 현대통신 방문자 포인트 수정
[13:03:08] 현대통신 방문자 포인트 추가
[13:03:08] 현대통신 방문자 포인트 수정
[13:03:08] 현대통신 방문자 포인트 추가
[13:03:08] 현대통신 방문자 포인트 수정
[13:03:08] 현대통신 방문자 포인트 추가
[13:03:08] 현대통신 방문자 포인트 수정
[13:03:08] 현대통신 방문자 포인트 추가
[13:03:08] 현대통신 방문자 포인트 수정
[13:03:08] 현대통신 방문자 포인트 추가
[13:03:08] 현대통신 방문자 포인트 수정
[13:03:08] 현대통신 방문자 포인트 추가
[13:03:08] 현대통신 방문자 포인트 수정
[13:03:08] 현대통신 방문자 포인트 추가
[13:03:08] 현대통신 방문자 포인트 수정
[13:03:08] 현대통신 방문자 포인트 추가
[13:03:08] 현대통신 방문자 포인트 수정
[13:03:08] 현대통신 방문자 포인트 추가
[13:03:08] 현대통신 방문자 포인트 수정
[13:03:08] 현대통신 방문자 포인트 추가
[13:03:08] 현대통신 방문자 포인트 수정
[13:03:08] 현대통신 방문자 포인트 추가
[13:03:08] 현대통신 방문자 포인트 수정
[13:03:08] 현대통신 방문자 포인트 추가
[13:03:08] 현대통신 방문자 포인트 수정
[13:03:08] 현대통신 방문자 포인트 추가
[13:03:08] 현대통신 방문자 포인트 수정
[13:03:08] 현대통신 방문자 포인트 추가
[13:03:08] 현대통신 방문자 포인트 수정
[13:03:08] 현대통신 방문자 포인트 추가
[13:03:08] 현대통신 방문자 포인트 수정
[13:03:08] 현대통신 방문자 포인트 추가
[13:03:08] 현대통신 방문자 포인트 수정
[13:03:08] 현대통신 방문자 포인트 추가
[13:03:08] 현대통신 방문자 포인트 수정
[13:03:08] 현대통신 방문자 포인트 추가
[13:03:08] 현대통신 방문자 포인트 수정
[13:03:08] 현대통신 방문자 포인트 추가
[13:03:08] 현대통신 방문자 포인트 수정
[13:03:08] 현대통신 방문자 포인트 추가
[13:03:08] 현대통신 방문자 포인트 수정
[13:03:08] 현대통신 방문자 포인트 추가
[13:03:08] 현대통신 방문자 포인트 수정
[13:03:08] 현대통신 방문자 포인트 추가
[13:03:08] 현대통신 방문자 포인트 수정
[13:03:08] 현대통신 방문자 포인트 추가
[13:03:08] 현대통신 방문자 포인트 수정
[13:03:08] 현대통신 방문자 포인트 추가
[13:03:08] 현대통신 방문자 포인트 수정
[13:03:08] 현대통신 방문자 포인트 추가
[13:03:08] 현대통신 방문자 포인트 수정
[13:03:08] 현대통신 방문자 포인트 추가
[13:03:08] 현대통신 방문자 포인트 수정
[13:03:08] 현대통신 방문자 포인트 추가
[13:03:08] 현대통신 방문자 포인트 수정
[13:03:08] 현대통신 방문자 포인트 추가
[13:03:08] 현대통신 방문자 포인트 수정
[13:03:08] 현대통신 방문자 포인트 추가
[13:03:08] 현대통신 방문자 포인트 수정
[13:03:08] 현대통신 방문자 포인트 추가
[13:03:08] 현대통신 방문자 포인트 수정
[13:03:08] 현대통신 방문자 포인트 추가
[13:03:08] 현대통신 방문자 포인트 수정
[13:03:08] 현대통신 방문자 포인트 추가
[13:03:08] 현대통신 방문자 포인트 수정
[13:03:08] 현대통신 방문자 포인트 추가
[13:03:08] 현대통신 방문자 포인트 수정
[13:03:08] 현대통신 방문자 포인트 추가
[13:03:08] 현대통신 방문자 포인트 수정
[13:03:08] 현대통신 방문자 포인트 추가
[13:03:08] 현대통신 방문자 포인트 수정
[13:03:08] 현대통신 방문자 포인트 추가
[13:03:08] 현대통신 방문자 포인트 수정
[13:03:08] 현대통신 방문자 포인트 추가
[13:03:08] 현대통신 방문자 포인트 수정
[13:03:08] 현대통신 방문자 포인트 추가
[13:03:08] 현대통신 방문자 포인트 수정
[13:03:08] 현대통신 방문자 포인트 추가
[13:03:08] 현대통신 방문자 포인트 수정
[13:03:08] 현대통신 방문자 포인트 추가
[13:03:09] 현대통신 방문자 포인트 수정
[13:03:09] 현대통신 방문자 포인트 추가
[13:03:09] 현대통신 방문자 포인트 수정
[13:03:09] 현대통신 방문자 포인트 추가
[13:03:09] 현대통신 방문자 포인트 수정
[13:03:09] 현대통신 방문자 포인트 추가
[13:03:09] 현대통신 방문자 포인트 수정
[13:03:09] 현대통신 방문자 포인트 추가
[13:03:09] 현대통신 방문자 포인트 수정
[13:03:09] 현대통신 방문자 포인트 추가
[13:03:09] 현대통신 방문자 포인트 수정
[13:03:09] 현대통신 방문자 포인트 추가
[13:03:09] 현대통신 방문자 포인트 수정
[13:03:09] 현대통신 방문자 포인트 추가
[13:03:09] 현대통신 방문자 포인트 수정
[13:03:09] 현대통신 방문자 포인트 추가
[13:03:09] 현대통신 방문자 포인트 수정
[13:03:09] 현대통신 방문자 포인트 추가
[13:03:09] 현대통신 방문자 포인트 수정
[13:03:09] 현대통신 방문자 포인트 추가
[13:03:09] 현대통신 방문자 포인트 수정
[13:03:09] 현대통신 방문자 포인트 추가
[13:03:09] 현대통신 방문자 포인트 수정
[13:03:09] 현대통신 방문자 포인트 추가
[13:03:09] 현대통신 방문자 포인트 수정
[13:03:09] 현대통신 방문자 포인트 추가
[13:03:09] 현대통신 방문자 포인트 수정
[13:03:09] 현대통신 방문자 포인트 추가
[13:03:09] 현대통신 방문자 포인트 수정
[13:03:09] 현대통신 방문자 포인트 추가
[13:03:09] 현대통신 방문자 포인트 수정
[13:03:09] 현대통신 방문자 포인트 추가
[13:03:09] 현대통신 방문자 포인트 수정
[13:03:09] 현대통신 방문자 포인트 추가
[13:03:09] 현대통신 방문자 포인트 수정
[13:03:09] 현대통신 방문자 포인트 추가
[13:03:09] 현대통신 방문자 포인트 수정
[13:03:09] 현대통신 방문자 포인트 추가
[13:03:09] 현대통신 방문자 포인트 수정
[13:03:09] 현대통신 방문자 포인트 추가
[13:03:09] 현대통신 방문자 포인트 수정
[13:03:09] 현대통신 방문자 포인트 추가
[13:03:09] 현대통신 방문자 포인트 수정
[13:03:09] 현대통신 방문자 포인트 추가
[13:03:09] 현대통신 방문자 포인트 수정
[13:03:09] 현대통신 방문자 포인트 추가
[13:03:09] 현대통신 방문자 포인트 수정
[13:03:09] 현대통신 방문자 포인트 추가
[13:03:09] 현대통신 방문자 포인트 수정
[13:03:09] 현대통신 방문자 포인트 추가
[13:03:09] 현대통신 방문자 포인트 수정
[13:03:09] 현대통신 방문자 포인트 추가
[13:03:09] 현대통신 방문자 포인트 수정
[13:03:09] 현대통신 방문자 포인트 추가
[13:03:09] 현대통신 방문자 포인트 수정
[13:03:09] 현대통신 방문자 포인트 추가
[13:03:09] 현대통신 방문자 포인트 수정
[13:03:09] 현대통신 방문자 포인트 추가
[13:03:09] 현대통신 방문자 포인트 수정
[13:03:09] 현대통신 방문자 포인트 추가
[13:03:09] 현대통신 방문자 포인트 수정
[13:03:09] 현대통신 방문자 포인트 추가
[13:03:09] 현대통신 방문자 포인트 수정
[13:03:09] 현대통신 방문자 포인트 추가
[13:03:09] 현대통신 방문자 포인트 수정
[13:03:09] 현대통신 방문자 포인트 추가
[13:03:09] 현대통신 방문자 포인트 수정
[13:03:09] 현대통신 방문자 포인트 추가
[13:03:09] 현대통신 방문자 포인트 수정
[13:03:09] 현대통신 방문자 포인트 추가
[13:03:09] 현대통신 방문자 포인트 수정
[13:03:09] 현대통신 방문자 포인트 추가
[13:03:09] 현대통신 방문자 포인트 수정
[13:03:09] 현대통신 방문자 포인트 추가
[13:03:09] 현대통신 방문자 포인트 수정
[13:03:09] 현대통신 방문자 포인트 추가
[13:03:09] 현대통신 방문자 포인트 수정
[13:03:09] 현대통신 방문자 포인트 추가
[13:03:09] 현대통신 방문자 포인트 수정
[13:03:09] 현대통신 방문자 포인트 추가
[13:03:09] 현대통신 방문자 포인트 수정
[13:03:09] 현대통신 방문자 포인트 추가
[13:03:09] 현대통신 방문자 포인트 수정
[13:03:09] 현대통신 방문자 포인트 추가
[13:03:09] 현대통신 방문자 포인트 수정
[13:03:09] 현대통신 방문자 포인트 추가
[13:03:09] 현대통신 방문자 포인트 수정
[13:03:09] 현대통신 방문자 포인트 추가
[13:03:09] 현대통신 방문자 포인트 수정
[13:03:09] 현대통신 방문자 포인트 추가
[13:03:09] 현대통신 방문자 포인트 수정
[13:03:09] 현대통신 방문자 포인트 추가
[13:03:09] 현대통신 방문자 포인트 수정
[13:03:09] 현대통신 방문자 포인트 추가
[13:03:10] 현대통신 방문자 포인트 수정
[13:03:10] 현대통신 방문자 포인트 추가
[13:03:10] 현대통신 방문자 포인트 수정
[13:03:10] 현대통신 방문자 포인트 추가
[13:03:10] 현대통신 방문자 포인트 수정
[13:03:10] 현대통신 방문자 포인트 추가
[13:03:10] 현대통신 방문자 포인트 수정
[13:03:10] 현대통신 방문자 포인트 추가
[13:03:10] 현대통신 방문자 포인트 수정
[13:03:10] 현대통신 방문자 포인트 추가
[13:03:10] 현대통신 방문자 포인트 수정
[13:03:10] 현대통신 방문자 포인트 추가
[13:03:10] 현대통신 방문자 포인트 수정
[13:03:10] 현대통신 방문자 포인트 추가
[13:03:10] 현대통신 방문자 포인트 수정
[13:03:10] 현대통신 방문자 포인트 추가
[13:03:10] 현대통신 방문자 포인트 수정
[13:03:10] 현대통신 방문자 포인트 추가
[13:03:10] 현대통신 방문자 포인트 수정
[13:03:10] 현대통신 방문자 포인트 추가
[13:03:10] 현대통신 방문자 포인트 수정
[13:03:10] 현대통신 방문자 포인트 추가
[13:03:10] 현대통신 방문자 포인트 수정
[13:03:10] 현대통신 방문자 포인트 추가
[13:03:10] 현대통신 방문자 포인트 수정
[13:03:10] 현대통신 방문자 포인트 추가
[13:03:10] 현대통신 방문자 포인트 수정
[13:03:10] 현대통신 방문자 포인트 추가
[13:03:10] 현대통신 방문자 포인트 수정
[13:03:10] 현대통신 방문자 포인트 추가
[13:03:10] 현대통신 방문자 포인트 수정
[13:03:10] 현대통신 방문자 포인트 추가
[13:03:10] 현대통신 방문자 포인트 수정
[13:03:10] 현대통신 방문자 포인트 추가
[13:03:10] 현대통신 방문자 포인트 수정
[13:03:10] 현대통신 방문자 포인트 추가
[13:03:10] 현대통신 방문자 포인트 수정
[13:03:10] 현대통신 방문자 포인트 추가
[13:03:10] 현대통신 방문자 포인트 수정
[13:03:10] 현대통신 방문자 포인트 추가
[13:03:10] 현대통신 방문자 포인트 수정
[13:03:10] 현대통신 방문자 포인트 추가
[13:03:10] 현대통신 방문자 포인트 수정
[13:03:10] 현대통신 방문자 포인트 추가
[13:03:10] 현대통신 방문자 포인트 수정
[13:03:10] 현대통신 방문자 포인트 추가
[13:03:10] 현대통신 방문자 포인트 수정
[13:03:10] 현대통신 방문자 포인트 추가
[13:03:10] 현대통신 방문자 포인트 수정
[13:03:10] 현대통신 방문자 포인트 추가
[13:03:10] 현대통신 방문자 포인트 수정
[13:03:10] 현대통신 방문자 포인트 추가
[13:03:10] 현대통신 방문자 포인트 수정
[13:03:10] 현대통신 방문자 포인트 추가
[13:03:10] 현대통신 방문자 포인트 수정
[13:03:10] 현대통신 방문자 포인트 추가
[13:03:10] 현대통신 방문자 포인트 수정
[13:03:10] 현대통신 방문자 포인트 추가
[13:03:10] 현대통신 방문자 포인트 수정
[13:03:10] 현대통신 방문자 포인트 추가
[13:03:10] 현대통신 방문자 포인트 수정
[13:03:10] 현대통신 방문자 포인트 추가
[13:03:10] 현대통신 방문자 포인트 수정
[13:03:10] 현대통신 방문자 포인트 추가
[13:03:10] 현대통신 방문자 포인트 수정
[13:03:10] 현대통신 방문자 포인트 추가
[13:03:10] 현대통신 방문자 포인트 수정
[13:03:10] 현대통신 방문자 포인트 추가
[13:03:10] 현대통신 방문자 포인트 수정
[13:03:10] 현대통신 방문자 포인트 추가
[13:03:10] 현대통신 방문자 포인트 수정
[13:03:10] 현대통신 방문자 포인트 추가
[13:03:10] 현대통신 방문자 포인트 수정
[13:03:10] 현대통신 방문자 포인트 추가
[13:03:10] 현대통신 방문자 포인트 수정
[13:03:10] 현대통신 방문자 포인트 추가
[13:03:10] 현대통신 방문자 포인트 수정
[13:03:10] 현대통신 방문자 포인트 추가
[13:03:10] 현대통신 방문자 포인트 수정
[13:03:10] 현대통신 방문자 포인트 추가
[13:03:10] 현대통신 방문자 포인트 수정
[13:03:10] 현대통신 방문자 포인트 추가
[13:03:10] 현대통신 방문자 포인트 수정
[13:03:10] 현대통신 방문자 포인트 추가
[13:03:10] 현대통신 방문자 포인트 수정
[13:03:10] 현대통신 방문자 포인트 추가
[13:03:10] 현대통신 방문자 포인트 수정
[13:03:10] 현대통신 방문자 포인트 추가
[13:03:11] 현대통신 방문자 포인트 수정
[13:03:11] 현대통신 방문자 포인트 추가
[13:03:11] 현대통신 방문자 포인트 수정
[13:03:11] 현대통신 방문자 포인트 추가
[13:03:11] 현대통신 방문자 포인트 수정
[13:03:11] 현대통신 방문자 포인트 추가
[13:03:11] 현대통신 방문자 포인트 수정
[13:03:11] 현대통신 방문자 포인트 추가
[13:03:11] 현대통신 방문자 포인트 수정
[13:03:11] 현대통신 방문자 포인트 추가
[13:03:11] 현대통신 방문자 포인트 수정
[13:03:11] 현대통신 방문자 포인트 추가
[13:03:11] 현대통신 방문자 포인트 수정
[13:03:11] 현대통신 방문자 포인트 추가
[13:03:11] 현대통신 방문자 포인트 수정
[13:03:11] 현대통신 방문자 포인트 추가
[13:03:11] 현대통신 방문자 포인트 수정
[13:03:11] 현대통신 방문자 포인트 추가
[13:03:11] 현대통신 방문자 포인트 수정
[13:03:11] 현대통신 방문자 포인트 추가
[13:03:11] 현대통신 방문자 포인트 수정
[13:03:11] 현대통신 방문자 포인트 추가
[13:03:11] 현대통신 방문자 포인트 수정
[13:03:11] 현대통신 방문자 포인트 추가
[13:03:11] 현대통신 방문자 포인트 수정
[13:03:11] 현대통신 방문자 포인트 추가
[13:03:11] 현대통신 방문자 포인트 수정
[13:03:11] 현대통신 방문자 포인트 추가
[13:03:11] 현대통신 방문자 포인트 수정
[13:03:11] 현대통신 방문자 포인트 추가
[13:03:11] 현대통신 방문자 포인트 수정
[13:03:11] 현대통신 방문자 포인트 추가
[13:03:11] 현대통신 방문자 포인트 수정
[13:03:11] 현대통신 방문자 포인트 추가
[13:03:11] 현대통신 방문자 포인트 수정
[13:03:11] 현대통신 방문자 포인트 추가
[13:03:11] 현대통신 방문자 포인트 수정
[13:03:11] 현대통신 방문자 포인트 추가
[13:03:11] 현대통신 방문자 포인트 수정
[13:03:11] 현대통신 방문자 포인트 추가
[13:03:11] 현대통신 방문자 포인트 수정
[13:03:11] 현대통신 방문자 포인트 추가
[13:03:11] 현대통신 방문자 포인트 수정
[13:03:11] 현대통신 방문자 포인트 추가
[13:03:11] 현대통신 방문자 포인트 수정
[13:03:11] 현대통신 방문자 포인트 추가
[13:03:11] 현대통신 방문자 포인트 수정
[13:03:11] 현대통신 방문자 포인트 추가
[13:03:11] 현대통신 방문자 포인트 수정
[13:03:11] 현대통신 방문자 포인트 추가
[13:03:11] 현대통신 방문자 포인트 수정
[13:03:11] 현대통신 방문자 포인트 추가
[13:03:11] 현대통신 방문자 포인트 수정
[13:03:11] 현대통신 방문자 포인트 추가
[13:03:11] 현대통신 방문자 포인트 수정
[13:03:11] 현대통신 방문자 포인트 추가
[13:03:11] 현대통신 방문자 포인트 수정
[13:03:11] 현대통신 방문자 포인트 추가
[13:03:11] 현대통신 방문자 포인트 수정
[13:03:11] 현대통신 방문자 포인트 추가
[13:03:11] 현대통신 방문자 포인트 수정
[13:03:11] 현대통신 방문자 포인트 추가
[13:03:11] 현대통신 방문자 포인트 수정
[13:03:11] 현대통신 방문자 포인트 추가
[13:03:11] 현대통신 방문자 포인트 수정
[13:03:11] 현대통신 방문자 포인트 추가
[13:03:11] 현대통신 방문자 포인트 수정
[13:03:11] 현대통신 방문자 포인트 추가
[13:03:11] 현대통신 방문자 포인트 수정
[13:03:11] 현대통신 방문자 포인트 추가
[13:03:11] 현대통신 방문자 포인트 수정
[13:03:11] 현대통신 방문자 포인트 추가
[13:03:11] 현대통신 방문자 포인트 수정
[13:03:11] 현대통신 방문자 포인트 추가
[13:03:11] 현대통신 방문자 포인트 수정
[13:03:11] 현대통신 방문자 포인트 추가
[13:03:11] 현대통신 방문자 포인트 수정
[13:03:11] 현대통신 방문자 포인트 추가
[13:03:11] 현대통신 방문자 포인트 수정
[13:03:11] 현대통신 방문자 포인트 추가
[13:03:11] 현대통신 방문자 포인트 수정
[13:03:11] 현대통신 방문자 포인트 추가
[13:03:11] 현대통신 방문자 포인트 수정
[13:03:11] 현대통신 방문자 포인트 추가
[13:03:11] 현대통신 방문자 포인트 수정
[13:03:11] 현대통신 방문자 포인트 추가
[13:03:11] 현대통신 방문자 포인트 수정
[13:03:11] 현대통신 방문자 포인트 추가
[13:03:11] 현대통신 방문자 포인트 수정
[13:03:11] 현대통신 방문자 포인트 추가
[13:03:11] 현대통신 방문자 포인트 수정
[13:03:11] 현대통신 방문자 포인트 추가
[13:03:11] 현대통신 방문자 포인트 수정
[13:03:11] 현대통신 방문자 포인트 추가
[13:03:11] 현대통신 방문자 포인트 수정
[13:03:11] 현대통신 방문자 포인트 추가
[13:03:11] 현대통신 방문자 포인트 수정
[13:03:11] 현대통신 방문자 포인트 추가
[13:03:11] 현대통신 방문자 포인트 수정
[13:03:11] 현대통신 방문자 포인트 추가
[13:03:11] 현대통신 방문자 포인트 수정
[13:03:11] 현대통신 방문자 포인트 추가
[13:03:12] 현대통신 방문자 포인트 수정
[13:03:12] 현대통신 방문자 포인트 추가
[13:03:12] 현대통신 방문자 포인트 수정
[13:03:12] 현대통신 방문자 포인트 추가
[13:03:12] 현대통신 방문자 포인트 수정
[13:03:12] 현대통신 방문자 포인트 추가
[13:03:12] 현대통신 방문자 포인트 수정
[13:03:12] 현대통신 방문자 포인트 추가
[13:03:12] 현대통신 방문자 포인트 수정
[13:03:12] 현대통신 방문자 포인트 추가
[13:03:12] 현대통신 방문자 포인트 수정
[13:03:12] 현대통신 방문자 포인트 추가
[13:03:12] 현대통신 방문자 포인트 수정
[13:03:12] 현대통신 방문자 포인트 추가
[13:03:12] 현대통신 방문자 포인트 수정
[13:03:12] 현대통신 방문자 포인트 추가
[13:03:12] 현대통신 방문자 포인트 수정
[13:03:12] 현대통신 방문자 포인트 추가
[13:03:12] 현대통신 방문자 포인트 수정
[13:03:12] 현대통신 방문자 포인트 추가
[13:03:12] 현대통신 방문자 포인트 수정
[13:03:12] 현대통신 방문자 포인트 추가
[13:03:12] 현대통신 방문자 포인트 수정
[13:03:12] 현대통신 방문자 포인트 추가
[13:03:12] 현대통신 방문자 포인트 수정
[13:03:12] 현대통신 방문자 포인트 추가
[13:03:12] 현대통신 방문자 포인트 수정
[13:03:12] 현대통신 방문자 포인트 추가
[13:03:12] 현대통신 방문자 포인트 수정
[13:03:12] 현대통신 방문자 포인트 추가
[13:03:12] 현대통신 방문자 포인트 수정
[13:03:12] 현대통신 방문자 포인트 추가
[13:03:12] 현대통신 방문자 포인트 수정
[13:03:12] 현대통신 방문자 포인트 추가
[13:03:12] 현대통신 방문자 포인트 수정
[13:03:12] 현대통신 방문자 포인트 추가
[13:03:12] 현대통신 방문자 포인트 수정
[13:03:12] 현대통신 방문자 포인트 추가
[13:03:12] 현대통신 방문자 포인트 수정
[13:03:12] 현대통신 방문자 포인트 추가
[13:03:12] 현대통신 방문자 포인트 수정
[13:03:12] 현대통신 방문자 포인트 추가
[13:03:12] 현대통신 방문자 포인트 수정
[13:03:12] 현대통신 방문자 포인트 추가
[13:03:12] 현대통신 방문자 포인트 수정
[13:03:12] 현대통신 방문자 포인트 추가
[13:03:12] 현대통신 방문자 포인트 수정
[13:03:12] 현대통신 방문자 포인트 추가
[13:03:12] 현대통신 방문자 포인트 수정
[13:03:12] 현대통신 방문자 포인트 추가
[13:03:12] 현대통신 방문자 포인트 수정
[13:03:12] 현대통신 방문자 포인트 추가
[13:03:12] 현대통신 방문자 포인트 수정
[13:03:12] 현대통신 방문자 포인트 추가
[13:03:12] 현대통신 방문자 포인트 수정
[13:03:12] 현대통신 방문자 포인트 추가
[13:03:12] 현대통신 방문자 포인트 수정
[13:03:12] 현대통신 방문자 포인트 추가
[13:03:12] 현대통신 방문자 포인트 수정
[13:03:12] 현대통신 방문자 포인트 추가
[13:03:12] 현대통신 방문자 포인트 수정
[13:03:12] 현대통신 방문자 포인트 추가
[13:03:12] 현대통신 방문자 포인트 수정
[13:03:12] 현대통신 방문자 포인트 추가
[13:03:12] 현대통신 방문자 포인트 수정
[13:03:12] 현대통신 방문자 포인트 추가
[13:03:12] 현대통신 방문자 포인트 수정
[13:03:12] 현대통신 방문자 포인트 추가
[13:03:12] 현대통신 방문자 포인트 수정
[13:03:12] 현대통신 방문자 포인트 추가
[13:03:12] 현대통신 방문자 포인트 수정
[13:03:12] 현대통신 방문자 포인트 추가
[13:03:12] 현대통신 방문자 포인트 수정
[13:03:12] 현대통신 방문자 포인트 추가
[13:03:12] 현대통신 방문자 포인트 수정
[13:03:12] 현대통신 방문자 포인트 추가
[13:03:12] 현대통신 방문자 포인트 수정
[13:03:12] 현대통신 방문자 포인트 추가
[13:03:12] 현대통신 방문자 포인트 수정
[13:03:12] 현대통신 방문자 포인트 추가
[13:03:12] 현대통신 방문자 포인트 수정
[13:03:12] 현대통신 방문자 포인트 추가
[13:03:12] 현대통신 방문자 포인트 수정
[13:03:12] 현대통신 방문자 포인트 추가
[13:03:12] 현대통신 방문자 포인트 수정
[13:03:12] 현대통신 방문자 포인트 추가
[13:03:12] 현대통신 방문자 포인트 수정
[13:03:12] 현대통신 방문자 포인트 추가
[13:03:12] 현대통신 방문자 포인트 수정
[13:03:12] 현대통신 방문자 포인트 추가
[13:03:12] 현대통신 방문자 포인트 수정
[13:03:12] 현대통신 방문자 포인트 추가
[13:03:12] 현대통신 방문자 포인트 수정
[13:03:12] 현대통신 방문자 포인트 추가
[13:03:12] 현대통신 방문자 포인트 수정
[13:03:12] 현대통신 방문자 포인트 추가
[13:03:12] 현대통신 방문자 포인트 수정
[13:03:12] 현대통신 방문자 포인트 추가
[13:03:13] 현대통신 방문자 포인트 수정
[13:03:13] 현대통신 방문자 포인트 추가
[13:03:13] 현대통신 방문자 포인트 수정
[13:03:13] 현대통신 방문자 포인트 추가
[13:03:13] 현대통신 방문자 포인트 수정
[13:03:13] 현대통신 방문자 포인트 추가
[13:03:13] 현대통신 방문자 포인트 수정
[13:03:13] 현대통신 방문자 포인트 추가
[13:03:13] 현대통신 방문자 포인트 수정
[13:03:13] 현대통신 방문자 포인트 추가
[13:03:13] 현대통신 방문자 포인트 수정
[13:03:13] 현대통신 방문자 포인트 추가
[13:03:13] 현대통신 방문자 포인트 수정
[13:03:13] 현대통신 방문자 포인트 추가
[13:03:13] 현대통신 방문자 포인트 수정
[13:03:13] 현대통신 방문자 포인트 추가
[13:03:13] 현대통신 방문자 포인트 수정
[13:03:13] 현대통신 방문자 포인트 추가
[13:03:13] 현대통신 방문자 포인트 수정
[13:03:13] 현대통신 방문자 포인트 추가
[13:03:13] 현대통신 방문자 포인트 수정
[13:03:13] 현대통신 방문자 포인트 추가
[13:03:13] 현대통신 방문자 포인트 수정
[13:03:13] 현대통신 방문자 포인트 추가
[13:03:13] 현대통신 방문자 포인트 수정
[13:03:13] 현대통신 방문자 포인트 추가
[13:03:13] 현대통신 방문자 포인트 수정
[13:03:13] 현대통신 방문자 포인트 추가
[13:03:13] 현대통신 방문자 포인트 수정
[13:03:13] 현대통신 방문자 포인트 추가
[13:03:13] 현대통신 방문자 포인트 수정
[13:03:13] 현대통신 방문자 포인트 추가
[13:03:13] 현대통신 방문자 포인트 수정
[13:03:13] 현대통신 방문자 포인트 추가
[13:03:13] 현대통신 방문자 포인트 수정
[13:03:13] 현대통신 방문자 포인트 추가
[13:03:13] 현대통신 방문자 포인트 수정
[13:03:13] 현대통신 방문자 포인트 추가
[13:03:13] 현대통신 방문자 포인트 수정
[13:03:13] 현대통신 방문자 포인트 추가
[13:03:13] 현대통신 방문자 포인트 수정
[13:03:13] 현대통신 방문자 포인트 추가
[13:03:13] 현대통신 방문자 포인트 수정
[13:03:13] 현대통신 방문자 포인트 추가
[13:03:13] 현대통신 방문자 포인트 수정
[13:03:13] 현대통신 방문자 포인트 추가
[13:03:13] 현대통신 방문자 포인트 수정
[13:03:13] 현대통신 방문자 포인트 추가
[13:03:13] 현대통신 방문자 포인트 수정
[13:03:13] 현대통신 방문자 포인트 추가
[13:03:13] 현대통신 방문자 포인트 수정
[13:03:13] 현대통신 방문자 포인트 추가
[13:03:13] 현대통신 방문자 포인트 수정
[13:03:13] 현대통신 방문자 포인트 추가
[13:03:13] 현대통신 방문자 포인트 수정
[13:03:13] 현대통신 방문자 포인트 추가
[13:03:13] 현대통신 방문자 포인트 수정
[13:03:13] 현대통신 방문자 포인트 추가
[13:03:13] 현대통신 방문자 포인트 수정
[13:03:13] 현대통신 방문자 포인트 추가
[13:03:13] 현대통신 방문자 포인트 수정
[13:03:13] 현대통신 방문자 포인트 추가
[13:03:13] 현대통신 방문자 포인트 수정
[13:03:13] 현대통신 방문자 포인트 추가
[13:03:13] 현대통신 방문자 포인트 수정
[13:03:13] 현대통신 방문자 포인트 추가
[13:03:13] 현대통신 방문자 포인트 수정
[13:03:13] 현대통신 방문자 포인트 추가
[13:03:13] 현대통신 방문자 포인트 수정
[13:03:13] 현대통신 방문자 포인트 추가
[13:03:13] 현대통신 방문자 포인트 수정
[13:03:13] 현대통신 방문자 포인트 추가
[13:03:13] 현대통신 방문자 포인트 수정
[13:03:13] 현대통신 방문자 포인트 추가
[13:03:13] 현대통신 방문자 포인트 수정
[13:03:13] 현대통신 방문자 포인트 추가
[13:03:13] 현대통신 방문자 포인트 수정
[13:03:13] 현대통신 방문자 포인트 추가
[13:03:13] 현대통신 방문자 포인트 수정
[13:03:13] 현대통신 방문자 포인트 추가
[13:03:13] 현대통신 방문자 포인트 수정
[13:03:13] 현대통신 방문자 포인트 추가
[13:03:13] 현대통신 방문자 포인트 수정
[13:03:13] 현대통신 방문자 포인트 추가
[13:03:13] 현대통신 방문자 포인트 수정
[13:03:13] 현대통신 방문자 포인트 추가
[13:03:13] 현대통신 방문자 포인트 수정
[13:03:13] 현대통신 방문자 포인트 추가
[13:03:13] 현대통신 방문자 포인트 수정
[13:03:13] 현대통신 방문자 포인트 추가
[13:03:13] 현대통신 방문자 포인트 수정
[13:03:13] 현대통신 방문자 포인트 추가
[13:03:13] 현대통신 방문자 포인트 수정
[13:03:13] 현대통신 방문자 포인트 추가
[13:03:13] 현대통신 방문자 포인트 수정
[13:03:13] 현대통신 방문자 포인트 추가
[13:03:13] 현대통신 방문자 포인트 수정
[13:03:13] 현대통신 방문자 포인트 추가
[13:03:13] 현대통신 방문자 포인트 수정
[13:03:13] 현대통신 방문자 포인트 추가
[13:03:14] 현대통신 방문자 포인트 수정
[13:03:14] 현대통신 방문자 포인트 추가
[13:03:14] 현대통신 방문자 포인트 수정
[13:03:14] 현대통신 방문자 포인트 추가
[13:03:14] 현대통신 방문자 포인트 수정
[13:03:14] 현대통신 방문자 포인트 추가
[13:03:14] 현대통신 방문자 포인트 수정
[13:03:14] 현대통신 방문자 포인트 추가
[13:03:14] 현대통신 방문자 포인트 수정
[13:03:14] 현대통신 방문자 포인트 추가
[13:03:14] 현대통신 방문자 포인트 수정
[13:03:14] 현대통신 방문자 포인트 추가
[13:03:14] 현대통신 방문자 포인트 수정
[13:03:14] 현대통신 방문자 포인트 추가
[13:03:14] 현대통신 방문자 포인트 수정
[13:03:14] 현대통신 방문자 포인트 추가
[13:03:14] 현대통신 방문자 포인트 수정
[13:03:14] 현대통신 방문자 포인트 추가
[13:03:14] 현대통신 방문자 포인트 수정
[13:03:14] 현대통신 방문자 포인트 추가
[13:03:14] 현대통신 방문자 포인트 수정
[13:03:14] 현대통신 방문자 포인트 추가
[13:03:14] 현대통신 방문자 포인트 수정
[13:03:14] 현대통신 방문자 포인트 추가
[13:03:14] 현대통신 방문자 포인트 수정
[13:03:14] 현대통신 방문자 포인트 추가
[13:03:14] 현대통신 방문자 포인트 수정
[13:03:14] 현대통신 방문자 포인트 추가
[13:03:14] 현대통신 방문자 포인트 수정
[13:03:14] 현대통신 방문자 포인트 추가
[13:03:14] 현대통신 방문자 포인트 수정
[13:03:14] 현대통신 방문자 포인트 추가
[13:03:14] 현대통신 방문자 포인트 수정
[13:03:14] 현대통신 방문자 포인트 추가
[13:03:14] 현대통신 방문자 포인트 수정
[13:03:14] 현대통신 방문자 포인트 추가
[13:03:14] 현대통신 방문자 포인트 수정
[13:03:14] 현대통신 방문자 포인트 추가
[13:03:14] 현대통신 방문자 포인트 수정
[13:03:14] 현대통신 방문자 포인트 추가
[13:03:14] 현대통신 방문자 포인트 수정
[13:03:14] 현대통신 방문자 포인트 추가
[13:03:14] 현대통신 방문자 포인트 수정
[13:03:14] 현대통신 방문자 포인트 추가
[13:03:14] 현대통신 방문자 포인트 수정
[13:03:14] 현대통신 방문자 포인트 추가
[13:03:14] 현대통신 방문자 포인트 수정
[13:03:14] 현대통신 방문자 포인트 추가
[13:03:14] 현대통신 방문자 포인트 수정
[13:03:14] 현대통신 방문자 포인트 추가
[13:03:14] 현대통신 방문자 포인트 수정
[13:03:14] 현대통신 방문자 포인트 추가
[13:03:14] 현대통신 방문자 포인트 수정
[13:03:14] 현대통신 방문자 포인트 추가
[13:03:14] 현대통신 방문자 포인트 수정
[13:03:14] 현대통신 방문자 포인트 추가
[13:03:14] 현대통신 방문자 포인트 수정
[13:03:14] 현대통신 방문자 포인트 추가
[13:03:14] 현대통신 방문자 포인트 수정
[13:03:14] 현대통신 방문자 포인트 추가
[13:03:14] 현대통신 방문자 포인트 수정
[13:03:14] 현대통신 방문자 포인트 추가
[13:03:14] 현대통신 방문자 포인트 수정
[13:03:14] 현대통신 방문자 포인트 추가
[13:03:14] 현대통신 방문자 포인트 수정
[13:03:14] 현대통신 방문자 포인트 추가
[13:03:14] 현대통신 방문자 포인트 수정
[13:03:14] 현대통신 방문자 포인트 추가
[13:03:14] 현대통신 방문자 포인트 수정
[13:03:14] 현대통신 방문자 포인트 추가
[13:03:14] 현대통신 방문자 포인트 수정
[13:03:14] 현대통신 방문자 포인트 추가
[13:03:14] 현대통신 방문자 포인트 수정
[13:03:14] 현대통신 방문자 포인트 추가
[13:03:14] 현대통신 방문자 포인트 수정
[13:03:14] 현대통신 방문자 포인트 추가
[13:03:14] 현대통신 방문자 포인트 수정
[13:03:14] 현대통신 방문자 포인트 추가
[13:03:14] 현대통신 방문자 포인트 수정
[13:03:14] 현대통신 방문자 포인트 추가
[13:03:14] 현대통신 방문자 포인트 수정
[13:03:14] 현대통신 방문자 포인트 추가
[13:03:14] 현대통신 방문자 포인트 수정
[13:03:14] 현대통신 방문자 포인트 추가
[13:03:14] 현대통신 방문자 포인트 수정
[13:03:14] 현대통신 방문자 포인트 추가
[13:03:14] 현대통신 방문자 포인트 수정
[13:03:14] 현대통신 방문자 포인트 추가
[13:03:14] 현대통신 방문자 포인트 수정
[13:03:14] 현대통신 방문자 포인트 추가
[13:03:14] 현대통신 방문자 포인트 수정
[13:03:14] 현대통신 방문자 포인트 추가
[13:03:14] 현대통신 방문자 포인트 수정
[13:03:14] 현대통신 방문자 포인트 추가
[13:03:15] 현대통신 방문자 포인트 수정
[13:03:15] 현대통신 방문자 포인트 추가
[13:03:15] 현대통신 방문자 포인트 수정
[13:03:15] 현대통신 방문자 포인트 추가
[13:03:15] 현대통신 방문자 포인트 수정
[13:03:15] 현대통신 방문자 포인트 추가
[13:03:15] 현대통신 방문자 포인트 수정
[13:03:15] 현대통신 방문자 포인트 추가
[13:03:15] 현대통신 방문자 포인트 수정
[13:03:15] 현대통신 방문자 포인트 추가
[13:03:15] 현대통신 방문자 포인트 수정
[13:03:15] 현대통신 방문자 포인트 추가
[13:03:15] 현대통신 방문자 포인트 수정
[13:03:15] 현대통신 방문자 포인트 추가
[13:03:15] 현대통신 방문자 포인트 수정
[13:03:15] 현대통신 방문자 포인트 추가
[13:03:15] 현대통신 방문자 포인트 수정
[13:03:15] 현대통신 방문자 포인트 추가
[13:03:15] 현대통신 방문자 포인트 수정
[13:03:15] 현대통신 방문자 포인트 추가
[13:03:15] 현대통신 방문자 포인트 수정
[13:03:15] 현대통신 방문자 포인트 추가
[13:03:15] 현대통신 방문자 포인트 수정
[13:03:15] 현대통신 방문자 포인트 추가
[13:03:15] 현대통신 방문자 포인트 수정
[13:03:15] 현대통신 방문자 포인트 추가
[13:03:15] 현대통신 방문자 포인트 수정
[13:03:15] 현대통신 방문자 포인트 추가
[13:03:15] 현대통신 방문자 포인트 수정
[13:03:15] 현대통신 방문자 포인트 추가
[13:03:15] 현대통신 방문자 포인트 수정
[13:03:15] 현대통신 방문자 포인트 추가
[13:03:15] 현대통신 방문자 포인트 수정
[13:03:15] 현대통신 방문자 포인트 추가
[13:03:15] 현대통신 방문자 포인트 수정
[13:03:27] Program Start!
[13:03:48] 현대통신 방문자 포인트 추가
[13:03:48] 현대통신 방문자 포인트 수정
[13:03:48] 현대통신 방문자 포인트 추가
[13:03:48] 현대통신 방문자 포인트 수정
[13:03:48] 현대통신 방문자 포인트 추가
[13:03:48] 현대통신 방문자 포인트 수정
[13:03:48] 현대통신 방문자 포인트 추가
[13:03:48] 현대통신 방문자 포인트 수정
[13:03:48] 현대통신 방문자 포인트 추가
[13:03:48] 현대통신 방문자 포인트 수정
[13:03:48] 현대통신 방문자 포인트 추가
[13:03:48] 현대통신 방문자 포인트 수정
[13:03:48] 현대통신 방문자 포인트 추가
[13:03:48] 현대통신 방문자 포인트 수정
[13:03:48] 현대통신 방문자 포인트 추가
[13:03:48] 현대통신 방문자 포인트 수정
[13:03:48] 현대통신 방문자 포인트 추가
[13:03:48] 현대통신 방문자 포인트 수정
[13:03:48] 현대통신 방문자 포인트 추가
[13:03:48] 현대통신 방문자 포인트 수정
[13:03:48] 현대통신 방문자 포인트 추가
[13:03:48] 현대통신 방문자 포인트 수정
[13:03:48] 현대통신 방문자 포인트 추가
[13:03:48] 현대통신 방문자 포인트 수정
[13:03:48] 현대통신 방문자 포인트 추가
[13:03:48] 현대통신 방문자 포인트 수정
[13:03:48] 현대통신 방문자 포인트 추가
[13:03:48] 현대통신 방문자 포인트 수정
[13:03:49] 현대통신 방문자 포인트 추가
[13:03:49] 현대통신 방문자 포인트 수정
[13:05:39] Program Start!
[13:05:53] 현대통신 방문자 포인트 추가
[13:05:53] 현대통신 방문자 포인트 수정
[13:05:53] 현대통신 방문자 포인트 추가
[13:05:53] 현대통신 방문자 포인트 수정
[13:05:53] 현대통신 방문자 포인트 추가
[13:05:53] 현대통신 방문자 포인트 수정
[13:05:53] 현대통신 방문자 포인트 추가
[13:05:53] 현대통신 방문자 포인트 수정
[13:05:53] 현대통신 방문자 포인트 추가
[13:05:53] 현대통신 방문자 포인트 수정
[13:05:53] 현대통신 방문자 포인트 추가
[13:05:53] 현대통신 방문자 포인트 수정
[13:05:53] 현대통신 방문자 포인트 추가
[13:05:53] 현대통신 방문자 포인트 수정
[13:05:53] 현대통신 방문자 포인트 추가
[13:05:53] 현대통신 방문자 포인트 수정
[13:05:53] 현대통신 방문자 포인트 추가
[13:05:53] 현대통신 방문자 포인트 수정
[13:05:53] 현대통신 방문자 포인트 추가
[13:05:53] 현대통신 방문자 포인트 수정
[13:05:53] 현대통신 방문자 포인트 추가
[13:05:53] 현대통신 방문자 포인트 수정
[13:05:53] 현대통신 방문자 포인트 추가
[13:05:53] 현대통신 방문자 포인트 수정
[13:05:53] 현대통신 방문자 포인트 추가
[13:05:53] 현대통신 방문자 포인트 수정
[13:05:53] 현대통신 방문자 포인트 추가
[13:05:53] 현대통신 방문자 포인트 수정
[13:05:53] 현대통신 방문자 포인트 추가
[13:05:53] 현대통신 방문자 포인트 수정
[13:10:11] Program Start!
[13:10:22] 현대통신 방문자 포인트 추가
[13:10:22] 현대통신 방문자 포인트 수정
[13:10:22] 현대통신 방문자 포인트 추가
[13:10:22] 현대통신 방문자 포인트 수정
[13:10:22] 현대통신 방문자 포인트 추가
[13:10:22] 현대통신 방문자 포인트 수정
[13:10:22] 현대통신 방문자 포인트 추가
[13:10:22] 현대통신 방문자 포인트 수정
[13:10:22] 현대통신 방문자 포인트 추가
[13:10:22] 현대통신 방문자 포인트 수정
[13:10:22] 현대통신 방문자 포인트 추가
[13:10:22] 현대통신 방문자 포인트 수정
[13:10:22] 현대통신 방문자 포인트 추가
[13:10:22] 현대통신 방문자 포인트 수정
[13:10:22] 현대통신 방문자 포인트 추가
[13:10:22] 현대통신 방문자 포인트 수정
[13:10:22] 현대통신 방문자 포인트 추가
[13:10:22] 현대통신 방문자 포인트 수정
[13:10:22] 현대통신 방문자 포인트 추가
[13:10:22] 현대통신 방문자 포인트 수정
[13:10:22] 현대통신 방문자 포인트 추가
[13:10:22] 현대통신 방문자 포인트 수정
[13:10:22] 현대통신 방문자 포인트 추가
[13:10:22] 현대통신 방문자 포인트 수정
[13:10:22] 현대통신 방문자 포인트 추가
[13:10:22] 현대통신 방문자 포인트 수정
[13:10:22] 현대통신 방문자 포인트 추가
[13:10:22] 현대통신 방문자 포인트 수정
[13:10:22] 현대통신 방문자 포인트 추가
[13:10:22] 현대통신 방문자 포인트 수정
[13:11:05] Program Start!
[13:13:17] Program Start!
[13:14:52] Program Start!
[13:15:07] 현대통신 방문자 포인트 추가
[13:15:07] 현대통신 방문자 포인트 수정
[13:15:49] 현대통신 방문자 포인트 추가
[13:15:49] 현대통신 방문자 포인트 수정
[13:16:11] Program Start!
[13:19:16] Program Start!
[13:20:58] Program Start!
[13:22:34] Program Start!
[13:23:52] Program Start!
[13:35:22] Program Start!
[13:36:37] Program Start!
[13:38:22] Program Start!
[13:39:10] 현대통신 방문자 포인트 추가
[13:40:46] Program Start!
[13:41:09] 현대통신 방문자 포인트 추가
[13:49:50] Program Start!
[13:50:21] 현대통신 방문자 포인트 수정
[13:50:35] 현대통신 방문자 포인트 수정
[13:52:47] Program Start!
[13:54:29] 현대통신 방문자 포인트 수정
[13:55:18] Program Start!
[13:55:35] 세대주 포인트 수정
[13:55:35] 세대주 포인트 수정
[13:56:26] Program Start!
[13:56:40] 세대주 포인트 수정
[13:56:40] 세대주 포인트 수정
[13:57:19] 세대주 포인트 수정
[13:57:19] 세대주 포인트 수정
[13:57:19]  세대주 포인트 추가
[13:57:19]  세대주 포인트 추가
[13:57:19]  세대주 포인트 추가
[13:57:19]  세대주 포인트 추가
[13:57:19]  세대주 포인트 추가
[13:57:19]  세대주 포인트 추가
[13:57:19]  세대주 포인트 추가
