[13:15:48] Program Start!
[13:15:48] 그룹별 진입차단 컬럼추가 완료
[13:15:48] SMS기능 컬럼추가 완료
[13:15:48] 방문객입출차제한 컬럼추가 완료
[13:15:48] 방문객 주차시간 컬럼추가 완료
[13:15:49] 정기권 부제 컬럼추가 완료
[13:15:49] 정기권 별명(sAlias), 업데이트시각(dtUpd)  컬럼추가 완료
[13:15:49] 그룹별 부제 컬럼추가 완료
[13:15:49] 만차전광판 사용유무 컬럼추가 완료
[13:15:49] 만차여도 정기권 통과유무 컬럼추가 완료
[13:15:49] 현대통신사전방문차량Table 생성 컬럼추가 완료
[13:15:49] 현대통신 방문자컬럼 컬럼추가 완료
[13:15:49] 현대통신포인트 컬럼 추가 컬럼추가 완료
[13:15:49] 블랙리스트 삭제 컬럼 추가 컬럼추가 완료
[13:15:49] 현대통신포인트조회 컬럼추가 완료
[13:15:49] 현대통신포인트조회Table 생성 컬럼추가 완료
[13:15:49] 아이콘트롤스 사전방문차량Table 생성 컬럼추가 완료
[13:15:49] 저장 프로시저 함수 생성 컬럼추가 완료
[13:15:49] 단기 정기차량 컬럼 추가 컬럼추가 완료
[13:15:49] 방문차량 즐겨찾기 Table 생성  컬럼추가 완료
[13:15:49] 지진발생 Table 생성  컬럼추가 완료
