[09:34:32] Program Start!
[09:34:33] frmMain'DEFAULT' 근처의 구문이 잘못되었습니다
[09:36:18] Program Start!
[09:36:18] 정기권 별명(sAlias) 컬럼추가 완료
[09:36:19] frmMain'nHo' 근처의 구문이 잘못되었습니다
[09:36:59] Program Start!
[09:36:59] frmMain키워드 'ASC' 근처의 구문이 잘못되었습니다
[09:38:42] Program Start!
[09:38:43] frmMain'GO' 근처의 구문이 잘못되었습니다
[09:40:59] Program Start!
[09:40:59] 방문차량 즐겨찾기 Table 생성  컬럼추가 완료
[09:43:52] Program Start!
[09:43:59] 방문차량 즐겨찾기 Table 생성  컬럼추가 완료
[10:10:18] Program Start!
[10:10:18] 그룹별 진입차단 컬럼추가 완료
[10:10:18] SMS기능 컬럼추가 완료
[10:10:18] 방문객입출차제한 컬럼추가 완료
[10:10:18] 정기권 별명(sAlias) 컬럼추가 완료
[10:10:18] 만차전광판 사용유무 컬럼추가 완료
[10:10:18] 만차여도 정기권 통과유무 컬럼추가 완료
[10:10:18] 현대통신 방문자컬럼 컬럼추가 완료
[10:10:19] 현대통신포인트 컬럼 추가 컬럼추가 완료
[10:10:19] 블랙리스트 삭제 컬럼 추가 컬럼추가 완료
[10:10:19] 현대통신포인트조회 컬럼추가 완료
[10:10:19] 현대통신포인트조회Table 생성 컬럼추가 완료
[10:10:19] 저장 프로시저 함수 생성 컬럼추가 완료
[10:10:19] 단기 정기차량 컬럼 추가 컬럼추가 완료
[10:10:19] 방문차량 즐겨찾기 Table 생성  컬럼추가 완료
[10:10:19] 설치된 주차장이 없음!
[10:10:31] 설치된 주차장이 없음!
[10:16:28] Program Start!
[10:16:29] 방문차량 즐겨찾기 Table 생성  컬럼추가 완료
[10:16:29] 설치된 주차장이 없음!
[10:16:33] 설치된 주차장이 없음!
[10:16:57] Program Start!
[10:16:58] 방문차량 즐겨찾기 Table 생성  컬럼추가 완료
[10:16:58] 설치된 주차장이 없음!
[10:17:01] 설치된 주차장이 없음!
[10:19:56] Program Start!
[10:19:57] 지진발생 Table 생성  컬럼추가 완료
[10:19:57] 설치된 주차장이 없음!
[10:20:01] 설치된 주차장이 없음!
