[11:48:24] Program Start!
[11:48:59] Program Start!
[11:49:55] Program Start!
[11:50:56] Program Start!
[11:54:54] Program Start!
[11:56:07] Program Start!
[11:57:14] Program Start!
[11:58:24] Program Start!
[11:58:37] 세대주 포인트 수정
[11:58:38]  세대주 포인트 추가
[11:58:38]  세대주 포인트 추가
[11:58:38]  세대주 포인트 추가
[11:58:38]  세대주 포인트 추가
[11:58:38]  세대주 포인트 추가
[11:58:38]  세대주 포인트 추가
[11:58:38]  세대주 포인트 추가
[11:58:38]  세대주 포인트 추가
[13:03:12] Program Start!
[13:03:13] 정기권 별명(sAlias), 업데이트시각(dtUpd)  컬럼추가 완료
[13:03:13] 만차전광판 사용유무 컬럼추가 완료
[13:03:13] 만차여도 정기권 통과유무 컬럼추가 완료
[13:03:13] 현대통신 방문자컬럼 컬럼추가 완료
[13:03:13] 현대통신포인트 컬럼 추가 컬럼추가 완료
[13:03:17] 블랙리스트 삭제 컬럼 추가 컬럼추가 완료
[13:03:17] 현대통신포인트조회 컬럼추가 완료
[13:03:17] 포인트조회Table 생성 컬럼추가 완료
[13:03:24] 포인트조회startdatetime 생성 컬럼추가 완료
[13:03:26] 포인트조회 PointType 생성 컬럼추가 완료
[13:03:26] 포인트조회PointUnit  생성 컬럼추가 완료
[13:03:27] 저장 프로시저 함수 생성 컬럼추가 완료
[13:03:27] 단기 정기차량 컬럼 추가 컬럼추가 완료
[13:03:27] 방문차량 즐겨찾기 Table 생성  컬럼추가 완료
[13:03:27] 지진발생 Table 생성  컬럼추가 완료
[13:03:27] 스마트빌리지 사전방문차량Table 생성 컬럼추가 완료
[13:03:27] 순찰패드 Table 생성 컬럼추가 완료
[17:12:26] Program Start!
[17:13:16] Program Start!
