[11:00:54] Program Start!
[11:02:05] Program Start!
[11:02:15] TfrmIONData.btnSearchClick: qryTemp: Parameter 'N6' not found
[11:02:25] TfrmIONData.btnSearchClick: qryTemp: Parameter 'N6' not found
[11:02:26] TfrmIONData.btnSearchClick: qryTemp: Parameter 'N6' not found
[11:02:26] TfrmIONData.btnSearchClick: qryTemp: Parameter 'N6' not found
[11:02:26] TfrmIONData.btnSearchClick: qryTemp: Parameter 'N6' not found
[11:02:26] TfrmIONData.btnSearchClick: qryTemp: Parameter 'N6' not found
[11:02:26] TfrmIONData.btnSearchClick: qryTemp: Parameter 'N6' not found
[11:02:27] TfrmIONData.btnSearchClick: qryTemp: Parameter 'N6' not found
[11:02:27] TfrmIONData.btnSearchClick: qryTemp: Parameter 'N6' not found
[11:02:27] TfrmIONData.btnSearchClick: qryTemp: Parameter 'N6' not found
[11:02:27] TfrmIONData.btnSearchClick: qryTemp: Parameter 'N6' not found
[11:02:27] TfrmIONData.btnSearchClick: qryTemp: Parameter 'N6' not found
[11:02:27] TfrmIONData.btnSearchClick: qryTemp: Parameter 'N6' not found
[11:02:27] TfrmIONData.btnSearchClick: qryTemp: Parameter 'N6' not found
[11:02:28] TfrmIONData.btnSearchClick: qryTemp: Parameter 'N6' not found
[11:02:28] TfrmIONData.btnSearchClick: qryTemp: Parameter 'N6' not found
[11:02:28] TfrmIONData.btnSearchClick: qryTemp: Parameter 'N6' not found
[11:02:28] TfrmIONData.btnSearchClick: qryTemp: Parameter 'N6' not found
[11:02:28] TfrmIONData.btnSearchClick: qryTemp: Parameter 'N6' not found
[11:02:28] TfrmIONData.btnSearchClick: qryTemp: Parameter 'N6' not found
[11:02:36] TfrmIONData.btnSearchClick: qryTemp: Parameter 'N6' not found
[11:02:36] TfrmIONData.btnSearchClick: qryTemp: Parameter 'N6' not found
[11:02:36] TfrmIONData.btnSearchClick: qryTemp: Parameter 'N6' not found
[11:02:36] TfrmIONData.btnSearchClick: qryTemp: Parameter 'N6' not found
[11:02:37] TfrmIONData.btnSearchClick: qryTemp: Parameter 'N6' not found
[11:02:37] TfrmIONData.btnSearchClick: qryTemp: Parameter 'N6' not found
[11:02:37] TfrmIONData.btnSearchClick: qryTemp: Parameter 'N6' not found
[11:02:37] TfrmIONData.btnSearchClick: qryTemp: Parameter 'N6' not found
[11:02:37] TfrmIONData.btnSearchClick: qryTemp: Parameter 'N6' not found
[11:02:37] TfrmIONData.btnSearchClick: qryTemp: Parameter 'N6' not found
[11:02:37] TfrmIONData.btnSearchClick: qryTemp: Parameter 'N6' not found
[11:02:37] TfrmIONData.btnSearchClick: qryTemp: Parameter 'N6' not found
[11:02:38] TfrmIONData.btnSearchClick: qryTemp: Parameter 'N6' not found
[11:02:38] TfrmIONData.btnSearchClick: qryTemp: Parameter 'N6' not found
[11:02:38] TfrmIONData.btnSearchClick: qryTemp: Parameter 'N6' not found
[11:02:54] TfrmIONData.btnSearchClick: qryTemp: Parameter 'N6' not found
[11:03:24] Program Start!
[11:03:45] TfrmIONData.btnSearchClick: qryTemp: Parameter 'N6' not found
[11:03:50] TfrmIONData.btnSearchClick: qryTemp: Parameter 'N6' not found
[11:03:55] TfrmIONData.btnSearchClick: qryTemp: Parameter 'N6' not found
[11:04:08] Program Start!
[11:04:25] TfrmIONData.btnSearchClick: qryTemp: Parameter 'N6' not found
[11:04:37] TfrmIONData.btnSearchClick: qryTemp: Parameter 'N6' not found
[11:04:39] 일반차량 입차 파일 확인1 File: 
[11:04:39] IP 형식 입차 File: 
[11:04:39] 입차 File 없음: 
[11:04:39] 일반차량 출차 파일 확인1 File: \\10.22.30.20\MSImage\2021\02\04\CH1_20210204102938_14라5314.jpg
[11:04:39] IP 형식 출차 File: 
[11:04:48] TfrmIONData.btnSearchClick: qryTemp: Parameter 'N6' not found
