[14:39:27] Program Start!
[14:40:10] Program Start!
[14:40:32] Program Start!
[14:40:54] 2동2호세대주 포인트 추가
[14:42:45] Program Start!
[14:44:09] Program Start!
[14:44:23] 포인트 누적(기존): 0
[14:44:23] 1동1호세대주 포인트 : 10000 남은 포인트 : 1000 누적포인트 : 1000
[14:44:41] 포인트 누적(기존): 1000
[14:44:41] 1동1호세대주 포인트 : 10000 남은 포인트 : 10000 누적포인트 : 11000
[14:45:57] Program Start!
[14:52:29] Program Start!
[14:52:30] 포인트 누적 단위   컬럼추가 완료
[14:53:02] 포인트 누적(기존): 0
[14:53:02] 1동1호세대주 포인트 : 10000 남은 포인트 : 999 누적포인트 : 999
[14:55:07] Program Start!
[15:00:25] Program Start!
[15:01:21] Program Start!
[15:01:48] Program Start!
[15:02:04] 포인트 누적(기존): 999
[15:02:04] 1동1호세대주 포인트 : 10000 남은 포인트 : 10000 누적포인트 : 10999
[15:29:42] Program Start!
[15:30:05] 포인트 누적(기존): 0
[15:30:05] 1동1호세대주 포인트 : 10000 남은 포인트 : 100 누적포인트 : 100
[15:30:18] 포인트 누적(기존): 100
[15:30:18] 1동1호세대주 포인트 : 10000 남은 포인트 : 10000 누적포인트 : 10100
[15:30:29] 포인트 누적(기존): 10100
[15:30:29] 1동1호세대주 포인트 : 10000 남은 포인트 : 500 누적포인트 : 10600
[15:30:33] 포인트 누적(기존): 10600
[15:30:33] 1동1호세대주 포인트 : 10000 남은 포인트 : 0 누적포인트 : 10600
[15:31:01] 포인트 누적(기존): 10600
[15:31:01] 1동1호세대주 포인트 : 10000 남은 포인트 : 10000 누적포인트 : 20600
