[13:15:09] Program Start!
[13:24:59] Program Start!
[13:33:43] Program Start!
[13:34:00] TfrmCustInfo.dgCustomClick: '' is not a valid integer value
[13:34:02] TfrmCustInfo.dgCustomClick: '' is not a valid integer value
[13:34:03] TfrmCustInfo.dgCustomClick: '' is not a valid integer value
[13:34:03] TfrmCustInfo.dgCustomClick: '' is not a valid integer value
[13:34:04] TfrmCustInfo.dgCustomClick: '' is not a valid integer value
[13:34:04] TfrmCustInfo.dgCustomClick: '' is not a valid integer value
[13:34:05] TfrmCustInfo.dgCustomClick: '' is not a valid integer value
[13:34:06] TfrmCustInfo.dgCustomClick: '' is not a valid integer value
[13:34:07] TfrmCustInfo.dgCustomClick: '' is not a valid integer value
[13:34:15] TfrmCustInfo.dgCustomClick: '' is not a valid integer value
[13:34:16] TfrmCustInfo.dgCustomClick: '' is not a valid integer value
[13:34:17] TfrmCustInfo.dgCustomClick: '' is not a valid integer value
[13:35:20] Program Start!
[13:35:25] TfrmCustInfo.dgCustomClick: '1:입주민차량' is not a valid integer value
[13:35:26] TfrmCustInfo.dgCustomClick: '1:입주민차량' is not a valid integer value
[13:35:27] TfrmCustInfo.dgCustomClick: '1:입주민차량' is not a valid integer value
[13:35:28] TfrmCustInfo.dgCustomClick: '1:입주민차량' is not a valid integer value
[13:35:28] TfrmCustInfo.dgCustomClick: '1:입주민차량' is not a valid integer value
[13:35:29] TfrmCustInfo.dgCustomClick: '1:입주민차량' is not a valid integer value
[13:36:57] Program Start!
[13:39:05] Program Start!
[13:39:55] TfrmCustInfo.btnSaveClick: '1:입주민차량' is not a valid integer value
[13:43:57] Program Start!
[13:44:14] TfrmCustInfo.btnSaveClick: 매개 변수 개체를 잘못 정의했습니다. 제공된 정보가 일치하지 않거나 완전하지 않습니다
[13:45:00] Program Start!
[13:45:12] TfrmCustInfo.btnSaveClick: 열 이름 'ComptName'이(가) 잘못되었습니다
[13:45:48] Program Start!
[13:51:36] Program Start!
