[14:02:25] Program Start!
[14:02:34] Select reserve2, reserve3, count(*) as cnt,                                  
Case when ISNULL((SUM(parkingmin))/(24*60),0) > 0 then                       
		  CONVERT(VARCHAR(50),ISNULL((SUM(parkingmin))/(24*60),0)) +'일' +       
		  CONVERT(VARCHAR(50),ISNULL(((SUM(parkingmin))%(24*60))/60,0)) +'시간'+ 
		  CONVERT(VARCHAR(50),ISNULL(((SUM(parkingmin))%(24*60))%60,0)) +'분'    
   when  ISNULL((SUM(parkingmin))%(24*60)/60,0) > 0 then                         
		  CONVERT(VARCHAR(50),ISNULL(((SUM(parkingmin))%(24*60))/60,0)) +'시간'+    
		  CONVERT(VARCHAR(50),ISNULL(((SUM(parkingmin))%(24*60))%60,0)) +'분'       
	when  ISNULL(((SUM(parkingmin))%(24*60))%60,0) > 0 then                       
	      CONVERT(VARCHAR(50),ISNULL(((SUM(parkingmin))%(24*60))%60,0)) +'분'   
   END                                                                         
as prkMin from IONData Where ProcDate + ' ' +ProcTime between :N1 and :N2   
and reserve2 <> '' and reserve3 <> ''  
group by reserve2, reserve3 Order by reserve2, reserve3     

[14:02:34] Select procdate, proctime, incarno1, outdate, outtime, OutCarNo1,        
Reserve1, Reserve2, Reserve3,                                            
Case when (ISNULL((parkingmin)/(24*60),0) > 0) and (ISNULL((parkingmin)%(24*60)/60,0) = 0) and (ISNULL(((parkingmin)%(24*60))%60,0) = 0) then 
     CONVERT(VARCHAR(50),ISNULL((parkingmin)/(24*60),0)) +'일'         
     when ISNULL((parkingmin)/(24*60),0) > 0 then                        
		  CONVERT(VARCHAR(50),ISNULL((parkingmin)/(24*60),0)) +'일' +         
		  CONVERT(VARCHAR(50),ISNULL(((parkingmin)%(24*60))/60,0)) +'시간'+   
		  CONVERT(VARCHAR(50),ISNULL(((parkingmin)%(24*60))%60,0)) +'분'      
     when  (ISNULL((parkingmin)%(24*60)/60,0) > 0) and (ISNULL(((parkingmin)%(24*60))%60,0) = 0) then 
     CONVERT(VARCHAR(50),ISNULL(((parkingmin)%(24*60))/60,0)) +'시간'                                 
     when  ISNULL((parkingmin)%(24*60)/60,0) > 0 then                      
		  CONVERT(VARCHAR(50),ISNULL(((parkingmin)%(24*60))/60,0)) +'시간'+   
		  CONVERT(VARCHAR(50),ISNULL(((parkingmin)%(24*60))%60,0)) +'분'      
	when  ISNULL(((parkingmin)%(24*60))%60,0) > 0 then                      
	      CONVERT(VARCHAR(50),ISNULL(((parkingmin)%(24*60))%60,0)) +'분'  
END                                                                      
 as ParkingMin,                                                          
UsedPoint, DATEDIFF(dd, procdate, outdate) as prkDate                    
From IONData                                                             
Where ProcDate + ' ' +ProcTime between :v3 and :v4
 union 
Select '합계', '', '', '', '', '',             
 '', '', '',                                         
Case when ISNULL((SUM(parkingmin))/(24*60),0) > 0 then                        
		  CONVERT(VARCHAR(50),ISNULL(SUM(parkingmin)/(24*60),0)) +'일' +         
		  CONVERT(VARCHAR(50),ISNULL((SUM(parkingmin)%(24*60))/60,0)) +'시간'+   
		  CONVERT(VARCHAR(50),ISNULL((SUM(parkingmin)%(24*60))%60,0)) +'분'      
    when  ISNULL((SUM(parkingmin))%(24*60)/60,0) > 0 then                     
		  CONVERT(VARCHAR(50),ISNULL((SUM(parkingmin)%(24*60))/60,0)) +'시간'+   
		  CONVERT(VARCHAR(50),ISNULL((SUM(parkingmin)%(24*60))%60,0)) +'분'      
	when  ISNULL(((SUM(parkingmin))%(24*60))%60,0) > 0 then                      
	      CONVERT(VARCHAR(50),ISNULL((SUM(parkingmin)%(24*60))%60,0)) +'분'    
 END                                                                          
 as ParkingMin,                                                               
 Sum(UsedPoint) UsedPoint, SUM(DATEDIFF(dd, procdate, outdate)) as prkDate    
 From IONData                                                                 
 Where ProcDate + ' ' +ProcTime between :v7 and :v8 

[16:01:48] Program Start!
[16:01:58] Select reserve2, reserve3, count(*) as cnt,                                  
Case when ISNULL((SUM(parkingmin))/(24*60),0) > 0 then                       
		  CONVERT(VARCHAR(50),ISNULL((SUM(parkingmin))/(24*60),0)) +'일' +       
		  CONVERT(VARCHAR(50),ISNULL(((SUM(parkingmin))%(24*60))/60,0)) +'시간'+ 
		  CONVERT(VARCHAR(50),ISNULL(((SUM(parkingmin))%(24*60))%60,0)) +'분'    
   when  ISNULL((SUM(parkingmin))%(24*60)/60,0) > 0 then                         
		  CONVERT(VARCHAR(50),ISNULL(((SUM(parkingmin))%(24*60))/60,0)) +'시간'+    
		  CONVERT(VARCHAR(50),ISNULL(((SUM(parkingmin))%(24*60))%60,0)) +'분'       
	when  ISNULL(((SUM(parkingmin))%(24*60))%60,0) > 0 then                       
	      CONVERT(VARCHAR(50),ISNULL(((SUM(parkingmin))%(24*60))%60,0)) +'분'   
   END                                                                         
as prkMin from IONData Where ProcDate + ' ' +ProcTime between :N1 and :N2   
and reserve2 <> '' and reserve3 <> ''  
group by reserve2, reserve3 Order by reserve2, reserve3     

[16:01:58] Select procdate, proctime, incarno1, outdate, outtime, OutCarNo1,        
Reserve1, Reserve2, Reserve3,                                            
Case when (ISNULL((parkingmin)/(24*60),0) > 0) and (ISNULL((parkingmin)%(24*60)/60,0) = 0) and (ISNULL(((parkingmin)%(24*60))%60,0) = 0) then 
     CONVERT(VARCHAR(50),ISNULL((parkingmin)/(24*60),0)) +'일'         
     when ISNULL((parkingmin)/(24*60),0) > 0 then                        
		  CONVERT(VARCHAR(50),ISNULL((parkingmin)/(24*60),0)) +'일' +         
		  CONVERT(VARCHAR(50),ISNULL(((parkingmin)%(24*60))/60,0)) +'시간'+   
		  CONVERT(VARCHAR(50),ISNULL(((parkingmin)%(24*60))%60,0)) +'분'      
     when  (ISNULL((parkingmin)%(24*60)/60,0) > 0) and (ISNULL(((parkingmin)%(24*60))%60,0) = 0) then 
     CONVERT(VARCHAR(50),ISNULL(((parkingmin)%(24*60))/60,0)) +'시간'                                 
     when  ISNULL((parkingmin)%(24*60)/60,0) > 0 then                      
		  CONVERT(VARCHAR(50),ISNULL(((parkingmin)%(24*60))/60,0)) +'시간'+   
		  CONVERT(VARCHAR(50),ISNULL(((parkingmin)%(24*60))%60,0)) +'분'      
	when  ISNULL(((parkingmin)%(24*60))%60,0) > 0 then                      
	      CONVERT(VARCHAR(50),ISNULL(((parkingmin)%(24*60))%60,0)) +'분'  
END                                                                      
 as ParkingMin,                                                          
UsedPoint, DATEDIFF(dd, procdate, outdate) as prkDate                    
From IONData                                                             
Where ProcDate + ' ' +ProcTime between :v3 and :v4
 union 
Select '합계', '', '', '', '', '',             
 '', '', '',                                         
Case when ISNULL((SUM(parkingmin))/(24*60),0) > 0 then                        
		  CONVERT(VARCHAR(50),ISNULL(SUM(parkingmin)/(24*60),0)) +'일' +         
		  CONVERT(VARCHAR(50),ISNULL((SUM(parkingmin)%(24*60))/60,0)) +'시간'+   
		  CONVERT(VARCHAR(50),ISNULL((SUM(parkingmin)%(24*60))%60,0)) +'분'      
    when  ISNULL((SUM(parkingmin))%(24*60)/60,0) > 0 then                     
		  CONVERT(VARCHAR(50),ISNULL((SUM(parkingmin)%(24*60))/60,0)) +'시간'+   
		  CONVERT(VARCHAR(50),ISNULL((SUM(parkingmin)%(24*60))%60,0)) +'분'      
	when  ISNULL(((SUM(parkingmin))%(24*60))%60,0) > 0 then                      
	      CONVERT(VARCHAR(50),ISNULL((SUM(parkingmin)%(24*60))%60,0)) +'분'    
 END                                                                          
 as ParkingMin,                                                               
 Sum(UsedPoint) UsedPoint, SUM(DATEDIFF(dd, procdate, outdate)) as prkDate    
 From IONData                                                                 
 Where ProcDate + ' ' +ProcTime between :v7 and :v8 

