[13:12:33] Program Start!
[13:12:33] 그룹별 진입차단 컬럼추가 완료
[13:12:33] SMS기능 컬럼추가 완료
[13:12:33] 방문객입출차제한 컬럼추가 완료
[13:12:33] 방문객 주차시간 컬럼추가 완료
[13:12:33] 정기권 부제 컬럼추가 완료
[13:12:33] 정기권 별명(sAlias), 업데이트시각(dtUpd)  컬럼추가 완료
[13:12:33] 그룹별 부제 컬럼추가 완료
[13:12:33] 만차전광판 사용유무 컬럼추가 완료
[13:12:33] 만차여도 정기권 통과유무 컬럼추가 완료
[13:12:33] 현대통신사전방문차량Table 생성 컬럼추가 완료
[13:12:33] 현대통신 방문자컬럼 컬럼추가 완료
[13:12:33] 현대통신포인트 컬럼 추가 컬럼추가 완료
[13:12:36] 블랙리스트 삭제 컬럼 추가 컬럼추가 완료
[13:12:36] 현대통신포인트조회 컬럼추가 완료
[13:12:36] 포인트조회Table 생성 컬럼추가 완료
[13:12:36] 포인트조회startdatetime 생성 컬럼추가 완료
[13:12:36] 포인트조회 PointType 생성 컬럼추가 완료
[13:12:36] 포인트조회PointUnit  생성 컬럼추가 완료
[13:12:36] 아이콘트롤스 사전방문차량Table 생성 컬럼추가 완료
[13:12:36] 저장 프로시저 함수 생성 컬럼추가 완료
[13:12:37] 단기 정기차량 컬럼 추가 컬럼추가 완료
[13:12:37] 방문차량 즐겨찾기 Table 생성  컬럼추가 완료
[13:12:37] 지진발생 Table 생성  컬럼추가 완료
[13:12:37] 스마트빌리지 사전방문차량Table 생성 컬럼추가 완료
[13:12:37] 순찰패드 Table 생성 컬럼추가 완료
[13:12:37] 사전방문 차량 대수 컬럼추가 완료
[13:12:37] 사전방문 차량 등록 가능 시간  컬럼추가 완료
[13:12:37] 사전방문 예약가능일  컬럼추가 완료
[13:12:37] 사전방문 차량등록 횟수  컬럼추가 완료
[13:12:37] 홈넷 포인트 타입   컬럼추가 완료
[13:12:37] 홈넷 포인트 단위   컬럼추가 완료
[13:12:37] 일반차량 홈넷 포인트이력 단위   컬럼추가 완료
[13:12:37] 휴일출입관리 단위   컬럼추가 완료
[13:12:37] 포인트 누적 단위   컬럼추가 완료
[13:12:37] 포인트 누적 단위2   컬럼추가 완료
[13:12:37] 정기차량 백업 테이블 생성 컬럼추가 완료
[13:12:37] 아이콘트롤스(홈넷) 사전등록 횟수 테이블 생성 컬럼추가 완료
[13:14:46] Program Start!
[13:14:46] 아이콘트롤스(홈넷) 사전등록 횟수 테이블 생성 컬럼추가 완료
[13:55:34] Program Start!
[13:55:35] 정기차량 ParkingMin  생성 컬럼추가 완료
[16:39:26] Program Start!
[16:45:09] Program Start!
[16:56:14] Program Start!
[17:01:08] Program Start!
[17:02:31] Program Start!
[17:04:48] Program Start!
[17:06:24] Program Start!
[17:32:59] Program Start!
[18:43:55] Program Start!
[18:46:54] Program Start!
[18:52:17] Program Start!
[18:53:14] Program Start!
[18:54:47] Program Start!
[18:55:31] Program Start!
