[20:19:19] Program Start!
[20:19:45] Program Start!
[20:20:04] Select reserve2, reserve3, count(*) as cnt, 
Case when ISNULL((SUM(parkingmin))/(24*60),0) > 0 then                        
		  CONVERT(VARCHAR(50),ISNULL((SUM(parkingmin))/(24*60),0)) +'일' +       
		  CONVERT(VARCHAR(50),ISNULL(((SUM(parkingmin))%(24*60))/60,0)) +'시간'+ 
		  CONVERT(VARCHAR(50),ISNULL(((SUM(parkingmin))%(24*60))%60,0)) +'분'    
   when  ISNULL((SUM(parkingmin))%(24*60)/60,0) > 0 then                         
		  CONVERT(VARCHAR(50),ISNULL(((SUM(parkingmin))%(24*60))/60,0)) +'시간'+    
		  CONVERT(VARCHAR(50),ISNULL(((SUM(parkingmin))%(24*60))%60,0)) +'분'       
	when  ISNULL(((SUM(parkingmin))%(24*60))%60,0) > 0 then                       
	      CONVERT(VARCHAR(50),ISNULL(((SUM(parkingmin))%(24*60))%60,0)) +'분'   
   END                                                                         
 as prkMin from IONData Where ProcDate + ' ' +ProcTime between :N1 and :N2 
group by reserve2, reserve3 Order by reserve2, reserve3 

[20:20:04] Select procdate, proctime, incarno1, outdate, outtime, OutCarNo1,        
Reserve1, Reserve2, Reserve3,                                            
Case when (ISNULL((parkingmin)/(24*60),0) > 0) and (ISNULL((parkingmin)%(24*60)/60,0) = 0) and (ISNULL(((parkingmin)%(24*60))%60,0) = 0) then 
     CONVERT(VARCHAR(50),ISNULL((parkingmin)/(24*60),0)) +'일'         
     when ISNULL((parkingmin)/(24*60),0) > 0 then                        
		  CONVERT(VARCHAR(50),ISNULL((parkingmin)/(24*60),0)) +'일' +         
		  CONVERT(VARCHAR(50),ISNULL(((parkingmin)%(24*60))/60,0)) +'시간'+   
		  CONVERT(VARCHAR(50),ISNULL(((parkingmin)%(24*60))%60,0)) +'분'      
     when  (ISNULL((parkingmin)%(24*60)/60,0) > 0) and (ISNULL(((parkingmin)%(24*60))%60,0) = 0) then 
     CONVERT(VARCHAR(50),ISNULL(((parkingmin)%(24*60))/60,0)) +'시간'                                 
     when  ISNULL((parkingmin)%(24*60)/60,0) > 0 then                      
		  CONVERT(VARCHAR(50),ISNULL(((parkingmin)%(24*60))/60,0)) +'시간'+   
		  CONVERT(VARCHAR(50),ISNULL(((parkingmin)%(24*60))%60,0)) +'분'      
	when  ISNULL(((parkingmin)%(24*60))%60,0) > 0 then                      
	      CONVERT(VARCHAR(50),ISNULL(((parkingmin)%(24*60))%60,0)) +'분'  
END                                                                      
 as ParkingMin,                                                          
UsedPoint, DATEDIFF(dd, procdate, outdate) as prkDate                    
From IONData                                                             
Where ProcDate + ' ' +ProcTime between :v3 and :v4
 union 
Select '합계', '', '', '', '', '',             
 '', '', '',                                         
Case when ISNULL((SUM(parkingmin))/(24*60),0) > 0 then                        
		  CONVERT(VARCHAR(50),ISNULL(SUM(parkingmin)/(24*60),0)) +'일' +         
		  CONVERT(VARCHAR(50),ISNULL((SUM(parkingmin)%(24*60))/60,0)) +'시간'+   
		  CONVERT(VARCHAR(50),ISNULL((SUM(parkingmin)%(24*60))%60,0)) +'분'      
    when  ISNULL((SUM(parkingmin))%(24*60)/60,0) > 0 then                     
		  CONVERT(VARCHAR(50),ISNULL((SUM(parkingmin)%(24*60))/60,0)) +'시간'+   
		  CONVERT(VARCHAR(50),ISNULL((SUM(parkingmin)%(24*60))%60,0)) +'분'      
	when  ISNULL(((SUM(parkingmin))%(24*60))%60,0) > 0 then                      
	      CONVERT(VARCHAR(50),ISNULL((SUM(parkingmin)%(24*60))%60,0)) +'분'    
 END                                                                          
 as ParkingMin,                                                               
 Sum(UsedPoint) UsedPoint, SUM(DATEDIFF(dd, procdate, outdate)) as prkDate    
 From IONData                                                                 
 Where ProcDate + ' ' +ProcTime between :v7 and :v8 

[20:20:36] Select reserve2, reserve3, count(*) as cnt, 
Case when ISNULL((SUM(parkingmin))/(24*60),0) > 0 then                        
		  CONVERT(VARCHAR(50),ISNULL((SUM(parkingmin))/(24*60),0)) +'일' +       
		  CONVERT(VARCHAR(50),ISNULL(((SUM(parkingmin))%(24*60))/60,0)) +'시간'+ 
		  CONVERT(VARCHAR(50),ISNULL(((SUM(parkingmin))%(24*60))%60,0)) +'분'    
   when  ISNULL((SUM(parkingmin))%(24*60)/60,0) > 0 then                         
		  CONVERT(VARCHAR(50),ISNULL(((SUM(parkingmin))%(24*60))/60,0)) +'시간'+    
		  CONVERT(VARCHAR(50),ISNULL(((SUM(parkingmin))%(24*60))%60,0)) +'분'       
	when  ISNULL(((SUM(parkingmin))%(24*60))%60,0) > 0 then                       
	      CONVERT(VARCHAR(50),ISNULL(((SUM(parkingmin))%(24*60))%60,0)) +'분'   
   END                                                                         
 as prkMin from IONData Where ProcDate + ' ' +ProcTime between :N1 and :N2 
group by reserve2, reserve3 Order by reserve2, reserve3 

[20:20:36] Select procdate, proctime, incarno1, outdate, outtime, OutCarNo1,        
Reserve1, Reserve2, Reserve3,                                            
Case when (ISNULL((parkingmin)/(24*60),0) > 0) and (ISNULL((parkingmin)%(24*60)/60,0) = 0) and (ISNULL(((parkingmin)%(24*60))%60,0) = 0) then 
     CONVERT(VARCHAR(50),ISNULL((parkingmin)/(24*60),0)) +'일'         
     when ISNULL((parkingmin)/(24*60),0) > 0 then                        
		  CONVERT(VARCHAR(50),ISNULL((parkingmin)/(24*60),0)) +'일' +         
		  CONVERT(VARCHAR(50),ISNULL(((parkingmin)%(24*60))/60,0)) +'시간'+   
		  CONVERT(VARCHAR(50),ISNULL(((parkingmin)%(24*60))%60,0)) +'분'      
     when  (ISNULL((parkingmin)%(24*60)/60,0) > 0) and (ISNULL(((parkingmin)%(24*60))%60,0) = 0) then 
     CONVERT(VARCHAR(50),ISNULL(((parkingmin)%(24*60))/60,0)) +'시간'                                 
     when  ISNULL((parkingmin)%(24*60)/60,0) > 0 then                      
		  CONVERT(VARCHAR(50),ISNULL(((parkingmin)%(24*60))/60,0)) +'시간'+   
		  CONVERT(VARCHAR(50),ISNULL(((parkingmin)%(24*60))%60,0)) +'분'      
	when  ISNULL(((parkingmin)%(24*60))%60,0) > 0 then                      
	      CONVERT(VARCHAR(50),ISNULL(((parkingmin)%(24*60))%60,0)) +'분'  
END                                                                      
 as ParkingMin,                                                          
UsedPoint, DATEDIFF(dd, procdate, outdate) as prkDate                    
From IONData                                                             
Where ProcDate + ' ' +ProcTime between :v3 and :v4
 union 
Select '합계', '', '', '', '', '',             
 '', '', '',                                         
Case when ISNULL((SUM(parkingmin))/(24*60),0) > 0 then                        
		  CONVERT(VARCHAR(50),ISNULL(SUM(parkingmin)/(24*60),0)) +'일' +         
		  CONVERT(VARCHAR(50),ISNULL((SUM(parkingmin)%(24*60))/60,0)) +'시간'+   
		  CONVERT(VARCHAR(50),ISNULL((SUM(parkingmin)%(24*60))%60,0)) +'분'      
    when  ISNULL((SUM(parkingmin))%(24*60)/60,0) > 0 then                     
		  CONVERT(VARCHAR(50),ISNULL((SUM(parkingmin)%(24*60))/60,0)) +'시간'+   
		  CONVERT(VARCHAR(50),ISNULL((SUM(parkingmin)%(24*60))%60,0)) +'분'      
	when  ISNULL(((SUM(parkingmin))%(24*60))%60,0) > 0 then                      
	      CONVERT(VARCHAR(50),ISNULL((SUM(parkingmin)%(24*60))%60,0)) +'분'    
 END                                                                          
 as ParkingMin,                                                               
 Sum(UsedPoint) UsedPoint, SUM(DATEDIFF(dd, procdate, outdate)) as prkDate    
 From IONData                                                                 
 Where ProcDate + ' ' +ProcTime between :v7 and :v8 

[20:22:25] Program Start!
[20:22:35] Select reserve2, reserve3, count(*) as cnt, 
Case when ISNULL((SUM(parkingmin))/(24*60),0) > 0 then                        
		  CONVERT(VARCHAR(50),ISNULL((SUM(parkingmin))/(24*60),0)) +'일' +       
		  CONVERT(VARCHAR(50),ISNULL(((SUM(parkingmin))%(24*60))/60,0)) +'시간'+ 
		  CONVERT(VARCHAR(50),ISNULL(((SUM(parkingmin))%(24*60))%60,0)) +'분'    
   when  ISNULL((SUM(parkingmin))%(24*60)/60,0) > 0 then                         
		  CONVERT(VARCHAR(50),ISNULL(((SUM(parkingmin))%(24*60))/60,0)) +'시간'+    
		  CONVERT(VARCHAR(50),ISNULL(((SUM(parkingmin))%(24*60))%60,0)) +'분'       
	when  ISNULL(((SUM(parkingmin))%(24*60))%60,0) > 0 then                       
	      CONVERT(VARCHAR(50),ISNULL(((SUM(parkingmin))%(24*60))%60,0)) +'분'   
   END                                                                         
 as prkMin from IONData Where ProcDate + ' ' +ProcTime between :N1 and :N2 
group by reserve2, reserve3 Order by reserve2, reserve3 

[20:22:35] Select procdate, proctime, incarno1, outdate, outtime, OutCarNo1,        
Reserve1, Reserve2, Reserve3,                                            
Case when (ISNULL((parkingmin)/(24*60),0) > 0) and (ISNULL((parkingmin)%(24*60)/60,0) = 0) and (ISNULL(((parkingmin)%(24*60))%60,0) = 0) then 
     CONVERT(VARCHAR(50),ISNULL((parkingmin)/(24*60),0)) +'일'         
     when ISNULL((parkingmin)/(24*60),0) > 0 then                        
		  CONVERT(VARCHAR(50),ISNULL((parkingmin)/(24*60),0)) +'일' +         
		  CONVERT(VARCHAR(50),ISNULL(((parkingmin)%(24*60))/60,0)) +'시간'+   
		  CONVERT(VARCHAR(50),ISNULL(((parkingmin)%(24*60))%60,0)) +'분'      
     when  (ISNULL((parkingmin)%(24*60)/60,0) > 0) and (ISNULL(((parkingmin)%(24*60))%60,0) = 0) then 
     CONVERT(VARCHAR(50),ISNULL(((parkingmin)%(24*60))/60,0)) +'시간'                                 
     when  ISNULL((parkingmin)%(24*60)/60,0) > 0 then                      
		  CONVERT(VARCHAR(50),ISNULL(((parkingmin)%(24*60))/60,0)) +'시간'+   
		  CONVERT(VARCHAR(50),ISNULL(((parkingmin)%(24*60))%60,0)) +'분'      
	when  ISNULL(((parkingmin)%(24*60))%60,0) > 0 then                      
	      CONVERT(VARCHAR(50),ISNULL(((parkingmin)%(24*60))%60,0)) +'분'  
END                                                                      
 as ParkingMin,                                                          
UsedPoint, DATEDIFF(dd, procdate, outdate) as prkDate                    
From IONData                                                             
Where ProcDate + ' ' +ProcTime between :v3 and :v4
 union 
Select '합계', '', '', '', '', '',             
 '', '', '',                                         
Case when ISNULL((SUM(parkingmin))/(24*60),0) > 0 then                        
		  CONVERT(VARCHAR(50),ISNULL(SUM(parkingmin)/(24*60),0)) +'일' +         
		  CONVERT(VARCHAR(50),ISNULL((SUM(parkingmin)%(24*60))/60,0)) +'시간'+   
		  CONVERT(VARCHAR(50),ISNULL((SUM(parkingmin)%(24*60))%60,0)) +'분'      
    when  ISNULL((SUM(parkingmin))%(24*60)/60,0) > 0 then                     
		  CONVERT(VARCHAR(50),ISNULL((SUM(parkingmin)%(24*60))/60,0)) +'시간'+   
		  CONVERT(VARCHAR(50),ISNULL((SUM(parkingmin)%(24*60))%60,0)) +'분'      
	when  ISNULL(((SUM(parkingmin))%(24*60))%60,0) > 0 then                      
	      CONVERT(VARCHAR(50),ISNULL((SUM(parkingmin)%(24*60))%60,0)) +'분'    
 END                                                                          
 as ParkingMin,                                                               
 Sum(UsedPoint) UsedPoint, SUM(DATEDIFF(dd, procdate, outdate)) as prkDate    
 From IONData                                                                 
 Where ProcDate + ' ' +ProcTime between :v7 and :v8 

[20:22:43] TfrmIOVisitStat.btnSearchClick: Access violation at address 00CF9FD3 in module 'Nexpa_Host.exe'. Read of address 00000000
[20:22:55] Program Start!
[20:23:07] Select reserve2, reserve3, count(*) as cnt, 
Case when ISNULL((SUM(parkingmin))/(24*60),0) > 0 then                        
		  CONVERT(VARCHAR(50),ISNULL((SUM(parkingmin))/(24*60),0)) +'일' +       
		  CONVERT(VARCHAR(50),ISNULL(((SUM(parkingmin))%(24*60))/60,0)) +'시간'+ 
		  CONVERT(VARCHAR(50),ISNULL(((SUM(parkingmin))%(24*60))%60,0)) +'분'    
   when  ISNULL((SUM(parkingmin))%(24*60)/60,0) > 0 then                         
		  CONVERT(VARCHAR(50),ISNULL(((SUM(parkingmin))%(24*60))/60,0)) +'시간'+    
		  CONVERT(VARCHAR(50),ISNULL(((SUM(parkingmin))%(24*60))%60,0)) +'분'       
	when  ISNULL(((SUM(parkingmin))%(24*60))%60,0) > 0 then                       
	      CONVERT(VARCHAR(50),ISNULL(((SUM(parkingmin))%(24*60))%60,0)) +'분'   
   END                                                                         
 as prkMin from IONData Where ProcDate + ' ' +ProcTime between :N1 and :N2 
group by reserve2, reserve3 Order by reserve2, reserve3 

[20:23:07] Select procdate, proctime, incarno1, outdate, outtime, OutCarNo1,        
Reserve1, Reserve2, Reserve3,                                            
Case when (ISNULL((parkingmin)/(24*60),0) > 0) and (ISNULL((parkingmin)%(24*60)/60,0) = 0) and (ISNULL(((parkingmin)%(24*60))%60,0) = 0) then 
     CONVERT(VARCHAR(50),ISNULL((parkingmin)/(24*60),0)) +'일'         
     when ISNULL((parkingmin)/(24*60),0) > 0 then                        
		  CONVERT(VARCHAR(50),ISNULL((parkingmin)/(24*60),0)) +'일' +         
		  CONVERT(VARCHAR(50),ISNULL(((parkingmin)%(24*60))/60,0)) +'시간'+   
		  CONVERT(VARCHAR(50),ISNULL(((parkingmin)%(24*60))%60,0)) +'분'      
     when  (ISNULL((parkingmin)%(24*60)/60,0) > 0) and (ISNULL(((parkingmin)%(24*60))%60,0) = 0) then 
     CONVERT(VARCHAR(50),ISNULL(((parkingmin)%(24*60))/60,0)) +'시간'                                 
     when  ISNULL((parkingmin)%(24*60)/60,0) > 0 then                      
		  CONVERT(VARCHAR(50),ISNULL(((parkingmin)%(24*60))/60,0)) +'시간'+   
		  CONVERT(VARCHAR(50),ISNULL(((parkingmin)%(24*60))%60,0)) +'분'      
	when  ISNULL(((parkingmin)%(24*60))%60,0) > 0 then                      
	      CONVERT(VARCHAR(50),ISNULL(((parkingmin)%(24*60))%60,0)) +'분'  
END                                                                      
 as ParkingMin,                                                          
UsedPoint, DATEDIFF(dd, procdate, outdate) as prkDate                    
From IONData                                                             
Where ProcDate + ' ' +ProcTime between :v3 and :v4
 union 
Select '합계', '', '', '', '', '',             
 '', '', '',                                         
Case when ISNULL((SUM(parkingmin))/(24*60),0) > 0 then                        
		  CONVERT(VARCHAR(50),ISNULL(SUM(parkingmin)/(24*60),0)) +'일' +         
		  CONVERT(VARCHAR(50),ISNULL((SUM(parkingmin)%(24*60))/60,0)) +'시간'+   
		  CONVERT(VARCHAR(50),ISNULL((SUM(parkingmin)%(24*60))%60,0)) +'분'      
    when  ISNULL((SUM(parkingmin))%(24*60)/60,0) > 0 then                     
		  CONVERT(VARCHAR(50),ISNULL((SUM(parkingmin)%(24*60))/60,0)) +'시간'+   
		  CONVERT(VARCHAR(50),ISNULL((SUM(parkingmin)%(24*60))%60,0)) +'분'      
	when  ISNULL(((SUM(parkingmin))%(24*60))%60,0) > 0 then                      
	      CONVERT(VARCHAR(50),ISNULL((SUM(parkingmin)%(24*60))%60,0)) +'분'    
 END                                                                          
 as ParkingMin,                                                               
 Sum(UsedPoint) UsedPoint, SUM(DATEDIFF(dd, procdate, outdate)) as prkDate    
 From IONData                                                                 
 Where ProcDate + ' ' +ProcTime between :v7 and :v8 

[20:23:12] Select reserve2, reserve3, count(*) as cnt, 
Case when ISNULL((SUM(parkingmin))/(24*60),0) > 0 then                        
		  CONVERT(VARCHAR(50),ISNULL((SUM(parkingmin))/(24*60),0)) +'일' +       
		  CONVERT(VARCHAR(50),ISNULL(((SUM(parkingmin))%(24*60))/60,0)) +'시간'+ 
		  CONVERT(VARCHAR(50),ISNULL(((SUM(parkingmin))%(24*60))%60,0)) +'분'    
   when  ISNULL((SUM(parkingmin))%(24*60)/60,0) > 0 then                         
		  CONVERT(VARCHAR(50),ISNULL(((SUM(parkingmin))%(24*60))/60,0)) +'시간'+    
		  CONVERT(VARCHAR(50),ISNULL(((SUM(parkingmin))%(24*60))%60,0)) +'분'       
	when  ISNULL(((SUM(parkingmin))%(24*60))%60,0) > 0 then                       
	      CONVERT(VARCHAR(50),ISNULL(((SUM(parkingmin))%(24*60))%60,0)) +'분'   
   END                                                                         
 as prkMin from IONData Where ProcDate + ' ' +ProcTime between :N1 and :N2 
And reserve2 in(5,1)  
And reserve3 in(5,1)  
group by reserve2, reserve3 Order by reserve2, reserve3 

[20:23:14] Select reserve2, reserve3, count(*) as cnt, 
Case when ISNULL((SUM(parkingmin))/(24*60),0) > 0 then                        
		  CONVERT(VARCHAR(50),ISNULL((SUM(parkingmin))/(24*60),0)) +'일' +       
		  CONVERT(VARCHAR(50),ISNULL(((SUM(parkingmin))%(24*60))/60,0)) +'시간'+ 
		  CONVERT(VARCHAR(50),ISNULL(((SUM(parkingmin))%(24*60))%60,0)) +'분'    
   when  ISNULL((SUM(parkingmin))%(24*60)/60,0) > 0 then                         
		  CONVERT(VARCHAR(50),ISNULL(((SUM(parkingmin))%(24*60))/60,0)) +'시간'+    
		  CONVERT(VARCHAR(50),ISNULL(((SUM(parkingmin))%(24*60))%60,0)) +'분'       
	when  ISNULL(((SUM(parkingmin))%(24*60))%60,0) > 0 then                       
	      CONVERT(VARCHAR(50),ISNULL(((SUM(parkingmin))%(24*60))%60,0)) +'분'   
   END                                                                         
 as prkMin from IONData Where ProcDate + ' ' +ProcTime between :N1 and :N2 
group by reserve2, reserve3 Order by reserve2, reserve3 

[20:23:14] Select procdate, proctime, incarno1, outdate, outtime, OutCarNo1,        
Reserve1, Reserve2, Reserve3,                                            
Case when (ISNULL((parkingmin)/(24*60),0) > 0) and (ISNULL((parkingmin)%(24*60)/60,0) = 0) and (ISNULL(((parkingmin)%(24*60))%60,0) = 0) then 
     CONVERT(VARCHAR(50),ISNULL((parkingmin)/(24*60),0)) +'일'         
     when ISNULL((parkingmin)/(24*60),0) > 0 then                        
		  CONVERT(VARCHAR(50),ISNULL((parkingmin)/(24*60),0)) +'일' +         
		  CONVERT(VARCHAR(50),ISNULL(((parkingmin)%(24*60))/60,0)) +'시간'+   
		  CONVERT(VARCHAR(50),ISNULL(((parkingmin)%(24*60))%60,0)) +'분'      
     when  (ISNULL((parkingmin)%(24*60)/60,0) > 0) and (ISNULL(((parkingmin)%(24*60))%60,0) = 0) then 
     CONVERT(VARCHAR(50),ISNULL(((parkingmin)%(24*60))/60,0)) +'시간'                                 
     when  ISNULL((parkingmin)%(24*60)/60,0) > 0 then                      
		  CONVERT(VARCHAR(50),ISNULL(((parkingmin)%(24*60))/60,0)) +'시간'+   
		  CONVERT(VARCHAR(50),ISNULL(((parkingmin)%(24*60))%60,0)) +'분'      
	when  ISNULL(((parkingmin)%(24*60))%60,0) > 0 then                      
	      CONVERT(VARCHAR(50),ISNULL(((parkingmin)%(24*60))%60,0)) +'분'  
END                                                                      
 as ParkingMin,                                                          
UsedPoint, DATEDIFF(dd, procdate, outdate) as prkDate                    
From IONData                                                             
Where ProcDate + ' ' +ProcTime between :v3 and :v4
 union 
Select '합계', '', '', '', '', '',             
 '', '', '',                                         
Case when ISNULL((SUM(parkingmin))/(24*60),0) > 0 then                        
		  CONVERT(VARCHAR(50),ISNULL(SUM(parkingmin)/(24*60),0)) +'일' +         
		  CONVERT(VARCHAR(50),ISNULL((SUM(parkingmin)%(24*60))/60,0)) +'시간'+   
		  CONVERT(VARCHAR(50),ISNULL((SUM(parkingmin)%(24*60))%60,0)) +'분'      
    when  ISNULL((SUM(parkingmin))%(24*60)/60,0) > 0 then                     
		  CONVERT(VARCHAR(50),ISNULL((SUM(parkingmin)%(24*60))/60,0)) +'시간'+   
		  CONVERT(VARCHAR(50),ISNULL((SUM(parkingmin)%(24*60))%60,0)) +'분'      
	when  ISNULL(((SUM(parkingmin))%(24*60))%60,0) > 0 then                      
	      CONVERT(VARCHAR(50),ISNULL((SUM(parkingmin)%(24*60))%60,0)) +'분'    
 END                                                                          
 as ParkingMin,                                                               
 Sum(UsedPoint) UsedPoint, SUM(DATEDIFF(dd, procdate, outdate)) as prkDate    
 From IONData                                                                 
 Where ProcDate + ' ' +ProcTime between :v7 and :v8 

[20:23:57] Program Start!
[20:24:05] Select reserve2, reserve3, count(*) as cnt, 
Case when ISNULL((SUM(parkingmin))/(24*60),0) > 0 then                        
		  CONVERT(VARCHAR(50),ISNULL((SUM(parkingmin))/(24*60),0)) +'일' +       
		  CONVERT(VARCHAR(50),ISNULL(((SUM(parkingmin))%(24*60))/60,0)) +'시간'+ 
		  CONVERT(VARCHAR(50),ISNULL(((SUM(parkingmin))%(24*60))%60,0)) +'분'    
   when  ISNULL((SUM(parkingmin))%(24*60)/60,0) > 0 then                         
		  CONVERT(VARCHAR(50),ISNULL(((SUM(parkingmin))%(24*60))/60,0)) +'시간'+    
		  CONVERT(VARCHAR(50),ISNULL(((SUM(parkingmin))%(24*60))%60,0)) +'분'       
	when  ISNULL(((SUM(parkingmin))%(24*60))%60,0) > 0 then                       
	      CONVERT(VARCHAR(50),ISNULL(((SUM(parkingmin))%(24*60))%60,0)) +'분'   
   END                                                                         
 as prkMin from IONData Where ProcDate + ' ' +ProcTime between :N1 and :N2 
group by reserve2, reserve3 Order by reserve2, reserve3 

[20:24:05] Select procdate, proctime, incarno1, outdate, outtime, OutCarNo1,        
Reserve1, Reserve2, Reserve3,                                            
Case when (ISNULL((parkingmin)/(24*60),0) > 0) and (ISNULL((parkingmin)%(24*60)/60,0) = 0) and (ISNULL(((parkingmin)%(24*60))%60,0) = 0) then 
     CONVERT(VARCHAR(50),ISNULL((parkingmin)/(24*60),0)) +'일'         
     when ISNULL((parkingmin)/(24*60),0) > 0 then                        
		  CONVERT(VARCHAR(50),ISNULL((parkingmin)/(24*60),0)) +'일' +         
		  CONVERT(VARCHAR(50),ISNULL(((parkingmin)%(24*60))/60,0)) +'시간'+   
		  CONVERT(VARCHAR(50),ISNULL(((parkingmin)%(24*60))%60,0)) +'분'      
     when  (ISNULL((parkingmin)%(24*60)/60,0) > 0) and (ISNULL(((parkingmin)%(24*60))%60,0) = 0) then 
     CONVERT(VARCHAR(50),ISNULL(((parkingmin)%(24*60))/60,0)) +'시간'                                 
     when  ISNULL((parkingmin)%(24*60)/60,0) > 0 then                      
		  CONVERT(VARCHAR(50),ISNULL(((parkingmin)%(24*60))/60,0)) +'시간'+   
		  CONVERT(VARCHAR(50),ISNULL(((parkingmin)%(24*60))%60,0)) +'분'      
	when  ISNULL(((parkingmin)%(24*60))%60,0) > 0 then                      
	      CONVERT(VARCHAR(50),ISNULL(((parkingmin)%(24*60))%60,0)) +'분'  
END                                                                      
 as ParkingMin,                                                          
UsedPoint, DATEDIFF(dd, procdate, outdate) as prkDate                    
From IONData                                                             
Where ProcDate + ' ' +ProcTime between :v3 and :v4
 union 
Select '합계', '', '', '', '', '',             
 '', '', '',                                         
Case when ISNULL((SUM(parkingmin))/(24*60),0) > 0 then                        
		  CONVERT(VARCHAR(50),ISNULL(SUM(parkingmin)/(24*60),0)) +'일' +         
		  CONVERT(VARCHAR(50),ISNULL((SUM(parkingmin)%(24*60))/60,0)) +'시간'+   
		  CONVERT(VARCHAR(50),ISNULL((SUM(parkingmin)%(24*60))%60,0)) +'분'      
    when  ISNULL((SUM(parkingmin))%(24*60)/60,0) > 0 then                     
		  CONVERT(VARCHAR(50),ISNULL((SUM(parkingmin)%(24*60))/60,0)) +'시간'+   
		  CONVERT(VARCHAR(50),ISNULL((SUM(parkingmin)%(24*60))%60,0)) +'분'      
	when  ISNULL(((SUM(parkingmin))%(24*60))%60,0) > 0 then                      
	      CONVERT(VARCHAR(50),ISNULL((SUM(parkingmin)%(24*60))%60,0)) +'분'    
 END                                                                          
 as ParkingMin,                                                               
 Sum(UsedPoint) UsedPoint, SUM(DATEDIFF(dd, procdate, outdate)) as prkDate    
 From IONData                                                                 
 Where ProcDate + ' ' +ProcTime between :v7 and :v8 

[20:28:40] Program Start!
[20:28:50] Select reserve2, reserve3, count(*) as cnt, 
Case when ISNULL((SUM(parkingmin))/(24*60),0) > 0 then                        
		  CONVERT(VARCHAR(50),ISNULL((SUM(parkingmin))/(24*60),0)) +'일' +       
		  CONVERT(VARCHAR(50),ISNULL(((SUM(parkingmin))%(24*60))/60,0)) +'시간'+ 
		  CONVERT(VARCHAR(50),ISNULL(((SUM(parkingmin))%(24*60))%60,0)) +'분'    
   when  ISNULL((SUM(parkingmin))%(24*60)/60,0) > 0 then                         
		  CONVERT(VARCHAR(50),ISNULL(((SUM(parkingmin))%(24*60))/60,0)) +'시간'+    
		  CONVERT(VARCHAR(50),ISNULL(((SUM(parkingmin))%(24*60))%60,0)) +'분'       
	when  ISNULL(((SUM(parkingmin))%(24*60))%60,0) > 0 then                       
	      CONVERT(VARCHAR(50),ISNULL(((SUM(parkingmin))%(24*60))%60,0)) +'분'   
   END                                                                         
 as prkMin from IONData Where ProcDate + ' ' +ProcTime between :N1 and :N2 
group by reserve2, reserve3 Order by reserve2, reserve3 

[20:28:50] Select procdate, proctime, incarno1, outdate, outtime, OutCarNo1,        
Reserve1, Reserve2, Reserve3,                                            
Case when (ISNULL((parkingmin)/(24*60),0) > 0) and (ISNULL((parkingmin)%(24*60)/60,0) = 0) and (ISNULL(((parkingmin)%(24*60))%60,0) = 0) then 
     CONVERT(VARCHAR(50),ISNULL((parkingmin)/(24*60),0)) +'일'         
     when ISNULL((parkingmin)/(24*60),0) > 0 then                        
		  CONVERT(VARCHAR(50),ISNULL((parkingmin)/(24*60),0)) +'일' +         
		  CONVERT(VARCHAR(50),ISNULL(((parkingmin)%(24*60))/60,0)) +'시간'+   
		  CONVERT(VARCHAR(50),ISNULL(((parkingmin)%(24*60))%60,0)) +'분'      
     when  (ISNULL((parkingmin)%(24*60)/60,0) > 0) and (ISNULL(((parkingmin)%(24*60))%60,0) = 0) then 
     CONVERT(VARCHAR(50),ISNULL(((parkingmin)%(24*60))/60,0)) +'시간'                                 
     when  ISNULL((parkingmin)%(24*60)/60,0) > 0 then                      
		  CONVERT(VARCHAR(50),ISNULL(((parkingmin)%(24*60))/60,0)) +'시간'+   
		  CONVERT(VARCHAR(50),ISNULL(((parkingmin)%(24*60))%60,0)) +'분'      
	when  ISNULL(((parkingmin)%(24*60))%60,0) > 0 then                      
	      CONVERT(VARCHAR(50),ISNULL(((parkingmin)%(24*60))%60,0)) +'분'  
END                                                                      
 as ParkingMin,                                                          
UsedPoint, DATEDIFF(dd, procdate, outdate) as prkDate                    
From IONData                                                             
Where ProcDate + ' ' +ProcTime between :v3 and :v4
 union 
Select '합계', '', '', '', '', '',             
 '', '', '',                                         
Case when ISNULL((SUM(parkingmin))/(24*60),0) > 0 then                        
		  CONVERT(VARCHAR(50),ISNULL(SUM(parkingmin)/(24*60),0)) +'일' +         
		  CONVERT(VARCHAR(50),ISNULL((SUM(parkingmin)%(24*60))/60,0)) +'시간'+   
		  CONVERT(VARCHAR(50),ISNULL((SUM(parkingmin)%(24*60))%60,0)) +'분'      
    when  ISNULL((SUM(parkingmin))%(24*60)/60,0) > 0 then                     
		  CONVERT(VARCHAR(50),ISNULL((SUM(parkingmin)%(24*60))/60,0)) +'시간'+   
		  CONVERT(VARCHAR(50),ISNULL((SUM(parkingmin)%(24*60))%60,0)) +'분'      
	when  ISNULL(((SUM(parkingmin))%(24*60))%60,0) > 0 then                      
	      CONVERT(VARCHAR(50),ISNULL((SUM(parkingmin)%(24*60))%60,0)) +'분'    
 END                                                                          
 as ParkingMin,                                                               
 Sum(UsedPoint) UsedPoint, SUM(DATEDIFF(dd, procdate, outdate)) as prkDate    
 From IONData                                                                 
 Where ProcDate + ' ' +ProcTime between :v7 and :v8 

[20:33:07] Program Start!
[20:33:16] Select reserve2, reserve3, count(*) as cnt, 
Case when ISNULL((SUM(parkingmin))/(24*60),0) > 0 then                        
		  CONVERT(VARCHAR(50),ISNULL((SUM(parkingmin))/(24*60),0)) +'일' +       
		  CONVERT(VARCHAR(50),ISNULL(((SUM(parkingmin))%(24*60))/60,0)) +'시간'+ 
		  CONVERT(VARCHAR(50),ISNULL(((SUM(parkingmin))%(24*60))%60,0)) +'분'    
   when  ISNULL((SUM(parkingmin))%(24*60)/60,0) > 0 then                         
		  CONVERT(VARCHAR(50),ISNULL(((SUM(parkingmin))%(24*60))/60,0)) +'시간'+    
		  CONVERT(VARCHAR(50),ISNULL(((SUM(parkingmin))%(24*60))%60,0)) +'분'       
	when  ISNULL(((SUM(parkingmin))%(24*60))%60,0) > 0 then                       
	      CONVERT(VARCHAR(50),ISNULL(((SUM(parkingmin))%(24*60))%60,0)) +'분'   
   END                                                                         
 as prkMin from IONData Where ProcDate + ' ' +ProcTime between :N1 and :N2 
and reserve2 <> '' and reserve3 <> ''  
group by reserve2, reserve3 Order by reserve2, reserve3 

[20:33:16] Select procdate, proctime, incarno1, outdate, outtime, OutCarNo1,        
Reserve1, Reserve2, Reserve3,                                            
Case when (ISNULL((parkingmin)/(24*60),0) > 0) and (ISNULL((parkingmin)%(24*60)/60,0) = 0) and (ISNULL(((parkingmin)%(24*60))%60,0) = 0) then 
     CONVERT(VARCHAR(50),ISNULL((parkingmin)/(24*60),0)) +'일'         
     when ISNULL((parkingmin)/(24*60),0) > 0 then                        
		  CONVERT(VARCHAR(50),ISNULL((parkingmin)/(24*60),0)) +'일' +         
		  CONVERT(VARCHAR(50),ISNULL(((parkingmin)%(24*60))/60,0)) +'시간'+   
		  CONVERT(VARCHAR(50),ISNULL(((parkingmin)%(24*60))%60,0)) +'분'      
     when  (ISNULL((parkingmin)%(24*60)/60,0) > 0) and (ISNULL(((parkingmin)%(24*60))%60,0) = 0) then 
     CONVERT(VARCHAR(50),ISNULL(((parkingmin)%(24*60))/60,0)) +'시간'                                 
     when  ISNULL((parkingmin)%(24*60)/60,0) > 0 then                      
		  CONVERT(VARCHAR(50),ISNULL(((parkingmin)%(24*60))/60,0)) +'시간'+   
		  CONVERT(VARCHAR(50),ISNULL(((parkingmin)%(24*60))%60,0)) +'분'      
	when  ISNULL(((parkingmin)%(24*60))%60,0) > 0 then                      
	      CONVERT(VARCHAR(50),ISNULL(((parkingmin)%(24*60))%60,0)) +'분'  
END                                                                      
 as ParkingMin,                                                          
UsedPoint, DATEDIFF(dd, procdate, outdate) as prkDate                    
From IONData                                                             
Where ProcDate + ' ' +ProcTime between :v3 and :v4
 union 
Select '합계', '', '', '', '', '',             
 '', '', '',                                         
Case when ISNULL((SUM(parkingmin))/(24*60),0) > 0 then                        
		  CONVERT(VARCHAR(50),ISNULL(SUM(parkingmin)/(24*60),0)) +'일' +         
		  CONVERT(VARCHAR(50),ISNULL((SUM(parkingmin)%(24*60))/60,0)) +'시간'+   
		  CONVERT(VARCHAR(50),ISNULL((SUM(parkingmin)%(24*60))%60,0)) +'분'      
    when  ISNULL((SUM(parkingmin))%(24*60)/60,0) > 0 then                     
		  CONVERT(VARCHAR(50),ISNULL((SUM(parkingmin)%(24*60))/60,0)) +'시간'+   
		  CONVERT(VARCHAR(50),ISNULL((SUM(parkingmin)%(24*60))%60,0)) +'분'      
	when  ISNULL(((SUM(parkingmin))%(24*60))%60,0) > 0 then                      
	      CONVERT(VARCHAR(50),ISNULL((SUM(parkingmin)%(24*60))%60,0)) +'분'    
 END                                                                          
 as ParkingMin,                                                               
 Sum(UsedPoint) UsedPoint, SUM(DATEDIFF(dd, procdate, outdate)) as prkDate    
 From IONData                                                                 
 Where ProcDate + ' ' +ProcTime between :v7 and :v8 

[20:33:17] Select reserve2, reserve3, count(*) as cnt, 
Case when ISNULL((SUM(parkingmin))/(24*60),0) > 0 then                        
		  CONVERT(VARCHAR(50),ISNULL((SUM(parkingmin))/(24*60),0)) +'일' +       
		  CONVERT(VARCHAR(50),ISNULL(((SUM(parkingmin))%(24*60))/60,0)) +'시간'+ 
		  CONVERT(VARCHAR(50),ISNULL(((SUM(parkingmin))%(24*60))%60,0)) +'분'    
   when  ISNULL((SUM(parkingmin))%(24*60)/60,0) > 0 then                         
		  CONVERT(VARCHAR(50),ISNULL(((SUM(parkingmin))%(24*60))/60,0)) +'시간'+    
		  CONVERT(VARCHAR(50),ISNULL(((SUM(parkingmin))%(24*60))%60,0)) +'분'       
	when  ISNULL(((SUM(parkingmin))%(24*60))%60,0) > 0 then                       
	      CONVERT(VARCHAR(50),ISNULL(((SUM(parkingmin))%(24*60))%60,0)) +'분'   
   END                                                                         
 as prkMin from IONData Where ProcDate + ' ' +ProcTime between :N1 and :N2 
and reserve2 <> '' and reserve3 <> ''  
group by reserve2, reserve3 Order by reserve2, reserve3 

[20:33:17] Select procdate, proctime, incarno1, outdate, outtime, OutCarNo1,        
Reserve1, Reserve2, Reserve3,                                            
Case when (ISNULL((parkingmin)/(24*60),0) > 0) and (ISNULL((parkingmin)%(24*60)/60,0) = 0) and (ISNULL(((parkingmin)%(24*60))%60,0) = 0) then 
     CONVERT(VARCHAR(50),ISNULL((parkingmin)/(24*60),0)) +'일'         
     when ISNULL((parkingmin)/(24*60),0) > 0 then                        
		  CONVERT(VARCHAR(50),ISNULL((parkingmin)/(24*60),0)) +'일' +         
		  CONVERT(VARCHAR(50),ISNULL(((parkingmin)%(24*60))/60,0)) +'시간'+   
		  CONVERT(VARCHAR(50),ISNULL(((parkingmin)%(24*60))%60,0)) +'분'      
     when  (ISNULL((parkingmin)%(24*60)/60,0) > 0) and (ISNULL(((parkingmin)%(24*60))%60,0) = 0) then 
     CONVERT(VARCHAR(50),ISNULL(((parkingmin)%(24*60))/60,0)) +'시간'                                 
     when  ISNULL((parkingmin)%(24*60)/60,0) > 0 then                      
		  CONVERT(VARCHAR(50),ISNULL(((parkingmin)%(24*60))/60,0)) +'시간'+   
		  CONVERT(VARCHAR(50),ISNULL(((parkingmin)%(24*60))%60,0)) +'분'      
	when  ISNULL(((parkingmin)%(24*60))%60,0) > 0 then                      
	      CONVERT(VARCHAR(50),ISNULL(((parkingmin)%(24*60))%60,0)) +'분'  
END                                                                      
 as ParkingMin,                                                          
UsedPoint, DATEDIFF(dd, procdate, outdate) as prkDate                    
From IONData                                                             
Where ProcDate + ' ' +ProcTime between :v3 and :v4
 union 
Select '합계', '', '', '', '', '',             
 '', '', '',                                         
Case when ISNULL((SUM(parkingmin))/(24*60),0) > 0 then                        
		  CONVERT(VARCHAR(50),ISNULL(SUM(parkingmin)/(24*60),0)) +'일' +         
		  CONVERT(VARCHAR(50),ISNULL((SUM(parkingmin)%(24*60))/60,0)) +'시간'+   
		  CONVERT(VARCHAR(50),ISNULL((SUM(parkingmin)%(24*60))%60,0)) +'분'      
    when  ISNULL((SUM(parkingmin))%(24*60)/60,0) > 0 then                     
		  CONVERT(VARCHAR(50),ISNULL((SUM(parkingmin)%(24*60))/60,0)) +'시간'+   
		  CONVERT(VARCHAR(50),ISNULL((SUM(parkingmin)%(24*60))%60,0)) +'분'      
	when  ISNULL(((SUM(parkingmin))%(24*60))%60,0) > 0 then                      
	      CONVERT(VARCHAR(50),ISNULL((SUM(parkingmin)%(24*60))%60,0)) +'분'    
 END                                                                          
 as ParkingMin,                                                               
 Sum(UsedPoint) UsedPoint, SUM(DATEDIFF(dd, procdate, outdate)) as prkDate    
 From IONData                                                                 
 Where ProcDate + ' ' +ProcTime between :v7 and :v8 

[20:33:18] Select reserve2, reserve3, count(*) as cnt, 
Case when ISNULL((SUM(parkingmin))/(24*60),0) > 0 then                        
		  CONVERT(VARCHAR(50),ISNULL((SUM(parkingmin))/(24*60),0)) +'일' +       
		  CONVERT(VARCHAR(50),ISNULL(((SUM(parkingmin))%(24*60))/60,0)) +'시간'+ 
		  CONVERT(VARCHAR(50),ISNULL(((SUM(parkingmin))%(24*60))%60,0)) +'분'    
   when  ISNULL((SUM(parkingmin))%(24*60)/60,0) > 0 then                         
		  CONVERT(VARCHAR(50),ISNULL(((SUM(parkingmin))%(24*60))/60,0)) +'시간'+    
		  CONVERT(VARCHAR(50),ISNULL(((SUM(parkingmin))%(24*60))%60,0)) +'분'       
	when  ISNULL(((SUM(parkingmin))%(24*60))%60,0) > 0 then                       
	      CONVERT(VARCHAR(50),ISNULL(((SUM(parkingmin))%(24*60))%60,0)) +'분'   
   END                                                                         
 as prkMin from IONData Where ProcDate + ' ' +ProcTime between :N1 and :N2 
and reserve2 <> '' and reserve3 <> ''  
group by reserve2, reserve3 Order by reserve2, reserve3 

[20:33:18] Select procdate, proctime, incarno1, outdate, outtime, OutCarNo1,        
Reserve1, Reserve2, Reserve3,                                            
Case when (ISNULL((parkingmin)/(24*60),0) > 0) and (ISNULL((parkingmin)%(24*60)/60,0) = 0) and (ISNULL(((parkingmin)%(24*60))%60,0) = 0) then 
     CONVERT(VARCHAR(50),ISNULL((parkingmin)/(24*60),0)) +'일'         
     when ISNULL((parkingmin)/(24*60),0) > 0 then                        
		  CONVERT(VARCHAR(50),ISNULL((parkingmin)/(24*60),0)) +'일' +         
		  CONVERT(VARCHAR(50),ISNULL(((parkingmin)%(24*60))/60,0)) +'시간'+   
		  CONVERT(VARCHAR(50),ISNULL(((parkingmin)%(24*60))%60,0)) +'분'      
     when  (ISNULL((parkingmin)%(24*60)/60,0) > 0) and (ISNULL(((parkingmin)%(24*60))%60,0) = 0) then 
     CONVERT(VARCHAR(50),ISNULL(((parkingmin)%(24*60))/60,0)) +'시간'                                 
     when  ISNULL((parkingmin)%(24*60)/60,0) > 0 then                      
		  CONVERT(VARCHAR(50),ISNULL(((parkingmin)%(24*60))/60,0)) +'시간'+   
		  CONVERT(VARCHAR(50),ISNULL(((parkingmin)%(24*60))%60,0)) +'분'      
	when  ISNULL(((parkingmin)%(24*60))%60,0) > 0 then                      
	      CONVERT(VARCHAR(50),ISNULL(((parkingmin)%(24*60))%60,0)) +'분'  
END                                                                      
 as ParkingMin,                                                          
UsedPoint, DATEDIFF(dd, procdate, outdate) as prkDate                    
From IONData                                                             
Where ProcDate + ' ' +ProcTime between :v3 and :v4
 union 
Select '합계', '', '', '', '', '',             
 '', '', '',                                         
Case when ISNULL((SUM(parkingmin))/(24*60),0) > 0 then                        
		  CONVERT(VARCHAR(50),ISNULL(SUM(parkingmin)/(24*60),0)) +'일' +         
		  CONVERT(VARCHAR(50),ISNULL((SUM(parkingmin)%(24*60))/60,0)) +'시간'+   
		  CONVERT(VARCHAR(50),ISNULL((SUM(parkingmin)%(24*60))%60,0)) +'분'      
    when  ISNULL((SUM(parkingmin))%(24*60)/60,0) > 0 then                     
		  CONVERT(VARCHAR(50),ISNULL((SUM(parkingmin)%(24*60))/60,0)) +'시간'+   
		  CONVERT(VARCHAR(50),ISNULL((SUM(parkingmin)%(24*60))%60,0)) +'분'      
	when  ISNULL(((SUM(parkingmin))%(24*60))%60,0) > 0 then                      
	      CONVERT(VARCHAR(50),ISNULL((SUM(parkingmin)%(24*60))%60,0)) +'분'    
 END                                                                          
 as ParkingMin,                                                               
 Sum(UsedPoint) UsedPoint, SUM(DATEDIFF(dd, procdate, outdate)) as prkDate    
 From IONData                                                                 
 Where ProcDate + ' ' +ProcTime between :v7 and :v8 

[20:33:18] Select reserve2, reserve3, count(*) as cnt, 
Case when ISNULL((SUM(parkingmin))/(24*60),0) > 0 then                        
		  CONVERT(VARCHAR(50),ISNULL((SUM(parkingmin))/(24*60),0)) +'일' +       
		  CONVERT(VARCHAR(50),ISNULL(((SUM(parkingmin))%(24*60))/60,0)) +'시간'+ 
		  CONVERT(VARCHAR(50),ISNULL(((SUM(parkingmin))%(24*60))%60,0)) +'분'    
   when  ISNULL((SUM(parkingmin))%(24*60)/60,0) > 0 then                         
		  CONVERT(VARCHAR(50),ISNULL(((SUM(parkingmin))%(24*60))/60,0)) +'시간'+    
		  CONVERT(VARCHAR(50),ISNULL(((SUM(parkingmin))%(24*60))%60,0)) +'분'       
	when  ISNULL(((SUM(parkingmin))%(24*60))%60,0) > 0 then                       
	      CONVERT(VARCHAR(50),ISNULL(((SUM(parkingmin))%(24*60))%60,0)) +'분'   
   END                                                                         
 as prkMin from IONData Where ProcDate + ' ' +ProcTime between :N1 and :N2 
and reserve2 <> '' and reserve3 <> ''  
group by reserve2, reserve3 Order by reserve2, reserve3 

[20:33:18] Select procdate, proctime, incarno1, outdate, outtime, OutCarNo1,        
Reserve1, Reserve2, Reserve3,                                            
Case when (ISNULL((parkingmin)/(24*60),0) > 0) and (ISNULL((parkingmin)%(24*60)/60,0) = 0) and (ISNULL(((parkingmin)%(24*60))%60,0) = 0) then 
     CONVERT(VARCHAR(50),ISNULL((parkingmin)/(24*60),0)) +'일'         
     when ISNULL((parkingmin)/(24*60),0) > 0 then                        
		  CONVERT(VARCHAR(50),ISNULL((parkingmin)/(24*60),0)) +'일' +         
		  CONVERT(VARCHAR(50),ISNULL(((parkingmin)%(24*60))/60,0)) +'시간'+   
		  CONVERT(VARCHAR(50),ISNULL(((parkingmin)%(24*60))%60,0)) +'분'      
     when  (ISNULL((parkingmin)%(24*60)/60,0) > 0) and (ISNULL(((parkingmin)%(24*60))%60,0) = 0) then 
     CONVERT(VARCHAR(50),ISNULL(((parkingmin)%(24*60))/60,0)) +'시간'                                 
     when  ISNULL((parkingmin)%(24*60)/60,0) > 0 then                      
		  CONVERT(VARCHAR(50),ISNULL(((parkingmin)%(24*60))/60,0)) +'시간'+   
		  CONVERT(VARCHAR(50),ISNULL(((parkingmin)%(24*60))%60,0)) +'분'      
	when  ISNULL(((parkingmin)%(24*60))%60,0) > 0 then                      
	      CONVERT(VARCHAR(50),ISNULL(((parkingmin)%(24*60))%60,0)) +'분'  
END                                                                      
 as ParkingMin,                                                          
UsedPoint, DATEDIFF(dd, procdate, outdate) as prkDate                    
From IONData                                                             
Where ProcDate + ' ' +ProcTime between :v3 and :v4
 union 
Select '합계', '', '', '', '', '',             
 '', '', '',                                         
Case when ISNULL((SUM(parkingmin))/(24*60),0) > 0 then                        
		  CONVERT(VARCHAR(50),ISNULL(SUM(parkingmin)/(24*60),0)) +'일' +         
		  CONVERT(VARCHAR(50),ISNULL((SUM(parkingmin)%(24*60))/60,0)) +'시간'+   
		  CONVERT(VARCHAR(50),ISNULL((SUM(parkingmin)%(24*60))%60,0)) +'분'      
    when  ISNULL((SUM(parkingmin))%(24*60)/60,0) > 0 then                     
		  CONVERT(VARCHAR(50),ISNULL((SUM(parkingmin)%(24*60))/60,0)) +'시간'+   
		  CONVERT(VARCHAR(50),ISNULL((SUM(parkingmin)%(24*60))%60,0)) +'분'      
	when  ISNULL(((SUM(parkingmin))%(24*60))%60,0) > 0 then                      
	      CONVERT(VARCHAR(50),ISNULL((SUM(parkingmin)%(24*60))%60,0)) +'분'    
 END                                                                          
 as ParkingMin,                                                               
 Sum(UsedPoint) UsedPoint, SUM(DATEDIFF(dd, procdate, outdate)) as prkDate    
 From IONData                                                                 
 Where ProcDate + ' ' +ProcTime between :v7 and :v8 

[20:33:18] Select reserve2, reserve3, count(*) as cnt, 
Case when ISNULL((SUM(parkingmin))/(24*60),0) > 0 then                        
		  CONVERT(VARCHAR(50),ISNULL((SUM(parkingmin))/(24*60),0)) +'일' +       
		  CONVERT(VARCHAR(50),ISNULL(((SUM(parkingmin))%(24*60))/60,0)) +'시간'+ 
		  CONVERT(VARCHAR(50),ISNULL(((SUM(parkingmin))%(24*60))%60,0)) +'분'    
   when  ISNULL((SUM(parkingmin))%(24*60)/60,0) > 0 then                         
		  CONVERT(VARCHAR(50),ISNULL(((SUM(parkingmin))%(24*60))/60,0)) +'시간'+    
		  CONVERT(VARCHAR(50),ISNULL(((SUM(parkingmin))%(24*60))%60,0)) +'분'       
	when  ISNULL(((SUM(parkingmin))%(24*60))%60,0) > 0 then                       
	      CONVERT(VARCHAR(50),ISNULL(((SUM(parkingmin))%(24*60))%60,0)) +'분'   
   END                                                                         
 as prkMin from IONData Where ProcDate + ' ' +ProcTime between :N1 and :N2 
and reserve2 <> '' and reserve3 <> ''  
group by reserve2, reserve3 Order by reserve2, reserve3 

[20:33:18] Select procdate, proctime, incarno1, outdate, outtime, OutCarNo1,        
Reserve1, Reserve2, Reserve3,                                            
Case when (ISNULL((parkingmin)/(24*60),0) > 0) and (ISNULL((parkingmin)%(24*60)/60,0) = 0) and (ISNULL(((parkingmin)%(24*60))%60,0) = 0) then 
     CONVERT(VARCHAR(50),ISNULL((parkingmin)/(24*60),0)) +'일'         
     when ISNULL((parkingmin)/(24*60),0) > 0 then                        
		  CONVERT(VARCHAR(50),ISNULL((parkingmin)/(24*60),0)) +'일' +         
		  CONVERT(VARCHAR(50),ISNULL(((parkingmin)%(24*60))/60,0)) +'시간'+   
		  CONVERT(VARCHAR(50),ISNULL(((parkingmin)%(24*60))%60,0)) +'분'      
     when  (ISNULL((parkingmin)%(24*60)/60,0) > 0) and (ISNULL(((parkingmin)%(24*60))%60,0) = 0) then 
     CONVERT(VARCHAR(50),ISNULL(((parkingmin)%(24*60))/60,0)) +'시간'                                 
     when  ISNULL((parkingmin)%(24*60)/60,0) > 0 then                      
		  CONVERT(VARCHAR(50),ISNULL(((parkingmin)%(24*60))/60,0)) +'시간'+   
		  CONVERT(VARCHAR(50),ISNULL(((parkingmin)%(24*60))%60,0)) +'분'      
	when  ISNULL(((parkingmin)%(24*60))%60,0) > 0 then                      
	      CONVERT(VARCHAR(50),ISNULL(((parkingmin)%(24*60))%60,0)) +'분'  
END                                                                      
 as ParkingMin,                                                          
UsedPoint, DATEDIFF(dd, procdate, outdate) as prkDate                    
From IONData                                                             
Where ProcDate + ' ' +ProcTime between :v3 and :v4
 union 
Select '합계', '', '', '', '', '',             
 '', '', '',                                         
Case when ISNULL((SUM(parkingmin))/(24*60),0) > 0 then                        
		  CONVERT(VARCHAR(50),ISNULL(SUM(parkingmin)/(24*60),0)) +'일' +         
		  CONVERT(VARCHAR(50),ISNULL((SUM(parkingmin)%(24*60))/60,0)) +'시간'+   
		  CONVERT(VARCHAR(50),ISNULL((SUM(parkingmin)%(24*60))%60,0)) +'분'      
    when  ISNULL((SUM(parkingmin))%(24*60)/60,0) > 0 then                     
		  CONVERT(VARCHAR(50),ISNULL((SUM(parkingmin)%(24*60))/60,0)) +'시간'+   
		  CONVERT(VARCHAR(50),ISNULL((SUM(parkingmin)%(24*60))%60,0)) +'분'      
	when  ISNULL(((SUM(parkingmin))%(24*60))%60,0) > 0 then                      
	      CONVERT(VARCHAR(50),ISNULL((SUM(parkingmin)%(24*60))%60,0)) +'분'    
 END                                                                          
 as ParkingMin,                                                               
 Sum(UsedPoint) UsedPoint, SUM(DATEDIFF(dd, procdate, outdate)) as prkDate    
 From IONData                                                                 
 Where ProcDate + ' ' +ProcTime between :v7 and :v8 

[20:33:18] Select reserve2, reserve3, count(*) as cnt, 
Case when ISNULL((SUM(parkingmin))/(24*60),0) > 0 then                        
		  CONVERT(VARCHAR(50),ISNULL((SUM(parkingmin))/(24*60),0)) +'일' +       
		  CONVERT(VARCHAR(50),ISNULL(((SUM(parkingmin))%(24*60))/60,0)) +'시간'+ 
		  CONVERT(VARCHAR(50),ISNULL(((SUM(parkingmin))%(24*60))%60,0)) +'분'    
   when  ISNULL((SUM(parkingmin))%(24*60)/60,0) > 0 then                         
		  CONVERT(VARCHAR(50),ISNULL(((SUM(parkingmin))%(24*60))/60,0)) +'시간'+    
		  CONVERT(VARCHAR(50),ISNULL(((SUM(parkingmin))%(24*60))%60,0)) +'분'       
	when  ISNULL(((SUM(parkingmin))%(24*60))%60,0) > 0 then                       
	      CONVERT(VARCHAR(50),ISNULL(((SUM(parkingmin))%(24*60))%60,0)) +'분'   
   END                                                                         
 as prkMin from IONData Where ProcDate + ' ' +ProcTime between :N1 and :N2 
and reserve2 <> '' and reserve3 <> ''  
group by reserve2, reserve3 Order by reserve2, reserve3 

[20:33:18] Select procdate, proctime, incarno1, outdate, outtime, OutCarNo1,        
Reserve1, Reserve2, Reserve3,                                            
Case when (ISNULL((parkingmin)/(24*60),0) > 0) and (ISNULL((parkingmin)%(24*60)/60,0) = 0) and (ISNULL(((parkingmin)%(24*60))%60,0) = 0) then 
     CONVERT(VARCHAR(50),ISNULL((parkingmin)/(24*60),0)) +'일'         
     when ISNULL((parkingmin)/(24*60),0) > 0 then                        
		  CONVERT(VARCHAR(50),ISNULL((parkingmin)/(24*60),0)) +'일' +         
		  CONVERT(VARCHAR(50),ISNULL(((parkingmin)%(24*60))/60,0)) +'시간'+   
		  CONVERT(VARCHAR(50),ISNULL(((parkingmin)%(24*60))%60,0)) +'분'      
     when  (ISNULL((parkingmin)%(24*60)/60,0) > 0) and (ISNULL(((parkingmin)%(24*60))%60,0) = 0) then 
     CONVERT(VARCHAR(50),ISNULL(((parkingmin)%(24*60))/60,0)) +'시간'                                 
     when  ISNULL((parkingmin)%(24*60)/60,0) > 0 then                      
		  CONVERT(VARCHAR(50),ISNULL(((parkingmin)%(24*60))/60,0)) +'시간'+   
		  CONVERT(VARCHAR(50),ISNULL(((parkingmin)%(24*60))%60,0)) +'분'      
	when  ISNULL(((parkingmin)%(24*60))%60,0) > 0 then                      
	      CONVERT(VARCHAR(50),ISNULL(((parkingmin)%(24*60))%60,0)) +'분'  
END                                                                      
 as ParkingMin,                                                          
UsedPoint, DATEDIFF(dd, procdate, outdate) as prkDate                    
From IONData                                                             
Where ProcDate + ' ' +ProcTime between :v3 and :v4
 union 
Select '합계', '', '', '', '', '',             
 '', '', '',                                         
Case when ISNULL((SUM(parkingmin))/(24*60),0) > 0 then                        
		  CONVERT(VARCHAR(50),ISNULL(SUM(parkingmin)/(24*60),0)) +'일' +         
		  CONVERT(VARCHAR(50),ISNULL((SUM(parkingmin)%(24*60))/60,0)) +'시간'+   
		  CONVERT(VARCHAR(50),ISNULL((SUM(parkingmin)%(24*60))%60,0)) +'분'      
    when  ISNULL((SUM(parkingmin))%(24*60)/60,0) > 0 then                     
		  CONVERT(VARCHAR(50),ISNULL((SUM(parkingmin)%(24*60))/60,0)) +'시간'+   
		  CONVERT(VARCHAR(50),ISNULL((SUM(parkingmin)%(24*60))%60,0)) +'분'      
	when  ISNULL(((SUM(parkingmin))%(24*60))%60,0) > 0 then                      
	      CONVERT(VARCHAR(50),ISNULL((SUM(parkingmin)%(24*60))%60,0)) +'분'    
 END                                                                          
 as ParkingMin,                                                               
 Sum(UsedPoint) UsedPoint, SUM(DATEDIFF(dd, procdate, outdate)) as prkDate    
 From IONData                                                                 
 Where ProcDate + ' ' +ProcTime between :v7 and :v8 

[20:33:57] Program Start!
[20:34:06] Select reserve2, reserve3, count(*) as cnt, 
Case when ISNULL((SUM(parkingmin))/(24*60),0) > 0 then                        
		  CONVERT(VARCHAR(50),ISNULL((SUM(parkingmin))/(24*60),0)) +'일' +       
		  CONVERT(VARCHAR(50),ISNULL(((SUM(parkingmin))%(24*60))/60,0)) +'시간'+ 
		  CONVERT(VARCHAR(50),ISNULL(((SUM(parkingmin))%(24*60))%60,0)) +'분'    
   when  ISNULL((SUM(parkingmin))%(24*60)/60,0) > 0 then                         
		  CONVERT(VARCHAR(50),ISNULL(((SUM(parkingmin))%(24*60))/60,0)) +'시간'+    
		  CONVERT(VARCHAR(50),ISNULL(((SUM(parkingmin))%(24*60))%60,0)) +'분'       
	when  ISNULL(((SUM(parkingmin))%(24*60))%60,0) > 0 then                       
	      CONVERT(VARCHAR(50),ISNULL(((SUM(parkingmin))%(24*60))%60,0)) +'분'   
   END                                                                         
 as prkMin from IONData Where ProcDate + ' ' +ProcTime between :N1 and :N2 
and reserve2 <> '' and reserve3 <> ''  
group by reserve2, reserve3 Order by reserve2, reserve3 

[20:34:06] Select procdate, proctime, incarno1, outdate, outtime, OutCarNo1,        
Reserve1, Reserve2, Reserve3,                                            
Case when (ISNULL((parkingmin)/(24*60),0) > 0) and (ISNULL((parkingmin)%(24*60)/60,0) = 0) and (ISNULL(((parkingmin)%(24*60))%60,0) = 0) then 
     CONVERT(VARCHAR(50),ISNULL((parkingmin)/(24*60),0)) +'일'         
     when ISNULL((parkingmin)/(24*60),0) > 0 then                        
		  CONVERT(VARCHAR(50),ISNULL((parkingmin)/(24*60),0)) +'일' +         
		  CONVERT(VARCHAR(50),ISNULL(((parkingmin)%(24*60))/60,0)) +'시간'+   
		  CONVERT(VARCHAR(50),ISNULL(((parkingmin)%(24*60))%60,0)) +'분'      
     when  (ISNULL((parkingmin)%(24*60)/60,0) > 0) and (ISNULL(((parkingmin)%(24*60))%60,0) = 0) then 
     CONVERT(VARCHAR(50),ISNULL(((parkingmin)%(24*60))/60,0)) +'시간'                                 
     when  ISNULL((parkingmin)%(24*60)/60,0) > 0 then                      
		  CONVERT(VARCHAR(50),ISNULL(((parkingmin)%(24*60))/60,0)) +'시간'+   
		  CONVERT(VARCHAR(50),ISNULL(((parkingmin)%(24*60))%60,0)) +'분'      
	when  ISNULL(((parkingmin)%(24*60))%60,0) > 0 then                      
	      CONVERT(VARCHAR(50),ISNULL(((parkingmin)%(24*60))%60,0)) +'분'  
END                                                                      
 as ParkingMin,                                                          
UsedPoint, DATEDIFF(dd, procdate, outdate) as prkDate                    
From IONData                                                             
Where ProcDate + ' ' +ProcTime between :v3 and :v4
 union 
Select '합계', '', '', '', '', '',             
 '', '', '',                                         
Case when ISNULL((SUM(parkingmin))/(24*60),0) > 0 then                        
		  CONVERT(VARCHAR(50),ISNULL(SUM(parkingmin)/(24*60),0)) +'일' +         
		  CONVERT(VARCHAR(50),ISNULL((SUM(parkingmin)%(24*60))/60,0)) +'시간'+   
		  CONVERT(VARCHAR(50),ISNULL((SUM(parkingmin)%(24*60))%60,0)) +'분'      
    when  ISNULL((SUM(parkingmin))%(24*60)/60,0) > 0 then                     
		  CONVERT(VARCHAR(50),ISNULL((SUM(parkingmin)%(24*60))/60,0)) +'시간'+   
		  CONVERT(VARCHAR(50),ISNULL((SUM(parkingmin)%(24*60))%60,0)) +'분'      
	when  ISNULL(((SUM(parkingmin))%(24*60))%60,0) > 0 then                      
	      CONVERT(VARCHAR(50),ISNULL((SUM(parkingmin)%(24*60))%60,0)) +'분'    
 END                                                                          
 as ParkingMin,                                                               
 Sum(UsedPoint) UsedPoint, SUM(DATEDIFF(dd, procdate, outdate)) as prkDate    
 From IONData                                                                 
 Where ProcDate + ' ' +ProcTime between :v7 and :v8 

[20:34:37] Program Start!
[20:34:43] Select reserve2, reserve3, count(*) as cnt, 
Case when ISNULL((SUM(parkingmin))/(24*60),0) > 0 then                        
		  CONVERT(VARCHAR(50),ISNULL((SUM(parkingmin))/(24*60),0)) +'일' +       
		  CONVERT(VARCHAR(50),ISNULL(((SUM(parkingmin))%(24*60))/60,0)) +'시간'+ 
		  CONVERT(VARCHAR(50),ISNULL(((SUM(parkingmin))%(24*60))%60,0)) +'분'    
   when  ISNULL((SUM(parkingmin))%(24*60)/60,0) > 0 then                         
		  CONVERT(VARCHAR(50),ISNULL(((SUM(parkingmin))%(24*60))/60,0)) +'시간'+    
		  CONVERT(VARCHAR(50),ISNULL(((SUM(parkingmin))%(24*60))%60,0)) +'분'       
	when  ISNULL(((SUM(parkingmin))%(24*60))%60,0) > 0 then                       
	      CONVERT(VARCHAR(50),ISNULL(((SUM(parkingmin))%(24*60))%60,0)) +'분'   
   END                                                                         
 as prkMin from IONData Where ProcDate + ' ' +ProcTime between :N1 and :N2 
and reserve2 <> '' and reserve3 <> ''  
group by reserve2, reserve3 Order by reserve2, reserve3 

[20:34:43] Select procdate, proctime, incarno1, outdate, outtime, OutCarNo1,        
Reserve1, Reserve2, Reserve3,                                            
Case when (ISNULL((parkingmin)/(24*60),0) > 0) and (ISNULL((parkingmin)%(24*60)/60,0) = 0) and (ISNULL(((parkingmin)%(24*60))%60,0) = 0) then 
     CONVERT(VARCHAR(50),ISNULL((parkingmin)/(24*60),0)) +'일'         
     when ISNULL((parkingmin)/(24*60),0) > 0 then                        
		  CONVERT(VARCHAR(50),ISNULL((parkingmin)/(24*60),0)) +'일' +         
		  CONVERT(VARCHAR(50),ISNULL(((parkingmin)%(24*60))/60,0)) +'시간'+   
		  CONVERT(VARCHAR(50),ISNULL(((parkingmin)%(24*60))%60,0)) +'분'      
     when  (ISNULL((parkingmin)%(24*60)/60,0) > 0) and (ISNULL(((parkingmin)%(24*60))%60,0) = 0) then 
     CONVERT(VARCHAR(50),ISNULL(((parkingmin)%(24*60))/60,0)) +'시간'                                 
     when  ISNULL((parkingmin)%(24*60)/60,0) > 0 then                      
		  CONVERT(VARCHAR(50),ISNULL(((parkingmin)%(24*60))/60,0)) +'시간'+   
		  CONVERT(VARCHAR(50),ISNULL(((parkingmin)%(24*60))%60,0)) +'분'      
	when  ISNULL(((parkingmin)%(24*60))%60,0) > 0 then                      
	      CONVERT(VARCHAR(50),ISNULL(((parkingmin)%(24*60))%60,0)) +'분'  
END                                                                      
 as ParkingMin,                                                          
UsedPoint, DATEDIFF(dd, procdate, outdate) as prkDate                    
From IONData                                                             
Where ProcDate + ' ' +ProcTime between :v3 and :v4
 union 
Select '합계', '', '', '', '', '',             
 '', '', '',                                         
Case when ISNULL((SUM(parkingmin))/(24*60),0) > 0 then                        
		  CONVERT(VARCHAR(50),ISNULL(SUM(parkingmin)/(24*60),0)) +'일' +         
		  CONVERT(VARCHAR(50),ISNULL((SUM(parkingmin)%(24*60))/60,0)) +'시간'+   
		  CONVERT(VARCHAR(50),ISNULL((SUM(parkingmin)%(24*60))%60,0)) +'분'      
    when  ISNULL((SUM(parkingmin))%(24*60)/60,0) > 0 then                     
		  CONVERT(VARCHAR(50),ISNULL((SUM(parkingmin)%(24*60))/60,0)) +'시간'+   
		  CONVERT(VARCHAR(50),ISNULL((SUM(parkingmin)%(24*60))%60,0)) +'분'      
	when  ISNULL(((SUM(parkingmin))%(24*60))%60,0) > 0 then                      
	      CONVERT(VARCHAR(50),ISNULL((SUM(parkingmin)%(24*60))%60,0)) +'분'    
 END                                                                          
 as ParkingMin,                                                               
 Sum(UsedPoint) UsedPoint, SUM(DATEDIFF(dd, procdate, outdate)) as prkDate    
 From IONData                                                                 
 Where ProcDate + ' ' +ProcTime between :v7 and :v8 
and reserve2 <> '' and reserve3 <> ''  

[20:35:00] Select reserve2, reserve3, count(*) as cnt, 
Case when ISNULL((SUM(parkingmin))/(24*60),0) > 0 then                        
		  CONVERT(VARCHAR(50),ISNULL((SUM(parkingmin))/(24*60),0)) +'일' +       
		  CONVERT(VARCHAR(50),ISNULL(((SUM(parkingmin))%(24*60))/60,0)) +'시간'+ 
		  CONVERT(VARCHAR(50),ISNULL(((SUM(parkingmin))%(24*60))%60,0)) +'분'    
   when  ISNULL((SUM(parkingmin))%(24*60)/60,0) > 0 then                         
		  CONVERT(VARCHAR(50),ISNULL(((SUM(parkingmin))%(24*60))/60,0)) +'시간'+    
		  CONVERT(VARCHAR(50),ISNULL(((SUM(parkingmin))%(24*60))%60,0)) +'분'       
	when  ISNULL(((SUM(parkingmin))%(24*60))%60,0) > 0 then                       
	      CONVERT(VARCHAR(50),ISNULL(((SUM(parkingmin))%(24*60))%60,0)) +'분'   
   END                                                                         
 as prkMin from IONData Where ProcDate + ' ' +ProcTime between :N1 and :N2 
and reserve2 <> '' and reserve3 <> ''  
group by reserve2, reserve3 Order by reserve2, reserve3 

[20:35:00] Select procdate, proctime, incarno1, outdate, outtime, OutCarNo1,        
Reserve1, Reserve2, Reserve3,                                            
Case when (ISNULL((parkingmin)/(24*60),0) > 0) and (ISNULL((parkingmin)%(24*60)/60,0) = 0) and (ISNULL(((parkingmin)%(24*60))%60,0) = 0) then 
     CONVERT(VARCHAR(50),ISNULL((parkingmin)/(24*60),0)) +'일'         
     when ISNULL((parkingmin)/(24*60),0) > 0 then                        
		  CONVERT(VARCHAR(50),ISNULL((parkingmin)/(24*60),0)) +'일' +         
		  CONVERT(VARCHAR(50),ISNULL(((parkingmin)%(24*60))/60,0)) +'시간'+   
		  CONVERT(VARCHAR(50),ISNULL(((parkingmin)%(24*60))%60,0)) +'분'      
     when  (ISNULL((parkingmin)%(24*60)/60,0) > 0) and (ISNULL(((parkingmin)%(24*60))%60,0) = 0) then 
     CONVERT(VARCHAR(50),ISNULL(((parkingmin)%(24*60))/60,0)) +'시간'                                 
     when  ISNULL((parkingmin)%(24*60)/60,0) > 0 then                      
		  CONVERT(VARCHAR(50),ISNULL(((parkingmin)%(24*60))/60,0)) +'시간'+   
		  CONVERT(VARCHAR(50),ISNULL(((parkingmin)%(24*60))%60,0)) +'분'      
	when  ISNULL(((parkingmin)%(24*60))%60,0) > 0 then                      
	      CONVERT(VARCHAR(50),ISNULL(((parkingmin)%(24*60))%60,0)) +'분'  
END                                                                      
 as ParkingMin,                                                          
UsedPoint, DATEDIFF(dd, procdate, outdate) as prkDate                    
From IONData                                                             
Where ProcDate + ' ' +ProcTime between :v3 and :v4
 union 
Select '합계', '', '', '', '', '',             
 '', '', '',                                         
Case when ISNULL((SUM(parkingmin))/(24*60),0) > 0 then                        
		  CONVERT(VARCHAR(50),ISNULL(SUM(parkingmin)/(24*60),0)) +'일' +         
		  CONVERT(VARCHAR(50),ISNULL((SUM(parkingmin)%(24*60))/60,0)) +'시간'+   
		  CONVERT(VARCHAR(50),ISNULL((SUM(parkingmin)%(24*60))%60,0)) +'분'      
    when  ISNULL((SUM(parkingmin))%(24*60)/60,0) > 0 then                     
		  CONVERT(VARCHAR(50),ISNULL((SUM(parkingmin)%(24*60))/60,0)) +'시간'+   
		  CONVERT(VARCHAR(50),ISNULL((SUM(parkingmin)%(24*60))%60,0)) +'분'      
	when  ISNULL(((SUM(parkingmin))%(24*60))%60,0) > 0 then                      
	      CONVERT(VARCHAR(50),ISNULL((SUM(parkingmin)%(24*60))%60,0)) +'분'    
 END                                                                          
 as ParkingMin,                                                               
 Sum(UsedPoint) UsedPoint, SUM(DATEDIFF(dd, procdate, outdate)) as prkDate    
 From IONData                                                                 
 Where ProcDate + ' ' +ProcTime between :v7 and :v8 
and reserve2 <> '' and reserve3 <> ''  

[20:35:10] Select reserve2, reserve3, count(*) as cnt, 
Case when ISNULL((SUM(parkingmin))/(24*60),0) > 0 then                        
		  CONVERT(VARCHAR(50),ISNULL((SUM(parkingmin))/(24*60),0)) +'일' +       
		  CONVERT(VARCHAR(50),ISNULL(((SUM(parkingmin))%(24*60))/60,0)) +'시간'+ 
		  CONVERT(VARCHAR(50),ISNULL(((SUM(parkingmin))%(24*60))%60,0)) +'분'    
   when  ISNULL((SUM(parkingmin))%(24*60)/60,0) > 0 then                         
		  CONVERT(VARCHAR(50),ISNULL(((SUM(parkingmin))%(24*60))/60,0)) +'시간'+    
		  CONVERT(VARCHAR(50),ISNULL(((SUM(parkingmin))%(24*60))%60,0)) +'분'       
	when  ISNULL(((SUM(parkingmin))%(24*60))%60,0) > 0 then                       
	      CONVERT(VARCHAR(50),ISNULL(((SUM(parkingmin))%(24*60))%60,0)) +'분'   
   END                                                                         
 as prkMin from IONData Where ProcDate + ' ' +ProcTime between :N1 and :N2 
and reserve2 <> '' and reserve3 <> ''  
group by reserve2, reserve3 Order by reserve2, reserve3 

[20:35:10] Select procdate, proctime, incarno1, outdate, outtime, OutCarNo1,        
Reserve1, Reserve2, Reserve3,                                            
Case when (ISNULL((parkingmin)/(24*60),0) > 0) and (ISNULL((parkingmin)%(24*60)/60,0) = 0) and (ISNULL(((parkingmin)%(24*60))%60,0) = 0) then 
     CONVERT(VARCHAR(50),ISNULL((parkingmin)/(24*60),0)) +'일'         
     when ISNULL((parkingmin)/(24*60),0) > 0 then                        
		  CONVERT(VARCHAR(50),ISNULL((parkingmin)/(24*60),0)) +'일' +         
		  CONVERT(VARCHAR(50),ISNULL(((parkingmin)%(24*60))/60,0)) +'시간'+   
		  CONVERT(VARCHAR(50),ISNULL(((parkingmin)%(24*60))%60,0)) +'분'      
     when  (ISNULL((parkingmin)%(24*60)/60,0) > 0) and (ISNULL(((parkingmin)%(24*60))%60,0) = 0) then 
     CONVERT(VARCHAR(50),ISNULL(((parkingmin)%(24*60))/60,0)) +'시간'                                 
     when  ISNULL((parkingmin)%(24*60)/60,0) > 0 then                      
		  CONVERT(VARCHAR(50),ISNULL(((parkingmin)%(24*60))/60,0)) +'시간'+   
		  CONVERT(VARCHAR(50),ISNULL(((parkingmin)%(24*60))%60,0)) +'분'      
	when  ISNULL(((parkingmin)%(24*60))%60,0) > 0 then                      
	      CONVERT(VARCHAR(50),ISNULL(((parkingmin)%(24*60))%60,0)) +'분'  
END                                                                      
 as ParkingMin,                                                          
UsedPoint, DATEDIFF(dd, procdate, outdate) as prkDate                    
From IONData                                                             
Where ProcDate + ' ' +ProcTime between :v3 and :v4
 union 
Select '합계', '', '', '', '', '',             
 '', '', '',                                         
Case when ISNULL((SUM(parkingmin))/(24*60),0) > 0 then                        
		  CONVERT(VARCHAR(50),ISNULL(SUM(parkingmin)/(24*60),0)) +'일' +         
		  CONVERT(VARCHAR(50),ISNULL((SUM(parkingmin)%(24*60))/60,0)) +'시간'+   
		  CONVERT(VARCHAR(50),ISNULL((SUM(parkingmin)%(24*60))%60,0)) +'분'      
    when  ISNULL((SUM(parkingmin))%(24*60)/60,0) > 0 then                     
		  CONVERT(VARCHAR(50),ISNULL((SUM(parkingmin)%(24*60))/60,0)) +'시간'+   
		  CONVERT(VARCHAR(50),ISNULL((SUM(parkingmin)%(24*60))%60,0)) +'분'      
	when  ISNULL(((SUM(parkingmin))%(24*60))%60,0) > 0 then                      
	      CONVERT(VARCHAR(50),ISNULL((SUM(parkingmin)%(24*60))%60,0)) +'분'    
 END                                                                          
 as ParkingMin,                                                               
 Sum(UsedPoint) UsedPoint, SUM(DATEDIFF(dd, procdate, outdate)) as prkDate    
 From IONData                                                                 
 Where ProcDate + ' ' +ProcTime between :v7 and :v8 
and reserve2 <> '' and reserve3 <> ''  

[20:35:10] Select reserve2, reserve3, count(*) as cnt, 
Case when ISNULL((SUM(parkingmin))/(24*60),0) > 0 then                        
		  CONVERT(VARCHAR(50),ISNULL((SUM(parkingmin))/(24*60),0)) +'일' +       
		  CONVERT(VARCHAR(50),ISNULL(((SUM(parkingmin))%(24*60))/60,0)) +'시간'+ 
		  CONVERT(VARCHAR(50),ISNULL(((SUM(parkingmin))%(24*60))%60,0)) +'분'    
   when  ISNULL((SUM(parkingmin))%(24*60)/60,0) > 0 then                         
		  CONVERT(VARCHAR(50),ISNULL(((SUM(parkingmin))%(24*60))/60,0)) +'시간'+    
		  CONVERT(VARCHAR(50),ISNULL(((SUM(parkingmin))%(24*60))%60,0)) +'분'       
	when  ISNULL(((SUM(parkingmin))%(24*60))%60,0) > 0 then                       
	      CONVERT(VARCHAR(50),ISNULL(((SUM(parkingmin))%(24*60))%60,0)) +'분'   
   END                                                                         
 as prkMin from IONData Where ProcDate + ' ' +ProcTime between :N1 and :N2 
and reserve2 <> '' and reserve3 <> ''  
group by reserve2, reserve3 Order by reserve2, reserve3 

[20:35:10] Select procdate, proctime, incarno1, outdate, outtime, OutCarNo1,        
Reserve1, Reserve2, Reserve3,                                            
Case when (ISNULL((parkingmin)/(24*60),0) > 0) and (ISNULL((parkingmin)%(24*60)/60,0) = 0) and (ISNULL(((parkingmin)%(24*60))%60,0) = 0) then 
     CONVERT(VARCHAR(50),ISNULL((parkingmin)/(24*60),0)) +'일'         
     when ISNULL((parkingmin)/(24*60),0) > 0 then                        
		  CONVERT(VARCHAR(50),ISNULL((parkingmin)/(24*60),0)) +'일' +         
		  CONVERT(VARCHAR(50),ISNULL(((parkingmin)%(24*60))/60,0)) +'시간'+   
		  CONVERT(VARCHAR(50),ISNULL(((parkingmin)%(24*60))%60,0)) +'분'      
     when  (ISNULL((parkingmin)%(24*60)/60,0) > 0) and (ISNULL(((parkingmin)%(24*60))%60,0) = 0) then 
     CONVERT(VARCHAR(50),ISNULL(((parkingmin)%(24*60))/60,0)) +'시간'                                 
     when  ISNULL((parkingmin)%(24*60)/60,0) > 0 then                      
		  CONVERT(VARCHAR(50),ISNULL(((parkingmin)%(24*60))/60,0)) +'시간'+   
		  CONVERT(VARCHAR(50),ISNULL(((parkingmin)%(24*60))%60,0)) +'분'      
	when  ISNULL(((parkingmin)%(24*60))%60,0) > 0 then                      
	      CONVERT(VARCHAR(50),ISNULL(((parkingmin)%(24*60))%60,0)) +'분'  
END                                                                      
 as ParkingMin,                                                          
UsedPoint, DATEDIFF(dd, procdate, outdate) as prkDate                    
From IONData                                                             
Where ProcDate + ' ' +ProcTime between :v3 and :v4
 union 
Select '합계', '', '', '', '', '',             
 '', '', '',                                         
Case when ISNULL((SUM(parkingmin))/(24*60),0) > 0 then                        
		  CONVERT(VARCHAR(50),ISNULL(SUM(parkingmin)/(24*60),0)) +'일' +         
		  CONVERT(VARCHAR(50),ISNULL((SUM(parkingmin)%(24*60))/60,0)) +'시간'+   
		  CONVERT(VARCHAR(50),ISNULL((SUM(parkingmin)%(24*60))%60,0)) +'분'      
    when  ISNULL((SUM(parkingmin))%(24*60)/60,0) > 0 then                     
		  CONVERT(VARCHAR(50),ISNULL((SUM(parkingmin)%(24*60))/60,0)) +'시간'+   
		  CONVERT(VARCHAR(50),ISNULL((SUM(parkingmin)%(24*60))%60,0)) +'분'      
	when  ISNULL(((SUM(parkingmin))%(24*60))%60,0) > 0 then                      
	      CONVERT(VARCHAR(50),ISNULL((SUM(parkingmin)%(24*60))%60,0)) +'분'    
 END                                                                          
 as ParkingMin,                                                               
 Sum(UsedPoint) UsedPoint, SUM(DATEDIFF(dd, procdate, outdate)) as prkDate    
 From IONData                                                                 
 Where ProcDate + ' ' +ProcTime between :v7 and :v8 
and reserve2 <> '' and reserve3 <> ''  

[20:35:11] Select reserve2, reserve3, count(*) as cnt, 
Case when ISNULL((SUM(parkingmin))/(24*60),0) > 0 then                        
		  CONVERT(VARCHAR(50),ISNULL((SUM(parkingmin))/(24*60),0)) +'일' +       
		  CONVERT(VARCHAR(50),ISNULL(((SUM(parkingmin))%(24*60))/60,0)) +'시간'+ 
		  CONVERT(VARCHAR(50),ISNULL(((SUM(parkingmin))%(24*60))%60,0)) +'분'    
   when  ISNULL((SUM(parkingmin))%(24*60)/60,0) > 0 then                         
		  CONVERT(VARCHAR(50),ISNULL(((SUM(parkingmin))%(24*60))/60,0)) +'시간'+    
		  CONVERT(VARCHAR(50),ISNULL(((SUM(parkingmin))%(24*60))%60,0)) +'분'       
	when  ISNULL(((SUM(parkingmin))%(24*60))%60,0) > 0 then                       
	      CONVERT(VARCHAR(50),ISNULL(((SUM(parkingmin))%(24*60))%60,0)) +'분'   
   END                                                                         
 as prkMin from IONData Where ProcDate + ' ' +ProcTime between :N1 and :N2 
and reserve2 <> '' and reserve3 <> ''  
group by reserve2, reserve3 Order by reserve2, reserve3 

[20:35:11] Select procdate, proctime, incarno1, outdate, outtime, OutCarNo1,        
Reserve1, Reserve2, Reserve3,                                            
Case when (ISNULL((parkingmin)/(24*60),0) > 0) and (ISNULL((parkingmin)%(24*60)/60,0) = 0) and (ISNULL(((parkingmin)%(24*60))%60,0) = 0) then 
     CONVERT(VARCHAR(50),ISNULL((parkingmin)/(24*60),0)) +'일'         
     when ISNULL((parkingmin)/(24*60),0) > 0 then                        
		  CONVERT(VARCHAR(50),ISNULL((parkingmin)/(24*60),0)) +'일' +         
		  CONVERT(VARCHAR(50),ISNULL(((parkingmin)%(24*60))/60,0)) +'시간'+   
		  CONVERT(VARCHAR(50),ISNULL(((parkingmin)%(24*60))%60,0)) +'분'      
     when  (ISNULL((parkingmin)%(24*60)/60,0) > 0) and (ISNULL(((parkingmin)%(24*60))%60,0) = 0) then 
     CONVERT(VARCHAR(50),ISNULL(((parkingmin)%(24*60))/60,0)) +'시간'                                 
     when  ISNULL((parkingmin)%(24*60)/60,0) > 0 then                      
		  CONVERT(VARCHAR(50),ISNULL(((parkingmin)%(24*60))/60,0)) +'시간'+   
		  CONVERT(VARCHAR(50),ISNULL(((parkingmin)%(24*60))%60,0)) +'분'      
	when  ISNULL(((parkingmin)%(24*60))%60,0) > 0 then                      
	      CONVERT(VARCHAR(50),ISNULL(((parkingmin)%(24*60))%60,0)) +'분'  
END                                                                      
 as ParkingMin,                                                          
UsedPoint, DATEDIFF(dd, procdate, outdate) as prkDate                    
From IONData                                                             
Where ProcDate + ' ' +ProcTime between :v3 and :v4
 union 
Select '합계', '', '', '', '', '',             
 '', '', '',                                         
Case when ISNULL((SUM(parkingmin))/(24*60),0) > 0 then                        
		  CONVERT(VARCHAR(50),ISNULL(SUM(parkingmin)/(24*60),0)) +'일' +         
		  CONVERT(VARCHAR(50),ISNULL((SUM(parkingmin)%(24*60))/60,0)) +'시간'+   
		  CONVERT(VARCHAR(50),ISNULL((SUM(parkingmin)%(24*60))%60,0)) +'분'      
    when  ISNULL((SUM(parkingmin))%(24*60)/60,0) > 0 then                     
		  CONVERT(VARCHAR(50),ISNULL((SUM(parkingmin)%(24*60))/60,0)) +'시간'+   
		  CONVERT(VARCHAR(50),ISNULL((SUM(parkingmin)%(24*60))%60,0)) +'분'      
	when  ISNULL(((SUM(parkingmin))%(24*60))%60,0) > 0 then                      
	      CONVERT(VARCHAR(50),ISNULL((SUM(parkingmin)%(24*60))%60,0)) +'분'    
 END                                                                          
 as ParkingMin,                                                               
 Sum(UsedPoint) UsedPoint, SUM(DATEDIFF(dd, procdate, outdate)) as prkDate    
 From IONData                                                                 
 Where ProcDate + ' ' +ProcTime between :v7 and :v8 
and reserve2 <> '' and reserve3 <> ''  

[20:35:11] Select reserve2, reserve3, count(*) as cnt, 
Case when ISNULL((SUM(parkingmin))/(24*60),0) > 0 then                        
		  CONVERT(VARCHAR(50),ISNULL((SUM(parkingmin))/(24*60),0)) +'일' +       
		  CONVERT(VARCHAR(50),ISNULL(((SUM(parkingmin))%(24*60))/60,0)) +'시간'+ 
		  CONVERT(VARCHAR(50),ISNULL(((SUM(parkingmin))%(24*60))%60,0)) +'분'    
   when  ISNULL((SUM(parkingmin))%(24*60)/60,0) > 0 then                         
		  CONVERT(VARCHAR(50),ISNULL(((SUM(parkingmin))%(24*60))/60,0)) +'시간'+    
		  CONVERT(VARCHAR(50),ISNULL(((SUM(parkingmin))%(24*60))%60,0)) +'분'       
	when  ISNULL(((SUM(parkingmin))%(24*60))%60,0) > 0 then                       
	      CONVERT(VARCHAR(50),ISNULL(((SUM(parkingmin))%(24*60))%60,0)) +'분'   
   END                                                                         
 as prkMin from IONData Where ProcDate + ' ' +ProcTime between :N1 and :N2 
and reserve2 <> '' and reserve3 <> ''  
group by reserve2, reserve3 Order by reserve2, reserve3 

[20:35:11] Select procdate, proctime, incarno1, outdate, outtime, OutCarNo1,        
Reserve1, Reserve2, Reserve3,                                            
Case when (ISNULL((parkingmin)/(24*60),0) > 0) and (ISNULL((parkingmin)%(24*60)/60,0) = 0) and (ISNULL(((parkingmin)%(24*60))%60,0) = 0) then 
     CONVERT(VARCHAR(50),ISNULL((parkingmin)/(24*60),0)) +'일'         
     when ISNULL((parkingmin)/(24*60),0) > 0 then                        
		  CONVERT(VARCHAR(50),ISNULL((parkingmin)/(24*60),0)) +'일' +         
		  CONVERT(VARCHAR(50),ISNULL(((parkingmin)%(24*60))/60,0)) +'시간'+   
		  CONVERT(VARCHAR(50),ISNULL(((parkingmin)%(24*60))%60,0)) +'분'      
     when  (ISNULL((parkingmin)%(24*60)/60,0) > 0) and (ISNULL(((parkingmin)%(24*60))%60,0) = 0) then 
     CONVERT(VARCHAR(50),ISNULL(((parkingmin)%(24*60))/60,0)) +'시간'                                 
     when  ISNULL((parkingmin)%(24*60)/60,0) > 0 then                      
		  CONVERT(VARCHAR(50),ISNULL(((parkingmin)%(24*60))/60,0)) +'시간'+   
		  CONVERT(VARCHAR(50),ISNULL(((parkingmin)%(24*60))%60,0)) +'분'      
	when  ISNULL(((parkingmin)%(24*60))%60,0) > 0 then                      
	      CONVERT(VARCHAR(50),ISNULL(((parkingmin)%(24*60))%60,0)) +'분'  
END                                                                      
 as ParkingMin,                                                          
UsedPoint, DATEDIFF(dd, procdate, outdate) as prkDate                    
From IONData                                                             
Where ProcDate + ' ' +ProcTime between :v3 and :v4
 union 
Select '합계', '', '', '', '', '',             
 '', '', '',                                         
Case when ISNULL((SUM(parkingmin))/(24*60),0) > 0 then                        
		  CONVERT(VARCHAR(50),ISNULL(SUM(parkingmin)/(24*60),0)) +'일' +         
		  CONVERT(VARCHAR(50),ISNULL((SUM(parkingmin)%(24*60))/60,0)) +'시간'+   
		  CONVERT(VARCHAR(50),ISNULL((SUM(parkingmin)%(24*60))%60,0)) +'분'      
    when  ISNULL((SUM(parkingmin))%(24*60)/60,0) > 0 then                     
		  CONVERT(VARCHAR(50),ISNULL((SUM(parkingmin)%(24*60))/60,0)) +'시간'+   
		  CONVERT(VARCHAR(50),ISNULL((SUM(parkingmin)%(24*60))%60,0)) +'분'      
	when  ISNULL(((SUM(parkingmin))%(24*60))%60,0) > 0 then                      
	      CONVERT(VARCHAR(50),ISNULL((SUM(parkingmin)%(24*60))%60,0)) +'분'    
 END                                                                          
 as ParkingMin,                                                               
 Sum(UsedPoint) UsedPoint, SUM(DATEDIFF(dd, procdate, outdate)) as prkDate    
 From IONData                                                                 
 Where ProcDate + ' ' +ProcTime between :v7 and :v8 
and reserve2 <> '' and reserve3 <> ''  

[20:35:11] Select reserve2, reserve3, count(*) as cnt, 
Case when ISNULL((SUM(parkingmin))/(24*60),0) > 0 then                        
		  CONVERT(VARCHAR(50),ISNULL((SUM(parkingmin))/(24*60),0)) +'일' +       
		  CONVERT(VARCHAR(50),ISNULL(((SUM(parkingmin))%(24*60))/60,0)) +'시간'+ 
		  CONVERT(VARCHAR(50),ISNULL(((SUM(parkingmin))%(24*60))%60,0)) +'분'    
   when  ISNULL((SUM(parkingmin))%(24*60)/60,0) > 0 then                         
		  CONVERT(VARCHAR(50),ISNULL(((SUM(parkingmin))%(24*60))/60,0)) +'시간'+    
		  CONVERT(VARCHAR(50),ISNULL(((SUM(parkingmin))%(24*60))%60,0)) +'분'       
	when  ISNULL(((SUM(parkingmin))%(24*60))%60,0) > 0 then                       
	      CONVERT(VARCHAR(50),ISNULL(((SUM(parkingmin))%(24*60))%60,0)) +'분'   
   END                                                                         
 as prkMin from IONData Where ProcDate + ' ' +ProcTime between :N1 and :N2 
and reserve2 <> '' and reserve3 <> ''  
group by reserve2, reserve3 Order by reserve2, reserve3 

[20:35:11] Select procdate, proctime, incarno1, outdate, outtime, OutCarNo1,        
Reserve1, Reserve2, Reserve3,                                            
Case when (ISNULL((parkingmin)/(24*60),0) > 0) and (ISNULL((parkingmin)%(24*60)/60,0) = 0) and (ISNULL(((parkingmin)%(24*60))%60,0) = 0) then 
     CONVERT(VARCHAR(50),ISNULL((parkingmin)/(24*60),0)) +'일'         
     when ISNULL((parkingmin)/(24*60),0) > 0 then                        
		  CONVERT(VARCHAR(50),ISNULL((parkingmin)/(24*60),0)) +'일' +         
		  CONVERT(VARCHAR(50),ISNULL(((parkingmin)%(24*60))/60,0)) +'시간'+   
		  CONVERT(VARCHAR(50),ISNULL(((parkingmin)%(24*60))%60,0)) +'분'      
     when  (ISNULL((parkingmin)%(24*60)/60,0) > 0) and (ISNULL(((parkingmin)%(24*60))%60,0) = 0) then 
     CONVERT(VARCHAR(50),ISNULL(((parkingmin)%(24*60))/60,0)) +'시간'                                 
     when  ISNULL((parkingmin)%(24*60)/60,0) > 0 then                      
		  CONVERT(VARCHAR(50),ISNULL(((parkingmin)%(24*60))/60,0)) +'시간'+   
		  CONVERT(VARCHAR(50),ISNULL(((parkingmin)%(24*60))%60,0)) +'분'      
	when  ISNULL(((parkingmin)%(24*60))%60,0) > 0 then                      
	      CONVERT(VARCHAR(50),ISNULL(((parkingmin)%(24*60))%60,0)) +'분'  
END                                                                      
 as ParkingMin,                                                          
UsedPoint, DATEDIFF(dd, procdate, outdate) as prkDate                    
From IONData                                                             
Where ProcDate + ' ' +ProcTime between :v3 and :v4
 union 
Select '합계', '', '', '', '', '',             
 '', '', '',                                         
Case when ISNULL((SUM(parkingmin))/(24*60),0) > 0 then                        
		  CONVERT(VARCHAR(50),ISNULL(SUM(parkingmin)/(24*60),0)) +'일' +         
		  CONVERT(VARCHAR(50),ISNULL((SUM(parkingmin)%(24*60))/60,0)) +'시간'+   
		  CONVERT(VARCHAR(50),ISNULL((SUM(parkingmin)%(24*60))%60,0)) +'분'      
    when  ISNULL((SUM(parkingmin))%(24*60)/60,0) > 0 then                     
		  CONVERT(VARCHAR(50),ISNULL((SUM(parkingmin)%(24*60))/60,0)) +'시간'+   
		  CONVERT(VARCHAR(50),ISNULL((SUM(parkingmin)%(24*60))%60,0)) +'분'      
	when  ISNULL(((SUM(parkingmin))%(24*60))%60,0) > 0 then                      
	      CONVERT(VARCHAR(50),ISNULL((SUM(parkingmin)%(24*60))%60,0)) +'분'    
 END                                                                          
 as ParkingMin,                                                               
 Sum(UsedPoint) UsedPoint, SUM(DATEDIFF(dd, procdate, outdate)) as prkDate    
 From IONData                                                                 
 Where ProcDate + ' ' +ProcTime between :v7 and :v8 
and reserve2 <> '' and reserve3 <> ''  

[20:36:01] Program Start!
[20:36:12] Select reserve2, reserve3, count(*) as cnt, 
Case when ISNULL((SUM(parkingmin))/(24*60),0) > 0 then                        
		  CONVERT(VARCHAR(50),ISNULL((SUM(parkingmin))/(24*60),0)) +'일' +       
		  CONVERT(VARCHAR(50),ISNULL(((SUM(parkingmin))%(24*60))/60,0)) +'시간'+ 
		  CONVERT(VARCHAR(50),ISNULL(((SUM(parkingmin))%(24*60))%60,0)) +'분'    
   when  ISNULL((SUM(parkingmin))%(24*60)/60,0) > 0 then                         
		  CONVERT(VARCHAR(50),ISNULL(((SUM(parkingmin))%(24*60))/60,0)) +'시간'+    
		  CONVERT(VARCHAR(50),ISNULL(((SUM(parkingmin))%(24*60))%60,0)) +'분'       
	when  ISNULL(((SUM(parkingmin))%(24*60))%60,0) > 0 then                       
	      CONVERT(VARCHAR(50),ISNULL(((SUM(parkingmin))%(24*60))%60,0)) +'분'   
   END                                                                         
 as prkMin from IONData Where ProcDate + ' ' +ProcTime between :N1 and :N2 
and reserve2 <> '' and reserve3 <> ''  
group by reserve2, reserve3 Order by reserve2, reserve3 

[20:36:12] Select procdate, proctime, incarno1, outdate, outtime, OutCarNo1,        
Reserve1, Reserve2, Reserve3,                                            
Case when (ISNULL((parkingmin)/(24*60),0) > 0) and (ISNULL((parkingmin)%(24*60)/60,0) = 0) and (ISNULL(((parkingmin)%(24*60))%60,0) = 0) then 
     CONVERT(VARCHAR(50),ISNULL((parkingmin)/(24*60),0)) +'일'         
     when ISNULL((parkingmin)/(24*60),0) > 0 then                        
		  CONVERT(VARCHAR(50),ISNULL((parkingmin)/(24*60),0)) +'일' +         
		  CONVERT(VARCHAR(50),ISNULL(((parkingmin)%(24*60))/60,0)) +'시간'+   
		  CONVERT(VARCHAR(50),ISNULL(((parkingmin)%(24*60))%60,0)) +'분'      
     when  (ISNULL((parkingmin)%(24*60)/60,0) > 0) and (ISNULL(((parkingmin)%(24*60))%60,0) = 0) then 
     CONVERT(VARCHAR(50),ISNULL(((parkingmin)%(24*60))/60,0)) +'시간'                                 
     when  ISNULL((parkingmin)%(24*60)/60,0) > 0 then                      
		  CONVERT(VARCHAR(50),ISNULL(((parkingmin)%(24*60))/60,0)) +'시간'+   
		  CONVERT(VARCHAR(50),ISNULL(((parkingmin)%(24*60))%60,0)) +'분'      
	when  ISNULL(((parkingmin)%(24*60))%60,0) > 0 then                      
	      CONVERT(VARCHAR(50),ISNULL(((parkingmin)%(24*60))%60,0)) +'분'  
END                                                                      
 as ParkingMin,                                                          
UsedPoint, DATEDIFF(dd, procdate, outdate) as prkDate                    
From IONData                                                             
Where ProcDate + ' ' +ProcTime between :v3 and :v4 
and reserve2 <> '' and reserve3 <> ''  
 union 
Select '합계', '', '', '', '', '',             
 '', '', '',                                         
Case when ISNULL((SUM(parkingmin))/(24*60),0) > 0 then                        
		  CONVERT(VARCHAR(50),ISNULL(SUM(parkingmin)/(24*60),0)) +'일' +         
		  CONVERT(VARCHAR(50),ISNULL((SUM(parkingmin)%(24*60))/60,0)) +'시간'+   
		  CONVERT(VARCHAR(50),ISNULL((SUM(parkingmin)%(24*60))%60,0)) +'분'      
    when  ISNULL((SUM(parkingmin))%(24*60)/60,0) > 0 then                     
		  CONVERT(VARCHAR(50),ISNULL((SUM(parkingmin)%(24*60))/60,0)) +'시간'+   
		  CONVERT(VARCHAR(50),ISNULL((SUM(parkingmin)%(24*60))%60,0)) +'분'      
	when  ISNULL(((SUM(parkingmin))%(24*60))%60,0) > 0 then                      
	      CONVERT(VARCHAR(50),ISNULL((SUM(parkingmin)%(24*60))%60,0)) +'분'    
 END                                                                          
 as ParkingMin,                                                               
 Sum(UsedPoint) UsedPoint, SUM(DATEDIFF(dd, procdate, outdate)) as prkDate    
 From IONData                                                                 
 Where ProcDate + ' ' +ProcTime between :v7 and :v8 
and reserve2 <> '' and reserve3 <> ''  

[20:36:19] Select reserve2, reserve3, count(*) as cnt, 
Case when ISNULL((SUM(parkingmin))/(24*60),0) > 0 then                        
		  CONVERT(VARCHAR(50),ISNULL((SUM(parkingmin))/(24*60),0)) +'일' +       
		  CONVERT(VARCHAR(50),ISNULL(((SUM(parkingmin))%(24*60))/60,0)) +'시간'+ 
		  CONVERT(VARCHAR(50),ISNULL(((SUM(parkingmin))%(24*60))%60,0)) +'분'    
   when  ISNULL((SUM(parkingmin))%(24*60)/60,0) > 0 then                         
		  CONVERT(VARCHAR(50),ISNULL(((SUM(parkingmin))%(24*60))/60,0)) +'시간'+    
		  CONVERT(VARCHAR(50),ISNULL(((SUM(parkingmin))%(24*60))%60,0)) +'분'       
	when  ISNULL(((SUM(parkingmin))%(24*60))%60,0) > 0 then                       
	      CONVERT(VARCHAR(50),ISNULL(((SUM(parkingmin))%(24*60))%60,0)) +'분'   
   END                                                                         
 as prkMin from IONData Where ProcDate + ' ' +ProcTime between :N1 and :N2 
and reserve2 <> '' and reserve3 <> ''  
group by reserve2, reserve3 Order by reserve2, reserve3 

[20:36:19] Select procdate, proctime, incarno1, outdate, outtime, OutCarNo1,        
Reserve1, Reserve2, Reserve3,                                            
Case when (ISNULL((parkingmin)/(24*60),0) > 0) and (ISNULL((parkingmin)%(24*60)/60,0) = 0) and (ISNULL(((parkingmin)%(24*60))%60,0) = 0) then 
     CONVERT(VARCHAR(50),ISNULL((parkingmin)/(24*60),0)) +'일'         
     when ISNULL((parkingmin)/(24*60),0) > 0 then                        
		  CONVERT(VARCHAR(50),ISNULL((parkingmin)/(24*60),0)) +'일' +         
		  CONVERT(VARCHAR(50),ISNULL(((parkingmin)%(24*60))/60,0)) +'시간'+   
		  CONVERT(VARCHAR(50),ISNULL(((parkingmin)%(24*60))%60,0)) +'분'      
     when  (ISNULL((parkingmin)%(24*60)/60,0) > 0) and (ISNULL(((parkingmin)%(24*60))%60,0) = 0) then 
     CONVERT(VARCHAR(50),ISNULL(((parkingmin)%(24*60))/60,0)) +'시간'                                 
     when  ISNULL((parkingmin)%(24*60)/60,0) > 0 then                      
		  CONVERT(VARCHAR(50),ISNULL(((parkingmin)%(24*60))/60,0)) +'시간'+   
		  CONVERT(VARCHAR(50),ISNULL(((parkingmin)%(24*60))%60,0)) +'분'      
	when  ISNULL(((parkingmin)%(24*60))%60,0) > 0 then                      
	      CONVERT(VARCHAR(50),ISNULL(((parkingmin)%(24*60))%60,0)) +'분'  
END                                                                      
 as ParkingMin,                                                          
UsedPoint, DATEDIFF(dd, procdate, outdate) as prkDate                    
From IONData                                                             
Where ProcDate + ' ' +ProcTime between :v3 and :v4 
and reserve2 <> '' and reserve3 <> ''  
 union 
Select '합계', '', '', '', '', '',             
 '', '', '',                                         
Case when ISNULL((SUM(parkingmin))/(24*60),0) > 0 then                        
		  CONVERT(VARCHAR(50),ISNULL(SUM(parkingmin)/(24*60),0)) +'일' +         
		  CONVERT(VARCHAR(50),ISNULL((SUM(parkingmin)%(24*60))/60,0)) +'시간'+   
		  CONVERT(VARCHAR(50),ISNULL((SUM(parkingmin)%(24*60))%60,0)) +'분'      
    when  ISNULL((SUM(parkingmin))%(24*60)/60,0) > 0 then                     
		  CONVERT(VARCHAR(50),ISNULL((SUM(parkingmin)%(24*60))/60,0)) +'시간'+   
		  CONVERT(VARCHAR(50),ISNULL((SUM(parkingmin)%(24*60))%60,0)) +'분'      
	when  ISNULL(((SUM(parkingmin))%(24*60))%60,0) > 0 then                      
	      CONVERT(VARCHAR(50),ISNULL((SUM(parkingmin)%(24*60))%60,0)) +'분'    
 END                                                                          
 as ParkingMin,                                                               
 Sum(UsedPoint) UsedPoint, SUM(DATEDIFF(dd, procdate, outdate)) as prkDate    
 From IONData                                                                 
 Where ProcDate + ' ' +ProcTime between :v7 and :v8 
and reserve2 <> '' and reserve3 <> ''  

[20:36:22] Select reserve2, reserve3, count(*) as cnt, 
Case when ISNULL((SUM(parkingmin))/(24*60),0) > 0 then                        
		  CONVERT(VARCHAR(50),ISNULL((SUM(parkingmin))/(24*60),0)) +'일' +       
		  CONVERT(VARCHAR(50),ISNULL(((SUM(parkingmin))%(24*60))/60,0)) +'시간'+ 
		  CONVERT(VARCHAR(50),ISNULL(((SUM(parkingmin))%(24*60))%60,0)) +'분'    
   when  ISNULL((SUM(parkingmin))%(24*60)/60,0) > 0 then                         
		  CONVERT(VARCHAR(50),ISNULL(((SUM(parkingmin))%(24*60))/60,0)) +'시간'+    
		  CONVERT(VARCHAR(50),ISNULL(((SUM(parkingmin))%(24*60))%60,0)) +'분'       
	when  ISNULL(((SUM(parkingmin))%(24*60))%60,0) > 0 then                       
	      CONVERT(VARCHAR(50),ISNULL(((SUM(parkingmin))%(24*60))%60,0)) +'분'   
   END                                                                         
 as prkMin from IONData Where ProcDate + ' ' +ProcTime between :N1 and :N2 
and reserve2 <> '' and reserve3 <> ''  
group by reserve2, reserve3 Order by reserve2, reserve3 

[20:36:22] Select procdate, proctime, incarno1, outdate, outtime, OutCarNo1,        
Reserve1, Reserve2, Reserve3,                                            
Case when (ISNULL((parkingmin)/(24*60),0) > 0) and (ISNULL((parkingmin)%(24*60)/60,0) = 0) and (ISNULL(((parkingmin)%(24*60))%60,0) = 0) then 
     CONVERT(VARCHAR(50),ISNULL((parkingmin)/(24*60),0)) +'일'         
     when ISNULL((parkingmin)/(24*60),0) > 0 then                        
		  CONVERT(VARCHAR(50),ISNULL((parkingmin)/(24*60),0)) +'일' +         
		  CONVERT(VARCHAR(50),ISNULL(((parkingmin)%(24*60))/60,0)) +'시간'+   
		  CONVERT(VARCHAR(50),ISNULL(((parkingmin)%(24*60))%60,0)) +'분'      
     when  (ISNULL((parkingmin)%(24*60)/60,0) > 0) and (ISNULL(((parkingmin)%(24*60))%60,0) = 0) then 
     CONVERT(VARCHAR(50),ISNULL(((parkingmin)%(24*60))/60,0)) +'시간'                                 
     when  ISNULL((parkingmin)%(24*60)/60,0) > 0 then                      
		  CONVERT(VARCHAR(50),ISNULL(((parkingmin)%(24*60))/60,0)) +'시간'+   
		  CONVERT(VARCHAR(50),ISNULL(((parkingmin)%(24*60))%60,0)) +'분'      
	when  ISNULL(((parkingmin)%(24*60))%60,0) > 0 then                      
	      CONVERT(VARCHAR(50),ISNULL(((parkingmin)%(24*60))%60,0)) +'분'  
END                                                                      
 as ParkingMin,                                                          
UsedPoint, DATEDIFF(dd, procdate, outdate) as prkDate                    
From IONData                                                             
Where ProcDate + ' ' +ProcTime between :v3 and :v4 
and reserve2 <> '' and reserve3 <> ''  
 union 
Select '합계', '', '', '', '', '',             
 '', '', '',                                         
Case when ISNULL((SUM(parkingmin))/(24*60),0) > 0 then                        
		  CONVERT(VARCHAR(50),ISNULL(SUM(parkingmin)/(24*60),0)) +'일' +         
		  CONVERT(VARCHAR(50),ISNULL((SUM(parkingmin)%(24*60))/60,0)) +'시간'+   
		  CONVERT(VARCHAR(50),ISNULL((SUM(parkingmin)%(24*60))%60,0)) +'분'      
    when  ISNULL((SUM(parkingmin))%(24*60)/60,0) > 0 then                     
		  CONVERT(VARCHAR(50),ISNULL((SUM(parkingmin)%(24*60))/60,0)) +'시간'+   
		  CONVERT(VARCHAR(50),ISNULL((SUM(parkingmin)%(24*60))%60,0)) +'분'      
	when  ISNULL(((SUM(parkingmin))%(24*60))%60,0) > 0 then                      
	      CONVERT(VARCHAR(50),ISNULL((SUM(parkingmin)%(24*60))%60,0)) +'분'    
 END                                                                          
 as ParkingMin,                                                               
 Sum(UsedPoint) UsedPoint, SUM(DATEDIFF(dd, procdate, outdate)) as prkDate    
 From IONData                                                                 
 Where ProcDate + ' ' +ProcTime between :v7 and :v8 
and reserve2 <> '' and reserve3 <> ''  

[20:38:20] Program Start!
[20:40:14] Program Start!
[20:40:29] select convert(varchar(50), dong) as dong, convert(varchar(50), ho) as ho, vCarNo as CarNo, 
convert(CHAR(23), vstartDt, 21) as VisitStart, convert(CHAR(23), vendDt ,21) as VisitEnd  from VisitInfo_SmartVillage 
where substring(vstartDt,1,10) >= :N4 and substring(vendDt,21,10) <= :N5 
 and vtype = 'ADDED' 
 order by vstartDt desc 

[20:40:30] select convert(varchar(50), dong) as dong, convert(varchar(50), ho) as ho, vCarNo as CarNo, 
convert(CHAR(23), vstartDt, 21) as VisitStart, convert(CHAR(23), vendDt ,21) as VisitEnd  from VisitInfo_SmartVillage 
where substring(vstartDt,1,10) >= :N4 and substring(vendDt,21,10) <= :N5 
 and vtype = 'ADDED' 
 order by vstartDt desc 

[20:40:30] select convert(varchar(50), dong) as dong, convert(varchar(50), ho) as ho, vCarNo as CarNo, 
convert(CHAR(23), vstartDt, 21) as VisitStart, convert(CHAR(23), vendDt ,21) as VisitEnd  from VisitInfo_SmartVillage 
where substring(vstartDt,1,10) >= :N4 and substring(vendDt,21,10) <= :N5 
 and vtype = 'ADDED' 
 order by vstartDt desc 

[20:40:30] select convert(varchar(50), dong) as dong, convert(varchar(50), ho) as ho, vCarNo as CarNo, 
convert(CHAR(23), vstartDt, 21) as VisitStart, convert(CHAR(23), vendDt ,21) as VisitEnd  from VisitInfo_SmartVillage 
where substring(vstartDt,1,10) >= :N4 and substring(vendDt,21,10) <= :N5 
 and vtype = 'ADDED' 
 order by vstartDt desc 

[20:40:30] select convert(varchar(50), dong) as dong, convert(varchar(50), ho) as ho, vCarNo as CarNo, 
convert(CHAR(23), vstartDt, 21) as VisitStart, convert(CHAR(23), vendDt ,21) as VisitEnd  from VisitInfo_SmartVillage 
where substring(vstartDt,1,10) >= :N4 and substring(vendDt,21,10) <= :N5 
 and vtype = 'ADDED' 
 order by vstartDt desc 

[20:40:30] select convert(varchar(50), dong) as dong, convert(varchar(50), ho) as ho, vCarNo as CarNo, 
convert(CHAR(23), vstartDt, 21) as VisitStart, convert(CHAR(23), vendDt ,21) as VisitEnd  from VisitInfo_SmartVillage 
where substring(vstartDt,1,10) >= :N4 and substring(vendDt,21,10) <= :N5 
 and vtype = 'ADDED' 
 order by vstartDt desc 

[20:42:59] select convert(varchar(50), dong) as dong, convert(varchar(50), ho) as ho, vCarNo as CarNo, 
convert(CHAR(23), vstartDt, 21) as VisitStart, convert(CHAR(23), vendDt ,21) as VisitEnd  from VisitInfo_SmartVillage 
where substring(vstartDt,1,10) >= :N4 and substring(vendDt,21,10) <= :N5 
 and vtype = 'ADDED' 
 order by vstartDt desc 

[20:43:55] Program Start!
[20:44:01] select convert(varchar(50), dong) as dong, convert(varchar(50), ho) as ho, vCarNo as CarNo, 
convert(CHAR(23), vstartDt, 21) as VisitStart, convert(CHAR(23), vendDt ,21) as VisitEnd  from VisitInfo_SmartVillage 
where substring(vstartDt,1,10) >= :N4 and substring(vendDt,21,10) <= :N5 
 and vtype = 'ADDED' 
 order by vstartDt desc 

[20:44:31] Program Start!
[20:44:36] select convert(varchar(50), dong) as dong, convert(varchar(50), ho) as ho, vCarNo as CarNo, 
convert(CHAR(23), vstartDt, 21) as VisitStart, convert(CHAR(23), vendDt ,21) as VisitEnd  from VisitInfo_SmartVillage 
where substring(vstartDt,1,10) >= :N4 and substring(vendDt,21,10) <= :N5 
 and vtype = 'ADDED' 
 order by vstartDt desc 

