[09:15:40] Program Start!
[09:17:03] Program Start!
[09:17:45] Program Start!
[09:17:58] Program Start!
[09:21:36] Program Start!
[09:21:53] Program Start!
[09:22:36] Program Start!
[09:23:09] Program Start!
[09:23:41] Program Start!
[09:24:49] Program Start!
[09:32:11] Program Start!
[09:33:46] Program Start!
[10:59:13] Program Start!
[10:59:54] Program Start!
[11:00:19] Program Start!
[11:00:29] Program Start!
[11:01:15] Program Start!
[11:01:37] Program Start!
[11:01:58] Program Start!
[11:04:08] Program Start!
[11:04:40] Program Start!
[11:05:05] Program Start!
[11:08:42] Program Start!
[11:10:22] Program Start!
[11:12:31] Program Start!
[11:13:31] Program Start!
[11:14:01] Program Start!
[11:16:34] Program Start!
[11:21:24] Program Start!
[11:43:45] Program Start!
[11:50:22] Program Start!
[15:28:05] Program Start!
[15:34:39] Program Start!
[16:20:54] Program Start!
[16:23:42] File: \\172.16.66.33\MSImage\2015\07\02\CH1_20150702133655_서울11가1111.jpg
[16:23:42] File: \\172.16.66.33\MSImage\2015\07\02\CH1_20150702133655_서울11가1111.jpg
[16:23:43] File: \\172.16.66.33\MSImage\2015\07\02\CH1_20150702121914_서울11가1111.jpg
[16:23:44] File: \\172.16.66.33\MSImage\2015\07\02\CH1_20150702121914_서울11가1111.jpg
[16:23:44] File: 
[16:23:44] File 없음: 
[16:23:44] File: 66.34\MSImage\2015\07\02\CH1_20150702114732_서울11가1112.jpg
[16:23:44] File 없음: 66.34\MSImage\2015\07\02\CH1_20150702114732_서울11가1112.jpg
[16:23:45] File: 
[16:23:45] File 없음: 
[16:23:45] File: 66.34\MSImage\2015\07\02\CH1_20150702114732_서울11가1112.jpg
[16:23:45] File 없음: 66.34\MSImage\2015\07\02\CH1_20150702114732_서울11가1112.jpg
[16:25:53] jasmine_car 파일 없음
[16:30:53] jasmine_car 파일 없음
