[10:55:00] Program Start!
[10:55:44] Program Start!
[10:58:27] Program Start!
[10:58:29] Program Close
[10:58:39] Program Start!
[12:02:50] Program Start!
[13:43:26] Program Start!
[14:01:46] Program Start!
[14:08:13] Program Start!
[14:08:22] TfrmMagam.FormShow: qryMagam: Field 'InOutComeTotalMoney' not found
[14:08:23] TfrmMagam.FormShow: qryMagam: Field 'InOutComeTotalMoney' not found
[14:08:23] TfrmMagam.FormShow: qryMagam: Field 'InOutComeTotalMoney' not found
[14:08:24] TfrmMagam.FormShow: qryMagam: Field 'InOutComeTotalMoney' not found
[14:08:24] TfrmMagam.FormShow: qryMagam: Field 'InOutComeTotalMoney' not found
[14:08:24] TfrmMagam.FormShow: qryMagam: Field 'InOutComeTotalMoney' not found
[14:08:24] TfrmMagam.FormShow: qryMagam: Field 'InOutComeTotalMoney' not found
[14:08:24] TfrmMagam.FormShow: qryMagam: Field 'InOutComeTotalMoney' not found
[14:08:25] TfrmMagam.FormShow: qryMagam: Field 'InOutComeTotalMoney' not found
[14:08:25] TfrmMagam.FormShow: qryMagam: Field 'InOutComeTotalMoney' not found
[14:08:25] TfrmMagam.FormShow: qryMagam: Field 'InOutComeTotalMoney' not found
[14:08:25] TfrmMagam.FormShow: qryMagam: Field 'InOutComeTotalMoney' not found
[14:08:25] TfrmMagam.FormShow: qryMagam: Field 'InOutComeTotalMoney' not found
[14:08:26] TfrmMagam.FormShow: qryMagam: Field 'InOutComeTotalMoney' not found
[14:08:26] TfrmMagam.FormShow: qryMagam: Field 'InOutComeTotalMoney' not found
[14:08:27] TfrmMagam.FormShow: qryMagam: Field 'InOutComeTotalMoney' not found
[14:08:27] TfrmMagam.FormShow: qryMagam: Field 'InOutComeTotalMoney' not found
[14:08:27] TfrmMagam.FormShow: qryMagam: Field 'InOutComeTotalMoney' not found
[14:12:14] Program Start!
[14:12:22] TfrmMagam.FormShow: qryMagam: Field 'InOutComeTotalMoney' not found
[14:12:22] TfrmMagam.FormShow: qryMagam: Field 'InOutComeTotalMoney' not found
[14:12:23] TfrmMagam.FormShow: qryMagam: Field 'InOutComeTotalMoney' not found
[14:12:23] TfrmMagam.FormShow: qryMagam: Field 'InOutComeTotalMoney' not found
[14:12:23] TfrmMagam.FormShow: qryMagam: Field 'InOutComeTotalMoney' not found
[14:12:24] TfrmMagam.FormShow: qryMagam: Field 'InOutComeTotalMoney' not found
[14:12:24] TfrmMagam.FormShow: qryMagam: Field 'InOutComeTotalMoney' not found
[14:12:24] TfrmMagam.FormShow: qryMagam: Field 'InOutComeTotalMoney' not found
[14:12:24] TfrmMagam.FormShow: qryMagam: Field 'InOutComeTotalMoney' not found
[14:12:25] TfrmMagam.FormShow: qryMagam: Field 'InOutComeTotalMoney' not found
[14:12:25] TfrmMagam.FormShow: qryMagam: Field 'InOutComeTotalMoney' not found
[14:12:25] TfrmMagam.FormShow: qryMagam: Field 'InOutComeTotalMoney' not found
[14:12:26] TfrmMagam.FormShow: qryMagam: Field 'InOutComeTotalMoney' not found
[14:12:26] TfrmMagam.FormShow: qryMagam: Field 'InOutComeTotalMoney' not found
[14:12:26] TfrmMagam.FormShow: qryMagam: Field 'InOutComeTotalMoney' not found
[14:12:26] TfrmMagam.FormShow: qryMagam: Field 'InOutComeTotalMoney' not found
[14:12:26] TfrmMagam.FormShow: qryMagam: Field 'InOutComeTotalMoney' not found
[14:12:27] TfrmMagam.FormShow: qryMagam: Field 'InOutComeTotalMoney' not found
[14:18:48] Program Start!
[14:18:55] TfrmMagam.FormShow: qryMagam: Field 'InOutComeTotalMoney' not found
[14:18:55] TfrmMagam.FormShow: qryMagam: Field 'InOutComeTotalMoney' not found
[14:18:55] TfrmMagam.FormShow: qryMagam: Field 'InOutComeTotalMoney' not found
[14:18:55] TfrmMagam.FormShow: qryMagam: Field 'InOutComeTotalMoney' not found
[14:19:04] Program Start!
[14:19:22] TfrmMagam.FormShow: qryMagam: Field 'InOutComeTotalMoney' not found
[14:25:08] Program Start!
[14:25:29] Program Start!
[14:25:35] TfrmMagam.dgMagamClick: qryMagam: Field 'InOutComeTotalMoney' not found
[14:25:35] TfrmMagam.dgMagamClick: qryMagam: Field 'InOutComeTotalMoney' not found
[14:25:35] TfrmMagam.dgMagamClick: qryMagam: Field 'InOutComeTotalMoney' not found
[14:25:35] TfrmMagam.dgMagamClick: qryMagam: Field 'InOutComeTotalMoney' not found
[14:25:36] TfrmMagam.dgMagamClick: qryMagam: Field 'InOutComeTotalMoney' not found
[14:25:36] TfrmMagam.dgMagamClick: qryMagam: Field 'InOutComeTotalMoney' not found
[14:25:39] TfrmMagam.dgMagamClick: qryMagam: Field 'InOutComeTotalMoney' not found
[14:25:39] TfrmMagam.dgMagamClick: qryMagam: Field 'InOutComeTotalMoney' not found
[14:25:46] Program Start!
[14:25:59] TfrmMagam.dgMagamClick: qryMagam: Field 'InOutComeTotalMoney' not found
[14:26:18] Program Start!
[14:26:27] TfrmMagam.btnSearchClick: 열 이름 'InOutComeTotalMoney'이(가) 잘못되었습니다
[14:27:33] Program Start!
[14:27:42] TfrmMagam.btnSearchClick: 열 이름 'InOutComeTotalMoney'이(가) 잘못되었습니다
[14:28:12] Program Start!
[14:28:24] TfrmMagam.btnSearchClick: 열 이름 'InOutComeTotalMoney'이(가) 잘못되었습니다
[14:29:20] Program Start!
[14:29:28] TfrmMagam.btnSearchClick: 열 이름 'InOutComeTotalMoney'이(가) 잘못되었습니다
[14:29:44] Program Start!
[14:31:12] Program Start!
[14:43:04] Program Start!
[14:47:28] Program Start!
[14:49:34] Program Start!
[14:50:20] Program Start!
[15:03:48] Program Start!
[15:05:24] Program Start!
[15:09:54] Program Start!
[15:12:39] Program Start!
[15:13:19] Program Start!
[16:45:15] Program Start!
[16:45:25] File: \\172.16.66.33\MSImage\2015\08\10\CH1_20150810083936_11가1599.jpg
[16:45:25] File: C:\LPRImage\2015\08\10\11\CH1_20150810083936_11가1599.jpg
[16:45:25] File: 
[16:45:25] File: C:\LPRImage\\\\150\
[16:45:25] File 없음: 
[16:45:25] File: 66.33\MSImage\2015\08\10\CH1_20150810093218_서울11가1114.jpg
[16:45:25] File 없음: 66.33\MSImage\2015\08\10\CH1_20150810093218_서울11가1114.jpg
[16:45:25] File: 
[16:45:26] File: C:\LPRImage\\\\150\
[16:45:26] File 없음: 
[16:45:26] File: 66.33\MSImage\2015\08\10\CH1_20150810093218_서울11가1114.jpg
[16:45:26] File 없음: 66.33\MSImage\2015\08\10\CH1_20150810093218_서울11가1114.jpg
[16:45:26] File: 
[16:45:26] File: C:\LPRImage\\\\12\
[16:45:26] File 없음: 
[16:45:26] File: 66.33\MSImage\2015\08\10\CH1_20150810130739_서울11가1113.jpg
[16:45:26] File 없음: 66.33\MSImage\2015\08\10\CH1_20150810130739_서울11가1113.jpg
[16:45:26] File: 
[16:45:26] File: C:\LPRImage\\\\12\
[16:45:26] File 없음: 
[16:45:26] File: 66.33\MSImage\2015\08\10\CH1_20150810130739_서울11가1113.jpg
[16:45:26] File 없음: 66.33\MSImage\2015\08\10\CH1_20150810130739_서울11가1113.jpg
[16:45:27] File: \\172.16.66.33\MSImage\2015\08\10\CH1_20150810083936_11가1599.jpg
[16:45:27] File: C:\LPRImage\2015\08\10\11\CH1_20150810083936_11가1599.jpg
[16:45:27] File: \\172.16.66.33\MSImage\2015\08\10\CH1_20150810083936_11가1599.jpg
[16:45:27] File: C:\LPRImage\2015\08\10\11\CH1_20150810083936_11가1599.jpg
[17:38:16] Program Start!
