[09:50:58] Program Start!
[09:52:24] Program Close
[09:52:53] Program Start!
[09:57:52] jasmine_car 파일 없음
[10:02:52] jasmine_car 파일 없음
[10:07:52] jasmine_car 파일 없음
[10:12:52] jasmine_car 파일 없음
[10:17:52] jasmine_car 파일 없음
[10:22:52] jasmine_car 파일 없음
[10:27:52] jasmine_car 파일 없음
[10:32:52] jasmine_car 파일 없음
[11:52:58] TfrmMain.tCountTimer: 연결을 실패했습니다
[11:52:58] jasmine_car 파일 없음
[11:52:58] TfrmMain.tCountTimer: 연결을 실패했습니다
[11:52:58] TfrmMain.tCountTimer: 연결을 실패했습니다
[11:53:08] TfrmMain.tCountTimer: 연결을 실패했습니다
[11:53:18] TfrmMain.tCountTimer: 연결을 실패했습니다
[11:53:28] TfrmMain.tCountTimer: 연결을 실패했습니다
[11:53:38] TfrmMain.tCountTimer: 연결을 실패했습니다
[11:53:48] TfrmMain.tCountTimer: 연결을 실패했습니다
[11:53:58] TfrmMain.tCountTimer: 연결을 실패했습니다
[11:54:08] TfrmMain.tCountTimer: 연결을 실패했습니다
[11:54:18] TfrmMain.tCountTimer: 연결을 실패했습니다
[11:54:28] TfrmMain.tCountTimer: 연결을 실패했습니다
[11:54:38] TfrmMain.tCountTimer: 연결을 실패했습니다
[11:54:48] TfrmMain.tCountTimer: 연결을 실패했습니다
[11:54:58] TfrmMain.tCountTimer: 연결을 실패했습니다
[11:55:08] TfrmMain.tCountTimer: 연결을 실패했습니다
[11:55:18] TfrmMain.tCountTimer: 연결을 실패했습니다
[11:55:28] TfrmMain.tCountTimer: 연결을 실패했습니다
[11:55:38] TfrmMain.tCountTimer: 연결을 실패했습니다
[11:55:48] TfrmMain.tCountTimer: 연결을 실패했습니다
[11:55:58] TfrmMain.tCountTimer: 연결을 실패했습니다
[11:56:08] TfrmMain.tCountTimer: 연결을 실패했습니다
[11:56:18] TfrmMain.tCountTimer: 연결을 실패했습니다
[11:56:28] TfrmMain.tCountTimer: 연결을 실패했습니다
[11:56:38] TfrmMain.tCountTimer: 연결을 실패했습니다
[11:56:48] TfrmMain.tCountTimer: 연결을 실패했습니다
[11:56:58] TfrmMain.tCountTimer: 연결을 실패했습니다
[11:57:08] TfrmMain.tCountTimer: 연결을 실패했습니다
[11:57:18] TfrmMain.tCountTimer: 연결을 실패했습니다
[11:57:28] TfrmMain.tCountTimer: 연결을 실패했습니다
[11:57:38] TfrmMain.tCountTimer: 연결을 실패했습니다
[11:57:48] jasmine_car 파일 없음
[11:57:48] TfrmMain.tCountTimer: 연결을 실패했습니다
[11:57:58] TfrmMain.tCountTimer: 연결을 실패했습니다
[11:58:08] TfrmMain.tCountTimer: 연결을 실패했습니다
[11:58:18] TfrmMain.tCountTimer: 연결을 실패했습니다
[11:58:28] TfrmMain.tCountTimer: 연결을 실패했습니다
[11:58:38] TfrmMain.tCountTimer: 연결을 실패했습니다
[11:58:48] TfrmMain.tCountTimer: 연결을 실패했습니다
[11:58:58] TfrmMain.tCountTimer: 연결을 실패했습니다
[11:59:08] TfrmMain.tCountTimer: 연결을 실패했습니다
[11:59:18] TfrmMain.tCountTimer: 연결을 실패했습니다
[11:59:28] TfrmMain.tCountTimer: 연결을 실패했습니다
[11:59:38] TfrmMain.tCountTimer: 연결을 실패했습니다
[11:59:48] TfrmMain.tCountTimer: 연결을 실패했습니다
[11:59:58] TfrmMain.tCountTimer: 연결을 실패했습니다
[12:00:08] TfrmMain.tCountTimer: 연결을 실패했습니다
[12:00:18] TfrmMain.tCountTimer: 연결을 실패했습니다
[12:00:28] TfrmMain.tCountTimer: 연결을 실패했습니다
[12:00:38] TfrmMain.tCountTimer: 연결을 실패했습니다
[12:00:48] TfrmMain.tCountTimer: 연결을 실패했습니다
[12:00:58] TfrmMain.tCountTimer: 연결을 실패했습니다
[12:01:08] TfrmMain.tCountTimer: 연결을 실패했습니다
[12:01:18] TfrmMain.tCountTimer: 연결을 실패했습니다
[12:01:28] TfrmMain.tCountTimer: 연결을 실패했습니다
[12:01:38] TfrmMain.tCountTimer: 연결을 실패했습니다
[12:01:48] TfrmMain.tCountTimer: 연결을 실패했습니다
[12:01:58] TfrmMain.tCountTimer: 연결을 실패했습니다
[12:02:08] TfrmMain.tCountTimer: 연결을 실패했습니다
[12:02:18] TfrmMain.tCountTimer: 연결을 실패했습니다
[12:02:28] TfrmMain.tCountTimer: 연결을 실패했습니다
[12:02:38] TfrmMain.tCountTimer: 연결을 실패했습니다
[12:02:48] jasmine_car 파일 없음
[12:02:48] TfrmMain.tCountTimer: 연결을 실패했습니다
[12:02:58] TfrmMain.tCountTimer: 연결을 실패했습니다
[12:03:08] TfrmMain.tCountTimer: 연결을 실패했습니다
[12:03:18] TfrmMain.tCountTimer: 연결을 실패했습니다
[12:03:28] TfrmMain.tCountTimer: 연결을 실패했습니다
[12:03:38] TfrmMain.tCountTimer: 연결을 실패했습니다
[12:03:48] TfrmMain.tCountTimer: 연결을 실패했습니다
[12:03:58] TfrmMain.tCountTimer: 연결을 실패했습니다
[12:04:08] TfrmMain.tCountTimer: 연결을 실패했습니다
[12:04:18] TfrmMain.tCountTimer: 연결을 실패했습니다
[12:04:28] TfrmMain.tCountTimer: 연결을 실패했습니다
[12:04:38] TfrmMain.tCountTimer: 연결을 실패했습니다
[12:04:48] TfrmMain.tCountTimer: 연결을 실패했습니다
[12:04:58] TfrmMain.tCountTimer: 연결을 실패했습니다
[12:05:08] TfrmMain.tCountTimer: 연결을 실패했습니다
[12:05:18] TfrmMain.tCountTimer: 연결을 실패했습니다
[12:05:35] TfrmMain.tCountTimer: 연결을 실패했습니다
[12:05:45] TfrmMain.tCountTimer: 연결을 실패했습니다
[12:05:55] TfrmMain.tCountTimer: 연결을 실패했습니다
[12:06:05] TfrmMain.tCountTimer: 연결을 실패했습니다
[12:06:15] TfrmMain.tCountTimer: 연결을 실패했습니다
[12:06:25] TfrmMain.tCountTimer: 연결을 실패했습니다
[12:06:35] TfrmMain.tCountTimer: 연결을 실패했습니다
[12:06:45] TfrmMain.tCountTimer: 연결을 실패했습니다
[12:06:55] TfrmMain.tCountTimer: 연결을 실패했습니다
[12:07:05] TfrmMain.tCountTimer: 연결을 실패했습니다
[12:07:15] TfrmMain.tCountTimer: 연결을 실패했습니다
[12:07:25] TfrmMain.tCountTimer: 연결을 실패했습니다
[12:07:35] TfrmMain.tCountTimer: 연결을 실패했습니다
[12:07:45] TfrmMain.tCountTimer: 연결을 실패했습니다
[12:07:48] jasmine_car 파일 없음
[12:07:55] TfrmMain.tCountTimer: 연결을 실패했습니다
[12:08:05] TfrmMain.tCountTimer: 연결을 실패했습니다
[12:08:15] TfrmMain.tCountTimer: 연결을 실패했습니다
[12:08:25] TfrmMain.tCountTimer: 연결을 실패했습니다
[12:08:35] TfrmMain.tCountTimer: 연결을 실패했습니다
[12:08:45] TfrmMain.tCountTimer: 연결을 실패했습니다
[12:08:55] TfrmMain.tCountTimer: 연결을 실패했습니다
[12:09:05] TfrmMain.tCountTimer: 연결을 실패했습니다
[12:09:15] TfrmMain.tCountTimer: 연결을 실패했습니다
[12:09:25] TfrmMain.tCountTimer: 연결을 실패했습니다
[12:09:35] TfrmMain.tCountTimer: 연결을 실패했습니다
[12:09:45] TfrmMain.tCountTimer: 연결을 실패했습니다
[12:09:55] TfrmMain.tCountTimer: 연결을 실패했습니다
[12:10:05] TfrmMain.tCountTimer: 연결을 실패했습니다
[12:10:15] TfrmMain.tCountTimer: 연결을 실패했습니다
[12:10:25] TfrmMain.tCountTimer: 연결을 실패했습니다
[12:10:35] TfrmMain.tCountTimer: 연결을 실패했습니다
[12:10:45] TfrmMain.tCountTimer: 연결을 실패했습니다
[12:10:55] TfrmMain.tCountTimer: 연결을 실패했습니다
[12:11:05] TfrmMain.tCountTimer: 연결을 실패했습니다
[12:11:15] TfrmMain.tCountTimer: 연결을 실패했습니다
[12:11:25] TfrmMain.tCountTimer: 연결을 실패했습니다
[12:11:36] TfrmMain.tCountTimer: 연결을 실패했습니다
[12:11:46] TfrmMain.tCountTimer: 연결을 실패했습니다
[12:11:56] TfrmMain.tCountTimer: 연결을 실패했습니다
[12:12:06] TfrmMain.tCountTimer: 연결을 실패했습니다
[12:12:16] TfrmMain.tCountTimer: 연결을 실패했습니다
[12:12:26] TfrmMain.tCountTimer: 연결을 실패했습니다
[12:12:33] Program Close
[17:52:52] Program Start!
[17:52:54] Program Close
[17:52:59] Program Start!
[17:53:12] sCardNo.btnAllAddClick: PRIMARY KEY 제약 조건 'PK_ValetCard'을(를) 위반했습니다. 개체 'dbo.ValetCard'에 중복 키를 삽입할 수 없습니다. 중복 키 값은 (1, 0006)입니다
[17:53:13] sCardNo.btnAllAddClick: PRIMARY KEY 제약 조건 'PK_ValetCard'을(를) 위반했습니다. 개체 'dbo.ValetCard'에 중복 키를 삽입할 수 없습니다. 중복 키 값은 (1, 0007)입니다
[17:53:14] sCardNo.btnAllAddClick: PRIMARY KEY 제약 조건 'PK_ValetCard'을(를) 위반했습니다. 개체 'dbo.ValetCard'에 중복 키를 삽입할 수 없습니다. 중복 키 값은 (1, 0008)입니다
[17:53:15] sCardNo.btnAllAddClick: PRIMARY KEY 제약 조건 'PK_ValetCard'을(를) 위반했습니다. 개체 'dbo.ValetCard'에 중복 키를 삽입할 수 없습니다. 중복 키 값은 (1, 0009)입니다
[17:53:18] sCardNo.btnAllAddClick: PRIMARY KEY 제약 조건 'PK_ValetCard'을(를) 위반했습니다. 개체 'dbo.ValetCard'에 중복 키를 삽입할 수 없습니다. 중복 키 값은 (1, 0010)입니다
[17:53:18] sCardNo.btnAllAddClick: PRIMARY KEY 제약 조건 'PK_ValetCard'을(를) 위반했습니다. 개체 'dbo.ValetCard'에 중복 키를 삽입할 수 없습니다. 중복 키 값은 (1, 0011)입니다
[17:53:18] sCardNo.btnAllAddClick: PRIMARY KEY 제약 조건 'PK_ValetCard'을(를) 위반했습니다. 개체 'dbo.ValetCard'에 중복 키를 삽입할 수 없습니다. 중복 키 값은 (1, 0012)입니다
[17:53:19] sCardNo.btnAllAddClick: PRIMARY KEY 제약 조건 'PK_ValetCard'을(를) 위반했습니다. 개체 'dbo.ValetCard'에 중복 키를 삽입할 수 없습니다. 중복 키 값은 (1, 0013)입니다
[17:53:47] Program Start!
[17:54:07] sCardNo.btnAllAddClick: PRIMARY KEY 제약 조건 'PK_ValetCard'을(를) 위반했습니다. 개체 'dbo.ValetCard'에 중복 키를 삽입할 수 없습니다. 중복 키 값은 (1, 0006)입니다
[17:54:13] Program Start!
[17:55:08] Program Start!
[17:55:14] sCardNo.btnAllAddClick: PRIMARY KEY 제약 조건 'PK_ValetCard'을(를) 위반했습니다. 개체 'dbo.ValetCard'에 중복 키를 삽입할 수 없습니다. 중복 키 값은 (1, 0007)입니다
[17:55:15] sCardNo.btnAllAddClick: PRIMARY KEY 제약 조건 'PK_ValetCard'을(를) 위반했습니다. 개체 'dbo.ValetCard'에 중복 키를 삽입할 수 없습니다. 중복 키 값은 (1, 0008)입니다
[17:56:52] Program Start!
[17:57:00] Program Close
[17:57:04] Program Start!
[17:57:21] sCardNo.btnAllAddClick: PRIMARY KEY 제약 조건 'PK_ValetCard'을(를) 위반했습니다. 개체 'dbo.ValetCard'에 중복 키를 삽입할 수 없습니다. 중복 키 값은 (1, 0007)입니다
[17:57:44] Program Start!
