[09:00:05] Program Start!
[09:01:09] Program Start!
[09:09:52] Program Start!
[09:42:55] Program Start!
[09:47:55] jasmine_car 파일 없음
[09:52:55] jasmine_car 파일 없음
[09:57:55] jasmine_car 파일 없음
[10:02:55] jasmine_car 파일 없음
[10:05:22] File 없음: 66.33\MSImage\2015\09\10\CH1_20150910091428_0000000000.jpg
[10:05:22] File 없음: 66.33\MSImage\2015\09\10\CH1_20150910091428_0000000000.jpg
[10:05:22] File 없음: 66.33\MSImage\2015\09\10\CH1_20150910091656_0000000000.jpg
[10:05:23] File 없음: 66.33\MSImage\2015\09\10\CH1_20150910091656_0000000000.jpg
[10:05:23] File 없음: 66.33\MSImage\2015\09\10\CH1_20150910115517_0000000000.jpg
[10:05:23] File 없음: 66.33\MSImage\2015\09\10\CH1_20150910115517_0000000000.jpg
[10:05:23] File 없음: 66.33\MSImage\2015\09\10\CH1_20150910075515_0000000000.jpg
[10:05:23] File 없음: 66.33\MSImage\2015\09\10\CH1_20150910075515_0000000000.jpg
[10:05:23] File 없음: 66.33\MSImage\2015\09\10\CH1_20150910091428_0000000000.jpg
[10:05:24] File 없음: 66.33\MSImage\2015\09\10\CH1_20150910091428_0000000000.jpg
[10:05:24] File 없음: 66.33\MSImage\2015\09\10\CH1_20150910091656_0000000000.jpg
[10:05:24] File 없음: 66.33\MSImage\2015\09\10\CH1_20150910091656_0000000000.jpg
[10:05:24] File 없음: 66.33\MSImage\2015\09\10\CH1_20150910115517_0000000000.jpg
[10:05:24] File 없음: 66.33\MSImage\2015\09\10\CH1_20150910115517_0000000000.jpg
[10:06:51] Program Start!
[10:07:20] Program Start!
[10:07:56] Program Close
[10:11:18] Program Start!
[10:11:32] 유효기간 수정, 차량번호: 01모4408 유효기간: 2015-09-01 ~ 2050-11-30
[10:11:59] Program Close
[10:12:02] Program Start!
[10:12:22] 유효기간 수정, 차량번호: 01보2364 유효기간: 2015-09-02 ~ 2050-12-31
[10:13:00] 기간연장 데이터, 차량번호: 11가1111 유효기간: 2015-08-01 ~ 2015-09-01
[10:13:01] Program Close
