[08:39:42] Program Start!
[08:39:44] 알림 타이머 시작
[08:40:13] Program Close
[08:40:34] Program Start!
[08:41:10] Program Start!
[08:41:11] 알림 타이머 시작
[08:41:51] 데이터조회 타이머 시작
[08:41:51] 알림 타이머 시작
[08:42:31] 데이터조회 타이머 시작
[08:42:31] 알림 타이머 시작
[08:43:11] 데이터조회 타이머 시작
[08:43:11] 알림 타이머 시작
[08:45:05] Program Start!
[08:45:07] 알림 타이머 시작
[08:45:10] Program Close
[08:48:31] Program Start!
[08:48:51] 데이터조회 타이머 시작
[08:48:51] 알림 타이머 시작
[08:49:31] 데이터조회 타이머 시작
[08:49:31] 알림 타이머 시작
[08:50:12] 데이터조회 타이머 시작
[08:50:12] 알림 타이머 시작
[08:50:52] 데이터조회 타이머 시작
[08:50:52] 알림 타이머 시작
[08:57:38] Program Start!
[08:57:40] 알림 타이머 시작
[08:57:46] Program Start!
[08:57:48] 알림 타이머 시작
[08:58:05] 알림 타이머 시작
[08:58:28] 데이터조회 타이머 시작
[08:58:28] 알림 타이머 시작
[08:59:08] 데이터조회 타이머 시작
[08:59:08] 알림 타이머 시작
[08:59:34] 알림 타이머 시작
[08:59:55] 데이터조회 타이머 시작
[08:59:55] 알림 타이머 시작
[09:00:35] 데이터조회 타이머 시작
[09:00:35] 알림 타이머 시작
[09:01:15] 데이터조회 타이머 시작
[09:01:15] 알림 타이머 시작
[09:01:55] 데이터조회 타이머 시작
[09:01:55] 알림 타이머 시작
[09:02:35] 데이터조회 타이머 시작
[09:02:35] 알림 타이머 시작
[09:02:46] jasmine_car 파일 없음
[09:03:15] 데이터조회 타이머 시작
[09:03:15] 알림 타이머 시작
[09:03:55] 데이터조회 타이머 시작
[09:03:55] 알림 타이머 시작
[09:04:36] 데이터조회 타이머 시작
[09:04:36] 알림 타이머 시작
[09:05:16] 데이터조회 타이머 시작
[09:05:16] 알림 타이머 시작
[09:05:56] 데이터조회 타이머 시작
[09:05:56] 알림 타이머 시작
[09:06:36] 데이터조회 타이머 시작
[09:06:36] 알림 타이머 시작
[09:07:16] 데이터조회 타이머 시작
[09:07:16] 알림 타이머 시작
[09:07:46] jasmine_car 파일 없음
[09:07:51] 알림 타이머 시작
[09:08:32] 데이터조회 타이머 시작
[09:08:32] 알림 타이머 시작
[09:09:12] 데이터조회 타이머 시작
[09:09:12] 알림 타이머 시작
[09:09:37] Program Close
[10:35:25] Program Start!
[10:35:26] 알림 타이머 시작
[10:36:01] Program Start!
[10:36:02] 알림 타이머 시작
[10:36:45] Program Start!
[10:36:46] 알림 타이머 시작
[10:36:59] Program Start!
[10:37:17] Program Start!
[10:37:37] 데이터조회 타이머 시작
[10:37:37] 알림 타이머 시작
[10:38:06] 알림 타이머 시작
[10:43:56] Program Start!
[10:43:58] 알림 타이머 시작
[10:44:38] 데이터조회 타이머 시작
[10:44:38] 알림 타이머 시작
[10:46:25] Program Start!
[10:46:27] 알림 타이머 시작
[10:53:51] Program Start!
[10:53:52] 알림 타이머 시작
[10:54:31] Program Close
[10:55:04] Program Start!
[10:55:07] 알림 타이머 시작
[10:55:21] Program Close
[11:08:12] Program Start!
[11:08:14] 알림 타이머 시작
[11:32:08] Program Start!
[11:32:11] 알림 타이머 시작
[11:32:24] Program Close
[11:41:15] Program Start!
[11:41:19] 알림 타이머 시작
[11:41:59] 데이터조회 타이머 시작
[11:41:59] 알림 타이머 시작
[11:42:00] Program Close
[11:43:35] Program Start!
[11:43:37] 알림 타이머 시작
[11:43:47] Program Close
[11:44:19] Program Start!
[11:44:21] 알림 타이머 시작
[11:45:01] 일반차량 입차 파일 확인: http://172.16.21.82:9080/MSImage/2015/09/12/CH1_20150912215733_12수3262.jpg
[11:45:01] HTTP 형식, 입차 파일 확인: http://172.16.21.82:9080/MSImage/2015/09/12/CH1_20150912215733_12수3262.jpg
[11:45:01] File: \\172.16.21.82\MSImage\2015\09\12\CH1_20150912215733_12수3262.jpg
[11:45:32] File 없음: \\172.16.21.82\MSImage\2015\09\12\CH1_20150912215733_12수3262.jpg
[11:45:32] 일반차량 입차 파일 확인: http://172.16.21.82:9080/MSImage/2015/09/12/CH1_20150912215733_12수3262.jpg
[11:45:32] HTTP 형식, 입차 파일 확인: http://172.16.21.82:9080/MSImage/2015/09/12/CH1_20150912215733_12수3262.jpg
[11:45:32] File: \\172.16.21.82\MSImage\2015\09\12\CH1_20150912215733_12수3262.jpg
[11:45:32] File 없음: \\172.16.21.82\MSImage\2015\09\12\CH1_20150912215733_12수3262.jpg
[11:45:32] 데이터조회 타이머 시작
[11:45:32] 알림 타이머 시작
[11:45:36] Program Close
[12:58:59] Program Start!
[12:59:00] 알림 타이머 시작
[12:59:04] 87번 부스 장애해제, 발생일자: 2015-09-18, 발생시간: 2015-09-18
[12:59:04] 알림 타이머 시작
[13:00:31] Program Start!
[13:01:00] Program Close
[13:04:35] Program Start!
[13:06:25] Program Close
[15:01:19] Program Start!
[15:01:21] TfrmMain.GridData: qryDeviceStatus: Field 'UnitNo' not found
[15:01:30] Program Close
[15:03:02] Program Start!
[15:05:05] Program Start!
[15:05:09] TfrmMain.GridData: qryDeviceStatus: Field 'UnitNo' not found
[15:05:25] TfrmMain.GridData: qryDeviceStatus: Field 'UnitNo' not found
[15:05:45] TfrmMain.GridData: qryDeviceStatus: Field 'UnitNo' not found
[15:06:05] TfrmMain.GridData: qryDeviceStatus: Field 'UnitNo' not found
[15:06:25] TfrmMain.GridData: qryDeviceStatus: Field 'UnitNo' not found
[15:06:45] TfrmMain.GridData: qryDeviceStatus: Field 'UnitNo' not found
[15:07:05] TfrmMain.GridData: qryDeviceStatus: Field 'UnitNo' not found
[15:07:25] TfrmMain.GridData: qryDeviceStatus: Field 'UnitNo' not found
[15:07:45] TfrmMain.GridData: qryDeviceStatus: Field 'UnitNo' not found
[15:08:05] TfrmMain.GridData: qryDeviceStatus: Field 'UnitNo' not found
[15:08:25] TfrmMain.GridData: qryDeviceStatus: Field 'UnitNo' not found
[15:08:45] TfrmMain.GridData: qryDeviceStatus: Field 'UnitNo' not found
[15:09:05] TfrmMain.GridData: qryDeviceStatus: Field 'UnitNo' not found
[15:09:25] TfrmMain.GridData: qryDeviceStatus: Field 'UnitNo' not found
[15:09:45] TfrmMain.GridData: qryDeviceStatus: Field 'UnitNo' not found
[15:10:05] jasmine_car 파일 없음
[15:10:05] TfrmMain.GridData: qryDeviceStatus: Field 'UnitNo' not found
[15:14:00] 80번 부스 장애해제, 발생일자: 2015-09-21, 발생시간: 2015-09-21
[15:14:35] Program Start!
[15:15:24] Program Close
[15:16:34] Program Start!
[15:22:33] Program Start!
[15:24:27] Program Close
[15:24:36] Program Start!
[15:25:08] Program Close
