[15:34:38] Program Start!
[15:34:53] Program Start!
[15:35:03] 데이터조회 타이머 시작
[15:35:03] 알람용 파일없음: 
[15:35:38] Program Start!
[15:35:43] Program Close
[15:39:12] Program Start!
[15:39:20] Program Start!
[16:03:15] Program Start!
[16:03:24] 데이터조회 타이머 시작
[16:03:24] 알람용 파일없음: 
[16:04:24] Program Start!
[16:04:34] 데이터조회 타이머 시작
[16:04:47] 알람용 파일없음: 
[16:04:59] Program Start!
[16:05:28] Program Start!
[16:05:30] 알람용 파일없음: 
[16:05:38] 데이터조회 타이머 시작
[16:05:38] 알람용 파일없음: 
[16:06:26] Program Start!
[16:06:28] 알람용 파일없음: 
[16:06:59] Program Start!
[16:07:01] 알림 타이머 시작
[16:07:13] 알림 타이머 시작
[16:08:28] Program Start!
[16:08:29] 알림 타이머 시작
[16:08:31] 알림 타이머 시작
[16:09:25] Program Start!
[16:09:27] 알림 타이머 시작
[16:09:45] 알림 타이머 시작
[16:10:48] Program Start!
[16:10:51] 알림 타이머 시작
[16:10:53] 알림 타이머 시작
[16:10:54] 알림 타이머 시작
[16:11:05] 데이터조회 타이머 시작
[16:11:15] 데이터조회 타이머 시작
[16:11:15] 알림 타이머 시작
[16:11:35] 데이터조회 타이머 시작
[16:11:45] 데이터조회 타이머 시작
[16:11:45] 알림 타이머 시작
[16:15:09] Program Start!
[16:15:10] 알림 타이머 시작
[16:15:59] Program Start!
[16:16:01] 알림 타이머 시작
[16:17:56] Program Start!
[16:17:58] 알림 타이머 시작
[16:18:18] 데이터조회 타이머 시작
[16:18:18] 알림 타이머 시작
[16:20:43] Program Start!
[16:20:44] 알림 타이머 시작
[16:21:13] Program Start!
[16:21:15] 알림 타이머 시작
[16:21:35] 데이터조회 타이머 시작
[16:21:35] 알림 타이머 시작
[16:21:55] 데이터조회 타이머 시작
[16:21:55] 알림 타이머 시작
[16:22:15] 데이터조회 타이머 시작
[16:22:15] 알림 타이머 시작
[16:24:52] Program Start!
[16:24:53] 알림 타이머 시작
[16:25:13] Program Start!
[16:28:08] Program Start!
[16:28:13] 알림 타이머 시작
[16:34:49] Program Start!
[16:34:56] 알림 타이머 시작
[16:39:32] Program Start!
[16:52:53] Program Start!
[16:52:55] 알림 타이머 시작
[16:53:45] Program Start!
[16:53:46] 알림 타이머 시작
[16:54:34] Program Start!
[16:54:36] 알림 타이머 시작
[16:57:35] Program Start!
[16:57:36] 알림 타이머 시작
[16:59:14] Program Start!
[16:59:15] 알림 타이머 시작
[16:59:23] Program Close
[16:59:35] Program Start!
[16:59:41] Program Start!
[16:59:43] 알림 타이머 시작
[17:06:55] Program Start!
[17:06:58] 알림 타이머 시작
[17:09:22] Program Start!
[17:09:45] Program Start!
[17:09:48] 알림 타이머 시작
[17:09:52] 알림 타이머 시작
[17:09:54] 알림 타이머 시작
[17:09:55] 알림 타이머 시작
[17:09:56] 알림 타이머 시작
[17:09:58] 알림 타이머 시작
[17:09:59] 알림 타이머 시작
[17:10:00] 알림 타이머 시작
[17:10:12] 데이터조회 타이머 시작
[17:10:22] 데이터조회 타이머 시작
[17:10:22] 알림 타이머 시작
[17:10:42] 데이터조회 타이머 시작
[17:10:42] 알림 타이머 시작
[17:10:54] 알림 타이머 시작
[17:11:06] 데이터조회 타이머 시작
[17:11:16] 데이터조회 타이머 시작
[17:11:26] 데이터조회 타이머 시작
[17:11:26] 알림 타이머 시작
[17:11:27] 일반차량 입차 파일 확인: http://172.16.21.81:9080/MSImage/2015/09/13/CH1_20150913093511_33오2465.jpg
[17:11:27] HTTP 형식, 일반차량 입차 파일 확인: http://172.16.21.81:9080/MSImage/2015/09/13/CH1_20150913093511_33오2465.jpg
[17:11:27] File: \\172.16.21.81\MSImage\2015\09\13\CH1_20150913093511_33오2465.jpg
[17:11:58] File 없음: \\172.16.21.81\MSImage\2015\09\13\CH1_20150913093511_33오2465.jpg
[17:11:58] 일반차량 입차 파일 확인: http://172.16.21.81:9080/MSImage/2015/09/13/CH1_20150913101553_46머3100.jpg
[17:11:58] HTTP 형식, 일반차량 입차 파일 확인: http://172.16.21.81:9080/MSImage/2015/09/13/CH1_20150913101553_46머3100.jpg
[17:11:58] File: \\172.16.21.81\MSImage\2015\09\13\CH1_20150913101553_46머3100.jpg
[17:11:58] File 없음: \\172.16.21.81\MSImage\2015\09\13\CH1_20150913101553_46머3100.jpg
[17:11:58] 일반차량 입차 파일 확인: http://172.16.21.81:9080/MSImage/2015/09/13/CH1_20150913101553_46머3100.jpg
[17:11:58] HTTP 형식, 일반차량 입차 파일 확인: http://172.16.21.81:9080/MSImage/2015/09/13/CH1_20150913101553_46머3100.jpg
[17:11:58] File: \\172.16.21.81\MSImage\2015\09\13\CH1_20150913101553_46머3100.jpg
[17:11:58] File 없음: \\172.16.21.81\MSImage\2015\09\13\CH1_20150913101553_46머3100.jpg
[17:12:08] 데이터조회 타이머 시작
[17:12:08] 알림 타이머 시작
[17:12:28] 데이터조회 타이머 시작
[17:12:28] 알림 타이머 시작
[17:12:48] 데이터조회 타이머 시작
[17:12:48] 알림 타이머 시작
[17:13:03] 데이터조회 타이머 시작
[17:13:13] 데이터조회 타이머 시작
[17:13:23] 데이터조회 타이머 시작
[17:13:33] 데이터조회 타이머 시작
[17:13:43] 데이터조회 타이머 시작
[17:13:53] 데이터조회 타이머 시작
[17:13:59] Program Close
[17:14:02] Program Start!
[17:15:02] Program Start!
[17:15:12] 데이터조회 타이머 시작
[17:15:22] 데이터조회 타이머 시작
[17:15:22] 알림 타이머 시작
[17:15:39] 알림 타이머 시작
[17:15:51] 데이터조회 타이머 시작
[17:16:01] 데이터조회 타이머 시작
[17:16:11] 데이터조회 타이머 시작
[17:16:21] 데이터조회 타이머 시작
[17:16:31] 데이터조회 타이머 시작
[17:22:30] Program Start!
[17:22:40] 데이터조회 타이머 시작
[17:22:50] 데이터조회 타이머 시작
[17:22:55] Program Close
[17:24:31] Program Start!
[17:24:51] 데이터조회 타이머 시작
[17:24:51] 알림 타이머 시작
[17:25:05] Program Close
[17:25:13] Program Start!
[17:25:15] 알림 타이머 시작
[17:25:21] Program Start!
[17:25:41] 데이터조회 타이머 시작
[17:25:41] 알림 타이머 시작
[17:26:02] Program Close
