[09:14:38] Program Start!
[09:14:38] TfrmMain.FormShow: Access violation at address 0040B368 in module 'Nexpa_Host.exe'. Read of address 00000090
[09:14:40] Program Close
[09:15:45] Program Start!
[09:16:25] TfrmNewSC.btnSaveClick # 그룹번호: 1, 차량번호: 11가1111, 유효기간시작: 2015-09-08, 유효기간끝: 2015-10-08, 발급금액: 0원
[09:20:45] jasmine_car 파일 없음
[09:25:45] jasmine_car 파일 없음
[09:30:45] jasmine_car 파일 없음
[09:35:45] jasmine_car 파일 없음
[09:40:45] jasmine_car 파일 없음
[09:45:45] jasmine_car 파일 없음
[09:50:45] jasmine_car 파일 없음
[09:55:45] jasmine_car 파일 없음
[10:00:45] jasmine_car 파일 없음
[10:05:45] jasmine_car 파일 없음
[10:10:45] jasmine_car 파일 없음
[10:15:45] jasmine_car 파일 없음
[10:20:45] jasmine_car 파일 없음
[10:25:45] jasmine_car 파일 없음
[10:30:45] jasmine_car 파일 없음
[10:35:45] jasmine_car 파일 없음
[10:40:45] jasmine_car 파일 없음
[10:45:45] jasmine_car 파일 없음
[10:50:45] jasmine_car 파일 없음
[10:55:45] jasmine_car 파일 없음
[11:00:45] jasmine_car 파일 없음
[11:05:45] jasmine_car 파일 없음
[11:10:45] jasmine_car 파일 없음
[11:15:45] jasmine_car 파일 없음
[11:20:45] jasmine_car 파일 없음
[11:25:45] jasmine_car 파일 없음
[11:30:45] jasmine_car 파일 없음
[11:51:04] Program Start!
[11:51:04] TfrmMain.FormShow: Access violation at address 0040B368 in module 'Nexpa_Host.exe'. Read of address 00000090
[11:56:04] jasmine_car 파일 없음
[12:01:04] jasmine_car 파일 없음
[12:06:04] jasmine_car 파일 없음
[12:11:04] jasmine_car 파일 없음
[12:16:04] jasmine_car 파일 없음
[12:21:04] jasmine_car 파일 없음
[12:26:04] jasmine_car 파일 없음
[12:31:04] jasmine_car 파일 없음
[12:36:04] jasmine_car 파일 없음
[12:41:04] jasmine_car 파일 없음
[12:46:04] jasmine_car 파일 없음
[12:51:04] jasmine_car 파일 없음
[12:56:04] jasmine_car 파일 없음
[13:01:04] jasmine_car 파일 없음
[13:04:09] Program Close
[13:04:40] Program Start!
[13:04:41] TfrmMain.FormShow: Access violation at address 0040B368 in module 'Nexpa_Host.exe'. Read of address 00000090
[13:04:43] Program Close
[13:04:45] Program Start!
[13:04:46] TfrmMain.FormShow: Access violation at address 0040B368 in module 'Nexpa_Host.exe'. Read of address 00000090
[13:04:54] Program Close
[13:05:03] Program Start!
[13:05:04] TfrmMain.FormShow: Access violation at address 0040B368 in module 'Nexpa_Host.exe'. Read of address 00000090
[13:05:38] Program Close
[13:16:26] Program Start!
[13:16:26] TfrmMain.FormShow: Access violation at address 0040B368 in module 'Nexpa_Host.exe'. Read of address 00000090
[13:21:26] jasmine_car 파일 없음
[13:26:26] jasmine_car 파일 없음
[13:31:26] jasmine_car 파일 없음
[13:36:26] jasmine_car 파일 없음
[13:41:26] jasmine_car 파일 없음
[13:44:45] jasmine_car 파일 없음
[13:48:18] Program Close
