[09:51:22] TfrmMain.GridData: 사용자 'sa'이(가) 로그인하지 못했습니다
[09:51:42] TfrmMain.GridData: 사용자 'sa'이(가) 로그인하지 못했습니다
[09:52:02] TfrmMain.GridData: 사용자 'sa'이(가) 로그인하지 못했습니다
[09:52:21] TfrmMain.GridData: 사용자 'sa'이(가) 로그인하지 못했습니다
[09:52:41] TfrmMain.GridData: 사용자 'sa'이(가) 로그인하지 못했습니다
[09:53:12] 알람용 파일없음: 
[09:53:30] 알람용 파일없음: 
[09:53:50] 알람용 파일없음: 
[09:54:10] 알람용 파일없음: 
[09:54:30] 알람용 파일없음: 
[09:54:50] 알람용 파일없음: 
[09:55:10] 알람용 파일없음: 
[09:55:30] 알람용 파일없음: 
[09:55:50] 알람용 파일없음: 
[09:56:10] 알람용 파일없음: 
[09:56:30] 알람용 파일없음: 
[09:56:50] 알람용 파일없음: 
[09:57:10] 알람용 파일없음: 
[09:57:30] 알람용 파일없음: 
[09:57:50] 알람용 파일없음: 
[09:58:10] 알람용 파일없음: 
[09:58:30] 알람용 파일없음: 
[09:58:50] 알람용 파일없음: 
[09:59:10] 알람용 파일없음: 
[09:59:30] 알람용 파일없음: 
[09:59:50] 알람용 파일없음: 
[10:00:10] 알람용 파일없음: 
[10:00:30] 알람용 파일없음: 
[10:09:08] 알람용 파일없음: 
[10:09:40] 알람용 파일없음: 
[10:10:30] 알람용 파일없음: 
[10:10:53] 알람용 파일없음: 
[10:15:00] 알람용 파일없음: 
[10:16:02] 알람용 파일없음: 
[10:16:42] 알람용 파일없음: 
[10:19:27] 알람용 파일없음: 
[10:21:33] 알람용 파일없음: 
[10:22:01] 알람용 파일없음: 
[10:22:27] 알람용 파일없음: 
[10:23:27] 알람용 파일없음: 
[10:23:42] 알람용 파일없음: 
[10:24:30] TfrmMain.GridData: No MCI device open
[10:27:16] TfrmMain.GridData: No MCI device open
[10:27:35] TfrmMain.GridData: No MCI device open
[10:28:03] TfrmMain.GridData: No MCI device open
[10:28:29] TfrmMain.GridData: No MCI device open
[10:28:44] TfrmMain.GridData: No MCI device open
[10:29:46] TfrmMain.GridData: No MCI device open
[10:29:50] TfrmMain.GridData: No MCI device open
[10:30:10] TfrmMain.GridData: No MCI device open
[10:30:30] TfrmMain.GridData: No MCI device open
[10:30:50] TfrmMain.GridData: No MCI device open
[10:31:10] TfrmMain.GridData: No MCI device open
[10:31:30] TfrmMain.GridData: No MCI device open
[10:31:50] TfrmMain.GridData: No MCI device open
[10:32:10] TfrmMain.GridData: No MCI device open
[10:32:30] TfrmMain.GridData: No MCI device open
[10:32:50] TfrmMain.GridData: No MCI device open
[10:33:10] TfrmMain.GridData: No MCI device open
[10:33:30] TfrmMain.GridData: No MCI device open
[10:33:50] TfrmMain.GridData: No MCI device open
[10:34:10] TfrmMain.GridData: No MCI device open
[10:34:30] TfrmMain.GridData: No MCI device open
[10:34:50] TfrmMain.GridData: No MCI device open
[10:35:10] TfrmMain.GridData: No MCI device open
[10:35:30] TfrmMain.GridData: No MCI device open
[10:35:50] TfrmMain.GridData: No MCI device open
[10:36:10] TfrmMain.GridData: No MCI device open
[10:36:30] TfrmMain.GridData: No MCI device open
[10:36:50] TfrmMain.GridData: No MCI device open
[10:37:10] TfrmMain.GridData: No MCI device open
[10:37:33] TfrmMain.GridData: No MCI device open
[10:37:53] TfrmMain.GridData: No MCI device open
[10:38:12] TfrmMain.GridData: No MCI device open
[10:38:32] TfrmMain.GridData: No MCI device open
[10:38:52] TfrmMain.GridData: No MCI device open
[10:39:12] TfrmMain.GridData: No MCI device open
[10:39:32] TfrmMain.GridData: [DBNETLIB][ConnectionWrite (send()).]일반 네트워크 오류입니다. 네트워크 설명서를 참조하십시오
[10:39:52] TfrmMain.GridData: 연결을 실패했습니다
[10:40:12] TfrmMain.GridData: 연결을 실패했습니다
[10:40:32] TfrmMain.GridData: 연결을 실패했습니다
[10:40:52] TfrmMain.GridData: 연결을 실패했습니다
[10:41:12] TfrmMain.GridData: 연결을 실패했습니다
[10:41:32] TfrmMain.GridData: 연결을 실패했습니다
[10:41:52] TfrmMain.GridData: 연결을 실패했습니다
[10:42:12] TfrmMain.GridData: 연결을 실패했습니다
[10:42:32] TfrmMain.GridData: 연결을 실패했습니다
[10:42:52] TfrmMain.GridData: 연결을 실패했습니다
[10:43:12] TfrmMain.GridData: 연결을 실패했습니다
[10:43:32] TfrmMain.GridData: 연결을 실패했습니다
[10:43:52] TfrmMain.GridData: 연결을 실패했습니다
[10:44:12] TfrmMain.GridData: 연결을 실패했습니다
[10:44:32] TfrmMain.GridData: 연결을 실패했습니다
[10:44:52] TfrmMain.GridData: 연결을 실패했습니다
[10:45:12] TfrmMain.GridData: 연결을 실패했습니다
[10:45:32] TfrmMain.GridData: 연결을 실패했습니다
[10:45:52] TfrmMain.GridData: 연결을 실패했습니다
[10:46:12] TfrmMain.GridData: 연결을 실패했습니다
[10:46:32] TfrmMain.GridData: 연결을 실패했습니다
[10:47:13] TfrmMain.GridData: No MCI device open
[10:47:21] TfrmMain.GridData: No MCI device open
[10:47:43] TfrmMain.GridData: No MCI device open
[10:48:01] TfrmMain.GridData: No MCI device open
[10:48:21] TfrmMain.GridData: No MCI device open
[10:48:41] TfrmMain.GridData: No MCI device open
[10:49:01] TfrmMain.GridData: No MCI device open
[10:49:21] TfrmMain.GridData: No MCI device open
[10:49:41] TfrmMain.GridData: No MCI device open
[10:50:01] TfrmMain.GridData: No MCI device open
[10:50:21] TfrmMain.GridData: No MCI device open
[10:50:37] TfrmMain.GridData: No MCI device open
[10:51:08] TfrmMain.GridData: No MCI device open
[10:51:59] TfrmMain.GridData: No MCI device open
[10:52:19] TfrmMain.GridData: No MCI device open
[10:52:39] TfrmMain.GridData: No MCI device open
[10:52:59] TfrmMain.GridData: No MCI device open
[10:53:19] TfrmMain.GridData: No MCI device open
[10:53:39] TfrmMain.GridData: No MCI device open
[10:53:59] TfrmMain.GridData: No MCI device open
[10:54:13] TfrmMain.GridData: No MCI device open
[10:54:19] TfrmMain.GridData: No MCI device open
[10:57:24] TfrmMain.GridData: No MCI device open
[10:58:07] TfrmMain.GridData: No MCI device open
[11:04:07] TfrmMain.GridData: No MCI device open
[11:14:57] TfrmMain.GridData: No MCI device open
[11:15:17] TfrmMain.GridData: No MCI device open
[11:15:37] TfrmMain.GridData: No MCI device open
[11:15:56] TfrmMain.GridData: No MCI device open
[11:16:13] TfrmMain.GridData: No MCI device open
[11:16:33] TfrmMain.GridData: No MCI device open
[11:16:53] TfrmMain.GridData: No MCI device open
[11:17:13] TfrmMain.GridData: No MCI device open
[11:17:33] TfrmMain.GridData: No MCI device open
[11:17:53] TfrmMain.GridData: No MCI device open
[11:18:13] TfrmMain.GridData: No MCI device open
[11:18:33] TfrmMain.GridData: No MCI device open
[11:18:53] TfrmMain.GridData: No MCI device open
[11:19:13] TfrmMain.GridData: No MCI device open
[11:19:33] TfrmMain.GridData: No MCI device open
[11:19:53] TfrmMain.GridData: No MCI device open
[11:20:13] TfrmMain.GridData: No MCI device open
[11:20:33] TfrmMain.GridData: No MCI device open
[11:20:53] TfrmMain.GridData: No MCI device open
[11:21:13] TfrmMain.GridData: No MCI device open
[11:21:33] TfrmMain.GridData: No MCI device open
[11:21:53] TfrmMain.GridData: No MCI device open
[11:22:13] TfrmMain.GridData: No MCI device open
[11:22:33] TfrmMain.GridData: No MCI device open
[11:22:53] TfrmMain.GridData: No MCI device open
[11:23:15] TfrmMain.GridData: No MCI device open
[11:23:59] TfrmMain.GridData: No MCI device open
[11:24:20] TfrmMain.GridData: No MCI device open
