**************************************************************
[21:47:30] Program Start!
[21:47:30] [DB저장 모드]
[21:47:31] TfrmMain.btnModeClick: 유인운영
[21:47:41] 근무시작: 근무자
[21:47:41] 설치된 입구보조 LPR이 없음!
[21:47:41] 설치된 출구보조 LPR이 없음!
[21:47:41] 설치된 출구 LPR이 없음!
[21:47:41] 설치된 입구전광판이 없음!
[21:47:41] 설치된 출구전광판이 없음!
[21:47:42] csInLpr1 접속성공
[21:47:43] [메인화면 에러] Socket Error # 10061
Connection refused.
[21:47:44] 정기권연동 쓰레드시작
[21:47:49] LPR Check: 18우2876,http://10.22.30.20:9080/MSImage/2020/10/23/CH1_20201023214748_18우2876.jpg,1,,,0, 2020-10-23 21:47:48
[21:47:49] File: \\10.22.30.20\MSImage\2020\10\23\CH1_20201023214748_18우2876.jpg
[21:47:49] 정기차량시작: 18우2876, 
[21:47:49] 입구차단기 Open 10.22.30.20:2100
[21:47:49] 전광판() 네트워크 에러
[21:47:50] 전광판() 네트워크 에러
[21:47:50] 전광판() 네트워크 에러
[21:47:51] 전광판() 네트워크 에러
[21:47:51] 전광판() 네트워크 에러
[21:47:51] 정기차량 입차 이미지 가져오기 시작
[21:47:51] 정기차량 입차 이미지 가져오기 끝
[21:47:51] 정기차량처리: 18우2876, 
[21:48:19] LPR Check: 18우2876,http://10.22.30.20:9080/MSImage/2020/10/23/CH1_20201023214818_18우2876.jpg,1,,,0, 2020-10-23 21:48:18
[21:48:19] File: \\10.22.30.20\MSImage\2020\10\23\CH1_20201023214818_18우2876.jpg
[21:48:19] 정기차량시작: 18우2876, 
[21:48:19] 입구차단기 Open 10.22.30.20:2100
[21:48:19] 전광판() 네트워크 에러
[21:48:19] 전광판() 네트워크 에러
[21:48:20] 전광판() 네트워크 에러
[21:48:20] 전광판() 네트워크 에러
[21:48:21] 전광판() 네트워크 에러
[21:48:21] 정기차량 입차 이미지 가져오기 시작
[21:48:21] 정기차량 입차 이미지 가져오기 끝
[21:48:21] 정기차량처리: 18우2876, 
[21:48:32] Program Close
**************************************************************
[21:48:41] Program Start!
[21:48:41] [DB저장 모드]
[21:48:41] TfrmMain.btnModeClick: 유인운영
[21:48:45] 근무시작: 근무자
[21:48:46] 설치된 입구보조 LPR이 없음!
[21:48:46] 설치된 출구보조 LPR이 없음!
[21:48:46] 설치된 출구 LPR이 없음!
[21:48:46] 설치된 입구전광판이 없음!
[21:48:46] 설치된 출구전광판이 없음!
[21:48:46] csInLpr1 접속성공
[21:48:46] 코콤서버와 Bind확인 - OK
[21:48:46] LPR재접속 쓰레드시작
[21:48:46] 정기권연동 쓰레드시작
[21:49:15] LPR Check: 18우2876,http://10.22.30.20:9080/MSImage/2020/10/23/CH1_20201023214914_18우2876.jpg,1,,,0, 2020-10-23 21:49:14
[21:49:15] File: \\10.22.30.20\MSImage\2020\10\23\CH1_20201023214914_18우2876.jpg
[21:49:15] 정기차량시작: 18우2876, 
[21:49:15] 입구차단기 Open 10.22.30.20:2100
[21:49:15] 전광판() 네트워크 에러
[21:49:16] 전광판() 네트워크 에러
[21:49:16] 전광판() 네트워크 에러
[21:49:17] 전광판() 네트워크 에러
[21:49:17] 전광판() 네트워크 에러
[21:49:17] 정기차량 입차 이미지 가져오기 시작
[21:49:17] 정기차량 입차 이미지 가져오기 끝
[21:49:17] 정기차량처리: 18우2876, 
