**************************************************************
[08:28:02] Program Start!
[08:28:02] [DB저장 모드]
[08:28:02] TfrmMain.btnModeClick: 유인운영
[08:28:05] 근무시작: 근무자
[08:28:05] 설치된 입구보조 LPR이 없음!
[08:28:05] 설치된 출구보조 LPR이 없음!
[08:28:05] 설치된 입구전광판이 없음!
[08:28:05] 설치된 출구전광판이 없음!
[08:28:05] LPR재접속 쓰레드시작
[08:28:05] 전광판재접속 쓰레드시작
[08:28:05] 정기권연동 쓰레드시작
[08:28:06] csInLpr1 접속성공
[08:28:06] csOutLpr1 접속성공
**************************************************************
[08:28:11] Program Start!
[08:28:11] [DB저장 모드]
[08:28:11] TfrmMain.btnModeClick: 유인운영
[08:28:15] 근무시작: (주)넥스파시스템
[08:28:15] 설치된 입구보조 LPR이 없음!
[08:28:15] 설치된 출구보조 LPR이 없음!
[08:28:15] 설치된 입구전광판이 없음!
[08:28:15] 설치된 출구전광판이 없음!
[08:28:15] LPR재접속 쓰레드시작
[08:28:15] 전광판재접속 쓰레드시작
[08:28:16] 정기권연동 쓰레드시작
[08:28:16] csInLpr1 접속성공
[08:28:16] csOutLpr1 접속성공
[08:28:36] Program Close
**************************************************************
[08:29:14] Program Start!
[08:29:14] [DB저장 모드]
[08:29:14] TfrmMain.btnModeClick: 유인운영
[08:29:20] 근무시작: (주)넥스파시스템
[08:29:20] 설치된 입구보조 LPR이 없음!
[08:29:20] 설치된 출구보조 LPR이 없음!
[08:29:20] 설치된 입구전광판이 없음!
[08:29:20] 설치된 출구전광판이 없음!
[08:29:20] LPR재접속 쓰레드시작
[08:29:20] 전광판재접속 쓰레드시작
[08:29:20] 정기권연동 쓰레드시작
[08:29:20] csInLpr1 접속성공
[08:29:20] csOutLpr1 접속성공
**************************************************************
[08:29:35] Program Start!
[08:29:36] [DB저장 모드]
[08:29:36] TfrmMain.btnModeClick: 유인운영
[08:29:40] 근무시작: (주)넥스파시스템
[08:29:40] 설치된 입구보조 LPR이 없음!
[08:29:40] 설치된 출구보조 LPR이 없음!
[08:29:40] 설치된 입구전광판이 없음!
[08:29:40] 설치된 출구전광판이 없음!
[08:29:40] LPR재접속 쓰레드시작
[08:29:41] 전광판재접속 쓰레드시작
[08:29:41] 정기권연동 쓰레드시작
[08:29:41] csOutLpr1 접속성공
[08:29:41] csInLpr1 접속성공
[08:29:58] Program Close
**************************************************************
[08:30:41] Program Start!
[08:30:41] [DB저장 모드]
[08:30:41] TfrmMain.btnModeClick: 유인운영
[08:30:45] 근무시작: (주)넥스파시스템
[08:30:45] 설치된 입구보조 LPR이 없음!
[08:30:45] 설치된 출구보조 LPR이 없음!
[08:30:45] 설치된 입구전광판이 없음!
[08:30:45] 설치된 출구전광판이 없음!
[08:30:45] LPR재접속 쓰레드시작
[08:30:45] 전광판재접속 쓰레드시작
[08:30:46] 정기권연동 쓰레드시작
[08:30:46] csOutLpr1 접속성공
[08:30:46] csInLpr1 접속성공
**************************************************************
[08:30:57] Program Start!
[08:30:57] [DB저장 모드]
[08:30:57] TfrmMain.btnModeClick: 유인운영
[08:31:04] 근무시작: (주)넥스파시스템
[08:31:04] 설치된 입구보조 LPR이 없음!
[08:31:04] 설치된 출구보조 LPR이 없음!
[08:31:04] 설치된 입구전광판이 없음!
[08:31:04] 설치된 출구전광판이 없음!
[08:31:04] LPR재접속 쓰레드시작
[08:31:04] 전광판재접속 쓰레드시작
[08:31:04] 정기권연동 쓰레드시작
[08:31:04] csInLpr1 접속성공
[08:31:04] csOutLpr1 접속성공
[08:31:40] Program Close
**************************************************************
[08:32:18] Program Start!
[08:32:18] [DB저장 모드]
[08:32:18] TfrmMain.btnModeClick: 유인운영
[08:32:20] 근무시작: 근무자
[08:32:20] 설치된 입구보조 LPR이 없음!
[08:32:20] 설치된 출구보조 LPR이 없음!
[08:32:20] 설치된 입구전광판이 없음!
[08:32:20] 설치된 출구전광판이 없음!
[08:32:20] LPR재접속 쓰레드시작
[08:32:20] 전광판재접속 쓰레드시작
[08:32:20] 정기권연동 쓰레드시작
[08:32:21] csInLpr1 접속성공
[08:32:21] csOutLpr1 접속성공
[08:32:23] Program Close
**************************************************************
[08:32:25] Program Start!
[08:32:25] [DB저장 모드]
[08:32:25] TfrmMain.btnModeClick: 유인운영
[08:32:29] 근무시작: (주)넥스파시스템
[08:32:29] 설치된 입구보조 LPR이 없음!
[08:32:29] 설치된 출구보조 LPR이 없음!
[08:32:29] 설치된 입구전광판이 없음!
[08:32:29] 설치된 출구전광판이 없음!
[08:32:29] LPR재접속 쓰레드시작
[08:32:29] 전광판재접속 쓰레드시작
[08:32:29] 정기권연동 쓰레드시작
[08:32:30] csOutLpr1 접속성공
[08:32:30] csInLpr1 접속성공
**************************************************************
[08:32:48] Program Start!
[08:32:48] [DB저장 모드]
[08:32:48] TfrmMain.btnModeClick: 유인운영
[08:32:55] 근무시작: (주)넥스파시스템
[08:32:55] 설치된 입구보조 LPR이 없음!
[08:32:55] 설치된 출구보조 LPR이 없음!
[08:32:55] 설치된 입구전광판이 없음!
[08:32:55] 설치된 출구전광판이 없음!
[08:32:55] LPR재접속 쓰레드시작
[08:32:55] 전광판재접속 쓰레드시작
[08:32:55] 정기권연동 쓰레드시작
[08:32:56] csOutLpr1 접속성공
[08:32:56] csInLpr1 접속성공
[08:33:08] Program Close
**************************************************************
[10:25:25] Program Start!
[10:25:25] [DB저장 모드]
[10:25:25] TfrmMain.btnModeClick: 유인운영
[10:25:40] 근무시작: 근무자
[10:25:40] 설치된 입구보조 LPR이 없음!
[10:25:40] 설치된 출구보조 LPR이 없음!
[10:25:40] 설치된 입구전광판이 없음!
[10:25:40] 설치된 출구전광판이 없음!
[10:25:40] LPR재접속 쓰레드시작
[10:25:40] 전광판재접속 쓰레드시작
[10:25:40] 정기권연동 쓰레드시작
[10:25:41] csInLpr1 접속성공
[10:25:41] csOutLpr1 접속성공
[10:25:59] Program Close
**************************************************************
[10:26:06] Program Start!
[10:26:06] [DB저장 모드]
[10:26:06] TfrmMain.btnModeClick: 유인운영
[10:26:18] 근무시작: 근무자
[10:26:18] 설치된 입구보조 LPR이 없음!
[10:26:18] 설치된 출구보조 LPR이 없음!
[10:26:18] 설치된 입구전광판이 없음!
[10:26:18] 설치된 출구전광판이 없음!
[10:26:18] LPR재접속 쓰레드시작
[10:26:18] 전광판재접속 쓰레드시작
[10:26:19] 정기권연동 쓰레드시작
[10:26:19] csInLpr1 접속성공
[10:26:19] csOutLpr1 접속성공
[10:26:40] LPR Check: 43어3240,http://10.22.30.20:9080/MSImage/2020/12/11/CH1_20201211102638_43어3240.jpg,1,,,0, 2020-12-11 10:26:38
[10:26:40] File: \\10.22.30.20\MSImage\2020\12\11\CH1_20201211102638_43어3240.jpg
[10:26:40] NormalProc: 일반차량 처리 시작 : 43어3240, 
[10:26:40] 미등록차량 입차: 43어3240 - \\10.22.30.20\MSImage\2020\12\11\CH1_20201211102638_43어3240.jpg
[10:26:40] 일반차량 입차 이미지 가져오기 시작
[10:26:40] 일반차량 입차 이미지 가져오기 끝
[10:26:43] Program Close
**************************************************************
[10:26:53] Program Start!
[10:26:53] [DB저장 모드]
[10:26:53] TfrmMain.btnModeClick: 유인운영
[10:26:55] 근무시작: 근무자
[10:26:55] 설치된 입구보조 LPR이 없음!
[10:26:55] 설치된 출구보조 LPR이 없음!
[10:26:55] 설치된 입구전광판이 없음!
[10:26:55] 설치된 출구전광판이 없음!
[10:26:55] LPR재접속 쓰레드시작
[10:26:55] 전광판재접속 쓰레드시작
[10:26:55] 정기권연동 쓰레드시작
[10:26:56] csInLpr1 접속성공
[10:26:56] csOutLpr1 접속성공
[10:27:02] LPR Check: 43어3240,http://10.22.30.20:9080/MSImage/2020/12/11/CH1_20201211102700_43어3240.jpg,1,,,0, 2020-12-11 10:27:00
[10:27:02] File: \\10.22.30.20\MSImage\2020\12\11\CH1_20201211102700_43어3240.jpg
[10:27:02] NormalProc: 일반차량 처리 시작 : 43어3240, 
[10:27:18] 43어3240
**************************************************************
[10:28:04] Program Start!
[10:28:04] [DB저장 모드]
[10:28:04] TfrmMain.btnModeClick: 유인운영
[10:28:07] 근무시작: 근무자
[10:28:07] 설치된 입구보조 LPR이 없음!
[10:28:07] 설치된 출구보조 LPR이 없음!
[10:28:07] 설치된 입구전광판이 없음!
[10:28:07] 설치된 출구전광판이 없음!
[10:28:07] LPR재접속 쓰레드시작
[10:28:07] 전광판재접속 쓰레드시작
[10:28:07] 정기권연동 쓰레드시작
[10:28:07] csInLpr1 접속성공
[10:28:07] csOutLpr1 접속성공
[10:28:09] LPR Check: 43어3240,http://10.22.30.20:9080/MSImage/2020/12/11/CH1_20201211102808_43어3240.jpg,1,,,0, 2020-12-11 10:28:08
[10:28:09] File: \\10.22.30.20\MSImage\2020\12\11\CH1_20201211102808_43어3240.jpg
[10:28:09] NormalProc: 일반차량 처리 시작 : 43어3240, 
[10:28:11] 방문차량 입차: 43어3240 - \\10.22.30.20\MSImage\2020\12\11\CH1_20201211102808_43어3240.jpg
[10:28:11] 입구차단기 Open 10.22.30.20:2300
[10:28:11] 입구차단기 Open 10.22.30.20:2300
[10:28:11] 509/303/43어3240 사전예약방문 차량 차단기오픈
[10:28:11] 일반차량 입차 이미지 가져오기 시작
[10:28:11] 일반차량 입차 이미지 가져오기 끝
[10:28:15] Program Close
**************************************************************
[15:03:19] Program Start!
[15:03:19] [DB저장 모드]
[15:03:19] TfrmMain.btnModeClick: 유인운영
[15:03:21] 근무시작: 근무자
[15:03:21] 설치된 입구보조 LPR이 없음!
[15:03:21] 설치된 출구보조 LPR이 없음!
[15:03:21] 설치된 입구전광판이 없음!
[15:03:21] 설치된 출구전광판이 없음!
[15:03:22] LPR재접속 쓰레드시작
[15:03:22] 전광판재접속 쓰레드시작
[15:03:22] 정기권연동 쓰레드시작
[15:03:22] csInLpr1 접속성공
[15:03:22] csOutLpr1 접속성공
[15:03:34] Program Close
**************************************************************
[15:11:53] Program Start!
[15:11:53] [DB저장 모드]
[15:11:53] TfrmMain.btnModeClick: 유인운영
[15:11:55] 근무시작: 근무자
[15:11:55] 설치된 입구보조 LPR이 없음!
[15:11:55] 설치된 출구보조 LPR이 없음!
[15:11:56] 설치된 입구전광판이 없음!
[15:11:56] 설치된 출구전광판이 없음!
[15:11:56] LPR재접속 쓰레드시작
[15:11:56] 전광판재접속 쓰레드시작
[15:11:56] 정기권연동 쓰레드시작
[15:11:57] csInLpr1 접속성공
[15:11:57] csOutLpr1 접속성공
[15:12:01] Program Close
**************************************************************
[15:12:49] Program Start!
[15:12:49] [DB저장 모드]
[15:12:49] TfrmMain.btnModeClick: 유인운영
[15:12:52] 근무시작: 근무자
[15:12:52] 설치된 입구보조 LPR이 없음!
[15:12:52] 설치된 출구보조 LPR이 없음!
[15:12:52] 설치된 입구전광판이 없음!
[15:12:52] 설치된 출구전광판이 없음!
[15:12:52] LPR재접속 쓰레드시작
[15:12:52] 전광판재접속 쓰레드시작
[15:12:52] 정기권연동 쓰레드시작
[15:12:53] csInLpr1 접속성공
[15:12:53] csOutLpr1 접속성공
[15:12:56] Program Close
**************************************************************
[15:13:42] Program Start!
[15:13:42] [DB저장 모드]
[15:13:42] TfrmMain.btnModeClick: 유인운영
[15:13:45] 근무시작: 근무자
[15:13:45] 설치된 입구보조 LPR이 없음!
[15:13:45] 설치된 출구보조 LPR이 없음!
[15:13:45] 설치된 입구전광판이 없음!
[15:13:45] 설치된 출구전광판이 없음!
[15:13:46] LPR재접속 쓰레드시작
[15:13:46] 전광판재접속 쓰레드시작
[15:13:46] 정기권연동 쓰레드시작
[15:13:47] csInLpr1 접속성공
[15:13:47] csOutLpr1 접속성공
[15:13:53] Program Close
**************************************************************
[15:14:15] Program Start!
[15:14:15] [DB저장 모드]
[15:14:15] TfrmMain.btnModeClick: 유인운영
[15:14:18] 근무시작: 근무자
[15:14:18] 설치된 입구보조 LPR이 없음!
[15:14:18] 설치된 출구보조 LPR이 없음!
[15:14:18] 설치된 입구전광판이 없음!
[15:14:18] 설치된 출구전광판이 없음!
[15:14:18] LPR재접속 쓰레드시작
[15:14:18] 전광판재접속 쓰레드시작
[15:14:19] csInLpr1 접속성공
[15:14:19] csOutLpr1 접속성공
[15:14:25] Program Close
**************************************************************
[15:15:01] Program Start!
[15:15:01] [DB저장 모드]
[15:15:01] TfrmMain.btnModeClick: 유인운영
[15:15:03] 근무시작: 근무자
[15:15:04] 설치된 입구보조 LPR이 없음!
[15:15:04] 설치된 출구보조 LPR이 없음!
[15:15:04] 설치된 입구전광판이 없음!
[15:15:04] 설치된 출구전광판이 없음!
[15:15:04] LPR재접속 쓰레드시작
[15:15:04] 전광판재접속 쓰레드시작
[15:15:04] 정기권연동 쓰레드시작
[15:15:05] csInLpr1 접속성공
[15:15:05] csOutLpr1 접속성공
[15:15:11] Program Close
**************************************************************
[15:16:11] Program Start!
[15:16:11] [DB저장 모드]
[15:16:11] TfrmMain.btnModeClick: 유인운영
[15:16:14] 근무시작: 근무자
[15:16:14] 설치된 입구보조 LPR이 없음!
[15:16:14] 설치된 출구보조 LPR이 없음!
[15:16:14] 설치된 입구전광판이 없음!
[15:16:14] 설치된 출구전광판이 없음!
[15:16:14] LPR재접속 쓰레드시작
[15:16:14] 전광판재접속 쓰레드시작
[15:16:15] 정기권연동 쓰레드시작
[15:16:15] csInLpr1 접속성공
[15:16:15] csOutLpr1 접속성공
[15:16:21] Program Close
**************************************************************
[15:16:48] Program Start!
[15:16:48] [DB저장 모드]
[15:16:48] TfrmMain.btnModeClick: 유인운영
[15:16:51] 근무시작: 근무자
[15:16:51] 설치된 입구보조 LPR이 없음!
[15:16:51] 설치된 출구보조 LPR이 없음!
[15:16:51] 설치된 입구전광판이 없음!
[15:16:51] 설치된 출구전광판이 없음!
[15:16:51] LPR재접속 쓰레드시작
[15:16:51] 전광판재접속 쓰레드시작
[15:16:52] csInLpr1 접속성공
[15:16:52] csOutLpr1 접속성공
[15:17:03] Program Close
**************************************************************
[15:17:14] Program Start!
[15:17:15] [DB저장 모드]
[15:17:15] TfrmMain.btnModeClick: 유인운영
[15:17:17] 근무시작: 근무자
[15:17:17] 설치된 입구보조 LPR이 없음!
[15:17:17] 설치된 출구보조 LPR이 없음!
[15:17:17] 설치된 입구전광판이 없음!
[15:17:17] 설치된 출구전광판이 없음!
[15:17:18] LPR재접속 쓰레드시작
[15:17:18] 정기권연동 쓰레드시작
[15:17:18] csOutLpr1 접속성공
[15:17:18] csInLpr1 접속성공
[15:17:22] Program Close
