**************************************************************
[16:20:55] Program Start!
[16:20:55] [DB저장 모드]
[16:20:55] TfrmMain.btnModeClick: 유인운영
[16:20:56] 비로그인
[16:20:56] 설치된 입구보조 LPR이 없음!
[16:20:56] 설치된 출구보조 LPR이 없음!
[16:20:56] 설치된 출구 LPR이 없음!
[16:20:56] 설치된 출구전광판이 없음!
[16:20:57] LPR재접속 쓰레드시작
[16:20:58] csInLpr1 접속성공
[16:21:01] SocketError > ErrorNo: [10061] Host: [10.22.30.20] Port: [5000] Name: [csInDsp1] Msg: [서버가 죽었거나 클라이언트에서 접속환경이 잘못되었을때 나타나는 현상]
[16:21:07] Program Close
**************************************************************
[16:22:06] Program Start!
[16:22:07] [DB저장 모드]
[16:22:07] TfrmMain.btnModeClick: 유인운영
[16:22:07] 비로그인
[16:22:08] 설치된 입구보조 LPR이 없음!
[16:22:08] 설치된 출구보조 LPR이 없음!
[16:22:08] 설치된 출구 LPR이 없음!
[16:22:08] 설치된 출구전광판이 없음!
[16:22:08] LPR재접속 쓰레드시작
[16:22:09] csInLpr1 접속성공
[16:22:12] SocketError > ErrorNo: [10061] Host: [10.22.30.20] Port: [5000] Name: [csInDsp1] Msg: [서버가 죽었거나 클라이언트에서 접속환경이 잘못되었을때 나타나는 현상]
[16:22:18] 입구차단기 Open 10.22.30.20:2300
[16:22:18] TfrmMain.popOpenClick: 입차1 차단기 OPEN
[16:22:20] Program Close
**************************************************************
[16:28:24] Program Start!
[16:28:24] [DB저장 모드]
[16:28:24] TfrmMain.btnModeClick: 유인운영
[16:28:25] 비로그인
[16:28:25] 설치된 입구보조 LPR이 없음!
[16:28:25] 설치된 출구보조 LPR이 없음!
[16:28:25] 설치된 출구 LPR이 없음!
[16:28:25] 설치된 출구전광판이 없음!
[16:28:26] 전광판재접속 쓰레드시작
[16:28:27] csInLpr1 접속성공
[16:28:30] SocketError > ErrorNo: [10061] Host: [10.22.30.20] Port: [5000] Name: [csInDsp1] Msg: [서버가 죽었거나 클라이언트에서 접속환경이 잘못되었을때 나타나는 현상]
[16:28:45] Program Close
**************************************************************
[16:33:39] Program Start!
[16:33:39] [DB저장 모드]
[16:33:40] TfrmMain.btnModeClick: 유인운영
[16:33:40] 비로그인
[16:33:40] 설치된 입구보조 LPR이 없음!
[16:33:40] 설치된 출구보조 LPR이 없음!
[16:33:40] 설치된 출구 LPR이 없음!
[16:33:40] 설치된 출구전광판이 없음!
[16:33:41] LPR재접속 쓰레드시작
[16:33:41] 전광판재접속 쓰레드시작
[16:33:41] 정기권연동 쓰레드시작
[16:33:42] csInLpr1 접속성공
[16:33:45] SocketError > ErrorNo: [10061] Host: [10.22.30.20] Port: [5000] Name: [csInDsp1] Msg: [서버가 죽었거나 클라이언트에서 접속환경이 잘못되었을때 나타나는 현상]
[16:33:46] TfrmMain.mnu1_1Click 입구1 차단기 오픈 
[16:33:50] Program Close
**************************************************************
[16:37:49] Program Start!
[16:37:49] [DB저장 모드]
[16:37:49] TfrmMain.btnModeClick: 유인운영
[16:37:49] 비로그인
[16:37:49] 설치된 입구보조 LPR이 없음!
[16:37:49] 설치된 출구보조 LPR이 없음!
[16:37:49] 설치된 출구 LPR이 없음!
[16:37:49] 설치된 출구전광판이 없음!
[16:37:49] LPR재접속 쓰레드시작
[16:37:50] 전광판재접속 쓰레드시작
[16:37:50] 정기권연동 쓰레드시작
[16:37:51] csInLpr1 접속성공
[16:37:53] SocketError > ErrorNo: [10061] Host: [10.22.30.20] Port: [5000] Name: [csInDsp1] Msg: [서버가 죽었거나 클라이언트에서 접속환경이 잘못되었을때 나타나는 현상]
[16:38:05] Program Close
