**************************************************************
[09:07:00] Program Start!
[09:07:00] [DB저장 모드]
[09:07:00] TfrmMain.btnModeClick: 유인운영
[09:07:00] 비로그인
[09:07:00] 설치된 입구보조 LPR이 없음!
[09:07:00] 설치된 출구보조 LPR이 없음!
[09:07:00] 설치된 출구 LPR이 없음!
[09:07:00] 설치된 입구전광판이 없음!
[09:07:00] 설치된 출구전광판이 없음!
[09:07:01] LPR재접속 쓰레드시작
[09:07:01] 전광판재접속 쓰레드시작
[09:07:01] 정기권연동 쓰레드시작
[09:07:01] 71번 LPR에 연결된 방문증(시리얼타입) 오픈에러!
[09:07:01] csInLpr1 접속성공
**************************************************************
[09:07:16] Program Start!
[09:07:16] [DB저장 모드]
[09:07:16] TfrmMain.btnModeClick: 유인운영
[09:07:16] 비로그인
[09:07:16] 설치된 입구보조 LPR이 없음!
[09:07:16] 설치된 출구보조 LPR이 없음!
[09:07:16] 설치된 출구 LPR이 없음!
[09:07:16] 설치된 입구전광판이 없음!
[09:07:16] 설치된 출구전광판이 없음!
[09:07:16] LPR재접속 쓰레드시작
[09:07:16] 전광판재접속 쓰레드시작
[09:07:16] 정기권연동 쓰레드시작
[09:07:16] 71번 LPR에 연결된 방문증(시리얼타입) 오픈에러!
[09:07:17] csInLpr1 접속성공
**************************************************************
[09:07:34] Program Start!
[09:07:34] [DB저장 모드]
[09:07:34] TfrmMain.btnModeClick: 유인운영
[09:07:34] 비로그인
[09:07:34] 설치된 입구보조 LPR이 없음!
[09:07:34] 설치된 출구보조 LPR이 없음!
[09:07:34] 설치된 출구 LPR이 없음!
[09:07:34] 설치된 입구전광판이 없음!
[09:07:34] 설치된 출구전광판이 없음!
[09:07:34] LPR재접속 쓰레드시작
[09:07:34] 전광판재접속 쓰레드시작
[09:07:35] 정기권연동 쓰레드시작
[09:07:35] 71번 LPR에 연결된 방문증(시리얼타입) 오픈에러!
[09:07:35] csInLpr1 접속성공
[09:07:36] Program Close
**************************************************************
[17:20:51] Program Start!
[17:20:51] [DB저장 모드]
[17:20:51] TfrmMain.btnModeClick: 유인운영
[17:20:51] 비로그인
[17:20:51] 설치된 입구보조 LPR이 없음!
[17:20:51] 설치된 출구보조 LPR이 없음!
[17:20:51] 설치된 출구 LPR이 없음!
[17:20:51] 설치된 입구전광판이 없음!
[17:20:51] 설치된 출구전광판이 없음!
[17:20:51] LPR재접속 쓰레드시작
[17:20:51] 전광판재접속 쓰레드시작
[17:20:52] 정기권연동 쓰레드시작
[17:20:52] 71번 LPR에 연결된 방문증(시리얼타입) 오픈에러!
[17:20:52] csInLpr1 접속성공
[17:21:24] LPR Check: 52라0891,http://10.22.31.1:9080/MSImage/2020/12/30/CH1_20201230172125_52라0891.jpg,1,,,0, 2020-12-30 17:21:25
[17:21:24] File: \\10.22.31.1\MSImage\2020\12\30\CH1_20201230172125_52라0891.jpg
[17:21:24] NormalProc: 일반차량 처리 시작 : 52라0891, 
[17:21:24] 미등록차량 입차: 52라0891 - \\10.22.31.1\MSImage\2020\12\30\CH1_20201230172125_52라0891.jpg
[17:21:25] File 없음: \\10.22.31.1\MSImage\2020\12\30\CH1_20201230172125_52라0891.jpg
[17:21:27] 방문증내용 업데이트완료:2020123017212498170
**************************************************************
[17:21:41] Program Start!
[17:21:41] [DB저장 모드]
[17:21:41] TfrmMain.btnModeClick: 유인운영
[17:21:42] 비로그인
[17:21:42] 설치된 입구보조 LPR이 없음!
[17:21:42] 설치된 출구보조 LPR이 없음!
[17:21:42] 설치된 출구 LPR이 없음!
[17:21:42] 설치된 입구전광판이 없음!
[17:21:42] 설치된 출구전광판이 없음!
[17:21:42] LPR재접속 쓰레드시작
[17:21:42] 전광판재접속 쓰레드시작
[17:21:42] 정기권연동 쓰레드시작
[17:21:43] csInLpr1 접속성공
[17:21:44] LPR Check: 52라0891,http://10.22.31.1:9080/MSImage/2020/12/30/CH1_20201230172144_52라0891.jpg,1,,,0, 2020-12-30 17:21:44
[17:21:44] File: \\10.22.31.1\MSImage\2020\12\30\CH1_20201230172144_52라0891.jpg
[17:21:44] NormalProc: 일반차량 처리 시작 : 52라0891, 
[17:21:44] 미등록차량 입차: 52라0891 - \\10.22.31.1\MSImage\2020\12\30\CH1_20201230172144_52라0891.jpg
[17:21:44] File 없음: \\10.22.31.1\MSImage\2020\12\30\CH1_20201230172144_52라0891.jpg
[17:21:49] Program Close
**************************************************************
[17:22:18] Program Start!
[17:22:18] [DB저장 모드]
[17:22:18] TfrmMain.btnModeClick: 유인운영
[17:22:18] 비로그인
[17:22:18] 설치된 입구보조 LPR이 없음!
[17:22:18] 설치된 출구보조 LPR이 없음!
[17:22:18] 설치된 출구 LPR이 없음!
[17:22:18] 설치된 입구전광판이 없음!
[17:22:18] 설치된 출구전광판이 없음!
[17:22:18] LPR재접속 쓰레드시작
[17:22:19] 전광판재접속 쓰레드시작
[17:22:19] 정기권연동 쓰레드시작
[17:22:19] csInLpr1 접속성공
[17:22:23] LPR Check: 52라0891,http://10.22.31.1:9080/MSImage/2020/12/30/CH1_20201230172223_52라0891.jpg,1,,,0, 2020-12-30 17:22:23
[17:22:23] File: \\10.22.31.1\MSImage\2020\12\30\CH1_20201230172223_52라0891.jpg
[17:22:23] NormalProc: 일반차량 처리 시작 : 52라0891, 
[17:22:23] 방문차량 입차: 52라0891 - \\10.22.31.1\MSImage\2020\12\30\CH1_20201230172223_52라0891.jpg
[17:22:23] 입구차단기 Open 10.22.31.1:3000
[17:22:23] //52라0891 사전예약방문 차량 차단기오픈
[17:22:23] File 없음: \\10.22.31.1\MSImage\2020\12\30\CH1_20201230172223_52라0891.jpg
[17:22:33] Program Close
**************************************************************
[17:24:01] Program Start!
[17:24:01] [DB저장 모드]
[17:24:01] TfrmMain.btnModeClick: 유인운영
[17:24:01] 비로그인
[17:24:01] 설치된 입구보조 LPR이 없음!
[17:24:01] 설치된 출구보조 LPR이 없음!
[17:24:01] 설치된 출구 LPR이 없음!
[17:24:01] 설치된 입구전광판이 없음!
[17:24:01] 설치된 출구전광판이 없음!
[17:24:01] LPR재접속 쓰레드시작
[17:24:01] 전광판재접속 쓰레드시작
[17:24:02] 정기권연동 쓰레드시작
[17:24:02] csInLpr1 접속성공
[17:24:09] LPR Check: 52라0891,http://10.22.31.1:9080/MSImage/2020/12/30/CH1_20201230172409_52라0891.jpg,1,,,0, 2020-12-30 17:24:09
[17:24:09] File: \\10.22.31.1\MSImage\2020\12\30\CH1_20201230172409_52라0891.jpg
[17:24:09] NormalProc: 일반차량 처리 시작 : 52라0891, 
[17:24:09] 방문차량 입차: 52라0891 - \\10.22.31.1\MSImage\2020\12\30\CH1_20201230172409_52라0891.jpg
[17:24:09] 입구차단기 Open 10.22.31.1:3000
[17:24:09] //52라0891 사전예약방문 차량 차단기오픈
[17:24:09] File 없음: \\10.22.31.1\MSImage\2020\12\30\CH1_20201230172409_52라0891.jpg
[17:24:13] Program Close
**************************************************************
[17:25:14] Program Start!
[17:25:14] [DB저장 모드]
[17:25:14] TfrmMain.btnModeClick: 유인운영
[17:25:15] 비로그인
[17:25:15] 설치된 입구보조 LPR이 없음!
[17:25:15] 설치된 출구보조 LPR이 없음!
[17:25:15] 설치된 출구 LPR이 없음!
[17:25:15] 설치된 입구전광판이 없음!
[17:25:15] 설치된 출구전광판이 없음!
[17:25:16] LPR재접속 쓰레드시작
[17:25:16] 전광판재접속 쓰레드시작
[17:25:16] 정기권연동 쓰레드시작
[17:25:16] csInLpr1 접속성공
[17:25:31] LPR Check: 52라0891,http://10.22.31.1:9080/MSImage/2020/12/30/CH1_20201230172531_52라0891.jpg,1,,,0, 2020-12-30 17:25:31
[17:25:31] File: \\10.22.31.1\MSImage\2020\12\30\CH1_20201230172531_52라0891.jpg
[17:25:31] NormalProc: 일반차량 처리 시작 : 52라0891, 
[17:25:31] 방문차량 입차: 52라0891 - \\10.22.31.1\MSImage\2020\12\30\CH1_20201230172531_52라0891.jpg
[17:25:31] 입구차단기 Open 10.22.31.1:3000
[17:25:31] 1804/1301/52라0891 사전예약방문 차량 차단기오픈
[17:25:31] File 없음: \\10.22.31.1\MSImage\2020\12\30\CH1_20201230172531_52라0891.jpg
[17:25:36] Program Close
