**************************************************************
[17:14:29] Program Start!
[17:14:29] [DB저장 모드]
[17:14:30] TfrmMain.btnModeClick: 유인운영
[17:14:31] 비로그인
[17:14:31] 설치된 입구보조 LPR이 없음!
[17:14:31] 설치된 출구보조 LPR이 없음!
[17:14:31] 설치된 출구 LPR이 없음!
[17:14:31] 설치된 입구전광판이 없음!
[17:14:31] 설치된 출구전광판이 없음!
[17:14:31] 전광판재접속 쓰레드시작
[17:14:31] 정기권연동 쓰레드시작
[17:14:32] csInLpr1 접속성공
**************************************************************
[18:02:59] Program Start!
[18:02:59] [DB저장 모드]
[18:02:59] TfrmMain.btnModeClick: 유인운영
[18:03:00] 비로그인
[18:03:00] 설치된 입구보조 LPR이 없음!
[18:03:00] 설치된 출구보조 LPR이 없음!
[18:03:00] 설치된 출구 LPR이 없음!
[18:03:00] 설치된 입구전광판이 없음!
[18:03:00] 설치된 출구전광판이 없음!
[18:03:01] LPR재접속 쓰레드시작
[18:03:01] 정기권연동 쓰레드시작
[18:03:02] csInLpr1 접속성공
[18:03:32] LPR Check: 11가1112,http://10.22.31.1:9080/MSImage/2021/01/05/CH1_20210105180333_11가1112.jpg,1,,,0, 2021-01-05 18:03:33
[18:03:32] File: \\10.22.31.1\MSImage\2021\01\05\CH1_20210105180333_11가1112.jpg
[18:03:32] NormalProc: 일반차량 처리 시작 : 11가1112, 
**************************************************************
[18:05:16] Program Start!
[18:05:16] [DB저장 모드]
[18:05:16] TfrmMain.btnModeClick: 유인운영
[18:05:17] 비로그인
[18:05:18] 설치된 입구보조 LPR이 없음!
[18:05:18] 설치된 출구보조 LPR이 없음!
[18:05:18] 설치된 출구 LPR이 없음!
[18:05:18] 설치된 입구전광판이 없음!
[18:05:18] 설치된 출구전광판이 없음!
[18:05:18] LPR재접속 쓰레드시작
[18:05:18] 정기권연동 쓰레드시작
[18:05:19] csInLpr1 접속성공
[18:05:23] LPR Check: 11가1112,http://10.22.31.1:9080/MSImage/2021/01/05/CH1_20210105180522_11가1112.jpg,1,,,0, 2021-01-05 18:05:22
[18:05:23] File: \\10.22.31.1\MSImage\2021\01\05\CH1_20210105180522_11가1112.jpg
[18:05:23] NormalProc: 일반차량 처리 시작 : 11가1112, 
**************************************************************
[18:06:16] Program Start!
[18:06:16] [DB저장 모드]
[18:06:16] TfrmMain.btnModeClick: 유인운영
[18:06:17] 비로그인
[18:06:17] 설치된 입구보조 LPR이 없음!
[18:06:17] 설치된 출구보조 LPR이 없음!
[18:06:17] 설치된 출구 LPR이 없음!
[18:06:17] 설치된 입구전광판이 없음!
[18:06:17] 설치된 출구전광판이 없음!
[18:06:17] LPR재접속 쓰레드시작
[18:06:17] 전광판재접속 쓰레드시작
[18:06:19] csInLpr1 접속성공
[18:06:22] LPR Check: 11가1112,http://10.22.31.1:9080/MSImage/2021/01/05/CH1_20210105180624_11가1112.jpg,1,,,0, 2021-01-05 18:06:24
[18:06:22] File: \\10.22.31.1\MSImage\2021\01\05\CH1_20210105180624_11가1112.jpg
[18:06:22] NormalProc: 일반차량 처리 시작 : 11가1112, 
[18:06:35] 방문차량 입차: 11가1112 - \\10.22.31.1\MSImage\2021\01\05\CH1_20210105180624_11가1112.jpg
[18:06:35] 입구차단기 Open 10.22.31.1:3000
[18:06:35] //11가1112 사전예약방문 차량 차단기오픈
[18:06:35] File 없음: \\10.22.31.1\MSImage\2021\01\05\CH1_20210105180624_11가1112.jpg
[18:06:40] Program Close
**************************************************************
[18:09:34] Program Start!
[18:09:34] [DB저장 모드]
[18:09:34] TfrmMain.btnModeClick: 유인운영
[18:09:35] 비로그인
[18:09:35] 설치된 입구보조 LPR이 없음!
[18:09:36] 설치된 출구보조 LPR이 없음!
[18:09:36] 설치된 출구 LPR이 없음!
[18:09:36] 설치된 입구전광판이 없음!
[18:09:36] 설치된 출구전광판이 없음!
[18:09:36] LPR재접속 쓰레드시작
[18:09:37] csInLpr1 접속성공
[18:09:41] LPR Check: 11가1112,http://10.22.31.1:9080/MSImage/2021/01/05/CH1_20210105180940_11가1112.jpgLPR_N,1,,,0, 2021-01-05 18:09:40
[18:09:41] File: \\10.22.31.1\MSImage\2021\01\05\CH1_20210105180940_11가1112.jpgLPR_N
[18:09:41] NormalProc: 일반차량 처리 시작 : 11가1112, 
[18:09:42] 방문차량 입차: 11가1112 - \\10.22.31.1\MSImage\2021\01\05\CH1_20210105180940_11가1112.jpgLPR_N
[18:09:42] 입구차단기 Open 10.22.31.1:3000
[18:09:42] 1/1/11가1112 사전예약방문 차량 차단기오픈
[18:09:42] File 없음: \\10.22.31.1\MSImage\2021\01\05\CH1_20210105180940_11가1112.jpgLPR_N
[18:09:47] Program Close
**************************************************************
[18:16:04] Program Start!
[18:16:04] [DB저장 모드]
[18:16:04] TfrmMain.btnModeClick: 유인운영
[18:16:05] 비로그인
[18:16:05] 설치된 입구보조 LPR이 없음!
[18:16:05] 설치된 출구보조 LPR이 없음!
[18:16:05] 설치된 출구 LPR이 없음!
[18:16:05] 설치된 입구전광판이 없음!
[18:16:05] 설치된 출구전광판이 없음!
[18:16:05] LPR재접속 쓰레드시작
[18:16:05] 전광판재접속 쓰레드시작
[18:16:06] csInLpr1 접속성공
[18:16:11] 사전방문차량  추가 11가1111 기간:  2019.12.10/00:00:00 2019.12.10/23:59:00
[18:16:11] ICon_VisitAddRespone : 등록 응답 전문 생성 : 
**************************************************************
[18:16:33] Program Start!
[18:16:33] [DB저장 모드]
[18:16:33] TfrmMain.btnModeClick: 유인운영
[18:16:34] 비로그인
[18:16:34] 설치된 입구보조 LPR이 없음!
[18:16:34] 설치된 출구보조 LPR이 없음!
[18:16:34] 설치된 출구 LPR이 없음!
[18:16:34] 설치된 입구전광판이 없음!
[18:16:34] 설치된 출구전광판이 없음!
[18:16:34] LPR재접속 쓰레드시작
[18:16:35] 정기권연동 쓰레드시작
[18:16:36] csInLpr1 접속성공
[18:17:09] 사전방문차량  추가 11가1111 기간:  2019.12.10/00:00:00 2019.12.10/23:59:00
**************************************************************
[18:19:45] Program Start!
[18:19:45] [DB저장 모드]
[18:19:45] TfrmMain.btnModeClick: 유인운영
[18:19:46] 비로그인
[18:19:46] 설치된 입구보조 LPR이 없음!
[18:19:46] 설치된 출구보조 LPR이 없음!
[18:19:46] 설치된 출구 LPR이 없음!
[18:19:46] 설치된 입구전광판이 없음!
[18:19:46] 설치된 출구전광판이 없음!
[18:19:47] 전광판재접속 쓰레드시작
[18:19:48] csInLpr1 접속성공
[18:19:51] 사전방문차량  추가 11가1111 기간:  2020.01.05 00:00:00/2020.01.05 23:59:00
[18:19:51] ICon_VisitAddRespone : 등록 응답 전문 생성 : 
[18:20:29] Program Close
**************************************************************
[18:30:11] Program Start!
[18:30:11] [DB저장 모드]
[18:30:11] TfrmMain.btnModeClick: 유인운영
[18:30:12] 비로그인
[18:30:12] 설치된 입구보조 LPR이 없음!
[18:30:12] 설치된 출구보조 LPR이 없음!
[18:30:12] 설치된 출구 LPR이 없음!
[18:30:12] 설치된 입구전광판이 없음!
[18:30:12] 설치된 출구전광판이 없음!
[18:30:13] LPR재접속 쓰레드시작
[18:30:13] 정기권연동 쓰레드시작
[18:30:14] csInLpr1 접속성공
[18:30:30] ICon_VisitAddRespone: '2020.01.05' is not a valid date
**************************************************************
[18:31:04] Program Start!
[18:31:04] [DB저장 모드]
[18:31:04] TfrmMain.btnModeClick: 유인운영
[18:31:05] 비로그인
[18:31:05] 설치된 입구보조 LPR이 없음!
[18:31:05] 설치된 출구보조 LPR이 없음!
[18:31:05] 설치된 출구 LPR이 없음!
[18:31:05] 설치된 입구전광판이 없음!
[18:31:05] 설치된 출구전광판이 없음!
[18:31:06] LPR재접속 쓰레드시작
[18:31:06] 전광판재접속 쓰레드시작
[18:31:07] csInLpr1 접속성공
**************************************************************
[18:33:28] Program Start!
[18:33:28] [DB저장 모드]
[18:33:28] TfrmMain.btnModeClick: 유인운영
[18:33:28] 비로그인
[18:33:29] 설치된 입구보조 LPR이 없음!
[18:33:29] 설치된 출구보조 LPR이 없음!
[18:33:29] 설치된 출구 LPR이 없음!
[18:33:29] 설치된 입구전광판이 없음!
[18:33:29] 설치된 출구전광판이 없음!
[18:33:29] LPR재접속 쓰레드시작
[18:33:29] 전광판재접속 쓰레드시작
[18:33:29] 정기권연동 쓰레드시작
[18:33:30] csInLpr1 접속성공
**************************************************************
[18:34:05] Program Start!
[18:34:05] [DB저장 모드]
[18:34:05] TfrmMain.btnModeClick: 유인운영
[18:34:06] 비로그인
[18:34:06] 설치된 입구보조 LPR이 없음!
[18:34:06] 설치된 출구보조 LPR이 없음!
[18:34:06] 설치된 출구 LPR이 없음!
[18:34:06] 설치된 입구전광판이 없음!
[18:34:06] 설치된 출구전광판이 없음!
[18:34:06] LPR재접속 쓰레드시작
[18:34:07] csInLpr1 접속성공
**************************************************************
[18:38:19] Program Start!
[18:38:19] [DB저장 모드]
[18:38:19] TfrmMain.btnModeClick: 유인운영
[18:38:20] 비로그인
[18:38:20] 설치된 입구보조 LPR이 없음!
[18:38:20] 설치된 출구보조 LPR이 없음!
[18:38:20] 설치된 출구 LPR이 없음!
[18:38:20] 설치된 입구전광판이 없음!
[18:38:20] 설치된 출구전광판이 없음!
[18:38:20] LPR재접속 쓰레드시작
[18:38:20] 전광판재접속 쓰레드시작
[18:38:20] 정기권연동 쓰레드시작
[18:38:21] csInLpr1 접속성공
**************************************************************
[18:44:29] Program Start!
[18:44:29] [DB저장 모드]
[18:44:29] TfrmMain.btnModeClick: 유인운영
[18:44:30] 비로그인
[18:44:30] 설치된 입구보조 LPR이 없음!
[18:44:30] 설치된 출구보조 LPR이 없음!
[18:44:30] 설치된 출구 LPR이 없음!
[18:44:30] 설치된 입구전광판이 없음!
[18:44:30] 설치된 출구전광판이 없음!
[18:44:30] LPR재접속 쓰레드시작
[18:44:30] 전광판재접속 쓰레드시작
[18:44:30] 정기권연동 쓰레드시작
[18:44:31] csInLpr1 접속성공
**************************************************************
[18:45:13] Program Start!
[18:45:13] [DB저장 모드]
[18:45:13] TfrmMain.btnModeClick: 유인운영
[18:45:13] 비로그인
[18:45:13] 설치된 입구보조 LPR이 없음!
[18:45:13] 설치된 출구보조 LPR이 없음!
[18:45:13] 설치된 출구 LPR이 없음!
[18:45:13] 설치된 입구전광판이 없음!
[18:45:13] 설치된 출구전광판이 없음!
[18:45:14] LPR재접속 쓰레드시작
[18:45:14] 전광판재접속 쓰레드시작
[18:45:14] 정기권연동 쓰레드시작
[18:45:15] csInLpr1 접속성공
**************************************************************
[18:47:51] Program Start!
[18:47:51] [DB저장 모드]
[18:47:51] TfrmMain.btnModeClick: 유인운영
[18:47:52] 비로그인
[18:47:52] 설치된 입구보조 LPR이 없음!
[18:47:52] 설치된 출구보조 LPR이 없음!
[18:47:52] 설치된 출구 LPR이 없음!
[18:47:52] 설치된 입구전광판이 없음!
[18:47:52] 설치된 출구전광판이 없음!
[18:47:53] LPR재접속 쓰레드시작
[18:47:53] 전광판재접속 쓰레드시작
[18:47:53] 정기권연동 쓰레드시작
[18:47:54] csInLpr1 접속성공
**************************************************************
[18:48:26] Program Start!
[18:48:26] [DB저장 모드]
[18:48:26] TfrmMain.btnModeClick: 유인운영
[18:48:27] 비로그인
[18:48:27] 설치된 입구보조 LPR이 없음!
[18:48:27] 설치된 출구보조 LPR이 없음!
[18:48:27] 설치된 출구 LPR이 없음!
[18:48:27] 설치된 입구전광판이 없음!
[18:48:27] 설치된 출구전광판이 없음!
[18:48:27] LPR재접속 쓰레드시작
[18:48:28] 전광판재접속 쓰레드시작
[18:48:28] 정기권연동 쓰레드시작
[18:48:28] csInLpr1 접속성공
**************************************************************
[18:51:48] Program Start!
[18:51:48] [DB저장 모드]
[18:51:48] TfrmMain.btnModeClick: 유인운영
[18:51:49] 비로그인
[18:51:49] 설치된 입구보조 LPR이 없음!
[18:51:49] 설치된 출구보조 LPR이 없음!
[18:51:49] 설치된 출구 LPR이 없음!
[18:51:49] 설치된 입구전광판이 없음!
[18:51:49] 설치된 출구전광판이 없음!
[18:51:49] LPR재접속 쓰레드시작
[18:51:49] 전광판재접속 쓰레드시작
[18:51:49] 정기권연동 쓰레드시작
[18:51:50] csInLpr1 접속성공
**************************************************************
[18:54:00] Program Start!
[18:54:00] [DB저장 모드]
[18:54:00] TfrmMain.btnModeClick: 유인운영
[18:54:01] 비로그인
[18:54:01] 설치된 입구보조 LPR이 없음!
[18:54:01] 설치된 출구보조 LPR이 없음!
[18:54:01] 설치된 출구 LPR이 없음!
[18:54:01] 설치된 입구전광판이 없음!
[18:54:01] 설치된 출구전광판이 없음!
[18:54:01] LPR재접속 쓰레드시작
[18:54:01] 전광판재접속 쓰레드시작
[18:54:01] 정기권연동 쓰레드시작
[18:54:02] csInLpr1 접속성공
[18:54:12] ICon_VisitAddRespone: '' is not a valid date
**************************************************************
[18:54:57] Program Start!
[18:54:58] [DB저장 모드]
[18:54:58] TfrmMain.btnModeClick: 유인운영
[18:54:58] 비로그인
[18:54:58] 설치된 입구보조 LPR이 없음!
[18:54:58] 설치된 출구보조 LPR이 없음!
[18:54:58] 설치된 출구 LPR이 없음!
[18:54:59] 설치된 입구전광판이 없음!
[18:54:59] 설치된 출구전광판이 없음!
[18:54:59] 전광판재접속 쓰레드시작
[18:54:59] 정기권연동 쓰레드시작
[18:55:00] csInLpr1 접속성공
**************************************************************
[18:55:47] Program Start!
[18:55:47] [DB저장 모드]
[18:55:47] TfrmMain.btnModeClick: 유인운영
[18:55:47] 비로그인
[18:55:48] 설치된 입구보조 LPR이 없음!
[18:55:48] 설치된 출구보조 LPR이 없음!
[18:55:48] 설치된 출구 LPR이 없음!
[18:55:48] 설치된 입구전광판이 없음!
[18:55:48] 설치된 출구전광판이 없음!
[18:55:48] LPR재접속 쓰레드시작
[18:55:48] 전광판재접속 쓰레드시작
[18:55:48] 정기권연동 쓰레드시작
[18:55:49] csInLpr1 접속성공
[18:55:53] 사전방문차량  추가 11가1111 기간:  2020-01-05/00:00:00 2020-01-06/23:59:00
[18:55:53] ICon_VisitAddRespone : 등록 응답 전문 생성 : 
[18:56:26] Program Close
**************************************************************
[18:56:47] Program Start!
[18:56:47] [DB저장 모드]
[18:56:47] TfrmMain.btnModeClick: 유인운영
[18:56:48] 비로그인
[18:56:48] 설치된 입구보조 LPR이 없음!
[18:56:48] 설치된 출구보조 LPR이 없음!
[18:56:48] 설치된 출구 LPR이 없음!
[18:56:48] 설치된 입구전광판이 없음!
[18:56:48] 설치된 출구전광판이 없음!
[18:56:48] LPR재접속 쓰레드시작
[18:56:49] 전광판재접속 쓰레드시작
[18:56:49] csInLpr1 접속성공
[18:56:53] Program Close
**************************************************************
[18:57:27] Program Start!
[18:57:27] [DB저장 모드]
[18:57:27] TfrmMain.btnModeClick: 유인운영
[18:57:28] 비로그인
[18:57:28] 설치된 입구보조 LPR이 없음!
[18:57:28] 설치된 출구보조 LPR이 없음!
[18:57:28] 설치된 출구 LPR이 없음!
[18:57:28] 설치된 입구전광판이 없음!
[18:57:28] 설치된 출구전광판이 없음!
[18:57:28] LPR재접속 쓰레드시작
[18:57:28] 전광판재접속 쓰레드시작
[18:57:29] csInLpr1 접속성공
[18:57:38] 사전방문차량  추가 11가1111 기간:  2021-01-05/00:00:00 2021-01-06/23:59:00
[18:57:38] ICon_VisitAddRespone : 등록 응답 전문 생성 : 
**************************************************************
[18:58:47] Program Start!
[18:58:47] [DB저장 모드]
[18:58:47] TfrmMain.btnModeClick: 유인운영
[18:58:48] 비로그인
[18:58:48] 설치된 입구보조 LPR이 없음!
[18:58:48] 설치된 출구보조 LPR이 없음!
[18:58:48] 설치된 출구 LPR이 없음!
[18:58:48] 설치된 입구전광판이 없음!
[18:58:48] 설치된 출구전광판이 없음!
[18:58:48] LPR재접속 쓰레드시작
[18:58:49] 전광판재접속 쓰레드시작
[18:58:49] 정기권연동 쓰레드시작
[18:58:49] csInLpr1 접속성공
[18:58:54] 사전방문차량  추가 11가1111 기간:  2021-01-05/00:00:00 2021-01-05/23:59:00
[18:58:54] ICon_VisitAddRespone : 등록 응답 전문 생성 : 
[18:59:25] Program Close
**************************************************************
[19:00:47] Program Start!
[19:00:47] [DB저장 모드]
[19:00:47] TfrmMain.btnModeClick: 유인운영
[19:00:47] 비로그인
[19:00:47] 설치된 입구보조 LPR이 없음!
[19:00:47] 설치된 출구보조 LPR이 없음!
[19:00:48] 설치된 출구 LPR이 없음!
[19:00:48] 설치된 입구전광판이 없음!
[19:00:48] 설치된 출구전광판이 없음!
[19:00:48] 전광판재접속 쓰레드시작
[19:00:48] 정기권연동 쓰레드시작
[19:00:49] csInLpr1 접속성공
**************************************************************
[19:01:11] Program Start!
[19:01:11] [DB저장 모드]
[19:01:11] TfrmMain.btnModeClick: 유인운영
[19:01:12] 비로그인
[19:01:12] 설치된 입구보조 LPR이 없음!
[19:01:12] 설치된 출구보조 LPR이 없음!
[19:01:12] 설치된 출구 LPR이 없음!
[19:01:12] 설치된 입구전광판이 없음!
[19:01:12] 설치된 출구전광판이 없음!
[19:01:12] LPR재접속 쓰레드시작
[19:01:12] 전광판재접속 쓰레드시작
[19:01:13] 정기권연동 쓰레드시작
[19:01:13] csInLpr1 접속성공
**************************************************************
[19:02:32] Program Start!
[19:02:32] [DB저장 모드]
[19:02:32] TfrmMain.btnModeClick: 유인운영
[19:02:33] 비로그인
[19:02:33] 설치된 입구보조 LPR이 없음!
[19:02:33] 설치된 출구보조 LPR이 없음!
[19:02:33] 설치된 출구 LPR이 없음!
[19:02:33] 설치된 입구전광판이 없음!
[19:02:33] 설치된 출구전광판이 없음!
[19:02:33] LPR재접속 쓰레드시작
[19:02:33] 전광판재접속 쓰레드시작
[19:02:33] 정기권연동 쓰레드시작
[19:02:34] csInLpr1 접속성공
[19:02:52] 사전방문차량  추가 11가1111 기간:  2021-01-05 00:00:00/2021-01-05 23:59:00
[19:02:52] ICon_VisitAddRespone : 등록 응답 전문 생성 : 
[19:02:56] Program Close
**************************************************************
[19:04:17] Program Start!
[19:04:17] [DB저장 모드]
[19:04:17] TfrmMain.btnModeClick: 유인운영
[19:04:18] 비로그인
[19:04:18] 설치된 입구보조 LPR이 없음!
[19:04:18] 설치된 출구보조 LPR이 없음!
[19:04:18] 설치된 출구 LPR이 없음!
[19:04:18] 설치된 입구전광판이 없음!
[19:04:18] 설치된 출구전광판이 없음!
[19:04:18] LPR재접속 쓰레드시작
[19:04:18] 전광판재접속 쓰레드시작
[19:04:18] 정기권연동 쓰레드시작
[19:04:19] csInLpr1 접속성공
[19:04:26] LPR Check: 11가1112,http://10.22.31.1:9080/MSImage/2021/01/05/CH1_20210105190427_11가1112.jpg,1,,,0, 2021-01-05 19:04:27
[19:04:26] File: \\10.22.31.1\MSImage\2021\01\05\CH1_20210105190427_11가1112.jpg
[19:04:26] NormalProc: 일반차량 처리 시작 : 11가1112, 
[19:04:26] 미등록차량 입차: 11가1112 - \\10.22.31.1\MSImage\2021\01\05\CH1_20210105190427_11가1112.jpg
[19:04:26] File 없음: \\10.22.31.1\MSImage\2021\01\05\CH1_20210105190427_11가1112.jpg
[19:04:34] LPR Check: 11가1111,http://10.22.31.1:9080/MSImage/2021/01/05/CH1_20210105190435_11가1111.jpg,1,,,0, 2021-01-05 19:04:35
[19:04:34] File: \\10.22.31.1\MSImage\2021\01\05\CH1_20210105190435_11가1111.jpg
[19:04:34] NormalProc: 일반차량 처리 시작 : 11가1111, 
**************************************************************
[19:05:00] Program Start!
[19:05:00] [DB저장 모드]
[19:05:01] TfrmMain.btnModeClick: 유인운영
[19:05:01] 비로그인
[19:05:01] 설치된 입구보조 LPR이 없음!
[19:05:01] 설치된 출구보조 LPR이 없음!
[19:05:01] 설치된 출구 LPR이 없음!
[19:05:01] 설치된 입구전광판이 없음!
[19:05:01] 설치된 출구전광판이 없음!
[19:05:02] LPR재접속 쓰레드시작
[19:05:02] 전광판재접속 쓰레드시작
[19:05:03] csInLpr1 접속성공
[19:05:03] LPR Check: 11가1111,http://10.22.31.1:9080/MSImage/2021/01/05/CH1_20210105190505_11가1111.jpg,1,,,0, 2021-01-05 19:05:05
[19:05:03] File: \\10.22.31.1\MSImage\2021\01\05\CH1_20210105190505_11가1111.jpg
[19:05:06] NormalProc: 일반차량 처리 시작 : 11가1111, 
**************************************************************
[19:05:46] Program Start!
[19:05:47] [DB저장 모드]
[19:05:47] TfrmMain.btnModeClick: 유인운영
[19:05:47] 비로그인
[19:05:47] 설치된 입구보조 LPR이 없음!
[19:05:47] 설치된 출구보조 LPR이 없음!
[19:05:47] 설치된 출구 LPR이 없음!
[19:05:47] 설치된 입구전광판이 없음!
[19:05:47] 설치된 출구전광판이 없음!
[19:05:48] LPR재접속 쓰레드시작
[19:05:48] 정기권연동 쓰레드시작
[19:05:49] csInLpr1 접속성공
[19:05:55] LPR Check: 11가1111,http://10.22.31.1:9080/MSImage/2021/01/05/CH1_20210105190556_11가1111.jpg,1,,,0, 2021-01-05 19:05:56
[19:05:55] File: \\10.22.31.1\MSImage\2021\01\05\CH1_20210105190556_11가1111.jpg
[19:05:55] NormalProc: 일반차량 처리 시작 : 11가1111, 
[19:06:32] TfrmMain.ICon_CheckVisit: '2021' is not a valid date and time
[19:06:32] 미등록차량 입차: 11가1111 - \\10.22.31.1\MSImage\2021\01\05\CH1_20210105190556_11가1111.jpg
[19:06:32] File 없음: \\10.22.31.1\MSImage\2021\01\05\CH1_20210105190556_11가1111.jpg
**************************************************************
[19:07:16] Program Start!
[19:07:16] [DB저장 모드]
[19:07:16] TfrmMain.btnModeClick: 유인운영
[19:07:16] 비로그인
[19:07:16] 설치된 입구보조 LPR이 없음!
[19:07:16] 설치된 출구보조 LPR이 없음!
[19:07:16] 설치된 출구 LPR이 없음!
[19:07:16] 설치된 입구전광판이 없음!
[19:07:16] 설치된 출구전광판이 없음!
[19:07:17] LPR재접속 쓰레드시작
[19:07:17] 전광판재접속 쓰레드시작
[19:07:17] 정기권연동 쓰레드시작
[19:07:18] csInLpr1 접속성공
**************************************************************
[19:07:36] Program Start!
[19:07:37] [DB저장 모드]
[19:07:37] TfrmMain.btnModeClick: 유인운영
[19:07:37] 비로그인
[19:07:37] 설치된 입구보조 LPR이 없음!
[19:07:37] 설치된 출구보조 LPR이 없음!
[19:07:37] 설치된 출구 LPR이 없음!
[19:07:37] 설치된 입구전광판이 없음!
[19:07:37] 설치된 출구전광판이 없음!
[19:07:38] LPR재접속 쓰레드시작
[19:07:39] csInLpr1 접속성공
**************************************************************
[19:08:35] Program Start!
[19:08:35] [DB저장 모드]
[19:08:35] TfrmMain.btnModeClick: 유인운영
[19:08:35] 비로그인
[19:08:35] 설치된 입구보조 LPR이 없음!
[19:08:35] 설치된 출구보조 LPR이 없음!
[19:08:35] 설치된 출구 LPR이 없음!
[19:08:35] 설치된 입구전광판이 없음!
[19:08:35] 설치된 출구전광판이 없음!
[19:08:36] 전광판재접속 쓰레드시작
[19:08:37] csInLpr1 접속성공
[19:09:13] ICon_VisitAddRespone: '2021.01.05' is not a valid date
**************************************************************
[19:09:33] Program Start!
[19:09:33] [DB저장 모드]
[19:09:33] TfrmMain.btnModeClick: 유인운영
[19:09:33] 비로그인
[19:09:33] 설치된 입구보조 LPR이 없음!
[19:09:33] 설치된 출구보조 LPR이 없음!
[19:09:33] 설치된 출구 LPR이 없음!
[19:09:33] 설치된 입구전광판이 없음!
[19:09:33] 설치된 출구전광판이 없음!
[19:09:34] LPR재접속 쓰레드시작
[19:09:34] 정기권연동 쓰레드시작
[19:09:35] csInLpr1 접속성공
[19:09:52] ICon_VisitAddRespone: '2021.01.05' is not a valid date
**************************************************************
[19:11:19] Program Start!
[19:11:20] [DB저장 모드]
[19:11:20] TfrmMain.btnModeClick: 유인운영
[19:11:20] 비로그인
[19:11:20] 설치된 입구보조 LPR이 없음!
[19:11:20] 설치된 출구보조 LPR이 없음!
[19:11:20] 설치된 출구 LPR이 없음!
[19:11:20] 설치된 입구전광판이 없음!
[19:11:20] 설치된 출구전광판이 없음!
[19:11:21] LPR재접속 쓰레드시작
[19:11:21] 전광판재접속 쓰레드시작
[19:11:21] 정기권연동 쓰레드시작
[19:11:21] csInLpr1 접속성공
**************************************************************
[19:16:01] Program Start!
[19:16:02] [DB저장 모드]
[19:16:02] TfrmMain.btnModeClick: 유인운영
[19:16:02] 비로그인
[19:16:02] 설치된 입구보조 LPR이 없음!
[19:16:02] 설치된 출구보조 LPR이 없음!
[19:16:02] 설치된 출구 LPR이 없음!
[19:16:02] 설치된 입구전광판이 없음!
[19:16:02] 설치된 출구전광판이 없음!
[19:16:03] LPR재접속 쓰레드시작
[19:16:03] 전광판재접속 쓰레드시작
[19:16:03] 정기권연동 쓰레드시작
[19:16:04] csInLpr1 접속성공
**************************************************************
[19:16:52] Program Start!
[19:16:52] [DB저장 모드]
[19:16:52] TfrmMain.btnModeClick: 유인운영
[19:16:53] 비로그인
[19:16:53] 설치된 입구보조 LPR이 없음!
[19:16:53] 설치된 출구보조 LPR이 없음!
[19:16:53] 설치된 출구 LPR이 없음!
[19:16:53] 설치된 입구전광판이 없음!
[19:16:53] 설치된 출구전광판이 없음!
[19:16:53] LPR재접속 쓰레드시작
[19:16:54] 전광판재접속 쓰레드시작
[19:16:54] 정기권연동 쓰레드시작
[19:16:54] csInLpr1 접속성공
[19:17:04] ICon_VisitAddRespone: '' is not a valid integer value
**************************************************************
[19:17:13] Program Start!
[19:17:14] [DB저장 모드]
[19:17:14] TfrmMain.btnModeClick: 유인운영
[19:17:14] 비로그인
[19:17:14] 설치된 입구보조 LPR이 없음!
[19:17:14] 설치된 출구보조 LPR이 없음!
[19:17:14] 설치된 출구 LPR이 없음!
[19:17:14] 설치된 입구전광판이 없음!
[19:17:14] 설치된 출구전광판이 없음!
[19:17:15] LPR재접속 쓰레드시작
[19:17:15] 전광판재접속 쓰레드시작
[19:17:15] 정기권연동 쓰레드시작
[19:17:16] csInLpr1 접속성공
[19:17:34] ICon_VisitAddRespone: '' is not a valid integer value
**************************************************************
[19:18:01] Program Start!
[19:18:01] [DB저장 모드]
[19:18:01] TfrmMain.btnModeClick: 유인운영
[19:18:02] 비로그인
[19:18:02] 설치된 입구보조 LPR이 없음!
[19:18:02] 설치된 출구보조 LPR이 없음!
[19:18:02] 설치된 출구 LPR이 없음!
[19:18:02] 설치된 입구전광판이 없음!
[19:18:02] 설치된 출구전광판이 없음!
[19:18:02] LPR재접속 쓰레드시작
[19:18:02] 전광판재접속 쓰레드시작
[19:18:02] 정기권연동 쓰레드시작
[19:18:03] csInLpr1 접속성공
[19:18:13] 사전방문차량  추가 11가1111 기간:  2021.01.05/00:00:00 2021-01-05/23:59:00
[19:18:13] ICon_VisitAddRespone : 등록 응답 전문 생성 : 
[19:18:37] Program Close
**************************************************************
[19:19:14] Program Start!
[19:19:14] [DB저장 모드]
[19:19:14] TfrmMain.btnModeClick: 유인운영
[19:19:15] 비로그인
[19:19:15] 설치된 입구보조 LPR이 없음!
[19:19:15] 설치된 출구보조 LPR이 없음!
[19:19:15] 설치된 출구 LPR이 없음!
[19:19:15] 설치된 입구전광판이 없음!
[19:19:15] 설치된 출구전광판이 없음!
[19:19:15] LPR재접속 쓰레드시작
[19:19:15] 전광판재접속 쓰레드시작
[19:19:15] 정기권연동 쓰레드시작
[19:19:16] csInLpr1 접속성공
[19:19:21] 사전방문차량  추가 11가1111 기간:  2021.01.05/00:00:00 2021.01.05/23:59:00
[19:19:21] ICon_VisitAddRespone : 등록 응답 전문 생성 : 
[19:19:40] LPR Check: 11가1111,http://10.22.31.1:9080/MSImage/2021/01/05/CH1_20210105191942_11가1111.jpg,1,,,0, 2021-01-05 19:19:42
[19:19:40] File: \\10.22.31.1\MSImage\2021\01\05\CH1_20210105191942_11가1111.jpg
[19:19:40] NormalProc: 일반차량 처리 시작 : 11가1111, 
[19:19:45] TfrmMain.ICon_CheckVisit: '' is not a valid date and time
[19:19:45] 미등록차량 입차: 11가1111 - \\10.22.31.1\MSImage\2021\01\05\CH1_20210105191942_11가1111.jpg
[19:19:45] File 없음: \\10.22.31.1\MSImage\2021\01\05\CH1_20210105191942_11가1111.jpg
[19:19:49] LPR Check: 11가1111,http://10.22.31.1:9080/MSImage/2021/01/05/CH1_20210105191950_11가1111.jpg,1,,,0, 2021-01-05 19:19:50
[19:19:49] File: \\10.22.31.1\MSImage\2021\01\05\CH1_20210105191950_11가1111.jpg
[19:19:49] NormalProc: 일반차량 처리 시작 : 11가1111, 
**************************************************************
[19:20:38] Program Start!
[19:20:38] [DB저장 모드]
[19:20:38] TfrmMain.btnModeClick: 유인운영
[19:20:39] 비로그인
[19:20:39] 설치된 입구보조 LPR이 없음!
[19:20:39] 설치된 출구보조 LPR이 없음!
[19:20:39] 설치된 출구 LPR이 없음!
[19:20:39] 설치된 입구전광판이 없음!
[19:20:39] 설치된 출구전광판이 없음!
[19:20:39] LPR재접속 쓰레드시작
[19:20:39] 전광판재접속 쓰레드시작
[19:20:40] 정기권연동 쓰레드시작
[19:20:40] csInLpr1 접속성공
[19:20:41] LPR Check: 11가1111,http://10.22.31.1:9080/MSImage/2021/01/05/CH1_20210105192043_11가1111.jpg,1,,,0, 2021-01-05 19:20:43
[19:20:41] File: \\10.22.31.1\MSImage\2021\01\05\CH1_20210105192043_11가1111.jpg
[19:20:41] NormalProc: 일반차량 처리 시작 : 11가1111, 
[19:20:48] TfrmMain.ICon_CheckVisit: '2021' is not a valid date and time
[19:20:48] 미등록차량 입차: 11가1111 - \\10.22.31.1\MSImage\2021\01\05\CH1_20210105192043_11가1111.jpg
[19:20:48] File 없음: \\10.22.31.1\MSImage\2021\01\05\CH1_20210105192043_11가1111.jpg
[19:20:51] LPR Check: 11가1111,http://10.22.31.1:9080/MSImage/2021/01/05/CH1_20210105192052_11가1111.jpg,1,,,0, 2021-01-05 19:20:52
[19:20:51] File: \\10.22.31.1\MSImage\2021\01\05\CH1_20210105192052_11가1111.jpg
[19:20:51] NormalProc: 일반차량 처리 시작 : 11가1111, 
**************************************************************
[19:21:28] Program Start!
[19:21:28] [DB저장 모드]
[19:21:28] TfrmMain.btnModeClick: 유인운영
[19:21:29] 비로그인
[19:21:29] 설치된 입구보조 LPR이 없음!
[19:21:29] 설치된 출구보조 LPR이 없음!
[19:21:29] 설치된 출구 LPR이 없음!
[19:21:29] 설치된 입구전광판이 없음!
[19:21:29] 설치된 출구전광판이 없음!
[19:21:29] LPR재접속 쓰레드시작
[19:21:29] 전광판재접속 쓰레드시작
[19:21:29] 정기권연동 쓰레드시작
[19:21:30] csInLpr1 접속성공
[19:21:34] LPR Check: 11가1111,http://10.22.31.1:9080/MSImage/2021/01/05/CH1_20210105192133_11가1111.jpgLPR_N,1,,,0, 2021-01-05 19:21:33
[19:21:34] File: \\10.22.31.1\MSImage\2021\01\05\CH1_20210105192133_11가1111.jpgLPR_N
[19:21:34] NormalProc: 일반차량 처리 시작 : 11가1111, 
[19:21:38] TfrmMain.ICon_CheckVisit: '2021' is not a valid date and time
[19:21:38] 미등록차량 입차: 11가1111 - \\10.22.31.1\MSImage\2021\01\05\CH1_20210105192133_11가1111.jpgLPR_N
[19:21:38] File 없음: \\10.22.31.1\MSImage\2021\01\05\CH1_20210105192133_11가1111.jpgLPR_N
[19:21:40] LPR Check: 11가1111,http://10.22.31.1:9080/MSImage/2021/01/05/CH1_20210105192141_11가1111.jpg,1,,,0, 2021-01-05 19:21:41
[19:21:40] File: \\10.22.31.1\MSImage\2021\01\05\CH1_20210105192141_11가1111.jpg
[19:21:40] NormalProc: 일반차량 처리 시작 : 11가1111, 
**************************************************************
[19:23:20] Program Start!
[19:23:20] [DB저장 모드]
[19:23:21] TfrmMain.btnModeClick: 유인운영
[19:23:21] 비로그인
[19:23:21] 설치된 입구보조 LPR이 없음!
[19:23:21] 설치된 출구보조 LPR이 없음!
[19:23:21] 설치된 출구 LPR이 없음!
[19:23:21] 설치된 입구전광판이 없음!
[19:23:21] 설치된 출구전광판이 없음!
[19:23:22] LPR재접속 쓰레드시작
[19:23:22] 전광판재접속 쓰레드시작
[19:23:22] 정기권연동 쓰레드시작
[19:23:23] csInLpr1 접속성공
[19:23:27] LPR Check: 11가1111,http://10.22.31.1:9080/MSImage/2021/01/05/CH1_20210105192328_11가1111.jpg,1,,,0, 2021-01-05 19:23:28
[19:23:27] File: \\10.22.31.1\MSImage\2021\01\05\CH1_20210105192328_11가1111.jpg
[19:23:27] NormalProc: 일반차량 처리 시작 : 11가1111, 
[19:23:28] 방문차량 입차: 11가1111 - \\10.22.31.1\MSImage\2021\01\05\CH1_20210105192328_11가1111.jpg
[19:23:28] 입구차단기 Open 10.22.31.1:3000
[19:23:28] 1/1/11가1111 사전예약방문 차량 차단기오픈
[19:23:28] File 없음: \\10.22.31.1\MSImage\2021\01\05\CH1_20210105192328_11가1111.jpg
[19:23:32] Program Close
**************************************************************
[19:23:49] Program Start!
[19:23:49] [DB저장 모드]
[19:23:49] TfrmMain.btnModeClick: 유인운영
[19:23:49] 비로그인
[19:23:49] 설치된 입구보조 LPR이 없음!
[19:23:49] 설치된 출구보조 LPR이 없음!
[19:23:49] 설치된 출구 LPR이 없음!
[19:23:49] 설치된 입구전광판이 없음!
[19:23:49] 설치된 출구전광판이 없음!
[19:23:50] LPR재접속 쓰레드시작
[19:23:50] 전광판재접속 쓰레드시작
[19:23:51] csInLpr1 접속성공
[19:23:54] 사전방문차량  추가 11가1111 기간:  2021.01.05/00:00:00 2021.01.05/23:59:00
[19:23:54] ICon_VisitAddRespone : 등록 응답 전문 생성 : 
[19:24:15] LPR Check: 11가1111,http://10.22.31.1:9080/MSImage/2021/01/05/CH1_20210105192416_11가1111.jpg,1,,,0, 2021-01-05 19:24:16
[19:24:15] File: \\10.22.31.1\MSImage\2021\01\05\CH1_20210105192416_11가1111.jpg
[19:24:15] NormalProc: 일반차량 처리 시작 : 11가1111, 
[19:24:16] 방문차량 입차: 11가1111 - \\10.22.31.1\MSImage\2021\01\05\CH1_20210105192416_11가1111.jpg
[19:24:16] 입구차단기 Open 10.22.31.1:3000
[19:24:16] 1/1/11가1111 사전예약방문 차량 차단기오픈
[19:24:16] File 없음: \\10.22.31.1\MSImage\2021\01\05\CH1_20210105192416_11가1111.jpg
[19:24:28] LPR Check: 11가1112,http://10.22.31.1:9080/MSImage/2021/01/05/CH1_20210105192430_11가1112.jpg,1,,,0, 2021-01-05 19:24:30
[19:24:28] File: \\10.22.31.1\MSImage\2021\01\05\CH1_20210105192430_11가1112.jpg
[19:24:28] NormalProc: 일반차량 처리 시작 : 11가1112, 
[19:24:30] 방문차량 입차: 11가1112 - \\10.22.31.1\MSImage\2021\01\05\CH1_20210105192430_11가1112.jpg
[19:24:30] 입구차단기 Open 10.22.31.1:3000
[19:24:30] 1/1/11가1112 사전예약방문 차량 차단기오픈
[19:24:30] File 없음: \\10.22.31.1\MSImage\2021\01\05\CH1_20210105192430_11가1112.jpg
[19:24:34] Program Close
**************************************************************
[19:25:26] Program Start!
[19:25:26] [DB저장 모드]
[19:25:26] TfrmMain.btnModeClick: 유인운영
[19:25:27] 비로그인
[19:25:27] 설치된 입구보조 LPR이 없음!
[19:25:27] 설치된 출구보조 LPR이 없음!
[19:25:27] 설치된 출구 LPR이 없음!
[19:25:27] 설치된 입구전광판이 없음!
[19:25:27] 설치된 출구전광판이 없음!
[19:25:27] LPR재접속 쓰레드시작
[19:25:27] 전광판재접속 쓰레드시작
[19:25:27] 정기권연동 쓰레드시작
[19:25:28] csInLpr1 접속성공
[19:25:34] 사전방문차량  추가 11가1111 기간:  2021.01.05/00:00:00-2021.01.05/23:59:00
[19:25:34] ICon_VisitAddRespone : 등록 응답 전문 생성 : 
[19:25:51] Program Close
**************************************************************
[19:28:33] Program Start!
[19:28:33] [DB저장 모드]
[19:28:33] TfrmMain.btnModeClick: 유인운영
[19:28:34] 비로그인
[19:28:34] 설치된 입구보조 LPR이 없음!
[19:28:34] 설치된 출구보조 LPR이 없음!
[19:28:34] 설치된 출구 LPR이 없음!
[19:28:34] 설치된 입구전광판이 없음!
[19:28:34] 설치된 출구전광판이 없음!
[19:28:34] LPR재접속 쓰레드시작
[19:28:34] 전광판재접속 쓰레드시작
[19:28:35] 정기권연동 쓰레드시작
[19:28:35] csInLpr1 접속성공
[19:28:39] 사전방문차량  추가 11가1113 기간:  2021-01-05 00:00:00/2021-01-05 23:59:00
[19:28:39] ICon_VisitAddRespone : 등록 응답 전문 생성 : 
[19:29:09] Program Close
**************************************************************
[19:33:51] Program Start!
[19:33:51] [DB저장 모드]
[19:33:51] TfrmMain.btnModeClick: 유인운영
[19:33:52] 비로그인
[19:33:52] 설치된 입구보조 LPR이 없음!
[19:33:52] 설치된 출구보조 LPR이 없음!
[19:33:52] 설치된 출구 LPR이 없음!
[19:33:52] 설치된 입구전광판이 없음!
[19:33:52] 설치된 출구전광판이 없음!
[19:33:52] LPR재접속 쓰레드시작
[19:33:52] 전광판재접속 쓰레드시작
[19:33:52] 정기권연동 쓰레드시작
[19:33:53] csInLpr1 접속성공
[19:33:58] LPR Check: 11가1113,http://10.22.31.1:9080/MSImage/2021/01/05/CH1_20210105193356_11가1113.jpgLPR_N,1,,,0, 2021-01-05 19:33:56
[19:33:58] File: \\10.22.31.1\MSImage\2021\01\05\CH1_20210105193356_11가1113.jpgLPR_N
[19:33:58] NormalProc: 일반차량 처리 시작 : 11가1113, 
[19:34:23] 방문차량 입차: 11가1113 - \\10.22.31.1\MSImage\2021\01\05\CH1_20210105193356_11가1113.jpgLPR_N
[19:34:23] 입구차단기 Open 10.22.31.1:3000
[19:34:23] 1/1/11가1113 사전예약방문 차량 차단기오픈
[19:34:23] File 없음: \\10.22.31.1\MSImage\2021\01\05\CH1_20210105193356_11가1113.jpgLPR_N
[19:34:29] Program Close
