**************************************************************
[14:53:13] Program Start!
[14:53:13] [DB저장 모드]
[14:53:13] TfrmMain.btnModeClick: 유인운영
[14:53:14] 비로그인
[14:53:17] [메인화면 에러] '' is not a valid integer value
[14:53:17] 설치된 영수증프린터가 없음!
[14:53:19] csInLpr1 접속성공
**************************************************************
[14:54:03] Program Start!
[14:54:03] [DB저장 모드]
[14:54:03] TfrmMain.btnModeClick: 유인운영
[14:54:05] 비로그인
[14:54:06] [메인화면 에러] '' is not a valid integer value
[14:54:07] 정기권연동 쓰레드시작
[14:54:07] 설치된 영수증프린터가 없음!
[14:54:07] csInLpr1 접속성공
[14:54:17] Program Close
**************************************************************
[14:54:53] Program Start!
[14:54:54] [DB저장 모드]
[14:54:54] TfrmMain.btnModeClick: 유인운영
[14:54:55] 비로그인
[14:54:55] 설치된 입구보조 LPR이 없음!
[14:54:55] 설치된 출구보조 LPR이 없음!
[14:54:55] 설치된 출구 LPR이 없음!
[14:54:55] 설치된 입구전광판이 없음!
**************************************************************
[14:55:44] Program Start!
[14:55:44] [DB저장 모드]
[14:55:44] TfrmMain.btnModeClick: 유인운영
[14:55:45] 비로그인
[14:55:45] 설치된 입구보조 LPR이 없음!
[14:55:45] 설치된 출구보조 LPR이 없음!
[14:55:45] 설치된 출구 LPR이 없음!
[14:55:45] 설치된 입구전광판이 없음!
**************************************************************
[14:57:01] Program Start!
**************************************************************
[15:00:06] Program Start!
**************************************************************
[15:00:55] Program Start!
[15:00:55] [DB저장 모드]
[15:00:55] TfrmMain.btnModeClick: 유인운영
[15:00:56] 비로그인
[15:00:56] 설치된 입구보조 LPR이 없음!
[15:00:56] 설치된 출구보조 LPR이 없음!
[15:00:56] 설치된 출구 LPR이 없음!
[15:00:56] 설치된 입구전광판이 없음!
[15:00:56] LPR재접속 쓰레드시작
[15:00:56] 전광판재접속 쓰레드시작
[15:00:56] 정기권연동 쓰레드시작
[15:00:56] 설치된 영수증프린터가 없음!
[15:00:57] csInLpr1 접속성공
[15:01:02] SocketError > ErrorNo: [10061] Host: [127.0.0.1] Port: [5000] Name: [csOutDsp1] Msg: [서버가 죽었거나 클라이언트에서 접속환경이 잘못되었을때 나타나는 현상]
[15:01:26] Program Close
**************************************************************
[15:03:48] Program Start!
**************************************************************
[15:04:20] Program Start!
**************************************************************
[15:19:21] Program Start!
[15:19:21] [DB저장 모드]
[15:19:21] TfrmMain.btnModeClick: 유인운영
[15:19:22] 비로그인
[15:19:22] 설치된 입구보조 LPR이 없음!
[15:19:22] 설치된 출구보조 LPR이 없음!
[15:19:22] 설치된 출구 LPR이 없음!
[15:19:22] 설치된 입구전광판이 없음!
[15:19:23] 정기권연동 쓰레드시작
[15:19:23] 설치된 영수증프린터가 없음!
[15:19:25] csInLpr1 접속성공
[15:19:27] [전광판 고정문구] Access violation at address 00DF534D in module 'SC_IO.exe'. Read of address 0000004C
**************************************************************
[15:24:47] Program Start!
[15:24:47] [DB저장 모드]
[15:24:47] TfrmMain.btnModeClick: 유인운영
[15:24:48] 비로그인
[15:24:49] 설치된 입구보조 LPR이 없음!
[15:24:49] 설치된 출구보조 LPR이 없음!
[15:24:49] 설치된 출구 LPR이 없음!
[15:24:49] 설치된 입구전광판이 없음!
[15:24:49] LPR재접속 쓰레드시작
[15:24:49] 전광판재접속 쓰레드시작
[15:24:49] 설치된 영수증프린터가 없음!
[15:24:50] csInLpr1 접속성공
[15:24:52] [전광판 고정문구] Access violation at address 00DF534D in module 'SC_IO.exe'. Read of address 0000004C
[15:24:52] SocketError > ErrorNo: [10061] Host: [127.0.0.1] Port: [4000] Name: [csSubInDsp1] Msg: [서버가 죽었거나 클라이언트에서 접속환경이 잘못되었을때 나타나는 현상]
[15:24:53] SocketError > ErrorNo: [10061] Host: [127.0.0.1] Port: [5000] Name: [csOutDsp1] Msg: [서버가 죽었거나 클라이언트에서 접속환경이 잘못되었을때 나타나는 현상]
**************************************************************
[18:10:36] Program Start!
[18:10:36] [DB저장 모드]
[18:10:36] TfrmMain.btnModeClick: 유인운영
[18:10:37] 비로그인
[18:10:37] 설치된 입구보조 LPR이 없음!
[18:10:37] 설치된 출구보조 LPR이 없음!
[18:10:37] 설치된 출구 LPR이 없음!
[18:10:37] 설치된 입구전광판이 없음!
[18:10:37] LPR재접속 쓰레드시작
[18:10:37] 전광판재접속 쓰레드시작
[18:10:37] 정기권연동 쓰레드시작
[18:10:37] 설치된 영수증프린터가 없음!
[18:10:38] csInLpr1 접속성공
[18:10:40] [전광판 고정문구] Access violation at address 00DF53ED in module 'SC_IO.exe'. Read of address 0000004C
