**************************************************************
[09:21:08] Program Start!
[09:21:08] [DB저장 모드]
[09:21:08] TfrmMain.btnModeClick: 유인운영
[09:21:08] 비로그인
[09:21:08] 설치된 입구보조 LPR이 없음!
[09:21:08] 설치된 출구보조 LPR이 없음!
[09:21:08] 설치된 출구 LPR이 없음!
[09:21:08] 설치된 입구전광판이 없음!
[09:21:08] 설치된 출구전광판이 없음!
[09:21:09] LPR재접속 쓰레드시작
[09:21:09] 전광판재접속 쓰레드시작
[09:21:09] 정기권연동 쓰레드시작
[09:21:09] [tcpPrn1] 10.22.30.21:5000 접속성공
[09:21:09] csInLpr1 접속성공
[09:21:14] LPR Check: 22가2223,http://10.22.30.20:9080/MSImage/2021/03/11/CH1_20210311092112_22가2223.jpg,1,,,0, 2021-03-11 09:21:12
[09:21:14] File: \\10.22.30.20\MSImage\2021\03\11\CH1_20210311092112_22가2223.jpg
[09:21:14] NormalProc: 일반차량 처리 시작 : 22가2223, 
[09:21:14] 미등록차량 입차: 22가2223 - \\10.22.30.20\MSImage\2021\03\11\CH1_20210311092112_22가2223.jpg
[09:21:14] 
[09:21:14] 일반차량 입차 이미지 가져오기 시작
[09:21:14] 일반차량 입차 이미지 가져오기 끝
[09:21:21] 방문증내용 업데이트완료:2021031109211438670
[09:21:22] Program Close
**************************************************************
[09:21:54] Program Start!
[09:21:54] [DB저장 모드]
[09:21:54] TfrmMain.btnModeClick: 유인운영
[09:21:54] 비로그인
[09:21:54] 설치된 입구보조 LPR이 없음!
[09:21:54] 설치된 출구보조 LPR이 없음!
[09:21:54] 설치된 출구 LPR이 없음!
[09:21:54] 설치된 입구전광판이 없음!
[09:21:54] 설치된 출구전광판이 없음!
[09:21:54] LPR재접속 쓰레드시작
[09:21:55] 전광판재접속 쓰레드시작
[09:21:55] 정기권연동 쓰레드시작
[09:21:55] csInLpr1 접속성공
[09:21:55] [tcpPrn1] 10.22.30.21:5000 접속성공
[09:22:29] Program Close
**************************************************************
[09:23:02] Program Start!
[09:23:02] [DB저장 모드]
[09:23:02] TfrmMain.btnModeClick: 유인운영
[09:23:02] 비로그인
[09:23:02] 설치된 입구보조 LPR이 없음!
[09:23:02] 설치된 출구보조 LPR이 없음!
[09:23:02] 설치된 출구 LPR이 없음!
[09:23:02] 설치된 입구전광판이 없음!
[09:23:02] 설치된 출구전광판이 없음!
[09:23:02] LPR재접속 쓰레드시작
[09:23:03] 전광판재접속 쓰레드시작
[09:23:03] 정기권연동 쓰레드시작
[09:23:04] csInLpr1 접속성공
[09:33:18] Program Close
**************************************************************
[15:54:32] Program Start!
[15:54:32] [DB저장 모드]
[15:54:32] TfrmMain.btnModeClick: 유인운영
[15:54:32] 비로그인
[15:54:32] 설치된 입구보조 LPR이 없음!
[15:54:32] 설치된 출구보조 LPR이 없음!
[15:54:32] 설치된 출구 LPR이 없음!
[15:54:32] 설치된 입구전광판이 없음!
[15:54:32] 설치된 출구전광판이 없음!
[15:54:32] LPR재접속 쓰레드시작
[15:54:32] 전광판재접속 쓰레드시작
[15:54:32] 정기권연동 쓰레드시작
[15:54:33] csInLpr1 접속성공
**************************************************************
[15:54:53] Program Start!
[15:54:53] [DB저장 모드]
[15:54:53] TfrmMain.btnModeClick: 유인운영
[15:54:54] 비로그인
[15:54:54] 설치된 입구보조 LPR이 없음!
[15:54:54] 설치된 출구보조 LPR이 없음!
[15:54:54] 설치된 출구 LPR이 없음!
[15:54:54] 설치된 입구전광판이 없음!
[15:54:54] 설치된 출구전광판이 없음!
[15:54:54] LPR재접속 쓰레드시작
[15:54:54] 전광판재접속 쓰레드시작
[15:54:54] 정기권연동 쓰레드시작
[15:54:55] csInLpr1 접속성공
[15:55:09] Program Close
