**************************************************************
[16:39:55] Program Start!
[16:39:55] [DB저장 모드]
[16:39:55] TfrmMain.btnModeClick: 유인운영
[16:39:56] 비로그인
[16:39:56] 설치된 입구보조 LPR이 없음!
[16:39:56] 설치된 출구보조 LPR이 없음!
[16:39:56] 설치된 출구 LPR이 없음!
[16:39:56] 설치된 입구전광판이 없음!
[16:39:56] 설치된 출구전광판이 없음!
[16:39:56] [메인화면 에러] Windows socket error: 각 소켓 주소(프로토콜/네트워크 주소/포트)는 하나만 사용할 수 있습니다 (10048), on API 'bind'
[16:39:56] 정기권연동 쓰레드시작
[16:39:57] csInLpr1 접속성공
[16:40:07] Program Close
**************************************************************
[16:41:21] Program Start!
[16:41:21] [DB저장 모드]
[16:41:21] TfrmMain.btnModeClick: 유인운영
[16:41:23] 비로그인
[16:41:23] 설치된 입구보조 LPR이 없음!
[16:41:23] 설치된 출구보조 LPR이 없음!
[16:41:23] 설치된 출구 LPR이 없음!
[16:41:23] 설치된 입구전광판이 없음!
[16:41:23] 설치된 출구전광판이 없음!
[16:41:26] [메인화면 에러] Windows socket error: 각 소켓 주소(프로토콜/네트워크 주소/포트)는 하나만 사용할 수 있습니다 (10048), on API 'bind'
[16:41:27] csInLpr1 접속성공
[16:42:35] ICon_VisitListProcess: List index out of bounds (0)
