**************************************************************
[16:53:22] Program Start!
[16:53:22] [DB历厘 葛靛]
[16:53:22] TfrmMain.btnModeClick: 蜡牢款康
[16:53:23] 厚肺弊牢
[16:53:24] 汲摹等 涝备焊炼 LPR捞 绝澜!
[16:53:24] 汲摹等 免备焊炼 LPR捞 绝澜!
[16:53:24] 汲摹等 免备傈堡魄捞 绝澜!
[16:53:24] LPR犁立加 静饭靛矫累
[16:53:24] 沥扁鼻楷悼 静饭靛矫累
[16:53:24] 汲摹等 康荐刘橇赴磐啊 绝澜!
[16:53:25] csOutLpr1 立加己傍
[16:53:25] csInLpr1 立加己傍
[16:53:25] csInDsp1 立加己傍
[16:53:37] Program Close
**************************************************************
[16:54:54] Program Start!
[16:54:55] [DB历厘 葛靛]
[16:54:55] TfrmMain.btnModeClick: 蜡牢款康
[16:54:55] 厚肺弊牢
[16:54:55] 汲摹等 涝备焊炼 LPR捞 绝澜!
[16:54:55] 汲摹等 免备焊炼 LPR捞 绝澜!
[16:54:55] 汲摹等 免备傈堡魄捞 绝澜!
[16:54:55] LPR犁立加 静饭靛矫累
[16:54:55] 傈堡魄犁立加 静饭靛矫累
[16:54:55] 沥扁鼻楷悼 静饭靛矫累
[16:54:55] 汲摹等 康荐刘橇赴磐啊 绝澜!
[16:54:56] csInLpr1 立加己傍
[16:54:56] csInDsp1 立加己傍
[16:54:56] csOutLpr1 立加己傍
[16:54:58] LPR Check: 11啊9999,http://10.22.31.1:9080/MSImage/2021/06/14/CH1_20210614165501_11啊9999.jpg,3,,,0, 2021-06-14 16:55:01
[16:54:58] File: \\10.22.31.1\MSImage\2021\06\14\CH1_20210614165501_11啊9999.jpg
[16:54:58] NormalProc: 老馆瞒樊 贸府 矫累 : 11啊9999, 
[16:54:58] 规巩瞒樊 涝瞒: 11啊9999 - \\10.22.31.1\MSImage\2021\06\14\CH1_20210614165501_11啊9999.jpg
[16:54:58] 傈堡魄(10.22.31.1) :  规巩按瞒樊 11啊9999   11啊9999   
[16:54:58] 涝备瞒窜扁 Open 10.22.31.1:3000
[16:54:58] 101/201/11啊9999 荤傈抗距规巩 瞒樊 瞒窜扁坷锹
[16:54:58] idTSExecute IP : 127.0.0.1, Port : 64781
[16:54:58] idTSExecute recv: 00000076Type=PARKING&Dong=101&Ho=201&CarNo=9999&DateTime=202106141654&InOut=VISIT_IN

[16:54:58] HD_RequestProcess : Start
[16:54:58] HD_RequestProcess : 傈巩 剧侥 坷幅
[16:54:58] HD_RequestProcess : End
[16:54:58] idTSExecute send: 00000101Type=PARKING&Dong=101&Ho=201&CarNo=9999&DateTime=202106141654&DateTimeEnd=&InOut=VISIT_IN&Return=fail
[16:54:58] IdTS_HyunDaiDisconnect
[16:54:58] IdTS_HyunDaiException
[16:54:58] File 绝澜: \\10.22.31.1\MSImage\2021\06\14\CH1_20210614165501_11啊9999.jpg
[16:55:01] Program Close
**************************************************************
[16:56:19] Program Start!
[16:56:19] [DB历厘 葛靛]
[16:56:19] TfrmMain.btnModeClick: 蜡牢款康
[16:56:21] 厚肺弊牢
[16:56:21] 汲摹等 涝备焊炼 LPR捞 绝澜!
[16:56:21] 汲摹等 免备焊炼 LPR捞 绝澜!
[16:56:22] 汲摹等 免备傈堡魄捞 绝澜!
[16:56:23] 汲摹等 康荐刘橇赴磐啊 绝澜!
[16:56:24] csInLpr1 立加己傍
[16:56:24] csOutLpr1 立加己傍
[16:56:24] csInDsp1 立加己傍
[16:56:26] LPR Check: 11啊9999,http://10.22.31.1:9080/MSImage/2021/06/14/CH1_20210614165629_11啊9999.jpg,3,,,0, 2021-06-14 16:56:29
[16:56:26] File: \\10.22.31.1\MSImage\2021\06\14\CH1_20210614165629_11啊9999.jpg
[16:56:26] NormalProc: 老馆瞒樊 贸府 矫累 : 11啊9999, 
[16:56:26] 规巩瞒樊 涝瞒: 11啊9999 - \\10.22.31.1\MSImage\2021\06\14\CH1_20210614165629_11啊9999.jpg
**************************************************************
[17:02:05] Program Start!
[17:02:05] [DB历厘 葛靛]
[17:02:05] TfrmMain.btnModeClick: 蜡牢款康
[17:02:06] 厚肺弊牢
[17:02:06] 汲摹等 涝备焊炼 LPR捞 绝澜!
[17:02:06] 汲摹等 免备焊炼 LPR捞 绝澜!
[17:02:06] 汲摹等 免备傈堡魄捞 绝澜!
[17:02:06] LPR犁立加 静饭靛矫累
[17:02:06] 傈堡魄犁立加 静饭靛矫累
[17:02:06] 沥扁鼻楷悼 静饭靛矫累
[17:02:06] 汲摹等 康荐刘橇赴磐啊 绝澜!
[17:02:07] csInLpr1 立加己傍
[17:02:07] csOutLpr1 立加己傍
[17:02:07] csInDsp1 立加己傍
[17:02:09] LPR Check: 11啊9999,http://10.22.31.1:9080/MSImage/2021/06/14/CH1_20210614170212_11啊9999.jpg,3,,,0, 2021-06-14 17:02:12
[17:02:09] File: \\10.22.31.1\MSImage\2021\06\14\CH1_20210614170212_11啊9999.jpg
[17:02:09] NormalProc: 老馆瞒樊 贸府 矫累 : 11啊9999, 
[17:02:09] 规巩瞒樊 涝瞒: 11啊9999 - \\10.22.31.1\MSImage\2021\06\14\CH1_20210614170212_11啊9999.jpg
[17:02:09] 傈堡魄(10.22.31.1) : 荤傈规巩瞒樊11啊9999   11啊9999   
[17:02:09] 涝备瞒窜扁 Open 10.22.31.1:3000
[17:02:09] 101/201/11啊9999 荤傈抗距规巩 瞒樊 瞒窜扁坷锹
[17:02:09] idTSExecute IP : 127.0.0.1, Port : 59816
[17:02:09] idTSExecute recv: 00000076Type=PARKING&Dong=101&Ho=201&CarNo=9999&DateTime=202106141702&InOut=VISIT_IN

[17:02:09] HD_RequestProcess : Start
[17:02:09] HD_RequestProcess : 傈巩 剧侥 坷幅
[17:02:09] HD_RequestProcess : End
[17:02:09] idTSExecute send: 00000101Type=PARKING&Dong=101&Ho=201&CarNo=9999&DateTime=202106141702&DateTimeEnd=&InOut=VISIT_IN&Return=fail
[17:02:09] IdTS_HyunDaiDisconnect
[17:02:09] IdTS_HyunDaiException
[17:02:09] File 绝澜: \\10.22.31.1\MSImage\2021\06\14\CH1_20210614170212_11啊9999.jpg
[17:02:12] Program Close
**************************************************************
[17:03:00] Program Start!
[17:03:00] [DB历厘 葛靛]
[17:03:00] TfrmMain.btnModeClick: 蜡牢款康
[17:03:01] 厚肺弊牢
[17:03:01] 汲摹等 涝备焊炼 LPR捞 绝澜!
[17:03:01] 汲摹等 免备焊炼 LPR捞 绝澜!
[17:03:01] 汲摹等 免备傈堡魄捞 绝澜!
[17:03:01] LPR犁立加 静饭靛矫累
[17:03:01] 傈堡魄犁立加 静饭靛矫累
[17:03:01] 沥扁鼻楷悼 静饭靛矫累
[17:03:01] 汲摹等 康荐刘橇赴磐啊 绝澜!
[17:03:02] csInDsp1 立加己傍
[17:03:02] csInLpr1 立加己傍
[17:03:02] csOutLpr1 立加己傍
[17:03:07] LPR Check: 11啊9999,http://10.22.31.1:9080/MSImage/2021/06/14/CH1_20210614170310_11啊9999.jpg,3,,,0, 2021-06-14 17:03:10
[17:03:07] File: \\10.22.31.1\MSImage\2021\06\14\CH1_20210614170310_11啊9999.jpg
[17:03:07] NormalProc: 老馆瞒樊 贸府 矫累 : 11啊9999, 
[17:03:07] 11啊9999瞒樊 涝瞒单捞磐 粮犁
[17:03:07] 免备瞒窜扁 Open 10.22.31.1:4000
[17:03:07] 傈堡魄() 匙飘况农 俊矾
[17:03:07] 涝瞒
[17:03:07] File 绝澜: \\10.22.31.1\MSImage\2021\06\14\CH1_20210614170310_11啊9999.jpg
[17:06:41] Program Close
**************************************************************
[17:19:52] Program Start!
[17:19:52] [DB历厘 葛靛]
[17:19:52] TfrmMain.btnModeClick: 蜡牢款康
[17:19:52] 厚肺弊牢
[17:19:52] 汲摹等 涝备焊炼 LPR捞 绝澜!
[17:19:52] 汲摹等 免备焊炼 LPR捞 绝澜!
[17:19:52] 汲摹等 免备傈堡魄捞 绝澜!
[17:19:52] LPR犁立加 静饭靛矫累
[17:19:52] 傈堡魄犁立加 静饭靛矫累
[17:19:52] 沥扁鼻楷悼 静饭靛矫累
[17:19:52] 汲摹等 康荐刘橇赴磐啊 绝澜!
[17:19:53] csInLpr1 立加己傍
[17:19:53] csInDsp1 立加己傍
[17:19:53] csOutLpr1 立加己傍
[17:19:57] LPR Check: 11啊9999,http://10.22.31.1:9080/MSImage/2021/06/14/CH1_20210614172000_11啊9999.jpg,3,,,0, 2021-06-14 17:20:00
[17:19:57] File: \\10.22.31.1\MSImage\2021\06\14\CH1_20210614172000_11啊9999.jpg
[17:19:57] NormalProc: 老馆瞒樊 贸府 矫累 : 11啊9999, 
[17:19:57] 规巩瞒樊 涝瞒: 11啊9999 - \\10.22.31.1\MSImage\2021\06\14\CH1_20210614172000_11啊9999.jpg
[17:19:57] 傈堡魄(10.22.31.1) : 荤傈规巩瞒樊11啊9999   11啊9999   
[17:19:57] 涝备瞒窜扁 Open 10.22.31.1:3000
[17:19:57] 101/201/11啊9999 荤傈抗距规巩 瞒樊 瞒窜扁坷锹
[17:19:58] idTSExecute IP : 127.0.0.1, Port : 56894
[17:19:58] idTSExecute recv: 00000076Type=PARKING&Dong=101&Ho=201&CarNo=9999&DateTime=202106141719&InOut=VISIT_IN

[17:19:58] HD_RequestProcess : Start
[17:19:58] HD_RequestProcess : 傈巩 剧侥 坷幅
[17:19:58] HD_RequestProcess : End
[17:19:58] idTSExecute send: 00000101Type=PARKING&Dong=101&Ho=201&CarNo=9999&DateTime=202106141719&DateTimeEnd=&InOut=VISIT_IN&Return=fail
[17:19:58] IdTS_HyunDaiDisconnect
[17:19:58] IdTS_HyunDaiException
[17:19:58] File 绝澜: \\10.22.31.1\MSImage\2021\06\14\CH1_20210614172000_11啊9999.jpg
[17:20:00] LPR Check: 11啊9999,http://10.22.31.1:9080/MSImage/2021/06/14/CH1_20210614172003_11啊9999.jpg,3,,,0, 2021-06-14 17:20:03
[17:20:00] File: \\10.22.31.1\MSImage\2021\06\14\CH1_20210614172003_11啊9999.jpg
[17:20:00] NormalProc: 老馆瞒樊 贸府 矫累 : 11啊9999, 
[17:20:00] 11啊9999瞒樊 涝瞒单捞磐 粮犁
[17:20:00] 免备瞒窜扁 Open 10.22.31.1:4000
[17:20:00] 傈堡魄() 匙飘况农 俊矾
[17:20:01] File 绝澜: \\10.22.31.1\MSImage\2021\06\14\CH1_20210614172003_11啊9999.jpg
[17:20:06] Program Close
**************************************************************
[17:23:13] Program Start!
[17:23:13] [DB历厘 葛靛]
[17:23:13] TfrmMain.btnModeClick: 蜡牢款康
[17:23:14] 厚肺弊牢
[17:23:14] 汲摹等 涝备焊炼 LPR捞 绝澜!
[17:23:14] 汲摹等 免备焊炼 LPR捞 绝澜!
[17:23:16] 汲摹等 康荐刘橇赴磐啊 绝澜!
[17:23:17] csInLpr1 立加己傍
[17:23:17] csOutLpr1 立加己傍
[17:23:17] csInDsp1 立加己傍
[17:23:17] csOutDsp1 立加己傍
[17:23:19] Program Close
**************************************************************
[17:23:31] Program Start!
[17:23:31] [DB历厘 葛靛]
[17:23:31] TfrmMain.btnModeClick: 蜡牢款康
[17:23:32] 厚肺弊牢
[17:23:32] 汲摹等 涝备焊炼 LPR捞 绝澜!
[17:23:32] 汲摹等 免备焊炼 LPR捞 绝澜!
[17:23:32] 汲摹等 涝备傈堡魄捞 绝澜!
[17:23:33] LPR犁立加 静饭靛矫累
[17:23:33] 汲摹等 康荐刘橇赴磐啊 绝澜!
[17:23:35] csInLpr1 立加己傍
[17:23:35] csOutLpr1 立加己傍
[17:23:35] csOutDsp1 立加己傍
[17:23:41] LPR Check: 11啊9999,http://10.22.31.1:9080/MSImage/2021/06/14/CH1_20210614172344_11啊9999.jpg,3,,,0, 2021-06-14 17:23:44
[17:23:41] File: \\10.22.31.1\MSImage\2021\06\14\CH1_20210614172344_11啊9999.jpg
[17:23:41] NormalProc: 老馆瞒樊 贸府 矫累 : 11啊9999, 
[17:23:41] 11啊9999瞒樊 涝瞒单捞磐 绝澜
[17:23:41] 免备瞒窜扁 Open 10.22.31.1:4000
[17:23:41] File 绝澜: \\10.22.31.1\MSImage\2021\06\14\CH1_20210614172344_11啊9999.jpg
[17:23:44] Program Close
**************************************************************
[17:24:34] Program Start!
[17:24:34] [DB历厘 葛靛]
[17:24:34] TfrmMain.btnModeClick: 蜡牢款康
[17:24:35] 厚肺弊牢
[17:24:35] 汲摹等 涝备焊炼 LPR捞 绝澜!
[17:24:36] 汲摹等 免备焊炼 LPR捞 绝澜!
[17:24:36] 汲摹等 涝备傈堡魄捞 绝澜!
[17:24:37] 汲摹等 康荐刘橇赴磐啊 绝澜!
[17:24:38] csInLpr1 立加己傍
[17:24:38] csOutLpr1 立加己傍
[17:24:38] csOutDsp1 立加己傍
[17:24:39] LPR Check: 11啊9999,http://10.22.31.1:9080/MSImage/2021/06/14/CH1_20210614172442_11啊9999.jpg,3,,,0, 2021-06-14 17:24:42
[17:24:39] File: \\10.22.31.1\MSImage\2021\06\14\CH1_20210614172442_11啊9999.jpg
[17:24:39] NormalProc: 老馆瞒樊 贸府 矫累 : 11啊9999, 
[17:24:39] 11啊9999瞒樊 涝瞒单捞磐 绝澜
[17:24:39] 免备瞒窜扁 Open 10.22.31.1:4000
**************************************************************
[17:25:47] Program Start!
[17:25:47] [DB历厘 葛靛]
[17:25:47] TfrmMain.btnModeClick: 蜡牢款康
[17:25:47] 厚肺弊牢
[17:25:47] 汲摹等 涝备焊炼 LPR捞 绝澜!
[17:25:47] 汲摹等 免备焊炼 LPR捞 绝澜!
[17:25:47] 汲摹等 涝备傈堡魄捞 绝澜!
[17:25:47] LPR犁立加 静饭靛矫累
[17:25:48] 傈堡魄犁立加 静饭靛矫累
[17:25:48] 沥扁鼻楷悼 静饭靛矫累
[17:25:48] 汲摹等 康荐刘橇赴磐啊 绝澜!
[17:25:49] csInLpr1 立加己傍
[17:25:49] csOutLpr1 立加己傍
[17:25:49] csOutDsp1 立加己傍
[17:25:50] LPR Check: 11啊9999,http://10.22.31.1:9080/MSImage/2021/06/14/CH1_20210614172553_11啊9999.jpg,3,,,0, 2021-06-14 17:25:53
[17:25:50] File: \\10.22.31.1\MSImage\2021\06\14\CH1_20210614172553_11啊9999.jpg
[17:25:50] NormalProc: 老馆瞒樊 贸府 矫累 : 11啊9999, 
[17:25:50] 11啊9999瞒樊 涝瞒单捞磐 绝澜
[17:25:50] 免备瞒窜扁 Open 10.22.31.1:4000
[17:25:50] 傈堡魄(10.22.31.1) : 荤傈规巩瞒樊11啊9999   11啊9999   
[17:25:50] File 绝澜: \\10.22.31.1\MSImage\2021\06\14\CH1_20210614172553_11啊9999.jpg
[17:26:51] Program Close
**************************************************************
[17:39:23] Program Start!
[17:39:24] [DB历厘 葛靛]
[17:39:24] TfrmMain.btnModeClick: 蜡牢款康
[17:39:24] 厚肺弊牢
[17:39:24] 汲摹等 涝备焊炼 LPR捞 绝澜!
[17:39:24] 汲摹等 免备焊炼 LPR捞 绝澜!
[17:39:24] 汲摹等 涝备傈堡魄捞 绝澜!
[17:39:24] LPR犁立加 静饭靛矫累
[17:39:24] 傈堡魄犁立加 静饭靛矫累
[17:39:24] 沥扁鼻楷悼 静饭靛矫累
[17:39:24] 汲摹等 康荐刘橇赴磐啊 绝澜!
[17:39:25] csInLpr1 立加己傍
[17:39:25] csOutLpr1 立加己傍
[17:39:25] csOutDsp1 立加己傍
[17:39:47] Program Close
**************************************************************
[17:40:35] Program Start!
[17:40:35] [DB历厘 葛靛]
[17:40:35] TfrmMain.btnModeClick: 蜡牢款康
[17:40:36] 厚肺弊牢
[17:40:36] 汲摹等 涝备焊炼 LPR捞 绝澜!
[17:40:36] 汲摹等 免备焊炼 LPR捞 绝澜!
[17:40:36] 汲摹等 涝备傈堡魄捞 绝澜!
[17:40:36] LPR犁立加 静饭靛矫累
[17:40:36] 傈堡魄犁立加 静饭靛矫累
[17:40:36] 沥扁鼻楷悼 静饭靛矫累
[17:40:36] 汲摹等 康荐刘橇赴磐啊 绝澜!
[17:40:37] csInLpr1 立加己傍
[17:40:37] csOutLpr1 立加己傍
[17:40:37] csOutDsp1 立加己傍
**************************************************************
[17:41:13] Program Start!
[17:41:13] [DB历厘 葛靛]
[17:41:13] TfrmMain.btnModeClick: 蜡牢款康
[17:41:14] 厚肺弊牢
[17:41:14] 汲摹等 涝备焊炼 LPR捞 绝澜!
[17:41:14] 汲摹等 免备焊炼 LPR捞 绝澜!
[17:41:14] 汲摹等 涝备傈堡魄捞 绝澜!
[17:41:14] LPR犁立加 静饭靛矫累
[17:41:14] 傈堡魄犁立加 静饭靛矫累
[17:41:14] 沥扁鼻楷悼 静饭靛矫累
[17:41:14] 汲摹等 康荐刘橇赴磐啊 绝澜!
[17:41:15] csInLpr1 立加己傍
[17:41:15] csOutLpr1 立加己傍
[17:41:15] csOutDsp1 立加己傍
**************************************************************
[17:41:36] Program Start!
[17:41:36] [DB历厘 葛靛]
[17:41:36] TfrmMain.btnModeClick: 蜡牢款康
[17:41:36] 厚肺弊牢
[17:41:36] 汲摹等 涝备焊炼 LPR捞 绝澜!
[17:41:36] 汲摹等 免备焊炼 LPR捞 绝澜!
[17:41:36] 汲摹等 涝备傈堡魄捞 绝澜!
[17:41:36] LPR犁立加 静饭靛矫累
[17:41:36] 傈堡魄犁立加 静饭靛矫累
[17:41:36] 沥扁鼻楷悼 静饭靛矫累
[17:41:36] 汲摹等 康荐刘橇赴磐啊 绝澜!
[17:41:37] csOutLpr1 立加己傍
[17:41:37] csInLpr1 立加己傍
[17:41:37] csOutDsp1 立加己傍
[17:41:43] Program Close
