**************************************************************
[16:56:59] Program Start!
[16:56:59] [DB저장 모드]
[16:56:59] TfrmMain.btnModeClick: 유인운영
[16:57:00] 비로그인
[16:57:00] 설치된 입구 LPR이 없음!
[16:57:00] 설치된 입구보조 LPR이 없음!
[16:57:00] 설치된 입구전광판이 없음!
[16:57:00] 설치된 출구전광판이 없음!
[16:57:00] LPR재접속 쓰레드시작
[16:57:00] 전광판재접속 쓰레드시작
[16:57:00] 정기권연동 쓰레드시작
[16:57:01] [subcsOutLpr1] 10.22.31.1:3000 접속성공
[16:57:01] csOutLpr1 접속성공
**************************************************************
[16:57:21] Program Start!
[16:57:21] [DB저장 모드]
[16:57:21] TfrmMain.btnModeClick: 유인운영
[16:57:22] 비로그인
[16:57:22] 설치된 입구 LPR이 없음!
[16:57:22] 설치된 입구보조 LPR이 없음!
[16:57:22] 설치된 입구전광판이 없음!
[16:57:22] 설치된 입구보조전광판이 없음!
[16:57:22] 설치된 출구전광판이 없음!
[16:57:22] [메인화면 에러] Access violation at address 0069EE90 in module 'SC_IO.exe'. Read of address 0000004C
[16:57:22] 정기권연동 쓰레드시작
[16:57:22] [subcsOutLpr1] 10.22.31.1:3000 접속성공
**************************************************************
[16:57:38] Program Start!
[16:57:38] [DB저장 모드]
[16:57:38] TfrmMain.btnModeClick: 유인운영
[16:57:39] 비로그인
[16:57:39] 설치된 입구 LPR이 없음!
[16:57:39] 설치된 입구보조 LPR이 없음!
[16:57:39] 설치된 입구전광판이 없음!
[16:57:39] 설치된 출구전광판이 없음!
[16:57:39] LPR재접속 쓰레드시작
[16:57:39] 전광판재접속 쓰레드시작
[16:57:39] 정기권연동 쓰레드시작
[16:57:40] [subcsOutLpr1] 10.22.31.1:3000 접속성공
[16:57:40] csOutLpr1 접속성공
[16:57:44] Program Close
