**************************************************************
[10:20:32] Program Start!
[10:20:32] [모니터링 모드]
[10:20:32] TfrmMain.btnModeClick: 유인운영
[10:20:32] 비로그인
[10:20:32] 설치된 입구보조 LPR이 없음!
[10:20:32] 설치된 출구보조 LPR이 없음!
[10:20:32] 설치된 입구전광판이 없음!
[10:20:32] 설치된 출구전광판이 없음!
[10:20:32] LPR재접속 쓰레드시작
[10:20:32] csInLpr1 접속성공
[10:20:32] csOutLpr1 접속성공
[10:22:41] Program Close
**************************************************************
[10:23:10] Program Start!
[10:23:10] [모니터링 모드]
[10:23:10] TfrmMain.btnModeClick: 유인운영
[10:23:10] 비로그인
[10:23:10] 설치된 입구보조 LPR이 없음!
[10:23:10] 설치된 출구보조 LPR이 없음!
[10:23:10] 설치된 입구전광판이 없음!
[10:23:10] 설치된 출구전광판이 없음!
[10:23:10] LPR재접속 쓰레드시작
[10:23:10] csInLpr1 접속성공
[10:23:10] csOutLpr1 접속성공
[10:23:47] XML파싱 시작!
[10:23:47] XML파싱 종료!
[10:24:40] XML파싱 시작!
[10:24:40] ICon_VisitAddRespone : 등록 응답 전문 생성 : 
[10:24:40] XML파싱 종료!
[10:24:43] XML파싱 시작!
[10:24:43] XML파싱 종료!
[10:26:39] XML파싱 시작!
[10:26:39] XML파싱 종료!
[10:26:57] XML파싱 시작!
[10:26:57] ICon_VisitAddRespone : 등록 응답 전문 생성 : 
[10:26:57] XML파싱 종료!
[10:27:00] XML파싱 시작!
[10:27:00] XML파싱 종료!
[10:27:25] XML파싱 시작!
[10:27:25] ICon_VisitAddRespone : 등록 응답 전문 생성 : 
[10:27:25] XML파싱 종료!
[10:27:29] XML파싱 시작!
[10:27:29] XML파싱 종료!
[10:28:00] XML파싱 시작!
[10:28:00] XML파싱 종료!
[10:28:41] XML파싱 시작!
[10:28:41] XML파싱 종료!
[10:29:02] XML파싱 시작!
[10:29:02] ICon_VisitDelProcess : 삭제 응답 전문 생성 : <?xml version="1.0"?>
<imap ver="1.0" address="26.208.153.49" sender="주차관제"><service type="reply" name="car_guest_info" result="deny"><request_info name="homedev" id_high="815" id_low="1003" type="main"/><policy limit_car_regi="3" limit_time="72" limit_duration="3" limit_credit="10/month"/><action>"delete"</action><reason>"expire"</reason><params car_num="333거3333" period="2021-07-10 00:00:00/2021-07-12 23:59:59" date="2021-07-07 10:27:25" message="null"/><params car_num="222허2222" period="2021-07-09 00:00:00/2021-07-09 23:59:59" date="2021-07-07 10:26:57" message="null"/></service></imap>

[10:29:02] XML파싱 종료!
[10:29:23] XML파싱 시작!
[10:29:23] ICon_VisitDelProcess : 삭제 응답 전문 생성 : <?xml version="1.0"?>
<imap ver="1.0" address="26.208.153.49" sender="주차관제"><service type="reply" name="car_guest_info" result="deny"><request_info name="homedev" id_high="815" id_low="1003" type="main"/><policy limit_car_regi="3" limit_time="72" limit_duration="3" limit_credit="10/month"/><action>"delete"</action><reason>"expire"</reason><params car_num="333거3333" period="2021-07-10 00:00:00/2021-07-12 23:59:59" date="2021-07-07 10:27:25" message="null"/><params car_num="222허2222" period="2021-07-09 00:00:00/2021-07-09 23:59:59" date="2021-07-07 10:26:57" message="null"/></service></imap>

[10:29:23] XML파싱 종료!
[10:29:25] XML파싱 시작!
[10:29:25] XML파싱 종료!
[10:29:28] XML파싱 시작!
[10:29:29] XML파싱 종료!
[10:30:42] XML파싱 시작!
[10:30:42] XML파싱 종료!
[10:30:59] XML파싱 시작!
[10:30:59] ICon_VisitAddRespone : 등록 응답 전문 생성 : 
[10:30:59] XML파싱 종료!
[10:31:02] XML파싱 시작!
[10:31:02] XML파싱 종료!
[10:31:12] XML파싱 시작!
[10:31:12] ICon_VisitDelProcess : 삭제 응답 전문 생성 : <?xml version="1.0"?>
<imap ver="1.0" address="26.208.153.49" sender="주차관제"><service type="reply" name="car_guest_info" result="deny"><request_info name="homedev" id_high="815" id_low="1003" type="main"/><policy limit_car_regi="3" limit_time="72" limit_duration="3" limit_credit="10/month"/><action>"delete"</action><reason>"expire"</reason><params car_num="333거3333" period="2021-07-10 00:00:00/2021-07-12 23:59:59" date="2021-07-07 10:27:25" message="null"/><params car_num="222허2222" period="2021-07-09 00:00:00/2021-07-09 23:59:59" date="2021-07-07 10:26:57" message="null"/></service></imap>

[10:31:12] XML파싱 종료!
[10:31:15] XML파싱 시작!
[10:31:15] XML파싱 종료!
[10:43:12] Program Close
**************************************************************
[10:43:47] Program Start!
[10:43:47] [모니터링 모드]
[10:43:47] TfrmMain.btnModeClick: 유인운영
[10:43:47] 비로그인
[10:43:47] 설치된 입구보조 LPR이 없음!
[10:43:47] 설치된 출구보조 LPR이 없음!
[10:43:47] 설치된 입구전광판이 없음!
[10:43:47] 설치된 출구전광판이 없음!
[10:43:47] LPR재접속 쓰레드시작
[10:43:48] csInLpr1 접속성공
[10:43:48] csOutLpr1 접속성공
[10:44:27] XML파싱 시작!
[10:44:27] XML파싱 종료!
[10:44:53] XML파싱 시작!
[10:44:53] ICon_VisitAddRespone : 등록 응답 전문 생성 : 
[10:44:53] XML파싱 종료!
[10:44:57] XML파싱 시작!
[10:44:57] XML파싱 종료!
[10:45:03] XML파싱 시작!
[10:45:03] ICon_VisitDelProcess : 삭제 응답 전문 생성 : <?xml version="1.0"?>
<imap ver="1.0" address="26.208.153.49" sender="주차관제"><service type="reply" name="car_guest_info" result="deny"><request_info name="homedev" id_high="815" id_low="1003" type="main"/><policy limit_car_regi="3" limit_time="72" limit_duration="3" limit_credit="10/month"/><action>"delete"</action><reason>"expire"</reason><params car_num="555러5555" period="2021-07-07 00:00:00/2021-07-07 23:59:59" date="2021-07-07 10:44:53" message="null"/><params car_num="333거3333" period="2021-07-10 00:00:00/2021-07-12 23:59:59" date="2021-07-07 10:27:25" message="null"/><params car_num="222허2222" period="2021-07-09 00:00:00/2021-07-09 23:59:59" date="2021-07-07 10:26:57" message="null"/></service></imap>

[10:45:03] XML파싱 종료!
[10:45:34] Program Close
**************************************************************
[10:45:48] Program Start!
[10:45:48] [모니터링 모드]
[10:45:48] TfrmMain.btnModeClick: 유인운영
[10:45:48] 비로그인
[10:45:48] 설치된 입구보조 LPR이 없음!
[10:45:48] 설치된 출구보조 LPR이 없음!
[10:45:48] 설치된 입구전광판이 없음!
[10:45:48] 설치된 출구전광판이 없음!
[10:45:48] LPR재접속 쓰레드시작
[10:45:49] csInLpr1 접속성공
[10:45:49] csOutLpr1 접속성공
[10:45:56] XML파싱 시작!
[10:45:56] XML파싱 종료!
[10:46:02] XML파싱 시작!
[10:46:02] ICon_VisitDelProcess : 삭제 응답 전문 생성 : <?xml version="1.0"?>
<imap ver="1.0" address="26.208.153.49" sender="주차관제"><service type="reply" name="car_guest_info" result="deny"><request_info name="homedev" id_high="815" id_low="1003" type="main"/><policy limit_car_regi="3" limit_time="72" limit_duration="3" limit_credit="10/month"/><action>"delete"</action><reason>"expire"</reason><params car_num="555러5555" period="2021-07-07 00:00:00/2021-07-07 23:59:59" date="2021-07-07 10:44:53" message="null"/><params car_num="333거3333" period="2021-07-10 00:00:00/2021-07-12 23:59:59" date="2021-07-07 10:27:25" message="null"/><params car_num="222허2222" period="2021-07-09 00:00:00/2021-07-09 23:59:59" date="2021-07-07 10:26:57" message="null"/></service></imap>

[10:46:02] XML파싱 종료!
[10:47:07] Program Close
**************************************************************
[10:47:24] Program Start!
[10:47:24] [모니터링 모드]
[10:47:24] TfrmMain.btnModeClick: 유인운영
[10:47:24] 비로그인
[10:47:24] 설치된 입구보조 LPR이 없음!
[10:47:24] 설치된 출구보조 LPR이 없음!
[10:47:24] 설치된 입구전광판이 없음!
[10:47:24] 설치된 출구전광판이 없음!
[10:47:25] LPR재접속 쓰레드시작
[10:47:25] csInLpr1 접속성공
[10:47:25] csOutLpr1 접속성공
[10:47:27] XML파싱 시작!
[10:47:28] XML파싱 종료!
[10:47:30] XML파싱 시작!
[10:47:30] ICon_VisitDelProcess : 삭제 응답 전문 생성 : <?xml version="1.0"?>
<imap ver="1.0" address="26.208.153.49" sender="주차관제"><service type="reply" name="car_guest_info" result="ok"><request_info name="homedev" id_high="815" id_low="1003" type="main"/><policy limit_car_regi="3" limit_time="72" limit_duration="3" limit_credit="10/month"/><action>"delete"</action><params car_num="333거3333" period="2021-07-10 00:00:00/2021-07-12 23:59:59" date="2021-07-07 10:27:25" message="null"/><params car_num="222허2222" period="2021-07-09 00:00:00/2021-07-09 23:59:59" date="2021-07-07 10:26:57" message="null"/></service></imap>

[10:47:30] XML파싱 종료!
[10:47:33] XML파싱 시작!
[10:47:33] XML파싱 종료!
[10:48:44] XML파싱 시작!
[10:48:44] XML파싱 종료!
[10:48:49] XML파싱 시작!
[10:48:49] ICon_VisitDelProcess : 삭제 응답 전문 생성 : <?xml version="1.0"?>
<imap ver="1.0" address="26.208.153.49" sender="주차관제"><service type="reply" name="car_guest_info" result="ok"><request_info name="homedev" id_high="815" id_low="1003" type="main"/><policy limit_car_regi="3" limit_time="72" limit_duration="3" limit_credit="10/month"/><action>"delete"</action><params car_num="333거3333" period="2021-07-10 00:00:00/2021-07-12 23:59:59" date="2021-07-07 10:27:25" message="null"/></service></imap>

[10:48:49] XML파싱 종료!
[10:48:51] XML파싱 시작!
[10:48:51] XML파싱 종료!
[10:48:52] XML파싱 시작!
[10:48:52] ICon_VisitDelProcess : 삭제 응답 전문 생성 : <?xml version="1.0"?>
<imap ver="1.0" address="26.208.153.49" sender="주차관제"><service type="reply" name="car_guest_info" result="ok"><request_info name="homedev" id_high="815" id_low="1003" type="main"/><policy limit_car_regi="3" limit_time="72" limit_duration="3" limit_credit="10/month"/><action>"delete"</action></service></imap>

[10:48:52] XML파싱 종료!
[10:48:53] XML파싱 시작!
[10:48:53] XML파싱 종료!
[10:49:24] XML파싱 시작!
[10:49:24] ICon_VisitAddRespone : 등록 응답 전문 생성 : 
[10:49:24] XML파싱 종료!
[10:49:27] XML파싱 시작!
[10:49:27] XML파싱 종료!
[10:49:36] XML파싱 시작!
[10:49:36] ICon_VisitAddRespone : 등록 응답 전문 생성 : 
[10:49:36] XML파싱 종료!
[10:49:49] XML파싱 시작!
[10:49:49] ICon_VisitAddRespone : 등록 응답 전문 생성 : 
[10:49:49] XML파싱 종료!
[10:49:52] XML파싱 시작!
[10:49:52] XML파싱 종료!
[10:51:24] XML파싱 시작!
[10:51:24] XML파싱 종료!
[10:51:55] XML파싱 시작!
[10:51:55] ICon_VisitAddRespone : 등록 응답 전문 생성 : 
[10:51:55] XML파싱 종료!
[10:51:59] XML파싱 시작!
[10:51:59] XML파싱 종료!
[10:52:35] XML파싱 시작!
[10:52:35] XML파싱 종료!
[10:54:06] XML파싱 시작!
[10:54:06] XML파싱 종료!
[10:54:10] XML파싱 시작!
[10:54:10] ICon_VisitDelProcess : 삭제 응답 전문 생성 : <?xml version="1.0"?>
<imap ver="1.0" address="26.208.153.49" sender="주차관제"><service type="reply" name="car_guest_info" result="ok"><request_info name="homedev" id_high="815" id_low="1003" type="main"/><policy limit_car_regi="3" limit_time="72" limit_duration="3" limit_credit="10/month"/><action>"delete"</action><params car_num="44러4444" period="2021-07-07 00:00:00/2021-07-07 23:59:59" date="2021-07-07 10:51:55" message="null"/><params car_num="444러4444" period="1" date="2021-07-07 10:49:49" message="null"/><params car_num="222호2222" period="2021-07-07 00:00:00/2021-07-07 23:59:59" date="2021-07-07 10:49:24" message="null"/></service></imap>

[10:54:10] XML파싱 종료!
[10:54:11] XML파싱 시작!
[10:54:11] XML파싱 종료!
[10:54:30] XML파싱 시작!
[10:54:30] ICon_VisitAddRespone : 등록 응답 전문 생성 : 
[10:54:30] XML파싱 종료!
[10:54:35] XML파싱 시작!
[10:54:35] XML파싱 종료!
[10:54:45] Program Close
**************************************************************
[10:55:27] Program Start!
[10:55:27] [모니터링 모드]
[10:55:27] TfrmMain.btnModeClick: 유인운영
[10:55:27] 비로그인
[10:55:27] 설치된 입구보조 LPR이 없음!
[10:55:27] 설치된 출구보조 LPR이 없음!
[10:55:27] 설치된 입구전광판이 없음!
[10:55:27] 설치된 출구전광판이 없음!
[10:55:28] LPR재접속 쓰레드시작
[10:55:28] csInLpr1 접속성공
[10:55:28] csOutLpr1 접속성공
[10:55:40] XML파싱 시작!
[10:55:40] XML파싱 종료!
[10:58:57] XML파싱 시작!
[10:58:57] XML파싱 종료!
[11:02:00] XML파싱 시작!
[11:02:00] XML파싱 종료!
[11:09:33] XML파싱 시작!
[11:09:33] XML파싱 종료!
[11:11:54] XML파싱 시작!
[11:11:54] XML파싱 종료!
[11:12:45] XML파싱 시작!
[11:12:45] XML파싱 종료!
[11:13:55] LPR Check: 222호2222,http://127.0.0.1:9080/MSImage/2021/07/07/CH1_20210707111355_222호2222.jpg,3,,,0, 2021-07-07 11:13:55
[11:13:55] File: \\127.0.0.1\MSImage\2021\07\07\CH1_20210707111355_222호2222.jpg
[11:13:55] NormalProc: 일반차량 처리 시작 : 222호2222, 
[11:13:55] 방문차량 입차: 222호2222 - \\127.0.0.1\MSImage\2021\07\07\CH1_20210707111355_222호2222.jpg
[11:13:55] 815/1003/222호2222 사전예약방문 차량 차단기오픈
[11:13:55] 일반차량 입차 이미지 가져오기 시작
[11:13:55] InLPRRead: JPEG error #53
[11:14:04] XML파싱 시작!
[11:14:04] XML파싱 종료!
[11:14:16] XML파싱 시작!
[11:14:16] ICon_VisitDelProcess : 삭제 응답 전문 생성 : <?xml version="1.0"?>
<imap ver="1.0" address="26.208.153.49" sender="주차관제"><service type="reply" name="car_guest_info" result="ok"><request_info name="homedev" id_high="815" id_low="1003" type="main"/><policy limit_car_regi="3" limit_time="72" limit_duration="3" limit_credit="10/month"/><action>"delete"</action><params car_num="55서5555" period="2021-07-08 00:00:00/2021-07-08 23:59:59" date="2021-07-07 10:54:30" message="null"/><params car_num="44러4444" period="2021-07-07 00:00:00/2021-07-07 23:59:59" date="2021-07-07 10:51:55" message="null"/><params car_num="444러4444" period="1" date="2021-07-07 10:49:49" message="null"/></service></imap>

[11:14:16] XML파싱 종료!
[11:14:20] XML파싱 시작!
[11:14:20] XML파싱 종료!
[11:20:00] LPR Check: 22호2222,http://127.0.0.1:9080/MSImage/2021/07/07/CH1_20210707112000_22호2222.jpg,1,,,0, 2021-07-07 11:20:00
[11:20:00] File: \\127.0.0.1\MSImage\2021\07\07\CH1_20210707112000_22호2222.jpg
[11:20:00] NormalProc: 일반차량 처리 시작 : 22호2222, 
[11:20:00] 미등록차량 입차: 22호2222 - \\127.0.0.1\MSImage\2021\07\07\CH1_20210707112000_22호2222.jpg
[11:20:00] 일반차량 입차 이미지 가져오기 시작
[11:20:00] InLPRRead: JPEG error #53
[11:22:49] Program Close
**************************************************************
[11:24:11] Program Start!
[11:24:11] [모니터링 모드]
[11:24:11] TfrmMain.btnModeClick: 유인운영
[11:24:11] 비로그인
[11:24:11] 설치된 입구보조 LPR이 없음!
[11:24:11] 설치된 출구보조 LPR이 없음!
[11:24:11] 설치된 입구전광판이 없음!
[11:24:11] 설치된 출구전광판이 없음!
[11:24:11] LPR재접속 쓰레드시작
[11:24:11] csInLpr1 접속성공
[11:24:11] csOutLpr1 접속성공
[11:24:13] LPR Check: 22호2222,http://127.0.0.1:9080/MSImage/2021/07/07/CH1_20210707112413_22호2222.jpg,1,,,0, 2021-07-07 11:24:13
[11:24:13] File: \\127.0.0.1\MSImage\2021\07\07\CH1_20210707112413_22호2222.jpg
[11:24:13] NormalProc: 일반차량 처리 시작 : 22호2222, 
[11:24:13] 미등록차량 입차: 22호2222 - \\127.0.0.1\MSImage\2021\07\07\CH1_20210707112413_22호2222.jpg
[11:24:13] 일반차량 입차 이미지 가져오기 시작
[11:24:13] 일반차량 입차 이미지 가져오기 끝
[11:27:03] Program Close
**************************************************************
[11:28:14] Program Start!
[11:28:14] [모니터링 모드]
[11:28:14] TfrmMain.btnModeClick: 유인운영
[11:28:14] 비로그인
[11:28:14] 설치된 입구보조 LPR이 없음!
[11:28:14] 설치된 출구보조 LPR이 없음!
[11:28:14] 설치된 입구전광판이 없음!
[11:28:14] 설치된 출구전광판이 없음!
[11:28:14] LPR재접속 쓰레드시작
[11:28:15] csInLpr1 접속성공
[11:28:15] csOutLpr1 접속성공
[11:28:18] XML파싱 시작!
[11:28:18] XML파싱 종료!
[11:28:41] XML파싱 시작!
[11:28:41] ICon_VisitAddRespone : 등록 응답 전문 생성 : 
[11:28:41] XML파싱 종료!
[11:28:44] XML파싱 시작!
[11:28:44] XML파싱 종료!
[11:28:56] LPR Check: 33거3333,http://127.0.0.1:9080/MSImage/2021/07/07/CH1_20210707112856_33거3333.jpg,1,,,0, 2021-07-07 11:28:56
[11:28:56] File: \\127.0.0.1\MSImage\2021\07\07\CH1_20210707112856_33거3333.jpg
[11:28:56] NormalProc: 일반차량 처리 시작 : 33거3333, 
[11:28:56] 방문차량 입차: 33거3333 - \\127.0.0.1\MSImage\2021\07\07\CH1_20210707112856_33거3333.jpg
[11:28:56] 815/1003/33거3333 사전예약방문 차량 차단기오픈
[11:28:56] 일반차량 입차 이미지 가져오기 시작
[11:28:56] 일반차량 입차 이미지 가져오기 끝
[11:29:04] XML파싱 시작!
[11:29:04] XML파싱 종료!
[11:29:08] XML파싱 시작!
[11:29:08] ICon_VisitDelProcess : 삭제 응답 전문 생성 : <?xml version="1.0"?>
<imap ver="1.0" address="26.208.153.49" sender="주차관제"><service type="reply" name="car_guest_info" result="ok"><request_info name="homedev" id_high="815" id_low="1003" type="main"/><policy limit_car_regi="3" limit_time="72" limit_duration="3" limit_credit="10/month"/><action>"delete"</action><params car_num="55서5555" period="2021-07-08 00:00:00/2021-07-08 23:59:59" date="2021-07-07 10:54:30" message="null"/><params car_num="44러4444" period="2021-07-07 00:00:00/2021-07-07 23:59:59" date="2021-07-07 10:51:55" message="null"/></service></imap>

[11:29:08] XML파싱 종료!
[11:29:11] XML파싱 시작!
[11:29:11] XML파싱 종료!
[11:29:54] XML파싱 시작!
[11:29:54] XML파싱 종료!
[11:30:58] Program Close
**************************************************************
[11:31:00] Program Start!
[11:31:00] [DB저장 모드]
[11:31:00] TfrmMain.btnModeClick: 유인운영
[11:31:00] 비로그인
[11:31:00] 설치된 입구보조 LPR이 없음!
[11:31:00] 설치된 출구보조 LPR이 없음!
[11:31:00] 설치된 입구전광판이 없음!
[11:31:00] 설치된 출구전광판이 없음!
[11:31:00] LPR재접속 쓰레드시작
[11:31:01] 전광판재접속 쓰레드시작
[11:31:01] 정기권연동 쓰레드시작
[11:31:02] csInLpr1 접속성공
[11:31:02] csOutLpr1 접속성공
[11:31:50] XML파싱 시작!
[11:31:50] XML파싱 종료!
[11:31:59] LPR Check: 44러4444,http://127.0.0.1:9080/MSImage/2021/07/07/CH1_20210707113159_44러4444.jpg,1,,,0, 2021-07-07 11:31:59
[11:31:59] File: \\127.0.0.1\MSImage\2021\07\07\CH1_20210707113159_44러4444.jpg
[11:31:59] NormalProc: 일반차량 처리 시작 : 44러4444, 
[11:31:59] 방문차량 입차: 44러4444 - \\127.0.0.1\MSImage\2021\07\07\CH1_20210707113159_44러4444.jpg
[11:31:59] 입구차단기 Open 127.0.0.1:2000
[11:31:59] 815/1003/44러4444 사전예약방문 차량 차단기오픈
[11:31:59] 일반차량 입차 이미지 가져오기 시작
[11:31:59] 일반차량 입차 이미지 가져오기 끝
[11:32:05] XML파싱 시작!
[11:32:05] ICon_VisitDelProcess : 삭제 응답 전문 생성 : <?xml version="1.0"?>
<imap ver="1.0" address="26.208.153.49" sender="주차관제"><service type="reply" name="car_guest_info" result="deny"><request_info name="homedev" id_high="815" id_low="1003" type="main"/><policy limit_car_regi="3" limit_time="72" limit_duration="3" limit_credit="10/month"/><action>"delete"</action><reason>"no_exit"</reason><params car_num="55서5555" period="2021-07-08 00:00:00/2021-07-08 23:59:59" date="2021-07-07 10:54:30" message="null"/><params car_num="44러4444" period="2021-07-07 00:00:00/2021-07-07 23:59:59" date="2021-07-07 10:51:55" message="null"/></service></imap>

[11:32:05] XML파싱 종료!
[11:34:32] XML파싱 시작!
[11:34:32] XML파싱 종료!
[11:36:31] XML파싱 시작!
[11:36:31] XML파싱 종료!
[11:36:56] XML파싱 시작!
[11:36:56] ICon_VisitDelProcess : 삭제 응답 전문 생성 : <?xml version="1.0"?>
<imap ver="1.0" address="26.208.153.49" sender="주차관제"><service type="reply" name="car_guest_info" result="deny"><request_info name="homedev" id_high="815" id_low="1003" type="main"/><policy limit_car_regi="3" limit_time="72" limit_duration="3" limit_credit="10/month"/><action>"delete"</action><reason>"no_exit"</reason><params car_num="44러4444" period="2021-07-07 00:00:00/2021-07-07 23:59:59" date="2021-07-07 10:51:55" message="null"/></service></imap>

[11:36:56] XML파싱 종료!
[11:37:07] XML파싱 시작!
[11:37:07] ICon_VisitDelProcess : 삭제 응답 전문 생성 : <?xml version="1.0"?>
<imap ver="1.0" address="26.208.153.49" sender="주차관제"><service type="reply" name="car_guest_info" result="deny"><request_info name="homedev" id_high="815" id_low="1003" type="main"/><policy limit_car_regi="3" limit_time="72" limit_duration="3" limit_credit="10/month"/><action>"delete"</action><reason>"no_exit"</reason><params car_num="44러4444" period="2021-07-07 00:00:00/2021-07-07 23:59:59" date="2021-07-07 10:51:55" message="null"/></service></imap>

[11:37:07] XML파싱 종료!
[11:37:38] XML파싱 시작!
[11:37:38] XML파싱 종료!
[11:38:12] XML파싱 시작!
[11:38:12] XML파싱 종료!
[11:41:42] Program Close
**************************************************************
[11:42:02] Program Start!
[11:42:02] [DB저장 모드]
[11:42:03] TfrmMain.btnModeClick: 유인운영
[11:42:03] 비로그인
[11:42:03] 설치된 입구보조 LPR이 없음!
[11:42:03] 설치된 출구보조 LPR이 없음!
[11:42:03] 설치된 입구전광판이 없음!
[11:42:03] 설치된 출구전광판이 없음!
[11:42:03] LPR재접속 쓰레드시작
[11:42:03] 전광판재접속 쓰레드시작
[11:42:03] 정기권연동 쓰레드시작
[11:42:04] csInLpr1 접속성공
[11:42:04] csOutLpr1 접속성공
[11:42:08] XML파싱 시작!
[11:42:08] XML파싱 종료!
[11:42:15] XML파싱 시작!
[11:42:15] ICon_VisitDelProcess : 삭제 응답 전문 생성 : <?xml version="1.0"?>
<imap ver="1.0" address="26.208.153.49" sender="주차관제"><service type="reply" name="car_guest_info" result="deny"><request_info name="homedev" id_high="815" id_low="1003" type="main"/><policy limit_car_regi="3" limit_time="72" limit_duration="3" limit_credit="10/month"/><action>"delete"</action><reason>"no_exit"</reason><params car_num="44러4444" period="2021-07-07 00:00:00/2021-07-07 23:59:59" date="2021-07-07 10:51:55" message="null"/></service></imap>

[11:42:15] XML파싱 종료!
[11:42:17] XML파싱 시작!
[11:42:17] XML파싱 종료!
[11:42:28] XML파싱 시작!
[11:42:29] ICon_VisitDelProcess : 삭제 응답 전문 생성 : <?xml version="1.0"?>
<imap ver="1.0" address="26.208.153.49" sender="주차관제"><service type="reply" name="car_guest_info" result="deny"><request_info name="homedev" id_high="815" id_low="1003" type="main"/><policy limit_car_regi="3" limit_time="72" limit_duration="3" limit_credit="10/month"/><action>"delete"</action><reason>"no_exit"</reason><params car_num="44러4444" period="2021-07-07 00:00:00/2021-07-07 23:59:59" date="2021-07-07 10:51:55" message="null"/></service></imap>

[11:42:29] XML파싱 종료!
[11:42:58] XML파싱 시작!
[11:42:58] XML파싱 종료!
[11:43:21] XML파싱 시작!
[11:43:21] ICon_VisitAddRespone : 등록 응답 전문 생성 : 
[11:43:21] XML파싱 종료!
[11:43:25] XML파싱 시작!
[11:43:25] XML파싱 종료!
[11:43:34] XML파싱 시작!
[11:43:35] ICon_VisitAddRespone : 등록 응답 전문 생성 : 
[11:43:35] XML파싱 종료!
[11:43:53] XML파싱 시작!
[11:43:54] ICon_VisitAddRespone : 등록 응답 전문 생성 : 
[11:43:54] XML파싱 종료!
[11:44:03] XML파싱 시작!
[11:44:04] ICon_VisitAddRespone : 등록 응답 전문 생성 : 
[11:44:04] XML파싱 종료!
[11:44:07] XML파싱 시작!
[11:44:08] XML파싱 종료!
[11:44:25] XML파싱 시작!
[11:44:25] XML파싱 종료!
[11:44:28] XML파싱 시작!
[11:44:28] XML파싱 종료!
[11:44:38] XML파싱 시작!
[11:44:39] ICon_VisitAddRespone : 등록 응답 전문 생성 : 
[11:44:39] XML파싱 종료!
[11:44:44] XML파싱 시작!
[11:44:44] XML파싱 종료!
[11:45:24] XML파싱 시작!
[11:45:25] ICon_VisitAddRespone : 등록 응답 전문 생성 : 
[11:45:25] XML파싱 종료!
[11:46:29] XML파싱 시작!
[11:46:30] XML파싱 종료!
[11:46:40] XML파싱 시작!
[11:46:40] ICon_VisitAddRespone : 등록 응답 전문 생성 : 
[11:46:40] XML파싱 종료!
[11:46:43] XML파싱 시작!
[11:46:44] XML파싱 종료!
[12:43:34] XML파싱 시작!
[12:43:34] XML파싱 종료!
[13:20:42] XML파싱 시작!
[13:20:42] XML파싱 종료!
[13:21:17] XML파싱 시작!
[13:21:17] XML파싱 종료!
[13:21:25] XML파싱 시작!
[13:21:26] ICon_VisitDelProcess : 삭제 응답 전문 생성 : <?xml version="1.0"?>
<imap ver="1.0" address="26.208.153.49" sender="주차관제"><service type="reply" name="car_guest_info" result="ok"><request_info name="homedev" id_high="815" id_low="1003" type="main"/><policy limit_car_regi="3" limit_time="72" limit_duration="3" limit_credit="10/month"/><action>"delete"</action><params car_num="55허5555" period="2021-07-07 00:00:00/2021-07-07 23:59:59" date="2021-07-07 11:46:40" message="null"/><params car_num="44호4444" period="2021-07-07 00:00:00/2021-07-07 23:59:59" date="2021-07-07 11:43:35" message="null"/></service></imap>

[13:21:26] XML파싱 종료!
[13:21:27] XML파싱 시작!
[13:21:27] XML파싱 종료!
[13:21:56] XML파싱 시작!
[13:21:57] ICon_VisitAddRespone : 등록 응답 전문 생성 : 
[13:21:57] XML파싱 종료!
[13:22:02] XML파싱 시작!
[13:22:02] XML파싱 종료!
[13:22:27] Program Close
**************************************************************
[13:23:18] Program Start!
[13:23:18] [DB저장 모드]
[13:23:18] TfrmMain.btnModeClick: 유인운영
[13:23:19] 비로그인
[13:23:19] 설치된 입구보조 LPR이 없음!
[13:23:19] 설치된 출구보조 LPR이 없음!
[13:23:19] 설치된 입구전광판이 없음!
[13:23:19] 설치된 출구전광판이 없음!
[13:23:19] LPR재접속 쓰레드시작
[13:23:19] 전광판재접속 쓰레드시작
[13:23:19] 정기권연동 쓰레드시작
[13:23:20] csInLpr1 접속성공
[13:23:20] csOutLpr1 접속성공
[13:25:32] Program Close
[13:54:10] XML파싱 시작!
[13:54:10] ICon_VisitDelProcess : 삭제 응답 전문 생성 : <?xml version="1.0"?>
<imap ver="1.0" address="26.208.153.49" sender="주차관제"><service type="reply" name="car_guest_info" result="ok"><request_info name="homedev" id_high="815" id_low="1003" type="main"/><policy limit_car_regi="3" limit_time="72" limit_duration="3" limit_credit="10/month"/><action>"delete"</action><params car_num="55허5555" period="2021-07-07 00:00:00/2021-07-07 23:59:59" date="2021-07-07 11:46:40" message="null"/><params car_num="44호4444" period="2021-07-07 00:00:00/2021-07-07 23:59:59" date="2021-07-07 11:43:35" message="null"/></service></imap>

[13:54:10] XML파싱 종료!
[13:54:11] XML파싱 시작!
[13:54:11] XML파싱 종료!
[13:54:13] XML파싱 시작!
[13:54:13] ICon_VisitDelProcess : 삭제 응답 전문 생성 : <?xml version="1.0"?>
<imap ver="1.0" address="26.208.153.49" sender="주차관제"><service type="reply" name="car_guest_info" result="ok"><request_info name="homedev" id_high="815" id_low="1003" type="main"/><policy limit_car_regi="3" limit_time="72" limit_duration="3" limit_credit="10/month"/><action>"delete"</action></service></imap>

[13:54:13] XML파싱 종료!
[13:54:14] XML파싱 시작!
[13:54:14] XML파싱 종료!
[13:55:44] XML파싱 시작!
[13:55:44] XML파싱 종료!
[13:56:01] XML파싱 시작!
[13:56:01] ICon_VisitAddRespone : 등록 응답 전문 생성 : 
[13:56:01] XML파싱 종료!
[13:56:05] XML파싱 시작!
[13:56:05] XML파싱 종료!
[13:56:16] XML파싱 시작!
[13:56:17] XML파싱 종료!
[13:57:11] LPR Check: 77마7777,http://127.0.0.1:9080/MSImage/2021/07/07/CH1_20210707135711_77마7777.jpg,1,,,0, 2021-07-07 13:57:11
[13:57:11] File: \\127.0.0.1\MSImage\2021\07\07\CH1_20210707135711_77마7777.jpg
[13:57:11] NormalProc: 일반차량 처리 시작 : 77마7777, 
[13:57:11] 방문차량 입차: 77마7777 - \\127.0.0.1\MSImage\2021\07\07\CH1_20210707135711_77마7777.jpg
[13:57:11] 입구차단기 Open 127.0.0.1:2000
[13:57:11] 815/1003/77마7777 사전예약방문 차량 차단기오픈
[13:57:12] 일반차량 입차 이미지 가져오기 시작
[13:57:12] 일반차량 입차 이미지 가져오기 끝
[13:58:02] LPR Check: 77마7777,http://127.0.0.1:9080/MSImage/2021/07/07/CH1_20210707135802_77마7777.jpg,1,,,0, 2021-07-07 13:58:02
[13:58:02] File: \\127.0.0.1\MSImage\2021\07\07\CH1_20210707135802_77마7777.jpg
[13:58:02] NormalProc: 일반차량 처리 시작 : 77마7777, 
[13:58:03] 77마7777차량 입차데이터 존재
[13:58:03] 출구차단기 Open 127.0.0.1:3000
[13:58:03] 입차
[13:58:13] XML파싱 시작!
[13:58:13] XML파싱 종료!
[14:12:18] Program Close
**************************************************************
[14:40:52] Program Start!
[14:40:52] [DB저장 모드]
[14:40:52] TfrmMain.btnModeClick: 유인운영
[14:40:53] 비로그인
[14:40:53] 설치된 입구보조 LPR이 없음!
[14:40:53] 설치된 출구보조 LPR이 없음!
[14:40:54] 설치된 입구전광판이 없음!
[14:40:54] 설치된 출구전광판이 없음!
[14:40:54] LPR재접속 쓰레드시작
[14:40:54] 전광판재접속 쓰레드시작
[14:40:54] 정기권연동 쓰레드시작
[14:40:55] csInLpr1 접속성공
[14:40:55] csOutLpr1 접속성공
[14:40:57] XML파싱 시작!
[14:40:57] XML파싱 종료!
[14:41:11] XML파싱 시작!
[14:41:11] XML파싱 종료!
[14:41:26] Program Close
**************************************************************
[14:41:45] Program Start!
[14:41:45] [DB저장 모드]
[14:41:45] TfrmMain.btnModeClick: 유인운영
[14:41:46] 비로그인
[14:41:46] 설치된 입구보조 LPR이 없음!
[14:41:46] 설치된 출구보조 LPR이 없음!
[14:41:47] 설치된 입구전광판이 없음!
[14:41:47] 설치된 출구전광판이 없음!
[14:41:47] LPR재접속 쓰레드시작
[14:41:47] 전광판재접속 쓰레드시작
[14:41:47] 정기권연동 쓰레드시작
[14:41:48] csInLpr1 접속성공
[14:41:48] csOutLpr1 접속성공
[14:42:22] XML파싱 시작!
[14:42:22] XML파싱 종료!
[14:43:01] Program Close
**************************************************************
[14:43:53] Program Start!
[14:43:53] [DB저장 모드]
[14:43:54] TfrmMain.btnModeClick: 유인운영
[14:43:54] 비로그인
[14:43:55] 설치된 입구보조 LPR이 없음!
[14:43:55] 설치된 출구보조 LPR이 없음!
[14:43:55] 설치된 입구전광판이 없음!
[14:43:55] 설치된 출구전광판이 없음!
[14:43:55] LPR재접속 쓰레드시작
[14:43:55] 전광판재접속 쓰레드시작
[14:43:55] 정기권연동 쓰레드시작
[14:43:56] csInLpr1 접속성공
[14:43:56] csOutLpr1 접속성공
[14:44:02] XML파싱 시작!
[14:44:02] XML파싱 종료!
[14:44:18] XML파싱 시작!
[14:44:18] ICon_VisitDelProcess : 삭제 응답 전문 생성 : <?xml version="1.0"?>
<imap ver="1.0" address="26.208.153.49" sender="주차관제"><service type="reply" name="car_guest_info" result="deny"><request_info name="homedev" id_high="815" id_low="1003" type="main"/><policy limit_car_regi="3" limit_time="72" limit_duration="3" limit_credit="10/month"/><action>"delete"</action><reason>"no_exit"</reason><params car_num="77마7777" period="2021-07-07 00:00:00/2021-07-07 23:59:59" date="2021-07-07 13:56:01" message="null"/></service></imap>

[14:44:18] XML파싱 종료!
[14:52:11] Program Close
**************************************************************
[14:54:01] Program Start!
[14:54:01] [DB저장 모드]
[14:54:01] TfrmMain.btnModeClick: 유인운영
[14:54:02] 비로그인
[14:54:02] 설치된 입구보조 LPR이 없음!
[14:54:02] 설치된 출구보조 LPR이 없음!
[14:54:03] 설치된 입구전광판이 없음!
[14:54:03] 설치된 출구전광판이 없음!
[14:54:03] LPR재접속 쓰레드시작
[14:54:03] 전광판재접속 쓰레드시작
[14:54:03] 정기권연동 쓰레드시작
[14:54:04] csInLpr1 접속성공
[14:54:04] csOutLpr1 접속성공
[14:54:09] XML파싱 시작!
[14:54:09] XML파싱 종료!
[14:54:11] XML파싱 시작!
[14:54:11] ICon_VisitDelProcess: 'ordery' 근처의 구문이 잘못되었습니다
[14:54:11] ICon_VisitDelProcess : 삭제 응답 전문 생성 : <?xml version="1.0"?>
<imap ver="1.0" address="26.208.153.49" sender="주차관제"><service type="reply" name="car_guest_info" result="fail"/></imap>

[14:54:11] XML파싱 종료!
[14:54:14] XML파싱 시작!
[14:54:14] XML파싱 종료!
[14:55:56] Program Close
**************************************************************
[15:15:38] Program Start!
[15:15:38] [DB저장 모드]
[15:15:38] TfrmMain.btnModeClick: 유인운영
[15:15:40] 비로그인
[15:15:40] 설치된 입구보조 LPR이 없음!
[15:15:40] 설치된 출구보조 LPR이 없음!
[15:15:40] 설치된 입구전광판이 없음!
[15:15:40] 설치된 출구전광판이 없음!
[15:15:41] LPR재접속 쓰레드시작
[15:15:41] 전광판재접속 쓰레드시작
[15:15:41] 정기권연동 쓰레드시작
[15:15:42] csInLpr1 접속성공
[15:15:42] csOutLpr1 접속성공
[15:17:04] Program Close
**************************************************************
[15:19:48] Program Start!
[15:19:48] [DB저장 모드]
[15:19:48] TfrmMain.btnModeClick: 유인운영
[15:19:49] 비로그인
[15:19:49] 설치된 입구보조 LPR이 없음!
[15:19:49] 설치된 출구보조 LPR이 없음!
[15:19:49] 설치된 입구전광판이 없음!
[15:19:49] 설치된 출구전광판이 없음!
[15:19:50] LPR재접속 쓰레드시작
[15:19:50] 전광판재접속 쓰레드시작
[15:19:50] 정기권연동 쓰레드시작
[15:19:51] csInLpr1 접속성공
[15:19:51] csOutLpr1 접속성공
[15:20:30] XML파싱 시작!
[15:20:30] XML파싱 종료!
[15:20:33] XML파싱 시작!
[15:20:33] ICon_VisitDelProcess: 'ordery' 근처의 구문이 잘못되었습니다
[15:20:33] ICon_VisitDelProcess : 삭제 응답 전문 생성 : <?xml version="1.0"?>
<imap ver="1.0" address="26.208.153.49" sender="주차관제"><service type="reply" name="car_guest_info" result="fail"/></imap>

[15:20:33] XML파싱 종료!
[15:20:56] Program Close
**************************************************************
[15:28:11] Program Start!
[15:28:11] [DB저장 모드]
[15:28:12] TfrmMain.btnModeClick: 유인운영
[15:28:12] 비로그인
[15:28:13] 설치된 입구보조 LPR이 없음!
[15:28:13] 설치된 출구보조 LPR이 없음!
[15:28:13] 설치된 입구전광판이 없음!
[15:28:13] 설치된 출구전광판이 없음!
[15:28:13] LPR재접속 쓰레드시작
[15:28:13] 전광판재접속 쓰레드시작
[15:28:13] 정기권연동 쓰레드시작
[15:28:15] csInLpr1 접속성공
[15:28:15] csOutLpr1 접속성공
[15:28:19] XML파싱 시작!
[15:28:20] XML파싱 종료!
[15:28:23] XML파싱 시작!
[15:28:23] ICon_VisitDelProcess: 'ordery' 근처의 구문이 잘못되었습니다
[15:28:23] XML파싱 종료!
[15:30:58] Program Close
**************************************************************
[15:31:28] Program Start!
[15:31:28] [DB저장 모드]
[15:31:28] TfrmMain.btnModeClick: 유인운영
[15:31:29] 비로그인
[15:31:29] 설치된 입구보조 LPR이 없음!
[15:31:29] 설치된 출구보조 LPR이 없음!
[15:31:29] 설치된 입구전광판이 없음!
[15:31:29] 설치된 출구전광판이 없음!
[15:31:30] LPR재접속 쓰레드시작
[15:31:30] 전광판재접속 쓰레드시작
[15:31:30] 정기권연동 쓰레드시작
[15:31:31] csInLpr1 접속성공
[15:31:31] csOutLpr1 접속성공
[15:32:03] XML파싱 시작!
[15:32:04] XML파싱 종료!
[15:32:05] XML파싱 시작!
[15:32:05] XML파싱 종료!
[15:32:09] XML파싱 시작!
[15:32:09] XML파싱 종료!
[15:38:20] XML파싱 시작!
[15:38:21] XML파싱 종료!
[15:38:39] XML파싱 시작!
[15:38:40] ICon_VisitAddRespone : 등록 응답 전문 생성 : 
[15:38:40] XML파싱 종료!
[15:38:44] XML파싱 시작!
[15:38:44] XML파싱 종료!
[15:38:55] XML파싱 시작!
[15:38:56] XML파싱 종료!
[15:38:59] XML파싱 시작!
[15:38:59] XML파싱 종료!
[15:39:51] XML파싱 시작!
[15:39:51] ICon_VisitAddRespone : 등록 응답 전문 생성 : 
[15:39:51] XML파싱 종료!
[15:39:55] XML파싱 시작!
[15:39:55] XML파싱 종료!
[15:40:21] LPR Check: 99라9999,http://127.0.0.1:9080/MSImage/2021/07/07/CH1_20210707154021_99라9999.jpg,1,,,0, 2021-07-07 15:40:21
[15:40:21] File: \\127.0.0.1\MSImage\2021\07\07\CH1_20210707154021_99라9999.jpg
[15:40:21] NormalProc: 일반차량 처리 시작 : 99라9999, 
[15:40:22] 방문차량 입차: 99라9999 - \\127.0.0.1\MSImage\2021\07\07\CH1_20210707154021_99라9999.jpg
[15:40:22] 입구차단기 Open 127.0.0.1:2000
[15:40:22] 815/1003/99라9999 사전예약방문 차량 차단기오픈
[15:40:23] 일반차량 입차 이미지 가져오기 시작
[15:40:23] 일반차량 입차 이미지 가져오기 끝
[15:40:29] XML파싱 시작!
[15:40:29] XML파싱 종료!
[15:40:31] XML파싱 시작!
[15:40:31] XML파싱 종료!
[15:40:35] XML파싱 시작!
[15:40:35] XML파싱 종료!
[15:42:38] LPR Check: 99라9999,http://127.0.0.1:9080/MSImage/2021/07/07/CH1_20210707154238_99라9999.jpg,1,,,0, 2021-07-07 15:42:38
[15:42:38] File: \\127.0.0.1\MSImage\2021\07\07\CH1_20210707154238_99라9999.jpg
[15:42:38] NormalProc: 일반차량 처리 시작 : 99라9999, 
[15:42:38] 99라9999차량 입차데이터 존재
[15:42:38] 출구차단기 Open 127.0.0.1:3000
[15:42:38] 입차
[15:42:46] XML파싱 시작!
[15:42:46] XML파싱 종료!
[15:42:52] XML파싱 시작!
[15:42:52] XML파싱 종료!
[15:42:55] XML파싱 시작!
[15:42:56] XML파싱 종료!
[15:43:33] XML파싱 시작!
[15:43:34] XML파싱 종료!
[15:44:14] XML파싱 시작!
[15:44:14] ICon_VisitAddRespone : 등록 응답 전문 생성 : 
[15:44:14] XML파싱 종료!
[15:44:18] XML파싱 시작!
[15:44:18] XML파싱 종료!
[15:44:28] XML파싱 시작!
[15:44:28] ICon_VisitAddRespone : 등록 응답 전문 생성 : 
[15:44:28] XML파싱 종료!
[15:44:32] XML파싱 시작!
[15:44:32] XML파싱 종료!
[15:44:55] XML파싱 시작!
[15:44:55] ICon_VisitAddRespone : 등록 응답 전문 생성 : 
[15:44:55] XML파싱 종료!
[15:45:00] XML파싱 시작!
[15:45:00] XML파싱 종료!
[15:45:10] XML파싱 시작!
[15:45:11] ICon_VisitAddRespone : 등록 응답 전문 생성 : 
[15:45:11] XML파싱 종료!
[15:45:14] XML파싱 시작!
[15:45:14] XML파싱 종료!
[15:46:35] LPR Check: 33러3333,http://127.0.0.1:9080/MSImage/2021/07/07/CH1_20210707154635_33러3333.jpg,1,,,0, 2021-07-07 15:46:35
[15:46:35] File: \\127.0.0.1\MSImage\2021\07\07\CH1_20210707154635_33러3333.jpg
[15:46:35] NormalProc: 일반차량 처리 시작 : 33러3333, 
[15:46:35] 방문차량 입차: 33러3333 - \\127.0.0.1\MSImage\2021\07\07\CH1_20210707154635_33러3333.jpg
[15:46:35] 입구차단기 Open 127.0.0.1:2000
[15:46:35] 815/1003/33러3333 사전예약방문 차량 차단기오픈
[15:46:35] 일반차량 입차 이미지 가져오기 시작
[15:46:36] 일반차량 입차 이미지 가져오기 끝
[15:46:43] XML파싱 시작!
[15:46:43] XML파싱 종료!
[15:47:19] XML파싱 시작!
[15:47:19] XML파싱 종료!
[15:47:22] XML파싱 시작!
[15:47:22] XML파싱 종료!
[15:47:27] XML파싱 시작!
[15:47:27] XML파싱 종료!
