**************************************************************
[16:24:13] Program Start!
[16:24:13] [DB저장 모드]
[16:24:13] TfrmMain.btnModeClick: 유인운영
[16:24:14] 비로그인
[16:24:14] 설치된 입구보조 LPR이 없음!
[16:24:14] 설치된 입구전광판이 없음!
[16:24:14] 설치된 출구전광판이 없음!
[16:24:14] LPR재접속 쓰레드시작
[16:24:14] 전광판재접속 쓰레드시작
[16:24:14] 정기권연동 쓰레드시작
[16:24:17] SocketError > ErrorNo: [10061] Host: [10.22.30.20] Port: [2200] Name: [csOutLpr1] Msg: [서버가 죽었거나 클라이언트에서 접속환경이 잘못되었을때 나타나는 현상]
[16:24:17] SocketError > ErrorNo: [10061] Host: [10.22.30.20] Port: [2100] Name: [csInLpr1] Msg: [서버가 죽었거나 클라이언트에서 접속환경이 잘못되었을때 나타나는 현상]
[16:24:17] subcsOutLpr1: 10061
**************************************************************
[16:26:45] Program Start!
[16:26:45] [DB저장 모드]
[16:26:45] TfrmMain.btnModeClick: 유인운영
[16:26:45] 비로그인
[16:26:46] 설치된 입구보조 LPR이 없음!
[16:26:46] 설치된 입구전광판이 없음!
[16:26:46] 설치된 출구전광판이 없음!
[16:26:46] 전광판재접속 쓰레드시작
[16:26:46] 정기권연동 쓰레드시작
**************************************************************
[16:27:54] Program Start!
[16:27:54] [DB저장 모드]
[16:27:54] TfrmMain.btnModeClick: 유인운영
[16:27:54] 비로그인
[16:27:54] 설치된 입구보조 LPR이 없음!
[16:27:54] 설치된 입구전광판이 없음!
[16:27:54] 설치된 출구전광판이 없음!
[16:27:55] LPR재접속 쓰레드시작
[16:27:55] 전광판재접속 쓰레드시작
[16:27:55] 정기권연동 쓰레드시작
**************************************************************
[16:28:56] Program Start!
[16:28:56] [DB저장 모드]
[16:28:56] TfrmMain.btnModeClick: 유인운영
[16:28:56] 비로그인
[16:28:57] 설치된 입구보조 LPR이 없음!
[16:28:57] 설치된 입구전광판이 없음!
[16:28:57] 설치된 출구전광판이 없음!
[16:28:57] LPR재접속 쓰레드시작
[16:28:57] 전광판재접속 쓰레드시작
[16:28:57] 정기권연동 쓰레드시작
**************************************************************
[16:31:13] Program Start!
[16:31:13] [DB저장 모드]
[16:31:13] TfrmMain.btnModeClick: 유인운영
[16:31:13] 비로그인
[16:31:13] 설치된 입구보조 LPR이 없음!
[16:31:13] 설치된 입구전광판이 없음!
[16:31:13] 설치된 출구전광판이 없음!
[16:31:14] LPR재접속 쓰레드시작
[16:31:14] 전광판재접속 쓰레드시작
[16:31:14] 정기권연동 쓰레드시작
**************************************************************
[16:34:18] Program Start!
[16:34:18] [DB저장 모드]
[16:34:18] TfrmMain.btnModeClick: 유인운영
[16:34:19] 비로그인
[16:34:19] 설치된 입구보조 LPR이 없음!
[16:34:19] 설치된 입구전광판이 없음!
[16:34:19] 설치된 출구전광판이 없음!
[16:34:19] LPR재접속 쓰레드시작
[16:34:19] 전광판재접속 쓰레드시작
[16:34:19] 정기권연동 쓰레드시작
**************************************************************
[16:37:37] Program Start!
[16:37:37] [DB저장 모드]
[16:37:37] TfrmMain.btnModeClick: 유인운영
[16:37:38] 비로그인
[16:37:38] 설치된 입구보조 LPR이 없음!
[16:37:38] 설치된 입구전광판이 없음!
[16:37:38] 설치된 출구전광판이 없음!
[16:37:39] LPR재접속 쓰레드시작
[16:37:39] 전광판재접속 쓰레드시작
[16:37:39] 정기권연동 쓰레드시작
[16:37:58] ICon_VisitDelProcess: List index out of bounds (0)
[16:38:01] SocketError > ErrorNo: [10061] Host: [10.22.30.20] Port: [2100] Name: [csInLpr1] Msg: [서버가 죽었거나 클라이언트에서 접속환경이 잘못되었을때 나타나는 현상]
[16:38:01] subcsOutLpr1: 10061
[16:38:01] SocketError > ErrorNo: [10061] Host: [10.22.30.20] Port: [2200] Name: [csOutLpr1] Msg: [서버가 죽었거나 클라이언트에서 접속환경이 잘못되었을때 나타나는 현상]
**************************************************************
[16:39:08] Program Start!
[16:39:08] [DB저장 모드]
[16:39:08] TfrmMain.btnModeClick: 유인운영
[16:39:08] 비로그인
[16:39:08] 설치된 입구보조 LPR이 없음!
[16:39:08] 설치된 입구전광판이 없음!
[16:39:08] 설치된 출구전광판이 없음!
[16:39:09] LPR재접속 쓰레드시작
[16:39:09] 전광판재접속 쓰레드시작
[16:39:09] 정기권연동 쓰레드시작
[16:39:26] ICon_VisitDelProcess: Access violation at address 00DF102F in module 'SC_IO.exe'. Read of address 00000000
[16:39:28] subcsOutLpr1: 10061
[16:39:28] SocketError > ErrorNo: [10061] Host: [10.22.30.20] Port: [2200] Name: [csOutLpr1] Msg: [서버가 죽었거나 클라이언트에서 접속환경이 잘못되었을때 나타나는 현상]
[16:39:28] SocketError > ErrorNo: [10061] Host: [10.22.30.20] Port: [2100] Name: [csInLpr1] Msg: [서버가 죽었거나 클라이언트에서 접속환경이 잘못되었을때 나타나는 현상]
**************************************************************
[16:40:08] Program Start!
[16:40:08] [DB저장 모드]
[16:40:08] TfrmMain.btnModeClick: 유인운영
[16:40:08] 비로그인
[16:40:08] 설치된 입구보조 LPR이 없음!
[16:40:08] 설치된 입구전광판이 없음!
[16:40:08] 설치된 출구전광판이 없음!
[16:40:09] LPR재접속 쓰레드시작
[16:40:09] 전광판재접속 쓰레드시작
[16:40:09] 정기권연동 쓰레드시작
[16:40:20] ICon_VisitDelProcess: Access violation at address 00DF0FE3 in module 'SC_IO.exe'. Read of address 00000000
[16:40:20] SocketError > ErrorNo: [10061] Host: [10.22.30.20] Port: [2100] Name: [csInLpr1] Msg: [서버가 죽었거나 클라이언트에서 접속환경이 잘못되었을때 나타나는 현상]
[16:40:20] SocketError > ErrorNo: [10061] Host: [10.22.30.20] Port: [2200] Name: [csOutLpr1] Msg: [서버가 죽었거나 클라이언트에서 접속환경이 잘못되었을때 나타나는 현상]
[16:40:20] subcsOutLpr1: 10061
**************************************************************
[16:45:52] Program Start!
[16:45:52] [DB저장 모드]
[16:45:52] TfrmMain.btnModeClick: 유인운영
[16:45:52] 비로그인
[16:45:52] 설치된 입구보조 LPR이 없음!
[16:45:52] 설치된 입구전광판이 없음!
[16:45:52] 설치된 출구전광판이 없음!
[16:45:53] LPR재접속 쓰레드시작
[16:45:53] 전광판재접속 쓰레드시작
[16:45:53] 정기권연동 쓰레드시작
**************************************************************
[16:47:34] Program Start!
[16:47:34] [DB저장 모드]
[16:47:35] TfrmMain.btnModeClick: 유인운영
[16:47:35] 비로그인
[16:47:35] 설치된 입구보조 LPR이 없음!
[16:47:35] 설치된 입구전광판이 없음!
[16:47:35] 설치된 출구전광판이 없음!
[16:47:36] LPR재접속 쓰레드시작
[16:47:36] 전광판재접속 쓰레드시작
[16:47:36] 정기권연동 쓰레드시작
**************************************************************
[16:49:45] Program Start!
[16:49:45] [DB저장 모드]
[16:49:45] TfrmMain.btnModeClick: 유인운영
[16:49:46] 비로그인
[16:49:46] 설치된 입구보조 LPR이 없음!
[16:49:46] 설치된 입구전광판이 없음!
[16:49:46] 설치된 출구전광판이 없음!
[16:49:47] LPR재접속 쓰레드시작
[16:49:47] 전광판재접속 쓰레드시작
[16:49:47] 정기권연동 쓰레드시작
**************************************************************
[17:17:15] Program Start!
[17:17:15] [DB저장 모드]
[17:17:15] TfrmMain.btnModeClick: 유인운영
[17:17:16] 비로그인
[17:17:16] 설치된 입구보조 LPR이 없음!
[17:17:16] 설치된 입구전광판이 없음!
[17:17:16] 설치된 출구전광판이 없음!
[17:17:17] LPR재접속 쓰레드시작
