[08:41:15] 프로그램 시작시 단지서버(홈넷) Ping 안됨! (단지서버 IP-10.0.1.1)
[08:41:15] 아파트너 사용준비 완료
[08:41:15] 아파트너2 사용준비 완료
[08:41:57] 프로그램 시작시 단지서버(홈넷) Ping 안됨! (단지서버 IP-10.0.1.1)
[08:41:57] 아파트너 사용준비 완료
[08:41:57] 아파트너2 사용준비 완료
[08:42:14] 아파트너 변수 초기화 완료
[08:42:16] 방문예약차량 확인중: 22가22222
[08:42:16] 수신전문: {
	"isVisitor": "N"
}

[08:42:16] 아파트너 입차전송 예약: 22가22222/XXX/XXX
[08:42:16] <아파트너> 아파트너 입차전송문구: kaptCode=T77777777
carNo=22가22222
dong=XXX
ho=XXX
IsResident=N

[08:42:17] <아파트너> 아파트너 입차전송응답: :성공,200,22가22222
[08:43:05] 아파트너 변수 초기화 완료
[08:43:05] 방문예약차량 출차 URL : https://gtw.aptner.com/pc/visit/check?kaptCode=T77777777&carNo=22%EA%B0%8022222
[08:43:06] 방문예약차량 출차 확인중: 22가22222
[08:43:06] 수신전문: {
	"isVisitor": "N"
}

[08:43:06] 아파트너 출차전송 예약시작: 22가22222
[08:43:06] 아파트너 출차전송 예약완료: 22가22222
[08:43:06] <아파트너> 아파트너 출차전송문구: kaptCode=T77777777
carNo=22가22222

[08:43:06] <아파트너> 아파트너 출차전송응답: :성공,200,22가22222
[08:44:03] 프로그램 시작시 단지서버(홈넷) Ping 안됨! (단지서버 IP-10.0.1.1)
[08:44:03] 아파트너 사용준비 완료
[08:44:03] 아파트너2 사용준비 완료
[08:44:05] 아파트너 변수 초기화 완료
[08:44:07] 방문예약차량 확인중: 22가22222
[08:44:07] 수신전문: {
	"isVisitor": "N"
}

[08:44:07] 아파트너 입차전송 예약: 22가22222/XXX/XXX
[08:44:07] <아파트너> 아파트너 입차전송문구: kaptCode=T77777777
carNo=22가22222
dong=XXX
ho=XXX
IsResident=N

[08:44:07] <아파트너> 아파트너 입차전송응답: :성공,200,22가22222
[08:46:01] 프로그램 시작시 단지서버(홈넷) Ping 안됨! (단지서버 IP-10.0.1.1)
[08:46:01] 아파트너 사용준비 완료
[08:46:01] 아파트너2 사용준비 완료
[08:46:09] 아파트너 변수 초기화 완료
[08:46:10] 방문예약차량 확인중: 22가2222
[08:46:10] 수신전문: {
	"isVisitor": "N"
}

[08:46:10] 아파트너 입차전송 예약: 22가2222/XXX/XXX
[08:46:10] <아파트너> 아파트너 입차전송문구: kaptCode=T77777777
carNo=22가2222
dong=XXX
ho=XXX
IsResident=N

[08:46:10] <아파트너> 아파트너 입차전송응답: :성공,200,22가2222
[08:47:06] 프로그램 시작시 단지서버(홈넷) Ping 안됨! (단지서버 IP-10.0.1.1)
[08:47:06] 아파트너 사용준비 완료
[08:47:06] 아파트너2 사용준비 완료
[08:47:41] 프로그램 시작시 단지서버(홈넷) Ping 안됨! (단지서버 IP-10.0.1.1)
[08:47:41] 아파트너 사용준비 완료
[08:47:41] 아파트너2 사용준비 완료
[08:48:31] 프로그램 시작시 단지서버(홈넷) Ping 안됨! (단지서버 IP-10.0.1.1)
[08:48:31] 아파트너 사용준비 완료
[08:48:31] 아파트너2 사용준비 완료
[08:48:57] 프로그램 시작시 단지서버(홈넷) Ping 안됨! (단지서버 IP-10.0.1.1)
[08:48:57] 아파트너 사용준비 완료
[08:48:57] 아파트너2 사용준비 완료
[08:49:38] 프로그램 시작시 단지서버(홈넷) Ping 안됨! (단지서버 IP-10.0.1.1)
[08:49:38] 아파트너 사용준비 완료
[08:49:38] 아파트너2 사용준비 완료
[08:50:08] 아파트너 변수 초기화 완료
[08:50:08] 방문예약차량 출차 URL : https://gtw.aptner.com/pc/visit/check?kaptCode=T77777777&carNo=33%EA%B0%803333
[08:50:09] 방문예약차량 출차 확인중: 33가3333
[08:50:09] 수신전문: {
	"isVisitor": "N"
}

[08:50:09] 아파트너 출차전송 예약시작: 33가3333
[08:50:09] 아파트너 출차전송 예약완료: 33가3333
[08:50:10] <아파트너> 아파트너 출차전송문구: kaptCode=T77777777
carNo=33가3333

[08:50:10] <아파트너> 아파트너 출차전송응답: :성공,200,33가3333
[08:50:37] 프로그램 시작시 단지서버(홈넷) Ping 안됨! (단지서버 IP-10.0.1.1)
[08:50:37] 아파트너 사용준비 완료
[08:50:37] 아파트너2 사용준비 완료
[08:50:41] 아파트너 변수 초기화 완료
[08:50:41] 방문예약차량 출차 URL : https://gtw.aptner.com/pc/visit/check?kaptCode=T77777777&carNo=33%EA%B0%803333
[08:50:43] 방문예약차량 출차 확인중: 33가3333
[08:50:43] 수신전문: {
	"isVisitor": "N"
}

[08:50:43] 아파트너 출차전송 예약시작: 33가3333
[08:50:43] 아파트너 출차전송 예약완료: 33가3333
[08:50:43] <아파트너> 아파트너 출차전송문구: kaptCode=T77777777
carNo=33가3333

[08:50:43] <아파트너> 아파트너 출차전송응답: :성공,200,33가3333
[08:51:06] 프로그램 시작시 단지서버(홈넷) Ping 안됨! (단지서버 IP-10.0.1.1)
[08:51:06] 아파트너 사용준비 완료
[08:51:06] 아파트너2 사용준비 완료
[08:51:08] 아파트너 변수 초기화 완료
[08:51:10] 방문예약차량 확인중: 33가3333
[08:51:10] 수신전문: {
	"isVisitor": "N"
}

[08:51:10] 아파트너 입차전송 예약: 33가3333/XXX/XXX
[08:51:10] <아파트너> 아파트너 입차전송문구: kaptCode=T77777777
carNo=33가3333
dong=XXX
ho=XXX
IsResident=N

[08:51:10] <아파트너> 아파트너 입차전송응답: :성공,200,33가3333
[08:51:10] 세대통보 전송 시 홈넷 Ping 안됨
[08:51:44] 프로그램 시작시 단지서버(홈넷) Ping 안됨! (단지서버 IP-10.0.1.1)
[08:51:44] 아파트너 사용준비 완료
[08:51:44] 아파트너2 사용준비 완료
[08:51:47] 아파트너 변수 초기화 완료
[08:51:49] 방문예약차량 확인중: 22가3333
[08:51:49] 수신전문: {
	"isVisitor": "N"
}

[08:51:49] 아파트너 입차전송 예약: 22가3333/XXX/XXX
[08:51:49] <아파트너> 아파트너 입차전송문구: kaptCode=T77777777
carNo=22가3333
dong=XXX
ho=XXX
IsResident=N

[08:51:49] <아파트너> 아파트너 입차전송응답: :성공,200,22가3333
[08:51:53] 아파트너 변수 초기화 완료
[08:51:53] 방문예약차량 출차 URL : https://gtw.aptner.com/pc/visit/check?kaptCode=T77777777&carNo=22%EA%B0%803333
[08:51:53] 방문예약차량 출차 확인중: 22가3333
[08:51:53] 수신전문: {
	"isVisitor": "N"
}

[08:51:53] 아파트너 출차전송 예약시작: 22가3333
[08:51:53] 아파트너 출차전송 예약완료: 22가3333
[08:51:53] <아파트너> 아파트너 출차전송문구: kaptCode=T77777777
carNo=22가3333

[08:51:53] <아파트너> 아파트너 출차전송응답: :성공,200,22가3333
[08:52:07] 아파트너 변수 초기화 완료
[08:52:07] 방문예약차량 확인중: 22가3333
[08:52:07] 수신전문: {
	"isVisitor": "N"
}

[08:52:07] 아파트너 입차전송 예약: 22가3333/XXX/XXX
[08:52:07] <아파트너> 아파트너 입차전송문구: kaptCode=T77777777
carNo=22가3333
dong=XXX
ho=XXX
IsResident=N

[08:52:08] <아파트너> 아파트너 입차전송응답: :성공,200,22가3333
[08:52:19] 아파트너 변수 초기화 완료
[08:52:19] 방문예약차량 확인중: 22가3333
[08:52:19] 수신전문: {
	"isVisitor": "N"
}

[08:52:19] 아파트너 입차전송 예약: 22가3333/XXX/XXX
[08:52:19] <아파트너> 아파트너 입차전송문구: kaptCode=T77777777
carNo=22가3333
dong=XXX
ho=XXX
IsResident=N

[08:52:19] <아파트너> 아파트너 입차전송응답: :성공,200,22가3333
[08:52:45] 아파트너 변수 초기화 완료
[08:52:45] 방문예약차량 출차 URL : https://gtw.aptner.com/pc/visit/check?kaptCode=T77777777&carNo=22%EA%B0%803333
[08:52:45] 방문예약차량 출차 확인중: 22가3333
[08:52:45] 수신전문: {
	"isVisitor": "N"
}

[08:52:45] 아파트너 출차전송 예약시작: 22가3333
[08:52:45] 아파트너 출차전송 예약완료: 22가3333
[08:52:45] <아파트너> 아파트너 출차전송문구: kaptCode=T77777777
carNo=22가3333

[08:52:45] <아파트너> 아파트너 출차전송응답: :성공,200,22가3333
[08:53:41] 프로그램 시작시 단지서버(홈넷) Ping 안됨! (단지서버 IP-10.0.1.1)
[08:53:42] 아파트너 사용준비 완료
[08:53:42] 아파트너2 사용준비 완료
[08:54:02] 아파트너 변수 초기화 완료
[08:54:02] 방문예약차량 출차 URL : https://gtw.aptner.com/pc/visit/check?kaptCode=T77777777&carNo=0000000000
[08:54:03] 방문예약차량 출차 확인중: 0000000000
[08:54:03] 수신전문: {
	"isVisitor": "N"
}

[08:54:03] 아파트너 출차전송 예약시작: 0000000000
[08:54:03] 아파트너 출차전송 예약완료: 0000000000
[08:54:03] <아파트너> 아파트너 출차전송문구: kaptCode=T77777777
carNo=0000000000

[08:54:03] <아파트너> 아파트너 출차전송응답: :성공,200,0000000000
[08:54:45] 프로그램 시작시 단지서버(홈넷) Ping 안됨! (단지서버 IP-10.0.1.1)
[08:54:46] 아파트너 사용준비 완료
[08:54:46] 아파트너2 사용준비 완료
[08:54:51] 아파트너 변수 초기화 완료
[08:54:51] 방문예약차량 출차 URL : https://gtw.aptner.com/pc/visit/check?kaptCode=T77777777&carNo=33%EA%B0%802222
[08:54:53] 방문예약차량 출차 확인중: 33가2222
[08:54:53] 수신전문: {
	"isVisitor": "N"
}

[08:54:53] 아파트너 출차전송 예약시작: 33가2222
[08:54:53] 아파트너 출차전송 예약완료: 33가2222
[08:54:53] <아파트너> 아파트너 출차전송문구: kaptCode=T77777777
carNo=33가2222

[08:54:53] <아파트너> 아파트너 출차전송응답: :성공,200,33가2222
[08:55:02] 아파트너 변수 초기화 완료
[08:55:02] 방문예약차량 출차 URL : https://gtw.aptner.com/pc/visit/check?kaptCode=T77777777&carNo=33%EA%B0%802222
[08:55:02] 방문예약차량 출차 확인중: 33가2222
[08:55:02] 수신전문: {
	"isVisitor": "N"
}

[08:55:02] 아파트너 출차전송 예약시작: 33가2222
[08:55:02] 아파트너 출차전송 예약완료: 33가2222
[08:55:02] <아파트너> 아파트너 출차전송문구: kaptCode=T77777777
carNo=33가2222

[08:55:02] <아파트너> 아파트너 출차전송응답: :성공,200,33가2222
[17:41:04] 프로그램 시작시 단지서버(홈넷) Ping 안됨! (단지서버 IP-10.0.1.1)
[17:41:05] 아파트너 사용준비 완료
[17:41:05] 아파트너2 사용준비 완료
[17:41:10] 아파트너 변수 초기화 완료
[17:41:13] 방문예약차량 확인중: 22가3333
[17:41:13] 수신전문: {
	"isVisitor": "N"
}

[17:41:13] 아파트너 입차전송 예약: 22가3333/XXX/XXX
[17:41:13] <아파트너> 아파트너 입차전송문구: kaptCode=T77777777
carNo=22가3333
dong=XXX
ho=XXX
IsResident=N

[17:41:13] <아파트너> 아파트너 입차전송응답: :성공,200,22가3333
[17:41:20] 방문증 출력 아파트너 입차전송 예약: 22가3333/2/3
[17:41:20] <아파트너> 아파트너 입차전송문구: kaptCode=T77777777
carNo=22가3333
dong=2
ho=3
IsResident=N

[17:41:20] <아파트너> 아파트너 입차전송응답: :성공,200,22가3333
[17:41:25] 아파트너 변수 초기화 완료
[17:41:25] 방문예약차량 출차 URL : https://gtw.aptner.com/pc/visit/check?kaptCode=T77777777&carNo=22%EA%B0%803333
[17:41:25] 방문예약차량 출차 확인중: 22가3333
[17:41:25] 수신전문: {
	"isVisitor": "N"
}

[17:41:25] 아파트너 출차전송 예약시작: 22가3333
[17:41:25] 아파트너 출차전송 예약완료: 22가3333
[17:41:25] <아파트너> 아파트너 출차전송문구: kaptCode=T77777777
carNo=22가3333

[17:41:26] <아파트너> 아파트너 출차전송응답: :성공,200,22가3333
[17:42:04] 프로그램 시작시 단지서버(홈넷) Ping 안됨! (단지서버 IP-10.0.1.1)
[17:42:04] 아파트너 사용준비 완료
[17:42:04] 아파트너2 사용준비 완료
[17:45:39] 프로그램 시작시 단지서버(홈넷) Ping 안됨! (단지서버 IP-10.0.1.1)
[17:45:39] 아파트너 사용준비 완료
[17:45:39] 아파트너2 사용준비 완료
[17:45:52] 프로그램 시작시 단지서버(홈넷) Ping 안됨! (단지서버 IP-10.0.1.1)
[17:45:52] 아파트너 사용준비 완료
[17:45:52] 아파트너2 사용준비 완료
[17:45:58] 아파트너 변수 초기화 완료
[17:46:00] 방문예약차량 확인중: 22가3333
[17:46:00] 수신전문: {
	"isVisitor": "N"
}

[17:46:00] 아파트너 입차전송 예약: 22가3333/XXX/XXX
[17:46:00] <아파트너> 아파트너 입차전송문구: kaptCode=T77777777
carNo=22가3333
dong=XXX
ho=XXX
IsResident=N

[17:46:00] <아파트너> 아파트너 입차전송응답: :성공,200,22가3333
[17:46:05] 방문증 출력 아파트너 입차전송 예약: 22가3333/3/3
[17:46:05] <아파트너> 아파트너 입차전송문구: kaptCode=T77777777
carNo=22가3333
dong=3
ho=3
IsResident=N

[17:46:05] <아파트너> 아파트너 입차전송응답: :성공,200,22가3333
[17:46:08] 아파트너 변수 초기화 완료
[17:46:08] 방문예약차량 출차 URL : https://gtw.aptner.com/pc/visit/check?kaptCode=T77777777&carNo=22%EA%B0%803333
[17:46:08] 방문예약차량 출차 확인중: 22가3333
[17:46:08] 수신전문: {
	"isVisitor": "N"
}

[17:46:08] 아파트너 출차전송 예약시작: 22가3333
[17:46:08] 아파트너 출차전송 예약완료: 22가3333
[17:46:08] <아파트너> 아파트너 출차전송문구: kaptCode=T77777777
carNo=22가3333

[17:46:08] <아파트너> 아파트너 출차전송응답: :성공,200,22가3333
[17:51:24] 프로그램 시작시 단지서버(홈넷) Ping 안됨! (단지서버 IP-10.0.1.1)
[17:51:24] 아파트너 사용준비 완료
[17:51:24] 아파트너2 사용준비 완료
[17:57:27] 프로그램 시작시 단지서버(홈넷) Ping 안됨! (단지서버 IP-10.0.1.1)
[17:57:27] 아파트너 사용준비 완료
[17:57:27] 아파트너2 사용준비 완료
[17:59:44] 프로그램 시작시 단지서버(홈넷) Ping 안됨! (단지서버 IP-10.0.1.1)
[17:59:44] 아파트너 사용준비 완료
[17:59:44] 아파트너2 사용준비 완료
[18:00:26] 프로그램 시작시 단지서버(홈넷) Ping 안됨! (단지서버 IP-10.0.1.1)
[18:00:26] 아파트너 사용준비 완료
[18:00:26] 아파트너2 사용준비 완료
[18:01:08] 프로그램 시작시 단지서버(홈넷) Ping 안됨! (단지서버 IP-10.0.1.1)
[18:01:08] 아파트너 사용준비 완료
[18:01:08] 아파트너2 사용준비 완료
[18:02:20] 프로그램 시작시 단지서버(홈넷) Ping 안됨! (단지서버 IP-10.0.1.1)
[18:02:20] 아파트너 사용준비 완료
[18:02:20] 아파트너2 사용준비 완료
[18:03:23] 프로그램 시작시 단지서버(홈넷) Ping 안됨! (단지서버 IP-10.0.1.1)
[18:03:23] 아파트너 사용준비 완료
[18:03:23] 아파트너2 사용준비 완료
[18:04:00] 프로그램 시작시 단지서버(홈넷) Ping 안됨! (단지서버 IP-10.0.1.1)
[18:04:01] 아파트너 사용준비 완료
[18:04:01] 아파트너2 사용준비 완료
[18:04:59] 프로그램 시작시 단지서버(홈넷) Ping 안됨! (단지서버 IP-10.0.1.1)
[18:05:00] 아파트너 사용준비 완료
[18:05:00] 아파트너2 사용준비 완료
