**************************************************************
[11:31:44] Program Start!
[11:31:44] [DB저장 모드]
[11:31:45] TfrmMain.btnModeClick: 유인운영
[11:31:45] 비로그인
[11:31:45] 설치된 입구보조 LPR이 없음!
[11:31:45] 설치된 출구보조 LPR이 없음!
[11:31:45] 설치된 입구전광판이 없음!
[11:31:46] LPR재접속 쓰레드시작
[11:31:46] 전광판재접속 쓰레드시작
[11:31:46] 정기권연동 쓰레드시작
[11:31:47] csInLpr1 접속성공
[11:31:47] csOutLpr1 접속성공
[11:32:28] Program Close
**************************************************************
[11:32:41] Program Start!
[11:32:41] [DB저장 모드]
[11:32:41] TfrmMain.btnModeClick: 유인운영
[11:32:42] 비로그인
[11:32:42] 설치된 입구보조 LPR이 없음!
[11:32:42] 설치된 출구보조 LPR이 없음!
[11:32:42] 설치된 입구전광판이 없음!
[11:32:43] LPR재접속 쓰레드시작
[11:32:43] 전광판재접속 쓰레드시작
[11:32:43] 정기권연동 쓰레드시작
[11:32:44] csInLpr1 접속성공
[11:32:44] csOutLpr1 접속성공
[11:33:00] Program Close
**************************************************************
[11:33:42] Program Start!
**************************************************************
[11:34:20] Program Start!
[11:34:20] [DB저장 모드]
[11:34:20] TfrmMain.btnModeClick: 유인운영
[11:34:21] 비로그인
[11:34:21] 설치된 입구보조 LPR이 없음!
[11:34:21] 설치된 출구보조 LPR이 없음!
[11:34:21] 설치된 입구전광판이 없음!
[11:34:22] LPR재접속 쓰레드시작
[11:34:22] 전광판재접속 쓰레드시작
[11:34:22] 정기권연동 쓰레드시작
[11:34:23] csInLpr1 접속성공
[11:34:23] csOutLpr1 접속성공
**************************************************************
[11:34:44] Program Start!
[11:34:44] [DB저장 모드]
[11:34:44] TfrmMain.btnModeClick: 유인운영
[11:34:45] 비로그인
[11:34:45] 설치된 입구보조 LPR이 없음!
[11:34:45] 설치된 출구보조 LPR이 없음!
[11:34:45] 설치된 입구전광판이 없음!
[11:34:46] LPR재접속 쓰레드시작
[11:34:46] 전광판재접속 쓰레드시작
[11:34:46] 정기권연동 쓰레드시작
[11:34:47] csInLpr1 접속성공
[11:34:47] csOutLpr1 접속성공
[11:34:50] sld1유인운영 변경
[11:34:52] Program Close
**************************************************************
[11:35:16] Program Start!
[11:35:16] [DB저장 모드]
[11:35:16] TfrmMain.btnModeClick: 유인운영
[11:35:17] 비로그인
[11:35:17] 설치된 입구보조 LPR이 없음!
[11:35:17] 설치된 출구보조 LPR이 없음!
[11:35:17] 설치된 입구전광판이 없음!
[11:35:18] LPR재접속 쓰레드시작
[11:35:18] 전광판재접속 쓰레드시작
[11:35:18] 정기권연동 쓰레드시작
[11:35:19] csInLpr1 접속성공
[11:35:19] csOutLpr1 접속성공
[11:35:37] Program Close
**************************************************************
[15:13:19] Program Start!
[15:13:19] [DB저장 모드]
[15:13:19] TfrmMain.btnModeClick: 유인운영
[15:13:21] 비로그인
[15:13:21] 설치된 입구보조 LPR이 없음!
[15:13:21] 설치된 출구보조 LPR이 없음!
[15:13:21] 설치된 입구전광판이 없음!
[15:13:23] LPR재접속 쓰레드시작
[15:13:25] csInLpr1 접속성공
[15:13:25] csOutLpr1 접속성공
**************************************************************
[15:22:26] Program Start!
[15:22:26] [DB저장 모드]
[15:22:26] TfrmMain.btnModeClick: 유인운영
[15:22:29] 비로그인
[15:22:29] 설치된 입구보조 LPR이 없음!
[15:22:29] 설치된 출구보조 LPR이 없음!
[15:22:29] 설치된 입구전광판이 없음!
[15:22:35] csInLpr1 접속성공
[15:22:35] csOutLpr1 접속성공
**************************************************************
[15:25:49] Program Start!
[15:25:49] [DB저장 모드]
[15:25:49] TfrmMain.btnModeClick: 유인운영
[15:25:51] 비로그인
[15:25:51] 설치된 입구보조 LPR이 없음!
[15:25:52] 설치된 출구보조 LPR이 없음!
[15:25:52] 설치된 입구전광판이 없음!
[15:25:53] LPR재접속 쓰레드시작
[15:25:55] csInLpr1 접속성공
[15:25:55] csOutLpr1 접속성공
**************************************************************
[15:30:42] Program Start!
[15:30:42] [DB저장 모드]
[15:30:43] TfrmMain.btnModeClick: 유인운영
[15:30:44] 비로그인
[15:30:45] 설치된 입구보조 LPR이 없음!
[15:30:45] 설치된 출구보조 LPR이 없음!
[15:30:45] 설치된 입구전광판이 없음!
[15:30:47] 정기권연동 쓰레드시작
[15:30:49] csInLpr1 접속성공
[15:30:49] csOutLpr1 접속성공
[15:30:58] Program Close
