[09:05:27] 프로그램 시작시 단지서버(홈넷) Ping 안됨! (단지서버 IP-10.0.1.1)
[09:05:29] ICon_VisitListProcess :  등록된 방문객 조회 시작 1 / 1
[09:05:52] 차량 대수 제한 값 :5 24 3 10/month
[09:06:01] 세대별 사전방문 등록 횟수 값 : 등록횟수(기준): 10 사용횟수: 0 남은횟수: 9
[09:08:14] 프로그램 시작시 단지서버(홈넷) Ping 안됨! (단지서버 IP-10.0.1.1)
[09:08:17] XML파싱 시작!
[09:08:17] action : sAction
[09:08:17] 아이콘트롤스 사전 방문 일자 2021-08-02 00:00:00/2021-08-02 23:59:59
[09:08:17] 세대별 사전방문 등록 횟수 값 : 등록횟수(기준): 10 사용횟수: 0 남은횟수: 9
[09:08:18] 아이콘트롤스 사전 방문 차량 대수  3
[09:08:18] 아이콘트롤스 사전 방문 입출차 차량 대수  0
[09:08:18] 아이콘트롤스 사전 방문 일자 2021-08-02 00:00:00/2021-08-02 23:59:59
[09:08:18] 사전방문 등록 횟수 차감 1/1 등록횟수(이전):9 등록횟수차감:8
[09:08:51] 프로그램 시작시 단지서버(홈넷) Ping 안됨! (단지서버 IP-10.0.1.1)
[09:08:53] XML파싱 시작!
[09:08:53] action : sAction
[09:08:53] 아이콘트롤스 사전 방문 일자 2021-08-02 00:00:00/2021-08-02 23:59:59
[09:09:02] 세대별 사전방문 등록 횟수 값 : 등록횟수(기준): 10 사용횟수: 0 남은횟수: 8
[09:09:07] 아이콘트롤스 사전 방문 차량 대수  4
[09:09:12] 아이콘트롤스 사전 방문 입출차 차량 대수  0
[09:09:25] 아이콘트롤스 사전 방문 일자 2021-08-02 00:00:00/2021-08-02 23:59:59
[09:10:37] 프로그램 시작시 단지서버(홈넷) Ping 안됨! (단지서버 IP-10.0.1.1)
[09:10:42] XML파싱 시작!
[09:10:42] action : sAction
[09:10:42] 아이콘트롤스 사전 방문 일자 2021-08-02 00:00:00/2021-08-02 23:59:59
[09:10:44] 세대별 사전방문 등록 횟수 값 : 등록횟수(기준): 10 사용횟수: 0 남은횟수: 8
[09:10:44] 아이콘트롤스 사전 방문 차량 대수  0
[09:10:44] 아이콘트롤스 사전 방문 입출차 차량 대수  0
[09:10:44] 아이콘트롤스 사전 방문 일자 2021-08-02 00:00:00/2021-08-02 23:59:59
[09:10:44] 사전방문 등록 횟수 차감 1/1 등록횟수(이전):8 등록횟수차감:7
