**************************************************************
[16:02:55] Program Start!
[16:02:55] [DB저장 모드]
[16:02:55] TfrmMain.btnModeClick: 유인운영
[16:02:56] 비로그인
[16:02:56] 설치된 입구보조 LPR이 없음!
[16:02:56] 설치된 출구보조 LPR이 없음!
[16:02:56] 설치된 입구전광판이 없음!
[16:02:56] 설치된 출구전광판이 없음!
[16:02:56] LPR재접속 쓰레드시작
[16:02:56] 전광판재접속 쓰레드시작
[16:02:56] 정기권연동 쓰레드시작
[16:02:56] 설치된 영수증프린터가 없음!
[16:02:57] csInLpr1 접속성공
[16:02:57] csOutLpr1 접속성공
[16:03:54] tDbCheckTimer : DB접속 오류 : [DBNETLIB][ConnectionWrite (send()).]일반 네트워크 오류입니다. 네트워크 설명서를 참조하십시오
[16:11:46] Program Close
**************************************************************
[16:14:51] Program Start!
[16:14:51] [DB저장 모드]
[16:14:51] TfrmMain.btnModeClick: 유인운영
[16:14:51] 비로그인
[16:14:51] 설치된 입구보조 LPR이 없음!
[16:14:51] 설치된 출구보조 LPR이 없음!
[16:14:51] 설치된 입구전광판이 없음!
[16:14:51] 설치된 출구전광판이 없음!
[16:14:52] LPR재접속 쓰레드시작
[16:14:52] 전광판재접속 쓰레드시작
[16:14:52] 정기권연동 쓰레드시작
[16:14:52] 설치된 영수증프린터가 없음!
[16:14:53] csInLpr1 접속성공
[16:14:53] csOutLpr1 접속성공
[16:15:51] tDbCheckTimer : DB접속 오류 : [DBNETLIB][ConnectionWrite (send()).]일반 네트워크 오류입니다. 네트워크 설명서를 참조하십시오
[16:16:25] Program Close
**************************************************************
[16:22:06] Program Start!
[16:22:06] [DB저장 모드]
[16:22:06] TfrmMain.btnModeClick: 유인운영
[16:22:06] 비로그인
[16:22:06] 설치된 입구보조 LPR이 없음!
[16:22:06] 설치된 출구보조 LPR이 없음!
[16:22:06] 설치된 입구전광판이 없음!
[16:22:06] 설치된 출구전광판이 없음!
[16:22:06] LPR재접속 쓰레드시작
[16:22:07] 전광판재접속 쓰레드시작
[16:22:07] 정기권연동 쓰레드시작
[16:22:07] 설치된 영수증프린터가 없음!
[16:22:07] csInLpr1 접속성공
[16:22:07] csOutLpr1 접속성공
[16:23:05] tDbCheckTimer : DB접속 오류 : [DBNETLIB][ConnectionWrite (send()).]일반 네트워크 오류입니다. 네트워크 설명서를 참조하십시오
[16:23:05] DB 접속 오류!
[16:24:02] Program Close
**************************************************************
[16:24:09] Program Start!
[16:24:09] [DB저장 모드]
[16:24:09] TfrmMain.btnModeClick: 유인운영
[16:24:21] DB 접속 오류!
[16:24:21] 비로그인
[16:24:21] 설치된 입구보조 LPR이 없음!
[16:24:21] 설치된 출구보조 LPR이 없음!
[16:24:21] 설치된 입구전광판이 없음!
[16:24:21] 설치된 출구전광판이 없음!
[16:24:21] LPR재접속 쓰레드시작
[16:24:21] 전광판재접속 쓰레드시작
[16:24:21] 정기권연동 쓰레드시작
[16:24:21] 설치된 영수증프린터가 없음!
[16:24:22] csInLpr1 접속성공
[16:24:22] csOutLpr1 접속성공
[16:25:09] tDbCheckTimer : DB접속 오류 : [DBNETLIB][ConnectionWrite (send()).]일반 네트워크 오류입니다. 네트워크 설명서를 참조하십시오
[16:25:30] Program Close
**************************************************************
[16:27:34] Program Start!
[16:27:34] [DB저장 모드]
[16:27:34] TfrmMain.btnModeClick: 유인운영
[16:27:35] 비로그인
[16:27:35] 설치된 입구보조 LPR이 없음!
[16:27:35] 설치된 출구보조 LPR이 없음!
[16:27:35] 설치된 입구전광판이 없음!
[16:27:35] 설치된 출구전광판이 없음!
[16:27:35] LPR재접속 쓰레드시작
[16:27:35] 전광판재접속 쓰레드시작
[16:27:35] 정기권연동 쓰레드시작
[16:27:35] 설치된 영수증프린터가 없음!
[16:27:36] csOutLpr1 접속성공
[16:27:36] csInLpr1 접속성공
[16:28:34] tDbCheckTimer : DB접속 오류 : [DBNETLIB][ConnectionWrite (send()).]일반 네트워크 오류입니다. 네트워크 설명서를 참조하십시오
[16:28:34] 디비 오류2
[16:28:34] 디비 오류
[16:29:04] Program Close
**************************************************************
[16:35:59] Program Start!
[16:35:59] [DB저장 모드]
[16:35:59] TfrmMain.btnModeClick: 유인운영
[16:36:03] DB Connect Error:로그인에서 요청한 데이터베이스 "PARKING_1.3.0"을(를) 열 수 없습니다. 로그인이 실패했습니다
[16:36:07] Program Close
**************************************************************
[16:36:09] Program Start!
[16:36:09] [DB저장 모드]
[16:36:09] TfrmMain.btnModeClick: 유인운영
[16:36:09] 비로그인
[16:36:09] 설치된 입구보조 LPR이 없음!
[16:36:09] 설치된 출구보조 LPR이 없음!
[16:36:09] 설치된 입구전광판이 없음!
[16:36:09] 설치된 출구전광판이 없음!
[16:36:10] LPR재접속 쓰레드시작
[16:36:10] 전광판재접속 쓰레드시작
[16:36:10] 정기권연동 쓰레드시작
[16:36:10] 설치된 영수증프린터가 없음!
[16:36:11] csInLpr1 접속성공
[16:36:11] csOutLpr1 접속성공
[16:37:09] tDbCheckTimer : DB접속 오류 : [DBNETLIB][ConnectionWrite (send()).]일반 네트워크 오류입니다. 네트워크 설명서를 참조하십시오
[16:37:27] tDbCheckTimer : 재접속 시도 실패[DBNETLIB][ConnectionOpen (Connect()).]SQL Server가 없거나 액세스할 수 없습니다
[16:37:27] tDbCheckTimer : 재접속 시도 완료
[16:38:44] tDbCheckTimer : DB접속 오류 : [DBNETLIB][ConnectionOpen (Connect()).]SQL Server가 없거나 액세스할 수 없습니다
[16:39:02] tDbCheckTimer : 재접속 시도 실패[DBNETLIB][ConnectionOpen (Connect()).]SQL Server가 없거나 액세스할 수 없습니다
[16:39:02] tDbCheckTimer : 재접속 시도 완료
[16:39:44] tDbCheckTimer : DB접속 오류 : [DBNETLIB][ConnectionOpen (Connect()).]SQL Server가 없거나 액세스할 수 없습니다
[16:39:44] tDbCheckTimer : 재접속 시도 실패[DBNETLIB][ConnectionOpen (Connect()).]SQL Server가 없거나 액세스할 수 없습니다
[16:39:44] tDbCheckTimer : 재접속 시도 완료
[16:40:27] tDbCheckTimer : DB접속 오류 : [DBNETLIB][ConnectionOpen (Connect()).]SQL Server가 없거나 액세스할 수 없습니다
[16:40:27] tDbCheckTimer : 재접속 시도 실패[DBNETLIB][ConnectionOpen (Connect()).]SQL Server가 없거나 액세스할 수 없습니다
[16:40:27] tDbCheckTimer : 재접속 시도 완료
[16:41:09] tDbCheckTimer : DB접속 오류 : [DBNETLIB][ConnectionOpen (Connect()).]SQL Server가 없거나 액세스할 수 없습니다
[16:41:09] tDbCheckTimer : 재접속 시도 실패[DBNETLIB][ConnectionOpen (Connect()).]SQL Server가 없거나 액세스할 수 없습니다
[16:41:09] tDbCheckTimer : 재접속 시도 완료
[16:42:27] tDbCheckTimer : DB접속 오류 : [DBNETLIB][ConnectionOpen (Connect()).]SQL Server가 없거나 액세스할 수 없습니다
[16:42:27] tDbCheckTimer : 재접속 시도 실패[DBNETLIB][ConnectionOpen (Connect()).]SQL Server가 없거나 액세스할 수 없습니다
[16:42:27] tDbCheckTimer : 재접속 시도 완료
[16:43:09] tDbCheckTimer : DB접속 오류 : [DBNETLIB][ConnectionOpen (Connect()).]SQL Server가 없거나 액세스할 수 없습니다
[16:43:09] tDbCheckTimer : 재접속 시도 실패[DBNETLIB][ConnectionOpen (Connect()).]SQL Server가 없거나 액세스할 수 없습니다
[16:43:09] tDbCheckTimer : 재접속 시도 완료
[16:44:27] tDbCheckTimer : DB접속 오류 : [DBNETLIB][ConnectionOpen (Connect()).]SQL Server가 없거나 액세스할 수 없습니다
[16:44:27] tDbCheckTimer : 재접속 시도 실패[DBNETLIB][ConnectionOpen (Connect()).]SQL Server가 없거나 액세스할 수 없습니다
[16:44:27] tDbCheckTimer : 재접속 시도 완료
[16:45:09] tDbCheckTimer : DB접속 오류 : [DBNETLIB][ConnectionOpen (Connect()).]SQL Server가 없거나 액세스할 수 없습니다
[16:45:09] tDbCheckTimer : 재접속 시도 실패[DBNETLIB][ConnectionOpen (Connect()).]SQL Server가 없거나 액세스할 수 없습니다
[16:45:09] tDbCheckTimer : 재접속 시도 완료
[16:45:15] Program Close
