**************************************************************
[18:15:54] Program Start!
[18:15:55] [모니터링 모드]
[18:15:55] TfrmMain.btnModeClick: 유인운영
[18:16:02] 비로그인
[18:16:02] 설치된 입구보조 LPR이 없음!
[18:16:02] 설치된 출구보조 LPR이 없음!
[18:16:02] 설치된 입구전광판이 없음!
[18:16:03] LPR재접속 쓰레드시작
[18:16:04] csOutLpr1 접속성공
[18:16:04] csInLpr1 접속성공
[18:16:10] LPR Check: 11가1123,http://10.22.31.1:9080/MSImage/2021/08/26/CH1_20210826181612_11가1123.jpg,1,,,0, 2021-08-26 18:16:12
[18:16:10] File: \\10.22.31.1\MSImage\2021\08\26\CH1_20210826181612_11가1123.jpg
[18:16:13] NormalProc: 일반차량 처리 시작 : 11가1123, 
[18:16:13] 미등록차량 입차: 11가1123 - \\10.22.31.1\MSImage\2021\08\26\CH1_20210826181612_11가1123.jpg
[18:16:13] 일반차량 입차 이미지 가져오기 시작
[18:16:13] 일반차량 입차 이미지 가져오기 끝
[18:16:17] Program Close
**************************************************************
[18:17:00] Program Start!
[18:17:00] [모니터링 모드]
[18:17:01] TfrmMain.btnModeClick: 유인운영
[18:17:02] 비로그인
[18:17:02] 설치된 입구보조 LPR이 없음!
[18:17:04] 설치된 출구보조 LPR이 없음!
[18:17:04] 설치된 입구전광판이 없음!
[18:17:04] LPR재접속 쓰레드시작
[18:17:07] csInLpr1 접속성공
[18:17:07] csOutLpr1 접속성공
[18:17:09] LPR Check: 11가1123,http://10.22.31.1:9080/MSImage/2021/08/26/CH1_20210826181710_11가1123.jpg,1,,,0, 2021-08-26 18:17:10
[18:17:09] File: \\10.22.31.1\MSImage\2021\08\26\CH1_20210826181710_11가1123.jpg
**************************************************************
[18:17:41] Program Start!
[18:17:41] [모니터링 모드]
[18:17:42] TfrmMain.btnModeClick: 유인운영
[18:17:43] 비로그인
[18:17:44] 설치된 입구보조 LPR이 없음!
[18:17:44] 설치된 출구보조 LPR이 없음!
[18:17:44] 설치된 입구전광판이 없음!
[18:17:44] LPR재접속 쓰레드시작
[18:17:46] csInLpr1 접속성공
[18:17:46] csOutLpr1 접속성공
[18:17:48] LPR Check: 11가1123,http://10.22.31.1:9080/MSImage/2021/08/26/CH1_20210826181749_11가1123.jpg,1,,,0, 2021-08-26 18:17:49
[18:17:48] File: \\10.22.31.1\MSImage\2021\08\26\CH1_20210826181749_11가1123.jpg
[18:17:48] NormalProc: 일반차량 처리 시작 : 11가1123, 
**************************************************************
[18:20:49] Program Start!
[18:20:49] [모니터링 모드]
[18:20:49] TfrmMain.btnModeClick: 유인운영
[18:20:49] 비로그인
[18:20:55] 설치된 입구보조 LPR이 없음!
[18:20:55] 설치된 출구보조 LPR이 없음!
[18:20:55] 설치된 입구전광판이 없음!
[18:20:55] LPR재접속 쓰레드시작
[18:20:56] csInLpr1 접속성공
[18:20:56] csOutLpr1 접속성공
[18:21:00] LPR Check: 11가1123,http://10.22.31.1:9080/MSImage/2021/08/26/CH1_20210826182101_11가1123.jpg,1,,,0, 2021-08-26 18:21:01
[18:21:00] File: \\10.22.31.1\MSImage\2021\08\26\CH1_20210826182101_11가1123.jpg
[18:21:01] NormalProc: 일반차량 처리 시작 : 11가1123, 
[18:21:01] NormalProc: 홈넷 방문자 차량 확인 중 오류 발생!qryVisit: Field 'Dong' not found
[18:21:01] 일반차량 입차 이미지 가져오기 시작
[18:21:01] 일반차량 입차 이미지 가져오기 끝
[18:21:04] Program Close
**************************************************************
[18:21:21] Program Start!
[18:21:21] [모니터링 모드]
[18:21:21] TfrmMain.btnModeClick: 유인운영
[18:21:22] 비로그인
[18:21:23] 설치된 입구보조 LPR이 없음!
[18:21:23] 설치된 출구보조 LPR이 없음!
[18:21:23] 설치된 입구전광판이 없음!
[18:21:25] csInLpr1 접속성공
[18:21:25] csOutLpr1 접속성공
[18:21:27] LPR Check: 11가1123,http://10.22.31.1:9080/MSImage/2021/08/26/CH1_20210826182129_11가1123.jpg,1,,,0, 2021-08-26 18:21:29
[18:21:27] File: \\10.22.31.1\MSImage\2021\08\26\CH1_20210826182129_11가1123.jpg
[18:21:28] NormalProc: 일반차량 처리 시작 : 11가1123, 
**************************************************************
[18:23:49] Program Start!
[18:23:49] [모니터링 모드]
[18:23:49] TfrmMain.btnModeClick: 유인운영
[18:23:49] 비로그인
[18:23:49] 설치된 입구보조 LPR이 없음!
[18:23:50] 설치된 출구보조 LPR이 없음!
[18:23:50] 설치된 입구전광판이 없음!
[18:23:50] LPR재접속 쓰레드시작
[18:23:51] csInLpr1 접속성공
[18:23:51] csOutLpr1 접속성공
[18:23:54] LPR Check: 11가1123,http://10.22.31.1:9080/MSImage/2021/08/26/CH1_20210826182355_11가1123.jpg,1,,,0, 2021-08-26 18:23:55
[18:23:54] File: \\10.22.31.1\MSImage\2021\08\26\CH1_20210826182355_11가1123.jpg
[18:23:54] NormalProc: 일반차량 처리 시작 : 11가1123, 
[18:23:54] NormalProc: 홈넷 방문자 차량 확인 중 오류 발생!qryVisit: Field 'Dong' not found
[18:23:54] 일반차량 입차 이미지 가져오기 시작
[18:23:54] 일반차량 입차 이미지 가져오기 끝
[18:23:57] Program Close
**************************************************************
[18:25:01] Program Start!
[18:25:01] [모니터링 모드]
[18:25:01] TfrmMain.btnModeClick: 유인운영
[18:25:01] 비로그인
[18:25:02] 설치된 입구보조 LPR이 없음!
[18:25:02] 설치된 출구보조 LPR이 없음!
[18:25:02] 설치된 입구전광판이 없음!
[18:25:02] LPR재접속 쓰레드시작
[18:25:03] csOutLpr1 접속성공
[18:25:03] csInLpr1 접속성공
[18:25:05] LPR Check: 11가1123,http://10.22.31.1:9080/MSImage/2021/08/26/CH1_20210826182507_11가1123.jpg,1,,,0, 2021-08-26 18:25:07
[18:25:05] File: \\10.22.31.1\MSImage\2021\08\26\CH1_20210826182507_11가1123.jpg
[18:25:05] NormalProc: 일반차량 처리 시작 : 11가1123, 
[18:25:05] 방문차량 입차: 11가1123 - \\10.22.31.1\MSImage\2021\08\26\CH1_20210826182507_11가1123.jpg
[18:25:05] 101/1001/11가1123 사전예약방문 차량 차단기오픈
[18:25:07] 일반차량 입차 이미지 가져오기 시작
[18:25:07] 일반차량 입차 이미지 가져오기 끝
[18:25:13] Program Close
**************************************************************
[18:27:02] Program Start!
[18:27:02] [모니터링 모드]
[18:27:02] TfrmMain.btnModeClick: 유인운영
[18:27:03] 비로그인
[18:27:03] 설치된 입구보조 LPR이 없음!
[18:27:03] 설치된 출구보조 LPR이 없음!
[18:27:03] 설치된 입구전광판이 없음!
[18:27:05] csInLpr1 접속성공
[18:27:05] csOutLpr1 접속성공
[18:27:06] LPR Check: 11가1123,http://10.22.31.1:9080/MSImage/2021/08/26/CH1_20210826182708_11가1123.jpg,1,,,0, 2021-08-26 18:27:08
[18:27:06] File: \\10.22.31.1\MSImage\2021\08\26\CH1_20210826182708_11가1123.jpg
[18:27:07] NormalProc: 일반차량 처리 시작 : 11가1123, 
[18:27:07] 방문차량 입차: 11가1123 - \\10.22.31.1\MSImage\2021\08\26\CH1_20210826182708_11가1123.jpg
[18:27:07] 101/1001/11가1123 사전예약방문 차량 차단기오픈
