**************************************************************
[09:05:26] Program Start!
[09:05:26] [DB저장 모드]
[09:05:26] TfrmMain.btnModeClick: 유인운영
[09:05:27] 비로그인
[09:05:27] 설치된 입구보조 LPR이 없음!
[09:05:27] 설치된 출구보조 LPR이 없음!
[09:05:27] 설치된 입구전광판이 없음!
[09:05:27] 설치된 출구전광판이 없음!
[09:05:27] LPR재접속 쓰레드시작
[09:05:27] 전광판재접속 쓰레드시작
[09:05:27] 정기권연동 쓰레드시작
[09:05:27] 설치된 영수증프린터가 없음!
[09:05:28] csInLpr1 접속성공
[09:05:28] csOutLpr1 접속성공
**************************************************************
[09:08:13] Program Start!
[09:08:13] [DB저장 모드]
[09:08:13] TfrmMain.btnModeClick: 유인운영
[09:08:14] 비로그인
[09:08:14] 설치된 입구보조 LPR이 없음!
[09:08:14] 설치된 출구보조 LPR이 없음!
[09:08:14] 설치된 입구전광판이 없음!
[09:08:14] 설치된 출구전광판이 없음!
[09:08:14] LPR재접속 쓰레드시작
[09:08:15] 전광판재접속 쓰레드시작
[09:08:15] 정기권연동 쓰레드시작
[09:08:15] 설치된 영수증프린터가 없음!
[09:08:15] csOutLpr1 접속성공
[09:08:15] csInLpr1 접속성공
[09:08:18] 방문차량 출입내역 조회 차량번호 66호6666 동1 호1
[09:08:18] 방문차량 단지내에 없음 차량번호 66호6666 동1 호1
[09:08:18] 방문차량 출입내역 조회 차량번호 66호6666 동1 호1
[09:08:18] 방문차량 단지내에 없음 차량번호 66호6666 동1 호1
[09:08:18] 방문차량 출입내역 조회 차량번호 66호6666 동1 호1
[09:08:18] 방문차량 단지내에 없음 차량번호 66호6666 동1 호1
[09:08:18] 방문차량 출입내역 조회 차량번호 33가3333 동1 호1
[09:08:18] 방문차량 단지내에 없음 차량번호 33가3333 동1 호1
**************************************************************
[09:08:50] Program Start!
[09:08:50] [DB저장 모드]
[09:08:50] TfrmMain.btnModeClick: 유인운영
[09:08:51] 비로그인
[09:08:51] 설치된 입구보조 LPR이 없음!
[09:08:51] 설치된 출구보조 LPR이 없음!
[09:08:51] 설치된 입구전광판이 없음!
[09:08:51] 설치된 출구전광판이 없음!
[09:08:51] LPR재접속 쓰레드시작
[09:08:51] 전광판재접속 쓰레드시작
[09:08:51] 정기권연동 쓰레드시작
[09:08:51] 설치된 영수증프린터가 없음!
[09:08:52] csInLpr1 접속성공
[09:08:52] csOutLpr1 접속성공
**************************************************************
[09:10:37] Program Start!
[09:10:37] [DB저장 모드]
[09:10:37] TfrmMain.btnModeClick: 유인운영
[09:10:37] 비로그인
[09:10:37] 설치된 입구보조 LPR이 없음!
[09:10:37] 설치된 출구보조 LPR이 없음!
[09:10:37] 설치된 입구전광판이 없음!
[09:10:37] 설치된 출구전광판이 없음!
[09:10:37] LPR재접속 쓰레드시작
[09:10:38] 전광판재접속 쓰레드시작
[09:10:38] 정기권연동 쓰레드시작
[09:10:38] 설치된 영수증프린터가 없음!
[09:10:38] csInLpr1 접속성공
[09:10:38] csOutLpr1 접속성공
[09:10:44] 방문차량 출입내역 조회 차량번호 66호6666 동1 호1
[09:10:44] 방문차량 단지내에 없음 차량번호 66호6666 동1 호1
[09:10:45] 아이콘트롤스 XML파싱실패!: List index out of bounds (0)
