**************************************************************
[12:50:57] Program Start!
[12:50:57] [DB저장 모드]
[12:50:57] TfrmMain.btnModeClick: 유인운영
[12:50:57] 비로그인
[12:50:57] 설치된 입구보조 LPR이 없음!
[12:50:57] 설치된 출구보조 LPR이 없음!
[12:50:57] 설치된 입구전광판이 없음!
[12:50:57] 설치된 출구전광판이 없음!
[12:50:57] LPR재접속 쓰레드시작
[12:50:58] 전광판재접속 쓰레드시작
[12:50:58] 정기권연동 쓰레드시작
[12:50:58] 설치된 영수증프린터가 없음!
[12:50:58] csInLpr1 접속성공
[12:50:58] csOutLpr1 접속성공
[12:51:11] Program Close
**************************************************************
[13:47:20] Program Start!
[13:47:20] [DB저장 모드]
[13:47:20] TfrmMain.btnModeClick: 유인운영
[13:47:20] 비로그인
[13:47:20] 설치된 입구보조 LPR이 없음!
[13:47:20] 설치된 출구보조 LPR이 없음!
[13:47:20] 설치된 출구전광판이 없음!
[13:47:21] LPR재접속 쓰레드시작
[13:47:21] 설치된 영수증프린터가 없음!
[13:47:22] csInDsp1 접속성공
[13:47:22] csOutLpr1 접속성공
[13:47:22] csInLpr1 접속성공
[13:47:26] Program Close
**************************************************************
[13:47:39] Program Start!
[13:47:39] [DB저장 모드]
[13:47:39] TfrmMain.btnModeClick: 유인운영
[13:47:40] 비로그인
[13:47:40] 설치된 입구보조 LPR이 없음!
[13:47:40] 설치된 출구보조 LPR이 없음!
[13:47:40] 설치된 출구전광판이 없음!
[13:47:40] LPR재접속 쓰레드시작
[13:47:41] 전광판재접속 쓰레드시작
[13:47:41] 정기권연동 쓰레드시작
[13:47:41] 설치된 영수증프린터가 없음!
[13:47:41] csInLpr1 접속성공
[13:47:41] csOutLpr1 접속성공
[13:47:41] csInDsp1 접속성공
[13:47:44] Program Close
**************************************************************
[13:48:22] Program Start!
[13:48:22] [DB저장 모드]
[13:48:23] TfrmMain.btnModeClick: 유인운영
[13:48:23] 비로그인
[13:48:23] 설치된 입구보조 LPR이 없음!
[13:48:23] 설치된 출구보조 LPR이 없음!
[13:48:23] 설치된 출구전광판이 없음!
[13:48:24] LPR재접속 쓰레드시작
[13:48:24] 전광판재접속 쓰레드시작
[13:48:24] 정기권연동 쓰레드시작
[13:48:24] 설치된 영수증프린터가 없음!
[13:48:25] csInDsp1 접속성공
[13:48:25] csInLpr1 접속성공
[13:48:25] csOutLpr1 접속성공
[13:48:54] Program Close
**************************************************************
[13:52:20] Program Start!
[13:52:20] [DB저장 모드]
[13:52:20] TfrmMain.btnModeClick: 유인운영
[13:52:21] 비로그인
[13:52:21] 설치된 입구보조 LPR이 없음!
[13:52:21] 설치된 출구보조 LPR이 없음!
[13:52:21] 설치된 출구전광판이 없음!
[13:52:21] LPR재접속 쓰레드시작
[13:52:21] 전광판재접속 쓰레드시작
[13:52:21] 정기권연동 쓰레드시작
[13:52:21] 설치된 영수증프린터가 없음!
[13:52:22] csInLpr1 접속성공
[13:52:22] csOutLpr1 접속성공
[13:52:24] SocketError > ErrorNo: [10061] Host: [127.0.0.1] Port: [5000] Name: [csInDsp1] Msg: [서버가 죽었거나 클라이언트에서 접속환경이 잘못되었을때 나타나는 현상]
[13:52:55] SocketError > ErrorNo: [10061] Host: [127.0.0.1] Port: [5000] Name: [csInDsp1] Msg: [서버가 죽었거나 클라이언트에서 접속환경이 잘못되었을때 나타나는 현상]
[13:53:27] SocketError > ErrorNo: [10061] Host: [127.0.0.1] Port: [5000] Name: [csInDsp1] Msg: [서버가 죽었거나 클라이언트에서 접속환경이 잘못되었을때 나타나는 현상]
[13:53:59] SocketError > ErrorNo: [10061] Host: [127.0.0.1] Port: [5000] Name: [csInDsp1] Msg: [서버가 죽었거나 클라이언트에서 접속환경이 잘못되었을때 나타나는 현상]
[13:54:31] SocketError > ErrorNo: [10061] Host: [127.0.0.1] Port: [5000] Name: [csInDsp1] Msg: [서버가 죽었거나 클라이언트에서 접속환경이 잘못되었을때 나타나는 현상]
**************************************************************
[13:54:51] Program Start!
[13:54:51] [DB저장 모드]
[13:54:51] TfrmMain.btnModeClick: 유인운영
[13:54:51] 비로그인
[13:54:51] 설치된 입구보조 LPR이 없음!
[13:54:51] 설치된 출구보조 LPR이 없음!
[13:54:51] 설치된 출구전광판이 없음!
[13:54:51] LPR재접속 쓰레드시작
[13:54:51] 전광판재접속 쓰레드시작
[13:54:51] 정기권연동 쓰레드시작
[13:54:51] 설치된 영수증프린터가 없음!
[13:54:52] csInLpr1 접속성공
[13:54:52] csOutLpr1 접속성공
[13:54:53] Program Close
**************************************************************
[13:55:47] Program Start!
[13:55:47] [DB저장 모드]
[13:55:47] TfrmMain.btnModeClick: 유인운영
[13:55:47] 비로그인
[13:55:47] 설치된 입구보조 LPR이 없음!
[13:55:47] 설치된 출구보조 LPR이 없음!
[13:55:47] 설치된 출구전광판이 없음!
[13:55:48] LPR재접속 쓰레드시작
[13:55:48] 전광판재접속 쓰레드시작
[13:55:48] 정기권연동 쓰레드시작
[13:55:48] 설치된 영수증프린터가 없음!
[13:55:49] csInLpr1 접속성공
[13:55:49] csOutLpr1 접속성공
[13:55:51] SocketError > ErrorNo: [10061] Host: [127.0.0.1] Port: [5000] Name: [csInDsp1] Msg: [서버가 죽었거나 클라이언트에서 접속환경이 잘못되었을때 나타나는 현상]
