**************************************************************
[18:05:17] Program Start!
[18:05:17] [DB저장 모드]
[18:05:17] TfrmMain.btnModeClick: 유인운영
[18:05:18] 비로그인
[18:05:18] 설치된 입구보조 LPR이 없음!
[18:05:18] 설치된 출구보조 LPR이 없음!
[18:05:18] 설치된 입구전광판이 없음!
[18:05:18] 설치된 출구전광판이 없음!
[18:05:18] LPR재접속 쓰레드시작
[18:05:19] 전광판재접속 쓰레드시작
[18:05:19] 정기권연동 쓰레드시작
[18:05:19] 설치된 영수증프린터가 없음!
[18:05:19] csInLpr1 접속성공
[18:05:19] csOutLpr1 접속성공
[18:07:09] LPR Check: 27도2466,http://10.22.31.1:9080/MSImage/2021/09/07/CH1_20210907180711_27도2466.jpg,1,,,0, 2021-09-07 18:07:11
[18:07:09] File: \\10.22.31.1\MSImage\2021\09\07\CH1_20210907180711_27도2466.jpg
[18:07:09] 정기차량시작: 27도2466, 
[18:07:09] ##### 사용기간 오류 - 사용시작일: 2021-07-01, 사용종료일: 2021-08-31 #####
[18:07:09] 정기차량 입차 이미지 가져오기 시작
[18:07:09] 정기차량 입차 이미지 가져오기 끝
[18:07:09] 정기차량처리: 27도2466, 
**************************************************************
[18:13:28] Program Start!
[18:13:28] [DB저장 모드]
[18:13:28] TfrmMain.btnModeClick: 유인운영
[18:13:28] 비로그인
[18:13:28] 설치된 입구보조 LPR이 없음!
[18:13:28] 설치된 출구보조 LPR이 없음!
[18:13:28] 설치된 입구전광판이 없음!
[18:13:28] 설치된 출구전광판이 없음!
[18:13:29] LPR재접속 쓰레드시작
[18:13:29] 전광판재접속 쓰레드시작
[18:13:29] 정기권연동 쓰레드시작
[18:13:29] 설치된 영수증프린터가 없음!
[18:13:30] csInLpr1 접속성공
[18:13:30] csOutLpr1 접속성공
[18:13:32] LPR Check: 27도2466,http://10.22.31.1:9080/MSImage/2021/09/07/CH1_20210907181333_27도2466.jpg,1,,,0, 2021-09-07 18:13:33
[18:13:32] File: \\10.22.31.1\MSImage\2021\09\07\CH1_20210907181333_27도2466.jpg
[18:13:32] 정기차량시작: 27도2466, 
[18:13:32] ##### 사용기간 오류 - 사용시작일: 2021-07-01, 사용종료일: 2021-08-31 #####
[18:13:32] 정기차량 입차 이미지 가져오기 시작
[18:13:32] 정기차량 입차 이미지 가져오기 끝
[18:13:32] 정기차량처리: 27도2466, 
[18:14:10] LPR Check: 27도2466,http://10.22.31.1:9080/MSImage/2021/09/07/CH1_20210907181412_27도2466.jpg,1,,,0, 2021-09-07 18:14:12
[18:14:10] File: \\10.22.31.1\MSImage\2021\09\07\CH1_20210907181412_27도2466.jpg
[18:14:10] 정기차량시작: 27도2466, 
[18:14:10] 입구차단기 Open 10.22.31.1:3000
[18:14:10] 정기차량 입차 이미지 가져오기 시작
[18:14:10] 정기차량 입차 이미지 가져오기 끝
[18:14:10] 정기차량처리: 27도2466, 
[18:14:33] LPR Check: 27도2466,http://10.22.31.1:9080/MSImage/2021/09/07/CH1_20210907181434_27도2466.jpg,1,,,0, 2021-09-07 18:14:34
[18:14:33] File: \\10.22.31.1\MSImage\2021\09\07\CH1_20210907181434_27도2466.jpg
[18:14:33] 정기차량시작: 27도2466, 
[18:14:33] 출구차단기 Open 10.22.31.1:4000
[18:14:33] 27도2466 정기차량 주차시간 59
[18:14:33] RecvLprProc: qryRecvLpr2: Field 'ProcDate' not found
[18:14:49] Program Close
**************************************************************
[18:15:48] Program Start!
[18:15:48] [DB저장 모드]
[18:15:48] TfrmMain.btnModeClick: 유인운영
[18:15:49] 비로그인
[18:15:49] 설치된 입구보조 LPR이 없음!
[18:15:49] 설치된 출구보조 LPR이 없음!
[18:15:49] 설치된 입구전광판이 없음!
[18:15:49] 설치된 출구전광판이 없음!
[18:15:50] 정기권연동 쓰레드시작
[18:15:50] 설치된 영수증프린터가 없음!
[18:15:52] csInLpr1 접속성공
[18:15:52] csOutLpr1 접속성공
[18:15:54] LPR Check: 27도2466,http://10.22.31.1:9080/MSImage/2021/09/07/CH1_20210907181555_27도2466.jpg,1,,,0, 2021-09-07 18:15:55
[18:15:54] File: \\10.22.31.1\MSImage\2021\09\07\CH1_20210907181555_27도2466.jpg
[18:15:54] 정기차량시작: 27도2466, 
[18:15:58] 출구차단기 Open 10.22.31.1:4000
[18:16:28] 27도2466 정기차량 주차시간 60
**************************************************************
[18:20:37] Program Start!
[18:20:37] [DB저장 모드]
[18:20:37] TfrmMain.btnModeClick: 유인운영
[18:20:38] 비로그인
[18:20:39] 설치된 입구보조 LPR이 없음!
[18:20:39] 설치된 출구보조 LPR이 없음!
[18:20:39] 설치된 입구전광판이 없음!
[18:20:39] 설치된 출구전광판이 없음!
[18:20:39] 설치된 영수증프린터가 없음!
[18:20:40] csInLpr1 접속성공
[18:20:40] csOutLpr1 접속성공
[18:20:50] LPR Check: 27도2466,http://10.22.31.1:9080/MSImage/2021/09/07/CH1_20210907182052_27도2466.jpg,1,,,0, 2021-09-07 18:20:52
[18:20:50] File: \\10.22.31.1\MSImage\2021\09\07\CH1_20210907182052_27도2466.jpg
[18:20:50] 정기차량시작: 27도2466, 
[18:20:57] 출구차단기 Open 10.22.31.1:4000
**************************************************************
[18:22:51] Program Start!
[18:22:51] [DB저장 모드]
[18:22:51] TfrmMain.btnModeClick: 유인운영
[18:22:52] 비로그인
[18:22:53] 설치된 입구보조 LPR이 없음!
[18:22:53] 설치된 출구보조 LPR이 없음!
[18:22:53] 설치된 입구전광판이 없음!
[18:22:53] 설치된 출구전광판이 없음!
[18:22:53] 전광판재접속 쓰레드시작
[18:22:53] 정기권연동 쓰레드시작
[18:22:53] 설치된 영수증프린터가 없음!
[18:22:55] csInLpr1 접속성공
[18:22:55] csOutLpr1 접속성공
[18:23:46] LPR Check: 27도2466,http://10.22.31.1:9080/MSImage/2021/09/07/CH1_20210907182348_27도2466.jpg,1,,,0, 2021-09-07 18:23:48
[18:23:46] File: \\10.22.31.1\MSImage\2021\09\07\CH1_20210907182348_27도2466.jpg
[18:23:46] 정기차량시작: 27도2466, 
[18:23:53] 출구차단기 Open 10.22.31.1:4000
[18:24:34] 27도2466 정기차량 총 주차시간 68
[18:24:37] 27도2466 정기차량 초과된 주차시간 84
[18:24:39] 정기차량 출차 이미지 가져오기 시작
[18:24:39] 정기차량 출차 이미지 가져오기 끝
[18:24:39] 정기차량처리: 27도2466, 
**************************************************************
[18:30:30] Program Start!
[18:30:30] [DB저장 모드]
[18:30:30] TfrmMain.btnModeClick: 유인운영
[18:30:32] 비로그인
[18:30:32] 설치된 입구보조 LPR이 없음!
[18:30:32] 설치된 출구보조 LPR이 없음!
[18:30:33] 설치된 입구전광판이 없음!
[18:30:33] 설치된 출구전광판이 없음!
[18:30:33] 전광판재접속 쓰레드시작
[18:30:33] 설치된 영수증프린터가 없음!
[18:30:34] csInLpr1 접속성공
[18:30:34] csOutLpr1 접속성공
[18:30:46] LPR Check: 27도2466,http://10.22.31.1:9080/MSImage/2021/09/07/CH1_20210907183047_27도2466.jpg,1,,,0, 2021-09-07 18:30:47
[18:30:46] File: \\10.22.31.1\MSImage\2021\09\07\CH1_20210907183047_27도2466.jpg
[18:30:46] 정기차량시작: 27도2466, 
[18:30:50] 출구차단기 Open 10.22.31.1:4000
[18:30:55] 27도2466 정기차량 총 주차시간: 75
[18:30:57] 27도2466 정기차량 초과된 주차시간: 4294967205
[18:30:59] 정기차량 출차 이미지 가져오기 시작
[18:30:59] 정기차량 출차 이미지 가져오기 끝
[18:30:59] 정기차량처리: 27도2466, 
**************************************************************
[18:33:40] Program Start!
[18:33:40] [DB저장 모드]
[18:33:41] TfrmMain.btnModeClick: 유인운영
[18:33:42] 비로그인
[18:33:42] 설치된 입구보조 LPR이 없음!
[18:33:42] 설치된 출구보조 LPR이 없음!
[18:33:42] 설치된 입구전광판이 없음!
[18:33:42] 설치된 출구전광판이 없음!
[18:33:42] 설치된 영수증프린터가 없음!
[18:33:44] csInLpr1 접속성공
[18:33:44] csOutLpr1 접속성공
[18:33:46] LPR Check: 27도2466,http://10.22.31.1:9080/MSImage/2021/09/07/CH1_20210907183347_27도2466.jpg,1,,,0, 2021-09-07 18:33:47
[18:33:46] File: \\10.22.31.1\MSImage\2021\09\07\CH1_20210907183347_27도2466.jpg
[18:33:46] 정기차량시작: 27도2466, 
[18:33:48] 출구차단기 Open 10.22.31.1:4000
[18:33:48] 정기차량 출차 이미지 가져오기 시작
[18:33:48] 정기차량 출차 이미지 가져오기 끝
[18:33:48] 정기차량처리: 27도2466, 
[18:34:21] Program Close
**************************************************************
[18:35:41] Program Start!
[18:35:41] [DB저장 모드]
[18:35:41] TfrmMain.btnModeClick: 유인운영
[18:35:42] 비로그인
[18:35:42] 설치된 입구보조 LPR이 없음!
[18:35:42] 설치된 출구보조 LPR이 없음!
[18:35:43] 설치된 입구전광판이 없음!
[18:35:43] 설치된 출구전광판이 없음!
[18:35:43] LPR재접속 쓰레드시작
[18:35:43] 설치된 영수증프린터가 없음!
[18:35:45] csOutLpr1 접속성공
[18:35:45] csInLpr1 접속성공
[18:35:47] LPR Check: 27도2466,http://10.22.31.1:9080/MSImage/2021/09/07/CH1_20210907183548_27도2466.jpg,1,,,0, 2021-09-07 18:35:48
[18:35:47] File: \\10.22.31.1\MSImage\2021\09\07\CH1_20210907183548_27도2466.jpg
[18:35:47] 정기차량시작: 27도2466, 
**************************************************************
[18:36:23] Program Start!
[18:36:23] [DB저장 모드]
[18:36:23] TfrmMain.btnModeClick: 유인운영
[18:36:24] 비로그인
[18:36:24] 설치된 입구보조 LPR이 없음!
[18:36:24] 설치된 출구보조 LPR이 없음!
[18:36:25] 설치된 입구전광판이 없음!
[18:36:25] 설치된 출구전광판이 없음!
[18:36:25] 정기권연동 쓰레드시작
[18:36:25] 설치된 영수증프린터가 없음!
[18:36:26] csInLpr1 접속성공
[18:36:26] csOutLpr1 접속성공
[18:36:34] LPR Check: 27도2466,http://10.22.31.1:9080/MSImage/2021/09/07/CH1_20210907183635_27도2466.jpg,1,,,0, 2021-09-07 18:36:35
[18:36:34] File: \\10.22.31.1\MSImage\2021\09\07\CH1_20210907183635_27도2466.jpg
[18:36:34] 정기차량시작: 27도2466, 
[18:36:36] 출구차단기 Open 10.22.31.1:4000
[18:36:40] 27도2466 정기차량 총 주차시간: 81
