**************************************************************
[13:51:13] Program Start!
[13:51:13] [DB저장 모드]
[13:51:13] TfrmMain.btnModeClick: 유인운영
[13:51:13] 비로그인
[13:51:13] 설치된 입구보조 LPR이 없음!
[13:51:13] 설치된 출구보조 LPR이 없음!
[13:51:13] 설치된 입구전광판이 없음!
[13:51:13] 설치된 출구전광판이 없음!
[13:51:14] LPR재접속 쓰레드시작
[13:51:14] 전광판재접속 쓰레드시작
[13:51:14] 정기권연동 쓰레드시작
[13:51:14] 11번 LPR에 연결된 방문증(시리얼타입) 오픈에러!
[13:51:14] csOutLpr1 접속성공
[13:51:14] csInLpr1 접속성공
[13:52:06] LPR Check: 27도2467,http://10.22.31.1:9080/MSImage/2021/09/17/CH1_20210917135209_27도2467.jpg,1,,,0, 2021-09-17 13:52:09
[13:52:06] File: \\10.22.31.1\MSImage\2021\09\17\CH1_20210917135209_27도2467.jpg
[13:52:06] 정기차량시작: 27도2467, 
[13:52:06] 입구차단기 Open 10.22.31.1:3000
[13:52:06] 정기차량 입차 이미지 가져오기 시작
[13:52:06] 정기차량 입차 이미지 가져오기 끝
[13:52:06] 정기차량처리: 27도2467, 
[13:53:21] LPR Check: 27도2467,http://10.22.31.1:9080/MSImage/2021/09/17/CH1_20210917135325_27도2467.jpg,1,,,0, 2021-09-17 13:53:25
[13:53:21] File: \\10.22.31.1\MSImage\2021\09\17\CH1_20210917135325_27도2467.jpg
[13:53:21] 정기차량시작: 27도2467, 
[13:53:21] 출구차단기 Open 10.22.31.1:4000
[13:53:21] 27도2467 정기차량 주차시간: 300
[13:53:21] 정기차량 출차 이미지 가져오기 시작
[13:53:21] 정기차량 출차 이미지 가져오기 끝
[13:53:21] 정기차량처리: 27도2467, 
[13:53:58] Program Close
**************************************************************
[13:54:54] Program Start!
[13:54:54] [DB저장 모드]
[13:54:55] TfrmMain.btnModeClick: 유인운영
[13:54:55] 비로그인
[13:54:55] 설치된 입구보조 LPR이 없음!
[13:54:55] 설치된 출구보조 LPR이 없음!
[13:54:55] 설치된 입구전광판이 없음!
[13:54:55] 설치된 출구전광판이 없음!
[13:54:55] LPR재접속 쓰레드시작
[13:54:56] 전광판재접속 쓰레드시작
[13:55:00] 11번 LPR에 연결된 방문증(시리얼타입) 오픈에러!
[13:55:00] csInLpr1 접속성공
[13:55:00] csOutLpr1 접속성공
[13:55:04] LPR Check: 27도2467,http://10.22.31.1:9080/MSImage/2021/09/17/CH1_20210917135508_27도2467.jpg,1,,,0, 2021-09-17 13:55:08
[13:55:04] File: \\10.22.31.1\MSImage\2021\09\17\CH1_20210917135508_27도2467.jpg
[13:55:04] 정기차량시작: 27도2467, 
[13:55:04] 입구차단기 Open 10.22.31.1:3000
[13:55:04] 정기차량 입차 이미지 가져오기 시작
[13:55:04] 정기차량 입차 이미지 가져오기 끝
[13:55:04] 정기차량처리: 27도2467, 
[13:55:32] LPR Check: 27도2467,http://10.22.31.1:9080/MSImage/2021/09/17/CH1_20210917135536_27도2467.jpg,1,,,0, 2021-09-17 13:55:36
[13:55:32] File: \\10.22.31.1\MSImage\2021\09\17\CH1_20210917135536_27도2467.jpg
[13:55:32] 정기차량시작: 27도2467, 
[13:55:32] 출구차단기 Open 10.22.31.1:4000
**************************************************************
[13:56:39] Program Start!
[13:56:39] [DB저장 모드]
[13:56:39] TfrmMain.btnModeClick: 유인운영
[13:56:39] 비로그인
[13:56:39] 설치된 입구보조 LPR이 없음!
[13:56:39] 설치된 출구보조 LPR이 없음!
[13:56:39] 설치된 입구전광판이 없음!
[13:56:39] 설치된 출구전광판이 없음!
[13:56:39] LPR재접속 쓰레드시작
[13:56:39] 전광판재접속 쓰레드시작
[13:56:40] 정기권연동 쓰레드시작
[13:56:40] 11번 LPR에 연결된 방문증(시리얼타입) 오픈에러!
[13:56:40] csInLpr1 접속성공
[13:56:40] csOutLpr1 접속성공
[13:56:42] LPR Check: 27도2466,http://10.22.31.1:9080/MSImage/2021/09/17/CH1_20210917135646_27도2466.jpg,1,,,0, 2021-09-17 13:56:46
[13:56:42] File: \\10.22.31.1\MSImage\2021\09\17\CH1_20210917135646_27도2466.jpg
[13:56:42] 정기차량시작: 27도2466, 
[13:56:42] 출구차단기 Open 10.22.31.1:4000
[13:56:42] 27도2466 정기차량 초과된 주차시간(입차시간이 작음): 57
[13:56:42] 정기차량 출차 이미지 가져오기 시작
[13:56:42] 정기차량 출차 이미지 가져오기 끝
[13:56:42] 정기차량처리: 27도2466, 
[13:58:01] Program Close
**************************************************************
[14:01:43] Program Start!
[14:01:44] [DB저장 모드]
[14:01:44] TfrmMain.btnModeClick: 유인운영
[14:01:44] 비로그인
[14:01:44] 설치된 입구보조 LPR이 없음!
[14:01:44] 설치된 출구보조 LPR이 없음!
[14:01:44] 설치된 입구전광판이 없음!
[14:01:44] 설치된 출구전광판이 없음!
[14:01:44] LPR재접속 쓰레드시작
[14:01:44] 전광판재접속 쓰레드시작
[14:01:44] 정기권연동 쓰레드시작
[14:01:44] 11번 LPR에 연결된 방문증(시리얼타입) 오픈에러!
[14:01:44] csInLpr1 접속성공
[14:01:44] csOutLpr1 접속성공
[14:01:56] LPR Check: 27도2466,http://10.22.31.1:9080/MSImage/2021/09/17/CH1_20210917140200_27도2466.jpg,1,,,0, 2021-09-17 14:02:00
[14:01:56] File: \\10.22.31.1\MSImage\2021\09\17\CH1_20210917140200_27도2466.jpg
[14:01:56] 정기차량시작: 27도2466, 
[14:01:56] 입구차단기 Open 10.22.31.1:3000
[14:01:56] 정기차량 입차 이미지 가져오기 시작
[14:01:56] 정기차량 입차 이미지 가져오기 끝
[14:01:56] 정기차량처리: 27도2466, 
[14:02:08] LPR Check: 27도2466,http://10.22.31.1:9080/MSImage/2021/09/17/CH1_20210917140211_27도2466.jpg,1,,,0, 2021-09-17 14:02:11
[14:02:08] File: \\10.22.31.1\MSImage\2021\09\17\CH1_20210917140211_27도2466.jpg
[14:02:08] 정기차량시작: 27도2466, 
[14:02:08] 출구차단기 Open 10.22.31.1:4000
[14:02:08] 27도2466 정기차량 주차시간: 300
[14:02:08] 27도2466 정기차량 초과된 주차시간(입차시간이 작음): 63
[14:02:08] 정기차량 출차 이미지 가져오기 시작
[14:02:08] 정기차량 출차 이미지 가져오기 끝
[14:02:08] 정기차량처리: 27도2466, 
[14:02:45] Program Close
**************************************************************
[14:07:20] Program Start!
[14:07:20] [DB저장 모드]
[14:07:20] TfrmMain.btnModeClick: 유인운영
[14:07:20] 비로그인
[14:07:20] 설치된 입구보조 LPR이 없음!
[14:07:20] 설치된 출구보조 LPR이 없음!
[14:07:20] 설치된 입구전광판이 없음!
[14:07:20] 설치된 출구전광판이 없음!
[14:07:20] LPR재접속 쓰레드시작
[14:07:20] 전광판재접속 쓰레드시작
[14:07:21] 정기권연동 쓰레드시작
[14:07:23] 11번 LPR에 연결된 방문증(시리얼타입) 오픈에러!
[14:07:24] csInLpr1 접속성공
[14:07:24] csOutLpr1 접속성공
[14:07:25] Program Close
**************************************************************
[14:08:08] Program Start!
[14:08:08] [DB저장 모드]
[14:08:09] TfrmMain.btnModeClick: 유인운영
[14:08:09] 비로그인
[14:08:09] 설치된 입구보조 LPR이 없음!
[14:08:09] 설치된 출구보조 LPR이 없음!
[14:08:09] 설치된 입구전광판이 없음!
[14:08:09] 설치된 출구전광판이 없음!
[14:08:09] LPR재접속 쓰레드시작
[14:08:09] 전광판재접속 쓰레드시작
[14:08:09] 정기권연동 쓰레드시작
[14:08:10] csInLpr1 접속성공
[14:08:10] csOutLpr1 접속성공
[14:08:12] LPR Check: 27도2466,http://10.22.31.1:9080/MSImage/2021/09/17/CH1_20210917140816_27도2466.jpg,1,,,0, 2021-09-17 14:08:16
[14:08:12] File: \\10.22.31.1\MSImage\2021\09\17\CH1_20210917140816_27도2466.jpg
[14:08:12] 정기차량시작: 27도2466, 
[14:08:12] 입구차단기 Open 10.22.31.1:3000
[14:08:12] 정기차량 입차 이미지 가져오기 시작
[14:08:12] 정기차량 입차 이미지 가져오기 끝
[14:08:12] 정기차량처리: 27도2466, 
[14:09:11] LPR Check: 27도2466,http://10.22.31.1:9080/MSImage/2021/09/17/CH1_20210917140914_27도2466.jpg,1,,,0, 2021-09-17 14:09:14
[14:09:11] File: \\10.22.31.1\MSImage\2021\09\17\CH1_20210917140914_27도2466.jpg
[14:09:11] 정기차량시작: 27도2466, 
[14:09:11] 입구차단기 Open 10.22.31.1:3000
[14:09:11] 정기차량 입차 이미지 가져오기 시작
[14:09:11] 정기차량 입차 이미지 가져오기 끝
[14:09:11] 정기차량처리: 27도2466, 
[14:09:24] LPR Check: 27도2466,http://10.22.31.1:9080/MSImage/2021/09/17/CH1_20210917140927_27도2466.jpg,1,,,0, 2021-09-17 14:09:27
[14:09:24] File: \\10.22.31.1\MSImage\2021\09\17\CH1_20210917140927_27도2466.jpg
[14:09:24] 정기차량시작: 27도2466, 
[14:09:24] 출구차단기 Open 10.22.31.1:4000
[14:09:24] 27도2466 정기차량 주차시간: 300
[14:09:24] 27도2466 정기차량 초과된 주차시간(입차시간이 작음): 70
[14:09:24] 정기차량 출차 이미지 가져오기 시작
[14:09:24] 정기차량 출차 이미지 가져오기 끝
[14:09:24] 정기차량처리: 27도2466, 
[14:09:45] Program Close
**************************************************************
[14:18:33] Program Start!
[14:18:33] [DB저장 모드]
[14:18:33] TfrmMain.btnModeClick: 유인운영
[14:18:34] 비로그인
[14:18:34] 설치된 입구보조 LPR이 없음!
[14:18:34] 설치된 출구보조 LPR이 없음!
[14:18:34] 설치된 입구전광판이 없음!
[14:18:34] 설치된 출구전광판이 없음!
[14:18:34] LPR재접속 쓰레드시작
[14:18:34] 전광판재접속 쓰레드시작
[14:18:34] 정기권연동 쓰레드시작
[14:18:35] csInLpr1 접속성공
[14:18:35] csOutLpr1 접속성공
[14:18:47] LPR Check: 27도2466,http://10.22.31.1:9080/MSImage/2021/09/17/CH1_20210917141850_27도2466.jpg,1,,,0, 2021-09-17 14:18:50
[14:18:47] File: \\10.22.31.1\MSImage\2021\09\17\CH1_20210917141850_27도2466.jpg
[14:18:47] 정기차량시작: 27도2466, 
[14:18:47] 입구차단기 Open 10.22.31.1:3000
[14:18:47] 정기차량 입차 이미지 가져오기 시작
[14:18:47] 정기차량 입차 이미지 가져오기 끝
[14:18:47] 정기차량처리: 27도2466, 
[14:18:58] LPR Check: 27도2466,http://10.22.31.1:9080/MSImage/2021/09/17/CH1_20210917141901_27도2466.jpg,1,,,0, 2021-09-17 14:19:01
[14:18:58] File: \\10.22.31.1\MSImage\2021\09\17\CH1_20210917141901_27도2466.jpg
[14:18:58] 정기차량시작: 27도2466, 
[14:18:58] 출구차단기 Open 10.22.31.1:4000
[14:18:58] 27도2466 정기차량 주차시간: 299
[14:18:58] 27도2466 정기차량 초과된 주차시간(입차시간이 작음): 80
[14:18:58] 정기차량 출차 이미지 가져오기 시작
[14:18:58] 정기차량 출차 이미지 가져오기 끝
[14:18:58] 정기차량처리: 27도2466, 
[14:19:12] Program Close
**************************************************************
[14:21:13] Program Start!
[14:21:13] [DB저장 모드]
[14:21:13] TfrmMain.btnModeClick: 유인운영
[14:21:14] 비로그인
[14:21:14] 설치된 입구보조 LPR이 없음!
[14:21:14] 설치된 출구보조 LPR이 없음!
[14:21:14] 설치된 입구전광판이 없음!
[14:21:14] 설치된 출구전광판이 없음!
[14:21:14] LPR재접속 쓰레드시작
[14:21:14] 전광판재접속 쓰레드시작
[14:21:14] 정기권연동 쓰레드시작
[14:21:15] csInLpr1 접속성공
[14:21:15] csOutLpr1 접속성공
[14:21:33] LPR Check: 27도2466,http://10.22.31.1:9080/MSImage/2021/09/17/CH1_20210917142137_27도2466.jpg,1,,,0, 2021-09-17 14:21:37
[14:21:33] File: \\10.22.31.1\MSImage\2021\09\17\CH1_20210917142137_27도2466.jpg
[14:21:33] 정기차량시작: 27도2466, 
[14:21:33] 입구차단기 Open 10.22.31.1:3000
[14:21:33] 정기차량 입차 이미지 가져오기 시작
[14:21:33] 정기차량 입차 이미지 가져오기 끝
[14:21:33] 정기차량처리: 27도2466, 
[14:21:45] LPR Check: 27도2466,http://10.22.31.1:9080/MSImage/2021/09/17/CH1_20210917142149_27도2466.jpg,1,,,0, 2021-09-17 14:21:49
[14:21:45] File: \\10.22.31.1\MSImage\2021\09\17\CH1_20210917142149_27도2466.jpg
[14:21:45] 정기차량시작: 27도2466, 
[14:21:45] 출구차단기 Open 10.22.31.1:4000
[14:21:45] 27도2466 정기차량 주차시간: 299
[14:21:45] 27도2466 정기차량 초과된 주차시간(입차시간이 작음): 82
[14:21:48] RecvLprProc: Grid index out of range
**************************************************************
[14:21:57] Program Start!
[14:21:57] [DB저장 모드]
[14:21:57] TfrmMain.btnModeClick: 유인운영
[14:21:58] 비로그인
[14:21:58] 설치된 입구보조 LPR이 없음!
[14:21:58] 설치된 출구보조 LPR이 없음!
[14:21:58] 설치된 입구전광판이 없음!
[14:21:58] 설치된 출구전광판이 없음!
[14:21:58] LPR재접속 쓰레드시작
[14:21:58] 전광판재접속 쓰레드시작
[14:21:58] 정기권연동 쓰레드시작
[14:21:59] csOutLpr1 접속성공
[14:21:59] csInLpr1 접속성공
[14:22:00] LPR Check: 27도2466,http://10.22.31.1:9080/MSImage/2021/09/17/CH1_20210917142204_27도2466.jpg,1,,,0, 2021-09-17 14:22:04
[14:22:00] File: \\10.22.31.1\MSImage\2021\09\17\CH1_20210917142204_27도2466.jpg
[14:22:00] 정기차량시작: 27도2466, 
[14:22:00] 출구차단기 Open 10.22.31.1:4000
[14:22:00] 27도2466 정기차량 주차시간: 300
[14:22:00] 27도2466 정기차량 초과된 주차시간(입차시간이 작음): 83
**************************************************************
[14:22:24] Program Start!
[14:22:24] [DB저장 모드]
[14:22:24] TfrmMain.btnModeClick: 유인운영
[14:22:25] 비로그인
[14:22:25] 설치된 입구보조 LPR이 없음!
[14:22:25] 설치된 출구보조 LPR이 없음!
[14:22:25] 설치된 입구전광판이 없음!
[14:22:25] 설치된 출구전광판이 없음!
[14:22:25] LPR재접속 쓰레드시작
[14:22:25] 전광판재접속 쓰레드시작
[14:22:25] 정기권연동 쓰레드시작
[14:22:26] csOutLpr1 접속성공
[14:22:26] csInLpr1 접속성공
[14:22:27] LPR Check: 27도2466,http://10.22.31.1:9080/MSImage/2021/09/17/CH1_20210917142231_27도2466.jpg,1,,,0, 2021-09-17 14:22:31
[14:22:27] File: \\10.22.31.1\MSImage\2021\09\17\CH1_20210917142231_27도2466.jpg
[14:22:27] 정기차량시작: 27도2466, 
[14:22:27] 출구차단기 Open 10.22.31.1:4000
[14:22:27] 27도2466 정기차량 주차시간: 300
[14:22:27] 27도2466 정기차량 초과된 주차시간(입차시간이 작음): 83
[14:22:43] 정기차량 출차 이미지 가져오기 시작
[14:22:43] 정기차량 출차 이미지 가져오기 끝
[14:22:43] 정기차량처리: 27도2466, 
[14:22:58] Program Close
**************************************************************
[14:24:58] Program Start!
[14:24:58] [DB저장 모드]
[14:24:58] TfrmMain.btnModeClick: 유인운영
[14:24:59] 비로그인
[14:24:59] 설치된 입구보조 LPR이 없음!
[14:24:59] 설치된 출구보조 LPR이 없음!
[14:24:59] 설치된 입구전광판이 없음!
[14:24:59] 설치된 출구전광판이 없음!
[14:24:59] LPR재접속 쓰레드시작
[14:24:59] 전광판재접속 쓰레드시작
[14:24:59] 정기권연동 쓰레드시작
[14:25:00] csInLpr1 접속성공
[14:25:00] csOutLpr1 접속성공
**************************************************************
[14:25:50] Program Start!
[14:25:50] [DB저장 모드]
[14:25:50] TfrmMain.btnModeClick: 유인운영
[14:25:51] 비로그인
[14:25:51] 설치된 입구보조 LPR이 없음!
[14:25:51] 설치된 출구보조 LPR이 없음!
[14:25:51] 설치된 입구전광판이 없음!
[14:25:51] 설치된 출구전광판이 없음!
[14:25:51] LPR재접속 쓰레드시작
[14:25:52] 전광판재접속 쓰레드시작
[14:25:52] 정기권연동 쓰레드시작
[14:25:52] csInLpr1 접속성공
[14:25:52] csOutLpr1 접속성공
**************************************************************
[14:33:42] Program Start!
[14:33:42] [DB저장 모드]
[14:33:42] TfrmMain.btnModeClick: 유인운영
[14:33:42] 비로그인
[14:33:42] 설치된 입구보조 LPR이 없음!
[14:33:42] 설치된 출구보조 LPR이 없음!
[14:33:42] 설치된 입구전광판이 없음!
[14:33:42] 설치된 출구전광판이 없음!
[14:33:43] LPR재접속 쓰레드시작
[14:33:43] 전광판재접속 쓰레드시작
[14:33:43] 정기권연동 쓰레드시작
[14:33:43] csInLpr1 접속성공
[14:33:43] csOutLpr1 접속성공
**************************************************************
[14:34:28] Program Start!
[14:34:28] [DB저장 모드]
[14:34:29] TfrmMain.btnModeClick: 유인운영
[14:34:29] 비로그인
[14:34:29] 설치된 입구보조 LPR이 없음!
[14:34:29] 설치된 출구보조 LPR이 없음!
[14:34:29] 설치된 입구전광판이 없음!
[14:34:29] 설치된 출구전광판이 없음!
[14:34:29] LPR재접속 쓰레드시작
[14:34:30] 전광판재접속 쓰레드시작
[14:34:30] 정기권연동 쓰레드시작
[14:34:30] csInLpr1 접속성공
[14:34:30] csOutLpr1 접속성공
**************************************************************
[14:34:49] Program Start!
[14:34:49] [DB저장 모드]
[14:34:50] TfrmMain.btnModeClick: 유인운영
[14:34:50] 비로그인
[14:34:50] 설치된 입구보조 LPR이 없음!
[14:34:50] 설치된 출구보조 LPR이 없음!
[14:34:50] 설치된 입구전광판이 없음!
[14:34:50] 설치된 출구전광판이 없음!
[14:34:50] LPR재접속 쓰레드시작
[14:34:50] 전광판재접속 쓰레드시작
[14:34:51] 정기권연동 쓰레드시작
[14:34:51] csInLpr1 접속성공
[14:34:51] csOutLpr1 접속성공
**************************************************************
[14:35:55] Program Start!
[14:35:55] [DB저장 모드]
[14:35:55] TfrmMain.btnModeClick: 유인운영
[14:35:56] 비로그인
[14:35:56] 설치된 입구보조 LPR이 없음!
[14:35:56] 설치된 출구보조 LPR이 없음!
[14:35:56] 설치된 입구전광판이 없음!
[14:35:56] 설치된 출구전광판이 없음!
[14:35:56] LPR재접속 쓰레드시작
[14:35:56] 전광판재접속 쓰레드시작
[14:35:56] 정기권연동 쓰레드시작
[14:35:57] csOutLpr1 접속성공
[14:35:57] csInLpr1 접속성공
[14:36:09] Program Close
**************************************************************
[14:36:25] Program Start!
[14:36:25] [DB저장 모드]
[14:36:25] TfrmMain.btnModeClick: 유인운영
[14:36:26] 비로그인
[14:36:26] 설치된 입구보조 LPR이 없음!
[14:36:26] 설치된 출구보조 LPR이 없음!
[14:36:26] 설치된 입구전광판이 없음!
[14:36:26] 설치된 출구전광판이 없음!
[14:36:26] LPR재접속 쓰레드시작
[14:36:26] 전광판재접속 쓰레드시작
[14:36:26] 정기권연동 쓰레드시작
[14:36:27] csInLpr1 접속성공
[14:36:27] csOutLpr1 접속성공
[14:36:55] Program Close
**************************************************************
[14:37:10] Program Start!
[14:37:10] [DB저장 모드]
[14:37:10] TfrmMain.btnModeClick: 유인운영
[14:37:11] 비로그인
[14:37:11] 설치된 입구보조 LPR이 없음!
[14:37:11] 설치된 출구보조 LPR이 없음!
[14:37:11] 설치된 입구전광판이 없음!
[14:37:11] 설치된 출구전광판이 없음!
[14:37:11] LPR재접속 쓰레드시작
[14:37:11] 전광판재접속 쓰레드시작
[14:37:11] 정기권연동 쓰레드시작
[14:37:12] csInLpr1 접속성공
[14:37:12] csOutLpr1 접속성공
**************************************************************
[14:37:53] Program Start!
[14:37:53] [DB저장 모드]
[14:37:53] TfrmMain.btnModeClick: 유인운영
[14:37:53] 비로그인
[14:37:53] 설치된 입구보조 LPR이 없음!
[14:37:53] 설치된 출구보조 LPR이 없음!
[14:37:53] 설치된 입구전광판이 없음!
[14:37:53] 설치된 출구전광판이 없음!
[14:37:54] LPR재접속 쓰레드시작
[14:37:54] 전광판재접속 쓰레드시작
[14:37:54] 정기권연동 쓰레드시작
[14:37:55] csInLpr1 접속성공
[14:37:55] csOutLpr1 접속성공
**************************************************************
[14:38:24] Program Start!
[14:38:24] [DB저장 모드]
[14:38:24] TfrmMain.btnModeClick: 유인운영
[14:38:25] 비로그인
[14:38:25] 설치된 입구보조 LPR이 없음!
[14:38:25] 설치된 출구보조 LPR이 없음!
[14:38:25] 설치된 입구전광판이 없음!
[14:38:25] 설치된 출구전광판이 없음!
[14:38:25] 정기권연동 쓰레드시작
[14:38:26] csInLpr1 접속성공
[14:38:26] csOutLpr1 접속성공
**************************************************************
[14:38:51] Program Start!
[14:38:51] [DB저장 모드]
[14:38:51] TfrmMain.btnModeClick: 유인운영
[14:38:52] 비로그인
[14:38:52] 설치된 입구보조 LPR이 없음!
[14:38:52] 설치된 출구보조 LPR이 없음!
[14:38:52] 설치된 입구전광판이 없음!
[14:38:52] 설치된 출구전광판이 없음!
[14:38:52] LPR재접속 쓰레드시작
[14:38:52] 전광판재접속 쓰레드시작
[14:38:52] 정기권연동 쓰레드시작
[14:38:53] csInLpr1 접속성공
[14:38:53] csOutLpr1 접속성공
**************************************************************
[14:39:24] Program Start!
[14:39:24] [DB저장 모드]
[14:39:24] TfrmMain.btnModeClick: 유인운영
[14:39:24] 비로그인
[14:39:24] 설치된 입구보조 LPR이 없음!
[14:39:24] 설치된 출구보조 LPR이 없음!
[14:39:24] 설치된 입구전광판이 없음!
[14:39:24] 설치된 출구전광판이 없음!
[14:39:25] LPR재접속 쓰레드시작
[14:39:25] 전광판재접속 쓰레드시작
[14:39:25] 정기권연동 쓰레드시작
[14:39:25] csInLpr1 접속성공
[14:39:25] csOutLpr1 접속성공
**************************************************************
[14:39:46] Program Start!
[14:39:46] [DB저장 모드]
[14:39:46] TfrmMain.btnModeClick: 유인운영
[14:39:47] 비로그인
[14:39:47] 설치된 입구보조 LPR이 없음!
[14:39:47] 설치된 출구보조 LPR이 없음!
[14:39:47] 설치된 입구전광판이 없음!
[14:39:47] 설치된 출구전광판이 없음!
[14:39:47] LPR재접속 쓰레드시작
[14:39:47] 전광판재접속 쓰레드시작
[14:39:47] 정기권연동 쓰레드시작
[14:39:48] csInLpr1 접속성공
[14:39:48] csOutLpr1 접속성공
**************************************************************
[14:57:44] Program Start!
[14:57:44] [DB저장 모드]
[14:57:45] TfrmMain.btnModeClick: 유인운영
[14:57:45] 비로그인
[14:57:45] 설치된 입구보조 LPR이 없음!
[14:57:45] 설치된 출구보조 LPR이 없음!
[14:57:45] 설치된 입구전광판이 없음!
[14:57:45] 설치된 출구전광판이 없음!
[14:57:46] LPR재접속 쓰레드시작
[14:57:46] 전광판재접속 쓰레드시작
[14:57:46] 정기권연동 쓰레드시작
[14:57:47] csInLpr1 접속성공
[14:57:47] csOutLpr1 접속성공
[14:57:52] LPR Check: 27도2466,http://10.22.31.1:9080/MSImage/2021/09/17/CH1_20210917145756_27도2466.jpg,1,,,0, 2021-09-17 14:57:56
[14:57:52] File: \\10.22.31.1\MSImage\2021\09\17\CH1_20210917145756_27도2466.jpg
[14:57:52] 정기차량시작: 27도2466, 
[14:57:52] 입구차단기 Open 10.22.31.1:3000
[14:57:52] 정기차량 입차 이미지 가져오기 시작
[14:57:52] 정기차량 입차 이미지 가져오기 끝
[14:57:52] 정기차량처리: 27도2466, 
[14:58:07] LPR Check: 27도2466,http://10.22.31.1:9080/MSImage/2021/09/17/CH1_20210917145810_27도2466.jpg,1,,,0, 2021-09-17 14:58:10
[14:58:07] File: \\10.22.31.1\MSImage\2021\09\17\CH1_20210917145810_27도2466.jpg
[14:58:07] 정기차량시작: 27도2466, 
[14:58:07] 출구차단기 Open 10.22.31.1:4000
[14:58:07] 27도2466 정기차량 주차시간: 300
[14:58:07] 27도2466 정기차량 초과된 주차시간(입차시간이 작음): 119
[14:58:07] 정기차량 출차 이미지 가져오기 시작
[14:58:07] 정기차량 출차 이미지 가져오기 끝
[14:58:07] 정기차량처리: 27도2466, 
[14:58:32] Program Close
**************************************************************
[15:00:53] Program Start!
[15:00:53] [DB저장 모드]
[15:00:53] TfrmMain.btnModeClick: 유인운영
[15:00:54] 비로그인
[15:00:54] 설치된 입구보조 LPR이 없음!
[15:00:54] 설치된 출구보조 LPR이 없음!
[15:00:54] 설치된 입구전광판이 없음!
[15:00:54] 설치된 출구전광판이 없음!
[15:00:54] LPR재접속 쓰레드시작
[15:00:54] 전광판재접속 쓰레드시작
[15:00:54] 정기권연동 쓰레드시작
[15:00:55] csInLpr1 접속성공
[15:00:55] csOutLpr1 접속성공
[15:01:17] LPR Check: 27도2466,http://10.22.31.1:9080/MSImage/2021/09/17/CH1_20210917150121_27도2466.jpg,1,,,0, 2021-09-17 15:01:21
[15:01:17] File: \\10.22.31.1\MSImage\2021\09\17\CH1_20210917150121_27도2466.jpg
[15:01:17] 정기차량시작: 27도2466, 
[15:01:17] 입구차단기 Open 10.22.31.1:3000
[15:01:17] 정기차량 입차 이미지 가져오기 시작
[15:01:17] 정기차량 입차 이미지 가져오기 끝
[15:01:17] 정기차량처리: 27도2466, 
[15:01:29] LPR Check: 27도2466,http://10.22.31.1:9080/MSImage/2021/09/17/CH1_20210917150133_27도2466.jpg,1,,,0, 2021-09-17 15:01:33
[15:01:29] File: \\10.22.31.1\MSImage\2021\09\17\CH1_20210917150133_27도2466.jpg
[15:01:29] 정기차량시작: 27도2466, 
[15:01:29] 출구차단기 Open 10.22.31.1:4000
[15:01:29] 27도2466 정기차량 주차시간: 359
[15:01:29] 27도2466 정기차량 초과된 주차시간(입차시간이 작음): 122
[15:01:29] 정기차량 출차 이미지 가져오기 시작
[15:01:29] 정기차량 출차 이미지 가져오기 끝
[15:01:29] 정기차량처리: 27도2466, 
[15:02:42] Program Close
**************************************************************
[15:04:26] Program Start!
[15:04:26] [DB저장 모드]
[15:04:27] TfrmMain.btnModeClick: 유인운영
[15:04:27] 비로그인
[15:04:27] 설치된 입구보조 LPR이 없음!
[15:04:27] 설치된 출구보조 LPR이 없음!
[15:04:27] 설치된 입구전광판이 없음!
[15:04:27] 설치된 출구전광판이 없음!
[15:04:28] LPR재접속 쓰레드시작
[15:04:28] 전광판재접속 쓰레드시작
[15:04:29] csInLpr1 접속성공
[15:04:29] csOutLpr1 접속성공
[15:04:51] LPR Check: 27도2466,http://10.22.31.1:9080/MSImage/2021/09/17/CH1_20210917150455_27도2466.jpg,1,,,0, 2021-09-17 15:04:55
[15:04:51] File: \\10.22.31.1\MSImage\2021\09\17\CH1_20210917150455_27도2466.jpg
[15:04:51] 정기차량시작: 27도2466, 
[15:04:52] 입구차단기 Open 10.22.31.1:3000
[15:04:52] 정기차량 입차 이미지 가져오기 시작
[15:04:52] 정기차량 입차 이미지 가져오기 끝
[15:04:52] 정기차량처리: 27도2466, 
[15:05:03] LPR Check: 27도2466,http://10.22.31.1:9080/MSImage/2021/09/17/CH1_20210917150507_27도2466.jpg,1,,,0, 2021-09-17 15:05:07
[15:05:03] File: \\10.22.31.1\MSImage\2021\09\17\CH1_20210917150507_27도2466.jpg
[15:05:03] 정기차량시작: 27도2466, 
[15:05:03] 출구차단기 Open 10.22.31.1:4000
[15:05:03] 27도2466 정기차량 주차시간: 420
[15:05:03] 27도2466 정기차량 초과된 주차시간(입차시간이 작음): 126
[15:05:03] 정기차량 출차 이미지 가져오기 시작
[15:05:03] 정기차량 출차 이미지 가져오기 끝
[15:05:03] 정기차량처리: 27도2466, 
[15:05:16] Program Close
