**************************************************************
[08:28:23] Program Start!
[08:28:23] 홈넷예외LPR:
[08:28:23] [모니터링 모드]
[08:28:23] TfrmMain.btnModeClick: 유인운영
[08:28:23] 비로그인
[08:28:24] LPR재접속 쓰레드시작
[08:28:24] [subcsInLpr1] 10.22.30.20:2200 접속성공
[08:28:24] [subcsOutLpr1] 10.22.30.20:3200 접속성공
[08:28:24] CVNet단지서버 Connect
[08:28:24] csOutLpr1 접속성공
**************************************************************
[08:30:37] Program Start!
[08:30:37] 홈넷예외LPR:
[08:30:37] [모니터링 모드]
[08:30:37] TfrmMain.btnModeClick: 유인운영
[08:30:37] 비로그인
[08:30:38] LPR재접속 쓰레드시작
[08:30:38] csInLpr1 접속성공
[08:30:38] CVNet단지서버 Connect
[08:30:38] [subcsInLpr1] 10.22.30.20:2200 접속성공
[08:30:38] [subcsOutLpr1] 10.22.30.20:3200 접속성공
[08:30:38] csOutLpr1 접속성공
**************************************************************
[08:35:09] Program Start!
[08:35:09] 홈넷예외LPR:
[08:35:09] [모니터링 모드]
[08:35:09] TfrmMain.btnModeClick: 유인운영
[08:35:10] 비로그인
[08:35:10] LPR재접속 쓰레드시작
[08:35:11] csInLpr1 접속성공
[08:35:11] [subcsInLpr1] 10.22.30.20:2200 접속성공
[08:35:11] CVNet단지서버 Connect
[08:35:11] csOutLpr1 접속성공
[08:35:11] [subcsOutLpr1] 10.22.30.20:3200 접속성공
**************************************************************
[08:36:27] Program Start!
[08:36:27] 홈넷예외LPR:
[08:36:27] [모니터링 모드]
[08:36:27] TfrmMain.btnModeClick: 유인운영
[08:36:28] 비로그인
[08:36:28] LPR재접속 쓰레드시작
[08:36:29] csInLpr1 접속성공
[08:36:29] [subcsOutLpr1] 10.22.30.20:3200 접속성공
[08:36:29] CVNet단지서버 Connect
[08:36:29] csOutLpr1 접속성공
[08:36:29] [subcsInLpr1] 10.22.30.20:2200 접속성공
**************************************************************
[08:36:56] Program Start!
[08:36:56] 홈넷예외LPR:
[08:36:56] [모니터링 모드]
[08:36:56] TfrmMain.btnModeClick: 유인운영
[08:36:57] 비로그인
[08:36:57] LPR재접속 쓰레드시작
[08:36:57] csInLpr1 접속성공
[08:36:57] CVNet단지서버 Connect
[08:36:57] [subcsInLpr1] 10.22.30.20:2200 접속성공
[08:36:57] [subcsOutLpr1] 10.22.30.20:3200 접속성공
[08:36:57] csOutLpr1 접속성공
**************************************************************
[08:38:07] Program Start!
[08:38:07] 홈넷예외LPR:
[08:38:07] [모니터링 모드]
[08:38:07] TfrmMain.btnModeClick: 유인운영
[08:38:07] 비로그인
[08:38:08] LPR재접속 쓰레드시작
[08:38:08] csInLpr1 접속성공
[08:38:08] CVNet단지서버 Connect
[08:38:08] [subcsInLpr1] 10.22.30.20:2200 접속성공
[08:38:08] csOutLpr1 접속성공
[08:38:08] [subcsOutLpr1] 10.22.30.20:3200 접속성공
[08:38:42] Program Close
**************************************************************
[08:43:10] Program Start!
[08:43:10] 홈넷예외LPR:
[08:43:10] [모니터링 모드]
[08:43:11] TfrmMain.btnModeClick: 유인운영
[08:43:11] 비로그인
[08:43:11] LPR재접속 쓰레드시작
[08:43:12] csInLpr1 접속성공
[08:43:12] [subcsInLpr1] 10.22.30.20:2200 접속성공
[08:43:12] [subcsOutLpr1] 10.22.30.20:3200 접속성공
[08:43:12] CVNet단지서버 Connect
[08:43:12] csOutLpr1 접속성공
**************************************************************
[08:44:15] Program Start!
[08:44:15] 홈넷예외LPR:
[08:44:15] [모니터링 모드]
[08:44:15] TfrmMain.btnModeClick: 유인운영
[08:44:15] 비로그인
[08:44:15] LPR재접속 쓰레드시작
[08:44:16] csInLpr1 접속성공
[08:44:16] [subcsInLpr1] 10.22.30.20:2200 접속성공
[08:44:16] [subcsOutLpr1] 10.22.30.20:3200 접속성공
[08:44:16] CVNet단지서버 Connect
[08:44:16] csOutLpr1 접속성공
**************************************************************
[08:48:47] Program Start!
[08:48:47] 홈넷예외LPR:
[08:48:47] [모니터링 모드]
[08:48:47] TfrmMain.btnModeClick: 유인운영
[08:48:48] 비로그인
[08:48:48] LPR재접속 쓰레드시작
[08:48:48] csInLpr1 접속성공
[08:48:48] [subcsInLpr1] 10.22.30.20:2200 접속성공
[08:48:48] [subcsOutLpr1] 10.22.30.20:3200 접속성공
[08:48:48] CVNet단지서버 Connect
[08:48:48] csOutLpr1 접속성공
**************************************************************
[08:50:23] Program Start!
[08:50:23] 홈넷예외LPR:
[08:50:23] [모니터링 모드]
[08:50:23] TfrmMain.btnModeClick: 유인운영
[08:50:23] 비로그인
[08:50:23] LPR재접속 쓰레드시작
[08:50:24] csInLpr1 접속성공
[08:50:24] [subcsInLpr1] 10.22.30.20:2200 접속성공
[08:50:24] [subcsOutLpr1] 10.22.30.20:3200 접속성공
[08:50:24] CVNet단지서버 Connect
[08:50:24] csOutLpr1 접속성공
**************************************************************
[08:53:45] Program Start!
[08:53:45] 홈넷예외LPR:
[08:53:45] [모니터링 모드]
[08:53:45] TfrmMain.btnModeClick: 유인운영
[08:53:45] 비로그인
[08:53:45] LPR재접속 쓰레드시작
[08:53:46] csInLpr1 접속성공
[08:53:46] [subcsOutLpr1] 10.22.30.20:3200 접속성공
[08:53:46] CVNet단지서버 Connect
[08:53:46] [subcsInLpr1] 10.22.30.20:2200 접속성공
[08:53:46] csOutLpr1 접속성공
**************************************************************
[08:58:35] Program Start!
[08:58:35] 홈넷예외LPR:
[08:58:35] [모니터링 모드]
[08:58:35] TfrmMain.btnModeClick: 유인운영
[08:58:36] 비로그인
[08:58:36] LPR재접속 쓰레드시작
[08:58:37] csInLpr1 접속성공
[08:58:37] [subcsInLpr1] 10.22.30.20:2200 접속성공
[08:58:37] CVNet단지서버 Connect
[08:58:37] [subcsOutLpr1] 10.22.30.20:3200 접속성공
[08:58:37] csOutLpr1 접속성공
**************************************************************
[09:00:09] Program Start!
[09:00:09] 홈넷예외LPR:
[09:00:09] [모니터링 모드]
[09:00:09] TfrmMain.btnModeClick: 유인운영
[09:00:09] 비로그인
[09:00:09] LPR재접속 쓰레드시작
[09:00:10] csInLpr1 접속성공
[09:00:10] [subcsOutLpr1] 10.22.30.20:3200 접속성공
[09:00:10] [subcsInLpr1] 10.22.30.20:2200 접속성공
[09:00:10] CVNet단지서버 Connect
[09:00:10] csOutLpr1 접속성공
**************************************************************
[09:30:40] Program Start!
[09:30:40] 홈넷예외LPR:
[09:30:40] [모니터링 모드]
[09:30:40] TfrmMain.btnModeClick: 유인운영
[09:30:41] 비로그인
[09:30:41] LPR재접속 쓰레드시작
[09:30:42] csInLpr1 접속성공
[09:30:42] [subcsInLpr1] 10.22.30.20:2200 접속성공
[09:30:42] CVNet단지서버 Connect
[09:30:42] [subcsOutLpr1] 10.22.30.20:3200 접속성공
[09:30:42] csOutLpr1 접속성공
**************************************************************
[09:33:39] Program Start!
[09:33:39] 홈넷예외LPR:
[09:33:39] [모니터링 모드]
[09:33:39] TfrmMain.btnModeClick: 유인운영
[09:33:39] 비로그인
[09:33:39] LPR재접속 쓰레드시작
[09:33:40] csInLpr1 접속성공
[09:33:40] [subcsInLpr1] 10.22.30.20:2200 접속성공
[09:33:40] CVNet단지서버 Connect
[09:33:40] csOutLpr1 접속성공
[09:33:40] [subcsOutLpr1] 10.22.30.20:3200 접속성공
**************************************************************
[09:35:15] Program Start!
[09:35:15] 홈넷예외LPR:
[09:35:15] [모니터링 모드]
[09:35:15] TfrmMain.btnModeClick: 유인운영
[09:35:15] 비로그인
[09:35:15] LPR재접속 쓰레드시작
[09:35:16] csInLpr1 접속성공
[09:35:16] [subcsInLpr1] 10.22.30.20:2200 접속성공
[09:35:16] [subcsOutLpr1] 10.22.30.20:3200 접속성공
[09:35:16] csOutLpr1 접속성공
[09:35:16] CVNet단지서버 Connect
**************************************************************
[09:36:10] Program Start!
[09:36:10] 홈넷예외LPR:
[09:36:10] [모니터링 모드]
[09:36:10] TfrmMain.btnModeClick: 유인운영
[09:36:11] 비로그인
[09:36:11] LPR재접속 쓰레드시작
[09:36:11] csInLpr1 접속성공
[09:36:11] [subcsInLpr1] 10.22.30.20:2200 접속성공
[09:36:11] CVNet단지서버 Connect
[09:36:11] [subcsOutLpr1] 10.22.30.20:3200 접속성공
[09:36:11] csOutLpr1 접속성공
**************************************************************
[09:38:22] Program Start!
[09:38:22] 홈넷예외LPR:
[09:38:22] [모니터링 모드]
[09:38:22] TfrmMain.btnModeClick: 유인운영
[09:38:22] 비로그인
[09:38:22] LPR재접속 쓰레드시작
[09:38:23] csInLpr1 접속성공
[09:38:23] [subcsOutLpr1] 10.22.30.20:3200 접속성공
[09:38:23] [subcsInLpr1] 10.22.30.20:2200 접속성공
[09:38:23] CVNet단지서버 Connect
[09:38:23] csOutLpr1 접속성공
[09:38:26] Program Close
**************************************************************
[09:39:03] Program Start!
[09:39:03] 홈넷예외LPR:
[09:39:03] [모니터링 모드]
[09:39:03] TfrmMain.btnModeClick: 유인운영
[09:39:04] 비로그인
[09:39:04] LPR재접속 쓰레드시작
[09:39:04] csInLpr1 접속성공
[09:39:04] [subcsInLpr1] 10.22.30.20:2200 접속성공
[09:39:04] CVNet단지서버 Connect
[09:39:04] csOutLpr1 접속성공
[09:39:04] [subcsOutLpr1] 10.22.30.20:3200 접속성공
**************************************************************
[09:40:12] Program Start!
[09:40:12] 홈넷예외LPR:
[09:40:12] [모니터링 모드]
[09:40:12] TfrmMain.btnModeClick: 유인운영
[09:40:12] 비로그인
[09:40:12] LPR재접속 쓰레드시작
[09:40:13] csInLpr1 접속성공
[09:40:13] [subcsInLpr1] 10.22.30.20:2200 접속성공
[09:40:13] CVNet단지서버 Connect
[09:40:13] [subcsOutLpr1] 10.22.30.20:3200 접속성공
[09:40:13] csOutLpr1 접속성공
**************************************************************
[09:41:43] Program Start!
[09:41:43] 홈넷예외LPR:
[09:41:43] [모니터링 모드]
[09:41:43] TfrmMain.btnModeClick: 유인운영
[09:41:44] 비로그인
[09:41:44] LPR재접속 쓰레드시작
[09:41:44] csInLpr1 접속성공
[09:41:44] [subcsInLpr1] 10.22.30.20:2200 접속성공
[09:41:44] [subcsOutLpr1] 10.22.30.20:3200 접속성공
[09:41:44] CVNet단지서버 Connect
[09:41:44] csOutLpr1 접속성공
**************************************************************
[09:43:33] Program Start!
[09:43:33] 홈넷예외LPR:
[09:43:33] [모니터링 모드]
[09:43:33] TfrmMain.btnModeClick: 유인운영
[09:43:33] 비로그인
[09:43:34] LPR재접속 쓰레드시작
[09:43:34] csInLpr1 접속성공
[09:43:34] [subcsInLpr1] 10.22.30.20:2200 접속성공
[09:43:34] CVNet단지서버 Connect
[09:43:34] [subcsOutLpr1] 10.22.30.20:3200 접속성공
[09:43:34] csOutLpr1 접속성공
**************************************************************
[09:43:55] Program Start!
[09:43:55] 홈넷예외LPR:
[09:43:55] [모니터링 모드]
[09:43:55] TfrmMain.btnModeClick: 유인운영
[09:43:56] 비로그인
[09:43:56] LPR재접속 쓰레드시작
[09:43:57] csInLpr1 접속성공
[09:43:57] [subcsInLpr1] 10.22.30.20:2200 접속성공
[09:43:57] CVNet단지서버 Connect
[09:43:57] [subcsOutLpr1] 10.22.30.20:3200 접속성공
[09:43:57] csOutLpr1 접속성공
**************************************************************
[09:45:17] Program Start!
[09:45:17] 홈넷예외LPR:
[09:45:17] [모니터링 모드]
[09:45:17] TfrmMain.btnModeClick: 유인운영
[09:45:18] 비로그인
[09:45:18] LPR재접속 쓰레드시작
[09:45:18] csInLpr1 접속성공
[09:45:18] [subcsInLpr1] 10.22.30.20:2200 접속성공
[09:45:18] CVNet단지서버 Connect
[09:45:18] csOutLpr1 접속성공
[09:45:18] [subcsOutLpr1] 10.22.30.20:3200 접속성공
**************************************************************
[09:48:17] Program Start!
[09:48:17] 홈넷예외LPR:
[09:48:17] [모니터링 모드]
[09:48:17] TfrmMain.btnModeClick: 유인운영
[09:48:18] 비로그인
[09:48:18] LPR재접속 쓰레드시작
[09:48:18] csInLpr1 접속성공
[09:48:18] [subcsInLpr1] 10.22.30.20:2200 접속성공
[09:48:18] [subcsOutLpr1] 10.22.30.20:3200 접속성공
[09:48:19] CVNet단지서버 Connect
[09:48:19] csOutLpr1 접속성공
**************************************************************
[09:49:47] Program Start!
[09:49:47] 홈넷예외LPR:
[09:49:47] [모니터링 모드]
[09:49:47] TfrmMain.btnModeClick: 유인운영
[09:49:48] 비로그인
[09:49:48] LPR재접속 쓰레드시작
[09:49:48] csInLpr1 접속성공
[09:49:48] [subcsOutLpr1] 10.22.30.20:3200 접속성공
[09:49:48] [subcsInLpr1] 10.22.30.20:2200 접속성공
[09:49:48] csOutLpr1 접속성공
[09:49:48] CVNet단지서버 Connect
**************************************************************
[09:55:25] Program Start!
[09:55:25] 홈넷예외LPR:
[09:55:25] [모니터링 모드]
[09:55:25] TfrmMain.btnModeClick: 유인운영
[09:55:26] 비로그인
[09:55:26] LPR재접속 쓰레드시작
[09:55:26] csInLpr1 접속성공
[09:55:26] [subcsInLpr1] 10.22.30.20:2200 접속성공
[09:55:26] CVNet단지서버 Connect
[09:55:26] csOutLpr1 접속성공
[09:55:26] [subcsOutLpr1] 10.22.30.20:3200 접속성공
**************************************************************
[09:56:32] Program Start!
[09:56:32] 홈넷예외LPR:
[09:56:32] [모니터링 모드]
[09:56:32] TfrmMain.btnModeClick: 유인운영
[09:56:33] 비로그인
[09:56:33] LPR재접속 쓰레드시작
[09:56:34] csInLpr1 접속성공
[09:56:34] [subcsOutLpr1] 10.22.30.20:3200 접속성공
[09:56:34] CVNet단지서버 Connect
[09:56:34] [subcsInLpr1] 10.22.30.20:2200 접속성공
[09:56:34] csOutLpr1 접속성공
**************************************************************
[10:01:26] Program Start!
[10:01:27] 홈넷예외LPR:
[10:01:27] [모니터링 모드]
[10:01:27] TfrmMain.btnModeClick: 유인운영
[10:01:27] 비로그인
[10:01:27] LPR재접속 쓰레드시작
[10:01:28] csInLpr1 접속성공
[10:01:28] [subcsOutLpr1] 10.22.30.20:3200 접속성공
[10:01:28] CVNet단지서버 Connect
[10:01:28] [subcsInLpr1] 10.22.30.20:2200 접속성공
[10:01:28] csOutLpr1 접속성공
**************************************************************
[10:02:44] Program Start!
[10:02:44] 홈넷예외LPR:
[10:02:44] [모니터링 모드]
[10:02:44] TfrmMain.btnModeClick: 유인운영
[10:02:45] 비로그인
[10:02:45] LPR재접속 쓰레드시작
[10:02:46] [subcsInLpr1] 10.22.30.20:2200 접속성공
[10:02:46] [subcsOutLpr1] 10.22.30.20:3200 접속성공
[10:02:46] CVNet단지서버 Connect
[10:02:46] csInLpr1 접속성공
[10:02:46] csOutLpr1 접속성공
**************************************************************
[10:04:10] Program Start!
[10:04:10] 홈넷예외LPR:
[10:04:10] [모니터링 모드]
[10:04:10] TfrmMain.btnModeClick: 유인운영
[10:04:10] 비로그인
[10:04:10] LPR재접속 쓰레드시작
[10:04:11] csInLpr1 접속성공
[10:04:11] CVNet단지서버 Connect
[10:04:11] [subcsOutLpr1] 10.22.30.20:3200 접속성공
[10:04:11] [subcsInLpr1] 10.22.30.20:2200 접속성공
[10:04:11] csOutLpr1 접속성공
**************************************************************
[10:07:07] Program Start!
[10:07:07] 홈넷예외LPR:
[10:07:07] [모니터링 모드]
[10:07:07] TfrmMain.btnModeClick: 유인운영
[10:07:07] 비로그인
[10:07:08] LPR재접속 쓰레드시작
[10:07:08] csInLpr1 접속성공
[10:07:08] [subcsOutLpr1] 10.22.30.20:3200 접속성공
[10:07:08] CVNet단지서버 Connect
[10:07:08] [subcsInLpr1] 10.22.30.20:2200 접속성공
[10:07:08] csOutLpr1 접속성공
**************************************************************
[10:37:32] Program Start!
[10:37:32] 홈넷예외LPR:
[10:37:32] [모니터링 모드]
[10:37:32] TfrmMain.btnModeClick: 유인운영
[10:37:32] 비로그인
[10:37:33] LPR재접속 쓰레드시작
[10:37:33] csInLpr1 접속성공
[10:37:33] [subcsInLpr1] 10.22.30.20:2200 접속성공
[10:37:33] csOutLpr1 접속성공
[10:37:33] [subcsOutLpr1] 10.22.30.20:3200 접속성공
[10:37:33] CVNet단지서버 Connect
**************************************************************
[10:38:24] Program Start!
[10:38:24] 홈넷예외LPR:
[10:38:24] [모니터링 모드]
[10:38:24] TfrmMain.btnModeClick: 유인운영
[10:38:24] 비로그인
[10:38:25] LPR재접속 쓰레드시작
[10:38:25] csInLpr1 접속성공
[10:38:25] csOutLpr1 접속성공
[10:38:25] [subcsOutLpr1] 10.22.30.20:3200 접속성공
[10:38:25] CVNet단지서버 Connect
[10:38:25] [subcsInLpr1] 10.22.30.20:2200 접속성공
**************************************************************
[10:39:41] Program Start!
[10:39:41] 홈넷예외LPR:
[10:39:42] [모니터링 모드]
[10:39:42] TfrmMain.btnModeClick: 유인운영
[10:39:42] 비로그인
[10:39:42] LPR재접속 쓰레드시작
[10:39:43] [subcsInLpr1] 10.22.30.20:2200 접속성공
[10:39:43] [subcsOutLpr1] 10.22.30.20:3200 접속성공
[10:39:43] CVNet단지서버 Connect
[10:39:43] csInLpr1 접속성공
[10:39:43] csOutLpr1 접속성공
**************************************************************
[10:42:42] Program Start!
[10:42:42] 홈넷예외LPR:
[10:42:42] [모니터링 모드]
[10:42:42] TfrmMain.btnModeClick: 유인운영
[10:42:42] 비로그인
[10:42:43] LPR재접속 쓰레드시작
[10:42:43] csInLpr1 접속성공
[10:42:43] [subcsOutLpr1] 10.22.30.20:3200 접속성공
[10:42:43] [subcsInLpr1] 10.22.30.20:2200 접속성공
[10:42:43] CVNet단지서버 Connect
[10:42:43] csOutLpr1 접속성공
**************************************************************
[10:43:22] Program Start!
[10:43:22] 홈넷예외LPR:
[10:43:22] [모니터링 모드]
[10:43:22] TfrmMain.btnModeClick: 유인운영
[10:43:23] 비로그인
[10:43:23] LPR재접속 쓰레드시작
[10:43:24] [subcsInLpr1] 10.22.30.20:2200 접속성공
[10:43:24] CVNet단지서버 Connect
[10:43:24] csInLpr1 접속성공
[10:43:24] csOutLpr1 접속성공
[10:43:24] [subcsOutLpr1] 10.22.30.20:3200 접속성공
**************************************************************
[10:44:53] Program Start!
[10:44:53] 홈넷예외LPR:
[10:44:53] [모니터링 모드]
[10:44:53] TfrmMain.btnModeClick: 유인운영
[10:44:53] 비로그인
[10:44:53] LPR재접속 쓰레드시작
[10:44:54] csInLpr1 접속성공
[10:44:54] [subcsInLpr1] 10.22.30.20:2200 접속성공
[10:44:54] [subcsOutLpr1] 10.22.30.20:3200 접속성공
[10:44:54] CVNet단지서버 Connect
[10:44:54] csOutLpr1 접속성공
**************************************************************
[10:47:46] Program Start!
[10:47:46] 홈넷예외LPR:
[10:47:46] [모니터링 모드]
[10:47:46] TfrmMain.btnModeClick: 유인운영
[10:47:47] 비로그인
[10:47:47] LPR재접속 쓰레드시작
[10:47:48] csInLpr1 접속성공
[10:47:48] [subcsInLpr1] 10.22.30.20:2200 접속성공
[10:47:48] [subcsOutLpr1] 10.22.30.20:3200 접속성공
[10:47:48] CVNet단지서버 Connect
[10:47:48] csOutLpr1 접속성공
**************************************************************
[10:48:30] Program Start!
[10:48:30] 홈넷예외LPR:
[10:48:31] [모니터링 모드]
[10:48:31] TfrmMain.btnModeClick: 유인운영
[10:48:31] 비로그인
[10:48:31] LPR재접속 쓰레드시작
[10:48:32] csInLpr1 접속성공
[10:48:32] [subcsInLpr1] 10.22.30.20:2200 접속성공
[10:48:32] [subcsOutLpr1] 10.22.30.20:3200 접속성공
[10:48:32] CVNet단지서버 Connect
[10:48:32] csOutLpr1 접속성공
**************************************************************
[10:49:32] Program Start!
[10:49:32] 홈넷예외LPR:
[10:49:32] [모니터링 모드]
[10:49:32] TfrmMain.btnModeClick: 유인운영
[10:49:33] 비로그인
[10:49:33] LPR재접속 쓰레드시작
[10:49:33] csInLpr1 접속성공
[10:49:33] [subcsInLpr1] 10.22.30.20:2200 접속성공
[10:49:34] CVNet단지서버 Connect
[10:49:34] csOutLpr1 접속성공
[10:49:34] [subcsOutLpr1] 10.22.30.20:3200 접속성공
**************************************************************
[12:43:12] Program Start!
[12:43:12] 홈넷예외LPR:
[12:43:12] [모니터링 모드]
[12:43:12] TfrmMain.btnModeClick: 유인운영
[12:43:13] 비로그인
[12:43:13] LPR재접속 쓰레드시작
[12:43:13] csInLpr1 접속성공
[12:43:13] [subcsInLpr1] 10.22.30.20:2200 접속성공
[12:43:13] CVNet단지서버 Connect
[12:43:13] [subcsOutLpr1] 10.22.30.20:3200 접속성공
[12:43:13] csOutLpr1 접속성공
**************************************************************
[12:43:26] Program Start!
[12:43:26] 홈넷예외LPR:
[12:43:26] [모니터링 모드]
[12:43:26] TfrmMain.btnModeClick: 유인운영
[12:43:27] 비로그인
[12:43:27] LPR재접속 쓰레드시작
[12:43:27] csInLpr1 접속성공
[12:43:27] [subcsInLpr1] 10.22.30.20:2200 접속성공
[12:43:27] [subcsOutLpr1] 10.22.30.20:3200 접속성공
[12:43:27] csOutLpr1 접속성공
[12:43:27] CVNet단지서버 Connect
**************************************************************
[12:46:28] Program Start!
[12:46:28] 홈넷예외LPR:
[12:46:28] [모니터링 모드]
[12:46:29] TfrmMain.btnModeClick: 유인운영
[12:46:29] 비로그인
[12:46:29] LPR재접속 쓰레드시작
[12:46:29] CVNet단지서버 Connect
[12:46:29] csInLpr1 접속성공
[12:46:29] [subcsOutLpr1] 10.22.30.20:3200 접속성공
[12:46:29] [subcsInLpr1] 10.22.30.20:2200 접속성공
[12:46:29] csOutLpr1 접속성공
**************************************************************
[12:47:54] Program Start!
[12:47:54] 홈넷예외LPR:
[12:47:54] [모니터링 모드]
[12:47:54] TfrmMain.btnModeClick: 유인운영
[12:47:54] 비로그인
[12:47:55] LPR재접속 쓰레드시작
[12:47:55] csInLpr1 접속성공
[12:47:55] CVNet단지서버 Connect
[12:47:55] [subcsOutLpr1] 10.22.30.20:3200 접속성공
[12:47:55] [subcsInLpr1] 10.22.30.20:2200 접속성공
[12:47:55] csOutLpr1 접속성공
**************************************************************
[12:48:31] Program Start!
[12:48:31] 홈넷예외LPR:
[12:48:31] [모니터링 모드]
[12:48:31] TfrmMain.btnModeClick: 유인운영
[12:48:32] 비로그인
[12:48:32] LPR재접속 쓰레드시작
[12:48:32] csInLpr1 접속성공
[12:48:32] [subcsInLpr1] 10.22.30.20:2200 접속성공
[12:48:32] CVNet단지서버 Connect
[12:48:32] [subcsOutLpr1] 10.22.30.20:3200 접속성공
[12:48:32] csOutLpr1 접속성공
**************************************************************
[13:00:11] Program Start!
[13:00:11] 홈넷예외LPR:
[13:00:11] [모니터링 모드]
[13:00:11] TfrmMain.btnModeClick: 유인운영
[13:00:11] 비로그인
[13:00:11] LPR재접속 쓰레드시작
[13:00:12] [subcsInLpr1] 10.22.30.20:2200 접속성공
[13:00:12] csInLpr1 접속성공
[13:00:12] [subcsOutLpr1] 10.22.30.20:3200 접속성공
[13:00:12] CVNet단지서버 Connect
[13:00:12] csOutLpr1 접속성공
**************************************************************
[14:11:58] Program Start!
[14:11:58] 홈넷예외LPR:
[14:11:58] [모니터링 모드]
[14:11:59] TfrmMain.btnModeClick: 유인운영
[14:11:59] 비로그인
[14:11:59] LPR재접속 쓰레드시작
[14:12:00] csInLpr1 접속성공
[14:12:00] [subcsInLpr1] 10.22.30.20:2200 접속성공
[14:12:00] [subcsOutLpr1] 10.22.30.20:3200 접속성공
[14:12:00] CVNet단지서버 Connect
[14:12:00] csOutLpr1 접속성공
[14:12:11] 방문차량 타입 32
**************************************************************
[14:12:55] Program Start!
[14:12:55] 홈넷예외LPR:
[14:12:55] [모니터링 모드]
[14:12:55] TfrmMain.btnModeClick: 유인운영
[14:12:55] 비로그인
[14:12:56] LPR재접속 쓰레드시작
[14:12:56] csInLpr1 접속성공
[14:12:56] [subcsInLpr1] 10.22.30.20:2200 접속성공
[14:12:56] csOutLpr1 접속성공
[14:12:56] [subcsOutLpr1] 10.22.30.20:3200 접속성공
[14:12:56] CVNet단지서버 Connect
[14:13:05] 방문차량 타입 0
[14:14:28] 방문차량 타입 0
**************************************************************
[14:15:26] Program Start!
[14:15:26] 홈넷예외LPR:
[14:15:26] [모니터링 모드]
[14:15:26] TfrmMain.btnModeClick: 유인운영
[14:15:26] 비로그인
[14:15:26] LPR재접속 쓰레드시작
[14:15:26] csInLpr1 접속성공
[14:15:26] CVNet단지서버 Connect
[14:15:26] [subcsOutLpr1] 10.22.30.20:3200 접속성공
[14:15:26] [subcsInLpr1] 10.22.30.20:2200 접속성공
[14:15:26] csOutLpr1 접속성공
[14:15:32] 방문차량 타입 0
[14:15:47] Program Close
**************************************************************
[14:15:51] Program Start!
[14:15:51] 홈넷예외LPR:
[14:15:51] [모니터링 모드]
[14:15:51] TfrmMain.btnModeClick: 유인운영
[14:15:52] 비로그인
[14:15:52] LPR재접속 쓰레드시작
[14:15:53] [subcsOutLpr1] 10.22.30.20:3200 접속성공
[14:15:53] CVNet단지서버 Connect
[14:15:53] csInLpr1 접속성공
[14:15:53] [subcsInLpr1] 10.22.30.20:2200 접속성공
[14:15:53] csOutLpr1 접속성공
[14:16:04] 방문차량 타입 0
