[15:55:40] 단지서버(홈넷) Ping 정상! (단지서버 IP-127.0.0.1)
[15:55:40] 단지서버(홈넷) Ping 정상! (단지서버 IP-127.0.0.1)
[15:55:40] 127.0.0.1:42140 연결
[15:56:36] 홈넷전송 LPR: 22
[15:56:36] {"command":"alert_incar","data":[{"dong":"811","ho":"101","car_number":"18우2876","date_time":"20200902155636"}]}
[15:56:36] 서버수신:{"command":"alert_incar","data":[{"dong":"811","ho":"101","car_number":"18우2876","date_time":"20200902155636"}]}
[15:56:40] 홈넷전송 LPR: 22
[15:56:40] {"command":"alert_incar","data":[{"dong":"811","ho":"101","car_number":"18우2876","date_time":"20200902155640"}]}
[15:56:40] 서버수신:{"command":"alert_incar","data":[{"dong":"811","ho":"101","car_number":"18우2876","date_time":"20200902155640"}]}
[15:56:48] 서버수신:{"command":"status_ack","data":[{"code":" ","message":" "}]}
[15:56:50] 서버수신:{"command":"status_ack","data":[{"code":" ","message":" "}]}
[15:56:52] 서버수신:{"command":"status_ack","data":[{"code":" ","message":" "}]}
[15:56:58] 10061 에러!
[15:57:02] 10061 에러!
[15:57:02] 10061 에러!
[15:57:08] 10061 에러!
[15:57:12] 10061 에러!
[15:57:12] 10061 에러!
[15:57:18] 10061 에러!
[15:57:22] 10061 에러!
[15:57:22] 10061 에러!
[15:57:28] 10061 에러!
[15:57:32] 10061 에러!
[15:57:32] 10061 에러!
[15:57:36] 127.0.0.1:42140 연결
[15:57:41] 홈넷전송 LPR: 22
[15:57:41] {"command":"alert_incar","data":[{"dong":"811","ho":"101","car_number":"18우2876","date_time":"20200902155741"}]}
[15:57:41] 서버수신:{"command":"alert_incar","data":[{"dong":"811","ho":"101","car_number":"18우2876","date_time":"20200902155741"}]}
[15:57:48] 홈넷전송 LPR: 22
[15:57:48] {"command":"alert_incar","data":[{"dong":"811","ho":"101","car_number":"18우2876","date_time":"20200902155748"}]}
[15:57:48] 서버수신:{"command":"alert_incar","data":[{"dong":"811","ho":"101","car_number":"18우2876","date_time":"20200902155748"}]}
[15:57:56] 서버수신:{"command":"status_ack","data":[{"code":" ","message":" "}]}
[15:57:59] 서버수신:{"command":"status_ack","data":[{"code":" ","message":" "}]}
[15:58:50] 10061 에러!
[15:58:52] 10061 에러!
[15:58:52] 10061 에러!
[15:58:53] 10061 에러!
[15:59:15] 10061 에러!
[15:59:17] 10061 에러!
[16:00:05] 단지서버(홈넷) Ping 정상! (단지서버 IP-127.0.0.1)
[16:00:05] 단지서버(홈넷) Ping 정상! (단지서버 IP-127.0.0.1)
[16:00:06] 127.0.0.1:42140 연결
[16:00:10] 홈넷전송 LPR: 22
[16:00:10] {"command":"alert_incar","data":[{"dong":"811","ho":"101","car_number":"18우2876","date_time":"20200902160010"}]}
[16:00:10] 서버수신:{"command":"alert_incar","data":[{"dong":"811","ho":"101","car_number":"18우2876","date_time":"20200902160010"}]}
[16:00:22] 10061 에러!
[16:00:27] 10061 에러!
[16:00:32] 10061 에러!
[16:00:37] 10061 에러!
[16:00:42] 10061 에러!
[16:00:47] 10061 에러!
[16:00:52] 10061 에러!
[16:00:57] 10061 에러!
[16:01:02] 10061 에러!
[16:01:07] 10061 에러!
[16:01:12] 10061 에러!
[16:01:15] 127.0.0.1:42140 연결
[16:01:18] 홈넷전송 LPR: 22
[16:01:18] {"command":"alert_incar","data":[{"dong":"811","ho":"101","car_number":"18우2876","date_time":"20200902160118"}]}
[16:01:18] 서버수신:{"command":"alert_incar","data":[{"dong":"811","ho":"101","car_number":"18우2876","date_time":"20200902160118"}]}
[16:01:20] 홈넷전송 LPR: 22
[16:01:20] {"command":"alert_incar","data":[{"dong":"811","ho":"101","car_number":"18우2876","date_time":"20200902160120"}]}
[16:01:20] 서버수신:{"command":"alert_incar","data":[{"dong":"811","ho":"101","car_number":"18우2876","date_time":"20200902160120"}]}
