**************************************************************
[14:31:08] Program Start!
[14:31:08] 홈넷예외LPR:
[14:31:08] [DB저장 모드]
[14:31:08] TfrmMain.btnModeClick: 유인운영
[14:31:08] 비로그인
[14:31:08] 설치된 입구보조 LPR이 없음!
[14:31:08] 설치된 출구보조 LPR이 없음!
[14:31:08] 설치된 출구 LPR이 없음!
[14:31:08] 설치된 입구전광판이 없음!
[14:31:08] csInLpr1 접속성공
[14:31:10] [메인화면 에러] Socket Error # 10061
Connection refused.
[14:31:10] 정기권연동 쓰레드시작
[14:31:10] 설치된 영수증프린터가 없음!
[14:31:17] Program Close
**************************************************************
[14:34:09] Program Start!
[14:34:09] 홈넷예외LPR:
[14:34:09] [DB저장 모드]
[14:34:10] TfrmMain.btnModeClick: 유인운영
[14:34:10] 비로그인
[14:34:10] 설치된 입구보조 LPR이 없음!
[14:34:10] 설치된 출구보조 LPR이 없음!
[14:34:10] 설치된 출구 LPR이 없음!
[14:34:10] 설치된 입구전광판이 없음!
[14:34:11] csInLpr1 접속성공
[14:34:16] [메인화면 에러] Socket Error # 10061
Connection refused.
[14:34:16] 정기권연동 쓰레드시작
[14:34:16] 설치된 영수증프린터가 없음!
[14:34:29] Program Close
**************************************************************
[14:34:45] Program Start!
[14:34:45] 홈넷예외LPR:
[14:34:45] [DB저장 모드]
[14:34:45] TfrmMain.btnModeClick: 유인운영
[14:34:46] 비로그인
[14:34:46] 설치된 입구보조 LPR이 없음!
[14:34:46] 설치된 출구보조 LPR이 없음!
[14:34:46] 설치된 출구 LPR이 없음!
[14:34:46] 설치된 입구전광판이 없음!
[14:34:47] csInLpr1 접속성공
[14:34:51] [메인화면 에러] Socket Error # 10061
Connection refused.
[14:34:51] 정기권연동 쓰레드시작
[14:34:51] 설치된 영수증프린터가 없음!
[14:34:59] Program Close
**************************************************************
[14:35:49] Program Start!
[14:35:49] 홈넷예외LPR:
[14:35:49] [DB저장 모드]
[14:35:50] TfrmMain.btnModeClick: 유인운영
[14:35:50] 비로그인
[14:35:50] 설치된 입구보조 LPR이 없음!
[14:35:50] 설치된 출구보조 LPR이 없음!
[14:35:50] 설치된 출구 LPR이 없음!
[14:35:50] 설치된 입구전광판이 없음!
[14:35:51] csInLpr1 접속성공
[14:35:54] [메인화면 에러] Socket Error # 10061
Connection refused.
[14:35:54] 정기권연동 쓰레드시작
[14:35:54] 설치된 영수증프린터가 없음!
[14:36:01] Program Close
**************************************************************
[14:37:48] Program Start!
[14:37:48] 홈넷예외LPR:
[14:37:48] [DB저장 모드]
[14:37:48] TfrmMain.btnModeClick: 유인운영
[14:37:48] 비로그인
[14:37:48] 설치된 입구보조 LPR이 없음!
[14:37:48] 설치된 출구보조 LPR이 없음!
[14:37:48] 설치된 출구 LPR이 없음!
[14:37:48] 설치된 입구전광판이 없음!
[14:37:49] csInLpr1 접속성공
[14:37:53] [메인화면 에러] Socket Error # 10061
Connection refused.
[14:37:53] 정기권연동 쓰레드시작
[14:37:53] 설치된 영수증프린터가 없음!
[14:37:56] Program Close
**************************************************************
[14:39:25] Program Start!
[14:39:25] 홈넷예외LPR:
[14:39:25] [DB저장 모드]
[14:39:25] TfrmMain.btnModeClick: 유인운영
[14:39:25] 비로그인
[14:39:25] 설치된 입구보조 LPR이 없음!
[14:39:25] 설치된 출구보조 LPR이 없음!
[14:39:25] 설치된 출구 LPR이 없음!
[14:39:25] 설치된 입구전광판이 없음!
[14:39:26] csInLpr1 접속성공
[14:39:33] [메인화면 에러] Socket Error # 10061
Connection refused.
[14:39:33] 정기권연동 쓰레드시작
[14:39:33] 설치된 영수증프린터가 없음!
[14:39:37] Program Close
**************************************************************
[14:40:49] Program Start!
[14:40:49] 홈넷예외LPR:
[14:40:49] [DB저장 모드]
[14:40:49] TfrmMain.btnModeClick: 유인운영
[14:40:49] 비로그인
[14:40:49] 설치된 입구보조 LPR이 없음!
[14:40:49] 설치된 출구보조 LPR이 없음!
[14:40:49] 설치된 출구 LPR이 없음!
[14:40:49] 설치된 입구전광판이 없음!
[14:40:50] csInLpr1 접속성공
[14:40:54] [메인화면 에러] Socket Error # 10061
Connection refused.
[14:40:54] 정기권연동 쓰레드시작
[14:40:54] 설치된 영수증프린터가 없음!
[14:40:58] Program Close
**************************************************************
[14:42:59] Program Start!
[14:42:59] 홈넷예외LPR:
[14:42:59] [DB저장 모드]
[14:42:59] TfrmMain.btnModeClick: 유인운영
[14:43:00] 비로그인
[14:43:00] 설치된 입구보조 LPR이 없음!
[14:43:00] 설치된 출구보조 LPR이 없음!
[14:43:00] 설치된 출구 LPR이 없음!
[14:43:00] 설치된 입구전광판이 없음!
[14:43:00] csInLpr1 접속성공
[14:43:04] [메인화면 에러] Socket Error # 10061
Connection refused.
[14:43:04] 정기권연동 쓰레드시작
[14:43:04] 설치된 영수증프린터가 없음!
[14:43:12] Program Close
**************************************************************
[14:43:29] Program Start!
[14:43:29] 홈넷예외LPR:
[14:43:29] [DB저장 모드]
[14:43:29] TfrmMain.btnModeClick: 유인운영
[14:43:29] 비로그인
[14:43:29] 설치된 입구보조 LPR이 없음!
[14:43:29] 설치된 출구보조 LPR이 없음!
[14:43:29] 설치된 출구 LPR이 없음!
[14:43:29] 설치된 입구전광판이 없음!
[14:43:30] csInLpr1 접속성공
[14:43:33] [메인화면 에러] Socket Error # 10061
Connection refused.
[14:43:34] 정기권연동 쓰레드시작
[14:43:34] 설치된 영수증프린터가 없음!
[14:43:40] Program Close
**************************************************************
[14:44:04] Program Start!
[14:44:04] 홈넷예외LPR:
[14:44:04] [DB저장 모드]
[14:44:04] TfrmMain.btnModeClick: 유인운영
[14:44:05] 비로그인
[14:44:05] 설치된 입구보조 LPR이 없음!
[14:44:05] 설치된 출구보조 LPR이 없음!
[14:44:05] 설치된 출구 LPR이 없음!
[14:44:05] 설치된 입구전광판이 없음!
[14:44:05] csInLpr1 접속성공
[14:44:09] [메인화면 에러] Socket Error # 10061
Connection refused.
[14:44:09] 정기권연동 쓰레드시작
[14:44:09] 설치된 영수증프린터가 없음!
[14:44:22] Program Close
**************************************************************
[14:44:28] Program Start!
[14:44:28] 홈넷예외LPR:
[14:44:28] [DB저장 모드]
[14:44:28] TfrmMain.btnModeClick: 유인운영
[14:44:29] 비로그인
[14:44:29] 설치된 입구보조 LPR이 없음!
[14:44:29] 설치된 출구보조 LPR이 없음!
[14:44:29] 설치된 출구 LPR이 없음!
[14:44:29] 설치된 입구전광판이 없음!
[14:44:30] csInLpr1 접속성공
[14:44:33] [메인화면 에러] Socket Error # 10061
Connection refused.
[14:44:33] 정기권연동 쓰레드시작
[14:44:33] 설치된 영수증프린터가 없음!
[14:44:42] Program Close
**************************************************************
[14:45:04] Program Start!
[14:45:04] 홈넷예외LPR:
[14:45:04] [DB저장 모드]
[14:45:04] TfrmMain.btnModeClick: 유인운영
[14:45:05] 비로그인
[14:45:05] 설치된 입구보조 LPR이 없음!
[14:45:05] 설치된 출구보조 LPR이 없음!
[14:45:05] 설치된 출구 LPR이 없음!
[14:45:05] 설치된 입구전광판이 없음!
[14:45:05] csInLpr1 접속성공
[14:45:09] [메인화면 에러] Socket Error # 10061
Connection refused.
[14:45:09] 정기권연동 쓰레드시작
[14:45:09] 설치된 영수증프린터가 없음!
[14:45:20] Program Close
**************************************************************
[14:46:21] Program Start!
[14:46:21] 홈넷예외LPR:
[14:46:21] [DB저장 모드]
[14:46:21] TfrmMain.btnModeClick: 유인운영
[14:46:21] 비로그인
[14:46:21] 설치된 입구보조 LPR이 없음!
[14:46:21] 설치된 출구보조 LPR이 없음!
[14:46:21] 설치된 출구 LPR이 없음!
[14:46:21] 설치된 입구전광판이 없음!
[14:46:22] csInLpr1 접속성공
[14:46:24] [메인화면 에러] Socket Error # 10061
Connection refused.
[14:46:24] 정기권연동 쓰레드시작
[14:46:24] 설치된 영수증프린터가 없음!
[14:46:27] Program Close
**************************************************************
[14:46:38] Program Start!
[14:46:38] 홈넷예외LPR:
[14:46:38] [DB저장 모드]
[14:46:38] TfrmMain.btnModeClick: 유인운영
[14:46:38] 비로그인
[14:46:38] 설치된 입구보조 LPR이 없음!
[14:46:38] 설치된 출구보조 LPR이 없음!
[14:46:38] 설치된 출구 LPR이 없음!
[14:46:38] 설치된 입구전광판이 없음!
[14:46:39] csInLpr1 접속성공
[14:46:41] [메인화면 에러] Socket Error # 10061
Connection refused.
[14:46:41] 정기권연동 쓰레드시작
[14:46:41] 설치된 영수증프린터가 없음!
[14:46:43] Program Close
**************************************************************
[14:47:25] Program Start!
[14:47:25] 홈넷예외LPR:
[14:47:26] [DB저장 모드]
[14:47:26] TfrmMain.btnModeClick: 유인운영
[14:47:26] 비로그인
[14:47:26] 설치된 입구보조 LPR이 없음!
[14:47:26] 설치된 출구보조 LPR이 없음!
[14:47:26] 설치된 출구 LPR이 없음!
[14:47:26] 설치된 입구전광판이 없음!
[14:47:26] csInLpr1 접속성공
[14:47:28] [메인화면 에러] Socket Error # 10061
Connection refused.
[14:47:28] 정기권연동 쓰레드시작
[14:47:28] 설치된 영수증프린터가 없음!
[14:47:32] Program Close
**************************************************************
[14:47:46] Program Start!
[14:47:46] 홈넷예외LPR:
[14:47:46] [DB저장 모드]
[14:47:46] TfrmMain.btnModeClick: 유인운영
[14:47:46] 비로그인
[14:47:46] 설치된 입구보조 LPR이 없음!
[14:47:46] 설치된 출구보조 LPR이 없음!
[14:47:46] 설치된 출구 LPR이 없음!
[14:47:46] 설치된 입구전광판이 없음!
[14:47:46] csInLpr1 접속성공
[14:47:48] [메인화면 에러] Socket Error # 10061
Connection refused.
[14:47:48] 정기권연동 쓰레드시작
[14:47:48] 설치된 영수증프린터가 없음!
[14:47:55] Program Close
**************************************************************
[14:50:12] Program Start!
[14:50:12] 홈넷예외LPR:
[14:50:12] [DB저장 모드]
[14:50:12] TfrmMain.btnModeClick: 유인운영
[14:50:13] 비로그인
[14:50:13] 설치된 입구보조 LPR이 없음!
[14:50:13] 설치된 출구보조 LPR이 없음!
[14:50:13] 설치된 출구 LPR이 없음!
[14:50:13] 설치된 입구전광판이 없음!
[14:50:13] csInLpr1 접속성공
[14:50:15] [메인화면 에러] Socket Error # 10061
Connection refused.
[14:50:15] 정기권연동 쓰레드시작
[14:50:15] 설치된 영수증프린터가 없음!
[14:50:20] Program Close
**************************************************************
[14:52:16] Program Start!
[14:52:16] 홈넷예외LPR:
[14:52:16] [DB저장 모드]
[14:52:16] TfrmMain.btnModeClick: 유인운영
[14:52:16] 비로그인
[14:52:16] 설치된 입구보조 LPR이 없음!
[14:52:16] 설치된 출구보조 LPR이 없음!
[14:52:16] 설치된 출구 LPR이 없음!
[14:52:16] 설치된 입구전광판이 없음!
[14:52:17] csInLpr1 접속성공
[14:52:19] [메인화면 에러] Socket Error # 10061
Connection refused.
[14:52:19] 정기권연동 쓰레드시작
[14:52:19] 설치된 영수증프린터가 없음!
[14:52:25] Program Close
**************************************************************
[14:52:41] Program Start!
[14:52:41] 홈넷예외LPR:
[14:52:41] [DB저장 모드]
[14:52:41] TfrmMain.btnModeClick: 유인운영
[14:52:41] 비로그인
[14:52:41] 설치된 입구보조 LPR이 없음!
[14:52:41] 설치된 출구보조 LPR이 없음!
[14:52:41] 설치된 출구 LPR이 없음!
[14:52:41] 설치된 입구전광판이 없음!
[14:52:42] csInLpr1 접속성공
[14:52:44] [메인화면 에러] Socket Error # 10061
Connection refused.
[14:52:44] 정기권연동 쓰레드시작
[14:52:44] 설치된 영수증프린터가 없음!
[14:52:47] Program Close
**************************************************************
[14:52:56] Program Start!
[14:52:56] 홈넷예외LPR:
[14:52:57] [DB저장 모드]
[14:52:57] TfrmMain.btnModeClick: 유인운영
[14:52:57] 비로그인
[14:52:57] 설치된 입구보조 LPR이 없음!
[14:52:57] 설치된 출구보조 LPR이 없음!
[14:52:57] 설치된 출구 LPR이 없음!
[14:52:57] 설치된 입구전광판이 없음!
[14:52:57] csInLpr1 접속성공
[14:52:59] [메인화면 에러] Socket Error # 10061
Connection refused.
[14:52:59] 정기권연동 쓰레드시작
[14:52:59] 설치된 영수증프린터가 없음!
[14:53:05] Program Close
