**************************************************************
[10:10:14] Program Start!
[10:10:14] 홈넷예외LPR:
[10:10:14] [DB저장 모드]
[10:10:14] TfrmMain.btnModeClick: 유인운영
[10:10:14] 비로그인
[10:10:14] 설치된 입구보조 LPR이 없음!
[10:10:14] 설치된 출구보조 LPR이 없음!
[10:10:14] 설치된 입구전광판이 없음!
[10:10:14] 설치된 출구전광판이 없음!
[10:10:15] LPR재접속 쓰레드시작
[10:10:15] 전광판재접속 쓰레드시작
[10:10:15] 정기권연동 쓰레드시작
[10:10:15] csInLpr1 접속성공
[10:10:15] csOutLpr1 접속성공
**************************************************************
[10:12:36] Program Start!
[10:12:36] 홈넷예외LPR:
[10:12:36] [DB저장 모드]
[10:12:36] TfrmMain.btnModeClick: 유인운영
[10:12:37] 비로그인
[10:12:37] 설치된 입구보조 LPR이 없음!
[10:12:37] 설치된 출구보조 LPR이 없음!
[10:12:37] 설치된 입구전광판이 없음!
[10:12:37] 설치된 출구전광판이 없음!
[10:12:37] LPR재접속 쓰레드시작
[10:12:37] 전광판재접속 쓰레드시작
[10:12:37] 정기권연동 쓰레드시작
[10:12:38] csOutLpr1 접속성공
[10:12:38] csInLpr1 접속성공
**************************************************************
[17:38:01] Program Start!
[17:38:01] 홈넷예외LPR:
[17:38:01] [DB저장 모드]
[17:38:01] TfrmMain.btnModeClick: 유인운영
[17:38:02] 비로그인
[17:38:02] 설치된 입구보조 LPR이 없음!
[17:38:02] 설치된 출구보조 LPR이 없음!
[17:38:02] 설치된 입구전광판이 없음!
[17:38:02] 설치된 출구전광판이 없음!
[17:38:02] LPR재접속 쓰레드시작
[17:38:02] 전광판재접속 쓰레드시작
[17:38:02] 정기권연동 쓰레드시작
[17:38:03] csInLpr1 접속성공
[17:38:03] csOutLpr1 접속성공
[17:38:05] SocketError > ErrorNo: [10061] Host: [127.0.0.1] Port: [42140] Name: [] Msg: [서버가 죽었거나 클라이언트에서 접속환경이 잘못되었을때 나타나는 현상]
**************************************************************
[17:38:59] Program Start!
[17:38:59] 홈넷예외LPR:
[17:38:59] [DB저장 모드]
[17:39:00] TfrmMain.btnModeClick: 유인운영
[17:39:00] 비로그인
[17:39:00] 설치된 입구보조 LPR이 없음!
[17:39:00] 설치된 출구보조 LPR이 없음!
[17:39:00] 설치된 입구전광판이 없음!
[17:39:00] 설치된 출구전광판이 없음!
[17:39:00] LPR재접속 쓰레드시작
[17:39:00] 전광판재접속 쓰레드시작
[17:39:01] 정기권연동 쓰레드시작
[17:39:01] csInLpr1 접속성공
[17:39:01] csOutLpr1 접속성공
**************************************************************
[17:46:37] Program Start!
[17:46:37] 홈넷예외LPR:
[17:46:37] [DB저장 모드]
[17:46:37] TfrmMain.btnModeClick: 유인운영
[17:46:37] 비로그인
[17:46:37] 설치된 입구보조 LPR이 없음!
[17:46:37] 설치된 출구보조 LPR이 없음!
[17:46:37] 설치된 입구전광판이 없음!
[17:46:37] 설치된 출구전광판이 없음!
[17:46:37] LPR재접속 쓰레드시작
[17:46:38] 전광판재접속 쓰레드시작
[17:46:38] 정기권연동 쓰레드시작
[17:46:38] csOutLpr1 접속성공
[17:46:38] csInLpr1 접속성공
[17:47:04] Program Close
**************************************************************
[17:47:30] Program Start!
[17:47:30] 홈넷예외LPR:
[17:47:30] [DB저장 모드]
[17:47:30] TfrmMain.btnModeClick: 유인운영
[17:47:30] 비로그인
[17:47:30] 설치된 입구보조 LPR이 없음!
[17:47:30] 설치된 출구보조 LPR이 없음!
[17:47:30] 설치된 입구전광판이 없음!
[17:47:30] 설치된 출구전광판이 없음!
[17:47:30] LPR재접속 쓰레드시작
[17:47:31] 전광판재접속 쓰레드시작
[17:47:31] 정기권연동 쓰레드시작
[17:47:31] csInLpr1 접속성공
[17:47:31] csOutLpr1 접속성공
**************************************************************
[17:48:56] Program Start!
[17:48:56] 홈넷예외LPR:
[17:48:56] [DB저장 모드]
[17:48:56] TfrmMain.btnModeClick: 유인운영
[17:48:56] 비로그인
[17:48:56] 설치된 입구보조 LPR이 없음!
[17:48:56] 설치된 출구보조 LPR이 없음!
[17:48:56] 설치된 입구전광판이 없음!
[17:48:56] 설치된 출구전광판이 없음!
[17:48:57] LPR재접속 쓰레드시작
[17:48:57] 전광판재접속 쓰레드시작
[17:48:57] 정기권연동 쓰레드시작
[17:48:57] csInLpr1 접속성공
[17:48:57] csOutLpr1 접속성공
**************************************************************
[17:49:51] Program Start!
[17:49:51] 홈넷예외LPR:
[17:49:51] [DB저장 모드]
[17:49:51] TfrmMain.btnModeClick: 유인운영
[17:49:51] 비로그인
[17:49:51] 설치된 입구보조 LPR이 없음!
[17:49:51] 설치된 출구보조 LPR이 없음!
[17:49:51] 설치된 입구전광판이 없음!
[17:49:51] 설치된 출구전광판이 없음!
[17:49:51] LPR재접속 쓰레드시작
[17:49:51] 전광판재접속 쓰레드시작
[17:49:52] 정기권연동 쓰레드시작
[17:49:52] csInLpr1 접속성공
[17:49:52] csOutLpr1 접속성공
**************************************************************
[17:53:57] Program Start!
[17:53:57] 홈넷예외LPR:
[17:53:57] [DB저장 모드]
[17:53:57] TfrmMain.btnModeClick: 유인운영
[17:53:58] 비로그인
[17:53:58] 설치된 입구보조 LPR이 없음!
[17:53:58] 설치된 출구보조 LPR이 없음!
[17:53:58] 설치된 입구전광판이 없음!
[17:53:58] 설치된 출구전광판이 없음!
[17:53:58] LPR재접속 쓰레드시작
[17:53:58] 전광판재접속 쓰레드시작
[17:53:58] 정기권연동 쓰레드시작
[17:53:59] csInLpr1 접속성공
[17:53:59] csOutLpr1 접속성공
**************************************************************
[17:54:53] Program Start!
[17:54:53] 홈넷예외LPR:
[17:54:53] [DB저장 모드]
[17:54:53] TfrmMain.btnModeClick: 유인운영
[17:54:54] 비로그인
[17:54:54] 설치된 입구보조 LPR이 없음!
[17:54:54] 설치된 출구보조 LPR이 없음!
[17:54:54] 설치된 입구전광판이 없음!
[17:54:54] 설치된 출구전광판이 없음!
[17:54:54] LPR재접속 쓰레드시작
[17:54:54] 전광판재접속 쓰레드시작
[17:54:54] 정기권연동 쓰레드시작
[17:54:55] csInLpr1 접속성공
[17:54:55] csOutLpr1 접속성공
**************************************************************
[17:55:58] Program Start!
[17:55:58] 홈넷예외LPR:
[17:55:58] [DB저장 모드]
[17:55:58] TfrmMain.btnModeClick: 유인운영
[17:55:58] 비로그인
[17:55:58] 설치된 입구보조 LPR이 없음!
[17:55:58] 설치된 출구보조 LPR이 없음!
[17:55:58] 설치된 입구전광판이 없음!
[17:55:58] 설치된 출구전광판이 없음!
[17:55:58] LPR재접속 쓰레드시작
[17:55:58] 전광판재접속 쓰레드시작
[17:55:59] 정기권연동 쓰레드시작
[17:55:59] csInLpr1 접속성공
[17:55:59] csOutLpr1 접속성공
**************************************************************
[17:56:44] Program Start!
[17:56:45] 홈넷예외LPR:
[17:56:45] [DB저장 모드]
[17:56:45] TfrmMain.btnModeClick: 유인운영
[17:56:45] 비로그인
[17:56:45] 설치된 입구보조 LPR이 없음!
[17:56:45] 설치된 출구보조 LPR이 없음!
[17:56:45] 설치된 입구전광판이 없음!
[17:56:45] 설치된 출구전광판이 없음!
[17:56:45] LPR재접속 쓰레드시작
[17:56:45] 전광판재접속 쓰레드시작
[17:56:46] 정기권연동 쓰레드시작
[17:56:46] csInLpr1 접속성공
[17:56:46] csOutLpr1 접속성공
**************************************************************
[17:57:36] Program Start!
[17:57:36] 홈넷예외LPR:
[17:57:36] [DB저장 모드]
[17:57:36] TfrmMain.btnModeClick: 유인운영
[17:57:37] 비로그인
[17:57:37] 설치된 입구보조 LPR이 없음!
[17:57:37] 설치된 출구보조 LPR이 없음!
[17:57:37] 설치된 입구전광판이 없음!
[17:57:37] 설치된 출구전광판이 없음!
[17:57:37] LPR재접속 쓰레드시작
[17:57:37] 전광판재접속 쓰레드시작
[17:57:37] 정기권연동 쓰레드시작
[17:57:38] csInLpr1 접속성공
[17:57:38] csOutLpr1 접속성공
**************************************************************
[18:02:47] Program Start!
[18:02:47] 홈넷예외LPR:
[18:02:47] [DB저장 모드]
[18:02:47] TfrmMain.btnModeClick: 유인운영
[18:02:48] 비로그인
[18:02:48] 설치된 입구보조 LPR이 없음!
[18:02:48] 설치된 출구보조 LPR이 없음!
[18:02:48] 설치된 입구전광판이 없음!
[18:02:48] 설치된 출구전광판이 없음!
[18:02:48] LPR재접속 쓰레드시작
[18:02:48] 전광판재접속 쓰레드시작
[18:02:48] 정기권연동 쓰레드시작
[18:02:49] csInLpr1 접속성공
[18:02:49] csOutLpr1 접속성공
**************************************************************
[18:04:05] Program Start!
[18:04:05] 홈넷예외LPR:
[18:04:05] [DB저장 모드]
[18:04:05] TfrmMain.btnModeClick: 유인운영
[18:04:06] 비로그인
[18:04:06] 설치된 입구보조 LPR이 없음!
[18:04:06] 설치된 출구보조 LPR이 없음!
[18:04:06] 설치된 입구전광판이 없음!
[18:04:06] 설치된 출구전광판이 없음!
[18:04:06] LPR재접속 쓰레드시작
[18:04:06] 전광판재접속 쓰레드시작
[18:04:06] 정기권연동 쓰레드시작
[18:04:07] csOutLpr1 접속성공
[18:04:07] csInLpr1 접속성공
[18:04:20] Program Close
**************************************************************
[18:04:28] Program Start!
[18:04:29] 홈넷예외LPR:
[18:04:29] [DB저장 모드]
[18:04:29] TfrmMain.btnModeClick: 유인운영
[18:04:29] 비로그인
[18:04:29] 설치된 입구보조 LPR이 없음!
[18:04:29] 설치된 출구보조 LPR이 없음!
[18:04:29] 설치된 입구전광판이 없음!
[18:04:29] 설치된 출구전광판이 없음!
[18:04:29] LPR재접속 쓰레드시작
[18:04:29] 전광판재접속 쓰레드시작
[18:04:30] 정기권연동 쓰레드시작
[18:04:30] csInLpr1 접속성공
[18:04:30] csOutLpr1 접속성공
**************************************************************
[18:05:19] Program Start!
[18:05:19] 홈넷예외LPR:
[18:05:19] [DB저장 모드]
[18:05:19] TfrmMain.btnModeClick: 유인운영
[18:05:20] 비로그인
[18:05:20] 설치된 입구보조 LPR이 없음!
[18:05:20] 설치된 출구보조 LPR이 없음!
[18:05:20] 설치된 입구전광판이 없음!
[18:05:20] 설치된 출구전광판이 없음!
[18:05:20] LPR재접속 쓰레드시작
[18:05:20] 전광판재접속 쓰레드시작
[18:05:20] 정기권연동 쓰레드시작
[18:05:20] csInLpr1 접속성공
[18:05:20] csOutLpr1 접속성공
**************************************************************
[18:09:40] Program Start!
[18:09:40] 홈넷예외LPR:
[18:09:40] [DB저장 모드]
[18:09:40] TfrmMain.btnModeClick: 유인운영
[18:09:40] 비로그인
[18:09:40] 설치된 입구보조 LPR이 없음!
[18:09:40] 설치된 출구보조 LPR이 없음!
[18:09:40] 설치된 입구전광판이 없음!
[18:09:40] 설치된 출구전광판이 없음!
[18:09:40] LPR재접속 쓰레드시작
[18:09:41] 전광판재접속 쓰레드시작
[18:09:41] 정기권연동 쓰레드시작
[18:09:41] csInLpr1 접속성공
[18:09:41] csOutLpr1 접속성공
**************************************************************
[18:11:17] Program Start!
[18:11:17] 홈넷예외LPR:
[18:11:17] [DB저장 모드]
[18:11:18] TfrmMain.btnModeClick: 유인운영
[18:11:18] 비로그인
[18:11:18] 설치된 입구보조 LPR이 없음!
[18:11:18] 설치된 출구보조 LPR이 없음!
[18:11:18] 설치된 입구전광판이 없음!
[18:11:18] 설치된 출구전광판이 없음!
[18:11:18] LPR재접속 쓰레드시작
[18:11:18] 전광판재접속 쓰레드시작
[18:11:19] 정기권연동 쓰레드시작
[18:11:19] csInLpr1 접속성공
[18:11:19] csOutLpr1 접속성공
**************************************************************
[18:12:37] Program Start!
[18:12:37] 홈넷예외LPR:
[18:12:37] [DB저장 모드]
[18:12:37] TfrmMain.btnModeClick: 유인운영
[18:12:37] 비로그인
[18:12:37] 설치된 입구보조 LPR이 없음!
[18:12:37] 설치된 출구보조 LPR이 없음!
[18:12:37] 설치된 입구전광판이 없음!
[18:12:37] 설치된 출구전광판이 없음!
[18:12:38] LPR재접속 쓰레드시작
[18:12:38] 전광판재접속 쓰레드시작
[18:12:38] 정기권연동 쓰레드시작
[18:12:38] csInLpr1 접속성공
[18:12:38] csOutLpr1 접속성공
**************************************************************
[18:13:46] Program Start!
[18:13:46] 홈넷예외LPR:
[18:13:46] [DB저장 모드]
[18:13:46] TfrmMain.btnModeClick: 유인운영
[18:13:46] 비로그인
[18:13:46] 설치된 입구보조 LPR이 없음!
[18:13:46] 설치된 출구보조 LPR이 없음!
[18:13:46] 설치된 입구전광판이 없음!
[18:13:46] 설치된 출구전광판이 없음!
[18:13:47] LPR재접속 쓰레드시작
[18:13:47] 전광판재접속 쓰레드시작
[18:13:47] 정기권연동 쓰레드시작
[18:13:47] csInLpr1 접속성공
[18:13:47] csOutLpr1 접속성공
**************************************************************
[18:15:37] Program Start!
[18:15:37] 홈넷예외LPR:
[18:15:37] [DB저장 모드]
[18:15:37] TfrmMain.btnModeClick: 유인운영
[18:15:37] 비로그인
[18:15:38] 설치된 입구보조 LPR이 없음!
[18:15:38] 설치된 출구보조 LPR이 없음!
[18:15:38] 설치된 입구전광판이 없음!
[18:15:38] 설치된 출구전광판이 없음!
[18:15:38] LPR재접속 쓰레드시작
[18:15:38] 전광판재접속 쓰레드시작
[18:15:38] 정기권연동 쓰레드시작
[18:15:39] csInLpr1 접속성공
[18:15:39] csOutLpr1 접속성공
**************************************************************
[18:16:50] Program Start!
[18:16:50] 홈넷예외LPR:
[18:16:50] [DB저장 모드]
[18:16:50] TfrmMain.btnModeClick: 유인운영
[18:16:51] 비로그인
[18:16:51] 설치된 입구보조 LPR이 없음!
[18:16:51] 설치된 출구보조 LPR이 없음!
[18:16:51] 설치된 입구전광판이 없음!
[18:16:51] 설치된 출구전광판이 없음!
[18:16:51] LPR재접속 쓰레드시작
[18:16:51] 전광판재접속 쓰레드시작
[18:16:51] 정기권연동 쓰레드시작
[18:16:52] csInLpr1 접속성공
[18:16:52] csOutLpr1 접속성공
**************************************************************
[18:19:20] Program Start!
[18:19:20] 홈넷예외LPR:
[18:19:20] [DB저장 모드]
[18:19:20] TfrmMain.btnModeClick: 유인운영
[18:19:20] 비로그인
[18:19:20] 설치된 입구보조 LPR이 없음!
[18:19:20] 설치된 출구보조 LPR이 없음!
[18:19:20] 설치된 입구전광판이 없음!
[18:19:20] 설치된 출구전광판이 없음!
[18:19:20] LPR재접속 쓰레드시작
[18:19:20] 전광판재접속 쓰레드시작
[18:19:21] 정기권연동 쓰레드시작
[18:19:21] csInLpr1 접속성공
[18:19:21] csOutLpr1 접속성공
**************************************************************
[18:20:03] Program Start!
[18:20:03] 홈넷예외LPR:
[18:20:03] [DB저장 모드]
[18:20:03] TfrmMain.btnModeClick: 유인운영
[18:20:04] 비로그인
[18:20:04] 설치된 입구보조 LPR이 없음!
[18:20:04] 설치된 출구보조 LPR이 없음!
[18:20:04] 설치된 입구전광판이 없음!
[18:20:04] 설치된 출구전광판이 없음!
[18:20:04] LPR재접속 쓰레드시작
[18:20:04] 전광판재접속 쓰레드시작
[18:20:04] 정기권연동 쓰레드시작
[18:20:05] csInLpr1 접속성공
[18:20:05] csOutLpr1 접속성공
**************************************************************
[18:21:52] Program Start!
[18:21:52] 홈넷예외LPR:
[18:21:52] [DB저장 모드]
[18:21:52] TfrmMain.btnModeClick: 유인운영
[18:21:53] 비로그인
[18:21:53] 설치된 입구보조 LPR이 없음!
[18:21:53] 설치된 출구보조 LPR이 없음!
[18:21:53] 설치된 입구전광판이 없음!
[18:21:53] 설치된 출구전광판이 없음!
[18:21:53] LPR재접속 쓰레드시작
[18:21:53] 전광판재접속 쓰레드시작
[18:21:53] 정기권연동 쓰레드시작
[18:21:53] csInLpr1 접속성공
[18:21:53] csOutLpr1 접속성공
**************************************************************
[18:24:06] Program Start!
[18:24:06] 홈넷예외LPR:
[18:24:06] [DB저장 모드]
[18:24:06] TfrmMain.btnModeClick: 유인운영
[18:24:07] 비로그인
[18:24:07] 설치된 입구보조 LPR이 없음!
[18:24:07] 설치된 출구보조 LPR이 없음!
[18:24:07] 설치된 입구전광판이 없음!
[18:24:07] 설치된 출구전광판이 없음!
[18:24:07] LPR재접속 쓰레드시작
[18:24:07] 전광판재접속 쓰레드시작
[18:24:07] 정기권연동 쓰레드시작
[18:24:08] csInLpr1 접속성공
[18:24:08] csOutLpr1 접속성공
**************************************************************
[18:26:06] Program Start!
[18:26:06] 홈넷예외LPR:
[18:26:06] [DB저장 모드]
[18:26:06] TfrmMain.btnModeClick: 유인운영
[18:26:06] 비로그인
[18:26:07] 설치된 입구보조 LPR이 없음!
[18:26:07] 설치된 출구보조 LPR이 없음!
[18:26:07] 설치된 입구전광판이 없음!
[18:26:07] 설치된 출구전광판이 없음!
[18:26:07] LPR재접속 쓰레드시작
[18:26:07] 전광판재접속 쓰레드시작
[18:26:07] 정기권연동 쓰레드시작
[18:26:07] csInLpr1 접속성공
[18:26:08] csOutLpr1 접속성공
**************************************************************
[18:26:55] Program Start!
[18:26:55] 홈넷예외LPR:
[18:26:55] [DB저장 모드]
[18:26:55] TfrmMain.btnModeClick: 유인운영
[18:26:55] 비로그인
[18:26:55] 설치된 입구보조 LPR이 없음!
[18:26:55] 설치된 출구보조 LPR이 없음!
[18:26:55] 설치된 입구전광판이 없음!
[18:26:55] 설치된 출구전광판이 없음!
[18:26:55] LPR재접속 쓰레드시작
[18:26:56] 전광판재접속 쓰레드시작
[18:26:56] 정기권연동 쓰레드시작
[18:26:56] csInLpr1 접속성공
[18:26:56] csOutLpr1 접속성공
**************************************************************
[18:27:39] Program Start!
[18:27:39] 홈넷예외LPR:
[18:27:39] [DB저장 모드]
[18:27:39] TfrmMain.btnModeClick: 유인운영
[18:27:40] 비로그인
[18:27:40] 설치된 입구보조 LPR이 없음!
[18:27:40] 설치된 출구보조 LPR이 없음!
[18:27:40] 설치된 입구전광판이 없음!
[18:27:40] 설치된 출구전광판이 없음!
[18:27:40] LPR재접속 쓰레드시작
[18:27:40] 전광판재접속 쓰레드시작
[18:27:40] 정기권연동 쓰레드시작
[18:27:41] csInLpr1 접속성공
[18:27:41] csOutLpr1 접속성공
**************************************************************
[18:28:03] Program Start!
[18:28:03] 홈넷예외LPR:
[18:28:03] [DB저장 모드]
[18:28:03] TfrmMain.btnModeClick: 유인운영
[18:28:04] 비로그인
[18:28:04] 설치된 입구보조 LPR이 없음!
[18:28:04] 설치된 출구보조 LPR이 없음!
[18:28:04] 설치된 입구전광판이 없음!
[18:28:04] 설치된 출구전광판이 없음!
[18:28:04] LPR재접속 쓰레드시작
[18:28:04] 전광판재접속 쓰레드시작
[18:28:04] 정기권연동 쓰레드시작
[18:28:05] csOutLpr1 접속성공
[18:28:05] csInLpr1 접속성공
**************************************************************
[18:29:28] Program Start!
[18:29:28] 홈넷예외LPR:
[18:29:28] [DB저장 모드]
[18:29:28] TfrmMain.btnModeClick: 유인운영
[18:29:29] 비로그인
[18:29:29] 설치된 입구보조 LPR이 없음!
[18:29:29] 설치된 출구보조 LPR이 없음!
[18:29:29] 설치된 입구전광판이 없음!
[18:29:29] 설치된 출구전광판이 없음!
[18:29:29] LPR재접속 쓰레드시작
[18:29:29] 전광판재접속 쓰레드시작
[18:29:29] 정기권연동 쓰레드시작
[18:29:30] csInLpr1 접속성공
[18:29:30] csOutLpr1 접속성공
**************************************************************
[18:32:58] Program Start!
[18:32:58] 홈넷예외LPR:
[18:32:58] [DB저장 모드]
[18:32:58] TfrmMain.btnModeClick: 유인운영
[18:32:58] 비로그인
[18:32:58] 설치된 입구보조 LPR이 없음!
[18:32:58] 설치된 출구보조 LPR이 없음!
[18:32:58] 설치된 입구전광판이 없음!
[18:32:58] 설치된 출구전광판이 없음!
[18:32:59] LPR재접속 쓰레드시작
[18:32:59] 전광판재접속 쓰레드시작
[18:32:59] 정기권연동 쓰레드시작
[18:32:59] csInLpr1 접속성공
[18:32:59] csOutLpr1 접속성공
**************************************************************
[18:35:18] Program Start!
[18:35:18] 홈넷예외LPR:
[18:35:18] [DB저장 모드]
[18:35:19] TfrmMain.btnModeClick: 유인운영
[18:35:19] 비로그인
[18:35:19] 설치된 입구보조 LPR이 없음!
[18:35:19] 설치된 출구보조 LPR이 없음!
[18:35:19] 설치된 입구전광판이 없음!
[18:35:19] 설치된 출구전광판이 없음!
[18:35:19] LPR재접속 쓰레드시작
[18:35:19] 전광판재접속 쓰레드시작
[18:35:20] 정기권연동 쓰레드시작
[18:35:20] csInLpr1 접속성공
[18:35:20] csOutLpr1 접속성공
**************************************************************
[18:52:01] Program Start!
[18:52:01] 홈넷예외LPR:
[18:52:01] [DB저장 모드]
[18:52:01] TfrmMain.btnModeClick: 유인운영
[18:52:02] 비로그인
[18:52:02] 설치된 입구보조 LPR이 없음!
[18:52:02] 설치된 출구보조 LPR이 없음!
[18:52:02] 설치된 입구전광판이 없음!
[18:52:02] 설치된 출구전광판이 없음!
[18:52:02] LPR재접속 쓰레드시작
[18:52:02] 전광판재접속 쓰레드시작
[18:52:02] 정기권연동 쓰레드시작
[18:52:03] csInLpr1 접속성공
[18:52:03] csOutLpr1 접속성공
[18:52:19] Program Close
