**************************************************************
[18:07:00] Program Start!
[18:07:00] 홈넷예외LPR:
[18:07:00] [DB저장 모드]
[18:07:00] TfrmMain.btnModeClick: 유인운영
[18:07:01] 비로그인
[18:07:01] 설치된 입구보조 LPR이 없음!
[18:07:01] 설치된 출구보조 LPR이 없음!
[18:07:01] 설치된 입구전광판이 없음!
[18:07:01] 설치된 출구전광판이 없음!
[18:07:01] LPR재접속 쓰레드시작
[18:07:01] 전광판재접속 쓰레드시작
[18:07:01] 정기권연동 쓰레드시작
[18:07:02] csInLpr1 접속성공
[18:07:02] csOutLpr1 접속성공
[18:07:04] SocketError > ErrorNo: [10061] Host: [127.0.0.1] Port: [42140] Name: [] Msg: [서버가 죽었거나 클라이언트에서 접속환경이 잘못되었을때 나타나는 현상]
[18:07:13] SocketError > ErrorNo: [10061] Host: [127.0.0.1] Port: [42140] Name: [] Msg: [서버가 죽었거나 클라이언트에서 접속환경이 잘못되었을때 나타나는 현상]
[18:07:23] SocketError > ErrorNo: [10061] Host: [127.0.0.1] Port: [42140] Name: [] Msg: [서버가 죽었거나 클라이언트에서 접속환경이 잘못되었을때 나타나는 현상]
[18:07:33] SocketError > ErrorNo: [10061] Host: [127.0.0.1] Port: [42140] Name: [] Msg: [서버가 죽었거나 클라이언트에서 접속환경이 잘못되었을때 나타나는 현상]
[18:07:43] SocketError > ErrorNo: [10061] Host: [127.0.0.1] Port: [42140] Name: [] Msg: [서버가 죽었거나 클라이언트에서 접속환경이 잘못되었을때 나타나는 현상]
**************************************************************
[18:13:41] Program Start!
[18:13:41] 홈넷예외LPR:
[18:13:41] [DB저장 모드]
[18:13:41] TfrmMain.btnModeClick: 유인운영
[18:13:42] 비로그인
[18:13:42] 설치된 입구보조 LPR이 없음!
[18:13:42] 설치된 출구보조 LPR이 없음!
[18:13:42] 설치된 입구전광판이 없음!
[18:13:42] 설치된 출구전광판이 없음!
[18:13:42] LPR재접속 쓰레드시작
[18:13:42] 전광판재접속 쓰레드시작
[18:13:42] 정기권연동 쓰레드시작
[18:13:42] csInLpr1 접속성공
[18:13:42] csOutLpr1 접속성공
**************************************************************
[18:15:31] Program Start!
[18:15:32] 홈넷예외LPR:
[18:15:32] [DB저장 모드]
[18:15:32] TfrmMain.btnModeClick: 유인운영
[18:15:32] 비로그인
[18:15:32] 설치된 입구보조 LPR이 없음!
[18:15:32] 설치된 출구보조 LPR이 없음!
[18:15:32] 설치된 입구전광판이 없음!
[18:15:32] 설치된 출구전광판이 없음!
[18:15:32] LPR재접속 쓰레드시작
[18:15:32] 전광판재접속 쓰레드시작
[18:15:33] 정기권연동 쓰레드시작
[18:15:33] csInLpr1 접속성공
[18:15:33] csOutLpr1 접속성공
[18:15:36] Program Close
**************************************************************
[18:16:48] Program Start!
[18:16:48] 홈넷예외LPR:
[18:16:48] [DB저장 모드]
[18:16:49] TfrmMain.btnModeClick: 유인운영
[18:16:49] 비로그인
[18:16:49] 설치된 입구보조 LPR이 없음!
[18:16:49] 설치된 출구보조 LPR이 없음!
[18:16:49] 설치된 입구전광판이 없음!
[18:16:49] 설치된 출구전광판이 없음!
[18:16:49] LPR재접속 쓰레드시작
[18:16:50] 전광판재접속 쓰레드시작
[18:16:50] 정기권연동 쓰레드시작
[18:16:50] csInLpr1 접속성공
[18:16:50] csOutLpr1 접속성공
**************************************************************
[18:18:05] Program Start!
[18:18:05] 홈넷예외LPR:
[18:18:05] [DB저장 모드]
[18:18:06] TfrmMain.btnModeClick: 유인운영
[18:18:06] 비로그인
[18:18:06] 설치된 입구보조 LPR이 없음!
[18:18:06] 설치된 출구보조 LPR이 없음!
[18:18:06] 설치된 입구전광판이 없음!
[18:18:06] 설치된 출구전광판이 없음!
[18:18:06] LPR재접속 쓰레드시작
[18:18:08] csInLpr1 접속성공
[18:18:08] csOutLpr1 접속성공
[18:18:28] SocketError > ErrorNo: [10061] Host: [127.0.0.1] Port: [42140] Name: [] Msg: [서버가 죽었거나 클라이언트에서 접속환경이 잘못되었을때 나타나는 현상]
[18:18:51] Program Close
**************************************************************
[18:21:43] Program Start!
[18:21:43] 홈넷예외LPR:
[18:21:43] [DB저장 모드]
[18:21:43] TfrmMain.btnModeClick: 유인운영
[18:21:43] 비로그인
[18:21:43] 설치된 입구보조 LPR이 없음!
[18:21:43] 설치된 출구보조 LPR이 없음!
[18:21:43] 설치된 입구전광판이 없음!
[18:21:43] 설치된 출구전광판이 없음!
[18:21:44] LPR재접속 쓰레드시작
[18:21:44] 전광판재접속 쓰레드시작
[18:21:44] 정기권연동 쓰레드시작
[18:21:44] csInLpr1 접속성공
[18:21:44] csOutLpr1 접속성공
[18:21:46] SocketError > ErrorNo: [10061] Host: [127.0.0.1] Port: [42140] Name: [] Msg: [서버가 죽었거나 클라이언트에서 접속환경이 잘못되었을때 나타나는 현상]
[18:21:56] SocketError > ErrorNo: [10061] Host: [127.0.0.1] Port: [42140] Name: [] Msg: [서버가 죽었거나 클라이언트에서 접속환경이 잘못되었을때 나타나는 현상]
