**************************************************************
[15:38:51] Program Start!
[15:38:51] 홈넷예외LPR:
[15:38:51] [DB저장 모드]
[15:38:51] TfrmMain.btnModeClick: 유인운영
[15:38:51] 비로그인
[15:38:52] LPR재접속 쓰레드시작
[15:38:52] 전광판재접속 쓰레드시작
[15:38:52] 정기권연동 쓰레드시작
[15:38:52] csInLpr1 접속성공
[15:38:52] csOutLpr1 접속성공
[15:38:52] [subcsOutLpr1] 10.22.30.20:3200 접속성공
[15:38:52] csInDsp1 접속성공
[15:38:52] [subcsInLpr1] 10.22.30.20:2200 접속성공
[15:38:54] SocketError > ErrorNo: [10061] Host: [10.22.30.10] Port: [5001] Name: [csOutDsp1] Msg: [서버가 죽었거나 클라이언트에서 접속환경이 잘못되었을때 나타나는 현상]
[15:38:54] csOutDsp1 연결끊김
[15:38:59] Program Close
**************************************************************
[15:39:09] Program Start!
[15:39:09] 홈넷예외LPR:
[15:39:09] [DB저장 모드]
[15:39:09] TfrmMain.btnModeClick: 유인운영
[15:39:10] 비로그인
[15:39:10] LPR재접속 쓰레드시작
[15:39:10] 전광판재접속 쓰레드시작
[15:39:10] 정기권연동 쓰레드시작
[15:39:10] csInLpr1 접속성공
[15:39:10] [subcsInLpr1] 10.22.30.20:2200 접속성공
[15:39:10] [subcsOutLpr1] 10.22.30.20:3200 접속성공
[15:39:10] csOutLpr1 접속성공
[15:39:10] csInDsp1 접속성공
[15:39:12] SocketError > ErrorNo: [10061] Host: [10.22.30.10] Port: [5001] Name: [csOutDsp1] Msg: [서버가 죽었거나 클라이언트에서 접속환경이 잘못되었을때 나타나는 현상]
[15:39:12] csOutDsp1 연결끊김
[15:39:15] Program Close
**************************************************************
[15:39:17] Program Start!
[15:39:17] 홈넷예외LPR:
[15:39:17] [DB저장 모드]
[15:39:17] TfrmMain.btnModeClick: 유인운영
[15:39:17] 비로그인
[15:39:17] LPR재접속 쓰레드시작
[15:39:17] 전광판재접속 쓰레드시작
[15:39:17] 정기권연동 쓰레드시작
[15:39:18] csInLpr1 접속성공
[15:39:18] [subcsInLpr1] 10.22.30.20:2200 접속성공
[15:39:18] [subcsOutLpr1] 10.22.30.20:3200 접속성공
[15:39:18] csOutLpr1 접속성공
[15:39:18] csInDsp1 접속성공
[15:39:20] SocketError > ErrorNo: [10061] Host: [10.22.30.10] Port: [5001] Name: [csOutDsp1] Msg: [서버가 죽었거나 클라이언트에서 접속환경이 잘못되었을때 나타나는 현상]
[15:39:20] csOutDsp1 연결끊김
[15:39:24] Program Close
**************************************************************
[15:39:57] Program Start!
[15:39:57] 홈넷예외LPR:
[15:39:57] [DB저장 모드]
[15:39:57] TfrmMain.btnModeClick: 유인운영
[15:39:58] 비로그인
[15:39:58] LPR재접속 쓰레드시작
[15:39:58] 전광판재접속 쓰레드시작
[15:39:58] 정기권연동 쓰레드시작
**************************************************************
[16:04:44] Program Start!
[16:04:44] 홈넷예외LPR:
[16:04:44] [DB저장 모드]
[16:04:44] TfrmMain.btnModeClick: 유인운영
[16:04:44] 비로그인
[16:04:44] LPR재접속 쓰레드시작
[16:04:44] 전광판재접속 쓰레드시작
[16:04:44] 정기권연동 쓰레드시작
[16:04:45] csInLpr1 접속성공
[16:04:45] [subcsOutLpr1] 10.22.30.20:3200 접속성공
[16:04:45] [subcsInLpr1] 10.22.30.20:2200 접속성공
[16:04:45] csOutLpr1 접속성공
[16:04:45] csInDsp1 접속성공
[16:04:47] SocketError > ErrorNo: [10061] Host: [10.22.30.10] Port: [5001] Name: [csOutDsp1] Msg: [서버가 죽었거나 클라이언트에서 접속환경이 잘못되었을때 나타나는 현상]
[16:04:47] csOutDsp1 연결끊김
[16:04:50] Program Close
**************************************************************
[16:04:52] Program Start!
[16:04:52] 홈넷예외LPR:
[16:04:52] [DB저장 모드]
[16:04:52] TfrmMain.btnModeClick: 유인운영
[16:04:53] 비로그인
[16:04:53] LPR재접속 쓰레드시작
[16:04:53] 전광판재접속 쓰레드시작
[16:04:53] 정기권연동 쓰레드시작
[16:04:54] csInLpr1 접속성공
[16:04:54] [subcsInLpr1] 10.22.30.20:2200 접속성공
[16:04:54] [subcsOutLpr1] 10.22.30.20:3200 접속성공
[16:04:54] csOutLpr1 접속성공
[16:04:54] csInDsp1 접속성공
[16:04:56] SocketError > ErrorNo: [10061] Host: [10.22.30.10] Port: [5001] Name: [csOutDsp1] Msg: [서버가 죽었거나 클라이언트에서 접속환경이 잘못되었을때 나타나는 현상]
[16:04:56] csOutDsp1 연결끊김
[16:04:56] Program Close
