**************************************************************
[11:08:12] Program Start!
[11:08:12] 홈넷예외LPR:
[11:08:12] [DB저장 모드]
[11:08:12] TfrmMain.btnModeClick: 유인운영
[11:08:12] 비로그인
[11:08:13] LPR재접속 쓰레드시작
[11:08:13] 전광판재접속 쓰레드시작
[11:08:13] 정기권연동 쓰레드시작
[11:08:14] csInLpr1 접속성공
[11:08:14] [subcsInLpr1] 10.22.30.20:2200 접속성공
[11:08:14] csOutLpr1 접속성공
[11:08:14] [subcsOutLpr1] 10.22.30.20:3200 접속성공
[11:08:14] csInDsp1 접속성공
[11:08:16] SocketError > ErrorNo: [10061] Host: [10.22.30.10] Port: [5001] Name: [csOutDsp1] Msg: [서버가 죽었거나 클라이언트에서 접속환경이 잘못되었을때 나타나는 현상]
[11:08:16] csOutDsp1 연결끊김
[11:08:46] SocketError > ErrorNo: [10061] Host: [10.22.30.10] Port: [5001] Name: [csOutDsp1] Msg: [서버가 죽었거나 클라이언트에서 접속환경이 잘못되었을때 나타나는 현상]
[11:08:46] csOutDsp1 연결끊김
[11:09:04] Program Close
**************************************************************
[11:11:55] Program Start!
[11:11:55] 홈넷예외LPR:
[11:11:55] [DB저장 모드]
[11:11:55] TfrmMain.btnModeClick: 유인운영
[11:11:55] 비로그인
[11:11:55] LPR재접속 쓰레드시작
[11:11:55] 전광판재접속 쓰레드시작
[11:11:55] 정기권연동 쓰레드시작
[11:11:56] csInLpr1 접속성공
[11:11:56] [subcsInLpr1] 10.22.30.20:2200 접속성공
[11:11:56] csOutLpr1 접속성공
[11:11:56] [subcsOutLpr1] 10.22.30.20:3200 접속성공
[11:11:56] csInDsp1 접속성공
[11:11:58] SocketError > ErrorNo: [10061] Host: [10.22.30.10] Port: [5001] Name: [csOutDsp1] Msg: [서버가 죽었거나 클라이언트에서 접속환경이 잘못되었을때 나타나는 현상]
[11:11:58] csOutDsp1 연결끊김
[11:12:04] Program Close
**************************************************************
[11:12:39] Program Start!
[11:12:39] 홈넷예외LPR:
[11:12:39] [DB저장 모드]
[11:12:39] TfrmMain.btnModeClick: 유인운영
[11:12:39] 비로그인
[11:12:39] LPR재접속 쓰레드시작
[11:12:39] 전광판재접속 쓰레드시작
[11:12:39] 정기권연동 쓰레드시작
[11:12:40] csInLpr1 접속성공
[11:12:40] [subcsInLpr1] 10.22.30.20:2200 접속성공
[11:12:40] [subcsOutLpr1] 10.22.30.20:3200 접속성공
[11:12:40] csInDsp1 접속성공
[11:12:40] csOutLpr1 접속성공
[11:12:42] SocketError > ErrorNo: [10061] Host: [10.22.30.10] Port: [5001] Name: [csOutDsp1] Msg: [서버가 죽었거나 클라이언트에서 접속환경이 잘못되었을때 나타나는 현상]
[11:12:42] csOutDsp1 연결끊김
[11:12:53] Program Close
**************************************************************
[11:17:06] Program Start!
[11:17:06] 홈넷예외LPR:
[11:17:06] [DB저장 모드]
[11:17:06] TfrmMain.btnModeClick: 유인운영
[11:17:06] 비로그인
[11:17:06] LPR재접속 쓰레드시작
[11:17:07] 전광판재접속 쓰레드시작
[11:17:07] 정기권연동 쓰레드시작
[11:17:07] csInLpr1 접속성공
[11:17:07] [subcsInLpr1] 10.22.30.20:2200 접속성공
[11:17:07] [subcsOutLpr1] 10.22.30.20:3200 접속성공
[11:17:07] csOutLpr1 접속성공
[11:17:07] csInDsp1 접속성공
[11:17:09] Program Close
**************************************************************
[11:20:56] Program Start!
[11:20:56] 홈넷예외LPR:
[11:20:56] [DB저장 모드]
[11:20:56] TfrmMain.btnModeClick: 유인운영
[11:20:56] 비로그인
[11:20:56] LPR재접속 쓰레드시작
[11:20:56] 전광판재접속 쓰레드시작
[11:20:56] 정기권연동 쓰레드시작
[11:20:57] csInLpr1 접속성공
[11:20:57] [subcsInLpr1] 10.22.30.20:2200 접속성공
[11:20:57] [subcsOutLpr1] 10.22.30.20:3200 접속성공
[11:20:57] csOutLpr1 접속성공
[11:20:57] csInDsp1 접속성공
[11:20:59] SocketError > ErrorNo: [10061] Host: [10.22.30.10] Port: [5001] Name: [csOutDsp1] Msg: [서버가 죽었거나 클라이언트에서 접속환경이 잘못되었을때 나타나는 현상]
[11:20:59] csOutDsp1 연결끊김
[11:21:15] Program Close
**************************************************************
[11:21:57] Program Start!
[11:21:57] 홈넷예외LPR:
[11:21:57] [DB저장 모드]
[11:21:57] TfrmMain.btnModeClick: 유인운영
[11:21:57] 비로그인
[11:21:57] LPR재접속 쓰레드시작
[11:21:58] 전광판재접속 쓰레드시작
[11:21:58] 정기권연동 쓰레드시작
[11:21:58] csInLpr1 접속성공
[11:21:58] [subcsInLpr1] 10.22.30.20:2200 접속성공
[11:21:58] [subcsOutLpr1] 10.22.30.20:3200 접속성공
[11:21:58] csOutLpr1 접속성공
[11:21:58] csInDsp1 접속성공
[11:22:00] SocketError > ErrorNo: [10061] Host: [10.22.30.10] Port: [5001] Name: [csOutDsp1] Msg: [서버가 죽었거나 클라이언트에서 접속환경이 잘못되었을때 나타나는 현상]
[11:22:00] csOutDsp1 연결끊김
[11:22:17] Program Close
**************************************************************
[11:29:03] Program Start!
[11:29:03] 홈넷예외LPR:
[11:29:03] [DB저장 모드]
[11:29:03] TfrmMain.btnModeClick: 유인운영
[11:29:03] 비로그인
[11:29:03] LPR재접속 쓰레드시작
[11:29:03] 전광판재접속 쓰레드시작
[11:29:03] 정기권연동 쓰레드시작
[11:29:04] csInLpr1 접속성공
[11:29:04] [subcsInLpr1] 10.22.30.20:2200 접속성공
[11:29:04] [subcsOutLpr1] 10.22.30.20:3200 접속성공
[11:29:04] csOutLpr1 접속성공
[11:29:04] csInDsp1 접속성공
[11:29:06] SocketError > ErrorNo: [10061] Host: [10.22.30.10] Port: [5001] Name: [csOutDsp1] Msg: [서버가 죽었거나 클라이언트에서 접속환경이 잘못되었을때 나타나는 현상]
[11:29:06] csOutDsp1 연결끊김
[11:29:12] Program Close
**************************************************************
[12:23:28] Program Start!
[12:23:28] 홈넷예외LPR:
[12:23:28] [DB저장 모드]
[12:23:28] TfrmMain.btnModeClick: 유인운영
[12:23:28] 비로그인
[12:23:29] LPR재접속 쓰레드시작
[12:23:29] 전광판재접속 쓰레드시작
[12:23:29] 정기권연동 쓰레드시작
[12:23:29] [subcsInLpr1] 10.22.30.20:2200 접속성공
[12:23:30] csInLpr1 접속성공
[12:23:30] csOutLpr1 접속성공
[12:23:30] csInDsp1 접속성공
[12:23:30] [subcsOutLpr1] 10.22.30.20:3200 접속성공
[12:23:32] SocketError > ErrorNo: [10061] Host: [10.22.30.10] Port: [5001] Name: [csOutDsp1] Msg: [서버가 죽었거나 클라이언트에서 접속환경이 잘못되었을때 나타나는 현상]
[12:23:32] csOutDsp1 연결끊김
[12:23:43] Program Close
**************************************************************
[12:25:19] Program Start!
[12:25:19] 홈넷예외LPR:
[12:25:19] [DB저장 모드]
[12:25:19] TfrmMain.btnModeClick: 유인운영
[12:25:20] 비로그인
[12:25:20] LPR재접속 쓰레드시작
[12:25:20] 전광판재접속 쓰레드시작
[12:25:20] 정기권연동 쓰레드시작
[12:25:21] [subcsInLpr1] 10.22.30.20:2200 접속성공
[12:25:21] csInLpr1 접속성공
[12:25:21] [subcsOutLpr1] 10.22.30.20:3200 접속성공
[12:25:21] csOutLpr1 접속성공
[12:25:21] csInDsp1 접속성공
[12:25:23] SocketError > ErrorNo: [10061] Host: [10.22.30.10] Port: [5001] Name: [csOutDsp1] Msg: [서버가 죽었거나 클라이언트에서 접속환경이 잘못되었을때 나타나는 현상]
[12:25:23] csOutDsp1 연결끊김
[12:25:31] Program Close
**************************************************************
[12:33:48] Program Start!
[12:33:48] 홈넷예외LPR:
[12:33:48] [DB저장 모드]
[12:33:48] TfrmMain.btnModeClick: 유인운영
[12:33:49] 비로그인
[12:33:49] LPR재접속 쓰레드시작
[12:33:50] 전광판재접속 쓰레드시작
[12:33:50] 정기권연동 쓰레드시작
[12:33:51] csInLpr1 접속성공
[12:33:51] [subcsInLpr1] 10.22.30.20:2200 접속성공
[12:33:51] [subcsOutLpr1] 10.22.30.20:3200 접속성공
[12:33:51] csOutLpr1 접속성공
[12:33:51] csInDsp1 접속성공
[12:33:53] SocketError > ErrorNo: [10061] Host: [10.22.30.10] Port: [5001] Name: [csOutDsp1] Msg: [서버가 죽었거나 클라이언트에서 접속환경이 잘못되었을때 나타나는 현상]
[12:33:53] csOutDsp1 연결끊김
**************************************************************
[12:44:46] Program Start!
[12:44:46] 홈넷예외LPR:
[12:44:46] [DB저장 모드]
[12:44:46] TfrmMain.btnModeClick: 유인운영
[12:44:47] 비로그인
[12:44:48] 정기권연동 쓰레드시작
[12:44:49] csInLpr1 접속성공
[12:44:49] [subcsInLpr1] 10.22.30.20:2200 접속성공
[12:44:49] [subcsOutLpr1] 10.22.30.20:3200 접속성공
[12:44:49] csOutLpr1 접속성공
[12:44:49] csInDsp1 접속성공
[12:44:51] SocketError > ErrorNo: [10061] Host: [10.22.30.10] Port: [5001] Name: [csOutDsp1] Msg: [서버가 죽었거나 클라이언트에서 접속환경이 잘못되었을때 나타나는 현상]
[12:44:51] csOutDsp1 연결끊김
**************************************************************
[12:47:27] Program Start!
[12:47:27] 홈넷예외LPR:
[12:47:27] [DB저장 모드]
[12:47:27] TfrmMain.btnModeClick: 유인운영
[12:47:28] 비로그인
[12:47:28] LPR재접속 쓰레드시작
[12:47:28] 전광판재접속 쓰레드시작
[12:47:28] 정기권연동 쓰레드시작
[12:47:29] csInLpr1 접속성공
[12:47:29] [subcsOutLpr1] 10.22.30.20:3200 접속성공
[12:47:29] [subcsInLpr1] 10.22.30.20:2200 접속성공
[12:47:29] csOutLpr1 접속성공
[12:47:29] csInDsp1 접속성공
[12:47:31] SocketError > ErrorNo: [10061] Host: [10.22.30.10] Port: [5001] Name: [csOutDsp1] Msg: [서버가 죽었거나 클라이언트에서 접속환경이 잘못되었을때 나타나는 현상]
[12:47:31] csOutDsp1 연결끊김
[12:47:51] Program Close
**************************************************************
[12:49:23] Program Start!
[12:49:23] 홈넷예외LPR:
[12:49:23] [DB저장 모드]
[12:49:23] TfrmMain.btnModeClick: 유인운영
[12:49:24] 비로그인
[12:49:24] LPR재접속 쓰레드시작
[12:49:24] 전광판재접속 쓰레드시작
[12:49:24] 정기권연동 쓰레드시작
[12:49:25] csInLpr1 접속성공
[12:49:25] [subcsInLpr1] 10.22.30.20:2200 접속성공
[12:49:25] [subcsOutLpr1] 10.22.30.20:3200 접속성공
[12:49:25] csOutLpr1 접속성공
[12:49:25] csInDsp1 접속성공
[12:49:27] SocketError > ErrorNo: [10061] Host: [10.22.30.10] Port: [5001] Name: [csOutDsp1] Msg: [서버가 죽었거나 클라이언트에서 접속환경이 잘못되었을때 나타나는 현상]
[12:49:27] csOutDsp1 연결끊김
**************************************************************
[12:50:23] Program Start!
[12:50:23] 홈넷예외LPR:
[12:50:23] [DB저장 모드]
[12:50:24] TfrmMain.btnModeClick: 유인운영
[12:50:25] 비로그인
[12:50:25] LPR재접속 쓰레드시작
[12:50:25] 정기권연동 쓰레드시작
[12:50:27] csInLpr1 접속성공
[12:50:27] [subcsOutLpr1] 10.22.30.20:3200 접속성공
[12:50:27] [subcsInLpr1] 10.22.30.20:2200 접속성공
[12:50:27] csOutLpr1 접속성공
[12:50:27] csInDsp1 접속성공
[12:50:29] SocketError > ErrorNo: [10061] Host: [10.22.30.10] Port: [5001] Name: [csOutDsp1] Msg: [서버가 죽었거나 클라이언트에서 접속환경이 잘못되었을때 나타나는 현상]
[12:50:29] csOutDsp1 연결끊김
**************************************************************
[13:08:00] Program Start!
[13:08:00] 홈넷예외LPR:
[13:08:00] [DB저장 모드]
[13:08:00] TfrmMain.btnModeClick: 유인운영
[13:08:01] 비로그인
[13:08:02] LPR재접속 쓰레드시작
[13:08:03] csInLpr1 접속성공
[13:08:03] [subcsOutLpr1] 10.22.30.20:3200 접속성공
[13:08:03] [subcsInLpr1] 10.22.30.20:2200 접속성공
[13:08:03] csOutLpr1 접속성공
[13:08:03] csInDsp1 접속성공
[13:08:30] SocketError > ErrorNo: [10061] Host: [10.22.30.10] Port: [5001] Name: [csOutDsp1] Msg: [서버가 죽었거나 클라이언트에서 접속환경이 잘못되었을때 나타나는 현상]
[13:08:30] csOutDsp1 연결끊김
[13:08:35] Program Close
**************************************************************
[13:11:13] Program Start!
[13:11:13] 홈넷예외LPR:
[13:11:13] [DB저장 모드]
[13:11:13] TfrmMain.btnModeClick: 유인운영
[13:11:14] 비로그인
[13:11:14] LPR재접속 쓰레드시작
[13:11:14] 전광판재접속 쓰레드시작
[13:11:14] 정기권연동 쓰레드시작
[13:11:15] csInLpr1 접속성공
[13:11:15] [subcsInLpr1] 10.22.30.20:2200 접속성공
[13:11:15] [subcsOutLpr1] 10.22.30.20:3200 접속성공
[13:11:15] csOutLpr1 접속성공
[13:11:15] csInDsp1 접속성공
[13:11:17] SocketError > ErrorNo: [10061] Host: [10.22.30.10] Port: [5001] Name: [csOutDsp1] Msg: [서버가 죽었거나 클라이언트에서 접속환경이 잘못되었을때 나타나는 현상]
[13:11:17] csOutDsp1 연결끊김
**************************************************************
[13:12:49] Program Start!
[13:12:49] 홈넷예외LPR:
[13:12:49] [DB저장 모드]
[13:12:49] TfrmMain.btnModeClick: 유인운영
[13:12:50] 비로그인
[13:12:50] LPR재접속 쓰레드시작
[13:12:50] 전광판재접속 쓰레드시작
[13:12:51] 정기권연동 쓰레드시작
[13:12:52] csInLpr1 접속성공
[13:12:52] [subcsInLpr1] 10.22.30.20:2200 접속성공
[13:12:52] [subcsOutLpr1] 10.22.30.20:3200 접속성공
[13:12:52] csOutLpr1 접속성공
[13:12:52] csInDsp1 접속성공
[13:12:54] SocketError > ErrorNo: [10061] Host: [10.22.30.10] Port: [5001] Name: [csOutDsp1] Msg: [서버가 죽었거나 클라이언트에서 접속환경이 잘못되었을때 나타나는 현상]
[13:12:54] csOutDsp1 연결끊김
[13:13:17] Program Close
**************************************************************
[13:14:43] Program Start!
[13:14:44] 홈넷예외LPR:
[13:14:44] [DB저장 모드]
[13:14:44] TfrmMain.btnModeClick: 유인운영
[13:14:45] 비로그인
[13:14:45] LPR재접속 쓰레드시작
[13:14:46] csInLpr1 접속성공
[13:14:46] [subcsInLpr1] 10.22.30.20:2200 접속성공
[13:14:46] [subcsOutLpr1] 10.22.30.20:3200 접속성공
[13:14:46] csOutLpr1 접속성공
[13:14:46] csInDsp1 접속성공
[13:14:48] SocketError > ErrorNo: [10061] Host: [10.22.30.10] Port: [5001] Name: [csOutDsp1] Msg: [서버가 죽었거나 클라이언트에서 접속환경이 잘못되었을때 나타나는 현상]
[13:14:48] csOutDsp1 연결끊김
[13:15:20] SocketError > ErrorNo: [10061] Host: [10.22.30.10] Port: [5001] Name: [csOutDsp1] Msg: [서버가 죽었거나 클라이언트에서 접속환경이 잘못되었을때 나타나는 현상]
[13:15:20] csOutDsp1 연결끊김
**************************************************************
[13:25:22] Program Start!
[13:25:22] 홈넷예외LPR:
[13:25:22] [DB저장 모드]
[13:25:22] TfrmMain.btnModeClick: 유인운영
[13:25:23] 비로그인
[13:25:23] LPR재접속 쓰레드시작
[13:25:23] 전광판재접속 쓰레드시작
[13:25:24] 정기권연동 쓰레드시작
[13:25:25] csInLpr1 접속성공
[13:25:25] [subcsOutLpr1] 10.22.30.20:3200 접속성공
[13:25:25] [subcsInLpr1] 10.22.30.20:2200 접속성공
[13:25:25] csOutLpr1 접속성공
[13:25:25] csInDsp1 접속성공
[13:25:27] SocketError > ErrorNo: [10061] Host: [10.22.30.10] Port: [5001] Name: [csOutDsp1] Msg: [서버가 죽었거나 클라이언트에서 접속환경이 잘못되었을때 나타나는 현상]
[13:25:27] csOutDsp1 연결끊김
**************************************************************
[13:37:43] Program Start!
[13:37:43] 홈넷예외LPR:
[13:37:43] [DB저장 모드]
[13:37:43] TfrmMain.btnModeClick: 유인운영
[13:37:44] 비로그인
[13:37:45] LPR재접속 쓰레드시작
[13:37:45] 전광판재접속 쓰레드시작
[13:37:45] 정기권연동 쓰레드시작
[13:37:45] csInLpr1 접속성공
[13:37:45] [subcsOutLpr1] 10.22.30.20:3200 접속성공
[13:37:45] [subcsInLpr1] 10.22.30.20:2200 접속성공
[13:37:45] csOutLpr1 접속성공
[13:37:45] csInDsp1 접속성공
[13:37:47] SocketError > ErrorNo: [10061] Host: [10.22.30.10] Port: [5001] Name: [csOutDsp1] Msg: [서버가 죽었거나 클라이언트에서 접속환경이 잘못되었을때 나타나는 현상]
[13:37:47] csOutDsp1 연결끊김
**************************************************************
[13:38:43] Program Start!
[13:38:43] 홈넷예외LPR:
[13:38:43] [DB저장 모드]
[13:38:43] TfrmMain.btnModeClick: 유인운영
[13:38:44] 비로그인
[13:38:44] LPR재접속 쓰레드시작
[13:38:44] 전광판재접속 쓰레드시작
[13:38:45] 정기권연동 쓰레드시작
[13:38:46] csInLpr1 접속성공
[13:38:46] [subcsInLpr1] 10.22.30.20:2200 접속성공
[13:38:46] [subcsOutLpr1] 10.22.30.20:3200 접속성공
[13:38:46] csOutLpr1 접속성공
[13:38:46] csInDsp1 접속성공
**************************************************************
[13:47:29] Program Start!
[13:47:29] 홈넷예외LPR:
[13:47:29] [DB저장 모드]
[13:47:29] TfrmMain.btnModeClick: 유인운영
[13:47:31] 비로그인
[13:47:31] LPR재접속 쓰레드시작
[13:47:33] csInLpr1 접속성공
[13:47:33] [subcsOutLpr1] 10.22.30.20:3200 접속성공
[13:47:33] [subcsInLpr1] 10.22.30.20:2200 접속성공
[13:47:33] csOutLpr1 접속성공
[13:47:33] csInDsp1 접속성공
[13:47:35] SocketError > ErrorNo: [10061] Host: [10.22.30.10] Port: [5001] Name: [csOutDsp1] Msg: [서버가 죽었거나 클라이언트에서 접속환경이 잘못되었을때 나타나는 현상]
[13:47:35] csOutDsp1 연결끊김
[13:48:05] SocketError > ErrorNo: [10061] Host: [10.22.30.10] Port: [5001] Name: [csOutDsp1] Msg: [서버가 죽었거나 클라이언트에서 접속환경이 잘못되었을때 나타나는 현상]
[13:48:05] csOutDsp1 연결끊김
[13:48:44] SocketError > ErrorNo: [10061] Host: [10.22.30.10] Port: [5001] Name: [csOutDsp1] Msg: [서버가 죽었거나 클라이언트에서 접속환경이 잘못되었을때 나타나는 현상]
[13:48:44] csOutDsp1 연결끊김
**************************************************************
[13:50:17] Program Start!
[13:50:17] 홈넷예외LPR:
[13:50:17] [DB저장 모드]
[13:50:17] TfrmMain.btnModeClick: 유인운영
[13:50:18] 비로그인
[13:50:18] LPR재접속 쓰레드시작
[13:50:18] 정기권연동 쓰레드시작
[13:50:19] csInLpr1 접속성공
[13:50:19] [subcsInLpr1] 10.22.30.20:2200 접속성공
[13:50:19] [subcsOutLpr1] 10.22.30.20:3200 접속성공
[13:50:19] csOutLpr1 접속성공
[13:50:19] csInDsp1 접속성공
[13:50:21] SocketError > ErrorNo: [10061] Host: [10.22.30.10] Port: [5001] Name: [csOutDsp1] Msg: [서버가 죽었거나 클라이언트에서 접속환경이 잘못되었을때 나타나는 현상]
[13:50:21] csOutDsp1 연결끊김
**************************************************************
[13:51:46] Program Start!
[13:51:46] 홈넷예외LPR:
[13:51:46] [DB저장 모드]
[13:51:46] TfrmMain.btnModeClick: 유인운영
[13:51:46] 비로그인
[13:51:47] LPR재접속 쓰레드시작
[13:51:47] 전광판재접속 쓰레드시작
[13:51:47] 정기권연동 쓰레드시작
[13:51:48] csInLpr1 접속성공
[13:51:48] [subcsInLpr1] 10.22.30.20:2200 접속성공
[13:51:48] [subcsOutLpr1] 10.22.30.20:3200 접속성공
[13:51:48] csOutLpr1 접속성공
[13:51:48] csInDsp1 접속성공
[13:51:50] SocketError > ErrorNo: [10061] Host: [10.22.30.10] Port: [5001] Name: [csOutDsp1] Msg: [서버가 죽었거나 클라이언트에서 접속환경이 잘못되었을때 나타나는 현상]
[13:51:50] csOutDsp1 연결끊김
**************************************************************
[13:52:33] Program Start!
[13:52:33] 홈넷예외LPR:
[13:52:33] [DB저장 모드]
[13:52:33] TfrmMain.btnModeClick: 유인운영
[13:52:34] 비로그인
[13:52:34] LPR재접속 쓰레드시작
[13:52:34] 전광판재접속 쓰레드시작
[13:52:35] csInLpr1 접속성공
[13:52:36] [subcsOutLpr1] 10.22.30.20:3200 접속성공
[13:52:36] [subcsInLpr1] 10.22.30.20:2200 접속성공
[13:52:36] csOutLpr1 접속성공
[13:52:36] csInDsp1 접속성공
[13:52:37] SocketError > ErrorNo: [10061] Host: [10.22.30.10] Port: [5001] Name: [csOutDsp1] Msg: [서버가 죽었거나 클라이언트에서 접속환경이 잘못되었을때 나타나는 현상]
[13:52:38] csOutDsp1 연결끊김
**************************************************************
[13:53:49] Program Start!
[13:53:49] 홈넷예외LPR:
[13:53:49] [DB저장 모드]
[13:53:49] TfrmMain.btnModeClick: 유인운영
[13:53:50] 비로그인
[13:53:52] csInLpr1 접속성공
[13:53:52] [subcsOutLpr1] 10.22.30.20:3200 접속성공
[13:53:52] [subcsInLpr1] 10.22.30.20:2200 접속성공
[13:53:52] csOutLpr1 접속성공
[13:53:52] csInDsp1 접속성공
[13:53:54] SocketError > ErrorNo: [10061] Host: [10.22.30.10] Port: [5001] Name: [csOutDsp1] Msg: [서버가 죽었거나 클라이언트에서 접속환경이 잘못되었을때 나타나는 현상]
[13:53:54] csOutDsp1 연결끊김
**************************************************************
[13:55:19] Program Start!
[13:55:19] 홈넷예외LPR:
[13:55:19] [DB저장 모드]
[13:55:19] TfrmMain.btnModeClick: 유인운영
[13:55:20] 비로그인
[13:55:21] LPR재접속 쓰레드시작
[13:55:21] csInLpr1 접속성공
[13:55:21] [subcsInLpr1] 10.22.30.20:2200 접속성공
[13:55:22] csOutLpr1 접속성공
[13:55:22] [subcsOutLpr1] 10.22.30.20:3200 접속성공
[13:55:22] csInDsp1 접속성공
[13:55:24] SocketError > ErrorNo: [10061] Host: [10.22.30.10] Port: [5001] Name: [csOutDsp1] Msg: [서버가 죽었거나 클라이언트에서 접속환경이 잘못되었을때 나타나는 현상]
[13:55:24] csOutDsp1 연결끊김
**************************************************************
[14:06:52] Program Start!
[14:06:52] 홈넷예외LPR:
[14:06:52] [DB저장 모드]
[14:06:52] TfrmMain.btnModeClick: 유인운영
[14:06:54] 비로그인
[14:06:54] LPR재접속 쓰레드시작
[14:06:55] 정기권연동 쓰레드시작
[14:06:55] csInLpr1 접속성공
[14:06:56] [subcsInLpr1] 10.22.30.20:2200 접속성공
[14:06:56] [subcsOutLpr1] 10.22.30.20:3200 접속성공
[14:06:56] csOutLpr1 접속성공
[14:06:56] csInDsp1 접속성공
[14:06:58] SocketError > ErrorNo: [10061] Host: [10.22.30.10] Port: [5001] Name: [csOutDsp1] Msg: [서버가 죽었거나 클라이언트에서 접속환경이 잘못되었을때 나타나는 현상]
[14:06:58] csOutDsp1 연결끊김
**************************************************************
[14:09:09] Program Start!
[14:09:09] 홈넷예외LPR:
[14:09:09] [DB저장 모드]
[14:09:10] TfrmMain.btnModeClick: 유인운영
[14:09:10] 비로그인
[14:09:11] LPR재접속 쓰레드시작
[14:09:11] 정기권연동 쓰레드시작
[14:09:12] csInLpr1 접속성공
[14:09:12] [subcsInLpr1] 10.22.30.20:2200 접속성공
[14:09:12] [subcsOutLpr1] 10.22.30.20:3200 접속성공
[14:09:12] csInDsp1 접속성공
[14:09:12] csOutLpr1 접속성공
**************************************************************
[14:10:48] Program Start!
[14:10:48] 홈넷예외LPR:
[14:10:48] [DB저장 모드]
[14:10:48] TfrmMain.btnModeClick: 유인운영
[14:10:49] 비로그인
[14:10:49] 전광판재접속 쓰레드시작
[14:10:50] 정기권연동 쓰레드시작
[14:10:50] csInLpr1 접속성공
[14:10:50] [subcsInLpr1] 10.22.30.20:2200 접속성공
[14:10:50] [subcsOutLpr1] 10.22.30.20:3200 접속성공
[14:10:50] csInDsp1 접속성공
[14:10:50] csOutLpr1 접속성공
[14:10:52] SocketError > ErrorNo: [10061] Host: [10.22.30.10] Port: [5001] Name: [csOutDsp1] Msg: [서버가 죽었거나 클라이언트에서 접속환경이 잘못되었을때 나타나는 현상]
[14:10:52] csOutDsp1 연결끊김
[14:11:23] SocketError > ErrorNo: [10061] Host: [10.22.30.10] Port: [5001] Name: [csOutDsp1] Msg: [서버가 죽었거나 클라이언트에서 접속환경이 잘못되었을때 나타나는 현상]
[14:11:23] csOutDsp1 연결끊김
**************************************************************
[14:12:04] Program Start!
[14:12:04] 홈넷예외LPR:
[14:12:04] [DB저장 모드]
[14:12:04] TfrmMain.btnModeClick: 유인운영
[14:12:05] 비로그인
[14:12:05] LPR재접속 쓰레드시작
[14:12:05] 정기권연동 쓰레드시작
[14:12:06] csInLpr1 접속성공
[14:12:06] [subcsOutLpr1] 10.22.30.20:3200 접속성공
[14:12:06] [subcsInLpr1] 10.22.30.20:2200 접속성공
[14:12:06] csOutLpr1 접속성공
[14:12:06] csInDsp1 접속성공
[14:12:08] SocketError > ErrorNo: [10061] Host: [10.22.30.10] Port: [5001] Name: [csOutDsp1] Msg: [서버가 죽었거나 클라이언트에서 접속환경이 잘못되었을때 나타나는 현상]
[14:12:08] csOutDsp1 연결끊김
**************************************************************
[14:12:59] Program Start!
[14:12:59] 홈넷예외LPR:
[14:12:59] [DB저장 모드]
[14:12:59] TfrmMain.btnModeClick: 유인운영
[14:12:59] 비로그인
[14:13:00] LPR재접속 쓰레드시작
[14:13:00] 전광판재접속 쓰레드시작
[14:13:00] 정기권연동 쓰레드시작
[14:13:01] csInLpr1 접속성공
[14:13:01] [subcsInLpr1] 10.22.30.20:2200 접속성공
[14:13:01] [subcsOutLpr1] 10.22.30.20:3200 접속성공
[14:13:01] csOutLpr1 접속성공
[14:13:01] csInDsp1 접속성공
[14:13:04] SocketError > ErrorNo: [10061] Host: [10.22.30.10] Port: [5001] Name: [csOutDsp1] Msg: [서버가 죽었거나 클라이언트에서 접속환경이 잘못되었을때 나타나는 현상]
[14:13:04] csOutDsp1 연결끊김
**************************************************************
[14:18:29] Program Start!
[14:18:29] 홈넷예외LPR:
[14:18:29] [DB저장 모드]
[14:18:30] TfrmMain.btnModeClick: 유인운영
[14:18:30] 비로그인
[14:18:30] LPR재접속 쓰레드시작
[14:18:31] 전광판재접속 쓰레드시작
[14:18:31] 정기권연동 쓰레드시작
[14:18:32] csInLpr1 접속성공
[14:18:32] [subcsOutLpr1] 10.22.30.20:3200 접속성공
[14:18:32] [subcsInLpr1] 10.22.30.20:2200 접속성공
[14:18:32] csOutLpr1 접속성공
[14:18:32] csInDsp1 접속성공
[14:18:34] SocketError > ErrorNo: [10061] Host: [10.22.30.10] Port: [5001] Name: [csOutDsp1] Msg: [서버가 죽었거나 클라이언트에서 접속환경이 잘못되었을때 나타나는 현상]
[14:18:34] csOutDsp1 연결끊김
[14:18:44] Program Close
**************************************************************
[14:24:22] Program Start!
[14:24:22] 홈넷예외LPR:
[14:24:22] [DB저장 모드]
[14:24:22] TfrmMain.btnModeClick: 유인운영
[14:24:23] 비로그인
[14:24:23] LPR재접속 쓰레드시작
[14:24:24] 정기권연동 쓰레드시작
[14:24:25] csInLpr1 접속성공
[14:24:25] [subcsInLpr1] 10.22.30.20:2200 접속성공
[14:24:25] [subcsOutLpr1] 10.22.30.20:3200 접속성공
[14:24:25] csOutLpr1 접속성공
[14:24:25] csInDsp1 접속성공
**************************************************************
[14:25:14] Program Start!
[14:25:14] 홈넷예외LPR:
[14:25:14] [DB저장 모드]
[14:25:14] TfrmMain.btnModeClick: 유인운영
[14:25:15] 비로그인
[14:25:16] LPR재접속 쓰레드시작
[14:25:16] 전광판재접속 쓰레드시작
[14:25:16] 정기권연동 쓰레드시작
[14:25:17] csInLpr1 접속성공
[14:25:17] csInDsp1 접속성공
[14:25:17] [subcsOutLpr1] 10.22.30.20:3200 접속성공
[14:25:17] [subcsInLpr1] 10.22.30.20:2200 접속성공
[14:25:17] csOutLpr1 접속성공
[14:25:19] SocketError > ErrorNo: [10061] Host: [10.22.30.10] Port: [5001] Name: [csOutDsp1] Msg: [서버가 죽었거나 클라이언트에서 접속환경이 잘못되었을때 나타나는 현상]
[14:25:20] csOutDsp1 연결끊김
**************************************************************
[14:25:42] Program Start!
[14:25:42] 홈넷예외LPR:
[14:25:42] [DB저장 모드]
[14:25:42] TfrmMain.btnModeClick: 유인운영
[14:25:43] 비로그인
[14:25:44] 정기권연동 쓰레드시작
[14:25:45] csInLpr1 접속성공
[14:25:45] [subcsInLpr1] 10.22.30.20:2200 접속성공
[14:25:45] csOutLpr1 접속성공
[14:25:45] [subcsOutLpr1] 10.22.30.20:3200 접속성공
[14:25:45] csInDsp1 접속성공
[14:25:50] SocketError > ErrorNo: [10061] Host: [10.22.30.10] Port: [5001] Name: [csOutDsp1] Msg: [서버가 죽었거나 클라이언트에서 접속환경이 잘못되었을때 나타나는 현상]
[14:25:50] csOutDsp1 연결끊김
**************************************************************
[14:30:32] Program Start!
[14:30:32] 홈넷예외LPR:
[14:30:32] [DB저장 모드]
[14:30:32] TfrmMain.btnModeClick: 유인운영
[14:30:33] 비로그인
[14:30:33] LPR재접속 쓰레드시작
[14:30:34] 전광판재접속 쓰레드시작
[14:30:34] 정기권연동 쓰레드시작
[14:30:35] csInLpr1 접속성공
[14:30:35] [subcsInLpr1] 10.22.30.20:2200 접속성공
[14:30:35] [subcsOutLpr1] 10.22.30.20:3200 접속성공
[14:30:35] csOutLpr1 접속성공
[14:30:35] csInDsp1 접속성공
[14:30:49] SocketError > ErrorNo: [10061] Host: [10.22.30.10] Port: [5001] Name: [csOutDsp1] Msg: [서버가 죽었거나 클라이언트에서 접속환경이 잘못되었을때 나타나는 현상]
[14:30:49] csOutDsp1 연결끊김
**************************************************************
[14:31:19] Program Start!
[14:31:19] 홈넷예외LPR:
[14:31:19] [DB저장 모드]
[14:31:19] TfrmMain.btnModeClick: 유인운영
[14:31:19] 비로그인
[14:31:20] LPR재접속 쓰레드시작
[14:31:20] 전광판재접속 쓰레드시작
[14:31:20] 정기권연동 쓰레드시작
[14:31:21] csInLpr1 접속성공
[14:31:21] [subcsInLpr1] 10.22.30.20:2200 접속성공
[14:31:21] [subcsOutLpr1] 10.22.30.20:3200 접속성공
[14:31:21] csOutLpr1 접속성공
[14:31:21] csInDsp1 접속성공
[14:31:23] SocketError > ErrorNo: [10061] Host: [10.22.30.10] Port: [5001] Name: [csOutDsp1] Msg: [서버가 죽었거나 클라이언트에서 접속환경이 잘못되었을때 나타나는 현상]
[14:31:23] csOutDsp1 연결끊김
**************************************************************
[14:33:51] Program Start!
[14:33:51] 홈넷예외LPR:
[14:33:51] [DB저장 모드]
[14:33:51] TfrmMain.btnModeClick: 유인운영
[14:33:52] 비로그인
[14:33:52] LPR재접속 쓰레드시작
[14:33:52] 전광판재접속 쓰레드시작
[14:33:53] 정기권연동 쓰레드시작
[14:33:53] csInLpr1 접속성공
[14:33:53] [subcsInLpr1] 10.22.30.20:2200 접속성공
[14:33:54] csOutLpr1 접속성공
[14:33:54] [subcsOutLpr1] 10.22.30.20:3200 접속성공
[14:33:54] csInDsp1 접속성공
[14:33:55] SocketError > ErrorNo: [10061] Host: [10.22.30.10] Port: [5001] Name: [csOutDsp1] Msg: [서버가 죽었거나 클라이언트에서 접속환경이 잘못되었을때 나타나는 현상]
[14:33:55] csOutDsp1 연결끊김
**************************************************************
[14:35:37] Program Start!
[14:35:37] 홈넷예외LPR:
[14:35:37] [DB저장 모드]
[14:35:37] TfrmMain.btnModeClick: 유인운영
[14:35:37] 비로그인
[14:35:38] 전광판재접속 쓰레드시작
[14:35:38] 정기권연동 쓰레드시작
[14:35:39] csInLpr1 접속성공
[14:35:39] [subcsInLpr1] 10.22.30.20:2200 접속성공
[14:35:39] [subcsOutLpr1] 10.22.30.20:3200 접속성공
[14:35:39] csOutLpr1 접속성공
[14:35:39] csInDsp1 접속성공
[14:35:41] SocketError > ErrorNo: [10061] Host: [10.22.30.10] Port: [5001] Name: [csOutDsp1] Msg: [서버가 죽었거나 클라이언트에서 접속환경이 잘못되었을때 나타나는 현상]
[14:35:41] csOutDsp1 연결끊김
**************************************************************
[14:41:29] Program Start!
[14:41:29] 홈넷예외LPR:
[14:41:29] [DB저장 모드]
[14:41:30] TfrmMain.btnModeClick: 유인운영
[14:41:30] 비로그인
[14:41:31] LPR재접속 쓰레드시작
[14:41:31] 전광판재접속 쓰레드시작
[14:41:31] 정기권연동 쓰레드시작
[14:41:31] csInLpr1 접속성공
[14:41:31] [subcsInLpr1] 10.22.30.20:2200 접속성공
[14:41:32] [subcsOutLpr1] 10.22.30.20:3200 접속성공
[14:41:32] csOutLpr1 접속성공
[14:41:32] csInDsp1 접속성공
[14:41:39] SocketError > ErrorNo: [10061] Host: [10.22.30.10] Port: [5001] Name: [csOutDsp1] Msg: [서버가 죽었거나 클라이언트에서 접속환경이 잘못되었을때 나타나는 현상]
[14:41:39] csOutDsp1 연결끊김
[14:41:47] Program Close
**************************************************************
[14:42:20] Program Start!
[14:42:20] 홈넷예외LPR:
[14:42:20] [DB저장 모드]
[14:42:20] TfrmMain.btnModeClick: 유인운영
[14:42:22] 비로그인
[14:42:22] LPR재접속 쓰레드시작
[14:42:22] 전광판재접속 쓰레드시작
[14:42:23] csInLpr1 접속성공
[14:42:23] [subcsInLpr1] 10.22.30.20:2200 접속성공
[14:42:23] [subcsOutLpr1] 10.22.30.20:3200 접속성공
[14:42:23] csOutLpr1 접속성공
[14:42:23] csInDsp1 접속성공
[14:42:25] SocketError > ErrorNo: [10061] Host: [10.22.30.10] Port: [5001] Name: [csOutDsp1] Msg: [서버가 죽었거나 클라이언트에서 접속환경이 잘못되었을때 나타나는 현상]
[14:42:25] csOutDsp1 연결끊김
**************************************************************
[14:43:03] Program Start!
[14:43:03] 홈넷예외LPR:
[14:43:03] [DB저장 모드]
[14:43:03] TfrmMain.btnModeClick: 유인운영
[14:43:04] 비로그인
[14:43:04] LPR재접속 쓰레드시작
[14:43:04] 전광판재접속 쓰레드시작
[14:43:05] 정기권연동 쓰레드시작
[14:43:05] csInLpr1 접속성공
[14:43:05] [subcsOutLpr1] 10.22.30.20:3200 접속성공
[14:43:05] [subcsInLpr1] 10.22.30.20:2200 접속성공
[14:43:05] csOutLpr1 접속성공
[14:43:05] csInDsp1 접속성공
[14:43:07] SocketError > ErrorNo: [10061] Host: [10.22.30.10] Port: [5001] Name: [csOutDsp1] Msg: [서버가 죽었거나 클라이언트에서 접속환경이 잘못되었을때 나타나는 현상]
[14:43:07] csOutDsp1 연결끊김
**************************************************************
[14:43:24] Program Start!
[14:43:24] 홈넷예외LPR:
[14:43:24] [DB저장 모드]
[14:43:24] TfrmMain.btnModeClick: 유인운영
[14:43:25] 비로그인
[14:43:26] LPR재접속 쓰레드시작
[14:43:26] 전광판재접속 쓰레드시작
[14:43:26] 정기권연동 쓰레드시작
[14:43:27] [subcsInLpr1] 10.22.30.20:2200 접속성공
[14:43:27] csInLpr1 접속성공
[14:43:27] [subcsOutLpr1] 10.22.30.20:3200 접속성공
[14:43:27] csOutLpr1 접속성공
[14:43:27] csInDsp1 접속성공
[14:43:29] SocketError > ErrorNo: [10061] Host: [10.22.30.10] Port: [5001] Name: [csOutDsp1] Msg: [서버가 죽었거나 클라이언트에서 접속환경이 잘못되었을때 나타나는 현상]
[14:43:29] csOutDsp1 연결끊김
[14:43:36] Program Close
**************************************************************
[14:44:33] Program Start!
[14:44:33] 홈넷예외LPR:
[14:44:33] [DB저장 모드]
[14:44:33] TfrmMain.btnModeClick: 유인운영
[14:44:34] 비로그인
[14:44:34] LPR재접속 쓰레드시작
[14:44:34] 전광판재접속 쓰레드시작
[14:44:36] csInLpr1 접속성공
[14:44:36] [subcsInLpr1] 10.22.30.20:2200 접속성공
[14:44:36] csOutLpr1 접속성공
[14:44:36] [subcsOutLpr1] 10.22.30.20:3200 접속성공
[14:44:36] csInDsp1 접속성공
[14:44:39] SocketError > ErrorNo: [10061] Host: [10.22.30.10] Port: [5001] Name: [csOutDsp1] Msg: [서버가 죽었거나 클라이언트에서 접속환경이 잘못되었을때 나타나는 현상]
[14:44:39] csOutDsp1 연결끊김
**************************************************************
[14:45:38] Program Start!
[14:45:38] 홈넷예외LPR:
[14:45:38] [DB저장 모드]
[14:45:38] TfrmMain.btnModeClick: 유인운영
[14:45:39] 비로그인
[14:45:39] LPR재접속 쓰레드시작
[14:45:39] 전광판재접속 쓰레드시작
[14:45:41] csInLpr1 접속성공
[14:45:41] [subcsInLpr1] 10.22.30.20:2200 접속성공
[14:45:41] [subcsOutLpr1] 10.22.30.20:3200 접속성공
[14:45:41] csInDsp1 접속성공
[14:45:41] csOutLpr1 접속성공
**************************************************************
[14:46:36] Program Start!
[14:46:36] 홈넷예외LPR:
[14:46:36] [DB저장 모드]
[14:46:36] TfrmMain.btnModeClick: 유인운영
[14:46:37] 비로그인
[14:46:38] LPR재접속 쓰레드시작
[14:46:38] 전광판재접속 쓰레드시작
[14:46:39] csInLpr1 접속성공
[14:46:39] [subcsInLpr1] 10.22.30.20:2200 접속성공
[14:46:39] [subcsOutLpr1] 10.22.30.20:3200 접속성공
[14:46:39] csOutLpr1 접속성공
[14:46:39] csInDsp1 접속성공
**************************************************************
[14:47:41] Program Start!
[14:47:41] 홈넷예외LPR:
[14:47:41] [DB저장 모드]
[14:47:42] TfrmMain.btnModeClick: 유인운영
[14:47:42] 비로그인
[14:47:43] LPR재접속 쓰레드시작
[14:47:43] 전광판재접속 쓰레드시작
[14:47:43] 정기권연동 쓰레드시작
[14:47:44] csInLpr1 접속성공
[14:47:44] [subcsInLpr1] 10.22.30.20:2200 접속성공
[14:47:44] csOutLpr1 접속성공
[14:47:44] [subcsOutLpr1] 10.22.30.20:3200 접속성공
[14:47:44] csInDsp1 접속성공
[14:47:54] SocketError > ErrorNo: [10061] Host: [10.22.30.10] Port: [5001] Name: [csOutDsp1] Msg: [서버가 죽었거나 클라이언트에서 접속환경이 잘못되었을때 나타나는 현상]
[14:47:54] csOutDsp1 연결끊김
**************************************************************
[14:48:19] Program Start!
[14:48:19] 홈넷예외LPR:
[14:48:19] [DB저장 모드]
[14:48:19] TfrmMain.btnModeClick: 유인운영
[14:48:20] 비로그인
[14:48:20] LPR재접속 쓰레드시작
[14:48:20] 전광판재접속 쓰레드시작
[14:48:20] 정기권연동 쓰레드시작
[14:48:22] csInLpr1 접속성공
[14:48:22] [subcsInLpr1] 10.22.30.20:2200 접속성공
[14:48:22] [subcsOutLpr1] 10.22.30.20:3200 접속성공
[14:48:22] csOutLpr1 접속성공
[14:48:22] csInDsp1 접속성공
[14:48:31] SocketError > ErrorNo: [10061] Host: [10.22.30.10] Port: [5001] Name: [csOutDsp1] Msg: [서버가 죽었거나 클라이언트에서 접속환경이 잘못되었을때 나타나는 현상]
[14:48:31] csOutDsp1 연결끊김
**************************************************************
[14:49:42] Program Start!
[14:49:42] 홈넷예외LPR:
[14:49:42] [DB저장 모드]
[14:49:42] TfrmMain.btnModeClick: 유인운영
[14:49:43] 비로그인
[14:49:43] LPR재접속 쓰레드시작
[14:49:43] 전광판재접속 쓰레드시작
[14:49:44] csInLpr1 접속성공
[14:49:44] [subcsOutLpr1] 10.22.30.20:3200 접속성공
[14:49:44] [subcsInLpr1] 10.22.30.20:2200 접속성공
[14:49:44] csOutLpr1 접속성공
[14:49:44] csInDsp1 접속성공
[14:49:46] SocketError > ErrorNo: [10061] Host: [10.22.30.10] Port: [5001] Name: [csOutDsp1] Msg: [서버가 죽었거나 클라이언트에서 접속환경이 잘못되었을때 나타나는 현상]
[14:49:46] csOutDsp1 연결끊김
**************************************************************
[14:50:21] Program Start!
[14:50:21] 홈넷예외LPR:
[14:50:21] [DB저장 모드]
[14:50:21] TfrmMain.btnModeClick: 유인운영
[14:50:22] 비로그인
[14:50:22] LPR재접속 쓰레드시작
[14:50:22] 전광판재접속 쓰레드시작
[14:50:23] 정기권연동 쓰레드시작
[14:50:24] csInLpr1 접속성공
[14:50:24] [subcsInLpr1] 10.22.30.20:2200 접속성공
[14:50:24] [subcsOutLpr1] 10.22.30.20:3200 접속성공
[14:50:24] csOutLpr1 접속성공
[14:50:24] csInDsp1 접속성공
[14:50:30] SocketError > ErrorNo: [10061] Host: [10.22.30.10] Port: [5001] Name: [csOutDsp1] Msg: [서버가 죽었거나 클라이언트에서 접속환경이 잘못되었을때 나타나는 현상]
[14:50:30] csOutDsp1 연결끊김
**************************************************************
[14:50:45] Program Start!
[14:50:45] 홈넷예외LPR:
[14:50:45] [DB저장 모드]
[14:50:46] TfrmMain.btnModeClick: 유인운영
[14:50:46] 비로그인
[14:50:47] LPR재접속 쓰레드시작
[14:50:47] 전광판재접속 쓰레드시작
[14:50:48] csInLpr1 접속성공
[14:50:48] [subcsInLpr1] 10.22.30.20:2200 접속성공
[14:50:48] [subcsOutLpr1] 10.22.30.20:3200 접속성공
[14:50:48] csOutLpr1 접속성공
[14:50:48] csInDsp1 접속성공
[14:50:51] SocketError > ErrorNo: [10061] Host: [10.22.30.10] Port: [5001] Name: [csOutDsp1] Msg: [서버가 죽었거나 클라이언트에서 접속환경이 잘못되었을때 나타나는 현상]
[14:50:51] csOutDsp1 연결끊김
**************************************************************
[14:53:10] Program Start!
[14:53:10] 홈넷예외LPR:
[14:53:10] [DB저장 모드]
[14:53:10] TfrmMain.btnModeClick: 유인운영
[14:53:11] 비로그인
[14:53:11] LPR재접속 쓰레드시작
[14:53:11] 전광판재접속 쓰레드시작
[14:53:12] 정기권연동 쓰레드시작
[14:53:13] csInLpr1 접속성공
[14:53:13] [subcsInLpr1] 10.22.30.20:2200 접속성공
[14:53:13] csOutLpr1 접속성공
[14:53:13] [subcsOutLpr1] 10.22.30.20:3200 접속성공
[14:53:13] csInDsp1 접속성공
[14:53:15] SocketError > ErrorNo: [10061] Host: [10.22.30.10] Port: [5001] Name: [csOutDsp1] Msg: [서버가 죽었거나 클라이언트에서 접속환경이 잘못되었을때 나타나는 현상]
[14:53:15] csOutDsp1 연결끊김
**************************************************************
[14:53:44] Program Start!
[14:53:44] 홈넷예외LPR:
[14:53:44] [DB저장 모드]
[14:53:44] TfrmMain.btnModeClick: 유인운영
[14:53:45] 비로그인
[14:53:45] LPR재접속 쓰레드시작
[14:53:46] 정기권연동 쓰레드시작
[14:53:47] csInLpr1 접속성공
[14:53:47] [subcsInLpr1] 10.22.30.20:2200 접속성공
[14:53:47] [subcsOutLpr1] 10.22.30.20:3200 접속성공
[14:53:47] csOutLpr1 접속성공
[14:53:47] csInDsp1 접속성공
[14:53:51] SocketError > ErrorNo: [10061] Host: [10.22.30.10] Port: [5001] Name: [csOutDsp1] Msg: [서버가 죽었거나 클라이언트에서 접속환경이 잘못되었을때 나타나는 현상]
[14:53:51] csOutDsp1 연결끊김
**************************************************************
[14:54:15] Program Start!
[14:54:15] 홈넷예외LPR:
[14:54:15] [DB저장 모드]
[14:54:15] TfrmMain.btnModeClick: 유인운영
[14:54:16] 비로그인
[14:54:16] LPR재접속 쓰레드시작
[14:54:16] 전광판재접속 쓰레드시작
[14:54:16] 정기권연동 쓰레드시작
[14:54:17] csInLpr1 접속성공
[14:54:17] [subcsInLpr1] 10.22.30.20:2200 접속성공
[14:54:17] [subcsOutLpr1] 10.22.30.20:3200 접속성공
[14:54:17] csOutLpr1 접속성공
[14:54:17] csInDsp1 접속성공
[14:54:19] SocketError > ErrorNo: [10061] Host: [10.22.30.10] Port: [5001] Name: [csOutDsp1] Msg: [서버가 죽었거나 클라이언트에서 접속환경이 잘못되었을때 나타나는 현상]
[14:54:19] csOutDsp1 연결끊김
**************************************************************
[14:55:23] Program Start!
[14:55:23] 홈넷예외LPR:
[14:55:23] [DB저장 모드]
[14:55:23] TfrmMain.btnModeClick: 유인운영
[14:55:23] 비로그인
[14:55:24] LPR재접속 쓰레드시작
[14:55:24] csInLpr1 접속성공
[14:55:24] [subcsInLpr1] 10.22.30.20:2200 접속성공
[14:55:24] [subcsOutLpr1] 10.22.30.20:3200 접속성공
[14:55:24] csOutLpr1 접속성공
[14:55:24] csInDsp1 접속성공
[14:55:28] SocketError > ErrorNo: [10061] Host: [10.22.30.10] Port: [5001] Name: [csOutDsp1] Msg: [서버가 죽었거나 클라이언트에서 접속환경이 잘못되었을때 나타나는 현상]
[14:55:28] csOutDsp1 연결끊김
**************************************************************
[14:56:07] Program Start!
[14:56:07] 홈넷예외LPR:
[14:56:07] [DB저장 모드]
[14:56:07] TfrmMain.btnModeClick: 유인운영
[14:56:08] 비로그인
[14:56:09] 전광판재접속 쓰레드시작
[14:56:10] csInLpr1 접속성공
[14:56:10] [subcsInLpr1] 10.22.30.20:2200 접속성공
[14:56:10] [subcsOutLpr1] 10.22.30.20:3200 접속성공
[14:56:10] csOutLpr1 접속성공
[14:56:10] csInDsp1 접속성공
[14:56:14] SocketError > ErrorNo: [10061] Host: [10.22.30.10] Port: [5001] Name: [csOutDsp1] Msg: [서버가 죽었거나 클라이언트에서 접속환경이 잘못되었을때 나타나는 현상]
[14:56:14] csOutDsp1 연결끊김
**************************************************************
[14:56:33] Program Start!
[14:56:33] 홈넷예외LPR:
[14:56:33] [DB저장 모드]
[14:56:33] TfrmMain.btnModeClick: 유인운영
[14:56:34] 비로그인
[14:56:35] LPR재접속 쓰레드시작
[14:56:35] 전광판재접속 쓰레드시작
[14:56:36] csInLpr1 접속성공
[14:56:36] [subcsInLpr1] 10.22.30.20:2200 접속성공
[14:56:36] [subcsOutLpr1] 10.22.30.20:3200 접속성공
[14:56:36] csOutLpr1 접속성공
[14:56:36] csInDsp1 접속성공
[14:56:42] SocketError > ErrorNo: [10061] Host: [10.22.30.10] Port: [5001] Name: [csOutDsp1] Msg: [서버가 죽었거나 클라이언트에서 접속환경이 잘못되었을때 나타나는 현상]
[14:56:42] csOutDsp1 연결끊김
**************************************************************
[14:56:48] Program Start!
[14:56:48] 홈넷예외LPR:
[14:56:48] [DB저장 모드]
[14:56:48] TfrmMain.btnModeClick: 유인운영
[14:56:49] 비로그인
[14:56:49] LPR재접속 쓰레드시작
[14:56:50] 정기권연동 쓰레드시작
[14:56:51] csInLpr1 접속성공
[14:56:51] [subcsInLpr1] 10.22.30.20:2200 접속성공
[14:56:51] [subcsOutLpr1] 10.22.30.20:3200 접속성공
[14:56:51] csOutLpr1 접속성공
[14:56:51] csInDsp1 접속성공
**************************************************************
[14:57:11] Program Start!
[14:57:12] 홈넷예외LPR:
[14:57:12] [DB저장 모드]
[14:57:12] TfrmMain.btnModeClick: 유인운영
[14:57:12] 비로그인
[14:57:12] LPR재접속 쓰레드시작
[14:57:13] 전광판재접속 쓰레드시작
[14:57:13] 정기권연동 쓰레드시작
[14:57:14] csInLpr1 접속성공
[14:57:14] [subcsOutLpr1] 10.22.30.20:3200 접속성공
[14:57:14] csOutLpr1 접속성공
[14:57:14] [subcsInLpr1] 10.22.30.20:2200 접속성공
[14:57:14] csInDsp1 접속성공
[14:57:19] SocketError > ErrorNo: [10061] Host: [10.22.30.10] Port: [5001] Name: [csOutDsp1] Msg: [서버가 죽었거나 클라이언트에서 접속환경이 잘못되었을때 나타나는 현상]
[14:57:19] csOutDsp1 연결끊김
**************************************************************
[15:00:07] Program Start!
[15:00:07] 홈넷예외LPR:
[15:00:07] [DB저장 모드]
[15:00:08] TfrmMain.btnModeClick: 유인운영
[15:00:08] 비로그인
[15:00:09] LPR재접속 쓰레드시작
[15:00:09] 전광판재접속 쓰레드시작
[15:00:09] 정기권연동 쓰레드시작
[15:00:09] csInLpr1 접속성공
[15:00:09] [subcsInLpr1] 10.22.30.20:2200 접속성공
[15:00:09] [subcsOutLpr1] 10.22.30.20:3200 접속성공
[15:00:09] csOutLpr1 접속성공
[15:00:09] csInDsp1 접속성공
[15:00:11] SocketError > ErrorNo: [10061] Host: [10.22.30.10] Port: [5001] Name: [csOutDsp1] Msg: [서버가 죽었거나 클라이언트에서 접속환경이 잘못되었을때 나타나는 현상]
[15:00:11] csOutDsp1 연결끊김
[15:00:21] Program Close
**************************************************************
[15:01:04] Program Start!
[15:01:04] 홈넷예외LPR:
[15:01:04] [DB저장 모드]
[15:01:04] TfrmMain.btnModeClick: 유인운영
[15:01:05] 비로그인
[15:01:05] LPR재접속 쓰레드시작
[15:01:05] 전광판재접속 쓰레드시작
[15:01:05] 정기권연동 쓰레드시작
[15:01:07] csInLpr1 접속성공
[15:01:07] [subcsInLpr1] 10.22.30.20:2200 접속성공
[15:01:07] csOutLpr1 접속성공
[15:01:07] [subcsOutLpr1] 10.22.30.20:3200 접속성공
[15:01:07] csInDsp1 접속성공
[15:01:09] SocketError > ErrorNo: [10061] Host: [10.22.30.10] Port: [5001] Name: [csOutDsp1] Msg: [서버가 죽었거나 클라이언트에서 접속환경이 잘못되었을때 나타나는 현상]
[15:01:09] csOutDsp1 연결끊김
[15:01:12] Program Close
**************************************************************
[15:09:19] Program Start!
[15:09:19] 홈넷예외LPR:
[15:09:19] [DB저장 모드]
[15:09:19] TfrmMain.btnModeClick: 유인운영
[15:09:20] 비로그인
[15:09:21] LPR재접속 쓰레드시작
[15:09:21] 정기권연동 쓰레드시작
[15:09:22] csInLpr1 접속성공
[15:09:22] [subcsInLpr1] 10.22.30.20:2200 접속성공
[15:09:22] [subcsOutLpr1] 10.22.30.20:3200 접속성공
[15:09:22] csOutLpr1 접속성공
[15:09:22] csInDsp1 접속성공
[15:09:24] SocketError > ErrorNo: [10061] Host: [10.22.30.10] Port: [5001] Name: [csOutDsp1] Msg: [서버가 죽었거나 클라이언트에서 접속환경이 잘못되었을때 나타나는 현상]
[15:09:24] csOutDsp1 연결끊김
[15:09:34] Program Close
**************************************************************
[15:10:10] Program Start!
[15:10:10] 홈넷예외LPR:
[15:10:10] [DB저장 모드]
[15:10:10] TfrmMain.btnModeClick: 유인운영
[15:10:11] 비로그인
[15:10:12] LPR재접속 쓰레드시작
[15:10:13] csInLpr1 접속성공
[15:10:13] [subcsInLpr1] 10.22.30.20:2200 접속성공
[15:10:13] [subcsOutLpr1] 10.22.30.20:3200 접속성공
[15:10:13] csOutLpr1 접속성공
[15:10:13] csInDsp1 접속성공
[15:10:15] SocketError > ErrorNo: [10061] Host: [10.22.30.10] Port: [5001] Name: [csOutDsp1] Msg: [서버가 죽었거나 클라이언트에서 접속환경이 잘못되었을때 나타나는 현상]
[15:10:15] csOutDsp1 연결끊김
[15:10:18] Program Close
**************************************************************
[15:10:53] Program Start!
[15:10:53] 홈넷예외LPR:
[15:10:53] [DB저장 모드]
[15:10:53] TfrmMain.btnModeClick: 유인운영
[15:10:54] 비로그인
[15:10:54] 정기권연동 쓰레드시작
[15:10:55] csInLpr1 접속성공
[15:10:55] [subcsInLpr1] 10.22.30.20:2200 접속성공
[15:10:55] csOutLpr1 접속성공
[15:10:55] [subcsOutLpr1] 10.22.30.20:3200 접속성공
[15:10:55] csInDsp1 접속성공
[15:10:57] SocketError > ErrorNo: [10061] Host: [10.22.30.10] Port: [5001] Name: [csOutDsp1] Msg: [서버가 죽었거나 클라이언트에서 접속환경이 잘못되었을때 나타나는 현상]
[15:10:57] csOutDsp1 연결끊김
[15:10:59] Program Close
**************************************************************
[15:11:15] Program Start!
[15:11:15] 홈넷예외LPR:
[15:11:15] [DB저장 모드]
[15:11:15] TfrmMain.btnModeClick: 유인운영
[15:11:16] 비로그인
[15:11:17] LPR재접속 쓰레드시작
[15:11:17] 전광판재접속 쓰레드시작
[15:11:17] 정기권연동 쓰레드시작
[15:11:18] csInLpr1 접속성공
[15:11:18] [subcsInLpr1] 10.22.30.20:2200 접속성공
[15:11:18] [subcsOutLpr1] 10.22.30.20:3200 접속성공
[15:11:18] csOutLpr1 접속성공
[15:11:18] csInDsp1 접속성공
[15:11:20] SocketError > ErrorNo: [10061] Host: [10.22.30.10] Port: [5001] Name: [csOutDsp1] Msg: [서버가 죽었거나 클라이언트에서 접속환경이 잘못되었을때 나타나는 현상]
[15:11:20] csOutDsp1 연결끊김
[15:11:22] Program Close
**************************************************************
[15:14:11] Program Start!
[15:14:11] 홈넷예외LPR:
[15:14:11] [DB저장 모드]
[15:14:11] TfrmMain.btnModeClick: 유인운영
[15:14:13] 비로그인
[15:14:13] LPR재접속 쓰레드시작
[15:14:13] 전광판재접속 쓰레드시작
[15:14:13] 정기권연동 쓰레드시작
[15:14:14] csInLpr1 접속성공
[15:14:14] [subcsInLpr1] 10.22.30.20:2200 접속성공
[15:14:14] csOutLpr1 접속성공
[15:14:14] [subcsOutLpr1] 10.22.30.20:3200 접속성공
[15:14:14] csInDsp1 접속성공
[15:14:16] SocketError > ErrorNo: [10061] Host: [10.22.30.10] Port: [5001] Name: [csOutDsp1] Msg: [서버가 죽었거나 클라이언트에서 접속환경이 잘못되었을때 나타나는 현상]
[15:14:16] csOutDsp1 연결끊김
[15:14:39] Program Close
**************************************************************
[15:16:07] Program Start!
[15:16:07] 홈넷예외LPR:
[15:16:07] [DB저장 모드]
[15:16:08] TfrmMain.btnModeClick: 유인운영
[15:16:09] 비로그인
[15:16:11] csInLpr1 접속성공
[15:16:11] [subcsOutLpr1] 10.22.30.20:3200 접속성공
[15:16:11] [subcsInLpr1] 10.22.30.20:2200 접속성공
[15:16:11] csOutLpr1 접속성공
[15:16:11] csInDsp1 접속성공
[15:16:13] SocketError > ErrorNo: [10061] Host: [10.22.30.10] Port: [5001] Name: [csOutDsp1] Msg: [서버가 죽었거나 클라이언트에서 접속환경이 잘못되었을때 나타나는 현상]
[15:16:13] csOutDsp1 연결끊김
[15:16:26] Program Close
**************************************************************
[15:44:55] Program Start!
[15:44:55] 홈넷예외LPR:
[15:44:55] [DB저장 모드]
[15:44:55] TfrmMain.btnModeClick: 유인운영
[15:44:56] 비로그인
[15:44:56] LPR재접속 쓰레드시작
[15:44:57] 전광판재접속 쓰레드시작
[15:44:57] 정기권연동 쓰레드시작
[15:44:58] csInLpr1 접속성공
[15:44:58] [subcsInLpr1] 10.22.30.20:2200 접속성공
[15:44:58] [subcsOutLpr1] 10.22.30.20:3200 접속성공
[15:44:58] csOutLpr1 접속성공
[15:44:58] csInDsp1 접속성공
[15:45:00] SocketError > ErrorNo: [10061] Host: [10.22.30.10] Port: [5001] Name: [csOutDsp1] Msg: [서버가 죽었거나 클라이언트에서 접속환경이 잘못되었을때 나타나는 현상]
[15:45:00] csOutDsp1 연결끊김
[15:45:05] Program Close
**************************************************************
[15:45:26] Program Start!
[15:45:26] 홈넷예외LPR:
[15:45:26] [DB저장 모드]
[15:45:26] TfrmMain.btnModeClick: 유인운영
[15:45:27] 비로그인
[15:45:27] LPR재접속 쓰레드시작
[15:45:27] 전광판재접속 쓰레드시작
[15:45:27] 정기권연동 쓰레드시작
[15:45:29] csInLpr1 접속성공
[15:45:29] [subcsInLpr1] 10.22.30.20:2200 접속성공
[15:45:29] [subcsOutLpr1] 10.22.30.20:3200 접속성공
[15:45:29] csOutLpr1 접속성공
[15:45:29] csInDsp1 접속성공
[15:45:31] SocketError > ErrorNo: [10061] Host: [10.22.30.10] Port: [5001] Name: [csOutDsp1] Msg: [서버가 죽었거나 클라이언트에서 접속환경이 잘못되었을때 나타나는 현상]
[15:45:31] csOutDsp1 연결끊김
**************************************************************
[16:05:47] Program Start!
[16:05:47] 홈넷예외LPR:
[16:05:47] [DB저장 모드]
[16:05:47] TfrmMain.btnModeClick: 유인운영
[16:05:49] 비로그인
[16:05:49] LPR재접속 쓰레드시작
[16:05:49] 전광판재접속 쓰레드시작
[16:05:49] 정기권연동 쓰레드시작
[16:05:50] csInLpr1 접속성공
[16:05:50] [subcsInLpr1] 10.22.30.20:2200 접속성공
[16:05:50] [subcsOutLpr1] 10.22.30.20:3200 접속성공
[16:05:51] csOutLpr1 접속성공
[16:05:51] csInDsp1 접속성공
[16:05:52] SocketError > ErrorNo: [10061] Host: [10.22.30.10] Port: [5001] Name: [csOutDsp1] Msg: [서버가 죽었거나 클라이언트에서 접속환경이 잘못되었을때 나타나는 현상]
[16:05:52] csOutDsp1 연결끊김
[16:05:58] Program Close
**************************************************************
[16:06:20] Program Start!
[16:06:20] 홈넷예외LPR:
[16:06:20] [DB저장 모드]
[16:06:20] TfrmMain.btnModeClick: 유인운영
[16:06:22] 비로그인
[16:06:23] 전광판재접속 쓰레드시작
[16:06:23] 정기권연동 쓰레드시작
[16:06:24] csInLpr1 접속성공
[16:06:24] csOutLpr1 접속성공
[16:06:24] [subcsOutLpr1] 10.22.30.20:3200 접속성공
[16:06:24] [subcsInLpr1] 10.22.30.20:2200 접속성공
[16:06:24] csInDsp1 접속성공
[16:06:26] SocketError > ErrorNo: [10061] Host: [10.22.30.10] Port: [5001] Name: [csOutDsp1] Msg: [서버가 죽었거나 클라이언트에서 접속환경이 잘못되었을때 나타나는 현상]
[16:06:26] csOutDsp1 연결끊김
[16:06:29] Program Close
**************************************************************
[16:07:01] Program Start!
[16:07:01] 홈넷예외LPR:
[16:07:01] [DB저장 모드]
[16:07:01] TfrmMain.btnModeClick: 유인운영
[16:07:02] 비로그인
[16:07:03] LPR재접속 쓰레드시작
[16:07:03] 정기권연동 쓰레드시작
[16:07:04] csInLpr1 접속성공
[16:07:04] [subcsInLpr1] 10.22.30.20:2200 접속성공
[16:07:04] [subcsOutLpr1] 10.22.30.20:3200 접속성공
[16:07:04] csOutLpr1 접속성공
[16:07:05] csInDsp1 접속성공
[16:07:06] SocketError > ErrorNo: [10061] Host: [10.22.30.10] Port: [5001] Name: [csOutDsp1] Msg: [서버가 죽었거나 클라이언트에서 접속환경이 잘못되었을때 나타나는 현상]
[16:07:06] csOutDsp1 연결끊김
[16:07:10] Program Close
**************************************************************
[16:50:11] Program Start!
[16:50:11] 홈넷예외LPR:
[16:50:11] [DB저장 모드]
[16:50:11] TfrmMain.btnModeClick: 유인운영
[16:50:12] 비로그인
[16:50:13] 전광판재접속 쓰레드시작
[16:50:13] 정기권연동 쓰레드시작
[16:50:14] [subcsInLpr1] 10.22.30.20:2200 접속성공
[16:50:14] [subcsOutLpr1] 10.22.30.20:3200 접속성공
[16:50:14] csInDsp1 접속성공
[16:50:14] csOutLpr1 접속성공
[16:50:14] csInLpr1 접속성공
**************************************************************
[16:58:29] Program Start!
[16:58:29] 홈넷예외LPR:
[16:58:29] [DB저장 모드]
[16:58:29] TfrmMain.btnModeClick: 유인운영
[16:58:30] 비로그인
[16:58:30] LPR재접속 쓰레드시작
[16:58:30] 전광판재접속 쓰레드시작
[16:58:30] 정기권연동 쓰레드시작
[16:58:32] csInLpr1 접속성공
[16:58:32] [subcsInLpr1] 10.22.30.20:2200 접속성공
[16:58:32] [subcsOutLpr1] 10.22.30.20:3200 접속성공
[16:58:32] csOutLpr1 접속성공
[16:58:32] csInDsp1 접속성공
[16:58:34] SocketError > ErrorNo: [10061] Host: [10.22.30.10] Port: [5001] Name: [csOutDsp1] Msg: [서버가 죽었거나 클라이언트에서 접속환경이 잘못되었을때 나타나는 현상]
[16:58:34] csOutDsp1 연결끊김
[16:58:48] Program Close
**************************************************************
[17:01:14] Program Start!
[17:01:14] 홈넷예외LPR:
[17:01:14] [DB저장 모드]
[17:01:14] TfrmMain.btnModeClick: 유인운영
[17:01:15] 비로그인
[17:01:15] LPR재접속 쓰레드시작
[17:01:15] 전광판재접속 쓰레드시작
[17:01:15] 정기권연동 쓰레드시작
[17:01:16] csInLpr1 접속성공
[17:01:16] [subcsOutLpr1] 10.22.30.20:3200 접속성공
[17:01:16] [subcsInLpr1] 10.22.30.20:2200 접속성공
[17:01:16] csOutLpr1 접속성공
[17:01:16] csInDsp1 접속성공
[17:01:18] SocketError > ErrorNo: [10061] Host: [10.22.30.10] Port: [5001] Name: [csOutDsp1] Msg: [서버가 죽었거나 클라이언트에서 접속환경이 잘못되었을때 나타나는 현상]
[17:01:18] csOutDsp1 연결끊김
**************************************************************
[17:01:39] Program Start!
[17:01:39] 홈넷예외LPR:
[17:01:39] [DB저장 모드]
[17:01:39] TfrmMain.btnModeClick: 유인운영
[17:01:40] 비로그인
[17:01:41] LPR재접속 쓰레드시작
[17:01:42] csInLpr1 접속성공
[17:01:42] [subcsInLpr1] 10.22.30.20:2200 접속성공
[17:01:42] [subcsOutLpr1] 10.22.30.20:3200 접속성공
[17:01:42] csOutLpr1 접속성공
[17:01:42] csInDsp1 접속성공
[17:01:55] SocketError > ErrorNo: [10061] Host: [10.22.30.10] Port: [5001] Name: [csOutDsp1] Msg: [서버가 죽었거나 클라이언트에서 접속환경이 잘못되었을때 나타나는 현상]
[17:01:55] csOutDsp1 연결끊김
**************************************************************
[17:02:45] Program Start!
[17:02:45] 홈넷예외LPR:
[17:02:45] [DB저장 모드]
[17:02:46] TfrmMain.btnModeClick: 유인운영
[17:02:46] 비로그인
[17:02:47] 전광판재접속 쓰레드시작
[17:02:47] 정기권연동 쓰레드시작
[17:02:48] csInLpr1 접속성공
[17:02:48] [subcsOutLpr1] 10.22.30.20:3200 접속성공
[17:02:48] [subcsInLpr1] 10.22.30.20:2200 접속성공
[17:02:48] csOutLpr1 접속성공
[17:02:48] csInDsp1 접속성공
[17:02:50] SocketError > ErrorNo: [10061] Host: [10.22.30.10] Port: [5001] Name: [csOutDsp1] Msg: [서버가 죽었거나 클라이언트에서 접속환경이 잘못되었을때 나타나는 현상]
[17:02:50] csOutDsp1 연결끊김
[17:03:04] Program Close
**************************************************************
[17:03:52] Program Start!
[17:03:52] 홈넷예외LPR:
[17:03:52] [DB저장 모드]
[17:03:52] TfrmMain.btnModeClick: 유인운영
[17:03:53] 비로그인
[17:03:54] LPR재접속 쓰레드시작
[17:03:54] 정기권연동 쓰레드시작
[17:03:55] csInLpr1 접속성공
[17:03:55] [subcsOutLpr1] 10.22.30.20:3200 접속성공
[17:03:55] [subcsInLpr1] 10.22.30.20:2200 접속성공
[17:03:55] csOutLpr1 접속성공
[17:03:55] csInDsp1 접속성공
[17:03:57] SocketError > ErrorNo: [10061] Host: [10.22.30.10] Port: [5001] Name: [csOutDsp1] Msg: [서버가 죽었거나 클라이언트에서 접속환경이 잘못되었을때 나타나는 현상]
[17:03:57] csOutDsp1 연결끊김
[17:04:09] Program Close
**************************************************************
[17:06:16] Program Start!
[17:06:16] 홈넷예외LPR:
[17:06:16] [DB저장 모드]
[17:06:16] TfrmMain.btnModeClick: 유인운영
[17:06:18] 비로그인
[17:06:18] LPR재접속 쓰레드시작
[17:06:18] 전광판재접속 쓰레드시작
[17:06:18] 정기권연동 쓰레드시작
[17:06:20] csInLpr1 접속성공
[17:06:20] [subcsInLpr1] 10.22.30.20:2200 접속성공
[17:06:20] [subcsOutLpr1] 10.22.30.20:3200 접속성공
[17:06:20] csInDsp1 접속성공
[17:06:20] csOutLpr1 접속성공
[17:06:22] SocketError > ErrorNo: [10061] Host: [10.22.30.10] Port: [5001] Name: [csOutDsp1] Msg: [서버가 죽었거나 클라이언트에서 접속환경이 잘못되었을때 나타나는 현상]
[17:06:22] csOutDsp1 연결끊김
[17:06:34] Program Close
**************************************************************
[17:07:19] Program Start!
[17:07:20] 홈넷예외LPR:
[17:07:20] [DB저장 모드]
[17:07:20] TfrmMain.btnModeClick: 유인운영
[17:07:20] 비로그인
[17:07:21] LPR재접속 쓰레드시작
[17:07:21] 전광판재접속 쓰레드시작
[17:07:21] 정기권연동 쓰레드시작
[17:07:22] csInLpr1 접속성공
[17:07:22] [subcsInLpr1] 10.22.30.20:2200 접속성공
[17:07:22] [subcsOutLpr1] 10.22.30.20:3200 접속성공
[17:07:22] csOutLpr1 접속성공
[17:07:22] csInDsp1 접속성공
[17:07:24] SocketError > ErrorNo: [10061] Host: [10.22.30.10] Port: [5001] Name: [csOutDsp1] Msg: [서버가 죽었거나 클라이언트에서 접속환경이 잘못되었을때 나타나는 현상]
[17:07:24] csOutDsp1 연결끊김
[17:07:35] Program Close
**************************************************************
[17:18:41] Program Start!
[17:18:41] 홈넷예외LPR:
[17:18:41] [DB저장 모드]
[17:18:41] TfrmMain.btnModeClick: 유인운영
[17:18:41] 비로그인
[17:18:42] LPR재접속 쓰레드시작
[17:18:42] 전광판재접속 쓰레드시작
[17:18:42] 정기권연동 쓰레드시작
[17:18:43] csInLpr1 접속성공
[17:18:43] [subcsInLpr1] 10.22.30.20:2200 접속성공
[17:18:43] csOutLpr1 접속성공
[17:18:43] csInDsp1 접속성공
[17:18:43] [subcsOutLpr1] 10.22.30.20:3200 접속성공
[17:18:45] SocketError > ErrorNo: [10061] Host: [10.22.30.10] Port: [5001] Name: [csOutDsp1] Msg: [서버가 죽었거나 클라이언트에서 접속환경이 잘못되었을때 나타나는 현상]
[17:18:45] csOutDsp1 연결끊김
**************************************************************
[17:19:33] Program Start!
[17:19:34] 홈넷예외LPR:
[17:19:34] [DB저장 모드]
[17:19:34] TfrmMain.btnModeClick: 유인운영
[17:19:34] 비로그인
[17:19:35] LPR재접속 쓰레드시작
[17:19:35] 전광판재접속 쓰레드시작
[17:19:35] 정기권연동 쓰레드시작
[17:19:36] [subcsInLpr1] 10.22.30.20:2200 접속성공
[17:19:36] csInLpr1 접속성공
[17:19:36] csOutLpr1 접속성공
[17:19:36] [subcsOutLpr1] 10.22.30.20:3200 접속성공
[17:19:36] csInDsp1 접속성공
[17:19:38] SocketError > ErrorNo: [10061] Host: [10.22.30.10] Port: [5001] Name: [csOutDsp1] Msg: [서버가 죽었거나 클라이언트에서 접속환경이 잘못되었을때 나타나는 현상]
[17:19:38] csOutDsp1 연결끊김
**************************************************************
[17:20:22] Program Start!
[17:20:22] 홈넷예외LPR:
[17:20:22] [DB저장 모드]
[17:20:22] TfrmMain.btnModeClick: 유인운영
[17:20:23] 비로그인
[17:20:23] LPR재접속 쓰레드시작
[17:20:23] 전광판재접속 쓰레드시작
[17:20:24] csInLpr1 접속성공
[17:20:24] [subcsInLpr1] 10.22.30.20:2200 접속성공
[17:20:25] csOutLpr1 접속성공
[17:20:25] csInDsp1 접속성공
[17:20:25] [subcsOutLpr1] 10.22.30.20:3200 접속성공
[17:20:26] SocketError > ErrorNo: [10061] Host: [10.22.30.10] Port: [5001] Name: [csOutDsp1] Msg: [서버가 죽었거나 클라이언트에서 접속환경이 잘못되었을때 나타나는 현상]
[17:20:27] csOutDsp1 연결끊김
[17:21:12] SocketError > ErrorNo: [10061] Host: [10.22.30.10] Port: [5001] Name: [csOutDsp1] Msg: [서버가 죽었거나 클라이언트에서 접속환경이 잘못되었을때 나타나는 현상]
[17:21:12] csOutDsp1 연결끊김
**************************************************************
[17:54:56] Program Start!
[17:54:56] 홈넷예외LPR:
[17:54:56] [DB저장 모드]
[17:54:56] TfrmMain.btnModeClick: 유인운영
[17:54:57] 비로그인
[17:54:57] LPR재접속 쓰레드시작
[17:54:57] 전광판재접속 쓰레드시작
[17:54:57] 정기권연동 쓰레드시작
[17:54:58] csInLpr1 접속성공
[17:54:58] [subcsInLpr1] 10.22.30.20:2200 접속성공
[17:54:58] [subcsOutLpr1] 10.22.30.20:3200 접속성공
[17:54:58] csOutLpr1 접속성공
[17:54:58] csInDsp1 접속성공
[17:55:00] SocketError > ErrorNo: [10061] Host: [10.22.30.10] Port: [5001] Name: [csOutDsp1] Msg: [서버가 죽었거나 클라이언트에서 접속환경이 잘못되었을때 나타나는 현상]
[17:55:00] csOutDsp1 연결끊김
**************************************************************
[17:56:32] Program Start!
[17:56:32] 홈넷예외LPR:
[17:56:32] [DB저장 모드]
[17:56:32] TfrmMain.btnModeClick: 유인운영
[17:56:33] 비로그인
[17:56:34] LPR재접속 쓰레드시작
[17:56:34] 전광판재접속 쓰레드시작
[17:56:35] csInLpr1 접속성공
[17:56:35] [subcsInLpr1] 10.22.30.20:2200 접속성공
[17:56:35] [subcsOutLpr1] 10.22.30.20:3200 접속성공
[17:56:35] csOutLpr1 접속성공
[17:56:35] csInDsp1 접속성공
[17:56:36] Program Close
**************************************************************
[17:56:50] Program Start!
[17:56:50] 홈넷예외LPR:
[17:56:50] [DB저장 모드]
[17:56:50] TfrmMain.btnModeClick: 유인운영
[17:56:51] 비로그인
[17:56:52] LPR재접속 쓰레드시작
[17:56:52] 전광판재접속 쓰레드시작
[17:56:52] 정기권연동 쓰레드시작
[17:56:53] csInLpr1 접속성공
[17:56:53] [subcsInLpr1] 10.22.30.20:2200 접속성공
[17:56:53] [subcsOutLpr1] 10.22.30.20:3200 접속성공
[17:56:53] csOutLpr1 접속성공
[17:56:53] csInDsp1 접속성공
[17:56:55] SocketError > ErrorNo: [10061] Host: [10.22.30.10] Port: [5001] Name: [csOutDsp1] Msg: [서버가 죽었거나 클라이언트에서 접속환경이 잘못되었을때 나타나는 현상]
[17:56:55] csOutDsp1 연결끊김
**************************************************************
[17:57:51] Program Start!
[17:57:51] 홈넷예외LPR:
[17:57:51] [DB저장 모드]
[17:57:51] TfrmMain.btnModeClick: 유인운영
[17:57:52] 비로그인
[17:57:53] LPR재접속 쓰레드시작
[17:57:53] 정기권연동 쓰레드시작
[17:57:55] csInLpr1 접속성공
[17:57:55] [subcsInLpr1] 10.22.30.20:2200 접속성공
[17:57:55] [subcsOutLpr1] 10.22.30.20:3200 접속성공
[17:57:55] csOutLpr1 접속성공
[17:57:55] csInDsp1 접속성공
[17:57:57] SocketError > ErrorNo: [10061] Host: [10.22.30.10] Port: [5001] Name: [csOutDsp1] Msg: [서버가 죽었거나 클라이언트에서 접속환경이 잘못되었을때 나타나는 현상]
[17:57:57] csOutDsp1 연결끊김
[17:58:26] SocketError > ErrorNo: [10061] Host: [10.22.30.10] Port: [5001] Name: [csOutDsp1] Msg: [서버가 죽었거나 클라이언트에서 접속환경이 잘못되었을때 나타나는 현상]
[17:58:26] csOutDsp1 연결끊김
[17:59:01] SocketError > ErrorNo: [10061] Host: [10.22.30.10] Port: [5001] Name: [csOutDsp1] Msg: [서버가 죽었거나 클라이언트에서 접속환경이 잘못되었을때 나타나는 현상]
[17:59:01] csOutDsp1 연결끊김
**************************************************************
[17:59:11] Program Start!
[17:59:11] 홈넷예외LPR:
[17:59:11] [DB저장 모드]
[17:59:11] TfrmMain.btnModeClick: 유인운영
[17:59:12] 비로그인
[17:59:12] 전광판재접속 쓰레드시작
[17:59:12] 정기권연동 쓰레드시작
[17:59:13] [subcsInLpr1] 10.22.30.20:2200 접속성공
[17:59:13] csInLpr1 접속성공
[17:59:13] [subcsOutLpr1] 10.22.30.20:3200 접속성공
[17:59:13] csOutLpr1 접속성공
[17:59:13] csInDsp1 접속성공
[17:59:15] SocketError > ErrorNo: [10061] Host: [10.22.30.10] Port: [5001] Name: [csOutDsp1] Msg: [서버가 죽었거나 클라이언트에서 접속환경이 잘못되었을때 나타나는 현상]
[17:59:15] csOutDsp1 연결끊김
**************************************************************
[18:02:34] Program Start!
[18:02:35] 홈넷예외LPR:
[18:02:35] [DB저장 모드]
[18:02:35] TfrmMain.btnModeClick: 유인운영
[18:02:36] 비로그인
[18:02:36] LPR재접속 쓰레드시작
[18:02:36] 전광판재접속 쓰레드시작
[18:02:37] 정기권연동 쓰레드시작
[18:02:37] csInLpr1 접속성공
[18:02:37] [subcsInLpr1] 10.22.30.20:2200 접속성공
[18:02:37] [subcsOutLpr1] 10.22.30.20:3200 접속성공
[18:02:37] csOutLpr1 접속성공
[18:02:37] csInDsp1 접속성공
[18:02:39] SocketError > ErrorNo: [10061] Host: [10.22.30.10] Port: [5001] Name: [csOutDsp1] Msg: [서버가 죽었거나 클라이언트에서 접속환경이 잘못되었을때 나타나는 현상]
[18:02:39] csOutDsp1 연결끊김
**************************************************************
[18:06:19] Program Start!
[18:06:19] 홈넷예외LPR:
[18:06:19] [DB저장 모드]
[18:06:19] TfrmMain.btnModeClick: 유인운영
[18:06:20] 비로그인
[18:06:21] LPR재접속 쓰레드시작
[18:06:21] 정기권연동 쓰레드시작
[18:06:23] [subcsInLpr1] 10.22.30.20:2200 접속성공
[18:06:23] csInLpr1 접속성공
[18:06:23] [subcsOutLpr1] 10.22.30.20:3200 접속성공
[18:06:23] csOutLpr1 접속성공
[18:06:23] csInDsp1 접속성공
[18:06:25] SocketError > ErrorNo: [10061] Host: [10.22.30.10] Port: [5001] Name: [csOutDsp1] Msg: [서버가 죽었거나 클라이언트에서 접속환경이 잘못되었을때 나타나는 현상]
[18:06:25] csOutDsp1 연결끊김
**************************************************************
[18:08:24] Program Start!
[18:08:24] 홈넷예외LPR:
[18:08:24] [DB저장 모드]
[18:08:24] TfrmMain.btnModeClick: 유인운영
[18:08:25] 비로그인
[18:08:25] LPR재접속 쓰레드시작
[18:08:25] 전광판재접속 쓰레드시작
[18:08:25] 정기권연동 쓰레드시작
[18:08:27] csInLpr1 접속성공
[18:08:27] [subcsOutLpr1] 10.22.30.20:3200 접속성공
[18:08:27] [subcsInLpr1] 10.22.30.20:2200 접속성공
[18:08:27] csOutLpr1 접속성공
[18:08:27] csInDsp1 접속성공
[18:08:29] SocketError > ErrorNo: [10061] Host: [10.22.30.10] Port: [5001] Name: [csOutDsp1] Msg: [서버가 죽었거나 클라이언트에서 접속환경이 잘못되었을때 나타나는 현상]
[18:08:29] csOutDsp1 연결끊김
**************************************************************
[18:10:51] Program Start!
[18:10:51] 홈넷예외LPR:
[18:10:51] [DB저장 모드]
[18:10:51] TfrmMain.btnModeClick: 유인운영
[18:10:52] 비로그인
[18:10:53] 정기권연동 쓰레드시작
[18:10:54] csInLpr1 접속성공
[18:10:54] [subcsInLpr1] 10.22.30.20:2200 접속성공
[18:10:54] [subcsOutLpr1] 10.22.30.20:3200 접속성공
[18:10:54] csOutLpr1 접속성공
[18:10:54] csInDsp1 접속성공
[18:10:56] SocketError > ErrorNo: [10061] Host: [10.22.30.10] Port: [5001] Name: [csOutDsp1] Msg: [서버가 죽었거나 클라이언트에서 접속환경이 잘못되었을때 나타나는 현상]
[18:10:56] csOutDsp1 연결끊김
**************************************************************
[18:15:44] Program Start!
[18:15:44] 홈넷예외LPR:
[18:15:44] [DB저장 모드]
[18:15:44] TfrmMain.btnModeClick: 유인운영
[18:15:45] 비로그인
[18:15:45] LPR재접속 쓰레드시작
[18:15:46] 정기권연동 쓰레드시작
[18:15:47] csInLpr1 접속성공
[18:15:47] [subcsInLpr1] 10.22.30.20:2200 접속성공
[18:15:47] [subcsOutLpr1] 10.22.30.20:3200 접속성공
[18:15:47] csOutLpr1 접속성공
[18:15:47] csInDsp1 접속성공
[18:15:49] SocketError > ErrorNo: [10061] Host: [10.22.30.10] Port: [5001] Name: [csOutDsp1] Msg: [서버가 죽었거나 클라이언트에서 접속환경이 잘못되었을때 나타나는 현상]
[18:15:49] csOutDsp1 연결끊김
**************************************************************
[18:18:37] Program Start!
[18:18:37] 홈넷예외LPR:
[18:18:37] [DB저장 모드]
[18:18:37] TfrmMain.btnModeClick: 유인운영
[18:18:38] 비로그인
[18:18:38] 전광판재접속 쓰레드시작
[18:18:39] 정기권연동 쓰레드시작
[18:18:40] csInLpr1 접속성공
[18:18:40] [subcsInLpr1] 10.22.30.20:2200 접속성공
[18:18:40] [subcsOutLpr1] 10.22.30.20:3200 접속성공
[18:18:40] csOutLpr1 접속성공
[18:18:40] csInDsp1 접속성공
[18:18:42] SocketError > ErrorNo: [10061] Host: [10.22.30.10] Port: [5001] Name: [csOutDsp1] Msg: [서버가 죽었거나 클라이언트에서 접속환경이 잘못되었을때 나타나는 현상]
[18:18:42] csOutDsp1 연결끊김
[18:19:14] SocketError > ErrorNo: [10061] Host: [10.22.30.10] Port: [5001] Name: [csOutDsp1] Msg: [서버가 죽었거나 클라이언트에서 접속환경이 잘못되었을때 나타나는 현상]
[18:19:14] csOutDsp1 연결끊김
**************************************************************
[18:20:26] Program Start!
[18:20:26] 홈넷예외LPR:
[18:20:26] [DB저장 모드]
[18:20:26] TfrmMain.btnModeClick: 유인운영
[18:20:27] 비로그인
[18:20:28] LPR재접속 쓰레드시작
[18:20:28] 정기권연동 쓰레드시작
[18:20:30] csInLpr1 접속성공
[18:20:30] [subcsInLpr1] 10.22.30.20:2200 접속성공
[18:20:30] [subcsOutLpr1] 10.22.30.20:3200 접속성공
[18:20:30] csOutLpr1 접속성공
[18:20:30] csInDsp1 접속성공
[18:20:32] SocketError > ErrorNo: [10061] Host: [10.22.30.10] Port: [5001] Name: [csOutDsp1] Msg: [서버가 죽었거나 클라이언트에서 접속환경이 잘못되었을때 나타나는 현상]
[18:20:32] csOutDsp1 연결끊김
**************************************************************
[18:21:21] Program Start!
[18:21:21] 홈넷예외LPR:
[18:21:22] [DB저장 모드]
[18:21:22] TfrmMain.btnModeClick: 유인운영
[18:21:23] 비로그인
[18:21:24] LPR재접속 쓰레드시작
[18:21:24] 전광판재접속 쓰레드시작
[18:21:24] 정기권연동 쓰레드시작
[18:21:25] csInLpr1 접속성공
[18:21:25] [subcsInLpr1] 10.22.30.20:2200 접속성공
[18:21:25] csOutLpr1 접속성공
[18:21:25] [subcsOutLpr1] 10.22.30.20:3200 접속성공
[18:21:25] csInDsp1 접속성공
[18:21:27] SocketError > ErrorNo: [10061] Host: [10.22.30.10] Port: [5001] Name: [csOutDsp1] Msg: [서버가 죽었거나 클라이언트에서 접속환경이 잘못되었을때 나타나는 현상]
[18:21:27] csOutDsp1 연결끊김
**************************************************************
[18:23:48] Program Start!
[18:23:48] 홈넷예외LPR:
[18:23:48] [DB저장 모드]
[18:23:48] TfrmMain.btnModeClick: 유인운영
[18:23:49] 비로그인
[18:23:50] 전광판재접속 쓰레드시작
[18:23:50] 정기권연동 쓰레드시작
[18:23:51] csInLpr1 접속성공
[18:23:51] [subcsInLpr1] 10.22.30.20:2200 접속성공
[18:23:51] [subcsOutLpr1] 10.22.30.20:3200 접속성공
[18:23:51] csOutLpr1 접속성공
[18:23:51] csInDsp1 접속성공
[18:23:53] SocketError > ErrorNo: [10061] Host: [10.22.30.10] Port: [5001] Name: [csOutDsp1] Msg: [서버가 죽었거나 클라이언트에서 접속환경이 잘못되었을때 나타나는 현상]
[18:23:53] csOutDsp1 연결끊김
**************************************************************
[18:25:47] Program Start!
[18:25:47] 홈넷예외LPR:
[18:25:47] [DB저장 모드]
[18:25:47] TfrmMain.btnModeClick: 유인운영
[18:25:48] 비로그인
[18:25:48] LPR재접속 쓰레드시작
[18:25:48] 전광판재접속 쓰레드시작
[18:25:50] csInLpr1 접속성공
[18:25:50] [subcsInLpr1] 10.22.30.20:2200 접속성공
[18:25:50] [subcsOutLpr1] 10.22.30.20:3200 접속성공
[18:25:50] csOutLpr1 접속성공
[18:25:50] csInDsp1 접속성공
[18:25:52] SocketError > ErrorNo: [10061] Host: [10.22.30.10] Port: [5001] Name: [csOutDsp1] Msg: [서버가 죽었거나 클라이언트에서 접속환경이 잘못되었을때 나타나는 현상]
[18:25:52] csOutDsp1 연결끊김
[18:26:22] SocketError > ErrorNo: [10061] Host: [10.22.30.10] Port: [5001] Name: [csOutDsp1] Msg: [서버가 죽었거나 클라이언트에서 접속환경이 잘못되었을때 나타나는 현상]
[18:26:22] csOutDsp1 연결끊김
**************************************************************
[18:26:38] Program Start!
[18:26:38] 홈넷예외LPR:
[18:26:38] [DB저장 모드]
[18:26:39] TfrmMain.btnModeClick: 유인운영
[18:26:39] 비로그인
[18:26:40] LPR재접속 쓰레드시작
[18:26:40] 전광판재접속 쓰레드시작
[18:26:41] csInLpr1 접속성공
[18:26:41] [subcsInLpr1] 10.22.30.20:2200 접속성공
[18:26:41] [subcsOutLpr1] 10.22.30.20:3200 접속성공
[18:26:41] csOutLpr1 접속성공
[18:26:41] csInDsp1 접속성공
[18:26:43] SocketError > ErrorNo: [10061] Host: [10.22.30.10] Port: [5001] Name: [csOutDsp1] Msg: [서버가 죽었거나 클라이언트에서 접속환경이 잘못되었을때 나타나는 현상]
[18:26:43] csOutDsp1 연결끊김
**************************************************************
[18:29:40] Program Start!
[18:29:40] 홈넷예외LPR:
[18:29:40] [DB저장 모드]
[18:29:40] TfrmMain.btnModeClick: 유인운영
[18:29:41] 비로그인
[18:29:42] 정기권연동 쓰레드시작
[18:29:43] csInLpr1 접속성공
[18:29:43] [subcsInLpr1] 10.22.30.20:2200 접속성공
[18:29:43] [subcsOutLpr1] 10.22.30.20:3200 접속성공
[18:29:43] csOutLpr1 접속성공
[18:29:44] csInDsp1 접속성공
[18:29:45] SocketError > ErrorNo: [10061] Host: [10.22.30.10] Port: [5001] Name: [csOutDsp1] Msg: [서버가 죽었거나 클라이언트에서 접속환경이 잘못되었을때 나타나는 현상]
[18:29:45] csOutDsp1 연결끊김
**************************************************************
[18:30:15] Program Start!
[18:30:15] 홈넷예외LPR:
[18:30:15] [DB저장 모드]
[18:30:15] TfrmMain.btnModeClick: 유인운영
[18:30:16] 비로그인
[18:30:17] 전광판재접속 쓰레드시작
[18:30:18] csInLpr1 접속성공
[18:30:18] [subcsInLpr1] 10.22.30.20:2200 접속성공
[18:30:18] [subcsOutLpr1] 10.22.30.20:3200 접속성공
[18:30:18] csOutLpr1 접속성공
[18:30:18] csInDsp1 접속성공
[18:30:20] SocketError > ErrorNo: [10061] Host: [10.22.30.10] Port: [5001] Name: [csOutDsp1] Msg: [서버가 죽었거나 클라이언트에서 접속환경이 잘못되었을때 나타나는 현상]
[18:30:20] csOutDsp1 연결끊김
**************************************************************
[18:34:39] Program Start!
[18:34:39] 홈넷예외LPR:
[18:34:39] [DB저장 모드]
[18:34:39] TfrmMain.btnModeClick: 유인운영
[18:34:40] 비로그인
[18:34:41] 전광판재접속 쓰레드시작
[18:34:41] 정기권연동 쓰레드시작
[18:34:42] csInLpr1 접속성공
[18:34:42] [subcsInLpr1] 10.22.30.20:2200 접속성공
[18:34:42] csOutLpr1 접속성공
[18:34:42] [subcsOutLpr1] 10.22.30.20:3200 접속성공
[18:34:42] csInDsp1 접속성공
[18:34:44] SocketError > ErrorNo: [10061] Host: [10.22.30.10] Port: [5001] Name: [csOutDsp1] Msg: [서버가 죽었거나 클라이언트에서 접속환경이 잘못되었을때 나타나는 현상]
[18:34:44] csOutDsp1 연결끊김
[18:35:19] SocketError > ErrorNo: [10061] Host: [10.22.30.10] Port: [5001] Name: [csOutDsp1] Msg: [서버가 죽었거나 클라이언트에서 접속환경이 잘못되었을때 나타나는 현상]
[18:35:19] csOutDsp1 연결끊김
**************************************************************
[18:35:45] Program Start!
[18:35:45] 홈넷예외LPR:
[18:35:45] [DB저장 모드]
[18:35:45] TfrmMain.btnModeClick: 유인운영
[18:35:47] 비로그인
[18:35:47] LPR재접속 쓰레드시작
[18:35:47] 전광판재접속 쓰레드시작
[18:35:47] 정기권연동 쓰레드시작
[18:35:48] csInLpr1 접속성공
[18:35:48] csOutLpr1 접속성공
[18:35:48] [subcsInLpr1] 10.22.30.20:2200 접속성공
[18:35:48] [subcsOutLpr1] 10.22.30.20:3200 접속성공
[18:35:48] csInDsp1 접속성공
[18:35:53] SocketError > ErrorNo: [10061] Host: [10.22.30.10] Port: [5001] Name: [csOutDsp1] Msg: [서버가 죽었거나 클라이언트에서 접속환경이 잘못되었을때 나타나는 현상]
[18:35:53] csOutDsp1 연결끊김
**************************************************************
[19:14:24] Program Start!
[19:14:24] 홈넷예외LPR:
[19:14:24] [DB저장 모드]
[19:14:24] TfrmMain.btnModeClick: 유인운영
[19:14:26] 비로그인
[19:14:26] LPR재접속 쓰레드시작
[19:14:26] 정기권연동 쓰레드시작
[19:14:27] csInLpr1 접속성공
[19:14:27] [subcsInLpr1] 10.22.30.20:2200 접속성공
[19:14:27] [subcsOutLpr1] 10.22.30.20:3200 접속성공
[19:14:27] csOutLpr1 접속성공
[19:14:27] csInDsp1 접속성공
[19:14:29] SocketError > ErrorNo: [10061] Host: [10.22.30.10] Port: [5001] Name: [csOutDsp1] Msg: [서버가 죽었거나 클라이언트에서 접속환경이 잘못되었을때 나타나는 현상]
[19:14:29] csOutDsp1 연결끊김
**************************************************************
[19:15:29] Program Start!
[19:15:30] 홈넷예외LPR:
[19:15:30] [DB저장 모드]
[19:15:30] TfrmMain.btnModeClick: 유인운영
[19:15:30] 비로그인
[19:15:31] LPR재접속 쓰레드시작
[19:15:31] 전광판재접속 쓰레드시작
[19:15:32] csInLpr1 접속성공
[19:15:32] [subcsInLpr1] 10.22.30.20:2200 접속성공
[19:15:32] [subcsOutLpr1] 10.22.30.20:3200 접속성공
[19:15:32] csOutLpr1 접속성공
[19:15:32] csInDsp1 접속성공
[19:15:34] SocketError > ErrorNo: [10061] Host: [10.22.30.10] Port: [5001] Name: [csOutDsp1] Msg: [서버가 죽었거나 클라이언트에서 접속환경이 잘못되었을때 나타나는 현상]
[19:15:34] csOutDsp1 연결끊김
**************************************************************
[19:16:06] Program Start!
[19:16:06] 홈넷예외LPR:
[19:16:06] [DB저장 모드]
[19:16:06] TfrmMain.btnModeClick: 유인운영
[19:16:07] 비로그인
[19:16:08] LPR재접속 쓰레드시작
[19:16:08] 정기권연동 쓰레드시작
[19:16:09] csInLpr1 접속성공
[19:16:09] [subcsInLpr1] 10.22.30.20:2200 접속성공
[19:16:09] [subcsOutLpr1] 10.22.30.20:3200 접속성공
[19:16:09] csOutLpr1 접속성공
[19:16:09] csInDsp1 접속성공
[19:16:11] SocketError > ErrorNo: [10061] Host: [10.22.30.10] Port: [5001] Name: [csOutDsp1] Msg: [서버가 죽었거나 클라이언트에서 접속환경이 잘못되었을때 나타나는 현상]
[19:16:11] csOutDsp1 연결끊김
**************************************************************
[19:39:34] Program Start!
[19:39:35] 홈넷예외LPR:
[19:39:35] [DB저장 모드]
[19:39:35] TfrmMain.btnModeClick: 유인운영
[19:39:36] 비로그인
[19:39:36] 전광판재접속 쓰레드시작
[19:39:37] 정기권연동 쓰레드시작
[19:39:37] csInLpr1 접속성공
[19:39:37] [subcsInLpr1] 10.22.30.20:2200 접속성공
[19:39:37] csOutLpr1 접속성공
[19:39:37] csInDsp1 접속성공
[19:39:37] [subcsOutLpr1] 10.22.30.20:3200 접속성공
[19:39:39] SocketError > ErrorNo: [10061] Host: [10.22.30.10] Port: [5001] Name: [csOutDsp1] Msg: [서버가 죽었거나 클라이언트에서 접속환경이 잘못되었을때 나타나는 현상]
[19:39:39] csOutDsp1 연결끊김
[19:40:08] Program Close
**************************************************************
[19:41:13] Program Start!
[19:41:13] 홈넷예외LPR:
[19:41:13] [DB저장 모드]
[19:41:13] TfrmMain.btnModeClick: 유인운영
[19:41:14] 비로그인
[19:41:14] LPR재접속 쓰레드시작
[19:41:15] 전광판재접속 쓰레드시작
[19:41:15] 정기권연동 쓰레드시작
[19:41:15] csInLpr1 접속성공
[19:41:15] [subcsInLpr1] 10.22.30.20:2200 접속성공
[19:41:15] [subcsOutLpr1] 10.22.30.20:3200 접속성공
[19:41:15] csOutLpr1 접속성공
[19:41:15] csInDsp1 접속성공
[19:41:17] SocketError > ErrorNo: [10061] Host: [10.22.30.10] Port: [5001] Name: [csOutDsp1] Msg: [서버가 죽었거나 클라이언트에서 접속환경이 잘못되었을때 나타나는 현상]
[19:41:17] csOutDsp1 연결끊김
**************************************************************
[19:41:45] Program Start!
[19:41:45] 홈넷예외LPR:
[19:41:45] [DB저장 모드]
[19:41:46] TfrmMain.btnModeClick: 유인운영
[19:41:47] 비로그인
[19:41:48] LPR재접속 쓰레드시작
[19:41:48] 전광판재접속 쓰레드시작
[19:41:48] 정기권연동 쓰레드시작
[19:41:49] csInLpr1 접속성공
[19:41:49] csOutLpr1 접속성공
[19:41:49] [subcsInLpr1] 10.22.30.20:2200 접속성공
[19:41:49] [subcsOutLpr1] 10.22.30.20:3200 접속성공
[19:41:49] csInDsp1 접속성공
[19:41:51] SocketError > ErrorNo: [10061] Host: [10.22.30.10] Port: [5001] Name: [csOutDsp1] Msg: [서버가 죽었거나 클라이언트에서 접속환경이 잘못되었을때 나타나는 현상]
[19:41:51] csOutDsp1 연결끊김
[19:41:58] Program Close
**************************************************************
[19:43:00] Program Start!
[19:43:00] 홈넷예외LPR:
[19:43:00] [DB저장 모드]
[19:43:00] TfrmMain.btnModeClick: 유인운영
[19:43:01] 비로그인
[19:43:01] LPR재접속 쓰레드시작
[19:43:01] 전광판재접속 쓰레드시작
[19:43:01] 정기권연동 쓰레드시작
[19:43:03] csInLpr1 접속성공
[19:43:03] [subcsOutLpr1] 10.22.30.20:3200 접속성공
[19:43:03] [subcsInLpr1] 10.22.30.20:2200 접속성공
[19:43:03] csInDsp1 접속성공
[19:43:03] csOutLpr1 접속성공
[19:43:05] SocketError > ErrorNo: [10061] Host: [10.22.30.10] Port: [5001] Name: [csOutDsp1] Msg: [서버가 죽었거나 클라이언트에서 접속환경이 잘못되었을때 나타나는 현상]
[19:43:05] csOutDsp1 연결끊김
[19:43:14] Program Close
**************************************************************
[19:45:30] Program Start!
[19:45:30] 홈넷예외LPR:
[19:45:30] [DB저장 모드]
[19:45:30] TfrmMain.btnModeClick: 유인운영
[19:45:31] 비로그인
[19:45:31] LPR재접속 쓰레드시작
[19:45:32] 전광판재접속 쓰레드시작
[19:45:32] 정기권연동 쓰레드시작
[19:45:33] csInLpr1 접속성공
[19:45:33] [subcsInLpr1] 10.22.30.20:2200 접속성공
[19:45:33] [subcsOutLpr1] 10.22.30.20:3200 접속성공
[19:45:33] csInDsp1 접속성공
[19:45:33] csOutLpr1 접속성공
[19:45:35] SocketError > ErrorNo: [10061] Host: [10.22.30.10] Port: [5001] Name: [csOutDsp1] Msg: [서버가 죽었거나 클라이언트에서 접속환경이 잘못되었을때 나타나는 현상]
[19:45:35] csOutDsp1 연결끊김
[19:45:50] Program Close
**************************************************************
[19:48:11] Program Start!
[19:48:11] 홈넷예외LPR:
[19:48:11] [DB저장 모드]
[19:48:11] TfrmMain.btnModeClick: 유인운영
[19:48:12] 비로그인
[19:48:13] 전광판재접속 쓰레드시작
[19:48:13] 정기권연동 쓰레드시작
[19:48:14] csInLpr1 접속성공
[19:48:14] [subcsInLpr1] 10.22.30.20:2200 접속성공
[19:48:14] [subcsOutLpr1] 10.22.30.20:3200 접속성공
[19:48:14] csOutLpr1 접속성공
[19:48:14] csInDsp1 접속성공
[19:48:16] SocketError > ErrorNo: [10061] Host: [10.22.30.10] Port: [5001] Name: [csOutDsp1] Msg: [서버가 죽었거나 클라이언트에서 접속환경이 잘못되었을때 나타나는 현상]
[19:48:16] csOutDsp1 연결끊김
[19:48:33] Program Close
**************************************************************
[19:50:01] Program Start!
[19:50:01] 홈넷예외LPR:
[19:50:01] [DB저장 모드]
[19:50:01] TfrmMain.btnModeClick: 유인운영
[19:50:02] 비로그인
[19:50:02] LPR재접속 쓰레드시작
[19:50:02] 전광판재접속 쓰레드시작
[19:50:03] csInLpr1 접속성공
[19:50:03] [subcsInLpr1] 10.22.30.20:2200 접속성공
[19:50:03] [subcsOutLpr1] 10.22.30.20:3200 접속성공
[19:50:03] csInDsp1 접속성공
[19:50:03] csOutLpr1 접속성공
[19:50:05] SocketError > ErrorNo: [10061] Host: [10.22.30.10] Port: [5001] Name: [csOutDsp1] Msg: [서버가 죽었거나 클라이언트에서 접속환경이 잘못되었을때 나타나는 현상]
[19:50:05] csOutDsp1 연결끊김
[19:50:16] Program Close
**************************************************************
[19:51:31] Program Start!
[19:51:31] 홈넷예외LPR:
[19:51:31] [DB저장 모드]
[19:51:31] TfrmMain.btnModeClick: 유인운영
[19:51:32] 비로그인
[19:51:33] LPR재접속 쓰레드시작
[19:51:33] 전광판재접속 쓰레드시작
[19:51:34] csInLpr1 접속성공
[19:51:35] [subcsInLpr1] 10.22.30.20:2200 접속성공
[19:51:35] [subcsOutLpr1] 10.22.30.20:3200 접속성공
[19:51:35] csInDsp1 접속성공
[19:51:35] csOutLpr1 접속성공
[19:51:36] SocketError > ErrorNo: [10061] Host: [10.22.30.10] Port: [5001] Name: [csOutDsp1] Msg: [서버가 죽었거나 클라이언트에서 접속환경이 잘못되었을때 나타나는 현상]
[19:51:36] csOutDsp1 연결끊김
[19:51:47] Program Close
**************************************************************
[19:53:35] Program Start!
[19:53:35] 홈넷예외LPR:
[19:53:35] [DB저장 모드]
[19:53:35] TfrmMain.btnModeClick: 유인운영
[19:53:37] 비로그인
[19:53:38] LPR재접속 쓰레드시작
[19:53:38] 정기권연동 쓰레드시작
[19:53:39] csInLpr1 접속성공
[19:53:39] [subcsOutLpr1] 10.22.30.20:3200 접속성공
[19:53:39] [subcsInLpr1] 10.22.30.20:2200 접속성공
[19:53:39] csOutLpr1 접속성공
[19:53:39] csInDsp1 접속성공
[19:53:41] SocketError > ErrorNo: [10061] Host: [10.22.30.10] Port: [5001] Name: [csOutDsp1] Msg: [서버가 죽었거나 클라이언트에서 접속환경이 잘못되었을때 나타나는 현상]
[19:53:41] csOutDsp1 연결끊김
[19:53:47] Program Close
**************************************************************
[19:54:32] Program Start!
[19:54:32] 홈넷예외LPR:
[19:54:32] [DB저장 모드]
[19:54:32] TfrmMain.btnModeClick: 유인운영
[19:54:34] 비로그인
[19:54:34] 전광판재접속 쓰레드시작
[19:54:35] csInLpr1 접속성공
[19:54:36] [subcsInLpr1] 10.22.30.20:2200 접속성공
[19:54:36] [subcsOutLpr1] 10.22.30.20:3200 접속성공
[19:54:36] csOutLpr1 접속성공
[19:54:36] csInDsp1 접속성공
[19:54:38] SocketError > ErrorNo: [10061] Host: [10.22.30.10] Port: [5001] Name: [csOutDsp1] Msg: [서버가 죽었거나 클라이언트에서 접속환경이 잘못되었을때 나타나는 현상]
[19:54:38] csOutDsp1 연결끊김
[19:54:48] Program Close
**************************************************************
[19:57:55] Program Start!
[19:57:55] 홈넷예외LPR:
[19:57:55] [DB저장 모드]
[19:57:55] TfrmMain.btnModeClick: 유인운영
[19:57:56] 비로그인
[19:57:57] LPR재접속 쓰레드시작
[19:57:57] 전광판재접속 쓰레드시작
[19:57:57] 정기권연동 쓰레드시작
[19:57:57] [subcsInLpr1] 10.22.30.20:2200 접속성공
[19:57:57] csInLpr1 접속성공
[19:57:57] csOutLpr1 접속성공
[19:57:57] [subcsOutLpr1] 10.22.30.20:3200 접속성공
[19:57:57] csInDsp1 접속성공
[19:57:59] SocketError > ErrorNo: [10061] Host: [10.22.30.10] Port: [5001] Name: [csOutDsp1] Msg: [서버가 죽었거나 클라이언트에서 접속환경이 잘못되었을때 나타나는 현상]
[19:57:59] csOutDsp1 연결끊김
[19:58:30] SocketError > ErrorNo: [10061] Host: [10.22.30.10] Port: [5001] Name: [csOutDsp1] Msg: [서버가 죽었거나 클라이언트에서 접속환경이 잘못되었을때 나타나는 현상]
[19:58:30] csOutDsp1 연결끊김
[19:59:09] SocketError > ErrorNo: [10061] Host: [10.22.30.10] Port: [5001] Name: [csOutDsp1] Msg: [서버가 죽었거나 클라이언트에서 접속환경이 잘못되었을때 나타나는 현상]
[19:59:09] csOutDsp1 연결끊김
[19:59:10] Program Close
**************************************************************
[20:00:03] Program Start!
[20:00:03] 홈넷예외LPR:
[20:00:03] [DB저장 모드]
[20:00:04] TfrmMain.btnModeClick: 유인운영
[20:00:05] 비로그인
[20:00:06] 전광판재접속 쓰레드시작
[20:00:06] 정기권연동 쓰레드시작
[20:00:06] csInLpr1 접속성공
[20:00:06] [subcsInLpr1] 10.22.30.20:2200 접속성공
[20:00:06] [subcsOutLpr1] 10.22.30.20:3200 접속성공
[20:00:06] csOutLpr1 접속성공
[20:00:06] csInDsp1 접속성공
[20:00:08] SocketError > ErrorNo: [10061] Host: [10.22.30.10] Port: [5001] Name: [csOutDsp1] Msg: [서버가 죽었거나 클라이언트에서 접속환경이 잘못되었을때 나타나는 현상]
[20:00:08] csOutDsp1 연결끊김
**************************************************************
[20:01:00] Program Start!
[20:01:00] 홈넷예외LPR:
[20:01:00] [DB저장 모드]
[20:01:00] TfrmMain.btnModeClick: 유인운영
[20:01:01] 비로그인
[20:01:01] LPR재접속 쓰레드시작
[20:01:01] 전광판재접속 쓰레드시작
[20:01:01] 정기권연동 쓰레드시작
[20:01:02] csInLpr1 접속성공
[20:01:02] [subcsInLpr1] 10.22.30.20:2200 접속성공
[20:01:02] [subcsOutLpr1] 10.22.30.20:3200 접속성공
[20:01:02] csOutLpr1 접속성공
[20:01:02] csInDsp1 접속성공
[20:01:04] SocketError > ErrorNo: [10061] Host: [10.22.30.10] Port: [5001] Name: [csOutDsp1] Msg: [서버가 죽었거나 클라이언트에서 접속환경이 잘못되었을때 나타나는 현상]
[20:01:04] csOutDsp1 연결끊김
**************************************************************
[20:01:54] Program Start!
[20:01:54] 홈넷예외LPR:
[20:01:54] [DB저장 모드]
[20:01:55] TfrmMain.btnModeClick: 유인운영
[20:01:56] 비로그인
[20:01:56] LPR재접속 쓰레드시작
[20:01:56] 전광판재접속 쓰레드시작
[20:01:57] csInLpr1 접속성공
[20:01:57] [subcsOutLpr1] 10.22.30.20:3200 접속성공
[20:01:57] [subcsInLpr1] 10.22.30.20:2200 접속성공
[20:01:57] csOutLpr1 접속성공
[20:01:58] csInDsp1 접속성공
[20:01:59] SocketError > ErrorNo: [10061] Host: [10.22.30.10] Port: [5001] Name: [csOutDsp1] Msg: [서버가 죽었거나 클라이언트에서 접속환경이 잘못되었을때 나타나는 현상]
[20:01:59] csOutDsp1 연결끊김
**************************************************************
[20:02:34] Program Start!
[20:02:34] 홈넷예외LPR:
[20:02:34] [DB저장 모드]
[20:02:34] TfrmMain.btnModeClick: 유인운영
[20:02:35] 비로그인
[20:02:37] csInLpr1 접속성공
[20:02:37] [subcsInLpr1] 10.22.30.20:2200 접속성공
[20:02:37] [subcsOutLpr1] 10.22.30.20:3200 접속성공
[20:02:37] csOutLpr1 접속성공
[20:02:37] csInDsp1 접속성공
[20:02:39] SocketError > ErrorNo: [10061] Host: [10.22.30.10] Port: [5001] Name: [csOutDsp1] Msg: [서버가 죽었거나 클라이언트에서 접속환경이 잘못되었을때 나타나는 현상]
[20:02:39] csOutDsp1 연결끊김
**************************************************************
[20:04:12] Program Start!
[20:04:12] 홈넷예외LPR:
[20:04:12] [DB저장 모드]
[20:04:12] TfrmMain.btnModeClick: 유인운영
[20:04:13] 비로그인
[20:04:14] 전광판재접속 쓰레드시작
[20:04:15] [subcsOutLpr1] 10.22.30.20:3200 접속성공
[20:04:15] csInLpr1 접속성공
[20:04:15] [subcsInLpr1] 10.22.30.20:2200 접속성공
[20:04:15] csOutLpr1 접속성공
[20:04:15] csInDsp1 접속성공
[20:04:17] SocketError > ErrorNo: [10061] Host: [10.22.30.10] Port: [5001] Name: [csOutDsp1] Msg: [서버가 죽었거나 클라이언트에서 접속환경이 잘못되었을때 나타나는 현상]
[20:04:17] csOutDsp1 연결끊김
**************************************************************
[20:04:55] Program Start!
[20:04:55] 홈넷예외LPR:
[20:04:55] [DB저장 모드]
[20:04:55] TfrmMain.btnModeClick: 유인운영
[20:04:56] 비로그인
[20:04:57] LPR재접속 쓰레드시작
[20:04:57] 정기권연동 쓰레드시작
[20:04:58] csInLpr1 접속성공
[20:04:58] [subcsInLpr1] 10.22.30.20:2200 접속성공
[20:04:58] [subcsOutLpr1] 10.22.30.20:3200 접속성공
[20:04:58] csOutLpr1 접속성공
[20:04:58] csInDsp1 접속성공
[20:05:00] SocketError > ErrorNo: [10061] Host: [10.22.30.10] Port: [5001] Name: [csOutDsp1] Msg: [서버가 죽었거나 클라이언트에서 접속환경이 잘못되었을때 나타나는 현상]
[20:05:00] csOutDsp1 연결끊김
**************************************************************
[20:05:40] Program Start!
[20:05:40] 홈넷예외LPR:
[20:05:40] [DB저장 모드]
[20:05:41] TfrmMain.btnModeClick: 유인운영
[20:05:42] 비로그인
[20:05:42] LPR재접속 쓰레드시작
[20:05:42] 전광판재접속 쓰레드시작
[20:05:42] 정기권연동 쓰레드시작
[20:05:43] csInLpr1 접속성공
[20:05:43] [subcsInLpr1] 10.22.30.20:2200 접속성공
[20:05:43] csOutLpr1 접속성공
[20:05:43] [subcsOutLpr1] 10.22.30.20:3200 접속성공
[20:05:43] csInDsp1 접속성공
[20:05:45] SocketError > ErrorNo: [10061] Host: [10.22.30.10] Port: [5001] Name: [csOutDsp1] Msg: [서버가 죽었거나 클라이언트에서 접속환경이 잘못되었을때 나타나는 현상]
[20:05:45] csOutDsp1 연결끊김
**************************************************************
[20:07:20] Program Start!
[20:07:20] 홈넷예외LPR:
[20:07:20] [DB저장 모드]
[20:07:20] TfrmMain.btnModeClick: 유인운영
[20:07:21] 비로그인
[20:07:21] LPR재접속 쓰레드시작
[20:07:21] 전광판재접속 쓰레드시작
[20:07:21] 정기권연동 쓰레드시작
[20:07:22] csInLpr1 접속성공
[20:07:22] [subcsInLpr1] 10.22.30.20:2200 접속성공
[20:07:22] [subcsOutLpr1] 10.22.30.20:3200 접속성공
[20:07:22] csOutLpr1 접속성공
[20:07:22] csInDsp1 접속성공
[20:07:24] SocketError > ErrorNo: [10061] Host: [10.22.30.10] Port: [5001] Name: [csOutDsp1] Msg: [서버가 죽었거나 클라이언트에서 접속환경이 잘못되었을때 나타나는 현상]
[20:07:24] csOutDsp1 연결끊김
[20:08:01] SocketError > ErrorNo: [10061] Host: [10.22.30.10] Port: [5001] Name: [csOutDsp1] Msg: [서버가 죽었거나 클라이언트에서 접속환경이 잘못되었을때 나타나는 현상]
[20:08:01] csOutDsp1 연결끊김
**************************************************************
[20:11:49] Program Start!
[20:11:49] 홈넷예외LPR:
[20:11:49] [DB저장 모드]
[20:11:50] TfrmMain.btnModeClick: 유인운영
[20:11:50] 비로그인
[20:11:51] LPR재접속 쓰레드시작
[20:11:51] 전광판재접속 쓰레드시작
[20:11:51] 정기권연동 쓰레드시작
[20:11:52] csInLpr1 접속성공
[20:11:52] [subcsOutLpr1] 10.22.30.20:3200 접속성공
[20:11:52] [subcsInLpr1] 10.22.30.20:2200 접속성공
[20:11:52] csOutLpr1 접속성공
[20:11:52] csInDsp1 접속성공
[20:11:54] SocketError > ErrorNo: [10061] Host: [10.22.30.10] Port: [5001] Name: [csOutDsp1] Msg: [서버가 죽었거나 클라이언트에서 접속환경이 잘못되었을때 나타나는 현상]
[20:11:54] csOutDsp1 연결끊김
**************************************************************
[20:12:44] Program Start!
[20:12:44] 홈넷예외LPR:
[20:12:44] [DB저장 모드]
[20:12:44] TfrmMain.btnModeClick: 유인운영
[20:12:45] 비로그인
[20:12:45] LPR재접속 쓰레드시작
[20:12:46] csInLpr1 접속성공
[20:12:46] [subcsInLpr1] 10.22.30.20:2200 접속성공
[20:12:46] [subcsOutLpr1] 10.22.30.20:3200 접속성공
[20:12:46] csOutLpr1 접속성공
[20:12:46] csInDsp1 접속성공
[20:12:48] SocketError > ErrorNo: [10061] Host: [10.22.30.10] Port: [5001] Name: [csOutDsp1] Msg: [서버가 죽었거나 클라이언트에서 접속환경이 잘못되었을때 나타나는 현상]
[20:12:48] csOutDsp1 연결끊김
**************************************************************
[20:14:51] Program Start!
[20:14:51] 홈넷예외LPR:
[20:14:51] [DB저장 모드]
[20:14:51] TfrmMain.btnModeClick: 유인운영
[20:14:52] 비로그인
[20:14:53] 정기권연동 쓰레드시작
[20:14:54] csInLpr1 접속성공
[20:14:54] [subcsInLpr1] 10.22.30.20:2200 접속성공
[20:14:54] csOutLpr1 접속성공
[20:14:54] [subcsOutLpr1] 10.22.30.20:3200 접속성공
[20:14:54] csInDsp1 접속성공
[20:14:56] SocketError > ErrorNo: [10061] Host: [10.22.30.10] Port: [5001] Name: [csOutDsp1] Msg: [서버가 죽었거나 클라이언트에서 접속환경이 잘못되었을때 나타나는 현상]
[20:14:56] csOutDsp1 연결끊김
[20:15:29] SocketError > ErrorNo: [10061] Host: [10.22.30.10] Port: [5001] Name: [csOutDsp1] Msg: [서버가 죽었거나 클라이언트에서 접속환경이 잘못되었을때 나타나는 현상]
[20:15:29] csOutDsp1 연결끊김
**************************************************************
[20:15:36] Program Start!
[20:15:36] 홈넷예외LPR:
[20:15:37] [DB저장 모드]
[20:15:37] TfrmMain.btnModeClick: 유인운영
[20:15:37] 비로그인
[20:15:38] LPR재접속 쓰레드시작
[20:15:40] csInLpr1 접속성공
[20:15:40] [subcsOutLpr1] 10.22.30.20:3200 접속성공
[20:15:40] [subcsInLpr1] 10.22.30.20:2200 접속성공
[20:15:40] csOutLpr1 접속성공
[20:15:40] csInDsp1 접속성공
[20:15:42] SocketError > ErrorNo: [10061] Host: [10.22.30.10] Port: [5001] Name: [csOutDsp1] Msg: [서버가 죽었거나 클라이언트에서 접속환경이 잘못되었을때 나타나는 현상]
[20:15:42] csOutDsp1 연결끊김
**************************************************************
[20:16:38] Program Start!
[20:16:38] 홈넷예외LPR:
[20:16:38] [DB저장 모드]
[20:16:38] TfrmMain.btnModeClick: 유인운영
[20:16:39] 비로그인
[20:16:39] LPR재접속 쓰레드시작
[20:16:40] 전광판재접속 쓰레드시작
[20:16:41] csInLpr1 접속성공
[20:16:41] [subcsOutLpr1] 10.22.30.20:3200 접속성공
[20:16:41] [subcsInLpr1] 10.22.30.20:2200 접속성공
[20:16:41] csOutLpr1 접속성공
[20:16:41] csInDsp1 접속성공
[20:16:43] SocketError > ErrorNo: [10061] Host: [10.22.30.10] Port: [5001] Name: [csOutDsp1] Msg: [서버가 죽었거나 클라이언트에서 접속환경이 잘못되었을때 나타나는 현상]
[20:16:43] csOutDsp1 연결끊김
[20:17:13] SocketError > ErrorNo: [10061] Host: [10.22.30.10] Port: [5001] Name: [csOutDsp1] Msg: [서버가 죽었거나 클라이언트에서 접속환경이 잘못되었을때 나타나는 현상]
[20:17:13] csOutDsp1 연결끊김
**************************************************************
[20:17:27] Program Start!
[20:17:28] 홈넷예외LPR:
[20:17:28] [DB저장 모드]
[20:17:28] TfrmMain.btnModeClick: 유인운영
[20:17:29] 비로그인
[20:17:30] LPR재접속 쓰레드시작
[20:17:31] csInLpr1 접속성공
[20:17:31] [subcsInLpr1] 10.22.30.20:2200 접속성공
[20:17:31] [subcsOutLpr1] 10.22.30.20:3200 접속성공
[20:17:31] csOutLpr1 접속성공
[20:17:31] csInDsp1 접속성공
[20:17:33] SocketError > ErrorNo: [10061] Host: [10.22.30.10] Port: [5001] Name: [csOutDsp1] Msg: [서버가 죽었거나 클라이언트에서 접속환경이 잘못되었을때 나타나는 현상]
[20:17:33] csOutDsp1 연결끊김
**************************************************************
[20:20:42] Program Start!
[20:20:42] 홈넷예외LPR:
[20:20:42] [DB저장 모드]
[20:20:43] TfrmMain.btnModeClick: 유인운영
[20:20:43] 비로그인
[20:20:44] LPR재접속 쓰레드시작
[20:20:44] 전광판재접속 쓰레드시작
[20:20:44] 정기권연동 쓰레드시작
[20:20:46] csInLpr1 접속성공
[20:20:46] [subcsInLpr1] 10.22.30.20:2200 접속성공
[20:20:46] [subcsOutLpr1] 10.22.30.20:3200 접속성공
[20:20:46] csOutLpr1 접속성공
[20:20:46] csInDsp1 접속성공
[20:20:48] SocketError > ErrorNo: [10061] Host: [10.22.30.10] Port: [5001] Name: [csOutDsp1] Msg: [서버가 죽었거나 클라이언트에서 접속환경이 잘못되었을때 나타나는 현상]
[20:20:48] csOutDsp1 연결끊김
[20:21:02] Program Close
**************************************************************
[20:23:18] Program Start!
[20:23:18] 홈넷예외LPR:
[20:23:18] [DB저장 모드]
[20:23:18] TfrmMain.btnModeClick: 유인운영
[20:23:19] 비로그인
[20:23:20] LPR재접속 쓰레드시작
[20:23:21] 정기권연동 쓰레드시작
[20:23:21] csInLpr1 접속성공
[20:23:21] [subcsInLpr1] 10.22.30.20:2200 접속성공
[20:23:21] [subcsOutLpr1] 10.22.30.20:3200 접속성공
[20:23:21] csOutLpr1 접속성공
[20:23:21] csInDsp1 접속성공
[20:23:23] SocketError > ErrorNo: [10061] Host: [10.22.30.10] Port: [5001] Name: [csOutDsp1] Msg: [서버가 죽었거나 클라이언트에서 접속환경이 잘못되었을때 나타나는 현상]
[20:23:23] csOutDsp1 연결끊김
[20:23:35] Program Close
**************************************************************
[20:25:21] Program Start!
[20:25:21] 홈넷예외LPR:
[20:25:21] [DB저장 모드]
[20:25:22] TfrmMain.btnModeClick: 유인운영
[20:25:22] 비로그인
[20:25:23] 전광판재접속 쓰레드시작
[20:25:24] csInLpr1 접속성공
[20:25:24] [subcsOutLpr1] 10.22.30.20:3200 접속성공
[20:25:24] [subcsInLpr1] 10.22.30.20:2200 접속성공
[20:25:24] csOutLpr1 접속성공
[20:25:24] csInDsp1 접속성공
[20:25:26] SocketError > ErrorNo: [10061] Host: [10.22.30.10] Port: [5001] Name: [csOutDsp1] Msg: [서버가 죽었거나 클라이언트에서 접속환경이 잘못되었을때 나타나는 현상]
[20:25:26] csOutDsp1 연결끊김
[20:25:53] Program Close
**************************************************************
[20:26:48] Program Start!
[20:26:49] 홈넷예외LPR:
[20:26:49] [DB저장 모드]
[20:26:49] TfrmMain.btnModeClick: 유인운영
[20:26:50] 비로그인
[20:26:50] LPR재접속 쓰레드시작
[20:26:51] 정기권연동 쓰레드시작
[20:26:52] [subcsInLpr1] 10.22.30.20:2200 접속성공
[20:26:52] csInLpr1 접속성공
[20:26:52] [subcsOutLpr1] 10.22.30.20:3200 접속성공
[20:26:52] csInDsp1 접속성공
[20:26:54] SocketError > ErrorNo: [10061] Host: [10.22.30.10] Port: [5001] Name: [csOutDsp1] Msg: [서버가 죽었거나 클라이언트에서 접속환경이 잘못되었을때 나타나는 현상]
[20:26:54] csOutDsp1 연결끊김
[20:27:13] Program Close
**************************************************************
[20:28:05] Program Start!
[20:28:05] 홈넷예외LPR:
[20:28:05] [DB저장 모드]
[20:28:05] TfrmMain.btnModeClick: 유인운영
[20:28:06] 비로그인
[20:28:07] 전광판재접속 쓰레드시작
[20:28:07] 정기권연동 쓰레드시작
[20:28:08] csInLpr1 접속성공
[20:28:08] [subcsInLpr1] 10.22.30.20:2200 접속성공
[20:28:08] [subcsOutLpr1] 10.22.30.20:3200 접속성공
[20:28:08] csOutLpr1 접속성공
[20:28:08] csInDsp1 접속성공
[20:28:10] SocketError > ErrorNo: [10061] Host: [10.22.30.10] Port: [5001] Name: [csOutDsp1] Msg: [서버가 죽었거나 클라이언트에서 접속환경이 잘못되었을때 나타나는 현상]
[20:28:10] csOutDsp1 연결끊김
[20:28:27] Program Close
**************************************************************
[20:32:23] Program Start!
[20:32:23] 홈넷예외LPR:
[20:32:23] [DB저장 모드]
[20:32:24] TfrmMain.btnModeClick: 유인운영
[20:32:24] 비로그인
[20:32:25] LPR재접속 쓰레드시작
[20:32:25] 전광판재접속 쓰레드시작
[20:32:26] csInLpr1 접속성공
[20:32:26] [subcsInLpr1] 10.22.30.20:2200 접속성공
[20:32:26] [subcsOutLpr1] 10.22.30.20:3200 접속성공
[20:32:26] csOutLpr1 접속성공
[20:32:26] csInDsp1 접속성공
[20:32:28] SocketError > ErrorNo: [10061] Host: [10.22.30.10] Port: [5001] Name: [csOutDsp1] Msg: [서버가 죽었거나 클라이언트에서 접속환경이 잘못되었을때 나타나는 현상]
[20:32:28] csOutDsp1 연결끊김
[20:32:44] Program Close
**************************************************************
[20:36:22] Program Start!
[20:36:22] 홈넷예외LPR:
[20:36:22] [DB저장 모드]
[20:36:22] TfrmMain.btnModeClick: 유인운영
[20:36:23] 비로그인
[20:36:24] LPR재접속 쓰레드시작
[20:36:25] csInLpr1 접속성공
[20:36:25] [subcsInLpr1] 10.22.30.20:2200 접속성공
[20:36:25] csOutLpr1 접속성공
[20:36:25] [subcsOutLpr1] 10.22.30.20:3200 접속성공
[20:36:25] csInDsp1 접속성공
[20:36:27] SocketError > ErrorNo: [10061] Host: [10.22.30.10] Port: [5001] Name: [csOutDsp1] Msg: [서버가 죽었거나 클라이언트에서 접속환경이 잘못되었을때 나타나는 현상]
[20:36:27] csOutDsp1 연결끊김
**************************************************************
[20:37:21] Program Start!
[20:37:22] 홈넷예외LPR:
[20:37:22] [DB저장 모드]
[20:37:22] TfrmMain.btnModeClick: 유인운영
[20:37:23] 비로그인
[20:37:23] LPR재접속 쓰레드시작
[20:37:25] csInLpr1 접속성공
[20:37:25] [subcsInLpr1] 10.22.30.20:2200 접속성공
[20:37:25] [subcsOutLpr1] 10.22.30.20:3200 접속성공
[20:37:25] csInDsp1 접속성공
[20:37:25] csOutLpr1 접속성공
[20:37:27] SocketError > ErrorNo: [10061] Host: [10.22.30.10] Port: [5001] Name: [csOutDsp1] Msg: [서버가 죽었거나 클라이언트에서 접속환경이 잘못되었을때 나타나는 현상]
[20:37:27] csOutDsp1 연결끊김
**************************************************************
[20:41:12] Program Start!
[20:41:12] 홈넷예외LPR:
[20:41:12] [DB저장 모드]
[20:41:12] TfrmMain.btnModeClick: 유인운영
[20:41:13] 비로그인
[20:41:14] LPR재접속 쓰레드시작
[20:41:14] 전광판재접속 쓰레드시작
[20:41:15] csInLpr1 접속성공
[20:41:15] [subcsInLpr1] 10.22.30.20:2200 접속성공
[20:41:15] [subcsOutLpr1] 10.22.30.20:3200 접속성공
[20:41:15] csOutLpr1 접속성공
[20:41:15] csInDsp1 접속성공
[20:41:17] SocketError > ErrorNo: [10061] Host: [10.22.30.10] Port: [5001] Name: [csOutDsp1] Msg: [서버가 죽었거나 클라이언트에서 접속환경이 잘못되었을때 나타나는 현상]
[20:41:17] csOutDsp1 연결끊김
[20:41:26] Program Close
**************************************************************
[20:42:00] Program Start!
[20:42:00] 홈넷예외LPR:
[20:42:00] [DB저장 모드]
[20:42:01] TfrmMain.btnModeClick: 유인운영
[20:42:01] 비로그인
[20:42:02] LPR재접속 쓰레드시작
[20:42:02] 전광판재접속 쓰레드시작
[20:42:02] 정기권연동 쓰레드시작
[20:42:03] csInLpr1 접속성공
[20:42:03] [subcsInLpr1] 10.22.30.20:2200 접속성공
[20:42:03] [subcsOutLpr1] 10.22.30.20:3200 접속성공
[20:42:03] csOutLpr1 접속성공
[20:42:03] csInDsp1 접속성공
[20:42:05] SocketError > ErrorNo: [10061] Host: [10.22.30.10] Port: [5001] Name: [csOutDsp1] Msg: [서버가 죽었거나 클라이언트에서 접속환경이 잘못되었을때 나타나는 현상]
[20:42:05] csOutDsp1 연결끊김
**************************************************************
[20:43:08] Program Start!
[20:43:08] 홈넷예외LPR:
[20:43:08] [DB저장 모드]
[20:43:08] TfrmMain.btnModeClick: 유인운영
[20:43:09] 비로그인
[20:43:10] LPR재접속 쓰레드시작
[20:43:10] 전광판재접속 쓰레드시작
[20:43:11] csInLpr1 접속성공
[20:43:11] [subcsInLpr1] 10.22.30.20:2200 접속성공
[20:43:11] [subcsOutLpr1] 10.22.30.20:3200 접속성공
[20:43:11] csInDsp1 접속성공
[20:43:11] csOutLpr1 접속성공
[20:43:13] SocketError > ErrorNo: [10061] Host: [10.22.30.10] Port: [5001] Name: [csOutDsp1] Msg: [서버가 죽었거나 클라이언트에서 접속환경이 잘못되었을때 나타나는 현상]
[20:43:13] csOutDsp1 연결끊김
**************************************************************
[20:44:17] Program Start!
[20:44:17] 홈넷예외LPR:
[20:44:17] [DB저장 모드]
[20:44:17] TfrmMain.btnModeClick: 유인운영
[20:44:18] 비로그인
[20:44:19] LPR재접속 쓰레드시작
[20:44:19] 전광판재접속 쓰레드시작
[20:44:21] csInLpr1 접속성공
[20:44:21] [subcsInLpr1] 10.22.30.20:2200 접속성공
[20:44:21] [subcsOutLpr1] 10.22.30.20:3200 접속성공
[20:44:21] csOutLpr1 접속성공
[20:44:21] csInDsp1 접속성공
[20:44:23] SocketError > ErrorNo: [10061] Host: [10.22.30.10] Port: [5001] Name: [csOutDsp1] Msg: [서버가 죽었거나 클라이언트에서 접속환경이 잘못되었을때 나타나는 현상]
[20:44:23] csOutDsp1 연결끊김
[20:45:00] SocketError > ErrorNo: [10061] Host: [10.22.30.10] Port: [5001] Name: [csOutDsp1] Msg: [서버가 죽었거나 클라이언트에서 접속환경이 잘못되었을때 나타나는 현상]
[20:45:00] csOutDsp1 연결끊김
[20:45:03] Program Close
**************************************************************
[20:45:48] Program Start!
[20:45:49] 홈넷예외LPR:
[20:45:49] [DB저장 모드]
[20:45:49] TfrmMain.btnModeClick: 유인운영
[20:45:50] 비로그인
[20:45:50] LPR재접속 쓰레드시작
[20:45:51] csInLpr1 접속성공
[20:45:51] [subcsInLpr1] 10.22.30.20:2200 접속성공
[20:45:51] [subcsOutLpr1] 10.22.30.20:3200 접속성공
[20:45:52] csOutLpr1 접속성공
[20:45:52] csInDsp1 접속성공
[20:45:53] SocketError > ErrorNo: [10061] Host: [10.22.30.10] Port: [5001] Name: [csOutDsp1] Msg: [서버가 죽었거나 클라이언트에서 접속환경이 잘못되었을때 나타나는 현상]
[20:45:53] csOutDsp1 연결끊김
**************************************************************
[20:47:01] Program Start!
[20:47:01] 홈넷예외LPR:
[20:47:01] [DB저장 모드]
[20:47:01] TfrmMain.btnModeClick: 유인운영
[20:47:03] 비로그인
[20:47:03] LPR재접속 쓰레드시작
[20:47:04] csInLpr1 접속성공
[20:47:04] [subcsInLpr1] 10.22.30.20:2200 접속성공
[20:47:04] [subcsOutLpr1] 10.22.30.20:3200 접속성공
[20:47:04] csOutLpr1 접속성공
[20:47:04] csInDsp1 접속성공
[20:47:06] SocketError > ErrorNo: [10061] Host: [10.22.30.10] Port: [5001] Name: [csOutDsp1] Msg: [서버가 죽었거나 클라이언트에서 접속환경이 잘못되었을때 나타나는 현상]
[20:47:06] csOutDsp1 연결끊김
[20:47:21] Program Close
**************************************************************
[20:47:38] Program Start!
[20:47:38] 홈넷예외LPR:
[20:47:38] [DB저장 모드]
[20:47:38] TfrmMain.btnModeClick: 유인운영
[20:47:39] 비로그인
[20:47:40] 전광판재접속 쓰레드시작
[20:47:41] [subcsInLpr1] 10.22.30.20:2200 접속성공
[20:47:41] csInLpr1 접속성공
[20:47:41] [subcsOutLpr1] 10.22.30.20:3200 접속성공
[20:47:41] csOutLpr1 접속성공
[20:47:41] csInDsp1 접속성공
[20:47:43] SocketError > ErrorNo: [10061] Host: [10.22.30.10] Port: [5001] Name: [csOutDsp1] Msg: [서버가 죽었거나 클라이언트에서 접속환경이 잘못되었을때 나타나는 현상]
[20:47:43] csOutDsp1 연결끊김
**************************************************************
[20:53:45] Program Start!
[20:53:45] 홈넷예외LPR:
[20:53:45] [DB저장 모드]
[20:53:45] TfrmMain.btnModeClick: 유인운영
[20:53:46] 비로그인
[20:53:46] LPR재접속 쓰레드시작
[20:53:46] 전광판재접속 쓰레드시작
[20:53:47] 정기권연동 쓰레드시작
[20:53:47] csInLpr1 접속성공
[20:53:47] [subcsInLpr1] 10.22.30.20:2200 접속성공
[20:53:47] [subcsOutLpr1] 10.22.30.20:3200 접속성공
[20:53:47] csOutLpr1 접속성공
[20:53:47] csInDsp1 접속성공
[20:53:49] SocketError > ErrorNo: [10061] Host: [10.22.30.10] Port: [5001] Name: [csOutDsp1] Msg: [서버가 죽었거나 클라이언트에서 접속환경이 잘못되었을때 나타나는 현상]
[20:53:49] csOutDsp1 연결끊김
**************************************************************
[20:57:34] Program Start!
[20:57:34] 홈넷예외LPR:
[20:57:34] [DB저장 모드]
[20:57:34] TfrmMain.btnModeClick: 유인운영
[20:57:35] 비로그인
[20:57:35] LPR재접속 쓰레드시작
[20:57:35] 전광판재접속 쓰레드시작
[20:57:35] 정기권연동 쓰레드시작
[20:57:36] csInLpr1 접속성공
[20:57:36] [subcsInLpr1] 10.22.30.20:2200 접속성공
[20:57:36] [subcsOutLpr1] 10.22.30.20:3200 접속성공
[20:57:36] csOutLpr1 접속성공
[20:57:36] csInDsp1 접속성공
[20:57:38] Program Close
**************************************************************
[20:58:13] Program Start!
[20:58:13] 홈넷예외LPR:
[20:58:13] [DB저장 모드]
[20:58:14] TfrmMain.btnModeClick: 유인운영
[20:58:14] 비로그인
[20:58:15] LPR재접속 쓰레드시작
[20:58:15] 전광판재접속 쓰레드시작
[20:58:15] 정기권연동 쓰레드시작
[20:58:16] csInLpr1 접속성공
[20:58:16] [subcsInLpr1] 10.22.30.20:2200 접속성공
[20:58:16] csOutLpr1 접속성공
[20:58:16] [subcsOutLpr1] 10.22.30.20:3200 접속성공
[20:58:16] csInDsp1 접속성공
[20:58:18] SocketError > ErrorNo: [10061] Host: [10.22.30.10] Port: [5001] Name: [csOutDsp1] Msg: [서버가 죽었거나 클라이언트에서 접속환경이 잘못되었을때 나타나는 현상]
[20:58:18] csOutDsp1 연결끊김
[20:58:34] Program Close
**************************************************************
[20:59:20] Program Start!
[20:59:20] 홈넷예외LPR:
[20:59:20] [DB저장 모드]
[20:59:21] TfrmMain.btnModeClick: 유인운영
[20:59:21] 비로그인
[20:59:22] LPR재접속 쓰레드시작
[20:59:23] [subcsInLpr1] 10.22.30.20:2200 접속성공
[20:59:23] [subcsOutLpr1] 10.22.30.20:3200 접속성공
[20:59:23] csInLpr1 접속성공
[20:59:23] csOutLpr1 접속성공
[20:59:23] csInDsp1 접속성공
[20:59:25] SocketError > ErrorNo: [10061] Host: [10.22.30.10] Port: [5001] Name: [csOutDsp1] Msg: [서버가 죽었거나 클라이언트에서 접속환경이 잘못되었을때 나타나는 현상]
[20:59:25] csOutDsp1 연결끊김
**************************************************************
[20:59:48] Program Start!
[20:59:48] 홈넷예외LPR:
[20:59:48] [DB저장 모드]
[20:59:48] TfrmMain.btnModeClick: 유인운영
[20:59:49] 비로그인
[20:59:49] 전광판재접속 쓰레드시작
[20:59:50] 정기권연동 쓰레드시작
[20:59:50] csInLpr1 접속성공
[20:59:50] [subcsInLpr1] 10.22.30.20:2200 접속성공
[20:59:50] [subcsOutLpr1] 10.22.30.20:3200 접속성공
[20:59:51] csOutLpr1 접속성공
[20:59:51] csInDsp1 접속성공
[20:59:52] SocketError > ErrorNo: [10061] Host: [10.22.30.10] Port: [5001] Name: [csOutDsp1] Msg: [서버가 죽었거나 클라이언트에서 접속환경이 잘못되었을때 나타나는 현상]
[20:59:52] csOutDsp1 연결끊김
**************************************************************
[21:05:36] Program Start!
[21:05:36] 홈넷예외LPR:
[21:05:36] [DB저장 모드]
[21:05:37] TfrmMain.btnModeClick: 유인운영
[21:05:38] 비로그인
[21:05:38] 전광판재접속 쓰레드시작
[21:05:39] csInLpr1 접속성공
[21:05:39] [subcsOutLpr1] 10.22.30.20:3200 접속성공
[21:05:39] [subcsInLpr1] 10.22.30.20:2200 접속성공
[21:05:39] csOutLpr1 접속성공
[21:05:39] csInDsp1 접속성공
[21:05:41] SocketError > ErrorNo: [10061] Host: [10.22.30.10] Port: [5001] Name: [csOutDsp1] Msg: [서버가 죽었거나 클라이언트에서 접속환경이 잘못되었을때 나타나는 현상]
[21:05:41] csOutDsp1 연결끊김
**************************************************************
[21:06:29] Program Start!
[21:06:29] 홈넷예외LPR:
[21:06:29] [DB저장 모드]
[21:06:29] TfrmMain.btnModeClick: 유인운영
[21:06:30] 비로그인
[21:06:30] LPR재접속 쓰레드시작
[21:06:30] 정기권연동 쓰레드시작
[21:06:31] csInLpr1 접속성공
[21:06:31] [subcsInLpr1] 10.22.30.20:2200 접속성공
[21:06:31] [subcsOutLpr1] 10.22.30.20:3200 접속성공
[21:06:31] csOutLpr1 접속성공
[21:06:31] csInDsp1 접속성공
**************************************************************
[21:07:38] Program Start!
[21:07:38] 홈넷예외LPR:
[21:07:38] [DB저장 모드]
[21:07:38] TfrmMain.btnModeClick: 유인운영
[21:07:39] 비로그인
[21:07:39] LPR재접속 쓰레드시작
[21:07:39] 전광판재접속 쓰레드시작
[21:07:40] 정기권연동 쓰레드시작
[21:07:40] csInLpr1 접속성공
[21:07:40] [subcsInLpr1] 10.22.30.20:2200 접속성공
[21:07:40] [subcsOutLpr1] 10.22.30.20:3200 접속성공
[21:07:40] csOutLpr1 접속성공
[21:07:40] csInDsp1 접속성공
[21:07:42] SocketError > ErrorNo: [10061] Host: [10.22.30.10] Port: [5001] Name: [csOutDsp1] Msg: [서버가 죽었거나 클라이언트에서 접속환경이 잘못되었을때 나타나는 현상]
[21:07:42] csOutDsp1 연결끊김
**************************************************************
[21:08:12] Program Start!
[21:08:12] 홈넷예외LPR:
[21:08:12] [DB저장 모드]
[21:08:13] TfrmMain.btnModeClick: 유인운영
[21:08:13] 비로그인
[21:08:14] 전광판재접속 쓰레드시작
[21:08:14] 정기권연동 쓰레드시작
[21:08:15] csInLpr1 접속성공
[21:08:15] [subcsInLpr1] 10.22.30.20:2200 접속성공
[21:08:15] [subcsOutLpr1] 10.22.30.20:3200 접속성공
[21:08:15] csOutLpr1 접속성공
[21:08:15] csInDsp1 접속성공
[21:08:33] SocketError > ErrorNo: [10061] Host: [10.22.30.10] Port: [5001] Name: [csOutDsp1] Msg: [서버가 죽었거나 클라이언트에서 접속환경이 잘못되었을때 나타나는 현상]
[21:08:33] csOutDsp1 연결끊김
**************************************************************
[21:09:07] Program Start!
[21:09:07] 홈넷예외LPR:
[21:09:07] [DB저장 모드]
[21:09:08] TfrmMain.btnModeClick: 유인운영
[21:09:09] 비로그인
[21:09:11] csInLpr1 접속성공
[21:09:11] [subcsInLpr1] 10.22.30.20:2200 접속성공
[21:09:11] [subcsOutLpr1] 10.22.30.20:3200 접속성공
[21:09:11] csOutLpr1 접속성공
[21:09:11] csInDsp1 접속성공
[21:09:13] SocketError > ErrorNo: [10061] Host: [10.22.30.10] Port: [5001] Name: [csOutDsp1] Msg: [서버가 죽었거나 클라이언트에서 접속환경이 잘못되었을때 나타나는 현상]
[21:09:13] csOutDsp1 연결끊김
[21:09:45] SocketError > ErrorNo: [10061] Host: [10.22.30.10] Port: [5001] Name: [csOutDsp1] Msg: [서버가 죽었거나 클라이언트에서 접속환경이 잘못되었을때 나타나는 현상]
[21:09:45] csOutDsp1 연결끊김
**************************************************************
[21:09:59] Program Start!
[21:09:59] 홈넷예외LPR:
[21:09:59] [DB저장 모드]
[21:09:59] TfrmMain.btnModeClick: 유인운영
[21:10:00] 비로그인
[21:10:00] LPR재접속 쓰레드시작
[21:10:00] 전광판재접속 쓰레드시작
[21:10:01] csInLpr1 접속성공
[21:10:01] [subcsInLpr1] 10.22.30.20:2200 접속성공
[21:10:01] [subcsOutLpr1] 10.22.30.20:3200 접속성공
[21:10:01] csOutLpr1 접속성공
[21:10:01] csInDsp1 접속성공
[21:10:03] SocketError > ErrorNo: [10061] Host: [10.22.30.10] Port: [5001] Name: [csOutDsp1] Msg: [서버가 죽었거나 클라이언트에서 접속환경이 잘못되었을때 나타나는 현상]
[21:10:03] csOutDsp1 연결끊김
**************************************************************
[21:12:23] Program Start!
[21:12:23] 홈넷예외LPR:
[21:12:23] [DB저장 모드]
[21:12:23] TfrmMain.btnModeClick: 유인운영
[21:12:24] 비로그인
[21:12:24] LPR재접속 쓰레드시작
[21:12:24] 전광판재접속 쓰레드시작
[21:12:24] 정기권연동 쓰레드시작
[21:12:25] [subcsInLpr1] 10.22.30.20:2200 접속성공
[21:12:25] csInLpr1 접속성공
[21:12:25] [subcsOutLpr1] 10.22.30.20:3200 접속성공
[21:12:25] csOutLpr1 접속성공
[21:12:25] csInDsp1 접속성공
[21:12:27] SocketError > ErrorNo: [10061] Host: [10.22.30.10] Port: [5001] Name: [csOutDsp1] Msg: [서버가 죽었거나 클라이언트에서 접속환경이 잘못되었을때 나타나는 현상]
[21:12:27] csOutDsp1 연결끊김
[21:13:06] SocketError > ErrorNo: [10061] Host: [10.22.30.10] Port: [5001] Name: [csOutDsp1] Msg: [서버가 죽었거나 클라이언트에서 접속환경이 잘못되었을때 나타나는 현상]
[21:13:06] csOutDsp1 연결끊김
[21:13:13] Program Close
**************************************************************
[21:13:28] Program Start!
[21:13:28] 홈넷예외LPR:
[21:13:28] [DB저장 모드]
[21:13:29] TfrmMain.btnModeClick: 유인운영
[21:13:29] 비로그인
[21:13:31] csInLpr1 접속성공
[21:13:31] [subcsInLpr1] 10.22.30.20:2200 접속성공
[21:13:31] [subcsOutLpr1] 10.22.30.20:3200 접속성공
[21:13:31] csOutLpr1 접속성공
[21:13:31] csInDsp1 접속성공
[21:13:33] SocketError > ErrorNo: [10061] Host: [10.22.30.10] Port: [5001] Name: [csOutDsp1] Msg: [서버가 죽었거나 클라이언트에서 접속환경이 잘못되었을때 나타나는 현상]
[21:13:33] csOutDsp1 연결끊김
[21:14:22] SocketError > ErrorNo: [10061] Host: [10.22.30.10] Port: [5001] Name: [csOutDsp1] Msg: [서버가 죽었거나 클라이언트에서 접속환경이 잘못되었을때 나타나는 현상]
[21:14:22] csOutDsp1 연결끊김
