**************************************************************
[09:39:40] Program Start!
[09:39:40] 홈넷예외LPR:
[09:39:40] [DB저장 모드]
[09:39:40] TfrmMain.btnModeClick: 유인운영
[09:39:40] 비로그인
[09:39:40] 설치된 입구보조 LPR이 없음!
[09:39:40] 설치된 출구보조 LPR이 없음!
[09:39:40] 설치된 출구 LPR이 없음!
[09:39:40] 설치된 입구전광판이 없음!
[09:39:40] 설치된 출구전광판이 없음!
[09:39:40] LPR재접속 쓰레드시작
[09:39:40] 전광판재접속 쓰레드시작
[09:39:40] 정기권연동 쓰레드시작
[09:39:40] 설치된 영수증프린터가 없음!
**************************************************************
[09:41:02] Program Start!
[09:41:02] 홈넷예외LPR:
[09:41:02] [DB저장 모드]
[09:41:02] TfrmMain.btnModeClick: 유인운영
[09:41:02] 비로그인
[09:41:02] 설치된 입구보조 LPR이 없음!
[09:41:02] 설치된 출구보조 LPR이 없음!
[09:41:02] 설치된 출구 LPR이 없음!
[09:41:02] 설치된 입구전광판이 없음!
[09:41:02] 설치된 출구전광판이 없음!
[09:41:03] LPR재접속 쓰레드시작
[09:41:03] 전광판재접속 쓰레드시작
[09:41:03] 정기권연동 쓰레드시작
[09:41:03] 설치된 영수증프린터가 없음!
**************************************************************
[09:45:52] Program Start!
[09:45:52] 홈넷예외LPR:
[09:45:52] [DB저장 모드]
[09:45:53] TfrmMain.btnModeClick: 유인운영
[09:45:53] 비로그인
[09:45:53] 설치된 입구보조 LPR이 없음!
[09:45:53] 설치된 출구보조 LPR이 없음!
[09:45:53] 설치된 출구 LPR이 없음!
[09:45:53] 설치된 입구전광판이 없음!
[09:45:53] 설치된 출구전광판이 없음!
[09:45:54] LPR재접속 쓰레드시작
[09:45:54] 전광판재접속 쓰레드시작
[09:45:54] 정기권연동 쓰레드시작
[09:45:54] 설치된 영수증프린터가 없음!
**************************************************************
[09:49:07] Program Start!
[09:49:07] 홈넷예외LPR:
[09:49:07] [DB저장 모드]
[09:49:07] TfrmMain.btnModeClick: 유인운영
[09:49:07] 비로그인
[09:49:07] 설치된 입구보조 LPR이 없음!
[09:49:07] 설치된 출구보조 LPR이 없음!
[09:49:07] 설치된 출구 LPR이 없음!
[09:49:07] 설치된 입구전광판이 없음!
[09:49:07] 설치된 출구전광판이 없음!
[09:49:08] LPR재접속 쓰레드시작
[09:49:08] 전광판재접속 쓰레드시작
[09:49:08] 정기권연동 쓰레드시작
[09:49:08] 설치된 영수증프린터가 없음!
**************************************************************
[09:50:14] Program Start!
[09:50:14] 홈넷예외LPR:
[09:50:14] [DB저장 모드]
[09:50:14] TfrmMain.btnModeClick: 유인운영
[09:50:15] 비로그인
[09:50:15] 설치된 입구보조 LPR이 없음!
[09:50:15] 설치된 출구보조 LPR이 없음!
[09:50:15] 설치된 출구 LPR이 없음!
[09:50:15] 설치된 입구전광판이 없음!
[09:50:15] 설치된 출구전광판이 없음!
[09:50:15] LPR재접속 쓰레드시작
[09:50:15] 전광판재접속 쓰레드시작
[09:50:15] 정기권연동 쓰레드시작
[09:50:15] 설치된 영수증프린터가 없음!
**************************************************************
[09:52:00] Program Start!
[09:52:00] 홈넷예외LPR:
[09:52:00] [DB저장 모드]
[09:52:00] TfrmMain.btnModeClick: 유인운영
[09:52:00] 비로그인
[09:52:00] 설치된 입구보조 LPR이 없음!
[09:52:00] 설치된 출구보조 LPR이 없음!
[09:52:01] 설치된 출구 LPR이 없음!
[09:52:01] 설치된 입구전광판이 없음!
[09:52:01] 설치된 출구전광판이 없음!
[09:52:01] LPR재접속 쓰레드시작
[09:52:01] 전광판재접속 쓰레드시작
[09:52:01] 정기권연동 쓰레드시작
[09:52:01] 설치된 영수증프린터가 없음!
[09:52:43] 127.0.0.1:2000 소켓 연결끊김 = 10049
[09:53:00] 127.0.0.1:2000 소켓 연결끊김 = 10061
[09:53:06] Program Close
**************************************************************
[10:00:35] Program Start!
[10:00:36] 홈넷예외LPR:
[10:00:36] [DB저장 모드]
[10:00:36] TfrmMain.btnModeClick: 유인운영
[10:00:36] 비로그인
[10:00:36] 설치된 입구보조 LPR이 없음!
[10:00:36] 설치된 출구보조 LPR이 없음!
[10:00:36] 설치된 출구 LPR이 없음!
[10:00:36] 설치된 입구전광판이 없음!
[10:00:36] 설치된 출구전광판이 없음!
[10:00:37] LPR재접속 쓰레드시작
[10:00:37] 전광판재접속 쓰레드시작
[10:00:37] 정기권연동 쓰레드시작
[10:00:37] 설치된 영수증프린터가 없음!
**************************************************************
[10:01:47] Program Start!
[10:01:47] 홈넷예외LPR:
[10:01:47] [DB저장 모드]
[10:01:48] TfrmMain.btnModeClick: 유인운영
[10:01:48] 비로그인
[10:01:48] 설치된 입구보조 LPR이 없음!
[10:01:48] 설치된 출구보조 LPR이 없음!
[10:01:48] 설치된 출구 LPR이 없음!
[10:01:48] 설치된 입구전광판이 없음!
[10:01:48] 설치된 출구전광판이 없음!
[10:01:48] LPR재접속 쓰레드시작
[10:01:48] 전광판재접속 쓰레드시작
[10:01:48] 정기권연동 쓰레드시작
[10:01:48] 설치된 영수증프린터가 없음!
**************************************************************
[10:02:17] Program Start!
[10:02:17] 홈넷예외LPR:
[10:02:17] [DB저장 모드]
[10:02:17] TfrmMain.btnModeClick: 유인운영
[10:02:17] 비로그인
[10:02:17] 설치된 입구보조 LPR이 없음!
[10:02:17] 설치된 출구보조 LPR이 없음!
[10:02:17] 설치된 출구 LPR이 없음!
[10:02:17] 설치된 입구전광판이 없음!
[10:02:17] 설치된 출구전광판이 없음!
[10:02:18] LPR재접속 쓰레드시작
[10:02:18] 전광판재접속 쓰레드시작
[10:02:18] 정기권연동 쓰레드시작
[10:02:18] 설치된 영수증프린터가 없음!
**************************************************************
[10:04:48] Program Start!
[10:04:48] 홈넷예외LPR:
[10:04:48] [DB저장 모드]
[10:04:48] TfrmMain.btnModeClick: 유인운영
[10:04:48] 비로그인
[10:04:48] 설치된 입구보조 LPR이 없음!
[10:04:48] 설치된 출구보조 LPR이 없음!
[10:04:48] 설치된 출구 LPR이 없음!
[10:04:48] 설치된 입구전광판이 없음!
[10:04:48] 설치된 출구전광판이 없음!
[10:04:49] LPR재접속 쓰레드시작
[10:04:49] 전광판재접속 쓰레드시작
[10:04:49] 정기권연동 쓰레드시작
[10:04:49] 설치된 영수증프린터가 없음!
**************************************************************
[10:07:05] Program Start!
[10:07:05] 홈넷예외LPR:
[10:07:05] [DB저장 모드]
[10:07:05] TfrmMain.btnModeClick: 유인운영
[10:07:06] 비로그인
[10:07:06] 설치된 입구보조 LPR이 없음!
[10:07:06] 설치된 출구보조 LPR이 없음!
[10:07:06] 설치된 출구 LPR이 없음!
[10:07:06] 설치된 입구전광판이 없음!
[10:07:06] 설치된 출구전광판이 없음!
[10:07:06] LPR재접속 쓰레드시작
[10:07:06] 전광판재접속 쓰레드시작
[10:07:06] 정기권연동 쓰레드시작
[10:07:06] 설치된 영수증프린터가 없음!
**************************************************************
[13:29:07] Program Start!
[13:29:07] 홈넷예외LPR:
[13:29:07] [DB저장 모드]
[13:29:07] TfrmMain.btnModeClick: 유인운영
[13:29:07] 비로그인
[13:29:07] 설치된 입구보조 LPR이 없음!
[13:29:07] 설치된 출구보조 LPR이 없음!
[13:29:07] 설치된 출구 LPR이 없음!
[13:29:07] 설치된 입구전광판이 없음!
[13:29:07] 설치된 출구전광판이 없음!
[13:29:06] LPR재접속 쓰레드시작
[13:29:06] 전광판재접속 쓰레드시작
[13:29:06] 정기권연동 쓰레드시작
[13:29:06] 설치된 영수증프린터가 없음!
[13:29:08] 127.0.0.1:2000 소켓 연결끊김 = 10061
[13:29:17] Program Close
**************************************************************
[13:29:44] Program Start!
[13:29:44] 홈넷예외LPR:
[13:29:44] [DB저장 모드]
[13:29:44] TfrmMain.btnModeClick: 유인운영
[13:29:45] 비로그인
[13:29:45] 설치된 입구보조 LPR이 없음!
[13:29:45] 설치된 출구보조 LPR이 없음!
[13:29:45] 설치된 출구 LPR이 없음!
[13:29:45] 설치된 입구전광판이 없음!
[13:29:45] 설치된 출구전광판이 없음!
[13:29:46] LPR재접속 쓰레드시작
[13:29:46] 전광판재접속 쓰레드시작
[13:29:46] 정기권연동 쓰레드시작
[13:29:46] 설치된 영수증프린터가 없음!
[13:31:23] 127.0.0.1:2000 소켓 연결끊김 = 10049
[13:31:31] 127.0.0.1:2000 소켓 연결끊김 = 10061
**************************************************************
[13:32:11] Program Start!
[13:32:11] 홈넷예외LPR:
[13:32:11] [DB저장 모드]
[13:32:11] TfrmMain.btnModeClick: 유인운영
[13:32:11] 비로그인
[13:32:11] 설치된 입구보조 LPR이 없음!
[13:32:11] 설치된 출구보조 LPR이 없음!
[13:32:11] 설치된 출구 LPR이 없음!
[13:32:11] 설치된 입구전광판이 없음!
[13:32:11] 설치된 출구전광판이 없음!
[13:32:11] LPR재접속 쓰레드시작
[13:32:11] 전광판재접속 쓰레드시작
[13:32:11] 정기권연동 쓰레드시작
[13:32:11] 설치된 영수증프린터가 없음!
**************************************************************
[13:34:19] Program Start!
[13:34:19] 홈넷예외LPR:
[13:34:20] [DB저장 모드]
[13:34:20] TfrmMain.btnModeClick: 유인운영
[13:34:20] 비로그인
[13:34:20] 설치된 입구보조 LPR이 없음!
[13:34:20] 설치된 출구보조 LPR이 없음!
[13:34:20] 설치된 출구 LPR이 없음!
[13:34:20] 설치된 입구전광판이 없음!
[13:34:20] 설치된 출구전광판이 없음!
[13:34:21] LPR재접속 쓰레드시작
[13:34:21] 전광판재접속 쓰레드시작
[13:34:21] 정기권연동 쓰레드시작
[13:34:21] 설치된 영수증프린터가 없음!
**************************************************************
[13:53:57] Program Start!
[13:53:57] 홈넷예외LPR:
[13:53:57] [DB저장 모드]
[13:53:57] TfrmMain.btnModeClick: 유인운영
[13:53:58] 비로그인
[13:53:58] 설치된 입구보조 LPR이 없음!
[13:53:58] 설치된 출구보조 LPR이 없음!
[13:53:58] 설치된 출구 LPR이 없음!
[13:53:58] 설치된 입구전광판이 없음!
[13:53:58] 설치된 출구전광판이 없음!
[13:53:58] LPR재접속 쓰레드시작
[13:53:58] 전광판재접속 쓰레드시작
[13:53:58] 정기권연동 쓰레드시작
[13:53:58] 설치된 영수증프린터가 없음!
**************************************************************
[13:54:35] Program Start!
[13:54:35] 홈넷예외LPR:
[13:54:35] [DB저장 모드]
[13:54:35] TfrmMain.btnModeClick: 유인운영
[13:54:36] 비로그인
[13:54:36] 설치된 입구보조 LPR이 없음!
[13:54:36] 설치된 출구보조 LPR이 없음!
[13:54:36] 설치된 출구 LPR이 없음!
[13:54:36] 설치된 입구전광판이 없음!
[13:54:36] 설치된 출구전광판이 없음!
[13:54:37] LPR재접속 쓰레드시작
[13:54:37] 전광판재접속 쓰레드시작
[13:54:37] 정기권연동 쓰레드시작
[13:54:37] 설치된 영수증프린터가 없음!
**************************************************************
[13:55:15] Program Start!
[13:55:15] 홈넷예외LPR:
[13:55:15] [DB저장 모드]
[13:55:15] TfrmMain.btnModeClick: 유인운영
[13:55:16] 비로그인
[13:55:16] 설치된 입구보조 LPR이 없음!
[13:55:16] 설치된 출구보조 LPR이 없음!
[13:55:16] 설치된 출구 LPR이 없음!
[13:55:16] 설치된 입구전광판이 없음!
[13:55:16] 설치된 출구전광판이 없음!
[13:55:16] LPR재접속 쓰레드시작
[13:55:16] 전광판재접속 쓰레드시작
[13:55:16] 정기권연동 쓰레드시작
[13:55:16] 설치된 영수증프린터가 없음!
[13:55:37] 127.0.0.1:2000 소켓 연결끊김 = 10049
[13:55:54] 127.0.0.1:2000 소켓 연결끊김 = 10061
[13:56:09] 127.0.0.1:2000 소켓 연결끊김 = 10061
**************************************************************
[15:43:32] Program Start!
[15:43:32] 홈넷예외LPR:
[15:43:32] [DB저장 모드]
[15:43:32] TfrmMain.btnModeClick: 유인운영
[15:43:32] 비로그인
[15:43:32] 설치된 입구보조 LPR이 없음!
[15:43:32] 설치된 출구보조 LPR이 없음!
[15:43:32] 설치된 출구 LPR이 없음!
[15:43:32] 설치된 입구전광판이 없음!
[15:43:32] 설치된 출구전광판이 없음!
[15:43:33] LPR재접속 쓰레드시작
[15:43:33] 전광판재접속 쓰레드시작
[15:43:33] 정기권연동 쓰레드시작
[15:43:33] 설치된 영수증프린터가 없음!
[15:47:06] 127.0.0.1:2000 소켓 연결끊김 = 10049
[15:47:06] 127.0.0.1:2000 소켓 연결끊김 = 10049
**************************************************************
[15:47:14] Program Start!
[15:47:14] 홈넷예외LPR:
[15:47:14] [DB저장 모드]
[15:47:14] TfrmMain.btnModeClick: 유인운영
[15:47:14] 비로그인
[15:47:14] 설치된 입구보조 LPR이 없음!
[15:47:14] 설치된 출구보조 LPR이 없음!
[15:47:14] 설치된 출구 LPR이 없음!
[15:47:14] 설치된 입구전광판이 없음!
[15:47:15] 설치된 출구전광판이 없음!
[15:47:15] LPR재접속 쓰레드시작
[15:47:15] 전광판재접속 쓰레드시작
[15:47:15] 정기권연동 쓰레드시작
[15:47:15] 설치된 영수증프린터가 없음!
**************************************************************
[15:48:30] Program Start!
[15:48:30] 홈넷예외LPR:
[15:48:30] [DB저장 모드]
[15:48:30] TfrmMain.btnModeClick: 유인운영
[15:48:31] 비로그인
[15:48:31] 설치된 입구보조 LPR이 없음!
[15:48:31] 설치된 출구보조 LPR이 없음!
[15:48:31] 설치된 출구 LPR이 없음!
[15:48:31] 설치된 입구전광판이 없음!
[15:48:31] 설치된 출구전광판이 없음!
[15:48:32] LPR재접속 쓰레드시작
[15:48:32] 전광판재접속 쓰레드시작
[15:48:32] 정기권연동 쓰레드시작
[15:48:32] 설치된 영수증프린터가 없음!
**************************************************************
[15:51:38] Program Start!
[15:51:38] 홈넷예외LPR:
[15:51:38] [DB저장 모드]
[15:51:38] TfrmMain.btnModeClick: 유인운영
[15:51:39] 비로그인
[15:51:39] 설치된 입구보조 LPR이 없음!
[15:51:39] 설치된 출구보조 LPR이 없음!
[15:51:39] 설치된 출구 LPR이 없음!
[15:51:39] 설치된 입구전광판이 없음!
[15:51:39] 설치된 출구전광판이 없음!
[15:51:39] LPR재접속 쓰레드시작
[15:51:39] 전광판재접속 쓰레드시작
[15:51:39] 정기권연동 쓰레드시작
[15:51:39] 설치된 영수증프린터가 없음!
[15:52:02] 127.0.0.1:2000 소켓 연결끊김 = 10049
[15:52:19] 127.0.0.1:2000 소켓 연결끊김 = 10061
[15:52:34] 127.0.0.1:2000 소켓 연결끊김 = 10061
[15:52:49] 127.0.0.1:2000 소켓 연결끊김 = 10061
[15:53:04] 127.0.0.1:2000 소켓 연결끊김 = 10061
[15:53:19] 127.0.0.1:2000 소켓 연결끊김 = 10061
[15:53:34] 127.0.0.1:2000 소켓 연결끊김 = 10061
[15:53:49] 127.0.0.1:2000 소켓 연결끊김 = 10061
[15:54:04] 127.0.0.1:2000 소켓 연결끊김 = 10061
[15:54:19] 127.0.0.1:2000 소켓 연결끊김 = 10061
[15:54:34] 127.0.0.1:2000 소켓 연결끊김 = 10061
[15:54:49] 127.0.0.1:2000 소켓 연결끊김 = 10061
[15:55:04] 127.0.0.1:2000 소켓 연결끊김 = 10061
[15:55:19] 127.0.0.1:2000 소켓 연결끊김 = 10061
[15:55:34] 127.0.0.1:2000 소켓 연결끊김 = 10061
[15:55:49] 127.0.0.1:2000 소켓 연결끊김 = 10061
[15:56:04] 127.0.0.1:2000 소켓 연결끊김 = 10061
[15:56:19] 127.0.0.1:2000 소켓 연결끊김 = 10061
[15:56:34] 127.0.0.1:2000 소켓 연결끊김 = 10061
[15:56:49] 127.0.0.1:2000 소켓 연결끊김 = 10061
[15:57:04] 127.0.0.1:2000 소켓 연결끊김 = 10061
[15:57:19] 127.0.0.1:2000 소켓 연결끊김 = 10061
[15:57:34] 127.0.0.1:2000 소켓 연결끊김 = 10061
[15:57:49] 127.0.0.1:2000 소켓 연결끊김 = 10061
[15:58:04] 127.0.0.1:2000 소켓 연결끊김 = 10061
[15:58:19] 127.0.0.1:2000 소켓 연결끊김 = 10061
[15:58:34] 127.0.0.1:2000 소켓 연결끊김 = 10061
[15:58:49] 127.0.0.1:2000 소켓 연결끊김 = 10061
[15:59:04] 127.0.0.1:2000 소켓 연결끊김 = 10061
[15:59:19] 127.0.0.1:2000 소켓 연결끊김 = 10061
[15:59:34] 127.0.0.1:2000 소켓 연결끊김 = 10061
[15:59:49] 127.0.0.1:2000 소켓 연결끊김 = 10061
[16:00:04] 127.0.0.1:2000 소켓 연결끊김 = 10061
[16:00:19] 127.0.0.1:2000 소켓 연결끊김 = 10061
[16:00:34] 127.0.0.1:2000 소켓 연결끊김 = 10061
[16:00:49] 127.0.0.1:2000 소켓 연결끊김 = 10061
[16:01:04] 127.0.0.1:2000 소켓 연결끊김 = 10061
[16:01:19] 127.0.0.1:2000 소켓 연결끊김 = 10061
[16:01:34] 127.0.0.1:2000 소켓 연결끊김 = 10061
[16:01:49] 127.0.0.1:2000 소켓 연결끊김 = 10061
[16:02:04] 127.0.0.1:2000 소켓 연결끊김 = 10061
[16:02:19] 127.0.0.1:2000 소켓 연결끊김 = 10061
[16:02:34] 127.0.0.1:2000 소켓 연결끊김 = 10061
[16:02:49] 127.0.0.1:2000 소켓 연결끊김 = 10061
[16:03:04] 127.0.0.1:2000 소켓 연결끊김 = 10061
[16:03:19] 127.0.0.1:2000 소켓 연결끊김 = 10061
[16:03:34] 127.0.0.1:2000 소켓 연결끊김 = 10061
[16:03:49] 127.0.0.1:2000 소켓 연결끊김 = 10061
[16:04:04] 127.0.0.1:2000 소켓 연결끊김 = 10061
[16:04:19] 127.0.0.1:2000 소켓 연결끊김 = 10061
[16:04:34] 127.0.0.1:2000 소켓 연결끊김 = 10061
[16:04:49] 127.0.0.1:2000 소켓 연결끊김 = 10061
[16:05:04] 127.0.0.1:2000 소켓 연결끊김 = 10061
[16:05:19] 127.0.0.1:2000 소켓 연결끊김 = 10061
[16:05:34] 127.0.0.1:2000 소켓 연결끊김 = 10061
[16:05:49] 127.0.0.1:2000 소켓 연결끊김 = 10061
[16:06:04] 127.0.0.1:2000 소켓 연결끊김 = 10061
[16:06:19] 127.0.0.1:2000 소켓 연결끊김 = 10061
[16:06:34] 127.0.0.1:2000 소켓 연결끊김 = 10061
[16:06:49] 127.0.0.1:2000 소켓 연결끊김 = 10061
[16:07:04] 127.0.0.1:2000 소켓 연결끊김 = 10061
[16:07:19] 127.0.0.1:2000 소켓 연결끊김 = 10061
[16:07:34] 127.0.0.1:2000 소켓 연결끊김 = 10061
[16:07:49] 127.0.0.1:2000 소켓 연결끊김 = 10061
[16:08:04] 127.0.0.1:2000 소켓 연결끊김 = 10061
[16:08:19] 127.0.0.1:2000 소켓 연결끊김 = 10061
[16:08:34] 127.0.0.1:2000 소켓 연결끊김 = 10061
[16:08:49] 127.0.0.1:2000 소켓 연결끊김 = 10061
[16:09:04] 127.0.0.1:2000 소켓 연결끊김 = 10061
[16:09:19] 127.0.0.1:2000 소켓 연결끊김 = 10061
[16:09:34] 127.0.0.1:2000 소켓 연결끊김 = 10061
[16:09:49] 127.0.0.1:2000 소켓 연결끊김 = 10061
[16:10:04] 127.0.0.1:2000 소켓 연결끊김 = 10061
[16:10:19] 127.0.0.1:2000 소켓 연결끊김 = 10061
[16:10:34] 127.0.0.1:2000 소켓 연결끊김 = 10061
[16:10:49] 127.0.0.1:2000 소켓 연결끊김 = 10061
[16:11:04] 127.0.0.1:2000 소켓 연결끊김 = 10061
[16:11:19] 127.0.0.1:2000 소켓 연결끊김 = 10061
[16:11:34] 127.0.0.1:2000 소켓 연결끊김 = 10061
[16:11:49] 127.0.0.1:2000 소켓 연결끊김 = 10061
[16:12:04] 127.0.0.1:2000 소켓 연결끊김 = 10061
[16:12:19] 127.0.0.1:2000 소켓 연결끊김 = 10061
[16:12:34] 127.0.0.1:2000 소켓 연결끊김 = 10061
[16:12:49] 127.0.0.1:2000 소켓 연결끊김 = 10061
[16:13:04] 127.0.0.1:2000 소켓 연결끊김 = 10061
[16:13:19] 127.0.0.1:2000 소켓 연결끊김 = 10061
[16:13:34] 127.0.0.1:2000 소켓 연결끊김 = 10061
[16:13:49] 127.0.0.1:2000 소켓 연결끊김 = 10061
[16:14:04] 127.0.0.1:2000 소켓 연결끊김 = 10061
[16:14:19] 127.0.0.1:2000 소켓 연결끊김 = 10061
[16:14:34] 127.0.0.1:2000 소켓 연결끊김 = 10061
[16:14:49] 127.0.0.1:2000 소켓 연결끊김 = 10061
[16:15:04] 127.0.0.1:2000 소켓 연결끊김 = 10061
[16:15:19] 127.0.0.1:2000 소켓 연결끊김 = 10061
[16:15:34] 127.0.0.1:2000 소켓 연결끊김 = 10061
[16:15:49] 127.0.0.1:2000 소켓 연결끊김 = 10061
[16:16:04] 127.0.0.1:2000 소켓 연결끊김 = 10061
[16:16:19] 127.0.0.1:2000 소켓 연결끊김 = 10061
[16:16:34] 127.0.0.1:2000 소켓 연결끊김 = 10061
[16:16:49] 127.0.0.1:2000 소켓 연결끊김 = 10061
**************************************************************
[17:01:35] Program Start!
[17:01:35] 홈넷예외LPR:
[17:01:35] [DB저장 모드]
[17:01:35] TfrmMain.btnModeClick: 유인운영
[17:01:36] 비로그인
[17:01:36] 설치된 입구보조 LPR이 없음!
[17:01:36] 설치된 출구보조 LPR이 없음!
[17:01:36] 설치된 출구 LPR이 없음!
[17:01:36] 설치된 입구전광판이 없음!
[17:01:36] 설치된 출구전광판이 없음!
[17:01:37] LPR재접속 쓰레드시작
[17:01:37] 전광판재접속 쓰레드시작
[17:01:37] 정기권연동 쓰레드시작
[17:01:37] 설치된 영수증프린터가 없음!
**************************************************************
[17:20:09] Program Start!
[17:20:09] 홈넷예외LPR:
[17:20:09] [DB저장 모드]
[17:20:09] TfrmMain.btnModeClick: 유인운영
[17:20:09] 비로그인
[17:20:09] 설치된 입구보조 LPR이 없음!
[17:20:09] 설치된 출구보조 LPR이 없음!
[17:20:09] 설치된 출구 LPR이 없음!
[17:20:09] 설치된 입구전광판이 없음!
[17:20:09] 설치된 출구전광판이 없음!
[17:20:10] LPR재접속 쓰레드시작
[17:20:10] 전광판재접속 쓰레드시작
[17:20:10] 정기권연동 쓰레드시작
[17:20:10] 설치된 영수증프린터가 없음!
[17:20:22] 127.0.0.1:2000 소켓 연결끊김 = 10061
[17:20:26] Program Close
**************************************************************
[17:20:45] Program Start!
[17:20:45] 홈넷예외LPR:
[17:20:45] [DB저장 모드]
[17:20:45] TfrmMain.btnModeClick: 유인운영
[17:20:45] 비로그인
[17:20:45] 설치된 입구보조 LPR이 없음!
[17:20:45] 설치된 출구보조 LPR이 없음!
[17:20:45] 설치된 출구 LPR이 없음!
[17:20:45] 설치된 입구전광판이 없음!
[17:20:45] 설치된 출구전광판이 없음!
[17:20:46] LPR재접속 쓰레드시작
[17:20:46] 전광판재접속 쓰레드시작
[17:20:46] 정기권연동 쓰레드시작
[17:20:46] 설치된 영수증프린터가 없음!
[17:20:54] 127.0.0.1:2000 소켓 연결끊김 = 10061
[17:20:58] Program Close
**************************************************************
[17:22:11] Program Start!
[17:22:11] 홈넷예외LPR:
[17:22:11] [DB저장 모드]
[17:22:11] TfrmMain.btnModeClick: 유인운영
[17:22:12] 비로그인
[17:22:12] 설치된 입구보조 LPR이 없음!
[17:22:12] 설치된 출구보조 LPR이 없음!
[17:22:12] 설치된 출구 LPR이 없음!
[17:22:12] 설치된 입구전광판이 없음!
[17:22:12] 설치된 출구전광판이 없음!
[17:22:12] LPR재접속 쓰레드시작
[17:22:12] 전광판재접속 쓰레드시작
[17:22:12] 정기권연동 쓰레드시작
[17:22:12] 설치된 영수증프린터가 없음!
[17:22:25] 127.0.0.1:2000 소켓 연결끊김 = 10061
[17:22:29] 127.0.0.1:2000 소켓 연결끊김 = 10061
**************************************************************
[17:22:47] Program Start!
[17:22:47] 홈넷예외LPR:
[17:22:47] [DB저장 모드]
[17:22:47] TfrmMain.btnModeClick: 유인운영
[17:22:47] 비로그인
[17:22:47] 설치된 입구보조 LPR이 없음!
[17:22:47] 설치된 출구보조 LPR이 없음!
[17:22:47] 설치된 출구 LPR이 없음!
[17:22:47] 설치된 입구전광판이 없음!
[17:22:47] 설치된 출구전광판이 없음!
[17:22:48] LPR재접속 쓰레드시작
[17:22:48] 전광판재접속 쓰레드시작
[17:22:48] 정기권연동 쓰레드시작
[17:22:48] 설치된 영수증프린터가 없음!
[17:23:01] 127.0.0.1:2000 소켓 연결끊김 = 10061
[17:23:05] 127.0.0.1:2000 소켓 연결끊김 = 10061
[17:23:09] Program Close
**************************************************************
[18:00:27] Program Start!
[18:00:27] 홈넷예외LPR:
[18:00:27] [DB저장 모드]
[18:00:27] TfrmMain.btnModeClick: 유인운영
[18:00:27] 비로그인
[18:00:27] 설치된 입구보조 LPR이 없음!
[18:00:27] 설치된 출구보조 LPR이 없음!
[18:00:27] 설치된 출구 LPR이 없음!
[18:00:27] 설치된 입구전광판이 없음!
[18:00:27] 설치된 출구전광판이 없음!
[18:00:28] LPR재접속 쓰레드시작
[18:00:28] 전광판재접속 쓰레드시작
[18:00:28] 정기권연동 쓰레드시작
[18:00:28] 설치된 영수증프린터가 없음!
**************************************************************
[18:02:58] Program Start!
[18:02:58] 홈넷예외LPR:
[18:02:58] [DB저장 모드]
[18:02:58] TfrmMain.btnModeClick: 유인운영
[18:02:58] 비로그인
[18:02:58] 설치된 입구보조 LPR이 없음!
[18:02:58] 설치된 출구보조 LPR이 없음!
[18:02:58] 설치된 출구 LPR이 없음!
[18:02:58] 설치된 입구전광판이 없음!
[18:02:58] 설치된 출구전광판이 없음!
[18:02:59] LPR재접속 쓰레드시작
[18:02:59] 전광판재접속 쓰레드시작
[18:02:59] 정기권연동 쓰레드시작
[18:02:59] 설치된 영수증프린터가 없음!
[18:03:10] 127.0.0.1:2000 소켓 연결끊김 = 10061
[18:03:13] Program Close
**************************************************************
[18:03:19] Program Start!
[18:03:19] 홈넷예외LPR:
[18:03:19] [DB저장 모드]
[18:03:19] TfrmMain.btnModeClick: 유인운영
[18:03:20] 비로그인
[18:03:20] 설치된 입구보조 LPR이 없음!
[18:03:20] 설치된 출구보조 LPR이 없음!
[18:03:20] 설치된 출구 LPR이 없음!
[18:03:20] 설치된 입구전광판이 없음!
[18:03:20] 설치된 출구전광판이 없음!
[18:03:20] LPR재접속 쓰레드시작
[18:03:20] 전광판재접속 쓰레드시작
[18:03:20] 정기권연동 쓰레드시작
[18:03:20] 설치된 영수증프린터가 없음!
**************************************************************
[18:58:57] Program Start!
[18:58:57] 홈넷예외LPR:
[18:58:57] [DB저장 모드]
[18:58:57] TfrmMain.btnModeClick: 유인운영
[18:58:57] 비로그인
[18:58:57] 설치된 입구보조 LPR이 없음!
[18:58:57] 설치된 출구보조 LPR이 없음!
[18:58:57] 설치된 출구 LPR이 없음!
[18:58:57] 설치된 입구전광판이 없음!
[18:58:57] 설치된 출구전광판이 없음!
[18:58:58] LPR재접속 쓰레드시작
[18:58:58] 전광판재접속 쓰레드시작
[18:58:58] 정기권연동 쓰레드시작
[18:58:58] 설치된 영수증프린터가 없음!
