**************************************************************
[10:31:08] Program Start!
[10:31:09] 홈넷예외LPR:
[10:31:09] [DB저장 모드]
[10:31:09] TfrmMain.btnModeClick: 유인운영
[10:31:09] 비로그인
[10:31:10] 설치된 입구보조 LPR이 없음!
[10:31:10] 설치된 출구보조 LPR이 없음!
[10:31:10] 설치된 출구 LPR이 없음!
[10:31:10] 설치된 출구전광판이 없음!
[10:31:09] LPR재접속 쓰레드시작
[10:31:09] 전광판재접속 쓰레드시작
[10:31:09] 정기권연동 쓰레드시작
[10:31:11] 71번 LPR에 연결된 방문증(시리얼타입) 오픈에러!
[10:31:45] Program Close
**************************************************************
[10:32:21] Program Start!
[10:32:21] 홈넷예외LPR:
[10:32:21] [DB저장 모드]
[10:32:21] TfrmMain.btnModeClick: 유인운영
[10:32:22] 비로그인
[10:32:22] 설치된 입구보조 LPR이 없음!
[10:32:22] 설치된 출구보조 LPR이 없음!
[10:32:22] 설치된 출구 LPR이 없음!
[10:32:22] 설치된 출구전광판이 없음!
[10:32:23] LPR재접속 쓰레드시작
[10:32:23] 전광판재접속 쓰레드시작
[10:32:23] 정기권연동 쓰레드시작
[10:32:25] 71번 LPR에 연결된 방문증(시리얼타입) 오픈에러!
[10:32:49] Program Close
**************************************************************
[18:18:05] Program Start!
[18:18:05] 홈넷예외LPR:
[18:18:05] [DB저장 모드]
[18:18:05] TfrmMain.btnModeClick: 유인운영
[18:18:06] 비로그인
[18:18:06] 설치된 입구보조 LPR이 없음!
[18:18:06] 설치된 출구보조 LPR이 없음!
[18:18:06] 설치된 출구 LPR이 없음!
[18:18:07] 설치된 출구전광판이 없음!
[18:18:07] LPR재접속 쓰레드시작
[18:18:07] 전광판재접속 쓰레드시작
[18:18:07] 정기권연동 쓰레드시작
[18:18:08] 71번 LPR에 연결된 방문증(시리얼타입) 오픈에러!
[18:18:17] Program Close
**************************************************************
[18:18:29] Program Start!
[18:18:29] 홈넷예외LPR:
[18:18:29] [DB저장 모드]
[18:18:29] TfrmMain.btnModeClick: 유인운영
[18:18:30] 비로그인
[18:18:30] 설치된 입구보조 LPR이 없음!
[18:18:30] 설치된 출구보조 LPR이 없음!
[18:18:30] 설치된 출구 LPR이 없음!
[18:18:30] 설치된 출구전광판이 없음!
[18:18:31] LPR재접속 쓰레드시작
[18:18:31] 전광판재접속 쓰레드시작
[18:18:31] 정기권연동 쓰레드시작
[18:18:32] 71번 LPR에 연결된 방문증(시리얼타입) 오픈에러!
[18:18:39] Program Close
**************************************************************
[18:19:16] Program Start!
[18:19:16] 홈넷예외LPR:
[18:19:16] [DB저장 모드]
[18:19:16] TfrmMain.btnModeClick: 유인운영
[18:19:16] 비로그인
[18:19:16] 설치된 입구보조 LPR이 없음!
[18:19:16] 설치된 출구보조 LPR이 없음!
[18:19:17] 설치된 출구 LPR이 없음!
[18:19:17] 설치된 출구전광판이 없음!
[18:19:18] LPR재접속 쓰레드시작
[18:19:18] 전광판재접속 쓰레드시작
[18:19:18] 정기권연동 쓰레드시작
[18:19:19] 71번 LPR에 연결된 방문증(시리얼타입) 오픈에러!
[18:19:33] Program Close
**************************************************************
[18:19:39] Program Start!
[18:19:39] 홈넷예외LPR:
[18:19:39] [DB저장 모드]
[18:19:39] TfrmMain.btnModeClick: 유인운영
[18:19:40] 비로그인
[18:19:40] 설치된 입구보조 LPR이 없음!
[18:19:40] 설치된 출구보조 LPR이 없음!
[18:19:40] 설치된 출구 LPR이 없음!
[18:19:40] 설치된 출구전광판이 없음!
[18:19:41] LPR재접속 쓰레드시작
[18:19:41] 전광판재접속 쓰레드시작
[18:19:41] 정기권연동 쓰레드시작
[18:19:42] 71번 LPR에 연결된 방문증(시리얼타입) 오픈에러!
[18:20:08] Program Close
**************************************************************
[18:20:15] Program Start!
[18:20:15] 홈넷예외LPR:
[18:20:15] [DB저장 모드]
[18:20:15] TfrmMain.btnModeClick: 유인운영
[18:20:15] 비로그인
[18:20:16] 설치된 입구보조 LPR이 없음!
[18:20:16] 설치된 출구보조 LPR이 없음!
[18:20:16] 설치된 출구 LPR이 없음!
[18:20:16] 설치된 출구전광판이 없음!
[18:20:17] LPR재접속 쓰레드시작
[18:20:17] 전광판재접속 쓰레드시작
[18:20:17] 정기권연동 쓰레드시작
[18:20:18] 71번 LPR에 연결된 방문증(시리얼타입) 오픈에러!
**************************************************************
[18:22:09] Program Start!
[18:22:09] 홈넷예외LPR:
[18:22:09] [DB저장 모드]
[18:22:09] TfrmMain.btnModeClick: 유인운영
[18:22:09] 비로그인
[18:22:09] 설치된 입구보조 LPR이 없음!
[18:22:09] 설치된 출구보조 LPR이 없음!
[18:22:10] 설치된 출구 LPR이 없음!
[18:22:10] 설치된 출구전광판이 없음!
[18:22:10] 전광판재접속 쓰레드시작
[18:22:10] 정기권연동 쓰레드시작
[18:22:11] 71번 LPR에 연결된 방문증(시리얼타입) 오픈에러!
[18:22:45] Program Close
**************************************************************
[18:25:14] Program Start!
[18:25:14] 홈넷예외LPR:
[18:25:14] [DB저장 모드]
[18:25:14] TfrmMain.btnModeClick: 유인운영
[18:25:14] 비로그인
[18:25:14] 설치된 입구보조 LPR이 없음!
[18:25:14] 설치된 출구보조 LPR이 없음!
[18:25:15] 설치된 출구 LPR이 없음!
[18:25:15] 설치된 출구전광판이 없음!
[18:25:16] LPR재접속 쓰레드시작
[18:25:16] 전광판재접속 쓰레드시작
[18:25:16] 정기권연동 쓰레드시작
[18:25:18] 71번 LPR에 연결된 방문증(시리얼타입) 오픈에러!
[18:25:46] Program Close
**************************************************************
[18:31:55] Program Start!
[18:31:55] 홈넷예외LPR:
[18:31:55] [DB저장 모드]
[18:31:55] TfrmMain.btnModeClick: 유인운영
[18:31:56] 비로그인
[18:31:56] 설치된 입구보조 LPR이 없음!
[18:31:56] 설치된 출구보조 LPR이 없음!
[18:31:56] 설치된 출구 LPR이 없음!
[18:31:56] 설치된 출구전광판이 없음!
[18:31:57] LPR재접속 쓰레드시작
[18:31:57] 전광판재접속 쓰레드시작
[18:31:57] 정기권연동 쓰레드시작
[18:32:00] 71번 LPR에 연결된 방문증(시리얼타입) 오픈에러!
[18:32:21] Program Close
**************************************************************
[18:33:21] Program Start!
[18:33:21] 홈넷예외LPR:
[18:33:21] [DB저장 모드]
[18:33:21] TfrmMain.btnModeClick: 유인운영
[18:33:21] 비로그인
[18:33:22] 설치된 입구보조 LPR이 없음!
[18:33:22] 설치된 출구보조 LPR이 없음!
[18:33:22] 설치된 출구 LPR이 없음!
[18:33:22] 설치된 출구전광판이 없음!
[18:33:23] LPR재접속 쓰레드시작
[18:33:23] 전광판재접속 쓰레드시작
[18:33:23] 정기권연동 쓰레드시작
[18:33:25] 71번 LPR에 연결된 방문증(시리얼타입) 오픈에러!
[18:33:37] Program Close
**************************************************************
[18:35:25] Program Start!
[18:35:25] 홈넷예외LPR:
[18:35:25] [DB저장 모드]
[18:35:25] TfrmMain.btnModeClick: 유인운영
[18:35:25] 비로그인
[18:35:25] 설치된 입구보조 LPR이 없음!
[18:35:25] 설치된 출구보조 LPR이 없음!
[18:35:25] 설치된 출구 LPR이 없음!
[18:35:26] 설치된 출구전광판이 없음!
[18:35:26] LPR재접속 쓰레드시작
[18:35:26] 전광판재접속 쓰레드시작
[18:35:26] 정기권연동 쓰레드시작
[18:35:27] 71번 LPR에 연결된 방문증(시리얼타입) 오픈에러!
**************************************************************
[18:37:11] Program Start!
[18:37:11] 홈넷예외LPR:
[18:37:11] [DB저장 모드]
[18:37:11] TfrmMain.btnModeClick: 유인운영
[18:37:11] 비로그인
[18:37:11] 설치된 입구보조 LPR이 없음!
[18:37:11] 설치된 출구보조 LPR이 없음!
[18:37:12] 설치된 출구 LPR이 없음!
[18:37:12] 설치된 출구전광판이 없음!
[18:37:13] LPR재접속 쓰레드시작
[18:37:13] 전광판재접속 쓰레드시작
[18:37:13] 정기권연동 쓰레드시작
[18:37:14] 71번 LPR에 연결된 방문증(시리얼타입) 오픈에러!
**************************************************************
[18:42:15] Program Start!
[18:42:15] 홈넷예외LPR:
[18:42:15] [DB저장 모드]
[18:42:15] TfrmMain.btnModeClick: 유인운영
[18:42:16] 비로그인
[18:42:16] 설치된 입구보조 LPR이 없음!
[18:42:16] 설치된 출구보조 LPR이 없음!
[18:42:16] 설치된 출구 LPR이 없음!
[18:42:16] 설치된 출구전광판이 없음!
[18:42:17] LPR재접속 쓰레드시작
[18:42:17] 전광판재접속 쓰레드시작
[18:42:17] 정기권연동 쓰레드시작
[18:42:20] 71번 LPR에 연결된 방문증(시리얼타입) 오픈에러!
**************************************************************
[18:53:05] Program Start!
[18:53:05] 홈넷예외LPR:
[18:53:05] [DB저장 모드]
[18:53:05] TfrmMain.btnModeClick: 유인운영
[18:53:05] 비로그인
[18:53:05] 설치된 입구보조 LPR이 없음!
[18:53:05] 설치된 출구보조 LPR이 없음!
[18:53:06] 설치된 출구 LPR이 없음!
[18:53:06] 설치된 출구전광판이 없음!
[18:53:06] LPR재접속 쓰레드시작
[18:53:06] 전광판재접속 쓰레드시작
[18:53:06] 정기권연동 쓰레드시작
[18:53:07] 71번 LPR에 연결된 방문증(시리얼타입) 오픈에러!
**************************************************************
[19:10:22] Program Start!
[19:10:22] 홈넷예외LPR:
[19:10:22] [DB저장 모드]
[19:10:22] TfrmMain.btnModeClick: 유인운영
[19:10:22] 비로그인
[19:10:23] 설치된 입구보조 LPR이 없음!
[19:10:23] 설치된 출구보조 LPR이 없음!
[19:10:23] 설치된 출구 LPR이 없음!
[19:10:23] 설치된 출구전광판이 없음!
[19:10:24] LPR재접속 쓰레드시작
[19:10:24] 전광판재접속 쓰레드시작
[19:10:24] 정기권연동 쓰레드시작
[19:10:25] 71번 LPR에 연결된 방문증(시리얼타입) 오픈에러!
**************************************************************
[19:14:43] Program Start!
[19:14:43] 홈넷예외LPR:
[19:14:43] [DB저장 모드]
[19:14:43] TfrmMain.btnModeClick: 유인운영
[19:14:44] 비로그인
[19:14:44] 설치된 입구보조 LPR이 없음!
[19:14:44] 설치된 출구보조 LPR이 없음!
[19:14:44] 설치된 출구 LPR이 없음!
[19:14:44] 설치된 출구전광판이 없음!
[19:14:45] LPR재접속 쓰레드시작
[19:14:45] 전광판재접속 쓰레드시작
[19:14:45] 정기권연동 쓰레드시작
[19:14:46] 71번 LPR에 연결된 방문증(시리얼타입) 오픈에러!
**************************************************************
[19:17:49] Program Start!
[19:17:49] 홈넷예외LPR:
[19:17:49] [DB저장 모드]
[19:17:49] TfrmMain.btnModeClick: 유인운영
[19:17:50] 비로그인
[19:17:50] 설치된 입구보조 LPR이 없음!
[19:17:50] 설치된 출구보조 LPR이 없음!
[19:17:50] 설치된 출구 LPR이 없음!
[19:17:50] 설치된 출구전광판이 없음!
[19:17:51] LPR재접속 쓰레드시작
[19:17:51] 전광판재접속 쓰레드시작
[19:17:51] 정기권연동 쓰레드시작
[19:17:52] 71번 LPR에 연결된 방문증(시리얼타입) 오픈에러!
[19:17:58] Program Close
**************************************************************
[19:18:08] Program Start!
[19:18:08] 홈넷예외LPR:
[19:18:08] [DB저장 모드]
[19:18:08] TfrmMain.btnModeClick: 유인운영
[19:18:08] 비로그인
[19:18:08] 설치된 입구보조 LPR이 없음!
[19:18:08] 설치된 출구보조 LPR이 없음!
[19:18:09] 설치된 출구 LPR이 없음!
[19:18:09] 설치된 출구전광판이 없음!
[19:18:10] LPR재접속 쓰레드시작
[19:18:10] 전광판재접속 쓰레드시작
[19:18:10] 정기권연동 쓰레드시작
[19:18:11] 71번 LPR에 연결된 방문증(시리얼타입) 오픈에러!
**************************************************************
[19:33:33] Program Start!
[19:33:33] 홈넷예외LPR:
[19:33:33] [DB저장 모드]
[19:33:33] TfrmMain.btnModeClick: 유인운영
[19:33:34] 비로그인
[19:33:34] 설치된 입구보조 LPR이 없음!
[19:33:34] 설치된 출구보조 LPR이 없음!
[19:33:34] 설치된 출구 LPR이 없음!
[19:33:34] 설치된 출구전광판이 없음!
[19:33:35] LPR재접속 쓰레드시작
[19:33:35] 전광판재접속 쓰레드시작
[19:33:35] 정기권연동 쓰레드시작
[19:33:36] 71번 LPR에 연결된 방문증(시리얼타입) 오픈에러!
**************************************************************
[19:33:52] Program Start!
[19:33:52] 홈넷예외LPR:
[19:33:52] [DB저장 모드]
[19:33:52] TfrmMain.btnModeClick: 유인운영
[19:33:53] 비로그인
[19:33:53] 설치된 입구보조 LPR이 없음!
[19:33:53] 설치된 출구보조 LPR이 없음!
[19:33:53] 설치된 출구 LPR이 없음!
[19:33:53] 설치된 출구전광판이 없음!
[19:33:54] LPR재접속 쓰레드시작
[19:33:54] 전광판재접속 쓰레드시작
[19:33:54] 정기권연동 쓰레드시작
[19:33:55] 71번 LPR에 연결된 방문증(시리얼타입) 오픈에러!
**************************************************************
[19:35:31] Program Start!
[19:35:31] 홈넷예외LPR:
[19:35:31] [DB저장 모드]
[19:35:31] TfrmMain.btnModeClick: 유인운영
[19:35:31] 비로그인
[19:35:31] 설치된 입구보조 LPR이 없음!
[19:35:31] 설치된 출구보조 LPR이 없음!
[19:35:31] 설치된 출구 LPR이 없음!
[19:35:32] 설치된 출구전광판이 없음!
[19:35:32] LPR재접속 쓰레드시작
[19:35:32] 전광판재접속 쓰레드시작
[19:35:32] 정기권연동 쓰레드시작
[19:35:33] 71번 LPR에 연결된 방문증(시리얼타입) 오픈에러!
**************************************************************
[19:40:26] Program Start!
[19:40:26] 홈넷예외LPR:
[19:40:26] [DB저장 모드]
[19:40:26] TfrmMain.btnModeClick: 유인운영
[19:40:27] 비로그인
[19:40:27] 설치된 입구보조 LPR이 없음!
[19:40:27] 설치된 출구보조 LPR이 없음!
[19:40:27] 설치된 출구 LPR이 없음!
[19:40:27] 설치된 출구전광판이 없음!
[19:40:28] LPR재접속 쓰레드시작
[19:40:28] 전광판재접속 쓰레드시작
[19:40:28] 정기권연동 쓰레드시작
[19:40:29] 71번 LPR에 연결된 방문증(시리얼타입) 오픈에러!
**************************************************************
[19:54:31] Program Start!
[19:54:31] 홈넷예외LPR:
[19:54:31] [DB저장 모드]
[19:54:31] TfrmMain.btnModeClick: 유인운영
[19:54:31] 비로그인
[19:54:31] 설치된 입구보조 LPR이 없음!
[19:54:31] 설치된 출구보조 LPR이 없음!
[19:54:32] 설치된 출구 LPR이 없음!
[19:54:32] 설치된 출구전광판이 없음!
[19:54:33] LPR재접속 쓰레드시작
[19:54:33] 전광판재접속 쓰레드시작
[19:54:33] 정기권연동 쓰레드시작
[19:54:34] 71번 LPR에 연결된 방문증(시리얼타입) 오픈에러!
[19:54:45] Program Close
**************************************************************
[19:54:51] Program Start!
[19:54:51] 홈넷예외LPR:
[19:54:51] [DB저장 모드]
[19:54:52] TfrmMain.btnModeClick: 유인운영
[19:54:52] 비로그인
[19:54:52] 설치된 입구보조 LPR이 없음!
[19:54:52] 설치된 출구보조 LPR이 없음!
[19:54:52] 설치된 출구 LPR이 없음!
[19:54:53] 설치된 출구전광판이 없음!
[19:54:53] LPR재접속 쓰레드시작
[19:54:53] 전광판재접속 쓰레드시작
[19:54:53] 정기권연동 쓰레드시작
[19:54:55] 71번 LPR에 연결된 방문증(시리얼타입) 오픈에러!
**************************************************************
[20:10:44] Program Start!
[20:10:44] 홈넷예외LPR:
[20:10:44] [DB저장 모드]
[20:10:44] TfrmMain.btnModeClick: 유인운영
[20:10:44] 비로그인
[20:10:44] 설치된 입구보조 LPR이 없음!
[20:10:44] 설치된 출구보조 LPR이 없음!
[20:10:45] 설치된 출구 LPR이 없음!
[20:10:45] 설치된 출구전광판이 없음!
[20:10:46] LPR재접속 쓰레드시작
[20:10:46] 전광판재접속 쓰레드시작
[20:10:46] 정기권연동 쓰레드시작
[20:10:48] 71번 LPR에 연결된 방문증(시리얼타입) 오픈에러!
**************************************************************
[20:12:10] Program Start!
[20:12:10] 홈넷예외LPR:
[20:12:10] [DB저장 모드]
[20:12:10] TfrmMain.btnModeClick: 유인운영
[20:12:11] 비로그인
[20:12:11] 설치된 입구보조 LPR이 없음!
[20:12:11] 설치된 출구보조 LPR이 없음!
[20:12:11] 설치된 출구 LPR이 없음!
[20:12:11] 설치된 출구전광판이 없음!
[20:12:12] LPR재접속 쓰레드시작
[20:12:12] 전광판재접속 쓰레드시작
[20:12:12] 정기권연동 쓰레드시작
[20:12:14] 71번 LPR에 연결된 방문증(시리얼타입) 오픈에러!
**************************************************************
[20:15:04] Program Start!
[20:15:04] 홈넷예외LPR:
[20:15:04] [DB저장 모드]
[20:15:04] TfrmMain.btnModeClick: 유인운영
[20:15:04] 비로그인
[20:15:04] 설치된 입구보조 LPR이 없음!
[20:15:04] 설치된 출구보조 LPR이 없음!
[20:15:05] 설치된 출구 LPR이 없음!
[20:15:05] 설치된 출구전광판이 없음!
**************************************************************
[20:15:35] Program Start!
[20:15:35] 홈넷예외LPR:
[20:15:35] [DB저장 모드]
[20:15:35] TfrmMain.btnModeClick: 유인운영
[20:15:35] 비로그인
[20:15:36] 설치된 입구보조 LPR이 없음!
[20:15:36] 설치된 출구보조 LPR이 없음!
[20:15:36] 설치된 출구 LPR이 없음!
[20:15:36] 설치된 출구전광판이 없음!
[20:15:37] LPR재접속 쓰레드시작
[20:15:37] 전광판재접속 쓰레드시작
[20:15:37] 정기권연동 쓰레드시작
[20:15:40] 71번 LPR에 연결된 방문증(시리얼타입) 오픈에러!
[20:15:59] Program Close
**************************************************************
[20:16:15] Program Start!
[20:16:15] 홈넷예외LPR:
[20:16:15] [DB저장 모드]
[20:16:15] TfrmMain.btnModeClick: 유인운영
[20:16:15] 비로그인
[20:16:15] 설치된 입구보조 LPR이 없음!
[20:16:15] 설치된 출구보조 LPR이 없음!
[20:16:15] 설치된 출구 LPR이 없음!
[20:16:16] 설치된 출구전광판이 없음!
[20:16:17] LPR재접속 쓰레드시작
[20:16:17] 전광판재접속 쓰레드시작
[20:16:17] 정기권연동 쓰레드시작
[20:16:19] 71번 LPR에 연결된 방문증(시리얼타입) 오픈에러!
**************************************************************
[20:17:08] Program Start!
[20:17:08] 홈넷예외LPR:
[20:17:08] [DB저장 모드]
[20:17:08] TfrmMain.btnModeClick: 유인운영
[20:17:08] 비로그인
[20:17:08] 설치된 입구보조 LPR이 없음!
[20:17:08] 설치된 출구보조 LPR이 없음!
[20:17:09] 설치된 출구 LPR이 없음!
[20:17:09] 설치된 출구전광판이 없음!
[20:17:09] LPR재접속 쓰레드시작
[20:17:09] 전광판재접속 쓰레드시작
[20:17:09] 정기권연동 쓰레드시작
[20:17:11] 71번 LPR에 연결된 방문증(시리얼타입) 오픈에러!
