**************************************************************
[10:57:11] Program Start!
[10:57:11] 홈넷예외LPR:
[10:57:11] [DB저장 모드]
[10:57:11] TfrmMain.btnModeClick: 유인운영
[10:57:11] 비로그인
[10:57:11] 설치된 입구보조 LPR이 없음!
[10:57:11] 설치된 출구보조 LPR이 없음!
[10:57:11] 설치된 출구 LPR이 없음!
[10:57:11] 설치된 입구전광판이 없음!
[10:57:11] 설치된 출구전광판이 없음!
[10:57:17] [메인화면 에러] Access violation at address 00D14C69 in module 'SC_IO.exe'. Read of address 00000040
[10:57:17] 정기권연동 쓰레드시작
[10:57:17] 설치된 영수증프린터가 없음!
[10:57:19] 127.0.0.1:2000 소켓 연결끊김 = 10061
[10:57:21] Program Close
**************************************************************
[10:59:02] Program Start!
[10:59:02] 홈넷예외LPR:
[10:59:02] [DB저장 모드]
[10:59:02] TfrmMain.btnModeClick: 유인운영
[10:59:02] 비로그인
[10:59:03] 설치된 입구보조 LPR이 없음!
[10:59:03] 설치된 출구보조 LPR이 없음!
[10:59:03] 설치된 출구 LPR이 없음!
[10:59:03] 설치된 입구전광판이 없음!
[10:59:03] 설치된 출구전광판이 없음!
[10:59:04] [메인화면 에러] Access violation at address 00D14C69 in module 'SC_IO.exe'. Read of address 00000040
[10:59:04] 정기권연동 쓰레드시작
[10:59:04] 설치된 영수증프린터가 없음!
[10:59:06] 127.0.0.1:2000 소켓 연결끊김 = 10061
[10:59:07] Program Close
**************************************************************
[10:59:46] Program Start!
[11:00:16] 홈넷예외LPR:
[11:00:26] [DB저장 모드]
[11:00:30] TfrmMain.btnModeClick: 유인운영
[11:00:49] 비로그인
[11:00:49] 설치된 입구보조 LPR이 없음!
[11:00:49] 설치된 출구보조 LPR이 없음!
[11:00:49] 설치된 출구 LPR이 없음!
[11:00:49] 설치된 입구전광판이 없음!
[11:00:49] 설치된 출구전광판이 없음!
[11:00:53] [메인화면 에러] Access violation at address 00D14C69 in module 'SC_IO.exe'. Read of address 00000040
[11:00:53] 정기권연동 쓰레드시작
[11:00:53] 설치된 영수증프린터가 없음!
[11:00:55] 127.0.0.1:2000 소켓 연결끊김 = 10061
[11:00:57] Program Close
**************************************************************
[11:01:40] Program Start!
[11:01:40] 홈넷예외LPR:
[11:01:41] [DB저장 모드]
[11:01:41] TfrmMain.btnModeClick: 유인운영
[11:02:02] 비로그인
[11:02:25] 설치된 입구보조 LPR이 없음!
[11:02:25] 설치된 출구보조 LPR이 없음!
[11:02:25] 설치된 출구 LPR이 없음!
[11:02:32] 설치된 입구전광판이 없음!
[11:02:36] 설치된 출구전광판이 없음!
[11:02:39] [메인화면 에러] Access violation at address 00D14C69 in module 'SC_IO.exe'. Read of address 00000040
[11:02:39] 정기권연동 쓰레드시작
[11:02:39] 설치된 영수증프린터가 없음!
[11:02:41] 127.0.0.1:2000 소켓 연결끊김 = 10061
[11:02:47] Program Close
**************************************************************
[11:02:52] Program Start!
[11:02:52] 홈넷예외LPR:
[11:02:53] [DB저장 모드]
[11:02:53] TfrmMain.btnModeClick: 유인운영
[11:03:37] 비로그인
[11:03:51] 설치된 입구보조 LPR이 없음!
[11:04:01] 설치된 출구보조 LPR이 없음!
[11:04:09] 설치된 출구 LPR이 없음!
[11:04:09] 설치된 입구전광판이 없음!
[11:04:20] 설치된 출구전광판이 없음!
[11:05:17] [메인화면 에러] Access violation at address 00D14C69 in module 'SC_IO.exe'. Read of address 00000040
[11:05:17] 정기권연동 쓰레드시작
[11:05:17] 설치된 영수증프린터가 없음!
[11:05:19] 127.0.0.1:2000 소켓 연결끊김 = 10061
[11:05:39] Program Close
**************************************************************
[11:05:45] Program Start!
[11:05:45] 홈넷예외LPR:
[11:05:45] [DB저장 모드]
[11:05:45] TfrmMain.btnModeClick: 유인운영
[11:05:49] 비로그인
[11:05:49] 설치된 입구보조 LPR이 없음!
[11:05:49] 설치된 출구보조 LPR이 없음!
[11:05:49] 설치된 출구 LPR이 없음!
[11:05:49] 설치된 입구전광판이 없음!
[11:05:49] 설치된 출구전광판이 없음!
[11:07:06] [메인화면 에러] Access violation at address 00D14C69 in module 'SC_IO.exe'. Read of address 00000040
[11:07:06] 정기권연동 쓰레드시작
[11:07:06] 설치된 영수증프린터가 없음!
[11:07:09] 127.0.0.1:2000 소켓 연결끊김 = 10061
[11:07:13] Program Close
**************************************************************
[11:08:24] Program Start!
[11:08:24] 홈넷예외LPR:
[11:08:24] [DB저장 모드]
[11:08:24] TfrmMain.btnModeClick: 유인운영
[11:08:25] 비로그인
[11:08:25] 설치된 입구보조 LPR이 없음!
[11:08:25] 설치된 출구보조 LPR이 없음!
[11:08:25] 설치된 출구 LPR이 없음!
[11:08:25] 설치된 입구전광판이 없음!
[11:08:25] 설치된 출구전광판이 없음!
[11:08:41] LPR재접속 쓰레드시작
[11:08:41] 전광판재접속 쓰레드시작
[11:08:42] 정기권연동 쓰레드시작
[11:08:42] 설치된 영수증프린터가 없음!
[11:08:44] 127.0.0.1:2000 소켓 연결끊김 = 10061
[11:08:44] SocketError > ErrorNo: [10061] Host: [127.0.0.1] Port: [42140] Name: [] Msg: [서버가 죽었거나 클라이언트에서 접속환경이 잘못되었을때 나타나는 현상]
[11:08:48] Program Close
**************************************************************
[11:12:05] Program Start!
[11:12:05] 홈넷예외LPR:
[11:12:05] [DB저장 모드]
[11:12:05] TfrmMain.btnModeClick: 유인운영
[11:12:05] 비로그인
[11:12:05] 설치된 입구보조 LPR이 없음!
[11:12:05] 설치된 출구보조 LPR이 없음!
[11:12:05] 설치된 출구 LPR이 없음!
[11:12:05] 설치된 입구전광판이 없음!
[11:12:05] 설치된 출구전광판이 없음!
**************************************************************
[11:16:34] Program Start!
