**************************************************************
[10:06:40] Program Start!
[10:06:40] 홈넷예외LPR:
[10:06:40] [DB저장 모드]
[10:06:40] TfrmMain.btnModeClick: 유인운영
[10:06:41] 비로그인
[10:06:41] 설치된 입구보조 LPR이 없음!
[10:06:41] 설치된 출구보조 LPR이 없음!
[10:06:41] 설치된 출구 LPR이 없음!
[10:06:41] 설치된 입구전광판이 없음!
[10:06:41] 설치된 출구전광판이 없음!
[10:06:42] LPR재접속 쓰레드시작
[10:06:42] 전광판재접속 쓰레드시작
[10:06:42] 정기권연동 쓰레드시작
[10:06:42] 설치된 영수증프린터가 없음!
[10:06:44] 127.0.0.1:2000 소켓 연결끊김 = 10061
[10:06:55] Program Close
**************************************************************
[10:07:01] Program Start!
[10:07:01] 홈넷예외LPR:
[10:07:01] [DB저장 모드]
[10:07:01] TfrmMain.btnModeClick: 유인운영
[10:07:01] 비로그인
[10:07:01] 설치된 입구보조 LPR이 없음!
[10:07:01] 설치된 출구보조 LPR이 없음!
[10:07:01] 설치된 출구 LPR이 없음!
[10:07:01] 설치된 입구전광판이 없음!
[10:07:01] 설치된 출구전광판이 없음!
[10:07:01] LPR재접속 쓰레드시작
[10:07:01] 전광판재접속 쓰레드시작
[10:07:01] 정기권연동 쓰레드시작
[10:07:01] 설치된 영수증프린터가 없음!
[10:07:03] 127.0.0.1:2000 소켓 연결끊김 = 10061
[10:07:18] 127.0.0.1:2000 소켓 연결끊김 = 10061
[10:07:33] 127.0.0.1:2000 소켓 연결끊김 = 10061
[10:07:48] 127.0.0.1:2000 소켓 연결끊김 = 10061
[10:08:03] 127.0.0.1:2000 소켓 연결끊김 = 10061
[10:08:18] 127.0.0.1:2000 소켓 연결끊김 = 10061
[10:08:33] 127.0.0.1:2000 소켓 연결끊김 = 10061
[10:08:45] Program Close
**************************************************************
[10:08:50] Program Start!
[10:08:50] 홈넷예외LPR:
[10:08:50] [DB저장 모드]
[10:08:51] TfrmMain.btnModeClick: 유인운영
[10:08:51] 비로그인
[10:08:51] 설치된 입구보조 LPR이 없음!
[10:08:51] 설치된 출구보조 LPR이 없음!
[10:08:51] 설치된 출구 LPR이 없음!
[10:08:51] 설치된 입구전광판이 없음!
[10:08:51] 설치된 출구전광판이 없음!
[10:08:52] LPR재접속 쓰레드시작
[10:08:52] 전광판재접속 쓰레드시작
[10:08:52] 정기권연동 쓰레드시작
[10:08:52] 설치된 영수증프린터가 없음!
[10:08:54] 127.0.0.1:2000 소켓 연결끊김 = 10061
[10:08:58] Program Close
**************************************************************
[10:09:03] Program Start!
[10:09:03] 홈넷예외LPR:
[10:09:03] [DB저장 모드]
[10:09:03] TfrmMain.btnModeClick: 유인운영
[10:09:04] 비로그인
[10:09:04] 설치된 입구보조 LPR이 없음!
[10:09:04] 설치된 출구보조 LPR이 없음!
[10:09:04] 설치된 출구 LPR이 없음!
[10:09:04] 설치된 입구전광판이 없음!
[10:09:04] 설치된 출구전광판이 없음!
[10:09:04] LPR재접속 쓰레드시작
[10:09:04] 전광판재접속 쓰레드시작
[10:09:04] 정기권연동 쓰레드시작
[10:09:04] 설치된 영수증프린터가 없음!
[10:09:06] 127.0.0.1:2000 소켓 연결끊김 = 10061
[10:09:21] 127.0.0.1:2000 소켓 연결끊김 = 10061
[10:09:36] 127.0.0.1:2000 소켓 연결끊김 = 10061
[10:09:51] 127.0.0.1:2000 소켓 연결끊김 = 10061
[10:10:06] 127.0.0.1:2000 소켓 연결끊김 = 10061
**************************************************************
[10:10:47] Program Start!
[10:10:47] 홈넷예외LPR:
[10:10:47] [DB저장 모드]
[10:10:47] TfrmMain.btnModeClick: 유인운영
[10:10:47] 비로그인
[10:10:47] 설치된 입구보조 LPR이 없음!
[10:10:47] 설치된 출구보조 LPR이 없음!
[10:10:47] 설치된 출구 LPR이 없음!
[10:10:47] 설치된 입구전광판이 없음!
[10:10:47] 설치된 출구전광판이 없음!
[10:10:48] LPR재접속 쓰레드시작
[10:10:48] 전광판재접속 쓰레드시작
[10:10:48] 정기권연동 쓰레드시작
[10:10:48] 설치된 영수증프린터가 없음!
[10:10:50] 127.0.0.1:2000 소켓 연결끊김 = 10061
[10:11:05] 127.0.0.1:2000 소켓 연결끊김 = 10061
[10:11:06] Program Close
**************************************************************
[10:11:09] Program Start!
[10:11:09] 홈넷예외LPR:
[10:11:09] [DB저장 모드]
[10:11:09] TfrmMain.btnModeClick: 유인운영
[10:11:09] 비로그인
[10:11:09] 설치된 입구보조 LPR이 없음!
[10:11:09] 설치된 출구보조 LPR이 없음!
[10:11:09] 설치된 출구 LPR이 없음!
[10:11:09] 설치된 입구전광판이 없음!
[10:11:09] 설치된 출구전광판이 없음!
[10:11:10] LPR재접속 쓰레드시작
[10:11:10] 전광판재접속 쓰레드시작
[10:11:10] 정기권연동 쓰레드시작
[10:11:10] 설치된 영수증프린터가 없음!
[10:11:12] 127.0.0.1:2000 소켓 연결끊김 = 10061
[10:11:15] Program Close
**************************************************************
[10:11:43] Program Start!
[10:11:44] 홈넷예외LPR:
[10:11:44] [DB저장 모드]
[10:11:44] TfrmMain.btnModeClick: 유인운영
[10:11:44] 비로그인
[10:11:44] 설치된 입구보조 LPR이 없음!
[10:11:44] 설치된 출구보조 LPR이 없음!
[10:11:44] 설치된 출구 LPR이 없음!
[10:11:44] 설치된 입구전광판이 없음!
[10:11:44] 설치된 출구전광판이 없음!
[10:11:45] LPR재접속 쓰레드시작
[10:11:45] 전광판재접속 쓰레드시작
[10:11:45] 정기권연동 쓰레드시작
[10:11:45] 설치된 영수증프린터가 없음!
[10:11:47] 127.0.0.1:2000 소켓 연결끊김 = 10061
[10:11:52] Program Close
**************************************************************
[10:11:58] Program Start!
[10:11:58] 홈넷예외LPR:
[10:11:58] [DB저장 모드]
[10:11:58] TfrmMain.btnModeClick: 유인운영
[10:11:58] 비로그인
[10:11:58] 설치된 입구보조 LPR이 없음!
[10:11:58] 설치된 출구보조 LPR이 없음!
[10:11:58] 설치된 출구 LPR이 없음!
[10:11:58] 설치된 입구전광판이 없음!
[10:11:58] 설치된 출구전광판이 없음!
[10:11:59] LPR재접속 쓰레드시작
[10:11:59] 전광판재접속 쓰레드시작
[10:11:59] 정기권연동 쓰레드시작
[10:11:59] 설치된 영수증프린터가 없음!
[10:12:01] 127.0.0.1:2000 소켓 연결끊김 = 10061
[10:12:08] Program Close
**************************************************************
[10:12:34] Program Start!
[10:12:34] 홈넷예외LPR:
[10:12:34] [DB저장 모드]
[10:12:34] TfrmMain.btnModeClick: 유인운영
[10:12:35] 비로그인
[10:12:35] 설치된 입구보조 LPR이 없음!
[10:12:35] 설치된 출구보조 LPR이 없음!
[10:12:35] 설치된 출구 LPR이 없음!
[10:12:35] 설치된 입구전광판이 없음!
[10:12:35] 설치된 출구전광판이 없음!
[10:12:35] LPR재접속 쓰레드시작
[10:12:35] 전광판재접속 쓰레드시작
[10:12:35] 정기권연동 쓰레드시작
[10:12:35] 설치된 영수증프린터가 없음!
[10:12:37] 127.0.0.1:2000 소켓 연결끊김 = 10061
[10:12:40] Program Close
**************************************************************
[11:02:48] Program Start!
[11:02:48] 홈넷예외LPR:
[11:02:48] [DB저장 모드]
[11:02:48] TfrmMain.btnModeClick: 유인운영
[11:02:49] 비로그인
[11:02:49] 설치된 입구보조 LPR이 없음!
[11:02:49] 설치된 출구보조 LPR이 없음!
[11:02:49] 설치된 출구 LPR이 없음!
[11:02:49] 설치된 입구전광판이 없음!
[11:02:49] 설치된 출구전광판이 없음!
[11:02:50] LPR재접속 쓰레드시작
[11:02:50] 전광판재접속 쓰레드시작
[11:02:50] 정기권연동 쓰레드시작
[11:02:50] 설치된 영수증프린터가 없음!
[11:02:52] 127.0.0.1:2000 소켓 연결끊김 = 10061
[11:02:57] Program Close
**************************************************************
[11:03:23] Program Start!
[11:03:23] 홈넷예외LPR:
[11:03:23] [DB저장 모드]
[11:03:23] TfrmMain.btnModeClick: 유인운영
[11:03:24] 비로그인
[11:03:24] 설치된 입구보조 LPR이 없음!
[11:03:24] 설치된 출구보조 LPR이 없음!
[11:03:24] 설치된 출구 LPR이 없음!
[11:03:24] 설치된 입구전광판이 없음!
[11:03:24] 설치된 출구전광판이 없음!
[11:03:24] LPR재접속 쓰레드시작
[11:03:24] 전광판재접속 쓰레드시작
[11:03:24] 정기권연동 쓰레드시작
[11:03:24] 설치된 영수증프린터가 없음!
[11:03:26] 127.0.0.1:2000 소켓 연결끊김 = 10061
[11:03:36] Program Close
**************************************************************
[11:04:24] Program Start!
[11:04:24] 홈넷예외LPR:
[11:04:24] [DB저장 모드]
[11:04:24] TfrmMain.btnModeClick: 유인운영
[11:04:24] 비로그인
[11:04:24] 설치된 입구보조 LPR이 없음!
[11:04:25] 설치된 출구보조 LPR이 없음!
[11:04:25] 설치된 출구 LPR이 없음!
[11:04:25] 설치된 입구전광판이 없음!
[11:04:25] 설치된 출구전광판이 없음!
[11:04:25] LPR재접속 쓰레드시작
[11:04:25] 전광판재접속 쓰레드시작
[11:04:25] 정기권연동 쓰레드시작
[11:04:25] 설치된 영수증프린터가 없음!
[11:04:27] 127.0.0.1:2000 소켓 연결끊김 = 10061
[11:04:29] Program Close
**************************************************************
[11:11:10] Program Start!
[11:11:10] 홈넷예외LPR:
[11:11:10] [DB저장 모드]
[11:11:10] TfrmMain.btnModeClick: 유인운영
[11:11:11] 비로그인
[11:11:11] 설치된 입구보조 LPR이 없음!
[11:11:11] 설치된 출구보조 LPR이 없음!
[11:11:11] 설치된 출구 LPR이 없음!
[11:11:11] 설치된 입구전광판이 없음!
[11:11:11] 설치된 출구전광판이 없음!
[11:11:11] LPR재접속 쓰레드시작
[11:11:11] 전광판재접속 쓰레드시작
[11:11:11] 정기권연동 쓰레드시작
[11:11:11] 설치된 영수증프린터가 없음!
[11:11:19] 127.0.0.1:2000 소켓 연결끊김 = 10061
[11:11:23] Program Close
**************************************************************
[12:55:13] Program Start!
[12:55:13] 홈넷예외LPR:
[12:55:13] [DB저장 모드]
[12:55:14] TfrmMain.btnModeClick: 유인운영
[12:55:14] 비로그인
[12:55:14] 설치된 입구보조 LPR이 없음!
[12:55:14] 설치된 출구보조 LPR이 없음!
[12:55:14] 설치된 출구 LPR이 없음!
[12:55:14] 설치된 입구전광판이 없음!
[12:55:14] 설치된 출구전광판이 없음!
[12:55:15] LPR재접속 쓰레드시작
[12:55:15] 전광판재접속 쓰레드시작
[12:55:15] 정기권연동 쓰레드시작
[12:55:15] 설치된 영수증프린터가 없음!
[12:55:17] 127.0.0.1:2000 소켓 연결끊김 = 10061
[12:55:32] 127.0.0.1:2000 소켓 연결끊김 = 10061
[12:55:40] Program Close
**************************************************************
[12:56:07] Program Start!
[12:56:07] 홈넷예외LPR:
[12:56:07] [DB저장 모드]
[12:56:07] TfrmMain.btnModeClick: 유인운영
[12:56:08] 비로그인
[12:56:08] 설치된 입구보조 LPR이 없음!
[12:56:08] 설치된 출구보조 LPR이 없음!
[12:56:08] 설치된 출구 LPR이 없음!
[12:56:08] 설치된 입구전광판이 없음!
[12:56:08] 설치된 출구전광판이 없음!
[12:56:08] LPR재접속 쓰레드시작
[12:56:08] 전광판재접속 쓰레드시작
[12:56:08] 정기권연동 쓰레드시작
[12:56:08] 설치된 영수증프린터가 없음!
[12:57:16] 127.0.0.1:2000 소켓 연결끊김 = 10049
[12:57:24] Program Close
**************************************************************
[12:57:28] Program Start!
[12:57:28] 홈넷예외LPR:
[12:57:28] [DB저장 모드]
[12:57:28] TfrmMain.btnModeClick: 유인운영
[12:57:28] 비로그인
[12:57:28] 설치된 입구보조 LPR이 없음!
[12:57:28] 설치된 출구보조 LPR이 없음!
[12:57:28] 설치된 출구 LPR이 없음!
[12:57:28] 설치된 입구전광판이 없음!
[12:57:28] 설치된 출구전광판이 없음!
[12:57:29] LPR재접속 쓰레드시작
[12:57:29] 전광판재접속 쓰레드시작
[12:57:29] 정기권연동 쓰레드시작
[12:57:29] 설치된 영수증프린터가 없음!
**************************************************************
[13:00:37] Program Start!
[13:00:37] 홈넷예외LPR:
[13:00:37] [DB저장 모드]
[13:00:37] TfrmMain.btnModeClick: 유인운영
[13:00:37] 비로그인
[13:00:37] 설치된 입구보조 LPR이 없음!
[13:00:37] 설치된 출구보조 LPR이 없음!
[13:00:37] 설치된 출구 LPR이 없음!
[13:00:37] 설치된 입구전광판이 없음!
[13:00:37] 설치된 출구전광판이 없음!
[13:00:38] LPR재접속 쓰레드시작
[13:00:38] 전광판재접속 쓰레드시작
[13:00:38] 정기권연동 쓰레드시작
[13:00:38] 설치된 영수증프린터가 없음!
[13:00:40] 127.0.0.1:2000 소켓 연결끊김 = 10061
**************************************************************
[13:12:52] Program Start!
[13:12:52] 홈넷예외LPR:
[13:12:52] [DB저장 모드]
[13:12:52] TfrmMain.btnModeClick: 유인운영
[13:12:53] 비로그인
[13:12:53] 설치된 입구보조 LPR이 없음!
[13:12:53] 설치된 출구보조 LPR이 없음!
[13:12:53] 설치된 출구 LPR이 없음!
[13:12:53] 설치된 입구전광판이 없음!
[13:12:53] 설치된 출구전광판이 없음!
[13:12:54] LPR재접속 쓰레드시작
[13:12:54] 전광판재접속 쓰레드시작
[13:12:54] 정기권연동 쓰레드시작
[13:12:54] 설치된 영수증프린터가 없음!
[13:12:56] 127.0.0.1:2000 소켓 연결끊김 = 10061
**************************************************************
[13:13:26] Program Start!
[13:13:26] 홈넷예외LPR:
[13:13:26] [DB저장 모드]
[13:13:26] TfrmMain.btnModeClick: 유인운영
[13:13:27] 비로그인
[13:13:27] 설치된 입구보조 LPR이 없음!
[13:13:27] 설치된 출구보조 LPR이 없음!
[13:13:27] 설치된 출구 LPR이 없음!
[13:13:27] 설치된 입구전광판이 없음!
[13:13:27] 설치된 출구전광판이 없음!
[13:13:27] LPR재접속 쓰레드시작
[13:13:27] 전광판재접속 쓰레드시작
[13:13:27] 정기권연동 쓰레드시작
[13:13:27] 설치된 영수증프린터가 없음!
[13:13:42] 127.0.0.1:2000 소켓 연결끊김 = 10061
[13:13:44] 127.0.0.1:2000 소켓 연결끊김 = 10061
[13:13:48] Program Close
**************************************************************
[13:14:06] Program Start!
[13:14:06] 홈넷예외LPR:
[13:14:06] [DB저장 모드]
[13:14:06] TfrmMain.btnModeClick: 유인운영
[13:14:06] 비로그인
[13:14:06] 설치된 입구보조 LPR이 없음!
[13:14:06] 설치된 출구보조 LPR이 없음!
[13:14:06] 설치된 출구 LPR이 없음!
[13:14:06] 설치된 입구전광판이 없음!
[13:14:06] 설치된 출구전광판이 없음!
[13:14:07] LPR재접속 쓰레드시작
[13:14:07] 전광판재접속 쓰레드시작
[13:14:07] 정기권연동 쓰레드시작
[13:14:07] 설치된 영수증프린터가 없음!
**************************************************************
[13:15:53] Program Start!
[13:15:53] 홈넷예외LPR:
[13:15:53] [DB저장 모드]
[13:15:53] TfrmMain.btnModeClick: 유인운영
[13:15:53] 비로그인
[13:15:53] 설치된 입구보조 LPR이 없음!
[13:15:53] 설치된 출구보조 LPR이 없음!
[13:15:53] 설치된 출구 LPR이 없음!
[13:15:53] 설치된 입구전광판이 없음!
[13:15:53] 설치된 출구전광판이 없음!
[13:15:54] LPR재접속 쓰레드시작
[13:15:54] 전광판재접속 쓰레드시작
[13:15:54] 정기권연동 쓰레드시작
[13:15:54] 설치된 영수증프린터가 없음!
[13:16:12] 127.0.0.1:2000 소켓 연결끊김 = 10049
[13:16:17] Program Close
**************************************************************
[14:35:19] Program Start!
[14:35:19] 홈넷예외LPR:
[14:35:19] [DB저장 모드]
[14:35:19] TfrmMain.btnModeClick: 유인운영
[14:35:20] 비로그인
[14:35:20] 설치된 입구보조 LPR이 없음!
[14:35:20] 설치된 출구보조 LPR이 없음!
[14:35:20] 설치된 출구 LPR이 없음!
[14:35:20] 설치된 입구전광판이 없음!
[14:35:20] 설치된 출구전광판이 없음!
[14:35:18] LPR재접속 쓰레드시작
[14:35:18] 전광판재접속 쓰레드시작
[14:35:18] 정기권연동 쓰레드시작
[14:35:18] 설치된 영수증프린터가 없음!
[14:35:27] 127.0.0.1:2000 소켓 연결끊김 = 10061
[14:35:35] 127.0.0.1:2000 소켓 연결끊김 = 10061
[14:35:36] Program Close
**************************************************************
[14:36:08] Program Start!
[14:36:08] 홈넷예외LPR:
[14:36:08] [DB저장 모드]
[14:36:08] TfrmMain.btnModeClick: 유인운영
[14:36:09] 비로그인
[14:36:09] 설치된 입구보조 LPR이 없음!
[14:36:09] 설치된 출구보조 LPR이 없음!
[14:36:09] 설치된 출구 LPR이 없음!
[14:36:09] 설치된 입구전광판이 없음!
[14:36:09] 설치된 출구전광판이 없음!
[14:36:10] LPR재접속 쓰레드시작
[14:36:10] 전광판재접속 쓰레드시작
[14:36:10] 정기권연동 쓰레드시작
[14:36:10] 설치된 영수증프린터가 없음!
[14:36:21] 127.0.0.1:2000 소켓 연결끊김 = 10061
[14:36:27] 127.0.0.1:2000 소켓 연결끊김 = 10061
[14:36:30] Program Close
**************************************************************
[14:40:09] Program Start!
[14:40:09] 홈넷예외LPR:
[14:40:09] [DB저장 모드]
[14:40:09] TfrmMain.btnModeClick: 유인운영
[14:40:09] 비로그인
[14:40:09] 설치된 입구보조 LPR이 없음!
[14:40:09] 설치된 출구보조 LPR이 없음!
[14:40:09] 설치된 출구 LPR이 없음!
[14:40:09] 설치된 입구전광판이 없음!
[14:40:09] 설치된 출구전광판이 없음!
[14:40:09] LPR재접속 쓰레드시작
[14:40:09] 전광판재접속 쓰레드시작
[14:40:09] 정기권연동 쓰레드시작
[14:40:09] 설치된 영수증프린터가 없음!
[14:40:44] 127.0.0.1:2000 소켓 연결끊김 = 10049
[14:40:46] 127.0.0.1:2000 소켓 연결끊김 = 10061
[14:40:50] Program Close
**************************************************************
[14:41:12] Program Start!
[14:41:12] 홈넷예외LPR:
[14:41:12] [DB저장 모드]
[14:41:12] TfrmMain.btnModeClick: 유인운영
[14:41:13] 비로그인
[14:41:13] 설치된 입구보조 LPR이 없음!
[14:41:13] 설치된 출구보조 LPR이 없음!
[14:41:13] 설치된 출구 LPR이 없음!
[14:41:13] 설치된 입구전광판이 없음!
[14:41:13] 설치된 출구전광판이 없음!
[14:41:14] LPR재접속 쓰레드시작
[14:41:14] 전광판재접속 쓰레드시작
[14:41:14] 정기권연동 쓰레드시작
[14:41:14] 설치된 영수증프린터가 없음!
[14:41:18] 127.0.0.1:2000 소켓 연결끊김 = 10061
[14:41:31] 127.0.0.1:2000 소켓 연결끊김 = 10061
[14:41:42] Program Close
**************************************************************
[14:47:57] Program Start!
[14:47:57] 홈넷예외LPR:
[14:47:57] [DB저장 모드]
[14:47:57] TfrmMain.btnModeClick: 유인운영
[14:47:58] 비로그인
[14:47:58] 설치된 입구보조 LPR이 없음!
[14:47:58] 설치된 출구보조 LPR이 없음!
[14:47:58] 설치된 출구 LPR이 없음!
[14:47:58] 설치된 입구전광판이 없음!
[14:47:58] 설치된 출구전광판이 없음!
[14:47:58] LPR재접속 쓰레드시작
[14:47:58] 전광판재접속 쓰레드시작
[14:47:58] 정기권연동 쓰레드시작
[14:47:58] 설치된 영수증프린터가 없음!
[14:48:00] 127.0.0.1:2000 소켓 연결끊김 = 10061
[14:48:13] Program Close
**************************************************************
[14:49:20] Program Start!
[14:49:20] 홈넷예외LPR:
[14:49:20] [DB저장 모드]
[14:49:20] TfrmMain.btnModeClick: 유인운영
[14:49:20] 비로그인
[14:49:20] 설치된 입구보조 LPR이 없음!
[14:49:20] 설치된 출구보조 LPR이 없음!
[14:49:20] 설치된 출구 LPR이 없음!
[14:49:20] 설치된 입구전광판이 없음!
[14:49:20] 설치된 출구전광판이 없음!
[14:49:21] LPR재접속 쓰레드시작
[14:49:21] 전광판재접속 쓰레드시작
[14:49:21] 정기권연동 쓰레드시작
[14:49:21] 설치된 영수증프린터가 없음!
[14:49:23] 127.0.0.1:2000 소켓 연결끊김 = 10061
[14:49:38] 127.0.0.1:2000 소켓 연결끊김 = 10061
**************************************************************
[14:50:02] Program Start!
[14:50:02] 홈넷예외LPR:
[14:50:02] [DB저장 모드]
[14:50:02] TfrmMain.btnModeClick: 유인운영
[14:50:02] 비로그인
[14:50:02] 설치된 입구보조 LPR이 없음!
[14:50:02] 설치된 출구보조 LPR이 없음!
[14:50:02] 설치된 출구 LPR이 없음!
[14:50:02] 설치된 입구전광판이 없음!
[14:50:02] 설치된 출구전광판이 없음!
[14:50:03] LPR재접속 쓰레드시작
[14:50:03] 전광판재접속 쓰레드시작
[14:50:03] 정기권연동 쓰레드시작
[14:50:03] 설치된 영수증프린터가 없음!
[14:50:05] 127.0.0.1:2000 소켓 연결끊김 = 10061
**************************************************************
[14:50:39] Program Start!
[14:50:39] 홈넷예외LPR:
[14:50:39] [DB저장 모드]
[14:50:39] TfrmMain.btnModeClick: 유인운영
[14:50:40] 비로그인
[14:50:40] 설치된 입구보조 LPR이 없음!
[14:50:40] 설치된 출구보조 LPR이 없음!
[14:50:40] 설치된 출구 LPR이 없음!
[14:50:40] 설치된 입구전광판이 없음!
[14:50:40] 설치된 출구전광판이 없음!
[14:50:40] LPR재접속 쓰레드시작
[14:50:40] 전광판재접속 쓰레드시작
[14:50:40] 정기권연동 쓰레드시작
[14:50:40] 설치된 영수증프린터가 없음!
[14:50:42] 127.0.0.1:2000 소켓 연결끊김 = 10061
[14:50:48] Program Close
**************************************************************
[14:50:56] Program Start!
[14:50:57] 홈넷예외LPR:
[14:50:57] [DB저장 모드]
[14:50:57] TfrmMain.btnModeClick: 유인운영
[14:50:57] 비로그인
[14:50:57] 설치된 입구보조 LPR이 없음!
[14:50:57] 설치된 출구보조 LPR이 없음!
[14:50:57] 설치된 출구 LPR이 없음!
[14:50:57] 설치된 입구전광판이 없음!
[14:50:57] 설치된 출구전광판이 없음!
[14:50:58] LPR재접속 쓰레드시작
[14:50:58] 전광판재접속 쓰레드시작
[14:50:58] 정기권연동 쓰레드시작
[14:50:58] 설치된 영수증프린터가 없음!
[14:51:00] 127.0.0.1:2000 소켓 연결끊김 = 10061
[14:51:15] 127.0.0.1:2000 소켓 연결끊김 = 10061
[14:51:30] 127.0.0.1:2000 소켓 연결끊김 = 10061
[14:51:45] 127.0.0.1:2000 소켓 연결끊김 = 10061
[14:52:00] 127.0.0.1:2000 소켓 연결끊김 = 10061
[14:52:15] 127.0.0.1:2000 소켓 연결끊김 = 10061
[14:52:30] 127.0.0.1:2000 소켓 연결끊김 = 10061
[14:52:45] 127.0.0.1:2000 소켓 연결끊김 = 10061
[14:53:00] 127.0.0.1:2000 소켓 연결끊김 = 10061
[14:53:15] 127.0.0.1:2000 소켓 연결끊김 = 10061
[14:53:30] 127.0.0.1:2000 소켓 연결끊김 = 10061
[14:53:45] 127.0.0.1:2000 소켓 연결끊김 = 10061
[14:54:00] 127.0.0.1:2000 소켓 연결끊김 = 10061
[14:54:15] 127.0.0.1:2000 소켓 연결끊김 = 10061
[14:54:30] 127.0.0.1:2000 소켓 연결끊김 = 10061
[14:54:45] 127.0.0.1:2000 소켓 연결끊김 = 10061
[14:55:00] 127.0.0.1:2000 소켓 연결끊김 = 10061
[14:55:15] 127.0.0.1:2000 소켓 연결끊김 = 10061
[14:55:30] 127.0.0.1:2000 소켓 연결끊김 = 10061
[14:55:45] 127.0.0.1:2000 소켓 연결끊김 = 10061
[14:56:00] 127.0.0.1:2000 소켓 연결끊김 = 10061
[14:56:15] 127.0.0.1:2000 소켓 연결끊김 = 10061
[14:56:30] 127.0.0.1:2000 소켓 연결끊김 = 10061
[14:56:45] 127.0.0.1:2000 소켓 연결끊김 = 10061
[14:57:00] 127.0.0.1:2000 소켓 연결끊김 = 10061
[14:57:15] 127.0.0.1:2000 소켓 연결끊김 = 10061
[14:57:30] 127.0.0.1:2000 소켓 연결끊김 = 10061
[14:57:45] 127.0.0.1:2000 소켓 연결끊김 = 10061
[14:58:00] 127.0.0.1:2000 소켓 연결끊김 = 10061
[14:58:15] 127.0.0.1:2000 소켓 연결끊김 = 10061
[14:58:30] 127.0.0.1:2000 소켓 연결끊김 = 10061
[14:58:45] 127.0.0.1:2000 소켓 연결끊김 = 10061
**************************************************************
[14:59:25] Program Start!
[14:59:25] 홈넷예외LPR:
[14:59:25] [DB저장 모드]
[14:59:25] TfrmMain.btnModeClick: 유인운영
[14:59:25] 비로그인
[14:59:25] 설치된 입구보조 LPR이 없음!
[14:59:25] 설치된 출구보조 LPR이 없음!
[14:59:25] 설치된 출구 LPR이 없음!
[14:59:25] 설치된 입구전광판이 없음!
[14:59:25] 설치된 출구전광판이 없음!
[14:59:25] LPR재접속 쓰레드시작
[14:59:25] 전광판재접속 쓰레드시작
[14:59:25] 정기권연동 쓰레드시작
[14:59:25] 설치된 영수증프린터가 없음!
[14:59:30] 127.0.0.1:2000 소켓 연결끊김 = 10061
[14:59:36] Program Close
**************************************************************
[15:00:15] Program Start!
[15:00:15] 홈넷예외LPR:
[15:00:15] [DB저장 모드]
[15:00:15] TfrmMain.btnModeClick: 유인운영
[15:00:16] 비로그인
[15:00:16] 설치된 입구보조 LPR이 없음!
[15:00:16] 설치된 출구보조 LPR이 없음!
[15:00:16] 설치된 출구 LPR이 없음!
[15:00:16] 설치된 입구전광판이 없음!
[15:00:16] 설치된 출구전광판이 없음!
[15:00:17] LPR재접속 쓰레드시작
[15:00:17] 전광판재접속 쓰레드시작
[15:00:17] 정기권연동 쓰레드시작
[15:00:17] 설치된 영수증프린터가 없음!
[15:00:19] 127.0.0.1:2000 소켓 연결끊김 = 10061
[15:00:31] Program Close
**************************************************************
[15:00:36] Program Start!
[15:00:36] 홈넷예외LPR:
[15:00:36] [DB저장 모드]
[15:00:37] TfrmMain.btnModeClick: 유인운영
[15:00:37] 비로그인
[15:00:37] 설치된 입구보조 LPR이 없음!
[15:00:37] 설치된 출구보조 LPR이 없음!
[15:00:37] 설치된 출구 LPR이 없음!
[15:00:37] 설치된 입구전광판이 없음!
[15:00:37] 설치된 출구전광판이 없음!
[15:00:37] LPR재접속 쓰레드시작
[15:00:37] 전광판재접속 쓰레드시작
[15:00:37] 정기권연동 쓰레드시작
[15:00:37] 설치된 영수증프린터가 없음!
[15:00:39] 127.0.0.1:2000 소켓 연결끊김 = 10061
[15:00:41] Program Close
**************************************************************
[15:01:30] Program Start!
[15:01:30] 홈넷예외LPR:
[15:01:30] [DB저장 모드]
[15:01:31] TfrmMain.btnModeClick: 유인운영
[15:01:31] 비로그인
[15:01:31] 설치된 입구보조 LPR이 없음!
[15:01:31] 설치된 출구보조 LPR이 없음!
[15:01:31] 설치된 출구 LPR이 없음!
[15:01:31] 설치된 입구전광판이 없음!
[15:01:31] 설치된 출구전광판이 없음!
[15:01:32] LPR재접속 쓰레드시작
[15:01:32] 전광판재접속 쓰레드시작
[15:01:32] 정기권연동 쓰레드시작
[15:01:32] 설치된 영수증프린터가 없음!
[15:01:34] 127.0.0.1:2000 소켓 연결끊김 = 10061
[15:01:37] Program Close
**************************************************************
[15:01:43] Program Start!
[15:01:43] 홈넷예외LPR:
[15:01:43] [DB저장 모드]
[15:01:43] TfrmMain.btnModeClick: 유인운영
[15:01:44] 비로그인
[15:01:44] 설치된 입구보조 LPR이 없음!
[15:01:44] 설치된 출구보조 LPR이 없음!
[15:01:44] 설치된 출구 LPR이 없음!
[15:01:44] 설치된 입구전광판이 없음!
[15:01:44] 설치된 출구전광판이 없음!
[15:01:44] LPR재접속 쓰레드시작
[15:01:44] 전광판재접속 쓰레드시작
[15:01:44] 정기권연동 쓰레드시작
[15:01:44] 설치된 영수증프린터가 없음!
[15:01:46] 127.0.0.1:2000 소켓 연결끊김 = 10061
[15:01:53] Program Close
**************************************************************
[15:03:06] Program Start!
[15:03:06] 홈넷예외LPR:
[15:03:06] [DB저장 모드]
[15:03:06] TfrmMain.btnModeClick: 유인운영
[15:03:07] 비로그인
[15:03:07] 설치된 입구보조 LPR이 없음!
[15:03:07] 설치된 출구보조 LPR이 없음!
[15:03:07] 설치된 출구 LPR이 없음!
[15:03:07] 설치된 입구전광판이 없음!
[15:03:07] 설치된 출구전광판이 없음!
[15:03:08] LPR재접속 쓰레드시작
[15:03:08] 전광판재접속 쓰레드시작
[15:03:08] 정기권연동 쓰레드시작
[15:03:08] 설치된 영수증프린터가 없음!
[15:03:10] 127.0.0.1:2000 소켓 연결끊김 = 10061
**************************************************************
[15:03:38] Program Start!
[15:03:38] 홈넷예외LPR:
[15:03:38] [DB저장 모드]
[15:03:38] TfrmMain.btnModeClick: 유인운영
[15:03:39] 비로그인
[15:03:39] 설치된 입구보조 LPR이 없음!
[15:03:39] 설치된 출구보조 LPR이 없음!
[15:03:39] 설치된 출구 LPR이 없음!
[15:03:39] 설치된 입구전광판이 없음!
[15:03:39] 설치된 출구전광판이 없음!
[15:03:39] LPR재접속 쓰레드시작
[15:03:39] 전광판재접속 쓰레드시작
[15:03:39] 정기권연동 쓰레드시작
[15:03:39] 설치된 영수증프린터가 없음!
[15:03:41] 127.0.0.1:2000 소켓 연결끊김 = 10061
[15:03:45] Program Close
**************************************************************
[16:19:55] Program Start!
[16:19:55] 홈넷예외LPR:
[16:19:55] [DB저장 모드]
[16:19:55] TfrmMain.btnModeClick: 유인운영
[16:19:56] 비로그인
[16:19:56] 설치된 입구보조 LPR이 없음!
[16:19:56] 설치된 출구보조 LPR이 없음!
[16:19:56] 설치된 출구 LPR이 없음!
[16:19:56] 설치된 입구전광판이 없음!
[16:19:56] 설치된 출구전광판이 없음!
[16:19:57] LPR재접속 쓰레드시작
[16:19:57] 전광판재접속 쓰레드시작
[16:19:57] 정기권연동 쓰레드시작
[16:19:57] 설치된 영수증프린터가 없음!
[16:20:24] 127.0.0.1:2000 소켓 연결끊김 = 10049
[16:20:41] 127.0.0.1:2000 소켓 연결끊김 = 10061
[16:20:56] 127.0.0.1:2000 소켓 연결끊김 = 10061
**************************************************************
[16:21:04] Program Start!
[16:21:04] 홈넷예외LPR:
[16:21:04] [DB저장 모드]
[16:21:04] TfrmMain.btnModeClick: 유인운영
[16:21:05] 비로그인
[16:21:05] 설치된 입구보조 LPR이 없음!
[16:21:05] 설치된 출구보조 LPR이 없음!
[16:21:05] 설치된 출구 LPR이 없음!
[16:21:05] 설치된 입구전광판이 없음!
[16:21:05] 설치된 출구전광판이 없음!
[16:21:05] LPR재접속 쓰레드시작
[16:21:05] 전광판재접속 쓰레드시작
[16:21:05] 정기권연동 쓰레드시작
[16:21:05] 설치된 영수증프린터가 없음!
**************************************************************
[16:30:14] Program Start!
[16:30:14] 홈넷예외LPR:
[16:30:14] [DB저장 모드]
[16:30:14] TfrmMain.btnModeClick: 유인운영
[16:30:14] 비로그인
[16:30:14] 설치된 입구보조 LPR이 없음!
[16:30:14] 설치된 출구보조 LPR이 없음!
[16:30:14] 설치된 출구 LPR이 없음!
[16:30:14] 설치된 입구전광판이 없음!
[16:30:14] 설치된 출구전광판이 없음!
[16:30:14] LPR재접속 쓰레드시작
[16:30:14] 전광판재접속 쓰레드시작
[16:30:14] 정기권연동 쓰레드시작
[16:30:14] 설치된 영수증프린터가 없음!
[16:30:20] 127.0.0.1:2000 소켓 연결끊김 = 10061
[16:30:31] 127.0.0.1:2000 소켓 연결끊김 = 10061
[16:30:34] Program Close
**************************************************************
[16:30:48] Program Start!
[16:30:48] 홈넷예외LPR:
[16:30:48] [DB저장 모드]
[16:30:48] TfrmMain.btnModeClick: 유인운영
[16:30:48] 비로그인
[16:30:48] 설치된 입구보조 LPR이 없음!
[16:30:49] 설치된 출구보조 LPR이 없음!
[16:30:49] 설치된 출구 LPR이 없음!
[16:30:49] 설치된 입구전광판이 없음!
[16:30:49] 설치된 출구전광판이 없음!
[16:30:50] LPR재접속 쓰레드시작
[16:30:50] 전광판재접속 쓰레드시작
[16:30:50] 정기권연동 쓰레드시작
[16:30:50] 설치된 영수증프린터가 없음!
[16:30:52] 127.0.0.1:2000 소켓 연결끊김 = 10061
[16:31:03] Program Close
**************************************************************
[16:31:25] Program Start!
[16:31:25] 홈넷예외LPR:
[16:31:25] [DB저장 모드]
[16:31:25] TfrmMain.btnModeClick: 유인운영
[16:31:25] 비로그인
[16:31:25] 설치된 입구보조 LPR이 없음!
[16:31:25] 설치된 출구보조 LPR이 없음!
[16:31:26] 설치된 출구 LPR이 없음!
[16:31:26] 설치된 입구전광판이 없음!
[16:31:26] 설치된 출구전광판이 없음!
[16:31:26] LPR재접속 쓰레드시작
[16:31:26] 전광판재접속 쓰레드시작
[16:31:26] 정기권연동 쓰레드시작
[16:31:26] 설치된 영수증프린터가 없음!
[16:31:39] 127.0.0.1:2000 소켓 연결끊김 = 10061
[16:31:43] 127.0.0.1:2000 소켓 연결끊김 = 10061
[16:31:53] Program Close
**************************************************************
[16:32:12] Program Start!
[16:32:12] 홈넷예외LPR:
[16:32:12] [DB저장 모드]
[16:32:12] TfrmMain.btnModeClick: 유인운영
[16:32:12] 비로그인
[16:32:12] 설치된 입구보조 LPR이 없음!
[16:32:12] 설치된 출구보조 LPR이 없음!
[16:32:12] 설치된 출구 LPR이 없음!
[16:32:12] 설치된 입구전광판이 없음!
[16:32:13] 설치된 출구전광판이 없음!
[16:32:13] LPR재접속 쓰레드시작
[16:32:13] 전광판재접속 쓰레드시작
[16:32:13] 정기권연동 쓰레드시작
[16:32:13] 설치된 영수증프린터가 없음!
[16:36:27] 127.0.0.1:2000 소켓 연결끊김 = 10049
[16:36:33] Program Close
**************************************************************
[16:36:39] Program Start!
[16:36:39] 홈넷예외LPR:
[16:36:39] [DB저장 모드]
[16:36:39] TfrmMain.btnModeClick: 유인운영
[16:36:40] 비로그인
[16:36:40] 설치된 입구보조 LPR이 없음!
[16:36:40] 설치된 출구보조 LPR이 없음!
[16:36:40] 설치된 출구 LPR이 없음!
[16:36:40] 설치된 입구전광판이 없음!
[16:36:40] 설치된 출구전광판이 없음!
[16:36:40] LPR재접속 쓰레드시작
[16:36:40] 전광판재접속 쓰레드시작
[16:36:40] 정기권연동 쓰레드시작
[16:36:40] 설치된 영수증프린터가 없음!
[16:38:38] 127.0.0.1:2000 소켓 연결끊김 = 10049
[16:38:43] Program Close
**************************************************************
[17:17:30] Program Start!
[17:17:30] 홈넷예외LPR:
[17:17:30] [DB저장 모드]
[17:17:31] TfrmMain.btnModeClick: 유인운영
[17:17:31] 비로그인
[17:17:31] 설치된 입구보조 LPR이 없음!
[17:17:31] 설치된 출구보조 LPR이 없음!
[17:17:31] 설치된 출구 LPR이 없음!
[17:17:31] 설치된 입구전광판이 없음!
[17:17:31] 설치된 출구전광판이 없음!
[17:17:32] LPR재접속 쓰레드시작
[17:17:32] 전광판재접속 쓰레드시작
[17:17:32] 정기권연동 쓰레드시작
[17:17:32] 설치된 영수증프린터가 없음!
**************************************************************
[17:18:36] Program Start!
[17:18:36] 홈넷예외LPR:
[17:18:36] [DB저장 모드]
[17:18:36] TfrmMain.btnModeClick: 유인운영
[17:18:37] 비로그인
[17:18:37] 설치된 입구보조 LPR이 없음!
[17:18:37] 설치된 출구보조 LPR이 없음!
[17:18:37] 설치된 출구 LPR이 없음!
[17:18:37] 설치된 입구전광판이 없음!
[17:18:37] 설치된 출구전광판이 없음!
[17:18:37] LPR재접속 쓰레드시작
[17:18:37] 전광판재접속 쓰레드시작
[17:18:37] 정기권연동 쓰레드시작
[17:18:37] 설치된 영수증프린터가 없음!
[17:18:39] 127.0.0.1:2000 소켓 연결끊김 = 10061
[17:18:54] 127.0.0.1:2000 소켓 연결끊김 = 10061
[17:19:09] 127.0.0.1:2000 소켓 연결끊김 = 10061
**************************************************************
[17:19:31] Program Start!
[17:19:31] 홈넷예외LPR:
[17:19:31] [DB저장 모드]
[17:19:31] TfrmMain.btnModeClick: 유인운영
[17:19:31] 비로그인
[17:19:31] 설치된 입구보조 LPR이 없음!
[17:19:31] 설치된 출구보조 LPR이 없음!
[17:19:31] 설치된 출구 LPR이 없음!
[17:19:31] 설치된 입구전광판이 없음!
[17:19:31] 설치된 출구전광판이 없음!
[17:19:32] LPR재접속 쓰레드시작
[17:19:32] 전광판재접속 쓰레드시작
[17:19:32] 정기권연동 쓰레드시작
[17:19:32] 설치된 영수증프린터가 없음!
[17:19:57] 127.0.0.1:2000 소켓 연결끊김 = 10049
[17:20:02] Program Close
**************************************************************
[18:20:58] Program Start!
[18:20:58] 홈넷예외LPR:
[18:20:58] [DB저장 모드]
[18:20:58] TfrmMain.btnModeClick: 유인운영
[18:20:58] 비로그인
[18:20:58] 설치된 입구보조 LPR이 없음!
[18:20:58] 설치된 출구보조 LPR이 없음!
[18:20:58] 설치된 출구 LPR이 없음!
[18:20:58] 설치된 입구전광판이 없음!
[18:20:58] 설치된 출구전광판이 없음!
[18:20:59] LPR재접속 쓰레드시작
[18:20:59] 전광판재접속 쓰레드시작
[18:20:59] 정기권연동 쓰레드시작
[18:20:59] 설치된 영수증프린터가 없음!
[18:22:38] 127.0.0.1:2000 소켓 연결끊김 = 10049
[18:22:38] 127.0.0.1:2000 소켓 연결끊김 = 10049
[18:22:46] Program Close
